2026-05-16 23:31:20,102 - INFO - Metrics tracker initialized
{"id": 1, "ts": 1778967080.1334217, "event": "memory_reset"}
{"id": 2, "ts": 1778967080.1377923, "event": "discussion_order", "round": 1, "order": ["agent_2", "agent_1", "agent_3"]}
2026-05-16 23:31:27,546 - INFO - Tokens - Input: 1971, Output: 738, Total: 2709
{"id": 3, "ts": 1778967087.5475721, "event": "public_discussion_message", "round": 1, "agent": "agent_2", "message": "I am provisionally favoring **Candidate A**. Their ability to anticipate dangerous situations and excellent spatial vision are critical for safety on long\u2011distance routes, and their very good leadership qualities support effective crew coordination. The main uncertainty is that A is seen as a show\u2011off and not open to new ideas, which could hinder teamwork and adaptability to new procedures.\nMETADATA_JSON:\n{\"agent\": \"agent_2\", \"vote\": \"Candidate A\"}"}
2026-05-16 23:31:27,547 - INFO - Agent turns: 1
2026-05-16 23:31:44,326 - INFO - Tokens - Input: 1640, Output: 1256, Total: 2896
2026-05-16 23:31:44,329 - INFO - Memory updates: 1
{"id": 4, "ts": 1778967104.329394, "event": "memory_updated", "agent": "agent_1", "round": 1}
2026-05-16 23:31:46,698 - INFO - Tokens - Input: 1643, Output: 1504, Total: 3147
2026-05-16 23:31:46,700 - INFO - Memory updates: 2
{"id": 5, "ts": 1778967106.7005255, "event": "memory_updated", "agent": "agent_2", "round": 1}
2026-05-16 23:31:48,185 - INFO - Tokens - Input: 1635, Output: 1689, Total: 3324
2026-05-16 23:31:48,187 - INFO - Memory updates: 3
{"id": 6, "ts": 1778967108.1880853, "event": "memory_updated", "agent": "agent_3", "round": 1}
2026-05-16 23:31:55,399 - INFO - Tokens - Input: 2095, Output: 870, Total: 2965
{"id": 7, "ts": 1778967115.4004173, "event": "public_discussion_message", "round": 1, "agent": "agent_1", "message": "I am currently favoring **Candidate D**. Their strong problem\u2011solving ability and serious sense of responsibility are crucial for handling the complex, long\u2011distance routes, and they respond adequately to unexpected events, supporting calmness under pressure. The main uncertainty is their arrogance and relatively weak leadership, which could hinder crew cooperation and coordination.\nMETADATA_JSON:\n{\"agent\": \"agent_1\", \"vote\": \"Candidate D\"}"}
2026-05-16 23:31:55,400 - INFO - Agent turns: 2
2026-05-16 23:32:19,480 - INFO - Tokens - Input: 1921, Output: 1776, Total: 3697
2026-05-16 23:32:19,482 - INFO - Memory updates: 4
{"id": 8, "ts": 1778967139.4831, "event": "memory_updated", "agent": "agent_2", "round": 1}
2026-05-16 23:32:21,524 - INFO - Tokens - Input: 1818, Output: 1983, Total: 3801
2026-05-16 23:32:21,526 - INFO - Memory updates: 5
{"id": 9, "ts": 1778967141.526725, "event": "memory_updated", "agent": "agent_3", "round": 1}
2026-05-16 23:32:22,659 - INFO - Tokens - Input: 1768, Output: 2124, Total: 3892
2026-05-16 23:32:22,661 - INFO - Memory updates: 6
{"id": 10, "ts": 1778967142.6620145, "event": "memory_updated", "agent": "agent_1", "round": 1}
2026-05-16 23:32:27,982 - INFO - Tokens - Input: 2433, Output: 597, Total: 3030
{"id": 11, "ts": 1778967147.9851384, "event": "public_discussion_message", "round": 1, "agent": "agent_3", "message": "I am currently **Undecided**. Candidate\u202fA offers strong safety\u2011critical abilities\u2014anticipating dangerous situations, excellent spatial vision, and good leadership\u2014that are vital for long\u2011distance navigation, but their unfriendly, show\u2011off attitude and resistance to new ideas raise serious cooperation concerns. Candidate\u202fD excels in problem\u2011solving, responsibility, and handling unexpected events, yet their weak leadership, arrogance, and loner temperament also threaten crew harmony. The key uncertainty is which set of interpersonal drawbacks will have a larger impact on safe, coordinated long\u2011haul operations.\nMETADATA_JSON:\n{\"agent\": \"agent_3\", \"vote\": \"Undecided\"}"}
2026-05-16 23:32:27,985 - INFO - Agent turns: 3
2026-05-16 23:32:36,772 - INFO - Tokens - Input: 2316, Output: 572, Total: 2888
2026-05-16 23:32:36,775 - INFO - Memory updates: 7
{"id": 12, "ts": 1778967156.7755656, "event": "memory_updated", "agent": "agent_1", "round": 1}
2026-05-16 23:32:37,008 - INFO - Tokens - Input: 2155, Output: 594, Total: 2749
2026-05-16 23:32:37,010 - INFO - Memory updates: 8
{"id": 13, "ts": 1778967157.0107298, "event": "memory_updated", "agent": "agent_3", "round": 1}
2026-05-16 23:32:38,440 - INFO - Tokens - Input: 2218, Output: 774, Total: 2992
2026-05-16 23:32:38,443 - INFO - Memory updates: 9
{"id": 14, "ts": 1778967158.4432473, "event": "memory_updated", "agent": "agent_2", "round": 1}
2026-05-16 23:32:38,451 - INFO - Loop 1 completed
{"id": 15, "ts": 1778967158.4573956, "event": "discussion_order", "round": 2, "order": ["agent_3", "agent_2", "agent_1"]}
2026-05-16 23:32:46,240 - INFO - Tokens - Input: 2575, Output: 922, Total: 3497
{"id": 16, "ts": 1778967166.2422354, "event": "public_discussion_message", "round": 2, "agent": "agent_3", "message": "I am currently favoring **Candidate\u202fB**. Their very conscientious nature and strong stress\u2011handling ability support reliability and calmness under long\u2011haul pressure, while their skill in assessing weather and excellent computer abilities give solid technical competence. The main uncertainty is their pretentious demeanor and occasional wrong tone, which could hinder crew cooperation and atmosphere.\nMETADATA_JSON:\n{\"agent\": \"agent_3\", \"vote\": \"Candidate B\"}"}
2026-05-16 23:32:46,242 - INFO - Agent turns: 4
2026-05-16 23:33:01,441 - INFO - Tokens - Input: 2483, Output: 1103, Total: 3586
2026-05-16 23:33:01,444 - INFO - Memory updates: 10
{"id": 17, "ts": 1778967181.4449227, "event": "memory_updated", "agent": "agent_1", "round": 2}
2026-05-16 23:33:14,376 - INFO - Tokens - Input: 2346, Output: 2432, Total: 4778
2026-05-16 23:33:14,379 - INFO - Memory updates: 11
{"id": 18, "ts": 1778967194.3798032, "event": "memory_updated", "agent": "agent_2", "round": 2}
2026-05-16 23:33:15,065 - INFO - Tokens - Input: 2249, Output: 2515, Total: 4764
2026-05-16 23:33:15,068 - INFO - Memory updates: 12
{"id": 19, "ts": 1778967195.0686107, "event": "memory_updated", "agent": "agent_3", "round": 2}
2026-05-16 23:33:17,155 - INFO - Tokens - Input: 2972, Output: 183, Total: 3155
{"id": 20, "ts": 1778967197.1567352, "event": "public_discussion_message", "round": 2, "agent": "agent_2", "message": "I continue to favor **Candidate A**. Their ability to anticipate dangerous situations, excellent spatial vision, and strong leadership are essential for safety and crew coordination on long\u2011distance flights. The main uncertainty is whether their show\u2011off attitude and resistance to new ideas could undermine teamwork and adaptability to evolving procedures.\nMETADATA_JSON:\n{\"agent\": \"agent_2\", \"vote\": \"Candidate A\"}"}
2026-05-16 23:33:17,156 - INFO - Agent turns: 5
2026-05-16 23:33:23,277 - INFO - Tokens - Input: 2722, Output: 356, Total: 3078
2026-05-16 23:33:23,281 - INFO - Memory updates: 13
{"id": 21, "ts": 1778967203.2812352, "event": "memory_updated", "agent": "agent_3", "round": 2}
2026-05-16 23:33:23,438 - INFO - Tokens - Input: 2616, Output: 375, Total: 2991
2026-05-16 23:33:23,441 - INFO - Memory updates: 14
{"id": 22, "ts": 1778967203.4412394, "event": "memory_updated", "agent": "agent_1", "round": 2}
2026-05-16 23:33:27,045 - INFO - Tokens - Input: 2638, Output: 825, Total: 3463
2026-05-16 23:33:27,048 - INFO - Memory updates: 15
{"id": 23, "ts": 1778967207.0487683, "event": "memory_updated", "agent": "agent_2", "round": 2}
2026-05-16 23:33:33,568 - INFO - Tokens - Input: 3038, Output: 745, Total: 3783
{"id": 24, "ts": 1778967213.5694923, "event": "public_discussion_message", "round": 2, "agent": "agent_1", "message": "I am currently favoring **Candidate\u202fD**. Their excellent problem\u2011solving ability, strong sense of responsibility, and high concentration support safe, sustained performance on long\u2011distance routes, and they respond adequately to unexpected events, which is vital for calmness under pressure. The main trade\u2011off is their arrogance and relatively weak leadership, which could impair crew cooperation and coordination.\nMETADATA_JSON:\n{\"agent\": \"agent_1\", \"vote\": \"Candidate D\"}"}
2026-05-16 23:33:33,569 - INFO - Agent turns: 6
2026-05-16 23:33:40,847 - INFO - Tokens - Input: 2720, Output: 462, Total: 3182
2026-05-16 23:33:40,850 - INFO - Memory updates: 16
{"id": 25, "ts": 1778967220.8506277, "event": "memory_updated", "agent": "agent_1", "round": 2}
2026-05-16 23:33:41,917 - INFO - Tokens - Input: 2826, Output: 571, Total: 3397
2026-05-16 23:33:41,920 - INFO - Memory updates: 17
{"id": 26, "ts": 1778967221.920639, "event": "memory_updated", "agent": "agent_3", "round": 2}
2026-05-16 23:33:48,090 - INFO - Tokens - Input: 2742, Output: 1358, Total: 4100
2026-05-16 23:33:48,093 - INFO - Memory updates: 18
{"id": 27, "ts": 1778967228.0936744, "event": "memory_updated", "agent": "agent_2", "round": 2}
2026-05-16 23:33:48,102 - INFO - Loop 2 completed
{"id": 28, "ts": 1778967228.1072729, "event": "discussion_order", "round": 3, "order": ["agent_1", "agent_2", "agent_3"]}
2026-05-16 23:33:50,448 - INFO - Tokens - Input: 3142, Output: 225, Total: 3367
{"id": 29, "ts": 1778967230.450329, "event": "public_discussion_message", "round": 3, "agent": "agent_1", "message": "I am currently favoring **Candidate\u202fD**. Their exceptional problem\u2011solving ability, strong sense of responsibility, and capacity to respond adequately to unexpected events are critical for the safety and sustained performance required on long\u2011distance flights. The main trade\u2011off is their arrogance and relatively weak leadership, which could undermine crew cooperation and coordination.\nMETADATA_JSON:\n{\"agent\": \"agent_1\", \"vote\": \"Candidate D\"}"}
2026-05-16 23:33:50,450 - INFO - Agent turns: 7
2026-05-16 23:33:59,302 - INFO - Tokens - Input: 2816, Output: 635, Total: 3451
2026-05-16 23:33:59,305 - INFO - Memory updates: 19
{"id": 30, "ts": 1778967239.30536, "event": "memory_updated", "agent": "agent_1", "round": 3}
2026-05-16 23:33:59,400 - INFO - Tokens - Input: 2922, Output: 643, Total: 3565
2026-05-16 23:33:59,403 - INFO - Memory updates: 20
{"id": 31, "ts": 1778967239.4034033, "event": "memory_updated", "agent": "agent_3", "round": 3}
2026-05-16 23:34:00,058 - INFO - Tokens - Input: 2855, Output: 727, Total: 3582
2026-05-16 23:34:00,061 - INFO - Memory updates: 21
{"id": 32, "ts": 1778967240.0618107, "event": "memory_updated", "agent": "agent_2", "round": 3}
2026-05-16 23:34:01,817 - INFO - Tokens - Input: 3277, Output: 168, Total: 3445
{"id": 33, "ts": 1778967241.8185315, "event": "public_discussion_message", "round": 3, "agent": "agent_2", "message": "I continue to favor **Candidate\u202fA**. Their ability to anticipate dangerous situations and their excellent spatial vision are critical for navigating long\u2011distance routes safely, while their very good leadership supports effective crew coordination. The key uncertainty is whether their show\u2011off attitude and resistance to new ideas will undermine teamwork and adaptability to evolving procedures.\nMETADATA_JSON:\n{\"agent\": \"agent_2\", \"vote\": \"Candidate A\"}"}
2026-05-16 23:34:01,818 - INFO - Agent turns: 8
2026-05-16 23:34:06,430 - INFO - Tokens - Input: 3015, Output: 276, Total: 3291
2026-05-16 23:34:06,433 - INFO - Memory updates: 22
{"id": 34, "ts": 1778967246.4334762, "event": "memory_updated", "agent": "agent_3", "round": 3}
2026-05-16 23:34:07,718 - INFO - Tokens - Input: 2948, Output: 408, Total: 3356
2026-05-16 23:34:07,720 - INFO - Memory updates: 23
{"id": 35, "ts": 1778967247.7209759, "event": "memory_updated", "agent": "agent_2", "round": 3}
2026-05-16 23:34:13,701 - INFO - Tokens - Input: 2909, Output: 1154, Total: 4063
2026-05-16 23:34:13,704 - INFO - Memory updates: 24
{"id": 36, "ts": 1778967253.7044854, "event": "memory_updated", "agent": "agent_1", "round": 3}
2026-05-16 23:34:16,148 - INFO - Tokens - Input: 3437, Output: 220, Total: 3657
{"id": 37, "ts": 1778967256.1500905, "event": "public_discussion_message", "round": 3, "agent": "agent_3", "message": "I am currently favoring **Candidate\u202fB**. Their very conscientious nature and strong ability to handle stress support the reliability and calmness essential for long\u2011distance flights, while their skill in assessing weather conditions and excellent computer abilities provide solid technical competence for route planning and in\u2011flight decision\u2011making. The main trade\u2011off is their pretentious demeanor and occasional inappropriate tone, which could undermine crew cooperation and the cockpit atmosphere.\nMETADATA_JSON:\n{\"agent\": \"agent_3\", \"vote\": \"Candidate B\"}"}
2026-05-16 23:34:16,150 - INFO - Agent turns: 9
2026-05-16 23:34:21,973 - INFO - Tokens - Input: 3128, Output: 343, Total: 3471
2026-05-16 23:34:21,977 - INFO - Memory updates: 25
{"id": 38, "ts": 1778967261.9775236, "event": "memory_updated", "agent": "agent_3", "round": 3}
2026-05-16 23:34:30,966 - INFO - Tokens - Input: 3023, Output: 1286, Total: 4309
2026-05-16 23:34:30,967 - INFO - Memory updates: 26
{"id": 39, "ts": 1778967270.96784, "event": "memory_updated", "agent": "agent_1", "round": 3}
2026-05-16 23:34:31,982 - INFO - Tokens - Input: 3061, Output: 1412, Total: 4473
2026-05-16 23:34:31,984 - INFO - Memory updates: 27
{"id": 40, "ts": 1778967271.9850764, "event": "memory_updated", "agent": "agent_2", "round": 3}
2026-05-16 23:34:31,994 - INFO - Loop 3 completed
{"id": 41, "ts": 1778967272.0001838, "event": "discussion_order", "round": 4, "order": ["agent_3", "agent_2", "agent_1"]}
2026-05-16 23:34:34,734 - INFO - Tokens - Input: 3550, Output: 285, Total: 3835
{"id": 42, "ts": 1778967274.7357712, "event": "public_discussion_message", "round": 4, "agent": "agent_3", "message": "I prefer Candidate\u202fB because they are very conscientious and handle stress well, ensuring reliability and calmness on long\u2011haul flights, and they possess strong weather\u2011assessment and computer skills that provide solid technical competence for route planning and in\u2011flight decisions. The main trade\u2011off is their pretentious demeanor and occasional inappropriate tone, which could undermine crew cooperation and cockpit atmosphere.\nMETADATA_JSON:\n{\"agent\": \"agent_3\", \"vote\": \"Candidate B\"}"}
2026-05-16 23:34:34,735 - INFO - Agent turns: 10
2026-05-16 23:34:43,477 - INFO - Tokens - Input: 3230, Output: 612, Total: 3842
2026-05-16 23:34:43,480 - INFO - Memory updates: 28
{"id": 43, "ts": 1778967283.4805503, "event": "memory_updated", "agent": "agent_3", "round": 4}
2026-05-16 23:34:45,861 - INFO - Tokens - Input: 3163, Output: 858, Total: 4021
2026-05-16 23:34:45,864 - INFO - Memory updates: 29
{"id": 44, "ts": 1778967285.864765, "event": "memory_updated", "agent": "agent_2", "round": 4}
2026-05-16 23:34:48,252 - INFO - Tokens - Input: 3148, Output: 1154, Total: 4302
2026-05-16 23:34:48,255 - INFO - Memory updates: 30
{"id": 45, "ts": 1778967288.2559664, "event": "memory_updated", "agent": "agent_1", "round": 4}
2026-05-16 23:34:50,248 - INFO - Tokens - Input: 3585, Output: 153, Total: 3738
{"id": 46, "ts": 1778967290.2501483, "event": "public_discussion_message", "round": 4, "agent": "agent_2", "message": "I continue to favor **Candidate\u202fA**. Their ability to anticipate dangerous situations and their excellent spatial vision are vital for safe navigation on long\u2011distance routes, and their very good leadership supports effective crew coordination. The main uncertainty is whether their show\u2011off attitude and resistance to new ideas could undermine teamwork and adaptability to evolving procedures.\nMETADATA_JSON:\n{\"agent\": \"agent_2\", \"vote\": \"Candidate A\"}"}
2026-05-16 23:34:50,250 - INFO - Agent turns: 11
2026-05-16 23:34:55,624 - INFO - Tokens - Input: 3324, Output: 336, Total: 3660
2026-05-16 23:34:55,627 - INFO - Memory updates: 31
{"id": 47, "ts": 1778967295.6280682, "event": "memory_updated", "agent": "agent_3", "round": 4}
2026-05-16 23:34:57,480 - INFO - Tokens - Input: 3257, Output: 530, Total: 3787
2026-05-16 23:34:57,483 - INFO - Memory updates: 32
{"id": 48, "ts": 1778967297.4839292, "event": "memory_updated", "agent": "agent_2", "round": 4}
2026-05-16 23:35:01,152 - INFO - Tokens - Input: 3243, Output: 991, Total: 4234
2026-05-16 23:35:01,155 - INFO - Memory updates: 33
{"id": 49, "ts": 1778967301.1556787, "event": "memory_updated", "agent": "agent_1", "round": 4}
2026-05-16 23:35:03,249 - INFO - Tokens - Input: 3665, Output: 169, Total: 3834
{"id": 50, "ts": 1778967303.2512147, "event": "public_discussion_message", "round": 4, "agent": "agent_1", "message": "I prefer **Candidate\u202fD**. Their exceptional problem\u2011solving ability and strong sense of responsibility are crucial for handling the complex, long\u2011distance routes and ensuring safety, while their high concentration supports sustained attention during extended flights. The main trade\u2011off is their arrogance and relatively weak leadership, which could hinder crew cooperation and coordination.\nMETADATA_JSON:\n{\"agent\": \"agent_1\", \"vote\": \"Candidate D\"}"}
2026-05-16 23:35:03,251 - INFO - Agent turns: 12
2026-05-16 23:35:07,581 - INFO - Tokens - Input: 3338, Output: 251, Total: 3589
2026-05-16 23:35:07,584 - INFO - Memory updates: 34
{"id": 51, "ts": 1778967307.584661, "event": "memory_updated", "agent": "agent_1", "round": 4}
2026-05-16 23:35:10,273 - INFO - Tokens - Input: 3352, Output: 531, Total: 3883
2026-05-16 23:35:10,276 - INFO - Memory updates: 35
{"id": 52, "ts": 1778967310.2766051, "event": "memory_updated", "agent": "agent_2", "round": 4}
2026-05-16 23:35:15,235 - INFO - Tokens - Input: 3419, Output: 1152, Total: 4571
2026-05-16 23:35:15,238 - INFO - Memory updates: 36
{"id": 53, "ts": 1778967315.2385101, "event": "memory_updated", "agent": "agent_3", "round": 4}
2026-05-16 23:35:15,247 - INFO - Loop 4 completed
{"id": 54, "ts": 1778967315.2537866, "event": "discussion_order", "round": 5, "order": ["agent_3", "agent_2", "agent_1"]}
2026-05-16 23:35:17,184 - INFO - Tokens - Input: 3837, Output: 151, Total: 3988
{"id": 55, "ts": 1778967317.1862776, "event": "public_discussion_message", "round": 5, "agent": "agent_3", "message": "I continue to favor **Candidate\u202fB** because their strong conscientiousness and ability to handle stress ensure reliability and calmness on long\u2011haul flights, and their skill in assessing weather and excellent computer abilities provide solid technical competence for route planning and in\u2011flight decision\u2011making. The main trade\u2011off is their pretentious demeanor and occasional inappropriate tone, which could affect crew cooperation and cockpit atmosphere.\nMETADATA_JSON:\n{\"agent\": \"agent_3\", \"vote\": \"Candidate B\"}"}
2026-05-16 23:35:17,186 - INFO - Agent turns: 13
2026-05-16 23:35:22,674 - INFO - Tokens - Input: 3522, Output: 321, Total: 3843
2026-05-16 23:35:22,677 - INFO - Memory updates: 37
{"id": 56, "ts": 1778967322.6772103, "event": "memory_updated", "agent": "agent_3", "round": 5}
2026-05-16 23:35:26,916 - INFO - Tokens - Input: 3445, Output: 766, Total: 4211
2026-05-16 23:35:26,920 - INFO - Memory updates: 38
{"id": 57, "ts": 1778967326.9202769, "event": "memory_updated", "agent": "agent_1", "round": 5}
2026-05-16 23:35:28,894 - INFO - Tokens - Input: 3459, Output: 1015, Total: 4474
2026-05-16 23:35:28,897 - INFO - Memory updates: 39
{"id": 58, "ts": 1778967328.8973343, "event": "memory_updated", "agent": "agent_2", "round": 5}
2026-05-16 23:35:30,881 - INFO - Tokens - Input: 3881, Output: 168, Total: 4049
{"id": 59, "ts": 1778967330.883352, "event": "public_discussion_message", "round": 5, "agent": "agent_2", "message": "I continue to favor **Candidate\u202fA**. Their ability to anticipate dangerous situations and their excellent spatial vision are critical for safe navigation on long\u2011distance routes, and their very good leadership supports effective crew coordination. The main trade\u2011off is the concern that their show\u2011off attitude and resistance to new ideas could undermine teamwork and adaptability to evolving procedures.\nMETADATA_JSON:\n{\"agent\": \"agent_2\", \"vote\": \"Candidate A\"}"}
2026-05-16 23:35:30,883 - INFO - Agent turns: 14
2026-05-16 23:35:37,648 - INFO - Tokens - Input: 3543, Output: 424, Total: 3967
2026-05-16 23:35:37,651 - INFO - Memory updates: 40
{"id": 60, "ts": 1778967337.6514187, "event": "memory_updated", "agent": "agent_1", "round": 5}
2026-05-16 23:35:37,726 - INFO - Tokens - Input: 3557, Output: 432, Total: 3989
2026-05-16 23:35:37,728 - INFO - Memory updates: 41
{"id": 61, "ts": 1778967337.7289822, "event": "memory_updated", "agent": "agent_2", "round": 5}
2026-05-16 23:35:37,943 - INFO - Tokens - Input: 3620, Output: 457, Total: 4077
2026-05-16 23:35:37,946 - INFO - Memory updates: 42
{"id": 62, "ts": 1778967337.9462276, "event": "memory_updated", "agent": "agent_3", "round": 5}
2026-05-16 23:35:39,928 - INFO - Tokens - Input: 3965, Output: 177, Total: 4142
{"id": 63, "ts": 1778967339.9302268, "event": "public_discussion_message", "round": 5, "agent": "agent_1", "message": "I continue to favor **Candidate D**. Their exceptional problem\u2011solving ability and strong sense of responsibility are vital for handling the complex, long\u2011distance routes and ensuring safety, while their high concentration supports sustained attention during extended flights. The main trade\u2011off is their arrogance and relatively weak leadership, which could hinder crew cooperation and coordination.\nMETADATA_JSON:\n{\"agent\": \"agent_1\", \"vote\": \"Candidate D\"}"}
2026-05-16 23:35:39,930 - INFO - Agent turns: 15
2026-05-16 23:35:46,535 - INFO - Tokens - Input: 3716, Output: 387, Total: 4103
2026-05-16 23:35:46,538 - INFO - Memory updates: 43
{"id": 64, "ts": 1778967346.538802, "event": "memory_updated", "agent": "agent_3", "round": 5}
2026-05-16 23:35:46,617 - INFO - Tokens - Input: 3639, Output: 397, Total: 4036
2026-05-16 23:35:46,619 - INFO - Memory updates: 44
{"id": 65, "ts": 1778967346.6199818, "event": "memory_updated", "agent": "agent_1", "round": 5}
2026-05-16 23:35:47,910 - INFO - Tokens - Input: 3653, Output: 557, Total: 4210
2026-05-16 23:35:47,913 - INFO - Memory updates: 45
{"id": 66, "ts": 1778967347.9132898, "event": "memory_updated", "agent": "agent_2", "round": 5}
2026-05-16 23:35:47,921 - INFO - Loop 5 completed
2026-05-16 23:35:47,922 - INFO - Final Chosen Candidate: None
2026-05-16 23:35:47,922 - INFO - Final Decision Method: max_round_no_majority
2026-05-16 23:35:47,922 - INFO - Final Vote Count: {'Candidate D': 1, 'Candidate A': 1, 'Candidate B': 1}
2026-05-16 23:35:47,922 - INFO - Correct Candidate: Candidate C
2026-05-16 23:35:47,922 - INFO - Decision Correct: 0
{"id": 67, "ts": 1778967348.6648717, "event": "context_consistency_calculated", "method": "weighted_section_embedding_cosine", "mean_pairwise_similarity": 0.842667, "pairwise": [{"agent_a": "agent_1", "agent_b": "agent_2", "similarity": 0.839497, "sections": [{"section": "task_summary", "weight": 0.02, "similarity": 1.0}, {"section": "revealed_facts_by_source", "weight": 0.3, "similarity": 0.807746}, {"section": "candidate_evaluation", "weight": 0.35, "similarity": 0.875427}, {"section": "other_agents_positions", "weight": 0.15, "similarity": 0.955461}, {"section": "emerging_group_view", "weight": 0.13, "similarity": 0.806839}, {"section": "open_questions_next_step_focus", "weight": 0.05, "similarity": 0.451319}]}, {"agent_a": "agent_1", "agent_b": "agent_3", "similarity": 0.82193, "sections": [{"section": "task_summary", "weight": 0.02, "similarity": 1.0}, {"section": "revealed_facts_by_source", "weight": 0.3, "similarity": 0.743509}, {"section": "candidate_evaluation", "weight": 0.35, "similarity": 0.814041}, {"section": "other_agents_positions", "weight": 0.15, "similarity": 0.957152}, {"section": "emerging_group_view", "weight": 0.13, "similarity": 0.772232}, {"section": "open_questions_next_step_focus", "weight": 0.05, "similarity": 1.0}]}, {"agent_a": "agent_2", "agent_b": "agent_3", "similarity": 0.866575, "sections": [{"section": "task_summary", "weight": 0.02, "similarity": 1.0}, {"section": "revealed_facts_by_source", "weight": 0.3, "similarity": 0.835074}, {"section": "candidate_evaluation", "weight": 0.35, "similarity": 0.909857}, {"section": "other_agents_positions", "weight": 0.15, "similarity": 0.968896}, {"section": "emerging_group_view", "weight": 0.13, "similarity": 0.843865}, {"section": "open_questions_next_step_focus", "weight": 0.05, "similarity": 0.451319}]}]}
{"id": 68, "ts": 1778967348.6652472, "event": "gold_standard_alignment_calculated", "method": "rule_based_fact_coverage", "mean_alignment": 0.525, "by_agent": [{"agent": "agent_1", "score": 0.65, "matched_facts": 26, "total_facts": 40, "matched_public_facts": 15, "total_public_facts": 16, "public_fact_coverage": 0.9375, "matched_own_private_facts": 8, "total_own_private_facts": 8, "own_private_fact_coverage": 1.0, "matched_other_private_facts": 3, "total_other_private_facts": 16, "other_private_fact_coverage": 0.1875, "checks": {"public_candidate_a_can_anticipate_dangerous_situations": 1, "public_candidate_a_is_able_to_see_complex_connections": 1, "public_candidate_a_has_excellent_spatial_vision": 1, "public_candidate_a_has_very_good_leadership_qualities": 1, "public_candidate_b_is_very_conscientious": 1, "public_candidate_b_handles_stress_very_well": 1, "public_candidate_b_is_good_at_assessing_weather_conditions": 1, "public_candidate_b_has_excellent_computer_skills": 1, "public_candidate_c_can_make_correct_decisions_quickly": 1, "public_candidate_c_has_difficulty_communicating_ideas": 1, "public_candidate_c_is_regarded_as_egocentric": 1, "public_candidate_c_is_not_very_willing_to_further_his_education": 1, "public_candidate_d_responds_to_unexpected_events_adequately": 0, "public_candidate_d_can_concentrate_very_well": 1, "public_candidate_d_solves_problems_extremely_well": 1, "public_candidate_d_takes_responsibility_seriously": 1, "agent_1_candidate_a_is_sometimes_not_good_at_taking_criticism": 1, "agent_1_candidate_a_can_be_unorganized": 1, "agent_1_candidate_b_can_be_grumpy": 1, "agent_1_candidate_b_can_be_uncooperative": 1, "agent_1_candidate_c_is_known_to_be_100_percent_reliable": 1, "agent_1_candidate_c_creates_a_positive_atmosphere_with_his_crew": 1, "agent_1_candidate_d_is_regarded_as_arrogant": 1, "agent_1_candidate_d_has_relatively_weak_leadership_skills": 1, "agent_2_candidate_a_is_regarded_as_a_show_off": 1, "agent_2_candidate_a_is_regarded_as_being_not_open_to_new_ideas": 1, "agent_2_candidate_b_has_a_relatively_weak_memory_for_numbers": 0, "agent_2_candidate_b_makes_nasty_remarks_about_his_colleagues": 0, "agent_2_candidate_c_keeps_calm_in_a_crisis": 0, "agent_2_candidate_c_understands_complicated_technology": 0, "agent_2_candidate_d_is_regarded_as_a_know_it_all": 0, "agent_2_candidate_d_has_a_hot_temper": 0, "agent_3_candidate_a_is_unfriendly": 0, "agent_3_candidate_a_eats_unhealthily": 0, "agent_3_candidate_b_is_regarded_as_pretentious": 1, "agent_3_candidate_b_sometimes_adopts_the_wrong_tone_when_communicating": 0, "agent_3_candidate_c_puts_concern_for_others_above_everything": 0, "agent_3_candidate_c_has_excellent_attention_skills": 0, "agent_3_candidate_d_is_considered_moody": 0, "agent_3_candidate_d_is_regarded_as_a_loner": 0}}, {"agent": "agent_2", "score": 0.4, "matched_facts": 16, "total_facts": 40, "matched_public_facts": 8, "total_public_facts": 16, "public_fact_coverage": 0.5, "matched_own_private_facts": 5, "total_own_private_facts": 8, "own_private_fact_coverage": 0.625, "matched_other_private_facts": 3, "total_other_private_facts": 16, "other_private_fact_coverage": 0.1875, "checks": {"public_candidate_a_can_anticipate_dangerous_situations": 1, "public_candidate_a_is_able_to_see_complex_connections": 1, "public_candidate_a_has_excellent_spatial_vision": 1, "public_candidate_a_has_very_good_leadership_qualities": 1, "public_candidate_b_is_very_conscientious": 1, "public_candidate_b_handles_stress_very_well": 1, "public_candidate_b_is_good_at_assessing_weather_conditions": 1, "public_candidate_b_has_excellent_computer_skills": 1, "public_candidate_c_can_make_correct_decisions_quickly": 0, "public_candidate_c_has_difficulty_communicating_ideas": 0, "public_candidate_c_is_regarded_as_egocentric": 0, "public_candidate_c_is_not_very_willing_to_further_his_education": 0, "public_candidate_d_responds_to_unexpected_events_adequately": 0, "public_candidate_d_can_concentrate_very_well": 0, "public_candidate_d_solves_problems_extremely_well": 0, "public_candidate_d_takes_responsibility_seriously": 0, "agent_1_candidate_a_is_sometimes_not_good_at_taking_criticism": 0, "agent_1_candidate_a_can_be_unorganized": 0, "agent_1_candidate_b_can_be_grumpy": 0, "agent_1_candidate_b_can_be_uncooperative": 0, "agent_1_candidate_c_is_known_to_be_100_percent_reliable": 0, "agent_1_candidate_c_creates_a_positive_atmosphere_with_his_crew": 0, "agent_1_candidate_d_is_regarded_as_arrogant": 0, "agent_1_candidate_d_has_relatively_weak_leadership_skills": 1, "agent_2_candidate_a_is_regarded_as_a_show_off": 1, "agent_2_candidate_a_is_regarded_as_being_not_open_to_new_ideas": 1, "agent_2_candidate_b_has_a_relatively_weak_memory_for_numbers": 0, "agent_2_candidate_b_makes_nasty_remarks_about_his_colleagues": 1, "agent_2_candidate_c_keeps_calm_in_a_crisis": 0, "agent_2_candidate_c_understands_complicated_technology": 0, "agent_2_candidate_d_is_regarded_as_a_know_it_all": 1, "agent_2_candidate_d_has_a_hot_temper": 1, "agent_3_candidate_a_is_unfriendly": 0, "agent_3_candidate_a_eats_unhealthily": 0, "agent_3_candidate_b_is_regarded_as_pretentious": 1, "agent_3_candidate_b_sometimes_adopts_the_wrong_tone_when_communicating": 1, "agent_3_candidate_c_puts_concern_for_others_above_everything": 0, "agent_3_candidate_c_has_excellent_attention_skills": 0, "agent_3_candidate_d_is_considered_moody": 0, "agent_3_candidate_d_is_regarded_as_a_loner": 0}}, {"agent": "agent_3", "score": 0.525, "matched_facts": 21, "total_facts": 40, "matched_public_facts": 11, "total_public_facts": 16, "public_fact_coverage": 0.6875, "matched_own_private_facts": 6, "total_own_private_facts": 8, "own_private_fact_coverage": 0.75, "matched_other_private_facts": 4, "total_other_private_facts": 16, "other_private_fact_coverage": 0.25, "checks": {"public_candidate_a_can_anticipate_dangerous_situations": 1, "public_candidate_a_is_able_to_see_complex_connections": 1, "public_candidate_a_has_excellent_spatial_vision": 1, "public_candidate_a_has_very_good_leadership_qualities": 1, "public_candidate_b_is_very_conscientious": 1, "public_candidate_b_handles_stress_very_well": 1, "public_candidate_b_is_good_at_assessing_weather_conditions": 1, "public_candidate_b_has_excellent_computer_skills": 1, "public_candidate_c_can_make_correct_decisions_quickly": 0, "public_candidate_c_has_difficulty_communicating_ideas": 0, "public_candidate_c_is_regarded_as_egocentric": 0, "public_candidate_c_is_not_very_willing_to_further_his_education": 0, "public_candidate_d_responds_to_unexpected_events_adequately": 0, "public_candidate_d_can_concentrate_very_well": 1, "public_candidate_d_solves_problems_extremely_well": 1, "public_candidate_d_takes_responsibility_seriously": 1, "agent_1_candidate_a_is_sometimes_not_good_at_taking_criticism": 0, "agent_1_candidate_a_can_be_unorganized": 0, "agent_1_candidate_b_can_be_grumpy": 0, "agent_1_candidate_b_can_be_uncooperative": 0, "agent_1_candidate_c_is_known_to_be_100_percent_reliable": 0, "agent_1_candidate_c_creates_a_positive_atmosphere_with_his_crew": 0, "agent_1_candidate_d_is_regarded_as_arrogant": 1, "agent_1_candidate_d_has_relatively_weak_leadership_skills": 1, "agent_2_candidate_a_is_regarded_as_a_show_off": 1, "agent_2_candidate_a_is_regarded_as_being_not_open_to_new_ideas": 1, "agent_2_candidate_b_has_a_relatively_weak_memory_for_numbers": 0, "agent_2_candidate_b_makes_nasty_remarks_about_his_colleagues": 0, "agent_2_candidate_c_keeps_calm_in_a_crisis": 0, "agent_2_candidate_c_understands_complicated_technology": 0, "agent_2_candidate_d_is_regarded_as_a_know_it_all": 0, "agent_2_candidate_d_has_a_hot_temper": 0, "agent_3_candidate_a_is_unfriendly": 1, "agent_3_candidate_a_eats_unhealthily": 1, "agent_3_candidate_b_is_regarded_as_pretentious": 1, "agent_3_candidate_b_sometimes_adopts_the_wrong_tone_when_communicating": 1, "agent_3_candidate_c_puts_concern_for_others_above_everything": 0, "agent_3_candidate_c_has_excellent_attention_skills": 0, "agent_3_candidate_d_is_considered_moody": 1, "agent_3_candidate_d_is_regarded_as_a_loner": 1}}]}
{"id": 69, "ts": 1778967348.6653907, "event": "agent_memories_archived", "directory": "/home/lhegemann/git/bachelor_thesis/01_data/raw/simulations/moderate/moderate_treatment_20260516_211353_009/shared_mental_models", "round": 5}
{"id": 70, "ts": 1778967348.6654327, "event": "final_decision", "candidate": null, "method": "max_round_no_majority", "vote_count": {"Candidate D": 1, "Candidate A": 1, "Candidate B": 1}, "correct_candidate": "Candidate C", "decision_correct": 0, "round": 5}
2026-05-16 23:35:48,677 - INFO - ======================================================================
2026-05-16 23:35:48,677 - INFO - SIMULATION METRICS
2026-05-16 23:35:48,677 - INFO - ======================================================================
2026-05-16 23:35:48,677 - INFO - Total Loops: 5
2026-05-16 23:35:48,677 - INFO - Agent Turns (no vote checker): 15
2026-05-16 23:35:48,677 - INFO - Agent Tool Calls: 0
2026-05-16 23:35:48,677 - INFO - Agent Tool Messages: 0
2026-05-16 23:35:48,677 - INFO - Memory Updates: 45
2026-05-16 23:35:48,677 - INFO - Total Messages (no vote checker): 15
2026-05-16 23:35:48,677 - INFO - Input Tokens: 176184
2026-05-16 23:35:48,677 - INFO - Output Tokens: 46095
2026-05-16 23:35:48,678 - INFO - Total Tokens: 222279
2026-05-16 23:35:48,678 - INFO - Final Chosen Candidate: None
2026-05-16 23:35:48,678 - INFO - Final Decision Method: max_round_no_majority
2026-05-16 23:35:48,678 - INFO - Final Vote Count: {'Candidate D': 1, 'Candidate A': 1, 'Candidate B': 1}
2026-05-16 23:35:48,678 - INFO - Correct Candidate: Candidate C
2026-05-16 23:35:48,678 - INFO - Decision Correct: 0
2026-05-16 23:35:48,678 - INFO - Runtime: 268.58s
2026-05-16 23:35:48,678 - INFO - ======================================================================
