2026-05-10 00:53:27,081 - INFO - Metrics tracker initialized
{"id": 1, "ts": 1778367207.1076496, "event": "memory_reset"}
{"id": 2, "ts": 1778367207.111716, "event": "discussion_order", "round": 1, "order": ["agent_2", "agent_1", "agent_3"]}
2026-05-10 00:53:37,304 - INFO - Tokens - Input: 1716, Output: 770, Total: 2486
{"id": 3, "ts": 1778367217.3055224, "event": "public_discussion_message", "round": 1, "agent": "agent_2", "message": "I tentatively favor **Candidate\u202fB**. Their strong conscientiousness and ability to handle stress suggest high reliability and calmness under pressure, while their skill in assessing weather and excellent computer abilities support the technical competence needed for long\u2011distance flights. The main uncertainty is their tendency to make nasty remarks about colleagues, which could undermine crew cooperation and safety culture.\nMETADATA_JSON:\n{\"agent\": \"agent_2\", \"vote\": \"Candidate B\"}"}
2026-05-10 00:53:37,305 - INFO - Agent turns: 1
2026-05-10 00:53:48,172 - INFO - Tokens - Input: 1316, Output: 1213, Total: 2529
2026-05-10 00:53:48,174 - INFO - Memory updates: 1
{"id": 4, "ts": 1778367228.1746154, "event": "memory_updated", "agent": "agent_2", "round": 1}
2026-05-10 00:53:48,405 - INFO - Tokens - Input: 1313, Output: 1228, Total: 2541
2026-05-10 00:53:48,407 - INFO - Memory updates: 2
{"id": 5, "ts": 1778367228.4075236, "event": "memory_updated", "agent": "agent_1", "round": 1}
2026-05-10 00:53:50,785 - INFO - Tokens - Input: 1308, Output: 1495, Total: 2803
2026-05-10 00:53:50,787 - INFO - Memory updates: 3
{"id": 6, "ts": 1778367230.7873425, "event": "memory_updated", "agent": "agent_3", "round": 1}
2026-05-10 00:53:55,588 - INFO - Tokens - Input: 2257, Output: 527, Total: 2784
{"id": 7, "ts": 1778367235.5900013, "event": "public_discussion_message", "round": 1, "agent": "agent_1", "message": "I currently favor **Candidate\u202fC**. Their 100\u202f% reliability and ability to make correct decisions quickly are critical for long\u2011distance flights, and they create a positive atmosphere with the crew, supporting cooperation. The main uncertainty is their difficulty communicating ideas and egocentric attitude, which could impair teamwork despite the generally positive crew vibe.\nMETADATA_JSON:\n{\"agent\": \"agent_1\", \"vote\": \"Candidate C\"}"}
2026-05-10 00:53:55,590 - INFO - Agent turns: 2
2026-05-10 00:54:05,925 - INFO - Tokens - Input: 2089, Output: 1390, Total: 3479
2026-05-10 00:54:05,927 - INFO - Memory updates: 4
{"id": 8, "ts": 1778367245.9273791, "event": "memory_updated", "agent": "agent_3", "round": 1}
2026-05-10 00:54:07,223 - INFO - Tokens - Input: 1900, Output: 1420, Total: 3320
2026-05-10 00:54:07,225 - INFO - Memory updates: 5
{"id": 9, "ts": 1778367247.2257044, "event": "memory_updated", "agent": "agent_2", "round": 1}
2026-05-10 00:54:07,391 - INFO - Tokens - Input: 1856, Output: 1216, Total: 3072
2026-05-10 00:54:07,392 - INFO - Memory updates: 6
{"id": 10, "ts": 1778367247.392859, "event": "memory_updated", "agent": "agent_1", "round": 1}
2026-05-10 00:54:19,399 - INFO - Tokens - Input: 2580, Output: 708, Total: 3288
{"id": 11, "ts": 1778367259.4009583, "event": "public_discussion_message", "round": 1, "agent": "agent_3", "message": "I currently favor **Candidate\u202fB**. Their ability to handle stress well ensures calmness under pressure, and their strong weather\u2011assessment and computer skills give them solid technical competence for long\u2011distance flights. The main trade\u2011off is their pretentious attitude and occasional wrong tone, which could undermine crew cooperation and morale.\nMETADATA_JSON:\n{\"agent\": \"agent_3\", \"vote\": \"Candidate B\"}"}
2026-05-10 00:54:19,401 - INFO - Agent turns: 3
2026-05-10 00:54:31,820 - INFO - Tokens - Input: 2077, Output: 1142, Total: 3219
2026-05-10 00:54:31,822 - INFO - Memory updates: 7
{"id": 12, "ts": 1778367271.8222773, "event": "memory_updated", "agent": "agent_1", "round": 1}
2026-05-10 00:54:33,138 - INFO - Tokens - Input: 2171, Output: 1491, Total: 3662
2026-05-10 00:54:33,140 - INFO - Memory updates: 8
{"id": 13, "ts": 1778367273.1407535, "event": "memory_updated", "agent": "agent_3", "round": 1}
2026-05-10 00:54:33,572 - INFO - Tokens - Input: 2083, Output: 1242, Total: 3325
2026-05-10 00:54:33,573 - INFO - Memory updates: 9
{"id": 14, "ts": 1778367273.5738754, "event": "memory_updated", "agent": "agent_2", "round": 1}
2026-05-10 00:54:33,583 - INFO - Loop 1 completed
{"id": 15, "ts": 1778367273.5889704, "event": "discussion_order", "round": 2, "order": ["agent_1", "agent_3", "agent_2"]}
2026-05-10 00:54:36,829 - INFO - Tokens - Input: 2563, Output: 357, Total: 2920
{"id": 16, "ts": 1778367276.8308039, "event": "public_discussion_message", "round": 2, "agent": "agent_1", "message": "I continue to favor **Candidate\u202fC**. Their 100\u202f% reliability and ability to make correct decisions quickly are essential for safe, long\u2011haul operations, and they are known to create a positive atmosphere with the crew, supporting the cooperation needed in the cockpit. The main uncertainty is their difficulty communicating ideas and egocentric attitude, which could impair teamwork despite the generally positive crew vibe.\nMETADATA_JSON:\n{\"agent\": \"agent_1\", \"vote\": \"Candidate C\"}"}
2026-05-10 00:54:36,830 - INFO - Agent turns: 4
2026-05-10 00:54:45,412 - INFO - Tokens - Input: 2479, Output: 1058, Total: 3537
2026-05-10 00:54:45,414 - INFO - Memory updates: 10
{"id": 17, "ts": 1778367285.4143693, "event": "memory_updated", "agent": "agent_3", "round": 2}
2026-05-10 00:54:45,787 - INFO - Tokens - Input: 2166, Output: 1006, Total: 3172
2026-05-10 00:54:45,788 - INFO - Memory updates: 11
{"id": 18, "ts": 1778367285.7888818, "event": "memory_updated", "agent": "agent_1", "round": 2}
2026-05-10 00:54:47,773 - INFO - Tokens - Input: 2160, Output: 1298, Total: 3458
2026-05-10 00:54:47,775 - INFO - Memory updates: 12
{"id": 19, "ts": 1778367287.7752266, "event": "memory_updated", "agent": "agent_2", "round": 2}
2026-05-10 00:54:50,239 - INFO - Tokens - Input: 2632, Output: 133, Total: 2765
{"id": 20, "ts": 1778367290.2411766, "event": "public_discussion_message", "round": 2, "agent": "agent_3", "message": "I continue to favor **Candidate\u202fB**. Their strong ability to handle stress ensures calmness under pressure, and their expertise in assessing weather conditions and computer systems provides solid technical competence for long\u2011haul flights. The main trade\u2011off is their pretentious demeanor and occasional inappropriate tone, which could undermine crew cooperation and morale.\nMETADATA_JSON:\n{\"agent\": \"agent_3\", \"vote\": \"Candidate B\"}"}
2026-05-10 00:54:50,241 - INFO - Agent turns: 5
2026-05-10 00:55:00,029 - INFO - Tokens - Input: 2147, Output: 1141, Total: 3288
2026-05-10 00:55:00,031 - INFO - Memory updates: 13
{"id": 21, "ts": 1778367300.0314324, "event": "memory_updated", "agent": "agent_2", "round": 2}
2026-05-10 00:55:00,462 - INFO - Tokens - Input: 2174, Output: 962, Total: 3136
2026-05-10 00:55:00,464 - INFO - Memory updates: 14
{"id": 22, "ts": 1778367300.4642842, "event": "memory_updated", "agent": "agent_1", "round": 2}
2026-05-10 00:55:05,372 - INFO - Tokens - Input: 2225, Output: 1429, Total: 3654
2026-05-10 00:55:05,374 - INFO - Memory updates: 15
{"id": 23, "ts": 1778367305.3744907, "event": "memory_updated", "agent": "agent_3", "round": 2}
2026-05-10 00:55:16,442 - INFO - Tokens - Input: 2620, Output: 596, Total: 3216
{"id": 24, "ts": 1778367316.443659, "event": "public_discussion_message", "round": 2, "agent": "agent_2", "message": "I currently favor **Candidate\u202fC**. Their 100\u202f% reliability and ability to make correct decisions quickly are crucial for the safety and efficiency of long\u2011distance flights, and they are known to create a positive atmosphere with the crew, supporting the cooperation needed in the cockpit. The main uncertainty is their difficulty communicating ideas and egocentric attitude, which could hinder teamwork despite the generally positive vibe.\nMETADATA_JSON:\n{\"agent\": \"agent_2\", \"vote\": \"Candidate C\"}"}
2026-05-10 00:55:16,443 - INFO - Agent turns: 6
2026-05-10 00:55:24,676 - INFO - Tokens - Input: 2023, Output: 1020, Total: 3043
2026-05-10 00:55:24,678 - INFO - Memory updates: 16
{"id": 25, "ts": 1778367324.6786444, "event": "memory_updated", "agent": "agent_1", "round": 2}
2026-05-10 00:55:27,198 - INFO - Tokens - Input: 2243, Output: 1336, Total: 3579
2026-05-10 00:55:27,200 - INFO - Memory updates: 17
{"id": 26, "ts": 1778367327.2007961, "event": "memory_updated", "agent": "agent_2", "round": 2}
2026-05-10 00:55:28,562 - INFO - Tokens - Input: 2485, Output: 1553, Total: 4038
2026-05-10 00:55:28,563 - INFO - Memory updates: 18
{"id": 27, "ts": 1778367328.5639617, "event": "memory_updated", "agent": "agent_3", "round": 2}
2026-05-10 00:55:28,573 - INFO - Loop 2 completed
{"id": 28, "ts": 1778367328.5784597, "event": "discussion_order", "round": 3, "order": ["agent_2", "agent_1", "agent_3"]}
2026-05-10 00:55:33,798 - INFO - Tokens - Input: 3054, Output: 192, Total: 3246
{"id": 29, "ts": 1778367333.8000076, "event": "public_discussion_message", "round": 3, "agent": "agent_2", "message": "I continue to favor **Candidate\u202fC**. Their proven 100\u202f% reliability and ability to make correct decisions quickly are essential for safe, long\u2011distance operations, and they are known to foster a positive atmosphere with the crew, supporting effective cockpit cooperation. The main uncertainty is their difficulty communicating ideas and egocentric attitude, which could hinder teamwork despite the generally positive crew vibe.\nMETADATA_JSON:\n{\"agent\": \"agent_2\", \"vote\": \"Candidate C\"}"}
2026-05-10 00:55:33,800 - INFO - Agent turns: 7
2026-05-10 00:55:42,463 - INFO - Tokens - Input: 2653, Output: 981, Total: 3634
2026-05-10 00:55:42,465 - INFO - Memory updates: 19
{"id": 30, "ts": 1778367342.4653275, "event": "memory_updated", "agent": "agent_2", "round": 3}
2026-05-10 00:55:45,699 - INFO - Tokens - Input: 2096, Output: 1075, Total: 3171
2026-05-10 00:55:45,700 - INFO - Memory updates: 20
{"id": 31, "ts": 1778367345.700943, "event": "memory_updated", "agent": "agent_1", "round": 3}
2026-05-10 00:55:45,770 - INFO - Tokens - Input: 2406, Output: 1260, Total: 3666
2026-05-10 00:55:45,772 - INFO - Memory updates: 21
{"id": 32, "ts": 1778367345.772203, "event": "memory_updated", "agent": "agent_3", "round": 3}
2026-05-10 00:55:48,265 - INFO - Tokens - Input: 2631, Output: 194, Total: 2825
{"id": 33, "ts": 1778367348.2669325, "event": "public_discussion_message", "round": 3, "agent": "agent_1", "message": "I continue to favor **Candidate\u202fC**. Their 100\u202f% reliability and ability to make correct decisions quickly are vital for safe, long\u2011haul operations, and they are known to create a positive atmosphere with the crew, supporting the cooperation needed in the cockpit. The main uncertainty is their difficulty communicating ideas and egocentric attitude, which could hinder teamwork on extended flights.\nMETADATA_JSON:\n{\"agent\": \"agent_1\", \"vote\": \"Candidate C\"}"}
2026-05-10 00:55:48,267 - INFO - Agent turns: 8
2026-05-10 00:55:57,826 - INFO - Tokens - Input: 2246, Output: 1193, Total: 3439
2026-05-10 00:55:57,827 - INFO - Memory updates: 22
{"id": 34, "ts": 1778367357.8279536, "event": "memory_updated", "agent": "agent_1", "round": 3}
2026-05-10 00:55:57,847 - INFO - Tokens - Input: 2347, Output: 969, Total: 3316
2026-05-10 00:55:57,848 - INFO - Memory updates: 23
{"id": 35, "ts": 1778367357.8485467, "event": "memory_updated", "agent": "agent_2", "round": 3}
2026-05-10 00:55:58,190 - INFO - Tokens - Input: 2475, Output: 965, Total: 3440
2026-05-10 00:55:58,192 - INFO - Memory updates: 24
{"id": 36, "ts": 1778367358.1924431, "event": "memory_updated", "agent": "agent_3", "round": 3}
2026-05-10 00:56:06,394 - INFO - Tokens - Input: 2912, Output: 202, Total: 3114
{"id": 37, "ts": 1778367366.395578, "event": "public_discussion_message", "round": 3, "agent": "agent_3", "message": "I continue to favor **Candidate\u202fB**. Their strong ability to handle stress and assess weather conditions gives them solid calmness under pressure and technical competence essential for long\u2011distance flights. Additionally, their excellent computer skills support the complex navigation and systems management required on such routes. The main uncertainty is their pretentious demeanor and occasional inappropriate tone, which could undermine crew cooperation and cockpit harmony.\nMETADATA_JSON:\n{\"agent\": \"agent_3\", \"vote\": \"Candidate B\"}"}
2026-05-10 00:56:06,395 - INFO - Agent turns: 9
2026-05-10 00:56:14,418 - INFO - Tokens - Input: 2348, Output: 1006, Total: 3354
2026-05-10 00:56:14,420 - INFO - Memory updates: 25
{"id": 38, "ts": 1778367374.4208224, "event": "memory_updated", "agent": "agent_1", "round": 3}
2026-05-10 00:56:15,581 - INFO - Tokens - Input: 2529, Output: 1055, Total: 3584
2026-05-10 00:56:15,583 - INFO - Memory updates: 26
{"id": 39, "ts": 1778367375.5832872, "event": "memory_updated", "agent": "agent_3", "round": 3}
2026-05-10 00:56:17,498 - INFO - Tokens - Input: 2319, Output: 1127, Total: 3446
2026-05-10 00:56:17,500 - INFO - Memory updates: 27
{"id": 40, "ts": 1778367377.500634, "event": "memory_updated", "agent": "agent_2", "round": 3}
2026-05-10 00:56:17,509 - INFO - Loop 3 completed
{"id": 41, "ts": 1778367377.5140414, "event": "discussion_order", "round": 4, "order": ["agent_2", "agent_3", "agent_1"]}
2026-05-10 00:56:20,225 - INFO - Tokens - Input: 2791, Output: 324, Total: 3115
{"id": 42, "ts": 1778367380.2271874, "event": "public_discussion_message", "round": 4, "agent": "agent_2", "message": "I continue to favor **Candidate\u202fC**. Their 100\u202f% reliability and ability to make correct decisions quickly are vital for safe, long\u2011distance operations, and they are known to foster a positive crew atmosphere, supporting essential cockpit cooperation. The main trade\u2011off is their difficulty communicating ideas and egocentric attitude, which could hinder teamwork despite the overall positive vibe.\nMETADATA_JSON:\n{\"agent\": \"agent_2\", \"vote\": \"Candidate C\"}"}
2026-05-10 00:56:20,227 - INFO - Agent turns: 10
2026-05-10 00:56:29,333 - INFO - Tokens - Input: 2683, Output: 1115, Total: 3798
2026-05-10 00:56:29,334 - INFO - Memory updates: 28
{"id": 43, "ts": 1778367389.335124, "event": "memory_updated", "agent": "agent_3", "round": 4}
2026-05-10 00:56:29,935 - INFO - Tokens - Input: 2503, Output: 1119, Total: 3622
2026-05-10 00:56:29,936 - INFO - Memory updates: 29
{"id": 44, "ts": 1778367389.9365995, "event": "memory_updated", "agent": "agent_1", "round": 4}
2026-05-10 00:56:30,370 - INFO - Tokens - Input: 2386, Output: 1072, Total: 3458
2026-05-10 00:56:30,371 - INFO - Memory updates: 30
{"id": 45, "ts": 1778367390.3720825, "event": "memory_updated", "agent": "agent_2", "round": 4}
2026-05-10 00:56:34,916 - INFO - Tokens - Input: 3126, Output: 210, Total: 3336
{"id": 46, "ts": 1778367394.91736, "event": "public_discussion_message", "round": 4, "agent": "agent_3", "message": "I continue to favor **Candidate\u202fB**. Their strong ability to handle stress ensures calmness under pressure, and their expertise in assessing weather conditions together with excellent computer skills provides solid technical competence for long\u2011distance flights. The main trade\u2011off is their pretentious demeanor and occasional inappropriate tone, which could undermine crew cooperation and cockpit harmony.\nMETADATA_JSON:\n{\"agent\": \"agent_3\", \"vote\": \"Candidate B\"}"}
2026-05-10 00:56:34,917 - INFO - Agent turns: 11
2026-05-10 00:56:41,151 - INFO - Tokens - Input: 2590, Output: 776, Total: 3366
2026-05-10 00:56:41,153 - INFO - Memory updates: 31
{"id": 47, "ts": 1778367401.153659, "event": "memory_updated", "agent": "agent_1", "round": 4}
2026-05-10 00:56:43,577 - INFO - Tokens - Input: 2537, Output: 957, Total: 3494
2026-05-10 00:56:43,579 - INFO - Memory updates: 32
{"id": 48, "ts": 1778367403.5796206, "event": "memory_updated", "agent": "agent_2", "round": 4}
2026-05-10 00:56:43,877 - INFO - Tokens - Input: 2725, Output: 1040, Total: 3765
2026-05-10 00:56:43,879 - INFO - Memory updates: 33
{"id": 49, "ts": 1778367403.8796754, "event": "memory_updated", "agent": "agent_3", "round": 4}
2026-05-10 00:56:51,226 - INFO - Tokens - Input: 2816, Output: 496, Total: 3312
{"id": 50, "ts": 1778367411.228338, "event": "public_discussion_message", "round": 4, "agent": "agent_1", "message": "I continue to favor **Candidate\u202fC**. Their 100\u202f% reliability and ability to make correct decisions quickly are vital for safe, long\u2011haul operations, and they are known to create a positive atmosphere with the crew, supporting the cooperation needed in the cockpit. The main trade\u2011off is their difficulty communicating ideas and egocentric attitude, which could hinder teamwork and crew coordination on extended flights.\nMETADATA_JSON:\n{\"agent\": \"agent_1\", \"vote\": \"Candidate C\"}"}
2026-05-10 00:56:51,228 - INFO - Agent turns: 12
2026-05-10 00:56:57,742 - INFO - Tokens - Input: 2660, Output: 771, Total: 3431
2026-05-10 00:56:57,744 - INFO - Memory updates: 34
{"id": 51, "ts": 1778367417.744531, "event": "memory_updated", "agent": "agent_2", "round": 4}
2026-05-10 00:56:59,634 - INFO - Tokens - Input: 2848, Output: 1039, Total: 3887
2026-05-10 00:56:59,635 - INFO - Memory updates: 35
{"id": 52, "ts": 1778367419.6360114, "event": "memory_updated", "agent": "agent_3", "round": 4}
2026-05-10 00:57:03,833 - INFO - Tokens - Input: 2441, Output: 1430, Total: 3871
2026-05-10 00:57:03,835 - INFO - Memory updates: 36
{"id": 53, "ts": 1778367423.8355925, "event": "memory_updated", "agent": "agent_1", "round": 4}
2026-05-10 00:57:03,844 - INFO - Loop 4 completed
{"id": 54, "ts": 1778367423.8507428, "event": "discussion_order", "round": 5, "order": ["agent_1", "agent_2", "agent_3"]}
2026-05-10 00:57:07,635 - INFO - Tokens - Input: 3124, Output: 154, Total: 3278
{"id": 55, "ts": 1778367427.6370773, "event": "public_discussion_message", "round": 5, "agent": "agent_1", "message": "I continue to favor **Candidate\u202fC**. Their 100\u202f% reliability and proven ability to make correct decisions quickly are essential for safe, long\u2011haul operations, and they are known to create a positive atmosphere with the crew, supporting the cooperation needed in the cockpit. The main trade\u2011off is their difficulty communicating ideas and egocentric attitude, which could hinder teamwork on extended flights.\nMETADATA_JSON:\n{\"agent\": \"agent_1\", \"vote\": \"Candidate C\"}"}
2026-05-10 00:57:07,637 - INFO - Agent turns: 13
2026-05-10 00:57:13,923 - INFO - Tokens - Input: 2727, Output: 781, Total: 3508
2026-05-10 00:57:13,924 - INFO - Memory updates: 37
{"id": 56, "ts": 1778367433.9248667, "event": "memory_updated", "agent": "agent_1", "round": 5}
2026-05-10 00:57:14,860 - INFO - Tokens - Input: 2983, Output: 963, Total: 3946
2026-05-10 00:57:14,862 - INFO - Memory updates: 38
{"id": 57, "ts": 1778367434.8625433, "event": "memory_updated", "agent": "agent_3", "round": 5}
2026-05-10 00:57:19,396 - INFO - Tokens - Input: 2759, Output: 827, Total: 3586
2026-05-10 00:57:19,397 - INFO - Memory updates: 39
{"id": 58, "ts": 1778367439.3979404, "event": "memory_updated", "agent": "agent_2", "round": 5}
2026-05-10 00:57:23,852 - INFO - Tokens - Input: 3239, Output: 224, Total: 3463
{"id": 59, "ts": 1778367443.8543375, "event": "public_discussion_message", "round": 5, "agent": "agent_2", "message": "I continue to favor **Candidate\u202fC**. Their 100\u202f% reliability and ability to make correct decisions quickly are crucial for safe, long\u2011distance operations, and they are known to create a positive crew atmosphere, supporting essential cockpit cooperation. The main trade\u2011off is their difficulty communicating ideas and egocentric attitude, which could hinder teamwork despite the overall positive vibe.\nMETADATA_JSON:\n{\"agent\": \"agent_2\", \"vote\": \"Candidate C\"}"}
2026-05-10 00:57:23,854 - INFO - Agent turns: 14
2026-05-10 00:57:30,956 - INFO - Tokens - Input: 2852, Output: 855, Total: 3707
2026-05-10 00:57:30,958 - INFO - Memory updates: 40
{"id": 60, "ts": 1778367450.958978, "event": "memory_updated", "agent": "agent_2", "round": 5}
2026-05-10 00:57:32,240 - INFO - Tokens - Input: 3018, Output: 1093, Total: 4111
2026-05-10 00:57:32,242 - INFO - Memory updates: 41
{"id": 61, "ts": 1778367452.2427056, "event": "memory_updated", "agent": "agent_3", "round": 5}
2026-05-10 00:57:32,283 - INFO - Tokens - Input: 2831, Output: 820, Total: 3651
2026-05-10 00:57:32,284 - INFO - Memory updates: 42
{"id": 62, "ts": 1778367452.2844682, "event": "memory_updated", "agent": "agent_1", "round": 5}
2026-05-10 00:57:39,750 - INFO - Tokens - Input: 3498, Output: 630, Total: 4128
{"id": 63, "ts": 1778367459.7514381, "event": "public_discussion_message", "round": 5, "agent": "agent_3", "message": "I continue to favor **Candidate\u202fB**. Their ability to handle stress ensures calmness under pressure, and their strong weather\u2011assessment and computer skills give them solid technical competence for long\u2011haul routes. The main trade\u2011off is their pretentious demeanor and occasional inappropriate tone, which could undermine crew cooperation and morale.\nMETADATA_JSON:\n{\"agent\": \"agent_3\", \"vote\": \"Candidate B\"}"}
2026-05-10 00:57:39,751 - INFO - Agent turns: 15
2026-05-10 00:57:54,040 - INFO - Tokens - Input: 3089, Output: 916, Total: 4005
2026-05-10 00:57:54,041 - INFO - Memory updates: 43
{"id": 64, "ts": 1778367474.0420203, "event": "memory_updated", "agent": "agent_3", "round": 5}
2026-05-10 00:57:54,522 - INFO - Tokens - Input: 2887, Output: 1375, Total: 4262
2026-05-10 00:57:54,524 - INFO - Memory updates: 44
{"id": 65, "ts": 1778367474.5242035, "event": "memory_updated", "agent": "agent_1", "round": 5}
2026-05-10 00:57:56,905 - INFO - Tokens - Input: 2913, Output: 1292, Total: 4205
2026-05-10 00:57:56,907 - INFO - Memory updates: 45
{"id": 66, "ts": 1778367476.9073799, "event": "memory_updated", "agent": "agent_2", "round": 5}
2026-05-10 00:57:56,916 - INFO - Loop 5 completed
2026-05-10 00:57:56,917 - INFO - Final Chosen Candidate: Candidate C
2026-05-10 00:57:56,917 - INFO - Final Decision Method: max_round_majority_vote
2026-05-10 00:57:56,917 - INFO - Final Vote Count: {'Candidate C': 2, 'Candidate B': 1}
2026-05-10 00:57:56,917 - INFO - Correct Candidate: Candidate C
2026-05-10 00:57:56,917 - INFO - Decision Correct: 1
{"id": 67, "ts": 1778367477.2297564, "event": "context_consistency_calculated", "method": "embedding_cosine", "mean_pairwise_similarity": 0.790762, "pairwise": [{"agent_a": "agent_1", "agent_b": "agent_2", "similarity": 0.871577}, {"agent_a": "agent_1", "agent_b": "agent_3", "similarity": 0.776179}, {"agent_a": "agent_2", "agent_b": "agent_3", "similarity": 0.724529}]}
{"id": 68, "ts": 1778367477.229941, "event": "gold_standard_alignment_calculated", "method": "rule_based_binary_checks", "mean_alignment": 0.875, "by_agent": [{"agent": "agent_1", "score": 0.875, "checks": {"favorite_is_c": 1, "c_reliability": 1, "c_calmness": 1, "c_attention": 0, "c_crew_fit": 1, "a_risks": 1, "b_risks": 1, "d_risks": 1}}, {"agent": "agent_2", "score": 0.875, "checks": {"favorite_is_c": 1, "c_reliability": 1, "c_calmness": 1, "c_attention": 1, "c_crew_fit": 1, "a_risks": 0, "b_risks": 1, "d_risks": 1}}, {"agent": "agent_3", "score": 0.875, "checks": {"favorite_is_c": 0, "c_reliability": 1, "c_calmness": 1, "c_attention": 1, "c_crew_fit": 1, "a_risks": 1, "b_risks": 1, "d_risks": 1}}]}
{"id": 69, "ts": 1778367477.2300832, "event": "agent_memories_archived", "directory": "/home/lhegemann/git/bachelor_thesis/01_data/raw/simulations/moderate/moderate_treatment_20260509_224515_003/shared_mental_models", "round": 5}
{"id": 70, "ts": 1778367477.2301655, "event": "final_decision", "candidate": "Candidate C", "method": "max_round_majority_vote", "vote_count": {"Candidate C": 2, "Candidate B": 1}, "correct_candidate": "Candidate C", "decision_correct": 1, "round": 5}
2026-05-10 00:57:57,239 - INFO - ======================================================================
2026-05-10 00:57:57,239 - INFO - SIMULATION METRICS
2026-05-10 00:57:57,239 - INFO - ======================================================================
2026-05-10 00:57:57,240 - INFO - Total Loops: 5
2026-05-10 00:57:57,240 - INFO - Agent Turns (no vote checker): 15
2026-05-10 00:57:57,240 - INFO - Agent Tool Calls: 0
2026-05-10 00:57:57,240 - INFO - Agent Tool Messages: 0
2026-05-10 00:57:57,240 - INFO - Memory Updates: 45
2026-05-10 00:57:57,240 - INFO - Total Messages (no vote checker): 15
2026-05-10 00:57:57,240 - INFO - Input Tokens: 148625
2026-05-10 00:57:57,240 - INFO - Output Tokens: 56229
2026-05-10 00:57:57,240 - INFO - Total Tokens: 204854
2026-05-10 00:57:57,240 - INFO - Final Chosen Candidate: Candidate C
2026-05-10 00:57:57,240 - INFO - Final Decision Method: max_round_majority_vote
2026-05-10 00:57:57,240 - INFO - Final Vote Count: {'Candidate C': 2, 'Candidate B': 1}
2026-05-10 00:57:57,241 - INFO - Correct Candidate: Candidate C
2026-05-10 00:57:57,241 - INFO - Decision Correct: 1
2026-05-10 00:57:57,241 - INFO - Runtime: 270.16s
2026-05-10 00:57:57,241 - INFO - ======================================================================
