2026-05-17 00:32:05,333 - INFO - Metrics tracker initialized
{"id": 1, "ts": 1778970725.3642664, "event": "memory_reset"}
{"id": 2, "ts": 1778970725.3684115, "event": "discussion_order", "round": 1, "order": ["agent_1", "agent_2", "agent_3"]}
2026-05-17 00:32:15,129 - INFO - Tokens - Input: 1968, Output: 1048, Total: 3016
{"id": 3, "ts": 1778970735.1312048, "event": "public_discussion_message", "round": 1, "agent": "agent_1", "message": "I tentatively favor **Candidate\u202fB** because they combine strong technical competence (good at assessing weather conditions and excellent computer skills) with proven stress resilience and conscientiousness, which support reliability and calmness on long\u2011distance flights. The main uncertainty is their tendency to be grumpy and uncooperative, which could undermine crew cooperation in the cockpit.\nMETADATA_JSON:\n{\"agent\": \"agent_1\", \"vote\": \"Candidate B\"}"}
2026-05-17 00:32:15,131 - INFO - Agent turns: 1
2026-05-17 00:32:28,976 - INFO - Tokens - Input: 1641, Output: 1040, Total: 2681
2026-05-17 00:32:28,978 - INFO - Memory updates: 1
{"id": 4, "ts": 1778970748.9791296, "event": "memory_updated", "agent": "agent_2", "round": 1}
2026-05-17 00:32:29,474 - INFO - Tokens - Input: 1633, Output: 1091, Total: 2724
2026-05-17 00:32:29,476 - INFO - Memory updates: 2
{"id": 5, "ts": 1778970749.476729, "event": "memory_updated", "agent": "agent_3", "round": 1}
2026-05-17 00:32:34,485 - INFO - Tokens - Input: 1638, Output: 1723, Total: 3361
2026-05-17 00:32:34,487 - INFO - Memory updates: 3
{"id": 6, "ts": 1778970754.4879856, "event": "memory_updated", "agent": "agent_1", "round": 1}
2026-05-17 00:32:39,642 - INFO - Tokens - Input: 2120, Output: 611, Total: 2731
{"id": 7, "ts": 1778970759.6439722, "event": "public_discussion_message", "round": 1, "agent": "agent_2", "message": "I currently favor **Candidate\u202fA** because they can anticipate dangerous situations and have excellent spatial vision, which are crucial for navigating long\u2011distance routes safely, and they possess very good leadership qualities that support effective crew cooperation. The main uncertainty is that they are regarded as a show\u2011off and not open to new ideas, which could hinder crew morale and adaptability.\nMETADATA_JSON:\n{\"agent\": \"agent_2\", \"vote\": \"Candidate A\"}"}
2026-05-17 00:32:39,644 - INFO - Agent turns: 2
2026-05-17 00:33:11,900 - INFO - Tokens - Input: 1798, Output: 2372, Total: 4170
2026-05-17 00:33:11,903 - INFO - Memory updates: 4
{"id": 8, "ts": 1778970791.9032426, "event": "memory_updated", "agent": "agent_2", "round": 1}
2026-05-17 00:33:14,675 - INFO - Tokens - Input: 2195, Output: 2652, Total: 4847
2026-05-17 00:33:14,678 - INFO - Memory updates: 5
{"id": 9, "ts": 1778970794.6781967, "event": "memory_updated", "agent": "agent_1", "round": 1}
2026-05-17 00:33:15,530 - INFO - Tokens - Input: 1772, Output: 2753, Total: 4525
2026-05-17 00:33:15,532 - INFO - Memory updates: 6
{"id": 10, "ts": 1778970795.5327547, "event": "memory_updated", "agent": "agent_3", "round": 1}
2026-05-17 00:33:20,405 - INFO - Tokens - Input: 2468, Output: 520, Total: 2988
{"id": 11, "ts": 1778970800.4067998, "event": "public_discussion_message", "round": 1, "agent": "agent_3", "message": "I currently favor **Candidate\u202fB** because they combine strong technical competence (good at assessing weather conditions and excellent computer skills) with proven stress resilience and conscientiousness, which are essential for reliable, calm performance on long\u2011distance flights. The main uncertainty is how their pretentious attitude and occasional wrong tone might impact crew cooperation and cockpit harmony.\nMETADATA_JSON:\n{\"agent\": \"agent_3\", \"vote\": \"Candidate B\"}"}
2026-05-17 00:33:20,406 - INFO - Agent turns: 3
2026-05-17 00:33:32,126 - INFO - Tokens - Input: 2228, Output: 784, Total: 3012
2026-05-17 00:33:32,130 - INFO - Memory updates: 7
{"id": 12, "ts": 1778970812.130608, "event": "memory_updated", "agent": "agent_2", "round": 1}
2026-05-17 00:33:32,902 - INFO - Tokens - Input: 2142, Output: 863, Total: 3005
2026-05-17 00:33:32,905 - INFO - Memory updates: 8
{"id": 13, "ts": 1778970812.905552, "event": "memory_updated", "agent": "agent_3", "round": 1}
2026-05-17 00:33:35,538 - INFO - Tokens - Input: 2343, Output: 1194, Total: 3537
2026-05-17 00:33:35,541 - INFO - Memory updates: 9
{"id": 14, "ts": 1778970815.5416775, "event": "memory_updated", "agent": "agent_1", "round": 1}
2026-05-17 00:33:35,550 - INFO - Loop 1 completed
{"id": 15, "ts": 1778970815.5570884, "event": "discussion_order", "round": 2, "order": ["agent_2", "agent_1", "agent_3"]}
2026-05-17 00:33:39,085 - INFO - Tokens - Input: 2646, Output: 390, Total: 3036
{"id": 16, "ts": 1778970819.0864575, "event": "public_discussion_message", "round": 2, "agent": "agent_2", "message": "I continue to favor **Candidate\u202fA** because their ability to anticipate dangerous situations and their excellent spatial vision are vital for safe long\u2011distance navigation, and their strong leadership qualities support effective crew coordination. The main uncertainty is the perception that they are a show\u2011off and not open to new ideas, which could undermine crew morale and adaptability.\nMETADATA_JSON:\n{\"agent\": \"agent_2\", \"vote\": \"Candidate A\"}"}
2026-05-17 00:33:39,086 - INFO - Agent turns: 4
2026-05-17 00:33:43,081 - INFO - Tokens - Input: 2320, Output: 230, Total: 2550
2026-05-17 00:33:43,083 - INFO - Memory updates: 10
{"id": 17, "ts": 1778970823.083796, "event": "memory_updated", "agent": "agent_2", "round": 2}
2026-05-17 00:33:44,853 - INFO - Tokens - Input: 2513, Output: 419, Total: 2932
2026-05-17 00:33:44,856 - INFO - Memory updates: 11
{"id": 18, "ts": 1778970824.8564284, "event": "memory_updated", "agent": "agent_1", "round": 2}
2026-05-17 00:33:45,063 - INFO - Tokens - Input: 2338, Output: 444, Total: 2782
2026-05-17 00:33:45,065 - INFO - Memory updates: 12
{"id": 19, "ts": 1778970825.0660155, "event": "memory_updated", "agent": "agent_3", "round": 2}
2026-05-17 00:33:47,488 - INFO - Tokens - Input: 2935, Output: 246, Total: 3181
{"id": 20, "ts": 1778970827.490255, "event": "public_discussion_message", "round": 2, "agent": "agent_1", "message": "I continue to favor **Candidate\u202fB** because they demonstrate strong technical competence (good at assessing weather conditions and excellent computer skills) and high stress resilience combined with conscientiousness, which are critical for reliable, calm performance on long\u2011distance flights. The main uncertainty is their tendency to be grumpy, uncooperative, and occasionally pretentious, which could undermine crew cooperation and cockpit harmony.\nMETADATA_JSON:\n{\"agent\": \"agent_1\", \"vote\": \"Candidate B\"}"}
2026-05-17 00:33:47,490 - INFO - Agent turns: 5
2026-05-17 00:33:52,539 - INFO - Tokens - Input: 2619, Output: 315, Total: 2934
2026-05-17 00:33:52,541 - INFO - Memory updates: 13
{"id": 21, "ts": 1778970832.5417528, "event": "memory_updated", "agent": "agent_1", "round": 2}
2026-05-17 00:33:52,945 - INFO - Tokens - Input: 2426, Output: 357, Total: 2783
2026-05-17 00:33:52,948 - INFO - Memory updates: 14
{"id": 22, "ts": 1778970832.94835, "event": "memory_updated", "agent": "agent_2", "round": 2}
2026-05-17 00:33:54,438 - INFO - Tokens - Input: 2444, Output: 546, Total: 2990
2026-05-17 00:33:54,441 - INFO - Memory updates: 15
{"id": 23, "ts": 1778970834.441238, "event": "memory_updated", "agent": "agent_3", "round": 2}
2026-05-17 00:33:56,936 - INFO - Tokens - Input: 2867, Output: 245, Total: 3112
{"id": 24, "ts": 1778970836.9379985, "event": "public_discussion_message", "round": 2, "agent": "agent_3", "message": "I continue to favor **Candidate\u202fB**. Their strong technical competence\u2014good at assessing weather conditions and excellent computer skills\u2014directly supports safe navigation and efficient flight planning on long\u2011distance routes. Additionally, their proven stress resilience and conscientiousness indicate reliable, calm performance under the pressures of extended flights. The main uncertainty is their pretentious demeanor and occasional wrong tone, which could undermine crew cooperation and cockpit harmony.\nMETADATA_JSON:\n{\"agent\": \"agent_3\", \"vote\": \"Candidate B\"}"}
2026-05-17 00:33:56,938 - INFO - Agent turns: 6
2026-05-17 00:34:01,164 - INFO - Tokens - Input: 2556, Output: 272, Total: 2828
2026-05-17 00:34:01,166 - INFO - Memory updates: 16
{"id": 25, "ts": 1778970841.1667688, "event": "memory_updated", "agent": "agent_3", "round": 2}
2026-05-17 00:34:03,333 - INFO - Tokens - Input: 2730, Output: 503, Total: 3233
2026-05-17 00:34:03,336 - INFO - Memory updates: 17
{"id": 26, "ts": 1778970843.3365095, "event": "memory_updated", "agent": "agent_1", "round": 2}
2026-05-17 00:34:13,485 - INFO - Tokens - Input: 2537, Output: 1786, Total: 4323
2026-05-17 00:34:13,488 - INFO - Memory updates: 18
{"id": 27, "ts": 1778970853.4888594, "event": "memory_updated", "agent": "agent_2", "round": 2}
2026-05-17 00:34:13,496 - INFO - Loop 2 completed
{"id": 28, "ts": 1778970853.500874, "event": "discussion_order", "round": 3, "order": ["agent_3", "agent_2", "agent_1"]}
2026-05-17 00:34:15,852 - INFO - Tokens - Input: 2978, Output: 224, Total: 3202
{"id": 29, "ts": 1778970855.8542309, "event": "public_discussion_message", "round": 3, "agent": "agent_3", "message": "I continue to favor **Candidate\u202fB**. Their strong technical competence\u2014good at assessing weather conditions and excellent computer skills\u2014directly supports safe navigation and efficient flight planning on long\u2011distance routes, while their proven stress resilience and conscientiousness indicate reliable, calm performance under extended\u2011flight pressures. The main uncertainty is their pretentious demeanor and occasional wrong tone, which could undermine crew cooperation and cockpit harmony.\nMETADATA_JSON:\n{\"agent\": \"agent_3\", \"vote\": \"Candidate B\"}"}
2026-05-17 00:34:15,854 - INFO - Agent turns: 7
2026-05-17 00:34:20,743 - INFO - Tokens - Input: 2839, Output: 327, Total: 3166
2026-05-17 00:34:20,746 - INFO - Memory updates: 19
{"id": 30, "ts": 1778970860.7466204, "event": "memory_updated", "agent": "agent_1", "round": 3}
2026-05-17 00:34:20,791 - INFO - Tokens - Input: 2747, Output: 330, Total: 3077
2026-05-17 00:34:20,793 - INFO - Memory updates: 20
{"id": 31, "ts": 1778970860.7939966, "event": "memory_updated", "agent": "agent_2", "round": 3}
2026-05-17 00:34:21,027 - INFO - Tokens - Input: 2665, Output: 360, Total: 3025
2026-05-17 00:34:21,029 - INFO - Memory updates: 21
{"id": 32, "ts": 1778970861.0296373, "event": "memory_updated", "agent": "agent_3", "round": 3}
2026-05-17 00:34:23,326 - INFO - Tokens - Input: 3169, Output: 218, Total: 3387
{"id": 33, "ts": 1778970863.327659, "event": "public_discussion_message", "round": 3, "agent": "agent_2", "message": "I continue to favor **Candidate\u202fA** because they can anticipate dangerous situations and have excellent spatial vision\u2014critical for safe long\u2011distance navigation\u2014and they demonstrate very good leadership qualities, which support effective crew coordination. The main uncertainty is their reputation as a show\u2011off and being perceived as not open to new ideas, which could undermine crew morale and adaptability.\nMETADATA_JSON:\n{\"agent\": \"agent_2\", \"vote\": \"Candidate A\"}"}
2026-05-17 00:34:23,327 - INFO - Agent turns: 8
2026-05-17 00:34:30,279 - INFO - Tokens - Input: 2938, Output: 468, Total: 3406
2026-05-17 00:34:30,282 - INFO - Memory updates: 22
{"id": 34, "ts": 1778970870.2822208, "event": "memory_updated", "agent": "agent_1", "round": 3}
2026-05-17 00:34:31,564 - INFO - Tokens - Input: 2764, Output: 600, Total: 3364
2026-05-17 00:34:31,567 - INFO - Memory updates: 23
{"id": 35, "ts": 1778970871.5675666, "event": "memory_updated", "agent": "agent_3", "round": 3}
2026-05-17 00:34:33,738 - INFO - Tokens - Input: 2846, Output: 878, Total: 3724
2026-05-17 00:34:33,740 - INFO - Memory updates: 24
{"id": 36, "ts": 1778970873.7408864, "event": "memory_updated", "agent": "agent_2", "round": 3}
2026-05-17 00:34:35,528 - INFO - Tokens - Input: 3360, Output: 147, Total: 3507
{"id": 37, "ts": 1778970875.5298598, "event": "public_discussion_message", "round": 3, "agent": "agent_1", "message": "I still favor **Candidate\u202fB** because they combine strong technical competence (excellent weather\u2011assessment ability and computer skills) with proven stress resilience and high conscientiousness, which are crucial for reliable, calm performance on long\u2011distance flights. The main uncertainty is whether their grumpy, uncooperative, and pretentious demeanor could undermine crew cooperation and cockpit harmony.\nMETADATA_JSON:\n{\"agent\": \"agent_1\", \"vote\": \"Candidate B\"}"}
2026-05-17 00:34:35,530 - INFO - Agent turns: 9
2026-05-17 00:34:47,516 - INFO - Tokens - Input: 3038, Output: 850, Total: 3888
2026-05-17 00:34:47,519 - INFO - Memory updates: 25
{"id": 38, "ts": 1778970887.5199604, "event": "memory_updated", "agent": "agent_1", "round": 3}
2026-05-17 00:34:49,986 - INFO - Tokens - Input: 2864, Output: 1104, Total: 3968
2026-05-17 00:34:49,988 - INFO - Memory updates: 26
{"id": 39, "ts": 1778970889.9891467, "event": "memory_updated", "agent": "agent_3", "round": 3}
2026-05-17 00:34:53,148 - INFO - Tokens - Input: 2946, Output: 1496, Total: 4442
2026-05-17 00:34:53,151 - INFO - Memory updates: 27
{"id": 40, "ts": 1778970893.1514397, "event": "memory_updated", "agent": "agent_2", "round": 3}
2026-05-17 00:34:53,158 - INFO - Loop 3 completed
{"id": 41, "ts": 1778970893.1646655, "event": "discussion_order", "round": 4, "order": ["agent_1", "agent_3", "agent_2"]}
2026-05-17 00:34:55,282 - INFO - Tokens - Input: 3462, Output: 174, Total: 3636
{"id": 42, "ts": 1778970895.283808, "event": "public_discussion_message", "round": 4, "agent": "agent_1", "message": "I continue to favor **Candidate\u202fB** because they demonstrate strong technical competence\u2014excellent weather\u2011assessment ability and computer skills\u2014which are essential for safe navigation and efficient planning on long\u2011distance routes. They also handle stress well and are highly conscientious, supporting reliability and calmness during extended flights. The key uncertainty is whether their grumpy, uncooperative, and pretentious demeanor could undermine crew cooperation and cockpit harmony.\nMETADATA_JSON:\n{\"agent\": \"agent_1\", \"vote\": \"Candidate B\"}"}
2026-05-17 00:34:55,283 - INFO - Agent turns: 10
2026-05-17 00:35:00,773 - INFO - Tokens - Input: 3092, Output: 322, Total: 3414
2026-05-17 00:35:00,775 - INFO - Memory updates: 28
{"id": 43, "ts": 1778970900.7759547, "event": "memory_updated", "agent": "agent_2", "round": 4}
2026-05-17 00:35:02,832 - INFO - Tokens - Input: 3019, Output: 537, Total: 3556
2026-05-17 00:35:02,835 - INFO - Memory updates: 29
{"id": 44, "ts": 1778970902.8352604, "event": "memory_updated", "agent": "agent_3", "round": 4}
2026-05-17 00:35:04,255 - INFO - Tokens - Input: 3151, Output: 715, Total: 3866
2026-05-17 00:35:04,258 - INFO - Memory updates: 30
{"id": 45, "ts": 1778970904.2582238, "event": "memory_updated", "agent": "agent_1", "round": 4}
2026-05-17 00:35:07,023 - INFO - Tokens - Input: 3441, Output: 254, Total: 3695
{"id": 46, "ts": 1778970907.0253522, "event": "public_discussion_message", "round": 4, "agent": "agent_3", "message": "I continue to favor **Candidate\u202fB** because they demonstrate strong technical competence\u2014excellent weather\u2011assessment ability and computer skills\u2014which are vital for safe navigation and efficient planning on long\u2011distance routes, and they handle stress well while being highly conscientious, supporting reliable, calm performance during extended flights. The main uncertainty is whether their pretentious demeanor and occasional wrong tone could undermine crew cooperation and cockpit harmony.\nMETADATA_JSON:\n{\"agent\": \"agent_3\", \"vote\": \"Candidate B\"}"}
2026-05-17 00:35:07,025 - INFO - Agent turns: 11
2026-05-17 00:35:12,497 - INFO - Tokens - Input: 3261, Output: 306, Total: 3567
2026-05-17 00:35:12,499 - INFO - Memory updates: 31
{"id": 47, "ts": 1778970912.4998295, "event": "memory_updated", "agent": "agent_1", "round": 4}
2026-05-17 00:35:12,962 - INFO - Tokens - Input: 3126, Output: 352, Total: 3478
2026-05-17 00:35:12,964 - INFO - Memory updates: 32
{"id": 48, "ts": 1778970912.9649482, "event": "memory_updated", "agent": "agent_3", "round": 4}
2026-05-17 00:35:14,767 - INFO - Tokens - Input: 3199, Output: 581, Total: 3780
2026-05-17 00:35:14,770 - INFO - Memory updates: 33
{"id": 49, "ts": 1778970914.77032, "event": "memory_updated", "agent": "agent_2", "round": 4}
2026-05-17 00:35:16,828 - INFO - Tokens - Input: 3621, Output: 189, Total: 3810
{"id": 50, "ts": 1778970916.8300745, "event": "public_discussion_message", "round": 4, "agent": "agent_2", "message": "I continue to favor **Candidate\u202fA** because they can anticipate dangerous situations and have excellent spatial vision\u2014critical for safe long\u2011distance navigation\u2014and they demonstrate very good leadership qualities, which support effective crew coordination. The main uncertainty is their reputation as a show\u2011off and being perceived as not open to new ideas, which could undermine crew morale and adaptability.\nMETADATA_JSON:\n{\"agent\": \"agent_2\", \"vote\": \"Candidate A\"}"}
2026-05-17 00:35:16,830 - INFO - Agent turns: 12
2026-05-17 00:35:24,134 - INFO - Tokens - Input: 3360, Output: 473, Total: 3833
2026-05-17 00:35:24,137 - INFO - Memory updates: 34
{"id": 51, "ts": 1778970924.1378381, "event": "memory_updated", "agent": "agent_1", "round": 4}
2026-05-17 00:35:24,677 - INFO - Tokens - Input: 3225, Output: 526, Total: 3751
2026-05-17 00:35:24,680 - INFO - Memory updates: 35
{"id": 52, "ts": 1778970924.680281, "event": "memory_updated", "agent": "agent_3", "round": 4}
2026-05-17 00:35:25,258 - INFO - Tokens - Input: 3298, Output: 599, Total: 3897
2026-05-17 00:35:25,261 - INFO - Memory updates: 36
{"id": 53, "ts": 1778970925.261582, "event": "memory_updated", "agent": "agent_2", "round": 4}
2026-05-17 00:35:25,268 - INFO - Loop 4 completed
{"id": 54, "ts": 1778970925.2749312, "event": "discussion_order", "round": 5, "order": ["agent_3", "agent_1", "agent_2"]}
2026-05-17 00:35:28,156 - INFO - Tokens - Input: 3647, Output: 264, Total: 3911
{"id": 55, "ts": 1778970928.1583223, "event": "public_discussion_message", "round": 5, "agent": "agent_3", "message": "I continue to favor **Candidate\u202fB**. Their strong technical competence\u2014particularly excellent weather\u2011assessment ability and computer skills\u2014directly supports safe navigation and efficient flight planning on long\u2011distance routes, and their proven stress resilience combined with high conscientiousness ensures reliable, calm performance under extended\u2011flight pressures. The main uncertainty is whether their pretentious demeanor and occasional wrong tone could undermine crew cooperation and cockpit harmony.\nMETADATA_JSON:\n{\"agent\": \"agent_3\", \"vote\": \"Candidate B\"}"}
2026-05-17 00:35:28,158 - INFO - Agent turns: 13
2026-05-17 00:35:33,087 - INFO - Tokens - Input: 3470, Output: 331, Total: 3801
2026-05-17 00:35:33,090 - INFO - Memory updates: 37
{"id": 56, "ts": 1778970933.090645, "event": "memory_updated", "agent": "agent_1", "round": 5}
2026-05-17 00:35:34,018 - INFO - Tokens - Input: 3335, Output: 425, Total: 3760
2026-05-17 00:35:34,021 - INFO - Memory updates: 38
{"id": 57, "ts": 1778970934.0213132, "event": "memory_updated", "agent": "agent_3", "round": 5}
2026-05-17 00:35:36,136 - INFO - Tokens - Input: 3408, Output: 690, Total: 4098
2026-05-17 00:35:36,139 - INFO - Memory updates: 39
{"id": 58, "ts": 1778970936.1394367, "event": "memory_updated", "agent": "agent_2", "round": 5}
2026-05-17 00:35:38,060 - INFO - Tokens - Input: 3892, Output: 144, Total: 4036
{"id": 59, "ts": 1778970938.0625832, "event": "public_discussion_message", "round": 5, "agent": "agent_1", "message": "I continue to favor **Candidate\u202fB** because they combine strong technical competence\u2014excellent weather\u2011assessment ability and computer skills\u2014with proven stress resilience and high conscientiousness, which are essential for reliable, calm performance on long\u2011distance flights. The main uncertainty is whether their grumpy, uncooperative, and pretentious demeanor could undermine crew cooperation and cockpit harmony.\nMETADATA_JSON:\n{\"agent\": \"agent_1\", \"vote\": \"Candidate B\"}"}
2026-05-17 00:35:38,062 - INFO - Agent turns: 14
2026-05-17 00:35:41,583 - INFO - Tokens - Input: 3570, Output: 197, Total: 3767
2026-05-17 00:35:41,586 - INFO - Memory updates: 40
{"id": 60, "ts": 1778970941.5862567, "event": "memory_updated", "agent": "agent_1", "round": 5}
2026-05-17 00:35:45,532 - INFO - Tokens - Input: 3508, Output: 608, Total: 4116
2026-05-17 00:35:45,535 - INFO - Memory updates: 41
{"id": 61, "ts": 1778970945.5352106, "event": "memory_updated", "agent": "agent_2", "round": 5}
2026-05-17 00:35:45,666 - INFO - Tokens - Input: 3435, Output: 624, Total: 4059
2026-05-17 00:35:45,668 - INFO - Memory updates: 42
{"id": 62, "ts": 1778970945.6685922, "event": "memory_updated", "agent": "agent_3", "round": 5}
2026-05-17 00:35:48,002 - INFO - Tokens - Input: 3930, Output: 189, Total: 4119
{"id": 63, "ts": 1778970948.0041373, "event": "public_discussion_message", "round": 5, "agent": "agent_2", "message": "I continue to favor **Candidate\u202fA** because they can anticipate dangerous situations and have excellent spatial vision\u2014critical for safe long\u2011distance navigation\u2014and they demonstrate very good leadership qualities, which support effective crew coordination. The main uncertainty is their reputation as a show\u2011off and being perceived as not open to new ideas, which could undermine crew morale and adaptability.\nMETADATA_JSON:\n{\"agent\": \"agent_2\", \"vote\": \"Candidate A\"}"}
2026-05-17 00:35:48,004 - INFO - Agent turns: 15
2026-05-17 00:35:54,033 - INFO - Tokens - Input: 3534, Output: 391, Total: 3925
2026-05-17 00:35:54,036 - INFO - Memory updates: 43
{"id": 64, "ts": 1778970954.0366313, "event": "memory_updated", "agent": "agent_3", "round": 5}
2026-05-17 00:35:55,494 - INFO - Tokens - Input: 3607, Output: 541, Total: 4148
2026-05-17 00:35:55,498 - INFO - Memory updates: 44
{"id": 65, "ts": 1778970955.4982085, "event": "memory_updated", "agent": "agent_2", "round": 5}
2026-05-17 00:35:56,102 - INFO - Tokens - Input: 3669, Output: 619, Total: 4288
2026-05-17 00:35:56,105 - INFO - Memory updates: 45
{"id": 66, "ts": 1778970956.10564, "event": "memory_updated", "agent": "agent_1", "round": 5}
2026-05-17 00:35:56,115 - INFO - Loop 5 completed
2026-05-17 00:35:56,115 - INFO - Final Chosen Candidate: Candidate B
2026-05-17 00:35:56,115 - INFO - Final Decision Method: max_round_majority_vote
2026-05-17 00:35:56,115 - INFO - Final Vote Count: {'Candidate B': 2, 'Candidate A': 1}
2026-05-17 00:35:56,116 - INFO - Correct Candidate: Candidate C
2026-05-17 00:35:56,116 - INFO - Decision Correct: 0
{"id": 67, "ts": 1778970956.8198242, "event": "context_consistency_calculated", "method": "weighted_section_embedding_cosine", "mean_pairwise_similarity": 0.827064, "pairwise": [{"agent_a": "agent_1", "agent_b": "agent_2", "similarity": 0.799184, "sections": [{"section": "task_summary", "weight": 0.02, "similarity": 1.0}, {"section": "revealed_facts_by_source", "weight": 0.3, "similarity": 0.718789}, {"section": "candidate_evaluation", "weight": 0.35, "similarity": 0.892277}, {"section": "other_agents_positions", "weight": 0.15, "similarity": 0.901029}, {"section": "emerging_group_view", "weight": 0.13, "similarity": 0.704509}, {"section": "open_questions_next_step_focus", "weight": 0.05, "similarity": 0.490207}]}, {"agent_a": "agent_1", "agent_b": "agent_3", "similarity": 0.86116, "sections": [{"section": "task_summary", "weight": 0.02, "similarity": 1.0}, {"section": "revealed_facts_by_source", "weight": 0.3, "similarity": 0.850945}, {"section": "candidate_evaluation", "weight": 0.35, "similarity": 0.888171}, {"section": "other_agents_positions", "weight": 0.15, "similarity": 0.931861}, {"section": "emerging_group_view", "weight": 0.13, "similarity": 0.814054}, {"section": "open_questions_next_step_focus", "weight": 0.05, "similarity": 0.588219}]}, {"agent_a": "agent_2", "agent_b": "agent_3", "similarity": 0.820849, "sections": [{"section": "task_summary", "weight": 0.02, "similarity": 1.0}, {"section": "revealed_facts_by_source", "weight": 0.3, "similarity": 0.779518}, {"section": "candidate_evaluation", "weight": 0.35, "similarity": 0.945176}, {"section": "other_agents_positions", "weight": 0.15, "similarity": 0.919876}, {"section": "emerging_group_view", "weight": 0.13, "similarity": 0.655598}, {"section": "open_questions_next_step_focus", "weight": 0.05, "similarity": 0.259464}]}]}
{"id": 68, "ts": 1778970956.819988, "event": "gold_standard_alignment_calculated", "method": "rule_based_fact_coverage", "mean_alignment": 0.691667, "by_agent": [{"agent": "agent_1", "score": 0.7, "matched_facts": 28, "total_facts": 40, "matched_public_facts": 16, "total_public_facts": 16, "public_fact_coverage": 1.0, "matched_own_private_facts": 8, "total_own_private_facts": 8, "own_private_fact_coverage": 1.0, "matched_other_private_facts": 4, "total_other_private_facts": 16, "other_private_fact_coverage": 0.25, "checks": {"public_candidate_a_can_anticipate_dangerous_situations": 1, "public_candidate_a_is_able_to_see_complex_connections": 1, "public_candidate_a_has_excellent_spatial_vision": 1, "public_candidate_a_has_very_good_leadership_qualities": 1, "public_candidate_b_is_very_conscientious": 1, "public_candidate_b_handles_stress_very_well": 1, "public_candidate_b_is_good_at_assessing_weather_conditions": 1, "public_candidate_b_has_excellent_computer_skills": 1, "public_candidate_c_can_make_correct_decisions_quickly": 1, "public_candidate_c_has_difficulty_communicating_ideas": 1, "public_candidate_c_is_regarded_as_egocentric": 1, "public_candidate_c_is_not_very_willing_to_further_his_education": 1, "public_candidate_d_responds_to_unexpected_events_adequately": 1, "public_candidate_d_can_concentrate_very_well": 1, "public_candidate_d_solves_problems_extremely_well": 1, "public_candidate_d_takes_responsibility_seriously": 1, "agent_1_candidate_a_is_sometimes_not_good_at_taking_criticism": 1, "agent_1_candidate_a_can_be_unorganized": 1, "agent_1_candidate_b_can_be_grumpy": 1, "agent_1_candidate_b_can_be_uncooperative": 1, "agent_1_candidate_c_is_known_to_be_100_percent_reliable": 1, "agent_1_candidate_c_creates_a_positive_atmosphere_with_his_crew": 1, "agent_1_candidate_d_is_regarded_as_arrogant": 1, "agent_1_candidate_d_has_relatively_weak_leadership_skills": 1, "agent_2_candidate_a_is_regarded_as_a_show_off": 1, "agent_2_candidate_a_is_regarded_as_being_not_open_to_new_ideas": 1, "agent_2_candidate_b_has_a_relatively_weak_memory_for_numbers": 0, "agent_2_candidate_b_makes_nasty_remarks_about_his_colleagues": 0, "agent_2_candidate_c_keeps_calm_in_a_crisis": 0, "agent_2_candidate_c_understands_complicated_technology": 0, "agent_2_candidate_d_is_regarded_as_a_know_it_all": 0, "agent_2_candidate_d_has_a_hot_temper": 0, "agent_3_candidate_a_is_unfriendly": 0, "agent_3_candidate_a_eats_unhealthily": 0, "agent_3_candidate_b_is_regarded_as_pretentious": 1, "agent_3_candidate_b_sometimes_adopts_the_wrong_tone_when_communicating": 1, "agent_3_candidate_c_puts_concern_for_others_above_everything": 0, "agent_3_candidate_c_has_excellent_attention_skills": 0, "agent_3_candidate_d_is_considered_moody": 0, "agent_3_candidate_d_is_regarded_as_a_loner": 0}}, {"agent": "agent_2", "score": 0.675, "matched_facts": 27, "total_facts": 40, "matched_public_facts": 15, "total_public_facts": 16, "public_fact_coverage": 0.9375, "matched_own_private_facts": 8, "total_own_private_facts": 8, "own_private_fact_coverage": 1.0, "matched_other_private_facts": 4, "total_other_private_facts": 16, "other_private_fact_coverage": 0.25, "checks": {"public_candidate_a_can_anticipate_dangerous_situations": 1, "public_candidate_a_is_able_to_see_complex_connections": 1, "public_candidate_a_has_excellent_spatial_vision": 1, "public_candidate_a_has_very_good_leadership_qualities": 1, "public_candidate_b_is_very_conscientious": 1, "public_candidate_b_handles_stress_very_well": 1, "public_candidate_b_is_good_at_assessing_weather_conditions": 1, "public_candidate_b_has_excellent_computer_skills": 1, "public_candidate_c_can_make_correct_decisions_quickly": 1, "public_candidate_c_has_difficulty_communicating_ideas": 1, "public_candidate_c_is_regarded_as_egocentric": 1, "public_candidate_c_is_not_very_willing_to_further_his_education": 1, "public_candidate_d_responds_to_unexpected_events_adequately": 0, "public_candidate_d_can_concentrate_very_well": 1, "public_candidate_d_solves_problems_extremely_well": 1, "public_candidate_d_takes_responsibility_seriously": 1, "agent_1_candidate_a_is_sometimes_not_good_at_taking_criticism": 0, "agent_1_candidate_a_can_be_unorganized": 0, "agent_1_candidate_b_can_be_grumpy": 1, "agent_1_candidate_b_can_be_uncooperative": 1, "agent_1_candidate_c_is_known_to_be_100_percent_reliable": 0, "agent_1_candidate_c_creates_a_positive_atmosphere_with_his_crew": 0, "agent_1_candidate_d_is_regarded_as_arrogant": 0, "agent_1_candidate_d_has_relatively_weak_leadership_skills": 0, "agent_2_candidate_a_is_regarded_as_a_show_off": 1, "agent_2_candidate_a_is_regarded_as_being_not_open_to_new_ideas": 1, "agent_2_candidate_b_has_a_relatively_weak_memory_for_numbers": 1, "agent_2_candidate_b_makes_nasty_remarks_about_his_colleagues": 1, "agent_2_candidate_c_keeps_calm_in_a_crisis": 1, "agent_2_candidate_c_understands_complicated_technology": 1, "agent_2_candidate_d_is_regarded_as_a_know_it_all": 1, "agent_2_candidate_d_has_a_hot_temper": 1, "agent_3_candidate_a_is_unfriendly": 0, "agent_3_candidate_a_eats_unhealthily": 0, "agent_3_candidate_b_is_regarded_as_pretentious": 1, "agent_3_candidate_b_sometimes_adopts_the_wrong_tone_when_communicating": 1, "agent_3_candidate_c_puts_concern_for_others_above_everything": 0, "agent_3_candidate_c_has_excellent_attention_skills": 0, "agent_3_candidate_d_is_considered_moody": 0, "agent_3_candidate_d_is_regarded_as_a_loner": 0}}, {"agent": "agent_3", "score": 0.7, "matched_facts": 28, "total_facts": 40, "matched_public_facts": 16, "total_public_facts": 16, "public_fact_coverage": 1.0, "matched_own_private_facts": 8, "total_own_private_facts": 8, "own_private_fact_coverage": 1.0, "matched_other_private_facts": 4, "total_other_private_facts": 16, "other_private_fact_coverage": 0.25, "checks": {"public_candidate_a_can_anticipate_dangerous_situations": 1, "public_candidate_a_is_able_to_see_complex_connections": 1, "public_candidate_a_has_excellent_spatial_vision": 1, "public_candidate_a_has_very_good_leadership_qualities": 1, "public_candidate_b_is_very_conscientious": 1, "public_candidate_b_handles_stress_very_well": 1, "public_candidate_b_is_good_at_assessing_weather_conditions": 1, "public_candidate_b_has_excellent_computer_skills": 1, "public_candidate_c_can_make_correct_decisions_quickly": 1, "public_candidate_c_has_difficulty_communicating_ideas": 1, "public_candidate_c_is_regarded_as_egocentric": 1, "public_candidate_c_is_not_very_willing_to_further_his_education": 1, "public_candidate_d_responds_to_unexpected_events_adequately": 1, "public_candidate_d_can_concentrate_very_well": 1, "public_candidate_d_solves_problems_extremely_well": 1, "public_candidate_d_takes_responsibility_seriously": 1, "agent_1_candidate_a_is_sometimes_not_good_at_taking_criticism": 0, "agent_1_candidate_a_can_be_unorganized": 0, "agent_1_candidate_b_can_be_grumpy": 1, "agent_1_candidate_b_can_be_uncooperative": 1, "agent_1_candidate_c_is_known_to_be_100_percent_reliable": 0, "agent_1_candidate_c_creates_a_positive_atmosphere_with_his_crew": 0, "agent_1_candidate_d_is_regarded_as_arrogant": 0, "agent_1_candidate_d_has_relatively_weak_leadership_skills": 0, "agent_2_candidate_a_is_regarded_as_a_show_off": 1, "agent_2_candidate_a_is_regarded_as_being_not_open_to_new_ideas": 1, "agent_2_candidate_b_has_a_relatively_weak_memory_for_numbers": 0, "agent_2_candidate_b_makes_nasty_remarks_about_his_colleagues": 0, "agent_2_candidate_c_keeps_calm_in_a_crisis": 0, "agent_2_candidate_c_understands_complicated_technology": 0, "agent_2_candidate_d_is_regarded_as_a_know_it_all": 0, "agent_2_candidate_d_has_a_hot_temper": 0, "agent_3_candidate_a_is_unfriendly": 1, "agent_3_candidate_a_eats_unhealthily": 1, "agent_3_candidate_b_is_regarded_as_pretentious": 1, "agent_3_candidate_b_sometimes_adopts_the_wrong_tone_when_communicating": 1, "agent_3_candidate_c_puts_concern_for_others_above_everything": 1, "agent_3_candidate_c_has_excellent_attention_skills": 1, "agent_3_candidate_d_is_considered_moody": 1, "agent_3_candidate_d_is_regarded_as_a_loner": 1}}]}
{"id": 69, "ts": 1778970956.8201008, "event": "agent_memories_archived", "directory": "/home/lhegemann/git/bachelor_thesis/01_data/raw/simulations/moderate/moderate_treatment_20260516_211353_025/shared_mental_models", "round": 5}
{"id": 70, "ts": 1778970956.8201394, "event": "final_decision", "candidate": "Candidate B", "method": "max_round_majority_vote", "vote_count": {"Candidate B": 2, "Candidate A": 1}, "correct_candidate": "Candidate C", "decision_correct": 0, "round": 5}
2026-05-17 00:35:56,829 - INFO - ======================================================================
2026-05-17 00:35:56,829 - INFO - SIMULATION METRICS
2026-05-17 00:35:56,829 - INFO - ======================================================================
2026-05-17 00:35:56,829 - INFO - Total Loops: 5
2026-05-17 00:35:56,829 - INFO - Agent Turns (no vote checker): 15
2026-05-17 00:35:56,830 - INFO - Agent Tool Calls: 0
2026-05-17 00:35:56,830 - INFO - Agent Tool Messages: 0
2026-05-17 00:35:56,830 - INFO - Memory Updates: 45
2026-05-17 00:35:56,830 - INFO - Total Messages (no vote checker): 15
2026-05-17 00:35:56,830 - INFO - Input Tokens: 172291
2026-05-17 00:35:56,830 - INFO - Output Tokens: 39457
2026-05-17 00:35:56,830 - INFO - Total Tokens: 211748
2026-05-17 00:35:56,830 - INFO - Final Chosen Candidate: Candidate B
2026-05-17 00:35:56,830 - INFO - Final Decision Method: max_round_majority_vote
2026-05-17 00:35:56,830 - INFO - Final Vote Count: {'Candidate B': 2, 'Candidate A': 1}
2026-05-17 00:35:56,830 - INFO - Correct Candidate: Candidate C
2026-05-17 00:35:56,830 - INFO - Decision Correct: 0
2026-05-17 00:35:56,830 - INFO - Runtime: 231.50s
2026-05-17 00:35:56,830 - INFO - ======================================================================
