2026-05-06 21:45:22,406 - INFO - Metrics tracker initialized
{"id": 1, "ts": 1778096722.4334326, "event": "memory_reset"}
{"id": 2, "ts": 1778096722.4389708, "event": "discussion_order", "round": 1, "order": ["agent_1", "agent_3", "agent_2"]}
2026-05-06 21:45:33,639 - INFO - Tokens - Input: 1782, Output: 1250, Total: 3032
{"id": 3, "ts": 1778096733.6410391, "event": "public_discussion_message", "round": 1, "agent": "agent_1", "message": "Current position: Candidate C\nConfidence/uncertainty: Moderate (around 65%)\nReasoning summary:\n- Key evidence used: Candidate C is known to be 100% reliable, creates a positive atmosphere with his crew, and can make correct decisions quickly\u2014covering reliability, cooperation, and calmness under pressure. These strengths address the core criteria for long\u2011distance pilots.\n- Evidence from others: No other agents have contributed yet.\n- Alternatives considered:\n  * Candidate A \u2013 strong technical vision and leadership but noted to be unorganized and poor at taking criticism, raising concerns about reliability and crew cooperation.\n  * Candidate B \u2013 very conscientious, handles stress well, and has solid technical skills, yet is described as grumpy and uncooperative, which are serious cooperation drawbacks.\n  * Candidate D \u2013 excellent problem\u2011solving, concentration, and responsibility, but is regarded as arrogant with weak leadership, again harming crew dynamics.\n- Main tradeoff: Balancing technical competence and stress handling against cooperation deficits. Candidate C, while having communication difficulties and some egocentric traits, still scores positively on reliability and crew atmosphere, which outweighs the more severe cooperation negatives of the other candidates.\n- Remaining uncertainty: How much Candidate C\u2019s difficulty communicating ideas and egocentric attitude will impact real\u2011world cockpit coordination and safety on long flights.\n- What would change my vote: Strong evidence that Candidate C\u2019s communication issues lead to critical misunderstandings or that Candidate B\u2019s uncooperative behavior is minor and can be mitigated would shift my preference toward B.\nMETADATA_JSON:\n{\"agent\": \"agent_1\", \"vote\": \"Candidate C\"}"}
2026-05-06 21:45:33,641 - INFO - Agent turns: 1
2026-05-06 21:45:40,739 - INFO - Tokens - Input: 1800, Output: 1187, Total: 2987
2026-05-06 21:45:40,742 - INFO - Memory updates: 1
{"id": 4, "ts": 1778096740.7423368, "event": "memory_updated", "agent": "agent_1", "round": 1}
2026-05-06 21:45:47,319 - INFO - Tokens - Input: 1803, Output: 1659, Total: 3462
2026-05-06 21:45:47,321 - INFO - Memory updates: 2
{"id": 5, "ts": 1778096747.3214495, "event": "memory_updated", "agent": "agent_2", "round": 1}
2026-05-06 21:45:47,587 - INFO - Tokens - Input: 1795, Output: 1754, Total: 3549
2026-05-06 21:45:47,589 - INFO - Memory updates: 3
{"id": 6, "ts": 1778096747.5891993, "event": "memory_updated", "agent": "agent_3", "round": 1}
2026-05-06 21:45:51,597 - INFO - Tokens - Input: 2885, Output: 615, Total: 3500
{"id": 7, "ts": 1778096751.5992615, "event": "public_discussion_message", "round": 1, "agent": "agent_3", "message": "Current position: Candidate C\nConfidence/uncertainty: Moderate (around 65%)\nReasoning summary:\n- Key evidence used: Candidate C makes correct decisions quickly, puts concern for others above everything, has excellent attention skills, and (as reported by agent\u202f1) is 100\u202f% reliable and creates a positive atmosphere with the crew. These cover reliability, calmness under pressure, technical competence (attention), and cooperation.\n- Evidence from others: Agent\u202f1\u2019s endorsement of Candidate\u202fC for reliability and crew atmosphere; the shared list of negatives for other candidates (A\u2019s unfriendly/unhealthy traits, B\u2019s pretentiousness and uncooperative behavior, D\u2019s moodiness and loner reputation).\n- Alternatives considered:\n  * Candidate A \u2013 strong technical vision and leadership but unfriendly, unhealthy, and unorganized, raising reliability and crew\u2011cooperation concerns.\n  * Candidate B \u2013 very conscientious, handles stress well, good technical skills, but pretentious, wrong tone, grumpy, and uncooperative, which are serious cooperation drawbacks.\n  * Candidate D \u2013 excellent problem\u2011solving, concentration, responsibility, yet moody, a loner, and perceived as arrogant with weak leadership, also harming crew dynamics.\n- Main tradeoff: Whether Candidate\u202fC\u2019s communication difficulties and egocentric tendency outweigh his perfect reliability and crew\u2011positive attitude. Compared with the more severe cooperation negatives of the other candidates, C\u2019s drawbacks appear less likely to jeopardize safety.\n- Remaining uncertainty: The practical impact of Candidate\u202fC\u2019s difficulty communicating ideas and egocentric trait on real\u2011world cockpit coordination during long flights.\n- What would change my vote: Strong evidence that Candidate\u202fC\u2019s communication issues have led to critical misunderstandings or safety incidents, or convincing evidence that Candidate\u202fB\u2019s uncooperative behavior is minor and can be mitigated, would shift my preference toward B.\nMETADATA_JSON:\n{\"agent\": \"agent_3\", \"vote\": \"Candidate C\"}"}
2026-05-06 21:45:51,599 - INFO - Agent turns: 2
2026-05-06 21:45:56,466 - INFO - Tokens - Input: 3048, Output: 810, Total: 3858
2026-05-06 21:45:56,468 - INFO - Memory updates: 4
{"id": 8, "ts": 1778096756.4682431, "event": "memory_updated", "agent": "agent_3", "round": 1}
2026-05-06 21:46:01,512 - INFO - Tokens - Input: 2775, Output: 1433, Total: 4208
2026-05-06 21:46:01,514 - INFO - Memory updates: 5
{"id": 9, "ts": 1778096761.5150452, "event": "memory_updated", "agent": "agent_1", "round": 1}
2026-05-06 21:46:04,574 - INFO - Tokens - Input: 2842, Output: 1443, Total: 4285
2026-05-06 21:46:04,576 - INFO - Memory updates: 6
{"id": 10, "ts": 1778096764.5768096, "event": "memory_updated", "agent": "agent_2", "round": 1}
2026-05-06 21:46:11,978 - INFO - Tokens - Input: 3186, Output: 960, Total: 4146
{"id": 11, "ts": 1778096771.9802752, "event": "public_discussion_message", "round": 1, "agent": "agent_2", "message": "Current position: Candidate C\nConfidence/uncertainty: Moderate\u2011high (around 70%)\nReasoning summary:\n- Key evidence used: Candidate\u202fC makes correct decisions quickly, keeps calm in a crisis, understands complicated technology, shows excellent attention skills, puts concern for others above everything, and is described as 100\u202f% reliable with a positive crew atmosphere. These cover reliability, calmness under pressure, technical competence, and cooperation.\n- Evidence from others: Agent\u202f1 highlighted C\u2019s 100\u202f% reliability and positive crew atmosphere; Agent\u202f3 added C\u2019s concern for others and excellent attention skills.\n- Alternatives considered:\n  * Candidate\u202fA \u2013 strong technical vision and leadership but regarded as a show\u2011off, not open to new ideas, and perceived as unorganized/poor at criticism, raising reliability and crew\u2011cooperation concerns.\n  * Candidate\u202fB \u2013 very conscientious, handles stress well, good technical skills, yet makes nasty remarks, has a weak memory for numbers, and is described as grumpy/uncooperative, which are serious cooperation drawbacks.\n  * Candidate\u202fD \u2013 excellent problem\u2011solving, concentration, and responsibility, but is seen as a know\u2011it\u2011all, has a hot temper, and is considered arrogant with weak leadership, all harming crew dynamics.\n- Main tradeoff: Whether C\u2019s difficulty communicating ideas and egocentric tendency outweigh his strong reliability, calmness, technical competence, and demonstrated concern for others, compared with the more severe cooperation negatives of the other candidates.\n- Remaining uncertainty: The real\u2011world impact of C\u2019s communication difficulties and egocentric attitude on long\u2011duration cockpit coordination and safety.\n- What would change my vote: Concrete evidence that C\u2019s communication issues have led to critical misunderstandings or safety incidents, or convincing evidence that B\u2019s uncooperative behavior is minor and can be mitigated, would shift my preference.\nMETADATA_JSON:\n{\"agent\": \"agent_2\", \"vote\": \"Candidate C\"}"}
2026-05-06 21:46:11,980 - INFO - Agent turns: 3
2026-05-06 21:46:20,442 - INFO - Tokens - Input: 3349, Output: 1277, Total: 4626
2026-05-06 21:46:20,444 - INFO - Memory updates: 7
{"id": 12, "ts": 1778096780.4445822, "event": "memory_updated", "agent": "agent_2", "round": 1}
2026-05-06 21:46:22,198 - INFO - Tokens - Input: 2906, Output: 1636, Total: 4542
2026-05-06 21:46:22,202 - INFO - Memory updates: 8
{"id": 13, "ts": 1778096782.202431, "event": "memory_updated", "agent": "agent_3", "round": 1}
2026-05-06 21:46:22,517 - INFO - Tokens - Input: 3147, Output: 1450, Total: 4597
2026-05-06 21:46:22,519 - INFO - Memory updates: 9
{"id": 14, "ts": 1778096782.5193362, "event": "memory_updated", "agent": "agent_1", "round": 1}
2026-05-06 21:46:22,529 - INFO - Loop 1 completed
{"id": 15, "ts": 1778096782.5367022, "event": "discussion_order", "round": 2, "order": ["agent_2", "agent_1", "agent_3"]}
2026-05-06 21:46:25,932 - INFO - Tokens - Input: 3666, Output: 481, Total: 4147
{"id": 16, "ts": 1778096785.9343898, "event": "public_discussion_message", "round": 2, "agent": "agent_2", "message": "Current position: Candidate C\nConfidence/uncertainty: High (around 80%)\nReasoning summary:\n- Key evidence used: Candidate C makes correct decisions quickly, keeps calm in a crisis, understands complicated technology, shows excellent attention skills, puts concern for others above everything, and is described as 100\u202f% reliable with a positive crew atmosphere. These cover reliability, calmness under pressure, technical competence, and cooperation.\n- Evidence from others: Agent\u202f1 highlighted C\u2019s 100\u202f% reliability and positive crew atmosphere; Agent\u202f3 added C\u2019s concern for others and excellent attention skills.\n- Alternatives considered:\n  * Candidate A \u2013 strong technical vision and leadership but regarded as a show\u2011off, not open to new ideas, and perceived as unorganized/poor at taking criticism, raising reliability and crew\u2011cooperation concerns.\n  * Candidate B \u2013 very conscientious, handles stress well, good technical skills, yet makes nasty remarks, has weak memory for numbers, and is described as grumpy/uncooperative, which are serious cooperation drawbacks.\n  * Candidate D \u2013 excellent problem\u2011solving, concentration, and responsibility, but seen as a know\u2011it\u2011all, has a hot temper, and is considered arrogant with weak leadership, harming crew dynamics.\n- Main tradeoff: Whether C\u2019s difficulty communicating ideas and egocentric tendency outweigh his strong reliability, calmness, technical competence, and demonstrated concern for others. Compared with the more severe cooperation negatives of the other candidates, C\u2019s drawbacks appear less likely to jeopardize safety.\n- Remaining uncertainty: The real\u2011world impact of C\u2019s communication difficulties and egocentric attitude on long\u2011duration cockpit coordination and safety.\n- What would change my vote: Concrete evidence that C\u2019s communication issues have led to critical misunderstandings or safety incidents, or convincing evidence that B\u2019s uncooperative behavior is minor and can be mitigated, would shift my preference toward B.\nMETADATA_JSON:\n{\"agent\": \"agent_2\", \"vote\": \"Candidate C\"}"}
2026-05-06 21:46:25,934 - INFO - Agent turns: 4
2026-05-06 21:46:34,354 - INFO - Tokens - Input: 3554, Output: 1319, Total: 4873
2026-05-06 21:46:34,356 - INFO - Memory updates: 10
{"id": 17, "ts": 1778096794.356911, "event": "memory_updated", "agent": "agent_1", "round": 2}
2026-05-06 21:46:34,956 - INFO - Tokens - Input: 3826, Output: 1376, Total: 5202
2026-05-06 21:46:34,958 - INFO - Memory updates: 11
{"id": 18, "ts": 1778096794.958337, "event": "memory_updated", "agent": "agent_2", "round": 2}
2026-05-06 21:46:36,176 - INFO - Tokens - Input: 3681, Output: 1483, Total: 5164
2026-05-06 21:46:36,178 - INFO - Memory updates: 12
{"id": 19, "ts": 1778096796.1785786, "event": "memory_updated", "agent": "agent_3", "round": 2}
2026-05-06 21:46:40,212 - INFO - Tokens - Input: 3801, Output: 548, Total: 4349
{"id": 20, "ts": 1778096800.2148244, "event": "public_discussion_message", "round": 2, "agent": "agent_1", "message": "Current position: Candidate C\nConfidence/uncertainty: High (around 80\u202f%)\nReasoning summary:\n- Key evidence used: Candidate\u202fC is 100\u202f% reliable, creates a positive atmosphere with his crew, makes correct decisions quickly, and keeps calm in a crisis. These attributes cover reliability, cooperation, and calmness under pressure\u2014core criteria for long\u2011distance pilots.\n- Evidence from others: Both Agent\u202f2 and Agent\u202f3 have reaffirmed strong support for Candidate\u202fC, highlighting his concern for others, excellent attention skills, and technical understanding. No new negative evidence about C has been introduced.\n- Alternatives considered:\n  * Candidate\u202fA \u2013 strong technical vision and leadership but suffers from poor criticism handling and disorganization, raising reliability and crew\u2011cooperation concerns.\n  * Candidate\u202fB \u2013 conscientious and stress\u2011resilient with good technical skills, yet consistently described as grumpy, uncooperative, and pretentious\u2014serious cooperation deficits.\n  * Candidate\u202fD \u2013 excellent problem\u2011solving, concentration, and responsibility, but is seen as arrogant with weak leadership, also harming crew dynamics.\n- Main tradeoff: Whether C\u2019s communication difficulties and egocentric tendency outweigh his perfect reliability and crew\u2011positive attitude. Compared with the more severe cooperation drawbacks of the other candidates, C\u2019s drawbacks appear less likely to jeopardize safety.\n- Remaining uncertainty: The real\u2011world impact of C\u2019s difficulty communicating ideas and egocentric attitude on long\u2011duration cockpit coordination and safety.\n- What would change my vote: Concrete evidence that C\u2019s communication issues have led to critical misunderstand\u2011related safety incidents, or convincing proof that another candidate (e.g., B) can mitigate their cooperation deficits while offering comparable reliability and technical competence.\nMETADATA_JSON:\n{\"agent\": \"agent_1\", \"vote\": \"Candidate C\"}"}
2026-05-06 21:46:40,215 - INFO - Agent turns: 5
2026-05-06 21:46:44,389 - INFO - Tokens - Input: 4133, Output: 921, Total: 5054
2026-05-06 21:46:44,391 - INFO - Memory updates: 13
{"id": 21, "ts": 1778096804.391622, "event": "memory_updated", "agent": "agent_2", "round": 2}
2026-05-06 21:46:45,867 - INFO - Tokens - Input: 3908, Output: 926, Total: 4834
2026-05-06 21:46:45,869 - INFO - Memory updates: 14
{"id": 22, "ts": 1778096805.8697352, "event": "memory_updated", "agent": "agent_1", "round": 2}
2026-05-06 21:46:46,993 - INFO - Tokens - Input: 4140, Output: 1059, Total: 5199
2026-05-06 21:46:46,995 - INFO - Memory updates: 15
{"id": 23, "ts": 1778096806.9956117, "event": "memory_updated", "agent": "agent_3", "round": 2}
2026-05-06 21:46:50,625 - INFO - Tokens - Input: 4188, Output: 548, Total: 4736
{"id": 24, "ts": 1778096810.627563, "event": "public_discussion_message", "round": 2, "agent": "agent_3", "message": "Current position: Candidate C\nConfidence/uncertainty: High (around 75\u202f%)\nReasoning summary:\n- Key evidence used: Candidate\u202fC makes correct decisions quickly, keeps calm in a crisis, understands complicated technology, has excellent attention skills, puts concern for others above everything, and is described as 100\u202f% reliable and creates a positive crew atmosphere. These cover reliability, calmness under pressure, technical competence, and cooperation\u2014core criteria for long\u2011distance pilots.\n- Evidence from others: Agents\u202f1 and\u202f2 have both highlighted C\u2019s perfect reliability, positive crew atmosphere, and calmness in crises; they also reaffirm C\u2019s technical understanding and attention skills.\n- Alternatives considered:\n  * Candidate\u202fA \u2013 strong technical vision and leadership but unfriendly, unhealthy, and perceived as unorganized, raising reliability and crew\u2011cooperation concerns.\n  * Candidate\u202fB \u2013 very conscientious, handles stress well, good technical skills, yet described as pretentious, uses the wrong tone, and is uncooperative, which are serious cooperation drawbacks.\n  * Candidate\u202fD \u2013 excellent problem\u2011solving, concentration, and responsibility, but considered moody, a loner, and arrogant with weak leadership, harming crew dynamics.\n- Main tradeoff: Whether C\u2019s difficulty communicating ideas and egocentric tendency outweigh his perfect reliability and crew\u2011positive attitude. Compared with the more severe cooperation deficits of the other candidates, C\u2019s drawbacks appear less likely to jeopardize safety.\n- Remaining uncertainty: The practical impact of C\u2019s communication difficulties and egocentric trait on real\u2011world cockpit coordination during long\u2011haul missions.\n- What would change my vote: Concrete evidence that C\u2019s communication issues have led to critical misunderstandings or safety incidents, or convincing evidence that another candidate (e.g., B or D) can mitigate their cooperation deficits while offering comparable reliability and technical competence.\nMETADATA_JSON:\n{\"agent\": \"agent_3\", \"vote\": \"Candidate C\"}"}
2026-05-06 21:46:50,627 - INFO - Agent turns: 6
2026-05-06 21:46:56,138 - INFO - Tokens - Input: 4152, Output: 1034, Total: 5186
2026-05-06 21:46:56,140 - INFO - Memory updates: 16
{"id": 25, "ts": 1778096816.1402552, "event": "memory_updated", "agent": "agent_2", "round": 2}
2026-05-06 21:46:59,480 - INFO - Tokens - Input: 4191, Output: 1186, Total: 5377
2026-05-06 21:46:59,482 - INFO - Memory updates: 17
{"id": 26, "ts": 1778096819.4827988, "event": "memory_updated", "agent": "agent_1", "round": 2}
2026-05-06 21:47:00,275 - INFO - Tokens - Input: 4341, Output: 1354, Total: 5695
2026-05-06 21:47:00,278 - INFO - Memory updates: 18
{"id": 27, "ts": 1778096820.278306, "event": "memory_updated", "agent": "agent_3", "round": 2}
2026-05-06 21:47:00,288 - INFO - Loop 2 completed
2026-05-06 21:47:00,288 - INFO - Final Chosen Candidate: Candidate C
2026-05-06 21:47:00,288 - INFO - Final Decision Method: consensus
2026-05-06 21:47:00,289 - INFO - Final Vote Count: {'Candidate C': 3}
2026-05-06 21:47:00,289 - INFO - Correct Candidate: Candidate C
2026-05-06 21:47:00,289 - INFO - Decision Correct: 1
{"id": 28, "ts": 1778096820.611303, "event": "context_consistency_calculated", "method": "embedding_cosine", "mean_pairwise_similarity": 0.817004, "pairwise": [{"agent_a": "agent_1", "agent_b": "agent_2", "similarity": 0.873741}, {"agent_a": "agent_1", "agent_b": "agent_3", "similarity": 0.77748}, {"agent_a": "agent_2", "agent_b": "agent_3", "similarity": 0.799792}]}
{"id": 29, "ts": 1778096820.6114802, "event": "agent_memories_archived", "directory": "/home/lhegemann/git/bachelor_thesis/01_data/raw/simulations/high/high_20260506_181837_008/shared_mental_models", "round": 2}
{"id": 30, "ts": 1778096820.6115716, "event": "final_decision", "candidate": "Candidate C", "method": "consensus", "vote_count": {"Candidate C": 3}, "correct_candidate": "Candidate C", "decision_correct": 1, "round": 2}
2026-05-06 21:47:00,622 - INFO - ======================================================================
2026-05-06 21:47:00,623 - INFO - SIMULATION METRICS
2026-05-06 21:47:00,623 - INFO - ======================================================================
2026-05-06 21:47:00,623 - INFO - Total Loops: 2
2026-05-06 21:47:00,623 - INFO - Agent Turns (no vote checker): 6
2026-05-06 21:47:00,623 - INFO - Agent Tool Calls: 0
2026-05-06 21:47:00,623 - INFO - Agent Tool Messages: 0
2026-05-06 21:47:00,623 - INFO - Memory Updates: 18
2026-05-06 21:47:00,623 - INFO - Total Messages (no vote checker): 6
2026-05-06 21:47:00,623 - INFO - Input Tokens: 78899
2026-05-06 21:47:00,623 - INFO - Output Tokens: 27709
2026-05-06 21:47:00,623 - INFO - Total Tokens: 106608
2026-05-06 21:47:00,623 - INFO - Final Chosen Candidate: Candidate C
2026-05-06 21:47:00,624 - INFO - Final Decision Method: consensus
2026-05-06 21:47:00,624 - INFO - Final Vote Count: {'Candidate C': 3}
2026-05-06 21:47:00,624 - INFO - Correct Candidate: Candidate C
2026-05-06 21:47:00,624 - INFO - Decision Correct: 1
2026-05-06 21:47:00,624 - INFO - Runtime: 98.22s
2026-05-06 21:47:00,624 - INFO - ======================================================================
