2026-05-08 22:11:32,911 - INFO - Metrics tracker initialized
{"id": 1, "ts": 1778271092.9365246, "event": "memory_reset"}
{"id": 2, "ts": 1778271092.9395828, "event": "discussion_order", "round": 1, "order": ["agent_2", "agent_3", "agent_1"]}
2026-05-08 22:11:45,335 - INFO - Tokens - Input: 1689, Output: 706, Total: 2395
{"id": 3, "ts": 1778271105.3375583, "event": "public_discussion_message", "round": 1, "agent": "agent_2", "message": "I prefer Candidate A \u2013 has excellent spatial vision.\nMETADATA_JSON:\n{\"agent\": \"agent_2\", \"vote\": \"Candidate A\"}"}
2026-05-08 22:11:45,337 - INFO - Agent turns: 1
2026-05-08 22:11:52,098 - INFO - Tokens - Input: 1191, Output: 946, Total: 2137
2026-05-08 22:11:52,100 - INFO - Memory updates: 1
{"id": 4, "ts": 1778271112.100829, "event": "memory_updated", "agent": "agent_1", "round": 1}
2026-05-08 22:11:53,451 - INFO - Tokens - Input: 1186, Output: 1099, Total: 2285
2026-05-08 22:11:53,452 - INFO - Memory updates: 2
{"id": 5, "ts": 1778271113.4528847, "event": "memory_updated", "agent": "agent_3", "round": 1}
2026-05-08 22:12:06,923 - INFO - Tokens - Input: 1194, Output: 1421, Total: 2615
2026-05-08 22:12:06,925 - INFO - Memory updates: 3
{"id": 6, "ts": 1778271126.925973, "event": "memory_updated", "agent": "agent_2", "round": 1}
2026-05-08 22:12:13,031 - INFO - Tokens - Input: 2116, Output: 494, Total: 2610
{"id": 7, "ts": 1778271133.0323691, "event": "public_discussion_message", "round": 1, "agent": "agent_3", "message": "I prefer Candidate B \u2013 handles stress well.\nMETADATA_JSON:\n{\"agent\": \"agent_3\", \"vote\": \"Candidate B\"}"}
2026-05-08 22:12:13,032 - INFO - Agent turns: 2
2026-05-08 22:12:20,895 - INFO - Tokens - Input: 1624, Output: 970, Total: 2594
2026-05-08 22:12:20,898 - INFO - Memory updates: 4
{"id": 8, "ts": 1778271140.898183, "event": "memory_updated", "agent": "agent_3", "round": 1}
2026-05-08 22:12:21,727 - INFO - Tokens - Input: 1431, Output: 1149, Total: 2580
2026-05-08 22:12:21,729 - INFO - Memory updates: 5
{"id": 9, "ts": 1778271141.7292814, "event": "memory_updated", "agent": "agent_1", "round": 1}
2026-05-08 22:12:29,368 - INFO - Tokens - Input: 1721, Output: 1081, Total: 2802
2026-05-08 22:12:29,370 - INFO - Memory updates: 6
{"id": 10, "ts": 1778271149.370788, "event": "memory_updated", "agent": "agent_2", "round": 1}
2026-05-08 22:12:34,136 - INFO - Tokens - Input: 2011, Output: 577, Total: 2588
{"id": 11, "ts": 1778271154.13839, "event": "public_discussion_message", "round": 1, "agent": "agent_1", "message": "I prefer Candidate C \u2013 known to be 100% reliable.\nMETADATA_JSON:\n{\"agent\": \"agent_1\", \"vote\": \"Candidate C\"}"}
2026-05-08 22:12:34,138 - INFO - Agent turns: 3
2026-05-08 22:12:41,751 - INFO - Tokens - Input: 1527, Output: 1030, Total: 2557
2026-05-08 22:12:41,755 - INFO - Memory updates: 7
{"id": 12, "ts": 1778271161.7555954, "event": "memory_updated", "agent": "agent_1", "round": 1}
2026-05-08 22:12:43,213 - INFO - Tokens - Input: 1756, Output: 1191, Total: 2947
2026-05-08 22:12:43,214 - INFO - Memory updates: 8
{"id": 13, "ts": 1778271163.2151337, "event": "memory_updated", "agent": "agent_3", "round": 1}
2026-05-08 22:12:46,288 - INFO - Tokens - Input: 1809, Output: 1381, Total: 3190
2026-05-08 22:12:46,290 - INFO - Memory updates: 9
{"id": 14, "ts": 1778271166.2902615, "event": "memory_updated", "agent": "agent_2", "round": 1}
2026-05-08 22:12:46,299 - INFO - Loop 1 completed
{"id": 15, "ts": 1778271166.3056257, "event": "discussion_order", "round": 2, "order": ["agent_1", "agent_3", "agent_2"]}
2026-05-08 22:12:51,741 - INFO - Tokens - Input: 2081, Output: 598, Total: 2679
{"id": 16, "ts": 1778271171.742708, "event": "public_discussion_message", "round": 2, "agent": "agent_1", "message": "I prefer Candidate D \u2013 solves problems extremely well.\nMETADATA_JSON:\n{\"agent\": \"agent_1\", \"vote\": \"Candidate D\"}"}
2026-05-08 22:12:51,742 - INFO - Agent turns: 4
2026-05-08 22:13:00,322 - INFO - Tokens - Input: 1566, Output: 1171, Total: 2737
2026-05-08 22:13:00,323 - INFO - Memory updates: 10
{"id": 17, "ts": 1778271180.3240669, "event": "memory_updated", "agent": "agent_1", "round": 2}
2026-05-08 22:13:01,044 - INFO - Tokens - Input: 1844, Output: 1220, Total: 3064
2026-05-08 22:13:01,045 - INFO - Memory updates: 11
{"id": 18, "ts": 1778271181.0458536, "event": "memory_updated", "agent": "agent_3", "round": 2}
2026-05-08 22:13:02,429 - INFO - Tokens - Input: 2052, Output: 1306, Total: 3358
2026-05-08 22:13:02,430 - INFO - Memory updates: 12
{"id": 19, "ts": 1778271182.4309337, "event": "memory_updated", "agent": "agent_2", "round": 2}
2026-05-08 22:13:06,736 - INFO - Tokens - Input: 2499, Output: 246, Total: 2745
{"id": 20, "ts": 1778271186.737466, "event": "public_discussion_message", "round": 2, "agent": "agent_3", "message": "I prefer Candidate B \u2013 sometimes adopts the wrong tone when communicating.\nMETADATA_JSON:\n{\"agent\": \"agent_3\", \"vote\": \"Candidate B\"}"}
2026-05-08 22:13:06,737 - INFO - Agent turns: 5
2026-05-08 22:13:16,266 - INFO - Tokens - Input: 1743, Output: 1147, Total: 2890
2026-05-08 22:13:16,268 - INFO - Memory updates: 13
{"id": 21, "ts": 1778271196.268573, "event": "memory_updated", "agent": "agent_1", "round": 2}
2026-05-08 22:13:21,621 - INFO - Tokens - Input: 1891, Output: 1208, Total: 3099
2026-05-08 22:13:21,623 - INFO - Memory updates: 14
{"id": 22, "ts": 1778271201.6237087, "event": "memory_updated", "agent": "agent_2", "round": 2}
2026-05-08 22:13:24,666 - INFO - Tokens - Input: 2015, Output: 1175, Total: 3190
2026-05-08 22:13:24,668 - INFO - Memory updates: 15
{"id": 23, "ts": 1778271204.66838, "event": "memory_updated", "agent": "agent_3", "round": 2}
2026-05-08 22:13:29,789 - INFO - Tokens - Input: 2417, Output: 690, Total: 3107
{"id": 24, "ts": 1778271209.791389, "event": "public_discussion_message", "round": 2, "agent": "agent_2", "message": "I still favor Candidate\u202fA \u2013 but note he\u2019s regarded as a show\u2011off.\nMETADATA_JSON:\n{\"agent\": \"agent_2\", \"vote\": \"Candidate A\"}"}
2026-05-08 22:13:29,791 - INFO - Agent turns: 6
2026-05-08 22:13:35,538 - INFO - Tokens - Input: 1943, Output: 773, Total: 2716
2026-05-08 22:13:35,540 - INFO - Memory updates: 16
{"id": 25, "ts": 1778271215.540728, "event": "memory_updated", "agent": "agent_2", "round": 2}
2026-05-08 22:13:38,197 - INFO - Tokens - Input: 2070, Output: 1090, Total: 3160
2026-05-08 22:13:38,199 - INFO - Memory updates: 17
{"id": 26, "ts": 1778271218.1999688, "event": "memory_updated", "agent": "agent_3", "round": 2}
2026-05-08 22:13:38,599 - INFO - Tokens - Input: 1804, Output: 1229, Total: 3033
2026-05-08 22:13:38,601 - INFO - Memory updates: 18
{"id": 27, "ts": 1778271218.601776, "event": "memory_updated", "agent": "agent_1", "round": 2}
2026-05-08 22:13:38,610 - INFO - Loop 2 completed
{"id": 28, "ts": 1778271218.6169338, "event": "discussion_order", "round": 3, "order": ["agent_1", "agent_3", "agent_2"]}
2026-05-08 22:13:40,146 - INFO - Tokens - Input: 2411, Output: 137, Total: 2548
{"id": 29, "ts": 1778271220.1484382, "event": "public_discussion_message", "round": 3, "agent": "agent_1", "message": "Candidate D \u2013 relatively weak leadership skills.\nMETADATA_JSON:\n{\"agent\": \"agent_1\", \"vote\": \"Candidate D\"}"}
2026-05-08 22:13:40,148 - INFO - Agent turns: 7
2026-05-08 22:13:47,163 - INFO - Tokens - Input: 1701, Output: 947, Total: 2648
2026-05-08 22:13:47,164 - INFO - Memory updates: 19
{"id": 30, "ts": 1778271227.1650457, "event": "memory_updated", "agent": "agent_2", "round": 3}
2026-05-08 22:13:49,370 - INFO - Tokens - Input: 1971, Output: 1193, Total: 3164
2026-05-08 22:13:49,371 - INFO - Memory updates: 20
{"id": 31, "ts": 1778271229.3720171, "event": "memory_updated", "agent": "agent_3", "round": 3}
2026-05-08 22:13:52,586 - INFO - Tokens - Input: 1892, Output: 900, Total: 2792
2026-05-08 22:13:52,588 - INFO - Memory updates: 21
{"id": 32, "ts": 1778271232.588466, "event": "memory_updated", "agent": "agent_1", "round": 3}
2026-05-08 22:13:54,936 - INFO - Tokens - Input: 2501, Output: 157, Total: 2658
{"id": 33, "ts": 1778271234.938424, "event": "public_discussion_message", "round": 3, "agent": "agent_3", "message": "I prefer Candidate B \u2013 sometimes adopts the wrong tone when communicating.\nMETADATA_JSON:\n{\"agent\": \"agent_3\", \"vote\": \"Candidate B\"}"}
2026-05-08 22:13:54,938 - INFO - Agent turns: 8
2026-05-08 22:14:01,596 - INFO - Tokens - Input: 1839, Output: 901, Total: 2740
2026-05-08 22:14:01,598 - INFO - Memory updates: 22
{"id": 34, "ts": 1778271241.5988657, "event": "memory_updated", "agent": "agent_1", "round": 3}
2026-05-08 22:14:02,338 - INFO - Tokens - Input: 1764, Output: 867, Total: 2631
2026-05-08 22:14:02,340 - INFO - Memory updates: 23
{"id": 35, "ts": 1778271242.3407576, "event": "memory_updated", "agent": "agent_2", "round": 3}
2026-05-08 22:14:07,525 - INFO - Tokens - Input: 2017, Output: 862, Total: 2879
2026-05-08 22:14:07,526 - INFO - Memory updates: 24
{"id": 36, "ts": 1778271247.5270948, "event": "memory_updated", "agent": "agent_3", "round": 3}
2026-05-08 22:14:08,433 - INFO - Tokens - Input: 2290, Output: 104, Total: 2394
{"id": 37, "ts": 1778271248.4351304, "event": "public_discussion_message", "round": 3, "agent": "agent_2", "message": "I still favor Candidate\u202fA \u2013 noted as a show\u2011off.\nMETADATA_JSON:\n{\"agent\": \"agent_2\", \"vote\": \"Candidate A\"}"}
2026-05-08 22:14:08,435 - INFO - Agent turns: 9
2026-05-08 22:14:14,115 - INFO - Tokens - Input: 1808, Output: 782, Total: 2590
2026-05-08 22:14:14,117 - INFO - Memory updates: 25
{"id": 38, "ts": 1778271254.1179242, "event": "memory_updated", "agent": "agent_2", "round": 3}
2026-05-08 22:14:15,992 - INFO - Tokens - Input: 1763, Output: 1033, Total: 2796
2026-05-08 22:14:15,994 - INFO - Memory updates: 26
{"id": 39, "ts": 1778271255.9947546, "event": "memory_updated", "agent": "agent_1", "round": 3}
2026-05-08 22:14:19,886 - INFO - Tokens - Input: 1863, Output: 903, Total: 2766
2026-05-08 22:14:19,888 - INFO - Memory updates: 27
{"id": 40, "ts": 1778271259.8888738, "event": "memory_updated", "agent": "agent_3", "round": 3}
2026-05-08 22:14:19,897 - INFO - Loop 3 completed
{"id": 41, "ts": 1778271259.9043622, "event": "discussion_order", "round": 4, "order": ["agent_1", "agent_3", "agent_2"]}
2026-05-08 22:14:21,059 - INFO - Tokens - Input: 2327, Output: 137, Total: 2464
{"id": 42, "ts": 1778271261.0608106, "event": "public_discussion_message", "round": 4, "agent": "agent_1", "message": "Candidate D \u2013 relatively weak leadership skills.\nMETADATA_JSON:\n{\"agent\": \"agent_1\", \"vote\": \"Candidate D\"}"}
2026-05-08 22:14:21,060 - INFO - Agent turns: 10
2026-05-08 22:14:28,850 - INFO - Tokens - Input: 1905, Output: 1017, Total: 2922
2026-05-08 22:14:28,852 - INFO - Memory updates: 28
{"id": 43, "ts": 1778271268.8526123, "event": "memory_updated", "agent": "agent_3", "round": 4}
2026-05-08 22:14:30,190 - INFO - Tokens - Input: 1839, Output: 1244, Total: 3083
2026-05-08 22:14:30,191 - INFO - Memory updates: 29
{"id": 44, "ts": 1778271270.1920922, "event": "memory_updated", "agent": "agent_2", "round": 4}
2026-05-08 22:14:30,935 - INFO - Tokens - Input: 1808, Output: 822, Total: 2630
2026-05-08 22:14:30,937 - INFO - Memory updates: 30
{"id": 45, "ts": 1778271270.937566, "event": "memory_updated", "agent": "agent_1", "round": 4}
2026-05-08 22:14:32,563 - INFO - Tokens - Input: 2479, Output: 114, Total: 2593
{"id": 46, "ts": 1778271272.5652845, "event": "public_discussion_message", "round": 4, "agent": "agent_3", "message": "I still favor Candidate B \u2013 sometimes adopts the wrong tone when communicating.\nMETADATA_JSON:\n{\"agent\": \"agent_3\", \"vote\": \"Candidate B\"}"}
2026-05-08 22:14:32,565 - INFO - Agent turns: 11
2026-05-08 22:14:38,296 - INFO - Tokens - Input: 1796, Output: 769, Total: 2565
2026-05-08 22:14:38,297 - INFO - Memory updates: 31
{"id": 47, "ts": 1778271278.2981322, "event": "memory_updated", "agent": "agent_2", "round": 4}
2026-05-08 22:14:42,225 - INFO - Tokens - Input: 1847, Output: 781, Total: 2628
2026-05-08 22:14:42,228 - INFO - Memory updates: 32
{"id": 48, "ts": 1778271282.2281885, "event": "memory_updated", "agent": "agent_1", "round": 4}
2026-05-08 22:14:42,416 - INFO - Tokens - Input: 1997, Output: 1368, Total: 3365
2026-05-08 22:14:42,418 - INFO - Memory updates: 33
{"id": 49, "ts": 1778271282.418196, "event": "memory_updated", "agent": "agent_3", "round": 4}
2026-05-08 22:14:43,873 - INFO - Tokens - Input: 2323, Output: 158, Total: 2481
{"id": 50, "ts": 1778271283.8752036, "event": "public_discussion_message", "round": 4, "agent": "agent_2", "message": "I prefer Candidate A \u2013 regarded as a show\u2011off.\nMETADATA_JSON:\n{\"agent\": \"agent_2\", \"vote\": \"Candidate A\"}"}
2026-05-08 22:14:43,875 - INFO - Agent turns: 12
2026-05-08 22:14:49,644 - INFO - Tokens - Input: 1837, Output: 734, Total: 2571
2026-05-08 22:14:49,645 - INFO - Memory updates: 34
{"id": 51, "ts": 1778271289.6460366, "event": "memory_updated", "agent": "agent_2", "round": 4}
2026-05-08 22:14:50,343 - INFO - Tokens - Input: 1885, Output: 837, Total: 2722
2026-05-08 22:14:50,345 - INFO - Memory updates: 35
{"id": 52, "ts": 1778271290.345949, "event": "memory_updated", "agent": "agent_1", "round": 4}
2026-05-08 22:14:50,950 - INFO - Tokens - Input: 2035, Output: 950, Total: 2985
2026-05-08 22:14:50,952 - INFO - Memory updates: 36
{"id": 53, "ts": 1778271290.952526, "event": "memory_updated", "agent": "agent_3", "round": 4}
2026-05-08 22:14:50,961 - INFO - Loop 4 completed
{"id": 54, "ts": 1778271290.9675138, "event": "discussion_order", "round": 5, "order": ["agent_3", "agent_1", "agent_2"]}
2026-05-08 22:14:52,473 - INFO - Tokens - Input: 2585, Output: 129, Total: 2714
{"id": 55, "ts": 1778271292.4745417, "event": "public_discussion_message", "round": 5, "agent": "agent_3", "message": "I still favor Candidate B \u2013 handles stress well.\nMETADATA_JSON:\n{\"agent\": \"agent_3\", \"vote\": \"Candidate B\"}"}
2026-05-08 22:14:52,474 - INFO - Agent turns: 13
2026-05-08 22:14:58,650 - INFO - Tokens - Input: 1921, Output: 844, Total: 2765
2026-05-08 22:14:58,652 - INFO - Memory updates: 37
{"id": 56, "ts": 1778271298.652201, "event": "memory_updated", "agent": "agent_1", "round": 5}
2026-05-08 22:14:59,179 - INFO - Tokens - Input: 2070, Output: 914, Total: 2984
2026-05-08 22:14:59,181 - INFO - Memory updates: 38
{"id": 57, "ts": 1778271299.1815875, "event": "memory_updated", "agent": "agent_3", "round": 5}
2026-05-08 22:15:00,319 - INFO - Tokens - Input: 1881, Output: 993, Total: 2874
2026-05-08 22:15:00,321 - INFO - Memory updates: 39
{"id": 58, "ts": 1778271300.321755, "event": "memory_updated", "agent": "agent_2", "round": 5}
2026-05-08 22:15:03,575 - INFO - Tokens - Input: 2468, Output: 132, Total: 2600
{"id": 59, "ts": 1778271303.5767567, "event": "public_discussion_message", "round": 5, "agent": "agent_1", "message": "Candidate D \u2013 relatively weak leadership skills.\nMETADATA_JSON:\n{\"agent\": \"agent_1\", \"vote\": \"Candidate D\"}"}
2026-05-08 22:15:03,576 - INFO - Agent turns: 14
2026-05-08 22:15:09,810 - INFO - Tokens - Input: 2088, Output: 844, Total: 2932
2026-05-08 22:15:09,812 - INFO - Memory updates: 40
{"id": 60, "ts": 1778271309.8125725, "event": "memory_updated", "agent": "agent_3", "round": 5}
2026-05-08 22:15:11,024 - INFO - Tokens - Input: 1912, Output: 1001, Total: 2913
2026-05-08 22:15:11,026 - INFO - Memory updates: 41
{"id": 61, "ts": 1778271311.0268292, "event": "memory_updated", "agent": "agent_2", "round": 5}
2026-05-08 22:15:15,080 - INFO - Tokens - Input: 1974, Output: 804, Total: 2778
2026-05-08 22:15:15,082 - INFO - Memory updates: 42
{"id": 62, "ts": 1778271315.0824306, "event": "memory_updated", "agent": "agent_1", "round": 5}
2026-05-08 22:15:16,384 - INFO - Tokens - Input: 2443, Output: 143, Total: 2586
{"id": 63, "ts": 1778271316.3857198, "event": "public_discussion_message", "round": 5, "agent": "agent_2", "message": "I still prefer Candidate A \u2013 regarded as a show\u2011off.\nMETADATA_JSON:\n{\"agent\": \"agent_2\", \"vote\": \"Candidate A\"}"}
2026-05-08 22:15:16,385 - INFO - Agent turns: 15
2026-05-08 22:15:23,738 - INFO - Tokens - Input: 1959, Output: 863, Total: 2822
2026-05-08 22:15:23,740 - INFO - Memory updates: 43
{"id": 64, "ts": 1778271323.740424, "event": "memory_updated", "agent": "agent_2", "round": 5}
2026-05-08 22:15:24,079 - INFO - Tokens - Input: 2114, Output: 1041, Total: 3155
2026-05-08 22:15:24,080 - INFO - Memory updates: 44
{"id": 65, "ts": 1778271324.0808287, "event": "memory_updated", "agent": "agent_3", "round": 5}
2026-05-08 22:15:24,626 - INFO - Tokens - Input: 2020, Output: 1006, Total: 3026
2026-05-08 22:15:24,628 - INFO - Memory updates: 45
{"id": 66, "ts": 1778271324.6282463, "event": "memory_updated", "agent": "agent_1", "round": 5}
2026-05-08 22:15:24,638 - INFO - Loop 5 completed
2026-05-08 22:15:24,639 - INFO - Final Chosen Candidate: None
2026-05-08 22:15:24,639 - INFO - Final Decision Method: max_round_no_majority
2026-05-08 22:15:24,639 - INFO - Final Vote Count: {'Candidate D': 1, 'Candidate A': 1, 'Candidate B': 1}
2026-05-08 22:15:24,639 - INFO - Correct Candidate: Candidate C
2026-05-08 22:15:24,639 - INFO - Decision Correct: 0
{"id": 67, "ts": 1778271324.9998796, "event": "context_consistency_calculated", "method": "embedding_cosine", "mean_pairwise_similarity": 0.792825, "pairwise": [{"agent_a": "agent_1", "agent_b": "agent_2", "similarity": 0.918681}, {"agent_a": "agent_1", "agent_b": "agent_3", "similarity": 0.741773}, {"agent_a": "agent_2", "agent_b": "agent_3", "similarity": 0.71802}]}
{"id": 68, "ts": 1778271325.0000613, "event": "gold_standard_alignment_calculated", "method": "rule_based_binary_checks", "mean_alignment": 0.625, "by_agent": [{"agent": "agent_1", "score": 0.25, "checks": {"favorite_is_c": 0, "c_reliability": 0, "c_calmness": 0, "c_attention": 0, "c_crew_fit": 0, "a_risks": 0, "b_risks": 1, "d_risks": 1}}, {"agent": "agent_2", "score": 0.75, "checks": {"favorite_is_c": 0, "c_reliability": 1, "c_calmness": 1, "c_attention": 0, "c_crew_fit": 1, "a_risks": 1, "b_risks": 1, "d_risks": 1}}, {"agent": "agent_3", "score": 0.875, "checks": {"favorite_is_c": 0, "c_reliability": 1, "c_calmness": 1, "c_attention": 1, "c_crew_fit": 1, "a_risks": 1, "b_risks": 1, "d_risks": 1}}]}
{"id": 69, "ts": 1778271325.0001934, "event": "agent_memories_archived", "directory": "/home/lhegemann/git/bachelor_thesis/01_data/raw/simulations/low/low_treatment_20260508_195017_028/shared_mental_models", "round": 5}
{"id": 70, "ts": 1778271325.0002737, "event": "final_decision", "candidate": null, "method": "max_round_no_majority", "vote_count": {"Candidate D": 1, "Candidate A": 1, "Candidate B": 1}, "correct_candidate": "Candidate C", "decision_correct": 0, "round": 5}
2026-05-08 22:15:25,010 - INFO - ======================================================================
2026-05-08 22:15:25,010 - INFO - SIMULATION METRICS
2026-05-08 22:15:25,011 - INFO - ======================================================================
2026-05-08 22:15:25,011 - INFO - Total Loops: 5
2026-05-08 22:15:25,011 - INFO - Agent Turns (no vote checker): 15
2026-05-08 22:15:25,011 - INFO - Agent Tool Calls: 0
2026-05-08 22:15:25,011 - INFO - Agent Tool Messages: 0
2026-05-08 22:15:25,011 - INFO - Memory Updates: 45
2026-05-08 22:15:25,011 - INFO - Total Messages (no vote checker): 15
2026-05-08 22:15:25,011 - INFO - Input Tokens: 116513
2026-05-08 22:15:25,011 - INFO - Output Tokens: 50329
2026-05-08 22:15:25,011 - INFO - Total Tokens: 166842
2026-05-08 22:15:25,011 - INFO - Final Chosen Candidate: None
2026-05-08 22:15:25,011 - INFO - Final Decision Method: max_round_no_majority
2026-05-08 22:15:25,011 - INFO - Final Vote Count: {'Candidate D': 1, 'Candidate A': 1, 'Candidate B': 1}
2026-05-08 22:15:25,011 - INFO - Correct Candidate: Candidate C
2026-05-08 22:15:25,012 - INFO - Decision Correct: 0
2026-05-08 22:15:25,012 - INFO - Runtime: 232.10s
2026-05-08 22:15:25,012 - INFO - ======================================================================
