2026-05-16 21:24:47,401 - INFO - Metrics tracker initialized
{"id": 1, "ts": 1778959487.4311714, "event": "memory_reset"}
{"id": 2, "ts": 1778959487.4348075, "event": "discussion_order", "round": 1, "order": ["agent_3", "agent_1", "agent_2"]}
2026-05-16 21:24:54,504 - INFO - Tokens - Input: 1936, Output: 708, Total: 2644
{"id": 3, "ts": 1778959494.506354, "event": "public_discussion_message", "round": 1, "agent": "agent_3", "message": "Candidate B \u2013 handles stress very well.\nMETADATA_JSON:\n{\"agent\": \"agent_3\", \"vote\": \"Candidate B\"}"}
2026-05-16 21:24:54,506 - INFO - Agent turns: 1
2026-05-16 21:25:02,347 - INFO - Tokens - Input: 1576, Output: 575, Total: 2151
2026-05-16 21:25:02,350 - INFO - Memory updates: 1
{"id": 4, "ts": 1778959502.3507726, "event": "memory_updated", "agent": "agent_1", "round": 1}
2026-05-16 21:25:02,653 - INFO - Tokens - Input: 1579, Output: 606, Total: 2185
2026-05-16 21:25:02,655 - INFO - Memory updates: 2
{"id": 5, "ts": 1778959502.6553056, "event": "memory_updated", "agent": "agent_2", "round": 1}
2026-05-16 21:25:04,549 - INFO - Tokens - Input: 1571, Output: 853, Total: 2424
2026-05-16 21:25:04,551 - INFO - Memory updates: 3
{"id": 6, "ts": 1778959504.5520751, "event": "memory_updated", "agent": "agent_3", "round": 1}
2026-05-16 21:25:09,096 - INFO - Tokens - Input: 1926, Output: 552, Total: 2478
{"id": 7, "ts": 1778959509.0978746, "event": "public_discussion_message", "round": 1, "agent": "agent_1", "message": "Candidate C \u2013 known to be 100% reliable.\nMETADATA_JSON:\n{\"agent\": \"agent_1\", \"vote\": \"Candidate C\"}"}
2026-05-16 21:25:09,098 - INFO - Agent turns: 2
2026-05-16 21:25:18,403 - INFO - Tokens - Input: 1603, Output: 668, Total: 2271
2026-05-16 21:25:18,405 - INFO - Memory updates: 4
{"id": 8, "ts": 1778959518.4057431, "event": "memory_updated", "agent": "agent_3", "round": 1}
2026-05-16 21:25:19,532 - INFO - Tokens - Input: 1573, Output: 788, Total: 2361
2026-05-16 21:25:19,534 - INFO - Memory updates: 5
{"id": 9, "ts": 1778959519.5348086, "event": "memory_updated", "agent": "agent_2", "round": 1}
2026-05-16 21:25:21,476 - INFO - Tokens - Input: 1570, Output: 1036, Total: 2606
2026-05-16 21:25:21,478 - INFO - Memory updates: 6
{"id": 10, "ts": 1778959521.4787402, "event": "memory_updated", "agent": "agent_1", "round": 1}
2026-05-16 21:25:27,631 - INFO - Tokens - Input: 1982, Output: 746, Total: 2728
{"id": 11, "ts": 1778959527.6328728, "event": "public_discussion_message", "round": 1, "agent": "agent_2", "message": "Candidate A \u2013 very good leadership qualities.\nMETADATA_JSON:\n{\"agent\": \"agent_2\", \"vote\": \"Candidate A\"}"}
2026-05-16 21:25:27,633 - INFO - Agent turns: 3
2026-05-16 21:25:43,663 - INFO - Tokens - Input: 1623, Output: 1205, Total: 2828
2026-05-16 21:25:43,666 - INFO - Memory updates: 7
{"id": 12, "ts": 1778959543.6665647, "event": "memory_updated", "agent": "agent_2", "round": 1}
2026-05-16 21:25:43,928 - INFO - Tokens - Input: 1639, Output: 1231, Total: 2870
2026-05-16 21:25:43,931 - INFO - Memory updates: 8
{"id": 13, "ts": 1778959543.9312065, "event": "memory_updated", "agent": "agent_3", "round": 1}
2026-05-16 21:25:43,967 - INFO - Tokens - Input: 1639, Output: 1238, Total: 2877
2026-05-16 21:25:43,969 - INFO - Memory updates: 9
{"id": 14, "ts": 1778959543.9696028, "event": "memory_updated", "agent": "agent_1", "round": 1}
2026-05-16 21:25:43,977 - INFO - Loop 1 completed
{"id": 15, "ts": 1778959543.9847863, "event": "discussion_order", "round": 2, "order": ["agent_1", "agent_2", "agent_3"]}
2026-05-16 21:25:48,367 - INFO - Tokens - Input: 2099, Output: 498, Total: 2597
{"id": 16, "ts": 1778959548.368975, "event": "public_discussion_message", "round": 2, "agent": "agent_1", "message": "Candidate A \u2013 very good leadership qualities.\nMETADATA_JSON:\n{\"agent\": \"agent_1\", \"vote\": \"Candidate A\"}"}
2026-05-16 21:25:48,369 - INFO - Agent turns: 4
2026-05-16 21:26:00,896 - INFO - Tokens - Input: 1708, Output: 888, Total: 2596
2026-05-16 21:26:00,899 - INFO - Memory updates: 10
{"id": 17, "ts": 1778959560.8992875, "event": "memory_updated", "agent": "agent_2", "round": 2}
2026-05-16 21:26:06,101 - INFO - Tokens - Input: 1737, Output: 1431, Total: 3168
2026-05-16 21:26:06,103 - INFO - Memory updates: 11
{"id": 18, "ts": 1778959566.1038585, "event": "memory_updated", "agent": "agent_3", "round": 2}
2026-05-16 21:26:09,426 - INFO - Tokens - Input: 1740, Output: 1849, Total: 3589
2026-05-16 21:26:09,428 - INFO - Memory updates: 12
{"id": 19, "ts": 1778959569.4287531, "event": "memory_updated", "agent": "agent_1", "round": 2}
2026-05-16 21:26:17,494 - INFO - Tokens - Input: 2118, Output: 978, Total: 3096
{"id": 20, "ts": 1778959577.496555, "event": "public_discussion_message", "round": 2, "agent": "agent_2", "message": "Candidate A \u2013 very good leadership qualities.\nMETADATA_JSON:\n{\"agent\": \"agent_2\", \"vote\": \"Candidate A\"}"}
2026-05-16 21:26:17,496 - INFO - Agent turns: 5
2026-05-16 21:26:20,399 - INFO - Tokens - Input: 1759, Output: 161, Total: 1920
2026-05-16 21:26:20,404 - INFO - Memory updates: 13
{"id": 21, "ts": 1778959580.40444, "event": "memory_updated", "agent": "agent_2", "round": 2}
2026-05-16 21:26:21,276 - INFO - Tokens - Input: 2083, Output: 256, Total: 2339
2026-05-16 21:26:21,278 - INFO - Memory updates: 14
{"id": 22, "ts": 1778959581.2791233, "event": "memory_updated", "agent": "agent_1", "round": 2}
2026-05-16 21:26:23,241 - INFO - Tokens - Input: 1793, Output: 508, Total: 2301
2026-05-16 21:26:23,243 - INFO - Memory updates: 15
{"id": 23, "ts": 1778959583.2439895, "event": "memory_updated", "agent": "agent_3", "round": 2}
2026-05-16 21:26:34,570 - INFO - Tokens - Input: 2188, Output: 1428, Total: 3616
{"id": 24, "ts": 1778959594.5722055, "event": "public_discussion_message", "round": 2, "agent": "agent_3", "message": "Candidate B \u2013 handles stress very well.\nMETADATA_JSON:\n{\"agent\": \"agent_3\", \"vote\": \"Candidate B\"}"}
2026-05-16 21:26:34,572 - INFO - Agent turns: 6
2026-05-16 21:26:37,649 - INFO - Tokens - Input: 1829, Output: 190, Total: 2019
2026-05-16 21:26:37,652 - INFO - Memory updates: 16
{"id": 25, "ts": 1778959597.6524744, "event": "memory_updated", "agent": "agent_3", "round": 2}
2026-05-16 21:26:38,600 - INFO - Tokens - Input: 2119, Output: 296, Total: 2415
2026-05-16 21:26:38,602 - INFO - Memory updates: 17
{"id": 26, "ts": 1778959598.6031146, "event": "memory_updated", "agent": "agent_1", "round": 2}
2026-05-16 21:26:39,697 - INFO - Tokens - Input: 1795, Output: 443, Total: 2238
2026-05-16 21:26:39,699 - INFO - Memory updates: 18
{"id": 27, "ts": 1778959599.6998196, "event": "memory_updated", "agent": "agent_2", "round": 2}
2026-05-16 21:26:39,708 - INFO - Loop 2 completed
{"id": 28, "ts": 1778959599.7149804, "event": "discussion_order", "round": 3, "order": ["agent_2", "agent_3", "agent_1"]}
2026-05-16 21:26:40,966 - INFO - Tokens - Input: 2190, Output: 117, Total: 2307
{"id": 29, "ts": 1778959600.9681954, "event": "public_discussion_message", "round": 3, "agent": "agent_2", "message": "Candidate A \u2013 very good leadership qualities.\nMETADATA_JSON:\n{\"agent\": \"agent_2\", \"vote\": \"Candidate A\"}"}
2026-05-16 21:26:40,968 - INFO - Agent turns: 7
2026-05-16 21:26:45,571 - INFO - Tokens - Input: 2155, Output: 331, Total: 2486
2026-05-16 21:26:45,573 - INFO - Memory updates: 19
{"id": 30, "ts": 1778959605.5740473, "event": "memory_updated", "agent": "agent_1", "round": 3}
2026-05-16 21:26:45,707 - INFO - Tokens - Input: 1831, Output: 344, Total: 2175
2026-05-16 21:26:45,709 - INFO - Memory updates: 20
{"id": 31, "ts": 1778959605.709863, "event": "memory_updated", "agent": "agent_2", "round": 3}
2026-05-16 21:26:46,221 - INFO - Tokens - Input: 1865, Output: 411, Total: 2276
2026-05-16 21:26:46,224 - INFO - Memory updates: 21
{"id": 32, "ts": 1778959606.2243643, "event": "memory_updated", "agent": "agent_3", "round": 3}
2026-05-16 21:26:53,339 - INFO - Tokens - Input: 2260, Output: 865, Total: 3125
{"id": 33, "ts": 1778959613.3405948, "event": "public_discussion_message", "round": 3, "agent": "agent_3", "message": "Candidate B \u2013 handles stress very well.\nMETADATA_JSON:\n{\"agent\": \"agent_3\", \"vote\": \"Candidate B\"}"}
2026-05-16 21:26:53,340 - INFO - Agent turns: 8
2026-05-16 21:26:58,406 - INFO - Tokens - Input: 2191, Output: 365, Total: 2556
2026-05-16 21:26:58,408 - INFO - Memory updates: 22
{"id": 34, "ts": 1778959618.4090092, "event": "memory_updated", "agent": "agent_1", "round": 3}
2026-05-16 21:26:58,436 - INFO - Tokens - Input: 1901, Output: 367, Total: 2268
2026-05-16 21:26:58,438 - INFO - Memory updates: 23
{"id": 35, "ts": 1778959618.438781, "event": "memory_updated", "agent": "agent_3", "round": 3}
2026-05-16 21:26:59,796 - INFO - Tokens - Input: 1867, Output: 543, Total: 2410
2026-05-16 21:26:59,799 - INFO - Memory updates: 24
{"id": 36, "ts": 1778959619.799353, "event": "memory_updated", "agent": "agent_2", "round": 3}
2026-05-16 21:27:01,078 - INFO - Tokens - Input: 2586, Output: 118, Total: 2704
{"id": 37, "ts": 1778959621.0801234, "event": "public_discussion_message", "round": 3, "agent": "agent_1", "message": "Candidate A \u2013 very good leadership qualities\nMETADATA_JSON:\n{\"agent\": \"agent_1\", \"vote\": \"Candidate A\"}"}
2026-05-16 21:27:01,080 - INFO - Agent turns: 9
2026-05-16 21:27:06,722 - INFO - Tokens - Input: 1903, Output: 377, Total: 2280
2026-05-16 21:27:06,724 - INFO - Memory updates: 25
{"id": 38, "ts": 1778959626.724554, "event": "memory_updated", "agent": "agent_2", "round": 3}
2026-05-16 21:27:07,216 - INFO - Tokens - Input: 2227, Output: 430, Total: 2657
2026-05-16 21:27:07,218 - INFO - Memory updates: 26
{"id": 39, "ts": 1778959627.21902, "event": "memory_updated", "agent": "agent_1", "round": 3}
2026-05-16 21:27:08,638 - INFO - Tokens - Input: 1937, Output: 613, Total: 2550
2026-05-16 21:27:08,641 - INFO - Memory updates: 27
{"id": 40, "ts": 1778959628.641406, "event": "memory_updated", "agent": "agent_3", "round": 3}
2026-05-16 21:27:08,650 - INFO - Loop 3 completed
{"id": 41, "ts": 1778959628.6569743, "event": "discussion_order", "round": 4, "order": ["agent_1", "agent_3", "agent_2"]}
2026-05-16 21:27:10,428 - INFO - Tokens - Input: 2622, Output: 164, Total: 2786
{"id": 42, "ts": 1778959630.4295335, "event": "public_discussion_message", "round": 4, "agent": "agent_1", "message": "Candidate A \u2013 very good leadership qualities\nMETADATA_JSON:\n{\"agent\": \"agent_1\", \"vote\": \"Candidate A\"}"}
2026-05-16 21:27:10,429 - INFO - Agent turns: 10
2026-05-16 21:27:16,094 - INFO - Tokens - Input: 1939, Output: 415, Total: 2354
2026-05-16 21:27:16,097 - INFO - Memory updates: 28
{"id": 43, "ts": 1778959636.0972564, "event": "memory_updated", "agent": "agent_2", "round": 4}
2026-05-16 21:27:16,833 - INFO - Tokens - Input: 2263, Output: 494, Total: 2757
2026-05-16 21:27:16,836 - INFO - Memory updates: 29
{"id": 44, "ts": 1778959636.836799, "event": "memory_updated", "agent": "agent_1", "round": 4}
2026-05-16 21:27:18,411 - INFO - Tokens - Input: 1973, Output: 697, Total: 2670
2026-05-16 21:27:18,413 - INFO - Memory updates: 30
{"id": 45, "ts": 1778959638.4135094, "event": "memory_updated", "agent": "agent_3", "round": 4}
2026-05-16 21:27:24,563 - INFO - Tokens - Input: 2368, Output: 720, Total: 3088
{"id": 46, "ts": 1778959644.565209, "event": "public_discussion_message", "round": 4, "agent": "agent_3", "message": "Candidate B \u2013 handles stress very well.\nMETADATA_JSON:\n{\"agent\": \"agent_3\", \"vote\": \"Candidate B\"}"}
2026-05-16 21:27:24,565 - INFO - Agent turns: 11
2026-05-16 21:27:28,959 - INFO - Tokens - Input: 2009, Output: 324, Total: 2333
2026-05-16 21:27:28,962 - INFO - Memory updates: 31
{"id": 47, "ts": 1778959648.9623723, "event": "memory_updated", "agent": "agent_3", "round": 4}
2026-05-16 21:27:29,219 - INFO - Tokens - Input: 2299, Output: 352, Total: 2651
2026-05-16 21:27:29,222 - INFO - Memory updates: 32
{"id": 48, "ts": 1778959649.2229369, "event": "memory_updated", "agent": "agent_1", "round": 4}
2026-05-16 21:27:29,651 - INFO - Tokens - Input: 1975, Output: 406, Total: 2381
2026-05-16 21:27:29,653 - INFO - Memory updates: 33
{"id": 49, "ts": 1778959649.6535723, "event": "memory_updated", "agent": "agent_2", "round": 4}
2026-05-16 21:27:37,017 - INFO - Tokens - Input: 2370, Output: 897, Total: 3267
{"id": 50, "ts": 1778959657.0191066, "event": "public_discussion_message", "round": 4, "agent": "agent_2", "message": "Candidate B \u2013 handles stress very well.\nMETADATA_JSON:\n{\"agent\": \"agent_2\", \"vote\": \"Candidate B\"}"}
2026-05-16 21:27:37,019 - INFO - Agent turns: 12
2026-05-16 21:27:50,790 - INFO - Tokens - Input: 2335, Output: 990, Total: 3325
2026-05-16 21:27:50,794 - INFO - Memory updates: 34
{"id": 51, "ts": 1778959670.7942529, "event": "memory_updated", "agent": "agent_1", "round": 4}
2026-05-16 21:27:51,462 - INFO - Tokens - Input: 2045, Output: 1057, Total: 3102
2026-05-16 21:27:51,464 - INFO - Memory updates: 35
{"id": 52, "ts": 1778959671.4649699, "event": "memory_updated", "agent": "agent_3", "round": 4}
2026-05-16 21:27:54,241 - INFO - Tokens - Input: 2011, Output: 1409, Total: 3420
2026-05-16 21:27:54,244 - INFO - Memory updates: 36
{"id": 53, "ts": 1778959674.244356, "event": "memory_updated", "agent": "agent_2", "round": 4}
2026-05-16 21:27:54,252 - INFO - Loop 4 completed
{"id": 54, "ts": 1778959674.259073, "event": "discussion_order", "round": 5, "order": ["agent_1", "agent_2", "agent_3"]}
2026-05-16 21:27:56,060 - INFO - Tokens - Input: 2757, Output: 166, Total: 2923
{"id": 55, "ts": 1778959676.0615656, "event": "public_discussion_message", "round": 5, "agent": "agent_1", "message": "Candidate A \u2013 very good leadership qualities\nMETADATA_JSON:\n{\"agent\": \"agent_1\", \"vote\": \"Candidate A\"}"}
2026-05-16 21:27:56,061 - INFO - Agent turns: 13
2026-05-16 21:28:03,046 - INFO - Tokens - Input: 2082, Output: 475, Total: 2557
2026-05-16 21:28:03,049 - INFO - Memory updates: 37
{"id": 56, "ts": 1778959683.049641, "event": "memory_updated", "agent": "agent_2", "round": 5}
2026-05-16 21:28:06,033 - INFO - Tokens - Input: 2398, Output: 786, Total: 3184
2026-05-16 21:28:06,036 - INFO - Memory updates: 38
{"id": 57, "ts": 1778959686.0362213, "event": "memory_updated", "agent": "agent_1", "round": 5}
2026-05-16 21:28:11,393 - INFO - Tokens - Input: 2101, Output: 1446, Total: 3547
2026-05-16 21:28:11,395 - INFO - Memory updates: 39
{"id": 58, "ts": 1778959691.395698, "event": "memory_updated", "agent": "agent_3", "round": 5}
2026-05-16 21:28:22,241 - INFO - Tokens - Input: 2477, Output: 1303, Total: 3780
{"id": 59, "ts": 1778959702.2427728, "event": "public_discussion_message", "round": 5, "agent": "agent_2", "message": "Candidate B \u2013 handles stress very well.\nMETADATA_JSON:\n{\"agent\": \"agent_2\", \"vote\": \"Candidate B\"}"}
2026-05-16 21:28:22,242 - INFO - Agent turns: 14
2026-05-16 21:28:26,860 - INFO - Tokens - Input: 2118, Output: 290, Total: 2408
2026-05-16 21:28:26,863 - INFO - Memory updates: 40
{"id": 60, "ts": 1778959706.8634143, "event": "memory_updated", "agent": "agent_2", "round": 5}
2026-05-16 21:28:27,949 - INFO - Tokens - Input: 2157, Output: 403, Total: 2560
2026-05-16 21:28:27,951 - INFO - Memory updates: 41
{"id": 61, "ts": 1778959707.9516265, "event": "memory_updated", "agent": "agent_3", "round": 5}
2026-05-16 21:28:34,062 - INFO - Tokens - Input: 2451, Output: 1188, Total: 3639
2026-05-16 21:28:34,065 - INFO - Memory updates: 42
{"id": 62, "ts": 1778959714.0655262, "event": "memory_updated", "agent": "agent_1", "round": 5}
2026-05-16 21:28:38,962 - INFO - Tokens - Input: 2552, Output: 572, Total: 3124
{"id": 63, "ts": 1778959718.9635108, "event": "public_discussion_message", "round": 5, "agent": "agent_3", "message": "Candidate B \u2013 handles stress very well.\nMETADATA_JSON:\n{\"agent\": \"agent_3\", \"vote\": \"Candidate B\"}"}
2026-05-16 21:28:38,963 - INFO - Agent turns: 15
2026-05-16 21:28:43,216 - INFO - Tokens - Input: 2486, Output: 281, Total: 2767
2026-05-16 21:28:43,219 - INFO - Memory updates: 43
{"id": 64, "ts": 1778959723.2193334, "event": "memory_updated", "agent": "agent_1", "round": 5}
2026-05-16 21:28:43,811 - INFO - Tokens - Input: 2154, Output: 344, Total: 2498
2026-05-16 21:28:43,813 - INFO - Memory updates: 44
{"id": 65, "ts": 1778959723.8134508, "event": "memory_updated", "agent": "agent_2", "round": 5}
2026-05-16 21:28:59,476 - INFO - Tokens - Input: 2193, Output: 2382, Total: 4575
2026-05-16 21:28:59,479 - INFO - Memory updates: 45
{"id": 66, "ts": 1778959739.479967, "event": "memory_updated", "agent": "agent_3", "round": 5}
2026-05-16 21:28:59,490 - INFO - Loop 5 completed
2026-05-16 21:28:59,490 - INFO - Final Chosen Candidate: Candidate B
2026-05-16 21:28:59,490 - INFO - Final Decision Method: max_round_majority_vote
2026-05-16 21:28:59,490 - INFO - Final Vote Count: {'Candidate A': 1, 'Candidate B': 2}
2026-05-16 21:28:59,491 - INFO - Correct Candidate: Candidate C
2026-05-16 21:28:59,491 - INFO - Decision Correct: 0
{"id": 67, "ts": 1778959740.0880253, "event": "context_consistency_calculated", "method": "weighted_section_embedding_cosine", "mean_pairwise_similarity": 0.812199, "pairwise": [{"agent_a": "agent_1", "agent_b": "agent_2", "similarity": 0.826321, "sections": [{"section": "task_summary", "weight": 0.02, "similarity": 1.0}, {"section": "revealed_facts_by_source", "weight": 0.3, "similarity": 0.981845}, {"section": "candidate_evaluation", "weight": 0.35, "similarity": 0.613081}, {"section": "other_agents_positions", "weight": 0.15, "similarity": 0.965324}, {"section": "emerging_group_view", "weight": 0.13, "similarity": 0.78762}, {"section": "open_questions_next_step_focus", "weight": 0.05, "similarity": 1.0}]}, {"agent_a": "agent_1", "agent_b": "agent_3", "similarity": 0.858313, "sections": [{"section": "task_summary", "weight": 0.02, "similarity": 1.0}, {"section": "revealed_facts_by_source", "weight": 0.3, "similarity": 0.775302}, {"section": "candidate_evaluation", "weight": 0.35, "similarity": 0.841574}, {"section": "other_agents_positions", "weight": 0.15, "similarity": 1.0}, {"section": "emerging_group_view", "weight": 0.13, "similarity": 0.855165}, {"section": "open_questions_next_step_focus", "weight": 0.05, "similarity": 1.0}]}, {"agent_a": "agent_2", "agent_b": "agent_3", "similarity": 0.751962, "sections": [{"section": "task_summary", "weight": 0.02, "similarity": 1.0}, {"section": "revealed_facts_by_source", "weight": 0.3, "similarity": 0.775199}, {"section": "candidate_evaluation", "weight": 0.35, "similarity": 0.559532}, {"section": "other_agents_positions", "weight": 0.15, "similarity": 0.965324}, {"section": "emerging_group_view", "weight": 0.13, "similarity": 0.83667}, {"section": "open_questions_next_step_focus", "weight": 0.05, "similarity": 1.0}]}]}
{"id": 68, "ts": 1778959740.088157, "event": "gold_standard_alignment_calculated", "method": "rule_based_fact_coverage", "mean_alignment": 0.441667, "by_agent": [{"agent": "agent_1", "score": 0.575, "matched_facts": 23, "total_facts": 40, "matched_public_facts": 15, "total_public_facts": 16, "public_fact_coverage": 0.9375, "matched_own_private_facts": 8, "total_own_private_facts": 8, "own_private_fact_coverage": 1.0, "matched_other_private_facts": 0, "total_other_private_facts": 16, "other_private_fact_coverage": 0.0, "checks": {"public_candidate_a_can_anticipate_dangerous_situations": 1, "public_candidate_a_is_able_to_see_complex_connections": 1, "public_candidate_a_has_excellent_spatial_vision": 1, "public_candidate_a_has_very_good_leadership_qualities": 1, "public_candidate_b_is_very_conscientious": 1, "public_candidate_b_handles_stress_very_well": 1, "public_candidate_b_is_good_at_assessing_weather_conditions": 1, "public_candidate_b_has_excellent_computer_skills": 1, "public_candidate_c_can_make_correct_decisions_quickly": 1, "public_candidate_c_has_difficulty_communicating_ideas": 1, "public_candidate_c_is_regarded_as_egocentric": 1, "public_candidate_c_is_not_very_willing_to_further_his_education": 1, "public_candidate_d_responds_to_unexpected_events_adequately": 0, "public_candidate_d_can_concentrate_very_well": 1, "public_candidate_d_solves_problems_extremely_well": 1, "public_candidate_d_takes_responsibility_seriously": 1, "agent_1_candidate_a_is_sometimes_not_good_at_taking_criticism": 1, "agent_1_candidate_a_can_be_unorganized": 1, "agent_1_candidate_b_can_be_grumpy": 1, "agent_1_candidate_b_can_be_uncooperative": 1, "agent_1_candidate_c_is_known_to_be_100_percent_reliable": 1, "agent_1_candidate_c_creates_a_positive_atmosphere_with_his_crew": 1, "agent_1_candidate_d_is_regarded_as_arrogant": 1, "agent_1_candidate_d_has_relatively_weak_leadership_skills": 1, "agent_2_candidate_a_is_regarded_as_a_show_off": 0, "agent_2_candidate_a_is_regarded_as_being_not_open_to_new_ideas": 0, "agent_2_candidate_b_has_a_relatively_weak_memory_for_numbers": 0, "agent_2_candidate_b_makes_nasty_remarks_about_his_colleagues": 0, "agent_2_candidate_c_keeps_calm_in_a_crisis": 0, "agent_2_candidate_c_understands_complicated_technology": 0, "agent_2_candidate_d_is_regarded_as_a_know_it_all": 0, "agent_2_candidate_d_has_a_hot_temper": 0, "agent_3_candidate_a_is_unfriendly": 0, "agent_3_candidate_a_eats_unhealthily": 0, "agent_3_candidate_b_is_regarded_as_pretentious": 0, "agent_3_candidate_b_sometimes_adopts_the_wrong_tone_when_communicating": 0, "agent_3_candidate_c_puts_concern_for_others_above_everything": 0, "agent_3_candidate_c_has_excellent_attention_skills": 0, "agent_3_candidate_d_is_considered_moody": 0, "agent_3_candidate_d_is_regarded_as_a_loner": 0}}, {"agent": "agent_2", "score": 0.125, "matched_facts": 5, "total_facts": 40, "matched_public_facts": 2, "total_public_facts": 16, "public_fact_coverage": 0.125, "matched_own_private_facts": 2, "total_own_private_facts": 8, "own_private_fact_coverage": 0.25, "matched_other_private_facts": 1, "total_other_private_facts": 16, "other_private_fact_coverage": 0.0625, "checks": {"public_candidate_a_can_anticipate_dangerous_situations": 0, "public_candidate_a_is_able_to_see_complex_connections": 0, "public_candidate_a_has_excellent_spatial_vision": 0, "public_candidate_a_has_very_good_leadership_qualities": 1, "public_candidate_b_is_very_conscientious": 0, "public_candidate_b_handles_stress_very_well": 1, "public_candidate_b_is_good_at_assessing_weather_conditions": 0, "public_candidate_b_has_excellent_computer_skills": 0, "public_candidate_c_can_make_correct_decisions_quickly": 0, "public_candidate_c_has_difficulty_communicating_ideas": 0, "public_candidate_c_is_regarded_as_egocentric": 0, "public_candidate_c_is_not_very_willing_to_further_his_education": 0, "public_candidate_d_responds_to_unexpected_events_adequately": 0, "public_candidate_d_can_concentrate_very_well": 0, "public_candidate_d_solves_problems_extremely_well": 0, "public_candidate_d_takes_responsibility_seriously": 0, "agent_1_candidate_a_is_sometimes_not_good_at_taking_criticism": 0, "agent_1_candidate_a_can_be_unorganized": 0, "agent_1_candidate_b_can_be_grumpy": 0, "agent_1_candidate_b_can_be_uncooperative": 0, "agent_1_candidate_c_is_known_to_be_100_percent_reliable": 1, "agent_1_candidate_c_creates_a_positive_atmosphere_with_his_crew": 0, "agent_1_candidate_d_is_regarded_as_arrogant": 0, "agent_1_candidate_d_has_relatively_weak_leadership_skills": 0, "agent_2_candidate_a_is_regarded_as_a_show_off": 0, "agent_2_candidate_a_is_regarded_as_being_not_open_to_new_ideas": 0, "agent_2_candidate_b_has_a_relatively_weak_memory_for_numbers": 1, "agent_2_candidate_b_makes_nasty_remarks_about_his_colleagues": 1, "agent_2_candidate_c_keeps_calm_in_a_crisis": 0, "agent_2_candidate_c_understands_complicated_technology": 0, "agent_2_candidate_d_is_regarded_as_a_know_it_all": 0, "agent_2_candidate_d_has_a_hot_temper": 0, "agent_3_candidate_a_is_unfriendly": 0, "agent_3_candidate_a_eats_unhealthily": 0, "agent_3_candidate_b_is_regarded_as_pretentious": 0, "agent_3_candidate_b_sometimes_adopts_the_wrong_tone_when_communicating": 0, "agent_3_candidate_c_puts_concern_for_others_above_everything": 0, "agent_3_candidate_c_has_excellent_attention_skills": 0, "agent_3_candidate_d_is_considered_moody": 0, "agent_3_candidate_d_is_regarded_as_a_loner": 0}}, {"agent": "agent_3", "score": 0.625, "matched_facts": 25, "total_facts": 40, "matched_public_facts": 16, "total_public_facts": 16, "public_fact_coverage": 1.0, "matched_own_private_facts": 8, "total_own_private_facts": 8, "own_private_fact_coverage": 1.0, "matched_other_private_facts": 1, "total_other_private_facts": 16, "other_private_fact_coverage": 0.0625, "checks": {"public_candidate_a_can_anticipate_dangerous_situations": 1, "public_candidate_a_is_able_to_see_complex_connections": 1, "public_candidate_a_has_excellent_spatial_vision": 1, "public_candidate_a_has_very_good_leadership_qualities": 1, "public_candidate_b_is_very_conscientious": 1, "public_candidate_b_handles_stress_very_well": 1, "public_candidate_b_is_good_at_assessing_weather_conditions": 1, "public_candidate_b_has_excellent_computer_skills": 1, "public_candidate_c_can_make_correct_decisions_quickly": 1, "public_candidate_c_has_difficulty_communicating_ideas": 1, "public_candidate_c_is_regarded_as_egocentric": 1, "public_candidate_c_is_not_very_willing_to_further_his_education": 1, "public_candidate_d_responds_to_unexpected_events_adequately": 1, "public_candidate_d_can_concentrate_very_well": 1, "public_candidate_d_solves_problems_extremely_well": 1, "public_candidate_d_takes_responsibility_seriously": 1, "agent_1_candidate_a_is_sometimes_not_good_at_taking_criticism": 0, "agent_1_candidate_a_can_be_unorganized": 0, "agent_1_candidate_b_can_be_grumpy": 0, "agent_1_candidate_b_can_be_uncooperative": 0, "agent_1_candidate_c_is_known_to_be_100_percent_reliable": 1, "agent_1_candidate_c_creates_a_positive_atmosphere_with_his_crew": 0, "agent_1_candidate_d_is_regarded_as_arrogant": 0, "agent_1_candidate_d_has_relatively_weak_leadership_skills": 0, "agent_2_candidate_a_is_regarded_as_a_show_off": 0, "agent_2_candidate_a_is_regarded_as_being_not_open_to_new_ideas": 0, "agent_2_candidate_b_has_a_relatively_weak_memory_for_numbers": 0, "agent_2_candidate_b_makes_nasty_remarks_about_his_colleagues": 0, "agent_2_candidate_c_keeps_calm_in_a_crisis": 0, "agent_2_candidate_c_understands_complicated_technology": 0, "agent_2_candidate_d_is_regarded_as_a_know_it_all": 0, "agent_2_candidate_d_has_a_hot_temper": 0, "agent_3_candidate_a_is_unfriendly": 1, "agent_3_candidate_a_eats_unhealthily": 1, "agent_3_candidate_b_is_regarded_as_pretentious": 1, "agent_3_candidate_b_sometimes_adopts_the_wrong_tone_when_communicating": 1, "agent_3_candidate_c_puts_concern_for_others_above_everything": 1, "agent_3_candidate_c_has_excellent_attention_skills": 1, "agent_3_candidate_d_is_considered_moody": 1, "agent_3_candidate_d_is_regarded_as_a_loner": 1}}]}
{"id": 69, "ts": 1778959740.088275, "event": "agent_memories_archived", "directory": "/home/lhegemann/git/bachelor_thesis/01_data/raw/simulations/low/low_treatment_20260516_211353_004/shared_mental_models", "round": 5}
{"id": 70, "ts": 1778959740.0883136, "event": "final_decision", "candidate": "Candidate B", "method": "max_round_majority_vote", "vote_count": {"Candidate A": 1, "Candidate B": 2}, "correct_candidate": "Candidate C", "decision_correct": 0, "round": 5}
2026-05-16 21:29:00,096 - INFO - ======================================================================
2026-05-16 21:29:00,096 - INFO - SIMULATION METRICS
2026-05-16 21:29:00,096 - INFO - ======================================================================
2026-05-16 21:29:00,096 - INFO - Total Loops: 5
2026-05-16 21:29:00,096 - INFO - Agent Turns (no vote checker): 15
2026-05-16 21:29:00,096 - INFO - Agent Tool Calls: 0
2026-05-16 21:29:00,096 - INFO - Agent Tool Messages: 0
2026-05-16 21:29:00,096 - INFO - Memory Updates: 45
2026-05-16 21:29:00,096 - INFO - Total Messages (no vote checker): 15
2026-05-16 21:29:00,097 - INFO - Input Tokens: 122233
2026-05-16 21:29:00,097 - INFO - Output Tokens: 41574
2026-05-16 21:29:00,097 - INFO - Total Tokens: 163807
2026-05-16 21:29:00,097 - INFO - Final Chosen Candidate: Candidate B
2026-05-16 21:29:00,097 - INFO - Final Decision Method: max_round_majority_vote
2026-05-16 21:29:00,097 - INFO - Final Vote Count: {'Candidate A': 1, 'Candidate B': 2}
2026-05-16 21:29:00,097 - INFO - Correct Candidate: Candidate C
2026-05-16 21:29:00,097 - INFO - Decision Correct: 0
2026-05-16 21:29:00,097 - INFO - Runtime: 252.70s
2026-05-16 21:29:00,097 - INFO - ======================================================================
