2026-05-07 16:37:44,763 - INFO - Metrics tracker initialized
{"id": 1, "ts": 1778164664.790373, "event": "memory_reset"}
{"id": 2, "ts": 1778164664.7937138, "event": "discussion_order", "round": 1, "order": ["agent_1", "agent_3", "agent_2"]}
2026-05-07 16:37:52,205 - INFO - Tokens - Input: 1713, Output: 758, Total: 2471
{"id": 3, "ts": 1778164672.2073417, "event": "public_discussion_message", "round": 1, "agent": "agent_1", "message": "I\u2019m leaning toward **Candidate\u202fA**. Their ability to anticipate dangerous situations and excellent spatial vision give strong technical competence and safety awareness, while very good leadership qualities support crew coordination on long flights. The main concern is that A can be unorganized and sometimes struggles with criticism, which could hinder teamwork.\nMETADATA_JSON:\n{\"agent\": \"agent_1\", \"vote\": \"Candidate A\"}"}
2026-05-07 16:37:52,207 - INFO - Agent turns: 1
2026-05-07 16:38:02,710 - INFO - Tokens - Input: 1293, Output: 1601, Total: 2894
2026-05-07 16:38:02,713 - INFO - Memory updates: 1
{"id": 4, "ts": 1778164682.7131484, "event": "memory_updated", "agent": "agent_1", "round": 1}
2026-05-07 16:38:05,144 - INFO - Tokens - Input: 1296, Output: 1697, Total: 2993
2026-05-07 16:38:05,145 - INFO - Memory updates: 2
{"id": 5, "ts": 1778164685.1460772, "event": "memory_updated", "agent": "agent_2", "round": 1}
2026-05-07 16:38:06,303 - INFO - Tokens - Input: 1288, Output: 1733, Total: 3021
2026-05-07 16:38:06,305 - INFO - Memory updates: 3
{"id": 6, "ts": 1778164686.306031, "event": "memory_updated", "agent": "agent_3", "round": 1}
2026-05-07 16:38:11,239 - INFO - Tokens - Input: 2443, Output: 556, Total: 2999
{"id": 7, "ts": 1778164691.2408729, "event": "public_discussion_message", "round": 1, "agent": "agent_3", "message": "I\u2019m leaning toward **Candidate\u202fB**. Their conscientiousness and strong stress tolerance give high reliability and calmness under pressure, while good weather\u2011assessment ability and excellent computer skills support the technical competence needed for long\u2011haul flights. The main trade\u2011off is their pretentious demeanor and occasional wrong tone, which could hinder crew cooperation and atmosphere.\nMETADATA_JSON:\n{\"agent\": \"agent_3\", \"vote\": \"Candidate B\"}"}
2026-05-07 16:38:11,241 - INFO - Agent turns: 2
2026-05-07 16:38:20,292 - INFO - Tokens - Input: 2172, Output: 1264, Total: 3436
2026-05-07 16:38:20,294 - INFO - Memory updates: 4
{"id": 8, "ts": 1778164700.2950573, "event": "memory_updated", "agent": "agent_2", "round": 1}
2026-05-07 16:38:20,486 - INFO - Tokens - Input: 1965, Output: 1294, Total: 3259
2026-05-07 16:38:20,488 - INFO - Memory updates: 5
{"id": 9, "ts": 1778164700.4888675, "event": "memory_updated", "agent": "agent_1", "round": 1}
2026-05-07 16:38:25,926 - INFO - Tokens - Input: 2046, Output: 1315, Total: 3361
2026-05-07 16:38:25,928 - INFO - Memory updates: 6
{"id": 10, "ts": 1778164705.9283335, "event": "memory_updated", "agent": "agent_3", "round": 1}
2026-05-07 16:38:32,336 - INFO - Tokens - Input: 2578, Output: 807, Total: 3385
{"id": 11, "ts": 1778164712.3376787, "event": "public_discussion_message", "round": 1, "agent": "agent_2", "message": "I\u2019m leaning toward **Candidate\u202fA**. Their ability to anticipate dangerous situations, excellent spatial vision, and strong leadership qualities give them top\u2011tier technical competence and crew\u2011coordination potential\u2014key for long\u2011distance flights. The main trade\u2011off is their reputation as a show\u2011off and being not open to new ideas, which could hinder teamwork and crew morale.\nMETADATA_JSON:\n{\"agent\": \"agent_2\", \"vote\": \"Candidate A\"}"}
2026-05-07 16:38:32,337 - INFO - Agent turns: 3
2026-05-07 16:38:41,584 - INFO - Tokens - Input: 2191, Output: 1169, Total: 3360
2026-05-07 16:38:41,586 - INFO - Memory updates: 7
{"id": 12, "ts": 1778164721.5865912, "event": "memory_updated", "agent": "agent_2", "round": 1}
2026-05-07 16:38:41,895 - INFO - Tokens - Input: 2046, Output: 1283, Total: 3329
2026-05-07 16:38:41,897 - INFO - Memory updates: 8
{"id": 13, "ts": 1778164721.8972194, "event": "memory_updated", "agent": "agent_1", "round": 1}
2026-05-07 16:38:42,222 - INFO - Tokens - Input: 2188, Output: 1397, Total: 3585
2026-05-07 16:38:42,223 - INFO - Memory updates: 9
{"id": 14, "ts": 1778164722.2239902, "event": "memory_updated", "agent": "agent_3", "round": 1}
2026-05-07 16:38:42,232 - INFO - Loop 1 completed
{"id": 15, "ts": 1778164722.2376812, "event": "discussion_order", "round": 2, "order": ["agent_1", "agent_3", "agent_2"]}
2026-05-07 16:38:43,795 - INFO - Tokens - Input: 2504, Output: 193, Total: 2697
{"id": 16, "ts": 1778164723.7972772, "event": "public_discussion_message", "round": 2, "agent": "agent_1", "message": "I continue to favor **Candidate\u202fA**. Their ability to anticipate dangerous situations gives strong safety\u2011critical technical competence, and their very good leadership qualities support effective crew coordination on long\u2011haul flights. The main uncertainty is their tendency to be unorganized and resistant to criticism, which could affect teamwork and adaptability.\nMETADATA_JSON:\n{\"agent\": \"agent_1\", \"vote\": \"Candidate A\"}"}
2026-05-07 16:38:43,797 - INFO - Agent turns: 4
2026-05-07 16:38:50,756 - INFO - Tokens - Input: 2073, Output: 968, Total: 3041
2026-05-07 16:38:50,758 - INFO - Memory updates: 10
{"id": 17, "ts": 1778164730.7584038, "event": "memory_updated", "agent": "agent_1", "round": 2}
2026-05-07 16:38:52,691 - INFO - Tokens - Input: 2159, Output: 1189, Total: 3348
2026-05-07 16:38:52,693 - INFO - Memory updates: 11
{"id": 18, "ts": 1778164732.6932752, "event": "memory_updated", "agent": "agent_3", "round": 2}
2026-05-07 16:38:53,730 - INFO - Tokens - Input: 2265, Output: 1154, Total: 3419
2026-05-07 16:38:53,732 - INFO - Memory updates: 12
{"id": 19, "ts": 1778164733.7323215, "event": "memory_updated", "agent": "agent_2", "round": 2}
2026-05-07 16:38:55,833 - INFO - Tokens - Input: 2681, Output: 228, Total: 2909
{"id": 20, "ts": 1778164735.8354251, "event": "public_discussion_message", "round": 2, "agent": "agent_3", "message": "I continue to favor **Candidate\u202fB**. Their strong conscientiousness and ability to handle stress give high reliability and calmness under pressure\u2014crucial for long\u2011distance flights. Additionally, their skill in assessing weather conditions and excellent computer abilities support the technical competence needed for complex, long\u2011haul operations. The main trade\u2011off is their pretentious attitude and occasional inappropriate tone, which could hinder crew cohesion and communication.\nMETADATA_JSON:\n{\"agent\": \"agent_3\", \"vote\": \"Candidate B\"}"}
2026-05-07 16:38:55,835 - INFO - Agent turns: 5
2026-05-07 16:39:03,109 - INFO - Tokens - Input: 2215, Output: 1016, Total: 3231
2026-05-07 16:39:03,110 - INFO - Memory updates: 13
{"id": 21, "ts": 1778164743.111088, "event": "memory_updated", "agent": "agent_1", "round": 2}
2026-05-07 16:39:03,218 - INFO - Tokens - Input: 2355, Output: 935, Total: 3290
2026-05-07 16:39:03,220 - INFO - Memory updates: 14
{"id": 22, "ts": 1778164743.220515, "event": "memory_updated", "agent": "agent_2", "round": 2}
2026-05-07 16:39:04,255 - INFO - Tokens - Input: 2314, Output: 1103, Total: 3417
2026-05-07 16:39:04,257 - INFO - Memory updates: 15
{"id": 23, "ts": 1778164744.2574124, "event": "memory_updated", "agent": "agent_3", "round": 2}
2026-05-07 16:39:06,197 - INFO - Tokens - Input: 2603, Output: 159, Total: 2762
{"id": 24, "ts": 1778164746.1997554, "event": "public_discussion_message", "round": 2, "agent": "agent_2", "message": "I continue to favor **Candidate\u202fA**. Their ability to anticipate dangerous situations and excellent spatial vision give strong safety\u2011critical technical competence, while very good leadership supports crew coordination on long\u2011haul flights. The main trade\u2011off is their reputation as a show\u2011off and resistance to new ideas, which could undermine teamwork and adaptability.\nMETADATA_JSON:\n{\"agent\": \"agent_2\", \"vote\": \"Candidate A\"}"}
2026-05-07 16:39:06,199 - INFO - Agent turns: 6
2026-05-07 16:39:13,004 - INFO - Tokens - Input: 2200, Output: 903, Total: 3103
2026-05-07 16:39:13,006 - INFO - Memory updates: 16
{"id": 25, "ts": 1778164753.0065444, "event": "memory_updated", "agent": "agent_2", "round": 2}
2026-05-07 16:39:14,784 - INFO - Tokens - Input: 2202, Output: 1032, Total: 3234
2026-05-07 16:39:14,786 - INFO - Memory updates: 17
{"id": 26, "ts": 1778164754.7862012, "event": "memory_updated", "agent": "agent_1", "round": 2}
2026-05-07 16:39:15,322 - INFO - Tokens - Input: 2352, Output: 1284, Total: 3636
2026-05-07 16:39:15,324 - INFO - Memory updates: 18
{"id": 27, "ts": 1778164755.324635, "event": "memory_updated", "agent": "agent_3", "round": 2}
2026-05-07 16:39:15,334 - INFO - Loop 2 completed
{"id": 28, "ts": 1778164755.3399303, "event": "discussion_order", "round": 3, "order": ["agent_3", "agent_1", "agent_2"]}
2026-05-07 16:39:17,904 - INFO - Tokens - Input: 2813, Output: 205, Total: 3018
{"id": 29, "ts": 1778164757.9060307, "event": "public_discussion_message", "round": 3, "agent": "agent_3", "message": "I continue to prefer **Candidate\u202fB**. Their strong conscientiousness and ability to handle stress provide high reliability and calmness under pressure, which are essential for long\u2011distance flights. Additionally, their skill in assessing weather conditions and excellent computer abilities give the technical competence needed for complex, long\u2011haul operations. The main trade\u2011off is their pretentious demeanor and occasional inappropriate tone, which could hinder crew cooperation and communication.\nMETADATA_JSON:\n{\"agent\": \"agent_3\", \"vote\": \"Candidate B\"}"}
2026-05-07 16:39:17,906 - INFO - Agent turns: 7
2026-05-07 16:39:26,195 - INFO - Tokens - Input: 2315, Output: 1189, Total: 3504
2026-05-07 16:39:26,196 - INFO - Memory updates: 19
{"id": 30, "ts": 1778164766.1970062, "event": "memory_updated", "agent": "agent_2", "round": 3}
2026-05-07 16:39:27,071 - INFO - Tokens - Input: 2428, Output: 1217, Total: 3645
2026-05-07 16:39:27,073 - INFO - Memory updates: 20
{"id": 31, "ts": 1778164767.073356, "event": "memory_updated", "agent": "agent_3", "round": 3}
2026-05-07 16:39:30,833 - INFO - Tokens - Input: 2314, Output: 1289, Total: 3603
2026-05-07 16:39:30,834 - INFO - Memory updates: 21
{"id": 32, "ts": 1778164770.8349278, "event": "memory_updated", "agent": "agent_1", "round": 3}
2026-05-07 16:39:32,509 - INFO - Tokens - Input: 2704, Output: 204, Total: 2908
{"id": 33, "ts": 1778164772.5110312, "event": "public_discussion_message", "round": 3, "agent": "agent_1", "message": "I continue to favor **Candidate\u202fA**. Their ability to anticipate dangerous situations and excellent spatial vision give strong safety\u2011critical technical competence, while their very good leadership qualities support effective crew coordination on long\u2011distance flights. The main trade\u2011off is their tendency to be unorganized and resistant to criticism, which could hinder teamwork and adaptability in the cockpit.\nMETADATA_JSON:\n{\"agent\": \"agent_1\", \"vote\": \"Candidate A\"}"}
2026-05-07 16:39:32,511 - INFO - Agent turns: 8
2026-05-07 16:39:37,939 - INFO - Tokens - Input: 2568, Output: 691, Total: 3259
2026-05-07 16:39:37,940 - INFO - Memory updates: 22
{"id": 34, "ts": 1778164777.9402008, "event": "memory_updated", "agent": "agent_2", "round": 3}
2026-05-07 16:39:41,511 - INFO - Tokens - Input: 2309, Output: 879, Total: 3188
2026-05-07 16:39:41,513 - INFO - Memory updates: 23
{"id": 35, "ts": 1778164781.513605, "event": "memory_updated", "agent": "agent_1", "round": 3}
2026-05-07 16:39:42,966 - INFO - Tokens - Input: 2547, Output: 1304, Total: 3851
2026-05-07 16:39:42,968 - INFO - Memory updates: 24
{"id": 36, "ts": 1778164782.9688182, "event": "memory_updated", "agent": "agent_3", "round": 3}
2026-05-07 16:39:44,645 - INFO - Tokens - Input: 2601, Output: 216, Total: 2817
{"id": 37, "ts": 1778164784.6463554, "event": "public_discussion_message", "round": 3, "agent": "agent_2", "message": "I continue to favor **Candidate\u202fA**. Their strong ability to anticipate dangerous situations and excellent spatial vision give them top\u2011tier technical competence and safety awareness, which are critical for long\u2011distance flights. The main trade\u2011off is their reputation as a show\u2011off and resistance to new ideas, which could undermine crew cooperation and adaptability.\nMETADATA_JSON:\n{\"agent\": \"agent_2\", \"vote\": \"Candidate A\"}"}
2026-05-07 16:39:44,646 - INFO - Agent turns: 9
2026-05-07 16:39:51,196 - INFO - Tokens - Input: 2200, Output: 871, Total: 3071
2026-05-07 16:39:51,198 - INFO - Memory updates: 25
{"id": 38, "ts": 1778164791.1986654, "event": "memory_updated", "agent": "agent_2", "round": 3}
2026-05-07 16:39:53,190 - INFO - Tokens - Input: 2468, Output: 1075, Total: 3543
2026-05-07 16:39:53,191 - INFO - Memory updates: 26
{"id": 39, "ts": 1778164793.1916099, "event": "memory_updated", "agent": "agent_1", "round": 3}
2026-05-07 16:39:55,313 - INFO - Tokens - Input: 2584, Output: 1281, Total: 3865
2026-05-07 16:39:55,315 - INFO - Memory updates: 27
{"id": 40, "ts": 1778164795.31567, "event": "memory_updated", "agent": "agent_3", "round": 3}
2026-05-07 16:39:55,324 - INFO - Loop 3 completed
{"id": 41, "ts": 1778164795.3303359, "event": "discussion_order", "round": 4, "order": ["agent_2", "agent_3", "agent_1"]}
2026-05-07 16:40:02,111 - INFO - Tokens - Input: 2722, Output: 523, Total: 3245
{"id": 42, "ts": 1778164802.1126435, "event": "public_discussion_message", "round": 4, "agent": "agent_2", "message": "I continue to favor **Candidate\u202fA**. Their strong ability to anticipate dangerous situations and excellent spatial vision give top\u2011tier technical competence and safety awareness, while their very good leadership qualities support effective crew coordination on long\u2011distance flights. The main trade\u2011off is their reputation as a show\u2011off and resistance to new ideas, which could undermine teamwork and crew morale.\nMETADATA_JSON:\n{\"agent\": \"agent_2\", \"vote\": \"Candidate A\"}"}
2026-05-07 16:40:02,112 - INFO - Agent turns: 10
2026-05-07 16:40:09,257 - INFO - Tokens - Input: 2626, Output: 1010, Total: 3636
2026-05-07 16:40:09,259 - INFO - Memory updates: 28
{"id": 43, "ts": 1778164809.259198, "event": "memory_updated", "agent": "agent_1", "round": 4}
2026-05-07 16:40:09,654 - INFO - Tokens - Input: 2315, Output: 961, Total: 3276
2026-05-07 16:40:09,655 - INFO - Memory updates: 29
{"id": 44, "ts": 1778164809.6557014, "event": "memory_updated", "agent": "agent_2", "round": 4}
2026-05-07 16:40:13,346 - INFO - Tokens - Input: 2657, Output: 1133, Total: 3790
2026-05-07 16:40:13,348 - INFO - Memory updates: 30
{"id": 45, "ts": 1778164813.3485181, "event": "memory_updated", "agent": "agent_3", "round": 4}
2026-05-07 16:40:15,576 - INFO - Tokens - Input: 3238, Output: 262, Total: 3500
{"id": 46, "ts": 1778164815.5776892, "event": "public_discussion_message", "round": 4, "agent": "agent_3", "message": "I continue to favor **Candidate\u202fB**. Their strong conscientiousness and ability to handle stress give high reliability and calmness under pressure\u2014essential for long\u2011distance flights. In addition, their skill in assessing weather conditions and excellent computer abilities provide the technical competence needed for complex, long\u2011haul operations. The main trade\u2011off is their pretentious demeanor and occasional inappropriate tone, which could pose challenges for crew cooperation and morale.\nMETADATA_JSON:\n{\"agent\": \"agent_3\", \"vote\": \"Candidate B\"}"}
2026-05-07 16:40:15,577 - INFO - Agent turns: 11
2026-05-07 16:40:23,330 - INFO - Tokens - Input: 2873, Output: 1112, Total: 3985
2026-05-07 16:40:23,332 - INFO - Memory updates: 31
{"id": 47, "ts": 1778164823.3322468, "event": "memory_updated", "agent": "agent_3", "round": 4}
2026-05-07 16:40:23,382 - INFO - Tokens - Input: 2755, Output: 1108, Total: 3863
2026-05-07 16:40:23,384 - INFO - Memory updates: 32
{"id": 48, "ts": 1778164823.3841717, "event": "memory_updated", "agent": "agent_1", "round": 4}
2026-05-07 16:40:24,837 - INFO - Tokens - Input: 2444, Output: 1092, Total: 3536
2026-05-07 16:40:24,839 - INFO - Memory updates: 33
{"id": 49, "ts": 1778164824.839151, "event": "memory_updated", "agent": "agent_2", "round": 4}
2026-05-07 16:40:27,359 - INFO - Tokens - Input: 3258, Output: 292, Total: 3550
{"id": 50, "ts": 1778164827.3611305, "event": "public_discussion_message", "round": 4, "agent": "agent_1", "message": "I continue to favor **Candidate\u202fA**. Their ability to anticipate dangerous situations and excellent spatial vision give the strongest safety\u2011critical technical competence for long\u2011haul flights, and their very good leadership qualities support effective crew coordination over extended routes. The main trade\u2011off is their tendency to be unorganized and resistant to criticism, which could hinder teamwork and adaptability in the cockpit.\nMETADATA_JSON:\n{\"agent\": \"agent_1\", \"vote\": \"Candidate A\"}"}
2026-05-07 16:40:27,361 - INFO - Agent turns: 12
2026-05-07 16:40:33,001 - INFO - Tokens - Input: 2623, Output: 768, Total: 3391
2026-05-07 16:40:33,003 - INFO - Memory updates: 34
{"id": 51, "ts": 1778164833.00327, "event": "memory_updated", "agent": "agent_2", "round": 4}
2026-05-07 16:40:33,949 - INFO - Tokens - Input: 2871, Output: 907, Total: 3778
2026-05-07 16:40:33,951 - INFO - Memory updates: 35
{"id": 52, "ts": 1778164833.9518325, "event": "memory_updated", "agent": "agent_1", "round": 4}
2026-05-07 16:40:35,502 - INFO - Tokens - Input: 2837, Output: 1066, Total: 3903
2026-05-07 16:40:35,504 - INFO - Memory updates: 36
{"id": 53, "ts": 1778164835.5042224, "event": "memory_updated", "agent": "agent_3", "round": 4}
2026-05-07 16:40:35,513 - INFO - Loop 4 completed
{"id": 54, "ts": 1778164835.5199172, "event": "discussion_order", "round": 5, "order": ["agent_2", "agent_1", "agent_3"]}
2026-05-07 16:40:37,017 - INFO - Tokens - Input: 3139, Output: 187, Total: 3326
{"id": 55, "ts": 1778164837.0194736, "event": "public_discussion_message", "round": 5, "agent": "agent_2", "message": "I continue to favor **Candidate\u202fA**. Their ability to anticipate dangerous situations and excellent spatial vision give the strongest safety\u2011critical technical competence for long\u2011distance flights, while very good leadership supports effective crew coordination on extended routes. The main trade\u2011off is their reputation as a show\u2011off and resistance to new ideas, which could undermine teamwork and crew morale.\nMETADATA_JSON:\n{\"agent\": \"agent_2\", \"vote\": \"Candidate A\"}"}
2026-05-07 16:40:37,019 - INFO - Agent turns: 13
2026-05-07 16:40:44,002 - INFO - Tokens - Input: 2730, Output: 876, Total: 3606
2026-05-07 16:40:44,004 - INFO - Memory updates: 37
{"id": 56, "ts": 1778164844.0047872, "event": "memory_updated", "agent": "agent_2", "round": 5}
2026-05-07 16:40:45,668 - INFO - Tokens - Input: 2942, Output: 1175, Total: 4117
2026-05-07 16:40:45,669 - INFO - Memory updates: 38
{"id": 57, "ts": 1778164845.6700697, "event": "memory_updated", "agent": "agent_3", "round": 5}
2026-05-07 16:40:47,284 - INFO - Tokens - Input: 2794, Output: 1177, Total: 3971
2026-05-07 16:40:47,286 - INFO - Memory updates: 39
{"id": 58, "ts": 1778164847.286928, "event": "memory_updated", "agent": "agent_1", "round": 5}
2026-05-07 16:40:48,813 - INFO - Tokens - Input: 3311, Output: 203, Total: 3514
{"id": 59, "ts": 1778164848.8150427, "event": "public_discussion_message", "round": 5, "agent": "agent_1", "message": "I continue to favor **Candidate\u202fA**. Their ability to anticipate dangerous situations and excellent spatial vision give the strongest safety\u2011critical technical competence for long\u2011distance flights, while very good leadership supports effective crew coordination on extended routes. The main trade\u2011off is their tendency to be unorganized and resistant to criticism, which could hinder teamwork and adaptability in the cockpit.\nMETADATA_JSON:\n{\"agent\": \"agent_1\", \"vote\": \"Candidate A\"}"}
2026-05-07 16:40:48,815 - INFO - Agent turns: 14
2026-05-07 16:40:55,708 - INFO - Tokens - Input: 2920, Output: 841, Total: 3761
2026-05-07 16:40:55,710 - INFO - Memory updates: 40
{"id": 60, "ts": 1778164855.710675, "event": "memory_updated", "agent": "agent_1", "round": 5}
2026-05-07 16:40:56,039 - INFO - Tokens - Input: 2879, Output: 955, Total: 3834
2026-05-07 16:40:56,040 - INFO - Memory updates: 41
{"id": 61, "ts": 1778164856.0410926, "event": "memory_updated", "agent": "agent_2", "round": 5}
2026-05-07 16:40:57,605 - INFO - Tokens - Input: 2997, Output: 1045, Total: 4042
2026-05-07 16:40:57,606 - INFO - Memory updates: 42
{"id": 62, "ts": 1778164857.6070175, "event": "memory_updated", "agent": "agent_3", "round": 5}
2026-05-07 16:41:01,698 - INFO - Tokens - Input: 3568, Output: 251, Total: 3819
{"id": 63, "ts": 1778164861.6998155, "event": "public_discussion_message", "round": 5, "agent": "agent_3", "message": "I continue to favor **Candidate\u202fB**. Their strong conscientiousness and ability to handle stress provide reliable, calm performance on long\u2011haul flights, while their skill in assessing weather conditions and excellent computer abilities give the technical competence needed for complex routes. The main trade\u2011off is their pretentious demeanor and occasional inappropriate tone, which could affect crew cooperation and morale.\nMETADATA_JSON:\n{\"agent\": \"agent_3\", \"vote\": \"Candidate B\"}"}
2026-05-07 16:41:01,699 - INFO - Agent turns: 15
2026-05-07 16:41:07,753 - INFO - Tokens - Input: 2981, Output: 749, Total: 3730
2026-05-07 16:41:07,755 - INFO - Memory updates: 43
{"id": 64, "ts": 1778164867.75522, "event": "memory_updated", "agent": "agent_2", "round": 5}
2026-05-07 16:41:08,839 - INFO - Tokens - Input: 3015, Output: 1099, Total: 4114
2026-05-07 16:41:08,840 - INFO - Memory updates: 44
{"id": 65, "ts": 1778164868.8410869, "event": "memory_updated", "agent": "agent_1", "round": 5}
2026-05-07 16:41:15,136 - INFO - Tokens - Input: 3177, Output: 1389, Total: 4566
2026-05-07 16:41:15,138 - INFO - Memory updates: 45
{"id": 66, "ts": 1778164875.1386254, "event": "memory_updated", "agent": "agent_3", "round": 5}
2026-05-07 16:41:15,147 - INFO - Loop 5 completed
2026-05-07 16:41:15,147 - INFO - Final Chosen Candidate: Candidate A
2026-05-07 16:41:15,148 - INFO - Final Decision Method: max_round_majority_vote
2026-05-07 16:41:15,148 - INFO - Final Vote Count: {'Candidate A': 2, 'Candidate B': 1}
2026-05-07 16:41:15,148 - INFO - Correct Candidate: Candidate C
2026-05-07 16:41:15,148 - INFO - Decision Correct: 0
{"id": 67, "ts": 1778164875.503393, "event": "context_consistency_calculated", "method": "embedding_cosine", "mean_pairwise_similarity": 0.791067, "pairwise": [{"agent_a": "agent_1", "agent_b": "agent_2", "similarity": 0.87277}, {"agent_a": "agent_1", "agent_b": "agent_3", "similarity": 0.77646}, {"agent_a": "agent_2", "agent_b": "agent_3", "similarity": 0.72397}]}
{"id": 68, "ts": 1778164875.5035715, "event": "agent_memories_archived", "directory": "/home/lhegemann/git/bachelor_thesis/01_data/raw/simulations/moderate/moderate_treatment_20260507_140016_013/shared_mental_models", "round": 5}
{"id": 69, "ts": 1778164875.503664, "event": "final_decision", "candidate": "Candidate A", "method": "max_round_majority_vote", "vote_count": {"Candidate A": 2, "Candidate B": 1}, "correct_candidate": "Candidate C", "decision_correct": 0, "round": 5}
2026-05-07 16:41:15,513 - INFO - ======================================================================
2026-05-07 16:41:15,513 - INFO - SIMULATION METRICS
2026-05-07 16:41:15,513 - INFO - ======================================================================
2026-05-07 16:41:15,513 - INFO - Total Loops: 5
2026-05-07 16:41:15,513 - INFO - Agent Turns (no vote checker): 15
2026-05-07 16:41:15,513 - INFO - Agent Tool Calls: 0
2026-05-07 16:41:15,513 - INFO - Agent Tool Messages: 0
2026-05-07 16:41:15,513 - INFO - Memory Updates: 45
2026-05-07 16:41:15,513 - INFO - Total Messages (no vote checker): 15
2026-05-07 16:41:15,514 - INFO - Input Tokens: 150665
2026-05-07 16:41:15,514 - INFO - Output Tokens: 55640
2026-05-07 16:41:15,514 - INFO - Total Tokens: 206305
2026-05-07 16:41:15,514 - INFO - Final Chosen Candidate: Candidate A
2026-05-07 16:41:15,514 - INFO - Final Decision Method: max_round_majority_vote
2026-05-07 16:41:15,514 - INFO - Final Vote Count: {'Candidate A': 2, 'Candidate B': 1}
2026-05-07 16:41:15,514 - INFO - Correct Candidate: Candidate C
2026-05-07 16:41:15,514 - INFO - Decision Correct: 0
2026-05-07 16:41:15,514 - INFO - Runtime: 210.75s
2026-05-07 16:41:15,514 - INFO - ======================================================================
