2026-05-10 00:36:48,841 - INFO - Metrics tracker initialized
{"id": 1, "ts": 1778366208.867501, "event": "memory_reset"}
{"id": 2, "ts": 1778366208.8719769, "event": "discussion_order", "round": 1, "order": ["agent_3", "agent_2", "agent_1"]}
2026-05-10 00:36:57,007 - INFO - Tokens - Input: 1681, Output: 718, Total: 2399
{"id": 3, "ts": 1778366217.009133, "event": "public_discussion_message", "round": 1, "agent": "agent_3", "message": "Candidate B \u2013 handles stress very well.\nMETADATA_JSON:\n{\"agent\": \"agent_3\", \"vote\": \"Candidate B\"}"}
2026-05-10 00:36:57,009 - INFO - Agent turns: 1
2026-05-10 00:37:04,186 - INFO - Tokens - Input: 1187, Output: 745, Total: 1932
2026-05-10 00:37:04,188 - INFO - Memory updates: 1
{"id": 4, "ts": 1778366224.189035, "event": "memory_updated", "agent": "agent_1", "round": 1}
2026-05-10 00:37:05,062 - INFO - Tokens - Input: 1190, Output: 820, Total: 2010
2026-05-10 00:37:05,063 - INFO - Memory updates: 2
{"id": 5, "ts": 1778366225.0640237, "event": "memory_updated", "agent": "agent_2", "round": 1}
2026-05-10 00:37:10,156 - INFO - Tokens - Input: 1182, Output: 1413, Total: 2595
2026-05-10 00:37:10,158 - INFO - Memory updates: 3
{"id": 6, "ts": 1778366230.1582882, "event": "memory_updated", "agent": "agent_3", "round": 1}
2026-05-10 00:37:24,068 - INFO - Tokens - Input: 1781, Output: 449, Total: 2230
{"id": 7, "ts": 1778366244.069936, "event": "public_discussion_message", "round": 1, "agent": "agent_2", "message": "Candidate A \u2013 has excellent spatial vision.\nMETADATA_JSON:\n{\"agent\": \"agent_2\", \"vote\": \"Candidate A\"}"}
2026-05-10 00:37:24,070 - INFO - Agent turns: 2
2026-05-10 00:37:30,293 - INFO - Tokens - Input: 1446, Output: 781, Total: 2227
2026-05-10 00:37:30,295 - INFO - Memory updates: 4
{"id": 8, "ts": 1778366250.2956054, "event": "memory_updated", "agent": "agent_1", "round": 1}
2026-05-10 00:37:32,714 - INFO - Tokens - Input: 1613, Output: 905, Total: 2518
2026-05-10 00:37:32,716 - INFO - Memory updates: 5
{"id": 9, "ts": 1778366252.7164936, "event": "memory_updated", "agent": "agent_3", "round": 1}
2026-05-10 00:37:35,639 - INFO - Tokens - Input: 1287, Output: 1300, Total: 2587
2026-05-10 00:37:35,640 - INFO - Memory updates: 6
{"id": 10, "ts": 1778366255.6408415, "event": "memory_updated", "agent": "agent_2", "round": 1}
2026-05-10 00:37:43,617 - INFO - Tokens - Input: 2007, Output: 1023, Total: 3030
{"id": 11, "ts": 1778366263.6190763, "event": "public_discussion_message", "round": 1, "agent": "agent_1", "message": "Candidate D \u2013 solves problems extremely well.\nMETADATA_JSON:\n{\"agent\": \"agent_1\", \"vote\": \"Candidate D\"}"}
2026-05-10 00:37:43,619 - INFO - Agent turns: 3
2026-05-10 00:37:51,701 - INFO - Tokens - Input: 1513, Output: 932, Total: 2445
2026-05-10 00:37:51,703 - INFO - Memory updates: 7
{"id": 12, "ts": 1778366271.703696, "event": "memory_updated", "agent": "agent_1", "round": 1}
2026-05-10 00:37:52,883 - INFO - Tokens - Input: 1724, Output: 1136, Total: 2860
2026-05-10 00:37:52,885 - INFO - Memory updates: 8
{"id": 13, "ts": 1778366272.8856547, "event": "memory_updated", "agent": "agent_2", "round": 1}
2026-05-10 00:37:53,845 - INFO - Tokens - Input: 1647, Output: 1176, Total: 2823
2026-05-10 00:37:53,846 - INFO - Memory updates: 9
{"id": 14, "ts": 1778366273.8469563, "event": "memory_updated", "agent": "agent_3", "round": 1}
2026-05-10 00:37:53,857 - INFO - Loop 1 completed
{"id": 15, "ts": 1778366273.8630154, "event": "discussion_order", "round": 2, "order": ["agent_1", "agent_2", "agent_3"]}
2026-05-10 00:37:56,423 - INFO - Tokens - Input: 2252, Output: 117, Total: 2369
{"id": 16, "ts": 1778366276.4250128, "event": "public_discussion_message", "round": 2, "agent": "agent_1", "message": "Candidate D \u2013 solves problems extremely well.\nMETADATA_JSON:\n{\"agent\": \"agent_1\", \"vote\": \"Candidate D\"}"}
2026-05-10 00:37:56,425 - INFO - Agent turns: 4
2026-05-10 00:38:03,656 - INFO - Tokens - Input: 1760, Output: 891, Total: 2651
2026-05-10 00:38:03,657 - INFO - Memory updates: 10
{"id": 17, "ts": 1778366283.6579626, "event": "memory_updated", "agent": "agent_2", "round": 2}
2026-05-10 00:38:04,603 - INFO - Tokens - Input: 1733, Output: 947, Total: 2680
2026-05-10 00:38:04,604 - INFO - Memory updates: 11
{"id": 18, "ts": 1778366284.6050296, "event": "memory_updated", "agent": "agent_1", "round": 2}
2026-05-10 00:38:04,794 - INFO - Tokens - Input: 1718, Output: 996, Total: 2714
2026-05-10 00:38:04,795 - INFO - Memory updates: 12
{"id": 19, "ts": 1778366284.795602, "event": "memory_updated", "agent": "agent_3", "round": 2}
2026-05-10 00:38:07,079 - INFO - Tokens - Input: 2130, Output: 135, Total: 2265
{"id": 20, "ts": 1778366287.0804644, "event": "public_discussion_message", "round": 2, "agent": "agent_2", "message": "I prefer Candidate A \u2013 excellent spatial vision.\nMETADATA_JSON:\n{\"agent\": \"agent_2\", \"vote\": \"Candidate A\"}"}
2026-05-10 00:38:07,080 - INFO - Agent turns: 5
2026-05-10 00:38:14,978 - INFO - Tokens - Input: 1771, Output: 1019, Total: 2790
2026-05-10 00:38:14,980 - INFO - Memory updates: 13
{"id": 21, "ts": 1778366294.9806516, "event": "memory_updated", "agent": "agent_1", "round": 2}
2026-05-10 00:38:15,778 - INFO - Tokens - Input: 1750, Output: 1103, Total: 2853
2026-05-10 00:38:15,780 - INFO - Memory updates: 14
{"id": 22, "ts": 1778366295.7804894, "event": "memory_updated", "agent": "agent_3", "round": 2}
2026-05-10 00:38:16,701 - INFO - Tokens - Input: 1638, Output: 1127, Total: 2765
2026-05-10 00:38:16,703 - INFO - Memory updates: 15
{"id": 23, "ts": 1778366296.703754, "event": "memory_updated", "agent": "agent_2", "round": 2}
2026-05-10 00:38:20,438 - INFO - Tokens - Input: 2278, Output: 144, Total: 2422
{"id": 24, "ts": 1778366300.4396691, "event": "public_discussion_message", "round": 2, "agent": "agent_3", "message": "I prefer Candidate B \u2013 handles stress very well.\nMETADATA_JSON:\n{\"agent\": \"agent_3\", \"vote\": \"Candidate B\"}"}
2026-05-10 00:38:20,439 - INFO - Agent turns: 6
2026-05-10 00:38:26,565 - INFO - Tokens - Input: 1823, Output: 816, Total: 2639
2026-05-10 00:38:26,566 - INFO - Memory updates: 16
{"id": 25, "ts": 1778366306.5670714, "event": "memory_updated", "agent": "agent_2", "round": 2}
2026-05-10 00:38:27,712 - INFO - Tokens - Input: 1788, Output: 904, Total: 2692
2026-05-10 00:38:27,714 - INFO - Memory updates: 17
{"id": 26, "ts": 1778366307.7147112, "event": "memory_updated", "agent": "agent_3", "round": 2}
2026-05-10 00:38:28,168 - INFO - Tokens - Input: 1789, Output: 776, Total: 2565
2026-05-10 00:38:28,170 - INFO - Memory updates: 18
{"id": 27, "ts": 1778366308.17043, "event": "memory_updated", "agent": "agent_1", "round": 2}
2026-05-10 00:38:28,178 - INFO - Loop 2 completed
{"id": 28, "ts": 1778366308.1845803, "event": "discussion_order", "round": 3, "order": ["agent_2", "agent_1", "agent_3"]}
2026-05-10 00:38:36,728 - INFO - Tokens - Input: 2102, Output: 611, Total: 2713
{"id": 29, "ts": 1778366316.7295623, "event": "public_discussion_message", "round": 3, "agent": "agent_2", "message": "I prefer Candidate A \u2013 excellent spatial vision.\nMETADATA_JSON:\n{\"agent\": \"agent_2\", \"vote\": \"Candidate A\"}"}
2026-05-10 00:38:36,729 - INFO - Agent turns: 7
2026-05-10 00:38:43,021 - INFO - Tokens - Input: 1585, Output: 828, Total: 2413
2026-05-10 00:38:43,023 - INFO - Memory updates: 19
{"id": 30, "ts": 1778366323.0232203, "event": "memory_updated", "agent": "agent_2", "round": 3}
2026-05-10 00:38:44,748 - INFO - Tokens - Input: 1607, Output: 1003, Total: 2610
2026-05-10 00:38:44,750 - INFO - Memory updates: 20
{"id": 31, "ts": 1778366324.7507248, "event": "memory_updated", "agent": "agent_1", "round": 3}
2026-05-10 00:38:45,971 - INFO - Tokens - Input: 1824, Output: 1016, Total: 2840
2026-05-10 00:38:45,973 - INFO - Memory updates: 21
{"id": 32, "ts": 1778366325.9735496, "event": "memory_updated", "agent": "agent_3", "round": 3}
2026-05-10 00:38:49,493 - INFO - Tokens - Input: 2123, Output: 220, Total: 2343
{"id": 33, "ts": 1778366329.4954352, "event": "public_discussion_message", "round": 3, "agent": "agent_1", "message": "Candidate D \u2013 solves problems extremely well.\nMETADATA_JSON:\n{\"agent\": \"agent_1\", \"vote\": \"Candidate D\"}"}
2026-05-10 00:38:49,495 - INFO - Agent turns: 8
2026-05-10 00:38:55,045 - INFO - Tokens - Input: 1629, Output: 638, Total: 2267
2026-05-10 00:38:55,047 - INFO - Memory updates: 22
{"id": 34, "ts": 1778366335.0473285, "event": "memory_updated", "agent": "agent_1", "round": 3}
2026-05-10 00:38:57,366 - INFO - Tokens - Input: 1635, Output: 826, Total: 2461
2026-05-10 00:38:57,368 - INFO - Memory updates: 23
{"id": 35, "ts": 1778366337.368761, "event": "memory_updated", "agent": "agent_2", "round": 3}
2026-05-10 00:38:59,900 - INFO - Tokens - Input: 1785, Output: 1196, Total: 2981
2026-05-10 00:38:59,902 - INFO - Memory updates: 24
{"id": 36, "ts": 1778366339.9025426, "event": "memory_updated", "agent": "agent_3", "round": 3}
2026-05-10 00:39:07,077 - INFO - Tokens - Input: 2329, Output: 139, Total: 2468
{"id": 37, "ts": 1778366347.078754, "event": "public_discussion_message", "round": 3, "agent": "agent_3", "message": "I prefer Candidate B \u2013 handles stress very well.\nMETADATA_JSON:\n{\"agent\": \"agent_3\", \"vote\": \"Candidate B\"}"}
2026-05-10 00:39:07,078 - INFO - Agent turns: 9
2026-05-10 00:39:13,990 - INFO - Tokens - Input: 1584, Output: 843, Total: 2427
2026-05-10 00:39:13,992 - INFO - Memory updates: 25
{"id": 38, "ts": 1778366353.992155, "event": "memory_updated", "agent": "agent_2", "round": 3}
2026-05-10 00:39:14,126 - INFO - Tokens - Input: 1667, Output: 853, Total: 2520
2026-05-10 00:39:14,128 - INFO - Memory updates: 26
{"id": 39, "ts": 1778366354.128164, "event": "memory_updated", "agent": "agent_1", "round": 3}
2026-05-10 00:39:15,078 - INFO - Tokens - Input: 1839, Output: 932, Total: 2771
2026-05-10 00:39:15,080 - INFO - Memory updates: 27
{"id": 40, "ts": 1778366355.080481, "event": "memory_updated", "agent": "agent_3", "round": 3}
2026-05-10 00:39:15,089 - INFO - Loop 3 completed
{"id": 41, "ts": 1778366355.0952356, "event": "discussion_order", "round": 4, "order": ["agent_2", "agent_1", "agent_3"]}
2026-05-10 00:39:20,485 - INFO - Tokens - Input: 2231, Output: 119, Total: 2350
{"id": 42, "ts": 1778366360.4871023, "event": "public_discussion_message", "round": 4, "agent": "agent_2", "message": "I prefer Candidate A \u2013 excellent spatial vision.\nMETADATA_JSON:\n{\"agent\": \"agent_2\", \"vote\": \"Candidate A\"}"}
2026-05-10 00:39:20,487 - INFO - Agent turns: 10
2026-05-10 00:39:26,756 - INFO - Tokens - Input: 1714, Output: 742, Total: 2456
2026-05-10 00:39:26,757 - INFO - Memory updates: 28
{"id": 43, "ts": 1778366366.7580404, "event": "memory_updated", "agent": "agent_2", "round": 4}
2026-05-10 00:39:28,459 - INFO - Tokens - Input: 1703, Output: 874, Total: 2577
2026-05-10 00:39:28,460 - INFO - Memory updates: 29
{"id": 44, "ts": 1778366368.4607196, "event": "memory_updated", "agent": "agent_1", "round": 4}
2026-05-10 00:39:30,412 - INFO - Tokens - Input: 1868, Output: 1275, Total: 3143
2026-05-10 00:39:30,414 - INFO - Memory updates: 30
{"id": 45, "ts": 1778366370.4143121, "event": "memory_updated", "agent": "agent_3", "round": 4}
2026-05-10 00:40:07,133 - INFO - Tokens - Input: 2226, Output: 160, Total: 2386
{"id": 46, "ts": 1778366407.13463, "event": "public_discussion_message", "round": 4, "agent": "agent_1", "message": "Candidate D \u2013 takes responsibility seriously.\nMETADATA_JSON:\n{\"agent\": \"agent_1\", \"vote\": \"Candidate D\"}"}
2026-05-10 00:40:07,134 - INFO - Agent turns: 11
2026-05-10 00:40:13,548 - INFO - Tokens - Input: 1730, Output: 850, Total: 2580
2026-05-10 00:40:13,550 - INFO - Memory updates: 31
{"id": 47, "ts": 1778366413.550497, "event": "memory_updated", "agent": "agent_1", "round": 4}
2026-05-10 00:40:14,703 - INFO - Tokens - Input: 1736, Output: 990, Total: 2726
2026-05-10 00:40:14,705 - INFO - Memory updates: 32
{"id": 48, "ts": 1778366414.7055829, "event": "memory_updated", "agent": "agent_2", "round": 4}
2026-05-10 00:40:15,213 - INFO - Tokens - Input: 1901, Output: 1043, Total: 2944
2026-05-10 00:40:15,215 - INFO - Memory updates: 33
{"id": 49, "ts": 1778366415.215679, "event": "memory_updated", "agent": "agent_3", "round": 4}
2026-05-10 00:40:21,516 - INFO - Tokens - Input: 2447, Output: 126, Total: 2573
{"id": 50, "ts": 1778366421.5183377, "event": "public_discussion_message", "round": 4, "agent": "agent_3", "message": "I prefer Candidate B \u2013 handles stress very well.\nMETADATA_JSON:\n{\"agent\": \"agent_3\", \"vote\": \"Candidate B\"}"}
2026-05-10 00:40:21,518 - INFO - Agent turns: 12
2026-05-10 00:40:28,536 - INFO - Tokens - Input: 1778, Output: 784, Total: 2562
2026-05-10 00:40:28,537 - INFO - Memory updates: 34
{"id": 51, "ts": 1778366428.5379035, "event": "memory_updated", "agent": "agent_2", "round": 4}
2026-05-10 00:40:31,331 - INFO - Tokens - Input: 1781, Output: 815, Total: 2596
2026-05-10 00:40:31,333 - INFO - Memory updates: 35
{"id": 52, "ts": 1778366431.3331563, "event": "memory_updated", "agent": "agent_1", "round": 4}
2026-05-10 00:40:34,625 - INFO - Tokens - Input: 1957, Output: 898, Total: 2855
2026-05-10 00:40:34,627 - INFO - Memory updates: 36
{"id": 53, "ts": 1778366434.6278095, "event": "memory_updated", "agent": "agent_3", "round": 4}
2026-05-10 00:40:34,636 - INFO - Loop 4 completed
{"id": 54, "ts": 1778366434.64257, "event": "discussion_order", "round": 5, "order": ["agent_2", "agent_1", "agent_3"]}
2026-05-10 00:40:36,801 - INFO - Tokens - Input: 2336, Output: 123, Total: 2459
{"id": 55, "ts": 1778366436.8033092, "event": "public_discussion_message", "round": 5, "agent": "agent_2", "message": "I prefer Candidate A \u2013 regarded as a show\u2011off.\nMETADATA_JSON:\n{\"agent\": \"agent_2\", \"vote\": \"Candidate A\"}"}
2026-05-10 00:40:36,803 - INFO - Agent turns: 13
2026-05-10 00:40:44,774 - INFO - Tokens - Input: 1825, Output: 850, Total: 2675
2026-05-10 00:40:44,776 - INFO - Memory updates: 37
{"id": 56, "ts": 1778366444.7764268, "event": "memory_updated", "agent": "agent_2", "round": 5}
2026-05-10 00:40:45,160 - INFO - Tokens - Input: 2011, Output: 1075, Total: 3086
2026-05-10 00:40:45,162 - INFO - Memory updates: 38
{"id": 57, "ts": 1778366445.1625957, "event": "memory_updated", "agent": "agent_3", "round": 5}
2026-05-10 00:40:47,670 - INFO - Tokens - Input: 1827, Output: 1131, Total: 2958
2026-05-10 00:40:47,672 - INFO - Memory updates: 39
{"id": 58, "ts": 1778366447.6729186, "event": "memory_updated", "agent": "agent_1", "round": 5}
2026-05-10 00:40:52,133 - INFO - Tokens - Input: 2224, Output: 142, Total: 2366
{"id": 59, "ts": 1778366452.1346087, "event": "public_discussion_message", "round": 5, "agent": "agent_1", "message": "Candidate D \u2013 takes responsibility seriously.\nMETADATA_JSON:\n{\"agent\": \"agent_1\", \"vote\": \"Candidate D\"}"}
2026-05-10 00:40:52,134 - INFO - Agent turns: 14
2026-05-10 00:41:01,279 - INFO - Tokens - Input: 1728, Output: 957, Total: 2685
2026-05-10 00:41:01,281 - INFO - Memory updates: 40
{"id": 60, "ts": 1778366461.2811818, "event": "memory_updated", "agent": "agent_1", "round": 5}
2026-05-10 00:41:02,818 - INFO - Tokens - Input: 2061, Output: 1181, Total: 3242
2026-05-10 00:41:02,820 - INFO - Memory updates: 41
{"id": 61, "ts": 1778366462.8204584, "event": "memory_updated", "agent": "agent_3", "round": 5}
2026-05-10 00:41:04,476 - INFO - Tokens - Input: 1882, Output: 1125, Total: 3007
2026-05-10 00:41:04,478 - INFO - Memory updates: 42
{"id": 62, "ts": 1778366464.4785626, "event": "memory_updated", "agent": "agent_2", "round": 5}
2026-05-10 00:41:07,307 - INFO - Tokens - Input: 2543, Output: 114, Total: 2657
{"id": 63, "ts": 1778366467.3100333, "event": "public_discussion_message", "round": 5, "agent": "agent_3", "message": "I prefer Candidate B \u2013 handles stress very well.\nMETADATA_JSON:\n{\"agent\": \"agent_3\", \"vote\": \"Candidate B\"}"}
2026-05-10 00:41:07,310 - INFO - Agent turns: 15
2026-05-10 00:41:14,957 - INFO - Tokens - Input: 1895, Output: 878, Total: 2773
2026-05-10 00:41:14,959 - INFO - Memory updates: 43
{"id": 64, "ts": 1778366474.9595125, "event": "memory_updated", "agent": "agent_2", "round": 5}
2026-05-10 00:41:16,171 - INFO - Tokens - Input: 2053, Output: 1011, Total: 3064
2026-05-10 00:41:16,173 - INFO - Memory updates: 44
{"id": 65, "ts": 1778366476.1735861, "event": "memory_updated", "agent": "agent_3", "round": 5}
2026-05-10 00:41:18,967 - INFO - Tokens - Input: 1948, Output: 858, Total: 2806
2026-05-10 00:41:18,969 - INFO - Memory updates: 45
{"id": 66, "ts": 1778366478.9692588, "event": "memory_updated", "agent": "agent_1", "round": 5}
2026-05-10 00:41:18,978 - INFO - Loop 5 completed
2026-05-10 00:41:18,978 - INFO - Final Chosen Candidate: None
2026-05-10 00:41:18,979 - INFO - Final Decision Method: max_round_no_majority
2026-05-10 00:41:18,979 - INFO - Final Vote Count: {'Candidate D': 1, 'Candidate A': 1, 'Candidate B': 1}
2026-05-10 00:41:18,979 - INFO - Correct Candidate: Candidate C
2026-05-10 00:41:18,979 - INFO - Decision Correct: 0
{"id": 67, "ts": 1778366479.317573, "event": "context_consistency_calculated", "method": "embedding_cosine", "mean_pairwise_similarity": 0.910015, "pairwise": [{"agent_a": "agent_1", "agent_b": "agent_2", "similarity": 0.919684}, {"agent_a": "agent_1", "agent_b": "agent_3", "similarity": 0.912406}, {"agent_a": "agent_2", "agent_b": "agent_3", "similarity": 0.897956}]}
{"id": 68, "ts": 1778366479.3177412, "event": "gold_standard_alignment_calculated", "method": "rule_based_binary_checks", "mean_alignment": 0.625, "by_agent": [{"agent": "agent_1", "score": 0.875, "checks": {"favorite_is_c": 0, "c_reliability": 1, "c_calmness": 1, "c_attention": 1, "c_crew_fit": 1, "a_risks": 1, "b_risks": 1, "d_risks": 1}}, {"agent": "agent_2", "score": 0.625, "checks": {"favorite_is_c": 0, "c_reliability": 1, "c_calmness": 1, "c_attention": 0, "c_crew_fit": 0, "a_risks": 1, "b_risks": 1, "d_risks": 1}}, {"agent": "agent_3", "score": 0.375, "checks": {"favorite_is_c": 0, "c_reliability": 0, "c_calmness": 0, "c_attention": 0, "c_crew_fit": 0, "a_risks": 1, "b_risks": 1, "d_risks": 1}}]}
{"id": 69, "ts": 1778366479.3178625, "event": "agent_memories_archived", "directory": "/home/lhegemann/git/bachelor_thesis/01_data/raw/simulations/low/low_treatment_20260509_224515_030/shared_mental_models", "round": 5}
{"id": 70, "ts": 1778366479.3179688, "event": "final_decision", "candidate": null, "method": "max_round_no_majority", "vote_count": {"Candidate D": 1, "Candidate A": 1, "Candidate B": 1}, "correct_candidate": "Candidate C", "decision_correct": 0, "round": 5}
2026-05-10 00:41:19,327 - INFO - ======================================================================
2026-05-10 00:41:19,328 - INFO - SIMULATION METRICS
2026-05-10 00:41:19,328 - INFO - ======================================================================
2026-05-10 00:41:19,328 - INFO - Total Loops: 5
2026-05-10 00:41:19,328 - INFO - Agent Turns (no vote checker): 15
2026-05-10 00:41:19,328 - INFO - Agent Tool Calls: 0
2026-05-10 00:41:19,328 - INFO - Agent Tool Messages: 0
2026-05-10 00:41:19,328 - INFO - Memory Updates: 45
2026-05-10 00:41:19,328 - INFO - Total Messages (no vote checker): 15
2026-05-10 00:41:19,328 - INFO - Input Tokens: 109802
2026-05-10 00:41:19,328 - INFO - Output Tokens: 47599
2026-05-10 00:41:19,328 - INFO - Total Tokens: 157401
2026-05-10 00:41:19,328 - INFO - Final Chosen Candidate: None
2026-05-10 00:41:19,329 - INFO - Final Decision Method: max_round_no_majority
2026-05-10 00:41:19,329 - INFO - Final Vote Count: {'Candidate D': 1, 'Candidate A': 1, 'Candidate B': 1}
2026-05-10 00:41:19,329 - INFO - Correct Candidate: Candidate C
2026-05-10 00:41:19,329 - INFO - Decision Correct: 0
2026-05-10 00:41:19,329 - INFO - Runtime: 270.49s
2026-05-10 00:41:19,329 - INFO - ======================================================================
