2026-05-10 05:24:21,683 - INFO - Metrics tracker initialized
{"id": 1, "ts": 1778383461.71454, "event": "memory_reset"}
{"id": 2, "ts": 1778383461.7186902, "event": "discussion_order", "round": 1, "order": ["agent_3", "agent_2", "agent_1"]}
2026-05-10 05:24:29,634 - INFO - Tokens - Input: 1414, Output: 638, Total: 2052
{"id": 3, "ts": 1778383469.635657, "event": "public_discussion_message", "round": 1, "agent": "agent_3", "message": "I tentatively favor **Candidate\u202fB**. Their conscientiousness and strong stress\u2011handling suggest high reliability and calmness under pressure, while good weather assessment and computer skills indicate solid technical competence for long\u2011haul flights. The main uncertainty is their pretentious demeanor and occasional wrong tone, which could hinder crew cooperation.\nMETADATA_JSON:\n{\"agent\": \"agent_3\", \"vote\": \"Candidate B\"}"}
2026-05-10 05:24:29,635 - INFO - Agent turns: 1
2026-05-10 05:24:37,332 - INFO - Tokens - Input: 1585, Output: 982, Total: 2567
{"id": 4, "ts": 1778383477.3335843, "event": "public_discussion_message", "round": 1, "agent": "agent_2", "message": "I tentatively favor **Candidate\u202fB**. Their very conscientious nature and strong stress\u2011handling suggest high reliability and calmness under pressure\u2014key for long\u2011haul flights. Additionally, their ability to assess weather and strong computer skills support the technical competence needed for complex routes. The main uncertainty is their tendency to make nasty remarks about colleagues, which could undermine crew cooperation and safety.\nMETADATA_JSON:\n{\"agent\": \"agent_2\", \"vote\": \"Candidate B\"}"}
2026-05-10 05:24:37,333 - INFO - Agent turns: 2
2026-05-10 05:24:47,354 - INFO - Tokens - Input: 1699, Output: 856, Total: 2555
{"id": 5, "ts": 1778383487.3558652, "event": "public_discussion_message", "round": 1, "agent": "agent_1", "message": "I currently favor **Candidate\u202fC**. Their 100\u202f% reliability and the fact that they create a positive atmosphere with the crew suggest strong dependability and good teamwork, both critical for long\u2011haul operations. Additionally, their ability to make correct decisions quickly supports safe, efficient handling of complex, time\u2011sensitive situations. The main uncertainty is their difficulty communicating ideas and egocentric attitude, which could hinder cooperation and crew coordination.\nMETADATA_JSON:\n{\"agent\": \"agent_1\", \"vote\": \"Candidate C\"}"}
2026-05-10 05:24:47,356 - INFO - Agent turns: 3
2026-05-10 05:24:47,365 - INFO - Loop 1 completed
{"id": 6, "ts": 1778383487.3716033, "event": "discussion_order", "round": 2, "order": ["agent_3", "agent_1", "agent_2"]}
2026-05-10 05:24:57,389 - INFO - Tokens - Input: 1738, Output: 1002, Total: 2740
{"id": 7, "ts": 1778383497.3904397, "event": "public_discussion_message", "round": 2, "agent": "agent_3", "message": "I now favor **Candidate\u202fA**. Their ability to anticipate dangerous situations, excellent spatial vision, and strong leadership suggest high technical competence and the capacity to guide the crew effectively on long\u2011haul routes. This matters because safety and clear direction are crucial for extended flights. The main trade\u2011off is the lack of explicit evidence on stress handling and reliability, and the noted unfriendly demeanor, which could affect crew cooperation.\nMETADATA_JSON:\n{\"agent\": \"agent_3\", \"vote\": \"Candidate A\"}"}
2026-05-10 05:24:57,390 - INFO - Agent turns: 4
2026-05-10 05:25:10,307 - INFO - Tokens - Input: 1935, Output: 1624, Total: 3559
{"id": 8, "ts": 1778383510.3089843, "event": "public_discussion_message", "round": 2, "agent": "agent_1", "message": "I currently favor **Candidate\u202fB**. Their conscientious nature and strong stress\u2011handling indicate high reliability and calmness under pressure, while their ability to assess weather and excellent computer skills demonstrate solid technical competence for long\u2011haul routes. The main uncertainty is their grumpy, uncooperative attitude, which could undermine crew cooperation and safety.\nMETADATA_JSON:\n{\"agent\": \"agent_1\", \"vote\": \"Candidate B\"}"}
2026-05-10 05:25:10,309 - INFO - Agent turns: 5
2026-05-10 05:25:24,368 - INFO - Tokens - Input: 2016, Output: 1066, Total: 3082
{"id": 9, "ts": 1778383524.370035, "event": "public_discussion_message", "round": 2, "agent": "agent_2", "message": "I continue to favor **Candidate\u202fB**. Their strong conscientiousness points to high reliability, and their ability to handle stress indicates calmness under pressure\u2014both essential for long\u2011distance flights. Additionally, their skill in assessing weather and solid computer abilities support the technical competence needed for complex routes. The main trade\u2011off is their tendency to make nasty remarks about colleagues, which raises concerns about crew cooperation and overall safety.\nMETADATA_JSON:\n{\"agent\": \"agent_2\", \"vote\": \"Candidate B\"}"}
2026-05-10 05:25:24,370 - INFO - Agent turns: 6
2026-05-10 05:25:24,379 - INFO - Loop 2 completed
{"id": 10, "ts": 1778383524.3859234, "event": "discussion_order", "round": 3, "order": ["agent_2", "agent_3", "agent_1"]}
2026-05-10 05:25:30,283 - INFO - Tokens - Input: 2065, Output: 605, Total: 2670
{"id": 11, "ts": 1778383530.2843966, "event": "public_discussion_message", "round": 3, "agent": "agent_2", "message": "I continue to favor **Candidate\u202fB**. Their strong conscientiousness and ability to handle stress give high reliability and calmness under pressure, while their skill in assessing weather and excellent computer abilities provide solid technical competence for long\u2011haul flights. The main trade\u2011off is their tendency to make nasty remarks about colleagues, which could undermine crew cooperation and safety.\nMETADATA_JSON:\n{\"agent\": \"agent_2\", \"vote\": \"Candidate B\"}"}
2026-05-10 05:25:30,284 - INFO - Agent turns: 7
2026-05-10 05:25:39,334 - INFO - Tokens - Input: 2223, Output: 1057, Total: 3280
{"id": 12, "ts": 1778383539.335381, "event": "public_discussion_message", "round": 3, "agent": "agent_3", "message": "I continue to favor **Candidate\u202fB**. Their very conscientious nature and proven ability to handle stress give high reliability and calmness under pressure\u2014essential for long\u2011distance flights. Additionally, their skill in assessing weather and strong computer abilities provide solid technical competence for complex, long\u2011haul routes. The main trade\u2011off is their pretentious demeanor and occasional wrong tone, which could undermine crew cooperation and safety.\nMETADATA_JSON:\n{\"agent\": \"agent_3\", \"vote\": \"Candidate B\"}"}
2026-05-10 05:25:39,335 - INFO - Agent turns: 8
2026-05-10 05:25:48,819 - INFO - Tokens - Input: 2349, Output: 919, Total: 3268
{"id": 13, "ts": 1778383548.820627, "event": "public_discussion_message", "round": 3, "agent": "agent_1", "message": "I currently favor **Candidate\u202fC**. Their 100\u202f% reliability and ability to create a positive atmosphere with the crew indicate strong dependability and good teamwork, while their capacity to make correct decisions quickly supports effective handling of long\u2011haul challenges. The main trade\u2011off is their difficulty communicating ideas and egocentric attitude, which could impede crew cooperation.\nMETADATA_JSON:\n{\"agent\": \"agent_1\", \"vote\": \"Candidate C\"}"}
2026-05-10 05:25:48,820 - INFO - Agent turns: 9
2026-05-10 05:25:48,830 - INFO - Loop 3 completed
{"id": 14, "ts": 1778383548.8362167, "event": "discussion_order", "round": 4, "order": ["agent_2", "agent_3", "agent_1"]}
2026-05-10 05:25:52,708 - INFO - Tokens - Input: 2374, Output: 434, Total: 2808
{"id": 15, "ts": 1778383552.7100449, "event": "public_discussion_message", "round": 4, "agent": "agent_2", "message": "I continue to favor **Candidate\u202fB**. Their strong conscientiousness and ability to handle stress give high reliability and calmness under pressure\u2014essential for long\u2011distance flights\u2014while their skill in assessing weather and solid computer abilities support the technical competence needed for complex routes. The main trade\u2011off is their tendency to make nasty remarks about colleagues, which raises concerns about crew cooperation and safety.\nMETADATA_JSON:\n{\"agent\": \"agent_2\", \"vote\": \"Candidate B\"}"}
2026-05-10 05:25:52,710 - INFO - Agent turns: 10
2026-05-10 05:26:02,810 - INFO - Tokens - Input: 2546, Output: 1171, Total: 3717
{"id": 16, "ts": 1778383562.8120074, "event": "public_discussion_message", "round": 4, "agent": "agent_3", "message": "I currently favor **Candidate\u202fD**. Their excellent problem\u2011solving ability, strong concentration, and serious sense of responsibility indicate high technical competence and reliability for long\u2011haul flights, while their capacity to respond adequately to unexpected events suggests good calmness under pressure. The main trade\u2011off is their moody demeanor and being regarded as a loner, which could hinder crew cooperation and a positive cockpit atmosphere.\nMETADATA_JSON:\n{\"agent\": \"agent_3\", \"vote\": \"Candidate D\"}"}
2026-05-10 05:26:02,812 - INFO - Agent turns: 11
2026-05-10 05:26:24,258 - INFO - Tokens - Input: 2665, Output: 1197, Total: 3862
{"id": 17, "ts": 1778383584.2596748, "event": "public_discussion_message", "round": 4, "agent": "agent_1", "message": "I currently favor **Candidate\u202fA**. Their ability to anticipate dangerous situations, excellent spatial vision, and very good leadership qualities give strong technical competence and clear crew direction\u2014key for long\u2011haul safety. The main trade\u2011off is the lack of explicit evidence on stress handling and reliability, plus a tendency to be unorganized and not take criticism well, which could affect performance under pressure.\nMETADATA_JSON:\n{\"agent\": \"agent_1\", \"vote\": \"Candidate A\"}"}
2026-05-10 05:26:24,259 - INFO - Agent turns: 12
2026-05-10 05:26:24,269 - INFO - Loop 4 completed
{"id": 18, "ts": 1778383584.2758253, "event": "discussion_order", "round": 5, "order": ["agent_1", "agent_2", "agent_3"]}
2026-05-10 05:26:37,071 - INFO - Tokens - Input: 2700, Output: 1461, Total: 4161
{"id": 19, "ts": 1778383597.072774, "event": "public_discussion_message", "round": 5, "agent": "agent_1", "message": "I now favor **Candidate\u202fD**. Their excellent problem\u2011solving ability, strong concentration, and serious sense of responsibility give solid technical competence and reliability for long\u2011haul flights, while their capacity to respond adequately to unexpected events supports calmness under pressure. The main trade\u2011off is their arrogance and relatively weak leadership, which could undermine crew cooperation and a positive cockpit atmosphere.\nMETADATA_JSON:\n{\"agent\": \"agent_1\", \"vote\": \"Candidate D\"}"}
2026-05-10 05:26:37,072 - INFO - Agent turns: 13
2026-05-10 05:26:49,791 - INFO - Tokens - Input: 2872, Output: 979, Total: 3851
{"id": 20, "ts": 1778383609.7932417, "event": "public_discussion_message", "round": 5, "agent": "agent_2", "message": "I now favor **Candidate\u202fD**. Their excellent problem\u2011solving ability, strong concentration, and serious sense of responsibility provide high technical competence and reliability for long\u2011haul flights, while their capacity to respond adequately to unexpected events demonstrates calmness under pressure. The main trade\u2011off is their hot temper and perceived arrogance, which could undermine crew cooperation and a positive cockpit atmosphere.\nMETADATA_JSON:\n{\"agent\": \"agent_2\", \"vote\": \"Candidate D\"}"}
2026-05-10 05:26:49,793 - INFO - Agent turns: 14
2026-05-10 05:27:00,358 - INFO - Tokens - Input: 2968, Output: 969, Total: 3937
{"id": 21, "ts": 1778383620.359451, "event": "public_discussion_message", "round": 5, "agent": "agent_3", "message": "I favor **Candidate\u202fD**. Their excellent problem\u2011solving ability, strong concentration, and serious sense of responsibility give the technical competence and reliability needed for long\u2011haul flights, while their proven capacity to respond adequately to unexpected events supports calmness under pressure. The main trade\u2011off is their moody, loner demeanor and hot temper, which could hinder crew cooperation and a positive cockpit atmosphere.\nMETADATA_JSON:\n{\"agent\": \"agent_3\", \"vote\": \"Candidate D\"}"}
2026-05-10 05:27:00,359 - INFO - Agent turns: 15
2026-05-10 05:27:00,369 - INFO - Loop 5 completed
2026-05-10 05:27:00,369 - INFO - Final Chosen Candidate: Candidate D
2026-05-10 05:27:00,369 - INFO - Final Decision Method: consensus
2026-05-10 05:27:00,369 - INFO - Final Vote Count: {'Candidate D': 3}
2026-05-10 05:27:00,369 - INFO - Correct Candidate: Candidate C
2026-05-10 05:27:00,369 - INFO - Decision Correct: 0
{"id": 22, "ts": 1778383620.3711379, "event": "context_consistency_not_applicable", "reason": "explicit_smm_memory_disabled"}
{"id": 23, "ts": 1778383620.3712769, "event": "final_decision", "candidate": "Candidate D", "method": "consensus", "vote_count": {"Candidate D": 3}, "correct_candidate": "Candidate C", "decision_correct": 0, "round": 5}
2026-05-10 05:27:00,380 - INFO - ======================================================================
2026-05-10 05:27:00,380 - INFO - SIMULATION METRICS
2026-05-10 05:27:00,381 - INFO - ======================================================================
2026-05-10 05:27:00,381 - INFO - Total Loops: 5
2026-05-10 05:27:00,381 - INFO - Agent Turns (no vote checker): 15
2026-05-10 05:27:00,381 - INFO - Agent Tool Calls: 0
2026-05-10 05:27:00,381 - INFO - Agent Tool Messages: 0
2026-05-10 05:27:00,381 - INFO - Memory Updates: 0
2026-05-10 05:27:00,381 - INFO - Total Messages (no vote checker): 15
2026-05-10 05:27:00,381 - INFO - Input Tokens: 33149
2026-05-10 05:27:00,381 - INFO - Output Tokens: 14960
2026-05-10 05:27:00,381 - INFO - Total Tokens: 48109
2026-05-10 05:27:00,381 - INFO - Final Chosen Candidate: Candidate D
2026-05-10 05:27:00,381 - INFO - Final Decision Method: consensus
2026-05-10 05:27:00,381 - INFO - Final Vote Count: {'Candidate D': 3}
2026-05-10 05:27:00,381 - INFO - Correct Candidate: Candidate C
2026-05-10 05:27:00,382 - INFO - Decision Correct: 0
2026-05-10 05:27:00,382 - INFO - Runtime: 158.70s
2026-05-10 05:27:00,382 - INFO - ======================================================================
