2026-05-01 13:26:20,733 - INFO - Metrics tracker initialized
{"id": 1, "ts": 1777634780.7504199, "event": "memory_reset"}
2026-05-01 13:26:25,070 - INFO - Tokens - Input: 919, Output: 435, Total: 1354
{"id": 2, "ts": 1777634785.071784, "event": "public_discussion_message", "round": 1, "agent": "agent_1", "message": "Considering the role\u2019s need for both technical excellence and reliable, immediate impact, Eve stands out. She achieved the second\u2011highest technical assessment score, has proven experience in comparable leadership positions at top companies, and is less likely than Carol to face interpersonal challenges that could hinder team reliability. While Alice brings extensive leadership tenure, her below\u2011expectation system design performance raises reliability concerns. Bob and Dave lack clear evidence of top\u2011tier technical depth. Therefore, I endorse Eve as the leading candidate."}
2026-05-01 13:26:25,071 - INFO - Agent turns: 1
2026-05-01 13:26:30,798 - INFO - Tokens - Input: 1105, Output: 1038, Total: 2143
2026-05-01 13:26:30,801 - INFO - Memory updates: 1
{"id": 3, "ts": 1777634790.8014212, "event": "memory_updated", "agent": "agent_1", "round": 1}
2026-05-01 13:26:32,541 - INFO - Tokens - Input: 1113, Output: 1283, Total: 2396
2026-05-01 13:26:32,543 - INFO - Memory updates: 2
{"id": 4, "ts": 1777634792.543638, "event": "memory_updated", "agent": "agent_3", "round": 1}
2026-05-01 13:26:33,164 - INFO - Tokens - Input: 1099, Output: 1272, Total: 2371
2026-05-01 13:26:33,165 - INFO - Memory updates: 3
{"id": 5, "ts": 1777634793.165937, "event": "memory_updated", "agent": "agent_2", "round": 1}
2026-05-01 13:26:35,123 - INFO - Tokens - Input: 1109, Output: 1216, Total: 2325
2026-05-01 13:26:35,124 - INFO - Memory updates: 4
{"id": 6, "ts": 1777634795.124867, "event": "memory_updated", "agent": "agent_4", "round": 1}
2026-05-01 13:26:37,376 - INFO - Tokens - Input: 1479, Output: 253, Total: 1732
{"id": 7, "ts": 1777634797.3780491, "event": "public_discussion_message", "round": 1, "agent": "agent_2", "message": "I echo Agent\u202f1\u2019s view\u2014Eve best balances proven technical competence (2nd\u2011highest assessment) with relevant leadership experience at top firms, and she presents fewer interpersonal red flags than Carol. While her hesitation with underperformers is a concern, it appears manageable compared to Alice\u2019s recent design reliability gaps and the broader technical depth uncertainties of Bob and Dave. I therefore continue to support Eve as the leading candidate, pending a brief check on her performance\u2011management approach."}
2026-05-01 13:26:37,378 - INFO - Agent turns: 2
2026-05-01 13:26:56,096 - INFO - Tokens - Input: 1812, Output: 1207, Total: 3019
2026-05-01 13:26:56,099 - INFO - Memory updates: 5
{"id": 8, "ts": 1777634816.099948, "event": "memory_updated", "agent": "agent_3", "round": 1}
2026-05-01 13:27:05,921 - INFO - Tokens - Input: 1514, Output: 1107, Total: 2621
2026-05-01 13:27:05,922 - INFO - Memory updates: 6
{"id": 9, "ts": 1777634825.9229708, "event": "memory_updated", "agent": "agent_1", "round": 1}
2026-05-01 13:27:09,551 - INFO - Tokens - Input: 1675, Output: 1050, Total: 2725
2026-05-01 13:27:09,553 - INFO - Memory updates: 7
{"id": 10, "ts": 1777634829.553918, "event": "memory_updated", "agent": "agent_4", "round": 1}
2026-05-01 13:27:10,278 - INFO - Tokens - Input: 1662, Output: 1065, Total: 2727
2026-05-01 13:27:10,280 - INFO - Memory updates: 8
{"id": 11, "ts": 1777634830.2806242, "event": "memory_updated", "agent": "agent_2", "round": 1}
2026-05-01 13:27:12,611 - INFO - Tokens - Input: 1796, Output: 287, Total: 2083
{"id": 12, "ts": 1777634832.6135108, "event": "public_discussion_message", "round": 1, "agent": "agent_3", "message": "I agree with Agents\u202f1 and\u202f2 that Eve offers the strongest combination of technical performance (second\u2011highest assessment), relevant leadership experience, and relatively low interpersonal risk. While her potential competing offer and her cautiousness with under\u2011performers deserve a quick check, these are manageable mitigations compared to the reliability concerns around Alice and the interpersonal red flags for Carol. Thus, I also endorse **Eve** as the leading candidate, pending confirmation of her commitment and a brief review of her performance\u2011management approach."}
2026-05-01 13:27:12,613 - INFO - Agent turns: 3
2026-05-01 13:27:29,164 - INFO - Tokens - Input: 1564, Output: 821, Total: 2385
2026-05-01 13:27:29,167 - INFO - Memory updates: 9
{"id": 13, "ts": 1777634849.167488, "event": "memory_updated", "agent": "agent_1", "round": 1}
2026-05-01 13:27:40,019 - INFO - Tokens - Input: 1795, Output: 1039, Total: 2834
2026-05-01 13:27:40,021 - INFO - Memory updates: 10
{"id": 14, "ts": 1777634860.021921, "event": "memory_updated", "agent": "agent_2", "round": 1}
2026-05-01 13:27:45,917 - INFO - Tokens - Input: 2003, Output: 1197, Total: 3200
2026-05-01 13:27:45,919 - INFO - Memory updates: 11
{"id": 15, "ts": 1777634865.9193301, "event": "memory_updated", "agent": "agent_3", "round": 1}
2026-05-01 13:28:19,460 - INFO - Tokens - Input: 1829, Output: 1084, Total: 2913
2026-05-01 13:28:19,464 - INFO - Memory updates: 12
{"id": 16, "ts": 1777634899.464263, "event": "memory_updated", "agent": "agent_4", "round": 1}
2026-05-01 13:28:24,475 - INFO - Tokens - Input: 1830, Output: 216, Total: 2046
{"id": 17, "ts": 1777634904.4762728, "event": "public_discussion_message", "round": 1, "agent": "agent_4", "message": "I concur with Agents\u202f1\u20113 that **Eve** remains the strongest overall fit. Her proven technical performance (second\u2011highest assessment), direct leadership experience in comparable high\u2011impact roles at top firms, and minimal interpersonal risk give her a clear edge. While we must swiftly verify her approach to managing under\u2011performers and confirm her commitment given the competing offer, these are manageable checks. The other candidates each carry more substantial drawbacks\u2014Alice\u2019s missed deadlines, Bob\u2019s conflict of interest, Carol\u2019s interpersonal concerns, and Dave\u2019s limited top\u2011tier technical depth\u2014making them less reliable for immediate impact."}
2026-05-01 13:28:24,476 - INFO - Agent turns: 4
2026-05-01 13:28:29,577 - INFO - Tokens - Input: 2094, Output: 1049, Total: 3143
2026-05-01 13:28:29,579 - INFO - Memory updates: 13
{"id": 18, "ts": 1777634909.579639, "event": "memory_updated", "agent": "agent_4", "round": 1}
2026-05-01 13:28:30,498 - INFO - Tokens - Input: 1928, Output: 1318, Total: 3246
2026-05-01 13:28:30,499 - INFO - Memory updates: 14
{"id": 19, "ts": 1777634910.500004, "event": "memory_updated", "agent": "agent_2", "round": 1}
2026-05-01 13:28:33,746 - INFO - Tokens - Input: 2200, Output: 1267, Total: 3467
2026-05-01 13:28:33,748 - INFO - Memory updates: 15
{"id": 20, "ts": 1777634913.748193, "event": "memory_updated", "agent": "agent_3", "round": 1}
2026-05-01 13:28:35,864 - INFO - Tokens - Input: 1777, Output: 956, Total: 2733
2026-05-01 13:28:35,866 - INFO - Memory updates: 16
{"id": 21, "ts": 1777634915.866938, "event": "memory_updated", "agent": "agent_1", "round": 1}
2026-05-01 13:28:35,872 - INFO - Loop 1 completed
2026-05-01 13:28:35,872 - INFO - Final Chosen Candidate: Eve
2026-05-01 13:28:35,872 - INFO - Final Decision Method: consensus
2026-05-01 13:28:35,872 - INFO - Final Vote Count: {'Eve': 4}
2026-05-01 13:28:35,872 - INFO - Correct Candidate: Eve
2026-05-01 13:28:35,872 - INFO - Decision Correct: 1
{"id": 22, "ts": 1777634916.605591, "event": "context_consistency_calculated", "method": "embedding_cosine", "mean_pairwise_similarity": 0.94106, "pairwise": [{"agent_a": "agent_1", "agent_b": "agent_2", "similarity": 0.944672}, {"agent_a": "agent_1", "agent_b": "agent_3", "similarity": 0.940188}, {"agent_a": "agent_1", "agent_b": "agent_4", "similarity": 0.931011}, {"agent_a": "agent_2", "agent_b": "agent_3", "similarity": 0.950962}, {"agent_a": "agent_2", "agent_b": "agent_4", "similarity": 0.944912}, {"agent_a": "agent_3", "agent_b": "agent_4", "similarity": 0.934615}]}
{"id": 23, "ts": 1777634916.605668, "event": "agent_memories_archived", "directory": "/Users/leonardhegemann/Documents/Studium/Bachelor/SoSe_2026/Abschlussarbeit/bachelor_thesis/01_data/raw/simulations/low/low_20260501_132619_001/shared_mental_models", "round": 1}
{"id": 24, "ts": 1777634916.6057112, "event": "final_decision", "candidate": "Eve", "method": "consensus", "vote_count": {"Eve": 4}, "correct_candidate": "Eve", "decision_correct": 1, "round": 1}
2026-05-01 13:28:36,608 - INFO - ======================================================================
2026-05-01 13:28:36,608 - INFO - SIMULATION METRICS
2026-05-01 13:28:36,608 - INFO - ======================================================================
2026-05-01 13:28:36,608 - INFO - Total Loops: 1
2026-05-01 13:28:36,608 - INFO - Agent Turns (no vote checker): 4
2026-05-01 13:28:36,608 - INFO - Agent Tool Calls: 0
2026-05-01 13:28:36,608 - INFO - Agent Tool Messages: 0
2026-05-01 13:28:36,608 - INFO - Memory Updates: 16
2026-05-01 13:28:36,608 - INFO - Total Messages (no vote checker): 4
2026-05-01 13:28:36,609 - INFO - Input Tokens: 32303
2026-05-01 13:28:36,609 - INFO - Output Tokens: 19160
2026-05-01 13:28:36,609 - INFO - Total Tokens: 51463
2026-05-01 13:28:36,609 - INFO - Final Chosen Candidate: Eve
2026-05-01 13:28:36,609 - INFO - Final Decision Method: consensus
2026-05-01 13:28:36,609 - INFO - Final Vote Count: {'Eve': 4}
2026-05-01 13:28:36,609 - INFO - Correct Candidate: Eve
2026-05-01 13:28:36,609 - INFO - Decision Correct: 1
2026-05-01 13:28:36,609 - INFO - Runtime: 135.88s
2026-05-01 13:28:36,609 - INFO - ======================================================================
