2026-05-01 13:37:34,675 - INFO - Metrics tracker initialized
{"id": 1, "ts": 1777635454.6911108, "event": "memory_reset"}
2026-05-01 13:37:37,844 - INFO - Tokens - Input: 919, Output: 267, Total: 1186
{"id": 2, "ts": 1777635457.845824, "event": "public_discussion_message", "round": 1, "agent": "agent_1", "message": "Considering the role\u2019s emphasis on technical excellence, reliability, and immediate impact, Eve stands out. She scored the second\u2011highest on the technical assessment, has proven experience in comparable leadership positions at top companies\u2014demonstrating both reliability and the ability to deliver quickly\u2014and lacks the interpersonal concerns noted for Carol. While Carol\u2019s technical score is the highest, mixed feedback on collaboration could hinder team effectiveness. Therefore, I currently favor Eve as the best overall fit."}
2026-05-01 13:37:37,845 - INFO - Agent turns: 1
2026-05-01 13:37:42,274 - INFO - Tokens - Input: 1078, Output: 914, Total: 1992
2026-05-01 13:37:42,277 - INFO - Memory updates: 1
{"id": 3, "ts": 1777635462.277319, "event": "memory_updated", "agent": "agent_2", "round": 1}
2026-05-01 13:37:46,035 - INFO - Tokens - Input: 1092, Output: 1007, Total: 2099
2026-05-01 13:37:46,037 - INFO - Memory updates: 2
{"id": 4, "ts": 1777635466.03775, "event": "memory_updated", "agent": "agent_3", "round": 1}
2026-05-01 13:37:51,870 - INFO - Tokens - Input: 1088, Output: 886, Total: 1974
2026-05-01 13:37:51,871 - INFO - Memory updates: 3
{"id": 5, "ts": 1777635471.871486, "event": "memory_updated", "agent": "agent_4", "round": 1}
2026-05-01 13:37:59,743 - INFO - Tokens - Input: 1084, Output: 1078, Total: 2162
2026-05-01 13:37:59,746 - INFO - Memory updates: 4
{"id": 6, "ts": 1777635479.7466922, "event": "memory_updated", "agent": "agent_1", "round": 1}
2026-05-01 13:38:01,690 - INFO - Tokens - Input: 1387, Output: 227, Total: 1614
{"id": 7, "ts": 1777635481.692356, "event": "public_discussion_message", "round": 1, "agent": "agent_2", "message": "I agree with Agent\u202f1 that Eve offers the strongest combination of recent technical performance (second\u2011highest assessment), proven leadership at top firms, and a clean interpersonal record, all of which align with the role\u2019s need for reliability and immediate impact. While her hesitation with underperformers is a concern, it can be mitigated with clear performance\u2011management support, making her the best overall fit."}
2026-05-01 13:38:01,692 - INFO - Agent turns: 2
2026-05-01 13:38:15,049 - INFO - Tokens - Input: 1522, Output: 873, Total: 2395
2026-05-01 13:38:15,051 - INFO - Memory updates: 5
{"id": 8, "ts": 1777635495.05164, "event": "memory_updated", "agent": "agent_2", "round": 1}
2026-05-01 13:38:19,319 - INFO - Tokens - Input: 1556, Output: 1031, Total: 2587
2026-05-01 13:38:19,320 - INFO - Memory updates: 6
{"id": 9, "ts": 1777635499.3210309, "event": "memory_updated", "agent": "agent_3", "round": 1}
2026-05-01 13:38:21,579 - INFO - Tokens - Input: 1488, Output: 1108, Total: 2596
2026-05-01 13:38:21,581 - INFO - Memory updates: 7
{"id": 10, "ts": 1777635501.581281, "event": "memory_updated", "agent": "agent_4", "round": 1}
2026-05-01 13:38:42,400 - INFO - Tokens - Input: 1502, Output: 926, Total: 2428
2026-05-01 13:38:42,403 - INFO - Memory updates: 8
{"id": 11, "ts": 1777635522.4034529, "event": "memory_updated", "agent": "agent_1", "round": 1}
2026-05-01 13:38:52,521 - INFO - Tokens - Input: 1626, Output: 533, Total: 2159
{"id": 12, "ts": 1777635532.5224519, "event": "public_discussion_message", "round": 1, "agent": "agent_3", "message": "I agree with Agents\u202f1\u202fand\u202f2 that Eve offers the strongest overall mix: proven leadership at top firms, the second\u2011highest technical assessment, a track record of reliable, rapid delivery, and no interpersonal red flags. The primary concern is her competing offer, which we can address through a clear, mutually\u2011beneficial commitment (e.g., sign\u2011on bonus, defined tenure clause). With that risk mitigated, Eve remains the best fit for the role\u2019s reliability, technical excellence, and immediate impact requirements."}
2026-05-01 13:38:52,522 - INFO - Agent turns: 3
2026-05-01 13:38:57,086 - INFO - Tokens - Input: 1710, Output: 1119, Total: 2829
2026-05-01 13:38:57,088 - INFO - Memory updates: 9
{"id": 13, "ts": 1777635537.088408, "event": "memory_updated", "agent": "agent_2", "round": 1}
2026-05-01 13:38:58,355 - INFO - Tokens - Input: 1832, Output: 865, Total: 2697
2026-05-01 13:38:58,356 - INFO - Memory updates: 10
{"id": 14, "ts": 1777635538.356931, "event": "memory_updated", "agent": "agent_4", "round": 1}
2026-05-01 13:39:11,931 - INFO - Tokens - Input: 1699, Output: 1133, Total: 2832
2026-05-01 13:39:11,933 - INFO - Memory updates: 11
{"id": 15, "ts": 1777635551.9332821, "event": "memory_updated", "agent": "agent_1", "round": 1}
2026-05-01 13:39:12,270 - INFO - Tokens - Input: 1839, Output: 979, Total: 2818
2026-05-01 13:39:12,272 - INFO - Memory updates: 12
{"id": 16, "ts": 1777635552.272683, "event": "memory_updated", "agent": "agent_3", "round": 1}
2026-05-01 13:39:14,402 - INFO - Tokens - Input: 1599, Output: 259, Total: 1858
{"id": 17, "ts": 1777635554.4033558, "event": "public_discussion_message", "round": 1, "agent": "agent_4", "message": "I agree with the earlier assessments\u2014Eve\u2019s blend of proven leadership at top firms, strong technical scores, and a clean interpersonal record makes her the strongest fit for the role\u2019s reliability, technical excellence, and immediate impact requirements. The remaining risk is her competing offer; securing a sign\u2011on bonus or a defined\u2011tenure clause should adequately mitigate that. Alice\u2019s deadline lapses, Bob\u2019s conflict of interest, Carol\u2019s interpersonal concerns, and the uncertainty around Dave\u2019s reliability under pressure keep them from surpassing Eve."}
2026-05-01 13:39:14,403 - INFO - Agent turns: 4
2026-05-01 13:39:21,225 - INFO - Tokens - Input: 1924, Output: 971, Total: 2895
2026-05-01 13:39:21,226 - INFO - Memory updates: 13
{"id": 18, "ts": 1777635561.2265651, "event": "memory_updated", "agent": "agent_1", "round": 1}
2026-05-01 13:39:23,904 - INFO - Tokens - Input: 1947, Output: 1082, Total: 3029
2026-05-01 13:39:23,905 - INFO - Memory updates: 14
{"id": 19, "ts": 1777635563.905729, "event": "memory_updated", "agent": "agent_2", "round": 1}
2026-05-01 13:39:25,167 - INFO - Tokens - Input: 1812, Output: 927, Total: 2739
2026-05-01 13:39:25,168 - INFO - Memory updates: 15
{"id": 20, "ts": 1777635565.168542, "event": "memory_updated", "agent": "agent_4", "round": 1}
2026-05-01 13:39:29,838 - INFO - Tokens - Input: 1943, Output: 1401, Total: 3344
2026-05-01 13:39:29,839 - INFO - Memory updates: 16
{"id": 21, "ts": 1777635569.8395252, "event": "memory_updated", "agent": "agent_3", "round": 1}
2026-05-01 13:39:29,844 - INFO - Loop 1 completed
2026-05-01 13:39:29,844 - INFO - Final Chosen Candidate: Eve
2026-05-01 13:39:29,844 - INFO - Final Decision Method: consensus
2026-05-01 13:39:29,844 - INFO - Final Vote Count: {'Eve': 4}
2026-05-01 13:39:29,844 - INFO - Correct Candidate: Eve
2026-05-01 13:39:29,844 - INFO - Decision Correct: 1
{"id": 22, "ts": 1777635570.429062, "event": "context_consistency_calculated", "method": "embedding_cosine", "mean_pairwise_similarity": 0.925779, "pairwise": [{"agent_a": "agent_1", "agent_b": "agent_2", "similarity": 0.938165}, {"agent_a": "agent_1", "agent_b": "agent_3", "similarity": 0.929329}, {"agent_a": "agent_1", "agent_b": "agent_4", "similarity": 0.919945}, {"agent_a": "agent_2", "agent_b": "agent_3", "similarity": 0.925892}, {"agent_a": "agent_2", "agent_b": "agent_4", "similarity": 0.917703}, {"agent_a": "agent_3", "agent_b": "agent_4", "similarity": 0.923641}]}
{"id": 23, "ts": 1777635570.429145, "event": "agent_memories_archived", "directory": "/Users/leonardhegemann/Documents/Studium/Bachelor/SoSe_2026/Abschlussarbeit/bachelor_thesis/01_data/raw/simulations/low/low_20260501_132619_008/shared_mental_models", "round": 1}
{"id": 24, "ts": 1777635570.429187, "event": "final_decision", "candidate": "Eve", "method": "consensus", "vote_count": {"Eve": 4}, "correct_candidate": "Eve", "decision_correct": 1, "round": 1}
2026-05-01 13:39:30,432 - INFO - ======================================================================
2026-05-01 13:39:30,432 - INFO - SIMULATION METRICS
2026-05-01 13:39:30,432 - INFO - ======================================================================
2026-05-01 13:39:30,432 - INFO - Total Loops: 1
2026-05-01 13:39:30,432 - INFO - Agent Turns (no vote checker): 4
2026-05-01 13:39:30,432 - INFO - Agent Tool Calls: 0
2026-05-01 13:39:30,432 - INFO - Agent Tool Messages: 0
2026-05-01 13:39:30,432 - INFO - Memory Updates: 16
2026-05-01 13:39:30,432 - INFO - Total Messages (no vote checker): 4
2026-05-01 13:39:30,432 - INFO - Input Tokens: 30647
2026-05-01 13:39:30,432 - INFO - Output Tokens: 17586
2026-05-01 13:39:30,432 - INFO - Total Tokens: 48233
2026-05-01 13:39:30,432 - INFO - Final Chosen Candidate: Eve
2026-05-01 13:39:30,432 - INFO - Final Decision Method: consensus
2026-05-01 13:39:30,432 - INFO - Final Vote Count: {'Eve': 4}
2026-05-01 13:39:30,432 - INFO - Correct Candidate: Eve
2026-05-01 13:39:30,432 - INFO - Decision Correct: 1
2026-05-01 13:39:30,432 - INFO - Runtime: 115.76s
2026-05-01 13:39:30,432 - INFO - ======================================================================
