2026-05-09 02:54:28,086 - INFO - Metrics tracker initialized
{"id": 1, "ts": 1778288068.113151, "event": "memory_reset"}
{"id": 2, "ts": 1778288068.11765, "event": "discussion_order", "round": 1, "order": ["agent_2", "agent_3", "agent_1"]}
2026-05-09 02:54:34,858 - INFO - Tokens - Input: 1422, Output: 657, Total: 2079
{"id": 3, "ts": 1778288074.8595135, "event": "public_discussion_message", "round": 1, "agent": "agent_2", "message": "I tentatively favor **Candidate\u202fD**. Their strong problem\u2011solving ability, high concentration, and serious sense of responsibility are crucial for the complex, long\u2011duration flights we operate, and they handle unexpected events adequately. However, the reports of a hot temper and being perceived as a know\u2011it\u2011all raise concerns about crew cooperation and cockpit harmony, which remain unresolved.\nMETADATA_JSON:\n{\"agent\": \"agent_2\", \"vote\": \"Candidate D\"}"}
2026-05-09 02:54:34,859 - INFO - Agent turns: 1
2026-05-09 02:54:39,843 - INFO - Tokens - Input: 1605, Output: 639, Total: 2244
{"id": 4, "ts": 1778288079.844732, "event": "public_discussion_message", "round": 1, "agent": "agent_3", "message": "I currently favor **Candidate\u202fB**. Their very conscientious nature supports reliability, and they handle stress well while assessing weather conditions\u2014key for safe, long\u2011distance operations. These traits matter because dependable, calm decision\u2011making under variable conditions is essential for pilot performance. The main uncertainty is their tendency to be pretentious and sometimes use the wrong tone, which could hinder crew cooperation and cockpit harmony.\nMETADATA_JSON:\n{\"agent\": \"agent_3\", \"vote\": \"Candidate B\"}"}
2026-05-09 02:54:39,844 - INFO - Agent turns: 2
2026-05-09 02:54:53,032 - INFO - Tokens - Input: 1721, Output: 1362, Total: 3083
{"id": 5, "ts": 1778288093.0339603, "event": "public_discussion_message", "round": 1, "agent": "agent_1", "message": "I currently favor **Candidate\u202fD**. Their excellent problem\u2011solving ability, strong concentration, and serious sense of responsibility are vital for the complex, long\u2011duration flights we operate, and they respond adequately to unexpected events, supporting calmness under pressure. The main uncertainty is their reported arrogance and relatively weak leadership, which could undermine crew cooperation and cockpit harmony.\nMETADATA_JSON:\n{\"agent\": \"agent_1\", \"vote\": \"Candidate D\"}"}
2026-05-09 02:54:53,034 - INFO - Agent turns: 3
2026-05-09 02:54:53,044 - INFO - Loop 1 completed
{"id": 6, "ts": 1778288093.0511272, "event": "discussion_order", "round": 2, "order": ["agent_2", "agent_3", "agent_1"]}
2026-05-09 02:54:59,686 - INFO - Tokens - Input: 1749, Output: 427, Total: 2176
{"id": 7, "ts": 1778288099.68803, "event": "public_discussion_message", "round": 2, "agent": "agent_2", "message": "I continue to favor **Candidate\u202fD**. Their excellent problem\u2011solving ability, strong concentration, and serious sense of responsibility are vital for the complex, long\u2011duration flights we operate, and they respond adequately to unexpected events, supporting calmness under pressure. The main unresolved issue is their hot temper and reputation as a know\u2011it\u2011all, which could jeopardize crew cooperation and cockpit harmony.\nMETADATA_JSON:\n{\"agent\": \"agent_2\", \"vote\": \"Candidate D\"}"}
2026-05-09 02:54:59,688 - INFO - Agent turns: 4
2026-05-09 02:55:06,752 - INFO - Tokens - Input: 1927, Output: 674, Total: 2601
{"id": 8, "ts": 1778288106.7534773, "event": "public_discussion_message", "round": 2, "agent": "agent_3", "message": "I continue to favor **Candidate\u202fB**. Their very conscientious nature and strong stress\u2011handling ability give them high reliability and calmness under pressure, while their skill in assessing weather conditions and excellent computer abilities support the technical competence needed for long\u2011distance flights. The remaining concern is their pretentious demeanor and occasional wrong tone, which could impair crew cooperation and cockpit harmony.\nMETADATA_JSON:\n{\"agent\": \"agent_3\", \"vote\": \"Candidate B\"}"}
2026-05-09 02:55:06,753 - INFO - Agent turns: 5
2026-05-09 02:55:15,739 - INFO - Tokens - Input: 2027, Output: 1214, Total: 3241
{"id": 9, "ts": 1778288115.740488, "event": "public_discussion_message", "round": 2, "agent": "agent_1", "message": "I now favor **Candidate\u202fB**. Their very conscientious nature gives high reliability, and their strong stress\u2011handling ability supports calmness under pressure\u2014both essential for long\u2011distance flights. Additionally, their skill in assessing weather conditions and excellent computer abilities provide solid technical competence for complex routes. The main uncertainty is their pretentious demeanor and occasional uncooperative attitude, which could jeopardize crew cooperation and cockpit harmony.\nMETADATA_JSON:\n{\"agent\": \"agent_1\", \"vote\": \"Candidate B\"}"}
2026-05-09 02:55:15,740 - INFO - Agent turns: 6
2026-05-09 02:55:15,750 - INFO - Loop 2 completed
{"id": 10, "ts": 1778288115.7562761, "event": "discussion_order", "round": 3, "order": ["agent_2", "agent_1", "agent_3"]}
2026-05-09 02:55:19,998 - INFO - Tokens - Input: 2071, Output: 593, Total: 2664
{"id": 11, "ts": 1778288120.0002897, "event": "public_discussion_message", "round": 3, "agent": "agent_2", "message": "I now favor **Candidate\u202fB**. Their strong conscientiousness and ability to handle stress give high reliability and calmness under pressure, essential for long\u2011distance flights, while their skill in assessing weather conditions and excellent computer abilities provide solid technical competence. The main uncertainty is their tendency to make nasty remarks about colleagues (and a relatively weak memory for numbers), which could undermine crew cooperation and cockpit harmony.\nMETADATA_JSON:\n{\"agent\": \"agent_2\", \"vote\": \"Candidate B\"}"}
2026-05-09 02:55:20,000 - INFO - Agent turns: 7
2026-05-09 02:55:32,026 - INFO - Tokens - Input: 2252, Output: 972, Total: 3224
{"id": 12, "ts": 1778288132.0277689, "event": "public_discussion_message", "round": 3, "agent": "agent_1", "message": "I now favor **Candidate\u202fA**. Their ability to anticipate dangerous situations and excellent spatial vision give strong technical competence for long\u2011distance navigation, while their very good leadership qualities support effective crew cooperation. The main uncertainty is their tendency to be unorganized and difficulty accepting criticism, which could affect reliability and teamwork in the cockpit.\nMETADATA_JSON:\n{\"agent\": \"agent_1\", \"vote\": \"Candidate A\"}"}
2026-05-09 02:55:32,027 - INFO - Agent turns: 8
2026-05-09 02:55:41,471 - INFO - Tokens - Input: 2325, Output: 1277, Total: 3602
{"id": 13, "ts": 1778288141.4724724, "event": "public_discussion_message", "round": 3, "agent": "agent_3", "message": "I now favor **Candidate\u202fA**. Their ability to anticipate dangerous situations and excellent spatial vision give strong technical competence for long\u2011distance navigation, and their very good leadership qualities support effective crew cooperation. The main uncertainty is their unfriendly demeanor and tendency to be unorganized, which could undermine reliability and teamwork in the cockpit.\nMETADATA_JSON:\n{\"agent\": \"agent_3\", \"vote\": \"Candidate A\"}"}
2026-05-09 02:55:41,472 - INFO - Agent turns: 9
2026-05-09 02:55:41,482 - INFO - Loop 3 completed
{"id": 14, "ts": 1778288141.4887218, "event": "discussion_order", "round": 4, "order": ["agent_2", "agent_1", "agent_3"]}
2026-05-09 02:55:48,601 - INFO - Tokens - Input: 2365, Output: 1110, Total: 3475
{"id": 15, "ts": 1778288148.602516, "event": "public_discussion_message", "round": 4, "agent": "agent_2", "message": "I continue to favor **Candidate\u202fB**. Their very conscientious nature gives high reliability, and their ability to handle stress ensures calmness under pressure\u2014both essential for long\u2011distance flights. Additionally, their skill in assessing weather conditions and strong computer abilities provide solid technical competence for complex routes. The main uncertainty is their tendency to make nasty remarks about colleagues and a pretentious demeanor, which could undermine crew cooperation and cockpit harmony.\nMETADATA_JSON:\n{\"agent\": \"agent_2\", \"vote\": \"Candidate B\"}"}
2026-05-09 02:55:48,602 - INFO - Agent turns: 10
2026-05-09 02:55:56,857 - INFO - Tokens - Input: 2556, Output: 1054, Total: 3610
{"id": 16, "ts": 1778288156.859062, "event": "public_discussion_message", "round": 4, "agent": "agent_1", "message": "I currently favor **Candidate\u202fB**. Their very conscientious nature gives high reliability, and their ability to handle stress ensures calmness under pressure\u2014both essential for long\u2011distance flights. Additionally, their skill in assessing weather conditions and strong computer abilities provide solid technical competence for complex routes. The main uncertainty is their tendency to be grumpy and uncooperative, which could undermine crew cooperation and cockpit harmony.\nMETADATA_JSON:\n{\"agent\": \"agent_1\", \"vote\": \"Candidate B\"}"}
2026-05-09 02:55:56,859 - INFO - Agent turns: 11
2026-05-09 02:56:04,543 - INFO - Tokens - Input: 2656, Output: 1033, Total: 3689
{"id": 17, "ts": 1778288164.5452912, "event": "public_discussion_message", "round": 4, "agent": "agent_3", "message": "I now favor **Candidate\u202fD**. Their excellent problem\u2011solving ability, strong concentration, and serious sense of responsibility give them high technical competence, reliability, and calmness under pressure\u2014key for long\u2011distance flights. The main trade\u2011off is their reported moodiness and being regarded as a loner, which could pose challenges for crew cooperation and cockpit harmony.\nMETADATA_JSON:\n{\"agent\": \"agent_3\", \"vote\": \"Candidate D\"}"}
2026-05-09 02:56:04,545 - INFO - Agent turns: 12
2026-05-09 02:56:04,555 - INFO - Loop 4 completed
{"id": 18, "ts": 1778288164.5608487, "event": "discussion_order", "round": 5, "order": ["agent_1", "agent_2", "agent_3"]}
2026-05-09 02:56:12,032 - INFO - Tokens - Input: 2687, Output: 1048, Total: 3735
{"id": 19, "ts": 1778288172.0333893, "event": "public_discussion_message", "round": 5, "agent": "agent_1", "message": "I currently favor **Candidate\u202fA**. Their ability to anticipate dangerous situations and excellent spatial vision give strong technical competence for long\u2011distance navigation, and their very good leadership qualities support effective crew cooperation. The main uncertainty is their tendency to be unorganized and difficulty accepting criticism, which could undermine reliability and teamwork in the cockpit.\nMETADATA_JSON:\n{\"agent\": \"agent_1\", \"vote\": \"Candidate A\"}"}
2026-05-09 02:56:12,033 - INFO - Agent turns: 13
2026-05-09 02:56:19,854 - INFO - Tokens - Input: 2844, Output: 1029, Total: 3873
{"id": 20, "ts": 1778288179.8562016, "event": "public_discussion_message", "round": 5, "agent": "agent_2", "message": "I continue to favor **Candidate\u202fB**. Their very conscientious nature ensures reliability, and their ability to handle stress provides calmness under pressure\u2014both essential for long\u2011distance flights. Additionally, their skill in assessing weather conditions and strong computer abilities give solid technical competence for complex routes. The main unresolved issue is their tendency to make nasty remarks about colleagues (and a relatively weak memory for numbers), which could undermine crew cooperation and cockpit harmony.\nMETADATA_JSON:\n{\"agent\": \"agent_2\", \"vote\": \"Candidate B\"}"}
2026-05-09 02:56:19,856 - INFO - Agent turns: 14
2026-05-09 02:56:27,354 - INFO - Tokens - Input: 2975, Output: 1034, Total: 4009
{"id": 21, "ts": 1778288187.3560572, "event": "public_discussion_message", "round": 5, "agent": "agent_3", "message": "I now favor **Candidate\u202fB**. Their very conscientious nature gives high reliability, and their strong ability to handle stress ensures calmness under pressure\u2014both vital for long\u2011distance operations. Additionally, their skill in assessing weather conditions and excellent computer abilities provide solid technical competence for complex routes. The main trade\u2011off is their pretentious demeanor and occasional nasty remarks, which could undermine crew cooperation and cockpit harmony.\nMETADATA_JSON:\n{\"agent\": \"agent_3\", \"vote\": \"Candidate B\"}"}
2026-05-09 02:56:27,356 - INFO - Agent turns: 15
2026-05-09 02:56:27,365 - INFO - Loop 5 completed
2026-05-09 02:56:27,366 - INFO - Final Chosen Candidate: Candidate B
2026-05-09 02:56:27,366 - INFO - Final Decision Method: max_round_majority_vote
2026-05-09 02:56:27,366 - INFO - Final Vote Count: {'Candidate A': 1, 'Candidate B': 2}
2026-05-09 02:56:27,366 - INFO - Correct Candidate: Candidate C
2026-05-09 02:56:27,366 - INFO - Decision Correct: 0
{"id": 22, "ts": 1778288187.367847, "event": "context_consistency_not_applicable", "reason": "explicit_smm_memory_disabled"}
{"id": 23, "ts": 1778288187.3679965, "event": "final_decision", "candidate": "Candidate B", "method": "max_round_majority_vote", "vote_count": {"Candidate A": 1, "Candidate B": 2}, "correct_candidate": "Candidate C", "decision_correct": 0, "round": 5}
2026-05-09 02:56:27,375 - INFO - ======================================================================
2026-05-09 02:56:27,375 - INFO - SIMULATION METRICS
2026-05-09 02:56:27,375 - INFO - ======================================================================
2026-05-09 02:56:27,376 - INFO - Total Loops: 5
2026-05-09 02:56:27,376 - INFO - Agent Turns (no vote checker): 15
2026-05-09 02:56:27,376 - INFO - Agent Tool Calls: 0
2026-05-09 02:56:27,376 - INFO - Agent Tool Messages: 0
2026-05-09 02:56:27,376 - INFO - Memory Updates: 0
2026-05-09 02:56:27,376 - INFO - Total Messages (no vote checker): 15
2026-05-09 02:56:27,376 - INFO - Input Tokens: 33182
2026-05-09 02:56:27,376 - INFO - Output Tokens: 14123
2026-05-09 02:56:27,376 - INFO - Total Tokens: 47305
2026-05-09 02:56:27,376 - INFO - Final Chosen Candidate: Candidate B
2026-05-09 02:56:27,376 - INFO - Final Decision Method: max_round_majority_vote
2026-05-09 02:56:27,376 - INFO - Final Vote Count: {'Candidate A': 1, 'Candidate B': 2}
2026-05-09 02:56:27,376 - INFO - Correct Candidate: Candidate C
2026-05-09 02:56:27,376 - INFO - Decision Correct: 0
2026-05-09 02:56:27,377 - INFO - Runtime: 119.29s
2026-05-09 02:56:27,377 - INFO - ======================================================================
