2026-05-08 11:39:52,495 - INFO - Metrics tracker initialized
{"id": 1, "ts": 1778233192.5232005, "event": "memory_reset"}
{"id": 2, "ts": 1778233192.526465, "event": "discussion_order", "round": 1, "order": ["agent_3", "agent_2", "agent_1"]}
2026-05-08 11:39:57,285 - INFO - Tokens - Input: 1387, Output: 510, Total: 1897
{"id": 3, "ts": 1778233197.2867758, "event": "public_discussion_message", "round": 1, "agent": "agent_3", "message": "I prefer Candidate B; handles stress very well.\nMETADATA_JSON:\n{\"agent\": \"agent_3\", \"vote\": \"Candidate B\"}"}
2026-05-08 11:39:57,286 - INFO - Agent turns: 1
2026-05-08 11:40:01,139 - INFO - Tokens - Input: 1452, Output: 584, Total: 2036
{"id": 4, "ts": 1778233201.1413336, "event": "public_discussion_message", "round": 1, "agent": "agent_2", "message": "I prefer Candidate A; has very good leadership qualities.\nMETADATA_JSON:\n{\"agent\": \"agent_2\", \"vote\": \"Candidate A\"}"}
2026-05-08 11:40:01,141 - INFO - Agent turns: 2
2026-05-08 11:40:05,247 - INFO - Tokens - Input: 1489, Output: 547, Total: 2036
{"id": 5, "ts": 1778233205.248632, "event": "public_discussion_message", "round": 1, "agent": "agent_1", "message": "I prefer Candidate A; sometimes not good at taking criticism.\nMETADATA_JSON:\n{\"agent\": \"agent_1\", \"vote\": \"Candidate A\"}"}
2026-05-08 11:40:05,248 - INFO - Agent turns: 3
2026-05-08 11:40:05,258 - INFO - Loop 1 completed
{"id": 6, "ts": 1778233205.2647512, "event": "discussion_order", "round": 2, "order": ["agent_1", "agent_2", "agent_3"]}
2026-05-08 11:40:11,304 - INFO - Tokens - Input: 1522, Output: 829, Total: 2351
{"id": 7, "ts": 1778233211.3061042, "event": "public_discussion_message", "round": 2, "agent": "agent_1", "message": "I prefer Candidate A; has very good leadership qualities.\nMETADATA_JSON:\n{\"agent\": \"agent_1\", \"vote\": \"Candidate A\"}"}
2026-05-08 11:40:11,306 - INFO - Agent turns: 4
2026-05-08 11:40:17,319 - INFO - Tokens - Input: 1571, Output: 745, Total: 2316
{"id": 8, "ts": 1778233217.3211586, "event": "public_discussion_message", "round": 2, "agent": "agent_2", "message": "I prefer Candidate D; has a hot temper.\nMETADATA_JSON:\n{\"agent\": \"agent_2\", \"vote\": \"Candidate D\"}"}
2026-05-08 11:40:17,321 - INFO - Agent turns: 5
2026-05-08 11:40:23,730 - INFO - Tokens - Input: 1600, Output: 760, Total: 2360
{"id": 9, "ts": 1778233223.73169, "event": "public_discussion_message", "round": 2, "agent": "agent_3", "message": "I prefer Candidate B; good at assessing weather conditions.\nMETADATA_JSON:\n{\"agent\": \"agent_3\", \"vote\": \"Candidate B\"}"}
2026-05-08 11:40:23,731 - INFO - Agent turns: 6
2026-05-08 11:40:23,740 - INFO - Loop 2 completed
{"id": 10, "ts": 1778233223.7465444, "event": "discussion_order", "round": 3, "order": ["agent_3", "agent_2", "agent_1"]}
2026-05-08 11:40:29,434 - INFO - Tokens - Input: 1640, Output: 776, Total: 2416
{"id": 11, "ts": 1778233229.4359398, "event": "public_discussion_message", "round": 3, "agent": "agent_3", "message": "I prefer Candidate B; handles stress very well.\nMETADATA_JSON:\n{\"agent\": \"agent_3\", \"vote\": \"Candidate B\"}"}
2026-05-08 11:40:29,436 - INFO - Agent turns: 7
2026-05-08 11:40:34,842 - INFO - Tokens - Input: 1685, Output: 827, Total: 2512
{"id": 12, "ts": 1778233234.8442025, "event": "public_discussion_message", "round": 3, "agent": "agent_2", "message": "I prefer Candidate D; has a hot temper.\nMETADATA_JSON:\n{\"agent\": \"agent_2\", \"vote\": \"Candidate D\"}"}
2026-05-08 11:40:34,844 - INFO - Agent turns: 8
2026-05-08 11:41:12,936 - INFO - Tokens - Input: 1720, Output: 5978, Total: 7698
{"id": 13, "ts": 1778233272.9376693, "event": "public_discussion_message", "round": 3, "agent": "agent_1", "message": "I prefer Candidate A; excellent spatial vision.\nMETADATA_JSON:\n{\"agent\": \"agent_1\", \"vote\": \"Candidate A\"}"}
2026-05-08 11:41:12,937 - INFO - Agent turns: 9
2026-05-08 11:41:12,950 - INFO - Loop 3 completed
{"id": 14, "ts": 1778233272.9562721, "event": "discussion_order", "round": 4, "order": ["agent_1", "agent_3", "agent_2"]}
2026-05-08 11:41:19,156 - INFO - Tokens - Input: 1758, Output: 819, Total: 2577
{"id": 15, "ts": 1778233279.1581583, "event": "public_discussion_message", "round": 4, "agent": "agent_1", "message": "I prefer Candidate C; known to be 100% reliable.\nMETADATA_JSON:\n{\"agent\": \"agent_1\", \"vote\": \"Candidate C\"}"}
2026-05-08 11:41:19,158 - INFO - Agent turns: 10
2026-05-08 11:41:26,604 - INFO - Tokens - Input: 1796, Output: 876, Total: 2672
{"id": 16, "ts": 1778233286.605668, "event": "public_discussion_message", "round": 4, "agent": "agent_3", "message": "I prefer Candidate B; excellent computer skills.\nMETADATA_JSON:\n{\"agent\": \"agent_3\", \"vote\": \"Candidate B\"}"}
2026-05-08 11:41:26,605 - INFO - Agent turns: 11
2026-05-08 11:41:32,007 - INFO - Tokens - Input: 1837, Output: 483, Total: 2320
{"id": 17, "ts": 1778233292.0089352, "event": "public_discussion_message", "round": 4, "agent": "agent_2", "message": "I prefer Candidate A; has very good leadership qualities.\nMETADATA_JSON:\n{\"agent\": \"agent_2\", \"vote\": \"Candidate A\"}"}
2026-05-08 11:41:32,009 - INFO - Agent turns: 12
2026-05-08 11:41:32,018 - INFO - Loop 4 completed
{"id": 18, "ts": 1778233292.024192, "event": "discussion_order", "round": 5, "order": ["agent_2", "agent_1", "agent_3"]}
2026-05-08 11:41:36,678 - INFO - Tokens - Input: 1878, Output: 669, Total: 2547
{"id": 19, "ts": 1778233296.680039, "event": "public_discussion_message", "round": 5, "agent": "agent_2", "message": "I prefer Candidate A; can anticipate dangerous situations.\nMETADATA_JSON:\n{\"agent\": \"agent_2\", \"vote\": \"Candidate A\"}"}
2026-05-08 11:41:36,680 - INFO - Agent turns: 13
2026-05-08 11:41:40,052 - INFO - Tokens - Input: 1912, Output: 562, Total: 2474
{"id": 20, "ts": 1778233300.0539947, "event": "public_discussion_message", "round": 5, "agent": "agent_1", "message": "I prefer Candidate C; known to be 100% reliable.\nMETADATA_JSON:\n{\"agent\": \"agent_1\", \"vote\": \"Candidate C\"}"}
2026-05-08 11:41:40,054 - INFO - Agent turns: 14
2026-05-08 11:41:43,839 - INFO - Tokens - Input: 1951, Output: 542, Total: 2493
{"id": 21, "ts": 1778233303.8405476, "event": "public_discussion_message", "round": 5, "agent": "agent_3", "message": "I prefer Candidate B; handles stress very well.\nMETADATA_JSON:\n{\"agent\": \"agent_3\", \"vote\": \"Candidate B\"}"}
2026-05-08 11:41:43,840 - INFO - Agent turns: 15
2026-05-08 11:41:43,849 - INFO - Loop 5 completed
2026-05-08 11:41:43,850 - INFO - Final Chosen Candidate: None
2026-05-08 11:41:43,850 - INFO - Final Decision Method: max_round_no_majority
2026-05-08 11:41:43,850 - INFO - Final Vote Count: {'Candidate C': 1, 'Candidate A': 1, 'Candidate B': 1}
2026-05-08 11:41:43,850 - INFO - Correct Candidate: Candidate C
2026-05-08 11:41:43,850 - INFO - Decision Correct: 0
{"id": 22, "ts": 1778233303.8515732, "event": "context_consistency_not_applicable", "reason": "explicit_smm_memory_disabled"}
{"id": 23, "ts": 1778233303.851709, "event": "final_decision", "candidate": null, "method": "max_round_no_majority", "vote_count": {"Candidate C": 1, "Candidate A": 1, "Candidate B": 1}, "correct_candidate": "Candidate C", "decision_correct": 0, "round": 5}
2026-05-08 11:41:43,859 - INFO - ======================================================================
2026-05-08 11:41:43,859 - INFO - SIMULATION METRICS
2026-05-08 11:41:43,859 - INFO - ======================================================================
2026-05-08 11:41:43,859 - INFO - Total Loops: 5
2026-05-08 11:41:43,859 - INFO - Agent Turns (no vote checker): 15
2026-05-08 11:41:43,859 - INFO - Agent Tool Calls: 0
2026-05-08 11:41:43,859 - INFO - Agent Tool Messages: 0
2026-05-08 11:41:43,859 - INFO - Memory Updates: 0
2026-05-08 11:41:43,859 - INFO - Total Messages (no vote checker): 15
2026-05-08 11:41:43,860 - INFO - Input Tokens: 25198
2026-05-08 11:41:43,860 - INFO - Output Tokens: 15507
2026-05-08 11:41:43,860 - INFO - Total Tokens: 40705
2026-05-08 11:41:43,860 - INFO - Final Chosen Candidate: None
2026-05-08 11:41:43,860 - INFO - Final Decision Method: max_round_no_majority
2026-05-08 11:41:43,860 - INFO - Final Vote Count: {'Candidate C': 1, 'Candidate A': 1, 'Candidate B': 1}
2026-05-08 11:41:43,860 - INFO - Correct Candidate: Candidate C
2026-05-08 11:41:43,860 - INFO - Decision Correct: 0
2026-05-08 11:41:43,860 - INFO - Runtime: 111.36s
2026-05-08 11:41:43,860 - INFO - ======================================================================
