2026-05-10 04:37:23,126 - INFO - Metrics tracker initialized
{"id": 1, "ts": 1778380643.1526449, "event": "memory_reset"}
{"id": 2, "ts": 1778380643.1557074, "event": "discussion_order", "round": 1, "order": ["agent_2", "agent_1", "agent_3"]}
2026-05-10 04:37:29,644 - INFO - Tokens - Input: 1395, Output: 511, Total: 1906
{"id": 3, "ts": 1778380649.646405, "event": "public_discussion_message", "round": 1, "agent": "agent_2", "message": "I prefer Candidate A \u2013 excellent spatial vision.\nMETADATA_JSON:\n{\"agent\": \"agent_2\", \"vote\": \"Candidate A\"}"}
2026-05-10 04:37:29,646 - INFO - Agent turns: 1
2026-05-10 04:37:34,098 - INFO - Tokens - Input: 1447, Output: 514, Total: 1961
{"id": 4, "ts": 1778380654.1003027, "event": "public_discussion_message", "round": 1, "agent": "agent_1", "message": "I prefer Candidate C \u2013 known to be 100% reliable.\nMETADATA_JSON:\n{\"agent\": \"agent_1\", \"vote\": \"Candidate C\"}"}
2026-05-10 04:37:34,100 - INFO - Agent turns: 2
2026-05-10 04:37:40,429 - INFO - Tokens - Input: 1487, Output: 771, Total: 2258
{"id": 5, "ts": 1778380660.431049, "event": "public_discussion_message", "round": 1, "agent": "agent_3", "message": "I prefer Candidate B \u2013 handles stress well.\nMETADATA_JSON:\n{\"agent\": \"agent_3\", \"vote\": \"Candidate B\"}"}
2026-05-10 04:37:40,431 - INFO - Agent turns: 3
2026-05-10 04:37:40,440 - INFO - Loop 1 completed
{"id": 6, "ts": 1778380660.4456568, "event": "discussion_order", "round": 2, "order": ["agent_2", "agent_1", "agent_3"]}
2026-05-10 04:37:49,823 - INFO - Tokens - Input: 1530, Output: 613, Total: 2143
{"id": 7, "ts": 1778380669.8247373, "event": "public_discussion_message", "round": 2, "agent": "agent_2", "message": "I prefer Candidate A \u2013 noted as a show\u2011off.\nMETADATA_JSON:\n{\"agent\": \"agent_2\", \"vote\": \"Candidate A\"}"}
2026-05-10 04:37:49,824 - INFO - Agent turns: 4
2026-05-10 04:38:02,686 - INFO - Tokens - Input: 1568, Output: 895, Total: 2463
{"id": 8, "ts": 1778380682.6877706, "event": "public_discussion_message", "round": 2, "agent": "agent_1", "message": "I prefer Candidate C \u2013 known to be 100% reliable.\nMETADATA_JSON:\n{\"agent\": \"agent_1\", \"vote\": \"Candidate C\"}"}
2026-05-10 04:38:02,687 - INFO - Agent turns: 5
2026-05-10 04:38:10,127 - INFO - Tokens - Input: 1605, Output: 615, Total: 2220
{"id": 9, "ts": 1778380690.1284387, "event": "public_discussion_message", "round": 2, "agent": "agent_3", "message": "I prefer Candidate B \u2013 handles stress well.\nMETADATA_JSON:\n{\"agent\": \"agent_3\", \"vote\": \"Candidate B\"}"}
2026-05-10 04:38:10,128 - INFO - Agent turns: 6
2026-05-10 04:38:10,137 - INFO - Loop 2 completed
{"id": 10, "ts": 1778380690.143828, "event": "discussion_order", "round": 3, "order": ["agent_3", "agent_2", "agent_1"]}
2026-05-10 04:38:17,479 - INFO - Tokens - Input: 1640, Output: 870, Total: 2510
{"id": 11, "ts": 1778380697.4804504, "event": "public_discussion_message", "round": 3, "agent": "agent_3", "message": "I prefer Candidate B \u2013 handles stress well.\nMETADATA_JSON:\n{\"agent\": \"agent_3\", \"vote\": \"Candidate B\"}"}
2026-05-10 04:38:17,480 - INFO - Agent turns: 7
2026-05-10 04:38:36,222 - INFO - Tokens - Input: 1683, Output: 1745, Total: 3428
{"id": 12, "ts": 1778380716.2237034, "event": "public_discussion_message", "round": 3, "agent": "agent_2", "message": "I prefer Candidate D \u2013 takes responsibility seriously.\nMETADATA_JSON:\n{\"agent\": \"agent_2\", \"vote\": \"Candidate D\"}"}
2026-05-10 04:38:36,223 - INFO - Agent turns: 8
2026-05-10 04:38:42,691 - INFO - Tokens - Input: 1717, Output: 652, Total: 2369
{"id": 13, "ts": 1778380722.6931298, "event": "public_discussion_message", "round": 3, "agent": "agent_1", "message": "I prefer Candidate A \u2013 anticipates dangerous situations.\nMETADATA_JSON:\n{\"agent\": \"agent_1\", \"vote\": \"Candidate A\"}"}
2026-05-10 04:38:42,693 - INFO - Agent turns: 9
2026-05-10 04:38:42,702 - INFO - Loop 3 completed
{"id": 14, "ts": 1778380722.7091577, "event": "discussion_order", "round": 4, "order": ["agent_2", "agent_1", "agent_3"]}
2026-05-10 04:38:46,956 - INFO - Tokens - Input: 1760, Output: 511, Total: 2271
{"id": 15, "ts": 1778380726.957693, "event": "public_discussion_message", "round": 4, "agent": "agent_2", "message": "I prefer Candidate D \u2013 takes responsibility seriously.\nMETADATA_JSON:\n{\"agent\": \"agent_2\", \"vote\": \"Candidate D\"}"}
2026-05-10 04:38:46,957 - INFO - Agent turns: 10
2026-05-10 04:38:54,828 - INFO - Tokens - Input: 1792, Output: 752, Total: 2544
{"id": 16, "ts": 1778380734.8299751, "event": "public_discussion_message", "round": 4, "agent": "agent_1", "message": "I prefer Candidate C \u2013 known to be 100% reliable.\nMETADATA_JSON:\n{\"agent\": \"agent_1\", \"vote\": \"Candidate C\"}"}
2026-05-10 04:38:54,830 - INFO - Agent turns: 11
2026-05-10 04:39:05,370 - INFO - Tokens - Input: 1832, Output: 1159, Total: 2991
{"id": 17, "ts": 1778380745.3717365, "event": "public_discussion_message", "round": 4, "agent": "agent_3", "message": "I prefer Candidate D \u2013 takes responsibility seriously.\nMETADATA_JSON:\n{\"agent\": \"agent_3\", \"vote\": \"Candidate D\"}"}
2026-05-10 04:39:05,371 - INFO - Agent turns: 12
2026-05-10 04:39:05,381 - INFO - Loop 4 completed
{"id": 18, "ts": 1778380745.3874006, "event": "discussion_order", "round": 5, "order": ["agent_1", "agent_3", "agent_2"]}
2026-05-10 04:39:12,050 - INFO - Tokens - Input: 1865, Output: 708, Total: 2573
{"id": 19, "ts": 1778380752.0511184, "event": "public_discussion_message", "round": 5, "agent": "agent_1", "message": "I prefer Candidate C \u2013 known to be 100% reliable.\nMETADATA_JSON:\n{\"agent\": \"agent_1\", \"vote\": \"Candidate C\"}"}
2026-05-10 04:39:12,051 - INFO - Agent turns: 13
2026-05-10 04:39:18,956 - INFO - Tokens - Input: 1910, Output: 854, Total: 2764
{"id": 20, "ts": 1778380758.95723, "event": "public_discussion_message", "round": 5, "agent": "agent_3", "message": "I prefer Candidate B \u2013 handles stress well.\nMETADATA_JSON:\n{\"agent\": \"agent_3\", \"vote\": \"Candidate B\"}"}
2026-05-10 04:39:18,957 - INFO - Agent turns: 14
2026-05-10 04:39:28,588 - INFO - Tokens - Input: 1951, Output: 1054, Total: 3005
{"id": 21, "ts": 1778380768.5899713, "event": "public_discussion_message", "round": 5, "agent": "agent_2", "message": "I prefer Candidate D \u2013 takes responsibility seriously.\nMETADATA_JSON:\n{\"agent\": \"agent_2\", \"vote\": \"Candidate D\"}"}
2026-05-10 04:39:28,590 - INFO - Agent turns: 15
2026-05-10 04:39:28,599 - INFO - Loop 5 completed
2026-05-10 04:39:28,600 - INFO - Final Chosen Candidate: None
2026-05-10 04:39:28,600 - INFO - Final Decision Method: max_round_no_majority
2026-05-10 04:39:28,600 - INFO - Final Vote Count: {'Candidate C': 1, 'Candidate D': 1, 'Candidate B': 1}
2026-05-10 04:39:28,600 - INFO - Correct Candidate: Candidate C
2026-05-10 04:39:28,600 - INFO - Decision Correct: 0
{"id": 22, "ts": 1778380768.6017518, "event": "context_consistency_not_applicable", "reason": "explicit_smm_memory_disabled"}
{"id": 23, "ts": 1778380768.601911, "event": "final_decision", "candidate": null, "method": "max_round_no_majority", "vote_count": {"Candidate C": 1, "Candidate D": 1, "Candidate B": 1}, "correct_candidate": "Candidate C", "decision_correct": 0, "round": 5}
2026-05-10 04:39:28,610 - INFO - ======================================================================
2026-05-10 04:39:28,611 - INFO - SIMULATION METRICS
2026-05-10 04:39:28,611 - INFO - ======================================================================
2026-05-10 04:39:28,611 - INFO - Total Loops: 5
2026-05-10 04:39:28,611 - INFO - Agent Turns (no vote checker): 15
2026-05-10 04:39:28,611 - INFO - Agent Tool Calls: 0
2026-05-10 04:39:28,611 - INFO - Agent Tool Messages: 0
2026-05-10 04:39:28,611 - INFO - Memory Updates: 0
2026-05-10 04:39:28,611 - INFO - Total Messages (no vote checker): 15
2026-05-10 04:39:28,611 - INFO - Input Tokens: 25182
2026-05-10 04:39:28,611 - INFO - Output Tokens: 12224
2026-05-10 04:39:28,611 - INFO - Total Tokens: 37406
2026-05-10 04:39:28,611 - INFO - Final Chosen Candidate: None
2026-05-10 04:39:28,612 - INFO - Final Decision Method: max_round_no_majority
2026-05-10 04:39:28,612 - INFO - Final Vote Count: {'Candidate C': 1, 'Candidate D': 1, 'Candidate B': 1}
2026-05-10 04:39:28,612 - INFO - Correct Candidate: Candidate C
2026-05-10 04:39:28,612 - INFO - Decision Correct: 0
2026-05-10 04:39:28,612 - INFO - Runtime: 125.48s
2026-05-10 04:39:28,612 - INFO - ======================================================================
