2026-05-08 21:38:23,839 - INFO - Metrics tracker initialized
{"id": 1, "ts": 1778269103.8668382, "event": "memory_reset"}
{"id": 2, "ts": 1778269103.8709803, "event": "discussion_order", "round": 1, "order": ["agent_2", "agent_3", "agent_1"]}
2026-05-08 21:38:33,886 - INFO - Tokens - Input: 1689, Output: 496, Total: 2185
{"id": 3, "ts": 1778269113.8877585, "event": "public_discussion_message", "round": 1, "agent": "agent_2", "message": "Candidate A \u2013 noted as a show\u2011off.\nMETADATA_JSON:\n{\"agent\": \"agent_2\", \"vote\": \"Candidate A\"}"}
2026-05-08 21:38:33,887 - INFO - Agent turns: 1
2026-05-08 21:38:43,969 - INFO - Tokens - Input: 1194, Output: 1257, Total: 2451
2026-05-08 21:38:43,970 - INFO - Memory updates: 1
{"id": 4, "ts": 1778269123.9706848, "event": "memory_updated", "agent": "agent_2", "round": 1}
2026-05-08 21:38:44,941 - INFO - Tokens - Input: 1191, Output: 1511, Total: 2702
2026-05-08 21:38:44,943 - INFO - Memory updates: 2
{"id": 5, "ts": 1778269124.9431422, "event": "memory_updated", "agent": "agent_1", "round": 1}
2026-05-08 21:38:45,271 - INFO - Tokens - Input: 1186, Output: 1566, Total: 2752
2026-05-08 21:38:45,272 - INFO - Memory updates: 3
{"id": 6, "ts": 1778269125.2730987, "event": "memory_updated", "agent": "agent_3", "round": 1}
2026-05-08 21:38:49,214 - INFO - Tokens - Input: 2195, Output: 532, Total: 2727
{"id": 7, "ts": 1778269129.2158701, "event": "public_discussion_message", "round": 1, "agent": "agent_3", "message": "Candidate D \u2013 considered moody.\nMETADATA_JSON:\n{\"agent\": \"agent_3\", \"vote\": \"Candidate D\"}"}
2026-05-08 21:38:49,216 - INFO - Agent turns: 2
2026-05-08 21:38:57,478 - INFO - Tokens - Input: 1699, Output: 1102, Total: 2801
2026-05-08 21:38:57,480 - INFO - Memory updates: 4
{"id": 8, "ts": 1778269137.4803073, "event": "memory_updated", "agent": "agent_3", "round": 1}
2026-05-08 21:38:57,544 - INFO - Tokens - Input: 1730, Output: 1139, Total: 2869
2026-05-08 21:38:57,545 - INFO - Memory updates: 5
{"id": 9, "ts": 1778269137.5459876, "event": "memory_updated", "agent": "agent_2", "round": 1}
2026-05-08 21:38:58,932 - INFO - Tokens - Input: 1877, Output: 1349, Total: 3226
2026-05-08 21:38:58,934 - INFO - Memory updates: 6
{"id": 10, "ts": 1778269138.934916, "event": "memory_updated", "agent": "agent_1", "round": 1}
2026-05-08 21:39:00,355 - INFO - Tokens - Input: 2464, Output: 153, Total: 2617
{"id": 11, "ts": 1778269140.3567755, "event": "public_discussion_message", "round": 1, "agent": "agent_1", "message": "Candidate B \u2013 handles stress very well.\nMETADATA_JSON:\n{\"agent\": \"agent_1\", \"vote\": \"Candidate B\"}"}
2026-05-08 21:39:00,356 - INFO - Agent turns: 3
2026-05-08 21:39:07,896 - INFO - Tokens - Input: 1784, Output: 1028, Total: 2812
2026-05-08 21:39:07,898 - INFO - Memory updates: 7
{"id": 12, "ts": 1778269147.8984952, "event": "memory_updated", "agent": "agent_2", "round": 1}
2026-05-08 21:39:09,827 - INFO - Tokens - Input: 1782, Output: 1282, Total: 3064
2026-05-08 21:39:09,829 - INFO - Memory updates: 8
{"id": 13, "ts": 1778269149.8292885, "event": "memory_updated", "agent": "agent_3", "round": 1}
2026-05-08 21:39:10,221 - INFO - Tokens - Input: 1970, Output: 1292, Total: 3262
2026-05-08 21:39:10,222 - INFO - Memory updates: 9
{"id": 14, "ts": 1778269150.2230356, "event": "memory_updated", "agent": "agent_1", "round": 1}
2026-05-08 21:39:10,231 - INFO - Loop 1 completed
{"id": 15, "ts": 1778269150.2378085, "event": "discussion_order", "round": 2, "order": ["agent_2", "agent_3", "agent_1"]}
2026-05-08 21:39:11,443 - INFO - Tokens - Input: 2304, Output: 136, Total: 2440
{"id": 16, "ts": 1778269151.4448738, "event": "public_discussion_message", "round": 2, "agent": "agent_2", "message": "Candidate A \u2013 noted as a show\u2011off.\nMETADATA_JSON:\n{\"agent\": \"agent_2\", \"vote\": \"Candidate A\"}"}
2026-05-08 21:39:11,445 - INFO - Agent turns: 4
2026-05-08 21:39:23,271 - INFO - Tokens - Input: 1789, Output: 1038, Total: 2827
2026-05-08 21:39:23,273 - INFO - Memory updates: 10
{"id": 17, "ts": 1778269163.2731385, "event": "memory_updated", "agent": "agent_2", "round": 2}
2026-05-08 21:39:30,335 - INFO - Tokens - Input: 1822, Output: 1069, Total: 2891
2026-05-08 21:39:30,337 - INFO - Memory updates: 11
{"id": 18, "ts": 1778269170.3378384, "event": "memory_updated", "agent": "agent_3", "round": 2}
2026-05-08 21:39:32,309 - INFO - Tokens - Input: 2015, Output: 1361, Total: 3376
2026-05-08 21:39:32,310 - INFO - Memory updates: 12
{"id": 19, "ts": 1778269172.3110485, "event": "memory_updated", "agent": "agent_1", "round": 2}
2026-05-08 21:39:33,616 - INFO - Tokens - Input: 2350, Output: 145, Total: 2495
{"id": 20, "ts": 1778269173.618121, "event": "public_discussion_message", "round": 2, "agent": "agent_3", "message": "I prefer Candidate D \u2013 noted as moody.\nMETADATA_JSON:\n{\"agent\": \"agent_3\", \"vote\": \"Candidate D\"}"}
2026-05-08 21:39:33,618 - INFO - Agent turns: 5
2026-05-08 21:39:41,281 - INFO - Tokens - Input: 1816, Output: 1014, Total: 2830
2026-05-08 21:39:41,284 - INFO - Memory updates: 13
{"id": 21, "ts": 1778269181.2842398, "event": "memory_updated", "agent": "agent_2", "round": 2}
2026-05-08 21:39:41,895 - INFO - Tokens - Input: 1860, Output: 1110, Total: 2970
2026-05-08 21:39:41,896 - INFO - Memory updates: 14
{"id": 22, "ts": 1778269181.8969874, "event": "memory_updated", "agent": "agent_3", "round": 2}
2026-05-08 21:39:43,245 - INFO - Tokens - Input: 2046, Output: 1249, Total: 3295
2026-05-08 21:39:43,247 - INFO - Memory updates: 15
{"id": 23, "ts": 1778269183.24743, "event": "memory_updated", "agent": "agent_1", "round": 2}
2026-05-08 21:39:44,618 - INFO - Tokens - Input: 2544, Output: 123, Total: 2667
{"id": 24, "ts": 1778269184.620155, "event": "public_discussion_message", "round": 2, "agent": "agent_1", "message": "Candidate B \u2013 handles stress very well.\nMETADATA_JSON:\n{\"agent\": \"agent_1\", \"vote\": \"Candidate B\"}"}
2026-05-08 21:39:44,620 - INFO - Agent turns: 6
2026-05-08 21:39:51,859 - INFO - Tokens - Input: 1701, Output: 817, Total: 2518
2026-05-08 21:39:51,860 - INFO - Memory updates: 16
{"id": 25, "ts": 1778269191.860802, "event": "memory_updated", "agent": "agent_2", "round": 2}
2026-05-08 21:39:52,580 - INFO - Tokens - Input: 1908, Output: 1031, Total: 2939
2026-05-08 21:39:52,581 - INFO - Memory updates: 17
{"id": 26, "ts": 1778269192.5817819, "event": "memory_updated", "agent": "agent_3", "round": 2}
2026-05-08 21:39:54,068 - INFO - Tokens - Input: 2050, Output: 1267, Total: 3317
2026-05-08 21:39:54,069 - INFO - Memory updates: 18
{"id": 27, "ts": 1778269194.070089, "event": "memory_updated", "agent": "agent_1", "round": 2}
2026-05-08 21:39:54,079 - INFO - Loop 2 completed
{"id": 28, "ts": 1778269194.0854278, "event": "discussion_order", "round": 3, "order": ["agent_3", "agent_1", "agent_2"]}
2026-05-08 21:39:55,608 - INFO - Tokens - Input: 2328, Output: 133, Total: 2461
{"id": 29, "ts": 1778269195.6093996, "event": "public_discussion_message", "round": 3, "agent": "agent_3", "message": "I prefer Candidate D \u2013 noted as moody.\nMETADATA_JSON:\n{\"agent\": \"agent_3\", \"vote\": \"Candidate D\"}"}
2026-05-08 21:39:55,609 - INFO - Agent turns: 7
2026-05-08 21:40:02,897 - INFO - Tokens - Input: 1813, Output: 965, Total: 2778
2026-05-08 21:40:02,899 - INFO - Memory updates: 19
{"id": 30, "ts": 1778269202.899501, "event": "memory_updated", "agent": "agent_3", "round": 3}
2026-05-08 21:40:06,864 - INFO - Tokens - Input: 2075, Output: 1461, Total: 3536
2026-05-08 21:40:06,866 - INFO - Memory updates: 20
{"id": 31, "ts": 1778269206.866643, "event": "memory_updated", "agent": "agent_1", "round": 3}
2026-05-08 21:40:12,754 - INFO - Tokens - Input: 1748, Output: 1099, Total: 2847
2026-05-08 21:40:12,756 - INFO - Memory updates: 21
{"id": 32, "ts": 1778269212.75687, "event": "memory_updated", "agent": "agent_2", "round": 3}
2026-05-08 21:40:15,989 - INFO - Tokens - Input: 2554, Output: 139, Total: 2693
{"id": 33, "ts": 1778269215.9908657, "event": "public_discussion_message", "round": 3, "agent": "agent_1", "message": "Candidate B \u2013 handles stress very well.\nMETADATA_JSON:\n{\"agent\": \"agent_1\", \"vote\": \"Candidate B\"}"}
2026-05-08 21:40:15,991 - INFO - Agent turns: 8
2026-05-08 21:40:24,764 - INFO - Tokens - Input: 2060, Output: 945, Total: 3005
2026-05-08 21:40:24,766 - INFO - Memory updates: 22
{"id": 34, "ts": 1778269224.766571, "event": "memory_updated", "agent": "agent_1", "round": 3}
2026-05-08 21:40:24,833 - INFO - Tokens - Input: 1849, Output: 1026, Total: 2875
2026-05-08 21:40:24,834 - INFO - Memory updates: 23
{"id": 35, "ts": 1778269224.8349397, "event": "memory_updated", "agent": "agent_3", "round": 3}
2026-05-08 21:40:25,283 - INFO - Tokens - Input: 1787, Output: 916, Total: 2703
2026-05-08 21:40:25,284 - INFO - Memory updates: 24
{"id": 36, "ts": 1778269225.2847612, "event": "memory_updated", "agent": "agent_2", "round": 3}
2026-05-08 21:40:26,554 - INFO - Tokens - Input: 2221, Output: 124, Total: 2345
{"id": 37, "ts": 1778269226.555242, "event": "public_discussion_message", "round": 3, "agent": "agent_2", "message": "Candidate A \u2013 noted as a show\u2011off.\nMETADATA_JSON:\n{\"agent\": \"agent_2\", \"vote\": \"Candidate A\"}"}
2026-05-08 21:40:26,555 - INFO - Agent turns: 9
2026-05-08 21:40:35,790 - INFO - Tokens - Input: 1731, Output: 737, Total: 2468
2026-05-08 21:40:35,792 - INFO - Memory updates: 25
{"id": 38, "ts": 1778269235.7921882, "event": "memory_updated", "agent": "agent_2", "round": 3}
2026-05-08 21:40:37,697 - INFO - Tokens - Input: 1891, Output: 1095, Total: 2986
2026-05-08 21:40:37,699 - INFO - Memory updates: 26
{"id": 39, "ts": 1778269237.699714, "event": "memory_updated", "agent": "agent_3", "round": 3}
2026-05-08 21:40:38,641 - INFO - Tokens - Input: 1882, Output: 1238, Total: 3120
2026-05-08 21:40:38,643 - INFO - Memory updates: 27
{"id": 40, "ts": 1778269238.6435065, "event": "memory_updated", "agent": "agent_1", "round": 3}
2026-05-08 21:40:38,652 - INFO - Loop 3 completed
{"id": 41, "ts": 1778269238.6580136, "event": "discussion_order", "round": 4, "order": ["agent_2", "agent_1", "agent_3"]}
2026-05-08 21:40:40,027 - INFO - Tokens - Input: 2284, Output: 131, Total: 2415
{"id": 42, "ts": 1778269240.028737, "event": "public_discussion_message", "round": 4, "agent": "agent_2", "message": "Candidate A \u2013 anticipates dangerous situations.\nMETADATA_JSON:\n{\"agent\": \"agent_2\", \"vote\": \"Candidate A\"}"}
2026-05-08 21:40:40,028 - INFO - Agent turns: 10
2026-05-08 21:40:45,865 - INFO - Tokens - Input: 1765, Output: 756, Total: 2521
2026-05-08 21:40:45,867 - INFO - Memory updates: 28
{"id": 43, "ts": 1778269245.8678744, "event": "memory_updated", "agent": "agent_2", "round": 4}
2026-05-08 21:40:47,692 - INFO - Tokens - Input: 1995, Output: 1000, Total: 2995
2026-05-08 21:40:47,694 - INFO - Memory updates: 29
{"id": 44, "ts": 1778269247.6945276, "event": "memory_updated", "agent": "agent_1", "round": 4}
2026-05-08 21:40:47,745 - INFO - Tokens - Input: 1936, Output: 924, Total: 2860
2026-05-08 21:40:47,746 - INFO - Memory updates: 30
{"id": 45, "ts": 1778269247.7466335, "event": "memory_updated", "agent": "agent_3", "round": 4}
2026-05-08 21:40:48,607 - INFO - Tokens - Input: 2405, Output: 89, Total: 2494
{"id": 46, "ts": 1778269248.6087186, "event": "public_discussion_message", "round": 4, "agent": "agent_1", "message": "Candidate B \u2013 handles stress very well.\nMETADATA_JSON:\n{\"agent\": \"agent_1\", \"vote\": \"Candidate B\"}"}
2026-05-08 21:40:48,608 - INFO - Agent turns: 11
2026-05-08 21:40:55,180 - INFO - Tokens - Input: 1911, Output: 922, Total: 2833
2026-05-08 21:40:55,182 - INFO - Memory updates: 31
{"id": 47, "ts": 1778269255.1823137, "event": "memory_updated", "agent": "agent_1", "round": 4}
2026-05-08 21:40:55,617 - INFO - Tokens - Input: 1956, Output: 978, Total: 2934
2026-05-08 21:40:55,619 - INFO - Memory updates: 32
{"id": 48, "ts": 1778269255.6197457, "event": "memory_updated", "agent": "agent_3", "round": 4}
2026-05-08 21:40:55,933 - INFO - Tokens - Input: 1770, Output: 1008, Total: 2778
2026-05-08 21:40:55,934 - INFO - Memory updates: 33
{"id": 49, "ts": 1778269255.9348798, "event": "memory_updated", "agent": "agent_2", "round": 4}
2026-05-08 21:40:58,598 - INFO - Tokens - Input: 2446, Output: 130, Total: 2576
{"id": 50, "ts": 1778269258.5995321, "event": "public_discussion_message", "round": 4, "agent": "agent_3", "message": "I prefer Candidate D \u2013 noted as moody.\nMETADATA_JSON:\n{\"agent\": \"agent_3\", \"vote\": \"Candidate D\"}"}
2026-05-08 21:40:58,599 - INFO - Agent turns: 12
2026-05-08 21:41:06,124 - INFO - Tokens - Input: 1956, Output: 981, Total: 2937
2026-05-08 21:41:06,125 - INFO - Memory updates: 34
{"id": 51, "ts": 1778269266.1260068, "event": "memory_updated", "agent": "agent_3", "round": 4}
2026-05-08 21:41:06,310 - INFO - Tokens - Input: 1950, Output: 1053, Total: 3003
2026-05-08 21:41:06,311 - INFO - Memory updates: 35
{"id": 52, "ts": 1778269266.3118677, "event": "memory_updated", "agent": "agent_2", "round": 4}
2026-05-08 21:41:06,630 - INFO - Tokens - Input: 1994, Output: 1084, Total: 3078
2026-05-08 21:41:06,631 - INFO - Memory updates: 36
{"id": 53, "ts": 1778269266.6317809, "event": "memory_updated", "agent": "agent_1", "round": 4}
2026-05-08 21:41:06,639 - INFO - Loop 4 completed
{"id": 54, "ts": 1778269266.6445725, "event": "discussion_order", "round": 5, "order": ["agent_3", "agent_2", "agent_1"]}
2026-05-08 21:41:08,014 - INFO - Tokens - Input: 2521, Output: 115, Total: 2636
{"id": 55, "ts": 1778269268.0157406, "event": "public_discussion_message", "round": 5, "agent": "agent_3", "message": "I prefer Candidate D \u2013 noted as moody.\nMETADATA_JSON:\n{\"agent\": \"agent_3\", \"vote\": \"Candidate D\"}"}
2026-05-08 21:41:08,015 - INFO - Agent turns: 13
2026-05-08 21:41:15,475 - INFO - Tokens - Input: 2137, Output: 907, Total: 3044
2026-05-08 21:41:15,476 - INFO - Memory updates: 37
{"id": 56, "ts": 1778269275.4768238, "event": "memory_updated", "agent": "agent_2", "round": 5}
2026-05-08 21:41:15,740 - INFO - Tokens - Input: 2032, Output: 1033, Total: 3065
2026-05-08 21:41:15,742 - INFO - Memory updates: 38
{"id": 57, "ts": 1778269275.742158, "event": "memory_updated", "agent": "agent_1", "round": 5}
2026-05-08 21:41:15,797 - INFO - Tokens - Input: 2006, Output: 1071, Total: 3077
2026-05-08 21:41:15,798 - INFO - Memory updates: 39
{"id": 58, "ts": 1778269275.798857, "event": "memory_updated", "agent": "agent_3", "round": 5}
2026-05-08 21:41:18,031 - INFO - Tokens - Input: 2284, Output: 175, Total: 2459
{"id": 59, "ts": 1778269278.0331593, "event": "public_discussion_message", "round": 5, "agent": "agent_2", "message": "Candidate A \u2013 anticipates dangerous situations.\nMETADATA_JSON:\n{\"agent\": \"agent_2\", \"vote\": \"Candidate A\"}"}
2026-05-08 21:41:18,033 - INFO - Agent turns: 14
2026-05-08 21:41:25,462 - INFO - Tokens - Input: 1790, Output: 900, Total: 2690
2026-05-08 21:41:25,464 - INFO - Memory updates: 40
{"id": 60, "ts": 1778269285.464517, "event": "memory_updated", "agent": "agent_2", "round": 5}
2026-05-08 21:41:25,494 - INFO - Tokens - Input: 2073, Output: 1021, Total: 3094
2026-05-08 21:41:25,495 - INFO - Memory updates: 41
{"id": 61, "ts": 1778269285.4960833, "event": "memory_updated", "agent": "agent_1", "round": 5}
2026-05-08 21:41:25,877 - INFO - Tokens - Input: 2034, Output: 1033, Total: 3067
2026-05-08 21:41:25,879 - INFO - Memory updates: 42
{"id": 62, "ts": 1778269285.8797894, "event": "memory_updated", "agent": "agent_3", "round": 5}
2026-05-08 21:41:27,411 - INFO - Tokens - Input: 2594, Output: 137, Total: 2731
{"id": 63, "ts": 1778269287.4130938, "event": "public_discussion_message", "round": 5, "agent": "agent_1", "message": "Candidate B \u2013 good at assessing weather conditions.\nMETADATA_JSON:\n{\"agent\": \"agent_1\", \"vote\": \"Candidate B\"}"}
2026-05-08 21:41:27,413 - INFO - Agent turns: 15
2026-05-08 21:41:33,808 - INFO - Tokens - Input: 1819, Output: 848, Total: 2667
2026-05-08 21:41:33,809 - INFO - Memory updates: 43
{"id": 64, "ts": 1778269293.810009, "event": "memory_updated", "agent": "agent_2", "round": 5}
2026-05-08 21:41:34,031 - INFO - Tokens - Input: 2075, Output: 753, Total: 2828
2026-05-08 21:41:34,033 - INFO - Memory updates: 44
{"id": 65, "ts": 1778269294.0333412, "event": "memory_updated", "agent": "agent_3", "round": 5}
2026-05-08 21:41:34,613 - INFO - Tokens - Input: 2102, Output: 993, Total: 3095
2026-05-08 21:41:34,615 - INFO - Memory updates: 45
{"id": 66, "ts": 1778269294.615399, "event": "memory_updated", "agent": "agent_1", "round": 5}
2026-05-08 21:41:34,624 - INFO - Loop 5 completed
2026-05-08 21:41:34,624 - INFO - Final Chosen Candidate: None
2026-05-08 21:41:34,624 - INFO - Final Decision Method: max_round_no_majority
2026-05-08 21:41:34,624 - INFO - Final Vote Count: {'Candidate B': 1, 'Candidate A': 1, 'Candidate D': 1}
2026-05-08 21:41:34,624 - INFO - Correct Candidate: Candidate C
2026-05-08 21:41:34,624 - INFO - Decision Correct: 0
{"id": 67, "ts": 1778269294.9897313, "event": "context_consistency_calculated", "method": "embedding_cosine", "mean_pairwise_similarity": 0.797081, "pairwise": [{"agent_a": "agent_1", "agent_b": "agent_2", "similarity": 0.739604}, {"agent_a": "agent_1", "agent_b": "agent_3", "similarity": 0.91013}, {"agent_a": "agent_2", "agent_b": "agent_3", "similarity": 0.74151}]}
{"id": 68, "ts": 1778269294.9899173, "event": "gold_standard_alignment_calculated", "method": "rule_based_binary_checks", "mean_alignment": 0.375, "by_agent": [{"agent": "agent_1", "score": 0.25, "checks": {"favorite_is_c": 0, "c_reliability": 0, "c_calmness": 0, "c_attention": 0, "c_crew_fit": 0, "a_risks": 0, "b_risks": 1, "d_risks": 1}}, {"agent": "agent_2", "score": 0.625, "checks": {"favorite_is_c": 0, "c_reliability": 1, "c_calmness": 1, "c_attention": 0, "c_crew_fit": 0, "a_risks": 1, "b_risks": 1, "d_risks": 1}}, {"agent": "agent_3", "score": 0.25, "checks": {"favorite_is_c": 0, "c_reliability": 0, "c_calmness": 0, "c_attention": 0, "c_crew_fit": 0, "a_risks": 1, "b_risks": 0, "d_risks": 1}}]}
{"id": 69, "ts": 1778269294.9900537, "event": "agent_memories_archived", "directory": "/home/lhegemann/git/bachelor_thesis/01_data/raw/simulations/low/low_treatment_20260508_195017_018/shared_mental_models", "round": 5}
{"id": 70, "ts": 1778269294.9901347, "event": "final_decision", "candidate": null, "method": "max_round_no_majority", "vote_count": {"Candidate B": 1, "Candidate A": 1, "Candidate D": 1}, "correct_candidate": "Candidate C", "decision_correct": 0, "round": 5}
2026-05-08 21:41:35,000 - INFO - ======================================================================
2026-05-08 21:41:35,000 - INFO - SIMULATION METRICS
2026-05-08 21:41:35,000 - INFO - ======================================================================
2026-05-08 21:41:35,000 - INFO - Total Loops: 5
2026-05-08 21:41:35,000 - INFO - Agent Turns (no vote checker): 15
2026-05-08 21:41:35,000 - INFO - Agent Tool Calls: 0
2026-05-08 21:41:35,000 - INFO - Agent Tool Messages: 0
2026-05-08 21:41:35,000 - INFO - Memory Updates: 45
2026-05-08 21:41:35,001 - INFO - Total Messages (no vote checker): 15
2026-05-08 21:41:35,001 - INFO - Input Tokens: 118740
2026-05-08 21:41:35,001 - INFO - Output Tokens: 50987
2026-05-08 21:41:35,001 - INFO - Total Tokens: 169727
2026-05-08 21:41:35,001 - INFO - Final Chosen Candidate: None
2026-05-08 21:41:35,001 - INFO - Final Decision Method: max_round_no_majority
2026-05-08 21:41:35,001 - INFO - Final Vote Count: {'Candidate B': 1, 'Candidate A': 1, 'Candidate D': 1}
2026-05-08 21:41:35,001 - INFO - Correct Candidate: Candidate C
2026-05-08 21:41:35,001 - INFO - Decision Correct: 0
2026-05-08 21:41:35,001 - INFO - Runtime: 191.16s
2026-05-08 21:41:35,001 - INFO - ======================================================================
