2026-05-06 20:26:20,499 - INFO - Metrics tracker initialized
{"id": 1, "ts": 1778091980.5264928, "event": "memory_reset"}
{"id": 2, "ts": 1778091980.5304987, "event": "discussion_order", "round": 1, "order": ["agent_1", "agent_3", "agent_2"]}
2026-05-06 20:26:27,973 - INFO - Tokens - Input: 1713, Output: 910, Total: 2623
{"id": 3, "ts": 1778091987.975311, "event": "public_discussion_message", "round": 1, "agent": "agent_1", "message": "I currently favor Candidate\u202fC because they are known to be 100\u202f% reliable and create a positive crew atmosphere\u2014both essential for long\u2011distance flights. Their ability to make quick, correct decisions also supports handling the demanding flight environment. However, their difficulty communicating ideas and egocentric attitude raise concerns about teamwork in the cockpit.\nMETADATA_JSON:\n{\"agent\":\"agent_1\",\"vote\":\"Candidate C\"}"}
2026-05-06 20:26:27,975 - INFO - Agent turns: 1
2026-05-06 20:26:38,913 - INFO - Tokens - Input: 1299, Output: 1400, Total: 2699
2026-05-06 20:26:38,915 - INFO - Memory updates: 1
{"id": 4, "ts": 1778091998.915728, "event": "memory_updated", "agent": "agent_1", "round": 1}
2026-05-06 20:26:39,566 - INFO - Tokens - Input: 1302, Output: 1665, Total: 2967
2026-05-06 20:26:39,568 - INFO - Memory updates: 2
{"id": 5, "ts": 1778091999.5686882, "event": "memory_updated", "agent": "agent_2", "round": 1}
2026-05-06 20:26:40,412 - INFO - Tokens - Input: 1294, Output: 1758, Total: 3052
2026-05-06 20:26:40,414 - INFO - Memory updates: 3
{"id": 6, "ts": 1778092000.41453, "event": "memory_updated", "agent": "agent_3", "round": 1}
2026-05-06 20:26:43,797 - INFO - Tokens - Input: 2373, Output: 401, Total: 2774
{"id": 7, "ts": 1778092003.7989347, "event": "public_discussion_message", "round": 1, "agent": "agent_3", "message": "I currently favor **Candidate C** because they are known to be 100\u202f% reliable and make correct decisions quickly, which is vital for the safety and efficiency of long\u2011distance flights. Additionally, they put concern for others above everything, fostering a positive crew atmosphere essential for effective cockpit teamwork.\nThe main trade\u2011off is their difficulty communicating ideas and egocentric attitude, which could undermine cooperation in the cockpit despite their reliability.\nMETADATA_JSON:\n{\"agent\":\"agent_3\",\"vote\":\"Candidate C\"}"}
2026-05-06 20:26:43,799 - INFO - Agent turns: 2
2026-05-06 20:26:52,268 - INFO - Tokens - Input: 1949, Output: 1278, Total: 3227
2026-05-06 20:26:52,270 - INFO - Memory updates: 4
{"id": 8, "ts": 1778092012.2708797, "event": "memory_updated", "agent": "agent_2", "round": 1}
2026-05-06 20:26:53,389 - INFO - Tokens - Input: 2003, Output: 1282, Total: 3285
2026-05-06 20:26:53,391 - INFO - Memory updates: 5
{"id": 9, "ts": 1778092013.3916948, "event": "memory_updated", "agent": "agent_3", "round": 1}
2026-05-06 20:26:53,512 - INFO - Tokens - Input: 2130, Output: 1337, Total: 3467
2026-05-06 20:26:53,514 - INFO - Memory updates: 6
{"id": 10, "ts": 1778092013.5145123, "event": "memory_updated", "agent": "agent_1", "round": 1}
2026-05-06 20:26:57,165 - INFO - Tokens - Input: 2585, Output: 407, Total: 2992
{"id": 11, "ts": 1778092017.167506, "event": "public_discussion_message", "round": 1, "agent": "agent_2", "message": "I currently favor **Candidate C** because they are noted as 100\u202f% reliable and keep calm in a crisis, and they make correct decisions quickly\u2014key for safety and efficiency on long\u2011haul flights. The main trade\u2011off is their difficulty communicating ideas and egocentric attitude, which could undermine cockpit teamwork.\nMETADATA_JSON:\n{\"agent\": \"agent_2\", \"vote\": \"Candidate C\"}"}
2026-05-06 20:26:57,167 - INFO - Agent turns: 3
2026-05-06 20:27:05,528 - INFO - Tokens - Input: 2210, Output: 1114, Total: 3324
2026-05-06 20:27:05,530 - INFO - Memory updates: 7
{"id": 12, "ts": 1778092025.530473, "event": "memory_updated", "agent": "agent_3", "round": 1}
2026-05-06 20:27:06,398 - INFO - Tokens - Input: 2176, Output: 1226, Total: 3402
2026-05-06 20:27:06,399 - INFO - Memory updates: 8
{"id": 13, "ts": 1778092026.4001088, "event": "memory_updated", "agent": "agent_2", "round": 1}
2026-05-06 20:27:06,713 - INFO - Tokens - Input: 2215, Output: 1308, Total: 3523
2026-05-06 20:27:06,714 - INFO - Memory updates: 9
{"id": 14, "ts": 1778092026.7148387, "event": "memory_updated", "agent": "agent_1", "round": 1}
2026-05-06 20:27:06,723 - INFO - Loop 1 completed
{"id": 15, "ts": 1778092026.7293022, "event": "discussion_order", "round": 2, "order": ["agent_2", "agent_3", "agent_1"]}
2026-05-06 20:27:07,991 - INFO - Tokens - Input: 2561, Output: 157, Total: 2718
{"id": 16, "ts": 1778092027.992613, "event": "public_discussion_message", "round": 2, "agent": "agent_2", "message": "I continue to favor **Candidate C**. Their 100\u202f% reliability and ability to make correct decisions quickly are crucial for the safety and efficiency of long\u2011distance flights, especially when unexpected situations arise. The main trade\u2011off is their difficulty communicating ideas and egocentric attitude, which could hinder effective cockpit teamwork.\nMETADATA_JSON:\n{\"agent\": \"agent_2\", \"vote\": \"Candidate C\"}"}
2026-05-06 20:27:07,992 - INFO - Agent turns: 4
2026-05-06 20:27:14,983 - INFO - Tokens - Input: 2141, Output: 805, Total: 2946
2026-05-06 20:27:14,985 - INFO - Memory updates: 10
{"id": 17, "ts": 1778092034.9851758, "event": "memory_updated", "agent": "agent_2", "round": 2}
2026-05-06 20:27:15,932 - INFO - Tokens - Input: 1946, Output: 991, Total: 2937
2026-05-06 20:27:15,935 - INFO - Memory updates: 11
{"id": 18, "ts": 1778092035.9356918, "event": "memory_updated", "agent": "agent_3", "round": 2}
2026-05-06 20:27:17,261 - INFO - Tokens - Input: 2228, Output: 1122, Total: 3350
2026-05-06 20:27:17,263 - INFO - Memory updates: 12
{"id": 19, "ts": 1778092037.263405, "event": "memory_updated", "agent": "agent_1", "round": 2}
2026-05-06 20:27:19,251 - INFO - Tokens - Input: 2440, Output: 194, Total: 2634
{"id": 20, "ts": 1778092039.2526848, "event": "public_discussion_message", "round": 2, "agent": "agent_3", "message": "I continue to favor **Candidate\u202fC**. Their proven 100\u202f% reliability and ability to make correct decisions quickly are vital for safety on long\u2011distance flights, and their strong concern for others supports a positive crew atmosphere. The main trade\u2011off is their difficulty communicating ideas and egocentric attitude, which could hinder cockpit teamwork.\nMETADATA_JSON:\n{\"agent\": \"agent_3\", \"vote\": \"Candidate C\"}"}
2026-05-06 20:27:19,252 - INFO - Agent turns: 5
2026-05-06 20:27:25,490 - INFO - Tokens - Input: 1928, Output: 862, Total: 2790
2026-05-06 20:27:25,492 - INFO - Memory updates: 13
{"id": 21, "ts": 1778092045.4928448, "event": "memory_updated", "agent": "agent_2", "round": 2}
2026-05-06 20:27:27,358 - INFO - Tokens - Input: 2039, Output: 955, Total: 2994
2026-05-06 20:27:27,359 - INFO - Memory updates: 14
{"id": 22, "ts": 1778092047.3600273, "event": "memory_updated", "agent": "agent_3", "round": 2}
2026-05-06 20:27:31,600 - INFO - Tokens - Input: 2240, Output: 921, Total: 3161
2026-05-06 20:27:31,601 - INFO - Memory updates: 15
{"id": 23, "ts": 1778092051.6021304, "event": "memory_updated", "agent": "agent_1", "round": 2}
2026-05-06 20:27:34,513 - INFO - Tokens - Input: 2545, Output: 219, Total: 2764
{"id": 24, "ts": 1778092054.515262, "event": "public_discussion_message", "round": 2, "agent": "agent_1", "message": "I continue to favor **Candidate\u202fC**. Their 100\u202f% reliability and ability to make correct decisions quickly are critical for the safety and efficiency of long\u2011distance flights, and they create a positive crew atmosphere, supporting strong teamwork in the cockpit. The main trade\u2011off is their difficulty communicating ideas and egocentric attitude, which could undermine cooperation during critical operations.\nMETADATA_JSON:\n{\"agent\":\"agent_1\",\"vote\":\"Candidate C\"}"}
2026-05-06 20:27:34,515 - INFO - Agent turns: 6
2026-05-06 20:27:41,284 - INFO - Tokens - Input: 2152, Output: 855, Total: 3007
2026-05-06 20:27:41,285 - INFO - Memory updates: 16
{"id": 25, "ts": 1778092061.2859633, "event": "memory_updated", "agent": "agent_1", "round": 2}
2026-05-06 20:27:41,757 - INFO - Tokens - Input: 2030, Output: 808, Total: 2838
2026-05-06 20:27:41,758 - INFO - Memory updates: 17
{"id": 26, "ts": 1778092061.7590485, "event": "memory_updated", "agent": "agent_2", "round": 2}
2026-05-06 20:27:46,322 - INFO - Tokens - Input: 2175, Output: 1084, Total: 3259
2026-05-06 20:27:46,324 - INFO - Memory updates: 18
{"id": 27, "ts": 1778092066.3248236, "event": "memory_updated", "agent": "agent_3", "round": 2}
2026-05-06 20:27:46,334 - INFO - Loop 2 completed
2026-05-06 20:27:46,334 - INFO - Final Chosen Candidate: Candidate C
2026-05-06 20:27:46,334 - INFO - Final Decision Method: consensus
2026-05-06 20:27:46,334 - INFO - Final Vote Count: {'Candidate C': 3}
2026-05-06 20:27:46,334 - INFO - Correct Candidate: Candidate C
2026-05-06 20:27:46,334 - INFO - Decision Correct: 1
{"id": 28, "ts": 1778092066.6737778, "event": "context_consistency_calculated", "method": "embedding_cosine", "mean_pairwise_similarity": 0.915137, "pairwise": [{"agent_a": "agent_1", "agent_b": "agent_2", "similarity": 0.950576}, {"agent_a": "agent_1", "agent_b": "agent_3", "similarity": 0.903701}, {"agent_a": "agent_2", "agent_b": "agent_3", "similarity": 0.891134}]}
{"id": 29, "ts": 1778092066.6739879, "event": "agent_memories_archived", "directory": "/home/lhegemann/git/bachelor_thesis/01_data/raw/simulations/moderate/moderate_20260506_181837_012/shared_mental_models", "round": 2}
{"id": 30, "ts": 1778092066.674086, "event": "final_decision", "candidate": "Candidate C", "method": "consensus", "vote_count": {"Candidate C": 3}, "correct_candidate": "Candidate C", "decision_correct": 1, "round": 2}
2026-05-06 20:27:46,684 - INFO - ======================================================================
2026-05-06 20:27:46,684 - INFO - SIMULATION METRICS
2026-05-06 20:27:46,684 - INFO - ======================================================================
2026-05-06 20:27:46,684 - INFO - Total Loops: 2
2026-05-06 20:27:46,684 - INFO - Agent Turns (no vote checker): 6
2026-05-06 20:27:46,685 - INFO - Agent Tool Calls: 0
2026-05-06 20:27:46,685 - INFO - Agent Tool Messages: 0
2026-05-06 20:27:46,685 - INFO - Memory Updates: 18
2026-05-06 20:27:46,685 - INFO - Total Messages (no vote checker): 6
2026-05-06 20:27:46,685 - INFO - Input Tokens: 49674
2026-05-06 20:27:46,685 - INFO - Output Tokens: 23059
2026-05-06 20:27:46,685 - INFO - Total Tokens: 72733
2026-05-06 20:27:46,685 - INFO - Final Chosen Candidate: Candidate C
2026-05-06 20:27:46,685 - INFO - Final Decision Method: consensus
2026-05-06 20:27:46,685 - INFO - Final Vote Count: {'Candidate C': 3}
2026-05-06 20:27:46,685 - INFO - Correct Candidate: Candidate C
2026-05-06 20:27:46,685 - INFO - Decision Correct: 1
2026-05-06 20:27:46,685 - INFO - Runtime: 86.18s
2026-05-06 20:27:46,685 - INFO - ======================================================================
