2026-05-07 21:15:55,433 - INFO - Metrics tracker initialized
{"id": 1, "ts": 1778181355.4609008, "event": "memory_reset"}
{"id": 2, "ts": 1778181355.4658747, "event": "discussion_order", "round": 1, "order": ["agent_2", "agent_1", "agent_3"]}
2026-05-07 21:16:04,684 - INFO - Tokens - Input: 1395, Output: 747, Total: 2142
{"id": 3, "ts": 1778181364.6866992, "event": "public_discussion_message", "round": 1, "agent": "agent_2", "message": "I prefer Candidate D \u2013 takes responsibility seriously.\nMETADATA_JSON:\n{\"agent\": \"agent_2\", \"vote\": \"Candidate D\"}"}
2026-05-07 21:16:04,686 - INFO - Agent turns: 1
2026-05-07 21:16:10,512 - INFO - Tokens - Input: 1447, Output: 591, Total: 2038
{"id": 4, "ts": 1778181370.5140345, "event": "public_discussion_message", "round": 1, "agent": "agent_1", "message": "I prefer Candidate A \u2013 excellent spatial vision.\nMETADATA_JSON:\n{\"agent\": \"agent_1\", \"vote\": \"Candidate A\"}"}
2026-05-07 21:16:10,514 - INFO - Agent turns: 2
2026-05-07 21:16:15,211 - INFO - Tokens - Input: 1479, Output: 611, Total: 2090
{"id": 5, "ts": 1778181375.212574, "event": "public_discussion_message", "round": 1, "agent": "agent_3", "message": "I prefer Candidate B \u2013 handles stress very well.\nMETADATA_JSON:\n{\"agent\": \"agent_3\", \"vote\": \"Candidate B\"}"}
2026-05-07 21:16:15,212 - INFO - Agent turns: 3
2026-05-07 21:16:15,222 - INFO - Loop 1 completed
{"id": 6, "ts": 1778181375.2291224, "event": "discussion_order", "round": 2, "order": ["agent_1", "agent_2", "agent_3"]}
2026-05-07 21:16:18,668 - INFO - Tokens - Input: 1524, Output: 412, Total: 1936
{"id": 7, "ts": 1778181378.6697583, "event": "public_discussion_message", "round": 2, "agent": "agent_1", "message": "I prefer Candidate B \u2013 handles stress very well.\nMETADATA_JSON:\n{\"agent\": \"agent_1\", \"vote\": \"Candidate B\"}"}
2026-05-07 21:16:18,669 - INFO - Agent turns: 4
2026-05-07 21:16:26,022 - INFO - Tokens - Input: 1564, Output: 976, Total: 2540
{"id": 8, "ts": 1778181386.0240173, "event": "public_discussion_message", "round": 2, "agent": "agent_2", "message": "I prefer Candidate B \u2013 very conscientious.\nMETADATA_JSON:\n{\"agent\": \"agent_2\", \"vote\": \"Candidate B\"}"}
2026-05-07 21:16:26,024 - INFO - Agent turns: 5
2026-05-07 21:16:34,171 - INFO - Tokens - Input: 1590, Output: 992, Total: 2582
{"id": 9, "ts": 1778181394.1726375, "event": "public_discussion_message", "round": 2, "agent": "agent_3", "message": "I prefer Candidate B \u2013 sometimes adopts the wrong tone.\nMETADATA_JSON:\n{\"agent\": \"agent_3\", \"vote\": \"Candidate B\"}"}
2026-05-07 21:16:34,172 - INFO - Agent turns: 6
2026-05-07 21:16:34,182 - INFO - Loop 2 completed
2026-05-07 21:16:34,183 - INFO - Final Chosen Candidate: Candidate B
2026-05-07 21:16:34,183 - INFO - Final Decision Method: consensus
2026-05-07 21:16:34,183 - INFO - Final Vote Count: {'Candidate B': 3}
2026-05-07 21:16:34,183 - INFO - Correct Candidate: Candidate C
2026-05-07 21:16:34,183 - INFO - Decision Correct: 0
{"id": 10, "ts": 1778181394.1849926, "event": "context_consistency_not_applicable", "reason": "explicit_smm_memory_disabled"}
{"id": 11, "ts": 1778181394.1851397, "event": "final_decision", "candidate": "Candidate B", "method": "consensus", "vote_count": {"Candidate B": 3}, "correct_candidate": "Candidate C", "decision_correct": 0, "round": 2}
2026-05-07 21:16:34,193 - INFO - ======================================================================
2026-05-07 21:16:34,193 - INFO - SIMULATION METRICS
2026-05-07 21:16:34,193 - INFO - ======================================================================
2026-05-07 21:16:34,193 - INFO - Total Loops: 2
2026-05-07 21:16:34,193 - INFO - Agent Turns (no vote checker): 6
2026-05-07 21:16:34,193 - INFO - Agent Tool Calls: 0
2026-05-07 21:16:34,194 - INFO - Agent Tool Messages: 0
2026-05-07 21:16:34,194 - INFO - Memory Updates: 0
2026-05-07 21:16:34,194 - INFO - Total Messages (no vote checker): 6
2026-05-07 21:16:34,194 - INFO - Input Tokens: 8999
2026-05-07 21:16:34,194 - INFO - Output Tokens: 4329
2026-05-07 21:16:34,194 - INFO - Total Tokens: 13328
2026-05-07 21:16:34,194 - INFO - Final Chosen Candidate: Candidate B
2026-05-07 21:16:34,194 - INFO - Final Decision Method: consensus
2026-05-07 21:16:34,194 - INFO - Final Vote Count: {'Candidate B': 3}
2026-05-07 21:16:34,194 - INFO - Correct Candidate: Candidate C
2026-05-07 21:16:34,194 - INFO - Decision Correct: 0
2026-05-07 21:16:34,195 - INFO - Runtime: 38.76s
2026-05-07 21:16:34,195 - INFO - ======================================================================
