2026-05-10 01:29:19,444 - INFO - Metrics tracker initialized
{"id": 1, "ts": 1778369359.4700766, "event": "memory_reset"}
{"id": 2, "ts": 1778369359.4735203, "event": "discussion_order", "round": 1, "order": ["agent_3", "agent_1", "agent_2"]}
2026-05-10 01:29:26,469 - INFO - Tokens - Input: 1708, Output: 595, Total: 2303
{"id": 3, "ts": 1778369366.4705267, "event": "public_discussion_message", "round": 1, "agent": "agent_3", "message": "I currently favor **Candidate\u202fB**. Their strong conscientiousness and stress\u2011handling ability suggest high reliability and calmness under pressure, while their skill in weather assessment and computer use support the technical competence needed for long\u2011distance flights. The main concern is their pretentious demeanor and occasional wrong tone, which could hinder crew cooperation.\nMETADATA_JSON:\n{\"agent\": \"agent_3\", \"vote\": \"Candidate B\"}"}
2026-05-10 01:29:26,470 - INFO - Agent turns: 1
2026-05-10 01:29:38,875 - INFO - Tokens - Input: 1306, Output: 1532, Total: 2838
2026-05-10 01:29:38,878 - INFO - Memory updates: 1
{"id": 4, "ts": 1778369378.8782113, "event": "memory_updated", "agent": "agent_2", "round": 1}
2026-05-10 01:29:41,163 - INFO - Tokens - Input: 1298, Output: 1566, Total: 2864
2026-05-10 01:29:41,164 - INFO - Memory updates: 2
{"id": 5, "ts": 1778369381.1651003, "event": "memory_updated", "agent": "agent_3", "round": 1}
2026-05-10 01:29:42,800 - INFO - Tokens - Input: 1303, Output: 2001, Total: 3304
2026-05-10 01:29:42,802 - INFO - Memory updates: 3
{"id": 6, "ts": 1778369382.802826, "event": "memory_updated", "agent": "agent_1", "round": 1}
2026-05-10 01:29:50,209 - INFO - Tokens - Input: 2558, Output: 563, Total: 3121
{"id": 7, "ts": 1778369390.2108111, "event": "public_discussion_message", "round": 1, "agent": "agent_1", "message": "I currently favor **Candidate\u202fA**. Their ability to anticipate dangerous situations and excellent spatial vision give strong situational awareness, while their very good leadership qualities support crew coordination on long\u2011haul flights. The main trade\u2011off is that A can be unorganized and sometimes struggles with criticism, which could undermine reliability and teamwork.\nMETADATA_JSON:\n{\"agent\": \"agent_1\", \"vote\": \"Candidate A\"}"}
2026-05-10 01:29:50,210 - INFO - Agent turns: 2
2026-05-10 01:29:58,357 - INFO - Tokens - Input: 1921, Output: 1054, Total: 2975
2026-05-10 01:29:58,359 - INFO - Memory updates: 4
{"id": 8, "ts": 1778369398.3593194, "event": "memory_updated", "agent": "agent_2", "round": 1}
2026-05-10 01:30:00,985 - INFO - Tokens - Input: 2151, Output: 1260, Total: 3411
2026-05-10 01:30:00,986 - INFO - Memory updates: 5
{"id": 9, "ts": 1778369400.9869232, "event": "memory_updated", "agent": "agent_1", "round": 1}
2026-05-10 01:30:04,562 - INFO - Tokens - Input: 1983, Output: 1549, Total: 3532
2026-05-10 01:30:04,564 - INFO - Memory updates: 6
{"id": 10, "ts": 1778369404.5642285, "event": "memory_updated", "agent": "agent_3", "round": 1}
2026-05-10 01:30:14,620 - INFO - Tokens - Input: 2450, Output: 591, Total: 3041
{"id": 11, "ts": 1778369414.6221194, "event": "public_discussion_message", "round": 1, "agent": "agent_2", "message": "I currently favor **Candidate\u202fB**. Their strong conscientiousness and ability to handle stress suggest high reliability and calmness under pressure, while their skill in assessing weather and excellent computer abilities support the technical competence needed for long\u2011distance flights. The main trade\u2011off is their interpersonal drawback\u2014making nasty remarks and a pretentious tone\u2014which could undermine crew cooperation and morale.\nMETADATA_JSON:\n{\"agent\": \"agent_2\", \"vote\": \"Candidate B\"}"}
2026-05-10 01:30:14,622 - INFO - Agent turns: 3
2026-05-10 01:30:25,041 - INFO - Tokens - Input: 2110, Output: 1275, Total: 3385
2026-05-10 01:30:25,042 - INFO - Memory updates: 7
{"id": 12, "ts": 1778369425.0428703, "event": "memory_updated", "agent": "agent_3", "round": 1}
2026-05-10 01:30:25,414 - INFO - Tokens - Input: 2061, Output: 1355, Total: 3416
2026-05-10 01:30:25,415 - INFO - Memory updates: 8
{"id": 13, "ts": 1778369425.415928, "event": "memory_updated", "agent": "agent_2", "round": 1}
2026-05-10 01:30:26,044 - INFO - Tokens - Input: 2060, Output: 1439, Total: 3499
2026-05-10 01:30:26,045 - INFO - Memory updates: 9
{"id": 14, "ts": 1778369426.0459797, "event": "memory_updated", "agent": "agent_1", "round": 1}
2026-05-10 01:30:26,054 - INFO - Loop 1 completed
{"id": 15, "ts": 1778369426.0599446, "event": "discussion_order", "round": 2, "order": ["agent_2", "agent_1", "agent_3"]}
2026-05-10 01:30:28,332 - INFO - Tokens - Input: 2691, Output: 203, Total: 2894
{"id": 16, "ts": 1778369428.3341448, "event": "public_discussion_message", "round": 2, "agent": "agent_2", "message": "I continue to favor **Candidate\u202fB**. Their strong conscientiousness and ability to handle stress indicate high reliability and calmness under pressure\u2014crucial for long\u2011distance flights. Additionally, their skill in assessing weather conditions and excellent computer abilities support the technical competence needed for complex, long\u2011haul operations. The main trade\u2011off is their interpersonal drawback: making nasty remarks and a pretentious tone, which could undermine crew cooperation and morale.\nMETADATA_JSON:\n{\"agent\": \"agent_2\", \"vote\": \"Candidate B\"}"}
2026-05-10 01:30:28,334 - INFO - Agent turns: 4
2026-05-10 01:30:39,091 - INFO - Tokens - Input: 2343, Output: 1193, Total: 3536
2026-05-10 01:30:39,093 - INFO - Memory updates: 10
{"id": 17, "ts": 1778369439.0939357, "event": "memory_updated", "agent": "agent_3", "round": 2}
2026-05-10 01:30:41,689 - INFO - Tokens - Input: 2041, Output: 1249, Total: 3290
2026-05-10 01:30:41,691 - INFO - Memory updates: 11
{"id": 18, "ts": 1778369441.6913664, "event": "memory_updated", "agent": "agent_1", "round": 2}
2026-05-10 01:30:43,359 - INFO - Tokens - Input: 2314, Output: 947, Total: 3261
2026-05-10 01:30:43,361 - INFO - Memory updates: 12
{"id": 19, "ts": 1778369443.3616533, "event": "memory_updated", "agent": "agent_2", "round": 2}
2026-05-10 01:30:56,191 - INFO - Tokens - Input: 2705, Output: 443, Total: 3148
{"id": 20, "ts": 1778369456.1924295, "event": "public_discussion_message", "round": 2, "agent": "agent_1", "message": "I continue to favor **Candidate\u202fA**. Their ability to anticipate dangerous situations and excellent spatial vision give strong situational awareness, while their very good leadership qualities support effective crew coordination on long\u2011distance flights. The main trade\u2011off is that A can be unorganized and sometimes struggles with criticism, which could undermine reliability and teamwork if not managed.\nMETADATA_JSON:\n{\"agent\": \"agent_1\", \"vote\": \"Candidate A\"}"}
2026-05-10 01:30:56,192 - INFO - Agent turns: 5
2026-05-10 01:31:04,932 - INFO - Tokens - Input: 2308, Output: 1117, Total: 3425
2026-05-10 01:31:04,934 - INFO - Memory updates: 13
{"id": 21, "ts": 1778369464.9342074, "event": "memory_updated", "agent": "agent_1", "round": 2}
2026-05-10 01:31:07,500 - INFO - Tokens - Input: 2410, Output: 1406, Total: 3816
2026-05-10 01:31:07,502 - INFO - Memory updates: 14
{"id": 22, "ts": 1778369467.5024674, "event": "memory_updated", "agent": "agent_3", "round": 2}
2026-05-10 01:31:07,634 - INFO - Tokens - Input: 2074, Output: 1275, Total: 3349
2026-05-10 01:31:07,635 - INFO - Memory updates: 15
{"id": 23, "ts": 1778369467.6359768, "event": "memory_updated", "agent": "agent_2", "round": 2}
2026-05-10 01:31:14,592 - INFO - Tokens - Input: 2907, Output: 486, Total: 3393
{"id": 24, "ts": 1778369474.593907, "event": "public_discussion_message", "round": 2, "agent": "agent_3", "message": "I continue to favor **Candidate\u202fB**. Their very conscientious nature and strong ability to handle stress give high reliability and calmness under pressure, which are essential for long\u2011haul flights. In addition, their skill at assessing weather conditions and excellent computer abilities support the technical competence required for complex, long\u2011distance operations. The main trade\u2011off is their interpersonal drawback\u2014being pretentious, sometimes using the wrong tone, and making nasty remarks\u2014which could undermine crew cooperation and morale.\nMETADATA_JSON:\n{\"agent\": \"agent_3\", \"vote\": \"Candidate B\"}"}
2026-05-10 01:31:14,594 - INFO - Agent turns: 6
2026-05-10 01:31:21,756 - INFO - Tokens - Input: 2186, Output: 887, Total: 3073
2026-05-10 01:31:21,758 - INFO - Memory updates: 16
{"id": 25, "ts": 1778369481.7583637, "event": "memory_updated", "agent": "agent_2", "round": 2}
2026-05-10 01:31:26,299 - INFO - Tokens - Input: 2419, Output: 1398, Total: 3817
2026-05-10 01:31:26,301 - INFO - Memory updates: 17
{"id": 26, "ts": 1778369486.3019235, "event": "memory_updated", "agent": "agent_1", "round": 2}
2026-05-10 01:31:26,670 - INFO - Tokens - Input: 2562, Output: 1311, Total: 3873
2026-05-10 01:31:26,672 - INFO - Memory updates: 18
{"id": 27, "ts": 1778369486.6722007, "event": "memory_updated", "agent": "agent_3", "round": 2}
2026-05-10 01:31:26,680 - INFO - Loop 2 completed
{"id": 28, "ts": 1778369486.6857727, "event": "discussion_order", "round": 3, "order": ["agent_1", "agent_2", "agent_3"]}
2026-05-10 01:31:31,870 - INFO - Tokens - Input: 2626, Output: 463, Total: 3089
{"id": 29, "ts": 1778369491.8722591, "event": "public_discussion_message", "round": 3, "agent": "agent_1", "message": "I continue to favor **Candidate\u202fA**. Their ability to anticipate dangerous situations and excellent spatial vision give strong situational awareness, while their very good leadership supports effective crew coordination on ultra\u2011long\u2011haul flights. The main trade\u2011off is their tendency to be unorganized and difficulty accepting criticism, which could affect reliability and teamwork if not managed.\nMETADATA_JSON:\n{\"agent\": \"agent_1\", \"vote\": \"Candidate A\"}"}
2026-05-10 01:31:31,872 - INFO - Agent turns: 7
2026-05-10 01:31:38,898 - INFO - Tokens - Input: 2211, Output: 755, Total: 2966
2026-05-10 01:31:38,900 - INFO - Memory updates: 19
{"id": 30, "ts": 1778369498.900507, "event": "memory_updated", "agent": "agent_1", "round": 3}
2026-05-10 01:31:41,981 - INFO - Tokens - Input: 2258, Output: 1016, Total: 3274
2026-05-10 01:31:41,983 - INFO - Memory updates: 20
{"id": 31, "ts": 1778369501.9835665, "event": "memory_updated", "agent": "agent_2", "round": 3}
2026-05-10 01:31:45,736 - INFO - Tokens - Input: 2650, Output: 1374, Total: 4024
2026-05-10 01:31:45,738 - INFO - Memory updates: 21
{"id": 32, "ts": 1778369505.7389286, "event": "memory_updated", "agent": "agent_3", "round": 3}
2026-05-10 01:31:58,935 - INFO - Tokens - Input: 2738, Output: 615, Total: 3353
{"id": 33, "ts": 1778369518.937145, "event": "public_discussion_message", "round": 3, "agent": "agent_2", "message": "I continue to favor **Candidate\u202fB**. Their strong conscientiousness and ability to handle stress give high reliability and calmness under pressure, while their skill in assessing weather conditions and excellent computer abilities provide essential technical competence for long\u2011distance operations. The main trade\u2011off is their interpersonal drawback\u2014making nasty remarks and using a pretentious tone\u2014which could undermine crew cooperation and morale.\nMETADATA_JSON:\n{\"agent\": \"agent_2\", \"vote\": \"Candidate B\"}"}
2026-05-10 01:31:58,937 - INFO - Agent turns: 8
2026-05-10 01:32:06,868 - INFO - Tokens - Input: 2353, Output: 921, Total: 3274
2026-05-10 01:32:06,869 - INFO - Memory updates: 22
{"id": 34, "ts": 1778369526.8697715, "event": "memory_updated", "agent": "agent_2", "round": 3}
2026-05-10 01:32:08,875 - INFO - Tokens - Input: 2730, Output: 1245, Total: 3975
2026-05-10 01:32:08,876 - INFO - Memory updates: 23
{"id": 35, "ts": 1778369528.876845, "event": "memory_updated", "agent": "agent_3", "round": 3}
2026-05-10 01:32:38,911 - INFO - Tokens - Input: 2321, Output: 1088, Total: 3409
2026-05-10 01:32:38,912 - INFO - Memory updates: 24
{"id": 36, "ts": 1778369558.912974, "event": "memory_updated", "agent": "agent_1", "round": 3}
2026-05-10 01:32:42,908 - INFO - Tokens - Input: 3068, Output: 282, Total: 3350
{"id": 37, "ts": 1778369562.91009, "event": "public_discussion_message", "round": 3, "agent": "agent_3", "message": "I continue to favor **Candidate\u202fB**. Their very conscientious nature and strong ability to handle stress give high reliability and calmness under pressure\u2014crucial for ultra\u2011long\u2011haul flights. Additionally, their skill in assessing weather conditions and excellent computer abilities support the technical competence needed for complex, long\u2011distance operations. The main trade\u2011off is their interpersonal drawback: pretentiousness, occasional wrong tone, and nasty remarks, which could undermine crew cooperation and morale.\nMETADATA_JSON:\n{\"agent\": \"agent_3\", \"vote\": \"Candidate B\"}"}
2026-05-10 01:32:42,910 - INFO - Agent turns: 9
2026-05-10 01:32:55,544 - INFO - Tokens - Input: 2568, Output: 871, Total: 3439
2026-05-10 01:32:55,546 - INFO - Memory updates: 25
{"id": 38, "ts": 1778369575.5466077, "event": "memory_updated", "agent": "agent_1", "round": 3}
2026-05-10 01:32:57,278 - INFO - Tokens - Input: 2721, Output: 1144, Total: 3865
2026-05-10 01:32:57,280 - INFO - Memory updates: 26
{"id": 39, "ts": 1778369577.2808354, "event": "memory_updated", "agent": "agent_3", "round": 3}
2026-05-10 01:32:57,619 - INFO - Tokens - Input: 2503, Output: 1082, Total: 3585
2026-05-10 01:32:57,621 - INFO - Memory updates: 27
{"id": 40, "ts": 1778369577.6215434, "event": "memory_updated", "agent": "agent_2", "round": 3}
2026-05-10 01:32:57,630 - INFO - Loop 3 completed
{"id": 41, "ts": 1778369577.6350749, "event": "discussion_order", "round": 4, "order": ["agent_2", "agent_1", "agent_3"]}
2026-05-10 01:32:59,996 - INFO - Tokens - Input: 3199, Output: 177, Total: 3376
{"id": 42, "ts": 1778369579.997717, "event": "public_discussion_message", "round": 4, "agent": "agent_2", "message": "I continue to favor **Candidate\u202fB**. Their strong conscientiousness and ability to handle stress give high reliability and calmness under pressure\u2014critical for ultra\u2011long\u2011haul flights. Additionally, their expertise in weather assessment and excellent computer skills provide the technical competence needed for complex route planning and in\u2011flight decision\u2011making.\n**Trade\u2011off:** Their tendency to make nasty remarks and adopt a pretentious tone could harm crew cooperation and morale, which is a safety\u2011critical concern.\nMETADATA_JSON:\n{\"agent\": \"agent_2\", \"vote\": \"Candidate B\"}"}
2026-05-10 01:32:59,997 - INFO - Agent turns: 10
2026-05-10 01:33:09,581 - INFO - Tokens - Input: 2839, Output: 1036, Total: 3875
2026-05-10 01:33:09,583 - INFO - Memory updates: 28
{"id": 43, "ts": 1778369589.5836825, "event": "memory_updated", "agent": "agent_2", "round": 4}
2026-05-10 01:33:10,257 - INFO - Tokens - Input: 2634, Output: 1072, Total: 3706
2026-05-10 01:33:10,258 - INFO - Memory updates: 29
{"id": 44, "ts": 1778369590.258824, "event": "memory_updated", "agent": "agent_1", "round": 4}
2026-05-10 01:33:11,273 - INFO - Tokens - Input: 2856, Output: 1150, Total: 4006
2026-05-10 01:33:11,274 - INFO - Memory updates: 30
{"id": 45, "ts": 1778369591.2749321, "event": "memory_updated", "agent": "agent_3", "round": 4}
2026-05-10 01:33:13,606 - INFO - Tokens - Input: 3141, Output: 212, Total: 3353
{"id": 46, "ts": 1778369593.607546, "event": "public_discussion_message", "round": 4, "agent": "agent_1", "message": "I continue to favor **Candidate\u202fA**. Their ability to anticipate dangerous situations and their excellent spatial vision give strong situational awareness, which is critical for navigating long\u2011haul routes and handling unexpected hazards. Additionally, their very good leadership qualities support effective crew coordination on ultra\u2011long\u2011distance flights.\n**Trade\u2011off:** A can be unorganized and sometimes struggles with criticism, which could undermine reliability and teamwork if not managed.\nMETADATA_JSON:\n{\"agent\": \"agent_1\", \"vote\": \"Candidate A\"}"}
2026-05-10 01:33:13,607 - INFO - Agent turns: 11
2026-05-10 01:33:20,760 - INFO - Tokens - Input: 2777, Output: 839, Total: 3616
2026-05-10 01:33:20,762 - INFO - Memory updates: 31
{"id": 47, "ts": 1778369600.7625527, "event": "memory_updated", "agent": "agent_1", "round": 4}
2026-05-10 01:33:21,999 - INFO - Tokens - Input: 2921, Output: 1093, Total: 4014
2026-05-10 01:33:22,000 - INFO - Memory updates: 32
{"id": 48, "ts": 1778369602.0010865, "event": "memory_updated", "agent": "agent_2", "round": 4}
2026-05-10 01:33:23,068 - INFO - Tokens - Input: 2973, Output: 1118, Total: 4091
2026-05-10 01:33:23,070 - INFO - Memory updates: 33
{"id": 49, "ts": 1778369603.070631, "event": "memory_updated", "agent": "agent_3", "round": 4}
2026-05-10 01:33:25,818 - INFO - Tokens - Input: 3377, Output: 219, Total: 3596
{"id": 50, "ts": 1778369605.820071, "event": "public_discussion_message", "round": 4, "agent": "agent_3", "message": "I continue to favor **Candidate\u202fB**. Their very conscientious nature and strong ability to handle stress give high reliability and calmness under pressure\u2014essential for ultra\u2011long\u2011haul flights. In addition, their expertise in assessing weather conditions and excellent computer skills provide the technical competence needed for complex route planning and in\u2011flight decision\u2011making.\n**Trade\u2011off:** Their pretentious demeanor, occasional wrong tone, and tendency to make nasty remarks could undermine crew cooperation and morale, a safety\u2011critical concern.\nMETADATA_JSON:\n{\"agent\": \"agent_3\", \"vote\": \"Candidate B\"}"}
2026-05-10 01:33:25,820 - INFO - Agent turns: 12
2026-05-10 01:33:32,997 - INFO - Tokens - Input: 2843, Output: 902, Total: 3745
2026-05-10 01:33:32,999 - INFO - Memory updates: 34
{"id": 51, "ts": 1778369612.9994364, "event": "memory_updated", "agent": "agent_1", "round": 4}
2026-05-10 01:33:33,808 - INFO - Tokens - Input: 3042, Output: 1043, Total: 4085
2026-05-10 01:33:33,809 - INFO - Memory updates: 35
{"id": 52, "ts": 1778369613.8098795, "event": "memory_updated", "agent": "agent_2", "round": 4}
2026-05-10 01:33:34,611 - INFO - Tokens - Input: 3043, Output: 1084, Total: 4127
2026-05-10 01:33:34,613 - INFO - Memory updates: 36
{"id": 53, "ts": 1778369614.6134233, "event": "memory_updated", "agent": "agent_3", "round": 4}
2026-05-10 01:33:34,621 - INFO - Loop 4 completed
{"id": 54, "ts": 1778369614.627644, "event": "discussion_order", "round": 5, "order": ["agent_1", "agent_2", "agent_3"]}
2026-05-10 01:33:35,927 - INFO - Tokens - Input: 3346, Output: 148, Total: 3494
{"id": 55, "ts": 1778369615.9294276, "event": "public_discussion_message", "round": 5, "agent": "agent_1", "message": "I still favor **Candidate\u202fA**. Their ability to anticipate dangerous situations and excellent spatial vision give superior situational awareness, essential for navigating long\u2011haul routes and handling unexpected hazards. Their very good leadership supports effective crew coordination on ultra\u2011long\u2011distance flights.\n**Trade\u2011off:** A can be unorganized and struggles with criticism, which could affect reliability and teamwork if not managed.\nMETADATA_JSON:\n{\"agent\": \"agent_1\", \"vote\": \"Candidate A\"}"}
2026-05-10 01:33:35,929 - INFO - Agent turns: 13
2026-05-10 01:33:42,922 - INFO - Tokens - Input: 2948, Output: 745, Total: 3693
2026-05-10 01:33:42,924 - INFO - Memory updates: 37
{"id": 56, "ts": 1778369622.9242175, "event": "memory_updated", "agent": "agent_1", "round": 5}
2026-05-10 01:33:45,240 - INFO - Tokens - Input: 3149, Output: 1203, Total: 4352
2026-05-10 01:33:45,241 - INFO - Memory updates: 38
{"id": 57, "ts": 1778369625.2418058, "event": "memory_updated", "agent": "agent_3", "round": 5}
2026-05-10 01:33:45,264 - INFO - Tokens - Input: 3158, Output: 966, Total: 4124
2026-05-10 01:33:45,266 - INFO - Memory updates: 39
{"id": 58, "ts": 1778369625.266722, "event": "memory_updated", "agent": "agent_2", "round": 5}
2026-05-10 01:33:51,254 - INFO - Tokens - Input: 3601, Output: 203, Total: 3804
{"id": 59, "ts": 1778369631.2563646, "event": "public_discussion_message", "round": 5, "agent": "agent_2", "message": "I continue to favor **Candidate\u202fB**. Their strong conscientiousness and proven ability to handle stress give high reliability and calmness under pressure\u2014essential for ultra\u2011long\u2011haul flights. Additionally, their expertise in weather assessment and excellent computer skills provide the technical competence needed for complex route planning and in\u2011flight decision\u2011making.\n**Trade\u2011off:** Their tendency to make nasty remarks and adopt a pretentious tone could undermine crew cooperation and morale, which is a safety\u2011critical concern.\nMETADATA_JSON:\n{\"agent\": \"agent_2\", \"vote\": \"Candidate B\"}"}
2026-05-10 01:33:51,256 - INFO - Agent turns: 14
2026-05-10 01:33:59,319 - INFO - Tokens - Input: 3362, Output: 951, Total: 4313
2026-05-10 01:33:59,321 - INFO - Memory updates: 40
{"id": 60, "ts": 1778369639.321189, "event": "memory_updated", "agent": "agent_3", "round": 5}
2026-05-10 01:33:59,660 - INFO - Tokens - Input: 3089, Output: 946, Total: 4035
2026-05-10 01:33:59,662 - INFO - Memory updates: 41
{"id": 61, "ts": 1778369639.6624484, "event": "memory_updated", "agent": "agent_1", "round": 5}
2026-05-10 01:34:00,545 - INFO - Tokens - Input: 3261, Output: 1064, Total: 4325
2026-05-10 01:34:00,546 - INFO - Memory updates: 42
{"id": 62, "ts": 1778369640.5469842, "event": "memory_updated", "agent": "agent_2", "round": 5}
2026-05-10 01:34:08,800 - INFO - Tokens - Input: 3753, Output: 626, Total: 4379
{"id": 63, "ts": 1778369648.8020148, "event": "public_discussion_message", "round": 5, "agent": "agent_3", "message": "I continue to favor **Candidate\u202fB**. Their very conscientious nature and strong ability to handle stress give high reliability and calmness under pressure\u2014essential for ultra\u2011long\u2011haul flights. In addition, their skill in assessing weather conditions and excellent computer abilities provide the technical competence needed for complex route planning and in\u2011flight decision\u2011making.\n**Trade\u2011off:** Their pretentious demeanor, occasional wrong\u2011tone communication, and tendency to make nasty remarks could undermine crew cooperation and morale, a safety\u2011critical concern.\nMETADATA_JSON:\n{\"agent\": \"agent_3\", \"vote\": \"Candidate B\"}"}
2026-05-10 01:34:08,802 - INFO - Agent turns: 15
2026-05-10 01:34:16,248 - INFO - Tokens - Input: 3423, Output: 974, Total: 4397
2026-05-10 01:34:16,249 - INFO - Memory updates: 43
{"id": 64, "ts": 1778369656.2500582, "event": "memory_updated", "agent": "agent_3", "round": 5}
2026-05-10 01:34:17,291 - INFO - Tokens - Input: 3186, Output: 1067, Total: 4253
2026-05-10 01:34:17,293 - INFO - Memory updates: 44
{"id": 65, "ts": 1778369657.29394, "event": "memory_updated", "agent": "agent_1", "round": 5}
2026-05-10 01:34:17,921 - INFO - Tokens - Input: 3478, Output: 1051, Total: 4529
2026-05-10 01:34:17,923 - INFO - Memory updates: 45
{"id": 66, "ts": 1778369657.9234834, "event": "memory_updated", "agent": "agent_2", "round": 5}
2026-05-10 01:34:17,931 - INFO - Loop 5 completed
2026-05-10 01:34:17,932 - INFO - Final Chosen Candidate: Candidate B
2026-05-10 01:34:17,932 - INFO - Final Decision Method: max_round_majority_vote
2026-05-10 01:34:17,932 - INFO - Final Vote Count: {'Candidate A': 1, 'Candidate B': 2}
2026-05-10 01:34:17,932 - INFO - Correct Candidate: Candidate C
2026-05-10 01:34:17,932 - INFO - Decision Correct: 0
{"id": 67, "ts": 1778369658.3792524, "event": "context_consistency_calculated", "method": "embedding_cosine", "mean_pairwise_similarity": 0.845179, "pairwise": [{"agent_a": "agent_1", "agent_b": "agent_2", "similarity": 0.812951}, {"agent_a": "agent_1", "agent_b": "agent_3", "similarity": 0.907457}, {"agent_a": "agent_2", "agent_b": "agent_3", "similarity": 0.815129}]}
{"id": 68, "ts": 1778369658.3794165, "event": "gold_standard_alignment_calculated", "method": "rule_based_binary_checks", "mean_alignment": 0.375, "by_agent": [{"agent": "agent_1", "score": 0.625, "checks": {"favorite_is_c": 0, "c_reliability": 1, "c_calmness": 0, "c_attention": 0, "c_crew_fit": 1, "a_risks": 1, "b_risks": 1, "d_risks": 1}}, {"agent": "agent_2", "score": 0.25, "checks": {"favorite_is_c": 0, "c_reliability": 0, "c_calmness": 0, "c_attention": 0, "c_crew_fit": 0, "a_risks": 1, "b_risks": 1, "d_risks": 0}}, {"agent": "agent_3", "score": 0.25, "checks": {"favorite_is_c": 0, "c_reliability": 0, "c_calmness": 0, "c_attention": 0, "c_crew_fit": 0, "a_risks": 1, "b_risks": 1, "d_risks": 0}}]}
{"id": 69, "ts": 1778369658.379553, "event": "agent_memories_archived", "directory": "/home/lhegemann/git/bachelor_thesis/01_data/raw/simulations/moderate/moderate_treatment_20260509_224515_011/shared_mental_models", "round": 5}
{"id": 70, "ts": 1778369658.3796308, "event": "final_decision", "candidate": "Candidate B", "method": "max_round_majority_vote", "vote_count": {"Candidate A": 1, "Candidate B": 2}, "correct_candidate": "Candidate C", "decision_correct": 0, "round": 5}
2026-05-10 01:34:18,389 - INFO - ======================================================================
2026-05-10 01:34:18,389 - INFO - SIMULATION METRICS
2026-05-10 01:34:18,389 - INFO - ======================================================================
2026-05-10 01:34:18,389 - INFO - Total Loops: 5
2026-05-10 01:34:18,389 - INFO - Agent Turns (no vote checker): 15
2026-05-10 01:34:18,389 - INFO - Agent Tool Calls: 0
2026-05-10 01:34:18,389 - INFO - Agent Tool Messages: 0
2026-05-10 01:34:18,389 - INFO - Memory Updates: 45
2026-05-10 01:34:18,389 - INFO - Total Messages (no vote checker): 15
2026-05-10 01:34:18,389 - INFO - Input Tokens: 158015
2026-05-10 01:34:18,389 - INFO - Output Tokens: 57440
2026-05-10 01:34:18,390 - INFO - Total Tokens: 215455
2026-05-10 01:34:18,390 - INFO - Final Chosen Candidate: Candidate B
2026-05-10 01:34:18,390 - INFO - Final Decision Method: max_round_majority_vote
2026-05-10 01:34:18,390 - INFO - Final Vote Count: {'Candidate A': 1, 'Candidate B': 2}
2026-05-10 01:34:18,390 - INFO - Correct Candidate: Candidate C
2026-05-10 01:34:18,390 - INFO - Decision Correct: 0
2026-05-10 01:34:18,390 - INFO - Runtime: 298.94s
2026-05-10 01:34:18,390 - INFO - ======================================================================
