2026-05-06 22:32:00,643 - INFO - Metrics tracker initialized
{"id": 1, "ts": 1778099520.6696346, "event": "memory_reset"}
{"id": 2, "ts": 1778099520.6739511, "event": "discussion_order", "round": 1, "order": ["agent_1", "agent_3", "agent_2"]}
2026-05-06 22:32:10,625 - INFO - Tokens - Input: 1782, Output: 1153, Total: 2935
{"id": 3, "ts": 1778099530.6274498, "event": "public_discussion_message", "round": 1, "agent": "agent_1", "message": "Current position: Candidate C\nConfidence/uncertainty: Moderate \u2013 the candidate meets most key criteria but has notable drawbacks.\nReasoning summary:\n- Key evidence used: Candidate C is 100% reliable, creates a positive crew atmosphere, and can make correct decisions quickly \u2013 covering reliability, cooperation, and decision\u2011making under pressure. These strengths directly align with the core requirements for long\u2011distance piloting.\n- Evidence from others: No external contributions have been shared yet.\n- Alternatives considered: Candidate A (strong technical vision and leadership but unorganized and poor at criticism); Candidate B (high conscientiousness, stress handling, and technical skills but grumpy and uncooperative); Candidate D (excellent problem\u2011solving and responsibility but arrogant with weak leadership). Each alternative shows a serious cooperation or leadership shortfall that outweighs their technical strengths.\n- Main tradeoff: Balancing technical excellence against cooperation. Candidate C\u2019s cooperation and reliability outweigh the communication and egocentric concerns, whereas the other candidates exhibit stronger cooperation deficits.\n- Remaining uncertainty: The impact of Candidate C\u2019s difficulty communicating ideas and reluctance to further education on long\u2011term performance and crew coordination.\n- What would change my vote: Evidence that Candidate C\u2019s communication issues lead to safety\u2011critical misunderstandings, or that another candidate demonstrates comparable reliability and cooperation without such drawbacks.\nMETADATA_JSON:\n{\"agent\": \"agent_1\", \"vote\": \"Candidate C\"}"}
2026-05-06 22:32:10,627 - INFO - Agent turns: 1
2026-05-06 22:32:17,373 - INFO - Tokens - Input: 1707, Output: 1285, Total: 2992
2026-05-06 22:32:17,374 - INFO - Memory updates: 1
{"id": 4, "ts": 1778099537.3746543, "event": "memory_updated", "agent": "agent_1", "round": 1}
2026-05-06 22:32:18,007 - INFO - Tokens - Input: 1710, Output: 1284, Total: 2994
2026-05-06 22:32:18,008 - INFO - Memory updates: 2
{"id": 5, "ts": 1778099538.0090816, "event": "memory_updated", "agent": "agent_2", "round": 1}
2026-05-06 22:32:18,645 - INFO - Tokens - Input: 1702, Output: 1553, Total: 3255
2026-05-06 22:32:18,646 - INFO - Memory updates: 3
{"id": 6, "ts": 1778099538.646669, "event": "memory_updated", "agent": "agent_3", "round": 1}
2026-05-06 22:32:22,852 - INFO - Tokens - Input: 2664, Output: 580, Total: 3244
{"id": 7, "ts": 1778099542.854037, "event": "public_discussion_message", "round": 1, "agent": "agent_3", "message": "Current position: Candidate C\nConfidence/uncertainty: Moderate \u2013 the candidate meets most core criteria but some cooperation drawbacks remain.\nReasoning summary:\n- Key evidence used: 100\u202f% reliability, creates a positive crew atmosphere, puts concern for others above everything, excellent attention skills, can make correct decisions quickly. These cover reliability, cooperation, and decision\u2011making under pressure, which are essential for long\u2011distance flights.\n- Evidence from others: Agent\u202f1 highlighted the same strengths for C and noted the same drawbacks (difficulty communicating ideas, egocentric, unwillingness to further education). No additional evidence has been shared yet.\n- Alternatives considered:\n  * Candidate A \u2013 strong technical vision, spatial ability, and leadership, but unfriendly and unhealthy, which could harm crew cohesion and stamina.\n  * Candidate B \u2013 very conscientious, handles stress well, good weather assessment and computer skills, yet pretentious and sometimes uses the wrong tone, risking crew morale.\n  * Candidate D \u2013 excellent problem\u2011solving, responsibility, concentration, but moody and a loner, which may impair teamwork on long flights.\n- Main tradeoff: Balancing technical excellence against cooperation. While A, B, and D have notable technical strengths, each exhibits stronger cooperation deficits than C\u2019s communication difficulty and egocentric tendency.\n- Remaining uncertainty: How severe the impact of C\u2019s difficulty communicating ideas and lack of willingness to continue education will be on safety\u2011critical coordination during long\u2011haul operations.\n- What would change my vote: Concrete evidence that C\u2019s communication issues have led to safety\u2011critical misunderstandings, or evidence that another candidate (A, B, or D) demonstrates comparable reliability and crew\u2011oriented behavior without such drawbacks.\nMETADATA_JSON:\n{\"agent\": \"agent_3\", \"vote\": \"Candidate C\"}"}
2026-05-06 22:32:22,854 - INFO - Agent turns: 2
2026-05-06 22:32:29,254 - INFO - Tokens - Input: 2755, Output: 967, Total: 3722
2026-05-06 22:32:29,256 - INFO - Memory updates: 4
{"id": 8, "ts": 1778099549.2565212, "event": "memory_updated", "agent": "agent_3", "round": 1}
2026-05-06 22:32:31,007 - INFO - Tokens - Input: 2704, Output: 1134, Total: 3838
2026-05-06 22:32:31,009 - INFO - Memory updates: 5
{"id": 9, "ts": 1778099551.0095232, "event": "memory_updated", "agent": "agent_2", "round": 1}
2026-05-06 22:32:33,171 - INFO - Tokens - Input: 2665, Output: 1714, Total: 4379
2026-05-06 22:32:33,173 - INFO - Memory updates: 6
{"id": 10, "ts": 1778099553.1734288, "event": "memory_updated", "agent": "agent_1", "round": 1}
2026-05-06 22:32:38,180 - INFO - Tokens - Input: 2766, Output: 891, Total: 3657
{"id": 11, "ts": 1778099558.1818998, "event": "public_discussion_message", "round": 1, "agent": "agent_2", "message": "Current position: Candidate C\nConfidence/uncertainty: Moderate\u2011high \u2013 the evidence strongly favors C, but the communication drawback remains a concern.\nReasoning summary:\n- Key evidence used: Candidate\u202fC makes correct decisions quickly, stays calm in a crisis, understands complicated technology, is reported 100\u202f% reliable, creates a positive crew atmosphere, puts concern for others above everything, and has excellent attention skills. These cover reliability, technical competence, calmness under pressure, and cooperation.\n- Evidence from others: Agent\u202f1 highlighted C\u2019s reliability, crew\u2011atmosphere contribution, and quick correct decisions; Agent\u202f3 added C\u2019s concern for others and excellent attention. Both also noted C\u2019s difficulty communicating ideas, egocentric attitude, and reluctance to further education.\n- Alternatives considered:\n  * Candidate\u202fA \u2013 strong technical vision and leadership but seen as a show\u2011off and not open to new ideas, which could harm crew cohesion.\n  * Candidate\u202fB \u2013 very conscientious, handles stress well, good weather assessment and computer skills, yet has a weak memory for numbers and makes nasty remarks about colleagues, indicating cooperation risks.\n  * Candidate\u202fD \u2013 excellent problem\u2011solving, responsibility, and concentration, but is regarded as a know\u2011it\u2011all with a hot temper, posing significant teamwork concerns.\n- Main tradeoff: Balancing C\u2019s communication and egocentric drawbacks against the stronger cooperation deficits of A, B, and D. C\u2019s overall profile remains the most balanced across the essential criteria.\n- Remaining uncertainty: How severe C\u2019s difficulty communicating ideas and lack of willingness to pursue further education would be in real\u2011world long\u2011haul operations and whether they could lead to safety\u2011critical misunderstandings.\n- What would change my vote: Concrete evidence that C\u2019s communication issues have caused operational errors or safety incidents, or evidence that another candidate (A, B, or D) demonstrates comparable reliability, technical competence, and calmness while showing markedly better cooperation and openness to learning.\nMETADATA_JSON:\n{\"agent\": \"agent_2\", \"vote\": \"Candidate C\"}"}
2026-05-06 22:32:38,182 - INFO - Agent turns: 3
2026-05-06 22:32:42,748 - INFO - Tokens - Input: 2973, Output: 816, Total: 3789
2026-05-06 22:32:42,750 - INFO - Memory updates: 7
{"id": 12, "ts": 1778099562.7504888, "event": "memory_updated", "agent": "agent_2", "round": 1}
2026-05-06 22:32:46,795 - INFO - Tokens - Input: 3112, Output: 1424, Total: 4536
2026-05-06 22:32:46,797 - INFO - Memory updates: 8
{"id": 13, "ts": 1778099566.7976027, "event": "memory_updated", "agent": "agent_3", "round": 1}
2026-05-06 22:32:47,104 - INFO - Tokens - Input: 3426, Output: 1625, Total: 5051
2026-05-06 22:32:47,105 - INFO - Memory updates: 9
{"id": 14, "ts": 1778099567.1060085, "event": "memory_updated", "agent": "agent_1", "round": 1}
2026-05-06 22:32:47,113 - INFO - Loop 1 completed
{"id": 15, "ts": 1778099567.120236, "event": "discussion_order", "round": 2, "order": ["agent_1", "agent_2", "agent_3"]}
2026-05-06 22:32:51,357 - INFO - Tokens - Input: 3681, Output: 539, Total: 4220
{"id": 16, "ts": 1778099571.3587577, "event": "public_discussion_message", "round": 2, "agent": "agent_1", "message": "Current position: Candidate C\nConfidence/uncertainty: High (\u224880\u202f%)\nReasoning summary:\n- Key evidence used: 100\u202f% reliability; creates a positive crew atmosphere; makes correct decisions quickly; stays calm in crises; understands complex technology; excellent attention skills; puts concern for others above everything.\n- Evidence from others: Agent\u202f2 highlighted C\u2019s calmness, technical understanding, and reliability; Agent\u202f3 added C\u2019s concern for others and attention skills; all agents noted C\u2019s difficulty communicating ideas, egocentric tendency, and reluctance to further education.\n- Alternatives considered: Candidate\u202fA \u2013 strong technical vision and leadership but unorganized, poor at criticism, and reported as a \u201cshow\u2011off\u201d unwilling to accept new ideas (crew\u2011cohesion risk). Candidate\u202fB \u2013 conscientious, handles stress, good weather/computer skills but grumpy, uncooperative, weak memory for numbers, and makes nasty remarks (teamwork risk). Candidate\u202fD \u2013 excellent problem\u2011solving, responsibility, concentration but arrogant, weak leadership, and described as a hot\u2011tempered know\u2011it\u2011all (crew\u2011relationship risk).\n- Main tradeoff: Balancing C\u2019s communication and egocentric drawbacks against the stronger cooperation and attitude deficits of A, B, and D. C\u2019s overall profile remains the most balanced across reliability, technical competence, calmness under pressure, and crew\u2011positive behavior.\n- Remaining uncertainty: How C\u2019s difficulty communicating ideas and unwillingness to pursue further education might affect safety\u2011critical coordination on long\u2011haul flights.\n- What would change my vote: Concrete evidence that C\u2019s communication issues have led to operational errors or safety incidents, or evidence that another candidate (A, B, or D) demonstrates comparable reliability and technical competence while showing markedly better cooperation and openness to learning.\nMETADATA_JSON:\n{\"agent\": \"agent_1\", \"vote\": \"Candidate C\"}"}
2026-05-06 22:32:51,358 - INFO - Agent turns: 4
2026-05-06 22:32:58,205 - INFO - Tokens - Input: 3354, Output: 1341, Total: 4695
2026-05-06 22:32:58,206 - INFO - Memory updates: 10
{"id": 17, "ts": 1778099578.2069864, "event": "memory_updated", "agent": "agent_2", "round": 2}
2026-05-06 22:33:01,239 - INFO - Tokens - Input: 3670, Output: 1473, Total: 5143
2026-05-06 22:33:01,241 - INFO - Memory updates: 11
{"id": 18, "ts": 1778099581.242085, "event": "memory_updated", "agent": "agent_3", "round": 2}
2026-05-06 22:33:05,134 - INFO - Tokens - Input: 3806, Output: 1176, Total: 4982
2026-05-06 22:33:05,136 - INFO - Memory updates: 12
{"id": 19, "ts": 1778099585.1366105, "event": "memory_updated", "agent": "agent_1", "round": 2}
2026-05-06 22:33:07,456 - INFO - Tokens - Input: 3626, Output: 465, Total: 4091
{"id": 20, "ts": 1778099587.4584665, "event": "public_discussion_message", "round": 2, "agent": "agent_2", "message": "Current position: Candidate C\nConfidence/uncertainty: Moderate\u2011high\nReasoning summary:\n- Key evidence used: Candidate\u202fC makes correct decisions quickly, stays calm in crises, understands complicated technology, is reported 100\u202f% reliable, creates a positive crew atmosphere, puts concern for others first, and has excellent attention skills. These cover reliability, technical competence, calmness under pressure, and cooperation.\n- Evidence from others: Agent\u202f1 highlighted C\u2019s reliability, crew\u2011atmosphere contribution, quick correct decisions, and noted the same drawbacks (communication difficulty, egocentric, limited willingness to further education). Agent\u202f3 added C\u2019s concern for others and attention skills, and reiterated the drawbacks.\n- Alternatives considered:\n  * Candidate\u202fA \u2013 strong technical vision, spatial ability, and leadership but seen as a show\u2011off and not open to new ideas, risking crew cohesion.\n  * Candidate\u202fB \u2013 very conscientious, handles stress well, good weather assessment and computer skills, yet has weak memory for numbers and makes nasty remarks, indicating cooperation risk.\n  * Candidate\u202fD \u2013 excellent problem\u2011solving, responsibility, and concentration, but regarded as a know\u2011it\u2011all with a hot temper, posing teamwork concerns.\n- Main tradeoff: Weighing C\u2019s communication and egocentric drawbacks against the stronger cooperation and attitude deficits of A, B, and D. C\u2019s overall balance across essential criteria remains superior.\n- Remaining uncertainty: How C\u2019s difficulty communicating ideas and limited willingness to pursue further education might affect safety\u2011critical coordination on long\u2011haul flights.\n- What would change my vote: Concrete evidence that C\u2019s communication issues have led to operational errors or safety incidents, or evidence that another candidate demonstrates comparable reliability, technical competence, and calmness while showing markedly better cooperation and openness to learning.\nMETADATA_JSON:\n{\"agent\": \"agent_2\", \"vote\": \"Candidate C\"}"}
2026-05-06 22:33:07,458 - INFO - Agent turns: 5
2026-05-06 22:33:13,629 - INFO - Tokens - Input: 3761, Output: 955, Total: 4716
2026-05-06 22:33:13,631 - INFO - Memory updates: 13
{"id": 21, "ts": 1778099593.6314766, "event": "memory_updated", "agent": "agent_2", "round": 2}
2026-05-06 22:33:13,998 - INFO - Tokens - Input: 3864, Output: 1325, Total: 5189
2026-05-06 22:33:14,001 - INFO - Memory updates: 14
{"id": 22, "ts": 1778099594.001789, "event": "memory_updated", "agent": "agent_1", "round": 2}
2026-05-06 22:33:19,432 - INFO - Tokens - Input: 4175, Output: 1549, Total: 5724
2026-05-06 22:33:19,434 - INFO - Memory updates: 15
{"id": 23, "ts": 1778099599.4341755, "event": "memory_updated", "agent": "agent_3", "round": 2}
2026-05-06 22:33:25,609 - INFO - Tokens - Input: 4222, Output: 578, Total: 4800
{"id": 24, "ts": 1778099605.611796, "event": "public_discussion_message", "round": 2, "agent": "agent_3", "message": "Current position: Candidate C\nConfidence/uncertainty: Moderate (around 70\u202f%)\nReasoning summary:\n- **Key evidence used:** Candidate\u202fC is reported 100\u202f% reliable, makes correct decisions quickly, stays calm in crises, understands complex technology, puts concern for others above everything, creates a positive crew atmosphere, and has excellent attention skills. These cover reliability, technical competence, calmness under pressure, and cooperation \u2013 the core criteria for long\u2011distance piloting.\n- **Evidence from others:** All other agents have highlighted the same strengths for C and have noted the same drawbacks: difficulty communicating ideas, an egocentric attitude, and a limited willingness to pursue further education.\n- **Alternatives considered:**\n  * **Candidate\u202fA** \u2013 strong technical vision, spatial ability, and leadership, but unfriendly, unhealthy, unorganized, and resistant to new ideas (crew\u2011cohesion risk).\n  * **Candidate\u202fB** \u2013 very conscientious, handles stress well, good weather assessment and computer skills, but pretentious, uses the wrong tone, makes nasty remarks, and shows poor teamwork.\n  * **Candidate\u202fD** \u2013 excellent problem\u2011solving, responsibility, and concentration, but moody, a loner, arrogant, and a know\u2011it\u2011all with a hot temper (teamwork risk).\n  Each alternative exhibits cooperation or attitude deficits that outweigh their technical strengths.\n- **Main tradeoff:** Weighing C\u2019s communication difficulty and egocentric tendency against the stronger cooperation and attitude problems of A, B, and D. C\u2019s overall balance across the essential criteria remains superior.\n- **Remaining uncertainty:** How severe C\u2019s difficulty communicating ideas and reluctance to further education will be in safety\u2011critical, long\u2011haul operations.\n- **What would change my vote:** Concrete evidence that C\u2019s communication issues have led to operational errors or safety incidents, or evidence that another candidate demonstrates comparable reliability, technical competence, and calmness while showing markedly better cooperation and openness to learning.\nMETADATA_JSON:\n{\"agent\": \"agent_3\", \"vote\": \"Candidate C\"}"}
2026-05-06 22:33:25,612 - INFO - Agent turns: 6
2026-05-06 22:33:30,601 - INFO - Tokens - Input: 4451, Output: 921, Total: 5372
2026-05-06 22:33:30,604 - INFO - Memory updates: 16
{"id": 25, "ts": 1778099610.6041985, "event": "memory_updated", "agent": "agent_1", "round": 2}
2026-05-06 22:33:32,919 - INFO - Tokens - Input: 4286, Output: 974, Total: 5260
2026-05-06 22:33:32,921 - INFO - Memory updates: 17
{"id": 26, "ts": 1778099612.9213924, "event": "memory_updated", "agent": "agent_2", "round": 2}
2026-05-06 22:33:33,559 - INFO - Tokens - Input: 4438, Output: 1207, Total: 5645
2026-05-06 22:33:33,561 - INFO - Memory updates: 18
{"id": 27, "ts": 1778099613.5615165, "event": "memory_updated", "agent": "agent_3", "round": 2}
2026-05-06 22:33:33,570 - INFO - Loop 2 completed
2026-05-06 22:33:33,571 - INFO - Final Chosen Candidate: Candidate C
2026-05-06 22:33:33,571 - INFO - Final Decision Method: consensus
2026-05-06 22:33:33,571 - INFO - Final Vote Count: {'Candidate C': 3}
2026-05-06 22:33:33,571 - INFO - Correct Candidate: Candidate C
2026-05-06 22:33:33,571 - INFO - Decision Correct: 1
{"id": 28, "ts": 1778099613.8963883, "event": "context_consistency_calculated", "method": "embedding_cosine", "mean_pairwise_similarity": 0.903401, "pairwise": [{"agent_a": "agent_1", "agent_b": "agent_2", "similarity": 0.896558}, {"agent_a": "agent_1", "agent_b": "agent_3", "similarity": 0.924238}, {"agent_a": "agent_2", "agent_b": "agent_3", "similarity": 0.889408}]}
{"id": 29, "ts": 1778099613.896572, "event": "agent_memories_archived", "directory": "/home/lhegemann/git/bachelor_thesis/01_data/raw/simulations/high/high_20260506_181837_026/shared_mental_models", "round": 2}
{"id": 30, "ts": 1778099613.8966613, "event": "final_decision", "candidate": "Candidate C", "method": "consensus", "vote_count": {"Candidate C": 3}, "correct_candidate": "Candidate C", "decision_correct": 1, "round": 2}
2026-05-06 22:33:33,909 - INFO - ======================================================================
2026-05-06 22:33:33,909 - INFO - SIMULATION METRICS
2026-05-06 22:33:33,910 - INFO - ======================================================================
2026-05-06 22:33:33,910 - INFO - Total Loops: 2
2026-05-06 22:33:33,910 - INFO - Agent Turns (no vote checker): 6
2026-05-06 22:33:33,910 - INFO - Agent Tool Calls: 0
2026-05-06 22:33:33,910 - INFO - Agent Tool Messages: 0
2026-05-06 22:33:33,910 - INFO - Memory Updates: 18
2026-05-06 22:33:33,910 - INFO - Total Messages (no vote checker): 6
2026-05-06 22:33:33,910 - INFO - Input Tokens: 77300
2026-05-06 22:33:33,910 - INFO - Output Tokens: 26929
2026-05-06 22:33:33,910 - INFO - Total Tokens: 104229
2026-05-06 22:33:33,910 - INFO - Final Chosen Candidate: Candidate C
2026-05-06 22:33:33,910 - INFO - Final Decision Method: consensus
2026-05-06 22:33:33,910 - INFO - Final Vote Count: {'Candidate C': 3}
2026-05-06 22:33:33,911 - INFO - Correct Candidate: Candidate C
2026-05-06 22:33:33,911 - INFO - Decision Correct: 1
2026-05-06 22:33:33,911 - INFO - Runtime: 93.27s
2026-05-06 22:33:33,911 - INFO - ======================================================================
