2026-05-10 05:27:03,200 - INFO - Metrics tracker initialized
{"id": 1, "ts": 1778383623.2285995, "event": "memory_reset"}
{"id": 2, "ts": 1778383623.2336981, "event": "discussion_order", "round": 1, "order": ["agent_1", "agent_3", "agent_2"]}
2026-05-10 05:27:14,885 - INFO - Tokens - Input: 1419, Output: 892, Total: 2311
{"id": 3, "ts": 1778383634.8867009, "event": "public_discussion_message", "round": 1, "agent": "agent_1", "message": "I provisionally favor **Candidate A**. Their ability to anticipate dangerous situations and excellent spatial vision give strong technical competence for long\u2011distance navigation, and their very good leadership qualities support crew coordination. The main trade\u2011off is that A can be unorganized and has difficulty taking criticism, which could hinder crew interaction and operational planning.\nMETADATA_JSON:\n{\"agent\": \"agent_1\", \"vote\": \"Candidate A\"}"}
2026-05-10 05:27:14,886 - INFO - Agent turns: 1
2026-05-10 05:27:22,047 - INFO - Tokens - Input: 1583, Output: 669, Total: 2252
{"id": 4, "ts": 1778383642.048387, "event": "public_discussion_message", "round": 1, "agent": "agent_3", "message": "I provisionally favor **Candidate B**. Their very conscientious nature and strong stress\u2011handling ability support reliability and calmness under the long\u2011duration pressures of intercontinental flights, and their skill in assessing weather conditions adds essential technical competence for route planning. The main trade\u2011off is that B is regarded as pretentious and sometimes uses the wrong tone when communicating, which could undermine crew cooperation and the positive cockpit atmosphere.\nMETADATA_JSON:\n{\"agent\": \"agent_3\", \"vote\": \"Candidate B\"}"}
2026-05-10 05:27:22,048 - INFO - Agent turns: 2
2026-05-10 05:27:28,748 - INFO - Tokens - Input: 1719, Output: 742, Total: 2461
{"id": 5, "ts": 1778383648.74959, "event": "public_discussion_message", "round": 1, "agent": "agent_2", "message": "I provisionally favor **Candidate B**. Their very conscientious nature and strong ability to handle stress give high reliability and calmness under the long\u2011duration pressures of intercontinental flights, and their skill in assessing weather conditions adds essential technical competence for route planning. The main trade\u2011off is that B has a relatively weak memory for numbers and makes nasty remarks about colleagues, which could harm crew cooperation.\nMETADATA_JSON:\n{\"agent\": \"agent_2\", \"vote\": \"Candidate B\"}"}
2026-05-10 05:27:28,749 - INFO - Agent turns: 3
2026-05-10 05:27:28,758 - INFO - Loop 1 completed
{"id": 6, "ts": 1778383648.76387, "event": "discussion_order", "round": 2, "order": ["agent_3", "agent_2", "agent_1"]}
2026-05-10 05:27:44,293 - INFO - Tokens - Input: 1739, Output: 1249, Total: 2988
{"id": 7, "ts": 1778383664.2952082, "event": "public_discussion_message", "round": 2, "agent": "agent_3", "message": "I now favor **Candidate D**. Their strong sense of responsibility and problem\u2011solving ability give high reliability and technical competence, while their ability to respond well to unexpected events supports calmness under pressure. The main concern is that D is described as moody and a loner, which could hinder crew cooperation and a positive cockpit atmosphere.\nMETADATA_JSON:\n{\"agent\": \"agent_3\", \"vote\": \"Candidate D\"}"}
2026-05-10 05:27:44,295 - INFO - Agent turns: 4
2026-05-10 05:27:50,464 - INFO - Tokens - Input: 1907, Output: 833, Total: 2740
{"id": 8, "ts": 1778383670.4661648, "event": "public_discussion_message", "round": 2, "agent": "agent_2", "message": "I currently favor **Candidate A**. Their ability to anticipate dangerous situations and excellent spatial vision give strong technical competence for long\u2011distance navigation, and their very good leadership qualities support effective crew coordination. The main trade\u2011off is that A is regarded as a show\u2011off and not open to new ideas, which could hinder cooperation and adaptability in the cockpit.\nMETADATA_JSON:\n{\"agent\": \"agent_2\", \"vote\": \"Candidate A\"}"}
2026-05-10 05:27:50,466 - INFO - Agent turns: 5
2026-05-10 05:28:02,359 - INFO - Tokens - Input: 2006, Output: 1477, Total: 3483
{"id": 9, "ts": 1778383682.3608036, "event": "public_discussion_message", "round": 2, "agent": "agent_1", "message": "I currently favor **Candidate D**. Their strong problem\u2011solving ability and serious sense of responsibility give high technical competence and reliability for long\u2011distance flights, while their capacity to respond adequately to unexpected events supports calmness under pressure. The main trade\u2011off is that D is regarded as arrogant and has relatively weak leadership skills, which could impede crew cooperation and a positive cockpit atmosphere.\nMETADATA_JSON:\n{\"agent\": \"agent_1\", \"vote\": \"Candidate D\"}"}
2026-05-10 05:28:02,360 - INFO - Agent turns: 6
2026-05-10 05:28:02,371 - INFO - Loop 2 completed
{"id": 10, "ts": 1778383682.3773909, "event": "discussion_order", "round": 3, "order": ["agent_1", "agent_3", "agent_2"]}
2026-05-10 05:28:08,354 - INFO - Tokens - Input: 2044, Output: 739, Total: 2783
{"id": 11, "ts": 1778383688.3559575, "event": "public_discussion_message", "round": 3, "agent": "agent_1", "message": "I now favor **Candidate C**. Their proven 100% reliability and ability to create a positive atmosphere with the crew support the essential reliability and cooperation needed for long\u2011distance flights, while their capacity to make correct decisions quickly provides strong technical competence for dynamic route management. The main uncertainty is their difficulty communicating ideas and egocentric attitude, which could hinder teamwork and adaptability in the cockpit.\nMETADATA_JSON:\n{\"agent\": \"agent_1\", \"vote\": \"Candidate C\"}"}
2026-05-10 05:28:08,356 - INFO - Agent turns: 7
2026-05-10 05:28:16,764 - INFO - Tokens - Input: 2219, Output: 1036, Total: 3255
{"id": 12, "ts": 1778383696.7657764, "event": "public_discussion_message", "round": 3, "agent": "agent_3", "message": "I currently favor **Candidate D**. Their strong sense of responsibility and excellent problem\u2011solving ability give high reliability and technical competence for long\u2011distance navigation, and their proven capacity to respond adequately to unexpected events supports calmness under pressure. The main trade\u2011off is that D is described as moody and a loner, which could undermine crew cooperation and a positive cockpit atmosphere.\nMETADATA_JSON:\n{\"agent\": \"agent_3\", \"vote\": \"Candidate D\"}"}
2026-05-10 05:28:16,765 - INFO - Agent turns: 8
2026-05-10 05:28:26,951 - INFO - Tokens - Input: 2331, Output: 1087, Total: 3418
{"id": 13, "ts": 1778383706.9529016, "event": "public_discussion_message", "round": 3, "agent": "agent_2", "message": "I currently favor **Candidate A**. Their ability to anticipate dangerous situations and excellent spatial vision provide strong technical competence for long\u2011distance navigation, and their very good leadership qualities support effective crew coordination. The main trade\u2011off is that A is regarded as a show\u2011off and not open to new ideas, which could hinder cooperation and adaptability in the cockpit.\nMETADATA_JSON:\n{\"agent\": \"agent_2\", \"vote\": \"Candidate A\"}"}
2026-05-10 05:28:26,953 - INFO - Agent turns: 9
2026-05-10 05:28:26,962 - INFO - Loop 3 completed
{"id": 14, "ts": 1778383706.9686859, "event": "discussion_order", "round": 4, "order": ["agent_3", "agent_1", "agent_2"]}
2026-05-10 05:28:34,139 - INFO - Tokens - Input: 2356, Output: 827, Total: 3183
{"id": 15, "ts": 1778383714.141061, "event": "public_discussion_message", "round": 4, "agent": "agent_3", "message": "I currently favor **Candidate C**. Their ability to make correct decisions quickly and their excellent attention skills give strong technical competence and support calm, accurate handling of dynamic long\u2011distance flight situations. Additionally, they put concern for others above everything, which is valuable for crew cooperation and a positive cockpit atmosphere. The main uncertainty is their difficulty communicating ideas and egocentric attitude, which could undermine teamwork despite their caring intent.\nMETADATA_JSON:\n{\"agent\": \"agent_3\", \"vote\": \"Candidate C\"}"}
2026-05-10 05:28:34,141 - INFO - Agent turns: 10
2026-05-10 05:28:40,635 - INFO - Tokens - Input: 2544, Output: 793, Total: 3337
{"id": 16, "ts": 1778383720.6373696, "event": "public_discussion_message", "round": 4, "agent": "agent_1", "message": "I currently favor **Candidate C**. Their proven 100% reliability and ability to create a positive atmosphere with the crew give the essential reliability and cooperation needed for long\u2011distance flights, and their quick decision\u2011making and strong attention support the technical competence required for dynamic route management. The main uncertainty is their difficulty communicating ideas and egocentric attitude, which could undermine teamwork despite their caring intent.\nMETADATA_JSON:\n{\"agent\": \"agent_1\", \"vote\": \"Candidate C\"}"}
2026-05-10 05:28:40,637 - INFO - Agent turns: 11
2026-05-10 05:28:49,977 - INFO - Tokens - Input: 2650, Output: 916, Total: 3566
{"id": 17, "ts": 1778383729.979131, "event": "public_discussion_message", "round": 4, "agent": "agent_2", "message": "I now favor **Candidate C**. Their proven 100% reliability and calmness in a crisis provide the essential dependability and composure needed for long\u2011distance flights, and their quick decision\u2011making plus strong technical understanding support safe navigation and dynamic route management. The main uncertainty is their difficulty communicating ideas and egocentric attitude, which could hinder crew teamwork.\nMETADATA_JSON:\n{\"agent\": \"agent_2\", \"vote\": \"Candidate C\"}"}
2026-05-10 05:28:49,979 - INFO - Agent turns: 12
2026-05-10 05:28:49,988 - INFO - Loop 4 completed
2026-05-10 05:28:49,989 - INFO - Final Chosen Candidate: Candidate C
2026-05-10 05:28:49,989 - INFO - Final Decision Method: consensus
2026-05-10 05:28:49,989 - INFO - Final Vote Count: {'Candidate C': 3}
2026-05-10 05:28:49,989 - INFO - Correct Candidate: Candidate C
2026-05-10 05:28:49,989 - INFO - Decision Correct: 1
{"id": 18, "ts": 1778383729.9907541, "event": "context_consistency_not_applicable", "reason": "explicit_smm_memory_disabled"}
{"id": 19, "ts": 1778383729.9909074, "event": "final_decision", "candidate": "Candidate C", "method": "consensus", "vote_count": {"Candidate C": 3}, "correct_candidate": "Candidate C", "decision_correct": 1, "round": 4}
2026-05-10 05:28:49,998 - INFO - ======================================================================
2026-05-10 05:28:49,999 - INFO - SIMULATION METRICS
2026-05-10 05:28:49,999 - INFO - ======================================================================
2026-05-10 05:28:49,999 - INFO - Total Loops: 4
2026-05-10 05:28:49,999 - INFO - Agent Turns (no vote checker): 12
2026-05-10 05:28:49,999 - INFO - Agent Tool Calls: 0
2026-05-10 05:28:49,999 - INFO - Agent Tool Messages: 0
2026-05-10 05:28:49,999 - INFO - Memory Updates: 0
2026-05-10 05:28:49,999 - INFO - Total Messages (no vote checker): 12
2026-05-10 05:28:49,999 - INFO - Input Tokens: 24517
2026-05-10 05:28:49,999 - INFO - Output Tokens: 11260
2026-05-10 05:28:49,999 - INFO - Total Tokens: 35777
2026-05-10 05:28:49,999 - INFO - Final Chosen Candidate: Candidate C
2026-05-10 05:28:50,000 - INFO - Final Decision Method: consensus
2026-05-10 05:28:50,000 - INFO - Final Vote Count: {'Candidate C': 3}
2026-05-10 05:28:50,000 - INFO - Correct Candidate: Candidate C
2026-05-10 05:28:50,000 - INFO - Decision Correct: 1
2026-05-10 05:28:50,000 - INFO - Runtime: 106.80s
2026-05-10 05:28:50,000 - INFO - ======================================================================
