2026-05-08 12:51:12,121 - INFO - Metrics tracker initialized
{"id": 1, "ts": 1778237472.146825, "event": "memory_reset"}
{"id": 2, "ts": 1778237472.151643, "event": "discussion_order", "round": 1, "order": ["agent_1", "agent_2", "agent_3"]}
2026-05-08 12:51:19,327 - INFO - Tokens - Input: 1419, Output: 733, Total: 2152
{"id": 3, "ts": 1778237479.328619, "event": "public_discussion_message", "round": 1, "agent": "agent_1", "message": "I tentatively favor **Candidate\u202fC** because he is known to be 100\u202f% reliable and creates a positive atmosphere with his crew, both essential for long\u2011distance operations where trust and teamwork are critical. He also makes correct decisions quickly, supporting the need for rapid, accurate judgments in flight.\nA key uncertainty is his difficulty communicating ideas, his egocentric reputation, and his lack of willingness to pursue further education, which could hinder crew coordination and adaptability.\nMETADATA_JSON:\n{\"agent\": \"agent_1\", \"vote\": \"Candidate C\"}"}
2026-05-08 12:51:19,328 - INFO - Agent turns: 1
2026-05-08 12:51:28,260 - INFO - Tokens - Input: 1648, Output: 1303, Total: 2951
{"id": 4, "ts": 1778237488.2621014, "event": "public_discussion_message", "round": 1, "agent": "agent_2", "message": "I currently favor **Candidate\u202fA** because his ability to anticipate dangerous situations and his excellent spatial vision are critical for safety on long\u2011distance flights, and his very good leadership qualities should help foster effective crew coordination.\nA key trade\u2011off is that he is regarded as a show\u2011off and not open to new ideas, which could undermine crew morale and adaptability.\nMETADATA_JSON:\n{\"agent\": \"agent_2\", \"vote\": \"Candidate A\"}"}
2026-05-08 12:51:28,262 - INFO - Agent turns: 2
2026-05-08 12:51:37,204 - INFO - Tokens - Input: 1720, Output: 910, Total: 2630
{"id": 5, "ts": 1778237497.205767, "event": "public_discussion_message", "round": 1, "agent": "agent_3", "message": "I currently favor **Candidate\u202fB** because his very conscientious nature and strong stress\u2011handling ability support reliability and calmness under pressure, while his skill in assessing weather conditions and excellent computer abilities address key technical demands of long\u2011distance flights.\nA key trade\u2011off is his tendency to be regarded as pretentious and sometimes adopt the wrong tone when communicating, which could undermine crew cooperation and morale.\nMETADATA_JSON:\n{\"agent\": \"agent_3\", \"vote\": \"Candidate B\"}"}
2026-05-08 12:51:37,205 - INFO - Agent turns: 3
2026-05-08 12:51:37,215 - INFO - Loop 1 completed
{"id": 6, "ts": 1778237497.221489, "event": "discussion_order", "round": 2, "order": ["agent_3", "agent_2", "agent_1"]}
2026-05-08 12:51:43,721 - INFO - Tokens - Input: 1764, Output: 822, Total: 2586
{"id": 7, "ts": 1778237503.7228482, "event": "public_discussion_message", "round": 2, "agent": "agent_3", "message": "I continue to favor **Candidate\u202fB** because his very conscientious nature and strong stress\u2011handling ability give him high reliability and calmness under pressure, while his skill in assessing weather conditions and excellent computer abilities address the key technical demands of long\u2011distance flights.\nA major trade\u2011off is his reputation for being pretentious and sometimes using the wrong tone, which could undermine crew cooperation and morale.\nMETADATA_JSON:\n{\"agent\": \"agent_3\", \"vote\": \"Candidate B\"}"}
2026-05-08 12:51:43,723 - INFO - Agent turns: 4
2026-05-08 12:51:49,715 - INFO - Tokens - Input: 1948, Output: 668, Total: 2616
{"id": 8, "ts": 1778237509.7166538, "event": "public_discussion_message", "round": 2, "agent": "agent_2", "message": "I continue to favor **Candidate\u202fA**. His ability to anticipate dangerous situations and his excellent spatial vision are vital for safety on long\u2011distance routes, and his very good leadership qualities should help maintain effective crew coordination.\nA key trade\u2011off is that he is regarded as a show\u2011off and not open to new ideas, which could undermine crew morale and adaptability.\nMETADATA_JSON:\n{\"agent\": \"agent_2\", \"vote\": \"Candidate A\"}"}
2026-05-08 12:51:49,716 - INFO - Agent turns: 5
2026-05-08 12:51:55,066 - INFO - Tokens - Input: 2042, Output: 778, Total: 2820
{"id": 9, "ts": 1778237515.0676618, "event": "public_discussion_message", "round": 2, "agent": "agent_1", "message": "I continue to favor **Candidate\u202fC**. He is known to be 100\u202f% reliable and creates a positive atmosphere with his crew, which is vital for the trust and teamwork required on long\u2011distance flights. He also makes correct decisions quickly, supporting the need for rapid, accurate judgments in the cockpit.\nA key trade\u2011off is his difficulty communicating ideas and his egocentric reputation, which could hinder crew coordination and adaptability.\nMETADATA_JSON:\n{\"agent\": \"agent_1\", \"vote\": \"Candidate C\"}"}
2026-05-08 12:51:55,067 - INFO - Agent turns: 6
2026-05-08 12:51:55,077 - INFO - Loop 2 completed
{"id": 10, "ts": 1778237515.084016, "event": "discussion_order", "round": 3, "order": ["agent_3", "agent_1", "agent_2"]}
2026-05-08 12:52:00,137 - INFO - Tokens - Input: 2089, Output: 616, Total: 2705
{"id": 11, "ts": 1778237520.1386344, "event": "public_discussion_message", "round": 3, "agent": "agent_3", "message": "I continue to favor **Candidate\u202fB** because his very conscientious nature and strong stress\u2011handling ability give him high reliability and calmness under pressure, while his skill in assessing weather conditions and excellent computer abilities address the key technical demands of long\u2011distance flights.\nA key trade\u2011off is his reputation for being pretentious and sometimes using the wrong tone, which could undermine crew cooperation and morale.\nMETADATA_JSON:\n{\"agent\": \"agent_3\", \"vote\": \"Candidate B\"}"}
2026-05-08 12:52:00,138 - INFO - Agent turns: 7
2026-05-08 12:52:12,854 - INFO - Tokens - Input: 2270, Output: 754, Total: 3024
{"id": 12, "ts": 1778237532.856333, "event": "public_discussion_message", "round": 3, "agent": "agent_1", "message": "I now favor **Candidate\u202fD** because he solves problems extremely well and takes responsibility seriously, which together support the high technical competence and reliability needed for long\u2011distance flights. He also responds adequately to unexpected events, indicating good calmness under pressure.\nA key trade\u2011off is his relatively weak leadership skills and the perception that he is arrogant, which could affect crew cooperation and morale.\nMETADATA_JSON:\n{\"agent\": \"agent_1\", \"vote\": \"Candidate D\"}"}
2026-05-08 12:52:12,856 - INFO - Agent turns: 8
2026-05-08 12:52:22,162 - INFO - Tokens - Input: 2376, Output: 1163, Total: 3539
{"id": 13, "ts": 1778237542.1642702, "event": "public_discussion_message", "round": 3, "agent": "agent_2", "message": "I now favor **Candidate\u202fB** because his strong conscientiousness and ability to handle stress give him high reliability and calmness under pressure, while his skill in assessing weather conditions and excellent computer abilities address the key technical demands of long\u2011distance flights.\nA key trade\u2011off is his reputation for making nasty remarks and being pretentious, which could undermine crew cooperation and morale.\nMETADATA_JSON:\n{\"agent\": \"agent_2\", \"vote\": \"Candidate B\"}"}
2026-05-08 12:52:22,164 - INFO - Agent turns: 9
2026-05-08 12:52:22,173 - INFO - Loop 3 completed
{"id": 14, "ts": 1778237542.1798697, "event": "discussion_order", "round": 4, "order": ["agent_3", "agent_2", "agent_1"]}
2026-05-08 12:52:26,443 - INFO - Tokens - Input: 2397, Output: 537, Total: 2934
{"id": 15, "ts": 1778237546.4452531, "event": "public_discussion_message", "round": 4, "agent": "agent_3", "message": "I continue to favor **Candidate\u202fB** because his very conscientious nature and strong stress\u2011handling ability give him high reliability and calmness under pressure, and his skill in assessing weather conditions together with excellent computer abilities address key technical demands of long\u2011distance flights.\nA key trade\u2011off is his reputation for being pretentious and sometimes using the wrong tone, which could undermine crew cooperation and morale.\nMETADATA_JSON:\n{\"agent\": \"agent_3\", \"vote\": \"Candidate B\"}"}
2026-05-08 12:52:26,445 - INFO - Agent turns: 10
2026-05-08 12:52:35,186 - INFO - Tokens - Input: 2588, Output: 1076, Total: 3664
{"id": 16, "ts": 1778237555.1881707, "event": "public_discussion_message", "round": 4, "agent": "agent_2", "message": "I favor **Candidate\u202fA** because his ability to anticipate dangerous situations and his excellent spatial vision are critical for safety on long\u2011distance routes, and his very good leadership qualities should help maintain effective crew coordination.\nA key trade\u2011off is that he is regarded as a show\u2011off and not open to new ideas, which could undermine crew morale and adaptability.\nMETADATA_JSON:\n{\"agent\": \"agent_2\", \"vote\": \"Candidate A\"}"}
2026-05-08 12:52:35,188 - INFO - Agent turns: 11
2026-05-08 12:52:41,838 - INFO - Tokens - Input: 2678, Output: 933, Total: 3611
{"id": 17, "ts": 1778237561.8395436, "event": "public_discussion_message", "round": 4, "agent": "agent_1", "message": "I now favor **Candidate\u202fC** because he is known to be 100\u202f% reliable and creates a positive atmosphere with his crew\u2014both essential for the trust and teamwork needed on long\u2011distance flights. He also makes correct decisions quickly, supporting the need for rapid, accurate judgments in the cockpit.\nA key trade\u2011off is his difficulty communicating ideas and his egocentric reputation, which could hinder crew coordination and adaptability.\nMETADATA_JSON:\n{\"agent\": \"agent_1\", \"vote\": \"Candidate C\"}"}
2026-05-08 12:52:41,839 - INFO - Agent turns: 12
2026-05-08 12:52:41,849 - INFO - Loop 4 completed
{"id": 18, "ts": 1778237561.855688, "event": "discussion_order", "round": 5, "order": ["agent_3", "agent_1", "agent_2"]}
2026-05-08 12:52:52,176 - INFO - Tokens - Input: 2725, Output: 409, Total: 3134
{"id": 19, "ts": 1778237572.1779509, "event": "public_discussion_message", "round": 5, "agent": "agent_3", "message": "I continue to favor **Candidate\u202fB**. His very conscientious nature and strong ability to handle stress give him high reliability and calmness under pressure\u2014crucial for long\u2011distance flights. Additionally, his skill in assessing weather conditions and excellent computer abilities address the technical demands of such routes. The main trade\u2011off is his reputation for being pretentious and sometimes using the wrong tone, which could undermine crew cooperation and morale.\nMETADATA_JSON:\n{\"agent\": \"agent_3\", \"vote\": \"Candidate B\"}"}
2026-05-08 12:52:52,178 - INFO - Agent turns: 13
2026-05-08 12:53:03,200 - INFO - Tokens - Input: 2919, Output: 1427, Total: 4346
{"id": 20, "ts": 1778237583.2019875, "event": "public_discussion_message", "round": 5, "agent": "agent_1", "message": "I currently favor **Candidate\u202fC** because he is known to be 100\u202f% reliable and creates a positive atmosphere with his crew\u2014both essential for trust and teamwork on long\u2011distance flights\u2014and he makes correct decisions quickly, supporting the need for rapid, accurate judgments in the cockpit.\nA key trade\u2011off is his difficulty communicating ideas and his egocentric reputation, which could hinder crew coordination and adaptability.\nMETADATA_JSON:\n{\"agent\": \"agent_1\", \"vote\": \"Candidate C\"}"}
2026-05-08 12:53:03,202 - INFO - Agent turns: 14
2026-05-08 12:53:13,798 - INFO - Tokens - Input: 3031, Output: 1392, Total: 4423
{"id": 21, "ts": 1778237593.7999225, "event": "public_discussion_message", "round": 5, "agent": "agent_2", "message": "I continue to favor **Candidate\u202fA** because his ability to anticipate dangerous situations and his excellent spatial vision are vital for safety on long\u2011distance routes, and his very good leadership qualities should help maintain effective crew coordination.\nA key trade\u2011off is that he is regarded as a show\u2011off and not open to new ideas, which could undermine crew morale and adaptability.\nMETADATA_JSON:\n{\"agent\": \"agent_2\", \"vote\": \"Candidate A\"}"}
2026-05-08 12:53:13,800 - INFO - Agent turns: 15
2026-05-08 12:53:13,810 - INFO - Loop 5 completed
2026-05-08 12:53:13,810 - INFO - Final Chosen Candidate: None
2026-05-08 12:53:13,810 - INFO - Final Decision Method: max_round_no_majority
2026-05-08 12:53:13,810 - INFO - Final Vote Count: {'Candidate C': 1, 'Candidate A': 1, 'Candidate B': 1}
2026-05-08 12:53:13,810 - INFO - Correct Candidate: Candidate C
2026-05-08 12:53:13,810 - INFO - Decision Correct: 0
{"id": 22, "ts": 1778237593.8123085, "event": "context_consistency_not_applicable", "reason": "explicit_smm_memory_disabled"}
{"id": 23, "ts": 1778237593.812456, "event": "final_decision", "candidate": null, "method": "max_round_no_majority", "vote_count": {"Candidate C": 1, "Candidate A": 1, "Candidate B": 1}, "correct_candidate": "Candidate C", "decision_correct": 0, "round": 5}
2026-05-08 12:53:13,819 - INFO - ======================================================================
2026-05-08 12:53:13,820 - INFO - SIMULATION METRICS
2026-05-08 12:53:13,820 - INFO - ======================================================================
2026-05-08 12:53:13,820 - INFO - Total Loops: 5
2026-05-08 12:53:13,820 - INFO - Agent Turns (no vote checker): 15
2026-05-08 12:53:13,820 - INFO - Agent Tool Calls: 0
2026-05-08 12:53:13,820 - INFO - Agent Tool Messages: 0
2026-05-08 12:53:13,820 - INFO - Memory Updates: 0
2026-05-08 12:53:13,820 - INFO - Total Messages (no vote checker): 15
2026-05-08 12:53:13,820 - INFO - Input Tokens: 33614
2026-05-08 12:53:13,820 - INFO - Output Tokens: 13521
2026-05-08 12:53:13,820 - INFO - Total Tokens: 47135
2026-05-08 12:53:13,820 - INFO - Final Chosen Candidate: None
2026-05-08 12:53:13,821 - INFO - Final Decision Method: max_round_no_majority
2026-05-08 12:53:13,821 - INFO - Final Vote Count: {'Candidate C': 1, 'Candidate A': 1, 'Candidate B': 1}
2026-05-08 12:53:13,821 - INFO - Correct Candidate: Candidate C
2026-05-08 12:53:13,821 - INFO - Decision Correct: 0
2026-05-08 12:53:13,821 - INFO - Runtime: 121.70s
2026-05-08 12:53:13,821 - INFO - ======================================================================
