2026-05-01 09:37:41,716 - INFO - Metrics tracker initialized
{"id": 1, "ts": 1777621061.726223, "event": "memory_reset"}
2026-05-01 09:37:44,324 - INFO - Tokens - Input: 839, Output: 280, Total: 1119
{"id": 2, "ts": 1777621064.325973, "event": "public_discussion_message", "round": 1, "agent": "agent_1", "message": "Eve stands out as the best choice because she combines top\u2011tier technical scores with proven leadership in comparable high\u2011impact roles, ensuring both excellence and reliability."}
2026-05-01 09:37:44,326 - INFO - Agent turns: 1
2026-05-01 09:37:48,737 - INFO - Tokens - Input: 884, Output: 837, Total: 1721
2026-05-01 09:37:48,740 - INFO - Memory updates: 1
{"id": 3, "ts": 1777621068.740297, "event": "memory_updated", "agent": "agent_1", "round": 1}
2026-05-01 09:37:49,929 - INFO - Tokens - Input: 888, Output: 1000, Total: 1888
2026-05-01 09:37:49,930 - INFO - Memory updates: 2
{"id": 4, "ts": 1777621069.930922, "event": "memory_updated", "agent": "agent_4", "round": 1}
2026-05-01 09:37:50,009 - INFO - Tokens - Input: 878, Output: 892, Total: 1770
2026-05-01 09:37:50,010 - INFO - Memory updates: 3
{"id": 5, "ts": 1777621070.0109508, "event": "memory_updated", "agent": "agent_2", "round": 1}
2026-05-01 09:37:50,451 - INFO - Tokens - Input: 892, Output: 797, Total: 1689
2026-05-01 09:37:50,452 - INFO - Memory updates: 4
{"id": 6, "ts": 1777621070.452883, "event": "memory_updated", "agent": "agent_3", "round": 1}
2026-05-01 09:37:52,136 - INFO - Tokens - Input: 1196, Output: 212, Total: 1408
{"id": 7, "ts": 1777621072.137413, "event": "public_discussion_message", "round": 1, "agent": "agent_2", "message": "I support Eve because her top\u2011tier technical performance and proven high\u2011impact leadership make her the most reliable and immediately impactful choice, and her slight hesitation with underperformers can be mitigated with support."}
2026-05-01 09:37:52,137 - INFO - Agent turns: 2
2026-05-01 09:37:58,014 - INFO - Tokens - Input: 1276, Output: 938, Total: 2214
2026-05-01 09:37:58,014 - INFO - Memory updates: 5
{"id": 8, "ts": 1777621078.014678, "event": "memory_updated", "agent": "agent_2", "round": 1}
2026-05-01 09:37:58,387 - INFO - Tokens - Input: 1175, Output: 988, Total: 2163
2026-05-01 09:37:58,388 - INFO - Memory updates: 6
{"id": 9, "ts": 1777621078.388534, "event": "memory_updated", "agent": "agent_3", "round": 1}
2026-05-01 09:37:58,739 - INFO - Tokens - Input: 1260, Output: 1018, Total: 2278
2026-05-01 09:37:58,740 - INFO - Memory updates: 7
{"id": 10, "ts": 1777621078.740702, "event": "memory_updated", "agent": "agent_1", "round": 1}
2026-05-01 09:37:59,614 - INFO - Tokens - Input: 1274, Output: 1103, Total: 2377
2026-05-01 09:37:59,616 - INFO - Memory updates: 8
{"id": 11, "ts": 1777621079.616844, "event": "memory_updated", "agent": "agent_4", "round": 1}
2026-05-01 09:38:01,605 - INFO - Tokens - Input: 1206, Output: 376, Total: 1582
{"id": 12, "ts": 1777621081.60656, "event": "public_discussion_message", "round": 1, "agent": "agent_3", "message": "Bob stands out as the best choice because his proven cross\u2011team collaboration and stakeholder communication ensure reliable, immediate impact."}
2026-05-01 09:38:01,606 - INFO - Agent turns: 3
2026-05-01 09:38:07,613 - INFO - Tokens - Input: 1231, Output: 1075, Total: 2306
2026-05-01 09:38:07,615 - INFO - Memory updates: 9
{"id": 13, "ts": 1777621087.61538, "event": "memory_updated", "agent": "agent_3", "round": 1}
2026-05-01 09:38:08,322 - INFO - Tokens - Input: 1391, Output: 1177, Total: 2568
2026-05-01 09:38:08,323 - INFO - Memory updates: 10
{"id": 14, "ts": 1777621088.323912, "event": "memory_updated", "agent": "agent_4", "round": 1}
2026-05-01 09:38:08,848 - INFO - Tokens - Input: 1293, Output: 1005, Total: 2298
2026-05-01 09:38:08,850 - INFO - Memory updates: 11
{"id": 15, "ts": 1777621088.85028, "event": "memory_updated", "agent": "agent_1", "round": 1}
2026-05-01 09:38:10,757 - INFO - Tokens - Input: 1333, Output: 1242, Total: 2575
2026-05-01 09:38:10,759 - INFO - Memory updates: 12
{"id": 16, "ts": 1777621090.759618, "event": "memory_updated", "agent": "agent_2", "round": 1}
2026-05-01 09:38:11,859 - INFO - Tokens - Input: 1490, Output: 128, Total: 1618
{"id": 17, "ts": 1777621091.860308, "event": "public_discussion_message", "round": 1, "agent": "agent_4", "message": "Eve is the best candidate because her top\u2011tier technical performance and proven high\u2011impact leadership demonstrate both reliability and immediate impact."}
2026-05-01 09:38:11,860 - INFO - Agent turns: 4
2026-05-01 09:38:16,669 - INFO - Tokens - Input: 1524, Output: 699, Total: 2223
2026-05-01 09:38:16,671 - INFO - Memory updates: 13
{"id": 18, "ts": 1777621096.67112, "event": "memory_updated", "agent": "agent_2", "round": 1}
2026-05-01 09:38:17,663 - INFO - Tokens - Input: 1329, Output: 1096, Total: 2425
2026-05-01 09:38:17,665 - INFO - Memory updates: 14
{"id": 19, "ts": 1777621097.665497, "event": "memory_updated", "agent": "agent_3", "round": 1}
2026-05-01 09:38:18,195 - INFO - Tokens - Input: 1523, Output: 1110, Total: 2633
2026-05-01 09:38:18,198 - INFO - Memory updates: 15
{"id": 20, "ts": 1777621098.198161, "event": "memory_updated", "agent": "agent_4", "round": 1}
2026-05-01 09:38:18,864 - INFO - Tokens - Input: 1472, Output: 985, Total: 2457
2026-05-01 09:38:18,866 - INFO - Memory updates: 16
{"id": 21, "ts": 1777621098.866494, "event": "memory_updated", "agent": "agent_1", "round": 1}
2026-05-01 09:38:18,872 - INFO - Loop 1 completed
2026-05-01 09:38:20,786 - INFO - Tokens - Input: 1516, Output: 203, Total: 1719
{"id": 22, "ts": 1777621100.788245, "event": "public_discussion_message", "round": 2, "agent": "agent_1", "message": "Eve stands out as the best choice because her strong technical assessment (second\u2011highest) combined with proven high\u2011impact leadership at top firms ensures both reliability and immediate impact."}
2026-05-01 09:38:20,788 - INFO - Agent turns: 5
2026-05-01 09:38:24,913 - INFO - Tokens - Input: 1241, Output: 752, Total: 1993
2026-05-01 09:38:24,915 - INFO - Memory updates: 17
{"id": 23, "ts": 1777621104.915405, "event": "memory_updated", "agent": "agent_2", "round": 2}
2026-05-01 09:38:27,035 - INFO - Tokens - Input: 1559, Output: 1136, Total: 2695
2026-05-01 09:38:27,037 - INFO - Memory updates: 18
{"id": 24, "ts": 1777621107.037583, "event": "memory_updated", "agent": "agent_1", "round": 2}
2026-05-01 09:38:28,618 - INFO - Tokens - Input: 1384, Output: 1086, Total: 2470
2026-05-01 09:38:28,620 - INFO - Memory updates: 19
{"id": 25, "ts": 1777621108.620225, "event": "memory_updated", "agent": "agent_3", "round": 2}
2026-05-01 09:38:28,755 - INFO - Tokens - Input: 1669, Output: 1215, Total: 2884
2026-05-01 09:38:28,757 - INFO - Memory updates: 20
{"id": 26, "ts": 1777621108.75773, "event": "memory_updated", "agent": "agent_4", "round": 2}
2026-05-01 09:38:30,008 - INFO - Tokens - Input: 1242, Output: 167, Total: 1409
{"id": 27, "ts": 1777621110.010147, "event": "public_discussion_message", "round": 2, "agent": "agent_2", "message": "Eve is the best choice because her top\u2011tier technical performance combined with proven high\u2011impact leadership makes her the most reliable and immediately impactful candidate, and her minor hesitation with under\u2011performers can be addressed with support."}
2026-05-01 09:38:30,010 - INFO - Agent turns: 6
2026-05-01 09:38:33,629 - INFO - Tokens - Input: 1332, Output: 667, Total: 1999
2026-05-01 09:38:33,631 - INFO - Memory updates: 21
{"id": 28, "ts": 1777621113.631225, "event": "memory_updated", "agent": "agent_2", "round": 2}
2026-05-01 09:38:35,157 - INFO - Tokens - Input: 1514, Output: 985, Total: 2499
2026-05-01 09:38:35,158 - INFO - Memory updates: 22
{"id": 29, "ts": 1777621115.159115, "event": "memory_updated", "agent": "agent_3", "round": 2}
2026-05-01 09:38:37,104 - INFO - Tokens - Input: 1676, Output: 1079, Total: 2755
2026-05-01 09:38:37,106 - INFO - Memory updates: 23
{"id": 30, "ts": 1777621117.106426, "event": "memory_updated", "agent": "agent_1", "round": 2}
2026-05-01 09:38:38,931 - INFO - Tokens - Input: 1755, Output: 1237, Total: 2992
2026-05-01 09:38:38,933 - INFO - Memory updates: 24
{"id": 31, "ts": 1777621118.934145, "event": "memory_updated", "agent": "agent_4", "round": 2}
2026-05-01 09:38:40,416 - INFO - Tokens - Input: 1536, Output: 187, Total: 1723
{"id": 32, "ts": 1777621120.416746, "event": "public_discussion_message", "round": 2, "agent": "agent_3", "message": "Bob is the best choice because his proven cross\u2011team collaboration and stakeholder communication drive reliable, immediate impact."}
2026-05-01 09:38:40,416 - INFO - Agent turns: 7
2026-05-01 09:38:46,275 - INFO - Tokens - Input: 1277, Output: 818, Total: 2095
2026-05-01 09:38:46,278 - INFO - Memory updates: 25
{"id": 33, "ts": 1777621126.278192, "event": "memory_updated", "agent": "agent_2", "round": 2}
2026-05-01 09:38:47,326 - INFO - Tokens - Input: 1585, Output: 1178, Total: 2763
2026-05-01 09:38:47,328 - INFO - Memory updates: 26
{"id": 34, "ts": 1777621127.3284638, "event": "memory_updated", "agent": "agent_1", "round": 2}
2026-05-01 09:38:47,541 - INFO - Tokens - Input: 1555, Output: 920, Total: 2475
2026-05-01 09:38:47,543 - INFO - Memory updates: 27
{"id": 35, "ts": 1777621127.5434701, "event": "memory_updated", "agent": "agent_3", "round": 2}
2026-05-01 09:38:48,060 - INFO - Tokens - Input: 1772, Output: 1118, Total: 2890
2026-05-01 09:38:48,062 - INFO - Memory updates: 28
{"id": 36, "ts": 1777621128.06285, "event": "memory_updated", "agent": "agent_4", "round": 2}
2026-05-01 09:38:48,784 - INFO - Tokens - Input: 1586, Output: 102, Total: 1688
{"id": 37, "ts": 1777621128.785988, "event": "public_discussion_message", "round": 2, "agent": "agent_4", "message": "Eve is the strongest choice; her top\u2011tier technical assessment and proven high\u2011impact leadership demonstrate both reliability and immediate impact."}
2026-05-01 09:38:48,786 - INFO - Agent turns: 8
2026-05-01 09:38:54,274 - INFO - Tokens - Input: 1631, Output: 1096, Total: 2727
2026-05-01 09:38:54,276 - INFO - Memory updates: 29
{"id": 38, "ts": 1777621134.276474, "event": "memory_updated", "agent": "agent_3", "round": 2}
2026-05-01 09:38:54,924 - INFO - Tokens - Input: 1380, Output: 756, Total: 2136
2026-05-01 09:38:54,926 - INFO - Memory updates: 30
{"id": 39, "ts": 1777621134.926527, "event": "memory_updated", "agent": "agent_2", "round": 2}
2026-05-01 09:38:55,117 - INFO - Tokens - Input: 1619, Output: 1046, Total: 2665
2026-05-01 09:38:55,119 - INFO - Memory updates: 31
{"id": 40, "ts": 1777621135.119353, "event": "memory_updated", "agent": "agent_4", "round": 2}
2026-05-01 09:38:57,058 - INFO - Tokens - Input: 1580, Output: 1194, Total: 2774
2026-05-01 09:38:57,061 - INFO - Memory updates: 32
{"id": 41, "ts": 1777621137.061292, "event": "memory_updated", "agent": "agent_1", "round": 2}
2026-05-01 09:38:57,066 - INFO - Loop 2 completed
2026-05-01 09:38:57,833 - INFO - Tokens - Input: 1603, Output: 113, Total: 1716
{"id": 42, "ts": 1777621137.834249, "event": "public_discussion_message", "round": 3, "agent": "agent_1", "message": "Eve is the best choice \u2013 her high technical assessment score combined with proven high\u2011impact leadership at top firms ensures both reliability and immediate impact."}
2026-05-01 09:38:57,834 - INFO - Agent turns: 9
2026-05-01 09:39:03,268 - INFO - Tokens - Input: 1456, Output: 749, Total: 2205
2026-05-01 09:39:03,270 - INFO - Memory updates: 33
{"id": 43, "ts": 1777621143.2703161, "event": "memory_updated", "agent": "agent_2", "round": 3}
2026-05-01 09:39:04,231 - INFO - Tokens - Input: 1698, Output: 1076, Total: 2774
2026-05-01 09:39:04,233 - INFO - Memory updates: 34
{"id": 44, "ts": 1777621144.233233, "event": "memory_updated", "agent": "agent_4", "round": 3}
2026-05-01 09:39:05,555 - INFO - Tokens - Input: 1717, Output: 1204, Total: 2921
2026-05-01 09:39:05,556 - INFO - Memory updates: 35
{"id": 45, "ts": 1777621145.556848, "event": "memory_updated", "agent": "agent_3", "round": 3}
2026-05-01 09:39:06,435 - INFO - Tokens - Input: 1628, Output: 1164, Total: 2792
2026-05-01 09:39:06,436 - INFO - Memory updates: 36
{"id": 46, "ts": 1777621146.436351, "event": "memory_updated", "agent": "agent_1", "round": 3}
2026-05-01 09:39:07,451 - INFO - Tokens - Input: 1368, Output: 162, Total: 1530
{"id": 47, "ts": 1777621147.453011, "event": "public_discussion_message", "round": 3, "agent": "agent_2", "message": "I vote for Eve because her top\u2011tier technical performance and proven high\u2011impact leadership make her the most reliable and immediate\u2011impact choice, and her slight hesitation with under\u2011performers can be mitigated with support."}
2026-05-01 09:39:07,453 - INFO - Agent turns: 10
2026-05-01 09:39:12,660 - INFO - Tokens - Input: 1454, Output: 689, Total: 2143
2026-05-01 09:39:12,662 - INFO - Memory updates: 37
{"id": 48, "ts": 1777621152.663108, "event": "memory_updated", "agent": "agent_2", "round": 3}
2026-05-01 09:39:13,254 - INFO - Tokens - Input: 1754, Output: 1010, Total: 2764
2026-05-01 09:39:13,256 - INFO - Memory updates: 38
{"id": 49, "ts": 1777621153.2566552, "event": "memory_updated", "agent": "agent_4", "round": 3}
2026-05-01 09:39:15,071 - INFO - Tokens - Input: 1705, Output: 943, Total: 2648
2026-05-01 09:39:15,073 - INFO - Memory updates: 39
{"id": 50, "ts": 1777621155.073536, "event": "memory_updated", "agent": "agent_3", "round": 3}
2026-05-01 09:39:24,687 - INFO - Tokens - Input: 1753, Output: 1418, Total: 3171
2026-05-01 09:39:24,688 - INFO - Memory updates: 40
{"id": 51, "ts": 1777621164.689019, "event": "memory_updated", "agent": "agent_1", "round": 3}
2026-05-01 09:39:25,451 - INFO - Tokens - Input: 1690, Output: 91, Total: 1781
{"id": 52, "ts": 1777621165.452341, "event": "public_discussion_message", "round": 3, "agent": "agent_3", "message": "Bob is the strongest choice because his proven cross\u2011team collaboration and stakeholder communication ensure reliable, immediate impact."}
2026-05-01 09:39:25,452 - INFO - Agent turns: 11
2026-05-01 09:39:29,968 - INFO - Tokens - Input: 1709, Output: 900, Total: 2609
2026-05-01 09:39:29,970 - INFO - Memory updates: 41
{"id": 53, "ts": 1777621169.971025, "event": "memory_updated", "agent": "agent_3", "round": 3}
2026-05-01 09:39:31,307 - INFO - Tokens - Input: 1747, Output: 1093, Total: 2840
2026-05-01 09:39:31,309 - INFO - Memory updates: 42
{"id": 54, "ts": 1777621171.3096151, "event": "memory_updated", "agent": "agent_4", "round": 3}
2026-05-01 09:39:32,754 - INFO - Tokens - Input: 1439, Output: 985, Total: 2424
2026-05-01 09:39:32,756 - INFO - Memory updates: 43
{"id": 55, "ts": 1777621172.757099, "event": "memory_updated", "agent": "agent_2", "round": 3}
2026-05-01 09:39:39,759 - INFO - Tokens - Input: 1818, Output: 1344, Total: 3162
2026-05-01 09:39:39,761 - INFO - Memory updates: 44
{"id": 56, "ts": 1777621179.761407, "event": "memory_updated", "agent": "agent_1", "round": 3}
2026-05-01 09:39:41,027 - INFO - Tokens - Input: 1760, Output: 139, Total: 1899
{"id": 57, "ts": 1777621181.0291252, "event": "public_discussion_message", "round": 3, "agent": "agent_4", "message": "I support Eve because her top\u2011tier technical performance and proven high\u2011impact leadership demonstrate the reliability and immediate impact needed for this role."}
2026-05-01 09:39:41,029 - INFO - Agent turns: 12
2026-05-01 09:39:46,437 - INFO - Tokens - Input: 1663, Output: 953, Total: 2616
2026-05-01 09:39:46,438 - INFO - Memory updates: 45
{"id": 58, "ts": 1777621186.4382038, "event": "memory_updated", "agent": "agent_3", "round": 3}
2026-05-01 09:39:46,927 - INFO - Tokens - Input: 1909, Output: 986, Total: 2895
2026-05-01 09:39:46,927 - INFO - Memory updates: 46
{"id": 59, "ts": 1777621186.927999, "event": "memory_updated", "agent": "agent_1", "round": 3}
2026-05-01 09:39:47,848 - INFO - Tokens - Input: 1488, Output: 886, Total: 2374
2026-05-01 09:39:47,850 - INFO - Memory updates: 47
{"id": 60, "ts": 1777621187.850189, "event": "memory_updated", "agent": "agent_2", "round": 3}
2026-05-01 09:39:47,948 - INFO - Tokens - Input: 1798, Output: 972, Total: 2770
2026-05-01 09:39:47,949 - INFO - Memory updates: 48
{"id": 61, "ts": 1777621187.950237, "event": "memory_updated", "agent": "agent_4", "round": 3}
2026-05-01 09:39:47,955 - INFO - Loop 3 completed
2026-05-01 09:39:49,074 - INFO - Tokens - Input: 1761, Output: 161, Total: 1922
{"id": 62, "ts": 1777621189.075871, "event": "public_discussion_message", "round": 4, "agent": "agent_1", "message": "Eve is the best choice because her high technical score and proven high\u2011impact leadership ensure reliability and immediate impact."}
2026-05-01 09:39:49,076 - INFO - Agent turns: 13
2026-05-01 09:39:52,558 - INFO - Tokens - Input: 1510, Output: 707, Total: 2217
2026-05-01 09:39:52,560 - INFO - Memory updates: 49
{"id": 63, "ts": 1777621192.5606349, "event": "memory_updated", "agent": "agent_2", "round": 4}
2026-05-01 09:39:55,620 - INFO - Tokens - Input: 1768, Output: 904, Total: 2672
2026-05-01 09:39:55,622 - INFO - Memory updates: 50
{"id": 64, "ts": 1777621195.623142, "event": "memory_updated", "agent": "agent_1", "round": 4}
2026-05-01 09:39:56,271 - INFO - Tokens - Input: 1726, Output: 1221, Total: 2947
2026-05-01 09:39:56,273 - INFO - Memory updates: 51
{"id": 65, "ts": 1777621196.273726, "event": "memory_updated", "agent": "agent_3", "round": 4}
2026-05-01 09:39:57,575 - INFO - Tokens - Input: 1851, Output: 1133, Total: 2984
2026-05-01 09:39:57,578 - INFO - Memory updates: 52
{"id": 66, "ts": 1777621197.5788789, "event": "memory_updated", "agent": "agent_4", "round": 4}
2026-05-01 09:39:59,522 - INFO - Tokens - Input: 1520, Output: 242, Total: 1762
{"id": 67, "ts": 1777621199.52365, "event": "public_discussion_message", "round": 4, "agent": "agent_2", "message": "Eve stands out: her top\u2011tier technical performance combined with proven high\u2011impact leadership makes her the most reliable and immediately impactful choice."}
2026-05-01 09:39:59,523 - INFO - Agent turns: 14
2026-05-01 09:40:04,529 - INFO - Tokens - Input: 1559, Output: 700, Total: 2259
2026-05-01 09:40:04,531 - INFO - Memory updates: 53
{"id": 68, "ts": 1777621204.532094, "event": "memory_updated", "agent": "agent_2", "round": 4}
2026-05-01 09:40:05,238 - INFO - Tokens - Input: 1812, Output: 884, Total: 2696
2026-05-01 09:40:05,240 - INFO - Memory updates: 54
{"id": 69, "ts": 1777621205.2408152, "event": "memory_updated", "agent": "agent_3", "round": 4}
2026-05-01 09:40:06,665 - INFO - Tokens - Input: 1811, Output: 937, Total: 2748
2026-05-01 09:40:06,666 - INFO - Memory updates: 55
{"id": 70, "ts": 1777621206.666943, "event": "memory_updated", "agent": "agent_1", "round": 4}
2026-05-01 09:40:08,223 - INFO - Tokens - Input: 1901, Output: 1146, Total: 3047
2026-05-01 09:40:08,226 - INFO - Memory updates: 56
{"id": 71, "ts": 1777621208.2261739, "event": "memory_updated", "agent": "agent_4", "round": 4}
2026-05-01 09:40:09,303 - INFO - Tokens - Input: 1734, Output: 108, Total: 1842
{"id": 72, "ts": 1777621209.305043, "event": "public_discussion_message", "round": 4, "agent": "agent_3", "message": "Bob is the strongest candidate because his proven cross\u2011team collaboration and stakeholder communication drive reliable, immediate impact."}
2026-05-01 09:40:09,305 - INFO - Agent turns: 15
2026-05-01 09:40:15,084 - INFO - Tokens - Input: 1829, Output: 1034, Total: 2863
2026-05-01 09:40:15,086 - INFO - Memory updates: 57
{"id": 73, "ts": 1777621215.086397, "event": "memory_updated", "agent": "agent_1", "round": 4}
2026-05-01 09:40:15,679 - INFO - Tokens - Input: 1753, Output: 830, Total: 2583
2026-05-01 09:40:15,682 - INFO - Memory updates: 58
{"id": 74, "ts": 1777621215.682283, "event": "memory_updated", "agent": "agent_3", "round": 4}
2026-05-01 09:40:16,436 - INFO - Tokens - Input: 1572, Output: 870, Total: 2442
2026-05-01 09:40:16,438 - INFO - Memory updates: 59
{"id": 75, "ts": 1777621216.438207, "event": "memory_updated", "agent": "agent_2", "round": 4}
2026-05-01 09:40:18,258 - INFO - Tokens - Input: 1964, Output: 1331, Total: 3295
2026-05-01 09:40:18,260 - INFO - Memory updates: 60
{"id": 76, "ts": 1777621218.2608159, "event": "memory_updated", "agent": "agent_4", "round": 4}
2026-05-01 09:40:19,792 - INFO - Tokens - Input: 2023, Output: 181, Total: 2204
{"id": 77, "ts": 1777621219.793746, "event": "public_discussion_message", "round": 4, "agent": "agent_4", "message": "Eve is the best choice because her top\u2011tier technical performance and proven high\u2011impact leadership ensure reliability and immediate impact."}
2026-05-01 09:40:19,793 - INFO - Agent turns: 16
2026-05-01 09:40:24,979 - INFO - Tokens - Input: 1631, Output: 780, Total: 2411
2026-05-01 09:40:24,983 - INFO - Memory updates: 61
{"id": 78, "ts": 1777621224.983197, "event": "memory_updated", "agent": "agent_2", "round": 4}
2026-05-01 09:40:25,839 - INFO - Tokens - Input: 1884, Output: 1038, Total: 2922
2026-05-01 09:40:25,841 - INFO - Memory updates: 62
{"id": 79, "ts": 1777621225.841727, "event": "memory_updated", "agent": "agent_1", "round": 4}
2026-05-01 09:40:27,785 - INFO - Tokens - Input: 1787, Output: 1053, Total: 2840
2026-05-01 09:40:27,786 - INFO - Memory updates: 63
{"id": 80, "ts": 1777621227.786155, "event": "memory_updated", "agent": "agent_3", "round": 4}
2026-05-01 09:40:27,953 - INFO - Tokens - Input: 2053, Output: 1243, Total: 3296
2026-05-01 09:40:27,954 - INFO - Memory updates: 64
{"id": 81, "ts": 1777621227.955081, "event": "memory_updated", "agent": "agent_4", "round": 4}
2026-05-01 09:40:27,960 - INFO - Loop 4 completed
2026-05-01 09:40:29,202 - INFO - Tokens - Input: 1902, Output: 148, Total: 2050
{"id": 82, "ts": 1777621229.204169, "event": "public_discussion_message", "round": 5, "agent": "agent_1", "message": "Eve is the best choice because her high technical assessment score and proven high\u2011impact leadership deliver the reliability and immediate impact needed for this role."}
2026-05-01 09:40:29,204 - INFO - Agent turns: 17
2026-05-01 09:40:33,621 - INFO - Tokens - Input: 1927, Output: 938, Total: 2865
2026-05-01 09:40:33,624 - INFO - Memory updates: 65
{"id": 83, "ts": 1777621233.624854, "event": "memory_updated", "agent": "agent_1", "round": 5}
2026-05-01 09:40:34,645 - INFO - Tokens - Input: 1677, Output: 733, Total: 2410
2026-05-01 09:40:34,647 - INFO - Memory updates: 66
{"id": 84, "ts": 1777621234.64725, "event": "memory_updated", "agent": "agent_2", "round": 5}
2026-05-01 09:40:35,670 - INFO - Tokens - Input: 1916, Output: 1085, Total: 3001
2026-05-01 09:40:35,672 - INFO - Memory updates: 67
{"id": 85, "ts": 1777621235.6727, "event": "memory_updated", "agent": "agent_3", "round": 5}
2026-05-01 09:40:38,127 - INFO - Tokens - Input: 2145, Output: 1249, Total: 3394
2026-05-01 09:40:38,128 - INFO - Memory updates: 68
{"id": 86, "ts": 1777621238.1292548, "event": "memory_updated", "agent": "agent_4", "round": 5}
2026-05-01 09:40:39,661 - INFO - Tokens - Input: 1674, Output: 188, Total: 1862
{"id": 87, "ts": 1777621239.662953, "event": "public_discussion_message", "round": 5, "agent": "agent_2", "message": "Eve is the best choice because her top\u2011tier technical performance and proven high\u2011impact leadership ensure reliability and immediate impact."}
2026-05-01 09:40:39,663 - INFO - Agent turns: 18
2026-05-01 09:40:44,165 - INFO - Tokens - Input: 1704, Output: 747, Total: 2451
2026-05-01 09:40:44,167 - INFO - Memory updates: 69
{"id": 88, "ts": 1777621244.167969, "event": "memory_updated", "agent": "agent_2", "round": 5}
2026-05-01 09:40:45,191 - INFO - Tokens - Input: 1958, Output: 1026, Total: 2984
2026-05-01 09:40:45,193 - INFO - Memory updates: 70
{"id": 89, "ts": 1777621245.193933, "event": "memory_updated", "agent": "agent_1", "round": 5}
2026-05-01 09:40:46,013 - INFO - Tokens - Input: 1943, Output: 952, Total: 2895
2026-05-01 09:40:46,015 - INFO - Memory updates: 71
{"id": 90, "ts": 1777621246.01551, "event": "memory_updated", "agent": "agent_3", "round": 5}
2026-05-01 09:40:48,062 - INFO - Tokens - Input: 2177, Output: 1218, Total: 3395
2026-05-01 09:40:48,064 - INFO - Memory updates: 72
{"id": 91, "ts": 1777621248.064977, "event": "memory_updated", "agent": "agent_4", "round": 5}
2026-05-01 09:40:48,978 - INFO - Tokens - Input: 1887, Output: 116, Total: 2003
{"id": 92, "ts": 1777621248.980394, "event": "public_discussion_message", "round": 5, "agent": "agent_3", "message": "Bob is the best choice because his proven cross\u2011team collaboration and stakeholder communication will drive reliable, immediate impact."}
2026-05-01 09:40:48,980 - INFO - Agent turns: 19
2026-05-01 09:40:55,637 - INFO - Tokens - Input: 1730, Output: 867, Total: 2597
2026-05-01 09:40:55,640 - INFO - Memory updates: 73
{"id": 93, "ts": 1777621255.6409101, "event": "memory_updated", "agent": "agent_2", "round": 5}
2026-05-01 09:40:55,645 - INFO - Tokens - Input: 1909, Output: 921, Total: 2830
2026-05-01 09:40:55,646 - INFO - Memory updates: 74
{"id": 94, "ts": 1777621255.646235, "event": "memory_updated", "agent": "agent_3", "round": 5}
2026-05-01 09:40:56,431 - INFO - Tokens - Input: 2013, Output: 1070, Total: 3083
2026-05-01 09:40:56,433 - INFO - Memory updates: 75
{"id": 95, "ts": 1777621256.433714, "event": "memory_updated", "agent": "agent_1", "round": 5}
2026-05-01 09:40:58,009 - INFO - Tokens - Input: 2203, Output: 1284, Total: 3487
2026-05-01 09:40:58,010 - INFO - Memory updates: 76
{"id": 96, "ts": 1777621258.010313, "event": "memory_updated", "agent": "agent_4", "round": 5}
2026-05-01 09:40:59,163 - INFO - Tokens - Input: 2197, Output: 142, Total: 2339
{"id": 97, "ts": 1777621259.1649, "event": "public_discussion_message", "round": 5, "agent": "agent_4", "message": "Eve is the best choice because her top\u2011tier technical performance and proven high\u2011impact leadership ensure reliability and immediate impact."}
2026-05-01 09:40:59,165 - INFO - Agent turns: 20
2026-05-01 09:41:03,313 - INFO - Tokens - Input: 1791, Output: 793, Total: 2584
2026-05-01 09:41:03,314 - INFO - Memory updates: 77
{"id": 98, "ts": 1777621263.315066, "event": "memory_updated", "agent": "agent_2", "round": 5}
2026-05-01 09:41:05,673 - INFO - Tokens - Input: 2227, Output: 898, Total: 3125
2026-05-01 09:41:05,675 - INFO - Memory updates: 78
{"id": 99, "ts": 1777621265.6755111, "event": "memory_updated", "agent": "agent_4", "round": 5}
2026-05-01 09:41:06,287 - INFO - Tokens - Input: 2115, Output: 1127, Total: 3242
2026-05-01 09:41:06,289 - INFO - Memory updates: 79
{"id": 100, "ts": 1777621266.289412, "event": "memory_updated", "agent": "agent_1", "round": 5}
2026-05-01 09:41:06,392 - INFO - Tokens - Input: 1971, Output: 1080, Total: 3051
2026-05-01 09:41:06,394 - INFO - Memory updates: 80
{"id": 101, "ts": 1777621266.39424, "event": "memory_updated", "agent": "agent_3", "round": 5}
2026-05-01 09:41:06,398 - INFO - Loop 5 completed
2026-05-01 09:41:06,399 - INFO - Final Chosen Candidate: Eve
2026-05-01 09:41:06,399 - INFO - Final Decision Method: max_round_majority_vote
2026-05-01 09:41:06,399 - INFO - Final Vote Count: {'Eve': 3, 'Bob': 1}
2026-05-01 09:41:06,399 - INFO - Correct Candidate: Eve
2026-05-01 09:41:06,399 - INFO - Decision Correct: 1
{"id": 102, "ts": 1777621266.951592, "event": "context_consistency_calculated", "method": "embedding_cosine", "mean_pairwise_similarity": 0.918499, "pairwise": [{"agent_a": "agent_1", "agent_b": "agent_2", "similarity": 0.928047}, {"agent_a": "agent_1", "agent_b": "agent_3", "similarity": 0.931878}, {"agent_a": "agent_1", "agent_b": "agent_4", "similarity": 0.903053}, {"agent_a": "agent_2", "agent_b": "agent_3", "similarity": 0.922951}, {"agent_a": "agent_2", "agent_b": "agent_4", "similarity": 0.915469}, {"agent_a": "agent_3", "agent_b": "agent_4", "similarity": 0.909597}]}
{"id": 103, "ts": 1777621266.9516559, "event": "agent_memories_archived", "directory": "/Users/leonardhegemann/Documents/Studium/Bachelor/SoSe_2026/Abschlussarbeit/bachelor_thesis/01_data/raw/simulations/low/low_20260501_093142_004/shared_mental_models", "round": 5}
{"id": 104, "ts": 1777621266.951686, "event": "final_decision", "candidate": "Eve", "method": "max_round_majority_vote", "vote_count": {"Eve": 3, "Bob": 1}, "correct_candidate": "Eve", "decision_correct": 1, "round": 5}
2026-05-01 09:41:06,954 - INFO - ======================================================================
2026-05-01 09:41:06,954 - INFO - SIMULATION METRICS
2026-05-01 09:41:06,954 - INFO - ======================================================================
2026-05-01 09:41:06,954 - INFO - Total Loops: 5
2026-05-01 09:41:06,954 - INFO - Agent Turns (no vote checker): 20
2026-05-01 09:41:06,954 - INFO - Agent Tool Calls: 0
2026-05-01 09:41:06,954 - INFO - Memory Updates: 80
2026-05-01 09:41:06,954 - INFO - Total Messages (no vote checker): 20
2026-05-01 09:41:06,954 - INFO - Input Tokens: 162435
2026-05-01 09:41:06,954 - INFO - Output Tokens: 83862
2026-05-01 09:41:06,954 - INFO - Total Tokens: 246297
2026-05-01 09:41:06,954 - INFO - Final Chosen Candidate: Eve
2026-05-01 09:41:06,954 - INFO - Final Decision Method: max_round_majority_vote
2026-05-01 09:41:06,954 - INFO - Final Vote Count: {'Eve': 3, 'Bob': 1}
2026-05-01 09:41:06,954 - INFO - Correct Candidate: Eve
2026-05-01 09:41:06,954 - INFO - Decision Correct: 1
2026-05-01 09:41:06,954 - INFO - Runtime: 205.24s
2026-05-01 09:41:06,954 - INFO - ======================================================================
