2026-05-16 21:43:12,840 - INFO - Metrics tracker initialized
{"id": 1, "ts": 1778960592.8728654, "event": "memory_reset"}
{"id": 2, "ts": 1778960592.8779268, "event": "discussion_order", "round": 1, "order": ["agent_2", "agent_1", "agent_3"]}
2026-05-16 21:43:19,628 - INFO - Tokens - Input: 1944, Output: 635, Total: 2579
{"id": 3, "ts": 1778960599.6314406, "event": "public_discussion_message", "round": 1, "agent": "agent_2", "message": "Candidate A \u2013 noted as a show\u2011off.\nMETADATA_JSON:\n{\"agent\": \"agent_2\", \"vote\": \"Candidate A\"}"}
2026-05-16 21:43:19,631 - INFO - Agent turns: 1
2026-05-16 21:43:30,125 - INFO - Tokens - Input: 1578, Output: 791, Total: 2369
2026-05-16 21:43:30,128 - INFO - Memory updates: 1
{"id": 4, "ts": 1778960610.1288118, "event": "memory_updated", "agent": "agent_1", "round": 1}
2026-05-16 21:43:30,780 - INFO - Tokens - Input: 1573, Output: 859, Total: 2432
2026-05-16 21:43:30,782 - INFO - Memory updates: 2
{"id": 5, "ts": 1778960610.7828805, "event": "memory_updated", "agent": "agent_3", "round": 1}
2026-05-16 21:43:30,880 - INFO - Tokens - Input: 1581, Output: 873, Total: 2454
2026-05-16 21:43:30,882 - INFO - Memory updates: 3
{"id": 6, "ts": 1778960610.8823342, "event": "memory_updated", "agent": "agent_2", "round": 1}
2026-05-16 21:43:34,345 - INFO - Tokens - Input: 1963, Output: 402, Total: 2365
{"id": 7, "ts": 1778960614.3471859, "event": "public_discussion_message", "round": 1, "agent": "agent_1", "message": "Candidate A \u2013 has excellent spatial vision.\nMETADATA_JSON:\n{\"agent\": \"agent_1\", \"vote\": \"Candidate A\"}"}
2026-05-16 21:43:34,347 - INFO - Agent turns: 2
2026-05-16 21:43:43,595 - INFO - Tokens - Input: 1653, Output: 667, Total: 2320
2026-05-16 21:43:43,597 - INFO - Memory updates: 4
{"id": 8, "ts": 1778960623.5980403, "event": "memory_updated", "agent": "agent_2", "round": 1}
2026-05-16 21:43:47,027 - INFO - Tokens - Input: 1604, Output: 1029, Total: 2633
2026-05-16 21:43:47,029 - INFO - Memory updates: 5
{"id": 9, "ts": 1778960627.029678, "event": "memory_updated", "agent": "agent_1", "round": 1}
2026-05-16 21:43:48,937 - INFO - Tokens - Input: 1585, Output: 1266, Total: 2851
2026-05-16 21:43:48,939 - INFO - Memory updates: 6
{"id": 10, "ts": 1778960628.9400046, "event": "memory_updated", "agent": "agent_3", "round": 1}
2026-05-16 21:43:54,750 - INFO - Tokens - Input: 2059, Output: 681, Total: 2740
{"id": 11, "ts": 1778960634.7520936, "event": "public_discussion_message", "round": 1, "agent": "agent_3", "message": "Candidate B \u2013 very conscientious.\nMETADATA_JSON:\n{\"agent\": \"agent_3\", \"vote\": \"Candidate B\"}"}
2026-05-16 21:43:54,752 - INFO - Agent turns: 3
2026-05-16 21:44:08,600 - INFO - Tokens - Input: 1686, Output: 980, Total: 2666
2026-05-16 21:44:08,602 - INFO - Memory updates: 7
{"id": 12, "ts": 1778960648.6027162, "event": "memory_updated", "agent": "agent_2", "round": 1}
2026-05-16 21:44:10,138 - INFO - Tokens - Input: 1698, Output: 1138, Total: 2836
2026-05-16 21:44:10,140 - INFO - Memory updates: 8
{"id": 13, "ts": 1778960650.1408768, "event": "memory_updated", "agent": "agent_3", "round": 1}
2026-05-16 21:44:13,783 - INFO - Tokens - Input: 1650, Output: 1599, Total: 3249
2026-05-16 21:44:13,785 - INFO - Memory updates: 9
{"id": 14, "ts": 1778960653.7856226, "event": "memory_updated", "agent": "agent_1", "round": 1}
2026-05-16 21:44:13,795 - INFO - Loop 1 completed
{"id": 15, "ts": 1778960653.8015018, "event": "discussion_order", "round": 2, "order": ["agent_2", "agent_3", "agent_1"]}
2026-05-16 21:44:15,579 - INFO - Tokens - Input: 2110, Output: 181, Total: 2291
{"id": 16, "ts": 1778960655.581356, "event": "public_discussion_message", "round": 2, "agent": "agent_2", "message": "Candidate A \u2013 can anticipate dangerous situations.\nMETADATA_JSON:\n{\"agent\": \"agent_2\", \"vote\": \"Candidate A\"}"}
2026-05-16 21:44:15,581 - INFO - Agent turns: 4
2026-05-16 21:44:27,776 - INFO - Tokens - Input: 1751, Output: 888, Total: 2639
2026-05-16 21:44:27,779 - INFO - Memory updates: 10
{"id": 17, "ts": 1778960667.779453, "event": "memory_updated", "agent": "agent_2", "round": 2}
2026-05-16 21:44:31,034 - INFO - Tokens - Input: 1720, Output: 1235, Total: 2955
2026-05-16 21:44:31,036 - INFO - Memory updates: 11
{"id": 18, "ts": 1778960671.0368855, "event": "memory_updated", "agent": "agent_1", "round": 2}
2026-05-16 21:44:33,816 - INFO - Tokens - Input: 1856, Output: 1587, Total: 3443
2026-05-16 21:44:33,819 - INFO - Memory updates: 12
{"id": 19, "ts": 1778960673.819456, "event": "memory_updated", "agent": "agent_3", "round": 2}
2026-05-16 21:44:38,734 - INFO - Tokens - Input: 2288, Output: 576, Total: 2864
{"id": 20, "ts": 1778960678.7360282, "event": "public_discussion_message", "round": 2, "agent": "agent_3", "message": "Candidate B \u2013 very conscientious.\nMETADATA_JSON:\n{\"agent\": \"agent_3\", \"vote\": \"Candidate B\"}"}
2026-05-16 21:44:38,736 - INFO - Agent turns: 5
2026-05-16 21:44:42,851 - INFO - Tokens - Input: 1780, Output: 265, Total: 2045
2026-05-16 21:44:42,853 - INFO - Memory updates: 13
{"id": 21, "ts": 1778960682.8534353, "event": "memory_updated", "agent": "agent_1", "round": 2}
2026-05-16 21:44:43,362 - INFO - Tokens - Input: 1927, Output: 317, Total: 2244
2026-05-16 21:44:43,364 - INFO - Memory updates: 14
{"id": 22, "ts": 1778960683.3647082, "event": "memory_updated", "agent": "agent_3", "round": 2}
2026-05-16 21:44:44,213 - INFO - Tokens - Input: 1800, Output: 428, Total: 2228
2026-05-16 21:44:44,215 - INFO - Memory updates: 15
{"id": 23, "ts": 1778960684.215968, "event": "memory_updated", "agent": "agent_2", "round": 2}
2026-05-16 21:44:52,800 - INFO - Tokens - Input: 2175, Output: 1068, Total: 3243
{"id": 24, "ts": 1778960692.8024187, "event": "public_discussion_message", "round": 2, "agent": "agent_1", "message": "Candidate B \u2013 handles stress very well.\nMETADATA_JSON:\n{\"agent\": \"agent_1\", \"vote\": \"Candidate B\"}"}
2026-05-16 21:44:52,802 - INFO - Agent turns: 6
2026-05-16 21:45:13,368 - INFO - Tokens - Input: 1816, Output: 1534, Total: 3350
2026-05-16 21:45:13,371 - INFO - Memory updates: 16
{"id": 25, "ts": 1778960713.3714957, "event": "memory_updated", "agent": "agent_1", "round": 2}
2026-05-16 21:45:14,317 - INFO - Tokens - Input: 1963, Output: 1632, Total: 3595
2026-05-16 21:45:14,320 - INFO - Memory updates: 17
{"id": 26, "ts": 1778960714.3207533, "event": "memory_updated", "agent": "agent_3", "round": 2}
2026-05-16 21:45:14,598 - INFO - Tokens - Input: 1836, Output: 1668, Total: 3504
2026-05-16 21:45:14,600 - INFO - Memory updates: 18
{"id": 27, "ts": 1778960714.6007318, "event": "memory_updated", "agent": "agent_2", "round": 2}
2026-05-16 21:45:14,610 - INFO - Loop 2 completed
{"id": 28, "ts": 1778960714.61653, "event": "discussion_order", "round": 3, "order": ["agent_3", "agent_2", "agent_1"]}
2026-05-16 21:45:16,174 - INFO - Tokens - Input: 2361, Output: 130, Total: 2491
{"id": 29, "ts": 1778960716.1760926, "event": "public_discussion_message", "round": 3, "agent": "agent_3", "message": "Candidate B \u2013 handles stress very well.\nMETADATA_JSON:\n{\"agent\": \"agent_3\", \"vote\": \"Candidate B\"}"}
2026-05-16 21:45:16,176 - INFO - Agent turns: 7
2026-05-16 21:45:19,707 - INFO - Tokens - Input: 2002, Output: 202, Total: 2204
2026-05-16 21:45:19,710 - INFO - Memory updates: 19
{"id": 30, "ts": 1778960719.7108104, "event": "memory_updated", "agent": "agent_3", "round": 3}
2026-05-16 21:45:29,577 - INFO - Tokens - Input: 1893, Output: 1231, Total: 3124
2026-05-16 21:45:29,580 - INFO - Memory updates: 20
{"id": 31, "ts": 1778960729.5804713, "event": "memory_updated", "agent": "agent_2", "round": 3}
2026-05-16 21:45:35,347 - INFO - Tokens - Input: 1926, Output: 1950, Total: 3876
2026-05-16 21:45:35,349 - INFO - Memory updates: 21
{"id": 32, "ts": 1778960735.3497667, "event": "memory_updated", "agent": "agent_1", "round": 3}
2026-05-16 21:45:43,109 - INFO - Tokens - Input: 2308, Output: 930, Total: 3238
{"id": 33, "ts": 1778960743.110989, "event": "public_discussion_message", "round": 3, "agent": "agent_2", "message": "Candidate A \u2013 excellent spatial vision.\nMETADATA_JSON:\n{\"agent\": \"agent_2\", \"vote\": \"Candidate A\"}"}
2026-05-16 21:45:43,111 - INFO - Agent turns: 8
2026-05-16 21:45:56,831 - INFO - Tokens - Input: 1948, Output: 1016, Total: 2964
2026-05-16 21:45:56,839 - INFO - Memory updates: 22
{"id": 34, "ts": 1778960756.8397279, "event": "memory_updated", "agent": "agent_2", "round": 3}
2026-05-16 21:46:01,418 - INFO - Tokens - Input: 2037, Output: 1491, Total: 3528
2026-05-16 21:46:01,421 - INFO - Memory updates: 23
{"id": 35, "ts": 1778960761.421575, "event": "memory_updated", "agent": "agent_3", "round": 3}
2026-05-16 21:46:03,349 - INFO - Tokens - Input: 2020, Output: 1731, Total: 3751
2026-05-16 21:46:03,352 - INFO - Memory updates: 24
{"id": 36, "ts": 1778960763.352376, "event": "memory_updated", "agent": "agent_1", "round": 3}
2026-05-16 21:46:04,927 - INFO - Tokens - Input: 2458, Output: 125, Total: 2583
{"id": 37, "ts": 1778960764.9287605, "event": "public_discussion_message", "round": 3, "agent": "agent_1", "message": "Candidate B \u2013 handles stress very well.\nMETADATA_JSON:\n{\"agent\": \"agent_1\", \"vote\": \"Candidate B\"}"}
2026-05-16 21:46:04,928 - INFO - Agent turns: 9
2026-05-16 21:46:10,524 - INFO - Tokens - Input: 2099, Output: 349, Total: 2448
2026-05-16 21:46:10,527 - INFO - Memory updates: 25
{"id": 38, "ts": 1778960770.5273244, "event": "memory_updated", "agent": "agent_1", "round": 3}
2026-05-16 21:46:11,753 - INFO - Tokens - Input: 2086, Output: 475, Total: 2561
2026-05-16 21:46:11,755 - INFO - Memory updates: 26
{"id": 39, "ts": 1778960771.7552571, "event": "memory_updated", "agent": "agent_3", "round": 3}
2026-05-16 21:46:11,856 - INFO - Tokens - Input: 1998, Output: 489, Total: 2487
2026-05-16 21:46:11,858 - INFO - Memory updates: 27
{"id": 40, "ts": 1778960771.8581283, "event": "memory_updated", "agent": "agent_2", "round": 3}
2026-05-16 21:46:11,865 - INFO - Loop 3 completed
{"id": 41, "ts": 1778960771.8713074, "event": "discussion_order", "round": 4, "order": ["agent_3", "agent_2", "agent_1"]}
2026-05-16 21:46:13,525 - INFO - Tokens - Input: 2481, Output: 144, Total: 2625
{"id": 42, "ts": 1778960773.5271654, "event": "public_discussion_message", "round": 4, "agent": "agent_3", "message": "Candidate B \u2013 handles stress very well.\nMETADATA_JSON:\n{\"agent\": \"agent_3\", \"vote\": \"Candidate B\"}"}
2026-05-16 21:46:13,527 - INFO - Agent turns: 10
2026-05-16 21:46:19,340 - INFO - Tokens - Input: 2135, Output: 372, Total: 2507
2026-05-16 21:46:19,343 - INFO - Memory updates: 28
{"id": 43, "ts": 1778960779.3431835, "event": "memory_updated", "agent": "agent_1", "round": 4}
2026-05-16 21:46:20,431 - INFO - Tokens - Input: 2122, Output: 483, Total: 2605
2026-05-16 21:46:20,434 - INFO - Memory updates: 29
{"id": 44, "ts": 1778960780.434539, "event": "memory_updated", "agent": "agent_3", "round": 4}
2026-05-16 21:46:21,589 - INFO - Tokens - Input: 2034, Output: 630, Total: 2664
2026-05-16 21:46:21,591 - INFO - Memory updates: 30
{"id": 45, "ts": 1778960781.5915716, "event": "memory_updated", "agent": "agent_2", "round": 4}
2026-05-16 21:46:26,982 - INFO - Tokens - Input: 2429, Output: 625, Total: 3054
{"id": 46, "ts": 1778960786.983569, "event": "public_discussion_message", "round": 4, "agent": "agent_2", "message": "Candidate A \u2013 noted as a show\u2011off.\nMETADATA_JSON:\n{\"agent\": \"agent_2\", \"vote\": \"Candidate A\"}"}
2026-05-16 21:46:26,983 - INFO - Agent turns: 11
2026-05-16 21:46:31,967 - INFO - Tokens - Input: 2072, Output: 328, Total: 2400
2026-05-16 21:46:31,970 - INFO - Memory updates: 31
{"id": 47, "ts": 1778960791.9704425, "event": "memory_updated", "agent": "agent_2", "round": 4}
2026-05-16 21:46:34,236 - INFO - Tokens - Input: 2173, Output: 573, Total: 2746
2026-05-16 21:46:34,239 - INFO - Memory updates: 32
{"id": 48, "ts": 1778960794.2393134, "event": "memory_updated", "agent": "agent_1", "round": 4}
2026-05-16 21:46:35,195 - INFO - Tokens - Input: 2159, Output: 695, Total: 2854
2026-05-16 21:46:35,197 - INFO - Memory updates: 33
{"id": 49, "ts": 1778960795.197815, "event": "memory_updated", "agent": "agent_3", "round": 4}
2026-05-16 21:46:36,487 - INFO - Tokens - Input: 2568, Output: 103, Total: 2671
{"id": 50, "ts": 1778960796.4889193, "event": "public_discussion_message", "round": 4, "agent": "agent_1", "message": "Candidate B \u2013 handles stress very well.\nMETADATA_JSON:\n{\"agent\": \"agent_1\", \"vote\": \"Candidate B\"}"}
2026-05-16 21:46:36,489 - INFO - Agent turns: 12
2026-05-16 21:46:41,575 - INFO - Tokens - Input: 2108, Output: 364, Total: 2472
2026-05-16 21:46:41,578 - INFO - Memory updates: 34
{"id": 51, "ts": 1778960801.5783534, "event": "memory_updated", "agent": "agent_2", "round": 4}
2026-05-16 21:46:43,698 - INFO - Tokens - Input: 2209, Output: 590, Total: 2799
2026-05-16 21:46:43,700 - INFO - Memory updates: 35
{"id": 52, "ts": 1778960803.7005465, "event": "memory_updated", "agent": "agent_1", "round": 4}
2026-05-16 21:46:46,823 - INFO - Tokens - Input: 2195, Output: 986, Total: 3181
2026-05-16 21:46:46,826 - INFO - Memory updates: 36
{"id": 53, "ts": 1778960806.8267612, "event": "memory_updated", "agent": "agent_3", "round": 4}
2026-05-16 21:46:46,835 - INFO - Loop 4 completed
{"id": 54, "ts": 1778960806.8420844, "event": "discussion_order", "round": 5, "order": ["agent_3", "agent_2", "agent_1"]}
2026-05-16 21:46:48,473 - INFO - Tokens - Input: 2590, Output: 162, Total: 2752
{"id": 55, "ts": 1778960808.474683, "event": "public_discussion_message", "round": 5, "agent": "agent_3", "message": "Candidate B \u2013 handles stress very well.\nMETADATA_JSON:\n{\"agent\": \"agent_3\", \"vote\": \"Candidate B\"}"}
2026-05-16 21:46:48,474 - INFO - Agent turns: 13
2026-05-16 21:46:52,164 - INFO - Tokens - Input: 2245, Output: 264, Total: 2509
2026-05-16 21:46:52,166 - INFO - Memory updates: 37
{"id": 56, "ts": 1778960812.1667764, "event": "memory_updated", "agent": "agent_1", "round": 5}
2026-05-16 21:46:52,169 - INFO - Tokens - Input: 2231, Output: 263, Total: 2494
2026-05-16 21:46:52,172 - INFO - Memory updates: 38
{"id": 57, "ts": 1778960812.1723208, "event": "memory_updated", "agent": "agent_3", "round": 5}
2026-05-16 21:46:54,011 - INFO - Tokens - Input: 2144, Output: 502, Total: 2646
2026-05-16 21:46:54,014 - INFO - Memory updates: 39
{"id": 58, "ts": 1778960814.0142403, "event": "memory_updated", "agent": "agent_2", "round": 5}
2026-05-16 21:46:59,462 - INFO - Tokens - Input: 2536, Output: 660, Total: 3196
{"id": 59, "ts": 1778960819.4633062, "event": "public_discussion_message", "round": 5, "agent": "agent_2", "message": "Candidate A \u2013 regarded as a show\u2011off.\nMETADATA_JSON:\n{\"agent\": \"agent_2\", \"vote\": \"Candidate A\"}"}
2026-05-16 21:46:59,463 - INFO - Agent turns: 14
2026-05-16 21:47:06,757 - INFO - Tokens - Input: 2179, Output: 503, Total: 2682
2026-05-16 21:47:06,759 - INFO - Memory updates: 40
{"id": 60, "ts": 1778960826.7599962, "event": "memory_updated", "agent": "agent_2", "round": 5}
2026-05-16 21:47:08,264 - INFO - Tokens - Input: 2283, Output: 660, Total: 2943
2026-05-16 21:47:08,266 - INFO - Memory updates: 41
{"id": 61, "ts": 1778960828.26681, "event": "memory_updated", "agent": "agent_1", "round": 5}
2026-05-16 21:47:10,626 - INFO - Tokens - Input: 2269, Output: 952, Total: 3221
2026-05-16 21:47:10,628 - INFO - Memory updates: 42
{"id": 62, "ts": 1778960830.628911, "event": "memory_updated", "agent": "agent_3", "round": 5}
2026-05-16 21:47:12,521 - INFO - Tokens - Input: 2678, Output: 166, Total: 2844
{"id": 63, "ts": 1778960832.5225277, "event": "public_discussion_message", "round": 5, "agent": "agent_1", "message": "Candidate B \u2013 handles stress very well.\nMETADATA_JSON:\n{\"agent\": \"agent_1\", \"vote\": \"Candidate B\"}"}
2026-05-16 21:47:12,522 - INFO - Agent turns: 15
2026-05-16 21:47:17,620 - INFO - Tokens - Input: 2319, Output: 335, Total: 2654
2026-05-16 21:47:17,622 - INFO - Memory updates: 43
{"id": 64, "ts": 1778960837.6225007, "event": "memory_updated", "agent": "agent_1", "round": 5}
2026-05-16 21:47:18,098 - INFO - Tokens - Input: 2215, Output: 383, Total: 2598
2026-05-16 21:47:18,100 - INFO - Memory updates: 44
{"id": 65, "ts": 1778960838.1005833, "event": "memory_updated", "agent": "agent_2", "round": 5}
2026-05-16 21:47:25,794 - INFO - Tokens - Input: 2296, Output: 1359, Total: 3655
2026-05-16 21:47:25,799 - INFO - Memory updates: 45
{"id": 66, "ts": 1778960845.7991407, "event": "memory_updated", "agent": "agent_3", "round": 5}
2026-05-16 21:47:25,808 - INFO - Loop 5 completed
2026-05-16 21:47:25,808 - INFO - Final Chosen Candidate: Candidate B
2026-05-16 21:47:25,808 - INFO - Final Decision Method: max_round_majority_vote
2026-05-16 21:47:25,808 - INFO - Final Vote Count: {'Candidate B': 2, 'Candidate A': 1}
2026-05-16 21:47:25,808 - INFO - Correct Candidate: Candidate C
2026-05-16 21:47:25,808 - INFO - Decision Correct: 0
{"id": 67, "ts": 1778960846.4731324, "event": "context_consistency_calculated", "method": "weighted_section_embedding_cosine", "mean_pairwise_similarity": 0.852549, "pairwise": [{"agent_a": "agent_1", "agent_b": "agent_2", "similarity": 0.873123, "sections": [{"section": "task_summary", "weight": 0.02, "similarity": 1.0}, {"section": "revealed_facts_by_source", "weight": 0.3, "similarity": 0.960268}, {"section": "candidate_evaluation", "weight": 0.35, "similarity": 0.865599}, {"section": "other_agents_positions", "weight": 0.15, "similarity": 0.86649}, {"section": "emerging_group_view", "weight": 0.13, "similarity": 0.631611}, {"section": "open_questions_next_step_focus", "weight": 0.05, "similarity": 1.0}]}, {"agent_a": "agent_1", "agent_b": "agent_3", "similarity": 0.830556, "sections": [{"section": "task_summary", "weight": 0.02, "similarity": 1.0}, {"section": "revealed_facts_by_source", "weight": 0.3, "similarity": 0.92617}, {"section": "candidate_evaluation", "weight": 0.35, "similarity": 0.723922}, {"section": "other_agents_positions", "weight": 0.15, "similarity": 0.883163}, {"section": "emerging_group_view", "weight": 0.13, "similarity": 0.745065}, {"section": "open_questions_next_step_focus", "weight": 0.05, "similarity": 1.0}]}, {"agent_a": "agent_2", "agent_b": "agent_3", "similarity": 0.853969, "sections": [{"section": "task_summary", "weight": 0.02, "similarity": 1.0}, {"section": "revealed_facts_by_source", "weight": 0.3, "similarity": 0.918904}, {"section": "candidate_evaluation", "weight": 0.35, "similarity": 0.767612}, {"section": "other_agents_positions", "weight": 0.15, "similarity": 0.964404}, {"section": "emerging_group_view", "weight": 0.13, "similarity": 0.73056}, {"section": "open_questions_next_step_focus", "weight": 0.05, "similarity": 1.0}]}]}
{"id": 68, "ts": 1778960846.4732628, "event": "gold_standard_alignment_calculated", "method": "rule_based_fact_coverage", "mean_alignment": 0.216667, "by_agent": [{"agent": "agent_1", "score": 0.125, "matched_facts": 5, "total_facts": 40, "matched_public_facts": 4, "total_public_facts": 16, "public_fact_coverage": 0.25, "matched_own_private_facts": 0, "total_own_private_facts": 8, "own_private_fact_coverage": 0.0, "matched_other_private_facts": 1, "total_other_private_facts": 16, "other_private_fact_coverage": 0.0625, "checks": {"public_candidate_a_can_anticipate_dangerous_situations": 1, "public_candidate_a_is_able_to_see_complex_connections": 0, "public_candidate_a_has_excellent_spatial_vision": 1, "public_candidate_a_has_very_good_leadership_qualities": 0, "public_candidate_b_is_very_conscientious": 1, "public_candidate_b_handles_stress_very_well": 1, "public_candidate_b_is_good_at_assessing_weather_conditions": 0, "public_candidate_b_has_excellent_computer_skills": 0, "public_candidate_c_can_make_correct_decisions_quickly": 0, "public_candidate_c_has_difficulty_communicating_ideas": 0, "public_candidate_c_is_regarded_as_egocentric": 0, "public_candidate_c_is_not_very_willing_to_further_his_education": 0, "public_candidate_d_responds_to_unexpected_events_adequately": 0, "public_candidate_d_can_concentrate_very_well": 0, "public_candidate_d_solves_problems_extremely_well": 0, "public_candidate_d_takes_responsibility_seriously": 0, "agent_1_candidate_a_is_sometimes_not_good_at_taking_criticism": 0, "agent_1_candidate_a_can_be_unorganized": 0, "agent_1_candidate_b_can_be_grumpy": 0, "agent_1_candidate_b_can_be_uncooperative": 0, "agent_1_candidate_c_is_known_to_be_100_percent_reliable": 0, "agent_1_candidate_c_creates_a_positive_atmosphere_with_his_crew": 0, "agent_1_candidate_d_is_regarded_as_arrogant": 0, "agent_1_candidate_d_has_relatively_weak_leadership_skills": 0, "agent_2_candidate_a_is_regarded_as_a_show_off": 1, "agent_2_candidate_a_is_regarded_as_being_not_open_to_new_ideas": 0, "agent_2_candidate_b_has_a_relatively_weak_memory_for_numbers": 0, "agent_2_candidate_b_makes_nasty_remarks_about_his_colleagues": 0, "agent_2_candidate_c_keeps_calm_in_a_crisis": 0, "agent_2_candidate_c_understands_complicated_technology": 0, "agent_2_candidate_d_is_regarded_as_a_know_it_all": 0, "agent_2_candidate_d_has_a_hot_temper": 0, "agent_3_candidate_a_is_unfriendly": 0, "agent_3_candidate_a_eats_unhealthily": 0, "agent_3_candidate_b_is_regarded_as_pretentious": 0, "agent_3_candidate_b_sometimes_adopts_the_wrong_tone_when_communicating": 0, "agent_3_candidate_c_puts_concern_for_others_above_everything": 0, "agent_3_candidate_c_has_excellent_attention_skills": 0, "agent_3_candidate_d_is_considered_moody": 0, "agent_3_candidate_d_is_regarded_as_a_loner": 0}}, {"agent": "agent_2", "score": 0.2, "matched_facts": 8, "total_facts": 40, "matched_public_facts": 6, "total_public_facts": 16, "public_fact_coverage": 0.375, "matched_own_private_facts": 2, "total_own_private_facts": 8, "own_private_fact_coverage": 0.25, "matched_other_private_facts": 0, "total_other_private_facts": 16, "other_private_fact_coverage": 0.0, "checks": {"public_candidate_a_can_anticipate_dangerous_situations": 1, "public_candidate_a_is_able_to_see_complex_connections": 1, "public_candidate_a_has_excellent_spatial_vision": 1, "public_candidate_a_has_very_good_leadership_qualities": 1, "public_candidate_b_is_very_conscientious": 1, "public_candidate_b_handles_stress_very_well": 1, "public_candidate_b_is_good_at_assessing_weather_conditions": 0, "public_candidate_b_has_excellent_computer_skills": 0, "public_candidate_c_can_make_correct_decisions_quickly": 0, "public_candidate_c_has_difficulty_communicating_ideas": 0, "public_candidate_c_is_regarded_as_egocentric": 0, "public_candidate_c_is_not_very_willing_to_further_his_education": 0, "public_candidate_d_responds_to_unexpected_events_adequately": 0, "public_candidate_d_can_concentrate_very_well": 0, "public_candidate_d_solves_problems_extremely_well": 0, "public_candidate_d_takes_responsibility_seriously": 0, "agent_1_candidate_a_is_sometimes_not_good_at_taking_criticism": 0, "agent_1_candidate_a_can_be_unorganized": 0, "agent_1_candidate_b_can_be_grumpy": 0, "agent_1_candidate_b_can_be_uncooperative": 0, "agent_1_candidate_c_is_known_to_be_100_percent_reliable": 0, "agent_1_candidate_c_creates_a_positive_atmosphere_with_his_crew": 0, "agent_1_candidate_d_is_regarded_as_arrogant": 0, "agent_1_candidate_d_has_relatively_weak_leadership_skills": 0, "agent_2_candidate_a_is_regarded_as_a_show_off": 1, "agent_2_candidate_a_is_regarded_as_being_not_open_to_new_ideas": 1, "agent_2_candidate_b_has_a_relatively_weak_memory_for_numbers": 0, "agent_2_candidate_b_makes_nasty_remarks_about_his_colleagues": 0, "agent_2_candidate_c_keeps_calm_in_a_crisis": 0, "agent_2_candidate_c_understands_complicated_technology": 0, "agent_2_candidate_d_is_regarded_as_a_know_it_all": 0, "agent_2_candidate_d_has_a_hot_temper": 0, "agent_3_candidate_a_is_unfriendly": 0, "agent_3_candidate_a_eats_unhealthily": 0, "agent_3_candidate_b_is_regarded_as_pretentious": 0, "agent_3_candidate_b_sometimes_adopts_the_wrong_tone_when_communicating": 0, "agent_3_candidate_c_puts_concern_for_others_above_everything": 0, "agent_3_candidate_c_has_excellent_attention_skills": 0, "agent_3_candidate_d_is_considered_moody": 0, "agent_3_candidate_d_is_regarded_as_a_loner": 0}}, {"agent": "agent_3", "score": 0.325, "matched_facts": 13, "total_facts": 40, "matched_public_facts": 8, "total_public_facts": 16, "public_fact_coverage": 0.5, "matched_own_private_facts": 4, "total_own_private_facts": 8, "own_private_fact_coverage": 0.5, "matched_other_private_facts": 1, "total_other_private_facts": 16, "other_private_fact_coverage": 0.0625, "checks": {"public_candidate_a_can_anticipate_dangerous_situations": 1, "public_candidate_a_is_able_to_see_complex_connections": 1, "public_candidate_a_has_excellent_spatial_vision": 1, "public_candidate_a_has_very_good_leadership_qualities": 1, "public_candidate_b_is_very_conscientious": 1, "public_candidate_b_handles_stress_very_well": 1, "public_candidate_b_is_good_at_assessing_weather_conditions": 1, "public_candidate_b_has_excellent_computer_skills": 1, "public_candidate_c_can_make_correct_decisions_quickly": 0, "public_candidate_c_has_difficulty_communicating_ideas": 0, "public_candidate_c_is_regarded_as_egocentric": 0, "public_candidate_c_is_not_very_willing_to_further_his_education": 0, "public_candidate_d_responds_to_unexpected_events_adequately": 0, "public_candidate_d_can_concentrate_very_well": 0, "public_candidate_d_solves_problems_extremely_well": 0, "public_candidate_d_takes_responsibility_seriously": 0, "agent_1_candidate_a_is_sometimes_not_good_at_taking_criticism": 0, "agent_1_candidate_a_can_be_unorganized": 0, "agent_1_candidate_b_can_be_grumpy": 0, "agent_1_candidate_b_can_be_uncooperative": 0, "agent_1_candidate_c_is_known_to_be_100_percent_reliable": 0, "agent_1_candidate_c_creates_a_positive_atmosphere_with_his_crew": 0, "agent_1_candidate_d_is_regarded_as_arrogant": 0, "agent_1_candidate_d_has_relatively_weak_leadership_skills": 0, "agent_2_candidate_a_is_regarded_as_a_show_off": 1, "agent_2_candidate_a_is_regarded_as_being_not_open_to_new_ideas": 0, "agent_2_candidate_b_has_a_relatively_weak_memory_for_numbers": 0, "agent_2_candidate_b_makes_nasty_remarks_about_his_colleagues": 0, "agent_2_candidate_c_keeps_calm_in_a_crisis": 0, "agent_2_candidate_c_understands_complicated_technology": 0, "agent_2_candidate_d_is_regarded_as_a_know_it_all": 0, "agent_2_candidate_d_has_a_hot_temper": 0, "agent_3_candidate_a_is_unfriendly": 1, "agent_3_candidate_a_eats_unhealthily": 1, "agent_3_candidate_b_is_regarded_as_pretentious": 1, "agent_3_candidate_b_sometimes_adopts_the_wrong_tone_when_communicating": 1, "agent_3_candidate_c_puts_concern_for_others_above_everything": 0, "agent_3_candidate_c_has_excellent_attention_skills": 0, "agent_3_candidate_d_is_considered_moody": 0, "agent_3_candidate_d_is_regarded_as_a_loner": 0}}]}
{"id": 69, "ts": 1778960846.4733794, "event": "agent_memories_archived", "directory": "/home/lhegemann/git/bachelor_thesis/01_data/raw/simulations/low/low_treatment_20260516_211353_009/shared_mental_models", "round": 5}
{"id": 70, "ts": 1778960846.4734175, "event": "final_decision", "candidate": "Candidate B", "method": "max_round_majority_vote", "vote_count": {"Candidate B": 2, "Candidate A": 1}, "correct_candidate": "Candidate C", "decision_correct": 0, "round": 5}
2026-05-16 21:47:26,483 - INFO - ======================================================================
2026-05-16 21:47:26,483 - INFO - SIMULATION METRICS
2026-05-16 21:47:26,483 - INFO - ======================================================================
2026-05-16 21:47:26,483 - INFO - Total Loops: 5
2026-05-16 21:47:26,483 - INFO - Agent Turns (no vote checker): 15
2026-05-16 21:47:26,483 - INFO - Agent Tool Calls: 0
2026-05-16 21:47:26,483 - INFO - Agent Tool Messages: 0
2026-05-16 21:47:26,483 - INFO - Memory Updates: 45
2026-05-16 21:47:26,483 - INFO - Total Messages (no vote checker): 15
2026-05-16 21:47:26,483 - INFO - Input Tokens: 123402
2026-05-16 21:47:26,483 - INFO - Output Tokens: 44520
2026-05-16 21:47:26,483 - INFO - Total Tokens: 167922
2026-05-16 21:47:26,483 - INFO - Final Chosen Candidate: Candidate B
2026-05-16 21:47:26,483 - INFO - Final Decision Method: max_round_majority_vote
2026-05-16 21:47:26,483 - INFO - Final Vote Count: {'Candidate B': 2, 'Candidate A': 1}
2026-05-16 21:47:26,483 - INFO - Correct Candidate: Candidate C
2026-05-16 21:47:26,483 - INFO - Decision Correct: 0
2026-05-16 21:47:26,483 - INFO - Runtime: 253.64s
2026-05-16 21:47:26,484 - INFO - ======================================================================
