2026-05-08 11:47:27,106 - INFO - Metrics tracker initialized
{"id": 1, "ts": 1778233647.132573, "event": "memory_reset"}
{"id": 2, "ts": 1778233647.13652, "event": "discussion_order", "round": 1, "order": ["agent_2", "agent_3", "agent_1"]}
2026-05-08 11:47:33,313 - INFO - Tokens - Input: 1395, Output: 553, Total: 1948
{"id": 3, "ts": 1778233653.3149767, "event": "public_discussion_message", "round": 1, "agent": "agent_2", "message": "I prefer Candidate A; noted as being regarded as a show\u2011off.\nMETADATA_JSON:\n{\"agent\": \"agent_2\", \"vote\": \"Candidate A\"}"}
2026-05-08 11:47:33,315 - INFO - Agent turns: 1
2026-05-08 11:47:37,741 - INFO - Tokens - Input: 1454, Output: 582, Total: 2036
{"id": 4, "ts": 1778233657.7430866, "event": "public_discussion_message", "round": 1, "agent": "agent_3", "message": "I prefer Candidate D; solves problems extremely well.\nMETADATA_JSON:\n{\"agent\": \"agent_3\", \"vote\": \"Candidate D\"}"}
2026-05-08 11:47:37,743 - INFO - Agent turns: 2
2026-05-08 11:47:42,800 - INFO - Tokens - Input: 1492, Output: 835, Total: 2327
{"id": 5, "ts": 1778233662.8023572, "event": "public_discussion_message", "round": 1, "agent": "agent_1", "message": "I prefer Candidate A; has very good leadership qualities.\nMETADATA_JSON:\n{\"agent\": \"agent_1\", \"vote\": \"Candidate A\"}"}
2026-05-08 11:47:42,802 - INFO - Agent turns: 3
2026-05-08 11:47:42,810 - INFO - Loop 1 completed
{"id": 6, "ts": 1778233662.8161042, "event": "discussion_order", "round": 2, "order": ["agent_2", "agent_3", "agent_1"]}
2026-05-08 11:47:45,656 - INFO - Tokens - Input: 1528, Output: 470, Total: 1998
{"id": 7, "ts": 1778233665.6582935, "event": "public_discussion_message", "round": 2, "agent": "agent_2", "message": "I still favor Candidate A; excellent spatial vision.\nMETADATA_JSON:\n{\"agent\": \"agent_2\", \"vote\": \"Candidate A\"}"}
2026-05-08 11:47:45,658 - INFO - Agent turns: 4
2026-05-08 11:47:51,238 - INFO - Tokens - Input: 1564, Output: 771, Total: 2335
{"id": 8, "ts": 1778233671.2401073, "event": "public_discussion_message", "round": 2, "agent": "agent_3", "message": "I prefer Candidate B; handles stress very well.\nMETADATA_JSON:\n{\"agent\": \"agent_3\", \"vote\": \"Candidate B\"}"}
2026-05-08 11:47:51,240 - INFO - Agent turns: 5
2026-05-08 11:47:55,539 - INFO - Tokens - Input: 1607, Output: 643, Total: 2250
{"id": 9, "ts": 1778233675.5406878, "event": "public_discussion_message", "round": 2, "agent": "agent_1", "message": "I prefer Candidate C; known to be 100% reliable.\nMETADATA_JSON:\n{\"agent\": \"agent_1\", \"vote\": \"Candidate C\"}"}
2026-05-08 11:47:55,540 - INFO - Agent turns: 6
2026-05-08 11:47:55,549 - INFO - Loop 2 completed
{"id": 10, "ts": 1778233675.5559587, "event": "discussion_order", "round": 3, "order": ["agent_1", "agent_3", "agent_2"]}
2026-05-08 11:48:01,131 - INFO - Tokens - Input: 1649, Output: 836, Total: 2485
{"id": 11, "ts": 1778233681.1333437, "event": "public_discussion_message", "round": 3, "agent": "agent_1", "message": "I prefer Candidate A; can anticipate dangerous situations.\nMETADATA_JSON:\n{\"agent\": \"agent_1\", \"vote\": \"Candidate A\"}"}
2026-05-08 11:48:01,133 - INFO - Agent turns: 7
2026-05-08 11:48:09,458 - INFO - Tokens - Input: 1681, Output: 1074, Total: 2755
{"id": 12, "ts": 1778233689.4601378, "event": "public_discussion_message", "round": 3, "agent": "agent_3", "message": "I prefer Candidate B; handles stress very well.\nMETADATA_JSON:\n{\"agent\": \"agent_3\", \"vote\": \"Candidate B\"}"}
2026-05-08 11:48:09,460 - INFO - Agent turns: 8
2026-05-08 11:48:12,224 - INFO - Tokens - Input: 1727, Output: 510, Total: 2237
{"id": 13, "ts": 1778233692.2256515, "event": "public_discussion_message", "round": 3, "agent": "agent_2", "message": "I prefer Candidate A; excellent spatial vision.\nMETADATA_JSON:\n{\"agent\": \"agent_2\", \"vote\": \"Candidate A\"}"}
2026-05-08 11:48:12,225 - INFO - Agent turns: 9
2026-05-08 11:48:12,235 - INFO - Loop 3 completed
{"id": 14, "ts": 1778233692.2409806, "event": "discussion_order", "round": 4, "order": ["agent_3", "agent_1", "agent_2"]}
2026-05-08 11:48:17,287 - INFO - Tokens - Input: 1750, Output: 726, Total: 2476
{"id": 15, "ts": 1778233697.2886631, "event": "public_discussion_message", "round": 4, "agent": "agent_3", "message": "I prefer Candidate B; handles stress very well.\nMETADATA_JSON:\n{\"agent\": \"agent_3\", \"vote\": \"Candidate B\"}"}
2026-05-08 11:48:17,288 - INFO - Agent turns: 10
2026-05-08 11:48:22,396 - INFO - Tokens - Input: 1799, Output: 767, Total: 2566
{"id": 16, "ts": 1778233702.3977227, "event": "public_discussion_message", "round": 4, "agent": "agent_1", "message": "I prefer Candidate A; anticipates dangerous situations.\nMETADATA_JSON:\n{\"agent\": \"agent_1\", \"vote\": \"Candidate A\"}"}
2026-05-08 11:48:22,397 - INFO - Agent turns: 11
2026-05-08 11:48:30,221 - INFO - Tokens - Input: 1840, Output: 733, Total: 2573
{"id": 17, "ts": 1778233710.2228487, "event": "public_discussion_message", "round": 4, "agent": "agent_2", "message": "I prefer Candidate A; regarded as a show\u2011off.\nMETADATA_JSON:\n{\"agent\": \"agent_2\", \"vote\": \"Candidate A\"}"}
2026-05-08 11:48:30,223 - INFO - Agent turns: 12
2026-05-08 11:48:30,231 - INFO - Loop 4 completed
{"id": 18, "ts": 1778233710.2373247, "event": "discussion_order", "round": 5, "order": ["agent_3", "agent_2", "agent_1"]}
2026-05-08 11:48:34,151 - INFO - Tokens - Input: 1866, Output: 522, Total: 2388
{"id": 19, "ts": 1778233714.1526299, "event": "public_discussion_message", "round": 5, "agent": "agent_3", "message": "I prefer Candidate B; handles stress very well.\nMETADATA_JSON:\n{\"agent\": \"agent_3\", \"vote\": \"Candidate B\"}"}
2026-05-08 11:48:34,152 - INFO - Agent turns: 13
2026-05-08 11:48:35,179 - INFO - Tokens - Input: 1918, Output: 161, Total: 2079
{"id": 20, "ts": 1778233715.1814458, "event": "public_discussion_message", "round": 5, "agent": "agent_2", "message": "I prefer Candidate A; regarded as a show\u2011off.\nMETADATA_JSON:\n{\"agent\": \"agent_2\", \"vote\": \"Candidate A\"}"}
2026-05-08 11:48:35,181 - INFO - Agent turns: 14
2026-05-08 11:48:38,655 - INFO - Tokens - Input: 1957, Output: 656, Total: 2613
{"id": 21, "ts": 1778233718.6602986, "event": "public_discussion_message", "round": 5, "agent": "agent_1", "message": "I prefer Candidate C; known to be 100% reliable.\nMETADATA_JSON:\n{\"agent\": \"agent_1\", \"vote\": \"Candidate C\"}"}
2026-05-08 11:48:38,660 - INFO - Agent turns: 15
2026-05-08 11:48:38,677 - INFO - Loop 5 completed
2026-05-08 11:48:38,678 - INFO - Final Chosen Candidate: None
2026-05-08 11:48:38,678 - INFO - Final Decision Method: max_round_no_majority
2026-05-08 11:48:38,678 - INFO - Final Vote Count: {'Candidate C': 1, 'Candidate A': 1, 'Candidate B': 1}
2026-05-08 11:48:38,678 - INFO - Correct Candidate: Candidate C
2026-05-08 11:48:38,678 - INFO - Decision Correct: 0
{"id": 22, "ts": 1778233718.6798718, "event": "context_consistency_not_applicable", "reason": "explicit_smm_memory_disabled"}
{"id": 23, "ts": 1778233718.6800287, "event": "final_decision", "candidate": null, "method": "max_round_no_majority", "vote_count": {"Candidate C": 1, "Candidate A": 1, "Candidate B": 1}, "correct_candidate": "Candidate C", "decision_correct": 0, "round": 5}
2026-05-08 11:48:38,690 - INFO - ======================================================================
2026-05-08 11:48:38,690 - INFO - SIMULATION METRICS
2026-05-08 11:48:38,690 - INFO - ======================================================================
2026-05-08 11:48:38,690 - INFO - Total Loops: 5
2026-05-08 11:48:38,691 - INFO - Agent Turns (no vote checker): 15
2026-05-08 11:48:38,691 - INFO - Agent Tool Calls: 0
2026-05-08 11:48:38,691 - INFO - Agent Tool Messages: 0
2026-05-08 11:48:38,691 - INFO - Memory Updates: 0
2026-05-08 11:48:38,691 - INFO - Total Messages (no vote checker): 15
2026-05-08 11:48:38,691 - INFO - Input Tokens: 25227
2026-05-08 11:48:38,691 - INFO - Output Tokens: 9839
2026-05-08 11:48:38,691 - INFO - Total Tokens: 35066
2026-05-08 11:48:38,691 - INFO - Final Chosen Candidate: None
2026-05-08 11:48:38,691 - INFO - Final Decision Method: max_round_no_majority
2026-05-08 11:48:38,691 - INFO - Final Vote Count: {'Candidate C': 1, 'Candidate A': 1, 'Candidate B': 1}
2026-05-08 11:48:38,691 - INFO - Correct Candidate: Candidate C
2026-05-08 11:48:38,691 - INFO - Decision Correct: 0
2026-05-08 11:48:38,692 - INFO - Runtime: 71.58s
2026-05-08 11:48:38,692 - INFO - ======================================================================
