2026-05-10 00:31:40,833 - INFO - Metrics tracker initialized
{"id": 1, "ts": 1778365900.8589854, "event": "memory_reset"}
{"id": 2, "ts": 1778365900.8639479, "event": "discussion_order", "round": 1, "order": ["agent_2", "agent_3", "agent_1"]}
2026-05-10 00:31:51,291 - INFO - Tokens - Input: 1689, Output: 803, Total: 2492
{"id": 3, "ts": 1778365911.2927866, "event": "public_discussion_message", "round": 1, "agent": "agent_2", "message": "Candidate B \u2013 makes nasty remarks about colleagues.\nMETADATA_JSON:\n{\"agent\": \"agent_2\", \"vote\": \"Candidate B\"}"}
2026-05-10 00:31:51,292 - INFO - Agent turns: 1
2026-05-10 00:32:04,606 - INFO - Tokens - Input: 1189, Output: 1305, Total: 2494
2026-05-10 00:32:04,609 - INFO - Memory updates: 1
{"id": 4, "ts": 1778365924.609223, "event": "memory_updated", "agent": "agent_1", "round": 1}
2026-05-10 00:32:06,997 - INFO - Tokens - Input: 1184, Output: 1559, Total: 2743
2026-05-10 00:32:06,999 - INFO - Memory updates: 2
{"id": 5, "ts": 1778365926.9994164, "event": "memory_updated", "agent": "agent_3", "round": 1}
2026-05-10 00:32:07,607 - INFO - Tokens - Input: 1192, Output: 1696, Total: 2888
2026-05-10 00:32:07,609 - INFO - Memory updates: 3
{"id": 6, "ts": 1778365927.609493, "event": "memory_updated", "agent": "agent_2", "round": 1}
2026-05-10 00:32:14,260 - INFO - Tokens - Input: 2342, Output: 437, Total: 2779
{"id": 7, "ts": 1778365934.2614198, "event": "public_discussion_message", "round": 1, "agent": "agent_3", "message": "Candidate D \u2013 considered moody.\nMETADATA_JSON:\n{\"agent\": \"agent_3\", \"vote\": \"Candidate D\"}"}
2026-05-10 00:32:14,261 - INFO - Agent turns: 2
2026-05-10 00:32:20,239 - INFO - Tokens - Input: 1742, Output: 732, Total: 2474
2026-05-10 00:32:20,240 - INFO - Memory updates: 4
{"id": 8, "ts": 1778365940.2410882, "event": "memory_updated", "agent": "agent_2", "round": 1}
2026-05-10 00:32:23,911 - INFO - Tokens - Input: 1799, Output: 1221, Total: 3020
2026-05-10 00:32:23,913 - INFO - Memory updates: 5
{"id": 9, "ts": 1778365943.9139292, "event": "memory_updated", "agent": "agent_1", "round": 1}
2026-05-10 00:32:27,409 - INFO - Tokens - Input: 1846, Output: 1428, Total: 3274
2026-05-10 00:32:27,411 - INFO - Memory updates: 6
{"id": 10, "ts": 1778365947.4111435, "event": "memory_updated", "agent": "agent_3", "round": 1}
2026-05-10 00:32:32,875 - INFO - Tokens - Input: 2262, Output: 402, Total: 2664
{"id": 11, "ts": 1778365952.8772895, "event": "public_discussion_message", "round": 1, "agent": "agent_1", "message": "Candidate A \u2013 excellent spatial vision.\nMETADATA_JSON:\n{\"agent\": \"agent_1\", \"vote\": \"Candidate A\"}"}
2026-05-10 00:32:32,877 - INFO - Agent turns: 3
2026-05-10 00:32:46,479 - INFO - Tokens - Input: 1507, Output: 1009, Total: 2516
2026-05-10 00:32:46,480 - INFO - Memory updates: 7
{"id": 12, "ts": 1778365966.4807699, "event": "memory_updated", "agent": "agent_2", "round": 1}
2026-05-10 00:32:47,327 - INFO - Tokens - Input: 1766, Output: 1121, Total: 2887
2026-05-10 00:32:47,329 - INFO - Memory updates: 8
{"id": 13, "ts": 1778365967.3294659, "event": "memory_updated", "agent": "agent_1", "round": 1}
2026-05-10 00:32:51,578 - INFO - Tokens - Input: 1971, Output: 1492, Total: 3463
2026-05-10 00:32:51,580 - INFO - Memory updates: 9
{"id": 14, "ts": 1778365971.5805728, "event": "memory_updated", "agent": "agent_3", "round": 1}
2026-05-10 00:32:51,589 - INFO - Loop 1 completed
{"id": 15, "ts": 1778365971.5951583, "event": "discussion_order", "round": 2, "order": ["agent_2", "agent_1", "agent_3"]}
2026-05-10 00:32:56,303 - INFO - Tokens - Input: 2099, Output: 297, Total: 2396
{"id": 16, "ts": 1778365976.3044686, "event": "public_discussion_message", "round": 2, "agent": "agent_2", "message": "Candidate B \u2013 handles stress well\nMETADATA_JSON:\n{\"agent\": \"agent_2\", \"vote\": \"Candidate B\"}"}
2026-05-10 00:32:56,304 - INFO - Agent turns: 4
2026-05-10 00:33:04,434 - INFO - Tokens - Input: 2020, Output: 1004, Total: 3024
2026-05-10 00:33:04,436 - INFO - Memory updates: 10
{"id": 17, "ts": 1778365984.4365745, "event": "memory_updated", "agent": "agent_3", "round": 2}
2026-05-10 00:33:06,986 - INFO - Tokens - Input: 1815, Output: 1196, Total: 3011
2026-05-10 00:33:06,988 - INFO - Memory updates: 11
{"id": 18, "ts": 1778365986.9889688, "event": "memory_updated", "agent": "agent_1", "round": 2}
2026-05-10 00:33:34,399 - INFO - Tokens - Input: 1578, Output: 1021, Total: 2599
2026-05-10 00:33:34,401 - INFO - Memory updates: 12
{"id": 19, "ts": 1778366014.401503, "event": "memory_updated", "agent": "agent_2", "round": 2}
2026-05-10 00:33:44,743 - INFO - Tokens - Input: 2381, Output: 562, Total: 2943
{"id": 20, "ts": 1778366024.7445624, "event": "public_discussion_message", "round": 2, "agent": "agent_1", "message": "Candidate C \u2013 known to be 100% reliable.\nMETADATA_JSON:\n{\"agent\": \"agent_1\", \"vote\": \"Candidate C\"}"}
2026-05-10 00:33:44,744 - INFO - Agent turns: 5
2026-05-10 00:33:52,295 - INFO - Tokens - Input: 1893, Output: 741, Total: 2634
2026-05-10 00:33:52,297 - INFO - Memory updates: 13
{"id": 21, "ts": 1778366032.2976203, "event": "memory_updated", "agent": "agent_1", "round": 2}
2026-05-10 00:33:55,302 - INFO - Tokens - Input: 1620, Output: 1064, Total: 2684
2026-05-10 00:33:55,304 - INFO - Memory updates: 14
{"id": 22, "ts": 1778366035.3043532, "event": "memory_updated", "agent": "agent_2", "round": 2}
2026-05-10 00:33:56,703 - INFO - Tokens - Input: 1797, Output: 1393, Total: 3190
2026-05-10 00:33:56,705 - INFO - Memory updates: 15
{"id": 23, "ts": 1778366036.7054198, "event": "memory_updated", "agent": "agent_3", "round": 2}
2026-05-10 00:33:59,930 - INFO - Tokens - Input: 2317, Output: 173, Total: 2490
{"id": 24, "ts": 1778366039.9315293, "event": "public_discussion_message", "round": 2, "agent": "agent_3", "message": "Candidate D \u2013 solves problems extremely well.\nMETADATA_JSON:\n{\"agent\": \"agent_3\", \"vote\": \"Candidate D\"}"}
2026-05-10 00:33:59,931 - INFO - Agent turns: 6
2026-05-10 00:34:09,212 - INFO - Tokens - Input: 1605, Output: 1005, Total: 2610
2026-05-10 00:34:09,214 - INFO - Memory updates: 16
{"id": 25, "ts": 1778366049.214339, "event": "memory_updated", "agent": "agent_1", "round": 2}
2026-05-10 00:34:09,672 - INFO - Tokens - Input: 1680, Output: 1112, Total: 2792
2026-05-10 00:34:09,673 - INFO - Memory updates: 17
{"id": 26, "ts": 1778366049.6738286, "event": "memory_updated", "agent": "agent_2", "round": 2}
2026-05-10 00:34:10,898 - INFO - Tokens - Input: 1823, Output: 1052, Total: 2875
2026-05-10 00:34:10,900 - INFO - Memory updates: 18
{"id": 27, "ts": 1778366050.900756, "event": "memory_updated", "agent": "agent_3", "round": 2}
2026-05-10 00:34:10,909 - INFO - Loop 2 completed
{"id": 28, "ts": 1778366050.9150498, "event": "discussion_order", "round": 3, "order": ["agent_2", "agent_3", "agent_1"]}
2026-05-10 00:34:14,389 - INFO - Tokens - Input: 2338, Output: 323, Total: 2661
{"id": 29, "ts": 1778366054.3908713, "event": "public_discussion_message", "round": 3, "agent": "agent_2", "message": "Candidate B \u2013 handles stress well\nMETADATA_JSON:\n{\"agent\": \"agent_2\", \"vote\": \"Candidate B\"}"}
2026-05-10 00:34:14,391 - INFO - Agent turns: 7
2026-05-10 00:34:22,608 - INFO - Tokens - Input: 1817, Output: 908, Total: 2725
2026-05-10 00:34:22,610 - INFO - Memory updates: 19
{"id": 30, "ts": 1778366062.610328, "event": "memory_updated", "agent": "agent_2", "round": 3}
2026-05-10 00:34:23,742 - INFO - Tokens - Input: 1858, Output: 971, Total: 2829
2026-05-10 00:34:23,744 - INFO - Memory updates: 20
{"id": 31, "ts": 1778366063.744585, "event": "memory_updated", "agent": "agent_3", "round": 3}
2026-05-10 00:34:28,417 - INFO - Tokens - Input: 1676, Output: 988, Total: 2664
2026-05-10 00:34:28,418 - INFO - Memory updates: 21
{"id": 32, "ts": 1778366068.4190366, "event": "memory_updated", "agent": "agent_1", "round": 3}
2026-05-10 00:34:35,822 - INFO - Tokens - Input: 2364, Output: 147, Total: 2511
{"id": 33, "ts": 1778366075.8242307, "event": "public_discussion_message", "round": 3, "agent": "agent_3", "message": "I prefer Candidate D \u2013 takes responsibility seriously.\nMETADATA_JSON:\n{\"agent\": \"agent_3\", \"vote\": \"Candidate D\"}"}
2026-05-10 00:34:35,824 - INFO - Agent turns: 8
2026-05-10 00:34:52,081 - INFO - Tokens - Input: 1872, Output: 1005, Total: 2877
2026-05-10 00:34:52,082 - INFO - Memory updates: 22
{"id": 34, "ts": 1778366092.0829082, "event": "memory_updated", "agent": "agent_3", "round": 3}
2026-05-10 00:34:52,813 - INFO - Tokens - Input: 1638, Output: 1140, Total: 2778
2026-05-10 00:34:52,815 - INFO - Memory updates: 23
{"id": 35, "ts": 1778366092.8157067, "event": "memory_updated", "agent": "agent_1", "round": 3}
2026-05-10 00:34:54,468 - INFO - Tokens - Input: 1858, Output: 1292, Total: 3150
2026-05-10 00:34:54,470 - INFO - Memory updates: 24
{"id": 36, "ts": 1778366094.47068, "event": "memory_updated", "agent": "agent_2", "round": 3}
2026-05-10 00:34:57,604 - INFO - Tokens - Input: 2162, Output: 167, Total: 2329
{"id": 37, "ts": 1778366097.606128, "event": "public_discussion_message", "round": 3, "agent": "agent_1", "message": "Candidate C \u2013 known to be 100% reliable.\nMETADATA_JSON:\n{\"agent\": \"agent_1\", \"vote\": \"Candidate C\"}"}
2026-05-10 00:34:57,606 - INFO - Agent turns: 9
2026-05-10 00:35:04,556 - INFO - Tokens - Input: 1674, Output: 746, Total: 2420
2026-05-10 00:35:04,558 - INFO - Memory updates: 25
{"id": 38, "ts": 1778366104.5590591, "event": "memory_updated", "agent": "agent_1", "round": 3}
2026-05-10 00:35:06,461 - INFO - Tokens - Input: 1914, Output: 924, Total: 2838
2026-05-10 00:35:06,463 - INFO - Memory updates: 26
{"id": 39, "ts": 1778366106.463743, "event": "memory_updated", "agent": "agent_2", "round": 3}
2026-05-10 00:35:17,184 - INFO - Tokens - Input: 1919, Output: 1349, Total: 3268
2026-05-10 00:35:17,186 - INFO - Memory updates: 27
{"id": 40, "ts": 1778366117.1866233, "event": "memory_updated", "agent": "agent_3", "round": 3}
2026-05-10 00:35:17,195 - INFO - Loop 3 completed
{"id": 41, "ts": 1778366117.2023606, "event": "discussion_order", "round": 4, "order": ["agent_2", "agent_1", "agent_3"]}
2026-05-10 00:35:18,596 - INFO - Tokens - Input: 2318, Output: 138, Total: 2456
{"id": 42, "ts": 1778366118.598315, "event": "public_discussion_message", "round": 4, "agent": "agent_2", "message": "Candidate B \u2013 handles stress well\nMETADATA_JSON:\n{\"agent\": \"agent_2\", \"vote\": \"Candidate B\"}"}
2026-05-10 00:35:18,598 - INFO - Agent turns: 10
2026-05-10 00:35:26,001 - INFO - Tokens - Input: 1796, Output: 977, Total: 2773
2026-05-10 00:35:26,003 - INFO - Memory updates: 28
{"id": 43, "ts": 1778366126.0040407, "event": "memory_updated", "agent": "agent_3", "round": 4}
2026-05-10 00:35:27,278 - INFO - Tokens - Input: 1717, Output: 1110, Total: 2827
2026-05-10 00:35:27,279 - INFO - Memory updates: 29
{"id": 44, "ts": 1778366127.2800155, "event": "memory_updated", "agent": "agent_1", "round": 4}
2026-05-10 00:35:28,526 - INFO - Tokens - Input: 1797, Output: 1163, Total: 2960
2026-05-10 00:35:28,528 - INFO - Memory updates: 30
{"id": 45, "ts": 1778366128.5289266, "event": "memory_updated", "agent": "agent_2", "round": 4}
2026-05-10 00:35:38,132 - INFO - Tokens - Input: 2263, Output: 213, Total: 2476
{"id": 46, "ts": 1778366138.1341345, "event": "public_discussion_message", "round": 4, "agent": "agent_1", "message": "Candidate C \u2013 known to be 100% reliable.\nMETADATA_JSON:\n{\"agent\": \"agent_1\", \"vote\": \"Candidate C\"}"}
2026-05-10 00:35:38,134 - INFO - Agent turns: 11
2026-05-10 00:35:50,089 - INFO - Tokens - Input: 1777, Output: 781, Total: 2558
2026-05-10 00:35:50,091 - INFO - Memory updates: 31
{"id": 47, "ts": 1778366150.0915213, "event": "memory_updated", "agent": "agent_3", "round": 4}
2026-05-10 00:35:50,822 - INFO - Tokens - Input: 1782, Output: 790, Total: 2572
2026-05-10 00:35:50,824 - INFO - Memory updates: 32
{"id": 48, "ts": 1778366150.8245249, "event": "memory_updated", "agent": "agent_2", "round": 4}
2026-05-10 00:35:52,882 - INFO - Tokens - Input: 1775, Output: 789, Total: 2564
2026-05-10 00:35:52,884 - INFO - Memory updates: 33
{"id": 49, "ts": 1778366152.884418, "event": "memory_updated", "agent": "agent_1", "round": 4}
2026-05-10 00:35:54,715 - INFO - Tokens - Input: 2312, Output: 215, Total: 2527
{"id": 50, "ts": 1778366154.7165074, "event": "public_discussion_message", "round": 4, "agent": "agent_3", "message": "I prefer Candidate D \u2013 takes responsibility seriously.\nMETADATA_JSON:\n{\"agent\": \"agent_3\", \"vote\": \"Candidate D\"}"}
2026-05-10 00:35:54,716 - INFO - Agent turns: 12
2026-05-10 00:36:01,275 - INFO - Tokens - Input: 1821, Output: 786, Total: 2607
2026-05-10 00:36:01,277 - INFO - Memory updates: 34
{"id": 51, "ts": 1778366161.2773967, "event": "memory_updated", "agent": "agent_1", "round": 4}
2026-05-10 00:36:02,202 - INFO - Tokens - Input: 1820, Output: 816, Total: 2636
2026-05-10 00:36:02,204 - INFO - Memory updates: 35
{"id": 52, "ts": 1778366162.2046623, "event": "memory_updated", "agent": "agent_3", "round": 4}
2026-05-10 00:36:04,180 - INFO - Tokens - Input: 1806, Output: 1094, Total: 2900
2026-05-10 00:36:04,181 - INFO - Memory updates: 36
{"id": 53, "ts": 1778366164.1821291, "event": "memory_updated", "agent": "agent_2", "round": 4}
2026-05-10 00:36:04,191 - INFO - Loop 4 completed
{"id": 54, "ts": 1778366164.1976895, "event": "discussion_order", "round": 5, "order": ["agent_2", "agent_1", "agent_3"]}
2026-05-10 00:36:06,302 - INFO - Tokens - Input: 2370, Output: 156, Total: 2526
{"id": 55, "ts": 1778366166.3042562, "event": "public_discussion_message", "round": 5, "agent": "agent_2", "message": "Candidate B \u2013 handles stress well.\nMETADATA_JSON:\n{\"agent\": \"agent_2\", \"vote\": \"Candidate B\"}"}
2026-05-10 00:36:06,304 - INFO - Agent turns: 13
2026-05-10 00:36:13,170 - INFO - Tokens - Input: 1849, Output: 671, Total: 2520
2026-05-10 00:36:13,172 - INFO - Memory updates: 37
{"id": 56, "ts": 1778366173.1723804, "event": "memory_updated", "agent": "agent_2", "round": 5}
2026-05-10 00:36:13,323 - INFO - Tokens - Input: 1770, Output: 762, Total: 2532
2026-05-10 00:36:13,325 - INFO - Memory updates: 38
{"id": 57, "ts": 1778366173.3251848, "event": "memory_updated", "agent": "agent_3", "round": 5}
2026-05-10 00:36:15,343 - INFO - Tokens - Input: 1838, Output: 1033, Total: 2871
2026-05-10 00:36:15,345 - INFO - Memory updates: 39
{"id": 58, "ts": 1778366175.3454788, "event": "memory_updated", "agent": "agent_1", "round": 5}
2026-05-10 00:36:21,847 - INFO - Tokens - Input: 2355, Output: 120, Total: 2475
{"id": 59, "ts": 1778366181.8487213, "event": "public_discussion_message", "round": 5, "agent": "agent_1", "message": "Candidate C \u2013 known to be 100% reliable.\nMETADATA_JSON:\n{\"agent\": \"agent_1\", \"vote\": \"Candidate C\"}"}
2026-05-10 00:36:21,848 - INFO - Agent turns: 14
2026-05-10 00:36:27,862 - INFO - Tokens - Input: 1867, Output: 679, Total: 2546
2026-05-10 00:36:27,863 - INFO - Memory updates: 40
{"id": 60, "ts": 1778366187.8640041, "event": "memory_updated", "agent": "agent_1", "round": 5}
2026-05-10 00:36:28,226 - INFO - Tokens - Input: 1811, Output: 749, Total: 2560
2026-05-10 00:36:28,228 - INFO - Memory updates: 41
{"id": 61, "ts": 1778366188.228612, "event": "memory_updated", "agent": "agent_3", "round": 5}
2026-05-10 00:36:31,987 - INFO - Tokens - Input: 1889, Output: 1229, Total: 3118
2026-05-10 00:36:31,989 - INFO - Memory updates: 42
{"id": 62, "ts": 1778366191.9893408, "event": "memory_updated", "agent": "agent_2", "round": 5}
2026-05-10 00:36:33,744 - INFO - Tokens - Input: 2353, Output: 126, Total: 2479
{"id": 63, "ts": 1778366193.7463996, "event": "public_discussion_message", "round": 5, "agent": "agent_3", "message": "I prefer Candidate D \u2013 takes responsibility seriously.\nMETADATA_JSON:\n{\"agent\": \"agent_3\", \"vote\": \"Candidate D\"}"}
2026-05-10 00:36:33,746 - INFO - Agent turns: 15
2026-05-10 00:36:41,016 - INFO - Tokens - Input: 1861, Output: 856, Total: 2717
2026-05-10 00:36:41,018 - INFO - Memory updates: 43
{"id": 64, "ts": 1778366201.0183048, "event": "memory_updated", "agent": "agent_3", "round": 5}
2026-05-10 00:36:41,296 - INFO - Tokens - Input: 1902, Output: 954, Total: 2856
2026-05-10 00:36:41,297 - INFO - Memory updates: 44
{"id": 65, "ts": 1778366201.2976975, "event": "memory_updated", "agent": "agent_2", "round": 5}
2026-05-10 00:36:45,294 - INFO - Tokens - Input: 1919, Output: 1464, Total: 3383
2026-05-10 00:36:45,296 - INFO - Memory updates: 45
{"id": 66, "ts": 1778366205.2965894, "event": "memory_updated", "agent": "agent_1", "round": 5}
2026-05-10 00:36:45,306 - INFO - Loop 5 completed
2026-05-10 00:36:45,306 - INFO - Final Chosen Candidate: None
2026-05-10 00:36:45,307 - INFO - Final Decision Method: max_round_no_majority
2026-05-10 00:36:45,307 - INFO - Final Vote Count: {'Candidate C': 1, 'Candidate B': 1, 'Candidate D': 1}
2026-05-10 00:36:45,307 - INFO - Correct Candidate: Candidate C
2026-05-10 00:36:45,307 - INFO - Decision Correct: 0
{"id": 67, "ts": 1778366205.6466937, "event": "context_consistency_calculated", "method": "embedding_cosine", "mean_pairwise_similarity": 0.90473, "pairwise": [{"agent_a": "agent_1", "agent_b": "agent_2", "similarity": 0.913064}, {"agent_a": "agent_1", "agent_b": "agent_3", "similarity": 0.911304}, {"agent_a": "agent_2", "agent_b": "agent_3", "similarity": 0.889822}]}
{"id": 68, "ts": 1778366205.6468673, "event": "gold_standard_alignment_calculated", "method": "rule_based_binary_checks", "mean_alignment": 0.833333, "by_agent": [{"agent": "agent_1", "score": 1.0, "checks": {"favorite_is_c": 1, "c_reliability": 1, "c_calmness": 1, "c_attention": 1, "c_crew_fit": 1, "a_risks": 1, "b_risks": 1, "d_risks": 1}}, {"agent": "agent_2", "score": 0.625, "checks": {"favorite_is_c": 0, "c_reliability": 1, "c_calmness": 1, "c_attention": 0, "c_crew_fit": 0, "a_risks": 1, "b_risks": 1, "d_risks": 1}}, {"agent": "agent_3", "score": 0.875, "checks": {"favorite_is_c": 0, "c_reliability": 1, "c_calmness": 1, "c_attention": 1, "c_crew_fit": 1, "a_risks": 1, "b_risks": 1, "d_risks": 1}}]}
{"id": 69, "ts": 1778366205.6470354, "event": "agent_memories_archived", "directory": "/home/lhegemann/git/bachelor_thesis/01_data/raw/simulations/low/low_treatment_20260509_224515_029/shared_mental_models", "round": 5}
{"id": 70, "ts": 1778366205.647121, "event": "final_decision", "candidate": null, "method": "max_round_no_majority", "vote_count": {"Candidate C": 1, "Candidate B": 1, "Candidate D": 1}, "correct_candidate": "Candidate C", "decision_correct": 0, "round": 5}
2026-05-10 00:36:45,659 - INFO - ======================================================================
2026-05-10 00:36:45,660 - INFO - SIMULATION METRICS
2026-05-10 00:36:45,660 - INFO - ======================================================================
2026-05-10 00:36:45,660 - INFO - Total Loops: 5
2026-05-10 00:36:45,660 - INFO - Agent Turns (no vote checker): 15
2026-05-10 00:36:45,660 - INFO - Agent Tool Calls: 0
2026-05-10 00:36:45,660 - INFO - Agent Tool Messages: 0
2026-05-10 00:36:45,660 - INFO - Memory Updates: 45
2026-05-10 00:36:45,660 - INFO - Total Messages (no vote checker): 15
2026-05-10 00:36:45,660 - INFO - Input Tokens: 112975
2026-05-10 00:36:45,660 - INFO - Output Tokens: 51456
2026-05-10 00:36:45,660 - INFO - Total Tokens: 164431
2026-05-10 00:36:45,660 - INFO - Final Chosen Candidate: None
2026-05-10 00:36:45,661 - INFO - Final Decision Method: max_round_no_majority
2026-05-10 00:36:45,661 - INFO - Final Vote Count: {'Candidate C': 1, 'Candidate B': 1, 'Candidate D': 1}
2026-05-10 00:36:45,661 - INFO - Correct Candidate: Candidate C
2026-05-10 00:36:45,661 - INFO - Decision Correct: 0
2026-05-10 00:36:45,661 - INFO - Runtime: 304.83s
2026-05-10 00:36:45,661 - INFO - ======================================================================
