2026-05-06 20:40:39,268 - INFO - Metrics tracker initialized
{"id": 1, "ts": 1778092839.2929783, "event": "memory_reset"}
{"id": 2, "ts": 1778092839.297099, "event": "discussion_order", "round": 1, "order": ["agent_2", "agent_1", "agent_3"]}
2026-05-06 20:40:47,060 - INFO - Tokens - Input: 1716, Output: 935, Total: 2651
{"id": 3, "ts": 1778092847.0621977, "event": "public_discussion_message", "round": 1, "agent": "agent_2", "message": "I currently favor Candidate\u202fD because they take responsibility seriously and excel at problem solving and concentration, which are crucial for long\u2011distance flights and handling unexpected situations. However, their hot temper and know\u2011it\u2011all attitude raise concerns about crew cooperation.\nMETADATA_JSON:\n{\"agent\": \"agent_2\", \"vote\": \"Candidate D\"}"}
2026-05-06 20:40:47,062 - INFO - Agent turns: 1
2026-05-06 20:40:56,650 - INFO - Tokens - Input: 1271, Output: 1292, Total: 2563
2026-05-06 20:40:56,652 - INFO - Memory updates: 1
{"id": 4, "ts": 1778092856.6530294, "event": "memory_updated", "agent": "agent_1", "round": 1}
2026-05-06 20:40:57,010 - INFO - Tokens - Input: 1266, Output: 1252, Total: 2518
2026-05-06 20:40:57,012 - INFO - Memory updates: 2
{"id": 5, "ts": 1778092857.0126529, "event": "memory_updated", "agent": "agent_3", "round": 1}
2026-05-06 20:40:57,371 - INFO - Tokens - Input: 1274, Output: 1612, Total: 2886
2026-05-06 20:40:57,372 - INFO - Memory updates: 3
{"id": 6, "ts": 1778092857.3726115, "event": "memory_updated", "agent": "agent_2", "round": 1}
2026-05-06 20:41:02,428 - INFO - Tokens - Input: 2301, Output: 695, Total: 2996
{"id": 7, "ts": 1778092862.429809, "event": "public_discussion_message", "round": 1, "agent": "agent_1", "message": "I currently favor **Candidate C** because they are described as 100\u202f% reliable and create a positive atmosphere with the crew, which are critical for safety and crew morale on long\u2011haul flights. Their ability to make correct decisions quickly also supports calmness under pressure.\n**Trade\u2011off/uncertainty:** Their difficulty communicating ideas and egocentric reputation could hinder effective teamwork and coordination during complex, extended operations.\nMETADATA_JSON:\n{\"agent\": \"agent_1\", \"vote\": \"Candidate C\"}"}
2026-05-06 20:41:02,430 - INFO - Agent turns: 2
2026-05-06 20:41:09,933 - INFO - Tokens - Input: 1933, Output: 1015, Total: 2948
2026-05-06 20:41:09,935 - INFO - Memory updates: 4
{"id": 8, "ts": 1778092869.9355006, "event": "memory_updated", "agent": "agent_1", "round": 1}
2026-05-06 20:41:12,463 - INFO - Tokens - Input: 1842, Output: 1455, Total: 3297
2026-05-06 20:41:12,465 - INFO - Memory updates: 5
{"id": 9, "ts": 1778092872.465615, "event": "memory_updated", "agent": "agent_2", "round": 1}
2026-05-06 20:41:17,816 - INFO - Tokens - Input: 1825, Output: 1350, Total: 3175
2026-05-06 20:41:17,818 - INFO - Memory updates: 6
{"id": 10, "ts": 1778092877.8186362, "event": "memory_updated", "agent": "agent_3", "round": 1}
2026-05-06 20:41:21,474 - INFO - Tokens - Input: 2486, Output: 595, Total: 3081
{"id": 11, "ts": 1778092881.4755177, "event": "public_discussion_message", "round": 1, "agent": "agent_3", "message": "I currently favor **Candidate C** because they are described as 100\u202f% reliable and create a positive atmosphere with the crew, which are vital for safety and morale on long\u2011haul flights, and they make correct decisions quickly, supporting calmness under pressure.\n**Trade\u2011off:** Their difficulty communicating ideas and egocentric reputation could impair effective teamwork despite their reliability and empathy.\nMETADATA_JSON:\n{\"agent\": \"agent_3\", \"vote\": \"Candidate C\"}"}
2026-05-06 20:41:21,475 - INFO - Agent turns: 3
2026-05-06 20:41:27,553 - INFO - Tokens - Input: 1903, Output: 910, Total: 2813
2026-05-06 20:41:27,554 - INFO - Memory updates: 7
{"id": 12, "ts": 1778092887.5550861, "event": "memory_updated", "agent": "agent_1", "round": 1}
2026-05-06 20:41:29,921 - INFO - Tokens - Input: 1981, Output: 954, Total: 2935
2026-05-06 20:41:29,922 - INFO - Memory updates: 8
{"id": 13, "ts": 1778092889.9227362, "event": "memory_updated", "agent": "agent_2", "round": 1}
2026-05-06 20:41:35,252 - INFO - Tokens - Input: 2102, Output: 1491, Total: 3593
2026-05-06 20:41:35,254 - INFO - Memory updates: 9
{"id": 14, "ts": 1778092895.2545836, "event": "memory_updated", "agent": "agent_3", "round": 1}
2026-05-06 20:41:35,266 - INFO - Loop 1 completed
{"id": 15, "ts": 1778092895.2731354, "event": "discussion_order", "round": 2, "order": ["agent_3", "agent_1", "agent_2"]}
2026-05-06 20:41:36,950 - INFO - Tokens - Input: 2609, Output: 240, Total: 2849
{"id": 16, "ts": 1778092896.9523847, "event": "public_discussion_message", "round": 2, "agent": "agent_3", "message": "I continue to favor **Candidate C** because they are described as 100\u202f% reliable and they create a positive atmosphere with the crew\u2014both essential for safety and morale on long\u2011haul flights. Their quick, correct decision\u2011making also supports calmness under pressure.\n**Trade\u2011off/uncertainty:** Their difficulty communicating ideas and reputation for egocentric behavior could impair effective teamwork in the cockpit.\nMETADATA_JSON:\n{\"agent\": \"agent_3\", \"vote\": \"Candidate C\"}"}
2026-05-06 20:41:36,952 - INFO - Agent turns: 4
2026-05-06 20:41:43,048 - INFO - Tokens - Input: 2075, Output: 831, Total: 2906
2026-05-06 20:41:43,050 - INFO - Memory updates: 10
{"id": 17, "ts": 1778092903.0505106, "event": "memory_updated", "agent": "agent_1", "round": 2}
2026-05-06 20:41:43,433 - INFO - Tokens - Input: 2003, Output: 881, Total: 2884
2026-05-06 20:41:43,435 - INFO - Memory updates: 11
{"id": 18, "ts": 1778092903.4353034, "event": "memory_updated", "agent": "agent_2", "round": 2}
2026-05-06 20:41:45,551 - INFO - Tokens - Input: 2219, Output: 1193, Total: 3412
2026-05-06 20:41:45,553 - INFO - Memory updates: 12
{"id": 19, "ts": 1778092905.5536122, "event": "memory_updated", "agent": "agent_3", "round": 2}
2026-05-06 20:41:47,635 - INFO - Tokens - Input: 2423, Output: 222, Total: 2645
{"id": 20, "ts": 1778092907.636276, "event": "public_discussion_message", "round": 2, "agent": "agent_1", "message": "I continue to favor **Candidate C** because they are described as 100\u202f% reliable and they create a positive atmosphere with the crew\u2014both essential for safety and morale on long\u2011haul flights. Their ability to make quick, correct decisions also supports calmness under pressure.\n**Trade\u2011off/uncertainty:** Their difficulty communicating ideas and egocentric reputation could impair effective teamwork in the cockpit.\nMETADATA_JSON:\n{\"agent\": \"agent_1\", \"vote\": \"Candidate C\"}"}
2026-05-06 20:41:47,636 - INFO - Agent turns: 5
2026-05-06 20:41:53,186 - INFO - Tokens - Input: 2049, Output: 788, Total: 2837
2026-05-06 20:41:53,188 - INFO - Memory updates: 13
{"id": 21, "ts": 1778092913.1885018, "event": "memory_updated", "agent": "agent_1", "round": 2}
2026-05-06 20:41:54,056 - INFO - Tokens - Input: 2094, Output: 1207, Total: 3301
2026-05-06 20:41:54,058 - INFO - Memory updates: 14
{"id": 22, "ts": 1778092914.0585792, "event": "memory_updated", "agent": "agent_2", "round": 2}
2026-05-06 20:41:56,432 - INFO - Tokens - Input: 2334, Output: 999, Total: 3333
2026-05-06 20:41:56,434 - INFO - Memory updates: 15
{"id": 23, "ts": 1778092916.4346693, "event": "memory_updated", "agent": "agent_3", "round": 2}
2026-05-06 20:42:02,024 - INFO - Tokens - Input: 2593, Output: 758, Total: 3351
{"id": 24, "ts": 1778092922.0255127, "event": "public_discussion_message", "round": 2, "agent": "agent_2", "message": "I now favor **Candidate\u202fC** because they are described as 100\u202f% reliable and create a positive crew atmosphere, both of which are vital for safety and morale on long\u2011haul flights; additionally, they keep calm in a crisis and make quick, correct decisions, supporting calmness under pressure.\n**Trade\u2011off/uncertainty:** Their difficulty communicating ideas and egocentric reputation could hinder effective teamwork in the cockpit.\nMETADATA_JSON:\n{\"agent\": \"agent_2\", \"vote\": \"Candidate C\"}"}
2026-05-06 20:42:02,025 - INFO - Agent turns: 6
2026-05-06 20:42:08,113 - INFO - Tokens - Input: 2118, Output: 863, Total: 2981
2026-05-06 20:42:08,114 - INFO - Memory updates: 16
{"id": 25, "ts": 1778092928.1148846, "event": "memory_updated", "agent": "agent_1", "round": 2}
2026-05-06 20:42:08,792 - INFO - Tokens - Input: 2241, Output: 1032, Total: 3273
2026-05-06 20:42:08,794 - INFO - Memory updates: 17
{"id": 26, "ts": 1778092928.7941816, "event": "memory_updated", "agent": "agent_3", "round": 2}
2026-05-06 20:42:09,618 - INFO - Tokens - Input: 2231, Output: 1077, Total: 3308
2026-05-06 20:42:09,620 - INFO - Memory updates: 18
{"id": 27, "ts": 1778092929.6203415, "event": "memory_updated", "agent": "agent_2", "round": 2}
2026-05-06 20:42:09,629 - INFO - Loop 2 completed
2026-05-06 20:42:09,629 - INFO - Final Chosen Candidate: Candidate C
2026-05-06 20:42:09,630 - INFO - Final Decision Method: consensus
2026-05-06 20:42:09,630 - INFO - Final Vote Count: {'Candidate C': 3}
2026-05-06 20:42:09,630 - INFO - Correct Candidate: Candidate C
2026-05-06 20:42:09,630 - INFO - Decision Correct: 1
{"id": 28, "ts": 1778092930.0043201, "event": "context_consistency_calculated", "method": "embedding_cosine", "mean_pairwise_similarity": 0.887911, "pairwise": [{"agent_a": "agent_1", "agent_b": "agent_2", "similarity": 0.88464}, {"agent_a": "agent_1", "agent_b": "agent_3", "similarity": 0.889291}, {"agent_a": "agent_2", "agent_b": "agent_3", "similarity": 0.889803}]}
{"id": 29, "ts": 1778092930.0044997, "event": "agent_memories_archived", "directory": "/home/lhegemann/git/bachelor_thesis/01_data/raw/simulations/moderate/moderate_20260506_181837_018/shared_mental_models", "round": 2}
{"id": 30, "ts": 1778092930.0045915, "event": "final_decision", "candidate": "Candidate C", "method": "consensus", "vote_count": {"Candidate C": 3}, "correct_candidate": "Candidate C", "decision_correct": 1, "round": 2}
2026-05-06 20:42:10,015 - INFO - ======================================================================
2026-05-06 20:42:10,015 - INFO - SIMULATION METRICS
2026-05-06 20:42:10,015 - INFO - ======================================================================
2026-05-06 20:42:10,015 - INFO - Total Loops: 2
2026-05-06 20:42:10,015 - INFO - Agent Turns (no vote checker): 6
2026-05-06 20:42:10,015 - INFO - Agent Tool Calls: 0
2026-05-06 20:42:10,015 - INFO - Agent Tool Messages: 0
2026-05-06 20:42:10,015 - INFO - Memory Updates: 18
2026-05-06 20:42:10,016 - INFO - Total Messages (no vote checker): 6
2026-05-06 20:42:10,016 - INFO - Input Tokens: 48889
2026-05-06 20:42:10,016 - INFO - Output Tokens: 23647
2026-05-06 20:42:10,016 - INFO - Total Tokens: 72536
2026-05-06 20:42:10,016 - INFO - Final Chosen Candidate: Candidate C
2026-05-06 20:42:10,016 - INFO - Final Decision Method: consensus
2026-05-06 20:42:10,016 - INFO - Final Vote Count: {'Candidate C': 3}
2026-05-06 20:42:10,016 - INFO - Correct Candidate: Candidate C
2026-05-06 20:42:10,016 - INFO - Decision Correct: 1
2026-05-06 20:42:10,016 - INFO - Runtime: 90.75s
2026-05-06 20:42:10,016 - INFO - ======================================================================
