2026-05-01 09:00:53,783 - INFO - Metrics tracker initialized
{"id": 1, "ts": 1777618853.801833, "event": "memory_reset"}
2026-05-01 09:00:57,380 - INFO - Tokens - Input: 839, Output: 233, Total: 1072
{"id": 2, "ts": 1777618857.382177, "event": "public_discussion_message", "round": 1, "agent": "agent_1", "message": "Eve stands out as the best choice, given her top technical scores and proven leadership in similar high\u2011impact roles."}
2026-05-01 09:00:57,382 - INFO - Agent turns: 1
2026-05-01 09:01:03,815 - INFO - Tokens - Input: 908, Output: 890, Total: 1798
2026-05-01 09:01:03,822 - INFO - Memory updates: 1
{"id": 3, "ts": 1777618863.822946, "event": "memory_updated", "agent": "agent_4", "round": 1}
2026-05-01 09:01:04,103 - INFO - Tokens - Input: 912, Output: 962, Total: 1874
2026-05-01 09:01:04,109 - INFO - Memory updates: 2
{"id": 4, "ts": 1777618864.110228, "event": "memory_updated", "agent": "agent_3", "round": 1}
2026-05-01 09:01:04,204 - INFO - Tokens - Input: 1909, Output: 7, Total: 1916
2026-05-01 09:01:04,518 - INFO - Tokens - Input: 2068, Output: 7, Total: 2075
2026-05-01 09:01:04,923 - INFO - Tokens - Input: 898, Output: 742, Total: 1640
2026-05-01 09:01:04,931 - INFO - Memory updates: 3
{"id": 5, "ts": 1777618864.931637, "event": "memory_updated", "agent": "agent_2", "round": 1}
2026-05-01 09:01:05,158 - INFO - Tokens - Input: 1773, Output: 7, Total: 1780
2026-05-01 09:01:07,154 - INFO - Tokens - Input: 904, Output: 1040, Total: 1944
2026-05-01 09:01:07,162 - INFO - Memory updates: 4
{"id": 6, "ts": 1777618867.1633768, "event": "memory_updated", "agent": "agent_1", "round": 1}
2026-05-01 09:01:07,470 - INFO - Tokens - Input: 2203, Output: 7, Total: 2210
2026-05-01 09:01:10,294 - INFO - Tokens - Input: 963, Output: 296, Total: 1259
{"id": 7, "ts": 1777618870.2961438, "event": "public_discussion_message", "round": 1, "agent": "agent_2", "message": "Alice is the strongest candidate\u2014her 15\u202fyears of experience, top leadership scores, and proven ability to lead large teams make her the most reliable and impactful choice."}
2026-05-01 09:01:10,296 - INFO - Agent turns: 2
2026-05-01 09:01:19,646 - INFO - Tokens - Input: 1141, Output: 1110, Total: 2251
2026-05-01 09:01:19,655 - INFO - Memory updates: 5
{"id": 8, "ts": 1777618879.655457, "event": "memory_updated", "agent": "agent_3", "round": 1}
2026-05-01 09:01:20,408 - INFO - Tokens - Input: 2443, Output: 7, Total: 2450
2026-05-01 09:01:20,883 - INFO - Tokens - Input: 1053, Output: 1214, Total: 2267
2026-05-01 09:01:20,890 - INFO - Memory updates: 6
{"id": 9, "ts": 1777618880.8912451, "event": "memory_updated", "agent": "agent_4", "round": 1}
2026-05-01 09:01:20,919 - INFO - Tokens - Input: 1065, Output: 1395, Total: 2460
2026-05-01 09:01:20,923 - INFO - Memory updates: 7
{"id": 10, "ts": 1777618880.924148, "event": "memory_updated", "agent": "agent_2", "round": 1}
2026-05-01 09:01:21,487 - INFO - Tokens - Input: 2413, Output: 7, Total: 2420
2026-05-01 09:01:21,493 - INFO - Tokens - Input: 1198, Output: 1094, Total: 2292
2026-05-01 09:01:21,500 - INFO - Memory updates: 8
{"id": 11, "ts": 1777618881.501302, "event": "memory_updated", "agent": "agent_1", "round": 1}
2026-05-01 09:01:21,805 - INFO - Tokens - Input: 2501, Output: 7, Total: 2508
2026-05-01 09:01:21,808 - INFO - Tokens - Input: 2412, Output: 7, Total: 2419
2026-05-01 09:01:24,050 - INFO - Tokens - Input: 1246, Output: 297, Total: 1543
{"id": 12, "ts": 1777618884.051567, "event": "public_discussion_message", "round": 1, "agent": "agent_3", "message": "Alice is the best choice because her 15\u202fyears of leadership experience and proven ability to run large teams provide the reliability and immediate impact needed for this role."}
2026-05-01 09:01:24,051 - INFO - Agent turns: 3
2026-05-01 09:01:30,366 - INFO - Tokens - Input: 1115, Output: 803, Total: 1918
2026-05-01 09:01:30,373 - INFO - Memory updates: 9
{"id": 13, "ts": 1777618890.374323, "event": "memory_updated", "agent": "agent_2", "round": 1}
2026-05-01 09:01:30,704 - INFO - Tokens - Input: 1207, Output: 1093, Total: 2300
2026-05-01 09:01:30,712 - INFO - Memory updates: 10
{"id": 14, "ts": 1777618890.712865, "event": "memory_updated", "agent": "agent_4", "round": 1}
2026-05-01 09:01:30,979 - INFO - Tokens - Input: 2334, Output: 7, Total: 2341
2026-05-01 09:01:31,628 - INFO - Tokens - Input: 2003, Output: 7, Total: 2010
2026-05-01 09:01:32,444 - INFO - Tokens - Input: 1342, Output: 1030, Total: 2372
2026-05-01 09:01:32,448 - INFO - Tokens - Input: 1326, Output: 1182, Total: 2508
2026-05-01 09:01:32,456 - INFO - Memory updates: 11
{"id": 15, "ts": 1777618892.456937, "event": "memory_updated", "agent": "agent_3", "round": 1}
2026-05-01 09:01:32,459 - INFO - Memory updates: 12
{"id": 16, "ts": 1777618892.459645, "event": "memory_updated", "agent": "agent_1", "round": 1}
2026-05-01 09:01:32,738 - INFO - Tokens - Input: 2614, Output: 7, Total: 2621
2026-05-01 09:01:32,836 - INFO - Tokens - Input: 2445, Output: 7, Total: 2452
2026-05-01 09:01:35,657 - INFO - Tokens - Input: 1158, Output: 351, Total: 1509
{"id": 17, "ts": 1777618895.657944, "event": "public_discussion_message", "round": 1, "agent": "agent_4", "message": "Eve is the strongest choice because her proven leadership in comparable high\u2011impact roles and top technical scores directly address the reliability and technical excellence needed."}
2026-05-01 09:01:35,658 - INFO - Agent turns: 4
2026-05-01 09:01:43,809 - INFO - Tokens - Input: 1244, Output: 1062, Total: 2306
2026-05-01 09:01:43,816 - INFO - Memory updates: 13
{"id": 18, "ts": 1777618903.816463, "event": "memory_updated", "agent": "agent_4", "round": 1}
2026-05-01 09:01:44,054 - INFO - Tokens - Input: 2547, Output: 7, Total: 2554
2026-05-01 09:01:45,351 - INFO - Tokens - Input: 1203, Output: 1112, Total: 2315
2026-05-01 09:01:45,359 - INFO - Memory updates: 14
{"id": 19, "ts": 1777618905.360393, "event": "memory_updated", "agent": "agent_2", "round": 1}
2026-05-01 09:01:45,857 - INFO - Tokens - Input: 2377, Output: 7, Total: 2384
2026-05-01 09:01:46,886 - INFO - Tokens - Input: 1434, Output: 1481, Total: 2915
2026-05-01 09:01:46,894 - INFO - Memory updates: 15
{"id": 20, "ts": 1777618906.895359, "event": "memory_updated", "agent": "agent_1", "round": 1}
2026-05-01 09:01:46,997 - INFO - Tokens - Input: 1418, Output: 1368, Total: 2786
2026-05-01 09:01:47,006 - INFO - Memory updates: 16
{"id": 21, "ts": 1777618907.006855, "event": "memory_updated", "agent": "agent_3", "round": 1}
2026-05-01 09:01:47,185 - INFO - Tokens - Input: 2954, Output: 7, Total: 2961
2026-05-01 09:01:47,514 - INFO - Tokens - Input: 2934, Output: 7, Total: 2941
2026-05-01 09:01:47,519 - INFO - Loop 1 completed
2026-05-01 09:01:51,016 - INFO - Tokens - Input: 1412, Output: 292, Total: 1704
{"id": 22, "ts": 1777618911.017247, "event": "public_discussion_message", "round": 2, "agent": "agent_1", "message": "Eve is the strongest choice due to her proven high\u2011impact leadership at top firms combined with a top technical assessment score, meeting the role\u2019s reliability and excellence requirements."}
2026-05-01 09:01:51,017 - INFO - Agent turns: 5
2026-05-01 09:01:57,124 - INFO - Tokens - Input: 1289, Output: 949, Total: 2238
2026-05-01 09:01:57,134 - INFO - Memory updates: 17
{"id": 23, "ts": 1777618917.135382, "event": "memory_updated", "agent": "agent_2", "round": 2}
2026-05-01 09:01:57,428 - INFO - Tokens - Input: 2309, Output: 7, Total: 2316
2026-05-01 09:01:57,990 - INFO - Tokens - Input: 1496, Output: 1197, Total: 2693
2026-05-01 09:01:57,999 - INFO - Memory updates: 18
{"id": 24, "ts": 1777618918.000305, "event": "memory_updated", "agent": "agent_1", "round": 2}
2026-05-01 09:01:58,442 - INFO - Tokens - Input: 2757, Output: 7, Total: 2764
2026-05-01 09:02:00,230 - INFO - Tokens - Input: 1589, Output: 1152, Total: 2741
2026-05-01 09:02:00,238 - INFO - Memory updates: 19
{"id": 25, "ts": 1777618920.2385411, "event": "memory_updated", "agent": "agent_3", "round": 2}
2026-05-01 09:02:00,540 - INFO - Tokens - Input: 2740, Output: 7, Total: 2747
2026-05-01 09:02:01,834 - INFO - Tokens - Input: 1508, Output: 1454, Total: 2962
2026-05-01 09:02:01,843 - INFO - Memory updates: 20
{"id": 26, "ts": 1777618921.8435352, "event": "memory_updated", "agent": "agent_4", "round": 2}
2026-05-01 09:02:02,150 - INFO - Tokens - Input: 3080, Output: 7, Total: 3087
2026-05-01 09:02:05,148 - INFO - Tokens - Input: 1272, Output: 500, Total: 1772
{"id": 27, "ts": 1777618925.149556, "event": "public_discussion_message", "round": 2, "agent": "agent_2", "message": "I vote for Alice\u2014her 15\u202fyears of leadership, highest leadership evaluation scores, and proven ability to run large teams make her the most reliable and impactful choice."}
2026-05-01 09:02:05,149 - INFO - Agent turns: 6
2026-05-01 09:02:12,075 - INFO - Tokens - Input: 1574, Output: 1272, Total: 2846
2026-05-01 09:02:12,082 - INFO - Memory updates: 21
{"id": 28, "ts": 1777618932.082625, "event": "memory_updated", "agent": "agent_1", "round": 2}
2026-05-01 09:02:12,442 - INFO - Tokens - Input: 2922, Output: 7, Total: 2929
2026-05-01 09:02:12,634 - INFO - Tokens - Input: 1374, Output: 908, Total: 2282
2026-05-01 09:02:12,642 - INFO - Memory updates: 22
{"id": 29, "ts": 1777618932.642949, "event": "memory_updated", "agent": "agent_2", "round": 2}
2026-05-01 09:02:13,197 - INFO - Tokens - Input: 2369, Output: 7, Total: 2376
2026-05-01 09:02:22,007 - INFO - Tokens - Input: 1602, Output: 1418, Total: 3020
2026-05-01 09:02:22,014 - INFO - Memory updates: 23
{"id": 30, "ts": 1777618942.014539, "event": "memory_updated", "agent": "agent_3", "round": 2}
2026-05-01 09:02:22,416 - INFO - Tokens - Input: 3268, Output: 7, Total: 3275
2026-05-01 09:02:23,130 - INFO - Tokens - Input: 1640, Output: 1042, Total: 2682
2026-05-01 09:02:23,133 - INFO - Memory updates: 24
{"id": 31, "ts": 1777618943.133652, "event": "memory_updated", "agent": "agent_4", "round": 2}
2026-05-01 09:02:23,532 - INFO - Tokens - Input: 2549, Output: 7, Total: 2556
2026-05-01 09:02:25,096 - INFO - Tokens - Input: 1762, Output: 191, Total: 1953
{"id": 32, "ts": 1777618945.097229, "event": "public_discussion_message", "round": 2, "agent": "agent_3", "message": "Alice is the best choice because her 15\u202fyears of proven large\u2011team leadership ensures reliability and immediate impact."}
2026-05-01 09:02:25,097 - INFO - Agent turns: 7
2026-05-01 09:02:32,850 - INFO - Tokens - Input: 1631, Output: 1252, Total: 2883
2026-05-01 09:02:32,858 - INFO - Memory updates: 25
{"id": 33, "ts": 1777618952.8590999, "event": "memory_updated", "agent": "agent_1", "round": 2}
2026-05-01 09:02:33,232 - INFO - Tokens - Input: 2944, Output: 7, Total: 2951
2026-05-01 09:02:35,123 - INFO - Tokens - Input: 1442, Output: 1129, Total: 2571
2026-05-01 09:02:35,131 - INFO - Memory updates: 26
{"id": 34, "ts": 1777618955.1315572, "event": "memory_updated", "agent": "agent_2", "round": 2}
2026-05-01 09:02:35,444 - INFO - Tokens - Input: 2631, Output: 7, Total: 2638
2026-05-01 09:02:38,032 - INFO - Tokens - Input: 1488, Output: 1632, Total: 3120
2026-05-01 09:02:38,041 - INFO - Memory updates: 27
{"id": 35, "ts": 1777618958.041549, "event": "memory_updated", "agent": "agent_4", "round": 2}
2026-05-01 09:02:38,492 - INFO - Tokens - Input: 3137, Output: 7, Total: 3144
2026-05-01 09:02:38,501 - INFO - Tokens - Input: 1831, Output: 1764, Total: 3595
2026-05-01 09:02:38,506 - INFO - Memory updates: 28
{"id": 36, "ts": 1777618958.507094, "event": "memory_updated", "agent": "agent_3", "round": 2}
2026-05-01 09:02:39,313 - INFO - Tokens - Input: 3982, Output: 7, Total: 3989
2026-05-01 09:02:43,828 - INFO - Tokens - Input: 1439, Output: 619, Total: 2058
{"id": 37, "ts": 1777618963.82992, "event": "public_discussion_message", "round": 2, "agent": "agent_4", "message": "Eve \u2013 her proven high\u2011impact leadership at top firms and top technical assessment scores make her the most reliable and technically excellent choice."}
2026-05-01 09:02:43,830 - INFO - Agent turns: 8
2026-05-01 09:02:50,013 - INFO - Tokens - Input: 1519, Output: 1039, Total: 2558
2026-05-01 09:02:50,021 - INFO - Memory updates: 29
{"id": 38, "ts": 1777618970.021632, "event": "memory_updated", "agent": "agent_4", "round": 2}
2026-05-01 09:02:50,434 - INFO - Tokens - Input: 2658, Output: 7, Total: 2665
2026-05-01 09:02:52,134 - INFO - Tokens - Input: 2233, Output: 1383, Total: 3616
2026-05-01 09:02:52,141 - INFO - Memory updates: 30
{"id": 39, "ts": 1777618972.1413991, "event": "memory_updated", "agent": "agent_3", "round": 2}
2026-05-01 09:02:52,469 - INFO - Tokens - Input: 3366, Output: 7, Total: 3373
2026-05-01 09:02:54,789 - INFO - Tokens - Input: 1517, Output: 1410, Total: 2927
2026-05-01 09:02:54,800 - INFO - Memory updates: 31
{"id": 40, "ts": 1777618974.801217, "event": "memory_updated", "agent": "agent_2", "round": 2}
2026-05-01 09:02:54,991 - INFO - Tokens - Input: 1707, Output: 1327, Total: 3034
2026-05-01 09:02:55,000 - INFO - Memory updates: 32
{"id": 41, "ts": 1777618975.0014431, "event": "memory_updated", "agent": "agent_1", "round": 2}
2026-05-01 09:02:55,259 - INFO - Tokens - Input: 2962, Output: 7, Total: 2969
2026-05-01 09:02:55,263 - INFO - Tokens - Input: 3097, Output: 7, Total: 3104
2026-05-01 09:02:55,270 - INFO - Loop 2 completed
2026-05-01 09:02:57,130 - INFO - Tokens - Input: 1714, Output: 270, Total: 1984
{"id": 42, "ts": 1777618977.132082, "event": "public_discussion_message", "round": 3, "agent": "agent_1", "message": "Eve is the best choice because her proven high\u2011impact leadership at top firms and strong technical assessment score ensure reliability, technical excellence, and immediate impact."}
2026-05-01 09:02:57,132 - INFO - Agent turns: 9
2026-05-01 09:03:03,377 - INFO - Tokens - Input: 1568, Output: 1050, Total: 2618
2026-05-01 09:03:03,385 - INFO - Memory updates: 33
{"id": 43, "ts": 1777618983.385947, "event": "memory_updated", "agent": "agent_2", "round": 3}
2026-05-01 09:03:03,795 - INFO - Tokens - Input: 2517, Output: 7, Total: 2524
2026-05-01 09:03:06,477 - INFO - Tokens - Input: 1786, Output: 1531, Total: 3317
2026-05-01 09:03:06,485 - INFO - Memory updates: 34
{"id": 44, "ts": 1777618986.486059, "event": "memory_updated", "agent": "agent_1", "round": 3}
2026-05-01 09:03:06,959 - INFO - Tokens - Input: 3385, Output: 7, Total: 3392
2026-05-01 09:03:08,599 - INFO - Tokens - Input: 1634, Output: 1467, Total: 3101
2026-05-01 09:03:08,609 - INFO - Memory updates: 35
{"id": 45, "ts": 1777618988.6097841, "event": "memory_updated", "agent": "agent_4", "round": 3}
2026-05-01 09:03:09,179 - INFO - Tokens - Input: 1999, Output: 1545, Total: 3544
2026-05-01 09:03:09,187 - INFO - Memory updates: 36
{"id": 46, "ts": 1777618989.1874602, "event": "memory_updated", "agent": "agent_3", "round": 3}
2026-05-01 09:03:09,486 - INFO - Tokens - Input: 3624, Output: 7, Total: 3631
2026-05-01 09:03:10,760 - INFO - Tokens - Input: 3483, Output: 7, Total: 3490
2026-05-01 09:03:11,579 - INFO - Tokens - Input: 1389, Output: 105, Total: 1494
{"id": 47, "ts": 1777618991.580642, "event": "public_discussion_message", "round": 3, "agent": "agent_2", "message": "Alice stands out as the most reliable choice\u2014her 15\u202fyears of leadership, top evaluation scores, and proven ability to run large teams ensure immediate impact."}
2026-05-01 09:03:11,580 - INFO - Agent turns: 10
2026-05-01 09:03:27,920 - INFO - Tokens - Input: 1485, Output: 872, Total: 2357
2026-05-01 09:03:27,928 - INFO - Memory updates: 37
{"id": 48, "ts": 1777619007.928498, "event": "memory_updated", "agent": "agent_2", "round": 3}
2026-05-01 09:03:28,170 - INFO - Tokens - Input: 2471, Output: 7, Total: 2478
2026-05-01 09:03:32,475 - INFO - Tokens - Input: 2034, Output: 1628, Total: 3662
2026-05-01 09:03:32,483 - INFO - Memory updates: 38
{"id": 49, "ts": 1777619012.483948, "event": "memory_updated", "agent": "agent_4", "round": 3}
2026-05-01 09:03:32,673 - INFO - Tokens - Input: 2096, Output: 2056, Total: 4152
2026-05-01 09:03:32,682 - INFO - Memory updates: 39
{"id": 50, "ts": 1777619012.682605, "event": "memory_updated", "agent": "agent_3", "round": 3}
2026-05-01 09:03:32,777 - INFO - Tokens - Input: 3781, Output: 7, Total: 3788
2026-05-01 09:03:33,002 - INFO - Tokens - Input: 4239, Output: 7, Total: 4246
2026-05-01 09:03:34,608 - INFO - Tokens - Input: 1872, Output: 1735, Total: 3607
2026-05-01 09:03:34,617 - INFO - Memory updates: 40
{"id": 51, "ts": 1777619014.6179242, "event": "memory_updated", "agent": "agent_1", "round": 3}
2026-05-01 09:03:35,132 - INFO - Tokens - Input: 4068, Output: 7, Total: 4075
2026-05-01 09:03:36,554 - INFO - Tokens - Input: 2100, Output: 149, Total: 2249
{"id": 52, "ts": 1777619016.555974, "event": "public_discussion_message", "round": 3, "agent": "agent_3", "message": "Alice is the best choice because her 15\u202fyears of proven large\u2011team leadership ensure reliability and immediate impact."}
2026-05-01 09:03:36,556 - INFO - Agent turns: 11
2026-05-01 09:03:44,337 - INFO - Tokens - Input: 2318, Output: 1197, Total: 3515
2026-05-01 09:03:44,344 - INFO - Memory updates: 41
{"id": 53, "ts": 1777619024.3453069, "event": "memory_updated", "agent": "agent_1", "round": 3}
2026-05-01 09:03:44,594 - INFO - Tokens - Input: 1585, Output: 1201, Total: 2786
2026-05-01 09:03:44,602 - INFO - Memory updates: 42
{"id": 54, "ts": 1777619024.603266, "event": "memory_updated", "agent": "agent_2", "round": 3}
2026-05-01 09:03:44,629 - INFO - Tokens - Input: 2999, Output: 7, Total: 3006
2026-05-01 09:03:45,155 - INFO - Tokens - Input: 2139, Output: 1207, Total: 3346
2026-05-01 09:03:45,162 - INFO - Memory updates: 43
{"id": 55, "ts": 1777619025.162945, "event": "memory_updated", "agent": "agent_4", "round": 3}
2026-05-01 09:03:45,267 - INFO - Tokens - Input: 2846, Output: 7, Total: 2853
2026-05-01 09:03:45,454 - INFO - Tokens - Input: 3015, Output: 7, Total: 3022
2026-05-01 09:03:46,486 - INFO - Tokens - Input: 2169, Output: 1581, Total: 3750
2026-05-01 09:03:46,494 - INFO - Memory updates: 44
{"id": 56, "ts": 1777619026.494555, "event": "memory_updated", "agent": "agent_3", "round": 3}
2026-05-01 09:03:46,792 - INFO - Tokens - Input: 3827, Output: 7, Total: 3834
2026-05-01 09:03:49,279 - INFO - Tokens - Input: 1742, Output: 363, Total: 2105
{"id": 57, "ts": 1777619029.280873, "event": "public_discussion_message", "round": 3, "agent": "agent_4", "message": "I vote for Eve because her proven high\u2011impact leadership at top firms and top technical assessment scores best satisfy reliability, technical excellence, and immediate impact."}
2026-05-01 09:03:49,281 - INFO - Agent turns: 12
2026-05-01 09:03:58,402 - INFO - Tokens - Input: 1833, Output: 1280, Total: 3113
2026-05-01 09:03:58,410 - INFO - Memory updates: 45
{"id": 58, "ts": 1777619038.411175, "event": "memory_updated", "agent": "agent_4", "round": 3}
2026-05-01 09:03:58,714 - INFO - Tokens - Input: 3175, Output: 7, Total: 3182
2026-05-01 09:03:59,935 - INFO - Tokens - Input: 1671, Output: 1558, Total: 3229
2026-05-01 09:03:59,943 - INFO - Memory updates: 46
{"id": 59, "ts": 1777619039.9445162, "event": "memory_updated", "agent": "agent_2", "round": 3}
2026-05-01 09:04:00,044 - INFO - Tokens - Input: 2271, Output: 1990, Total: 4261
2026-05-01 09:04:00,049 - INFO - Memory updates: 47
{"id": 60, "ts": 1777619040.0493581, "event": "memory_updated", "agent": "agent_3", "round": 3}
2026-05-01 09:04:00,266 - INFO - Tokens - Input: 1828, Output: 1520, Total: 3348
2026-05-01 09:04:00,275 - INFO - Memory updates: 48
{"id": 61, "ts": 1777619040.275796, "event": "memory_updated", "agent": "agent_1", "round": 3}
2026-05-01 09:04:00,346 - INFO - Tokens - Input: 4344, Output: 7, Total: 4351
2026-05-01 09:04:00,387 - INFO - Tokens - Input: 3751, Output: 7, Total: 3758
2026-05-01 09:04:00,562 - INFO - Tokens - Input: 3400, Output: 7, Total: 3407
2026-05-01 09:04:00,569 - INFO - Loop 3 completed
2026-05-01 09:04:01,894 - INFO - Tokens - Input: 1817, Output: 208, Total: 2025
{"id": 62, "ts": 1777619041.8956218, "event": "public_discussion_message", "round": 4, "agent": "agent_1", "message": "I vote for Eve because her proven high\u2011impact leadership at top firms combined with a top technical assessment score best satisfy the role\u2019s reliability, technical excellence, and immediate impact requirements."}
2026-05-01 09:04:01,895 - INFO - Agent turns: 13
2026-05-01 09:04:08,501 - INFO - Tokens - Input: 1909, Output: 1215, Total: 3124
2026-05-01 09:04:08,506 - INFO - Memory updates: 49
{"id": 63, "ts": 1777619048.5065842, "event": "memory_updated", "agent": "agent_1", "round": 4}
2026-05-01 09:04:08,809 - INFO - Tokens - Input: 3202, Output: 7, Total: 3209
2026-05-01 09:04:11,449 - INFO - Tokens - Input: 2221, Output: 1345, Total: 3566
2026-05-01 09:04:11,457 - INFO - Memory updates: 50
{"id": 64, "ts": 1777619051.4582999, "event": "memory_updated", "agent": "agent_2", "round": 4}
2026-05-01 09:04:11,800 - INFO - Tokens - Input: 3534, Output: 7, Total: 3541
2026-05-01 09:04:15,836 - INFO - Tokens - Input: 1923, Output: 1747, Total: 3670
2026-05-01 09:04:15,844 - INFO - Memory updates: 51
{"id": 65, "ts": 1777619055.844955, "event": "memory_updated", "agent": "agent_4", "round": 4}
2026-05-01 09:04:16,285 - INFO - Tokens - Input: 3752, Output: 7, Total: 3759
2026-05-01 09:04:16,339 - INFO - Tokens - Input: 2383, Output: 1981, Total: 4364
2026-05-01 09:04:16,346 - INFO - Memory updates: 52
{"id": 66, "ts": 1777619056.347172, "event": "memory_updated", "agent": "agent_3", "round": 4}
2026-05-01 09:04:16,694 - INFO - Tokens - Input: 4417, Output: 7, Total: 4424
2026-05-01 09:04:17,837 - INFO - Tokens - Input: 2096, Output: 135, Total: 2231
{"id": 67, "ts": 1777619057.838652, "event": "public_discussion_message", "round": 4, "agent": "agent_2", "message": "I vote for Alice because her 15\u202fyears of leadership experience and highest leadership evaluation scores make her the most reliable and impactful choice."}
2026-05-01 09:04:17,838 - INFO - Agent turns: 14
2026-05-01 09:04:32,843 - INFO - Tokens - Input: 2177, Output: 1024, Total: 3201
2026-05-01 09:04:32,852 - INFO - Memory updates: 53
{"id": 68, "ts": 1777619072.852581, "event": "memory_updated", "agent": "agent_2", "round": 4}
2026-05-01 09:04:33,390 - INFO - Tokens - Input: 2798, Output: 7, Total: 2805
2026-05-01 09:04:34,871 - INFO - Tokens - Input: 1975, Output: 1309, Total: 3284
2026-05-01 09:04:34,879 - INFO - Memory updates: 54
{"id": 69, "ts": 1777619074.879807, "event": "memory_updated", "agent": "agent_1", "round": 4}
2026-05-01 09:04:35,433 - INFO - Tokens - Input: 3353, Output: 7, Total: 3360
2026-05-01 09:04:37,381 - INFO - Tokens - Input: 1994, Output: 1319, Total: 3313
2026-05-01 09:04:37,391 - INFO - Memory updates: 55
{"id": 70, "ts": 1777619077.3916411, "event": "memory_updated", "agent": "agent_4", "round": 4}
2026-05-01 09:04:37,891 - INFO - Tokens - Input: 3380, Output: 7, Total: 3387
2026-05-01 09:04:40,145 - INFO - Tokens - Input: 2425, Output: 2026, Total: 4451
2026-05-01 09:04:40,153 - INFO - Memory updates: 56
{"id": 71, "ts": 1777619080.154347, "event": "memory_updated", "agent": "agent_3", "round": 4}
2026-05-01 09:04:40,638 - INFO - Tokens - Input: 4569, Output: 7, Total: 4576
2026-05-01 09:04:46,402 - INFO - Tokens - Input: 2470, Output: 166, Total: 2636
{"id": 72, "ts": 1777619086.40326, "event": "public_discussion_message", "round": 4, "agent": "agent_3", "message": "Alice is the strongest choice because her 15\u202fyears of proven large\u2011team leadership ensure the reliability and immediate impact needed for this role."}
2026-05-01 09:04:46,403 - INFO - Agent turns: 15
2026-05-01 09:04:52,943 - INFO - Tokens - Input: 1785, Output: 1053, Total: 2838
2026-05-01 09:04:52,951 - INFO - Memory updates: 57
{"id": 73, "ts": 1777619092.952288, "event": "memory_updated", "agent": "agent_2", "round": 4}
2026-05-01 09:04:53,235 - INFO - Tokens - Input: 2910, Output: 7, Total: 2917
2026-05-01 09:04:55,324 - INFO - Tokens - Input: 2054, Output: 1427, Total: 3481
2026-05-01 09:04:55,333 - INFO - Memory updates: 58
{"id": 74, "ts": 1777619095.3345768, "event": "memory_updated", "agent": "agent_1", "round": 4}
2026-05-01 09:04:55,708 - INFO - Tokens - Input: 3540, Output: 7, Total: 3547
2026-05-01 09:04:56,224 - INFO - Tokens - Input: 2072, Output: 1565, Total: 3637
2026-05-01 09:04:56,232 - INFO - Memory updates: 59
{"id": 75, "ts": 1777619096.232691, "event": "memory_updated", "agent": "agent_4", "round": 4}
2026-05-01 09:04:56,694 - INFO - Tokens - Input: 3731, Output: 7, Total: 3738
2026-05-01 09:05:00,430 - INFO - Tokens - Input: 2554, Output: 1958, Total: 4512
2026-05-01 09:05:00,438 - INFO - Memory updates: 60
{"id": 76, "ts": 1777619100.439331, "event": "memory_updated", "agent": "agent_3", "round": 4}
2026-05-01 09:05:00,744 - INFO - Tokens - Input: 4639, Output: 7, Total: 4646
2026-05-01 09:05:02,261 - INFO - Tokens - Input: 2091, Output: 198, Total: 2289
{"id": 77, "ts": 1777619102.2637382, "event": "public_discussion_message", "round": 4, "agent": "agent_4", "message": "I support Eve because her proven high\u2011impact leadership at top firms and top technical scores best meet the role\u2019s reliability, technical excellence, and immediate impact requirements."}
2026-05-01 09:05:02,263 - INFO - Agent turns: 16
2026-05-01 09:05:09,636 - INFO - Tokens - Input: 2188, Output: 1355, Total: 3543
2026-05-01 09:05:09,644 - INFO - Memory updates: 61
{"id": 78, "ts": 1777619109.64534, "event": "memory_updated", "agent": "agent_4", "round": 4}
2026-05-01 09:05:09,862 - INFO - Tokens - Input: 2135, Output: 1237, Total: 3372
2026-05-01 09:05:09,870 - INFO - Memory updates: 62
{"id": 79, "ts": 1777619109.870589, "event": "memory_updated", "agent": "agent_1", "round": 4}
2026-05-01 09:05:10,085 - INFO - Tokens - Input: 3616, Output: 7, Total: 3623
2026-05-01 09:05:10,350 - INFO - Tokens - Input: 3304, Output: 7, Total: 3311
2026-05-01 09:05:11,069 - INFO - Tokens - Input: 1879, Output: 1387, Total: 3266
2026-05-01 09:05:11,077 - INFO - Memory updates: 63
{"id": 80, "ts": 1777619111.078381, "event": "memory_updated", "agent": "agent_2", "round": 4}
2026-05-01 09:05:13,320 - INFO - Tokens - Input: 3347, Output: 7, Total: 3354
2026-05-01 09:05:16,330 - INFO - Tokens - Input: 2703, Output: 1983, Total: 4686
2026-05-01 09:05:16,339 - INFO - Memory updates: 64
{"id": 81, "ts": 1777619116.3398569, "event": "memory_updated", "agent": "agent_3", "round": 4}
2026-05-01 09:05:16,697 - INFO - Tokens - Input: 4759, Output: 7, Total: 4766
2026-05-01 09:05:16,702 - INFO - Loop 4 completed
2026-05-01 09:05:18,457 - INFO - Tokens - Input: 2000, Output: 242, Total: 2242
{"id": 82, "ts": 1777619118.4587898, "event": "public_discussion_message", "round": 5, "agent": "agent_1", "message": "Eve is the strongest candidate, as her proven high\u2011impact leadership at top firms together with a top technical assessment score directly satisfies the role\u2019s reliability, technical excellence, and immediate impact requirements."}
2026-05-01 09:05:18,459 - INFO - Agent turns: 17
2026-05-01 09:05:24,884 - INFO - Tokens - Input: 2293, Output: 1237, Total: 3530
2026-05-01 09:05:24,892 - INFO - Memory updates: 65
{"id": 83, "ts": 1777619124.892533, "event": "memory_updated", "agent": "agent_4", "round": 5}
2026-05-01 09:05:25,197 - INFO - Tokens - Input: 3303, Output: 7, Total: 3310
2026-05-01 09:05:26,531 - INFO - Tokens - Input: 2099, Output: 1211, Total: 3310
2026-05-01 09:05:26,539 - INFO - Memory updates: 66
{"id": 84, "ts": 1777619126.539655, "event": "memory_updated", "agent": "agent_1", "round": 5}
2026-05-01 09:05:26,980 - INFO - Tokens - Input: 3391, Output: 7, Total: 3398
2026-05-01 09:05:27,571 - INFO - Tokens - Input: 1991, Output: 1078, Total: 3069
2026-05-01 09:05:27,580 - INFO - Memory updates: 67
{"id": 85, "ts": 1777619127.580738, "event": "memory_updated", "agent": "agent_2", "round": 5}
2026-05-01 09:05:28,034 - INFO - Tokens - Input: 2985, Output: 7, Total: 2992
2026-05-01 09:05:32,570 - INFO - Tokens - Input: 2808, Output: 1922, Total: 4730
2026-05-01 09:05:32,578 - INFO - Memory updates: 68
{"id": 86, "ts": 1777619132.5791428, "event": "memory_updated", "agent": "agent_3", "round": 5}
2026-05-01 09:05:32,895 - INFO - Tokens - Input: 4739, Output: 7, Total: 4746
2026-05-01 09:05:34,408 - INFO - Tokens - Input: 1810, Output: 157, Total: 1967
{"id": 87, "ts": 1777619134.4093518, "event": "public_discussion_message", "round": 5, "agent": "agent_2", "message": "Alice is the best candidate because her 15\u202fyears of leadership experience and highest leadership evaluation scores ensure the reliability and immediate impact needed for this role."}
2026-05-01 09:05:34,409 - INFO - Agent turns: 18
2026-05-01 09:05:41,995 - INFO - Tokens - Input: 1900, Output: 984, Total: 2884
2026-05-01 09:05:42,004 - INFO - Memory updates: 69
{"id": 88, "ts": 1777619142.005258, "event": "memory_updated", "agent": "agent_2", "round": 5}
2026-05-01 09:05:42,026 - INFO - Tokens - Input: 2059, Output: 1269, Total: 3328
2026-05-01 09:05:42,031 - INFO - Memory updates: 70
{"id": 89, "ts": 1777619142.03138, "event": "memory_updated", "agent": "agent_4", "round": 5}
2026-05-01 09:05:42,403 - INFO - Tokens - Input: 3327, Output: 7, Total: 3334
2026-05-01 09:05:42,499 - INFO - Tokens - Input: 2992, Output: 7, Total: 2999
2026-05-01 09:05:47,319 - INFO - Tokens - Input: 2173, Output: 1586, Total: 3759
2026-05-01 09:05:47,328 - INFO - Memory updates: 71
{"id": 90, "ts": 1777619147.329385, "event": "memory_updated", "agent": "agent_1", "round": 5}
2026-05-01 09:05:47,744 - INFO - Tokens - Input: 3845, Output: 7, Total: 3852
2026-05-01 09:05:48,854 - INFO - Tokens - Input: 2810, Output: 2080, Total: 4890
2026-05-01 09:05:48,859 - INFO - Memory updates: 72
{"id": 91, "ts": 1777619148.860069, "event": "memory_updated", "agent": "agent_3", "round": 5}
2026-05-01 09:05:49,317 - INFO - Tokens - Input: 4999, Output: 7, Total: 5006
2026-05-01 09:05:51,147 - INFO - Tokens - Input: 2840, Output: 282, Total: 3122
{"id": 92, "ts": 1777619151.1489542, "event": "public_discussion_message", "round": 5, "agent": "agent_3", "message": "I vote for Alice because her 15\u202fyears of proven large\u2011team leadership guarantee the reliability and immediate impact needed for this critical role."}
2026-05-01 09:05:51,149 - INFO - Agent turns: 19
2026-05-01 09:06:00,224 - INFO - Tokens - Input: 2063, Output: 1511, Total: 3574
2026-05-01 09:06:00,232 - INFO - Memory updates: 73
{"id": 93, "ts": 1777619160.232523, "event": "memory_updated", "agent": "agent_4", "round": 5}
2026-05-01 09:06:00,939 - INFO - Tokens - Input: 3692, Output: 7, Total: 3699
2026-05-01 09:06:01,449 - INFO - Tokens - Input: 2012, Output: 1094, Total: 3106
2026-05-01 09:06:01,454 - INFO - Memory updates: 74
{"id": 94, "ts": 1777619161.454905, "event": "memory_updated", "agent": "agent_2", "round": 5}
2026-05-01 09:06:01,920 - INFO - Tokens - Input: 3171, Output: 7, Total: 3178
2026-05-01 09:06:09,782 - INFO - Tokens - Input: 2924, Output: 2803, Total: 5727
2026-05-01 09:06:09,791 - INFO - Memory updates: 75
{"id": 95, "ts": 1777619169.791517, "event": "memory_updated", "agent": "agent_3", "round": 5}
2026-05-01 09:06:09,946 - INFO - Tokens - Input: 2263, Output: 2043, Total: 4306
2026-05-01 09:06:09,954 - INFO - Memory updates: 76
{"id": 96, "ts": 1777619169.954918, "event": "memory_updated", "agent": "agent_1", "round": 5}
2026-05-01 09:06:10,109 - INFO - Tokens - Input: 6577, Output: 7, Total: 6584
2026-05-01 09:06:10,288 - INFO - Tokens - Input: 5092, Output: 7, Total: 5099
2026-05-01 09:06:13,030 - INFO - Tokens - Input: 2106, Output: 392, Total: 2498
{"id": 97, "ts": 1777619173.031766, "event": "public_discussion_message", "round": 5, "agent": "agent_4", "message": "Eve is the strongest candidate because her proven high\u2011impact leadership at top firms and top technical scores directly meet the reliability, technical excellence, and immediate impact requirements."}
2026-05-01 09:06:13,031 - INFO - Agent turns: 20
2026-05-01 09:06:20,949 - INFO - Tokens - Input: 2100, Output: 1127, Total: 3227
2026-05-01 09:06:20,955 - INFO - Memory updates: 77
{"id": 98, "ts": 1777619180.956332, "event": "memory_updated", "agent": "agent_2", "round": 5}
2026-05-01 09:06:21,397 - INFO - Tokens - Input: 3256, Output: 7, Total: 3263
2026-05-01 09:06:22,001 - INFO - Tokens - Input: 3072, Output: 1465, Total: 4537
2026-05-01 09:06:22,004 - INFO - Memory updates: 78
{"id": 99, "ts": 1777619182.0050619, "event": "memory_updated", "agent": "agent_1", "round": 5}
2026-05-01 09:06:22,347 - INFO - Tokens - Input: 3861, Output: 7, Total: 3868
2026-05-01 09:06:23,304 - INFO - Tokens - Input: 2204, Output: 1454, Total: 3658
2026-05-01 09:06:23,312 - INFO - Memory updates: 79
{"id": 100, "ts": 1777619183.31309, "event": "memory_updated", "agent": "agent_4", "round": 5}
2026-05-01 09:06:23,827 - INFO - Tokens - Input: 3743, Output: 7, Total: 3750
2026-05-01 09:06:27,987 - INFO - Tokens - Input: 3797, Output: 2159, Total: 5956
2026-05-01 09:06:27,996 - INFO - Memory updates: 80
{"id": 101, "ts": 1777619187.99723, "event": "memory_updated", "agent": "agent_3", "round": 5}
2026-05-01 09:06:28,302 - INFO - Tokens - Input: 5285, Output: 7, Total: 5292
2026-05-01 09:06:28,309 - INFO - Loop 5 completed
2026-05-01 09:06:28,309 - INFO - Final Chosen Candidate: Eve
2026-05-01 09:06:28,309 - INFO - Final Decision Method: max_round_majority_vote
2026-05-01 09:06:28,309 - INFO - Final Vote Count: {'Eve': 2, 'Alice': 2}
2026-05-01 09:06:28,309 - INFO - Correct Candidate: Eve
2026-05-01 09:06:28,309 - INFO - Decision Correct: 1
{"id": 102, "ts": 1777619188.8493052, "event": "context_consistency_calculated", "method": "embedding_cosine", "mean_pairwise_similarity": 0.924376, "pairwise": [{"agent_a": "agent_1", "agent_b": "agent_2", "similarity": 0.921125}, {"agent_a": "agent_1", "agent_b": "agent_3", "similarity": 0.934235}, {"agent_a": "agent_1", "agent_b": "agent_4", "similarity": 0.916358}, {"agent_a": "agent_2", "agent_b": "agent_3", "similarity": 0.92826}, {"agent_a": "agent_2", "agent_b": "agent_4", "similarity": 0.914996}, {"agent_a": "agent_3", "agent_b": "agent_4", "similarity": 0.931281}]}
{"id": 103, "ts": 1777619188.8493838, "event": "agent_memories_archived", "directory": "/Users/leonardhegemann/Documents/Studium/Bachelor/SoSe_2026/Abschlussarbeit/bachelor_thesis/01_data/raw/simulations/low/low_20260501_090052_001/shared_mental_models", "round": 5}
{"id": 104, "ts": 1777619188.8494642, "event": "final_decision", "candidate": "Eve", "method": "max_round_majority_vote", "vote_count": {"Eve": 2, "Alice": 2}, "correct_candidate": "Eve", "decision_correct": 1, "round": 5}
2026-05-01 09:06:28,853 - INFO - ======================================================================
2026-05-01 09:06:28,853 - INFO - SIMULATION METRICS
2026-05-01 09:06:28,853 - INFO - ======================================================================
2026-05-01 09:06:28,853 - INFO - Total Loops: 5
2026-05-01 09:06:28,853 - INFO - Agent Turns (no vote checker): 20
2026-05-01 09:06:28,853 - INFO - Agent Tool Calls: 0
2026-05-01 09:06:28,853 - INFO - Memory Updates: 80
2026-05-01 09:06:28,853 - INFO - Total Messages (no vote checker): 20
2026-05-01 09:06:28,853 - INFO - Input Tokens: 444042
2026-05-01 09:06:28,853 - INFO - Output Tokens: 116284
2026-05-01 09:06:28,853 - INFO - Total Tokens: 560326
2026-05-01 09:06:28,853 - INFO - Final Chosen Candidate: Eve
2026-05-01 09:06:28,853 - INFO - Final Decision Method: max_round_majority_vote
2026-05-01 09:06:28,853 - INFO - Final Vote Count: {'Eve': 2, 'Alice': 2}
2026-05-01 09:06:28,853 - INFO - Correct Candidate: Eve
2026-05-01 09:06:28,853 - INFO - Decision Correct: 1
2026-05-01 09:06:28,853 - INFO - Runtime: 335.07s
2026-05-01 09:06:28,853 - INFO - ======================================================================
