2026-05-17 22:36:38,542 - INFO - Metrics tracker initialized
{"id": 1, "ts": 1779050198.5731363, "event": "memory_reset"}
{"id": 2, "ts": 1779050198.5772934, "event": "discussion_order", "round": 1, "order": ["agent_3", "agent_2", "agent_1"]}
2026-05-17 22:36:44,147 - INFO - Tokens - Input: 1729, Output: 503, Total: 2232
{"id": 3, "ts": 1779050204.1486866, "event": "public_discussion_message", "round": 1, "agent": "agent_3", "message": "I favor Candidate B \u2013 handles stress well.\nMETADATA_JSON:\n{\"agent\": \"agent_3\", \"vote\": \"Candidate B\"}"}
2026-05-17 22:36:44,148 - INFO - Agent turns: 1
2026-05-17 22:36:51,830 - INFO - Tokens - Input: 1474, Output: 562, Total: 2036
2026-05-17 22:36:51,833 - INFO - Memory updates: 1
{"id": 4, "ts": 1779050211.833213, "event": "memory_updated", "agent": "agent_1", "round": 1}
2026-05-17 22:36:52,929 - INFO - Tokens - Input: 1477, Output: 679, Total: 2156
2026-05-17 22:36:52,931 - INFO - Memory updates: 2
{"id": 5, "ts": 1779050212.9315963, "event": "memory_updated", "agent": "agent_2", "round": 1}
2026-05-17 22:36:57,297 - INFO - Tokens - Input: 1469, Output: 1246, Total: 2715
2026-05-17 22:36:57,300 - INFO - Memory updates: 3
{"id": 6, "ts": 1779050217.3005753, "event": "memory_updated", "agent": "agent_3", "round": 1}
2026-05-17 22:37:02,594 - INFO - Tokens - Input: 1783, Output: 679, Total: 2462
{"id": 7, "ts": 1779050222.5957212, "event": "public_discussion_message", "round": 1, "agent": "agent_2", "message": "I currently favor Candidate A \u2013 can anticipate dangerous situations.\nMETADATA_JSON:\n{\"agent\": \"agent_2\", \"vote\": \"Candidate A\"}"}
2026-05-17 22:37:02,595 - INFO - Agent turns: 2
2026-05-17 22:37:09,589 - INFO - Tokens - Input: 1466, Output: 512, Total: 1978
2026-05-17 22:37:09,592 - INFO - Memory updates: 4
{"id": 8, "ts": 1779050229.5922427, "event": "memory_updated", "agent": "agent_1", "round": 1}
2026-05-17 22:37:10,134 - INFO - Tokens - Input: 1642, Output: 569, Total: 2211
2026-05-17 22:37:10,137 - INFO - Memory updates: 5
{"id": 9, "ts": 1779050230.1374598, "event": "memory_updated", "agent": "agent_3", "round": 1}
2026-05-17 22:37:10,504 - INFO - Tokens - Input: 1531, Output: 616, Total: 2147
2026-05-17 22:37:10,506 - INFO - Memory updates: 6
{"id": 10, "ts": 1779050230.506668, "event": "memory_updated", "agent": "agent_2", "round": 1}
2026-05-17 22:37:15,793 - INFO - Tokens - Input: 1774, Output: 628, Total: 2402
{"id": 11, "ts": 1779050235.7953846, "event": "public_discussion_message", "round": 1, "agent": "agent_1", "message": "I favor Candidate B \u2013 handles stress well.\nMETADATA_JSON:\n{\"agent\": \"agent_1\", \"vote\": \"Candidate B\"}"}
2026-05-17 22:37:15,795 - INFO - Agent turns: 3
2026-05-17 22:37:24,793 - INFO - Tokens - Input: 1520, Output: 635, Total: 2155
2026-05-17 22:37:24,795 - INFO - Memory updates: 7
{"id": 12, "ts": 1779050244.7959342, "event": "memory_updated", "agent": "agent_1", "round": 1}
2026-05-17 22:37:25,232 - INFO - Tokens - Input: 1568, Output: 680, Total: 2248
2026-05-17 22:37:25,234 - INFO - Memory updates: 8
{"id": 13, "ts": 1779050245.2345958, "event": "memory_updated", "agent": "agent_2", "round": 1}
2026-05-17 22:37:29,778 - INFO - Tokens - Input: 1684, Output: 1254, Total: 2938
2026-05-17 22:37:29,780 - INFO - Memory updates: 9
{"id": 14, "ts": 1779050249.7811108, "event": "memory_updated", "agent": "agent_3", "round": 1}
2026-05-17 22:37:29,790 - INFO - Loop 1 completed
{"id": 15, "ts": 1779050249.7966912, "event": "discussion_order", "round": 2, "order": ["agent_3", "agent_1", "agent_2"]}
2026-05-17 22:37:32,605 - INFO - Tokens - Input: 2017, Output: 311, Total: 2328
{"id": 16, "ts": 1779050252.6067858, "event": "public_discussion_message", "round": 2, "agent": "agent_3", "message": "Candidate B \u2013 handles stress well.\nMETADATA_JSON:\n{\"agent\": \"agent_3\", \"vote\": \"Candidate B\"}"}
2026-05-17 22:37:32,606 - INFO - Agent turns: 4
2026-05-17 22:37:35,200 - INFO - Tokens - Input: 1559, Output: 153, Total: 1712
2026-05-17 22:37:35,202 - INFO - Memory updates: 10
{"id": 17, "ts": 1779050255.2030172, "event": "memory_updated", "agent": "agent_1", "round": 2}
2026-05-17 22:37:37,341 - INFO - Tokens - Input: 1761, Output: 380, Total: 2141
2026-05-17 22:37:37,344 - INFO - Memory updates: 11
{"id": 18, "ts": 1779050257.34434, "event": "memory_updated", "agent": "agent_3", "round": 2}
2026-05-17 22:37:37,695 - INFO - Tokens - Input: 1605, Output: 427, Total: 2032
2026-05-17 22:37:37,697 - INFO - Memory updates: 12
{"id": 19, "ts": 1779050257.69762, "event": "memory_updated", "agent": "agent_2", "round": 2}
2026-05-17 22:37:42,763 - INFO - Tokens - Input: 1850, Output: 613, Total: 2463
{"id": 20, "ts": 1779050262.7647429, "event": "public_discussion_message", "round": 2, "agent": "agent_1", "message": "Candidate B \u2013 handles stress well.\nMETADATA_JSON:\n{\"agent\": \"agent_1\", \"vote\": \"Candidate B\"}"}
2026-05-17 22:37:42,764 - INFO - Agent turns: 5
2026-05-17 22:37:46,673 - INFO - Tokens - Input: 1594, Output: 274, Total: 1868
2026-05-17 22:37:46,676 - INFO - Memory updates: 13
{"id": 21, "ts": 1779050266.6763432, "event": "memory_updated", "agent": "agent_1", "round": 2}
2026-05-17 22:37:46,873 - INFO - Tokens - Input: 1640, Output: 294, Total: 1934
2026-05-17 22:37:46,890 - INFO - Memory updates: 14
{"id": 22, "ts": 1779050266.891221, "event": "memory_updated", "agent": "agent_2", "round": 2}
2026-05-17 22:37:47,259 - INFO - Tokens - Input: 1758, Output: 344, Total: 2102
2026-05-17 22:37:47,262 - INFO - Memory updates: 15
{"id": 23, "ts": 1779050267.2627604, "event": "memory_updated", "agent": "agent_3", "round": 2}
2026-05-17 22:37:51,347 - INFO - Tokens - Input: 1931, Output: 493, Total: 2424
{"id": 24, "ts": 1779050271.3486223, "event": "public_discussion_message", "round": 2, "agent": "agent_2", "message": "I prefer Candidate A \u2013 can anticipate dangerous situations.\nMETADATA_JSON:\n{\"agent\": \"agent_2\", \"vote\": \"Candidate A\"}"}
2026-05-17 22:37:51,348 - INFO - Agent turns: 6
2026-05-17 22:37:55,900 - INFO - Tokens - Input: 1632, Output: 335, Total: 1967
2026-05-17 22:37:55,902 - INFO - Memory updates: 16
{"id": 25, "ts": 1779050275.9030738, "event": "memory_updated", "agent": "agent_1", "round": 2}
2026-05-17 22:37:58,039 - INFO - Tokens - Input: 1678, Output: 564, Total: 2242
2026-05-17 22:37:58,041 - INFO - Memory updates: 17
{"id": 26, "ts": 1779050278.0413764, "event": "memory_updated", "agent": "agent_2", "round": 2}
2026-05-17 22:37:58,842 - INFO - Tokens - Input: 1796, Output: 668, Total: 2464
2026-05-17 22:37:58,844 - INFO - Memory updates: 18
{"id": 27, "ts": 1779050278.8449843, "event": "memory_updated", "agent": "agent_3", "round": 2}
2026-05-17 22:37:58,853 - INFO - Loop 2 completed
{"id": 28, "ts": 1779050278.8589764, "event": "discussion_order", "round": 3, "order": ["agent_2", "agent_1", "agent_3"]}
2026-05-17 22:38:02,455 - INFO - Tokens - Input: 1968, Output: 418, Total: 2386
{"id": 29, "ts": 1779050282.456796, "event": "public_discussion_message", "round": 3, "agent": "agent_2", "message": "I prefer Candidate A \u2013 can anticipate dangerous situations.\nMETADATA_JSON:\n{\"agent\": \"agent_2\", \"vote\": \"Candidate A\"}"}
2026-05-17 22:38:02,456 - INFO - Agent turns: 7
2026-05-17 22:38:06,066 - INFO - Tokens - Input: 1670, Output: 243, Total: 1913
2026-05-17 22:38:06,068 - INFO - Memory updates: 19
{"id": 30, "ts": 1779050286.0689938, "event": "memory_updated", "agent": "agent_1", "round": 3}
2026-05-17 22:38:09,149 - INFO - Tokens - Input: 1840, Output: 568, Total: 2408
2026-05-17 22:38:09,151 - INFO - Memory updates: 20
{"id": 31, "ts": 1779050289.1514828, "event": "memory_updated", "agent": "agent_3", "round": 3}
2026-05-17 22:38:11,547 - INFO - Tokens - Input: 1715, Output: 875, Total: 2590
2026-05-17 22:38:11,550 - INFO - Memory updates: 21
{"id": 32, "ts": 1779050291.5501535, "event": "memory_updated", "agent": "agent_2", "round": 3}
2026-05-17 22:38:15,877 - INFO - Tokens - Input: 1961, Output: 510, Total: 2471
{"id": 33, "ts": 1779050295.878378, "event": "public_discussion_message", "round": 3, "agent": "agent_1", "message": "Candidate B \u2013 can be uncooperative.\nMETADATA_JSON:\n{\"agent\": \"agent_1\", \"vote\": \"Candidate B\"}"}
2026-05-17 22:38:15,878 - INFO - Agent turns: 8
2026-05-17 22:38:30,166 - INFO - Tokens - Input: 1877, Output: 1052, Total: 2929
2026-05-17 22:38:30,169 - INFO - Memory updates: 22
{"id": 34, "ts": 1779050310.1695716, "event": "memory_updated", "agent": "agent_3", "round": 3}
2026-05-17 22:38:32,605 - INFO - Tokens - Input: 1772, Output: 1308, Total: 3080
2026-05-17 22:38:32,607 - INFO - Memory updates: 23
{"id": 35, "ts": 1779050312.6072912, "event": "memory_updated", "agent": "agent_2", "round": 3}
2026-05-17 22:38:35,619 - INFO - Tokens - Input: 1707, Output: 1691, Total: 3398
2026-05-17 22:38:35,621 - INFO - Memory updates: 24
{"id": 36, "ts": 1779050315.621743, "event": "memory_updated", "agent": "agent_1", "round": 3}
2026-05-17 22:38:40,115 - INFO - Tokens - Input: 2153, Output: 532, Total: 2685
{"id": 37, "ts": 1779050320.1163847, "event": "public_discussion_message", "round": 3, "agent": "agent_3", "message": "Candidate B \u2013 handles stress well\nMETADATA_JSON:\n{\"agent\": \"agent_3\", \"vote\": \"Candidate B\"}"}
2026-05-17 22:38:40,116 - INFO - Agent turns: 9
2026-05-17 22:38:43,701 - INFO - Tokens - Input: 1795, Output: 223, Total: 2018
2026-05-17 22:38:43,703 - INFO - Memory updates: 25
{"id": 38, "ts": 1779050323.7040262, "event": "memory_updated", "agent": "agent_2", "round": 3}
2026-05-17 22:38:44,182 - INFO - Tokens - Input: 1848, Output: 275, Total: 2123
2026-05-17 22:38:44,184 - INFO - Memory updates: 26
{"id": 39, "ts": 1779050324.1848636, "event": "memory_updated", "agent": "agent_1", "round": 3}
2026-05-17 22:38:47,724 - INFO - Tokens - Input: 1897, Output: 732, Total: 2629
2026-05-17 22:38:47,726 - INFO - Memory updates: 27
{"id": 40, "ts": 1779050327.7266135, "event": "memory_updated", "agent": "agent_3", "round": 3}
2026-05-17 22:38:47,735 - INFO - Loop 3 completed
{"id": 41, "ts": 1779050327.74296, "event": "discussion_order", "round": 4, "order": ["agent_3", "agent_1", "agent_2"]}
2026-05-17 22:38:49,666 - INFO - Tokens - Input: 2188, Output: 214, Total: 2402
{"id": 42, "ts": 1779050329.66793, "event": "public_discussion_message", "round": 4, "agent": "agent_3", "message": "Candidate B \u2013 handles stress well\nMETADATA_JSON:\n{\"agent\": \"agent_3\", \"vote\": \"Candidate B\"}"}
2026-05-17 22:38:49,668 - INFO - Agent turns: 10
2026-05-17 22:38:53,480 - INFO - Tokens - Input: 1830, Output: 275, Total: 2105
2026-05-17 22:38:53,482 - INFO - Memory updates: 28
{"id": 43, "ts": 1779050333.4829116, "event": "memory_updated", "agent": "agent_2", "round": 4}
2026-05-17 22:38:53,929 - INFO - Tokens - Input: 1883, Output: 324, Total: 2207
2026-05-17 22:38:53,931 - INFO - Memory updates: 29
{"id": 44, "ts": 1779050333.9315522, "event": "memory_updated", "agent": "agent_1", "round": 4}
2026-05-17 22:38:54,510 - INFO - Tokens - Input: 1932, Output: 399, Total: 2331
2026-05-17 22:38:54,513 - INFO - Memory updates: 30
{"id": 45, "ts": 1779050334.513149, "event": "memory_updated", "agent": "agent_3", "round": 4}
2026-05-17 22:38:58,886 - INFO - Tokens - Input: 2174, Output: 515, Total: 2689
{"id": 46, "ts": 1779050338.8882978, "event": "public_discussion_message", "round": 4, "agent": "agent_1", "message": "Candidate B \u2013 handles stress well\nMETADATA_JSON:\n{\"agent\": \"agent_1\", \"vote\": \"Candidate B\"}"}
2026-05-17 22:38:58,888 - INFO - Agent turns: 11
2026-05-17 22:39:03,767 - INFO - Tokens - Input: 1954, Output: 314, Total: 2268
2026-05-17 22:39:03,769 - INFO - Memory updates: 31
{"id": 47, "ts": 1779050343.7695432, "event": "memory_updated", "agent": "agent_3", "round": 4}
2026-05-17 22:39:04,414 - INFO - Tokens - Input: 1865, Output: 384, Total: 2249
2026-05-17 22:39:04,416 - INFO - Memory updates: 32
{"id": 48, "ts": 1779050344.4171069, "event": "memory_updated", "agent": "agent_2", "round": 4}
2026-05-17 22:39:04,772 - INFO - Tokens - Input: 1918, Output: 431, Total: 2349
2026-05-17 22:39:04,775 - INFO - Memory updates: 33
{"id": 49, "ts": 1779050344.7752526, "event": "memory_updated", "agent": "agent_1", "round": 4}
2026-05-17 22:39:08,627 - INFO - Tokens - Input: 2156, Output: 443, Total: 2599
{"id": 50, "ts": 1779050348.62899, "event": "public_discussion_message", "round": 4, "agent": "agent_2", "message": "Candidate A \u2013 can anticipate dangerous situations.\nMETADATA_JSON:\n{\"agent\": \"agent_2\", \"vote\": \"Candidate A\"}"}
2026-05-17 22:39:08,629 - INFO - Agent turns: 12
2026-05-17 22:39:13,496 - INFO - Tokens - Input: 1990, Output: 306, Total: 2296
2026-05-17 22:39:13,499 - INFO - Memory updates: 34
{"id": 51, "ts": 1779050353.4993684, "event": "memory_updated", "agent": "agent_3", "round": 4}
2026-05-17 22:39:13,901 - INFO - Tokens - Input: 1960, Output: 350, Total: 2310
2026-05-17 22:39:13,903 - INFO - Memory updates: 35
{"id": 52, "ts": 1779050353.9034274, "event": "memory_updated", "agent": "agent_1", "round": 4}
2026-05-17 22:39:14,937 - INFO - Tokens - Input: 1901, Output: 482, Total: 2383
2026-05-17 22:39:14,939 - INFO - Memory updates: 36
{"id": 53, "ts": 1779050354.9397342, "event": "memory_updated", "agent": "agent_2", "round": 4}
2026-05-17 22:39:14,947 - INFO - Loop 4 completed
{"id": 54, "ts": 1779050354.9532208, "event": "discussion_order", "round": 5, "order": ["agent_3", "agent_2", "agent_1"]}
2026-05-17 22:39:18,492 - INFO - Tokens - Input: 2281, Output: 405, Total: 2686
{"id": 55, "ts": 1779050358.4937723, "event": "public_discussion_message", "round": 5, "agent": "agent_3", "message": "Candidate B \u2013 handles stress well.\nMETADATA_JSON:\n{\"agent\": \"agent_3\", \"vote\": \"Candidate B\"}"}
2026-05-17 22:39:18,493 - INFO - Agent turns: 13
2026-05-17 22:39:22,477 - INFO - Tokens - Input: 1936, Output: 272, Total: 2208
2026-05-17 22:39:22,480 - INFO - Memory updates: 37
{"id": 56, "ts": 1779050362.4802399, "event": "memory_updated", "agent": "agent_2", "round": 5}
2026-05-17 22:39:22,830 - INFO - Tokens - Input: 1995, Output: 311, Total: 2306
2026-05-17 22:39:22,833 - INFO - Memory updates: 38
{"id": 57, "ts": 1779050362.8332179, "event": "memory_updated", "agent": "agent_1", "round": 5}
2026-05-17 22:39:23,513 - INFO - Tokens - Input: 2025, Output: 398, Total: 2423
2026-05-17 22:39:23,515 - INFO - Memory updates: 39
{"id": 58, "ts": 1779050363.5160694, "event": "memory_updated", "agent": "agent_3", "round": 5}
2026-05-17 22:39:24,892 - INFO - Tokens - Input: 2227, Output: 148, Total: 2375
{"id": 59, "ts": 1779050364.894117, "event": "public_discussion_message", "round": 5, "agent": "agent_2", "message": "I prefer Candidate A \u2013 can anticipate dangerous situations.\nMETADATA_JSON:\n{\"agent\": \"agent_2\", \"vote\": \"Candidate A\"}"}
2026-05-17 22:39:24,894 - INFO - Agent turns: 14
2026-05-17 22:39:28,986 - INFO - Tokens - Input: 1974, Output: 288, Total: 2262
2026-05-17 22:39:28,988 - INFO - Memory updates: 40
{"id": 60, "ts": 1779050368.988963, "event": "memory_updated", "agent": "agent_2", "round": 5}
2026-05-17 22:39:30,827 - INFO - Tokens - Input: 2033, Output: 483, Total: 2516
2026-05-17 22:39:30,830 - INFO - Memory updates: 41
{"id": 61, "ts": 1779050370.8302329, "event": "memory_updated", "agent": "agent_1", "round": 5}
2026-05-17 22:39:31,171 - INFO - Tokens - Input: 2063, Output: 526, Total: 2589
2026-05-17 22:39:31,173 - INFO - Memory updates: 42
{"id": 62, "ts": 1779050371.1740923, "event": "memory_updated", "agent": "agent_3", "round": 5}
2026-05-17 22:39:35,022 - INFO - Tokens - Input: 2324, Output: 427, Total: 2751
{"id": 63, "ts": 1779050375.0240526, "event": "public_discussion_message", "round": 5, "agent": "agent_1", "message": "Candidate B \u2013 handles stress well.\nMETADATA_JSON:\n{\"agent\": \"agent_1\", \"vote\": \"Candidate B\"}"}
2026-05-17 22:39:35,024 - INFO - Agent turns: 15
2026-05-17 22:39:38,416 - INFO - Tokens - Input: 2068, Output: 234, Total: 2302
2026-05-17 22:39:38,419 - INFO - Memory updates: 43
{"id": 64, "ts": 1779050378.4194572, "event": "memory_updated", "agent": "agent_1", "round": 5}
2026-05-17 22:39:40,254 - INFO - Tokens - Input: 2098, Output: 430, Total: 2528
2026-05-17 22:39:40,257 - INFO - Memory updates: 44
{"id": 65, "ts": 1779050380.2572494, "event": "memory_updated", "agent": "agent_3", "round": 5}
2026-05-17 22:39:40,684 - INFO - Tokens - Input: 2009, Output: 486, Total: 2495
2026-05-17 22:39:40,686 - INFO - Memory updates: 45
{"id": 66, "ts": 1779050380.6866872, "event": "memory_updated", "agent": "agent_2", "round": 5}
2026-05-17 22:39:40,695 - INFO - Loop 5 completed
2026-05-17 22:39:40,696 - INFO - Final Chosen Candidate: Candidate B
2026-05-17 22:39:40,696 - INFO - Final Decision Method: max_round_majority_vote
2026-05-17 22:39:40,696 - INFO - Final Vote Count: {'Candidate B': 2, 'Candidate A': 1}
2026-05-17 22:39:40,696 - INFO - Correct Candidate: Candidate C
2026-05-17 22:39:40,696 - INFO - Decision Correct: 0
{"id": 67, "ts": 1779050381.2286005, "event": "context_consistency_calculated", "method": "weighted_section_embedding_cosine", "mean_pairwise_similarity": 0.852972, "pairwise": [{"agent_a": "agent_1", "agent_b": "agent_2", "similarity": 0.837034, "sections": [{"section": "task_summary", "weight": 0.02, "similarity": 1.0}, {"section": "revealed_facts_by_source", "weight": 0.3, "similarity": 0.885455}, {"section": "candidate_evaluation", "weight": 0.35, "similarity": 0.770329}, {"section": "other_agents_positions", "weight": 0.15, "similarity": 0.957205}, {"section": "emerging_group_view", "weight": 0.13, "similarity": 0.67847}, {"section": "open_questions_next_step_focus", "weight": 0.05, "similarity": 1.0}]}, {"agent_a": "agent_1", "agent_b": "agent_3", "similarity": 0.875374, "sections": [{"section": "task_summary", "weight": 0.02, "similarity": 1.0}, {"section": "revealed_facts_by_source", "weight": 0.3, "similarity": 0.913043}, {"section": "candidate_evaluation", "weight": 0.35, "similarity": 0.874315}, {"section": "other_agents_positions", "weight": 0.15, "similarity": 0.968915}, {"section": "emerging_group_view", "weight": 0.13, "similarity": 0.616256}, {"section": "open_questions_next_step_focus", "weight": 0.05, "similarity": 1.0}]}, {"agent_a": "agent_2", "agent_b": "agent_3", "similarity": 0.846509, "sections": [{"section": "task_summary", "weight": 0.02, "similarity": 1.0}, {"section": "revealed_facts_by_source", "weight": 0.3, "similarity": 0.958038}, {"section": "candidate_evaluation", "weight": 0.35, "similarity": 0.718121}, {"section": "other_agents_positions", "weight": 0.15, "similarity": 0.944295}, {"section": "emerging_group_view", "weight": 0.13, "similarity": 0.73932}, {"section": "open_questions_next_step_focus", "weight": 0.05, "similarity": 1.0}]}]}
{"id": 68, "ts": 1779050381.2288065, "event": "gold_standard_alignment_calculated", "method": "rule_based_fact_coverage", "mean_alignment": 0.458333, "by_agent": [{"agent": "agent_1", "score": 0.6, "matched_facts": 24, "total_facts": 40, "matched_public_facts": 16, "total_public_facts": 16, "public_fact_coverage": 1.0, "matched_own_private_facts": 8, "total_own_private_facts": 8, "own_private_fact_coverage": 1.0, "matched_other_private_facts": 0, "total_other_private_facts": 16, "other_private_fact_coverage": 0.0, "checks": {"public_candidate_a_can_anticipate_dangerous_situations": 1, "public_candidate_a_is_able_to_see_complex_connections": 1, "public_candidate_a_has_excellent_spatial_vision": 1, "public_candidate_a_has_very_good_leadership_qualities": 1, "public_candidate_b_is_very_conscientious": 1, "public_candidate_b_handles_stress_very_well": 1, "public_candidate_b_is_good_at_assessing_weather_conditions": 1, "public_candidate_b_has_excellent_computer_skills": 1, "public_candidate_c_can_make_correct_decisions_quickly": 1, "public_candidate_c_has_difficulty_communicating_ideas": 1, "public_candidate_c_is_regarded_as_egocentric": 1, "public_candidate_c_is_not_very_willing_to_further_his_education": 1, "public_candidate_d_responds_to_unexpected_events_adequately": 1, "public_candidate_d_can_concentrate_very_well": 1, "public_candidate_d_solves_problems_extremely_well": 1, "public_candidate_d_takes_responsibility_seriously": 1, "agent_1_candidate_a_is_sometimes_not_good_at_taking_criticism": 1, "agent_1_candidate_a_can_be_unorganized": 1, "agent_1_candidate_b_can_be_grumpy": 1, "agent_1_candidate_b_can_be_uncooperative": 1, "agent_1_candidate_c_is_known_to_be_100_percent_reliable": 1, "agent_1_candidate_c_creates_a_positive_atmosphere_with_his_crew": 1, "agent_1_candidate_d_is_regarded_as_arrogant": 1, "agent_1_candidate_d_has_relatively_weak_leadership_skills": 1, "agent_2_candidate_a_is_regarded_as_a_show_off": 0, "agent_2_candidate_a_is_regarded_as_being_not_open_to_new_ideas": 0, "agent_2_candidate_b_has_a_relatively_weak_memory_for_numbers": 0, "agent_2_candidate_b_makes_nasty_remarks_about_his_colleagues": 0, "agent_2_candidate_c_keeps_calm_in_a_crisis": 0, "agent_2_candidate_c_understands_complicated_technology": 0, "agent_2_candidate_d_is_regarded_as_a_know_it_all": 0, "agent_2_candidate_d_has_a_hot_temper": 0, "agent_3_candidate_a_is_unfriendly": 0, "agent_3_candidate_a_eats_unhealthily": 0, "agent_3_candidate_b_is_regarded_as_pretentious": 0, "agent_3_candidate_b_sometimes_adopts_the_wrong_tone_when_communicating": 0, "agent_3_candidate_c_puts_concern_for_others_above_everything": 0, "agent_3_candidate_c_has_excellent_attention_skills": 0, "agent_3_candidate_d_is_considered_moody": 0, "agent_3_candidate_d_is_regarded_as_a_loner": 0}}, {"agent": "agent_2", "score": 0.15, "matched_facts": 6, "total_facts": 40, "matched_public_facts": 3, "total_public_facts": 16, "public_fact_coverage": 0.1875, "matched_own_private_facts": 2, "total_own_private_facts": 8, "own_private_fact_coverage": 0.25, "matched_other_private_facts": 1, "total_other_private_facts": 16, "other_private_fact_coverage": 0.0625, "checks": {"public_candidate_a_can_anticipate_dangerous_situations": 0, "public_candidate_a_is_able_to_see_complex_connections": 0, "public_candidate_a_has_excellent_spatial_vision": 0, "public_candidate_a_has_very_good_leadership_qualities": 0, "public_candidate_b_is_very_conscientious": 0, "public_candidate_b_handles_stress_very_well": 1, "public_candidate_b_is_good_at_assessing_weather_conditions": 1, "public_candidate_b_has_excellent_computer_skills": 1, "public_candidate_c_can_make_correct_decisions_quickly": 0, "public_candidate_c_has_difficulty_communicating_ideas": 0, "public_candidate_c_is_regarded_as_egocentric": 0, "public_candidate_c_is_not_very_willing_to_further_his_education": 0, "public_candidate_d_responds_to_unexpected_events_adequately": 0, "public_candidate_d_can_concentrate_very_well": 0, "public_candidate_d_solves_problems_extremely_well": 0, "public_candidate_d_takes_responsibility_seriously": 0, "agent_1_candidate_a_is_sometimes_not_good_at_taking_criticism": 0, "agent_1_candidate_a_can_be_unorganized": 0, "agent_1_candidate_b_can_be_grumpy": 0, "agent_1_candidate_b_can_be_uncooperative": 1, "agent_1_candidate_c_is_known_to_be_100_percent_reliable": 0, "agent_1_candidate_c_creates_a_positive_atmosphere_with_his_crew": 0, "agent_1_candidate_d_is_regarded_as_arrogant": 0, "agent_1_candidate_d_has_relatively_weak_leadership_skills": 0, "agent_2_candidate_a_is_regarded_as_a_show_off": 0, "agent_2_candidate_a_is_regarded_as_being_not_open_to_new_ideas": 0, "agent_2_candidate_b_has_a_relatively_weak_memory_for_numbers": 1, "agent_2_candidate_b_makes_nasty_remarks_about_his_colleagues": 1, "agent_2_candidate_c_keeps_calm_in_a_crisis": 0, "agent_2_candidate_c_understands_complicated_technology": 0, "agent_2_candidate_d_is_regarded_as_a_know_it_all": 0, "agent_2_candidate_d_has_a_hot_temper": 0, "agent_3_candidate_a_is_unfriendly": 0, "agent_3_candidate_a_eats_unhealthily": 0, "agent_3_candidate_b_is_regarded_as_pretentious": 0, "agent_3_candidate_b_sometimes_adopts_the_wrong_tone_when_communicating": 0, "agent_3_candidate_c_puts_concern_for_others_above_everything": 0, "agent_3_candidate_c_has_excellent_attention_skills": 0, "agent_3_candidate_d_is_considered_moody": 0, "agent_3_candidate_d_is_regarded_as_a_loner": 0}}, {"agent": "agent_3", "score": 0.625, "matched_facts": 25, "total_facts": 40, "matched_public_facts": 16, "total_public_facts": 16, "public_fact_coverage": 1.0, "matched_own_private_facts": 8, "total_own_private_facts": 8, "own_private_fact_coverage": 1.0, "matched_other_private_facts": 1, "total_other_private_facts": 16, "other_private_fact_coverage": 0.0625, "checks": {"public_candidate_a_can_anticipate_dangerous_situations": 1, "public_candidate_a_is_able_to_see_complex_connections": 1, "public_candidate_a_has_excellent_spatial_vision": 1, "public_candidate_a_has_very_good_leadership_qualities": 1, "public_candidate_b_is_very_conscientious": 1, "public_candidate_b_handles_stress_very_well": 1, "public_candidate_b_is_good_at_assessing_weather_conditions": 1, "public_candidate_b_has_excellent_computer_skills": 1, "public_candidate_c_can_make_correct_decisions_quickly": 1, "public_candidate_c_has_difficulty_communicating_ideas": 1, "public_candidate_c_is_regarded_as_egocentric": 1, "public_candidate_c_is_not_very_willing_to_further_his_education": 1, "public_candidate_d_responds_to_unexpected_events_adequately": 1, "public_candidate_d_can_concentrate_very_well": 1, "public_candidate_d_solves_problems_extremely_well": 1, "public_candidate_d_takes_responsibility_seriously": 1, "agent_1_candidate_a_is_sometimes_not_good_at_taking_criticism": 0, "agent_1_candidate_a_can_be_unorganized": 0, "agent_1_candidate_b_can_be_grumpy": 0, "agent_1_candidate_b_can_be_uncooperative": 1, "agent_1_candidate_c_is_known_to_be_100_percent_reliable": 0, "agent_1_candidate_c_creates_a_positive_atmosphere_with_his_crew": 0, "agent_1_candidate_d_is_regarded_as_arrogant": 0, "agent_1_candidate_d_has_relatively_weak_leadership_skills": 0, "agent_2_candidate_a_is_regarded_as_a_show_off": 0, "agent_2_candidate_a_is_regarded_as_being_not_open_to_new_ideas": 0, "agent_2_candidate_b_has_a_relatively_weak_memory_for_numbers": 0, "agent_2_candidate_b_makes_nasty_remarks_about_his_colleagues": 0, "agent_2_candidate_c_keeps_calm_in_a_crisis": 0, "agent_2_candidate_c_understands_complicated_technology": 0, "agent_2_candidate_d_is_regarded_as_a_know_it_all": 0, "agent_2_candidate_d_has_a_hot_temper": 0, "agent_3_candidate_a_is_unfriendly": 1, "agent_3_candidate_a_eats_unhealthily": 1, "agent_3_candidate_b_is_regarded_as_pretentious": 1, "agent_3_candidate_b_sometimes_adopts_the_wrong_tone_when_communicating": 1, "agent_3_candidate_c_puts_concern_for_others_above_everything": 1, "agent_3_candidate_c_has_excellent_attention_skills": 1, "agent_3_candidate_d_is_considered_moody": 1, "agent_3_candidate_d_is_regarded_as_a_loner": 1}}]}
{"id": 69, "ts": 1779050381.228944, "event": "agent_memories_archived", "directory": "/home/lhegemann/git/bachelor_thesis/01_data/raw/simulations/low/low_treatment_20260517_214240_017/shared_mental_models", "round": 5}
{"id": 70, "ts": 1779050381.228986, "event": "final_decision", "candidate": "Candidate B", "method": "max_round_majority_vote", "vote_count": {"Candidate B": 2, "Candidate A": 1}, "correct_candidate": "Candidate C", "decision_correct": 0, "round": 5}
2026-05-17 22:39:41,237 - INFO - ======================================================================
2026-05-17 22:39:41,237 - INFO - SIMULATION METRICS
2026-05-17 22:39:41,237 - INFO - ======================================================================
2026-05-17 22:39:41,237 - INFO - Total Loops: 5
2026-05-17 22:39:41,237 - INFO - Agent Turns (no vote checker): 15
2026-05-17 22:39:41,237 - INFO - Agent Tool Calls: 0
2026-05-17 22:39:41,237 - INFO - Agent Tool Messages: 0
2026-05-17 22:39:41,237 - INFO - Memory Updates: 45
2026-05-17 22:39:41,238 - INFO - Total Messages (no vote checker): 15
2026-05-17 22:39:41,238 - INFO - Input Tokens: 110925
2026-05-17 22:39:41,238 - INFO - Output Tokens: 30691
2026-05-17 22:39:41,238 - INFO - Total Tokens: 141616
2026-05-17 22:39:41,238 - INFO - Final Chosen Candidate: Candidate B
2026-05-17 22:39:41,238 - INFO - Final Decision Method: max_round_majority_vote
2026-05-17 22:39:41,238 - INFO - Final Vote Count: {'Candidate B': 2, 'Candidate A': 1}
2026-05-17 22:39:41,238 - INFO - Correct Candidate: Candidate C
2026-05-17 22:39:41,238 - INFO - Decision Correct: 0
2026-05-17 22:39:41,238 - INFO - Runtime: 182.70s
2026-05-17 22:39:41,238 - INFO - ======================================================================
