2026-05-07 20:30:02,632 - INFO - Metrics tracker initialized
{"id": 1, "ts": 1778178602.6573272, "event": "memory_reset"}
{"id": 2, "ts": 1778178602.6602466, "event": "discussion_order", "round": 1, "order": ["agent_3", "agent_2", "agent_1"]}
2026-05-07 20:30:15,546 - INFO - Tokens - Input: 1777, Output: 1332, Total: 3109
{"id": 3, "ts": 1778178615.5480192, "event": "public_discussion_message", "round": 1, "agent": "agent_3", "message": "Current position: Candidate B\nConfidence/uncertainty: Moderate confidence \u2013 B appears strongest overall but cooperation concerns remain.\nReasoning summary:\n- Key evidence used: Candidate B is very conscientious (reliability), handles stress well (calmness under pressure), assesses weather conditions accurately and has excellent computer skills (technical competence). These align directly with core pilot requirements for long\u2011distance flights.\n- Evidence from others: No other agents have contributed yet.\n- Alternatives considered:\n  * Candidate A \u2013 excellent spatial vision and leadership, but unfriendly and unhealthy habits raise cooperation and health concerns.\n  * Candidate C \u2013 quick decision\u2011making and strong concern for others, yet egocentric, communication difficulties, and low motivation for further education weaken reliability and teamwork.\n  * Candidate D \u2013 strong problem\u2011solving, responsibility, and concentration, but moody and a loner suggest significant cooperation risks.\n- Main tradeoff: Balancing B\u2019s strong reliability, stress handling, and technical skills against its pretentiousness and occasional wrong tone, which could affect crew harmony.\n- Remaining uncertainty: The extent to which B\u2019s interpersonal drawbacks will impact day\u2011to\u2011day crew interaction on long flights.\n- What would change my vote: Convincing evidence that another candidate (e.g., D) has comparable reliability and technical competence *and* markedly fewer cooperation negatives, or that B\u2019s cooperation issues are more severe than currently described.\nMETADATA_JSON:\n{\"agent\": \"agent_3\", \"vote\": \"Candidate B\"}"}
2026-05-07 20:30:15,548 - INFO - Agent turns: 1
2026-05-07 20:30:24,496 - INFO - Tokens - Input: 1741, Output: 1210, Total: 2951
2026-05-07 20:30:24,498 - INFO - Memory updates: 1
{"id": 4, "ts": 1778178624.4987164, "event": "memory_updated", "agent": "agent_3", "round": 1}
2026-05-07 20:30:25,913 - INFO - Tokens - Input: 1749, Output: 1399, Total: 3148
2026-05-07 20:30:25,915 - INFO - Memory updates: 2
{"id": 5, "ts": 1778178625.9152112, "event": "memory_updated", "agent": "agent_2", "round": 1}
2026-05-07 20:30:29,968 - INFO - Tokens - Input: 1746, Output: 1854, Total: 3600
2026-05-07 20:30:29,970 - INFO - Memory updates: 3
{"id": 6, "ts": 1778178629.9703994, "event": "memory_updated", "agent": "agent_1", "round": 1}
2026-05-07 20:30:36,219 - INFO - Tokens - Input: 2528, Output: 775, Total: 3303
{"id": 7, "ts": 1778178636.2213862, "event": "public_discussion_message", "round": 1, "agent": "agent_2", "message": "Current position: Candidate B\nConfidence/uncertainty: Moderate confidence \u2013 B appears strongest overall but cooperation concerns remain.\nReasoning summary:\n- Key evidence used: Candidate B is very conscientious (reliability), handles stress well (calmness under pressure), is good at assessing weather conditions and has excellent computer skills (technical competence). These align directly with core requirements for long\u2011distance piloting.\n- Evidence from others: Agent\u202f3 also highlighted B\u2019s strong reliability, stress handling, and technical skills, and noted the same cooperation concerns (nasty remarks, pretentious tone).\n- Alternatives considered:\n  * Candidate A \u2013 excellent situational awareness, spatial vision, and leadership, but is regarded as a show\u2011off and not open to new ideas, raising crew\u2011cooperation risks.\n  * Candidate C \u2013 quick decision\u2011making, calm in crisis, and strong technical understanding, yet has communication difficulties, is egocentric, and lacks motivation for further education, which undermine teamwork.\n  * Candidate D \u2013 outstanding problem\u2011solving, concentration, and sense of responsibility, but is seen as a know\u2011it\u2011all with a hot temper, posing significant cooperation hazards.\n- Main tradeoff: Balancing B\u2019s strong reliability, stress resilience, and technical abilities against its interpersonal drawbacks (nasty remarks, weak memory for numbers) that could affect crew harmony on long flights.\n- Remaining uncertainty: How severely B\u2019s interpersonal issues (especially the nasty remarks) will impact day\u2011to\u2011day crew interaction and safety on extended missions.\n- What would change my vote: Convincing evidence that another candidate (e.g., D) matches B\u2019s reliability and technical competence while exhibiting markedly fewer cooperation negatives, or clear evidence that B\u2019s cooperation problems are more severe than currently described.\nMETADATA_JSON:\n{\"agent\": \"agent_2\", \"vote\": \"Candidate B\"}"}
2026-05-07 20:30:36,221 - INFO - Agent turns: 2
2026-05-07 20:30:46,292 - INFO - Tokens - Input: 2692, Output: 1357, Total: 4049
2026-05-07 20:30:46,295 - INFO - Memory updates: 4
{"id": 8, "ts": 1778178646.295203, "event": "memory_updated", "agent": "agent_1", "round": 1}
2026-05-07 20:30:46,439 - INFO - Tokens - Input: 2643, Output: 1289, Total: 3932
2026-05-07 20:30:46,440 - INFO - Memory updates: 5
{"id": 9, "ts": 1778178646.4409564, "event": "memory_updated", "agent": "agent_2", "round": 1}
2026-05-07 20:30:47,695 - INFO - Tokens - Input: 2702, Output: 1495, Total: 4197
2026-05-07 20:30:47,697 - INFO - Memory updates: 6
{"id": 10, "ts": 1778178647.6977534, "event": "memory_updated", "agent": "agent_3", "round": 1}
2026-05-07 20:30:55,415 - INFO - Tokens - Input: 3184, Output: 974, Total: 4158
{"id": 11, "ts": 1778178655.4171293, "event": "public_discussion_message", "round": 1, "agent": "agent_1", "message": "Current position: Candidate C\nConfidence/uncertainty: Moderate confidence \u2013 C meets most core criteria but has notable communication and development gaps.\nReasoning summary:\n- Key evidence used: Candidate\u202fC is 100\u202f% reliable, makes correct decisions quickly, and creates a positive atmosphere with the crew \u2013 covering reliability, calm decision\u2011making, and cooperation. These are essential for long\u2011distance flights.\n- Evidence from others: Agents\u202f2 and\u202f3 highlighted B\u2019s strong reliability, stress handling, and technical skills but emphasized serious cooperation drawbacks (grumpy, uncooperative, nasty remarks, pretentious tone). Agent\u202f2 also noted D\u2019s arrogance and weak leadership, and A\u2019s resistance to criticism and disorganization.\n- Alternatives considered:\n  * Candidate\u202fB \u2013 excellent technical competence and stress resilience, yet repeated interpersonal negatives (uncooperative, nasty remarks) pose a high safety risk.\n  * Candidate\u202fA \u2013 strong situational awareness and leadership, but poor organization and difficulty accepting criticism could undermine crew coordination.\n  * Candidate\u202fD \u2013 outstanding problem\u2011solving and responsibility, but arrogance and weak leadership suggest cooperation hazards.\n- Main tradeoff: Balancing C\u2019s strong reliability and crew\u2011positive attitude against its communication difficulty and limited willingness for further education versus B\u2019s technical superiority but significant cooperation risks.\n- Remaining uncertainty: How severely C\u2019s difficulty communicating ideas and egocentric attitude will affect real\u2011world crew coordination on extended missions.\n- What would change my vote: Convincing evidence that another candidate (e.g., B or D) matches C\u2019s reliability and crew\u2011positive traits while exhibiting substantially fewer cooperation or communication drawbacks, or clear data showing C\u2019s communication issues lead to critical safety incidents.\nMETADATA_JSON:\n{\"agent\": \"agent_1\", \"vote\": \"Candidate C\"}"}
2026-05-07 20:30:55,417 - INFO - Agent turns: 3
2026-05-07 20:31:05,160 - INFO - Tokens - Input: 3271, Output: 1213, Total: 4484
2026-05-07 20:31:05,162 - INFO - Memory updates: 7
{"id": 12, "ts": 1778178665.162923, "event": "memory_updated", "agent": "agent_1", "round": 1}
2026-05-07 20:31:09,414 - INFO - Tokens - Input: 3103, Output: 1680, Total: 4783
2026-05-07 20:31:09,416 - INFO - Memory updates: 8
{"id": 13, "ts": 1778178669.4164753, "event": "memory_updated", "agent": "agent_2", "round": 1}
2026-05-07 20:31:09,981 - INFO - Tokens - Input: 3132, Output: 1665, Total: 4797
2026-05-07 20:31:09,983 - INFO - Memory updates: 9
{"id": 14, "ts": 1778178669.9835668, "event": "memory_updated", "agent": "agent_3", "round": 1}
2026-05-07 20:31:09,992 - INFO - Loop 1 completed
{"id": 15, "ts": 1778178669.9984171, "event": "discussion_order", "round": 2, "order": ["agent_2", "agent_1", "agent_3"]}
2026-05-07 20:31:14,589 - INFO - Tokens - Input: 3580, Output: 612, Total: 4192
{"id": 16, "ts": 1778178674.590958, "event": "public_discussion_message", "round": 2, "agent": "agent_2", "message": "Current position: Candidate B\nConfidence/uncertainty: Moderate \u2013 I am fairly confident B is the strongest overall, but the cooperation concerns keep some doubt.\nReasoning summary:\n- Key evidence used: Candidate\u202fB is very conscientious (reliability), handles stress well (calmness under pressure), assesses weather accurately and has excellent computer skills (technical competence). These directly match the core demands of long\u2011distance piloting.\n- Evidence from others: Agent\u202f1 favors Candidate\u202fC for reliability and crew\u2011positive attitude; Agent\u202f3 also supports Candidate\u202fB, echoing the same strengths and noting the same cooperation drawbacks. The group\u2019s current vote tally shows B leading (2 vs 1).\n- Alternatives considered:\n  * Candidate\u202fC \u2013 strong reliability, quick correct decisions, calm in crisis, and a positive crew atmosphere, but communication difficulty, egocentric attitude, and low motivation for further education raise teamwork risks.\n  * Candidate\u202fD \u2013 excellent problem\u2011solving, concentration, and responsibility, yet is seen as a know\u2011it\u2011all with a hot temper, which could harm crew cohesion.\n  * Candidate\u202fA \u2013 outstanding situational awareness, spatial vision, and leadership, but is regarded as a show\u2011off, not open to new ideas, and has poor organization, all detrimental to cooperation.\n- Main tradeoff: Balancing B\u2019s superior reliability, stress resilience, and technical skills against its interpersonal negatives (nasty remarks, weak numeric memory, pretentious tone) that could affect crew harmony on long flights.\n- Remaining uncertainty: How severely B\u2019s cooperation issues will manifest in day\u2011to\u2011day cockpit interactions and whether they could compromise safety on extended missions.\n- What would change my vote: Convincing evidence that another candidate (e.g., C or D) matches B\u2019s reliability and technical competence while exhibiting markedly fewer cooperation drawbacks, or clear data showing B\u2019s interpersonal problems lead to critical safety incidents.\nMETADATA_JSON:\n{\"agent\": \"agent_2\", \"vote\": \"Candidate B\"}"}
2026-05-07 20:31:14,591 - INFO - Agent turns: 4
2026-05-07 20:31:24,100 - INFO - Tokens - Input: 3849, Output: 1265, Total: 5114
2026-05-07 20:31:24,102 - INFO - Memory updates: 10
{"id": 17, "ts": 1778178684.1025643, "event": "memory_updated", "agent": "agent_3", "round": 2}
2026-05-07 20:31:24,446 - INFO - Tokens - Input: 3594, Output: 1292, Total: 4886
2026-05-07 20:31:24,448 - INFO - Memory updates: 11
{"id": 18, "ts": 1778178684.4484577, "event": "memory_updated", "agent": "agent_1", "round": 2}
2026-05-07 20:31:25,291 - INFO - Tokens - Input: 3743, Output: 1406, Total: 5149
2026-05-07 20:31:25,293 - INFO - Memory updates: 12
{"id": 19, "ts": 1778178685.2939541, "event": "memory_updated", "agent": "agent_2", "round": 2}
2026-05-07 20:31:35,733 - INFO - Tokens - Input: 3884, Output: 680, Total: 4564
{"id": 20, "ts": 1778178695.7349372, "event": "public_discussion_message", "round": 2, "agent": "agent_1", "message": "Current position: Candidate C\nConfidence/uncertainty: Moderate \u2013 I see C as a strong overall fit but retain some doubts about his communication style and willingness to continue learning.\nReasoning summary:\n- Key evidence used: Candidate\u202fC is 100\u202f% reliable, makes correct decisions quickly, and creates a positive atmosphere with his crew. These address reliability, calm decision\u2011making, and cooperation\u2014core for long\u2011distance flights.\n- Evidence from others: Agents\u202f2 and\u202f3 emphasize Candidate\u202fB\u2019s technical competence (weather assessment, computer skills) and stress resilience, but both flag repeated cooperation negatives (grumpy, uncooperative, nasty remarks, pretentious tone). Agent\u202f2 also notes B\u2019s weak numeric memory. Agent\u202f1 (myself) previously highlighted A\u2019s situational awareness and leadership, and D\u2019s problem\u2011solving and responsibility, yet each has notable cooperation or leadership drawbacks.\n- Alternatives considered:\n  * Candidate\u202fB \u2013 strongest technical profile and stress handling, yet the repeated interpersonal negatives raise a high safety\u2011risk for crew coordination.\n  * Candidate\u202fA \u2013 excellent anticipation, spatial vision, and leadership, but is unorganized, resistant to criticism, and seen as a \u201cshow\u2011off,\u201d which could undermine teamwork.\n  * Candidate\u202fD \u2013 excellent concentration, problem\u2011solving, and responsibility, but is regarded as arrogant, has weak leadership, and is described as a hot\u2011tempered \u201cknow\u2011it\u2011all,\u201d all detrimental to crew harmony.\n- Main tradeoff: Choosing between C\u2019s solid reliability and crew\u2011positive atmosphere versus B\u2019s superior technical and stress\u2011resilience strengths but significant cooperation drawbacks. The balance leans toward a candidate who sustains crew cohesion over one with higher technical scores but poorer interpersonal behavior.\n- Remaining uncertainty: How severely C\u2019s difficulty communicating ideas and egocentric attitude will affect real\u2011world cockpit coordination on extended flights, especially when rapid, clear communication is required.\n- What would change my vote: Convincing evidence that another candidate (e.g., B or D) matches C\u2019s reliability and crew\u2011positive traits while exhibiting markedly fewer cooperation or communication risks, or clear data showing C\u2019s communication issues have led to safety\u2011critical incidents.\nMETADATA_JSON:\n{\"agent\": \"agent_1\", \"vote\": \"Candidate C\"}"}
2026-05-07 20:31:35,735 - INFO - Agent turns: 5
2026-05-07 20:31:48,413 - INFO - Tokens - Input: 4180, Output: 1390, Total: 5570
2026-05-07 20:31:48,415 - INFO - Memory updates: 13
{"id": 21, "ts": 1778178708.4156713, "event": "memory_updated", "agent": "agent_1", "round": 2}
2026-05-07 20:31:51,173 - INFO - Tokens - Input: 4139, Output: 1467, Total: 5606
2026-05-07 20:31:51,175 - INFO - Memory updates: 14
{"id": 22, "ts": 1778178711.1761024, "event": "memory_updated", "agent": "agent_3", "round": 2}
2026-05-07 20:31:55,563 - INFO - Tokens - Input: 4319, Output: 2446, Total: 6765
2026-05-07 20:31:55,565 - INFO - Memory updates: 15
{"id": 23, "ts": 1778178715.5656402, "event": "memory_updated", "agent": "agent_2", "round": 2}
2026-05-07 20:31:59,860 - INFO - Tokens - Input: 4210, Output: 504, Total: 4714
{"id": 24, "ts": 1778178719.8620012, "event": "public_discussion_message", "round": 2, "agent": "agent_3", "message": "Current position: Candidate B\nConfidence/uncertainty: Moderate (\u224860\u202f%) \u2013 strong on reliability, stress handling and technical competence, but cooperation concerns remain.\nReasoning summary:\n- Key evidence used: Candidate\u202fB is very conscientious (high reliability), handles stress well (calm under pressure), assesses weather conditions accurately, and possesses excellent computer skills (technical competence). These align directly with the core requirements for long\u2011distance piloting.\n- Evidence from others: Agent\u202f1 highlighted B\u2019s pretentiousness, occasional wrong tone, and now adds that B is \u201cgrumpy.\u201d Agent\u202f2 reiterated the same strengths and cooperation negatives. Both note that B\u2019s interpersonal drawbacks could affect crew harmony.\n- Alternatives considered:\n  * Candidate\u202fC \u2013 reliable, quick decision\u2011making, strong crew\u2011positive attitude, but communication difficulty, egocentric attitude, and low willingness for further education pose teamwork risks.\n  * Candidate\u202fA \u2013 excellent situational awareness, spatial vision, and leadership, yet unfriendly, unhealthy habits, and resistance to criticism raise cooperation and health concerns.\n  * Candidate\u202fD \u2013 strong problem\u2011solving, concentration, and responsibility, but moody, a loner, and perceived arrogance threaten crew cohesion.\n- Main tradeoff: Balancing B\u2019s superior reliability, stress resilience, and technical skills against its repeated cooperation negatives (pretentiousness, wrong tone, grumpiness) that could undermine crew coordination on long flights.\n- Remaining uncertainty: The extent to which B\u2019s interpersonal issues will manifest in day\u2011to\u2011day cockpit interactions and whether they could compromise safety on extended missions.\n- What would change my vote: Convincing evidence that another candidate (e.g., C or D) matches B\u2019s reliability and technical competence while exhibiting markedly fewer cooperation drawbacks, or clear data showing B\u2019s interpersonal problems lead to safety\u2011critical incidents.\nMETADATA_JSON:\n{\"agent\": \"agent_3\", \"vote\": \"Candidate B\"}"}
2026-05-07 20:31:59,862 - INFO - Agent turns: 6
2026-05-07 20:32:08,535 - INFO - Tokens - Input: 4362, Output: 1174, Total: 5536
2026-05-07 20:32:08,536 - INFO - Memory updates: 16
{"id": 25, "ts": 1778178728.5371327, "event": "memory_updated", "agent": "agent_3", "round": 2}
2026-05-07 20:32:09,319 - INFO - Tokens - Input: 4477, Output: 1317, Total: 5794
2026-05-07 20:32:09,321 - INFO - Memory updates: 17
{"id": 26, "ts": 1778178729.321993, "event": "memory_updated", "agent": "agent_1", "round": 2}
2026-05-07 20:32:10,483 - INFO - Tokens - Input: 4679, Output: 1378, Total: 6057
2026-05-07 20:32:10,485 - INFO - Memory updates: 18
{"id": 27, "ts": 1778178730.4860098, "event": "memory_updated", "agent": "agent_2", "round": 2}
2026-05-07 20:32:10,494 - INFO - Loop 2 completed
{"id": 28, "ts": 1778178730.5003018, "event": "discussion_order", "round": 3, "order": ["agent_1", "agent_2", "agent_3"]}
2026-05-07 20:32:15,014 - INFO - Tokens - Input: 4861, Output: 595, Total: 5456
{"id": 29, "ts": 1778178735.0165381, "event": "public_discussion_message", "round": 3, "agent": "agent_1", "message": "Current position: Candidate C\nConfidence/uncertainty: Moderate \u2013 I am fairly confident C fits the core requirements, but I retain doubts about his communication style and lack of motivation for further learning.\nReasoning summary:\n- **Key evidence used:** Candidate\u202fC is 100\u202f% reliable, makes correct decisions quickly, and creates a positive atmosphere with his crew. These address reliability, calm decision\u2011making, and cooperation\u2014essential for long\u2011distance flights.\n- **Evidence from others:** Agents\u202f2 and\u202f3 emphasize Candidate\u202fB\u2019s strong technical competence (weather assessment, computer skills) and stress resilience, but both flag repeated cooperation negatives (grumpy, uncooperative, pretentious, nasty remarks). Agent\u202f2 also notes B\u2019s weak numeric memory. Agent\u202f3 adds that B\u2019s interpersonal issues could jeopardize crew harmony. No new evidence has been presented about C beyond what I already have.\n- **Alternatives considered:**\n  * **Candidate\u202fB** \u2013 superior technical profile and stress handling, yet the repeated interpersonal drawbacks pose a high safety risk for crew coordination.\n  * **Candidate\u202fA** \u2013 excellent situational awareness, spatial vision, and leadership, but is unorganized, resistant to criticism, and described as unfriendly/unhealthy, which threaten teamwork.\n  * **Candidate\u202fD** \u2013 strong problem\u2011solving, concentration, and responsibility, but arrogance, weak leadership, and being a \u201cloner/moody\u201d raise cooperation concerns.\n- **Main tradeoff:** Choosing between C\u2019s solid reliability and crew\u2011positive atmosphere versus B\u2019s higher technical competence but significant cooperation negatives. I prioritize sustained crew cohesion over technical edge when safety\u2011critical interpersonal dynamics are at stake.\n- **Remaining uncertainty:** How severely C\u2019s difficulty communicating ideas and egocentric attitude will affect real\u2011world cockpit coordination on extended missions, especially under time pressure.\n- **What would change my vote:** Convincing evidence that another candidate (especially B or D) matches C\u2019s reliability and crew\u2011positive traits while showing markedly fewer cooperation or communication drawbacks, or concrete data showing C\u2019s communication issues have led to safety\u2011critical incidents.\nMETADATA_JSON:\n{\"agent\": \"agent_1\", \"vote\": \"Candidate C\"}"}
2026-05-07 20:32:15,016 - INFO - Agent turns: 7
2026-05-07 20:32:23,844 - INFO - Tokens - Input: 5104, Output: 1045, Total: 6149
2026-05-07 20:32:23,846 - INFO - Memory updates: 19
{"id": 30, "ts": 1778178743.8462684, "event": "memory_updated", "agent": "agent_1", "round": 3}
2026-05-07 20:32:25,420 - INFO - Tokens - Input: 5198, Output: 1397, Total: 6595
2026-05-07 20:32:25,422 - INFO - Memory updates: 20
{"id": 31, "ts": 1778178745.422619, "event": "memory_updated", "agent": "agent_2", "round": 3}
2026-05-07 20:32:26,494 - INFO - Tokens - Input: 4628, Output: 1574, Total: 6202
2026-05-07 20:32:26,495 - INFO - Memory updates: 21
{"id": 32, "ts": 1778178746.4958067, "event": "memory_updated", "agent": "agent_3", "round": 3}
2026-05-07 20:32:35,268 - INFO - Tokens - Input: 5200, Output: 659, Total: 5859
{"id": 33, "ts": 1778178755.2705295, "event": "public_discussion_message", "round": 3, "agent": "agent_2", "message": "Current position: Candidate B\nConfidence/uncertainty: Moderate \u2013 B meets most core criteria, but cooperation concerns keep some doubt.\nReasoning summary:\n- Key evidence used: Very conscientious (reliability), handles stress well (calmness under pressure), good at assessing weather conditions, excellent computer skills (technical competence). These align directly with long\u2011distance pilot requirements.\n- Evidence from others: Agent\u202f1 emphasizes Candidate\u202fC\u2019s reliability and crew\u2011positive attitude but notes C\u2019s communication difficulty and ego. Agents\u202f3 and\u202f1 repeatedly flag B\u2019s interpersonal drawbacks (nasty remarks, pretentious tone, grumpiness, weak numeric memory). Agent\u202f3 also mentions B\u2019s cooperation negatives as safety\u2011relevant.\n- Alternatives considered:\n  * Candidate\u202fC \u2013 strong reliability, quick correct decisions, calm in crisis, positive crew atmosphere, but communication problems and egocentric attitude could hinder coordination.\n  * Candidate\u202fD \u2013 excellent problem\u2011solving, concentration, responsibility, yet known as a know\u2011it\u2011all with a hot temper and perceived arrogance, raising crew\u2011cohesion risks.\n  * Candidate\u202fA \u2013 outstanding situational awareness, spatial vision, leadership, but regarded as a show\u2011off, not open to new ideas, and has unhealthy habits, which may impair teamwork on long hauls.\n- Main tradeoff: Balancing B\u2019s superior reliability, stress resilience, and technical skills against its repeated cooperation negatives that could undermine cockpit communication on extended flights.\n- Remaining uncertainty: How severely B\u2019s nasty remarks, pretentious tone, and weak numeric memory will manifest in day\u2011to\u2011day crew interaction and whether they could compromise safety on long\u2011haul missions.\n- What would change my vote: Convincing evidence that another candidate (e.g., C or D) matches B\u2019s reliability and technical competence while exhibiting markedly fewer cooperation drawbacks, or clear data showing B\u2019s interpersonal issues lead to safety\u2011critical incidents.\nMETADATA_JSON:\n{\"agent\": \"agent_2\", \"vote\": \"Candidate B\"}"}
2026-05-07 20:32:35,270 - INFO - Agent turns: 8
2026-05-07 20:32:45,164 - INFO - Tokens - Input: 5385, Output: 1131, Total: 6516
2026-05-07 20:32:45,166 - INFO - Memory updates: 22
{"id": 34, "ts": 1778178765.1669602, "event": "memory_updated", "agent": "agent_2", "round": 3}
2026-05-07 20:32:45,428 - INFO - Tokens - Input: 5277, Output: 1403, Total: 6680
2026-05-07 20:32:45,430 - INFO - Memory updates: 23
{"id": 35, "ts": 1778178765.4307668, "event": "memory_updated", "agent": "agent_1", "round": 3}
2026-05-07 20:32:46,356 - INFO - Tokens - Input: 5039, Output: 1580, Total: 6619
2026-05-07 20:32:46,357 - INFO - Memory updates: 24
{"id": 36, "ts": 1778178766.358092, "event": "memory_updated", "agent": "agent_3", "round": 3}
2026-05-07 20:32:53,916 - INFO - Tokens - Input: 5322, Output: 691, Total: 6013
{"id": 37, "ts": 1778178773.9182665, "event": "public_discussion_message", "round": 3, "agent": "agent_3", "message": "Current position: Candidate B\nConfidence/uncertainty: Moderate (~60\u202f%) \u2013 still some doubt because of cooperation drawbacks.\nReasoning summary:\n- **Key evidence used:** Candidate\u202fB is very conscientious (high reliability), handles stress well (calm under pressure), assesses weather conditions accurately, and has excellent computer skills (technical competence). These map directly onto the core requirements for long\u2011distance piloting.\n- **Evidence from others:** Agents\u202f1 and\u202f2 have repeatedly highlighted B\u2019s strong technical profile and stress resilience, while also flagging the same cooperation negatives (pretentiousness, occasional wrong tone, grumpiness, nasty remarks, weak numeric memory). No new positive or negative attributes for any candidate have been introduced since the last round.\n- **Alternatives considered:**\n  * **Candidate\u202fC** \u2013 excellent reliability, quick correct decisions, and a positive crew atmosphere, but communication difficulty and egocentric attitude could impair teamwork.\n  * **Candidate\u202fD** \u2013 strong problem\u2011solving, concentration, and responsibility, yet moody, a loner, and perceived as a know\u2011it\u2011all with a hot temper, raising crew\u2011cohesion concerns.\n  * **Candidate\u202fA** \u2013 outstanding situational awareness, spatial vision, and leadership, but unfriendly, unhealthy eating habits, and a show\u2011off attitude threaten cooperation and health on long hauls.\n- **Main tradeoff:** Balancing B\u2019s superior reliability, stress resilience, and technical competence against its repeated interpersonal drawbacks, which could jeopardize crew harmony on extended flights.\n- **Remaining uncertainty:** The real\u2011world impact of B\u2019s cooperation issues (pretentious tone, nasty remarks, grumpiness, weak numeric memory) on day\u2011to\u2011day cockpit interaction and safety during long\u2011haul missions.\n- **What would change my vote:** Convincing evidence that another candidate (especially C or D) matches B\u2019s reliability and technical competence while exhibiting markedly fewer cooperation negatives, or concrete data showing B\u2019s interpersonal problems have led to safety\u2011critical incidents.\nMETADATA_JSON:\n{\"agent\": \"agent_3\", \"vote\": \"Candidate B\"}"}
2026-05-07 20:32:53,918 - INFO - Agent turns: 9
2026-05-07 20:33:02,039 - INFO - Tokens - Input: 5918, Output: 991, Total: 6909
2026-05-07 20:33:02,041 - INFO - Memory updates: 25
{"id": 38, "ts": 1778178782.0418148, "event": "memory_updated", "agent": "agent_1", "round": 3}
2026-05-07 20:33:02,323 - INFO - Tokens - Input: 5552, Output: 896, Total: 6448
2026-05-07 20:33:02,325 - INFO - Memory updates: 26
{"id": 39, "ts": 1778178782.325268, "event": "memory_updated", "agent": "agent_3", "round": 3}
2026-05-07 20:33:03,490 - INFO - Tokens - Input: 5666, Output: 1300, Total: 6966
2026-05-07 20:33:03,492 - INFO - Memory updates: 27
{"id": 40, "ts": 1778178783.4927747, "event": "memory_updated", "agent": "agent_2", "round": 3}
2026-05-07 20:33:03,501 - INFO - Loop 3 completed
{"id": 41, "ts": 1778178783.5083394, "event": "discussion_order", "round": 4, "order": ["agent_2", "agent_1", "agent_3"]}
2026-05-07 20:33:10,101 - INFO - Tokens - Input: 5898, Output: 549, Total: 6447
{"id": 42, "ts": 1778178790.1027749, "event": "public_discussion_message", "round": 4, "agent": "agent_2", "message": "Current position: Candidate B\nConfidence/uncertainty: Moderate (~60\u202f%)\nReasoning summary:\n- Key evidence used: Candidate\u202fB is very conscientious (reliability), handles stress well (calmness under pressure), assesses weather conditions accurately, and has excellent computer skills (technical competence). These directly match the core requirements for long\u2011distance piloting.\n- Evidence from others: Agent\u202f1 emphasizes Candidate\u202fC\u2019s reliability and crew\u2011positive attitude but notes communication difficulties and ego. Agents\u202f3 and\u202f1 repeatedly flag B\u2019s cooperation negatives (nasty remarks, pretentious tone, grumpiness, weak numeric memory), confirming the same concerns across the group.\n- Alternatives considered:\n  * Candidate\u202fC \u2013 strong reliability, quick correct decisions, calm in crisis, and a positive crew atmosphere, but communication problems and egocentric attitude could hinder coordination.\n  * Candidate\u202fD \u2013 excellent problem\u2011solving, concentration, and responsibility, yet is seen as a know\u2011it\u2011all with a hot temper and arrogance, raising crew\u2011cohesion risks.\n  * Candidate\u202fA \u2013 outstanding situational awareness, spatial vision, and leadership, but is regarded as a show\u2011off, not open to new ideas, and has unhealthy habits, which could impair teamwork.\n- Main tradeoff: Balancing B\u2019s superior reliability, stress resilience, and technical skills against its repeated cooperation drawbacks that could undermine cockpit communication on long\u2011haul flights.\n- Remaining uncertainty: How severely B\u2019s interpersonal issues (nasty remarks, pretentious tone, weak numeric memory) will manifest in day\u2011to\u2011day crew interaction and whether they could compromise safety on extended missions.\n- What would change my vote: Convincing evidence that another candidate (especially C or D) matches B\u2019s reliability and technical competence while exhibiting markedly fewer cooperation negatives, or concrete data showing B\u2019s interpersonal problems have led to safety\u2011critical incidents.\nMETADATA_JSON:\n{\"agent\": \"agent_2\", \"vote\": \"Candidate B\"}"}
2026-05-07 20:33:10,102 - INFO - Agent turns: 10
2026-05-07 20:33:18,272 - INFO - Tokens - Input: 6049, Output: 1115, Total: 7164
2026-05-07 20:33:18,274 - INFO - Memory updates: 28
{"id": 43, "ts": 1778178798.274417, "event": "memory_updated", "agent": "agent_2", "round": 4}
2026-05-07 20:33:21,472 - INFO - Tokens - Input: 6055, Output: 1354, Total: 7409
2026-05-07 20:33:21,474 - INFO - Memory updates: 29
{"id": 44, "ts": 1778178801.4742067, "event": "memory_updated", "agent": "agent_3", "round": 4}
2026-05-07 20:33:23,853 - INFO - Tokens - Input: 6070, Output: 1181, Total: 7251
2026-05-07 20:33:23,855 - INFO - Memory updates: 30
{"id": 45, "ts": 1778178803.8556497, "event": "memory_updated", "agent": "agent_1", "round": 4}
2026-05-07 20:33:33,034 - INFO - Tokens - Input: 6332, Output: 1213, Total: 7545
{"id": 46, "ts": 1778178813.0363197, "event": "public_discussion_message", "round": 4, "agent": "agent_1", "message": "Current position: Candidate B\nConfidence/uncertainty: Moderate (~60\u202f%)\nReasoning summary:\n- Key evidence used: Candidate\u202fB is very conscientious (high reliability), handles stress well (calm under pressure), assesses weather conditions accurately, and possesses excellent computer skills (technical competence). These directly satisfy the core requirements for long\u2011distance piloting.\n- Evidence from others: Agents\u202f2 and\u202f3 have repeatedly highlighted B\u2019s strong technical profile and stress resilience while also noting the same cooperation drawbacks (pretentious tone, nasty remarks, grumpiness, weak numeric memory). Agent\u202f1 (myself) previously emphasized C\u2019s reliability and crew\u2011positive atmosphere but pointed out C\u2019s communication difficulty, egocentric attitude, and lack of willingness for further education.\n- Alternatives considered:\n  * Candidate\u202fC \u2013 excellent reliability and crew atmosphere, but lacks demonstrated technical competence (weather assessment, computer skills) and shows communication and learning deficiencies that could impair safety on long flights.\n  * Candidate\u202fA \u2013 outstanding situational awareness, spatial vision, and leadership, yet is unorganized, resistant to criticism, and exhibits unhealthy habits, raising cooperation and health concerns.\n  * Candidate\u202fD \u2013 strong problem\u2011solving, concentration, and responsibility, but is perceived as arrogant, a know\u2011it\u2011all, and hot\u2011tempered, which threaten crew cohesion.\n- Main tradeoff: Balancing B\u2019s superior reliability, stress resilience, and technical competence against its repeated cooperation negatives, which could affect cockpit harmony on extended missions.\n- Remaining uncertainty: The real\u2011world impact of B\u2019s interpersonal issues (pretentious tone, nasty remarks, grumpiness, weak numeric memory) on day\u2011to\u2011day crew interaction and safety during long\u2011haul flights.\n- What would change my vote: Convincing evidence that another candidate (especially C or D) matches B\u2019s reliability and technical competence while exhibiting markedly fewer cooperation drawbacks, or concrete data showing B\u2019s interpersonal problems have led to safety\u2011critical incidents.\nMETADATA_JSON:\n{\"agent\": \"agent_1\", \"vote\": \"Candidate B\"}"}
2026-05-07 20:33:33,036 - INFO - Agent turns: 11
2026-05-07 20:33:42,980 - INFO - Tokens - Input: 6534, Output: 1305, Total: 7839
2026-05-07 20:33:42,982 - INFO - Memory updates: 31
{"id": 47, "ts": 1778178822.9824665, "event": "memory_updated", "agent": "agent_1", "round": 4}
2026-05-07 20:33:43,681 - INFO - Tokens - Input: 6522, Output: 1354, Total: 7876
2026-05-07 20:33:43,684 - INFO - Memory updates: 32
{"id": 48, "ts": 1778178823.6841826, "event": "memory_updated", "agent": "agent_2", "round": 4}
2026-05-07 20:33:45,977 - INFO - Tokens - Input: 6420, Output: 1658, Total: 8078
2026-05-07 20:33:45,979 - INFO - Memory updates: 33
{"id": 49, "ts": 1778178825.9793804, "event": "memory_updated", "agent": "agent_3", "round": 4}
2026-05-07 20:33:52,514 - INFO - Tokens - Input: 6722, Output: 595, Total: 7317
{"id": 50, "ts": 1778178832.516132, "event": "public_discussion_message", "round": 4, "agent": "agent_3", "message": "Current position: Candidate B\nConfidence/uncertainty: Moderate (~60\u202f%)\nReasoning summary:\n- Key evidence used: Candidate\u202fB is very conscientious (high reliability), handles stress well (calm under pressure), assesses weather conditions accurately, and has excellent computer skills (strong technical competence). These map directly to the core requirements for long\u2011distance piloting.\n- Evidence from others: Agents\u202f1 and\u202f2 repeatedly highlighted B\u2019s technical strengths and stress resilience, and also flagged the same cooperation drawbacks \u2013 pretentious tone, occasional wrong tone, grumpiness, nasty remarks, and weak numeric memory. No new attributes for any candidate have been introduced.\n- Alternatives considered:\n  * Candidate\u202fC \u2013 excellent reliability, quick correct decisions, and a positive crew atmosphere, but lacks demonstrated technical competence (weather assessment, computer skills) and has communication/egocentric issues.\n  * Candidate\u202fA \u2013 outstanding situational awareness, spatial vision, and leadership, yet is unfriendly, unhealthy, and resistant to criticism, raising cooperation and health concerns.\n  * Candidate\u202fD \u2013 strong problem\u2011solving, concentration, and responsibility, but is moody, a loner, and perceived as arrogant/hot\u2011tempered, which threaten crew cohesion.\n- Main tradeoff: Weighing B\u2019s superior reliability, stress resilience, and technical abilities against its repeated interpersonal negatives that could undermine cockpit harmony on long\u2011haul flights.\n- Remaining uncertainty: The real\u2011world impact of B\u2019s cooperation issues (pretentious tone, nasty remarks, grumpiness, weak numeric memory) on day\u2011to\u2011day crew interaction and safety during extended missions.\n- What would change my vote: Convincing evidence that another candidate (especially C or D) matches B\u2019s reliability and technical competence while exhibiting markedly fewer cooperation drawbacks, or concrete data showing B\u2019s interpersonal problems have led to safety\u2011critical incidents.\nMETADATA_JSON:\n{\"agent\": \"agent_3\", \"vote\": \"Candidate B\"}"}
2026-05-07 20:33:52,516 - INFO - Agent turns: 12
2026-05-07 20:34:00,013 - INFO - Tokens - Input: 6777, Output: 967, Total: 7744
2026-05-07 20:34:00,015 - INFO - Memory updates: 34
{"id": 51, "ts": 1778178840.0154874, "event": "memory_updated", "agent": "agent_1", "round": 4}
2026-05-07 20:34:00,018 - INFO - Tokens - Input: 6880, Output: 930, Total: 7810
2026-05-07 20:34:00,020 - INFO - Memory updates: 35
{"id": 52, "ts": 1778178840.0204115, "event": "memory_updated", "agent": "agent_3", "round": 4}
2026-05-07 20:34:03,323 - INFO - Tokens - Input: 6877, Output: 1416, Total: 8293
2026-05-07 20:34:03,326 - INFO - Memory updates: 36
{"id": 53, "ts": 1778178843.3263881, "event": "memory_updated", "agent": "agent_2", "round": 4}
2026-05-07 20:34:03,336 - INFO - Loop 4 completed
2026-05-07 20:34:03,337 - INFO - Final Chosen Candidate: Candidate B
2026-05-07 20:34:03,337 - INFO - Final Decision Method: consensus
2026-05-07 20:34:03,337 - INFO - Final Vote Count: {'Candidate B': 3}
2026-05-07 20:34:03,337 - INFO - Correct Candidate: Candidate C
2026-05-07 20:34:03,337 - INFO - Decision Correct: 0
{"id": 54, "ts": 1778178887.8261318, "event": "context_consistency_calculated", "method": "embedding_cosine", "mean_pairwise_similarity": 0.904998, "pairwise": [{"agent_a": "agent_1", "agent_b": "agent_2", "similarity": 0.89608}, {"agent_a": "agent_1", "agent_b": "agent_3", "similarity": 0.912814}, {"agent_a": "agent_2", "agent_b": "agent_3", "similarity": 0.906099}]}
{"id": 55, "ts": 1778178887.8263273, "event": "agent_memories_archived", "directory": "/home/lhegemann/git/bachelor_thesis/01_data/raw/simulations/high/high_treatment_20260507_140016_020/shared_mental_models", "round": 4}
{"id": 56, "ts": 1778178887.8264282, "event": "final_decision", "candidate": "Candidate B", "method": "consensus", "vote_count": {"Candidate B": 3}, "correct_candidate": "Candidate C", "decision_correct": 0, "round": 4}
2026-05-07 20:34:47,838 - INFO - ======================================================================
2026-05-07 20:34:47,838 - INFO - SIMULATION METRICS
2026-05-07 20:34:47,838 - INFO - ======================================================================
2026-05-07 20:34:47,838 - INFO - Total Loops: 4
2026-05-07 20:34:47,838 - INFO - Agent Turns (no vote checker): 12
2026-05-07 20:34:47,838 - INFO - Agent Tool Calls: 0
2026-05-07 20:34:47,838 - INFO - Agent Tool Messages: 0
2026-05-07 20:34:47,838 - INFO - Memory Updates: 36
2026-05-07 20:34:47,839 - INFO - Total Messages (no vote checker): 12
2026-05-07 20:34:47,839 - INFO - Input Tokens: 219570
2026-05-07 20:34:47,839 - INFO - Output Tokens: 58073
2026-05-07 20:34:47,839 - INFO - Total Tokens: 277643
2026-05-07 20:34:47,839 - INFO - Final Chosen Candidate: Candidate B
2026-05-07 20:34:47,839 - INFO - Final Decision Method: consensus
2026-05-07 20:34:47,839 - INFO - Final Vote Count: {'Candidate B': 3}
2026-05-07 20:34:47,839 - INFO - Correct Candidate: Candidate C
2026-05-07 20:34:47,839 - INFO - Decision Correct: 0
2026-05-07 20:34:47,839 - INFO - Runtime: 285.21s
2026-05-07 20:34:47,839 - INFO - ======================================================================
