2026-05-10 03:28:55,389 - INFO - Metrics tracker initialized
{"id": 1, "ts": 1778376535.4176228, "event": "memory_reset"}
{"id": 2, "ts": 1778376535.4219155, "event": "discussion_order", "round": 1, "order": ["agent_3", "agent_2", "agent_1"]}
2026-05-10 03:29:09,329 - INFO - Tokens - Input: 1777, Output: 1089, Total: 2866
{"id": 3, "ts": 1778376549.3308868, "event": "public_discussion_message", "round": 1, "agent": "agent_3", "message": "Current position: Candidate B\nConfidence/uncertainty: Moderate confidence \u2013 B meets most core criteria but has notable cooperation drawbacks.\nReasoning summary:\n- Key evidence used: Candidate B is very conscientious (reliability), handles stress well (calmness under pressure), assesses weather conditions well and has excellent computer skills (technical competence). These align directly with long\u2011distance pilot demands.\n- Evidence from others: No other agents have contributed yet; my assessment is based solely on my private candidate data.\n- Alternatives considered:\n  * Candidate A \u2013 strong technical and leadership traits but unfriendly and unhealthy eating raise cooperation and health concerns.\n  * Candidate C \u2013 high concern for others and good attention, yet difficulty communicating, egocentric attitude, and lack of willingness to further education weaken both cooperation and technical growth.\n  * Candidate D \u2013 responsible and strong problem\u2011solving, but moody and regarded as a loner suggest poor crew interaction.\n- Main tradeoff: Balancing technical/reliability strengths against cooperation negatives. B\u2019s cooperation issues (pretentiousness, occasional wrong tone) are serious but appear less severe than A\u2019s unfriendly demeanor, C\u2019s egocentric communication problems, or D\u2019s moodiness and isolation.\n- Remaining uncertainty: The impact magnitude of B\u2019s pretentiousness and tone issues on crew dynamics is unclear without further context or examples.\n- What would change my vote: Strong evidence that B\u2019s cooperation deficits lead to crew conflict or safety risks, or compelling evidence that another candidate (e.g., C) has mitigated communication issues and demonstrates superior overall balance.\nMETADATA_JSON:\n{\"agent\": \"agent_3\", \"vote\": \"Candidate B\"}"}
2026-05-10 03:29:09,331 - INFO - Agent turns: 1
2026-05-10 03:29:19,841 - INFO - Tokens - Input: 1809, Output: 1291, Total: 3100
2026-05-10 03:29:19,843 - INFO - Memory updates: 1
{"id": 4, "ts": 1778376559.8433526, "event": "memory_updated", "agent": "agent_3", "round": 1}
2026-05-10 03:29:22,121 - INFO - Tokens - Input: 1817, Output: 1527, Total: 3344
2026-05-10 03:29:22,122 - INFO - Memory updates: 2
{"id": 5, "ts": 1778376562.1229181, "event": "memory_updated", "agent": "agent_2", "round": 1}
2026-05-10 03:29:22,698 - INFO - Tokens - Input: 1814, Output: 1656, Total: 3470
2026-05-10 03:29:22,699 - INFO - Memory updates: 3
{"id": 6, "ts": 1778376562.699613, "event": "memory_updated", "agent": "agent_1", "round": 1}
2026-05-10 03:29:32,468 - INFO - Tokens - Input: 2659, Output: 1221, Total: 3880
{"id": 7, "ts": 1778376572.4701955, "event": "public_discussion_message", "round": 1, "agent": "agent_2", "message": "Current position: Candidate D\nConfidence/uncertainty: Moderate confidence \u2013 evidence points to a balanced profile but cooperation concerns remain.\nReasoning summary:\n- Key evidence used: Candidate D takes responsibility seriously (reliability), solves problems extremely well and concentrates very well (technical competence and attention), and responds adequately to unexpected events (calmness under pressure). These align with the core demands of long\u2011distance piloting.\n- Evidence from others: Agent\u202f3 has advocated for Candidate\u202fB, highlighting B\u2019s conscientiousness, stress handling, weather assessment, and computer skills, but also noting B\u2019s nasty remarks and pretentious tone as cooperation drawbacks.\n- Alternatives considered:\n  * Candidate\u202fA \u2013 strong spatial vision and leadership, but lacks evidence of stress handling or reliability and is seen as a show\u2011off and not open to new ideas, which could harm crew cohesion.\n  * Candidate\u202fB \u2013 solid technical and reliability traits, yet the documented nasty remarks toward colleagues represent a serious interpersonal risk, plus a weak memory for numbers.\n  * Candidate\u202fC \u2013 quick decision\u2011making and calmness, but communication difficulties, egocentric attitude, and low willingness to continue education weaken both cooperation and long\u2011term growth.\n- Main tradeoff: Balancing technical/reliability strengths against cooperation negatives. Candidate\u202fD offers the most even spread of reliability, technical problem\u2011solving, and calmness, with cooperation drawbacks (know\u2011it\u2011all perception, hot temper) that appear less directly hostile than B\u2019s nasty remarks.\n- Remaining uncertainty: The real\u2011world impact of D\u2019s hot temper and know\u2011it\u2011all attitude on crew dynamics and safety is unclear without concrete examples.\n- What would change my vote: Strong evidence that D\u2019s temperament leads to crew conflict or safety\u2011critical incidents, or compelling evidence that another candidate (e.g., B) has mitigated their interpersonal issues and demonstrates superior overall balance.\nMETADATA_JSON:\n{\"agent\": \"agent_2\", \"vote\": \"Candidate D\"}"}
2026-05-10 03:29:32,470 - INFO - Agent turns: 2
2026-05-10 03:29:43,927 - INFO - Tokens - Input: 2828, Output: 1437, Total: 4265
2026-05-10 03:29:43,931 - INFO - Memory updates: 4
{"id": 8, "ts": 1778376583.9314878, "event": "memory_updated", "agent": "agent_2", "round": 1}
2026-05-10 03:29:44,012 - INFO - Tokens - Input: 2771, Output: 1265, Total: 4036
2026-05-10 03:29:44,013 - INFO - Memory updates: 5
{"id": 9, "ts": 1778376584.014016, "event": "memory_updated", "agent": "agent_1", "round": 1}
2026-05-10 03:29:47,575 - INFO - Tokens - Input: 2825, Output: 1649, Total: 4474
2026-05-10 03:29:47,577 - INFO - Memory updates: 6
{"id": 10, "ts": 1778376587.5775723, "event": "memory_updated", "agent": "agent_3", "round": 1}
2026-05-10 03:29:58,119 - INFO - Tokens - Input: 2850, Output: 978, Total: 3828
{"id": 11, "ts": 1778376598.1209817, "event": "public_discussion_message", "round": 1, "agent": "agent_1", "message": "Current position: Candidate D\nConfidence/uncertainty: Moderate confidence \u2013 D shows the most balanced profile across the key criteria, though cooperation concerns remain.\nReasoning summary:\n- Key evidence used: Takes responsibility seriously (reliability); solves problems extremely well and concentrates very well (technical competence and attention); responds adequately to unexpected events (calmness under pressure). These align directly with long\u2011distance pilot demands.\n- Evidence from others: Agent\u202f2 also favors Candidate\u202fD, citing the same strengths and noting cooperation drawbacks (arrogance, weak leadership, hot temper) as less severe than B\u2019s \u201cnasty remarks.\u201d Agent\u202f3 favors Candidate\u202fB, emphasizing B\u2019s conscientiousness, stress handling, weather assessment, and computer skills, but also highlighting B\u2019s uncooperative, grumpy behavior and weak memory for numbers.\n- Alternatives considered:\n  * Candidate\u202fA \u2013 strong technical vision and leadership but lacks evidence of stress handling, reliability, and shows poor receptiveness to criticism and disorganization.\n  * Candidate\u202fB \u2013 excellent reliability and technical skills but has clear cooperation deficits (grumpy, uncooperative, nasty remarks) and a weak memory for numbers.\n  * Candidate\u202fC \u2013 100\u202f% reliable and creates a positive crew atmosphere, yet lacks technical depth and has communication and egocentricity issues.\n- Main tradeoff: Balancing D\u2019s strong, evenly distributed technical, reliability, and calmness attributes against his cooperation drawbacks (arrogance, weak leadership, hot temper) versus B\u2019s stronger technical/reliability profile but more serious interpersonal hostility.\n- Remaining uncertainty: How D\u2019s arrogance and hot temper would manifest in real crew interactions on long\u2011haul flights and whether they could lead to safety\u2011critical conflicts.\n- What would change my vote: Concrete evidence that D\u2019s temperament results in crew conflict or safety risks, or convincing evidence that B\u2019s cooperation issues are mitigated and that B\u2019s technical/reliability advantages outweigh D\u2019s cooperation concerns.\nMETADATA_JSON:\n{\"agent\": \"agent_1\", \"vote\": \"Candidate D\"}"}
2026-05-10 03:29:58,121 - INFO - Agent turns: 3
2026-05-10 03:30:09,548 - INFO - Tokens - Input: 3049, Output: 1119, Total: 4168
2026-05-10 03:30:09,550 - INFO - Memory updates: 7
{"id": 12, "ts": 1778376609.5504942, "event": "memory_updated", "agent": "agent_1", "round": 1}
2026-05-10 03:30:10,776 - INFO - Tokens - Input: 3388, Output: 1449, Total: 4837
2026-05-10 03:30:10,778 - INFO - Memory updates: 8
{"id": 13, "ts": 1778376610.7783382, "event": "memory_updated", "agent": "agent_3", "round": 1}
2026-05-10 03:30:13,220 - INFO - Tokens - Input: 3325, Output: 1669, Total: 4994
2026-05-10 03:30:13,222 - INFO - Memory updates: 9
{"id": 14, "ts": 1778376613.2224367, "event": "memory_updated", "agent": "agent_2", "round": 1}
2026-05-10 03:30:13,231 - INFO - Loop 1 completed
{"id": 15, "ts": 1778376613.237334, "event": "discussion_order", "round": 2, "order": ["agent_3", "agent_2", "agent_1"]}
2026-05-10 03:30:22,585 - INFO - Tokens - Input: 3597, Output: 1088, Total: 4685
{"id": 16, "ts": 1778376622.5876853, "event": "public_discussion_message", "round": 2, "agent": "agent_3", "message": "Current position: Candidate B\nConfidence/uncertainty: Moderate (~60\u202f% confidence)\nReasoning summary:\n- Key evidence used: Candidate\u202fB is very conscientious (reliability), handles stress well (calmness under pressure), assesses weather conditions accurately, and has excellent computer skills (technical competence). These align directly with the core demands of long\u2011distance piloting.\n- Evidence from others: Agents\u202f1 and\u202f2 have highlighted Candidate\u202fD\u2019s strong responsibility, problem\u2011solving, concentration, and adequate response to unexpected events, but also note D\u2019s arrogance, hot temper, weak leadership, and loner attitude as serious cooperation drawbacks. Their arguments suggest D\u2019s interpersonal deficits may impair crew hierarchy and decision\u2011making.\n- Alternatives considered:\n  * Candidate\u202fA \u2013 excellent spatial vision, leadership, and danger anticipation, but unfriendly, unhealthy habits, and a \u201cshow\u2011off\u201d attitude raise cooperation and health concerns.\n  * Candidate\u202fC \u2013 reliable, caring, and attentive, yet lacks technical depth, has communication difficulties, and is egocentric, limiting overall suitability.\n  * Candidate\u202fD \u2013 balanced technical and reliability traits, but suffers from arrogance, hot temper, weak leadership, and isolation, which are especially problematic for a pilot\u2019s command role.\n- Main tradeoff: Weighing B\u2019s strong technical/reliability profile against his pretentiousness, occasional wrong tone, and nasty remarks versus D\u2019s broader technical balance but more severe leadership and temperament deficits. The pilot role demands strong leadership and crew coordination; D\u2019s weak leadership is a heavier liability than B\u2019s interpersonal tone issues.\n- Remaining uncertainty: The real\u2011world impact of B\u2019s \u201cnasty remarks\u201d on crew dynamics and safety, and whether his lack of explicit leadership evidence could become a problem.\n- What would change my vote: Convincing evidence that B\u2019s hostility leads to crew conflict or safety\u2011critical incidents, or clear evidence that D\u2019s arrogance and weak leadership are mitigated (e.g., through proven teamwork training) and that D\u2019s overall balance outweighs B\u2019s technical advantages.\nMETADATA_JSON:\n{\"agent\": \"agent_3\", \"vote\": \"Candidate B\"}"}
2026-05-10 03:30:22,587 - INFO - Agent turns: 4
2026-05-10 03:30:33,235 - INFO - Tokens - Input: 3820, Output: 1123, Total: 4943
2026-05-10 03:30:33,237 - INFO - Memory updates: 10
{"id": 17, "ts": 1778376633.2376177, "event": "memory_updated", "agent": "agent_3", "round": 2}
2026-05-10 03:30:33,533 - INFO - Tokens - Input: 3891, Output: 1374, Total: 5265
2026-05-10 03:30:33,534 - INFO - Memory updates: 11
{"id": 18, "ts": 1778376633.534951, "event": "memory_updated", "agent": "agent_2", "round": 2}
2026-05-10 03:30:34,719 - INFO - Tokens - Input: 3620, Output: 1515, Total: 5135
2026-05-10 03:30:34,721 - INFO - Memory updates: 12
{"id": 19, "ts": 1778376634.7215164, "event": "memory_updated", "agent": "agent_1", "round": 2}
2026-05-10 03:30:41,816 - INFO - Tokens - Input: 3881, Output: 903, Total: 4784
{"id": 20, "ts": 1778376641.818712, "event": "public_discussion_message", "round": 2, "agent": "agent_2", "message": "Current position: Candidate D\nConfidence/uncertainty: Moderate confidence \u2013 evidence leans toward D but cooperation concerns remain unresolved\nReasoning summary:\n- Key evidence used: Takes responsibility seriously (reliability); solves problems extremely well and concentrates very well (technical competence and attention); responds adequately to unexpected events (calmness under pressure). These align directly with the core demands of long\u2011distance piloting.\n- Evidence from others: Agent\u202f1 also favors D, citing the same strengths and noting the same cooperation drawbacks (arrogance, hot temper, weak leadership). Agent\u202f3 favors B, emphasizing B\u2019s conscientiousness, stress handling, weather assessment, and computer skills, while also pointing out B\u2019s nasty remarks and pretentious tone.\n- Alternatives considered:\n  * Candidate\u202fB \u2013 strong reliability and technical skills, but hostile remarks and weak memory for numbers raise serious crew\u2011interaction risks.\n  * Candidate\u202fA \u2013 excellent spatial vision and leadership potential, yet perceived as a show\u2011off, not open to new ideas, and generally unfriendly.\n  * Candidate\u202fC \u2013 reliable and calm, creates a positive crew atmosphere, but poor communication, egocentric attitude, and low willingness to continue education limit overall suitability.\n- Main tradeoff: Balancing D\u2019s well\u2011rounded technical and reliability profile against his cooperation drawbacks (hot temper, know\u2011it\u2011all attitude, weak leadership) versus B\u2019s strong technical/reliability profile but more overt hostility (nasty remarks) and a weak numeric memory.\n- Remaining uncertainty: How D\u2019s hot temper and weak leadership would manifest in real crew interactions on long\u2011haul flights, and whether these traits could lead to safety\u2011critical conflicts.\n- What would change my vote: Concrete evidence that D\u2019s temperament or leadership deficits have caused crew conflict or safety incidents, or convincing evidence that B\u2019s interpersonal issues are minor, mitigated, and that B\u2019s overall balance (especially his strong stress handling and technical abilities) outweighs D\u2019s cooperation concerns.\nMETADATA_JSON:\n{\"agent\": \"agent_2\", \"vote\": \"Candidate D\"}"}
2026-05-10 03:30:41,818 - INFO - Agent turns: 5
2026-05-10 03:30:50,522 - INFO - Tokens - Input: 4084, Output: 872, Total: 4956
2026-05-10 03:30:50,524 - INFO - Memory updates: 13
{"id": 21, "ts": 1778376650.5246816, "event": "memory_updated", "agent": "agent_2", "round": 2}
2026-05-10 03:30:51,613 - INFO - Tokens - Input: 4080, Output: 1232, Total: 5312
2026-05-10 03:30:51,615 - INFO - Memory updates: 14
{"id": 22, "ts": 1778376651.6151435, "event": "memory_updated", "agent": "agent_3", "round": 2}
2026-05-10 03:30:53,558 - INFO - Tokens - Input: 4298, Output: 1546, Total: 5844
2026-05-10 03:30:53,560 - INFO - Memory updates: 15
{"id": 23, "ts": 1778376653.5605798, "event": "memory_updated", "agent": "agent_1", "round": 2}
2026-05-10 03:30:58,267 - INFO - Tokens - Input: 4455, Output: 541, Total: 4996
{"id": 24, "ts": 1778376658.269232, "event": "public_discussion_message", "round": 2, "agent": "agent_1", "message": "Current position: Candidate D\nConfidence/uncertainty: Moderate \u2013 I feel reasonably confident that D offers the most balanced mix of reliability, technical competence, and calmness, but his cooperation drawbacks still leave some doubt.\nReasoning summary:\n- Key evidence used: Takes responsibility seriously (reliability); solves problems extremely well and concentrates very well (technical competence and attention); responds adequately to unexpected events (calmness under pressure). These align directly with the core demands of long\u2011distance piloting.\n- Evidence from others: Agent\u202f2 also favors D, emphasizing the same strengths and noting the same cooperation concerns (arrogance, hot temper, weak leadership). Agent\u202f3 favors B, highlighting B\u2019s conscientiousness, stress handling, weather assessment, and computer skills, but also pointing out B\u2019s pretentiousness, nasty remarks, and weak numeric memory.\n- Alternatives considered:\n  * Candidate\u202fB \u2013 strong reliability and technical skills, yet more overt hostility (nasty remarks) and a weak memory for numbers.\n  * Candidate\u202fA \u2013 excellent spatial vision and leadership potential, but unfriendly, unorganized, and resistant to criticism.\n  * Candidate\u202fC \u2013 100\u202f% reliable and creates a positive crew atmosphere, but has communication difficulties, egocentric attitude, and low willingness to continue education.\n- Main tradeoff: Weighing D\u2019s well\u2011rounded technical and reliability profile against his arrogance, hot temper, and weak leadership versus B\u2019s strong technical/reliability profile but more serious interpersonal hostility. The pilot role requires both competence and effective crew coordination; D\u2019s cooperation issues, while serious, appear less directly hostile than B\u2019s \u201cnasty remarks.\u201d\n- Remaining uncertainty: How D\u2019s arrogance, hot temper, and weak leadership would manifest in real crew interactions on long\u2011haul flights and whether they could lead to safety\u2011critical conflicts.\n- What would change my vote: Concrete evidence that D\u2019s temperament has caused crew conflict or safety incidents, or convincing evidence that B\u2019s interpersonal issues are minor/mitigated and that B\u2019s overall balance (especially his stress handling and technical abilities) outweighs D\u2019s cooperation concerns.\nMETADATA_JSON:\n{\"agent\": \"agent_1\", \"vote\": \"Candidate D\"}"}
2026-05-10 03:30:58,269 - INFO - Agent turns: 6
2026-05-10 03:31:09,474 - INFO - Tokens - Input: 4716, Output: 1130, Total: 5846
2026-05-10 03:31:09,476 - INFO - Memory updates: 16
{"id": 25, "ts": 1778376669.4767537, "event": "memory_updated", "agent": "agent_1", "round": 2}
2026-05-10 03:31:10,700 - INFO - Tokens - Input: 4485, Output: 1359, Total: 5844
2026-05-10 03:31:10,702 - INFO - Memory updates: 17
{"id": 26, "ts": 1778376670.7023327, "event": "memory_updated", "agent": "agent_2", "round": 2}
2026-05-10 03:31:12,908 - INFO - Tokens - Input: 4629, Output: 1577, Total: 6206
2026-05-10 03:31:12,910 - INFO - Memory updates: 18
{"id": 27, "ts": 1778376672.911058, "event": "memory_updated", "agent": "agent_3", "round": 2}
2026-05-10 03:31:12,918 - INFO - Loop 2 completed
{"id": 28, "ts": 1778376672.925632, "event": "discussion_order", "round": 3, "order": ["agent_1", "agent_2", "agent_3"]}
2026-05-10 03:31:17,949 - INFO - Tokens - Input: 4843, Output: 576, Total: 5419
{"id": 29, "ts": 1778376677.9509213, "event": "public_discussion_message", "round": 3, "agent": "agent_1", "message": "Current position: Candidate D\nConfidence/uncertainty: Moderate \u2013 I am reasonably confident D is the best overall fit, but his cooperation drawbacks (arrogance, hot temper, weak leadership) still leave some doubt.\nReasoning summary:\n- Key evidence used: Takes responsibility seriously (reliability); solves problems extremely well and concentrates very well (technical competence and attention); responds adequately to unexpected events (calmness under pressure). These align directly with the core demands of long\u2011distance piloting.\n- Evidence from others: Agent\u202f2 also favors Candidate\u202fD, emphasizing the same strengths and noting the same cooperation concerns (arrogance, hot temper, weak leadership). Agent\u202f3 favors Candidate\u202fB, highlighting B\u2019s conscientiousness, stress handling, weather assessment, and computer skills, but also pointing out B\u2019s pretentiousness, nasty remarks, and weak numeric memory.\n- Alternatives considered:\n  * Candidate\u202fB \u2013 strong reliability and technical skills, yet more overt hostility (nasty remarks) and a weak memory for numbers.\n  * Candidate\u202fA \u2013 excellent spatial vision and leadership potential, but unfriendly, unorganized, and resistant to criticism.\n  * Candidate\u202fC \u2013 100\u202f% reliable and creates a positive crew atmosphere, but has communication difficulties, egocentric attitude, and low willingness to pursue further education.\n- Main tradeoff: Balancing D\u2019s well\u2011rounded technical, reliability, and calmness profile against his cooperation drawbacks (arrogance, hot temper, weak leadership) versus B\u2019s stronger technical/reliability profile but more serious interpersonal hostility.\n- Remaining uncertainty: How D\u2019s arrogance, hot temper, and weak leadership would manifest in real crew interactions on long\u2011haul flights and whether they could lead to safety\u2011critical conflicts.\n- What would change my vote: Concrete evidence that D\u2019s temperament or leadership deficits have caused crew conflict or safety incidents, or convincing evidence that B\u2019s interpersonal issues are minor/mitigated and that B\u2019s overall balance (especially his stress handling and technical abilities) outweighs D\u2019s cooperation concerns.\nMETADATA_JSON:\n{\"agent\": \"agent_1\", \"vote\": \"Candidate D\"}"}
2026-05-10 03:31:17,951 - INFO - Agent turns: 7
2026-05-10 03:31:26,418 - INFO - Tokens - Input: 4922, Output: 1037, Total: 5959
2026-05-10 03:31:26,420 - INFO - Memory updates: 19
{"id": 30, "ts": 1778376686.4211287, "event": "memory_updated", "agent": "agent_2", "round": 3}
2026-05-10 03:31:31,989 - INFO - Tokens - Input: 5057, Output: 926, Total: 5983
2026-05-10 03:31:31,991 - INFO - Memory updates: 20
{"id": 31, "ts": 1778376691.991404, "event": "memory_updated", "agent": "agent_1", "round": 3}
2026-05-10 03:31:34,451 - INFO - Tokens - Input: 5208, Output: 1464, Total: 6672
2026-05-10 03:31:34,453 - INFO - Memory updates: 21
{"id": 32, "ts": 1778376694.4538813, "event": "memory_updated", "agent": "agent_3", "round": 3}
2026-05-10 03:31:40,116 - INFO - Tokens - Input: 4941, Output: 691, Total: 5632
{"id": 33, "ts": 1778376700.1177597, "event": "public_discussion_message", "round": 3, "agent": "agent_2", "message": "Current position: Candidate\u202fD\nConfidence/uncertainty: Moderate \u2013 I feel reasonably confident D is the best overall fit, but cooperation concerns leave some doubt.\nReasoning summary:\n- Key evidence used: Takes responsibility seriously (reliability); solves problems extremely well and concentrates very well (technical competence and attention); responds adequately to unexpected events (calmness under pressure). These map directly onto the core demands of long\u2011distance piloting.\n- Evidence from others: Agents\u202f1 and\u202f2 also favor D, citing the same strengths and noting the same cooperation drawbacks (arrogance, hot temper, weak leadership). Agent\u202f3 favors B, emphasizing B\u2019s conscientiousness, stress handling, weather assessment, and computer skills, but also pointing out B\u2019s nasty remarks, pretentious tone, and weak numeric memory.\n- Alternatives considered:\n  * Candidate\u202fB \u2013 strong reliability and technical skills, yet more overt hostility (nasty remarks) and weak numeric memory.\n  * Candidate\u202fA \u2013 excellent spatial vision and leadership potential, but perceived as a show\u2011off, not open to new ideas, and generally unfriendly.\n  * Candidate\u202fC \u2013 reliable and calm, creates a positive crew atmosphere, but has communication difficulties, egocentric attitude, and low willingness to pursue further education.\n- Main tradeoff: Weighing D\u2019s well\u2011rounded technical, reliability, and calmness profile against his cooperation drawbacks (arrogance, hot temper, weak leadership) versus B\u2019s stronger technical/reliability profile but more serious interpersonal hostility. The pilot role requires both competence and effective crew coordination; D\u2019s drawbacks, while serious, appear less directly hostile than B\u2019s nasty remarks.\n- Remaining uncertainty: How D\u2019s arrogance, hot temper, and weak leadership would manifest in real crew interactions on long\u2011haul flights and whether they could lead to safety\u2011critical conflicts.\n- What would change my vote: Concrete evidence that D\u2019s temperament or leadership deficits have caused crew conflict or safety incidents, or convincing evidence that B\u2019s interpersonal issues are minor/mitigated and that B\u2019s overall balance (especially his stress handling and technical abilities) outweighs D\u2019s cooperation concerns.\nMETADATA_JSON:\n{\"agent\": \"agent_2\", \"vote\": \"Candidate D\"}"}
2026-05-10 03:31:40,117 - INFO - Agent turns: 8
2026-05-10 03:31:47,060 - INFO - Tokens - Input: 5221, Output: 706, Total: 5927
2026-05-10 03:31:47,062 - INFO - Memory updates: 22
{"id": 34, "ts": 1778376707.062702, "event": "memory_updated", "agent": "agent_2", "round": 3}
2026-05-10 03:31:51,703 - INFO - Tokens - Input: 5436, Output: 1446, Total: 6882
2026-05-10 03:31:51,705 - INFO - Memory updates: 23
{"id": 35, "ts": 1778376711.7058449, "event": "memory_updated", "agent": "agent_1", "round": 3}
2026-05-10 03:31:52,653 - INFO - Tokens - Input: 5568, Output: 1564, Total: 7132
2026-05-10 03:31:52,655 - INFO - Memory updates: 24
{"id": 36, "ts": 1778376712.6556094, "event": "memory_updated", "agent": "agent_3", "round": 3}
2026-05-10 03:31:58,636 - INFO - Tokens - Input: 5821, Output: 595, Total: 6416
{"id": 37, "ts": 1778376718.6382024, "event": "public_discussion_message", "round": 3, "agent": "agent_3", "message": "Current position: Candidate B\nConfidence/uncertainty: Moderate (~60\u202f% confidence)\nReasoning summary:\n- Key evidence used: Candidate\u202fB is very conscientious (reliability), handles stress well (calmness under pressure), assesses weather conditions accurately, and possesses excellent computer skills (technical competence). These directly match the core demands of long\u2011distance piloting.\n- Evidence from others: Agents\u202f1 and\u202f2 have highlighted Candidate\u202fD\u2019s strong responsibility, problem\u2011solving, concentration, and adequate response to unexpected events, but also note D\u2019s cooperation drawbacks (arrogance, hot temper, weak leadership, loner attitude). Their arguments suggest D\u2019s interpersonal deficits may be more hazardous to crew coordination than B\u2019s issues.\n- Alternatives considered:\n  * Candidate\u202fA \u2013 excellent spatial vision, leadership, and danger anticipation, but unfriendly, unhealthy eating, and a \u201cshow\u2011off\u201d attitude raise serious cooperation and health concerns.\n  * Candidate\u202fC \u2013 puts concern for others above everything and has excellent attention, yet difficulty communicating, egocentric attitude, and low willingness to further education weaken both cooperation and technical growth.\n  * Candidate\u202fD \u2013 balanced technical and reliability traits, but suffers from arrogance, hot temper, weak leadership, and isolation, which are especially problematic for command authority.\n- Main tradeoff: Weighing B\u2019s strong technical/reliability profile against his cooperation drawbacks (pretentiousness, occasional wrong tone, nasty remarks, weak numeric memory) versus D\u2019s broader technical balance but more severe leadership and temperament deficits. The pilot role requires both competence and effective crew coordination; B\u2019s interpersonal issues, while serious, appear less likely to undermine command authority than D\u2019s arrogance and hot temper.\n- Remaining uncertainty: The real\u2011world impact of B\u2019s \u201cnasty remarks\u201d and weak numeric memory on crew dynamics and safety, and how D\u2019s arrogance and hot temper would manifest in actual cockpit interactions.\n- What would change my vote: Convincing evidence that B\u2019s hostility leads to crew conflict or safety\u2011critical errors, or strong evidence that D\u2019s temperament and leadership deficits are mitigated (e.g., proven teamwork training) and that D\u2019s overall balance outweighs B\u2019s technical advantages.\nMETADATA_JSON:\n{\"agent\": \"agent_3\", \"vote\": \"Candidate B\"}"}
2026-05-10 03:31:58,638 - INFO - Agent turns: 9
2026-05-10 03:32:09,222 - INFO - Tokens - Input: 6117, Output: 1028, Total: 7145
2026-05-10 03:32:09,224 - INFO - Memory updates: 25
{"id": 38, "ts": 1778376729.224807, "event": "memory_updated", "agent": "agent_3", "round": 3}
2026-05-10 03:32:10,514 - INFO - Tokens - Input: 5690, Output: 1079, Total: 6769
2026-05-10 03:32:10,516 - INFO - Memory updates: 26
{"id": 39, "ts": 1778376730.516665, "event": "memory_updated", "agent": "agent_2", "round": 3}
2026-05-10 03:32:11,091 - INFO - Tokens - Input: 5912, Output: 1211, Total: 7123
2026-05-10 03:32:11,093 - INFO - Memory updates: 27
{"id": 40, "ts": 1778376731.0933883, "event": "memory_updated", "agent": "agent_1", "round": 3}
2026-05-10 03:32:11,102 - INFO - Loop 3 completed
{"id": 41, "ts": 1778376731.1083548, "event": "discussion_order", "round": 4, "order": ["agent_3", "agent_1", "agent_2"]}
2026-05-10 03:32:17,161 - INFO - Tokens - Input: 6136, Output: 721, Total: 6857
{"id": 42, "ts": 1778376737.1637793, "event": "public_discussion_message", "round": 4, "agent": "agent_3", "message": "Current position: Candidate B\nConfidence/uncertainty: Moderate (~60\u202f% confidence)\nReasoning summary:\n- **Key evidence used:** Candidate\u202fB is very conscientious (reliability), handles stress well (calmness under pressure), assesses weather accurately and has excellent computer skills (technical competence). These map directly onto the core demands of long\u2011distance piloting.\n- **Evidence from others:** Agents\u202f1 and\u202f2 have presented Candidate\u202fD as a strong, balanced alternative (responsibility, problem\u2011solving, concentration, adequate response to unexpected events) but have highlighted D\u2019s cooperation drawbacks (arrogance, hot temper, weak leadership, loner attitude). Their arguments suggest D\u2019s interpersonal issues could undermine crew coordination.\n- **Alternatives considered:**\n  * **Candidate\u202fD** \u2013 technically well\u2011rounded but suffers from several serious cooperation deficits that may erode command authority.\n  * **Candidate\u202fA** \u2013 excellent spatial vision and leadership, but unfriendly, unhealthy eating habits, and a \u201cshow\u2011off\u201d attitude raise cooperation and health concerns.\n  * **Candidate\u202fC** \u2013 puts concern for others first and has strong attention skills, yet communication difficulties, egocentricity, and low willingness to continue education limit overall suitability.\n- **Main tradeoff:** Weighing B\u2019s strong reliability and technical profile against his pretentiousness, occasional wrong tone, and nasty remarks versus D\u2019s broader technical balance but more severe leadership and temperament issues (arrogance, hot temper, weak leadership). The pilot role requires both competence and effective crew coordination; B\u2019s interpersonal flaws, while serious, appear less likely to compromise command authority than D\u2019s arrogance and hot temper.\n- **Remaining uncertainty:** The real\u2011world impact of B\u2019s \u201cnasty remarks\u201d and weak numeric memory on crew dynamics and safety, and how D\u2019s arrogance and hot temper would manifest in actual cockpit interactions on long\u2011haul flights.\n- **What would change my vote:** Convincing evidence that B\u2019s hostility leads to crew conflict or safety\u2011critical errors, or strong evidence that D\u2019s temperament and leadership deficits are mitigated (e.g., proven teamwork training) and that D\u2019s overall balance outweighs B\u2019s technical advantages.\nMETADATA_JSON:\n{\"agent\": \"agent_3\", \"vote\": \"Candidate B\"}"}
2026-05-10 03:32:17,163 - INFO - Agent turns: 10
2026-05-10 03:32:27,377 - INFO - Tokens - Input: 6596, Output: 1300, Total: 7896
2026-05-10 03:32:27,379 - INFO - Memory updates: 28
{"id": 43, "ts": 1778376747.3793998, "event": "memory_updated", "agent": "agent_1", "round": 4}
2026-05-10 03:32:27,642 - INFO - Tokens - Input: 6419, Output: 1199, Total: 7618
2026-05-10 03:32:27,644 - INFO - Memory updates: 29
{"id": 44, "ts": 1778376747.644531, "event": "memory_updated", "agent": "agent_3", "round": 4}
2026-05-10 03:32:38,373 - INFO - Tokens - Input: 6162, Output: 1679, Total: 7841
2026-05-10 03:32:38,375 - INFO - Memory updates: 30
{"id": 45, "ts": 1778376758.3754225, "event": "memory_updated", "agent": "agent_2", "round": 4}
2026-05-10 03:32:47,257 - INFO - Tokens - Input: 6828, Output: 1137, Total: 7965
{"id": 46, "ts": 1778376767.259345, "event": "public_discussion_message", "round": 4, "agent": "agent_1", "message": "Current position: Candidate D\nConfidence/uncertainty: Moderate \u2013 I am reasonably confident D offers the most balanced mix of reliability, technical competence, and calmness, though his cooperation drawbacks (arrogance, hot temper, weak leadership) remain a concern.\nReasoning summary:\n- Key evidence used: Takes responsibility seriously (reliability); solves problems extremely well and concentrates very well (technical competence and attention); responds adequately to unexpected events (calmness under pressure). These map directly onto the core demands of long\u2011distance piloting.\n- Evidence from others: Agents\u202f2 also favor Candidate\u202fD, citing the same strengths and noting the same cooperation concerns (arrogance, hot temper, weak leadership, loner attitude). Agent\u202f3 favors Candidate\u202fB, emphasizing B\u2019s conscientiousness, stress handling, weather assessment, and computer skills, but also highlighting B\u2019s pretentiousness, nasty remarks, grumpy/uncooperative behavior, and weak numeric memory.\n- Alternatives considered:\n  * Candidate\u202fB \u2013 strong reliability and technical skills, yet exhibits more direct interpersonal hostility (nasty remarks, pretentious tone, uncooperative) and a weak numeric memory.\n  * Candidate\u202fA \u2013 excellent spatial vision and leadership potential, but unfriendly, unorganized, resistant to criticism, and shows unhealthy habits.\n  * Candidate\u202fC \u2013 100\u202f% reliable and creates a positive crew atmosphere, but suffers from communication difficulties, egocentricity, and low willingness to pursue further education.\n- Main tradeoff: Balancing D\u2019s well\u2011rounded technical, reliability, and calmness profile against his cooperation drawbacks (arrogance, hot temper, weak leadership) versus B\u2019s strong technical/reliability profile but more severe interpersonal hostility (nasty remarks, pretentiousness, uncooperative attitude).\n- Remaining uncertainty: How D\u2019s arrogance and hot temper would manifest in real crew interactions on long\u2011haul flights and whether they could lead to safety\u2011critical conflicts.\n- What would change my vote: Concrete evidence that D\u2019s temperament or leadership deficits have caused crew conflict or safety incidents, or convincing evidence that B\u2019s interpersonal issues are minor/mitigated and that B\u2019s overall balance (especially his stress handling and technical abilities) outweighs D\u2019s cooperation concerns.\nMETADATA_JSON:\n{\"agent\": \"agent_1\", \"vote\": \"Candidate D\"}"}
2026-05-10 03:32:47,259 - INFO - Agent turns: 11
2026-05-10 03:33:00,076 - INFO - Tokens - Input: 6849, Output: 1124, Total: 7973
2026-05-10 03:33:00,078 - INFO - Memory updates: 31
{"id": 47, "ts": 1778376780.0785735, "event": "memory_updated", "agent": "agent_3", "round": 4}
2026-05-10 03:33:01,101 - INFO - Tokens - Input: 7142, Output: 1147, Total: 8289
2026-05-10 03:33:01,103 - INFO - Memory updates: 32
{"id": 48, "ts": 1778376781.1034012, "event": "memory_updated", "agent": "agent_1", "round": 4}
2026-05-10 03:33:15,466 - INFO - Tokens - Input: 6884, Output: 2763, Total: 9647
2026-05-10 03:33:15,469 - INFO - Memory updates: 33
{"id": 49, "ts": 1778376795.4695785, "event": "memory_updated", "agent": "agent_2", "round": 4}
2026-05-10 03:33:20,889 - INFO - Tokens - Input: 6962, Output: 715, Total: 7677
{"id": 50, "ts": 1778376800.891767, "event": "public_discussion_message", "round": 4, "agent": "agent_2", "message": "Current position: Candidate D\nConfidence/uncertainty: Moderate \u2013 I feel reasonably confident D is the best overall fit, but cooperation concerns leave some doubt.\nReasoning summary:\n- Key evidence used: Takes responsibility seriously (reliability); solves problems extremely well and concentrates very well (technical competence and attention); responds adequately to unexpected events (calmness under pressure). These map directly onto the core demands of long\u2011distance piloting.\n- Evidence from others: Agents\u202f1 and\u202f2 (myself) have highlighted D\u2019s strong responsibility, problem\u2011solving, concentration, and adequate response to unexpected events, while noting his cooperation drawbacks (arrogance, hot temper, weak leadership, loner attitude). Agent\u202f3 favors Candidate\u202fB, emphasizing B\u2019s conscientiousness, stress handling, weather assessment, and computer skills, but also pointing out B\u2019s pretentious tone, nasty remarks, and weak numeric memory.\n- Alternatives considered:\n  * Candidate\u202fB \u2013 strong reliability and technical skills, yet exhibits more overt interpersonal hostility (nasty remarks, pretentious tone) and a weak memory for numbers.\n  * Candidate\u202fA \u2013 excellent spatial vision and leadership potential, but unfriendly, \u201cshow\u2011off\u201d attitude, resistance to new ideas, and unhealthy habits raise cooperation and health concerns.\n  * Candidate\u202fC \u2013 reliable and calm, puts concern for others first, but suffers from communication difficulties, egocentricity, and low willingness to pursue further education.\n- Main tradeoff: Balancing D\u2019s well\u2011rounded technical, reliability, and calmness profile against his cooperation drawbacks (arrogance, hot temper, weak leadership) versus B\u2019s stronger technical/reliability profile but more serious interpersonal hostility. The pilot role requires both competence and effective crew coordination; D\u2019s drawbacks, while serious, appear less directly hostile than B\u2019s nasty remarks.\n- Remaining uncertainty: How D\u2019s arrogance, hot temper, and weak leadership would manifest in real crew interactions on long\u2011haul flights and whether they could lead to safety\u2011critical conflicts.\n- What would change my vote: Concrete evidence that D\u2019s temperament or leadership deficits have caused crew conflict or safety incidents, or convincing evidence that B\u2019s interpersonal issues are minor/mitigated and that B\u2019s overall balance (especially his stress handling and technical abilities) outweighs D\u2019s cooperation concerns.\nMETADATA_JSON:\n{\"agent\": \"agent_2\", \"vote\": \"Candidate D\"}"}
2026-05-10 03:33:20,891 - INFO - Agent turns: 12
2026-05-10 03:33:33,964 - INFO - Tokens - Input: 7302, Output: 963, Total: 8265
2026-05-10 03:33:33,966 - INFO - Memory updates: 34
{"id": 51, "ts": 1778376813.9667222, "event": "memory_updated", "agent": "agent_2", "round": 4}
2026-05-10 03:33:36,742 - INFO - Tokens - Input: 7414, Output: 1367, Total: 8781
2026-05-10 03:33:36,744 - INFO - Memory updates: 35
{"id": 52, "ts": 1778376816.744596, "event": "memory_updated", "agent": "agent_1", "round": 4}
2026-05-10 03:33:37,032 - INFO - Tokens - Input: 7391, Output: 1432, Total: 8823
2026-05-10 03:33:37,034 - INFO - Memory updates: 36
{"id": 53, "ts": 1778376817.0347543, "event": "memory_updated", "agent": "agent_3", "round": 4}
2026-05-10 03:33:37,043 - INFO - Loop 4 completed
{"id": 54, "ts": 1778376817.0496407, "event": "discussion_order", "round": 5, "order": ["agent_3", "agent_1", "agent_2"]}
2026-05-10 03:33:51,035 - INFO - Tokens - Input: 7671, Output: 1635, Total: 9306
{"id": 55, "ts": 1778376831.0370142, "event": "public_discussion_message", "round": 5, "agent": "agent_3", "message": "Current position: Candidate D\nConfidence/uncertainty: Moderate (~55\u202f% confidence)\nReasoning summary:\n- **Key evidence used:** Candidate\u202fD takes responsibility seriously (reliability), solves problems extremely well and concentrates very well (technical competence and attention), and responds adequately to unexpected events (calmness under pressure). These attributes collectively cover the core demands of long\u2011distance piloting.\n- **Evidence from others:** Agents\u202f1 and\u202f2 have consistently highlighted D\u2019s strong responsibility, problem\u2011solving, concentration, and adequate response to unexpected events, while noting his cooperation drawbacks (arrogance, hot temper, weak leadership, loner attitude). Their arguments suggest D\u2019s overall profile is the most balanced among the candidates.\n- **Alternatives considered:**\n  * **Candidate\u202fB** \u2013 strong reliability, stress handling, weather assessment, and computer skills, but exhibits multiple direct cooperation negatives (pretentiousness, occasional wrong tone, nasty remarks, weak numeric memory) and lacks evidence of leadership or problem\u2011solving.\n  * **Candidate\u202fA** \u2013 excellent spatial vision, leadership, and danger anticipation, yet is unfriendly, unhealthy, and shows a \u201cshow\u2011off\u201d attitude that undermine crew cohesion.\n  * **Candidate\u202fC** \u2013 reliable, calm, and caring with excellent attention, but suffers from communication difficulties, egocentricity, and low willingness to pursue further education, limiting overall suitability.\n- **Main tradeoff:** Balancing D\u2019s well\u2011rounded technical, reliability, and calmness strengths against his cooperation drawbacks (arrogance, hot temper, weak leadership) versus B\u2019s strong reliability and technical skills but more overt interpersonal hostility (nasty remarks, pretentious tone). The pilot role requires both competence and effective crew coordination; D\u2019s broader competence across all criteria outweighs his cooperation concerns relative to B\u2019s more direct hostility.\n- **Remaining uncertainty:** How D\u2019s arrogance, hot temper, and weak leadership would manifest in real cockpit interactions on long\u2011haul flights and whether they could lead to safety\u2011critical conflicts.\n- **What would change my vote:** Concrete evidence that D\u2019s temperament or leadership deficits have caused crew conflict or safety incidents, or compelling evidence that B\u2019s interpersonal issues are minor/mitigated and that B\u2019s overall balance (especially his stress handling and technical abilities) clearly surpasses D\u2019s.\nMETADATA_JSON:\n{\"agent\": \"agent_3\", \"vote\": \"Candidate D\"}"}
2026-05-10 03:33:51,037 - INFO - Agent turns: 13
2026-05-10 03:34:01,138 - INFO - Tokens - Input: 8077, Output: 1130, Total: 9207
2026-05-10 03:34:01,140 - INFO - Memory updates: 37
{"id": 56, "ts": 1778376841.1409953, "event": "memory_updated", "agent": "agent_1", "round": 5}
2026-05-10 03:34:02,960 - INFO - Tokens - Input: 7956, Output: 1343, Total: 9299
2026-05-10 03:34:02,962 - INFO - Memory updates: 38
{"id": 57, "ts": 1778376842.9630108, "event": "memory_updated", "agent": "agent_2", "round": 5}
2026-05-10 03:34:04,708 - INFO - Tokens - Input: 8003, Output: 1521, Total: 9524
2026-05-10 03:34:04,710 - INFO - Memory updates: 39
{"id": 58, "ts": 1778376844.710696, "event": "memory_updated", "agent": "agent_3", "round": 5}
2026-05-10 03:34:11,025 - INFO - Tokens - Input: 8183, Output: 706, Total: 8889
{"id": 59, "ts": 1778376851.027048, "event": "public_discussion_message", "round": 5, "agent": "agent_1", "message": "Current position: Candidate D\nConfidence/uncertainty: Moderate\nReasoning summary:\n- Key evidence used: Takes responsibility seriously (reliability); solves problems extremely well and concentrates very well (technical competence and attention); responds adequately to unexpected events (calmness under pressure). These three pillars cover the core demands of long\u2011distance piloting.\n- Evidence from others: Agents\u202f2 and\u202f3 have consistently highlighted the same strengths of D and have noted the same cooperation drawbacks (arrogance, hot temper, weak leadership, loner attitude). Their arguments reinforce that D\u2019s profile is the most balanced among the four candidates.\n- Alternatives considered:\n  * Candidate\u202fB \u2013 strong reliability, stress handling, weather assessment, and computer skills, but exhibits multiple direct cooperation negatives (pretentiousness, nasty remarks, uncooperative, weak numeric memory) and lacks evidence of leadership or problem\u2011solving.\n  * Candidate\u202fA \u2013 excellent spatial vision, danger anticipation, and leadership potential, yet is unfriendly, unorganized, resistant to criticism, and shows unhealthy habits that threaten crew cohesion.\n  * Candidate\u202fC \u2013 100\u202f% reliable and creates a positive crew atmosphere, but suffers from communication difficulties, egocentricity, and low willingness to pursue further education, limiting overall suitability.\n- Main tradeoff: Balancing D\u2019s well\u2011rounded technical competence, reliability, and calmness against his cooperation drawbacks (arrogance, hot temper, weak leadership). Compared with B\u2019s stronger technical/reliability profile, D\u2019s drawbacks are less overtly hostile, making D the more balanced choice.\n- Remaining uncertainty: How D\u2019s arrogance, hot temper, and weak leadership would actually manifest in real cockpit interactions on long\u2011haul flights and whether they could lead to safety\u2011critical conflicts.\n- What would change my vote: Concrete evidence that D\u2019s temperament or leadership deficits have caused crew conflict or safety incidents, or compelling evidence that B\u2019s interpersonal issues are minor/mitigated and that B\u2019s overall balance (especially his stress handling and technical abilities) clearly surpasses D\u2019s.\nMETADATA_JSON:\n{\"agent\": \"agent_1\", \"vote\": \"Candidate D\"}"}
2026-05-10 03:34:11,027 - INFO - Agent turns: 14
2026-05-10 03:34:19,651 - INFO - Tokens - Input: 8402, Output: 1110, Total: 9512
2026-05-10 03:34:19,653 - INFO - Memory updates: 40
{"id": 60, "ts": 1778376859.6538637, "event": "memory_updated", "agent": "agent_2", "round": 5}
2026-05-10 03:34:19,852 - INFO - Tokens - Input: 8271, Output: 1161, Total: 9432
2026-05-10 03:34:19,854 - INFO - Memory updates: 41
{"id": 61, "ts": 1778376859.854392, "event": "memory_updated", "agent": "agent_3", "round": 5}
2026-05-10 03:34:20,215 - INFO - Tokens - Input: 8422, Output: 1124, Total: 9546
2026-05-10 03:34:20,217 - INFO - Memory updates: 42
{"id": 62, "ts": 1778376860.2173018, "event": "memory_updated", "agent": "agent_1", "round": 5}
2026-05-10 03:34:32,659 - INFO - Tokens - Input: 8573, Output: 857, Total: 9430
{"id": 63, "ts": 1778376872.6611586, "event": "public_discussion_message", "round": 5, "agent": "agent_2", "message": "Current position: Candidate D\nConfidence/uncertainty: Moderate\nReasoning summary:\n- Key evidence used: Candidate D takes responsibility seriously (reliability); solves problems extremely well and concentrates very well (technical competence and attention); responds adequately to unexpected events (calmness under pressure). These three pillars directly match the core demands of long\u2011distance piloting.\n- Evidence from others: Agents\u202f1 and\u202f3 now also favor D, emphasizing the same strengths and noting the same cooperation drawbacks (arrogance, hot temper, weak leadership, loner attitude). They also point out that Candidate\u202fB, while technically strong, displays more overt hostility (pretentiousness, nasty remarks, weak numeric memory).\n- Alternatives considered:\n  * Candidate\u202fB \u2013 strong reliability, stress handling, weather assessment, and computer skills, but exhibits multiple direct cooperation negatives (pretentiousness, nasty remarks, uncooperative tone) and lacks demonstrated leadership or problem\u2011solving.\n  * Candidate\u202fA \u2013 excellent spatial vision, danger anticipation, and leadership potential, yet is a show\u2011off, not open to new ideas, unfriendly, and has unhealthy habits that could harm crew cohesion.\n  * Candidate\u202fC \u2013 reliable, calm, and caring, but suffers from communication difficulties, egocentric attitude, and low willingness to pursue further education, limiting overall suitability.\n- Main tradeoff: Balancing D\u2019s well\u2011rounded technical competence, reliability, and calmness against his cooperation drawbacks (arrogance, hot temper, weak leadership) versus B\u2019s stronger technical/reliability profile but more overt interpersonal hostility. D\u2019s broader competence across all criteria outweighs his less\u2011direct cooperation issues.\n- Remaining uncertainty: How D\u2019s arrogance, hot temper, and weak leadership would manifest in real cockpit interactions on long\u2011haul flights and whether they could lead to safety\u2011critical conflicts.\n- What would change my vote: Concrete evidence that D\u2019s temperament or leadership deficits have caused crew conflict or safety incidents, or compelling evidence that B\u2019s interpersonal issues are minor/mitigated and that B\u2019s overall balance (especially his stress handling and technical abilities) clearly surpasses D\u2019s.\nMETADATA_JSON:\n{\"agent\": \"agent_2\", \"vote\": \"Candidate D\"}"}
2026-05-10 03:34:32,661 - INFO - Agent turns: 15
2026-05-10 03:34:41,933 - INFO - Tokens - Input: 8676, Output: 1130, Total: 9806
2026-05-10 03:34:41,936 - INFO - Memory updates: 43
{"id": 64, "ts": 1778376881.9362898, "event": "memory_updated", "agent": "agent_3", "round": 5}
2026-05-10 03:34:42,915 - INFO - Tokens - Input: 8841, Output: 1170, Total: 10011
2026-05-10 03:34:42,917 - INFO - Memory updates: 44
{"id": 65, "ts": 1778376882.9177766, "event": "memory_updated", "agent": "agent_2", "round": 5}
2026-05-10 03:34:50,856 - INFO - Tokens - Input: 8947, Output: 2036, Total: 10983
2026-05-10 03:34:50,858 - INFO - Memory updates: 45
{"id": 66, "ts": 1778376890.8582025, "event": "memory_updated", "agent": "agent_1", "round": 5}
2026-05-10 03:34:50,866 - INFO - Loop 5 completed
2026-05-10 03:34:50,867 - INFO - Final Chosen Candidate: Candidate D
2026-05-10 03:34:50,867 - INFO - Final Decision Method: consensus
2026-05-10 03:34:50,867 - INFO - Final Vote Count: {'Candidate D': 3}
2026-05-10 03:34:50,867 - INFO - Correct Candidate: Candidate C
2026-05-10 03:34:50,867 - INFO - Decision Correct: 0
{"id": 67, "ts": 1778376891.2378676, "event": "context_consistency_calculated", "method": "embedding_cosine", "mean_pairwise_similarity": 0.841354, "pairwise": [{"agent_a": "agent_1", "agent_b": "agent_2", "similarity": 0.865243}, {"agent_a": "agent_1", "agent_b": "agent_3", "similarity": 0.799793}, {"agent_a": "agent_2", "agent_b": "agent_3", "similarity": 0.859026}]}
{"id": 68, "ts": 1778376891.238026, "event": "gold_standard_alignment_calculated", "method": "rule_based_binary_checks", "mean_alignment": 0.583333, "by_agent": [{"agent": "agent_1", "score": 0.875, "checks": {"favorite_is_c": 0, "c_reliability": 1, "c_calmness": 1, "c_attention": 1, "c_crew_fit": 1, "a_risks": 1, "b_risks": 1, "d_risks": 1}}, {"agent": "agent_2", "score": 0.125, "checks": {"favorite_is_c": 0, "c_reliability": 0, "c_calmness": 0, "c_attention": 0, "c_crew_fit": 0, "a_risks": 0, "b_risks": 0, "d_risks": 1}}, {"agent": "agent_3", "score": 0.75, "checks": {"favorite_is_c": 0, "c_reliability": 1, "c_calmness": 1, "c_attention": 1, "c_crew_fit": 1, "a_risks": 1, "b_risks": 1, "d_risks": 0}}]}
{"id": 69, "ts": 1778376891.2381208, "event": "agent_memories_archived", "directory": "/home/lhegemann/git/bachelor_thesis/01_data/raw/simulations/high/high_treatment_20260509_224515_014/shared_mental_models", "round": 5}
{"id": 70, "ts": 1778376891.2381806, "event": "final_decision", "candidate": "Candidate D", "method": "consensus", "vote_count": {"Candidate D": 3}, "correct_candidate": "Candidate C", "decision_correct": 0, "round": 5}
2026-05-10 03:34:51,248 - INFO - ======================================================================
2026-05-10 03:34:51,248 - INFO - SIMULATION METRICS
2026-05-10 03:34:51,248 - INFO - ======================================================================
2026-05-10 03:34:51,248 - INFO - Total Loops: 5
2026-05-10 03:34:51,248 - INFO - Agent Turns (no vote checker): 15
2026-05-10 03:34:51,248 - INFO - Agent Tool Calls: 0
2026-05-10 03:34:51,248 - INFO - Agent Tool Messages: 0
2026-05-10 03:34:51,248 - INFO - Memory Updates: 45
2026-05-10 03:34:51,249 - INFO - Total Messages (no vote checker): 15
2026-05-10 03:34:51,249 - INFO - Input Tokens: 327311
2026-05-10 03:34:51,249 - INFO - Output Tokens: 73403
2026-05-10 03:34:51,249 - INFO - Total Tokens: 400714
2026-05-10 03:34:51,249 - INFO - Final Chosen Candidate: Candidate D
2026-05-10 03:34:51,249 - INFO - Final Decision Method: consensus
2026-05-10 03:34:51,249 - INFO - Final Vote Count: {'Candidate D': 3}
2026-05-10 03:34:51,249 - INFO - Correct Candidate: Candidate C
2026-05-10 03:34:51,249 - INFO - Decision Correct: 0
2026-05-10 03:34:51,249 - INFO - Runtime: 355.86s
2026-05-10 03:34:51,249 - INFO - ======================================================================
