2026-05-10 04:46:08,629 - INFO - Metrics tracker initialized
{"id": 1, "ts": 1778381168.6554875, "event": "memory_reset"}
{"id": 2, "ts": 1778381168.6613002, "event": "discussion_order", "round": 1, "order": ["agent_1", "agent_2", "agent_3"]}
2026-05-10 04:46:13,348 - INFO - Tokens - Input: 1392, Output: 337, Total: 1729
{"id": 3, "ts": 1778381173.3504, "event": "public_discussion_message", "round": 1, "agent": "agent_1", "message": "I prefer Candidate A; they have excellent spatial vision.\nMETADATA_JSON:\n{\"agent\": \"agent_1\", \"vote\": \"Candidate A\"}"}
2026-05-10 04:46:13,350 - INFO - Agent turns: 1
2026-05-10 04:46:19,869 - INFO - Tokens - Input: 1454, Output: 776, Total: 2230
{"id": 4, "ts": 1778381179.870761, "event": "public_discussion_message", "round": 1, "agent": "agent_2", "message": "I prefer Candidate A; however, they are regarded as a show\u2011off.\nMETADATA_JSON:\n{\"agent\": \"agent_2\", \"vote\": \"Candidate A\"}"}
2026-05-10 04:46:19,870 - INFO - Agent turns: 2
2026-05-10 04:46:26,815 - INFO - Tokens - Input: 1495, Output: 721, Total: 2216
{"id": 5, "ts": 1778381186.8172932, "event": "public_discussion_message", "round": 1, "agent": "agent_3", "message": "I prefer Candidate B; they handle stress very well.\nMETADATA_JSON:\n{\"agent\": \"agent_3\", \"vote\": \"Candidate B\"}"}
2026-05-10 04:46:26,817 - INFO - Agent turns: 3
2026-05-10 04:46:26,827 - INFO - Loop 1 completed
{"id": 6, "ts": 1778381186.832479, "event": "discussion_order", "round": 2, "order": ["agent_1", "agent_2", "agent_3"]}
2026-05-10 04:46:38,667 - INFO - Tokens - Input: 1527, Output: 592, Total: 2119
{"id": 7, "ts": 1778381198.669107, "event": "public_discussion_message", "round": 2, "agent": "agent_1", "message": "I prefer Candidate A; they have excellent spatial vision.\nMETADATA_JSON:\n{\"agent\": \"agent_1\", \"vote\": \"Candidate A\"}"}
2026-05-10 04:46:38,669 - INFO - Agent turns: 4
2026-05-10 04:46:43,749 - INFO - Tokens - Input: 1576, Output: 250, Total: 1826
{"id": 8, "ts": 1778381203.750999, "event": "public_discussion_message", "round": 2, "agent": "agent_2", "message": "I prefer Candidate A; they are regarded as not open to new ideas.\nMETADATA_JSON:\n{\"agent\": \"agent_2\", \"vote\": \"Candidate A\"}"}
2026-05-10 04:46:43,751 - INFO - Agent turns: 5
2026-05-10 04:46:48,502 - INFO - Tokens - Input: 1615, Output: 571, Total: 2186
{"id": 9, "ts": 1778381208.5038166, "event": "public_discussion_message", "round": 2, "agent": "agent_3", "message": "I prefer Candidate B; they handle stress very well.\nMETADATA_JSON:\n{\"agent\": \"agent_3\", \"vote\": \"Candidate B\"}"}
2026-05-10 04:46:48,503 - INFO - Agent turns: 6
2026-05-10 04:46:48,512 - INFO - Loop 2 completed
{"id": 10, "ts": 1778381208.5181692, "event": "discussion_order", "round": 3, "order": ["agent_1", "agent_3", "agent_2"]}
2026-05-10 04:46:52,758 - INFO - Tokens - Input: 1648, Output: 528, Total: 2176
{"id": 11, "ts": 1778381212.7595732, "event": "public_discussion_message", "round": 3, "agent": "agent_1", "message": "I prefer Candidate A; they can be unorganized.\nMETADATA_JSON:\n{\"agent\": \"agent_1\", \"vote\": \"Candidate A\"}"}
2026-05-10 04:46:52,759 - INFO - Agent turns: 7
2026-05-10 04:47:16,526 - INFO - Tokens - Input: 1689, Output: 1642, Total: 3331
{"id": 12, "ts": 1778381236.5282311, "event": "public_discussion_message", "round": 3, "agent": "agent_3", "message": "I prefer Candidate B; they handle stress very well.\nMETADATA_JSON:\n{\"agent\": \"agent_3\", \"vote\": \"Candidate B\"}"}
2026-05-10 04:47:16,528 - INFO - Agent turns: 8
2026-05-10 04:47:25,420 - INFO - Tokens - Input: 1736, Output: 824, Total: 2560
{"id": 13, "ts": 1778381245.4214983, "event": "public_discussion_message", "round": 3, "agent": "agent_2", "message": "I prefer Candidate D; they have a hot temper.\nMETADATA_JSON:\n{\"agent\": \"agent_2\", \"vote\": \"Candidate D\"}"}
2026-05-10 04:47:25,421 - INFO - Agent turns: 9
2026-05-10 04:47:25,430 - INFO - Loop 3 completed
{"id": 14, "ts": 1778381245.436745, "event": "discussion_order", "round": 4, "order": ["agent_1", "agent_2", "agent_3"]}
2026-05-10 04:47:32,516 - INFO - Tokens - Input: 1772, Output: 769, Total: 2541
{"id": 15, "ts": 1778381252.5176065, "event": "public_discussion_message", "round": 4, "agent": "agent_1", "message": "I prefer Candidate A; they can be unorganized.\nMETADATA_JSON:\n{\"agent\": \"agent_1\", \"vote\": \"Candidate A\"}"}
2026-05-10 04:47:32,517 - INFO - Agent turns: 10
2026-05-10 04:47:38,493 - INFO - Tokens - Input: 1814, Output: 630, Total: 2444
{"id": 16, "ts": 1778381258.4953825, "event": "public_discussion_message", "round": 4, "agent": "agent_2", "message": "I prefer Candidate D; they have a hot temper.\nMETADATA_JSON:\n{\"agent\": \"agent_2\", \"vote\": \"Candidate D\"}"}
2026-05-10 04:47:38,495 - INFO - Agent turns: 11
2026-05-10 04:47:53,584 - INFO - Tokens - Input: 1845, Output: 998, Total: 2843
{"id": 17, "ts": 1778381273.586053, "event": "public_discussion_message", "round": 4, "agent": "agent_3", "message": "I prefer Candidate B; they handle stress very well.\nMETADATA_JSON:\n{\"agent\": \"agent_3\", \"vote\": \"Candidate B\"}"}
2026-05-10 04:47:53,586 - INFO - Agent turns: 12
2026-05-10 04:47:53,594 - INFO - Loop 4 completed
{"id": 18, "ts": 1778381273.5994146, "event": "discussion_order", "round": 5, "order": ["agent_3", "agent_2", "agent_1"]}
2026-05-10 04:47:56,368 - INFO - Tokens - Input: 1884, Output: 117, Total: 2001
{"id": 19, "ts": 1778381276.3700542, "event": "public_discussion_message", "round": 5, "agent": "agent_3", "message": "I prefer Candidate B; they handle stress very well.\nMETADATA_JSON:\n{\"agent\": \"agent_3\", \"vote\": \"Candidate B\"}"}
2026-05-10 04:47:56,370 - INFO - Agent turns: 13
2026-05-10 04:48:05,893 - INFO - Tokens - Input: 1931, Output: 934, Total: 2865
{"id": 20, "ts": 1778381285.895109, "event": "public_discussion_message", "round": 5, "agent": "agent_2", "message": "I prefer Candidate A; they anticipate dangerous situations.\nMETADATA_JSON:\n{\"agent\": \"agent_2\", \"vote\": \"Candidate A\"}"}
2026-05-10 04:48:05,895 - INFO - Agent turns: 14
2026-05-10 04:48:14,181 - INFO - Tokens - Input: 1965, Output: 1017, Total: 2982
{"id": 21, "ts": 1778381294.183087, "event": "public_discussion_message", "round": 5, "agent": "agent_1", "message": "I prefer Candidate A; they have very good leadership qualities.\nMETADATA_JSON:\n{\"agent\": \"agent_1\", \"vote\": \"Candidate A\"}"}
2026-05-10 04:48:14,183 - INFO - Agent turns: 15
2026-05-10 04:48:14,192 - INFO - Loop 5 completed
2026-05-10 04:48:14,193 - INFO - Final Chosen Candidate: Candidate A
2026-05-10 04:48:14,193 - INFO - Final Decision Method: max_round_majority_vote
2026-05-10 04:48:14,193 - INFO - Final Vote Count: {'Candidate A': 2, 'Candidate B': 1}
2026-05-10 04:48:14,193 - INFO - Correct Candidate: Candidate C
2026-05-10 04:48:14,193 - INFO - Decision Correct: 0
{"id": 22, "ts": 1778381294.1948867, "event": "context_consistency_not_applicable", "reason": "explicit_smm_memory_disabled"}
{"id": 23, "ts": 1778381294.1950495, "event": "final_decision", "candidate": "Candidate A", "method": "max_round_majority_vote", "vote_count": {"Candidate A": 2, "Candidate B": 1}, "correct_candidate": "Candidate C", "decision_correct": 0, "round": 5}
2026-05-10 04:48:14,204 - INFO - ======================================================================
2026-05-10 04:48:14,204 - INFO - SIMULATION METRICS
2026-05-10 04:48:14,204 - INFO - ======================================================================
2026-05-10 04:48:14,204 - INFO - Total Loops: 5
2026-05-10 04:48:14,204 - INFO - Agent Turns (no vote checker): 15
2026-05-10 04:48:14,204 - INFO - Agent Tool Calls: 0
2026-05-10 04:48:14,204 - INFO - Agent Tool Messages: 0
2026-05-10 04:48:14,204 - INFO - Memory Updates: 0
2026-05-10 04:48:14,204 - INFO - Total Messages (no vote checker): 15
2026-05-10 04:48:14,205 - INFO - Input Tokens: 25343
2026-05-10 04:48:14,205 - INFO - Output Tokens: 10706
2026-05-10 04:48:14,205 - INFO - Total Tokens: 36049
2026-05-10 04:48:14,205 - INFO - Final Chosen Candidate: Candidate A
2026-05-10 04:48:14,205 - INFO - Final Decision Method: max_round_majority_vote
2026-05-10 04:48:14,205 - INFO - Final Vote Count: {'Candidate A': 2, 'Candidate B': 1}
2026-05-10 04:48:14,205 - INFO - Correct Candidate: Candidate C
2026-05-10 04:48:14,205 - INFO - Decision Correct: 0
2026-05-10 04:48:14,205 - INFO - Runtime: 125.57s
2026-05-10 04:48:14,205 - INFO - ======================================================================
