2026-05-06 21:22:34,123 - INFO - Metrics tracker initialized
{"id": 1, "ts": 1778095354.1485808, "event": "memory_reset"}
{"id": 2, "ts": 1778095354.1523798, "event": "discussion_order", "round": 1, "order": ["agent_1", "agent_2", "agent_3"]}
2026-05-06 21:22:41,507 - INFO - Tokens - Input: 1713, Output: 740, Total: 2453
{"id": 3, "ts": 1778095361.5092378, "event": "public_discussion_message", "round": 1, "agent": "agent_1", "message": "I tentatively favor **Candidate C** because they are noted as 100% reliable and create a positive atmosphere with the crew, both crucial for long\u2011distance operations. Their ability to make correct decisions quickly also supports handling the high workload of long flights. The main uncertainty is their difficulty communicating ideas and egocentric tendency, which could hinder crew coordination.\nMETADATA_JSON:\n{\"agent\": \"agent_1\", \"vote\": \"Candidate C\"}"}
2026-05-06 21:22:41,509 - INFO - Agent turns: 1
2026-05-06 21:22:49,997 - INFO - Tokens - Input: 1313, Output: 1375, Total: 2688
2026-05-06 21:22:49,999 - INFO - Memory updates: 1
{"id": 4, "ts": 1778095369.9995244, "event": "memory_updated", "agent": "agent_1", "round": 1}
2026-05-06 21:22:52,988 - INFO - Tokens - Input: 1308, Output: 1503, Total: 2811
2026-05-06 21:22:52,989 - INFO - Memory updates: 2
{"id": 5, "ts": 1778095372.9897702, "event": "memory_updated", "agent": "agent_3", "round": 1}
2026-05-06 21:22:54,592 - INFO - Tokens - Input: 1316, Output: 1444, Total: 2760
2026-05-06 21:22:54,594 - INFO - Memory updates: 3
{"id": 6, "ts": 1778095374.594222, "event": "memory_updated", "agent": "agent_2", "round": 1}
2026-05-06 21:23:00,168 - INFO - Tokens - Input: 2327, Output: 708, Total: 3035
{"id": 7, "ts": 1778095380.16976, "event": "public_discussion_message", "round": 1, "agent": "agent_2", "message": "I currently favor **Candidate\u202fC**. Their ability to make correct decisions quickly and stay calm in a crisis is vital for the high\u2011workload, long\u2011haul environment, and their strong technical understanding supports the complex systems on modern aircraft. Additionally, the reported reliability and positive crew atmosphere suggest they can maintain safety and morale.\n**Trade\u2011off/Uncertainty:** Their difficulty communicating ideas and egocentric attitude could impair crew coordination and resource management, which remains a key risk to resolve.\nMETADATA_JSON:\n{\"agent\": \"agent_2\", \"vote\": \"Candidate C\"}"}
2026-05-06 21:23:00,169 - INFO - Agent turns: 2
2026-05-06 21:23:05,955 - INFO - Tokens - Input: 1876, Output: 1128, Total: 3004
2026-05-06 21:23:05,956 - INFO - Memory updates: 4
{"id": 8, "ts": 1778095385.956941, "event": "memory_updated", "agent": "agent_1", "round": 1}
2026-05-06 21:23:06,638 - INFO - Tokens - Input: 1989, Output: 803, Total: 2792
2026-05-06 21:23:06,640 - INFO - Memory updates: 5
{"id": 9, "ts": 1778095386.6401927, "event": "memory_updated", "agent": "agent_2", "round": 1}
2026-05-06 21:23:10,775 - INFO - Tokens - Input: 2150, Output: 1187, Total: 3337
2026-05-06 21:23:10,776 - INFO - Memory updates: 6
{"id": 10, "ts": 1778095390.777079, "event": "memory_updated", "agent": "agent_3", "round": 1}
2026-05-06 21:23:19,234 - INFO - Tokens - Input: 2460, Output: 999, Total: 3459
{"id": 11, "ts": 1778095399.2359545, "event": "public_discussion_message", "round": 1, "agent": "agent_3", "message": "I currently favor **Candidate\u202fB**. Their strong conscientiousness and excellent stress\u2011handling indicate high reliability and calmness under pressure, while their skill in assessing weather conditions and computer proficiency support the technical competence needed for long\u2011haul flights.\n**Trade\u2011off/Uncertainty:** Their pretentious attitude and occasional wrong tone when communicating could undermine crew cooperation and morale, which is a critical safety factor.\nMETADATA_JSON:\n{\"agent\": \"agent_3\", \"vote\": \"Candidate B\"}"}
2026-05-06 21:23:19,236 - INFO - Agent turns: 3
2026-05-06 21:23:25,979 - INFO - Tokens - Input: 2097, Output: 1039, Total: 3136
2026-05-06 21:23:25,981 - INFO - Memory updates: 7
{"id": 12, "ts": 1778095405.9814954, "event": "memory_updated", "agent": "agent_1", "round": 1}
2026-05-06 21:23:27,771 - INFO - Tokens - Input: 1804, Output: 1088, Total: 2892
2026-05-06 21:23:27,773 - INFO - Memory updates: 8
{"id": 13, "ts": 1778095407.773543, "event": "memory_updated", "agent": "agent_2", "round": 1}
2026-05-06 21:23:28,561 - INFO - Tokens - Input: 2084, Output: 1112, Total: 3196
2026-05-06 21:23:28,563 - INFO - Memory updates: 9
{"id": 14, "ts": 1778095408.5631926, "event": "memory_updated", "agent": "agent_3", "round": 1}
2026-05-06 21:23:28,571 - INFO - Loop 1 completed
{"id": 15, "ts": 1778095408.5777178, "event": "discussion_order", "round": 2, "order": ["agent_2", "agent_1", "agent_3"]}
2026-05-06 21:23:30,461 - INFO - Tokens - Input: 2403, Output: 197, Total: 2600
{"id": 16, "ts": 1778095410.4624286, "event": "public_discussion_message", "round": 2, "agent": "agent_2", "message": "I continue to favor **Candidate\u202fC**. Their ability to make correct decisions quickly and stay calm in a crisis is essential for the high\u2011workload, long\u2011haul environment, and their strong technical understanding of complex systems supports safe operation of modern aircraft.\n**Trade\u2011off/Uncertainty:** Their difficulty communicating ideas and egocentric attitude could hinder crew coordination and resource management, which is a key safety concern.\nMETADATA_JSON:\n{\"agent\": \"agent_2\", \"vote\": \"Candidate C\"}"}
2026-05-06 21:23:30,462 - INFO - Agent turns: 4
2026-05-06 21:23:37,523 - INFO - Tokens - Input: 2017, Output: 919, Total: 2936
2026-05-06 21:23:37,525 - INFO - Memory updates: 10
{"id": 17, "ts": 1778095417.5253463, "event": "memory_updated", "agent": "agent_2", "round": 2}
2026-05-06 21:23:40,546 - INFO - Tokens - Input: 2110, Output: 1417, Total: 3527
2026-05-06 21:23:40,547 - INFO - Memory updates: 11
{"id": 18, "ts": 1778095420.548088, "event": "memory_updated", "agent": "agent_1", "round": 2}
2026-05-06 21:23:40,859 - INFO - Tokens - Input: 2118, Output: 1259, Total: 3377
2026-05-06 21:23:40,861 - INFO - Memory updates: 12
{"id": 19, "ts": 1778095420.8615248, "event": "memory_updated", "agent": "agent_3", "round": 2}
2026-05-06 21:23:42,974 - INFO - Tokens - Input: 2598, Output: 268, Total: 2866
{"id": 20, "ts": 1778095422.9759567, "event": "public_discussion_message", "round": 2, "agent": "agent_1", "message": "I continue to favor **Candidate\u202fC**. Their 100\u202f% reliability and ability to create a positive crew atmosphere address the critical need for consistent safety and good teamwork on long\u2011haul flights, while their knack for making correct decisions quickly supports the high\u2011workload, rapid\u2011response environment.\n**Trade\u2011off/Uncertainty:** Their difficulty communicating ideas and egocentric attitude could hinder crew coordination and resource management, which may be a safety risk unless mitigated.\nMETADATA_JSON:\n{\"agent\": \"agent_1\", \"vote\": \"Candidate C\"}"}
2026-05-06 21:23:42,976 - INFO - Agent turns: 5
2026-05-06 21:23:50,130 - INFO - Tokens - Input: 2186, Output: 996, Total: 3182
2026-05-06 21:23:50,131 - INFO - Memory updates: 13
{"id": 21, "ts": 1778095430.1319256, "event": "memory_updated", "agent": "agent_3", "round": 2}
2026-05-06 21:23:50,585 - INFO - Tokens - Input: 2252, Output: 1075, Total: 3327
2026-05-06 21:23:50,588 - INFO - Memory updates: 14
{"id": 22, "ts": 1778095430.5884361, "event": "memory_updated", "agent": "agent_1", "round": 2}
2026-05-06 21:23:51,212 - INFO - Tokens - Input: 2243, Output: 1040, Total: 3283
2026-05-06 21:23:51,213 - INFO - Memory updates: 15
{"id": 23, "ts": 1778095431.213551, "event": "memory_updated", "agent": "agent_2", "round": 2}
2026-05-06 21:23:53,253 - INFO - Tokens - Input: 2663, Output: 238, Total: 2901
{"id": 24, "ts": 1778095433.2553294, "event": "public_discussion_message", "round": 2, "agent": "agent_3", "message": "I continue to favor **Candidate\u202fB**. Their strong conscientiousness and excellent stress\u2011handling indicate high reliability and calmness under pressure, while their skill in assessing weather conditions and computer proficiency support the technical competence needed for long\u2011distance flights.\n**Trade\u2011off/Uncertainty:** Their pretentious demeanor and occasional wrong tone when communicating could undermine crew cooperation and morale, which is a critical safety factor.\nMETADATA_JSON:\n{\"agent\": \"agent_3\", \"vote\": \"Candidate B\"}"}
2026-05-06 21:23:53,255 - INFO - Agent turns: 6
2026-05-06 21:24:01,168 - INFO - Tokens - Input: 2232, Output: 950, Total: 3182
2026-05-06 21:24:01,169 - INFO - Memory updates: 16
{"id": 25, "ts": 1778095441.1698377, "event": "memory_updated", "agent": "agent_2", "round": 2}
2026-05-06 21:24:01,387 - INFO - Tokens - Input: 2289, Output: 1055, Total: 3344
2026-05-06 21:24:01,388 - INFO - Memory updates: 17
{"id": 26, "ts": 1778095441.3890402, "event": "memory_updated", "agent": "agent_3", "round": 2}
2026-05-06 21:24:06,346 - INFO - Tokens - Input: 2359, Output: 1210, Total: 3569
2026-05-06 21:24:06,348 - INFO - Memory updates: 18
{"id": 27, "ts": 1778095446.3490026, "event": "memory_updated", "agent": "agent_1", "round": 2}
2026-05-06 21:24:06,357 - INFO - Loop 2 completed
{"id": 28, "ts": 1778095446.3641229, "event": "discussion_order", "round": 3, "order": ["agent_1", "agent_3", "agent_2"]}
2026-05-06 21:24:08,656 - INFO - Tokens - Input: 2915, Output: 292, Total: 3207
{"id": 29, "ts": 1778095448.658273, "event": "public_discussion_message", "round": 3, "agent": "agent_1", "message": "I continue to favor **Candidate\u202fC**. Their 100\u202f% reliability and ability to create a positive crew atmosphere directly support safety and teamwork on long\u2011haul flights, and their knack for making correct decisions quickly helps manage the high workload and rapid response needs of long\u2011distance operations.\n**Trade\u2011off/Uncertainty:** Their difficulty communicating ideas and egocentric attitude could hinder crew coordination and resource management, posing a potential safety risk unless addressed.\nMETADATA_JSON:\n{\"agent\": \"agent_1\", \"vote\": \"Candidate C\"}"}
2026-05-06 21:24:08,658 - INFO - Agent turns: 7
2026-05-06 21:24:16,400 - INFO - Tokens - Input: 2412, Output: 1094, Total: 3506
2026-05-06 21:24:16,402 - INFO - Memory updates: 19
{"id": 30, "ts": 1778095456.402183, "event": "memory_updated", "agent": "agent_3", "round": 3}
2026-05-06 21:24:17,120 - INFO - Tokens - Input: 2357, Output: 1123, Total: 3480
2026-05-06 21:24:17,121 - INFO - Memory updates: 20
{"id": 31, "ts": 1778095457.1217804, "event": "memory_updated", "agent": "agent_2", "round": 3}
2026-05-06 21:24:17,785 - INFO - Tokens - Input: 2543, Output: 1101, Total: 3644
2026-05-06 21:24:17,786 - INFO - Memory updates: 21
{"id": 32, "ts": 1778095457.7867792, "event": "memory_updated", "agent": "agent_1", "round": 3}
2026-05-06 21:24:19,871 - INFO - Tokens - Input: 2896, Output: 299, Total: 3195
{"id": 33, "ts": 1778095459.873044, "event": "public_discussion_message", "round": 3, "agent": "agent_3", "message": "I continue to favor **Candidate\u202fB**. Their strong conscientiousness and excellent stress\u2011handling indicate high reliability and calmness under pressure, while their skill in assessing weather conditions and computer proficiency support the technical competence essential for long\u2011distance flights.\n**Trade\u2011off/Uncertainty:** Their pretentious demeanor and occasional wrong tone when communicating could undermine crew cooperation and morale, which is a critical safety factor.\nMETADATA_JSON:\n{\"agent\": \"agent_3\", \"vote\": \"Candidate B\"}"}
2026-05-06 21:24:19,873 - INFO - Agent turns: 8
2026-05-06 21:24:25,246 - INFO - Tokens - Input: 2522, Output: 852, Total: 3374
2026-05-06 21:24:25,248 - INFO - Memory updates: 22
{"id": 34, "ts": 1778095465.2484653, "event": "memory_updated", "agent": "agent_3", "round": 3}
2026-05-06 21:24:25,989 - INFO - Tokens - Input: 2446, Output: 848, Total: 3294
2026-05-06 21:24:25,991 - INFO - Memory updates: 23
{"id": 35, "ts": 1778095465.9913673, "event": "memory_updated", "agent": "agent_2", "round": 3}
2026-05-06 21:24:34,204 - INFO - Tokens - Input: 2677, Output: 1598, Total: 4275
2026-05-06 21:24:34,206 - INFO - Memory updates: 24
{"id": 36, "ts": 1778095474.2061572, "event": "memory_updated", "agent": "agent_1", "round": 3}
2026-05-06 21:24:35,380 - INFO - Tokens - Input: 2905, Output: 154, Total: 3059
{"id": 37, "ts": 1778095475.382515, "event": "public_discussion_message", "round": 3, "agent": "agent_2", "message": "I continue to favor **Candidate\u202fC**. Their ability to make correct decisions quickly and stay calm in a crisis directly supports the high\u2011workload, long\u2011haul environment, while their strong technical understanding of complex systems ensures safe operation of modern aircraft.\n**Trade\u2011off/Uncertainty:** Their difficulty communicating ideas and egocentric attitude could impair crew coordination and resource management, posing a potential safety risk.\nMETADATA_JSON:\n{\"agent\": \"agent_2\", \"vote\": \"Candidate C\"}"}
2026-05-06 21:24:35,382 - INFO - Agent turns: 9
2026-05-06 21:24:41,394 - INFO - Tokens - Input: 2533, Output: 916, Total: 3449
2026-05-06 21:24:41,396 - INFO - Memory updates: 25
{"id": 38, "ts": 1778095481.3966653, "event": "memory_updated", "agent": "agent_2", "round": 3}
2026-05-06 21:24:44,647 - INFO - Tokens - Input: 2805, Output: 1352, Total: 4157
2026-05-06 21:24:44,649 - INFO - Memory updates: 26
{"id": 39, "ts": 1778095484.649329, "event": "memory_updated", "agent": "agent_1", "round": 3}
2026-05-06 21:24:44,738 - INFO - Tokens - Input: 2633, Output: 1377, Total: 4010
2026-05-06 21:24:44,740 - INFO - Memory updates: 27
{"id": 40, "ts": 1778095484.740451, "event": "memory_updated", "agent": "agent_3", "round": 3}
2026-05-06 21:24:44,749 - INFO - Loop 3 completed
{"id": 41, "ts": 1778095484.7563655, "event": "discussion_order", "round": 4, "order": ["agent_2", "agent_3", "agent_1"]}
2026-05-06 21:24:46,768 - INFO - Tokens - Input: 3017, Output: 186, Total: 3203
{"id": 42, "ts": 1778095486.7698452, "event": "public_discussion_message", "round": 4, "agent": "agent_2", "message": "I continue to favor **Candidate\u202fC**. Their ability to make correct decisions quickly and stay calm in a crisis is vital for the high\u2011workload, long\u2011haul environment, and their strong technical understanding of complex systems supports safe operation of modern aircraft.\n**Trade\u2011off/Uncertainty:** Their difficulty communicating ideas and egocentric attitude could hinder crew coordination and resource management, posing a potential safety risk.\nMETADATA_JSON:\n{\"agent\": \"agent_2\", \"vote\": \"Candidate C\"}"}
2026-05-06 21:24:46,770 - INFO - Agent turns: 10
2026-05-06 21:24:53,576 - INFO - Tokens - Input: 2849, Output: 1226, Total: 4075
2026-05-06 21:24:53,578 - INFO - Memory updates: 28
{"id": 43, "ts": 1778095493.5783076, "event": "memory_updated", "agent": "agent_3", "round": 4}
2026-05-06 21:24:53,797 - INFO - Tokens - Input: 2629, Output: 741, Total: 3370
2026-05-06 21:24:53,799 - INFO - Memory updates: 29
{"id": 44, "ts": 1778095493.799672, "event": "memory_updated", "agent": "agent_2", "round": 4}
2026-05-06 21:24:55,923 - INFO - Tokens - Input: 2865, Output: 1326, Total: 4191
2026-05-06 21:24:55,925 - INFO - Memory updates: 30
{"id": 45, "ts": 1778095495.9259925, "event": "memory_updated", "agent": "agent_1", "round": 4}
2026-05-06 21:24:57,510 - INFO - Tokens - Input: 3298, Output: 196, Total: 3494
{"id": 46, "ts": 1778095497.5117424, "event": "public_discussion_message", "round": 4, "agent": "agent_3", "message": "I continue to favor **Candidate\u202fB**. Their strong conscientiousness and excellent stress\u2011handling indicate high reliability and calmness under pressure, while their skill in assessing weather conditions and computer proficiency provide essential technical competence for long\u2011distance operations.\n**Trade\u2011off/Uncertainty:** Their pretentious demeanor and occasional wrong tone when communicating could undermine crew cooperation and morale, which remains a safety concern.\nMETADATA_JSON:\n{\"agent\": \"agent_3\", \"vote\": \"Candidate B\"}"}
2026-05-06 21:24:57,511 - INFO - Agent turns: 11
2026-05-06 21:25:03,978 - INFO - Tokens - Input: 2920, Output: 978, Total: 3898
2026-05-06 21:25:03,980 - INFO - Memory updates: 31
{"id": 47, "ts": 1778095503.980881, "event": "memory_updated", "agent": "agent_3", "round": 4}
2026-05-06 21:25:05,352 - INFO - Tokens - Input: 2692, Output: 937, Total: 3629
2026-05-06 21:25:05,354 - INFO - Memory updates: 32
{"id": 48, "ts": 1778095505.3548594, "event": "memory_updated", "agent": "agent_2", "round": 4}
2026-05-06 21:25:07,072 - INFO - Tokens - Input: 2970, Output: 1160, Total: 4130
2026-05-06 21:25:07,074 - INFO - Memory updates: 33
{"id": 49, "ts": 1778095507.0749443, "event": "memory_updated", "agent": "agent_1", "round": 4}
2026-05-06 21:25:09,901 - INFO - Tokens - Input: 3499, Output: 338, Total: 3837
{"id": 50, "ts": 1778095509.9027684, "event": "public_discussion_message", "round": 4, "agent": "agent_1", "message": "I continue to favor **Candidate\u202fC**. Their 100\u202f% reliability and ability to create a positive crew atmosphere directly support safety and teamwork on long\u2011haul flights, and their knack for making correct decisions quickly helps manage the high workload and rapid response needs of long\u2011distance operations.\n**Trade\u2011off/Uncertainty:** Their difficulty communicating ideas and egocentric attitude could hinder crew coordination and resource management, posing a potential safety risk unless addressed through targeted CRM training.\nMETADATA_JSON:\n{\"agent\": \"agent_1\", \"vote\": \"Candidate C\"}"}
2026-05-06 21:25:09,902 - INFO - Agent turns: 12
2026-05-06 21:25:17,076 - INFO - Tokens - Input: 3153, Output: 875, Total: 4028
2026-05-06 21:25:17,078 - INFO - Memory updates: 34
{"id": 51, "ts": 1778095517.0787106, "event": "memory_updated", "agent": "agent_1", "round": 4}
2026-05-06 21:25:17,095 - INFO - Tokens - Input: 3079, Output: 1027, Total: 4106
2026-05-06 21:25:17,097 - INFO - Memory updates: 35
{"id": 52, "ts": 1778095517.0973547, "event": "memory_updated", "agent": "agent_3", "round": 4}
2026-05-06 21:25:18,813 - INFO - Tokens - Input: 2876, Output: 966, Total: 3842
2026-05-06 21:25:18,815 - INFO - Memory updates: 36
{"id": 53, "ts": 1778095518.8160133, "event": "memory_updated", "agent": "agent_2", "round": 4}
2026-05-06 21:25:18,825 - INFO - Loop 4 completed
{"id": 54, "ts": 1778095518.8319864, "event": "discussion_order", "round": 5, "order": ["agent_1", "agent_3", "agent_2"]}
2026-05-06 21:25:20,478 - INFO - Tokens - Input: 3462, Output: 166, Total: 3628
{"id": 55, "ts": 1778095520.4798584, "event": "public_discussion_message", "round": 5, "agent": "agent_1", "message": "I continue to favor **Candidate\u202fC**. Their 100\u202f% reliability and ability to create a positive crew atmosphere directly support safety and teamwork on long\u2011haul flights, while their quick, correct decision\u2011making helps manage the high workload and rapid response needs of long\u2011distance operations.\n**Trade\u2011off/Uncertainty:** Their difficulty communicating ideas and egocentric attitude could hinder crew coordination and resource management unless addressed through targeted CRM training.\nMETADATA_JSON:\n{\"agent\": \"agent_1\", \"vote\": \"Candidate C\"}"}
2026-05-06 21:25:20,480 - INFO - Agent turns: 13
2026-05-06 21:25:27,113 - INFO - Tokens - Input: 3082, Output: 925, Total: 4007
2026-05-06 21:25:27,115 - INFO - Memory updates: 37
{"id": 56, "ts": 1778095527.115669, "event": "memory_updated", "agent": "agent_3", "round": 5}
2026-05-06 21:25:27,394 - INFO - Tokens - Input: 3086, Output: 937, Total: 4023
2026-05-06 21:25:27,396 - INFO - Memory updates: 38
{"id": 57, "ts": 1778095527.3960836, "event": "memory_updated", "agent": "agent_1", "round": 5}
2026-05-06 21:25:28,480 - INFO - Tokens - Input: 3040, Output: 897, Total: 3937
2026-05-06 21:25:28,482 - INFO - Memory updates: 39
{"id": 58, "ts": 1778095528.4822712, "event": "memory_updated", "agent": "agent_2", "round": 5}
2026-05-06 21:25:34,725 - INFO - Tokens - Input: 3499, Output: 696, Total: 4195
{"id": 59, "ts": 1778095534.726751, "event": "public_discussion_message", "round": 5, "agent": "agent_3", "message": "I continue to favor **Candidate\u202fB**. Their strong conscientiousness and excellent stress\u2011handling give high reliability and calmness under the long\u2011haul workload, while their ability to assess weather conditions and superior computer skills support the technical competence needed for complex, long\u2011distance operations.\n**Trade\u2011off/Uncertainty:** Their pretentious attitude and occasional wrong tone when communicating could undermine crew cooperation and morale, which remains a safety\u2011critical concern.\nMETADATA_JSON:\n{\"agent\": \"agent_3\", \"vote\": \"Candidate B\"}"}
2026-05-06 21:25:34,726 - INFO - Agent turns: 14
2026-05-06 21:25:41,069 - INFO - Tokens - Input: 3141, Output: 879, Total: 4020
2026-05-06 21:25:41,071 - INFO - Memory updates: 40
{"id": 60, "ts": 1778095541.0720294, "event": "memory_updated", "agent": "agent_3", "round": 5}
2026-05-06 21:25:42,249 - INFO - Tokens - Input: 3134, Output: 1036, Total: 4170
2026-05-06 21:25:42,251 - INFO - Memory updates: 41
{"id": 61, "ts": 1778095542.2512088, "event": "memory_updated", "agent": "agent_2", "round": 5}
2026-05-06 21:25:46,532 - INFO - Tokens - Input: 3174, Output: 1098, Total: 4272
2026-05-06 21:25:46,533 - INFO - Memory updates: 42
{"id": 62, "ts": 1778095546.5341086, "event": "memory_updated", "agent": "agent_1", "round": 5}
2026-05-06 21:25:49,471 - INFO - Tokens - Input: 3702, Output: 386, Total: 4088
{"id": 63, "ts": 1778095549.4726644, "event": "public_discussion_message", "round": 5, "agent": "agent_2", "message": "I continue to favor **Candidate\u202fC**. Their ability to make correct decisions quickly and stay calm in a crisis is essential for the high\u2011workload, long\u2011haul environment, and their strong technical understanding of complex systems supports safe operation of modern aircraft.\n**Trade\u2011off/Uncertainty:** Their difficulty communicating ideas and egocentric attitude could impair crew coordination and resource management, posing a potential safety risk that would need to be mitigated through focused CRM training.\nMETADATA_JSON:\n{\"agent\": \"agent_2\", \"vote\": \"Candidate C\"}"}
2026-05-06 21:25:49,472 - INFO - Agent turns: 15
2026-05-06 21:25:56,476 - INFO - Tokens - Input: 3354, Output: 823, Total: 4177
2026-05-06 21:25:56,478 - INFO - Memory updates: 43
{"id": 64, "ts": 1778095556.4789927, "event": "memory_updated", "agent": "agent_2", "round": 5}
2026-05-06 21:25:58,141 - INFO - Tokens - Input: 3244, Output: 830, Total: 4074
2026-05-06 21:25:58,143 - INFO - Memory updates: 44
{"id": 65, "ts": 1778095558.1432037, "event": "memory_updated", "agent": "agent_3", "round": 5}
2026-05-06 21:26:00,155 - INFO - Tokens - Input: 3337, Output: 1476, Total: 4813
2026-05-06 21:26:00,157 - INFO - Memory updates: 45
{"id": 66, "ts": 1778095560.1572387, "event": "memory_updated", "agent": "agent_1", "round": 5}
2026-05-06 21:26:00,166 - INFO - Loop 5 completed
2026-05-06 21:26:00,166 - INFO - Final Chosen Candidate: Candidate C
2026-05-06 21:26:00,166 - INFO - Final Decision Method: max_round_majority_vote
2026-05-06 21:26:00,167 - INFO - Final Vote Count: {'Candidate C': 2, 'Candidate B': 1}
2026-05-06 21:26:00,167 - INFO - Correct Candidate: Candidate C
2026-05-06 21:26:00,167 - INFO - Decision Correct: 1
{"id": 67, "ts": 1778095560.5791662, "event": "context_consistency_calculated", "method": "embedding_cosine", "mean_pairwise_similarity": 0.81353, "pairwise": [{"agent_a": "agent_1", "agent_b": "agent_2", "similarity": 0.780988}, {"agent_a": "agent_1", "agent_b": "agent_3", "similarity": 0.834448}, {"agent_a": "agent_2", "agent_b": "agent_3", "similarity": 0.825154}]}
{"id": 68, "ts": 1778095560.5793524, "event": "agent_memories_archived", "directory": "/home/lhegemann/git/bachelor_thesis/01_data/raw/simulations/moderate/moderate_20260506_181837_030/shared_mental_models", "round": 5}
{"id": 69, "ts": 1778095560.5794427, "event": "final_decision", "candidate": "Candidate C", "method": "max_round_majority_vote", "vote_count": {"Candidate C": 2, "Candidate B": 1}, "correct_candidate": "Candidate C", "decision_correct": 1, "round": 5}
2026-05-06 21:26:00,591 - INFO - ======================================================================
2026-05-06 21:26:00,591 - INFO - SIMULATION METRICS
2026-05-06 21:26:00,591 - INFO - ======================================================================
2026-05-06 21:26:00,591 - INFO - Total Loops: 5
2026-05-06 21:26:00,591 - INFO - Agent Turns (no vote checker): 15
2026-05-06 21:26:00,591 - INFO - Agent Tool Calls: 0
2026-05-06 21:26:00,591 - INFO - Agent Tool Messages: 0
2026-05-06 21:26:00,591 - INFO - Memory Updates: 45
2026-05-06 21:26:00,592 - INFO - Total Messages (no vote checker): 15
2026-05-06 21:26:00,592 - INFO - Input Tokens: 156653
2026-05-06 21:26:00,592 - INFO - Output Tokens: 54861
2026-05-06 21:26:00,592 - INFO - Total Tokens: 211514
2026-05-06 21:26:00,592 - INFO - Final Chosen Candidate: Candidate C
2026-05-06 21:26:00,592 - INFO - Final Decision Method: max_round_majority_vote
2026-05-06 21:26:00,592 - INFO - Final Vote Count: {'Candidate C': 2, 'Candidate B': 1}
2026-05-06 21:26:00,592 - INFO - Correct Candidate: Candidate C
2026-05-06 21:26:00,592 - INFO - Decision Correct: 1
2026-05-06 21:26:00,592 - INFO - Runtime: 206.47s
2026-05-06 21:26:00,592 - INFO - ======================================================================
