2026-05-08 09:44:59,065 - INFO - Metrics tracker initialized
{"id": 1, "ts": 1778226299.0908358, "event": "memory_reset"}
{"id": 2, "ts": 1778226299.0949132, "event": "discussion_order", "round": 1, "order": ["agent_3", "agent_2", "agent_1"]}
2026-05-08 09:45:04,652 - INFO - Tokens - Input: 1708, Output: 611, Total: 2319
{"id": 3, "ts": 1778226304.653485, "event": "public_discussion_message", "round": 1, "agent": "agent_3", "message": "I currently favor Candidate\u202fB because they are very conscientious (supporting reliability) and handle stress well (crucial for long\u2011distance flights). These traits directly address the need for dependable, calm performance under pressure. The main uncertainty is their pretentious demeanor and occasional wrong tone, which could hinder crew cooperation.\nMETADATA_JSON:\n{\"agent\": \"agent_3\", \"vote\": \"Candidate B\"}"}
2026-05-08 09:45:04,653 - INFO - Agent turns: 1
2026-05-08 09:45:12,444 - INFO - Tokens - Input: 1292, Output: 1420, Total: 2712
2026-05-08 09:45:12,445 - INFO - Memory updates: 1
{"id": 4, "ts": 1778226312.4460833, "event": "memory_updated", "agent": "agent_3", "round": 1}
2026-05-08 09:45:13,201 - INFO - Tokens - Input: 1300, Output: 1671, Total: 2971
2026-05-08 09:45:13,203 - INFO - Memory updates: 2
{"id": 5, "ts": 1778226313.2031896, "event": "memory_updated", "agent": "agent_2", "round": 1}
2026-05-08 09:45:14,779 - INFO - Tokens - Input: 1297, Output: 1554, Total: 2851
2026-05-08 09:45:14,781 - INFO - Memory updates: 3
{"id": 6, "ts": 1778226314.7815514, "event": "memory_updated", "agent": "agent_1", "round": 1}
2026-05-08 09:45:17,230 - INFO - Tokens - Input: 2403, Output: 526, Total: 2929
{"id": 7, "ts": 1778226317.2322612, "event": "public_discussion_message", "round": 1, "agent": "agent_2", "message": "I currently favor **Candidate\u202fB**. Their strong conscientiousness supports reliability, and they handle stress well, which is vital for maintaining calm during long\u2011haul flights. These traits directly address the need for dependable, steady performance over extended periods.\nA key uncertainty is their weak memory for numbers and tendency to make nasty remarks toward colleagues, which could impair both precise navigation tasks and crew cohesion.\nMETADATA_JSON:\n{\"agent\": \"agent_2\", \"vote\": \"Candidate B\"}"}
2026-05-08 09:45:17,232 - INFO - Agent turns: 2
2026-05-08 09:45:23,220 - INFO - Tokens - Input: 2051, Output: 1001, Total: 3052
2026-05-08 09:45:23,223 - INFO - Memory updates: 4
{"id": 8, "ts": 1778226323.2235005, "event": "memory_updated", "agent": "agent_3", "round": 1}
2026-05-08 09:45:23,382 - INFO - Tokens - Input: 2023, Output: 1150, Total: 3173
2026-05-08 09:45:23,384 - INFO - Memory updates: 5
{"id": 9, "ts": 1778226323.3842416, "event": "memory_updated", "agent": "agent_2", "round": 1}
2026-05-08 09:45:25,139 - INFO - Tokens - Input: 1954, Output: 1199, Total: 3153
2026-05-08 09:45:25,141 - INFO - Memory updates: 6
{"id": 10, "ts": 1778226325.1419659, "event": "memory_updated", "agent": "agent_1", "round": 1}
2026-05-08 09:45:28,155 - INFO - Tokens - Input: 2503, Output: 529, Total: 3032
{"id": 11, "ts": 1778226328.1570334, "event": "public_discussion_message", "round": 1, "agent": "agent_1", "message": "I currently favor **Candidate\u202fC**. They are known to be 100\u202f% reliable and make correct decisions quickly, which is crucial for maintaining safety and efficiency on long\u2011distance flights. Additionally, they create a positive atmosphere with the crew, supporting good teamwork over extended periods. The main uncertainty is their difficulty communicating ideas and egocentric attitude, which could hinder coordination and adaptability on complex, multi\u2011hour operations.\nMETADATA_JSON:\n{\"agent\": \"agent_1\", \"vote\": \"Candidate C\"}"}
2026-05-08 09:45:28,157 - INFO - Agent turns: 3
2026-05-08 09:45:32,755 - INFO - Tokens - Input: 2136, Output: 1125, Total: 3261
2026-05-08 09:45:32,757 - INFO - Memory updates: 7
{"id": 12, "ts": 1778226332.7571638, "event": "memory_updated", "agent": "agent_1", "round": 1}
2026-05-08 09:45:34,080 - INFO - Tokens - Input: 2172, Output: 1266, Total: 3438
2026-05-08 09:45:34,082 - INFO - Memory updates: 8
{"id": 13, "ts": 1778226334.0822966, "event": "memory_updated", "agent": "agent_2", "round": 1}
2026-05-08 09:45:34,585 - INFO - Tokens - Input: 1903, Output: 1479, Total: 3382
2026-05-08 09:45:34,587 - INFO - Memory updates: 9
{"id": 14, "ts": 1778226334.587817, "event": "memory_updated", "agent": "agent_3", "round": 1}
2026-05-08 09:45:34,596 - INFO - Loop 1 completed
{"id": 15, "ts": 1778226334.6022782, "event": "discussion_order", "round": 2, "order": ["agent_2", "agent_3", "agent_1"]}
2026-05-08 09:45:38,630 - INFO - Tokens - Input: 2400, Output: 729, Total: 3129
{"id": 16, "ts": 1778226338.6319396, "event": "public_discussion_message", "round": 2, "agent": "agent_2", "message": "I continue to favor **Candidate\u202fB**. Their strong conscientiousness gives high reliability, and their ability to handle stress supports the calm, steady performance needed on long\u2011haul flights. The main uncertainty is their tendency to make nasty remarks toward colleagues and their weak memory for numbers, which could undermine crew cohesion and precise navigation tasks.\nMETADATA_JSON:\n{\"agent\": \"agent_2\", \"vote\": \"Candidate B\"}"}
2026-05-08 09:45:38,632 - INFO - Agent turns: 4
2026-05-08 09:45:44,173 - INFO - Tokens - Input: 1977, Output: 952, Total: 2929
2026-05-08 09:45:44,174 - INFO - Memory updates: 10
{"id": 17, "ts": 1778226344.1750584, "event": "memory_updated", "agent": "agent_2", "round": 2}
2026-05-08 09:45:44,424 - INFO - Tokens - Input: 2448, Output: 1173, Total: 3621
2026-05-08 09:45:44,426 - INFO - Memory updates: 11
{"id": 18, "ts": 1778226344.4262223, "event": "memory_updated", "agent": "agent_3", "round": 2}
2026-05-08 09:45:44,924 - INFO - Tokens - Input: 2250, Output: 1164, Total: 3414
2026-05-08 09:45:44,925 - INFO - Memory updates: 12
{"id": 19, "ts": 1778226344.9258566, "event": "memory_updated", "agent": "agent_1", "round": 2}
2026-05-08 09:45:46,644 - INFO - Tokens - Input: 2783, Output: 215, Total: 2998
{"id": 20, "ts": 1778226346.6458018, "event": "public_discussion_message", "round": 2, "agent": "agent_3", "message": "I continue to favor **Candidate\u202fB**. Their very conscientious nature supports reliability, and their ability to handle stress ensures calm performance on long\u2011haul flights\u2014both essential for safety and consistency over extended periods. The main uncertainty is the combination of interpersonal drawbacks (pretentious demeanor, occasional wrong tone, and a tendency to make nasty remarks) together with a weak memory for numbers, which could affect crew cohesion and precise navigation tasks.\nMETADATA_JSON:\n{\"agent\": \"agent_3\", \"vote\": \"Candidate B\"}"}
2026-05-08 09:45:46,645 - INFO - Agent turns: 5
2026-05-08 09:45:54,619 - INFO - Tokens - Input: 2171, Output: 1217, Total: 3388
2026-05-08 09:45:54,620 - INFO - Memory updates: 13
{"id": 21, "ts": 1778226354.6211207, "event": "memory_updated", "agent": "agent_2", "round": 2}
2026-05-08 09:45:54,843 - INFO - Tokens - Input: 2064, Output: 1098, Total: 3162
2026-05-08 09:45:54,845 - INFO - Memory updates: 14
{"id": 22, "ts": 1778226354.845677, "event": "memory_updated", "agent": "agent_1", "round": 2}
2026-05-08 09:45:54,983 - INFO - Tokens - Input: 2418, Output: 1224, Total: 3642
2026-05-08 09:45:54,985 - INFO - Memory updates: 15
{"id": 23, "ts": 1778226354.9852633, "event": "memory_updated", "agent": "agent_3", "round": 2}
2026-05-08 09:45:56,756 - INFO - Tokens - Input: 2520, Output: 222, Total: 2742
{"id": 24, "ts": 1778226356.7579277, "event": "public_discussion_message", "round": 2, "agent": "agent_1", "message": "I continue to favor **Candidate\u202fC**. Their 100\u202f% reliability and ability to make correct decisions quickly are critical for safe, efficient long\u2011distance operations, and they foster a positive crew atmosphere, supporting teamwork on extended flights. The main uncertainty is their difficulty communicating ideas and egocentric attitude, which could hinder coordination and adaptability in complex, multi\u2011hour missions.\nMETADATA_JSON:\n{\"agent\": \"agent_1\", \"vote\": \"Candidate C\"}"}
2026-05-08 09:45:56,758 - INFO - Agent turns: 6
2026-05-08 09:46:02,036 - INFO - Tokens - Input: 2486, Output: 958, Total: 3444
2026-05-08 09:46:02,038 - INFO - Memory updates: 16
{"id": 25, "ts": 1778226362.0382073, "event": "memory_updated", "agent": "agent_3", "round": 2}
2026-05-08 09:46:03,067 - INFO - Tokens - Input: 2135, Output: 933, Total: 3068
2026-05-08 09:46:03,069 - INFO - Memory updates: 17
{"id": 26, "ts": 1778226363.0691955, "event": "memory_updated", "agent": "agent_1", "round": 2}
2026-05-08 09:46:03,086 - INFO - Tokens - Input: 2507, Output: 1194, Total: 3701
2026-05-08 09:46:03,088 - INFO - Memory updates: 18
{"id": 27, "ts": 1778226363.0887196, "event": "memory_updated", "agent": "agent_2", "round": 2}
2026-05-08 09:46:03,096 - INFO - Loop 2 completed
{"id": 28, "ts": 1778226363.1022608, "event": "discussion_order", "round": 3, "order": ["agent_1", "agent_2", "agent_3"]}
2026-05-08 09:46:05,670 - INFO - Tokens - Input: 2643, Output: 315, Total: 2958
{"id": 29, "ts": 1778226365.671937, "event": "public_discussion_message", "round": 3, "agent": "agent_1", "message": "I continue to favor **Candidate\u202fC**. Their 100\u202f% reliability and ability to make correct decisions quickly are essential for safe, efficient long\u2011distance flights, and they create a positive crew atmosphere that supports teamwork over many hours. The main trade\u2011off is their difficulty communicating ideas and egocentric attitude, which could hinder coordination, versus Candidate\u202fB\u2019s strong reliability and stress handling but more serious interpersonal drawbacks (pretentious demeanor, nasty remarks) and weak memory for numbers.\nMETADATA_JSON:\n{\"agent\": \"agent_1\", \"vote\": \"Candidate C\"}"}
2026-05-08 09:46:05,672 - INFO - Agent turns: 7
2026-05-08 09:46:10,574 - INFO - Tokens - Input: 2284, Output: 839, Total: 3123
2026-05-08 09:46:10,575 - INFO - Memory updates: 19
{"id": 30, "ts": 1778226370.5757785, "event": "memory_updated", "agent": "agent_1", "round": 3}
2026-05-08 09:46:13,919 - INFO - Tokens - Input: 2637, Output: 1510, Total: 4147
2026-05-08 09:46:13,921 - INFO - Memory updates: 20
{"id": 31, "ts": 1778226373.9220119, "event": "memory_updated", "agent": "agent_2", "round": 3}
2026-05-08 09:46:14,017 - INFO - Tokens - Input: 2376, Output: 1107, Total: 3483
2026-05-08 09:46:14,019 - INFO - Memory updates: 21
{"id": 32, "ts": 1778226374.0198436, "event": "memory_updated", "agent": "agent_3", "round": 3}
2026-05-08 09:46:15,522 - INFO - Tokens - Input: 3136, Output: 201, Total: 3337
{"id": 33, "ts": 1778226375.5241904, "event": "public_discussion_message", "round": 3, "agent": "agent_2", "message": "I continue to favor **Candidate\u202fB**. Their very conscientious nature gives strong reliability, and their ability to handle stress supports the calm, steady performance needed on long\u2011distance flights. The main trade\u2011off is their tendency to make nasty remarks toward colleagues and a weak memory for numbers, which could undermine crew cohesion and precise navigation tasks.\nMETADATA_JSON:\n{\"agent\": \"agent_2\", \"vote\": \"Candidate B\"}"}
2026-05-08 09:46:15,524 - INFO - Agent turns: 8
2026-05-08 09:46:21,300 - INFO - Tokens - Input: 2351, Output: 945, Total: 3296
2026-05-08 09:46:21,301 - INFO - Memory updates: 22
{"id": 34, "ts": 1778226381.3019133, "event": "memory_updated", "agent": "agent_1", "round": 3}
2026-05-08 09:46:21,880 - INFO - Tokens - Input: 2457, Output: 1161, Total: 3618
2026-05-08 09:46:21,881 - INFO - Memory updates: 23
{"id": 35, "ts": 1778226381.881814, "event": "memory_updated", "agent": "agent_3", "round": 3}
2026-05-08 09:46:22,002 - INFO - Tokens - Input: 2735, Output: 1286, Total: 4021
2026-05-08 09:46:22,004 - INFO - Memory updates: 24
{"id": 36, "ts": 1778226382.004225, "event": "memory_updated", "agent": "agent_2", "round": 3}
2026-05-08 09:46:22,885 - INFO - Tokens - Input: 3044, Output: 146, Total: 3190
{"id": 37, "ts": 1778226382.8866947, "event": "public_discussion_message", "round": 3, "agent": "agent_3", "message": "I continue to favor **Candidate\u202fB**. Their strong conscientiousness underpins reliability, and their proven ability to handle stress ensures calm performance on long\u2011distance flights\u2014both essential for safety and consistency. The main trade\u2011off is their interpersonal drawback: a pretentious demeanor and occasional wrong tone, which could affect crew cohesion, plus a weak memory for numbers that may impact precise navigation tasks.\nMETADATA_JSON:\n{\"agent\": \"agent_3\", \"vote\": \"Candidate B\"}"}
2026-05-08 09:46:22,886 - INFO - Agent turns: 9
2026-05-08 09:46:27,633 - INFO - Tokens - Input: 2848, Output: 880, Total: 3728
2026-05-08 09:46:27,635 - INFO - Memory updates: 25
{"id": 38, "ts": 1778226387.6351707, "event": "memory_updated", "agent": "agent_2", "round": 3}
2026-05-08 09:46:28,654 - INFO - Tokens - Input: 2665, Output: 955, Total: 3620
2026-05-08 09:46:28,656 - INFO - Memory updates: 26
{"id": 39, "ts": 1778226388.656881, "event": "memory_updated", "agent": "agent_3", "round": 3}
2026-05-08 09:46:29,215 - INFO - Tokens - Input: 2471, Output: 1124, Total: 3595
2026-05-08 09:46:29,217 - INFO - Memory updates: 27
{"id": 40, "ts": 1778226389.2177691, "event": "memory_updated", "agent": "agent_1", "round": 3}
2026-05-08 09:46:29,227 - INFO - Loop 3 completed
{"id": 41, "ts": 1778226389.23481, "event": "discussion_order", "round": 4, "order": ["agent_3", "agent_1", "agent_2"]}
2026-05-08 09:46:30,443 - INFO - Tokens - Input: 3139, Output: 157, Total: 3296
{"id": 42, "ts": 1778226390.4453213, "event": "public_discussion_message", "round": 4, "agent": "agent_3", "message": "I continue to favor **Candidate\u202fB**. Their very conscientious nature gives strong reliability, and their ability to handle stress ensures calm performance on long\u2011distance flights\u2014both essential for safety and consistency over extended routes. The main trade\u2011off is their interpersonal drawback (pretentious demeanor and occasional wrong tone) combined with a weak memory for numbers, which could affect crew cohesion and precise navigation tasks.\nMETADATA_JSON:\n{\"agent\": \"agent_3\", \"vote\": \"Candidate B\"}"}
2026-05-08 09:46:30,445 - INFO - Agent turns: 10
2026-05-08 09:46:34,937 - INFO - Tokens - Input: 2554, Output: 802, Total: 3356
2026-05-08 09:46:34,939 - INFO - Memory updates: 28
{"id": 43, "ts": 1778226394.9392982, "event": "memory_updated", "agent": "agent_1", "round": 4}
2026-05-08 09:46:35,720 - INFO - Tokens - Input: 2675, Output: 973, Total: 3648
2026-05-08 09:46:35,728 - INFO - Memory updates: 29
{"id": 44, "ts": 1778226395.7284875, "event": "memory_updated", "agent": "agent_2", "round": 4}
2026-05-08 09:46:35,735 - INFO - Tokens - Input: 2742, Output: 822, Total: 3564
2026-05-08 09:46:35,737 - INFO - Memory updates: 30
{"id": 45, "ts": 1778226395.7379057, "event": "memory_updated", "agent": "agent_3", "round": 4}
2026-05-08 09:46:37,179 - INFO - Tokens - Input: 3042, Output: 195, Total: 3237
{"id": 46, "ts": 1778226397.180949, "event": "public_discussion_message", "round": 4, "agent": "agent_1", "message": "I continue to favor **Candidate\u202fC**. Their 100\u202f% reliability and ability to make correct decisions quickly are vital for safe, efficient long\u2011distance operations, and they create a positive atmosphere with the crew, supporting teamwork over many hours. The main uncertainty is their difficulty communicating ideas and egocentric attitude, which could impede coordination and adaptability in complex, multi\u2011hour flights.\nMETADATA_JSON:\n{\"agent\": \"agent_1\", \"vote\": \"Candidate C\"}"}
2026-05-08 09:46:37,181 - INFO - Agent turns: 11
2026-05-08 09:46:43,167 - INFO - Tokens - Input: 2661, Output: 783, Total: 3444
2026-05-08 09:46:43,169 - INFO - Memory updates: 31
{"id": 47, "ts": 1778226403.1697657, "event": "memory_updated", "agent": "agent_1", "round": 4}
2026-05-08 09:46:43,510 - INFO - Tokens - Input: 2774, Output: 1023, Total: 3797
2026-05-08 09:46:43,512 - INFO - Memory updates: 32
{"id": 48, "ts": 1778226403.5122056, "event": "memory_updated", "agent": "agent_2", "round": 4}
2026-05-08 09:46:43,669 - INFO - Tokens - Input: 2664, Output: 1003, Total: 3667
2026-05-08 09:46:43,671 - INFO - Memory updates: 33
{"id": 49, "ts": 1778226403.6715102, "event": "memory_updated", "agent": "agent_3", "round": 4}
2026-05-08 09:46:45,130 - INFO - Tokens - Input: 3312, Output: 172, Total: 3484
{"id": 50, "ts": 1778226405.1316502, "event": "public_discussion_message", "round": 4, "agent": "agent_2", "message": "I continue to favor **Candidate\u202fB**. Their very conscientious nature gives strong reliability, and their ability to handle stress supports the calm, steady performance needed on long\u2011distance flights. The main trade\u2011off is their interpersonal drawback\u2014making nasty remarks toward colleagues\u2014and a weak memory for numbers, which could undermine crew cohesion and precise navigation tasks.\nMETADATA_JSON:\n{\"agent\": \"agent_2\", \"vote\": \"Candidate B\"}"}
2026-05-08 09:46:45,131 - INFO - Agent turns: 12
2026-05-08 09:46:50,038 - INFO - Tokens - Input: 2913, Output: 961, Total: 3874
2026-05-08 09:46:50,040 - INFO - Memory updates: 34
{"id": 51, "ts": 1778226410.0401871, "event": "memory_updated", "agent": "agent_2", "round": 4}
2026-05-08 09:46:50,928 - INFO - Tokens - Input: 2784, Output: 966, Total: 3750
2026-05-08 09:46:50,930 - INFO - Memory updates: 35
{"id": 52, "ts": 1778226410.9307942, "event": "memory_updated", "agent": "agent_3", "round": 4}
2026-05-08 09:46:50,961 - INFO - Tokens - Input: 2683, Output: 1091, Total: 3774
2026-05-08 09:46:50,963 - INFO - Memory updates: 36
{"id": 53, "ts": 1778226410.9632416, "event": "memory_updated", "agent": "agent_1", "round": 4}
2026-05-08 09:46:50,971 - INFO - Loop 4 completed
{"id": 54, "ts": 1778226410.9783604, "event": "discussion_order", "round": 5, "order": ["agent_3", "agent_2", "agent_1"]}
2026-05-08 09:46:51,974 - INFO - Tokens - Input: 3335, Output: 159, Total: 3494
{"id": 55, "ts": 1778226411.9758756, "event": "public_discussion_message", "round": 5, "agent": "agent_3", "message": "I still favor **Candidate\u202fB**. Their very conscientious nature supports high reliability, and their ability to handle stress ensures calm performance on long\u2011distance flights\u2014both critical for safety and consistency. The main trade\u2011off is their interpersonal drawback (pretentious demeanor, occasional wrong tone, and tendency to make nasty remarks) combined with a weak memory for numbers, which could affect crew cohesion and precise navigation tasks.\nMETADATA_JSON:\n{\"agent\": \"agent_3\", \"vote\": \"Candidate B\"}"}
2026-05-08 09:46:51,976 - INFO - Agent turns: 13
2026-05-08 09:46:57,287 - INFO - Tokens - Input: 2944, Output: 869, Total: 3813
2026-05-08 09:46:57,289 - INFO - Memory updates: 37
{"id": 56, "ts": 1778226417.2891822, "event": "memory_updated", "agent": "agent_3", "round": 5}
2026-05-08 09:46:57,658 - INFO - Tokens - Input: 2824, Output: 906, Total: 3730
2026-05-08 09:46:57,660 - INFO - Memory updates: 38
{"id": 57, "ts": 1778226417.6605604, "event": "memory_updated", "agent": "agent_1", "round": 5}
2026-05-08 09:46:59,082 - INFO - Tokens - Input: 3015, Output: 1032, Total: 4047
2026-05-08 09:46:59,084 - INFO - Memory updates: 39
{"id": 58, "ts": 1778226419.0847194, "event": "memory_updated", "agent": "agent_2", "round": 5}
2026-05-08 09:47:02,642 - INFO - Tokens - Input: 3520, Output: 212, Total: 3732
{"id": 59, "ts": 1778226422.644394, "event": "public_discussion_message", "round": 5, "agent": "agent_2", "message": "I continue to favor **Candidate\u202fB**. Their very conscientious nature gives strong reliability, and their ability to handle stress ensures calm performance on long\u2011distance flights\u2014both essential for safety and consistency. The main trade\u2011off is their interpersonal drawback (making nasty remarks toward colleagues and a pretentious demeanor) combined with a weak memory for numbers, which could undermine crew cohesion and precise navigation.\nMETADATA_JSON:\n{\"agent\": \"agent_2\", \"vote\": \"Candidate B\"}"}
2026-05-08 09:47:02,644 - INFO - Agent turns: 14
2026-05-08 09:47:09,012 - INFO - Tokens - Input: 3028, Output: 1130, Total: 4158
2026-05-08 09:47:09,013 - INFO - Memory updates: 40
{"id": 60, "ts": 1778226429.0140638, "event": "memory_updated", "agent": "agent_3", "round": 5}
2026-05-08 09:47:09,134 - INFO - Tokens - Input: 3037, Output: 1195, Total: 4232
2026-05-08 09:47:09,136 - INFO - Memory updates: 41
{"id": 61, "ts": 1778226429.1361587, "event": "memory_updated", "agent": "agent_1", "round": 5}
2026-05-08 09:47:09,352 - INFO - Tokens - Input: 3139, Output: 974, Total: 4113
2026-05-08 09:47:09,354 - INFO - Memory updates: 42
{"id": 62, "ts": 1778226429.3543584, "event": "memory_updated", "agent": "agent_2", "round": 5}
2026-05-08 09:47:10,820 - INFO - Tokens - Input: 3474, Output: 224, Total: 3698
{"id": 63, "ts": 1778226430.8212767, "event": "public_discussion_message", "round": 5, "agent": "agent_1", "message": "I continue to favor **Candidate\u202fC**. Their 100\u202f% reliability and ability to make correct decisions quickly are vital for safe, efficient long\u2011distance operations, and they foster a positive crew atmosphere that supports teamwork over many hours. The main trade\u2011off is their difficulty communicating ideas and egocentric attitude, which could hinder coordination and adaptability in complex, multi\u2011hour flights.\nMETADATA_JSON:\n{\"agent\": \"agent_1\", \"vote\": \"Candidate C\"}"}
2026-05-08 09:47:10,821 - INFO - Agent turns: 15
2026-05-08 09:47:15,174 - INFO - Tokens - Input: 3093, Output: 772, Total: 3865
2026-05-08 09:47:15,176 - INFO - Memory updates: 43
{"id": 64, "ts": 1778226435.1762216, "event": "memory_updated", "agent": "agent_1", "round": 5}
2026-05-08 09:47:16,224 - INFO - Tokens - Input: 3130, Output: 868, Total: 3998
2026-05-08 09:47:16,226 - INFO - Memory updates: 44
{"id": 65, "ts": 1778226436.2264822, "event": "memory_updated", "agent": "agent_3", "round": 5}
2026-05-08 09:47:16,635 - INFO - Tokens - Input: 3251, Output: 950, Total: 4201
2026-05-08 09:47:16,637 - INFO - Memory updates: 45
{"id": 66, "ts": 1778226436.6374595, "event": "memory_updated", "agent": "agent_2", "round": 5}
2026-05-08 09:47:16,645 - INFO - Loop 5 completed
2026-05-08 09:47:16,646 - INFO - Final Chosen Candidate: Candidate B
2026-05-08 09:47:16,646 - INFO - Final Decision Method: max_round_majority_vote
2026-05-08 09:47:16,646 - INFO - Final Vote Count: {'Candidate C': 1, 'Candidate B': 2}
2026-05-08 09:47:16,646 - INFO - Correct Candidate: Candidate C
2026-05-08 09:47:16,646 - INFO - Decision Correct: 0
{"id": 67, "ts": 1778226437.0095358, "event": "context_consistency_calculated", "method": "embedding_cosine", "mean_pairwise_similarity": 0.812849, "pairwise": [{"agent_a": "agent_1", "agent_b": "agent_2", "similarity": 0.898144}, {"agent_a": "agent_1", "agent_b": "agent_3", "similarity": 0.76538}, {"agent_a": "agent_2", "agent_b": "agent_3", "similarity": 0.775023}]}
{"id": 68, "ts": 1778226437.0097432, "event": "agent_memories_archived", "directory": "/home/lhegemann/git/bachelor_thesis/01_data/raw/simulations/moderate/moderate_treatment_20260508_080303_008/shared_mental_models", "round": 5}
{"id": 69, "ts": 1778226437.009838, "event": "final_decision", "candidate": "Candidate B", "method": "max_round_majority_vote", "vote_count": {"Candidate C": 1, "Candidate B": 2}, "correct_candidate": "Candidate C", "decision_correct": 0, "round": 5}
2026-05-08 09:47:17,021 - INFO - ======================================================================
2026-05-08 09:47:17,022 - INFO - SIMULATION METRICS
2026-05-08 09:47:17,022 - INFO - ======================================================================
2026-05-08 09:47:17,022 - INFO - Total Loops: 5
2026-05-08 09:47:17,022 - INFO - Agent Turns (no vote checker): 15
2026-05-08 09:47:17,022 - INFO - Agent Tool Calls: 0
2026-05-08 09:47:17,022 - INFO - Agent Tool Messages: 0
2026-05-08 09:47:17,022 - INFO - Memory Updates: 45
2026-05-08 09:47:17,022 - INFO - Total Messages (no vote checker): 15
2026-05-08 09:47:17,022 - INFO - Input Tokens: 154281
2026-05-08 09:47:17,022 - INFO - Output Tokens: 53318
2026-05-08 09:47:17,022 - INFO - Total Tokens: 207599
2026-05-08 09:47:17,023 - INFO - Final Chosen Candidate: Candidate B
2026-05-08 09:47:17,023 - INFO - Final Decision Method: max_round_majority_vote
2026-05-08 09:47:17,023 - INFO - Final Vote Count: {'Candidate C': 1, 'Candidate B': 2}
2026-05-08 09:47:17,023 - INFO - Correct Candidate: Candidate C
2026-05-08 09:47:17,023 - INFO - Decision Correct: 0
2026-05-08 09:47:17,023 - INFO - Runtime: 137.96s
2026-05-08 09:47:17,023 - INFO - ======================================================================
