2026-05-07 22:07:47,199 - INFO - Metrics tracker initialized
{"id": 1, "ts": 1778184467.226112, "event": "memory_reset"}
{"id": 2, "ts": 1778184467.2315304, "event": "discussion_order", "round": 1, "order": ["agent_2", "agent_1", "agent_3"]}
2026-05-07 22:07:54,528 - INFO - Tokens - Input: 1422, Output: 823, Total: 2245
{"id": 3, "ts": 1778184474.5297482, "event": "public_discussion_message", "round": 1, "agent": "agent_2", "message": "I tentatively favor **Candidate A**. Their ability to anticipate dangerous situations, excellent spatial vision, and strong leadership are crucial for long\u2011distance flight safety and crew coordination. However, their reputation as a show\u2011off and resistance to new ideas raises concerns about crew harmony and adaptability.\nMETADATA_JSON:\n{\"agent\": \"agent_2\", \"vote\": \"Candidate A\"}"}
2026-05-07 22:07:54,529 - INFO - Agent turns: 1
2026-05-07 22:08:01,072 - INFO - Tokens - Input: 1570, Output: 896, Total: 2466
{"id": 4, "ts": 1778184481.0743062, "event": "public_discussion_message", "round": 1, "agent": "agent_1", "message": "I tentatively favor **Candidate C**. Their 100\u202f% reliability and ability to create a positive atmosphere with the crew are vital for long\u2011distance safety and cooperation, and their quick, correct decision\u2011making supports effective handling of in\u2011flight challenges. The main uncertainty is their difficulty communicating ideas and egocentric attitude, which could impair crew coordination and adaptability.\nMETADATA_JSON:\n{\"agent\": \"agent_1\", \"vote\": \"Candidate C\"}"}
2026-05-07 22:08:01,074 - INFO - Agent turns: 2
2026-05-07 22:08:07,409 - INFO - Tokens - Input: 1684, Output: 851, Total: 2535
{"id": 5, "ts": 1778184487.411005, "event": "public_discussion_message", "round": 1, "agent": "agent_3", "message": "I tentatively favor **Candidate\u202fB**. Their strong stress\u2011handling ability and very conscientious nature support calmness under pressure and reliability, while their skill in assessing weather conditions and excellent computer abilities address key technical demands of long\u2011distance flights. The main uncertainty is their tendency to be pretentious and sometimes use the wrong tone, which could undermine crew cooperation and atmosphere.\nMETADATA_JSON:\n{\"agent\": \"agent_3\", \"vote\": \"Candidate B\"}"}
2026-05-07 22:08:07,411 - INFO - Agent turns: 3
2026-05-07 22:08:07,420 - INFO - Loop 1 completed
{"id": 6, "ts": 1778184487.4270291, "event": "discussion_order", "round": 2, "order": ["agent_3", "agent_1", "agent_2"]}
2026-05-07 22:08:14,771 - INFO - Tokens - Input: 1723, Output: 860, Total: 2583
{"id": 7, "ts": 1778184494.7726448, "event": "public_discussion_message", "round": 2, "agent": "agent_3", "message": "I continue to favor **Candidate\u202fB**. Their very conscientious nature and strong stress\u2011handling ability give them high reliability and calmness under pressure, while their skill in assessing weather conditions and excellent computer abilities address the key technical demands of long\u2011distance flights. The main uncertainty is their tendency to be pretentious and sometimes use the wrong tone, which could undermine crew cooperation and the cockpit atmosphere.\nMETADATA_JSON:\n{\"agent\": \"agent_3\", \"vote\": \"Candidate B\"}"}
2026-05-07 22:08:14,772 - INFO - Agent turns: 4
2026-05-07 22:08:21,101 - INFO - Tokens - Input: 1903, Output: 872, Total: 2775
{"id": 8, "ts": 1778184501.1025956, "event": "public_discussion_message", "round": 2, "agent": "agent_1", "message": "I currently favor **Candidate\u202fC**. Their 100\u202f% reliability and ability to create a positive atmosphere with the crew are crucial for long\u2011distance safety and teamwork, and their capacity to make quick, correct decisions supports effective handling of in\u2011flight challenges. The main uncertainty is their difficulty communicating ideas and egocentric attitude, which could impair crew coordination and adaptability.\nMETADATA_JSON:\n{\"agent\": \"agent_1\", \"vote\": \"Candidate C\"}"}
2026-05-07 22:08:21,102 - INFO - Agent turns: 5
2026-05-07 22:08:28,364 - INFO - Tokens - Input: 2005, Output: 998, Total: 3003
{"id": 9, "ts": 1778184508.3662589, "event": "public_discussion_message", "round": 2, "agent": "agent_2", "message": "I now favor **Candidate\u202fD**. Their strong sense of responsibility and excellent problem\u2011solving ability are crucial for the high\u2011stakes decisions required on long\u2011distance flights, and their capacity to respond adequately to unexpected events shows they can maintain control under pressure. The main trade\u2011off is their hot temper and reputation as a know\u2011it\u2011all, which could undermine crew cooperation and cockpit harmony.\nMETADATA_JSON:\n{\"agent\": \"agent_2\", \"vote\": \"Candidate D\"}"}
2026-05-07 22:08:28,366 - INFO - Agent turns: 6
2026-05-07 22:08:28,376 - INFO - Loop 2 completed
{"id": 10, "ts": 1778184508.3818066, "event": "discussion_order", "round": 3, "order": ["agent_2", "agent_3", "agent_1"]}
2026-05-07 22:08:32,386 - INFO - Tokens - Input: 2050, Output: 682, Total: 2732
{"id": 11, "ts": 1778184512.3882093, "event": "public_discussion_message", "round": 3, "agent": "agent_2", "message": "I currently favor **Candidate D**. Their strong sense of responsibility and excellent problem\u2011solving ability are vital for the high\u2011stakes decisions required on long\u2011distance flights, and their proven capacity to respond adequately to unexpected events shows they can maintain control under pressure. The main trade\u2011off is their hot temper and reputation as a know\u2011it\u2011all, which could jeopardize crew cooperation and cockpit harmony.\nMETADATA_JSON:\n{\"agent\": \"agent_2\", \"vote\": \"Candidate D\"}"}
2026-05-07 22:08:32,388 - INFO - Agent turns: 7
2026-05-07 22:08:36,215 - INFO - Tokens - Input: 2223, Output: 499, Total: 2722
{"id": 12, "ts": 1778184516.2166018, "event": "public_discussion_message", "round": 3, "agent": "agent_3", "message": "I continue to favor **Candidate\u202fB**. Their very conscientious nature and strong stress\u2011handling ability give them high reliability and calmness under pressure, while their skill in assessing weather conditions and excellent computer abilities address the key technical demands of long\u2011distance flights. The main uncertainty is their pretentious attitude and occasional misuse of tone, which could affect crew cooperation and cockpit atmosphere.\nMETADATA_JSON:\n{\"agent\": \"agent_3\", \"vote\": \"Candidate B\"}"}
2026-05-07 22:08:36,216 - INFO - Agent turns: 8
2026-05-07 22:08:43,002 - INFO - Tokens - Input: 2324, Output: 871, Total: 3195
{"id": 13, "ts": 1778184523.0037818, "event": "public_discussion_message", "round": 3, "agent": "agent_1", "message": "I now favor **Candidate\u202fB**. Their very conscientious nature gives them high reliability, and their strong stress\u2011handling ability supports calmness under pressure; together with excellent weather\u2011assessment and computer skills they cover the key technical demands of long\u2011distance flights. The main trade\u2011off is their pretentious attitude and occasional uncooperative tone, which could undermine crew cooperation and cockpit atmosphere.\nMETADATA_JSON:\n{\"agent\": \"agent_1\", \"vote\": \"Candidate B\"}"}
2026-05-07 22:08:43,003 - INFO - Agent turns: 9
2026-05-07 22:08:43,013 - INFO - Loop 3 completed
{"id": 14, "ts": 1778184523.0192559, "event": "discussion_order", "round": 4, "order": ["agent_2", "agent_1", "agent_3"]}
2026-05-07 22:08:50,314 - INFO - Tokens - Input: 2362, Output: 893, Total: 3255
{"id": 15, "ts": 1778184530.315713, "event": "public_discussion_message", "round": 4, "agent": "agent_2", "message": "I now favor **Candidate\u202fB**. Their very conscientious nature gives strong reliability, and their ability to handle stress supports calmness under pressure; together with excellent weather\u2011assessment and computer skills they meet the key technical demands of long\u2011distance flights. The main trade\u2011off is their pretentious attitude and occasional nasty remarks, which could undermine crew cooperation and cockpit harmony.\nMETADATA_JSON:\n{\"agent\": \"agent_2\", \"vote\": \"Candidate B\"}"}
2026-05-07 22:08:50,315 - INFO - Agent turns: 10
2026-05-07 22:08:55,132 - INFO - Tokens - Input: 2531, Output: 546, Total: 3077
{"id": 16, "ts": 1778184535.133974, "event": "public_discussion_message", "round": 4, "agent": "agent_1", "message": "I continue to favor **Candidate\u202fB**. Their very conscientious nature ensures high reliability, and their strong stress\u2011handling ability supports calmness under pressure; combined with excellent weather\u2011assessment and computer skills they meet the key technical demands of long\u2011distance flights. The main trade\u2011off is their pretentious attitude and occasional nasty remarks, which could undermine crew cooperation and cockpit harmony.\nMETADATA_JSON:\n{\"agent\": \"agent_1\", \"vote\": \"Candidate B\"}"}
2026-05-07 22:08:55,134 - INFO - Agent turns: 11
2026-05-07 22:09:03,014 - INFO - Tokens - Input: 2632, Output: 1061, Total: 3693
{"id": 17, "ts": 1778184543.0158572, "event": "public_discussion_message", "round": 4, "agent": "agent_3", "message": "I continue to favor **Candidate\u202fB**. Their very conscientious nature and strong stress\u2011handling ability give high reliability and calmness under pressure, while their skill in assessing weather conditions and excellent computer abilities meet the key technical demands of long\u2011distance flights. The main trade\u2011off is their pretentious attitude and occasional misuse of tone, which could undermine crew cooperation and cockpit harmony.\nMETADATA_JSON:\n{\"agent\": \"agent_3\", \"vote\": \"Candidate B\"}"}
2026-05-07 22:09:03,016 - INFO - Agent turns: 12
2026-05-07 22:09:03,025 - INFO - Loop 4 completed
2026-05-07 22:09:03,025 - INFO - Final Chosen Candidate: Candidate B
2026-05-07 22:09:03,026 - INFO - Final Decision Method: consensus
2026-05-07 22:09:03,026 - INFO - Final Vote Count: {'Candidate B': 3}
2026-05-07 22:09:03,026 - INFO - Correct Candidate: Candidate C
2026-05-07 22:09:03,026 - INFO - Decision Correct: 0
{"id": 18, "ts": 1778184543.027412, "event": "context_consistency_not_applicable", "reason": "explicit_smm_memory_disabled"}
{"id": 19, "ts": 1778184543.0275507, "event": "final_decision", "candidate": "Candidate B", "method": "consensus", "vote_count": {"Candidate B": 3}, "correct_candidate": "Candidate C", "decision_correct": 0, "round": 4}
2026-05-07 22:09:03,034 - INFO - ======================================================================
2026-05-07 22:09:03,034 - INFO - SIMULATION METRICS
2026-05-07 22:09:03,034 - INFO - ======================================================================
2026-05-07 22:09:03,034 - INFO - Total Loops: 4
2026-05-07 22:09:03,034 - INFO - Agent Turns (no vote checker): 12
2026-05-07 22:09:03,034 - INFO - Agent Tool Calls: 0
2026-05-07 22:09:03,034 - INFO - Agent Tool Messages: 0
2026-05-07 22:09:03,034 - INFO - Memory Updates: 0
2026-05-07 22:09:03,035 - INFO - Total Messages (no vote checker): 12
2026-05-07 22:09:03,035 - INFO - Input Tokens: 24429
2026-05-07 22:09:03,035 - INFO - Output Tokens: 9852
2026-05-07 22:09:03,035 - INFO - Total Tokens: 34281
2026-05-07 22:09:03,035 - INFO - Final Chosen Candidate: Candidate B
2026-05-07 22:09:03,035 - INFO - Final Decision Method: consensus
2026-05-07 22:09:03,035 - INFO - Final Vote Count: {'Candidate B': 3}
2026-05-07 22:09:03,035 - INFO - Correct Candidate: Candidate C
2026-05-07 22:09:03,035 - INFO - Decision Correct: 0
2026-05-07 22:09:03,035 - INFO - Runtime: 75.83s
2026-05-07 22:09:03,035 - INFO - ======================================================================
