2026-05-08 11:56:24,795 - INFO - Metrics tracker initialized
{"id": 1, "ts": 1778234184.821344, "event": "memory_reset"}
{"id": 2, "ts": 1778234184.825102, "event": "discussion_order", "round": 1, "order": ["agent_3", "agent_1", "agent_2"]}
2026-05-08 11:56:30,240 - INFO - Tokens - Input: 1387, Output: 496, Total: 1883
{"id": 3, "ts": 1778234190.2416997, "event": "public_discussion_message", "round": 1, "agent": "agent_3", "message": "I prefer Candidate B; handles stress very well.\nMETADATA_JSON:\n{\"agent\": \"agent_3\", \"vote\": \"Candidate B\"}"}
2026-05-08 11:56:30,241 - INFO - Agent turns: 1
2026-05-08 11:56:33,941 - INFO - Tokens - Input: 1449, Output: 548, Total: 1997
{"id": 4, "ts": 1778234193.94301, "event": "public_discussion_message", "round": 1, "agent": "agent_1", "message": "I prefer Candidate A; very good leadership qualities.\nMETADATA_JSON:\n{\"agent\": \"agent_1\", \"vote\": \"Candidate A\"}"}
2026-05-08 11:56:33,943 - INFO - Agent turns: 2
2026-05-08 11:56:39,201 - INFO - Tokens - Input: 1490, Output: 652, Total: 2142
{"id": 5, "ts": 1778234199.2027512, "event": "public_discussion_message", "round": 1, "agent": "agent_2", "message": "I prefer Candidate A; excellent spatial vision.\nMETADATA_JSON:\n{\"agent\": \"agent_2\", \"vote\": \"Candidate A\"}"}
2026-05-08 11:56:39,202 - INFO - Agent turns: 3
2026-05-08 11:56:39,212 - INFO - Loop 1 completed
{"id": 6, "ts": 1778234199.2174902, "event": "discussion_order", "round": 2, "order": ["agent_3", "agent_2", "agent_1"]}
2026-05-08 11:56:42,684 - INFO - Tokens - Input: 1513, Output: 543, Total: 2056
{"id": 7, "ts": 1778234202.6856573, "event": "public_discussion_message", "round": 2, "agent": "agent_3", "message": "I prefer Candidate B; good at assessing weather conditions.\nMETADATA_JSON:\n{\"agent\": \"agent_3\", \"vote\": \"Candidate B\"}"}
2026-05-08 11:56:42,685 - INFO - Agent turns: 4
2026-05-08 11:56:48,414 - INFO - Tokens - Input: 1567, Output: 932, Total: 2499
{"id": 8, "ts": 1778234208.415798, "event": "public_discussion_message", "round": 2, "agent": "agent_2", "message": "I prefer Candidate A; excellent spatial vision.\nMETADATA_JSON:\n{\"agent\": \"agent_2\", \"vote\": \"Candidate A\"}"}
2026-05-08 11:56:48,415 - INFO - Agent turns: 5
2026-05-08 11:56:54,917 - INFO - Tokens - Input: 1599, Output: 902, Total: 2501
{"id": 9, "ts": 1778234214.9187918, "event": "public_discussion_message", "round": 2, "agent": "agent_1", "message": "I prefer Candidate A; anticipates dangerous situations.\nMETADATA_JSON:\n{\"agent\": \"agent_1\", \"vote\": \"Candidate A\"}"}
2026-05-08 11:56:54,918 - INFO - Agent turns: 6
2026-05-08 11:56:54,928 - INFO - Loop 2 completed
{"id": 10, "ts": 1778234214.9348128, "event": "discussion_order", "round": 3, "order": ["agent_3", "agent_1", "agent_2"]}
2026-05-08 11:56:57,024 - INFO - Tokens - Input: 1627, Output: 346, Total: 1973
{"id": 11, "ts": 1778234217.0259743, "event": "public_discussion_message", "round": 3, "agent": "agent_3", "message": "I prefer Candidate B; excellent computer skills.\nMETADATA_JSON:\n{\"agent\": \"agent_3\", \"vote\": \"Candidate B\"}"}
2026-05-08 11:56:57,026 - INFO - Agent turns: 7
2026-05-08 11:57:00,326 - INFO - Tokens - Input: 1674, Output: 503, Total: 2177
{"id": 12, "ts": 1778234220.3281572, "event": "public_discussion_message", "round": 3, "agent": "agent_1", "message": "I prefer Candidate A; anticipates dangerous situations.\nMETADATA_JSON:\n{\"agent\": \"agent_1\", \"vote\": \"Candidate A\"}"}
2026-05-08 11:57:00,328 - INFO - Agent turns: 8
2026-05-08 11:57:04,427 - INFO - Tokens - Input: 1716, Output: 647, Total: 2363
{"id": 13, "ts": 1778234224.428832, "event": "public_discussion_message", "round": 3, "agent": "agent_2", "message": "I prefer Candidate A; very good leadership qualities.\nMETADATA_JSON:\n{\"agent\": \"agent_2\", \"vote\": \"Candidate A\"}"}
2026-05-08 11:57:04,428 - INFO - Agent turns: 9
2026-05-08 11:57:04,437 - INFO - Loop 3 completed
{"id": 14, "ts": 1778234224.4422796, "event": "discussion_order", "round": 4, "order": ["agent_2", "agent_1", "agent_3"]}
2026-05-08 11:57:05,568 - INFO - Tokens - Input: 1748, Output: 142, Total: 1890
{"id": 15, "ts": 1778234225.5698733, "event": "public_discussion_message", "round": 4, "agent": "agent_2", "message": "I prefer Candidate A; anticipates dangerous situations.\nMETADATA_JSON:\n{\"agent\": \"agent_2\", \"vote\": \"Candidate A\"}"}
2026-05-08 11:57:05,570 - INFO - Agent turns: 10
2026-05-08 11:57:10,026 - INFO - Tokens - Input: 1789, Output: 778, Total: 2567
{"id": 16, "ts": 1778234230.0274348, "event": "public_discussion_message", "round": 4, "agent": "agent_1", "message": "I prefer Candidate A; can be unorganized.\nMETADATA_JSON:\n{\"agent\": \"agent_1\", \"vote\": \"Candidate A\"}"}
2026-05-08 11:57:10,027 - INFO - Agent turns: 11
2026-05-08 11:57:16,673 - INFO - Tokens - Input: 1822, Output: 1112, Total: 2934
{"id": 17, "ts": 1778234236.674741, "event": "public_discussion_message", "round": 4, "agent": "agent_3", "message": "I prefer Candidate B; handles stress very well.\nMETADATA_JSON:\n{\"agent\": \"agent_3\", \"vote\": \"Candidate B\"}"}
2026-05-08 11:57:16,674 - INFO - Agent turns: 12
2026-05-08 11:57:16,682 - INFO - Loop 4 completed
{"id": 18, "ts": 1778234236.6881902, "event": "discussion_order", "round": 5, "order": ["agent_1", "agent_2", "agent_3"]}
2026-05-08 11:57:19,934 - INFO - Tokens - Input: 1859, Output: 237, Total: 2096
{"id": 19, "ts": 1778234239.935811, "event": "public_discussion_message", "round": 5, "agent": "agent_1", "message": "I prefer Candidate A; sometimes not good at taking criticism.\nMETADATA_JSON:\n{\"agent\": \"agent_1\", \"vote\": \"Candidate A\"}"}
2026-05-08 11:57:19,935 - INFO - Agent turns: 13
2026-05-08 11:57:24,894 - INFO - Tokens - Input: 1910, Output: 709, Total: 2619
{"id": 20, "ts": 1778234244.8957942, "event": "public_discussion_message", "round": 5, "agent": "agent_2", "message": "I prefer Candidate A; very good leadership qualities\nMETADATA_JSON:\n{\"agent\": \"agent_2\", \"vote\": \"Candidate A\"}"}
2026-05-08 11:57:24,895 - INFO - Agent turns: 14
2026-05-08 11:57:28,818 - INFO - Tokens - Input: 1938, Output: 492, Total: 2430
{"id": 21, "ts": 1778234248.8192358, "event": "public_discussion_message", "round": 5, "agent": "agent_3", "message": "I prefer Candidate B; handles stress very well.\nMETADATA_JSON:\n{\"agent\": \"agent_3\", \"vote\": \"Candidate B\"}"}
2026-05-08 11:57:28,819 - INFO - Agent turns: 15
2026-05-08 11:57:28,827 - INFO - Loop 5 completed
2026-05-08 11:57:28,828 - INFO - Final Chosen Candidate: Candidate A
2026-05-08 11:57:28,828 - INFO - Final Decision Method: max_round_majority_vote
2026-05-08 11:57:28,828 - INFO - Final Vote Count: {'Candidate A': 2, 'Candidate B': 1}
2026-05-08 11:57:28,828 - INFO - Correct Candidate: Candidate C
2026-05-08 11:57:28,828 - INFO - Decision Correct: 0
{"id": 22, "ts": 1778234248.82984, "event": "context_consistency_not_applicable", "reason": "explicit_smm_memory_disabled"}
{"id": 23, "ts": 1778234248.8300064, "event": "final_decision", "candidate": "Candidate A", "method": "max_round_majority_vote", "vote_count": {"Candidate A": 2, "Candidate B": 1}, "correct_candidate": "Candidate C", "decision_correct": 0, "round": 5}
2026-05-08 11:57:28,837 - INFO - ======================================================================
2026-05-08 11:57:28,837 - INFO - SIMULATION METRICS
2026-05-08 11:57:28,837 - INFO - ======================================================================
2026-05-08 11:57:28,837 - INFO - Total Loops: 5
2026-05-08 11:57:28,837 - INFO - Agent Turns (no vote checker): 15
2026-05-08 11:57:28,837 - INFO - Agent Tool Calls: 0
2026-05-08 11:57:28,837 - INFO - Agent Tool Messages: 0
2026-05-08 11:57:28,838 - INFO - Memory Updates: 0
2026-05-08 11:57:28,838 - INFO - Total Messages (no vote checker): 15
2026-05-08 11:57:28,838 - INFO - Input Tokens: 25088
2026-05-08 11:57:28,838 - INFO - Output Tokens: 9039
2026-05-08 11:57:28,838 - INFO - Total Tokens: 34127
2026-05-08 11:57:28,838 - INFO - Final Chosen Candidate: Candidate A
2026-05-08 11:57:28,838 - INFO - Final Decision Method: max_round_majority_vote
2026-05-08 11:57:28,838 - INFO - Final Vote Count: {'Candidate A': 2, 'Candidate B': 1}
2026-05-08 11:57:28,838 - INFO - Correct Candidate: Candidate C
2026-05-08 11:57:28,838 - INFO - Decision Correct: 0
2026-05-08 11:57:28,838 - INFO - Runtime: 64.04s
2026-05-08 11:57:28,838 - INFO - ======================================================================
