2026-05-08 09:51:04,760 - INFO - Metrics tracker initialized
{"id": 1, "ts": 1778226664.786767, "event": "memory_reset"}
{"id": 2, "ts": 1778226664.790546, "event": "discussion_order", "round": 1, "order": ["agent_3", "agent_1", "agent_2"]}
2026-05-08 09:51:10,166 - INFO - Tokens - Input: 1708, Output: 607, Total: 2315
{"id": 3, "ts": 1778226670.1681619, "event": "public_discussion_message", "round": 1, "agent": "agent_3", "message": "I currently favor Candidate\u202fB. Their conscientiousness and strong stress\u2011handling ability support reliability and calmness under pressure, while good weather assessment and computer skills demonstrate solid technical competence. The main trade\u2011off is their pretentious demeanor and occasional wrong tone, which could hinder crew cooperation.\nMETADATA_JSON:\n{\"agent\": \"agent_3\", \"vote\": \"Candidate B\"}"}
2026-05-08 09:51:10,168 - INFO - Agent turns: 1
2026-05-08 09:51:19,461 - INFO - Tokens - Input: 1280, Output: 1392, Total: 2672
2026-05-08 09:51:19,464 - INFO - Memory updates: 1
{"id": 4, "ts": 1778226679.4641778, "event": "memory_updated", "agent": "agent_3", "round": 1}
2026-05-08 09:51:22,588 - INFO - Tokens - Input: 1285, Output: 1768, Total: 3053
2026-05-08 09:51:22,590 - INFO - Memory updates: 2
{"id": 5, "ts": 1778226682.5904667, "event": "memory_updated", "agent": "agent_1", "round": 1}
2026-05-08 09:51:23,264 - INFO - Tokens - Input: 1288, Output: 1405, Total: 2693
2026-05-08 09:51:23,266 - INFO - Memory updates: 3
{"id": 6, "ts": 1778226683.2661512, "event": "memory_updated", "agent": "agent_2", "round": 1}
2026-05-08 09:51:28,002 - INFO - Tokens - Input: 2383, Output: 917, Total: 3300
{"id": 7, "ts": 1778226688.0036259, "event": "public_discussion_message", "round": 1, "agent": "agent_1", "message": "I currently favor **Candidate\u202fB**. Their strong conscientiousness and ability to handle stress support reliability and calmness under pressure, while their skill in assessing weather conditions and excellent computer abilities demonstrate solid technical competence\u2014both essential for long\u2011distance flights. The main trade\u2011off is their reported grumpiness, uncooperative attitude, and pretentious tone, which could undermine crew cooperation and cockpit harmony.\nMETADATA_JSON:\n{\"agent\": \"agent_1\", \"vote\": \"Candidate B\"}"}
2026-05-08 09:51:28,003 - INFO - Agent turns: 2
2026-05-08 09:51:35,376 - INFO - Tokens - Input: 2008, Output: 1375, Total: 3383
2026-05-08 09:51:35,378 - INFO - Memory updates: 4
{"id": 8, "ts": 1778226695.3786507, "event": "memory_updated", "agent": "agent_1", "round": 1}
2026-05-08 09:51:35,419 - INFO - Tokens - Input: 2003, Output: 1326, Total: 3329
2026-05-08 09:51:35,420 - INFO - Memory updates: 5
{"id": 9, "ts": 1778226695.420817, "event": "memory_updated", "agent": "agent_2", "round": 1}
2026-05-08 09:51:35,957 - INFO - Tokens - Input: 1883, Output: 1107, Total: 2990
2026-05-08 09:51:35,959 - INFO - Memory updates: 6
{"id": 10, "ts": 1778226695.9592237, "event": "memory_updated", "agent": "agent_3", "round": 1}
2026-05-08 09:51:39,681 - INFO - Tokens - Input: 2621, Output: 587, Total: 3208
{"id": 11, "ts": 1778226699.6824687, "event": "public_discussion_message", "round": 1, "agent": "agent_2", "message": "I currently favor **Candidate\u202fB**. Their strong conscientiousness and ability to handle stress give them high reliability and calmness under pressure, while their skill in assessing weather conditions and excellent computer abilities support the technical competence needed for long\u2011distance flights. The main trade\u2011off is their interpersonal drawback\u2014making nasty remarks and having a pretentious tone\u2014which could undermine crew cooperation, plus a relatively weak memory for numbers that may affect navigation tasks.\nMETADATA_JSON:\n{\"agent\": \"agent_2\", \"vote\": \"Candidate B\"}"}
2026-05-08 09:51:39,682 - INFO - Agent turns: 3
2026-05-08 09:51:45,721 - INFO - Tokens - Input: 1921, Output: 1103, Total: 3024
2026-05-08 09:51:45,722 - INFO - Memory updates: 7
{"id": 12, "ts": 1778226705.7228684, "event": "memory_updated", "agent": "agent_3", "round": 1}
2026-05-08 09:51:45,940 - INFO - Tokens - Input: 2178, Output: 1179, Total: 3357
2026-05-08 09:51:45,942 - INFO - Memory updates: 8
{"id": 13, "ts": 1778226705.9422498, "event": "memory_updated", "agent": "agent_1", "round": 1}
2026-05-08 09:51:47,602 - INFO - Tokens - Input: 2260, Output: 1358, Total: 3618
2026-05-08 09:51:47,604 - INFO - Memory updates: 9
{"id": 14, "ts": 1778226707.60444, "event": "memory_updated", "agent": "agent_2", "round": 1}
2026-05-08 09:51:47,613 - INFO - Loop 1 completed
{"id": 15, "ts": 1778226707.6191242, "event": "discussion_order", "round": 2, "order": ["agent_3", "agent_2", "agent_1"]}
2026-05-08 09:51:49,095 - INFO - Tokens - Input: 2437, Output: 219, Total: 2656
{"id": 16, "ts": 1778226709.0966208, "event": "public_discussion_message", "round": 2, "agent": "agent_3", "message": "I continue to favor **Candidate\u202fB**. Their strong conscientiousness and ability to handle stress are crucial for reliability and staying calm during long\u2011distance flights, while their skill in assessing weather conditions and excellent computer abilities support the technical competence needed for complex navigation and planning. The main trade\u2011off is their interpersonal drawbacks\u2014pretentious tone, occasional nasty remarks, and a relatively weak memory for numbers\u2014which could affect crew cohesion and precise numerical tasks.\nMETADATA_JSON:\n{\"agent\": \"agent_3\", \"vote\": \"Candidate B\"}"}
2026-05-08 09:51:49,096 - INFO - Agent turns: 4
2026-05-08 09:51:54,052 - INFO - Tokens - Input: 2184, Output: 880, Total: 3064
2026-05-08 09:51:54,053 - INFO - Memory updates: 10
{"id": 17, "ts": 1778226714.054076, "event": "memory_updated", "agent": "agent_2", "round": 2}
2026-05-08 09:51:55,799 - INFO - Tokens - Input: 2093, Output: 1249, Total: 3342
2026-05-08 09:51:55,801 - INFO - Memory updates: 11
{"id": 18, "ts": 1778226715.8011854, "event": "memory_updated", "agent": "agent_1", "round": 2}
2026-05-08 09:51:57,146 - INFO - Tokens - Input: 2067, Output: 1155, Total: 3222
2026-05-08 09:51:57,148 - INFO - Memory updates: 12
{"id": 19, "ts": 1778226717.1485286, "event": "memory_updated", "agent": "agent_3", "round": 2}
2026-05-08 09:51:58,061 - INFO - Tokens - Input: 2509, Output: 155, Total: 2664
{"id": 20, "ts": 1778226718.0627575, "event": "public_discussion_message", "round": 2, "agent": "agent_2", "message": "I continue to favor **Candidate\u202fB**. Their strong conscientiousness and ability to handle stress give them high reliability and calmness under pressure, while their skill in assessing weather conditions and excellent computer abilities support the technical competence needed for long\u2011distance flights. The main trade\u2011off is their interpersonal drawback\u2014making nasty remarks and having a pretentious tone\u2014which could undermine crew cooperation, plus a relatively weak memory for numbers that may affect precise navigation tasks.\nMETADATA_JSON:\n{\"agent\": \"agent_2\", \"vote\": \"Candidate B\"}"}
2026-05-08 09:51:58,062 - INFO - Agent turns: 5
2026-05-08 09:52:04,048 - INFO - Tokens - Input: 2152, Output: 999, Total: 3151
2026-05-08 09:52:04,050 - INFO - Memory updates: 13
{"id": 21, "ts": 1778226724.0503623, "event": "memory_updated", "agent": "agent_2", "round": 2}
2026-05-08 09:52:04,787 - INFO - Tokens - Input: 2184, Output: 965, Total: 3149
2026-05-08 09:52:04,788 - INFO - Memory updates: 14
{"id": 22, "ts": 1778226724.788809, "event": "memory_updated", "agent": "agent_3", "round": 2}
2026-05-08 09:52:04,934 - INFO - Tokens - Input: 2343, Output: 1158, Total: 3501
2026-05-08 09:52:04,936 - INFO - Memory updates: 15
{"id": 23, "ts": 1778226724.9365447, "event": "memory_updated", "agent": "agent_1", "round": 2}
2026-05-08 09:52:06,838 - INFO - Tokens - Input: 2852, Output: 235, Total: 3087
{"id": 24, "ts": 1778226726.8401313, "event": "public_discussion_message", "round": 2, "agent": "agent_1", "message": "I continue to favor **Candidate\u202fB**. Their strong conscientiousness and ability to handle stress give them high reliability and calmness under pressure, while their skill in assessing weather conditions and excellent computer abilities support the technical competence needed for long\u2011distance flights. The main trade\u2011off is their interpersonal drawbacks\u2014pretentious tone, grumpiness, occasional uncooperative behavior\u2014and a relatively weak memory for numbers, which could affect crew cooperation and precise navigation tasks.\nMETADATA_JSON:\n{\"agent\": \"agent_1\", \"vote\": \"Candidate B\"}"}
2026-05-08 09:52:06,840 - INFO - Agent turns: 6
2026-05-08 09:52:12,397 - INFO - Tokens - Input: 2170, Output: 889, Total: 3059
2026-05-08 09:52:12,398 - INFO - Memory updates: 16
{"id": 25, "ts": 1778226732.3990023, "event": "memory_updated", "agent": "agent_2", "round": 2}
2026-05-08 09:52:13,111 - INFO - Tokens - Input: 2233, Output: 1017, Total: 3250
2026-05-08 09:52:13,112 - INFO - Memory updates: 17
{"id": 26, "ts": 1778226733.1130295, "event": "memory_updated", "agent": "agent_3", "round": 2}
2026-05-08 09:52:16,744 - INFO - Tokens - Input: 2499, Output: 1350, Total: 3849
2026-05-08 09:52:16,746 - INFO - Memory updates: 18
{"id": 27, "ts": 1778226736.7466285, "event": "memory_updated", "agent": "agent_1", "round": 2}
2026-05-08 09:52:16,755 - INFO - Loop 2 completed
2026-05-08 09:52:16,756 - INFO - Final Chosen Candidate: Candidate B
2026-05-08 09:52:16,756 - INFO - Final Decision Method: consensus
2026-05-08 09:52:16,756 - INFO - Final Vote Count: {'Candidate B': 3}
2026-05-08 09:52:16,756 - INFO - Correct Candidate: Candidate C
2026-05-08 09:52:16,756 - INFO - Decision Correct: 0
{"id": 28, "ts": 1778226737.1221685, "event": "context_consistency_calculated", "method": "embedding_cosine", "mean_pairwise_similarity": 0.896729, "pairwise": [{"agent_a": "agent_1", "agent_b": "agent_2", "similarity": 0.906174}, {"agent_a": "agent_1", "agent_b": "agent_3", "similarity": 0.899245}, {"agent_a": "agent_2", "agent_b": "agent_3", "similarity": 0.884767}]}
{"id": 29, "ts": 1778226737.1223457, "event": "agent_memories_archived", "directory": "/home/lhegemann/git/bachelor_thesis/01_data/raw/simulations/moderate/moderate_treatment_20260508_080303_011/shared_mental_models", "round": 2}
{"id": 30, "ts": 1778226737.122438, "event": "final_decision", "candidate": "Candidate B", "method": "consensus", "vote_count": {"Candidate B": 3}, "correct_candidate": "Candidate C", "decision_correct": 0, "round": 2}
2026-05-08 09:52:17,131 - INFO - ======================================================================
2026-05-08 09:52:17,131 - INFO - SIMULATION METRICS
2026-05-08 09:52:17,131 - INFO - ======================================================================
2026-05-08 09:52:17,131 - INFO - Total Loops: 2
2026-05-08 09:52:17,132 - INFO - Agent Turns (no vote checker): 6
2026-05-08 09:52:17,132 - INFO - Agent Tool Calls: 0
2026-05-08 09:52:17,132 - INFO - Agent Tool Messages: 0
2026-05-08 09:52:17,132 - INFO - Memory Updates: 18
2026-05-08 09:52:17,132 - INFO - Total Messages (no vote checker): 6
2026-05-08 09:52:17,132 - INFO - Input Tokens: 50541
2026-05-08 09:52:17,132 - INFO - Output Tokens: 24395
2026-05-08 09:52:17,132 - INFO - Total Tokens: 74936
2026-05-08 09:52:17,132 - INFO - Final Chosen Candidate: Candidate B
2026-05-08 09:52:17,132 - INFO - Final Decision Method: consensus
2026-05-08 09:52:17,132 - INFO - Final Vote Count: {'Candidate B': 3}
2026-05-08 09:52:17,132 - INFO - Correct Candidate: Candidate C
2026-05-08 09:52:17,132 - INFO - Decision Correct: 0
2026-05-08 09:52:17,133 - INFO - Runtime: 72.37s
2026-05-08 09:52:17,133 - INFO - ======================================================================
