2026-05-01 13:33:03,505 - INFO - Metrics tracker initialized
{"id": 1, "ts": 1777635183.5258, "event": "memory_reset"}
2026-05-01 13:33:15,741 - INFO - Tokens - Input: 919, Output: 386, Total: 1305
{"id": 2, "ts": 1777635195.742694, "event": "public_discussion_message", "round": 1, "agent": "agent_1", "message": "Both technical prowess and proven reliability are critical for this role. Carol demonstrates the strongest technical assessment, but mixed interpersonal feedback raises concerns about team leadership and consistent delivery. Eve combines a high technical score (second overall) with direct experience in comparable senior positions at top firms, suggesting she can deliver immediate impact while maintaining reliability. Alice\u2019s design interview performance was weak, Bob excels in communication but lacks demonstrated technical depth, and Dave\u2019s rapid rise isn\u2019t yet backed by concrete technical evidence. Given the need for both technical excellence and dependable execution, I favor **Eve** as the best candidate."}
2026-05-01 13:33:15,742 - INFO - Agent turns: 1
2026-05-01 13:33:23,297 - INFO - Tokens - Input: 1166, Output: 1395, Total: 2561
2026-05-01 13:33:23,299 - INFO - Memory updates: 1
{"id": 3, "ts": 1777635203.299167, "event": "memory_updated", "agent": "agent_4", "round": 1}
2026-05-01 13:33:26,807 - INFO - Tokens - Input: 1156, Output: 1307, Total: 2463
2026-05-01 13:33:26,807 - INFO - Memory updates: 2
{"id": 4, "ts": 1777635206.807772, "event": "memory_updated", "agent": "agent_2", "round": 1}
2026-05-01 13:33:29,711 - INFO - Tokens - Input: 1170, Output: 1042, Total: 2212
2026-05-01 13:33:29,712 - INFO - Memory updates: 3
{"id": 5, "ts": 1777635209.712079, "event": "memory_updated", "agent": "agent_3", "round": 1}
2026-05-01 13:33:30,884 - INFO - Tokens - Input: 1162, Output: 1111, Total: 2273
2026-05-01 13:33:30,886 - INFO - Memory updates: 4
{"id": 6, "ts": 1777635210.887082, "event": "memory_updated", "agent": "agent_1", "round": 1}
2026-05-01 13:33:39,091 - INFO - Tokens - Input: 1571, Output: 363, Total: 1934
{"id": 7, "ts": 1777635219.092211, "event": "public_discussion_message", "round": 1, "agent": "agent_2", "message": "I agree with the assessment that the role demands both high technical capability and reliable, immediate delivery. Alice\u2019s leadership scores are impressive but her design interview weakness raises reliability concerns. Bob\u2019s communication strengths are valuable but lack the technical depth we need. Carol shows the strongest technical assessment, yet the mixed interpersonal feedback could jeopardize consistent delivery. Dave excels in execution scenarios and has strong recommendations, but we still lack concrete evidence of his technical competence at the required level. Eve offers a solid technical ranking (second overall), proven senior\u2011role experience at comparable top firms, and a track record of dependable execution; her only notable gap is some hesitation in managing underperformers, which is addressable with targeted coaching. Given the balance of technical excellence, reliability, and immediate impact, I support **Eve** as the best candidate."}
2026-05-01 13:33:39,092 - INFO - Agent turns: 2
2026-05-01 13:33:43,865 - INFO - Tokens - Input: 1831, Output: 1133, Total: 2964
2026-05-01 13:33:43,867 - INFO - Memory updates: 5
{"id": 8, "ts": 1777635223.867337, "event": "memory_updated", "agent": "agent_1", "round": 1}
2026-05-01 13:33:47,203 - INFO - Tokens - Input: 1961, Output: 1110, Total: 3071
2026-05-01 13:33:47,205 - INFO - Memory updates: 6
{"id": 9, "ts": 1777635227.205118, "event": "memory_updated", "agent": "agent_2", "round": 1}
2026-05-01 13:33:47,701 - INFO - Tokens - Input: 1934, Output: 1144, Total: 3078
2026-05-01 13:33:47,703 - INFO - Memory updates: 7
{"id": 10, "ts": 1777635227.703419, "event": "memory_updated", "agent": "agent_3", "round": 1}
2026-05-01 13:34:28,122 - INFO - Tokens - Input: 1872, Output: 1253, Total: 3125
2026-05-01 13:34:28,124 - INFO - Memory updates: 8
{"id": 11, "ts": 1777635268.124386, "event": "memory_updated", "agent": "agent_4", "round": 1}
2026-05-01 13:34:30,336 - INFO - Tokens - Input: 1710, Output: 242, Total: 1952
{"id": 12, "ts": 1777635270.338044, "event": "public_discussion_message", "round": 1, "agent": "agent_3", "message": "I concur with the emerging consensus\u2014Eve remains the strongest fit. Her top\u2011tier technical pedigree and proven delivery in comparable senior roles give the immediate impact we need, and her minor hesitation on managing underperformers can be mitigated with focused coaching. The remaining uncertainties (her competing offer and tenure) are addressable through a clear commitment plan, whereas the other candidates present higher risks in either technical depth or team cohesion."}
2026-05-01 13:34:30,338 - INFO - Agent turns: 3
2026-05-01 13:34:35,434 - INFO - Tokens - Input: 1966, Output: 784, Total: 2750
2026-05-01 13:34:35,436 - INFO - Memory updates: 9
{"id": 13, "ts": 1777635275.4363499, "event": "memory_updated", "agent": "agent_4", "round": 1}
2026-05-01 13:34:38,121 - INFO - Tokens - Input: 1863, Output: 940, Total: 2803
2026-05-01 13:34:38,123 - INFO - Memory updates: 10
{"id": 14, "ts": 1777635278.123494, "event": "memory_updated", "agent": "agent_3", "round": 1}
2026-05-01 13:34:42,798 - INFO - Tokens - Input: 1862, Output: 1196, Total: 3058
2026-05-01 13:34:42,798 - INFO - Memory updates: 11
{"id": 15, "ts": 1777635282.798955, "event": "memory_updated", "agent": "agent_1", "round": 1}
2026-05-01 13:34:44,507 - INFO - Tokens - Input: 1924, Output: 1155, Total: 3079
2026-05-01 13:34:44,509 - INFO - Memory updates: 12
{"id": 16, "ts": 1777635284.509394, "event": "memory_updated", "agent": "agent_2", "round": 1}
2026-05-01 13:34:47,587 - INFO - Tokens - Input: 1492, Output: 195, Total: 1687
{"id": 17, "ts": 1777635287.5877671, "event": "public_discussion_message", "round": 1, "agent": "agent_4", "message": "I echo the group\u2019s assessment: Eve offers the optimal blend of proven technical competence (second\u2011highest score), reliable execution in senior roles, and the ability to make an immediate impact. Her only noted gap\u2014managing under\u2011performers\u2014can be addressed with targeted coaching, and the competing offer is mitigable through a clear commitment plan. Compared with the other candidates, Eve presents the lowest overall risk and the highest readiness for this high\u2011stakes role."}
2026-05-01 13:34:47,587 - INFO - Agent turns: 4
2026-05-01 13:34:51,721 - INFO - Tokens - Input: 1666, Output: 699, Total: 2365
2026-05-01 13:34:51,723 - INFO - Memory updates: 13
{"id": 18, "ts": 1777635291.723574, "event": "memory_updated", "agent": "agent_4", "round": 1}
2026-05-01 13:34:54,984 - INFO - Tokens - Input: 2163, Output: 1176, Total: 3339
2026-05-01 13:34:54,987 - INFO - Memory updates: 14
{"id": 19, "ts": 1777635294.987552, "event": "memory_updated", "agent": "agent_2", "round": 1}
2026-05-01 13:34:55,059 - INFO - Tokens - Input: 2146, Output: 1190, Total: 3336
2026-05-01 13:34:55,060 - INFO - Memory updates: 15
{"id": 20, "ts": 1777635295.060554, "event": "memory_updated", "agent": "agent_1", "round": 1}
2026-05-01 13:35:17,947 - INFO - Tokens - Input: 1987, Output: 1074, Total: 3061
2026-05-01 13:35:17,949 - INFO - Memory updates: 16
{"id": 21, "ts": 1777635317.949384, "event": "memory_updated", "agent": "agent_3", "round": 1}
2026-05-01 13:35:17,955 - INFO - Loop 1 completed
2026-05-01 13:35:17,956 - INFO - Final Chosen Candidate: Eve
2026-05-01 13:35:17,956 - INFO - Final Decision Method: consensus
2026-05-01 13:35:17,956 - INFO - Final Vote Count: {'Eve': 4}
2026-05-01 13:35:17,956 - INFO - Correct Candidate: Eve
2026-05-01 13:35:17,956 - INFO - Decision Correct: 1
{"id": 22, "ts": 1777635318.595723, "event": "context_consistency_calculated", "method": "embedding_cosine", "mean_pairwise_similarity": 0.906915, "pairwise": [{"agent_a": "agent_1", "agent_b": "agent_2", "similarity": 0.918966}, {"agent_a": "agent_1", "agent_b": "agent_3", "similarity": 0.895872}, {"agent_a": "agent_1", "agent_b": "agent_4", "similarity": 0.921721}, {"agent_a": "agent_2", "agent_b": "agent_3", "similarity": 0.903704}, {"agent_a": "agent_2", "agent_b": "agent_4", "similarity": 0.902584}, {"agent_a": "agent_3", "agent_b": "agent_4", "similarity": 0.898642}]}
{"id": 23, "ts": 1777635318.595826, "event": "agent_memories_archived", "directory": "/Users/leonardhegemann/Documents/Studium/Bachelor/SoSe_2026/Abschlussarbeit/bachelor_thesis/01_data/raw/simulations/low/low_20260501_132619_005/shared_mental_models", "round": 1}
{"id": 24, "ts": 1777635318.595863, "event": "final_decision", "candidate": "Eve", "method": "consensus", "vote_count": {"Eve": 4}, "correct_candidate": "Eve", "decision_correct": 1, "round": 1}
2026-05-01 13:35:18,599 - INFO - ======================================================================
2026-05-01 13:35:18,599 - INFO - SIMULATION METRICS
2026-05-01 13:35:18,599 - INFO - ======================================================================
2026-05-01 13:35:18,599 - INFO - Total Loops: 1
2026-05-01 13:35:18,599 - INFO - Agent Turns (no vote checker): 4
2026-05-01 13:35:18,599 - INFO - Agent Tool Calls: 0
2026-05-01 13:35:18,599 - INFO - Agent Tool Messages: 0
2026-05-01 13:35:18,599 - INFO - Memory Updates: 16
2026-05-01 13:35:18,599 - INFO - Total Messages (no vote checker): 4
2026-05-01 13:35:18,599 - INFO - Input Tokens: 33521
2026-05-01 13:35:18,599 - INFO - Output Tokens: 18895
2026-05-01 13:35:18,599 - INFO - Total Tokens: 52416
2026-05-01 13:35:18,599 - INFO - Final Chosen Candidate: Eve
2026-05-01 13:35:18,599 - INFO - Final Decision Method: consensus
2026-05-01 13:35:18,599 - INFO - Final Vote Count: {'Eve': 4}
2026-05-01 13:35:18,599 - INFO - Correct Candidate: Eve
2026-05-01 13:35:18,599 - INFO - Decision Correct: 1
2026-05-01 13:35:18,599 - INFO - Runtime: 135.09s
2026-05-01 13:35:18,599 - INFO - ======================================================================
