2026-05-07 18:30:50,027 - INFO - Metrics tracker initialized
{"id": 1, "ts": 1778171450.0535934, "event": "memory_reset"}
{"id": 2, "ts": 1778171450.057954, "event": "discussion_order", "round": 1, "order": ["agent_1", "agent_2", "agent_3"]}
2026-05-07 18:30:56,590 - INFO - Tokens - Input: 1713, Output: 781, Total: 2494
{"id": 3, "ts": 1778171456.5915744, "event": "public_discussion_message", "round": 1, "agent": "agent_1", "message": "I prefer Candidate\u202fC because they are known to be 100\u202f% reliable and create a positive atmosphere with the crew, both essential for long\u2011distance operations, and they make correct decisions quickly, supporting effective handling of unexpected events. The main uncertainty is their difficulty communicating ideas and egocentric attitude, which could impair crew cooperation.\nMETADATA_JSON:\n{\"agent\": \"agent_1\", \"vote\": \"Candidate C\"}"}
2026-05-07 18:30:56,591 - INFO - Agent turns: 1
2026-05-07 18:31:05,611 - INFO - Tokens - Input: 1305, Output: 1420, Total: 2725
2026-05-07 18:31:05,613 - INFO - Memory updates: 1
{"id": 4, "ts": 1778171465.6132052, "event": "memory_updated", "agent": "agent_1", "round": 1}
2026-05-07 18:31:06,258 - INFO - Tokens - Input: 1308, Output: 1226, Total: 2534
2026-05-07 18:31:06,259 - INFO - Memory updates: 2
{"id": 5, "ts": 1778171466.2600164, "event": "memory_updated", "agent": "agent_2", "round": 1}
2026-05-07 18:31:10,265 - INFO - Tokens - Input: 1300, Output: 1547, Total: 2847
2026-05-07 18:31:10,267 - INFO - Memory updates: 3
{"id": 6, "ts": 1778171470.2677507, "event": "memory_updated", "agent": "agent_3", "round": 1}
2026-05-07 18:31:15,163 - INFO - Tokens - Input: 2225, Output: 665, Total: 2890
{"id": 7, "ts": 1778171475.1647794, "event": "public_discussion_message", "round": 1, "agent": "agent_2", "message": "I currently favor **Candidate\u202fC**. Their reported 100\u202f% reliability and ability to create a positive crew atmosphere are crucial for long\u2011distance operations where trust and teamwork are essential. Additionally, C makes quick, correct decisions and stays calm in a crisis, supporting safe handling of unexpected events. The main uncertainty is C\u2019s difficulty communicating ideas and egocentric attitude, which could undermine crew cooperation despite the positive atmosphere.\nMETADATA_JSON:\n{\"agent\": \"agent_2\", \"vote\": \"Candidate C\"}"}
2026-05-07 18:31:15,164 - INFO - Agent turns: 2
2026-05-07 18:31:22,932 - INFO - Tokens - Input: 1858, Output: 1120, Total: 2978
2026-05-07 18:31:22,934 - INFO - Memory updates: 4
{"id": 8, "ts": 1778171482.9347172, "event": "memory_updated", "agent": "agent_2", "round": 1}
2026-05-07 18:31:25,405 - INFO - Tokens - Input: 1946, Output: 1243, Total: 3189
2026-05-07 18:31:25,407 - INFO - Memory updates: 5
{"id": 9, "ts": 1778171485.4077532, "event": "memory_updated", "agent": "agent_3", "round": 1}
2026-05-07 18:31:26,612 - INFO - Tokens - Input: 2006, Output: 1151, Total: 3157
2026-05-07 18:31:26,614 - INFO - Memory updates: 6
{"id": 10, "ts": 1778171486.61457, "event": "memory_updated", "agent": "agent_1", "round": 1}
2026-05-07 18:31:29,853 - INFO - Tokens - Input: 2490, Output: 426, Total: 2916
{"id": 11, "ts": 1778171489.8554413, "event": "public_discussion_message", "round": 1, "agent": "agent_3", "message": "I currently favor **Candidate\u202fC**. Their 100\u202f% reliability and ability to make quick, correct decisions are vital for safe long\u2011distance operations, and their strong concern for others helps create a positive crew atmosphere essential for sustained teamwork. The main uncertainty is their difficulty communicating ideas and egocentric attitude, which could undermine crew cooperation despite the overall positive traits.\nMETADATA_JSON:\n{\"agent\": \"agent_3\", \"vote\": \"Candidate C\"}"}
2026-05-07 18:31:29,855 - INFO - Agent turns: 3
2026-05-07 18:31:35,657 - INFO - Tokens - Input: 1978, Output: 983, Total: 2961
2026-05-07 18:31:35,658 - INFO - Memory updates: 7
{"id": 12, "ts": 1778171495.6588848, "event": "memory_updated", "agent": "agent_1", "round": 1}
2026-05-07 18:31:38,506 - INFO - Tokens - Input: 1978, Output: 978, Total: 2956
2026-05-07 18:31:38,508 - INFO - Memory updates: 8
{"id": 13, "ts": 1778171498.5085034, "event": "memory_updated", "agent": "agent_2", "round": 1}
2026-05-07 18:31:39,561 - INFO - Tokens - Input: 2101, Output: 1399, Total: 3500
2026-05-07 18:31:39,563 - INFO - Memory updates: 9
{"id": 14, "ts": 1778171499.5633075, "event": "memory_updated", "agent": "agent_3", "round": 1}
2026-05-07 18:31:39,571 - INFO - Loop 1 completed
{"id": 15, "ts": 1778171499.5779493, "event": "discussion_order", "round": 2, "order": ["agent_1", "agent_3", "agent_2"]}
2026-05-07 18:31:41,341 - INFO - Tokens - Input: 2495, Output: 205, Total: 2700
{"id": 16, "ts": 1778171501.3426957, "event": "public_discussion_message", "round": 2, "agent": "agent_1", "message": "I continue to favor **Candidate\u202fC** because they are reported to be 100\u202f% reliable and create a positive crew atmosphere\u2014both essential for the safety and teamwork required on long\u2011distance flights. Their ability to make quick, correct decisions and stay calm in a crisis also supports handling unexpected events. The main uncertainty is their difficulty communicating ideas and egocentric attitude, which could hinder crew cooperation despite the overall positive traits.\nMETADATA_JSON:\n{\"agent\": \"agent_1\", \"vote\": \"Candidate C\"}"}
2026-05-07 18:31:41,342 - INFO - Agent turns: 4
2026-05-07 18:31:46,289 - INFO - Tokens - Input: 2119, Output: 800, Total: 2919
2026-05-07 18:31:46,291 - INFO - Memory updates: 10
{"id": 17, "ts": 1778171506.2913442, "event": "memory_updated", "agent": "agent_1", "round": 2}
2026-05-07 18:31:48,507 - INFO - Tokens - Input: 2091, Output: 936, Total: 3027
2026-05-07 18:31:48,509 - INFO - Memory updates: 11
{"id": 18, "ts": 1778171508.5094185, "event": "memory_updated", "agent": "agent_2", "round": 2}
2026-05-07 18:31:50,386 - INFO - Tokens - Input: 2288, Output: 1247, Total: 3535
2026-05-07 18:31:50,388 - INFO - Memory updates: 12
{"id": 19, "ts": 1778171510.3881474, "event": "memory_updated", "agent": "agent_3", "round": 2}
2026-05-07 18:31:51,756 - INFO - Tokens - Input: 2832, Output: 141, Total: 2973
{"id": 20, "ts": 1778171511.757686, "event": "public_discussion_message", "round": 2, "agent": "agent_3", "message": "I continue to favor **Candidate\u202fC**. Their 100\u202f% reliability and quick, correct decision\u2011making are critical for safe long\u2011distance operations, and their strong concern for others helps maintain a positive crew atmosphere essential for extended missions. The main uncertainty is how their difficulty communicating ideas and egocentric attitude might affect crew cooperation over long flights.\nMETADATA_JSON:\n{\"agent\": \"agent_3\", \"vote\": \"Candidate C\"}"}
2026-05-07 18:31:51,757 - INFO - Agent turns: 5
2026-05-07 18:31:57,375 - INFO - Tokens - Input: 2136, Output: 865, Total: 3001
2026-05-07 18:31:57,376 - INFO - Memory updates: 13
{"id": 21, "ts": 1778171517.37635, "event": "memory_updated", "agent": "agent_2", "round": 2}
2026-05-07 18:32:00,489 - INFO - Tokens - Input: 1939, Output: 1016, Total: 2955
2026-05-07 18:32:00,490 - INFO - Memory updates: 14
{"id": 22, "ts": 1778171520.4909527, "event": "memory_updated", "agent": "agent_1", "round": 2}
2026-05-07 18:32:06,349 - INFO - Tokens - Input: 2437, Output: 1258, Total: 3695
2026-05-07 18:32:06,350 - INFO - Memory updates: 15
{"id": 23, "ts": 1778171526.3509295, "event": "memory_updated", "agent": "agent_3", "round": 2}
2026-05-07 18:32:08,986 - INFO - Tokens - Input: 2544, Output: 149, Total: 2693
{"id": 24, "ts": 1778171528.9880106, "event": "public_discussion_message", "round": 2, "agent": "agent_2", "message": "I continue to favor **Candidate\u202fC**. Their proven 100\u202f% reliability and ability to keep calm and make quick, correct decisions are vital for the safety and efficiency of long\u2011distance flights. Additionally, they foster a positive crew atmosphere, which supports teamwork over extended missions. The main uncertainty is how their difficulty communicating ideas and egocentric style might affect crew cooperation during prolonged operations.\nMETADATA_JSON:\n{\"agent\": \"agent_2\", \"vote\": \"Candidate C\"}"}
2026-05-07 18:32:08,988 - INFO - Agent turns: 6
2026-05-07 18:32:14,888 - INFO - Tokens - Input: 2165, Output: 783, Total: 2948
2026-05-07 18:32:14,889 - INFO - Memory updates: 16
{"id": 25, "ts": 1778171534.8899431, "event": "memory_updated", "agent": "agent_2", "round": 2}
2026-05-07 18:32:18,517 - INFO - Tokens - Input: 2234, Output: 936, Total: 3170
2026-05-07 18:32:18,519 - INFO - Memory updates: 17
{"id": 26, "ts": 1778171538.5196154, "event": "memory_updated", "agent": "agent_1", "round": 2}
2026-05-07 18:32:18,558 - INFO - Tokens - Input: 2541, Output: 1218, Total: 3759
2026-05-07 18:32:18,560 - INFO - Memory updates: 18
{"id": 27, "ts": 1778171538.5605178, "event": "memory_updated", "agent": "agent_3", "round": 2}
2026-05-07 18:32:18,568 - INFO - Loop 2 completed
2026-05-07 18:32:18,569 - INFO - Final Chosen Candidate: Candidate C
2026-05-07 18:32:18,569 - INFO - Final Decision Method: consensus
2026-05-07 18:32:18,569 - INFO - Final Vote Count: {'Candidate C': 3}
2026-05-07 18:32:18,569 - INFO - Correct Candidate: Candidate C
2026-05-07 18:32:18,569 - INFO - Decision Correct: 1
{"id": 28, "ts": 1778171591.680776, "event": "context_consistency_calculated", "method": "embedding_cosine", "mean_pairwise_similarity": 0.825231, "pairwise": [{"agent_a": "agent_1", "agent_b": "agent_2", "similarity": 0.902529}, {"agent_a": "agent_1", "agent_b": "agent_3", "similarity": 0.799819}, {"agent_a": "agent_2", "agent_b": "agent_3", "similarity": 0.773344}]}
{"id": 29, "ts": 1778171591.681024, "event": "agent_memories_archived", "directory": "/home/lhegemann/git/bachelor_thesis/01_data/raw/simulations/moderate/moderate_treatment_20260507_140016_021/shared_mental_models", "round": 2}
{"id": 30, "ts": 1778171591.6811295, "event": "final_decision", "candidate": "Candidate C", "method": "consensus", "vote_count": {"Candidate C": 3}, "correct_candidate": "Candidate C", "decision_correct": 1, "round": 2}
2026-05-07 18:33:11,692 - INFO - ======================================================================
2026-05-07 18:33:11,692 - INFO - SIMULATION METRICS
2026-05-07 18:33:11,693 - INFO - ======================================================================
2026-05-07 18:33:11,693 - INFO - Total Loops: 2
2026-05-07 18:33:11,693 - INFO - Agent Turns (no vote checker): 6
2026-05-07 18:33:11,693 - INFO - Agent Tool Calls: 0
2026-05-07 18:33:11,693 - INFO - Agent Tool Messages: 0
2026-05-07 18:33:11,693 - INFO - Memory Updates: 18
2026-05-07 18:33:11,693 - INFO - Total Messages (no vote checker): 6
2026-05-07 18:33:11,693 - INFO - Input Tokens: 50029
2026-05-07 18:33:11,693 - INFO - Output Tokens: 22493
2026-05-07 18:33:11,693 - INFO - Total Tokens: 72522
2026-05-07 18:33:11,693 - INFO - Final Chosen Candidate: Candidate C
2026-05-07 18:33:11,693 - INFO - Final Decision Method: consensus
2026-05-07 18:33:11,693 - INFO - Final Vote Count: {'Candidate C': 3}
2026-05-07 18:33:11,694 - INFO - Correct Candidate: Candidate C
2026-05-07 18:33:11,694 - INFO - Decision Correct: 1
2026-05-07 18:33:11,694 - INFO - Runtime: 141.67s
2026-05-07 18:33:11,694 - INFO - ======================================================================
