2026-05-17 00:19:35,061 - INFO - Metrics tracker initialized
{"id": 1, "ts": 1778969975.0914373, "event": "memory_reset"}
{"id": 2, "ts": 1778969975.0965333, "event": "discussion_order", "round": 1, "order": ["agent_1", "agent_3", "agent_2"]}
2026-05-17 00:19:42,173 - INFO - Tokens - Input: 1968, Output: 712, Total: 2680
{"id": 3, "ts": 1778969982.1747143, "event": "public_discussion_message", "round": 1, "agent": "agent_1", "message": "I tentatively favor **Candidate D** because they demonstrate strong technical competence (excellent problem\u2011solving, high concentration, and effective response to unexpected events) and take responsibility seriously\u2014both crucial for long\u2011distance flights. The main uncertainty is their reported arrogance and relatively weak leadership, which could impair crew cooperation.\nMETADATA_JSON:\n{\"agent\": \"agent_1\", \"vote\": \"Candidate D\"}"}
2026-05-17 00:19:42,174 - INFO - Agent turns: 1
2026-05-17 00:19:52,676 - INFO - Tokens - Input: 1633, Output: 792, Total: 2425
2026-05-17 00:19:52,678 - INFO - Memory updates: 1
{"id": 4, "ts": 1778969992.6790648, "event": "memory_updated", "agent": "agent_2", "round": 1}
2026-05-17 00:19:57,899 - INFO - Tokens - Input: 1625, Output: 1347, Total: 2972
2026-05-17 00:19:57,901 - INFO - Memory updates: 2
{"id": 5, "ts": 1778969997.9021223, "event": "memory_updated", "agent": "agent_3", "round": 1}
2026-05-17 00:20:00,411 - INFO - Tokens - Input: 1630, Output: 1666, Total: 3296
2026-05-17 00:20:00,413 - INFO - Memory updates: 3
{"id": 6, "ts": 1778970000.4139473, "event": "memory_updated", "agent": "agent_1", "round": 1}
2026-05-17 00:20:05,957 - INFO - Tokens - Input: 2204, Output: 664, Total: 2868
{"id": 7, "ts": 1778970005.958726, "event": "public_discussion_message", "round": 1, "agent": "agent_3", "message": "I currently favor **Candidate B** because they are very conscientious and handle stress well, which supports reliability and calmness on long\u2011distance flights, and they have strong technical skills in weather assessment and computer use, essential for navigation and flight planning. The main uncertainty is their tendency to be pretentious and sometimes adopt the wrong tone, which could hinder crew cooperation and a positive cockpit atmosphere.\nMETADATA_JSON:\n{\"agent\": \"agent_3\", \"vote\": \"Candidate B\"}"}
2026-05-17 00:20:05,959 - INFO - Agent turns: 2
2026-05-17 00:20:21,944 - INFO - Tokens - Input: 1887, Output: 1162, Total: 3049
2026-05-17 00:20:21,947 - INFO - Memory updates: 4
{"id": 8, "ts": 1778970021.947438, "event": "memory_updated", "agent": "agent_3", "round": 1}
2026-05-17 00:20:24,567 - INFO - Tokens - Input: 1722, Output: 1432, Total: 3154
2026-05-17 00:20:24,569 - INFO - Memory updates: 5
{"id": 9, "ts": 1778970024.5695603, "event": "memory_updated", "agent": "agent_2", "round": 1}
2026-05-17 00:20:28,650 - INFO - Tokens - Input: 2128, Output: 1933, Total: 4061
2026-05-17 00:20:28,653 - INFO - Memory updates: 6
{"id": 10, "ts": 1778970028.653447, "event": "memory_updated", "agent": "agent_1", "round": 1}
2026-05-17 00:20:35,750 - INFO - Tokens - Input: 2290, Output: 838, Total: 3128
{"id": 11, "ts": 1778970035.7517548, "event": "public_discussion_message", "round": 1, "agent": "agent_2", "message": "I currently favor **Candidate D** because they demonstrate exceptional technical competence\u2014extremely strong problem\u2011solving, high concentration, and reliable response to unexpected events\u2014and they take responsibility seriously, which is vital for long\u2011distance operations. The main uncertainty is their hot temper and \u201cknow\u2011it\u2011all\u201d attitude, which could undermine crew cooperation and leadership in the cockpit.\nMETADATA_JSON:\n{\"agent\": \"agent_2\", \"vote\": \"Candidate D\"}"}
2026-05-17 00:20:35,751 - INFO - Agent turns: 3
2026-05-17 00:20:49,007 - INFO - Tokens - Input: 2235, Output: 938, Total: 3173
2026-05-17 00:20:49,009 - INFO - Memory updates: 7
{"id": 12, "ts": 1778970049.0100007, "event": "memory_updated", "agent": "agent_1", "round": 1}
2026-05-17 00:20:51,371 - INFO - Tokens - Input: 1970, Output: 1184, Total: 3154
2026-05-17 00:20:51,373 - INFO - Memory updates: 8
{"id": 13, "ts": 1778970051.3737688, "event": "memory_updated", "agent": "agent_2", "round": 1}
2026-05-17 00:20:52,322 - INFO - Tokens - Input: 2098, Output: 1303, Total: 3401
2026-05-17 00:20:52,324 - INFO - Memory updates: 9
{"id": 14, "ts": 1778970052.3248253, "event": "memory_updated", "agent": "agent_3", "round": 1}
2026-05-17 00:20:52,333 - INFO - Loop 1 completed
{"id": 15, "ts": 1778970052.3390865, "event": "discussion_order", "round": 2, "order": ["agent_3", "agent_1", "agent_2"]}
2026-05-17 00:20:54,851 - INFO - Tokens - Input: 2578, Output: 252, Total: 2830
{"id": 16, "ts": 1778970054.8530777, "event": "public_discussion_message", "round": 2, "agent": "agent_3", "message": "I continue to favor **Candidate\u202fB** because they are very conscientious and handle stress well\u2014key for reliability and calmness on long\u2011distance flights\u2014and they possess strong technical abilities in weather assessment and computer use, which are essential for navigation and flight planning. The main uncertainty is their pretentious attitude and occasional wrong tone, which could undermine crew cooperation and cockpit atmosphere.\nMETADATA_JSON:\n{\"agent\": \"agent_3\", \"vote\": \"Candidate B\"}"}
2026-05-17 00:20:54,853 - INFO - Agent turns: 4
2026-05-17 00:20:59,836 - INFO - Tokens - Input: 2258, Output: 309, Total: 2567
2026-05-17 00:20:59,839 - INFO - Memory updates: 10
{"id": 17, "ts": 1778970059.8391726, "event": "memory_updated", "agent": "agent_3", "round": 2}
2026-05-17 00:21:07,446 - INFO - Tokens - Input: 2405, Output: 1115, Total: 3520
2026-05-17 00:21:07,449 - INFO - Memory updates: 11
{"id": 18, "ts": 1778970067.4493837, "event": "memory_updated", "agent": "agent_1", "round": 2}
2026-05-17 00:21:09,802 - INFO - Tokens - Input: 2147, Output: 1415, Total: 3562
2026-05-17 00:21:09,805 - INFO - Memory updates: 12
{"id": 19, "ts": 1778970069.8058634, "event": "memory_updated", "agent": "agent_2", "round": 2}
2026-05-17 00:21:12,521 - INFO - Tokens - Input: 2846, Output: 276, Total: 3122
{"id": 20, "ts": 1778970072.523298, "event": "public_discussion_message", "round": 2, "agent": "agent_1", "message": "I continue to favor **Candidate\u202fD** because they excel in technical competence\u2014exceptional problem\u2011solving, high concentration, and reliable response to unexpected events\u2014and they take responsibility seriously, both critical for safe, long\u2011distance operations. The main uncertainty is their reported arrogance and relatively weak leadership, which could undermine crew cooperation and cockpit harmony.\nMETADATA_JSON:\n{\"agent\": \"agent_1\", \"vote\": \"Candidate D\"}"}
2026-05-17 00:21:12,523 - INFO - Agent turns: 5
2026-05-17 00:21:16,584 - INFO - Tokens - Input: 2355, Output: 237, Total: 2592
2026-05-17 00:21:16,586 - INFO - Memory updates: 13
{"id": 21, "ts": 1778970076.587004, "event": "memory_updated", "agent": "agent_3", "round": 2}
2026-05-17 00:21:18,110 - INFO - Tokens - Input: 2521, Output: 399, Total: 2920
2026-05-17 00:21:18,113 - INFO - Memory updates: 14
{"id": 22, "ts": 1778970078.1133683, "event": "memory_updated", "agent": "agent_1", "round": 2}
2026-05-17 00:21:18,450 - INFO - Tokens - Input: 2449, Output: 441, Total: 2890
2026-05-17 00:21:18,452 - INFO - Memory updates: 15
{"id": 23, "ts": 1778970078.4529488, "event": "memory_updated", "agent": "agent_2", "round": 2}
2026-05-17 00:21:20,727 - INFO - Tokens - Input: 2871, Output: 217, Total: 3088
{"id": 24, "ts": 1778970080.7291374, "event": "public_discussion_message", "round": 2, "agent": "agent_2", "message": "I continue to favor **Candidate\u202fD** because they demonstrate exceptional technical competence\u2014extremely strong problem\u2011solving, high concentration, and reliable response to unexpected events\u2014and they take responsibility seriously, all critical for safe long\u2011distance operations. The main uncertainty is their hot temper and \u201cknow\u2011it\u2011all\u201d attitude, which could undermine crew cooperation and effective leadership in the cockpit.\nMETADATA_JSON:\n{\"agent\": \"agent_2\", \"vote\": \"Candidate D\"}"}
2026-05-17 00:21:20,729 - INFO - Agent turns: 6
2026-05-17 00:21:25,043 - INFO - Tokens - Input: 2554, Output: 249, Total: 2803
2026-05-17 00:21:25,045 - INFO - Memory updates: 16
{"id": 25, "ts": 1778970085.0461128, "event": "memory_updated", "agent": "agent_2", "round": 2}
2026-05-17 00:21:25,593 - INFO - Tokens - Input: 2626, Output: 307, Total: 2933
2026-05-17 00:21:25,596 - INFO - Memory updates: 17
{"id": 26, "ts": 1778970085.5962112, "event": "memory_updated", "agent": "agent_1", "round": 2}
2026-05-17 00:21:26,024 - INFO - Tokens - Input: 2460, Output: 360, Total: 2820
2026-05-17 00:21:26,026 - INFO - Memory updates: 18
{"id": 27, "ts": 1778970086.026658, "event": "memory_updated", "agent": "agent_3", "round": 2}
2026-05-17 00:21:26,034 - INFO - Loop 2 completed
{"id": 28, "ts": 1778970086.0404065, "event": "discussion_order", "round": 3, "order": ["agent_1", "agent_2", "agent_3"]}
2026-05-17 00:21:28,894 - INFO - Tokens - Input: 3048, Output: 288, Total: 3336
{"id": 29, "ts": 1778970088.8961399, "event": "public_discussion_message", "round": 3, "agent": "agent_1", "message": "I prefer **Candidate\u202fD** because they show exceptional technical competence\u2014excellent problem\u2011solving, strong concentration, and reliable response to unexpected events\u2014and they take responsibility seriously, both vital for safe long\u2011distance operations. The main uncertainty is their reported arrogance and relatively weak leadership, which could undermine crew cooperation and cockpit harmony.\nMETADATA_JSON:\n{\"agent\": \"agent_1\", \"vote\": \"Candidate D\"}"}
2026-05-17 00:21:28,896 - INFO - Agent turns: 7
2026-05-17 00:21:35,632 - INFO - Tokens - Input: 2719, Output: 475, Total: 3194
2026-05-17 00:21:35,635 - INFO - Memory updates: 19
{"id": 30, "ts": 1778970095.6352546, "event": "memory_updated", "agent": "agent_1", "round": 3}
2026-05-17 00:21:38,056 - INFO - Tokens - Input: 2553, Output: 729, Total: 3282
2026-05-17 00:21:38,058 - INFO - Memory updates: 20
{"id": 31, "ts": 1778970098.0589721, "event": "memory_updated", "agent": "agent_3", "round": 3}
2026-05-17 00:21:42,871 - INFO - Tokens - Input: 2647, Output: 1339, Total: 3986
2026-05-17 00:21:42,874 - INFO - Memory updates: 21
{"id": 32, "ts": 1778970102.8747342, "event": "memory_updated", "agent": "agent_2", "round": 3}
2026-05-17 00:21:45,431 - INFO - Tokens - Input: 3099, Output: 248, Total: 3347
{"id": 33, "ts": 1778970105.4332786, "event": "public_discussion_message", "round": 3, "agent": "agent_2", "message": "I prefer Candidate\u202fD because they demonstrate exceptional technical competence\u2014strong problem\u2011solving, high concentration, and reliable response to unexpected events\u2014and they take responsibility seriously, both essential for safe long\u2011distance operations. The main uncertainty is their hot temper and know\u2011it\u2011all attitude, which could undermine crew cooperation.\nMETADATA_JSON:\n{\"agent\": \"agent_2\", \"vote\": \"Candidate D\"}"}
2026-05-17 00:21:45,433 - INFO - Agent turns: 8
2026-05-17 00:21:50,447 - INFO - Tokens - Input: 2768, Output: 332, Total: 3100
2026-05-17 00:21:50,449 - INFO - Memory updates: 22
{"id": 34, "ts": 1778970110.449849, "event": "memory_updated", "agent": "agent_2", "round": 3}
2026-05-17 00:21:50,628 - INFO - Tokens - Input: 2644, Output: 351, Total: 2995
2026-05-17 00:21:50,631 - INFO - Memory updates: 23
{"id": 35, "ts": 1778970110.6311383, "event": "memory_updated", "agent": "agent_3", "round": 3}
2026-05-17 00:21:50,882 - INFO - Tokens - Input: 2810, Output: 386, Total: 3196
2026-05-17 00:21:50,885 - INFO - Memory updates: 24
{"id": 36, "ts": 1778970110.8853753, "event": "memory_updated", "agent": "agent_1", "round": 3}
2026-05-17 00:21:53,190 - INFO - Tokens - Input: 3066, Output: 221, Total: 3287
{"id": 37, "ts": 1778970113.191884, "event": "public_discussion_message", "round": 3, "agent": "agent_3", "message": "I prefer **Candidate\u202fB** because they are very conscientious and handle stress well, which supports reliability and calmness on long\u2011distance flights, and they have strong technical skills in weather assessment and computer use, essential for navigation and flight planning. The main uncertainty is their pretentious demeanor and occasional wrong tone, which could undermine crew cooperation in the cockpit.\nMETADATA_JSON:\n{\"agent\": \"agent_3\", \"vote\": \"Candidate B\"}"}
2026-05-17 00:21:53,192 - INFO - Agent turns: 9
2026-05-17 00:22:00,016 - INFO - Tokens - Input: 2743, Output: 465, Total: 3208
2026-05-17 00:22:00,019 - INFO - Memory updates: 25
{"id": 38, "ts": 1778970120.0196955, "event": "memory_updated", "agent": "agent_3", "round": 3}
2026-05-17 00:22:00,883 - INFO - Tokens - Input: 2867, Output: 555, Total: 3422
2026-05-17 00:22:00,885 - INFO - Memory updates: 26
{"id": 39, "ts": 1778970120.886032, "event": "memory_updated", "agent": "agent_2", "round": 3}
2026-05-17 00:22:03,889 - INFO - Tokens - Input: 2909, Output: 935, Total: 3844
2026-05-17 00:22:03,892 - INFO - Memory updates: 27
{"id": 40, "ts": 1778970123.8926837, "event": "memory_updated", "agent": "agent_1", "round": 3}
2026-05-17 00:22:03,902 - INFO - Loop 3 completed
{"id": 41, "ts": 1778970123.9088287, "event": "discussion_order", "round": 4, "order": ["agent_2", "agent_3", "agent_1"]}
2026-05-17 00:22:06,194 - INFO - Tokens - Input: 3289, Output: 215, Total: 3504
{"id": 42, "ts": 1778970126.1960168, "event": "public_discussion_message", "round": 4, "agent": "agent_2", "message": "I prefer **Candidate D** because they demonstrate exceptional technical competence\u2014strong problem\u2011solving, high concentration, and reliable response to unexpected events\u2014and they take responsibility seriously, all critical for safe, long\u2011distance operations. The main uncertainty is their hot temper and \u201cknow\u2011it\u2011all\u201d attitude, which could undermine crew cooperation and effective leadership in the cockpit.\nMETADATA_JSON:\n{\"agent\": \"agent_2\", \"vote\": \"Candidate D\"}"}
2026-05-17 00:22:06,196 - INFO - Agent turns: 10
2026-05-17 00:22:10,070 - INFO - Tokens - Input: 2844, Output: 245, Total: 3089
2026-05-17 00:22:10,073 - INFO - Memory updates: 28
{"id": 43, "ts": 1778970130.0732043, "event": "memory_updated", "agent": "agent_3", "round": 4}
2026-05-17 00:22:10,862 - INFO - Tokens - Input: 2968, Output: 327, Total: 3295
2026-05-17 00:22:10,864 - INFO - Memory updates: 29
{"id": 44, "ts": 1778970130.865063, "event": "memory_updated", "agent": "agent_2", "round": 4}
2026-05-17 00:22:11,273 - INFO - Tokens - Input: 3010, Output: 380, Total: 3390
2026-05-17 00:22:11,276 - INFO - Memory updates: 30
{"id": 45, "ts": 1778970131.2761366, "event": "memory_updated", "agent": "agent_1", "round": 4}
2026-05-17 00:22:13,368 - INFO - Tokens - Input: 3266, Output: 189, Total: 3455
{"id": 46, "ts": 1778970133.3693972, "event": "public_discussion_message", "round": 4, "agent": "agent_3", "message": "I continue to favor **Candidate\u202fB** because they are very conscientious and handle stress well\u2014key for reliability and calmness on long\u2011distance flights\u2014and they possess strong technical abilities in weather assessment and computer use, essential for navigation and flight planning. The main uncertainty is their pretentious demeanor and occasional wrong tone, which could undermine crew cooperation and cockpit atmosphere.\nMETADATA_JSON:\n{\"agent\": \"agent_3\", \"vote\": \"Candidate B\"}"}
2026-05-17 00:22:13,369 - INFO - Agent turns: 11
2026-05-17 00:22:17,878 - INFO - Tokens - Input: 2944, Output: 292, Total: 3236
2026-05-17 00:22:17,880 - INFO - Memory updates: 31
{"id": 47, "ts": 1778970137.8809261, "event": "memory_updated", "agent": "agent_3", "round": 4}
2026-05-17 00:22:20,605 - INFO - Tokens - Input: 3068, Output: 579, Total: 3647
2026-05-17 00:22:20,607 - INFO - Memory updates: 32
{"id": 48, "ts": 1778970140.6080441, "event": "memory_updated", "agent": "agent_2", "round": 4}
2026-05-17 00:22:20,987 - INFO - Tokens - Input: 3110, Output: 628, Total: 3738
2026-05-17 00:22:20,990 - INFO - Memory updates: 33
{"id": 49, "ts": 1778970140.9906626, "event": "memory_updated", "agent": "agent_1", "round": 4}
2026-05-17 00:22:22,830 - INFO - Tokens - Input: 3532, Output: 142, Total: 3674
{"id": 50, "ts": 1778970142.8313801, "event": "public_discussion_message", "round": 4, "agent": "agent_1", "message": "I continue to favor **Candidate\u202fD** because they excel in technical competence\u2014strong problem\u2011solving, high concentration, and reliable response to unexpected events\u2014and they take responsibility seriously, both essential for safe long\u2011distance operations. The main uncertainty is their reported arrogance and relatively weak leadership, which could impair crew cooperation and cockpit harmony.\nMETADATA_JSON:\n{\"agent\": \"agent_1\", \"vote\": \"Candidate D\"}"}
2026-05-17 00:22:22,831 - INFO - Agent turns: 12
2026-05-17 00:22:28,287 - INFO - Tokens - Input: 3205, Output: 330, Total: 3535
2026-05-17 00:22:28,290 - INFO - Memory updates: 34
{"id": 51, "ts": 1778970148.2902558, "event": "memory_updated", "agent": "agent_1", "round": 4}
2026-05-17 00:22:29,450 - INFO - Tokens - Input: 3163, Output: 448, Total: 3611
2026-05-17 00:22:29,452 - INFO - Memory updates: 35
{"id": 52, "ts": 1778970149.4529555, "event": "memory_updated", "agent": "agent_2", "round": 4}
2026-05-17 00:22:30,165 - INFO - Tokens - Input: 3039, Output: 538, Total: 3577
2026-05-17 00:22:30,167 - INFO - Memory updates: 36
{"id": 53, "ts": 1778970150.1678207, "event": "memory_updated", "agent": "agent_3", "round": 4}
2026-05-17 00:22:30,176 - INFO - Loop 4 completed
{"id": 54, "ts": 1778970150.1814141, "event": "discussion_order", "round": 5, "order": ["agent_3", "agent_2", "agent_1"]}
2026-05-17 00:22:32,070 - INFO - Tokens - Input: 3461, Output: 151, Total: 3612
{"id": 55, "ts": 1778970152.0717936, "event": "public_discussion_message", "round": 5, "agent": "agent_3", "message": "I continue to favor **Candidate\u202fB** because they are very conscientious and handle stress well\u2014key for reliability and calmness on long\u2011distance flights\u2014and they have strong technical abilities in weather assessment and computer use, essential for navigation and flight planning. The main uncertainty is their pretentious demeanor and occasional wrong tone, which could undermine crew cooperation in the cockpit.\nMETADATA_JSON:\n{\"agent\": \"agent_3\", \"vote\": \"Candidate B\"}"}
2026-05-17 00:22:32,071 - INFO - Agent turns: 13
2026-05-17 00:22:36,225 - INFO - Tokens - Input: 3305, Output: 274, Total: 3579
2026-05-17 00:22:36,228 - INFO - Memory updates: 37
{"id": 56, "ts": 1778970156.2285328, "event": "memory_updated", "agent": "agent_1", "round": 5}
2026-05-17 00:22:37,278 - INFO - Tokens - Input: 3263, Output: 382, Total: 3645
2026-05-17 00:22:37,281 - INFO - Memory updates: 38
{"id": 57, "ts": 1778970157.281905, "event": "memory_updated", "agent": "agent_2", "round": 5}
2026-05-17 00:22:38,508 - INFO - Tokens - Input: 3139, Output: 536, Total: 3675
2026-05-17 00:22:38,510 - INFO - Memory updates: 39
{"id": 58, "ts": 1778970158.5105956, "event": "memory_updated", "agent": "agent_3", "round": 5}
2026-05-17 00:22:41,071 - INFO - Tokens - Input: 3685, Output: 232, Total: 3917
{"id": 59, "ts": 1778970161.0733814, "event": "public_discussion_message", "round": 5, "agent": "agent_2", "message": "I continue to favor **Candidate\u202fD** because they demonstrate outstanding technical competence\u2014exceptional problem\u2011solving, high concentration, and reliable response to unexpected events\u2014and they take responsibility seriously, all critical for safe long\u2011distance operations. The main uncertainty is their hot temper and \u201cknow\u2011it\u2011all\u201d attitude, which could undermine crew cooperation and effective leadership in the cockpit.\nMETADATA_JSON:\n{\"agent\": \"agent_2\", \"vote\": \"Candidate D\"}"}
2026-05-17 00:22:41,073 - INFO - Agent turns: 14
2026-05-17 00:22:45,474 - INFO - Tokens - Input: 3409, Output: 287, Total: 3696
2026-05-17 00:22:45,477 - INFO - Memory updates: 40
{"id": 60, "ts": 1778970165.4779088, "event": "memory_updated", "agent": "agent_1", "round": 5}
2026-05-17 00:22:45,683 - INFO - Tokens - Input: 3367, Output: 307, Total: 3674
2026-05-17 00:22:45,686 - INFO - Memory updates: 41
{"id": 61, "ts": 1778970165.6862226, "event": "memory_updated", "agent": "agent_2", "round": 5}
2026-05-17 00:22:46,517 - INFO - Tokens - Input: 3243, Output: 412, Total: 3655
2026-05-17 00:22:46,520 - INFO - Memory updates: 42
{"id": 62, "ts": 1778970166.5207255, "event": "memory_updated", "agent": "agent_3", "round": 5}
2026-05-17 00:22:48,877 - INFO - Tokens - Input: 3831, Output: 198, Total: 4029
{"id": 63, "ts": 1778970168.8785496, "event": "public_discussion_message", "round": 5, "agent": "agent_1", "message": "I prefer **Candidate\u202fD** because they demonstrate exceptional technical competence\u2014strong problem\u2011solving, high concentration, and reliable response to unexpected events\u2014and they take responsibility seriously, both critical for safe, long\u2011distance operations. The main uncertainty is their reported arrogance and relatively weak leadership, which could impair crew cooperation and cockpit harmony.\nMETADATA_JSON:\n{\"agent\": \"agent_1\", \"vote\": \"Candidate D\"}"}
2026-05-17 00:22:48,878 - INFO - Agent turns: 15
2026-05-17 00:22:52,848 - INFO - Tokens - Input: 3503, Output: 275, Total: 3778
2026-05-17 00:22:52,851 - INFO - Memory updates: 43
{"id": 64, "ts": 1778970172.851524, "event": "memory_updated", "agent": "agent_1", "round": 5}
2026-05-17 00:22:54,322 - INFO - Tokens - Input: 3337, Output: 430, Total: 3767
2026-05-17 00:22:54,325 - INFO - Memory updates: 44
{"id": 65, "ts": 1778970174.3255057, "event": "memory_updated", "agent": "agent_3", "round": 5}
2026-05-17 00:22:54,533 - INFO - Tokens - Input: 3461, Output: 457, Total: 3918
2026-05-17 00:22:54,535 - INFO - Memory updates: 45
{"id": 66, "ts": 1778970174.5359213, "event": "memory_updated", "agent": "agent_2", "round": 5}
2026-05-17 00:22:54,542 - INFO - Loop 5 completed
2026-05-17 00:22:54,543 - INFO - Final Chosen Candidate: Candidate D
2026-05-17 00:22:54,543 - INFO - Final Decision Method: max_round_majority_vote
2026-05-17 00:22:54,543 - INFO - Final Vote Count: {'Candidate D': 2, 'Candidate B': 1}
2026-05-17 00:22:54,543 - INFO - Correct Candidate: Candidate C
2026-05-17 00:22:54,543 - INFO - Decision Correct: 0
{"id": 67, "ts": 1778970175.118742, "event": "context_consistency_calculated", "method": "weighted_section_embedding_cosine", "mean_pairwise_similarity": 0.824314, "pairwise": [{"agent_a": "agent_1", "agent_b": "agent_2", "similarity": 0.825697, "sections": [{"section": "task_summary", "weight": 0.02, "similarity": 1.0}, {"section": "revealed_facts_by_source", "weight": 0.3, "similarity": 0.81811}, {"section": "candidate_evaluation", "weight": 0.35, "similarity": 0.895754}, {"section": "other_agents_positions", "weight": 0.15, "similarity": 0.867223}, {"section": "emerging_group_view", "weight": 0.13, "similarity": 0.775402}, {"section": "open_questions_next_step_focus", "weight": 0.05, "similarity": 0.317285}]}, {"agent_a": "agent_1", "agent_b": "agent_3", "similarity": 0.841723, "sections": [{"section": "task_summary", "weight": 0.02, "similarity": 1.0}, {"section": "revealed_facts_by_source", "weight": 0.3, "similarity": 0.816855}, {"section": "candidate_evaluation", "weight": 0.35, "similarity": 0.845522}, {"section": "other_agents_positions", "weight": 0.15, "similarity": 0.824474}, {"section": "emerging_group_view", "weight": 0.13, "similarity": 0.82356}, {"section": "open_questions_next_step_focus", "weight": 0.05, "similarity": 1.0}]}, {"agent_a": "agent_2", "agent_b": "agent_3", "similarity": 0.805521, "sections": [{"section": "task_summary", "weight": 0.02, "similarity": 1.0}, {"section": "revealed_facts_by_source", "weight": 0.3, "similarity": 0.826828}, {"section": "candidate_evaluation", "weight": 0.35, "similarity": 0.808339}, {"section": "other_agents_positions", "weight": 0.15, "similarity": 0.902218}, {"section": "emerging_group_view", "weight": 0.13, "similarity": 0.795054}, {"section": "open_questions_next_step_focus", "weight": 0.05, "similarity": 0.317285}]}]}
{"id": 68, "ts": 1778970175.1188762, "event": "gold_standard_alignment_calculated", "method": "rule_based_fact_coverage", "mean_alignment": 0.658333, "by_agent": [{"agent": "agent_1", "score": 0.675, "matched_facts": 27, "total_facts": 40, "matched_public_facts": 16, "total_public_facts": 16, "public_fact_coverage": 1.0, "matched_own_private_facts": 8, "total_own_private_facts": 8, "own_private_fact_coverage": 1.0, "matched_other_private_facts": 3, "total_other_private_facts": 16, "other_private_fact_coverage": 0.1875, "checks": {"public_candidate_a_can_anticipate_dangerous_situations": 1, "public_candidate_a_is_able_to_see_complex_connections": 1, "public_candidate_a_has_excellent_spatial_vision": 1, "public_candidate_a_has_very_good_leadership_qualities": 1, "public_candidate_b_is_very_conscientious": 1, "public_candidate_b_handles_stress_very_well": 1, "public_candidate_b_is_good_at_assessing_weather_conditions": 1, "public_candidate_b_has_excellent_computer_skills": 1, "public_candidate_c_can_make_correct_decisions_quickly": 1, "public_candidate_c_has_difficulty_communicating_ideas": 1, "public_candidate_c_is_regarded_as_egocentric": 1, "public_candidate_c_is_not_very_willing_to_further_his_education": 1, "public_candidate_d_responds_to_unexpected_events_adequately": 1, "public_candidate_d_can_concentrate_very_well": 1, "public_candidate_d_solves_problems_extremely_well": 1, "public_candidate_d_takes_responsibility_seriously": 1, "agent_1_candidate_a_is_sometimes_not_good_at_taking_criticism": 1, "agent_1_candidate_a_can_be_unorganized": 1, "agent_1_candidate_b_can_be_grumpy": 1, "agent_1_candidate_b_can_be_uncooperative": 1, "agent_1_candidate_c_is_known_to_be_100_percent_reliable": 1, "agent_1_candidate_c_creates_a_positive_atmosphere_with_his_crew": 1, "agent_1_candidate_d_is_regarded_as_arrogant": 1, "agent_1_candidate_d_has_relatively_weak_leadership_skills": 1, "agent_2_candidate_a_is_regarded_as_a_show_off": 0, "agent_2_candidate_a_is_regarded_as_being_not_open_to_new_ideas": 0, "agent_2_candidate_b_has_a_relatively_weak_memory_for_numbers": 0, "agent_2_candidate_b_makes_nasty_remarks_about_his_colleagues": 0, "agent_2_candidate_c_keeps_calm_in_a_crisis": 0, "agent_2_candidate_c_understands_complicated_technology": 0, "agent_2_candidate_d_is_regarded_as_a_know_it_all": 0, "agent_2_candidate_d_has_a_hot_temper": 1, "agent_3_candidate_a_is_unfriendly": 0, "agent_3_candidate_a_eats_unhealthily": 0, "agent_3_candidate_b_is_regarded_as_pretentious": 1, "agent_3_candidate_b_sometimes_adopts_the_wrong_tone_when_communicating": 1, "agent_3_candidate_c_puts_concern_for_others_above_everything": 0, "agent_3_candidate_c_has_excellent_attention_skills": 0, "agent_3_candidate_d_is_considered_moody": 0, "agent_3_candidate_d_is_regarded_as_a_loner": 0}}, {"agent": "agent_2", "score": 0.625, "matched_facts": 25, "total_facts": 40, "matched_public_facts": 15, "total_public_facts": 16, "public_fact_coverage": 0.9375, "matched_own_private_facts": 8, "total_own_private_facts": 8, "own_private_fact_coverage": 1.0, "matched_other_private_facts": 2, "total_other_private_facts": 16, "other_private_fact_coverage": 0.125, "checks": {"public_candidate_a_can_anticipate_dangerous_situations": 1, "public_candidate_a_is_able_to_see_complex_connections": 1, "public_candidate_a_has_excellent_spatial_vision": 1, "public_candidate_a_has_very_good_leadership_qualities": 1, "public_candidate_b_is_very_conscientious": 1, "public_candidate_b_handles_stress_very_well": 1, "public_candidate_b_is_good_at_assessing_weather_conditions": 1, "public_candidate_b_has_excellent_computer_skills": 1, "public_candidate_c_can_make_correct_decisions_quickly": 1, "public_candidate_c_has_difficulty_communicating_ideas": 1, "public_candidate_c_is_regarded_as_egocentric": 1, "public_candidate_c_is_not_very_willing_to_further_his_education": 1, "public_candidate_d_responds_to_unexpected_events_adequately": 0, "public_candidate_d_can_concentrate_very_well": 1, "public_candidate_d_solves_problems_extremely_well": 1, "public_candidate_d_takes_responsibility_seriously": 1, "agent_1_candidate_a_is_sometimes_not_good_at_taking_criticism": 0, "agent_1_candidate_a_can_be_unorganized": 0, "agent_1_candidate_b_can_be_grumpy": 0, "agent_1_candidate_b_can_be_uncooperative": 0, "agent_1_candidate_c_is_known_to_be_100_percent_reliable": 0, "agent_1_candidate_c_creates_a_positive_atmosphere_with_his_crew": 0, "agent_1_candidate_d_is_regarded_as_arrogant": 0, "agent_1_candidate_d_has_relatively_weak_leadership_skills": 1, "agent_2_candidate_a_is_regarded_as_a_show_off": 1, "agent_2_candidate_a_is_regarded_as_being_not_open_to_new_ideas": 1, "agent_2_candidate_b_has_a_relatively_weak_memory_for_numbers": 1, "agent_2_candidate_b_makes_nasty_remarks_about_his_colleagues": 1, "agent_2_candidate_c_keeps_calm_in_a_crisis": 1, "agent_2_candidate_c_understands_complicated_technology": 1, "agent_2_candidate_d_is_regarded_as_a_know_it_all": 1, "agent_2_candidate_d_has_a_hot_temper": 1, "agent_3_candidate_a_is_unfriendly": 0, "agent_3_candidate_a_eats_unhealthily": 0, "agent_3_candidate_b_is_regarded_as_pretentious": 1, "agent_3_candidate_b_sometimes_adopts_the_wrong_tone_when_communicating": 0, "agent_3_candidate_c_puts_concern_for_others_above_everything": 0, "agent_3_candidate_c_has_excellent_attention_skills": 0, "agent_3_candidate_d_is_considered_moody": 0, "agent_3_candidate_d_is_regarded_as_a_loner": 0}}, {"agent": "agent_3", "score": 0.675, "matched_facts": 27, "total_facts": 40, "matched_public_facts": 16, "total_public_facts": 16, "public_fact_coverage": 1.0, "matched_own_private_facts": 8, "total_own_private_facts": 8, "own_private_fact_coverage": 1.0, "matched_other_private_facts": 3, "total_other_private_facts": 16, "other_private_fact_coverage": 0.1875, "checks": {"public_candidate_a_can_anticipate_dangerous_situations": 1, "public_candidate_a_is_able_to_see_complex_connections": 1, "public_candidate_a_has_excellent_spatial_vision": 1, "public_candidate_a_has_very_good_leadership_qualities": 1, "public_candidate_b_is_very_conscientious": 1, "public_candidate_b_handles_stress_very_well": 1, "public_candidate_b_is_good_at_assessing_weather_conditions": 1, "public_candidate_b_has_excellent_computer_skills": 1, "public_candidate_c_can_make_correct_decisions_quickly": 1, "public_candidate_c_has_difficulty_communicating_ideas": 1, "public_candidate_c_is_regarded_as_egocentric": 1, "public_candidate_c_is_not_very_willing_to_further_his_education": 1, "public_candidate_d_responds_to_unexpected_events_adequately": 1, "public_candidate_d_can_concentrate_very_well": 1, "public_candidate_d_solves_problems_extremely_well": 1, "public_candidate_d_takes_responsibility_seriously": 1, "agent_1_candidate_a_is_sometimes_not_good_at_taking_criticism": 0, "agent_1_candidate_a_can_be_unorganized": 0, "agent_1_candidate_b_can_be_grumpy": 0, "agent_1_candidate_b_can_be_uncooperative": 0, "agent_1_candidate_c_is_known_to_be_100_percent_reliable": 0, "agent_1_candidate_c_creates_a_positive_atmosphere_with_his_crew": 0, "agent_1_candidate_d_is_regarded_as_arrogant": 0, "agent_1_candidate_d_has_relatively_weak_leadership_skills": 1, "agent_2_candidate_a_is_regarded_as_a_show_off": 0, "agent_2_candidate_a_is_regarded_as_being_not_open_to_new_ideas": 0, "agent_2_candidate_b_has_a_relatively_weak_memory_for_numbers": 0, "agent_2_candidate_b_makes_nasty_remarks_about_his_colleagues": 0, "agent_2_candidate_c_keeps_calm_in_a_crisis": 0, "agent_2_candidate_c_understands_complicated_technology": 0, "agent_2_candidate_d_is_regarded_as_a_know_it_all": 1, "agent_2_candidate_d_has_a_hot_temper": 1, "agent_3_candidate_a_is_unfriendly": 1, "agent_3_candidate_a_eats_unhealthily": 1, "agent_3_candidate_b_is_regarded_as_pretentious": 1, "agent_3_candidate_b_sometimes_adopts_the_wrong_tone_when_communicating": 1, "agent_3_candidate_c_puts_concern_for_others_above_everything": 1, "agent_3_candidate_c_has_excellent_attention_skills": 1, "agent_3_candidate_d_is_considered_moody": 1, "agent_3_candidate_d_is_regarded_as_a_loner": 1}}]}
{"id": 69, "ts": 1778970175.1189964, "event": "agent_memories_archived", "directory": "/home/lhegemann/git/bachelor_thesis/01_data/raw/simulations/moderate/moderate_treatment_20260516_211353_022/shared_mental_models", "round": 5}
{"id": 70, "ts": 1778970175.1190376, "event": "final_decision", "candidate": "Candidate D", "method": "max_round_majority_vote", "vote_count": {"Candidate D": 2, "Candidate B": 1}, "correct_candidate": "Candidate C", "decision_correct": 0, "round": 5}
2026-05-17 00:22:55,128 - INFO - ======================================================================
2026-05-17 00:22:55,128 - INFO - SIMULATION METRICS
2026-05-17 00:22:55,128 - INFO - ======================================================================
2026-05-17 00:22:55,128 - INFO - Total Loops: 5
2026-05-17 00:22:55,128 - INFO - Agent Turns (no vote checker): 15
2026-05-17 00:22:55,128 - INFO - Agent Tool Calls: 0
2026-05-17 00:22:55,128 - INFO - Agent Tool Messages: 0
2026-05-17 00:22:55,128 - INFO - Memory Updates: 45
2026-05-17 00:22:55,128 - INFO - Total Messages (no vote checker): 15
2026-05-17 00:22:55,128 - INFO - Input Tokens: 165775
2026-05-17 00:22:55,128 - INFO - Output Tokens: 34126
2026-05-17 00:22:55,128 - INFO - Total Tokens: 199901
2026-05-17 00:22:55,128 - INFO - Final Chosen Candidate: Candidate D
2026-05-17 00:22:55,128 - INFO - Final Decision Method: max_round_majority_vote
2026-05-17 00:22:55,128 - INFO - Final Vote Count: {'Candidate D': 2, 'Candidate B': 1}
2026-05-17 00:22:55,129 - INFO - Correct Candidate: Candidate C
2026-05-17 00:22:55,129 - INFO - Decision Correct: 0
2026-05-17 00:22:55,129 - INFO - Runtime: 200.07s
2026-05-17 00:22:55,129 - INFO - ======================================================================
