2026-05-10 04:56:44,277 - INFO - Metrics tracker initialized
{"id": 1, "ts": 1778381804.3050656, "event": "memory_reset"}
{"id": 2, "ts": 1778381804.3088558, "event": "discussion_order", "round": 1, "order": ["agent_3", "agent_2", "agent_1"]}
2026-05-10 04:56:52,178 - INFO - Tokens - Input: 1387, Output: 470, Total: 1857
{"id": 3, "ts": 1778381812.1797633, "event": "public_discussion_message", "round": 1, "agent": "agent_3", "message": "I prefer Candidate B; handles stress very well.\nMETADATA_JSON:\n{\"agent\": \"agent_3\", \"vote\": \"Candidate B\"}"}
2026-05-10 04:56:52,179 - INFO - Agent turns: 1
2026-05-10 04:57:00,579 - INFO - Tokens - Input: 1452, Output: 804, Total: 2256
{"id": 4, "ts": 1778381820.5804594, "event": "public_discussion_message", "round": 1, "agent": "agent_2", "message": "I prefer Candidate B; makes nasty remarks about colleagues.\nMETADATA_JSON:\n{\"agent\": \"agent_2\", \"vote\": \"Candidate B\"}"}
2026-05-10 04:57:00,580 - INFO - Agent turns: 2
2026-05-10 04:57:07,539 - INFO - Tokens - Input: 1489, Output: 560, Total: 2049
{"id": 5, "ts": 1778381827.5403676, "event": "public_discussion_message", "round": 1, "agent": "agent_1", "message": "I prefer Candidate C; known to be 100% reliable.\nMETADATA_JSON:\n{\"agent\": \"agent_1\", \"vote\": \"Candidate C\"}"}
2026-05-10 04:57:07,540 - INFO - Agent turns: 3
2026-05-10 04:57:07,548 - INFO - Loop 1 completed
{"id": 6, "ts": 1778381827.5544307, "event": "discussion_order", "round": 2, "order": ["agent_2", "agent_3", "agent_1"]}
2026-05-10 04:57:14,943 - INFO - Tokens - Input: 1526, Output: 937, Total: 2463
{"id": 7, "ts": 1778381834.9449651, "event": "public_discussion_message", "round": 2, "agent": "agent_2", "message": "I still prefer Candidate B; good at assessing weather conditions.\nMETADATA_JSON:\n{\"agent\": \"agent_2\", \"vote\": \"Candidate B\"}"}
2026-05-10 04:57:14,945 - INFO - Agent turns: 4
2026-05-10 04:57:21,609 - INFO - Tokens - Input: 1566, Output: 798, Total: 2364
{"id": 8, "ts": 1778381841.6108491, "event": "public_discussion_message", "round": 2, "agent": "agent_3", "message": "I prefer Candidate B; very conscientious.\nMETADATA_JSON:\n{\"agent\": \"agent_3\", \"vote\": \"Candidate B\"}"}
2026-05-10 04:57:21,611 - INFO - Agent turns: 5
2026-05-10 04:57:31,814 - INFO - Tokens - Input: 1603, Output: 703, Total: 2306
{"id": 9, "ts": 1778381851.8160887, "event": "public_discussion_message", "round": 2, "agent": "agent_1", "message": "I prefer Candidate C; known to be 100% reliable.\nMETADATA_JSON:\n{\"agent\": \"agent_1\", \"vote\": \"Candidate C\"}"}
2026-05-10 04:57:31,816 - INFO - Agent turns: 6
2026-05-10 04:57:31,825 - INFO - Loop 2 completed
{"id": 10, "ts": 1778381851.8316553, "event": "discussion_order", "round": 3, "order": ["agent_1", "agent_3", "agent_2"]}
2026-05-10 04:57:35,348 - INFO - Tokens - Input: 1640, Output: 270, Total: 1910
{"id": 11, "ts": 1778381855.3498738, "event": "public_discussion_message", "round": 3, "agent": "agent_1", "message": "I prefer Candidate C; creates a positive atmosphere with his crew.\nMETADATA_JSON:\n{\"agent\": \"agent_1\", \"vote\": \"Candidate C\"}"}
2026-05-10 04:57:35,350 - INFO - Agent turns: 7
2026-05-10 04:57:43,581 - INFO - Tokens - Input: 1685, Output: 1061, Total: 2746
{"id": 12, "ts": 1778381863.583207, "event": "public_discussion_message", "round": 3, "agent": "agent_3", "message": "I prefer Candidate D; solves problems extremely well.\nMETADATA_JSON:\n{\"agent\": \"agent_3\", \"vote\": \"Candidate D\"}"}
2026-05-10 04:57:43,583 - INFO - Agent turns: 8
2026-05-10 04:57:54,461 - INFO - Tokens - Input: 1728, Output: 1017, Total: 2745
{"id": 13, "ts": 1778381874.4626727, "event": "public_discussion_message", "round": 3, "agent": "agent_2", "message": "I prefer Candidate A; excellent spatial vision.\nMETADATA_JSON:\n{\"agent\": \"agent_2\", \"vote\": \"Candidate A\"}"}
2026-05-10 04:57:54,462 - INFO - Agent turns: 9
2026-05-10 04:57:54,473 - INFO - Loop 3 completed
{"id": 14, "ts": 1778381874.4799366, "event": "discussion_order", "round": 4, "order": ["agent_2", "agent_3", "agent_1"]}
2026-05-10 04:58:03,753 - INFO - Tokens - Input: 1766, Output: 704, Total: 2470
{"id": 15, "ts": 1778381883.7549238, "event": "public_discussion_message", "round": 4, "agent": "agent_2", "message": "I prefer Candidate A; excellent spatial vision.\nMETADATA_JSON:\n{\"agent\": \"agent_2\", \"vote\": \"Candidate A\"}"}
2026-05-10 04:58:03,755 - INFO - Agent turns: 10
2026-05-10 04:58:12,341 - INFO - Tokens - Input: 1793, Output: 987, Total: 2780
{"id": 16, "ts": 1778381892.3430653, "event": "public_discussion_message", "round": 4, "agent": "agent_3", "message": "I prefer Candidate B; very conscientious.\nMETADATA_JSON:\n{\"agent\": \"agent_3\", \"vote\": \"Candidate B\"}"}
2026-05-10 04:58:12,343 - INFO - Agent turns: 11
2026-05-10 04:58:17,870 - INFO - Tokens - Input: 1833, Output: 553, Total: 2386
{"id": 17, "ts": 1778381897.8719547, "event": "public_discussion_message", "round": 4, "agent": "agent_1", "message": "I prefer Candidate C; known to be 100% reliable.\nMETADATA_JSON:\n{\"agent\": \"agent_1\", \"vote\": \"Candidate C\"}"}
2026-05-10 04:58:17,872 - INFO - Agent turns: 12
2026-05-10 04:58:17,880 - INFO - Loop 4 completed
{"id": 18, "ts": 1778381897.8869631, "event": "discussion_order", "round": 5, "order": ["agent_1", "agent_2", "agent_3"]}
2026-05-10 04:58:22,966 - INFO - Tokens - Input: 1877, Output: 498, Total: 2375
{"id": 19, "ts": 1778381902.968118, "event": "public_discussion_message", "round": 5, "agent": "agent_1", "message": "I prefer Candidate C; known to be 100% reliable.\nMETADATA_JSON:\n{\"agent\": \"agent_1\", \"vote\": \"Candidate C\"}"}
2026-05-10 04:58:22,968 - INFO - Agent turns: 13
2026-05-10 04:58:31,310 - INFO - Tokens - Input: 1923, Output: 893, Total: 2816
{"id": 20, "ts": 1778381911.3116179, "event": "public_discussion_message", "round": 5, "agent": "agent_2", "message": "I prefer Candidate A; excellent spatial vision.\nMETADATA_JSON:\n{\"agent\": \"agent_2\", \"vote\": \"Candidate A\"}"}
2026-05-10 04:58:31,311 - INFO - Agent turns: 14
2026-05-10 04:58:38,968 - INFO - Tokens - Input: 1948, Output: 723, Total: 2671
{"id": 21, "ts": 1778381918.9693515, "event": "public_discussion_message", "round": 5, "agent": "agent_3", "message": "I prefer Candidate B; handles stress very well.\nMETADATA_JSON:\n{\"agent\": \"agent_3\", \"vote\": \"Candidate B\"}"}
2026-05-10 04:58:38,969 - INFO - Agent turns: 15
2026-05-10 04:58:38,979 - INFO - Loop 5 completed
2026-05-10 04:58:38,979 - INFO - Final Chosen Candidate: None
2026-05-10 04:58:38,979 - INFO - Final Decision Method: max_round_no_majority
2026-05-10 04:58:38,979 - INFO - Final Vote Count: {'Candidate C': 1, 'Candidate A': 1, 'Candidate B': 1}
2026-05-10 04:58:38,979 - INFO - Correct Candidate: Candidate C
2026-05-10 04:58:38,979 - INFO - Decision Correct: 0
{"id": 22, "ts": 1778381918.9810517, "event": "context_consistency_not_applicable", "reason": "explicit_smm_memory_disabled"}
{"id": 23, "ts": 1778381918.9811916, "event": "final_decision", "candidate": null, "method": "max_round_no_majority", "vote_count": {"Candidate C": 1, "Candidate A": 1, "Candidate B": 1}, "correct_candidate": "Candidate C", "decision_correct": 0, "round": 5}
2026-05-10 04:58:38,988 - INFO - ======================================================================
2026-05-10 04:58:38,988 - INFO - SIMULATION METRICS
2026-05-10 04:58:38,988 - INFO - ======================================================================
2026-05-10 04:58:38,989 - INFO - Total Loops: 5
2026-05-10 04:58:38,989 - INFO - Agent Turns (no vote checker): 15
2026-05-10 04:58:38,989 - INFO - Agent Tool Calls: 0
2026-05-10 04:58:38,989 - INFO - Agent Tool Messages: 0
2026-05-10 04:58:38,989 - INFO - Memory Updates: 0
2026-05-10 04:58:38,989 - INFO - Total Messages (no vote checker): 15
2026-05-10 04:58:38,989 - INFO - Input Tokens: 25216
2026-05-10 04:58:38,989 - INFO - Output Tokens: 10978
2026-05-10 04:58:38,989 - INFO - Total Tokens: 36194
2026-05-10 04:58:38,989 - INFO - Final Chosen Candidate: None
2026-05-10 04:58:38,989 - INFO - Final Decision Method: max_round_no_majority
2026-05-10 04:58:38,989 - INFO - Final Vote Count: {'Candidate C': 1, 'Candidate A': 1, 'Candidate B': 1}
2026-05-10 04:58:38,989 - INFO - Correct Candidate: Candidate C
2026-05-10 04:58:38,990 - INFO - Decision Correct: 0
2026-05-10 04:58:38,990 - INFO - Runtime: 114.71s
2026-05-10 04:58:38,990 - INFO - ======================================================================
