2026-05-10 06:11:09,491 - INFO - Metrics tracker initialized
{"id": 1, "ts": 1778386269.5163133, "event": "memory_reset"}
{"id": 2, "ts": 1778386269.5201118, "event": "discussion_order", "round": 1, "order": ["agent_3", "agent_1", "agent_2"]}
2026-05-10 06:11:15,950 - INFO - Tokens - Input: 1414, Output: 606, Total: 2020
{"id": 3, "ts": 1778386275.9522235, "event": "public_discussion_message", "round": 1, "agent": "agent_3", "message": "I tentatively favor **Candidate\u202fB**. Their conscientiousness, strong stress tolerance, and solid technical abilities (weather assessment and computer skills) directly support the reliability, calmness under pressure, and technical competence needed for long\u2011distance flights. However, their pretentious demeanor and occasional inappropriate tone raise concerns about crew cooperation and a positive cockpit atmosphere.\nMETADATA_JSON:\n{\"agent\": \"agent_3\", \"vote\": \"Candidate B\"}"}
2026-05-10 06:11:15,952 - INFO - Agent turns: 1
2026-05-10 06:11:23,551 - INFO - Tokens - Input: 1596, Output: 766, Total: 2362
{"id": 4, "ts": 1778386283.552708, "event": "public_discussion_message", "round": 1, "agent": "agent_1", "message": "I tentatively favor **Candidate\u202fA**. Their ability to anticipate dangerous situations, see complex connections, and excellent spatial vision give them strong technical competence essential for long\u2011distance navigation, while very good leadership qualities support crew coordination. The main trade\u2011off is that Candidate\u202fA can be unorganized and struggles with criticism, which could affect reliability and teamwork under stress.\nMETADATA_JSON:\n{\"agent\": \"agent_1\", \"vote\": \"Candidate A\"}"}
2026-05-10 06:11:23,552 - INFO - Agent turns: 2
2026-05-10 06:11:31,454 - INFO - Tokens - Input: 1705, Output: 877, Total: 2582
{"id": 5, "ts": 1778386291.4558432, "event": "public_discussion_message", "round": 1, "agent": "agent_2", "message": "I tentatively favor **Candidate\u202fB**. Their conscientiousness and strong stress tolerance give them high reliability and calmness under pressure, while good weather\u2011assessment and computer skills support the technical competence needed for long\u2011distance flights. The main trade\u2011off is their tendency to make nasty remarks about colleagues, which could harm crew cooperation.\nMETADATA_JSON:\n{\"agent\": \"agent_2\", \"vote\": \"Candidate B\"}"}
2026-05-10 06:11:31,456 - INFO - Agent turns: 3
2026-05-10 06:11:31,465 - INFO - Loop 1 completed
{"id": 6, "ts": 1778386291.471013, "event": "discussion_order", "round": 2, "order": ["agent_1", "agent_3", "agent_2"]}
2026-05-10 06:11:43,587 - INFO - Tokens - Input: 1727, Output: 693, Total: 2420
{"id": 7, "ts": 1778386303.5883687, "event": "public_discussion_message", "round": 2, "agent": "agent_1", "message": "I continue to favor **Candidate\u202fA**. Their ability to anticipate dangerous situations, see complex connections, and excellent spatial vision give them strong technical competence essential for long\u2011distance navigation, while their very good leadership qualities support crew coordination and responsibility. The main trade\u2011off is that Candidate\u202fA can be unorganized and struggles with criticism, which could undermine reliability and teamwork under stress.\nMETADATA_JSON:\n{\"agent\": \"agent_1\", \"vote\": \"Candidate A\"}"}
2026-05-10 06:11:43,588 - INFO - Agent turns: 4
2026-05-10 06:11:52,849 - INFO - Tokens - Input: 1900, Output: 1105, Total: 3005
2026-05-10 06:12:02,795 - INFO - Tokens - Input: 1896, Output: 1127, Total: 3023
{"id": 8, "ts": 1778386322.7967043, "event": "public_discussion_message", "round": 2, "agent": "agent_2", "message": "I continue to favor **Candidate\u202fB**. Their very conscientious nature and strong stress tolerance give them high reliability and calmness under pressure, while their ability to assess weather and strong computer skills support the technical competence needed for long\u2011distance flights. The main trade\u2011off is their tendency to make nasty remarks about colleagues, which could undermine crew cooperation and cockpit atmosphere.\nMETADATA_JSON:\n{\"agent\": \"agent_2\", \"vote\": \"Candidate B\"}"}
2026-05-10 06:12:02,796 - INFO - Agent turns: 5
2026-05-10 06:12:02,806 - INFO - Loop 2 completed
{"id": 9, "ts": 1778386322.8120303, "event": "discussion_order", "round": 3, "order": ["agent_2", "agent_3", "agent_1"]}
2026-05-10 06:12:10,347 - INFO - Tokens - Input: 1936, Output: 847, Total: 2783
{"id": 10, "ts": 1778386330.348904, "event": "public_discussion_message", "round": 3, "agent": "agent_2", "message": "I continue to favor **Candidate\u202fB**. Their strong conscientiousness and ability to handle stress give high reliability and calmness under pressure, while their skill in assessing weather and strong computer abilities support the technical competence needed for long\u2011distance flights. The main unresolved issue is their tendency to make nasty remarks about colleagues (and a generally pretentious demeanor), which could undermine crew cooperation and cockpit atmosphere.\nMETADATA_JSON:\n{\"agent\": \"agent_2\", \"vote\": \"Candidate B\"}"}
2026-05-10 06:12:10,349 - INFO - Agent turns: 6
2026-05-10 06:12:17,405 - INFO - Tokens - Input: 2110, Output: 886, Total: 2996
{"id": 11, "ts": 1778386337.4064748, "event": "public_discussion_message", "round": 3, "agent": "agent_3", "message": "I now favor **Candidate\u202fA**. Their ability to anticipate dangerous situations, see complex connections, and excellent spatial vision give them strong technical competence for long\u2011distance navigation, while very good leadership qualities support crew coordination and responsibility. The main trade\u2011off is their unfriendly demeanor, which could hinder cooperation and cockpit atmosphere.\nMETADATA_JSON:\n{\"agent\": \"agent_3\", \"vote\": \"Candidate A\"}"}
2026-05-10 06:12:17,406 - INFO - Agent turns: 7
2026-05-10 06:12:25,599 - INFO - Tokens - Input: 2194, Output: 1018, Total: 3212
{"id": 12, "ts": 1778386345.601015, "event": "public_discussion_message", "round": 3, "agent": "agent_1", "message": "I continue to favor **Candidate\u202fA**. Their ability to anticipate dangerous situations, see complex connections, and excellent spatial vision give them top\u2011tier technical competence essential for long\u2011distance navigation, and their very good leadership qualities support crew coordination and responsibility. The main trade\u2011off is their unfriendly demeanor and tendency to be unorganized, which could undermine cooperation and reliability under stress.\nMETADATA_JSON:\n{\"agent\": \"agent_1\", \"vote\": \"Candidate A\"}"}
2026-05-10 06:12:25,601 - INFO - Agent turns: 8
2026-05-10 06:12:25,612 - INFO - Loop 3 completed
{"id": 13, "ts": 1778386345.618903, "event": "discussion_order", "round": 4, "order": ["agent_3", "agent_1", "agent_2"]}
2026-05-10 06:12:29,241 - INFO - Tokens - Input: 2233, Output: 195, Total: 2428
{"id": 14, "ts": 1778386349.2429595, "event": "public_discussion_message", "round": 4, "agent": "agent_3", "message": "I currently favor **Candidate\u202fA**. Their ability to anticipate dangerous situations and excellent spatial vision give them strong technical competence for long\u2011distance navigation, and their very good leadership qualities support crew coordination and responsibility. The main trade\u2011off is their unfriendly demeanor, which could hinder cooperation and the cockpit atmosphere.\nMETADATA_JSON:\n{\"agent\": \"agent_3\", \"vote\": \"Candidate A\"}"}
2026-05-10 06:12:29,243 - INFO - Agent turns: 9
2026-05-10 06:12:31,663 - INFO - Tokens - Input: 2386, Output: 222, Total: 2608
{"id": 15, "ts": 1778386351.6645548, "event": "public_discussion_message", "round": 4, "agent": "agent_1", "message": "I continue to favor **Candidate\u202fA**. Their ability to anticipate dangerous situations and excellent spatial vision provide the technical competence essential for long\u2011distance navigation, while their very good leadership qualities support effective crew coordination and responsibility. The main trade\u2011off is their unfriendly demeanor, which could impede cooperation and the cockpit atmosphere.\nMETADATA_JSON:\n{\"agent\": \"agent_1\", \"vote\": \"Candidate A\"}"}
2026-05-10 06:12:31,664 - INFO - Agent turns: 10
2026-05-10 06:12:38,971 - INFO - Tokens - Input: 2483, Output: 858, Total: 3341
{"id": 16, "ts": 1778386358.973003, "event": "public_discussion_message", "round": 4, "agent": "agent_2", "message": "I continue to favor **Candidate\u202fB**. Their very conscientious nature and strong stress\u2011handling give high reliability and calmness under pressure, while their ability to assess weather and excellent computer skills support the technical competence needed for long\u2011distance flights. The main trade\u2011off is their tendency to make nasty remarks about colleagues, which could undermine crew cooperation and cockpit atmosphere.\nMETADATA_JSON:\n{\"agent\": \"agent_2\", \"vote\": \"Candidate B\"}"}
2026-05-10 06:12:38,973 - INFO - Agent turns: 11
2026-05-10 06:12:38,981 - INFO - Loop 4 completed
{"id": 17, "ts": 1778386358.987279, "event": "discussion_order", "round": 5, "order": ["agent_1", "agent_3", "agent_2"]}
2026-05-10 06:12:47,156 - INFO - Tokens - Input: 2521, Output: 872, Total: 3393
{"id": 18, "ts": 1778386367.157685, "event": "public_discussion_message", "round": 5, "agent": "agent_1", "message": "I continue to favor **Candidate\u202fA**. Their ability to anticipate dangerous situations, see complex connections, and excellent spatial vision give them top\u2011tier technical competence essential for long\u2011distance navigation, while their very good leadership qualities support effective crew coordination and responsibility. The main trade\u2011off is that they can be unorganized and struggle with criticism, which could undermine reliability and teamwork under stress.\nMETADATA_JSON:\n{\"agent\": \"agent_1\", \"vote\": \"Candidate A\"}"}
2026-05-10 06:12:47,157 - INFO - Agent turns: 12
2026-05-10 06:12:55,615 - INFO - Tokens - Input: 2696, Output: 1097, Total: 3793
{"id": 19, "ts": 1778386375.616469, "event": "public_discussion_message", "round": 5, "agent": "agent_3", "message": "I currently favor **Candidate\u202fB**. Their conscientious nature and strong stress\u2011handling give high reliability and calmness under pressure, while their ability to assess weather and excellent computer skills provide essential technical competence for long\u2011distance flights. The main trade\u2011off is their pretentious demeanor and occasional inappropriate tone, which could undermine crew cooperation and cockpit atmosphere.\nMETADATA_JSON:\n{\"agent\": \"agent_3\", \"vote\": \"Candidate B\"}"}
2026-05-10 06:12:55,616 - INFO - Agent turns: 13
2026-05-10 06:13:05,978 - INFO - Tokens - Input: 2794, Output: 1252, Total: 4046
{"id": 20, "ts": 1778386385.980276, "event": "public_discussion_message", "round": 5, "agent": "agent_2", "message": "I continue to favor **Candidate\u202fB**. Their very conscientious nature and strong stress\u2011handling give high reliability and calmness under pressure, while their ability to assess weather and excellent computer skills provide essential technical competence for long\u2011distance flights. The main trade\u2011off is their tendency to make nasty remarks about colleagues (and a relatively weak memory for numbers), which could undermine crew cooperation and cockpit communication.\nMETADATA_JSON:\n{\"agent\": \"agent_2\", \"vote\": \"Candidate B\"}"}
2026-05-10 06:13:05,980 - INFO - Agent turns: 14
2026-05-10 06:13:05,990 - INFO - Loop 5 completed
2026-05-10 06:13:05,990 - INFO - Final Chosen Candidate: Candidate B
2026-05-10 06:13:05,990 - INFO - Final Decision Method: max_round_majority_vote
2026-05-10 06:13:05,990 - INFO - Final Vote Count: {'Candidate A': 1, 'Candidate B': 2}
2026-05-10 06:13:05,990 - INFO - Correct Candidate: Candidate C
2026-05-10 06:13:05,990 - INFO - Decision Correct: 0
{"id": 21, "ts": 1778386385.9924355, "event": "context_consistency_not_applicable", "reason": "explicit_smm_memory_disabled"}
{"id": 22, "ts": 1778386385.9925885, "event": "final_decision", "candidate": "Candidate B", "method": "max_round_majority_vote", "vote_count": {"Candidate A": 1, "Candidate B": 2}, "correct_candidate": "Candidate C", "decision_correct": 0, "round": 5}
2026-05-10 06:13:06,000 - INFO - ======================================================================
2026-05-10 06:13:06,000 - INFO - SIMULATION METRICS
2026-05-10 06:13:06,000 - INFO - ======================================================================
2026-05-10 06:13:06,000 - INFO - Total Loops: 5
2026-05-10 06:13:06,000 - INFO - Agent Turns (no vote checker): 14
2026-05-10 06:13:06,000 - INFO - Agent Tool Calls: 0
2026-05-10 06:13:06,000 - INFO - Agent Tool Messages: 0
2026-05-10 06:13:06,000 - INFO - Memory Updates: 0
2026-05-10 06:13:06,000 - INFO - Total Messages (no vote checker): 14
2026-05-10 06:13:06,001 - INFO - Input Tokens: 31591
2026-05-10 06:13:06,001 - INFO - Output Tokens: 12421
2026-05-10 06:13:06,001 - INFO - Total Tokens: 44012
2026-05-10 06:13:06,001 - INFO - Final Chosen Candidate: Candidate B
2026-05-10 06:13:06,001 - INFO - Final Decision Method: max_round_majority_vote
2026-05-10 06:13:06,001 - INFO - Final Vote Count: {'Candidate A': 1, 'Candidate B': 2}
2026-05-10 06:13:06,001 - INFO - Correct Candidate: Candidate C
2026-05-10 06:13:06,001 - INFO - Decision Correct: 0
2026-05-10 06:13:06,001 - INFO - Runtime: 116.51s
2026-05-10 06:13:06,001 - INFO - ======================================================================
