2026-05-01 09:41:48,392 - INFO - Metrics tracker initialized
{"id": 1, "ts": 1777621308.402595, "event": "memory_reset"}
2026-05-01 09:41:51,551 - INFO - Tokens - Input: 839, Output: 346, Total: 1185
{"id": 2, "ts": 1777621311.552505, "event": "public_discussion_message", "round": 1, "agent": "agent_1", "message": "Eve stands out as the best fit because she combines top technical scores with proven experience in similar high\u2011stakes leadership roles, indicating both immediate impact and reliability."}
2026-05-01 09:41:51,552 - INFO - Agent turns: 1
2026-05-01 09:41:56,018 - INFO - Tokens - Input: 884, Output: 773, Total: 1657
2026-05-01 09:41:56,020 - INFO - Memory updates: 1
{"id": 3, "ts": 1777621316.021149, "event": "memory_updated", "agent": "agent_1", "round": 1}
2026-05-01 09:41:56,372 - INFO - Tokens - Input: 892, Output: 786, Total: 1678
2026-05-01 09:41:56,373 - INFO - Memory updates: 2
{"id": 4, "ts": 1777621316.374089, "event": "memory_updated", "agent": "agent_3", "round": 1}
2026-05-01 09:41:58,919 - INFO - Tokens - Input: 878, Output: 1152, Total: 2030
2026-05-01 09:41:58,920 - INFO - Memory updates: 3
{"id": 5, "ts": 1777621318.920674, "event": "memory_updated", "agent": "agent_2", "round": 1}
2026-05-01 09:42:00,251 - INFO - Tokens - Input: 888, Output: 1118, Total: 2006
2026-05-01 09:42:00,253 - INFO - Memory updates: 4
{"id": 6, "ts": 1777621320.2537332, "event": "memory_updated", "agent": "agent_4", "round": 1}
2026-05-01 09:42:01,480 - INFO - Tokens - Input: 1210, Output: 148, Total: 1358
{"id": 7, "ts": 1777621321.4817522, "event": "public_discussion_message", "round": 1, "agent": "agent_2", "message": "Eve is the best choice because she has top technical scores and proven high\u2011stakes leadership experience, delivering immediate impact and reliability."}
2026-05-01 09:42:01,482 - INFO - Agent turns: 2
2026-05-01 09:42:06,294 - INFO - Tokens - Input: 1243, Output: 789, Total: 2032
2026-05-01 09:42:06,296 - INFO - Memory updates: 5
{"id": 8, "ts": 1777621326.2963881, "event": "memory_updated", "agent": "agent_2", "round": 1}
2026-05-01 09:42:06,417 - INFO - Tokens - Input: 1134, Output: 716, Total: 1850
2026-05-01 09:42:06,419 - INFO - Memory updates: 6
{"id": 9, "ts": 1777621326.419612, "event": "memory_updated", "agent": "agent_1", "round": 1}
2026-05-01 09:42:07,624 - INFO - Tokens - Input: 1264, Output: 973, Total: 2237
2026-05-01 09:42:07,626 - INFO - Memory updates: 7
{"id": 10, "ts": 1777621327.626689, "event": "memory_updated", "agent": "agent_4", "round": 1}
2026-05-01 09:42:08,133 - INFO - Tokens - Input: 1108, Output: 1131, Total: 2239
2026-05-01 09:42:08,135 - INFO - Memory updates: 8
{"id": 11, "ts": 1777621328.135715, "event": "memory_updated", "agent": "agent_3", "round": 1}
2026-05-01 09:42:11,103 - INFO - Tokens - Input: 1216, Output: 398, Total: 1614
{"id": 12, "ts": 1777621331.104288, "event": "public_discussion_message", "round": 1, "agent": "agent_3", "message": "Eve is the strongest choice because she brings top technical scores and proven high\u2011stakes leadership, guaranteeing immediate impact and reliability."}
2026-05-01 09:42:11,104 - INFO - Agent turns: 3
2026-05-01 09:42:16,921 - INFO - Tokens - Input: 1382, Output: 980, Total: 2362
2026-05-01 09:42:16,922 - INFO - Memory updates: 9
{"id": 13, "ts": 1777621336.922708, "event": "memory_updated", "agent": "agent_4", "round": 1}
2026-05-01 09:42:16,948 - INFO - Tokens - Input: 1193, Output: 873, Total: 2066
2026-05-01 09:42:16,949 - INFO - Memory updates: 10
{"id": 14, "ts": 1777621336.949985, "event": "memory_updated", "agent": "agent_1", "round": 1}
2026-05-01 09:42:20,319 - INFO - Tokens - Input: 1270, Output: 982, Total: 2252
2026-05-01 09:42:20,321 - INFO - Memory updates: 11
{"id": 15, "ts": 1777621340.321672, "event": "memory_updated", "agent": "agent_2", "round": 1}
2026-05-01 09:42:26,384 - INFO - Tokens - Input: 1246, Output: 793, Total: 2039
2026-05-01 09:42:26,386 - INFO - Memory updates: 12
{"id": 16, "ts": 1777621346.386441, "event": "memory_updated", "agent": "agent_3", "round": 1}
2026-05-01 09:42:27,283 - INFO - Tokens - Input: 1415, Output: 127, Total: 1542
{"id": 17, "ts": 1777621347.284726, "event": "public_discussion_message", "round": 1, "agent": "agent_4", "message": "Eve is the best choice because her proven high\u2011stakes leadership and top technical scores demonstrate the reliability and immediate impact required for this role."}
2026-05-01 09:42:27,284 - INFO - Agent turns: 4
2026-05-01 09:42:31,894 - INFO - Tokens - Input: 1295, Output: 788, Total: 2083
2026-05-01 09:42:31,896 - INFO - Memory updates: 13
{"id": 18, "ts": 1777621351.8965042, "event": "memory_updated", "agent": "agent_3", "round": 1}
2026-05-01 09:42:32,423 - INFO - Tokens - Input: 1239, Output: 746, Total: 1985
2026-05-01 09:42:32,424 - INFO - Memory updates: 14
{"id": 19, "ts": 1777621352.424177, "event": "memory_updated", "agent": "agent_1", "round": 1}
2026-05-01 09:42:32,897 - INFO - Tokens - Input: 1342, Output: 878, Total: 2220
2026-05-01 09:42:32,899 - INFO - Memory updates: 15
{"id": 20, "ts": 1777621352.899549, "event": "memory_updated", "agent": "agent_2", "round": 1}
2026-05-01 09:42:34,051 - INFO - Tokens - Input: 1454, Output: 966, Total: 2420
2026-05-01 09:42:34,053 - INFO - Memory updates: 16
{"id": 21, "ts": 1777621354.05328, "event": "memory_updated", "agent": "agent_4", "round": 1}
2026-05-01 09:42:34,060 - INFO - Loop 1 completed
2026-05-01 09:42:34,060 - INFO - Final Chosen Candidate: Eve
2026-05-01 09:42:34,060 - INFO - Final Decision Method: consensus
2026-05-01 09:42:34,060 - INFO - Final Vote Count: {'Eve': 4}
2026-05-01 09:42:34,060 - INFO - Correct Candidate: Eve
2026-05-01 09:42:34,060 - INFO - Decision Correct: 1
{"id": 22, "ts": 1777621354.537498, "event": "context_consistency_calculated", "method": "embedding_cosine", "mean_pairwise_similarity": 0.917657, "pairwise": [{"agent_a": "agent_1", "agent_b": "agent_2", "similarity": 0.925337}, {"agent_a": "agent_1", "agent_b": "agent_3", "similarity": 0.903502}, {"agent_a": "agent_1", "agent_b": "agent_4", "similarity": 0.915879}, {"agent_a": "agent_2", "agent_b": "agent_3", "similarity": 0.929979}, {"agent_a": "agent_2", "agent_b": "agent_4", "similarity": 0.921897}, {"agent_a": "agent_3", "agent_b": "agent_4", "similarity": 0.909347}]}
{"id": 23, "ts": 1777621354.5375638, "event": "agent_memories_archived", "directory": "/Users/leonardhegemann/Documents/Studium/Bachelor/SoSe_2026/Abschlussarbeit/bachelor_thesis/01_data/raw/simulations/low/low_20260501_093142_006/shared_mental_models", "round": 1}
{"id": 24, "ts": 1777621354.537597, "event": "final_decision", "candidate": "Eve", "method": "consensus", "vote_count": {"Eve": 4}, "correct_candidate": "Eve", "decision_correct": 1, "round": 1}
2026-05-01 09:42:34,540 - INFO - ======================================================================
2026-05-01 09:42:34,541 - INFO - SIMULATION METRICS
2026-05-01 09:42:34,541 - INFO - ======================================================================
2026-05-01 09:42:34,541 - INFO - Total Loops: 1
2026-05-01 09:42:34,541 - INFO - Agent Turns (no vote checker): 4
2026-05-01 09:42:34,541 - INFO - Agent Tool Calls: 0
2026-05-01 09:42:34,541 - INFO - Memory Updates: 16
2026-05-01 09:42:34,541 - INFO - Total Messages (no vote checker): 4
2026-05-01 09:42:34,541 - INFO - Input Tokens: 23392
2026-05-01 09:42:34,541 - INFO - Output Tokens: 15463
2026-05-01 09:42:34,541 - INFO - Total Tokens: 38855
2026-05-01 09:42:34,541 - INFO - Final Chosen Candidate: Eve
2026-05-01 09:42:34,541 - INFO - Final Decision Method: consensus
2026-05-01 09:42:34,541 - INFO - Final Vote Count: {'Eve': 4}
2026-05-01 09:42:34,541 - INFO - Correct Candidate: Eve
2026-05-01 09:42:34,541 - INFO - Decision Correct: 1
2026-05-01 09:42:34,541 - INFO - Runtime: 46.15s
2026-05-01 09:42:34,541 - INFO - ======================================================================
