2026-05-16 21:13:57,188 - INFO - Metrics tracker initialized
{"id": 1, "ts": 1778958837.2281532, "event": "memory_reset"}
{"id": 2, "ts": 1778958837.2321947, "event": "discussion_order", "round": 1, "order": ["agent_2", "agent_1", "agent_3"]}
2026-05-16 21:14:03,450 - INFO - Tokens - Input: 1944, Output: 637, Total: 2581
{"id": 3, "ts": 1778958843.4537702, "event": "public_discussion_message", "round": 1, "agent": "agent_2", "message": "Candidate B \u2013 handles stress very well.\nMETADATA_JSON:\n{\"agent\": \"agent_2\", \"vote\": \"Candidate B\"}"}
2026-05-16 21:14:03,453 - INFO - Agent turns: 1
2026-05-16 21:14:09,175 - INFO - Tokens - Input: 1576, Output: 474, Total: 2050
2026-05-16 21:14:09,178 - INFO - Memory updates: 1
{"id": 4, "ts": 1778958849.1781507, "event": "memory_updated", "agent": "agent_1", "round": 1}
2026-05-16 21:14:12,710 - INFO - Tokens - Input: 1579, Output: 903, Total: 2482
2026-05-16 21:14:12,712 - INFO - Memory updates: 2
{"id": 5, "ts": 1778958852.7126176, "event": "memory_updated", "agent": "agent_2", "round": 1}
2026-05-16 21:14:13,057 - INFO - Tokens - Input: 1571, Output: 955, Total: 2526
2026-05-16 21:14:13,059 - INFO - Memory updates: 3
{"id": 6, "ts": 1778958853.0599668, "event": "memory_updated", "agent": "agent_3", "round": 1}
2026-05-16 21:14:18,619 - INFO - Tokens - Input: 1926, Output: 790, Total: 2716
{"id": 7, "ts": 1778958858.621296, "event": "public_discussion_message", "round": 1, "agent": "agent_1", "message": "Candidate D \u2013 solves problems extremely well.\nMETADATA_JSON:\n{\"agent\": \"agent_1\", \"vote\": \"Candidate D\"}"}
2026-05-16 21:14:18,621 - INFO - Agent turns: 2
2026-05-16 21:14:31,824 - INFO - Tokens - Input: 1579, Output: 1140, Total: 2719
2026-05-16 21:14:31,826 - INFO - Memory updates: 4
{"id": 8, "ts": 1778958871.8269305, "event": "memory_updated", "agent": "agent_2", "round": 1}
2026-05-16 21:14:32,445 - INFO - Tokens - Input: 1567, Output: 1214, Total: 2781
2026-05-16 21:14:32,448 - INFO - Memory updates: 5
{"id": 9, "ts": 1778958872.4481783, "event": "memory_updated", "agent": "agent_1", "round": 1}
2026-05-16 21:14:35,752 - INFO - Tokens - Input: 1593, Output: 1697, Total: 3290
2026-05-16 21:14:35,754 - INFO - Memory updates: 6
{"id": 10, "ts": 1778958875.7548473, "event": "memory_updated", "agent": "agent_3", "round": 1}
2026-05-16 21:14:39,739 - INFO - Tokens - Input: 2133, Output: 546, Total: 2679
{"id": 11, "ts": 1778958879.741167, "event": "public_discussion_message", "round": 1, "agent": "agent_3", "message": "Candidate B \u2013 handles stress very well.\nMETADATA_JSON:\n{\"agent\": \"agent_3\", \"vote\": \"Candidate B\"}"}
2026-05-16 21:14:39,741 - INFO - Agent turns: 3
2026-05-16 21:14:45,509 - INFO - Tokens - Input: 1731, Output: 467, Total: 2198
2026-05-16 21:14:45,511 - INFO - Memory updates: 7
{"id": 12, "ts": 1778958885.5116968, "event": "memory_updated", "agent": "agent_1", "round": 1}
2026-05-16 21:14:48,314 - INFO - Tokens - Input: 1774, Output: 799, Total: 2573
2026-05-16 21:14:48,317 - INFO - Memory updates: 8
{"id": 13, "ts": 1778958888.3172402, "event": "memory_updated", "agent": "agent_3", "round": 1}
2026-05-16 21:14:49,309 - INFO - Tokens - Input: 1638, Output: 947, Total: 2585
2026-05-16 21:14:49,311 - INFO - Memory updates: 9
{"id": 14, "ts": 1778958889.3113167, "event": "memory_updated", "agent": "agent_2", "round": 1}
2026-05-16 21:14:49,320 - INFO - Loop 1 completed
{"id": 15, "ts": 1778958889.3267117, "event": "discussion_order", "round": 2, "order": ["agent_2", "agent_3", "agent_1"]}
2026-05-16 21:14:53,320 - INFO - Tokens - Input: 2078, Output: 560, Total: 2638
{"id": 16, "ts": 1778958893.3221679, "event": "public_discussion_message", "round": 2, "agent": "agent_2", "message": "Candidate B \u2013 makes nasty remarks about colleagues.\nMETADATA_JSON:\n{\"agent\": \"agent_2\", \"vote\": \"Candidate B\"}"}
2026-05-16 21:14:53,322 - INFO - Agent turns: 4
2026-05-16 21:15:06,049 - INFO - Tokens - Input: 1812, Output: 1069, Total: 2881
2026-05-16 21:15:06,051 - INFO - Memory updates: 10
{"id": 17, "ts": 1778958906.0516348, "event": "memory_updated", "agent": "agent_3", "round": 2}
2026-05-16 21:15:06,056 - INFO - Tokens - Input: 1720, Output: 1070, Total: 2790
2026-05-16 21:15:06,058 - INFO - Memory updates: 11
{"id": 18, "ts": 1778958906.0584068, "event": "memory_updated", "agent": "agent_2", "round": 2}
2026-05-16 21:15:07,614 - INFO - Tokens - Input: 1785, Output: 1300, Total: 3085
2026-05-16 21:15:07,616 - INFO - Memory updates: 12
{"id": 19, "ts": 1778958907.616606, "event": "memory_updated", "agent": "agent_1", "round": 2}
2026-05-16 21:15:11,129 - INFO - Tokens - Input: 2232, Output: 469, Total: 2701
{"id": 20, "ts": 1778958911.130874, "event": "public_discussion_message", "round": 2, "agent": "agent_3", "message": "Candidate D \u2013 solves problems extremely well.\nMETADATA_JSON:\n{\"agent\": \"agent_3\", \"vote\": \"Candidate D\"}"}
2026-05-16 21:15:11,131 - INFO - Agent turns: 5
2026-05-16 21:15:20,859 - INFO - Tokens - Input: 1873, Output: 790, Total: 2663
2026-05-16 21:15:20,861 - INFO - Memory updates: 13
{"id": 21, "ts": 1778958920.8617816, "event": "memory_updated", "agent": "agent_3", "round": 2}
2026-05-16 21:15:23,556 - INFO - Tokens - Input: 1845, Output: 1105, Total: 2950
2026-05-16 21:15:23,559 - INFO - Memory updates: 14
{"id": 22, "ts": 1778958923.559436, "event": "memory_updated", "agent": "agent_1", "round": 2}
2026-05-16 21:15:30,089 - INFO - Tokens - Input: 1828, Output: 2039, Total: 3867
2026-05-16 21:15:30,091 - INFO - Memory updates: 15
{"id": 23, "ts": 1778958930.0918853, "event": "memory_updated", "agent": "agent_2", "round": 2}
2026-05-16 21:15:33,001 - INFO - Tokens - Input: 2256, Output: 379, Total: 2635
{"id": 24, "ts": 1778958933.0035028, "event": "public_discussion_message", "round": 2, "agent": "agent_1", "message": "Candidate D \u2013 solves problems extremely well.\nMETADATA_JSON:\n{\"agent\": \"agent_1\", \"vote\": \"Candidate D\"}"}
2026-05-16 21:15:33,003 - INFO - Agent turns: 6
2026-05-16 21:15:38,021 - INFO - Tokens - Input: 1909, Output: 381, Total: 2290
2026-05-16 21:15:38,023 - INFO - Memory updates: 16
{"id": 25, "ts": 1778958938.0237443, "event": "memory_updated", "agent": "agent_3", "round": 2}
2026-05-16 21:15:38,813 - INFO - Tokens - Input: 1897, Output: 474, Total: 2371
2026-05-16 21:15:38,815 - INFO - Memory updates: 17
{"id": 26, "ts": 1778958938.8155303, "event": "memory_updated", "agent": "agent_1", "round": 2}
2026-05-16 21:15:39,287 - INFO - Tokens - Input: 2047, Output: 541, Total: 2588
2026-05-16 21:15:39,290 - INFO - Memory updates: 18
{"id": 27, "ts": 1778958939.29032, "event": "memory_updated", "agent": "agent_2", "round": 2}
2026-05-16 21:15:39,299 - INFO - Loop 2 completed
{"id": 28, "ts": 1778958939.3059227, "event": "discussion_order", "round": 3, "order": ["agent_3", "agent_2", "agent_1"]}
2026-05-16 21:15:42,598 - INFO - Tokens - Input: 2304, Output: 413, Total: 2717
{"id": 29, "ts": 1778958942.6062593, "event": "public_discussion_message", "round": 3, "agent": "agent_3", "message": "Candidate D \u2013 solves problems extremely well.\nMETADATA_JSON:\n{\"agent\": \"agent_3\", \"vote\": \"Candidate D\"}"}
2026-05-16 21:15:42,606 - INFO - Agent turns: 7
2026-05-16 21:15:48,391 - INFO - Tokens - Input: 1933, Output: 424, Total: 2357
2026-05-16 21:15:48,394 - INFO - Memory updates: 19
{"id": 30, "ts": 1778958948.3945715, "event": "memory_updated", "agent": "agent_1", "round": 3}
2026-05-16 21:15:48,655 - INFO - Tokens - Input: 2083, Output: 452, Total: 2535
2026-05-16 21:15:48,657 - INFO - Memory updates: 20
{"id": 31, "ts": 1778958948.6576126, "event": "memory_updated", "agent": "agent_2", "round": 3}
2026-05-16 21:15:49,024 - INFO - Tokens - Input: 1945, Output: 502, Total: 2447
2026-05-16 21:15:49,026 - INFO - Memory updates: 21
{"id": 32, "ts": 1778958949.0268826, "event": "memory_updated", "agent": "agent_3", "round": 3}
2026-05-16 21:15:50,531 - INFO - Tokens - Input: 2478, Output: 150, Total: 2628
{"id": 33, "ts": 1778958950.5330856, "event": "public_discussion_message", "round": 3, "agent": "agent_2", "message": "Candidate B \u2013 handles stress very well.\nMETADATA_JSON:\n{\"agent\": \"agent_2\", \"vote\": \"Candidate B\"}"}
2026-05-16 21:15:50,533 - INFO - Agent turns: 8
2026-05-16 21:15:54,449 - INFO - Tokens - Input: 2119, Output: 257, Total: 2376
2026-05-16 21:15:54,452 - INFO - Memory updates: 22
{"id": 34, "ts": 1778958954.452547, "event": "memory_updated", "agent": "agent_2", "round": 3}
2026-05-16 21:15:55,051 - INFO - Tokens - Input: 1969, Output: 323, Total: 2292
2026-05-16 21:15:55,053 - INFO - Memory updates: 23
{"id": 35, "ts": 1778958955.0540605, "event": "memory_updated", "agent": "agent_1", "round": 3}
2026-05-16 21:15:55,863 - INFO - Tokens - Input: 1981, Output: 429, Total: 2410
2026-05-16 21:15:55,866 - INFO - Memory updates: 24
{"id": 36, "ts": 1778958955.8661995, "event": "memory_updated", "agent": "agent_3", "round": 3}
2026-05-16 21:15:59,071 - INFO - Tokens - Input: 2364, Output: 379, Total: 2743
{"id": 37, "ts": 1778958959.073285, "event": "public_discussion_message", "round": 3, "agent": "agent_1", "message": "Candidate D \u2013 takes responsibility seriously.\nMETADATA_JSON:\n{\"agent\": \"agent_1\", \"vote\": \"Candidate D\"}"}
2026-05-16 21:15:59,073 - INFO - Agent turns: 9
2026-05-16 21:16:10,375 - INFO - Tokens - Input: 2016, Output: 856, Total: 2872
2026-05-16 21:16:10,378 - INFO - Memory updates: 25
{"id": 38, "ts": 1778958970.3783605, "event": "memory_updated", "agent": "agent_3", "round": 3}
2026-05-16 21:16:13,239 - INFO - Tokens - Input: 2004, Output: 1164, Total: 3168
2026-05-16 21:16:13,242 - INFO - Memory updates: 26
{"id": 39, "ts": 1778958973.2423286, "event": "memory_updated", "agent": "agent_1", "round": 3}
2026-05-16 21:16:15,367 - INFO - Tokens - Input: 2154, Output: 1437, Total: 3591
2026-05-16 21:16:15,370 - INFO - Memory updates: 27
{"id": 40, "ts": 1778958975.3702548, "event": "memory_updated", "agent": "agent_2", "round": 3}
2026-05-16 21:16:15,380 - INFO - Loop 3 completed
{"id": 41, "ts": 1778958975.3866355, "event": "discussion_order", "round": 4, "order": ["agent_3", "agent_2", "agent_1"]}
2026-05-16 21:16:18,906 - INFO - Tokens - Input: 2426, Output: 396, Total: 2822
{"id": 42, "ts": 1778958978.9079232, "event": "public_discussion_message", "round": 4, "agent": "agent_3", "message": "Candidate D \u2013 solves problems extremely well.\nMETADATA_JSON:\n{\"agent\": \"agent_3\", \"vote\": \"Candidate D\"}"}
2026-05-16 21:16:18,908 - INFO - Agent turns: 10
2026-05-16 21:16:22,907 - INFO - Tokens - Input: 2055, Output: 255, Total: 2310
2026-05-16 21:16:22,909 - INFO - Memory updates: 28
{"id": 43, "ts": 1778958982.9097035, "event": "memory_updated", "agent": "agent_1", "round": 4}
2026-05-16 21:16:24,172 - INFO - Tokens - Input: 2230, Output: 390, Total: 2620
2026-05-16 21:16:24,175 - INFO - Memory updates: 29
{"id": 44, "ts": 1778958984.1751359, "event": "memory_updated", "agent": "agent_2", "round": 4}
2026-05-16 21:16:25,262 - INFO - Tokens - Input: 2067, Output: 531, Total: 2598
2026-05-16 21:16:25,264 - INFO - Memory updates: 30
{"id": 45, "ts": 1778958985.26496, "event": "memory_updated", "agent": "agent_3", "round": 4}
2026-05-16 21:16:26,985 - INFO - Tokens - Input: 2625, Output: 157, Total: 2782
{"id": 46, "ts": 1778958986.98686, "event": "public_discussion_message", "round": 4, "agent": "agent_2", "message": "Candidate B \u2013 handles stress very well.\nMETADATA_JSON:\n{\"agent\": \"agent_2\", \"vote\": \"Candidate B\"}"}
2026-05-16 21:16:26,987 - INFO - Agent turns: 11
2026-05-16 21:16:31,464 - INFO - Tokens - Input: 2103, Output: 285, Total: 2388
2026-05-16 21:16:31,466 - INFO - Memory updates: 31
{"id": 47, "ts": 1778958991.4669814, "event": "memory_updated", "agent": "agent_3", "round": 4}
2026-05-16 21:16:33,458 - INFO - Tokens - Input: 2091, Output: 501, Total: 2592
2026-05-16 21:16:33,460 - INFO - Memory updates: 32
{"id": 48, "ts": 1778958993.4607377, "event": "memory_updated", "agent": "agent_1", "round": 4}
2026-05-16 21:16:34,109 - INFO - Tokens - Input: 2266, Output: 584, Total: 2850
2026-05-16 21:16:34,111 - INFO - Memory updates: 33
{"id": 49, "ts": 1778958994.112112, "event": "memory_updated", "agent": "agent_2", "round": 4}
2026-05-16 21:16:36,306 - INFO - Tokens - Input: 2486, Output: 231, Total: 2717
{"id": 50, "ts": 1778958996.3072941, "event": "public_discussion_message", "round": 4, "agent": "agent_1", "message": "Candidate D \u2013 responds to unexpected events adequately.\nMETADATA_JSON:\n{\"agent\": \"agent_1\", \"vote\": \"Candidate D\"}"}
2026-05-16 21:16:36,307 - INFO - Agent turns: 12
2026-05-16 21:16:46,490 - INFO - Tokens - Input: 2128, Output: 727, Total: 2855
2026-05-16 21:16:46,493 - INFO - Memory updates: 34
{"id": 51, "ts": 1778959006.4935155, "event": "memory_updated", "agent": "agent_1", "round": 4}
2026-05-16 21:16:49,032 - INFO - Tokens - Input: 2140, Output: 993, Total: 3133
2026-05-16 21:16:49,034 - INFO - Memory updates: 35
{"id": 52, "ts": 1778959009.0349345, "event": "memory_updated", "agent": "agent_3", "round": 4}
2026-05-16 21:16:53,674 - INFO - Tokens - Input: 2303, Output: 1584, Total: 3887
2026-05-16 21:16:53,677 - INFO - Memory updates: 36
{"id": 53, "ts": 1778959013.6772616, "event": "memory_updated", "agent": "agent_2", "round": 4}
2026-05-16 21:16:53,686 - INFO - Loop 4 completed
{"id": 54, "ts": 1778959013.6925747, "event": "discussion_order", "round": 5, "order": ["agent_3", "agent_2", "agent_1"]}
2026-05-16 21:16:56,674 - INFO - Tokens - Input: 2555, Output: 319, Total: 2874
{"id": 55, "ts": 1778959016.6761193, "event": "public_discussion_message", "round": 5, "agent": "agent_3", "message": "Candidate D \u2013 solves problems extremely well.\nMETADATA_JSON:\n{\"agent\": \"agent_3\", \"vote\": \"Candidate D\"}"}
2026-05-16 21:16:56,676 - INFO - Agent turns: 13
2026-05-16 21:17:00,776 - INFO - Tokens - Input: 2181, Output: 247, Total: 2428
2026-05-16 21:17:00,778 - INFO - Memory updates: 37
{"id": 56, "ts": 1778959020.7786348, "event": "memory_updated", "agent": "agent_1", "round": 5}
2026-05-16 21:17:03,720 - INFO - Tokens - Input: 2384, Output: 558, Total: 2942
2026-05-16 21:17:03,722 - INFO - Memory updates: 38
{"id": 57, "ts": 1778959023.722754, "event": "memory_updated", "agent": "agent_2", "round": 5}
2026-05-16 21:17:06,410 - INFO - Tokens - Input: 2196, Output: 903, Total: 3099
2026-05-16 21:17:06,412 - INFO - Memory updates: 39
{"id": 58, "ts": 1778959026.4121888, "event": "memory_updated", "agent": "agent_3", "round": 5}
2026-05-16 21:17:11,785 - INFO - Tokens - Input: 2779, Output: 620, Total: 3399
{"id": 59, "ts": 1778959031.7872045, "event": "public_discussion_message", "round": 5, "agent": "agent_2", "message": "Candidate D \u2013 takes responsibility seriously.\nMETADATA_JSON:\n{\"agent\": \"agent_2\", \"vote\": \"Candidate D\"}"}
2026-05-16 21:17:11,787 - INFO - Agent turns: 14
2026-05-16 21:17:27,323 - INFO - Tokens - Input: 2216, Output: 1137, Total: 3353
2026-05-16 21:17:27,326 - INFO - Memory updates: 40
{"id": 60, "ts": 1778959047.326284, "event": "memory_updated", "agent": "agent_1", "round": 5}
2026-05-16 21:17:27,351 - INFO - Tokens - Input: 2419, Output: 1138, Total: 3557
2026-05-16 21:17:27,353 - INFO - Memory updates: 41
{"id": 61, "ts": 1778959047.353777, "event": "memory_updated", "agent": "agent_2", "round": 5}
2026-05-16 21:17:29,232 - INFO - Tokens - Input: 2248, Output: 1378, Total: 3626
2026-05-16 21:17:29,235 - INFO - Memory updates: 42
{"id": 62, "ts": 1778959049.2352462, "event": "memory_updated", "agent": "agent_3", "round": 5}
2026-05-16 21:17:30,487 - INFO - Tokens - Input: 2637, Output: 108, Total: 2745
{"id": 63, "ts": 1778959050.4884307, "event": "public_discussion_message", "round": 5, "agent": "agent_1", "message": "Candidate D \u2013 takes responsibility seriously\nMETADATA_JSON:\n{\"agent\": \"agent_1\", \"vote\": \"Candidate D\"}"}
2026-05-16 21:17:30,488 - INFO - Agent turns: 15
2026-05-16 21:17:36,460 - INFO - Tokens - Input: 2277, Output: 384, Total: 2661
2026-05-16 21:17:36,463 - INFO - Memory updates: 43
{"id": 64, "ts": 1778959056.4635231, "event": "memory_updated", "agent": "agent_1", "round": 5}
2026-05-16 21:17:40,222 - INFO - Tokens - Input: 2276, Output: 778, Total: 3054
2026-05-16 21:17:40,225 - INFO - Memory updates: 44
{"id": 65, "ts": 1778959060.225181, "event": "memory_updated", "agent": "agent_3", "round": 5}
2026-05-16 21:17:42,801 - INFO - Tokens - Input: 2378, Output: 1106, Total: 3484
2026-05-16 21:17:42,804 - INFO - Memory updates: 45
{"id": 66, "ts": 1778959062.8047483, "event": "memory_updated", "agent": "agent_2", "round": 5}
2026-05-16 21:17:42,814 - INFO - Loop 5 completed
2026-05-16 21:17:42,814 - INFO - Final Chosen Candidate: Candidate D
2026-05-16 21:17:42,815 - INFO - Final Decision Method: consensus
2026-05-16 21:17:42,815 - INFO - Final Vote Count: {'Candidate D': 3}
2026-05-16 21:17:42,815 - INFO - Correct Candidate: Candidate C
2026-05-16 21:17:42,815 - INFO - Decision Correct: 0
{"id": 67, "ts": 1778959063.4921763, "event": "context_consistency_calculated", "method": "weighted_section_embedding_cosine", "mean_pairwise_similarity": 0.906496, "pairwise": [{"agent_a": "agent_1", "agent_b": "agent_2", "similarity": 0.890381, "sections": [{"section": "task_summary", "weight": 0.02, "similarity": 1.0}, {"section": "revealed_facts_by_source", "weight": 0.3, "similarity": 0.986532}, {"section": "candidate_evaluation", "weight": 0.35, "similarity": 0.811291}, {"section": "other_agents_positions", "weight": 0.15, "similarity": 0.981499}, {"section": "emerging_group_view", "weight": 0.13, "similarity": 0.717265}, {"section": "open_questions_next_step_focus", "weight": 0.05, "similarity": 1.0}]}, {"agent_a": "agent_1", "agent_b": "agent_3", "similarity": 0.960723, "sections": [{"section": "task_summary", "weight": 0.02, "similarity": 1.0}, {"section": "revealed_facts_by_source", "weight": 0.3, "similarity": 0.987295}, {"section": "candidate_evaluation", "weight": 0.35, "similarity": 0.918529}, {"section": "other_agents_positions", "weight": 0.15, "similarity": 0.97362}, {"section": "emerging_group_view", "weight": 0.13, "similarity": 0.976974}, {"section": "open_questions_next_step_focus", "weight": 0.05, "similarity": 1.0}]}, {"agent_a": "agent_2", "agent_b": "agent_3", "similarity": 0.868383, "sections": [{"section": "task_summary", "weight": 0.02, "similarity": 1.0}, {"section": "revealed_facts_by_source", "weight": 0.3, "similarity": 0.985101}, {"section": "candidate_evaluation", "weight": 0.35, "similarity": 0.748382}, {"section": "other_agents_positions", "weight": 0.15, "similarity": 0.971916}, {"section": "emerging_group_view", "weight": 0.13, "similarity": 0.731782}, {"section": "open_questions_next_step_focus", "weight": 0.05, "similarity": 1.0}]}]}
{"id": 68, "ts": 1778959063.4923089, "event": "gold_standard_alignment_calculated", "method": "rule_based_fact_coverage", "mean_alignment": 0.516667, "by_agent": [{"agent": "agent_1", "score": 0.625, "matched_facts": 25, "total_facts": 40, "matched_public_facts": 16, "total_public_facts": 16, "public_fact_coverage": 1.0, "matched_own_private_facts": 8, "total_own_private_facts": 8, "own_private_fact_coverage": 1.0, "matched_other_private_facts": 1, "total_other_private_facts": 16, "other_private_fact_coverage": 0.0625, "checks": {"public_candidate_a_can_anticipate_dangerous_situations": 1, "public_candidate_a_is_able_to_see_complex_connections": 1, "public_candidate_a_has_excellent_spatial_vision": 1, "public_candidate_a_has_very_good_leadership_qualities": 1, "public_candidate_b_is_very_conscientious": 1, "public_candidate_b_handles_stress_very_well": 1, "public_candidate_b_is_good_at_assessing_weather_conditions": 1, "public_candidate_b_has_excellent_computer_skills": 1, "public_candidate_c_can_make_correct_decisions_quickly": 1, "public_candidate_c_has_difficulty_communicating_ideas": 1, "public_candidate_c_is_regarded_as_egocentric": 1, "public_candidate_c_is_not_very_willing_to_further_his_education": 1, "public_candidate_d_responds_to_unexpected_events_adequately": 1, "public_candidate_d_can_concentrate_very_well": 1, "public_candidate_d_solves_problems_extremely_well": 1, "public_candidate_d_takes_responsibility_seriously": 1, "agent_1_candidate_a_is_sometimes_not_good_at_taking_criticism": 1, "agent_1_candidate_a_can_be_unorganized": 1, "agent_1_candidate_b_can_be_grumpy": 1, "agent_1_candidate_b_can_be_uncooperative": 1, "agent_1_candidate_c_is_known_to_be_100_percent_reliable": 1, "agent_1_candidate_c_creates_a_positive_atmosphere_with_his_crew": 1, "agent_1_candidate_d_is_regarded_as_arrogant": 1, "agent_1_candidate_d_has_relatively_weak_leadership_skills": 1, "agent_2_candidate_a_is_regarded_as_a_show_off": 0, "agent_2_candidate_a_is_regarded_as_being_not_open_to_new_ideas": 0, "agent_2_candidate_b_has_a_relatively_weak_memory_for_numbers": 0, "agent_2_candidate_b_makes_nasty_remarks_about_his_colleagues": 1, "agent_2_candidate_c_keeps_calm_in_a_crisis": 0, "agent_2_candidate_c_understands_complicated_technology": 0, "agent_2_candidate_d_is_regarded_as_a_know_it_all": 0, "agent_2_candidate_d_has_a_hot_temper": 0, "agent_3_candidate_a_is_unfriendly": 0, "agent_3_candidate_a_eats_unhealthily": 0, "agent_3_candidate_b_is_regarded_as_pretentious": 0, "agent_3_candidate_b_sometimes_adopts_the_wrong_tone_when_communicating": 0, "agent_3_candidate_c_puts_concern_for_others_above_everything": 0, "agent_3_candidate_c_has_excellent_attention_skills": 0, "agent_3_candidate_d_is_considered_moody": 0, "agent_3_candidate_d_is_regarded_as_a_loner": 0}}, {"agent": "agent_2", "score": 0.3, "matched_facts": 12, "total_facts": 40, "matched_public_facts": 8, "total_public_facts": 16, "public_fact_coverage": 0.5, "matched_own_private_facts": 4, "total_own_private_facts": 8, "own_private_fact_coverage": 0.5, "matched_other_private_facts": 0, "total_other_private_facts": 16, "other_private_fact_coverage": 0.0, "checks": {"public_candidate_a_can_anticipate_dangerous_situations": 0, "public_candidate_a_is_able_to_see_complex_connections": 0, "public_candidate_a_has_excellent_spatial_vision": 0, "public_candidate_a_has_very_good_leadership_qualities": 0, "public_candidate_b_is_very_conscientious": 1, "public_candidate_b_handles_stress_very_well": 1, "public_candidate_b_is_good_at_assessing_weather_conditions": 1, "public_candidate_b_has_excellent_computer_skills": 1, "public_candidate_c_can_make_correct_decisions_quickly": 0, "public_candidate_c_has_difficulty_communicating_ideas": 0, "public_candidate_c_is_regarded_as_egocentric": 0, "public_candidate_c_is_not_very_willing_to_further_his_education": 0, "public_candidate_d_responds_to_unexpected_events_adequately": 1, "public_candidate_d_can_concentrate_very_well": 1, "public_candidate_d_solves_problems_extremely_well": 1, "public_candidate_d_takes_responsibility_seriously": 1, "agent_1_candidate_a_is_sometimes_not_good_at_taking_criticism": 0, "agent_1_candidate_a_can_be_unorganized": 0, "agent_1_candidate_b_can_be_grumpy": 0, "agent_1_candidate_b_can_be_uncooperative": 0, "agent_1_candidate_c_is_known_to_be_100_percent_reliable": 0, "agent_1_candidate_c_creates_a_positive_atmosphere_with_his_crew": 0, "agent_1_candidate_d_is_regarded_as_arrogant": 0, "agent_1_candidate_d_has_relatively_weak_leadership_skills": 0, "agent_2_candidate_a_is_regarded_as_a_show_off": 0, "agent_2_candidate_a_is_regarded_as_being_not_open_to_new_ideas": 0, "agent_2_candidate_b_has_a_relatively_weak_memory_for_numbers": 1, "agent_2_candidate_b_makes_nasty_remarks_about_his_colleagues": 1, "agent_2_candidate_c_keeps_calm_in_a_crisis": 0, "agent_2_candidate_c_understands_complicated_technology": 0, "agent_2_candidate_d_is_regarded_as_a_know_it_all": 1, "agent_2_candidate_d_has_a_hot_temper": 1, "agent_3_candidate_a_is_unfriendly": 0, "agent_3_candidate_a_eats_unhealthily": 0, "agent_3_candidate_b_is_regarded_as_pretentious": 0, "agent_3_candidate_b_sometimes_adopts_the_wrong_tone_when_communicating": 0, "agent_3_candidate_c_puts_concern_for_others_above_everything": 0, "agent_3_candidate_c_has_excellent_attention_skills": 0, "agent_3_candidate_d_is_considered_moody": 0, "agent_3_candidate_d_is_regarded_as_a_loner": 0}}, {"agent": "agent_3", "score": 0.625, "matched_facts": 25, "total_facts": 40, "matched_public_facts": 16, "total_public_facts": 16, "public_fact_coverage": 1.0, "matched_own_private_facts": 8, "total_own_private_facts": 8, "own_private_fact_coverage": 1.0, "matched_other_private_facts": 1, "total_other_private_facts": 16, "other_private_fact_coverage": 0.0625, "checks": {"public_candidate_a_can_anticipate_dangerous_situations": 1, "public_candidate_a_is_able_to_see_complex_connections": 1, "public_candidate_a_has_excellent_spatial_vision": 1, "public_candidate_a_has_very_good_leadership_qualities": 1, "public_candidate_b_is_very_conscientious": 1, "public_candidate_b_handles_stress_very_well": 1, "public_candidate_b_is_good_at_assessing_weather_conditions": 1, "public_candidate_b_has_excellent_computer_skills": 1, "public_candidate_c_can_make_correct_decisions_quickly": 1, "public_candidate_c_has_difficulty_communicating_ideas": 1, "public_candidate_c_is_regarded_as_egocentric": 1, "public_candidate_c_is_not_very_willing_to_further_his_education": 1, "public_candidate_d_responds_to_unexpected_events_adequately": 1, "public_candidate_d_can_concentrate_very_well": 1, "public_candidate_d_solves_problems_extremely_well": 1, "public_candidate_d_takes_responsibility_seriously": 1, "agent_1_candidate_a_is_sometimes_not_good_at_taking_criticism": 0, "agent_1_candidate_a_can_be_unorganized": 0, "agent_1_candidate_b_can_be_grumpy": 0, "agent_1_candidate_b_can_be_uncooperative": 0, "agent_1_candidate_c_is_known_to_be_100_percent_reliable": 0, "agent_1_candidate_c_creates_a_positive_atmosphere_with_his_crew": 0, "agent_1_candidate_d_is_regarded_as_arrogant": 0, "agent_1_candidate_d_has_relatively_weak_leadership_skills": 0, "agent_2_candidate_a_is_regarded_as_a_show_off": 0, "agent_2_candidate_a_is_regarded_as_being_not_open_to_new_ideas": 0, "agent_2_candidate_b_has_a_relatively_weak_memory_for_numbers": 0, "agent_2_candidate_b_makes_nasty_remarks_about_his_colleagues": 1, "agent_2_candidate_c_keeps_calm_in_a_crisis": 0, "agent_2_candidate_c_understands_complicated_technology": 0, "agent_2_candidate_d_is_regarded_as_a_know_it_all": 0, "agent_2_candidate_d_has_a_hot_temper": 0, "agent_3_candidate_a_is_unfriendly": 1, "agent_3_candidate_a_eats_unhealthily": 1, "agent_3_candidate_b_is_regarded_as_pretentious": 1, "agent_3_candidate_b_sometimes_adopts_the_wrong_tone_when_communicating": 1, "agent_3_candidate_c_puts_concern_for_others_above_everything": 1, "agent_3_candidate_c_has_excellent_attention_skills": 1, "agent_3_candidate_d_is_considered_moody": 1, "agent_3_candidate_d_is_regarded_as_a_loner": 1}}]}
{"id": 69, "ts": 1778959063.4924276, "event": "agent_memories_archived", "directory": "/home/lhegemann/git/bachelor_thesis/01_data/raw/simulations/low/low_treatment_20260516_211353_001/shared_mental_models", "round": 5}
{"id": 70, "ts": 1778959063.4924645, "event": "final_decision", "candidate": "Candidate D", "method": "consensus", "vote_count": {"Candidate D": 3}, "correct_candidate": "Candidate C", "decision_correct": 0, "round": 5}
2026-05-16 21:17:43,502 - INFO - ======================================================================
2026-05-16 21:17:43,502 - INFO - SIMULATION METRICS
2026-05-16 21:17:43,502 - INFO - ======================================================================
2026-05-16 21:17:43,502 - INFO - Total Loops: 5
2026-05-16 21:17:43,502 - INFO - Agent Turns (no vote checker): 15
2026-05-16 21:17:43,502 - INFO - Agent Tool Calls: 0
2026-05-16 21:17:43,502 - INFO - Agent Tool Messages: 0
2026-05-16 21:17:43,502 - INFO - Memory Updates: 45
2026-05-16 21:17:43,502 - INFO - Total Messages (no vote checker): 15
2026-05-16 21:17:43,502 - INFO - Input Tokens: 124709
2026-05-16 21:17:43,502 - INFO - Output Tokens: 42842
2026-05-16 21:17:43,502 - INFO - Total Tokens: 167551
2026-05-16 21:17:43,502 - INFO - Final Chosen Candidate: Candidate D
2026-05-16 21:17:43,502 - INFO - Final Decision Method: consensus
2026-05-16 21:17:43,502 - INFO - Final Vote Count: {'Candidate D': 3}
2026-05-16 21:17:43,502 - INFO - Correct Candidate: Candidate C
2026-05-16 21:17:43,502 - INFO - Decision Correct: 0
2026-05-16 21:17:43,502 - INFO - Runtime: 226.31s
2026-05-16 21:17:43,503 - INFO - ======================================================================
