2026-05-08 11:58:55,713 - INFO - Metrics tracker initialized
{"id": 1, "ts": 1778234335.739758, "event": "memory_reset"}
{"id": 2, "ts": 1778234335.7438571, "event": "discussion_order", "round": 1, "order": ["agent_2", "agent_3", "agent_1"]}
2026-05-08 11:59:01,913 - INFO - Tokens - Input: 1395, Output: 586, Total: 1981
{"id": 3, "ts": 1778234341.9152906, "event": "public_discussion_message", "round": 1, "agent": "agent_2", "message": "I prefer Candidate B; handles stress very well.\nMETADATA_JSON:\n{\"agent\": \"agent_2\", \"vote\": \"Candidate B\"}"}
2026-05-08 11:59:01,915 - INFO - Agent turns: 1
2026-05-08 11:59:05,605 - INFO - Tokens - Input: 1444, Output: 544, Total: 1988
{"id": 4, "ts": 1778234345.6066036, "event": "public_discussion_message", "round": 1, "agent": "agent_3", "message": "I prefer Candidate B; very conscientious.\nMETADATA_JSON:\n{\"agent\": \"agent_3\", \"vote\": \"Candidate B\"}"}
2026-05-08 11:59:05,606 - INFO - Agent turns: 2
2026-05-08 11:59:09,442 - INFO - Tokens - Input: 1483, Output: 568, Total: 2051
{"id": 5, "ts": 1778234349.4441073, "event": "public_discussion_message", "round": 1, "agent": "agent_1", "message": "I prefer Candidate C; known to be 100% reliable.\nMETADATA_JSON:\n{\"agent\": \"agent_1\", \"vote\": \"Candidate C\"}"}
2026-05-08 11:59:09,444 - INFO - Agent turns: 3
2026-05-08 11:59:09,453 - INFO - Loop 1 completed
{"id": 6, "ts": 1778234349.4603856, "event": "discussion_order", "round": 2, "order": ["agent_2", "agent_1", "agent_3"]}
2026-05-08 11:59:19,182 - INFO - Tokens - Input: 1523, Output: 1175, Total: 2698
{"id": 7, "ts": 1778234359.1864088, "event": "public_discussion_message", "round": 2, "agent": "agent_2", "message": "I prefer Candidate B; good at assessing weather conditions.\nMETADATA_JSON:\n{\"agent\": \"agent_2\", \"vote\": \"Candidate B\"}"}
2026-05-08 11:59:19,186 - INFO - Agent turns: 4
2026-05-08 11:59:22,512 - INFO - Tokens - Input: 1566, Output: 412, Total: 1978
{"id": 8, "ts": 1778234362.5133042, "event": "public_discussion_message", "round": 2, "agent": "agent_1", "message": "I prefer Candidate C; known to be 100% reliable.\nMETADATA_JSON:\n{\"agent\": \"agent_1\", \"vote\": \"Candidate C\"}"}
2026-05-08 11:59:22,513 - INFO - Agent turns: 5
2026-05-08 11:59:28,544 - INFO - Tokens - Input: 1604, Output: 814, Total: 2418
{"id": 9, "ts": 1778234368.5459273, "event": "public_discussion_message", "round": 2, "agent": "agent_3", "message": "I prefer Candidate B; excellent computer skills.\nMETADATA_JSON:\n{\"agent\": \"agent_3\", \"vote\": \"Candidate B\"}"}
2026-05-08 11:59:28,546 - INFO - Agent turns: 6
2026-05-08 11:59:28,555 - INFO - Loop 2 completed
{"id": 10, "ts": 1778234368.5617282, "event": "discussion_order", "round": 3, "order": ["agent_3", "agent_1", "agent_2"]}
2026-05-08 11:59:33,657 - INFO - Tokens - Input: 1632, Output: 700, Total: 2332
{"id": 11, "ts": 1778234373.6583934, "event": "public_discussion_message", "round": 3, "agent": "agent_3", "message": "I prefer Candidate B; handles stress very well.\nMETADATA_JSON:\n{\"agent\": \"agent_3\", \"vote\": \"Candidate B\"}"}
2026-05-08 11:59:33,658 - INFO - Agent turns: 7
2026-05-08 11:59:38,414 - INFO - Tokens - Input: 1681, Output: 663, Total: 2344
{"id": 12, "ts": 1778234378.4154606, "event": "public_discussion_message", "round": 3, "agent": "agent_1", "message": "I prefer Candidate C; known to be 100% reliable.\nMETADATA_JSON:\n{\"agent\": \"agent_1\", \"vote\": \"Candidate C\"}"}
2026-05-08 11:59:38,415 - INFO - Agent turns: 8
2026-05-08 11:59:46,006 - INFO - Tokens - Input: 1728, Output: 1179, Total: 2907
{"id": 13, "ts": 1778234386.0080621, "event": "public_discussion_message", "round": 3, "agent": "agent_2", "message": "I prefer Candidate B; very conscientious.\nMETADATA_JSON:\n{\"agent\": \"agent_2\", \"vote\": \"Candidate B\"}"}
2026-05-08 11:59:46,008 - INFO - Agent turns: 9
2026-05-08 11:59:46,017 - INFO - Loop 3 completed
{"id": 14, "ts": 1778234386.0232592, "event": "discussion_order", "round": 4, "order": ["agent_3", "agent_2", "agent_1"]}
2026-05-08 11:59:47,354 - INFO - Tokens - Input: 1747, Output: 183, Total: 1930
{"id": 15, "ts": 1778234387.3561614, "event": "public_discussion_message", "round": 4, "agent": "agent_3", "message": "I prefer Candidate B; good at assessing weather conditions.\nMETADATA_JSON:\n{\"agent\": \"agent_3\", \"vote\": \"Candidate B\"}"}
2026-05-08 11:59:47,356 - INFO - Agent turns: 10
2026-05-08 11:59:51,376 - INFO - Tokens - Input: 1801, Output: 739, Total: 2540
{"id": 16, "ts": 1778234391.378218, "event": "public_discussion_message", "round": 4, "agent": "agent_2", "message": "I prefer Candidate B; makes nasty remarks about colleagues.\nMETADATA_JSON:\n{\"agent\": \"agent_2\", \"vote\": \"Candidate B\"}"}
2026-05-08 11:59:51,378 - INFO - Agent turns: 11
2026-05-08 11:59:52,530 - INFO - Tokens - Input: 1837, Output: 170, Total: 2007
{"id": 17, "ts": 1778234392.531213, "event": "public_discussion_message", "round": 4, "agent": "agent_1", "message": "I prefer Candidate C; known to be 100% reliable.\nMETADATA_JSON:\n{\"agent\": \"agent_1\", \"vote\": \"Candidate C\"}"}
2026-05-08 11:59:52,531 - INFO - Agent turns: 12
2026-05-08 11:59:52,539 - INFO - Loop 4 completed
{"id": 18, "ts": 1778234392.5449414, "event": "discussion_order", "round": 5, "order": ["agent_1", "agent_2", "agent_3"]}
2026-05-08 11:59:54,950 - INFO - Tokens - Input: 1871, Output: 351, Total: 2222
{"id": 19, "ts": 1778234394.9522161, "event": "public_discussion_message", "round": 5, "agent": "agent_1", "message": "I prefer Candidate C; creates a positive atmosphere with his crew.\nMETADATA_JSON:\n{\"agent\": \"agent_1\", \"vote\": \"Candidate C\"}"}
2026-05-08 11:59:54,952 - INFO - Agent turns: 13
2026-05-08 12:00:02,901 - INFO - Tokens - Input: 1924, Output: 1112, Total: 3036
{"id": 20, "ts": 1778234402.9031734, "event": "public_discussion_message", "round": 5, "agent": "agent_2", "message": "I prefer Candidate C; keeps calm in a crisis.\nMETADATA_JSON:\n{\"agent\": \"agent_2\", \"vote\": \"Candidate C\"}"}
2026-05-08 12:00:02,903 - INFO - Agent turns: 14
2026-05-08 12:00:09,360 - INFO - Tokens - Input: 1953, Output: 796, Total: 2749
{"id": 21, "ts": 1778234409.361554, "event": "public_discussion_message", "round": 5, "agent": "agent_3", "message": "I prefer Candidate C; known to be 100% reliable.\nMETADATA_JSON:\n{\"agent\": \"agent_3\", \"vote\": \"Candidate C\"}"}
2026-05-08 12:00:09,361 - INFO - Agent turns: 15
2026-05-08 12:00:09,370 - INFO - Loop 5 completed
2026-05-08 12:00:09,370 - INFO - Final Chosen Candidate: Candidate C
2026-05-08 12:00:09,370 - INFO - Final Decision Method: consensus
2026-05-08 12:00:09,371 - INFO - Final Vote Count: {'Candidate C': 3}
2026-05-08 12:00:09,371 - INFO - Correct Candidate: Candidate C
2026-05-08 12:00:09,371 - INFO - Decision Correct: 1
{"id": 22, "ts": 1778234409.3726964, "event": "context_consistency_not_applicable", "reason": "explicit_smm_memory_disabled"}
{"id": 23, "ts": 1778234409.3728404, "event": "final_decision", "candidate": "Candidate C", "method": "consensus", "vote_count": {"Candidate C": 3}, "correct_candidate": "Candidate C", "decision_correct": 1, "round": 5}
2026-05-08 12:00:09,382 - INFO - ======================================================================
2026-05-08 12:00:09,382 - INFO - SIMULATION METRICS
2026-05-08 12:00:09,382 - INFO - ======================================================================
2026-05-08 12:00:09,382 - INFO - Total Loops: 5
2026-05-08 12:00:09,382 - INFO - Agent Turns (no vote checker): 15
2026-05-08 12:00:09,382 - INFO - Agent Tool Calls: 0
2026-05-08 12:00:09,382 - INFO - Agent Tool Messages: 0
2026-05-08 12:00:09,382 - INFO - Memory Updates: 0
2026-05-08 12:00:09,382 - INFO - Total Messages (no vote checker): 15
2026-05-08 12:00:09,382 - INFO - Input Tokens: 25189
2026-05-08 12:00:09,382 - INFO - Output Tokens: 9992
2026-05-08 12:00:09,383 - INFO - Total Tokens: 35181
2026-05-08 12:00:09,383 - INFO - Final Chosen Candidate: Candidate C
2026-05-08 12:00:09,383 - INFO - Final Decision Method: consensus
2026-05-08 12:00:09,383 - INFO - Final Vote Count: {'Candidate C': 3}
2026-05-08 12:00:09,383 - INFO - Correct Candidate: Candidate C
2026-05-08 12:00:09,383 - INFO - Decision Correct: 1
2026-05-08 12:00:09,383 - INFO - Runtime: 73.67s
2026-05-08 12:00:09,383 - INFO - ======================================================================
