2026-05-07 20:57:08,278 - INFO - Metrics tracker initialized
{"id": 1, "ts": 1778180228.3045068, "event": "memory_reset"}
{"id": 2, "ts": 1778180228.3092244, "event": "discussion_order", "round": 1, "order": ["agent_1", "agent_3", "agent_2"]}
2026-05-07 20:57:16,861 - INFO - Tokens - Input: 1782, Output: 906, Total: 2688
{"id": 3, "ts": 1778180236.8631647, "event": "public_discussion_message", "round": 1, "agent": "agent_1", "message": "Current position: Candidate C\nConfidence/uncertainty: Moderate confidence; leaning toward C but aware of cooperation concerns\nReasoning summary:\n- Key evidence used: Candidate C is known to be 100% reliable, makes correct decisions quickly, and creates a positive atmosphere with the crew. These address reliability, decision\u2011making under pressure, and crew cooperation.\n- Evidence from others: (None yet shared; this is the first contribution.)\n- Alternatives considered:\n  * Candidate A \u2013 strong leadership and spatial vision but poor at taking criticism and unorganized, raising concerns about teamwork and safety procedures.\n  * Candidate B \u2013 handles stress well and is conscientious, yet is noted as grumpy and uncooperative, which could impair cockpit coordination.\n  * Candidate D \u2013 excellent problem\u2011solving and responsibility, but is regarded as arrogant with weak leadership, also detrimental to crew dynamics.\n- Main tradeoff: Balancing the top reliability and quick decision\u2011making of C against its communication difficulties and egocentric attitude versus the stronger leadership of A or technical strengths of B/D that are offset by serious cooperation drawbacks.\n- Remaining uncertainty: The extent to which C\u2019s communication difficulties and egocentric behavior will impact real\u2011time cockpit collaboration on long\u2011distance flights.\n- What would change my vote: Strong evidence that another candidate (e.g., A\u2019s leadership combined with better cooperation, or B\u2019s stress handling without uncooperativeness) outweighs C\u2019s reliability and crew atmosphere, or concrete examples showing C\u2019s communication issues lead to safety\u2011critical failures.\nMETADATA_JSON:\n{\"agent\": \"agent_1\", \"vote\": \"Candidate C\"}"}
2026-05-07 20:57:16,863 - INFO - Agent turns: 1
2026-05-07 20:57:27,049 - INFO - Tokens - Input: 1798, Output: 1388, Total: 3186
2026-05-07 20:57:27,051 - INFO - Memory updates: 1
{"id": 4, "ts": 1778180247.0514038, "event": "memory_updated", "agent": "agent_1", "round": 1}
2026-05-07 20:57:28,408 - INFO - Tokens - Input: 1801, Output: 1573, Total: 3374
2026-05-07 20:57:28,410 - INFO - Memory updates: 2
{"id": 5, "ts": 1778180248.410629, "event": "memory_updated", "agent": "agent_2", "round": 1}
2026-05-07 20:57:30,517 - INFO - Tokens - Input: 1793, Output: 1718, Total: 3511
2026-05-07 20:57:30,519 - INFO - Memory updates: 3
{"id": 6, "ts": 1778180250.5199552, "event": "memory_updated", "agent": "agent_3", "round": 1}
2026-05-07 20:57:38,736 - INFO - Tokens - Input: 2732, Output: 1102, Total: 3834
{"id": 7, "ts": 1778180258.7383618, "event": "public_discussion_message", "round": 1, "agent": "agent_3", "message": "Current position: Candidate C\nConfidence/uncertainty: Moderate confidence; some uncertainty about how communication difficulties will affect safety\u2011critical cockpit interaction\nReasoning summary:\n- Key evidence used: Candidate\u202fC is 100\u202f% reliable, makes correct decisions quickly, puts concern for others above everything, and has excellent attention skills \u2013 covering reliability, rapid decision\u2011making, and crew\u2011cooperation strengths.\n- Evidence from others: Agent\u202f1 highlighted C\u2019s reliability and positive crew atmosphere, while also noting communication difficulties and egocentric attitude as potential drawbacks.\n- Alternatives considered: Candidate\u202fA (strong situational awareness and leadership but unfriendly and possibly uncooperative); Candidate\u202fB (excellent stress handling and technical skills but pretentious, wrong tone, and uncooperative); Candidate\u202fD (excellent problem\u2011solving and responsibility but moody, loner, and weak leadership). Each alternative has more severe cooperation negatives than C.\n- Main tradeoff: Balancing C\u2019s high reliability and crew\u2011focused attitude against its communication difficulty and egocentric behavior, which could impair real\u2011time collaboration.\n- Remaining uncertainty: The extent to which C\u2019s communication issues will translate into safety\u2011critical problems on long\u2011distance flights.\n- What would change my vote: Convincing evidence that another candidate\u2019s cooperation drawbacks are substantially less severe than C\u2019s, or concrete examples showing C\u2019s communication problems leading to safety incidents.\nMETADATA_JSON:\n{\"agent\": \"agent_3\", \"vote\": \"Candidate C\"}"}
2026-05-07 20:57:38,738 - INFO - Agent turns: 2
2026-05-07 20:57:46,174 - INFO - Tokens - Input: 2698, Output: 981, Total: 3679
2026-05-07 20:57:46,176 - INFO - Memory updates: 4
{"id": 8, "ts": 1778180266.1770215, "event": "memory_updated", "agent": "agent_3", "round": 1}
2026-05-07 20:57:48,613 - INFO - Tokens - Input: 2645, Output: 1436, Total: 4081
2026-05-07 20:57:48,614 - INFO - Memory updates: 5
{"id": 9, "ts": 1778180268.6145155, "event": "memory_updated", "agent": "agent_1", "round": 1}
2026-05-07 20:57:51,139 - INFO - Tokens - Input: 2886, Output: 1642, Total: 4528
2026-05-07 20:57:51,141 - INFO - Memory updates: 6
{"id": 10, "ts": 1778180271.1414864, "event": "memory_updated", "agent": "agent_2", "round": 1}
2026-05-07 20:57:59,715 - INFO - Tokens - Input: 3157, Output: 842, Total: 3999
{"id": 11, "ts": 1778180279.7168028, "event": "public_discussion_message", "round": 1, "agent": "agent_2", "message": "Current position: Candidate C\nConfidence/uncertainty: Moderate confidence; leaning toward C but aware of communication/egocentric concerns\nReasoning summary:\n- Key evidence used: Candidate\u202fC is 100\u202f% reliable, makes correct decisions quickly, keeps calm in a crisis, understands complicated technology, and puts concern for others above everything \u2013 covering reliability, calmness under pressure, technical competence, and crew\u2011cooperation.\n- Evidence from others: Agent\u202f1 and Agent\u202f3 both highlighted C\u2019s reliability, quick decision\u2011making, and positive crew attitude, while also noting the communication difficulty and egocentric attitude as drawbacks.\n- Alternatives considered:\n  * Candidate\u202fA \u2013 strong situational awareness, leadership, and spatial vision, but regarded as a show\u2011off, not open to new ideas, and described as unfriendly/uncooperative.\n  * Candidate\u202fB \u2013 very conscientious, handles stress well, good weather assessment and computer skills, yet has weak numeric memory, makes nasty remarks, and is pretentious/uncooperative.\n  * Candidate\u202fD \u2013 excellent problem\u2011solving, responsibility, concentration, and adaptability, but seen as a know\u2011it\u2011all, has a hot temper, and is described as moody, a loner, with weak leadership.\n- Main tradeoff: Balancing C\u2019s high reliability, calmness, and crew\u2011focused attitude against its communication difficulty and egocentric behavior versus the stronger leadership or technical traits of A, B, D that are offset by more severe cooperation negatives (show\u2011off, pretentiousness, hot temper).\n- Remaining uncertainty: How much C\u2019s communication difficulties will actually impair real\u2011time cockpit coordination on ultra\u2011long flights and whether the egocentric attitude could undermine crew cohesion.\n- What would change my vote: Convincing evidence that another candidate\u2019s cooperation drawbacks are substantially less severe than C\u2019s communication issues, or concrete examples showing C\u2019s communication problems leading to safety\u2011critical failures.\nMETADATA_JSON:\n{\"agent\": \"agent_2\", \"vote\": \"Candidate C\"}"}
2026-05-07 20:57:59,716 - INFO - Agent turns: 3
2026-05-07 20:58:09,198 - INFO - Tokens - Input: 3350, Output: 1256, Total: 4606
2026-05-07 20:58:09,201 - INFO - Memory updates: 7
{"id": 12, "ts": 1778180289.2014098, "event": "memory_updated", "agent": "agent_2", "round": 1}
2026-05-07 20:58:14,789 - INFO - Tokens - Input: 3049, Output: 2054, Total: 5103
2026-05-07 20:58:14,791 - INFO - Memory updates: 8
{"id": 13, "ts": 1778180294.7918441, "event": "memory_updated", "agent": "agent_3", "round": 1}
2026-05-07 20:58:15,114 - INFO - Tokens - Input: 3099, Output: 1771, Total: 4870
2026-05-07 20:58:15,116 - INFO - Memory updates: 9
{"id": 14, "ts": 1778180295.1163359, "event": "memory_updated", "agent": "agent_1", "round": 1}
2026-05-07 20:58:15,125 - INFO - Loop 1 completed
{"id": 15, "ts": 1778180295.1326537, "event": "discussion_order", "round": 2, "order": ["agent_1", "agent_2", "agent_3"]}
2026-05-07 20:58:19,464 - INFO - Tokens - Input: 3684, Output: 584, Total: 4268
{"id": 16, "ts": 1778180299.46599, "event": "public_discussion_message", "round": 2, "agent": "agent_1", "message": "Current position: Candidate C\nConfidence/uncertainty: Moderate\u2011high (\u224870\u202f%)\nReasoning summary:\n- Key evidence used: Candidate\u202fC is 100\u202f% reliable, makes correct decisions quickly, keeps calm in a crisis, understands complicated technology, and creates a positive atmosphere with the crew. These attributes cover reliability, rapid decision\u2011making, calmness under pressure, technical competence, and crew\u2011cooperation \u2013 all critical for ultra\u2011long\u2011distance flights.\n- Evidence from others: Agents\u202f2 and\u202f3 have echoed the same strengths of C and have also noted the same drawbacks (difficulty communicating ideas and an egocentric attitude). No new contradictory evidence has been presented.\n- Alternatives considered:\n  * Candidate\u202fA \u2013 strong situational awareness, leadership and spatial vision, but is unorganized, poorly receives criticism, and is described as unfriendly/uncooperative.\n  * Candidate\u202fB \u2013 very conscientious, handles stress well, good weather assessment and computer skills, yet is grumpy, makes nasty remarks and is pretentious/uncooperative.\n  * Candidate\u202fD \u2013 excellent problem\u2011solving, responsibility and concentration, but is regarded as arrogant, has weak leadership and is described as a loner/moody.\n  All alternatives exhibit cooperation drawbacks that appear more severe than C\u2019s communication difficulty.\n- Main tradeoff: Balancing C\u2019s top\u2011tier reliability, calmness, technical competence and crew\u2011positive attitude against its documented communication difficulty and egocentric style, which could affect real\u2011time cockpit coordination.\n- Remaining uncertainty: How much C\u2019s communication issues will actually impair safety\u2011critical cockpit interaction on long\u2011distance flights; whether these issues could lead to incidents in practice.\n- What would change my vote: Concrete evidence that C\u2019s communication problems have resulted in safety\u2011critical failures, or convincing data showing that another candidate\u2019s cooperation drawbacks are substantially less severe than C\u2019s and that the alternative offers comparable reliability and technical competence.\nMETADATA_JSON:\n{\"agent\": \"agent_1\", \"vote\": \"Candidate C\"}"}
2026-05-07 20:58:19,466 - INFO - Agent turns: 4
2026-05-07 20:58:27,384 - INFO - Tokens - Input: 3861, Output: 1036, Total: 4897
2026-05-07 20:58:27,386 - INFO - Memory updates: 10
{"id": 17, "ts": 1778180307.3864205, "event": "memory_updated", "agent": "agent_1", "round": 2}
2026-05-07 20:58:30,114 - INFO - Tokens - Input: 3728, Output: 1410, Total: 5138
2026-05-07 20:58:30,116 - INFO - Memory updates: 11
{"id": 18, "ts": 1778180310.1162298, "event": "memory_updated", "agent": "agent_2", "round": 2}
2026-05-07 20:58:30,307 - INFO - Tokens - Input: 3656, Output: 1394, Total: 5050
2026-05-07 20:58:30,308 - INFO - Memory updates: 12
{"id": 19, "ts": 1778180310.3090134, "event": "memory_updated", "agent": "agent_3", "round": 2}
2026-05-07 20:58:34,222 - INFO - Tokens - Input: 3978, Output: 480, Total: 4458
{"id": 20, "ts": 1778180314.2239711, "event": "public_discussion_message", "round": 2, "agent": "agent_2", "message": "Current position: Candidate C\nConfidence/uncertainty: Moderate confidence (\u224870\u202f%)\nReasoning summary:\n- Key evidence used: Candidate\u202fC is 100\u202f% reliable, makes correct decisions quickly, keeps calm in a crisis, understands complicated technology, and creates a positive atmosphere with the crew. These cover reliability, rapid decision\u2011making, calmness under pressure, technical competence, and crew\u2011cooperation\u2014core requirements for ultra\u2011long\u2011distance flights.\n- Evidence from others: Agents\u202f1 and\u202f3 have echoed the same strengths of C and have also noted the same drawbacks (difficulty communicating ideas and an egocentric attitude). No contradictory evidence has been presented.\n- Alternatives considered:\n  * Candidate\u202fA \u2013 strong situational awareness, leadership, and spatial vision, but described as a show\u2011off, not open to new ideas, and unfriendly/uncooperative.\n  * Candidate\u202fB \u2013 very conscientious, handles stress well, good weather assessment and computer skills, yet has weak numeric memory, makes nasty remarks, and is pretentious/uncooperative.\n  * Candidate\u202fD \u2013 excellent problem\u2011solving, responsibility, concentration, and adaptability, but regarded as a know\u2011it\u2011all, has a hot temper, and is seen as arrogant/weak leader.\n  All three exhibit cooperation drawbacks that appear more severe than C\u2019s communication difficulty.\n- Main tradeoff: Balancing C\u2019s top\u2011tier reliability, calmness, technical competence and crew\u2011positive attitude against its documented communication difficulty and egocentric style, which could affect real\u2011time cockpit coordination.\n- Remaining uncertainty: How much C\u2019s communication issues will actually impair safety\u2011critical cockpit interaction on ultra\u2011long flights; whether the egocentric attitude could undermine crew cohesion despite overall positive crew atmosphere.\n- What would change my vote: Concrete evidence that C\u2019s communication problems have led to safety\u2011critical failures, or convincing data showing that another candidate\u2019s cooperation drawbacks are substantially less severe while offering comparable reliability and technical competence.\nMETADATA_JSON:\n{\"agent\": \"agent_2\", \"vote\": \"Candidate C\"}"}
2026-05-07 20:58:34,224 - INFO - Agent turns: 5
2026-05-07 20:58:42,443 - INFO - Tokens - Input: 4186, Output: 1143, Total: 5329
2026-05-07 20:58:42,445 - INFO - Memory updates: 13
{"id": 21, "ts": 1778180322.445398, "event": "memory_updated", "agent": "agent_2", "round": 2}
2026-05-07 20:58:44,186 - INFO - Tokens - Input: 4085, Output: 1347, Total: 5432
2026-05-07 20:58:44,188 - INFO - Memory updates: 14
{"id": 22, "ts": 1778180324.1887174, "event": "memory_updated", "agent": "agent_3", "round": 2}
2026-05-07 20:58:49,785 - INFO - Tokens - Input: 4029, Output: 1037, Total: 5066
2026-05-07 20:58:49,787 - INFO - Memory updates: 15
{"id": 23, "ts": 1778180329.78787, "event": "memory_updated", "agent": "agent_1", "round": 2}
2026-05-07 20:58:53,234 - INFO - Tokens - Input: 4323, Output: 449, Total: 4772
{"id": 24, "ts": 1778180333.2363293, "event": "public_discussion_message", "round": 2, "agent": "agent_3", "message": "Current position: Candidate C\nConfidence/uncertainty: moderate\nReasoning summary:\n- Key evidence used: Candidate\u202fC is 100\u202f% reliable, makes correct decisions quickly, stays calm in crises, understands complex technology, has excellent attention skills, and puts concern for others above everything. These cover reliability, rapid decision\u2011making, calmness under pressure, technical competence, and crew\u2011cooperation\u2014core criteria for long\u2011distance pilots.\n- Evidence from others: Agents\u202f1 and\u202f2 have highlighted the same strengths of C and have also noted the same drawbacks (difficulty communicating ideas and an egocentric attitude). No contradictory evidence has been presented.\n- Alternatives considered:\n  * Candidate\u202fA \u2013 strong situational awareness, leadership, and spatial vision, but unfriendly/uncooperative and unhealthy habits.\n  * Candidate\u202fB \u2013 very conscientious, handles stress well, good weather assessment and computer skills, yet pretentious, uses the wrong tone, and makes nasty remarks.\n  * Candidate\u202fD \u2013 excellent problem\u2011solving, responsibility, concentration, and adaptability, but moody, a loner, and perceived as arrogant.\n  All alternatives exhibit cooperation drawbacks that appear more severe than C\u2019s communication difficulty.\n- Main tradeoff: Balancing C\u2019s top\u2011tier reliability, calmness, technical competence, and crew\u2011positive attitude against its documented communication difficulty and egocentric style, which could affect real\u2011time cockpit coordination.\n- Remaining uncertainty: The extent to which C\u2019s communication issues will translate into safety\u2011critical problems on ultra\u2011long flights.\n- What would change my vote: Concrete evidence that C\u2019s communication problems have led to safety\u2011critical failures, or convincing data showing another candidate\u2019s cooperation drawbacks are substantially less severe while offering comparable reliability and technical competence.\nMETADATA_JSON:\n{\"agent\": \"agent_3\", \"vote\": \"Candidate C\"}"}
2026-05-07 20:58:53,236 - INFO - Agent turns: 6
2026-05-07 20:59:03,745 - INFO - Tokens - Input: 4249, Output: 1445, Total: 5694
2026-05-07 20:59:03,747 - INFO - Memory updates: 16
{"id": 25, "ts": 1778180343.747237, "event": "memory_updated", "agent": "agent_1", "round": 2}
2026-05-07 20:59:06,120 - INFO - Tokens - Input: 4379, Output: 1632, Total: 6011
2026-05-07 20:59:06,122 - INFO - Memory updates: 17
{"id": 26, "ts": 1778180346.1229794, "event": "memory_updated", "agent": "agent_2", "round": 2}
2026-05-07 20:59:06,820 - INFO - Tokens - Input: 4441, Output: 1066, Total: 5507
2026-05-07 20:59:06,822 - INFO - Memory updates: 18
{"id": 27, "ts": 1778180346.822282, "event": "memory_updated", "agent": "agent_3", "round": 2}
2026-05-07 20:59:06,830 - INFO - Loop 2 completed
2026-05-07 20:59:06,831 - INFO - Final Chosen Candidate: Candidate C
2026-05-07 20:59:06,831 - INFO - Final Decision Method: consensus
2026-05-07 20:59:06,831 - INFO - Final Vote Count: {'Candidate C': 3}
2026-05-07 20:59:06,831 - INFO - Correct Candidate: Candidate C
2026-05-07 20:59:06,831 - INFO - Decision Correct: 1
{"id": 28, "ts": 1778180400.6444812, "event": "context_consistency_calculated", "method": "embedding_cosine", "mean_pairwise_similarity": 0.837828, "pairwise": [{"agent_a": "agent_1", "agent_b": "agent_2", "similarity": 0.924783}, {"agent_a": "agent_1", "agent_b": "agent_3", "similarity": 0.801461}, {"agent_a": "agent_2", "agent_b": "agent_3", "similarity": 0.78724}]}
{"id": 29, "ts": 1778180400.6446683, "event": "agent_memories_archived", "directory": "/home/lhegemann/git/bachelor_thesis/01_data/raw/simulations/high/high_treatment_20260507_140016_027/shared_mental_models", "round": 2}
{"id": 30, "ts": 1778180400.644763, "event": "final_decision", "candidate": "Candidate C", "method": "consensus", "vote_count": {"Candidate C": 3}, "correct_candidate": "Candidate C", "decision_correct": 1, "round": 2}
2026-05-07 21:00:00,655 - INFO - ======================================================================
2026-05-07 21:00:00,655 - INFO - SIMULATION METRICS
2026-05-07 21:00:00,655 - INFO - ======================================================================
2026-05-07 21:00:00,655 - INFO - Total Loops: 2
2026-05-07 21:00:00,656 - INFO - Agent Turns (no vote checker): 6
2026-05-07 21:00:00,656 - INFO - Agent Tool Calls: 0
2026-05-07 21:00:00,656 - INFO - Agent Tool Messages: 0
2026-05-07 21:00:00,656 - INFO - Memory Updates: 18
2026-05-07 21:00:00,656 - INFO - Total Messages (no vote checker): 6
2026-05-07 21:00:00,656 - INFO - Input Tokens: 79389
2026-05-07 21:00:00,656 - INFO - Output Tokens: 29692
2026-05-07 21:00:00,656 - INFO - Total Tokens: 109081
2026-05-07 21:00:00,656 - INFO - Final Chosen Candidate: Candidate C
2026-05-07 21:00:00,656 - INFO - Final Decision Method: consensus
2026-05-07 21:00:00,656 - INFO - Final Vote Count: {'Candidate C': 3}
2026-05-07 21:00:00,656 - INFO - Correct Candidate: Candidate C
2026-05-07 21:00:00,656 - INFO - Decision Correct: 1
2026-05-07 21:00:00,657 - INFO - Runtime: 172.38s
2026-05-07 21:00:00,657 - INFO - ======================================================================
