2026-05-10 05:18:00,297 - INFO - Metrics tracker initialized
{"id": 1, "ts": 1778383080.325037, "event": "memory_reset"}
{"id": 2, "ts": 1778383080.330947, "event": "discussion_order", "round": 1, "order": ["agent_2", "agent_1", "agent_3"]}
2026-05-10 05:18:14,688 - INFO - Tokens - Input: 1395, Output: 757, Total: 2152
{"id": 3, "ts": 1778383094.689863, "event": "public_discussion_message", "round": 1, "agent": "agent_2", "message": "I prefer Candidate B; however, he makes nasty remarks about his colleagues.\nMETADATA_JSON:\n{\"agent\": \"agent_2\", \"vote\": \"Candidate B\"}"}
2026-05-10 05:18:14,690 - INFO - Agent turns: 1
2026-05-10 05:18:57,807 - INFO - Tokens - Input: 1459, Output: 672, Total: 2131
{"id": 4, "ts": 1778383137.8082676, "event": "public_discussion_message", "round": 1, "agent": "agent_1", "message": "I prefer Candidate A; excellent spatial vision.\nMETADATA_JSON:\n{\"agent\": \"agent_1\", \"vote\": \"Candidate A\"}"}
2026-05-10 05:18:57,808 - INFO - Agent turns: 2
2026-05-10 05:19:03,414 - INFO - Tokens - Input: 1485, Output: 716, Total: 2201
{"id": 5, "ts": 1778383143.4159095, "event": "public_discussion_message", "round": 1, "agent": "agent_3", "message": "I prefer Candidate D; solves problems extremely well.\nMETADATA_JSON:\n{\"agent\": \"agent_3\", \"vote\": \"Candidate D\"}"}
2026-05-10 05:19:03,416 - INFO - Agent turns: 3
2026-05-10 05:19:03,424 - INFO - Loop 1 completed
{"id": 6, "ts": 1778383143.4306495, "event": "discussion_order", "round": 2, "order": ["agent_2", "agent_3", "agent_1"]}
2026-05-10 05:19:16,003 - INFO - Tokens - Input: 1533, Output: 583, Total: 2116
{"id": 7, "ts": 1778383156.0043144, "event": "public_discussion_message", "round": 2, "agent": "agent_2", "message": "I prefer Candidate A; anticipates dangerous situations.\nMETADATA_JSON:\n{\"agent\": \"agent_2\", \"vote\": \"Candidate A\"}"}
2026-05-10 05:19:16,004 - INFO - Agent turns: 4
2026-05-10 05:19:27,468 - INFO - Tokens - Input: 1562, Output: 865, Total: 2427
{"id": 8, "ts": 1778383167.470161, "event": "public_discussion_message", "round": 2, "agent": "agent_3", "message": "I prefer Candidate A; anticipates dangerous situations.\nMETADATA_JSON:\n{\"agent\": \"agent_3\", \"vote\": \"Candidate A\"}"}
2026-05-10 05:19:27,470 - INFO - Agent turns: 5
2026-05-10 05:19:32,714 - INFO - Tokens - Input: 1605, Output: 606, Total: 2211
{"id": 9, "ts": 1778383172.7162025, "event": "public_discussion_message", "round": 2, "agent": "agent_1", "message": "I prefer Candidate A; excellent spatial vision.\nMETADATA_JSON:\n{\"agent\": \"agent_1\", \"vote\": \"Candidate A\"}"}
2026-05-10 05:19:32,716 - INFO - Agent turns: 6
2026-05-10 05:19:32,724 - INFO - Loop 2 completed
2026-05-10 05:19:32,725 - INFO - Final Chosen Candidate: Candidate A
2026-05-10 05:19:32,725 - INFO - Final Decision Method: consensus
2026-05-10 05:19:32,725 - INFO - Final Vote Count: {'Candidate A': 3}
2026-05-10 05:19:32,725 - INFO - Correct Candidate: Candidate C
2026-05-10 05:19:32,725 - INFO - Decision Correct: 0
{"id": 10, "ts": 1778383172.7266448, "event": "context_consistency_not_applicable", "reason": "explicit_smm_memory_disabled"}
{"id": 11, "ts": 1778383172.7267797, "event": "final_decision", "candidate": "Candidate A", "method": "consensus", "vote_count": {"Candidate A": 3}, "correct_candidate": "Candidate C", "decision_correct": 0, "round": 2}
2026-05-10 05:19:32,735 - INFO - ======================================================================
2026-05-10 05:19:32,735 - INFO - SIMULATION METRICS
2026-05-10 05:19:32,735 - INFO - ======================================================================
2026-05-10 05:19:32,735 - INFO - Total Loops: 2
2026-05-10 05:19:32,735 - INFO - Agent Turns (no vote checker): 6
2026-05-10 05:19:32,735 - INFO - Agent Tool Calls: 0
2026-05-10 05:19:32,735 - INFO - Agent Tool Messages: 0
2026-05-10 05:19:32,735 - INFO - Memory Updates: 0
2026-05-10 05:19:32,736 - INFO - Total Messages (no vote checker): 6
2026-05-10 05:19:32,736 - INFO - Input Tokens: 9039
2026-05-10 05:19:32,736 - INFO - Output Tokens: 4199
2026-05-10 05:19:32,736 - INFO - Total Tokens: 13238
2026-05-10 05:19:32,736 - INFO - Final Chosen Candidate: Candidate A
2026-05-10 05:19:32,736 - INFO - Final Decision Method: consensus
2026-05-10 05:19:32,736 - INFO - Final Vote Count: {'Candidate A': 3}
2026-05-10 05:19:32,736 - INFO - Correct Candidate: Candidate C
2026-05-10 05:19:32,736 - INFO - Decision Correct: 0
2026-05-10 05:19:32,736 - INFO - Runtime: 92.44s
2026-05-10 05:19:32,736 - INFO - ======================================================================
