2026-05-09 01:27:17,313 - INFO - Metrics tracker initialized
{"id": 1, "ts": 1778282837.34037, "event": "memory_reset"}
{"id": 2, "ts": 1778282837.3454027, "event": "discussion_order", "round": 1, "order": ["agent_2", "agent_3", "agent_1"]}
2026-05-09 01:27:23,958 - INFO - Tokens - Input: 1395, Output: 626, Total: 2021
{"id": 3, "ts": 1778282843.9597852, "event": "public_discussion_message", "round": 1, "agent": "agent_2", "message": "I prefer Candidate A; noted as being regarded as a show\u2011off.\nMETADATA_JSON:\n{\"agent\": \"agent_2\", \"vote\": \"Candidate A\"}"}
2026-05-09 01:27:23,959 - INFO - Agent turns: 1
2026-05-09 01:27:27,930 - INFO - Tokens - Input: 1454, Output: 498, Total: 1952
{"id": 4, "ts": 1778282847.931711, "event": "public_discussion_message", "round": 1, "agent": "agent_3", "message": "I prefer Candidate B; handles stress very well.\nMETADATA_JSON:\n{\"agent\": \"agent_3\", \"vote\": \"Candidate B\"}"}
2026-05-09 01:27:27,931 - INFO - Agent turns: 2
2026-05-09 01:27:32,494 - INFO - Tokens - Input: 1492, Output: 469, Total: 1961
{"id": 5, "ts": 1778282852.4960444, "event": "public_discussion_message", "round": 1, "agent": "agent_1", "message": "I prefer Candidate A; has very good leadership qualities.\nMETADATA_JSON:\n{\"agent\": \"agent_1\", \"vote\": \"Candidate A\"}"}
2026-05-09 01:27:32,496 - INFO - Agent turns: 3
2026-05-09 01:27:32,504 - INFO - Loop 1 completed
{"id": 6, "ts": 1778282852.5104487, "event": "discussion_order", "round": 2, "order": ["agent_3", "agent_2", "agent_1"]}
2026-05-09 01:27:37,145 - INFO - Tokens - Input: 1520, Output: 667, Total: 2187
{"id": 7, "ts": 1778282857.1466649, "event": "public_discussion_message", "round": 2, "agent": "agent_3", "message": "I prefer Candidate B; very conscientious.\nMETADATA_JSON:\n{\"agent\": \"agent_3\", \"vote\": \"Candidate B\"}"}
2026-05-09 01:27:37,146 - INFO - Agent turns: 4
2026-05-09 01:27:42,765 - INFO - Tokens - Input: 1568, Output: 815, Total: 2383
{"id": 8, "ts": 1778282862.766883, "event": "public_discussion_message", "round": 2, "agent": "agent_2", "message": "I prefer Candidate D; has a hot temper.\nMETADATA_JSON:\n{\"agent\": \"agent_2\", \"vote\": \"Candidate D\"}"}
2026-05-09 01:27:42,767 - INFO - Agent turns: 5
2026-05-09 01:27:46,813 - INFO - Tokens - Input: 1605, Output: 657, Total: 2262
{"id": 9, "ts": 1778282866.814392, "event": "public_discussion_message", "round": 2, "agent": "agent_1", "message": "I prefer Candidate C; known to be 100% reliable.\nMETADATA_JSON:\n{\"agent\": \"agent_1\", \"vote\": \"Candidate C\"}"}
2026-05-09 01:27:46,814 - INFO - Agent turns: 6
2026-05-09 01:27:46,823 - INFO - Loop 2 completed
{"id": 10, "ts": 1778282866.8290153, "event": "discussion_order", "round": 3, "order": ["agent_1", "agent_3", "agent_2"]}
2026-05-09 01:27:50,285 - INFO - Tokens - Input: 1647, Output: 459, Total: 2106
{"id": 11, "ts": 1778282870.2868032, "event": "public_discussion_message", "round": 3, "agent": "agent_1", "message": "I prefer Candidate C; known to be 100% reliable.\nMETADATA_JSON:\n{\"agent\": \"agent_1\", \"vote\": \"Candidate C\"}"}
2026-05-09 01:27:50,286 - INFO - Agent turns: 7
2026-05-09 01:27:56,768 - INFO - Tokens - Input: 1685, Output: 964, Total: 2649
{"id": 12, "ts": 1778282876.7698052, "event": "public_discussion_message", "round": 3, "agent": "agent_3", "message": "I prefer Candidate D; solves problems extremely well.\nMETADATA_JSON:\n{\"agent\": \"agent_3\", \"vote\": \"Candidate D\"}"}
2026-05-09 01:27:56,769 - INFO - Agent turns: 8
2026-05-09 01:28:05,469 - INFO - Tokens - Input: 1728, Output: 880, Total: 2608
{"id": 13, "ts": 1778282885.4708555, "event": "public_discussion_message", "round": 3, "agent": "agent_2", "message": "I prefer Candidate B; handles stress very well.\nMETADATA_JSON:\n{\"agent\": \"agent_2\", \"vote\": \"Candidate B\"}"}
2026-05-09 01:28:05,471 - INFO - Agent turns: 9
2026-05-09 01:28:05,480 - INFO - Loop 3 completed
{"id": 14, "ts": 1778282885.4855118, "event": "discussion_order", "round": 4, "order": ["agent_3", "agent_2", "agent_1"]}
2026-05-09 01:28:09,817 - INFO - Tokens - Input: 1759, Output: 593, Total: 2352
{"id": 15, "ts": 1778282889.81899, "event": "public_discussion_message", "round": 4, "agent": "agent_3", "message": "I prefer Candidate B; handles stress very well.\nMETADATA_JSON:\n{\"agent\": \"agent_3\", \"vote\": \"Candidate B\"}"}
2026-05-09 01:28:09,819 - INFO - Agent turns: 10
2026-05-09 01:28:14,953 - INFO - Tokens - Input: 1804, Output: 729, Total: 2533
{"id": 16, "ts": 1778282894.9547403, "event": "public_discussion_message", "round": 4, "agent": "agent_2", "message": "I prefer Candidate B; very conscientious.\nMETADATA_JSON:\n{\"agent\": \"agent_2\", \"vote\": \"Candidate B\"}"}
2026-05-09 01:28:14,954 - INFO - Agent turns: 11
2026-05-09 01:28:20,353 - INFO - Tokens - Input: 1835, Output: 701, Total: 2536
{"id": 17, "ts": 1778282900.3553324, "event": "public_discussion_message", "round": 4, "agent": "agent_1", "message": "I prefer Candidate C; known to be 100% reliable.\nMETADATA_JSON:\n{\"agent\": \"agent_1\", \"vote\": \"Candidate C\"}"}
2026-05-09 01:28:20,355 - INFO - Agent turns: 12
2026-05-09 01:28:20,364 - INFO - Loop 4 completed
{"id": 18, "ts": 1778282900.3697028, "event": "discussion_order", "round": 5, "order": ["agent_1", "agent_3", "agent_2"]}
2026-05-09 01:28:26,748 - INFO - Tokens - Input: 1872, Output: 747, Total: 2619
{"id": 19, "ts": 1778282906.7502353, "event": "public_discussion_message", "round": 5, "agent": "agent_1", "message": "I prefer Candidate C; known to be 100% reliable.\nMETADATA_JSON:\n{\"agent\": \"agent_1\", \"vote\": \"Candidate C\"}"}
2026-05-09 01:28:26,750 - INFO - Agent turns: 13
2026-05-09 01:28:37,415 - INFO - Tokens - Input: 1917, Output: 1199, Total: 3116
{"id": 20, "ts": 1778282917.417061, "event": "public_discussion_message", "round": 5, "agent": "agent_3", "message": "I prefer Candidate C; puts concern for others above everything.\nMETADATA_JSON:\n{\"agent\": \"agent_3\", \"vote\": \"Candidate C\"}"}
2026-05-09 01:28:37,417 - INFO - Agent turns: 14
2026-05-09 01:28:47,089 - INFO - Tokens - Input: 1964, Output: 1199, Total: 3163
{"id": 21, "ts": 1778282927.0909295, "event": "public_discussion_message", "round": 5, "agent": "agent_2", "message": "I prefer Candidate A; can anticipate dangerous situations.\nMETADATA_JSON:\n{\"agent\": \"agent_2\", \"vote\": \"Candidate A\"}"}
2026-05-09 01:28:47,091 - INFO - Agent turns: 15
2026-05-09 01:28:47,100 - INFO - Loop 5 completed
2026-05-09 01:28:47,100 - INFO - Final Chosen Candidate: Candidate C
2026-05-09 01:28:47,100 - INFO - Final Decision Method: max_round_majority_vote
2026-05-09 01:28:47,100 - INFO - Final Vote Count: {'Candidate C': 2, 'Candidate A': 1}
2026-05-09 01:28:47,101 - INFO - Correct Candidate: Candidate C
2026-05-09 01:28:47,101 - INFO - Decision Correct: 1
{"id": 22, "ts": 1778282927.1022494, "event": "context_consistency_not_applicable", "reason": "explicit_smm_memory_disabled"}
{"id": 23, "ts": 1778282927.1023843, "event": "final_decision", "candidate": "Candidate C", "method": "max_round_majority_vote", "vote_count": {"Candidate C": 2, "Candidate A": 1}, "correct_candidate": "Candidate C", "decision_correct": 1, "round": 5}
2026-05-09 01:28:47,110 - INFO - ======================================================================
2026-05-09 01:28:47,110 - INFO - SIMULATION METRICS
2026-05-09 01:28:47,110 - INFO - ======================================================================
2026-05-09 01:28:47,110 - INFO - Total Loops: 5
2026-05-09 01:28:47,110 - INFO - Agent Turns (no vote checker): 15
2026-05-09 01:28:47,110 - INFO - Agent Tool Calls: 0
2026-05-09 01:28:47,110 - INFO - Agent Tool Messages: 0
2026-05-09 01:28:47,110 - INFO - Memory Updates: 0
2026-05-09 01:28:47,110 - INFO - Total Messages (no vote checker): 15
2026-05-09 01:28:47,110 - INFO - Input Tokens: 25245
2026-05-09 01:28:47,111 - INFO - Output Tokens: 11203
2026-05-09 01:28:47,111 - INFO - Total Tokens: 36448
2026-05-09 01:28:47,111 - INFO - Final Chosen Candidate: Candidate C
2026-05-09 01:28:47,111 - INFO - Final Decision Method: max_round_majority_vote
2026-05-09 01:28:47,111 - INFO - Final Vote Count: {'Candidate C': 2, 'Candidate A': 1}
2026-05-09 01:28:47,111 - INFO - Correct Candidate: Candidate C
2026-05-09 01:28:47,111 - INFO - Decision Correct: 1
2026-05-09 01:28:47,111 - INFO - Runtime: 89.80s
2026-05-09 01:28:47,111 - INFO - ======================================================================
