2026-05-16 23:42:57,239 - INFO - Metrics tracker initialized
{"id": 1, "ts": 1778967777.269502, "event": "memory_reset"}
{"id": 2, "ts": 1778967777.2738583, "event": "discussion_order", "round": 1, "order": ["agent_2", "agent_1", "agent_3"]}
2026-05-16 23:43:06,502 - INFO - Tokens - Input: 1971, Output: 1003, Total: 2974
{"id": 3, "ts": 1778967786.5045745, "event": "public_discussion_message", "round": 1, "agent": "agent_2", "message": "I\u2019m leaning toward **Candidate\u202fD**. Their strong problem\u2011solving ability, high concentration, and serious sense of responsibility suggest they can handle the complex, long\u2011duration demands of intercontinental flights and respond effectively to unexpected events. These traits are crucial for safety and operational reliability.\nThe main uncertainty is their hot temper and reputation as a know\u2011it\u2011all, which could undermine crew cooperation and cockpit harmony.\nMETADATA_JSON:\n{\"agent\": \"agent_2\", \"vote\": \"Candidate D\"}"}
2026-05-16 23:43:06,504 - INFO - Agent turns: 1
2026-05-16 23:43:23,412 - INFO - Tokens - Input: 1647, Output: 1257, Total: 2904
2026-05-16 23:43:23,415 - INFO - Memory updates: 1
{"id": 4, "ts": 1778967803.4156525, "event": "memory_updated", "agent": "agent_3", "round": 1}
2026-05-16 23:43:29,613 - INFO - Tokens - Input: 1652, Output: 1903, Total: 3555
2026-05-16 23:43:29,616 - INFO - Memory updates: 2
{"id": 5, "ts": 1778967809.6169662, "event": "memory_updated", "agent": "agent_1", "round": 1}
2026-05-16 23:43:37,465 - INFO - Tokens - Input: 1655, Output: 2860, Total: 4515
2026-05-16 23:43:37,468 - INFO - Memory updates: 3
{"id": 6, "ts": 1778967817.4682658, "event": "memory_updated", "agent": "agent_2", "round": 1}
2026-05-16 23:43:46,183 - INFO - Tokens - Input: 2451, Output: 1050, Total: 3501
{"id": 7, "ts": 1778967826.1847858, "event": "public_discussion_message", "round": 1, "agent": "agent_1", "message": "I\u2019m currently favoring **Candidate\u202fD**. Their strong problem\u2011solving ability, high concentration, and serious sense of responsibility suggest they can handle the complex, long\u2011duration demands of intercontinental flights and respond effectively to unexpected events\u2014key for safety and operational reliability. The main uncertainty is their reputation for arrogance and relatively weak leadership, which could undermine crew cooperation and cockpit harmony.\nMETADATA_JSON:\n{\"agent\": \"agent_1\", \"vote\": \"Candidate D\"}"}
2026-05-16 23:43:46,184 - INFO - Agent turns: 2
2026-05-16 23:43:57,703 - INFO - Tokens - Input: 2135, Output: 841, Total: 2976
2026-05-16 23:43:57,708 - INFO - Memory updates: 4
{"id": 8, "ts": 1778967837.7087753, "event": "memory_updated", "agent": "agent_1", "round": 1}
2026-05-16 23:43:57,760 - INFO - Tokens - Input: 2397, Output: 847, Total: 3244
2026-05-16 23:43:57,762 - INFO - Memory updates: 5
{"id": 9, "ts": 1778967837.7629364, "event": "memory_updated", "agent": "agent_2", "round": 1}
2026-05-16 23:44:06,359 - INFO - Tokens - Input: 2064, Output: 1935, Total: 3999
2026-05-16 23:44:06,361 - INFO - Memory updates: 6
{"id": 10, "ts": 1778967846.36195, "event": "memory_updated", "agent": "agent_3", "round": 1}
2026-05-16 23:44:12,094 - INFO - Tokens - Input: 2570, Output: 688, Total: 3258
{"id": 11, "ts": 1778967852.0957792, "event": "public_discussion_message", "round": 1, "agent": "agent_3", "message": "I\u2019m currently favoring **Candidate\u202fB**. Their conscientiousness and strong stress\u2011handling ability support reliability and calmness on long\u2011haul flights, while their skill in assessing weather conditions and excellent computer abilities address the technical demands of long\u2011distance operations. The main uncertainty is their tendency to be pretentious and sometimes use the wrong tone, which could hinder crew cooperation and cockpit harmony.\nMETADATA_JSON:\n{\"agent\": \"agent_3\", \"vote\": \"Candidate B\"}"}
2026-05-16 23:44:12,095 - INFO - Agent turns: 3
2026-05-16 23:44:32,659 - INFO - Tokens - Input: 2530, Output: 1480, Total: 4010
2026-05-16 23:44:32,663 - INFO - Memory updates: 7
{"id": 12, "ts": 1778967872.6633182, "event": "memory_updated", "agent": "agent_2", "round": 1}
2026-05-16 23:44:33,161 - INFO - Tokens - Input: 2322, Output: 1534, Total: 3856
2026-05-16 23:44:33,164 - INFO - Memory updates: 8
{"id": 13, "ts": 1778967873.1648374, "event": "memory_updated", "agent": "agent_1", "round": 1}
2026-05-16 23:44:36,347 - INFO - Tokens - Input: 2254, Output: 1933, Total: 4187
2026-05-16 23:44:36,350 - INFO - Memory updates: 9
{"id": 14, "ts": 1778967876.3505385, "event": "memory_updated", "agent": "agent_3", "round": 1}
2026-05-16 23:44:36,359 - INFO - Loop 1 completed
{"id": 15, "ts": 1778967876.3667328, "event": "discussion_order", "round": 2, "order": ["agent_1", "agent_2", "agent_3"]}
2026-05-16 23:44:38,748 - INFO - Tokens - Input: 2813, Output: 240, Total: 3053
{"id": 16, "ts": 1778967878.7496858, "event": "public_discussion_message", "round": 2, "agent": "agent_1", "message": "I continue to favor **Candidate\u202fD**. Their exceptional problem\u2011solving ability, strong concentration, serious sense of responsibility, and proven capacity to respond adequately to unexpected events are critical for the safety and reliability of long\u2011distance flights. The main uncertainty is their reputation for arrogance and relatively weak leadership, which could undermine crew cooperation and cockpit harmony.\nMETADATA_JSON:\n{\"agent\": \"agent_1\", \"vote\": \"Candidate D\"}"}
2026-05-16 23:44:38,750 - INFO - Agent turns: 4
2026-05-16 23:44:43,280 - INFO - Tokens - Input: 2489, Output: 246, Total: 2735
2026-05-16 23:44:43,283 - INFO - Memory updates: 10
{"id": 17, "ts": 1778967883.283763, "event": "memory_updated", "agent": "agent_1", "round": 2}
2026-05-16 23:44:46,666 - INFO - Tokens - Input: 2691, Output: 595, Total: 3286
2026-05-16 23:44:46,669 - INFO - Memory updates: 11
{"id": 18, "ts": 1778967886.6699944, "event": "memory_updated", "agent": "agent_3", "round": 2}
2026-05-16 23:44:55,150 - INFO - Tokens - Input: 2690, Output: 1661, Total: 4351
2026-05-16 23:44:55,154 - INFO - Memory updates: 12
{"id": 19, "ts": 1778967895.15418, "event": "memory_updated", "agent": "agent_2", "round": 2}
2026-05-16 23:44:57,532 - INFO - Tokens - Input: 3151, Output: 254, Total: 3405
{"id": 20, "ts": 1778967897.5340645, "event": "public_discussion_message", "round": 2, "agent": "agent_2", "message": "I continue to favor **Candidate\u202fD**. Their exceptional problem\u2011solving ability, strong concentration, and serious sense of responsibility make them well\u2011suited for the complex, long\u2011duration demands of intercontinental flights, while their proven capacity to respond adequately to unexpected events is critical for safety. The main uncertainty is their hot temper and know\u2011it\u2011all reputation, which could undermine crew cooperation and cockpit harmony.\nMETADATA_JSON:\n{\"agent\": \"agent_2\", \"vote\": \"Candidate D\"}"}
2026-05-16 23:44:57,534 - INFO - Agent turns: 5
2026-05-16 23:45:03,504 - INFO - Tokens - Input: 2601, Output: 370, Total: 2971
2026-05-16 23:45:03,506 - INFO - Memory updates: 13
{"id": 21, "ts": 1778967903.5070124, "event": "memory_updated", "agent": "agent_1", "round": 2}
2026-05-16 23:45:03,985 - INFO - Tokens - Input: 2841, Output: 418, Total: 3259
2026-05-16 23:45:03,988 - INFO - Memory updates: 14
{"id": 22, "ts": 1778967903.9882965, "event": "memory_updated", "agent": "agent_2", "round": 2}
2026-05-16 23:45:13,229 - INFO - Tokens - Input: 2803, Output: 1597, Total: 4400
2026-05-16 23:45:13,232 - INFO - Memory updates: 15
{"id": 23, "ts": 1778967913.2325065, "event": "memory_updated", "agent": "agent_3", "round": 2}
2026-05-16 23:45:15,747 - INFO - Tokens - Input: 3320, Output: 263, Total: 3583
{"id": 24, "ts": 1778967915.7491622, "event": "public_discussion_message", "round": 2, "agent": "agent_3", "message": "I\u2019m still favoring **Candidate\u202fB**. Their strong conscientiousness and ability to handle stress ensure reliability and calmness on long\u2011haul flights, while their skill in assessing weather conditions and excellent computer abilities address the technical demands of intercontinental operations. The main trade\u2011off is their pretentious attitude and occasional inappropriate tone, which could hinder crew cooperation and cockpit harmony.\nMETADATA_JSON:\n{\"agent\": \"agent_3\", \"vote\": \"Candidate B\"}"}
2026-05-16 23:45:15,749 - INFO - Agent turns: 6
2026-05-16 23:45:19,649 - INFO - Tokens - Input: 3001, Output: 214, Total: 3215
2026-05-16 23:45:19,652 - INFO - Memory updates: 16
{"id": 25, "ts": 1778967919.6528714, "event": "memory_updated", "agent": "agent_3", "round": 2}
2026-05-16 23:45:21,495 - INFO - Tokens - Input: 2704, Output: 415, Total: 3119
2026-05-16 23:45:21,498 - INFO - Memory updates: 17
{"id": 26, "ts": 1778967921.4988823, "event": "memory_updated", "agent": "agent_1", "round": 2}
2026-05-16 23:45:22,155 - INFO - Tokens - Input: 2944, Output: 500, Total: 3444
2026-05-16 23:45:22,159 - INFO - Memory updates: 18
{"id": 27, "ts": 1778967922.1592047, "event": "memory_updated", "agent": "agent_2", "round": 2}
2026-05-16 23:45:22,167 - INFO - Loop 2 completed
{"id": 28, "ts": 1778967922.1736796, "event": "discussion_order", "round": 3, "order": ["agent_3", "agent_2", "agent_1"]}
2026-05-16 23:45:24,825 - INFO - Tokens - Input: 3423, Output: 248, Total: 3671
{"id": 29, "ts": 1778967924.82708, "event": "public_discussion_message", "round": 3, "agent": "agent_3", "message": "I prefer Candidate\u202fB. Their very conscientious nature and strong ability to handle stress ensure reliability and calmness on long\u2011distance flights, while their skill in assessing weather conditions and excellent computer abilities address the technical demands of intercontinental operations. The main trade\u2011off is their pretentious attitude and occasional inappropriate tone, which could hinder crew cooperation and cockpit harmony.\nMETADATA_JSON:\n{\"agent\": \"agent_3\", \"vote\": \"Candidate B\"}"}
2026-05-16 23:45:24,827 - INFO - Agent turns: 7
2026-05-16 23:45:30,698 - INFO - Tokens - Input: 3043, Output: 412, Total: 3455
2026-05-16 23:45:30,701 - INFO - Memory updates: 19
{"id": 30, "ts": 1778967930.7018342, "event": "memory_updated", "agent": "agent_2", "round": 3}
2026-05-16 23:45:31,100 - INFO - Tokens - Input: 2803, Output: 455, Total: 3258
2026-05-16 23:45:31,103 - INFO - Memory updates: 20
{"id": 31, "ts": 1778967931.103664, "event": "memory_updated", "agent": "agent_1", "round": 3}
2026-05-16 23:45:32,193 - INFO - Tokens - Input: 3100, Output: 592, Total: 3692
2026-05-16 23:45:32,196 - INFO - Memory updates: 21
{"id": 32, "ts": 1778967932.1971035, "event": "memory_updated", "agent": "agent_3", "round": 3}
2026-05-16 23:45:34,495 - INFO - Tokens - Input: 3465, Output: 202, Total: 3667
{"id": 33, "ts": 1778967934.497136, "event": "public_discussion_message", "round": 3, "agent": "agent_2", "message": "I prefer **Candidate\u202fD**. Their exceptional problem\u2011solving ability, high concentration, serious sense of responsibility, and proven capacity to respond adequately to unexpected events are vital for the safety and reliability of long\u2011distance flights. The main trade\u2011off is their hot temper and know\u2011it\u2011all reputation, which could undermine crew cooperation and cockpit harmony.\nMETADATA_JSON:\n{\"agent\": \"agent_2\", \"vote\": \"Candidate D\"}"}
2026-05-16 23:45:34,497 - INFO - Agent turns: 8
2026-05-16 23:45:40,296 - INFO - Tokens - Input: 2903, Output: 379, Total: 3282
2026-05-16 23:45:40,299 - INFO - Memory updates: 22
{"id": 34, "ts": 1778967940.299787, "event": "memory_updated", "agent": "agent_1", "round": 3}
2026-05-16 23:45:40,328 - INFO - Tokens - Input: 3143, Output: 381, Total: 3524
2026-05-16 23:45:40,330 - INFO - Memory updates: 23
{"id": 35, "ts": 1778967940.3309104, "event": "memory_updated", "agent": "agent_2", "round": 3}
2026-05-16 23:45:41,762 - INFO - Tokens - Input: 3200, Output: 563, Total: 3763
2026-05-16 23:45:41,766 - INFO - Memory updates: 24
{"id": 36, "ts": 1778967941.766263, "event": "memory_updated", "agent": "agent_3", "round": 3}
2026-05-16 23:45:43,971 - INFO - Tokens - Input: 3325, Output: 206, Total: 3531
{"id": 37, "ts": 1778967943.9734516, "event": "public_discussion_message", "round": 3, "agent": "agent_1", "message": "I prefer **Candidate\u202fD**. Their exceptional problem\u2011solving ability, strong concentration, and serious sense of responsibility directly support the safety and reliability required for long\u2011distance flights, while their proven capacity to respond adequately to unexpected events ensures calmness under pressure. The main uncertainty is their reputation for arrogance and relatively weak leadership, which could hinder crew cooperation and cockpit harmony.\nMETADATA_JSON:\n{\"agent\": \"agent_1\", \"vote\": \"Candidate D\"}"}
2026-05-16 23:45:43,973 - INFO - Agent turns: 9
2026-05-16 23:45:49,470 - INFO - Tokens - Input: 3006, Output: 340, Total: 3346
2026-05-16 23:45:49,473 - INFO - Memory updates: 25
{"id": 38, "ts": 1778967949.4738586, "event": "memory_updated", "agent": "agent_1", "round": 3}
2026-05-16 23:45:50,522 - INFO - Tokens - Input: 3303, Output: 449, Total: 3752
2026-05-16 23:45:50,525 - INFO - Memory updates: 26
{"id": 39, "ts": 1778967950.5259416, "event": "memory_updated", "agent": "agent_3", "round": 3}
2026-05-16 23:45:51,256 - INFO - Tokens - Input: 3246, Output: 544, Total: 3790
2026-05-16 23:45:51,260 - INFO - Memory updates: 27
{"id": 40, "ts": 1778967951.2601645, "event": "memory_updated", "agent": "agent_2", "round": 3}
2026-05-16 23:45:51,268 - INFO - Loop 3 completed
{"id": 41, "ts": 1778967951.2744648, "event": "discussion_order", "round": 4, "order": ["agent_1", "agent_2", "agent_3"]}
2026-05-16 23:45:53,346 - INFO - Tokens - Input: 3428, Output: 173, Total: 3601
{"id": 42, "ts": 1778967953.3482473, "event": "public_discussion_message", "round": 4, "agent": "agent_1", "message": "I continue to favor **Candidate\u202fD**. Their exceptional problem\u2011solving ability, strong concentration, and serious sense of responsibility directly support the safety and reliability required for long\u2011distance flights, and they have demonstrated the capacity to respond adequately to unexpected events, which is crucial for staying calm under pressure. The main trade\u2011off is their reputation for arrogance and relatively weak leadership, which could undermine crew cooperation and cockpit harmony.\nMETADATA_JSON:\n{\"agent\": \"agent_1\", \"vote\": \"Candidate D\"}"}
2026-05-16 23:45:53,348 - INFO - Agent turns: 10
2026-05-16 23:45:58,464 - INFO - Tokens - Input: 3354, Output: 354, Total: 3708
2026-05-16 23:45:58,467 - INFO - Memory updates: 28
{"id": 43, "ts": 1778967958.4675276, "event": "memory_updated", "agent": "agent_2", "round": 4}
2026-05-16 23:45:59,441 - INFO - Tokens - Input: 3119, Output: 457, Total: 3576
2026-05-16 23:45:59,444 - INFO - Memory updates: 29
{"id": 44, "ts": 1778967959.4445407, "event": "memory_updated", "agent": "agent_1", "round": 4}
2026-05-16 23:46:00,686 - INFO - Tokens - Input: 3416, Output: 612, Total: 4028
2026-05-16 23:46:00,689 - INFO - Memory updates: 30
{"id": 45, "ts": 1778967960.690064, "event": "memory_updated", "agent": "agent_3", "round": 4}
2026-05-16 23:46:02,539 - INFO - Tokens - Input: 3776, Output: 142, Total: 3918
{"id": 46, "ts": 1778967962.541597, "event": "public_discussion_message", "round": 4, "agent": "agent_2", "message": "I continue to favor **Candidate\u202fD**. Their exceptional problem\u2011solving ability and strong concentration are vital for managing the complex, long\u2011duration demands of intercontinental flights, while their serious sense of responsibility ensures reliability. The main trade\u2011off is their hot temper and know\u2011it\u2011all reputation, which could jeopardize crew cooperation and cockpit harmony.\nMETADATA_JSON:\n{\"agent\": \"agent_2\", \"vote\": \"Candidate D\"}"}
2026-05-16 23:46:02,541 - INFO - Agent turns: 11
2026-05-16 23:46:08,168 - INFO - Tokens - Input: 3454, Output: 354, Total: 3808
2026-05-16 23:46:08,170 - INFO - Memory updates: 31
{"id": 47, "ts": 1778967968.1703575, "event": "memory_updated", "agent": "agent_2", "round": 4}
2026-05-16 23:46:09,888 - INFO - Tokens - Input: 3520, Output: 532, Total: 4052
2026-05-16 23:46:09,891 - INFO - Memory updates: 32
{"id": 48, "ts": 1778967969.891513, "event": "memory_updated", "agent": "agent_3", "round": 4}
2026-05-16 23:46:20,266 - INFO - Tokens - Input: 3219, Output: 1830, Total: 5049
2026-05-16 23:46:20,269 - INFO - Memory updates: 33
{"id": 49, "ts": 1778967980.2700932, "event": "memory_updated", "agent": "agent_1", "round": 4}
2026-05-16 23:46:24,121 - INFO - Tokens - Input: 3942, Output: 383, Total: 4325
{"id": 50, "ts": 1778967984.1235511, "event": "public_discussion_message", "round": 4, "agent": "agent_3", "message": "I continue to favor **Candidate\u202fB**. Their very conscientious nature and strong ability to handle stress give the reliability and calmness essential for long\u2011haul flights, while their skill in assessing weather conditions and excellent computer abilities address the technical demands of intercontinental operations. The main trade\u2011off is their pretentious attitude and occasional inappropriate tone, which could hinder crew cooperation and cockpit harmony.\nMETADATA_JSON:\n{\"agent\": \"agent_3\", \"vote\": \"Candidate B\"}"}
2026-05-16 23:46:24,123 - INFO - Agent turns: 12
2026-05-16 23:46:30,441 - INFO - Tokens - Input: 3625, Output: 383, Total: 4008
2026-05-16 23:46:30,444 - INFO - Memory updates: 34
{"id": 51, "ts": 1778967990.4447887, "event": "memory_updated", "agent": "agent_3", "round": 4}
2026-05-16 23:46:30,810 - INFO - Tokens - Input: 3385, Output: 423, Total: 3808
2026-05-16 23:46:30,813 - INFO - Memory updates: 35
{"id": 52, "ts": 1778967990.813187, "event": "memory_updated", "agent": "agent_1", "round": 4}
2026-05-16 23:46:31,361 - INFO - Tokens - Input: 3559, Output: 492, Total: 4051
2026-05-16 23:46:31,365 - INFO - Memory updates: 36
{"id": 53, "ts": 1778967991.3651993, "event": "memory_updated", "agent": "agent_2", "round": 4}
2026-05-16 23:46:31,373 - INFO - Loop 4 completed
{"id": 54, "ts": 1778967991.3795652, "event": "discussion_order", "round": 5, "order": ["agent_1", "agent_3", "agent_2"]}
2026-05-16 23:46:36,566 - INFO - Tokens - Input: 3803, Output: 573, Total: 4376
{"id": 55, "ts": 1778967996.5683057, "event": "public_discussion_message", "round": 5, "agent": "agent_1", "message": "I continue to favor **Candidate\u202fD**. Their exceptional problem\u2011solving ability, strong concentration, and serious sense of responsibility directly support the safety, reliability, and calmness required for long\u2011distance flights, and they have shown they can respond adequately to unexpected events. The main trade\u2011off is their reputation for arrogance, a relatively weak leadership style, and a hot temper, which could undermine crew cooperation and cockpit harmony.\nMETADATA_JSON:\n{\"agent\": \"agent_1\", \"vote\": \"Candidate D\"}"}
2026-05-16 23:46:36,568 - INFO - Agent turns: 13
2026-05-16 23:46:42,410 - INFO - Tokens - Input: 3673, Output: 377, Total: 4050
2026-05-16 23:46:42,413 - INFO - Memory updates: 37
{"id": 56, "ts": 1778968002.4140337, "event": "memory_updated", "agent": "agent_2", "round": 5}
2026-05-16 23:46:43,785 - INFO - Tokens - Input: 3495, Output: 519, Total: 4014
2026-05-16 23:46:43,789 - INFO - Memory updates: 38
{"id": 57, "ts": 1778968003.7892594, "event": "memory_updated", "agent": "agent_1", "round": 5}
2026-05-16 23:46:45,121 - INFO - Tokens - Input: 3739, Output: 683, Total: 4422
2026-05-16 23:46:45,124 - INFO - Memory updates: 39
{"id": 58, "ts": 1778968005.1250808, "event": "memory_updated", "agent": "agent_3", "round": 5}
2026-05-16 23:46:47,971 - INFO - Tokens - Input: 4161, Output: 247, Total: 4408
{"id": 59, "ts": 1778968007.9736965, "event": "public_discussion_message", "round": 5, "agent": "agent_3", "message": "I continue to favor **Candidate\u202fB**. Their very conscientious nature and strong ability to handle stress give the reliability and calmness essential for long\u2011distance flights, while their skill in assessing weather conditions and excellent computer abilities address the technical demands of intercontinental operations. The main trade\u2011off is their pretentious attitude and occasional inappropriate tone, which could undermine crew cooperation and cockpit harmony.\nMETADATA_JSON:\n{\"agent\": \"agent_3\", \"vote\": \"Candidate B\"}"}
2026-05-16 23:46:47,973 - INFO - Agent turns: 14
2026-05-16 23:46:54,912 - INFO - Tokens - Input: 3844, Output: 444, Total: 4288
2026-05-16 23:46:54,915 - INFO - Memory updates: 40
{"id": 60, "ts": 1778968014.91588, "event": "memory_updated", "agent": "agent_3", "round": 5}
2026-05-16 23:46:55,242 - INFO - Tokens - Input: 3778, Output: 478, Total: 4256
2026-05-16 23:46:55,245 - INFO - Memory updates: 41
{"id": 61, "ts": 1778968015.2457833, "event": "memory_updated", "agent": "agent_2", "round": 5}
2026-05-16 23:46:57,175 - INFO - Tokens - Input: 3600, Output: 718, Total: 4318
2026-05-16 23:46:57,178 - INFO - Memory updates: 42
{"id": 62, "ts": 1778968017.1789534, "event": "memory_updated", "agent": "agent_1", "round": 5}
2026-05-16 23:46:59,185 - INFO - Tokens - Input: 4200, Output: 142, Total: 4342
{"id": 63, "ts": 1778968019.1873095, "event": "public_discussion_message", "round": 5, "agent": "agent_2", "message": "I continue to favor **Candidate\u202fD**. Their exceptional problem\u2011solving ability and strong concentration are vital for managing the complex, long\u2011duration demands of intercontinental flights, and their serious sense of responsibility ensures reliability. The main trade\u2011off is their hot temper and know\u2011it\u2011all reputation, which could jeopardize crew cooperation and cockpit harmony.\nMETADATA_JSON:\n{\"agent\": \"agent_2\", \"vote\": \"Candidate D\"}"}
2026-05-16 23:46:59,187 - INFO - Agent turns: 15
2026-05-16 23:47:03,786 - INFO - Tokens - Input: 3878, Output: 262, Total: 4140
2026-05-16 23:47:03,790 - INFO - Memory updates: 43
{"id": 64, "ts": 1778968023.7901962, "event": "memory_updated", "agent": "agent_2", "round": 5}
2026-05-16 23:47:05,853 - INFO - Tokens - Input: 3700, Output: 477, Total: 4177
2026-05-16 23:47:05,856 - INFO - Memory updates: 44
{"id": 65, "ts": 1778968025.856321, "event": "memory_updated", "agent": "agent_1", "round": 5}
2026-05-16 23:47:06,631 - INFO - Tokens - Input: 3944, Output: 573, Total: 4517
2026-05-16 23:47:06,635 - INFO - Memory updates: 45
{"id": 66, "ts": 1778968026.635173, "event": "memory_updated", "agent": "agent_3", "round": 5}
2026-05-16 23:47:06,644 - INFO - Loop 5 completed
2026-05-16 23:47:06,645 - INFO - Final Chosen Candidate: Candidate D
2026-05-16 23:47:06,645 - INFO - Final Decision Method: max_round_majority_vote
2026-05-16 23:47:06,645 - INFO - Final Vote Count: {'Candidate D': 2, 'Candidate B': 1}
2026-05-16 23:47:06,645 - INFO - Correct Candidate: Candidate C
2026-05-16 23:47:06,645 - INFO - Decision Correct: 0
{"id": 67, "ts": 1778968027.3930516, "event": "context_consistency_calculated", "method": "weighted_section_embedding_cosine", "mean_pairwise_similarity": 0.84332, "pairwise": [{"agent_a": "agent_1", "agent_b": "agent_2", "similarity": 0.836335, "sections": [{"section": "task_summary", "weight": 0.02, "similarity": 0.97812}, {"section": "revealed_facts_by_source", "weight": 0.3, "similarity": 0.827263}, {"section": "candidate_evaluation", "weight": 0.35, "similarity": 0.891882}, {"section": "other_agents_positions", "weight": 0.15, "similarity": 0.956977}, {"section": "emerging_group_view", "weight": 0.13, "similarity": 0.770933}, {"section": "open_questions_next_step_focus", "weight": 0.05, "similarity": 0.25335}]}, {"agent_a": "agent_1", "agent_b": "agent_3", "similarity": 0.879005, "sections": [{"section": "task_summary", "weight": 0.02, "similarity": 1.0}, {"section": "revealed_facts_by_source", "weight": 0.3, "similarity": 0.915509}, {"section": "candidate_evaluation", "weight": 0.35, "similarity": 0.907631}, {"section": "other_agents_positions", "weight": 0.15, "similarity": 0.878639}, {"section": "emerging_group_view", "weight": 0.13, "similarity": 0.807011}, {"section": "open_questions_next_step_focus", "weight": 0.05, "similarity": 0.59948}]}, {"agent_a": "agent_2", "agent_b": "agent_3", "similarity": 0.814619, "sections": [{"section": "task_summary", "weight": 0.02, "similarity": 0.97812}, {"section": "revealed_facts_by_source", "weight": 0.3, "similarity": 0.846836}, {"section": "candidate_evaluation", "weight": 0.35, "similarity": 0.851849}, {"section": "other_agents_positions", "weight": 0.15, "similarity": 0.882575}, {"section": "emerging_group_view", "weight": 0.13, "similarity": 0.7686}, {"section": "open_questions_next_step_focus", "weight": 0.05, "similarity": 0.21108}]}]}
{"id": 68, "ts": 1778968027.3932362, "event": "gold_standard_alignment_calculated", "method": "rule_based_fact_coverage", "mean_alignment": 0.583333, "by_agent": [{"agent": "agent_1", "score": 0.675, "matched_facts": 27, "total_facts": 40, "matched_public_facts": 16, "total_public_facts": 16, "public_fact_coverage": 1.0, "matched_own_private_facts": 8, "total_own_private_facts": 8, "own_private_fact_coverage": 1.0, "matched_other_private_facts": 3, "total_other_private_facts": 16, "other_private_fact_coverage": 0.1875, "checks": {"public_candidate_a_can_anticipate_dangerous_situations": 1, "public_candidate_a_is_able_to_see_complex_connections": 1, "public_candidate_a_has_excellent_spatial_vision": 1, "public_candidate_a_has_very_good_leadership_qualities": 1, "public_candidate_b_is_very_conscientious": 1, "public_candidate_b_handles_stress_very_well": 1, "public_candidate_b_is_good_at_assessing_weather_conditions": 1, "public_candidate_b_has_excellent_computer_skills": 1, "public_candidate_c_can_make_correct_decisions_quickly": 1, "public_candidate_c_has_difficulty_communicating_ideas": 1, "public_candidate_c_is_regarded_as_egocentric": 1, "public_candidate_c_is_not_very_willing_to_further_his_education": 1, "public_candidate_d_responds_to_unexpected_events_adequately": 1, "public_candidate_d_can_concentrate_very_well": 1, "public_candidate_d_solves_problems_extremely_well": 1, "public_candidate_d_takes_responsibility_seriously": 1, "agent_1_candidate_a_is_sometimes_not_good_at_taking_criticism": 1, "agent_1_candidate_a_can_be_unorganized": 1, "agent_1_candidate_b_can_be_grumpy": 1, "agent_1_candidate_b_can_be_uncooperative": 1, "agent_1_candidate_c_is_known_to_be_100_percent_reliable": 1, "agent_1_candidate_c_creates_a_positive_atmosphere_with_his_crew": 1, "agent_1_candidate_d_is_regarded_as_arrogant": 1, "agent_1_candidate_d_has_relatively_weak_leadership_skills": 1, "agent_2_candidate_a_is_regarded_as_a_show_off": 0, "agent_2_candidate_a_is_regarded_as_being_not_open_to_new_ideas": 0, "agent_2_candidate_b_has_a_relatively_weak_memory_for_numbers": 0, "agent_2_candidate_b_makes_nasty_remarks_about_his_colleagues": 0, "agent_2_candidate_c_keeps_calm_in_a_crisis": 0, "agent_2_candidate_c_understands_complicated_technology": 0, "agent_2_candidate_d_is_regarded_as_a_know_it_all": 0, "agent_2_candidate_d_has_a_hot_temper": 1, "agent_3_candidate_a_is_unfriendly": 0, "agent_3_candidate_a_eats_unhealthily": 0, "agent_3_candidate_b_is_regarded_as_pretentious": 1, "agent_3_candidate_b_sometimes_adopts_the_wrong_tone_when_communicating": 1, "agent_3_candidate_c_puts_concern_for_others_above_everything": 0, "agent_3_candidate_c_has_excellent_attention_skills": 0, "agent_3_candidate_d_is_considered_moody": 0, "agent_3_candidate_d_is_regarded_as_a_loner": 0}}, {"agent": "agent_2", "score": 0.7, "matched_facts": 28, "total_facts": 40, "matched_public_facts": 16, "total_public_facts": 16, "public_fact_coverage": 1.0, "matched_own_private_facts": 8, "total_own_private_facts": 8, "own_private_fact_coverage": 1.0, "matched_other_private_facts": 4, "total_other_private_facts": 16, "other_private_fact_coverage": 0.25, "checks": {"public_candidate_a_can_anticipate_dangerous_situations": 1, "public_candidate_a_is_able_to_see_complex_connections": 1, "public_candidate_a_has_excellent_spatial_vision": 1, "public_candidate_a_has_very_good_leadership_qualities": 1, "public_candidate_b_is_very_conscientious": 1, "public_candidate_b_handles_stress_very_well": 1, "public_candidate_b_is_good_at_assessing_weather_conditions": 1, "public_candidate_b_has_excellent_computer_skills": 1, "public_candidate_c_can_make_correct_decisions_quickly": 1, "public_candidate_c_has_difficulty_communicating_ideas": 1, "public_candidate_c_is_regarded_as_egocentric": 1, "public_candidate_c_is_not_very_willing_to_further_his_education": 1, "public_candidate_d_responds_to_unexpected_events_adequately": 1, "public_candidate_d_can_concentrate_very_well": 1, "public_candidate_d_solves_problems_extremely_well": 1, "public_candidate_d_takes_responsibility_seriously": 1, "agent_1_candidate_a_is_sometimes_not_good_at_taking_criticism": 0, "agent_1_candidate_a_can_be_unorganized": 0, "agent_1_candidate_b_can_be_grumpy": 0, "agent_1_candidate_b_can_be_uncooperative": 0, "agent_1_candidate_c_is_known_to_be_100_percent_reliable": 0, "agent_1_candidate_c_creates_a_positive_atmosphere_with_his_crew": 0, "agent_1_candidate_d_is_regarded_as_arrogant": 1, "agent_1_candidate_d_has_relatively_weak_leadership_skills": 1, "agent_2_candidate_a_is_regarded_as_a_show_off": 1, "agent_2_candidate_a_is_regarded_as_being_not_open_to_new_ideas": 1, "agent_2_candidate_b_has_a_relatively_weak_memory_for_numbers": 1, "agent_2_candidate_b_makes_nasty_remarks_about_his_colleagues": 1, "agent_2_candidate_c_keeps_calm_in_a_crisis": 1, "agent_2_candidate_c_understands_complicated_technology": 1, "agent_2_candidate_d_is_regarded_as_a_know_it_all": 1, "agent_2_candidate_d_has_a_hot_temper": 1, "agent_3_candidate_a_is_unfriendly": 0, "agent_3_candidate_a_eats_unhealthily": 0, "agent_3_candidate_b_is_regarded_as_pretentious": 1, "agent_3_candidate_b_sometimes_adopts_the_wrong_tone_when_communicating": 1, "agent_3_candidate_c_puts_concern_for_others_above_everything": 0, "agent_3_candidate_c_has_excellent_attention_skills": 0, "agent_3_candidate_d_is_considered_moody": 0, "agent_3_candidate_d_is_regarded_as_a_loner": 0}}, {"agent": "agent_3", "score": 0.375, "matched_facts": 15, "total_facts": 40, "matched_public_facts": 8, "total_public_facts": 16, "public_fact_coverage": 0.5, "matched_own_private_facts": 4, "total_own_private_facts": 8, "own_private_fact_coverage": 0.5, "matched_other_private_facts": 3, "total_other_private_facts": 16, "other_private_fact_coverage": 0.1875, "checks": {"public_candidate_a_can_anticipate_dangerous_situations": 0, "public_candidate_a_is_able_to_see_complex_connections": 0, "public_candidate_a_has_excellent_spatial_vision": 0, "public_candidate_a_has_very_good_leadership_qualities": 0, "public_candidate_b_is_very_conscientious": 1, "public_candidate_b_handles_stress_very_well": 1, "public_candidate_b_is_good_at_assessing_weather_conditions": 1, "public_candidate_b_has_excellent_computer_skills": 1, "public_candidate_c_can_make_correct_decisions_quickly": 0, "public_candidate_c_has_difficulty_communicating_ideas": 0, "public_candidate_c_is_regarded_as_egocentric": 0, "public_candidate_c_is_not_very_willing_to_further_his_education": 0, "public_candidate_d_responds_to_unexpected_events_adequately": 1, "public_candidate_d_can_concentrate_very_well": 1, "public_candidate_d_solves_problems_extremely_well": 1, "public_candidate_d_takes_responsibility_seriously": 1, "agent_1_candidate_a_is_sometimes_not_good_at_taking_criticism": 0, "agent_1_candidate_a_can_be_unorganized": 0, "agent_1_candidate_b_can_be_grumpy": 0, "agent_1_candidate_b_can_be_uncooperative": 0, "agent_1_candidate_c_is_known_to_be_100_percent_reliable": 0, "agent_1_candidate_c_creates_a_positive_atmosphere_with_his_crew": 0, "agent_1_candidate_d_is_regarded_as_arrogant": 0, "agent_1_candidate_d_has_relatively_weak_leadership_skills": 1, "agent_2_candidate_a_is_regarded_as_a_show_off": 0, "agent_2_candidate_a_is_regarded_as_being_not_open_to_new_ideas": 0, "agent_2_candidate_b_has_a_relatively_weak_memory_for_numbers": 0, "agent_2_candidate_b_makes_nasty_remarks_about_his_colleagues": 0, "agent_2_candidate_c_keeps_calm_in_a_crisis": 0, "agent_2_candidate_c_understands_complicated_technology": 0, "agent_2_candidate_d_is_regarded_as_a_know_it_all": 1, "agent_2_candidate_d_has_a_hot_temper": 1, "agent_3_candidate_a_is_unfriendly": 0, "agent_3_candidate_a_eats_unhealthily": 0, "agent_3_candidate_b_is_regarded_as_pretentious": 1, "agent_3_candidate_b_sometimes_adopts_the_wrong_tone_when_communicating": 1, "agent_3_candidate_c_puts_concern_for_others_above_everything": 0, "agent_3_candidate_c_has_excellent_attention_skills": 0, "agent_3_candidate_d_is_considered_moody": 1, "agent_3_candidate_d_is_regarded_as_a_loner": 1}}]}
{"id": 69, "ts": 1778968027.3933904, "event": "agent_memories_archived", "directory": "/home/lhegemann/git/bachelor_thesis/01_data/raw/simulations/moderate/moderate_treatment_20260516_211353_013/shared_mental_models", "round": 5}
{"id": 70, "ts": 1778968027.39343, "event": "final_decision", "candidate": "Candidate D", "method": "max_round_majority_vote", "vote_count": {"Candidate D": 2, "Candidate B": 1}, "correct_candidate": "Candidate C", "decision_correct": 0, "round": 5}
2026-05-16 23:47:07,408 - INFO - ======================================================================
2026-05-16 23:47:07,408 - INFO - SIMULATION METRICS
2026-05-16 23:47:07,408 - INFO - ======================================================================
2026-05-16 23:47:07,408 - INFO - Total Loops: 5
2026-05-16 23:47:07,408 - INFO - Agent Turns (no vote checker): 15
2026-05-16 23:47:07,408 - INFO - Agent Tool Calls: 0
2026-05-16 23:47:07,408 - INFO - Agent Tool Messages: 0
2026-05-16 23:47:07,408 - INFO - Memory Updates: 45
2026-05-16 23:47:07,408 - INFO - Total Messages (no vote checker): 15
2026-05-16 23:47:07,408 - INFO - Input Tokens: 185268
2026-05-16 23:47:07,408 - INFO - Output Tokens: 40503
2026-05-16 23:47:07,408 - INFO - Total Tokens: 225771
2026-05-16 23:47:07,408 - INFO - Final Chosen Candidate: Candidate D
2026-05-16 23:47:07,408 - INFO - Final Decision Method: max_round_majority_vote
2026-05-16 23:47:07,408 - INFO - Final Vote Count: {'Candidate D': 2, 'Candidate B': 1}
2026-05-16 23:47:07,408 - INFO - Correct Candidate: Candidate C
2026-05-16 23:47:07,408 - INFO - Decision Correct: 0
2026-05-16 23:47:07,409 - INFO - Runtime: 250.17s
2026-05-16 23:47:07,409 - INFO - ======================================================================
