2026-05-09 01:59:04,820 - INFO - Metrics tracker initialized
{"id": 1, "ts": 1778284744.8468502, "event": "memory_reset"}
{"id": 2, "ts": 1778284744.8497598, "event": "discussion_order", "round": 1, "order": ["agent_3", "agent_2", "agent_1"]}
2026-05-09 01:59:10,627 - INFO - Tokens - Input: 1387, Output: 510, Total: 1897
{"id": 3, "ts": 1778284750.6294284, "event": "public_discussion_message", "round": 1, "agent": "agent_3", "message": "I prefer Candidate B; handles stress very well.\nMETADATA_JSON:\n{\"agent\": \"agent_3\", \"vote\": \"Candidate B\"}"}
2026-05-09 01:59:10,629 - INFO - Agent turns: 1
2026-05-09 01:59:15,447 - INFO - Tokens - Input: 1452, Output: 619, Total: 2071
{"id": 4, "ts": 1778284755.4492393, "event": "public_discussion_message", "round": 1, "agent": "agent_2", "message": "I prefer Candidate A; excellent spatial vision.\nMETADATA_JSON:\n{\"agent\": \"agent_2\", \"vote\": \"Candidate A\"}"}
2026-05-09 01:59:15,449 - INFO - Agent turns: 2
2026-05-09 01:59:20,117 - INFO - Tokens - Input: 1485, Output: 506, Total: 1991
{"id": 5, "ts": 1778284760.119346, "event": "public_discussion_message", "round": 1, "agent": "agent_1", "message": "I prefer Candidate A; can anticipate dangerous situations.\nMETADATA_JSON:\n{\"agent\": \"agent_1\", \"vote\": \"Candidate A\"}"}
2026-05-09 01:59:20,119 - INFO - Agent turns: 3
2026-05-09 01:59:20,128 - INFO - Loop 1 completed
{"id": 6, "ts": 1778284760.1350753, "event": "discussion_order", "round": 2, "order": ["agent_1", "agent_3", "agent_2"]}
2026-05-09 01:59:27,010 - INFO - Tokens - Input: 1518, Output: 841, Total: 2359
{"id": 7, "ts": 1778284767.0120468, "event": "public_discussion_message", "round": 2, "agent": "agent_1", "message": "I prefer Candidate A; can anticipate dangerous situations.\nMETADATA_JSON:\n{\"agent\": \"agent_1\", \"vote\": \"Candidate A\"}"}
2026-05-09 01:59:27,012 - INFO - Agent turns: 4
2026-05-09 01:59:32,312 - INFO - Tokens - Input: 1557, Output: 648, Total: 2205
{"id": 8, "ts": 1778284772.3135357, "event": "public_discussion_message", "round": 2, "agent": "agent_3", "message": "I prefer Candidate B; handles stress very well.\nMETADATA_JSON:\n{\"agent\": \"agent_3\", \"vote\": \"Candidate B\"}"}
2026-05-09 01:59:32,313 - INFO - Agent turns: 5
2026-05-09 01:59:36,914 - INFO - Tokens - Input: 1603, Output: 581, Total: 2184
{"id": 9, "ts": 1778284776.9160078, "event": "public_discussion_message", "round": 2, "agent": "agent_2", "message": "I prefer Candidate B; very conscientious.\nMETADATA_JSON:\n{\"agent\": \"agent_2\", \"vote\": \"Candidate B\"}"}
2026-05-09 01:59:36,916 - INFO - Agent turns: 6
2026-05-09 01:59:36,925 - INFO - Loop 2 completed
{"id": 10, "ts": 1778284776.9305768, "event": "discussion_order", "round": 3, "order": ["agent_2", "agent_1", "agent_3"]}
2026-05-09 01:59:41,025 - INFO - Tokens - Input: 1633, Output: 460, Total: 2093
{"id": 11, "ts": 1778284781.0270813, "event": "public_discussion_message", "round": 3, "agent": "agent_2", "message": "I prefer Candidate A; excellent spatial vision.\nMETADATA_JSON:\n{\"agent\": \"agent_2\", \"vote\": \"Candidate A\"}"}
2026-05-09 01:59:41,027 - INFO - Agent turns: 7
2026-05-09 01:59:47,706 - INFO - Tokens - Input: 1672, Output: 881, Total: 2553
{"id": 12, "ts": 1778284787.7079473, "event": "public_discussion_message", "round": 3, "agent": "agent_1", "message": "I prefer Candidate C; known to be 100% reliable.\nMETADATA_JSON:\n{\"agent\": \"agent_1\", \"vote\": \"Candidate C\"}"}
2026-05-09 01:59:47,708 - INFO - Agent turns: 8
2026-05-09 01:59:54,485 - INFO - Tokens - Input: 1712, Output: 802, Total: 2514
{"id": 13, "ts": 1778284794.4867153, "event": "public_discussion_message", "round": 3, "agent": "agent_3", "message": "I prefer Candidate B; handles stress very well.\nMETADATA_JSON:\n{\"agent\": \"agent_3\", \"vote\": \"Candidate B\"}"}
2026-05-09 01:59:54,486 - INFO - Agent turns: 9
2026-05-09 01:59:54,496 - INFO - Loop 3 completed
{"id": 14, "ts": 1778284794.501781, "event": "discussion_order", "round": 4, "order": ["agent_3", "agent_2", "agent_1"]}
2026-05-09 02:00:01,400 - INFO - Tokens - Input: 1748, Output: 772, Total: 2520
{"id": 15, "ts": 1778284801.401639, "event": "public_discussion_message", "round": 4, "agent": "agent_3", "message": "I prefer Candidate D; solves problems extremely well.\nMETADATA_JSON:\n{\"agent\": \"agent_3\", \"vote\": \"Candidate D\"}"}
2026-05-09 02:00:01,401 - INFO - Agent turns: 10
2026-05-09 02:00:11,190 - INFO - Tokens - Input: 1793, Output: 1236, Total: 3029
{"id": 16, "ts": 1778284811.1915817, "event": "public_discussion_message", "round": 4, "agent": "agent_2", "message": "I prefer Candidate D; takes responsibility seriously.\nMETADATA_JSON:\n{\"agent\": \"agent_2\", \"vote\": \"Candidate D\"}"}
2026-05-09 02:00:11,191 - INFO - Agent turns: 11
2026-05-09 02:00:19,560 - INFO - Tokens - Input: 1826, Output: 974, Total: 2800
{"id": 17, "ts": 1778284819.5614905, "event": "public_discussion_message", "round": 4, "agent": "agent_1", "message": "I prefer Candidate A; can anticipate dangerous situations.\nMETADATA_JSON:\n{\"agent\": \"agent_1\", \"vote\": \"Candidate A\"}"}
2026-05-09 02:00:19,561 - INFO - Agent turns: 12
2026-05-09 02:00:19,571 - INFO - Loop 4 completed
{"id": 18, "ts": 1778284819.5769286, "event": "discussion_order", "round": 5, "order": ["agent_1", "agent_3", "agent_2"]}
2026-05-09 02:00:23,145 - INFO - Tokens - Input: 1859, Output: 406, Total: 2265
{"id": 19, "ts": 1778284823.1471899, "event": "public_discussion_message", "round": 5, "agent": "agent_1", "message": "I prefer Candidate A; excellent spatial vision.\nMETADATA_JSON:\n{\"agent\": \"agent_1\", \"vote\": \"Candidate A\"}"}
2026-05-09 02:00:23,147 - INFO - Agent turns: 13
2026-05-09 02:00:29,081 - INFO - Tokens - Input: 1896, Output: 624, Total: 2520
{"id": 20, "ts": 1778284829.0833876, "event": "public_discussion_message", "round": 5, "agent": "agent_3", "message": "I prefer Candidate B; very conscientious.\nMETADATA_JSON:\n{\"agent\": \"agent_3\", \"vote\": \"Candidate B\"}"}
2026-05-09 02:00:29,083 - INFO - Agent turns: 14
2026-05-09 02:00:34,537 - INFO - Tokens - Input: 1939, Output: 657, Total: 2596
{"id": 21, "ts": 1778284834.5393698, "event": "public_discussion_message", "round": 5, "agent": "agent_2", "message": "I prefer Candidate A; noted as a show\u2011off.\nMETADATA_JSON:\n{\"agent\": \"agent_2\", \"vote\": \"Candidate A\"}"}
2026-05-09 02:00:34,539 - INFO - Agent turns: 15
2026-05-09 02:00:34,548 - INFO - Loop 5 completed
2026-05-09 02:00:34,548 - INFO - Final Chosen Candidate: Candidate A
2026-05-09 02:00:34,549 - INFO - Final Decision Method: max_round_majority_vote
2026-05-09 02:00:34,549 - INFO - Final Vote Count: {'Candidate A': 2, 'Candidate B': 1}
2026-05-09 02:00:34,549 - INFO - Correct Candidate: Candidate C
2026-05-09 02:00:34,549 - INFO - Decision Correct: 0
{"id": 22, "ts": 1778284834.5506594, "event": "context_consistency_not_applicable", "reason": "explicit_smm_memory_disabled"}
{"id": 23, "ts": 1778284834.550805, "event": "final_decision", "candidate": "Candidate A", "method": "max_round_majority_vote", "vote_count": {"Candidate A": 2, "Candidate B": 1}, "correct_candidate": "Candidate C", "decision_correct": 0, "round": 5}
2026-05-09 02:00:34,558 - INFO - ======================================================================
2026-05-09 02:00:34,558 - INFO - SIMULATION METRICS
2026-05-09 02:00:34,558 - INFO - ======================================================================
2026-05-09 02:00:34,558 - INFO - Total Loops: 5
2026-05-09 02:00:34,558 - INFO - Agent Turns (no vote checker): 15
2026-05-09 02:00:34,558 - INFO - Agent Tool Calls: 0
2026-05-09 02:00:34,559 - INFO - Agent Tool Messages: 0
2026-05-09 02:00:34,559 - INFO - Memory Updates: 0
2026-05-09 02:00:34,559 - INFO - Total Messages (no vote checker): 15
2026-05-09 02:00:34,559 - INFO - Input Tokens: 25080
2026-05-09 02:00:34,559 - INFO - Output Tokens: 10517
2026-05-09 02:00:34,559 - INFO - Total Tokens: 35597
2026-05-09 02:00:34,559 - INFO - Final Chosen Candidate: Candidate A
2026-05-09 02:00:34,559 - INFO - Final Decision Method: max_round_majority_vote
2026-05-09 02:00:34,559 - INFO - Final Vote Count: {'Candidate A': 2, 'Candidate B': 1}
2026-05-09 02:00:34,559 - INFO - Correct Candidate: Candidate C
2026-05-09 02:00:34,559 - INFO - Decision Correct: 0
2026-05-09 02:00:34,559 - INFO - Runtime: 89.74s
2026-05-09 02:00:34,559 - INFO - ======================================================================
