2026-05-07 21:55:39,693 - INFO - Metrics tracker initialized
{"id": 1, "ts": 1778183739.718882, "event": "memory_reset"}
{"id": 2, "ts": 1778183739.7230716, "event": "discussion_order", "round": 1, "order": ["agent_3", "agent_2", "agent_1"]}
2026-05-07 21:55:45,846 - INFO - Tokens - Input: 1414, Output: 560, Total: 1974
{"id": 3, "ts": 1778183745.8478255, "event": "public_discussion_message", "round": 1, "agent": "agent_3", "message": "I tentatively favor **Candidate\u202fB**. Their conscientiousness, strong stress handling, and solid technical abilities (weather assessment and computer skills) directly support reliability, calmness under pressure, and technical competence needed for long\u2011distance flights. However, their pretentious demeanor and occasional wrong tone raise concerns about crew cooperation and a positive cockpit atmosphere.\nMETADATA_JSON:\n{\"agent\": \"agent_3\", \"vote\": \"Candidate B\"}"}
2026-05-07 21:55:45,848 - INFO - Agent turns: 1
2026-05-07 21:55:52,717 - INFO - Tokens - Input: 1597, Output: 845, Total: 2442
{"id": 4, "ts": 1778183752.7190592, "event": "public_discussion_message", "round": 1, "agent": "agent_2", "message": "I tentatively favor **Candidate\u202fD**. Their strong sense of responsibility and excellent problem\u2011solving ability give them high reliability and technical competence, while their ability to concentrate and respond well to unexpected events supports calmness under pressure. The main uncertainty is their hot temper and \u201cknow\u2011it\u2011all\u201d attitude, which could undermine crew cooperation in the cockpit.\nMETADATA_JSON:\n{\"agent\": \"agent_2\", \"vote\": \"Candidate D\"}"}
2026-05-07 21:55:52,719 - INFO - Agent turns: 2
2026-05-07 21:56:02,634 - INFO - Tokens - Input: 1699, Output: 1227, Total: 2926
{"id": 5, "ts": 1778183762.6357894, "event": "public_discussion_message", "round": 1, "agent": "agent_1", "message": "I tentatively favor **Candidate\u202fA**. Their ability to anticipate dangerous situations, see complex connections, and excellent spatial vision give them strong technical competence and safety awareness, while their very good leadership qualities support crew cooperation\u2014both essential for long\u2011distance flights. The main trade\u2011off is that they can be unorganized and struggle with taking criticism, which could affect reliability and teamwork in the cockpit.\nMETADATA_JSON:\n{\"agent\": \"agent_1\", \"vote\": \"Candidate A\"}"}
2026-05-07 21:56:02,635 - INFO - Agent turns: 3
2026-05-07 21:56:02,644 - INFO - Loop 1 completed
{"id": 6, "ts": 1778183762.6502361, "event": "discussion_order", "round": 2, "order": ["agent_3", "agent_2", "agent_1"]}
2026-05-07 21:56:07,391 - INFO - Tokens - Input: 1740, Output: 625, Total: 2365
{"id": 7, "ts": 1778183767.3922577, "event": "public_discussion_message", "round": 2, "agent": "agent_3", "message": "I continue to favor **Candidate\u202fB**. Their conscientiousness and strong stress\u2011handling give them high reliability and calmness under pressure, while their ability to assess weather and excellent computer skills support the technical competence needed for long\u2011distance flights. The main uncertainty is their pretentious demeanor and occasional wrong tone, which could hinder crew cooperation in the cockpit.\nMETADATA_JSON:\n{\"agent\": \"agent_3\", \"vote\": \"Candidate B\"}"}
2026-05-07 21:56:07,392 - INFO - Agent turns: 4
2026-05-07 21:56:13,623 - INFO - Tokens - Input: 1907, Output: 796, Total: 2703
{"id": 8, "ts": 1778183773.6252356, "event": "public_discussion_message", "round": 2, "agent": "agent_2", "message": "I continue to favor **Candidate\u202fD**. Their strong sense of responsibility and excellent problem\u2011solving ability give them high reliability and technical competence, while their ability to concentrate and respond adequately to unexpected events supports calmness under pressure\u2014key for long\u2011distance flights. The main trade\u2011off is their hot temper and \u201cknow\u2011it\u2011all\u201d attitude, which could undermine crew cooperation in the cockpit.\nMETADATA_JSON:\n{\"agent\": \"agent_2\", \"vote\": \"Candidate D\"}"}
2026-05-07 21:56:13,625 - INFO - Agent turns: 5
2026-05-07 21:56:23,105 - INFO - Tokens - Input: 2025, Output: 1080, Total: 3105
{"id": 9, "ts": 1778183783.1064847, "event": "public_discussion_message", "round": 2, "agent": "agent_1", "message": "I continue to favor **Candidate\u202fA**. Their ability to anticipate dangerous situations, see complex connections, and excellent spatial vision give them strong technical competence and safety awareness, while their very good leadership qualities support crew cooperation\u2014both critical for long\u2011distance flights. The main trade\u2011off is that they can be unorganized and struggle with taking criticism, which could affect reliability and teamwork in the cockpit.\nMETADATA_JSON:\n{\"agent\": \"agent_1\", \"vote\": \"Candidate A\"}"}
2026-05-07 21:56:23,106 - INFO - Agent turns: 6
2026-05-07 21:56:23,115 - INFO - Loop 2 completed
{"id": 10, "ts": 1778183783.12139, "event": "discussion_order", "round": 3, "order": ["agent_1", "agent_3", "agent_2"]}
2026-05-07 21:56:26,066 - INFO - Tokens - Input: 2062, Output: 417, Total: 2479
{"id": 11, "ts": 1778183786.0676618, "event": "public_discussion_message", "round": 3, "agent": "agent_1", "message": "I continue to favor **Candidate\u202fA**. Their ability to anticipate dangerous situations, see complex connections, and excellent spatial vision give them strong technical competence and safety awareness, while their very good leadership qualities support crew cooperation\u2014both essential for long\u2011distance flights. The main trade\u2011off is their tendency to be unorganized and difficulty accepting criticism, which could affect reliability and teamwork in the cockpit.\nMETADATA_JSON:\n{\"agent\": \"agent_1\", \"vote\": \"Candidate A\"}"}
2026-05-07 21:56:26,067 - INFO - Agent turns: 7
2026-05-07 21:56:32,143 - INFO - Tokens - Input: 2232, Output: 792, Total: 3024
{"id": 12, "ts": 1778183792.1443832, "event": "public_discussion_message", "round": 3, "agent": "agent_3", "message": "I continue to favor **Candidate\u202fB**. Their high conscientiousness and strong stress\u2011handling give them solid reliability and calmness under pressure, while their ability to assess weather conditions and excellent computer skills support the technical competence needed for long\u2011distance flights. The main trade\u2011off is their pretentious demeanor and occasional wrong tone, which could hinder crew cooperation and a positive cockpit atmosphere.\nMETADATA_JSON:\n{\"agent\": \"agent_3\", \"vote\": \"Candidate B\"}"}
2026-05-07 21:56:32,144 - INFO - Agent turns: 8
2026-05-07 21:56:36,499 - INFO - Tokens - Input: 2343, Output: 545, Total: 2888
{"id": 13, "ts": 1778183796.5012174, "event": "public_discussion_message", "round": 3, "agent": "agent_2", "message": "I continue to favor **Candidate\u202fD**. Their strong sense of responsibility and excellent problem\u2011solving ability give them high reliability and technical competence, while their ability to concentrate and respond adequately to unexpected events supports calmness under pressure\u2014key for long\u2011distance flights. The main trade\u2011off is their hot temper and \u201cknow\u2011it\u2011all\u201d attitude, which could undermine crew cooperation in the cockpit.\nMETADATA_JSON:\n{\"agent\": \"agent_2\", \"vote\": \"Candidate D\"}"}
2026-05-07 21:56:36,501 - INFO - Agent turns: 9
2026-05-07 21:56:36,510 - INFO - Loop 3 completed
{"id": 14, "ts": 1778183796.5158308, "event": "discussion_order", "round": 4, "order": ["agent_1", "agent_3", "agent_2"]}
2026-05-07 21:56:40,717 - INFO - Tokens - Input: 2384, Output: 445, Total: 2829
{"id": 15, "ts": 1778183800.718947, "event": "public_discussion_message", "round": 4, "agent": "agent_1", "message": "I continue to favor **Candidate\u202fA**. Their ability to anticipate dangerous situations, see complex connections, and excellent spatial vision give them strong technical competence and safety awareness, while their very good leadership qualities support crew cooperation\u2014both crucial for long\u2011distance flights. The main trade\u2011off is that they can be unorganized and have difficulty accepting criticism, which could impact reliability and teamwork in the cockpit.\nMETADATA_JSON:\n{\"agent\": \"agent_1\", \"vote\": \"Candidate A\"}"}
2026-05-07 21:56:40,719 - INFO - Agent turns: 10
2026-05-07 21:56:46,172 - INFO - Tokens - Input: 2556, Output: 705, Total: 3261
{"id": 16, "ts": 1778183806.1734436, "event": "public_discussion_message", "round": 4, "agent": "agent_3", "message": "I continue to favor **Candidate\u202fB**. Their high conscientiousness and strong stress\u2011handling give them solid reliability and calmness under pressure, while their ability to assess weather conditions and excellent computer skills support the technical competence essential for long\u2011distance flights. The main trade\u2011off is their pretentious demeanor and occasional wrong tone, which could undermine crew cooperation and a positive cockpit atmosphere.\nMETADATA_JSON:\n{\"agent\": \"agent_3\", \"vote\": \"Candidate B\"}"}
2026-05-07 21:56:46,173 - INFO - Agent turns: 11
2026-05-07 21:56:48,410 - INFO - Tokens - Input: 2666, Output: 226, Total: 2892
{"id": 17, "ts": 1778183808.4118197, "event": "public_discussion_message", "round": 4, "agent": "agent_2", "message": "I continue to favor **Candidate\u202fD**. Their strong sense of responsibility and excellent problem\u2011solving ability give them high reliability and technical competence, while their ability to concentrate and respond adequately to unexpected events supports calmness under pressure\u2014key for long\u2011distance flights. The main trade\u2011off is their hot temper and \u201cknow\u2011it\u2011all\u201d attitude, which could undermine crew cooperation in the cockpit.\nMETADATA_JSON:\n{\"agent\": \"agent_2\", \"vote\": \"Candidate D\"}"}
2026-05-07 21:56:48,412 - INFO - Agent turns: 12
2026-05-07 21:56:48,422 - INFO - Loop 4 completed
{"id": 18, "ts": 1778183808.427612, "event": "discussion_order", "round": 5, "order": ["agent_1", "agent_2", "agent_3"]}
2026-05-07 21:56:51,621 - INFO - Tokens - Input: 2707, Output: 426, Total: 3133
{"id": 19, "ts": 1778183811.6226032, "event": "public_discussion_message", "round": 5, "agent": "agent_1", "message": "I continue to favor **Candidate\u202fA**. Their ability to anticipate dangerous situations and excellent spatial vision give them strong technical competence and safety awareness, while their very good leadership qualities support effective crew cooperation\u2014both essential for long\u2011distance flights. The main trade\u2011off is that they can be unorganized and have difficulty accepting criticism, which could undermine reliability and teamwork in the cockpit.\nMETADATA_JSON:\n{\"agent\": \"agent_1\", \"vote\": \"Candidate A\"}"}
2026-05-07 21:56:51,622 - INFO - Agent turns: 13
2026-05-07 21:56:58,092 - INFO - Tokens - Input: 2879, Output: 843, Total: 3722
{"id": 20, "ts": 1778183818.0941224, "event": "public_discussion_message", "round": 5, "agent": "agent_2", "message": "I continue to favor **Candidate\u202fD**. Their strong sense of responsibility and excellent problem\u2011solving give them high reliability and technical competence, while their ability to concentrate and respond adequately to unexpected events supports calmness under pressure\u2014key for long\u2011distance flights. The main trade\u2011off is their hot temper and \u201cknow\u2011it\u2011all\u201d attitude, which could undermine crew cooperation in the cockpit.\nMETADATA_JSON:\n{\"agent\": \"agent_2\", \"vote\": \"Candidate D\"}"}
2026-05-07 21:56:58,094 - INFO - Agent turns: 14
2026-05-07 21:57:05,444 - INFO - Tokens - Input: 2985, Output: 908, Total: 3893
{"id": 21, "ts": 1778183825.4455438, "event": "public_discussion_message", "round": 5, "agent": "agent_3", "message": "I continue to favor **Candidate\u202fB**. Their high conscientiousness gives them strong reliability, and their ability to handle stress well supports calmness under pressure\u2014both essential for long\u2011distance operations. Additionally, their skill in assessing weather conditions and excellent computer abilities provide solid technical competence for complex flight planning. The main trade\u2011off is their pretentious demeanor and occasional wrong tone, which could undermine crew cooperation and a positive cockpit atmosphere.\nMETADATA_JSON:\n{\"agent\": \"agent_3\", \"vote\": \"Candidate B\"}"}
2026-05-07 21:57:05,445 - INFO - Agent turns: 15
2026-05-07 21:57:05,455 - INFO - Loop 5 completed
2026-05-07 21:57:05,455 - INFO - Final Chosen Candidate: None
2026-05-07 21:57:05,455 - INFO - Final Decision Method: max_round_no_majority
2026-05-07 21:57:05,455 - INFO - Final Vote Count: {'Candidate A': 1, 'Candidate D': 1, 'Candidate B': 1}
2026-05-07 21:57:05,455 - INFO - Correct Candidate: Candidate C
2026-05-07 21:57:05,456 - INFO - Decision Correct: 0
{"id": 22, "ts": 1778183825.4574196, "event": "context_consistency_not_applicable", "reason": "explicit_smm_memory_disabled"}
{"id": 23, "ts": 1778183825.4575636, "event": "final_decision", "candidate": null, "method": "max_round_no_majority", "vote_count": {"Candidate A": 1, "Candidate D": 1, "Candidate B": 1}, "correct_candidate": "Candidate C", "decision_correct": 0, "round": 5}
2026-05-07 21:57:05,465 - INFO - ======================================================================
2026-05-07 21:57:05,465 - INFO - SIMULATION METRICS
2026-05-07 21:57:05,465 - INFO - ======================================================================
2026-05-07 21:57:05,465 - INFO - Total Loops: 5
2026-05-07 21:57:05,465 - INFO - Agent Turns (no vote checker): 15
2026-05-07 21:57:05,466 - INFO - Agent Tool Calls: 0
2026-05-07 21:57:05,466 - INFO - Agent Tool Messages: 0
2026-05-07 21:57:05,466 - INFO - Memory Updates: 0
2026-05-07 21:57:05,466 - INFO - Total Messages (no vote checker): 15
2026-05-07 21:57:05,466 - INFO - Input Tokens: 33196
2026-05-07 21:57:05,466 - INFO - Output Tokens: 10440
2026-05-07 21:57:05,466 - INFO - Total Tokens: 43636
2026-05-07 21:57:05,466 - INFO - Final Chosen Candidate: None
2026-05-07 21:57:05,466 - INFO - Final Decision Method: max_round_no_majority
2026-05-07 21:57:05,466 - INFO - Final Vote Count: {'Candidate A': 1, 'Candidate D': 1, 'Candidate B': 1}
2026-05-07 21:57:05,466 - INFO - Correct Candidate: Candidate C
2026-05-07 21:57:05,466 - INFO - Decision Correct: 0
2026-05-07 21:57:05,466 - INFO - Runtime: 85.77s
2026-05-07 21:57:05,467 - INFO - ======================================================================
