2026-05-08 22:15:28,026 - INFO - Metrics tracker initialized
{"id": 1, "ts": 1778271328.0537002, "event": "memory_reset"}
{"id": 2, "ts": 1778271328.0576582, "event": "discussion_order", "round": 1, "order": ["agent_3", "agent_1", "agent_2"]}
2026-05-08 22:15:32,310 - INFO - Tokens - Input: 1681, Output: 259, Total: 1940
2026-05-08 22:15:37,328 - INFO - Tokens - Input: 1132, Output: 575, Total: 1707
2026-05-08 22:15:37,330 - INFO - Memory updates: 1
{"id": 3, "ts": 1778271337.3309793, "event": "memory_updated", "agent": "agent_1", "round": 1}
2026-05-08 22:15:37,768 - INFO - Tokens - Input: 1135, Output: 710, Total: 1845
2026-05-08 22:15:37,770 - INFO - Memory updates: 2
{"id": 4, "ts": 1778271337.7703063, "event": "memory_updated", "agent": "agent_2", "round": 1}
2026-05-08 22:15:38,767 - INFO - Tokens - Input: 1127, Output: 620, Total: 1747
2026-05-08 22:15:38,768 - INFO - Memory updates: 3
{"id": 5, "ts": 1778271338.7690723, "event": "memory_updated", "agent": "agent_3", "round": 1}
2026-05-08 22:15:50,836 - INFO - Tokens - Input: 1759, Output: 714, Total: 2473
{"id": 6, "ts": 1778271350.8381763, "event": "public_discussion_message", "round": 1, "agent": "agent_1", "message": "Candidate C \u2013 known to be 100% reliable.\nMETADATA_JSON:\n{\"agent\": \"agent_1\", \"vote\": \"Candidate C\"}"}
2026-05-08 22:15:50,838 - INFO - Agent turns: 1
2026-05-08 22:15:59,213 - INFO - Tokens - Input: 1246, Output: 965, Total: 2211
2026-05-08 22:15:59,214 - INFO - Memory updates: 4
{"id": 7, "ts": 1778271359.2150269, "event": "memory_updated", "agent": "agent_3", "round": 1}
2026-05-08 22:16:00,446 - INFO - Tokens - Input: 1265, Output: 1166, Total: 2431
2026-05-08 22:16:00,449 - INFO - Memory updates: 5
{"id": 8, "ts": 1778271360.4500997, "event": "memory_updated", "agent": "agent_1", "round": 1}
2026-05-08 22:16:04,824 - INFO - Tokens - Input: 1249, Output: 1593, Total: 2842
2026-05-08 22:16:04,825 - INFO - Memory updates: 6
{"id": 9, "ts": 1778271364.8261187, "event": "memory_updated", "agent": "agent_2", "round": 1}
2026-05-08 22:16:10,370 - INFO - Tokens - Input: 2334, Output: 554, Total: 2888
{"id": 10, "ts": 1778271370.3715556, "event": "public_discussion_message", "round": 1, "agent": "agent_2", "message": "Candidate A \u2013 excellent spatial vision.\nMETADATA_JSON:\n{\"agent\": \"agent_2\", \"vote\": \"Candidate A\"}"}
2026-05-08 22:16:10,371 - INFO - Agent turns: 2
2026-05-08 22:16:17,622 - INFO - Tokens - Input: 1552, Output: 920, Total: 2472
2026-05-08 22:16:17,624 - INFO - Memory updates: 7
{"id": 11, "ts": 1778271377.6244648, "event": "memory_updated", "agent": "agent_3", "round": 1}
2026-05-08 22:16:18,449 - INFO - Tokens - Input: 1832, Output: 876, Total: 2708
2026-05-08 22:16:18,450 - INFO - Memory updates: 8
{"id": 12, "ts": 1778271378.451068, "event": "memory_updated", "agent": "agent_1", "round": 1}
2026-05-08 22:16:20,033 - INFO - Tokens - Input: 1838, Output: 1303, Total: 3141
2026-05-08 22:16:20,038 - INFO - Memory updates: 9
{"id": 13, "ts": 1778271380.0382912, "event": "memory_updated", "agent": "agent_2", "round": 1}
2026-05-08 22:16:20,053 - INFO - Loop 1 completed
{"id": 14, "ts": 1778271380.0603094, "event": "discussion_order", "round": 2, "order": ["agent_3", "agent_1", "agent_2"]}
2026-05-08 22:16:25,221 - INFO - Tokens - Input: 2114, Output: 585, Total: 2699
{"id": 15, "ts": 1778271385.2234273, "event": "public_discussion_message", "round": 2, "agent": "agent_3", "message": "Candidate C \u2013 known to be 100% reliable.\nMETADATA_JSON:\n{\"agent\": \"agent_3\", \"vote\": \"Candidate C\"}"}
2026-05-08 22:16:25,223 - INFO - Agent turns: 3
2026-05-08 22:16:32,961 - INFO - Tokens - Input: 1942, Output: 1006, Total: 2948
2026-05-08 22:16:32,963 - INFO - Memory updates: 10
{"id": 16, "ts": 1778271392.9636512, "event": "memory_updated", "agent": "agent_2", "round": 2}
2026-05-08 22:16:33,002 - INFO - Tokens - Input: 1660, Output: 1003, Total: 2663
2026-05-08 22:16:33,004 - INFO - Memory updates: 11
{"id": 17, "ts": 1778271393.004272, "event": "memory_updated", "agent": "agent_1", "round": 2}
2026-05-08 22:16:33,552 - INFO - Tokens - Input: 1608, Output: 1025, Total: 2633
2026-05-08 22:16:33,554 - INFO - Memory updates: 12
{"id": 18, "ts": 1778271393.5546873, "event": "memory_updated", "agent": "agent_3", "round": 2}
2026-05-08 22:16:35,369 - INFO - Tokens - Input: 2070, Output: 163, Total: 2233
{"id": 19, "ts": 1778271395.3711824, "event": "public_discussion_message", "round": 2, "agent": "agent_1", "message": "Candidate C \u2013 known to be 100% reliable.\nMETADATA_JSON:\n{\"agent\": \"agent_1\", \"vote\": \"Candidate C\"}"}
2026-05-08 22:16:35,371 - INFO - Agent turns: 4
2026-05-08 22:16:40,879 - INFO - Tokens - Input: 1582, Output: 744, Total: 2326
2026-05-08 22:16:40,881 - INFO - Memory updates: 13
{"id": 20, "ts": 1778271400.8811748, "event": "memory_updated", "agent": "agent_1", "round": 2}
2026-05-08 22:16:42,685 - INFO - Tokens - Input: 1854, Output: 988, Total: 2842
2026-05-08 22:16:42,687 - INFO - Memory updates: 14
{"id": 21, "ts": 1778271402.687804, "event": "memory_updated", "agent": "agent_3", "round": 2}
2026-05-08 22:16:43,969 - INFO - Tokens - Input: 1686, Output: 1196, Total: 2882
2026-05-08 22:16:43,970 - INFO - Memory updates: 15
{"id": 22, "ts": 1778271403.970988, "event": "memory_updated", "agent": "agent_2", "round": 2}
2026-05-08 22:16:47,538 - INFO - Tokens - Input: 2214, Output: 169, Total: 2383
{"id": 23, "ts": 1778271407.5402942, "event": "public_discussion_message", "round": 2, "agent": "agent_2", "message": "Candidate A \u2013 excellent spatial vision.\nMETADATA_JSON:\n{\"agent\": \"agent_2\", \"vote\": \"Candidate A\"}"}
2026-05-08 22:16:47,540 - INFO - Agent turns: 5
2026-05-08 22:16:58,654 - INFO - Tokens - Input: 1623, Output: 1119, Total: 2742
2026-05-08 22:16:58,656 - INFO - Memory updates: 16
{"id": 24, "ts": 1778271418.6566393, "event": "memory_updated", "agent": "agent_1", "round": 2}
2026-05-08 22:16:58,754 - INFO - Tokens - Input: 1718, Output: 1023, Total: 2741
2026-05-08 22:16:58,756 - INFO - Memory updates: 17
{"id": 25, "ts": 1778271418.75657, "event": "memory_updated", "agent": "agent_2", "round": 2}
2026-05-08 22:16:58,780 - INFO - Tokens - Input: 1857, Output: 1158, Total: 3015
2026-05-08 22:16:58,782 - INFO - Memory updates: 18
{"id": 26, "ts": 1778271418.7825375, "event": "memory_updated", "agent": "agent_3", "round": 2}
2026-05-08 22:16:58,791 - INFO - Loop 2 completed
{"id": 27, "ts": 1778271418.7975965, "event": "discussion_order", "round": 3, "order": ["agent_2", "agent_3", "agent_1"]}
2026-05-08 22:17:02,142 - INFO - Tokens - Input: 2270, Output: 132, Total: 2402
{"id": 28, "ts": 1778271422.1443734, "event": "public_discussion_message", "round": 3, "agent": "agent_2", "message": "Candidate A \u2013 excellent spatial vision.\nMETADATA_JSON:\n{\"agent\": \"agent_2\", \"vote\": \"Candidate A\"}"}
2026-05-08 22:17:02,144 - INFO - Agent turns: 6
2026-05-08 22:17:09,431 - INFO - Tokens - Input: 1645, Output: 1008, Total: 2653
2026-05-08 22:17:09,433 - INFO - Memory updates: 19
{"id": 29, "ts": 1778271429.4336016, "event": "memory_updated", "agent": "agent_1", "round": 3}
2026-05-08 22:17:10,684 - INFO - Tokens - Input: 1742, Output: 950, Total: 2692
2026-05-08 22:17:10,685 - INFO - Memory updates: 20
{"id": 30, "ts": 1778271430.6860352, "event": "memory_updated", "agent": "agent_3", "round": 3}
2026-05-08 22:17:10,790 - INFO - Tokens - Input: 1756, Output: 953, Total: 2709
2026-05-08 22:17:10,792 - INFO - Memory updates: 21
{"id": 31, "ts": 1778271430.7922647, "event": "memory_updated", "agent": "agent_2", "round": 3}
2026-05-08 22:17:12,205 - INFO - Tokens - Input: 2273, Output: 128, Total: 2401
{"id": 32, "ts": 1778271432.2067647, "event": "public_discussion_message", "round": 3, "agent": "agent_3", "message": "Candidate C \u2013 100% reliable.\nMETADATA_JSON:\n{\"agent\": \"agent_3\", \"vote\": \"Candidate C\"}"}
2026-05-08 22:17:12,206 - INFO - Agent turns: 7
2026-05-08 22:17:19,416 - INFO - Tokens - Input: 1658, Output: 910, Total: 2568
2026-05-08 22:17:19,417 - INFO - Memory updates: 22
{"id": 33, "ts": 1778271439.4177823, "event": "memory_updated", "agent": "agent_1", "round": 3}
2026-05-08 22:17:20,090 - INFO - Tokens - Input: 1779, Output: 932, Total: 2711
2026-05-08 22:17:20,091 - INFO - Memory updates: 23
{"id": 34, "ts": 1778271440.0919743, "event": "memory_updated", "agent": "agent_3", "round": 3}
2026-05-08 22:17:20,885 - INFO - Tokens - Input: 1794, Output: 979, Total: 2773
2026-05-08 22:17:20,887 - INFO - Memory updates: 24
{"id": 35, "ts": 1778271440.8873556, "event": "memory_updated", "agent": "agent_2", "round": 3}
2026-05-08 22:17:22,315 - INFO - Tokens - Input: 2106, Output: 100, Total: 2206
{"id": 36, "ts": 1778271442.3173065, "event": "public_discussion_message", "round": 3, "agent": "agent_1", "message": "Candidate C \u2013 known to be 100% reliable.\nMETADATA_JSON:\n{\"agent\": \"agent_1\", \"vote\": \"Candidate C\"}"}
2026-05-08 22:17:22,317 - INFO - Agent turns: 8
2026-05-08 22:17:26,806 - INFO - Tokens - Input: 1618, Output: 655, Total: 2273
2026-05-08 22:17:26,808 - INFO - Memory updates: 25
{"id": 37, "ts": 1778271446.8084347, "event": "memory_updated", "agent": "agent_1", "round": 3}
2026-05-08 22:17:31,960 - INFO - Tokens - Input: 1823, Output: 1153, Total: 2976
2026-05-08 22:17:31,961 - INFO - Memory updates: 26
{"id": 38, "ts": 1778271451.961836, "event": "memory_updated", "agent": "agent_2", "round": 3}
2026-05-08 22:17:32,803 - INFO - Tokens - Input: 1817, Output: 1260, Total: 3077
2026-05-08 22:17:32,805 - INFO - Memory updates: 27
{"id": 39, "ts": 1778271452.8059275, "event": "memory_updated", "agent": "agent_3", "round": 3}
2026-05-08 22:17:32,814 - INFO - Loop 3 completed
{"id": 40, "ts": 1778271452.8208346, "event": "discussion_order", "round": 4, "order": ["agent_1", "agent_2", "agent_3"]}
2026-05-08 22:17:34,926 - INFO - Tokens - Input: 2155, Output: 219, Total: 2374
{"id": 41, "ts": 1778271454.9341993, "event": "public_discussion_message", "round": 4, "agent": "agent_1", "message": "Candidate C \u2013 creates a positive crew atmosphere.\nMETADATA_JSON:\n{\"agent\": \"agent_1\", \"vote\": \"Candidate C\"}"}
2026-05-08 22:17:34,934 - INFO - Agent turns: 9
2026-05-08 22:17:40,672 - INFO - Tokens - Input: 1645, Output: 754, Total: 2399
2026-05-08 22:17:40,674 - INFO - Memory updates: 28
{"id": 42, "ts": 1778271460.6745715, "event": "memory_updated", "agent": "agent_1", "round": 4}
2026-05-08 22:17:43,599 - INFO - Tokens - Input: 1935, Output: 1199, Total: 3134
2026-05-08 22:17:43,601 - INFO - Memory updates: 29
{"id": 43, "ts": 1778271463.6011934, "event": "memory_updated", "agent": "agent_2", "round": 4}
2026-05-08 22:17:43,786 - INFO - Tokens - Input: 1879, Output: 1123, Total: 3002
2026-05-08 22:17:43,787 - INFO - Memory updates: 30
{"id": 44, "ts": 1778271463.78763, "event": "memory_updated", "agent": "agent_3", "round": 4}
2026-05-08 22:17:47,382 - INFO - Tokens - Input: 2481, Output: 127, Total: 2608
{"id": 45, "ts": 1778271467.3847425, "event": "public_discussion_message", "round": 4, "agent": "agent_2", "message": "Candidate A \u2013 excellent spatial vision.\nMETADATA_JSON:\n{\"agent\": \"agent_2\", \"vote\": \"Candidate A\"}"}
2026-05-08 22:17:47,385 - INFO - Agent turns: 10
2026-05-08 22:17:54,031 - INFO - Tokens - Input: 1684, Output: 838, Total: 2522
2026-05-08 22:17:54,034 - INFO - Memory updates: 31
{"id": 46, "ts": 1778271474.0343475, "event": "memory_updated", "agent": "agent_1", "round": 4}
2026-05-08 22:17:55,493 - INFO - Tokens - Input: 1938, Output: 1147, Total: 3085
2026-05-08 22:17:55,495 - INFO - Memory updates: 32
{"id": 47, "ts": 1778271475.4953876, "event": "memory_updated", "agent": "agent_3", "round": 4}
2026-05-08 22:18:01,306 - INFO - Tokens - Input: 1985, Output: 924, Total: 2909
2026-05-08 22:18:01,307 - INFO - Memory updates: 33
{"id": 48, "ts": 1778271481.3073008, "event": "memory_updated", "agent": "agent_2", "round": 4}
2026-05-08 22:18:04,225 - INFO - Tokens - Input: 2470, Output: 164, Total: 2634
{"id": 49, "ts": 1778271484.2270184, "event": "public_discussion_message", "round": 4, "agent": "agent_3", "message": "Candidate C \u2013 100% reliable.\nMETADATA_JSON:\n{\"agent\": \"agent_3\", \"vote\": \"Candidate C\"}"}
2026-05-08 22:18:04,227 - INFO - Agent turns: 11
2026-05-08 22:18:09,715 - INFO - Tokens - Input: 1717, Output: 693, Total: 2410
2026-05-08 22:18:09,716 - INFO - Memory updates: 34
{"id": 50, "ts": 1778271489.717044, "event": "memory_updated", "agent": "agent_1", "round": 4}
2026-05-08 22:18:12,955 - INFO - Tokens - Input: 1929, Output: 1157, Total: 3086
2026-05-08 22:18:12,957 - INFO - Memory updates: 35
{"id": 51, "ts": 1778271492.9571908, "event": "memory_updated", "agent": "agent_2", "round": 4}
2026-05-08 22:18:16,696 - INFO - Tokens - Input: 1976, Output: 1670, Total: 3646
2026-05-08 22:18:16,697 - INFO - Memory updates: 36
{"id": 52, "ts": 1778271496.6980658, "event": "memory_updated", "agent": "agent_3", "round": 4}
2026-05-08 22:18:16,707 - INFO - Loop 4 completed
{"id": 53, "ts": 1778271496.7134988, "event": "discussion_order", "round": 5, "order": ["agent_3", "agent_2", "agent_1"]}
2026-05-08 22:18:23,217 - INFO - Tokens - Input: 2440, Output: 232, Total: 2672
{"id": 54, "ts": 1778271503.2193248, "event": "public_discussion_message", "round": 5, "agent": "agent_3", "message": "Candidate C \u2013 puts concern for others above everything.\nMETADATA_JSON:\n{\"agent\": \"agent_3\", \"vote\": \"Candidate C\"}"}
2026-05-08 22:18:23,219 - INFO - Agent turns: 12
2026-05-08 22:18:29,707 - INFO - Tokens - Input: 1753, Output: 872, Total: 2625
2026-05-08 22:18:29,709 - INFO - Memory updates: 37
{"id": 55, "ts": 1778271509.7092268, "event": "memory_updated", "agent": "agent_1", "round": 5}
2026-05-08 22:18:31,487 - INFO - Tokens - Input: 1932, Output: 1062, Total: 2994
2026-05-08 22:18:31,488 - INFO - Memory updates: 38
{"id": 56, "ts": 1778271511.4890478, "event": "memory_updated", "agent": "agent_3", "round": 5}
2026-05-08 22:18:37,520 - INFO - Tokens - Input: 1819, Output: 1805, Total: 3624
2026-05-08 22:18:37,521 - INFO - Memory updates: 39
{"id": 57, "ts": 1778271517.5220847, "event": "memory_updated", "agent": "agent_2", "round": 5}
2026-05-08 22:18:41,236 - INFO - Tokens - Input: 2334, Output: 474, Total: 2808
{"id": 58, "ts": 1778271521.2373168, "event": "public_discussion_message", "round": 5, "agent": "agent_2", "message": "Candidate C \u2013 keeps calm in a crisis.\nMETADATA_JSON:\n{\"agent\": \"agent_2\", \"vote\": \"Candidate C\"}"}
2026-05-08 22:18:41,237 - INFO - Agent turns: 13
2026-05-08 22:18:52,533 - INFO - Tokens - Input: 1968, Output: 1054, Total: 3022
2026-05-08 22:18:52,534 - INFO - Memory updates: 40
{"id": 59, "ts": 1778271532.535015, "event": "memory_updated", "agent": "agent_3", "round": 5}
2026-05-08 22:18:53,721 - INFO - Tokens - Input: 1813, Output: 1205, Total: 3018
2026-05-08 22:18:53,723 - INFO - Memory updates: 41
{"id": 60, "ts": 1778271533.7235534, "event": "memory_updated", "agent": "agent_1", "round": 5}
2026-05-08 22:18:54,705 - INFO - Tokens - Input: 1842, Output: 1360, Total: 3202
2026-05-08 22:18:54,706 - INFO - Memory updates: 42
{"id": 61, "ts": 1778271534.7069128, "event": "memory_updated", "agent": "agent_2", "round": 5}
2026-05-08 22:18:57,856 - INFO - Tokens - Input: 2518, Output: 149, Total: 2667
{"id": 62, "ts": 1778271537.8577435, "event": "public_discussion_message", "round": 5, "agent": "agent_1", "message": "Candidate C \u2013 difficulty communicating ideas\nMETADATA_JSON:\n{\"agent\": \"agent_1\", \"vote\": \"Candidate C\"}"}
2026-05-08 22:18:57,857 - INFO - Agent turns: 14
2026-05-08 22:19:05,764 - INFO - Tokens - Input: 1892, Output: 1031, Total: 2923
2026-05-08 22:19:05,766 - INFO - Memory updates: 43
{"id": 63, "ts": 1778271545.7662423, "event": "memory_updated", "agent": "agent_2", "round": 5}
2026-05-08 22:19:06,122 - INFO - Tokens - Input: 2022, Output: 1095, Total: 3117
2026-05-08 22:19:06,124 - INFO - Memory updates: 44
{"id": 64, "ts": 1778271546.1247172, "event": "memory_updated", "agent": "agent_1", "round": 5}
2026-05-08 22:19:08,334 - INFO - Tokens - Input: 2045, Output: 1312, Total: 3357
2026-05-08 22:19:08,336 - INFO - Memory updates: 45
{"id": 65, "ts": 1778271548.3363903, "event": "memory_updated", "agent": "agent_3", "round": 5}
2026-05-08 22:19:08,344 - INFO - Loop 5 completed
2026-05-08 22:19:08,345 - INFO - Final Chosen Candidate: Candidate C
2026-05-08 22:19:08,345 - INFO - Final Decision Method: consensus
2026-05-08 22:19:08,345 - INFO - Final Vote Count: {'Candidate C': 3}
2026-05-08 22:19:08,345 - INFO - Correct Candidate: Candidate C
2026-05-08 22:19:08,345 - INFO - Decision Correct: 1
{"id": 66, "ts": 1778271548.6858706, "event": "context_consistency_calculated", "method": "embedding_cosine", "mean_pairwise_similarity": 0.778609, "pairwise": [{"agent_a": "agent_1", "agent_b": "agent_2", "similarity": 0.695624}, {"agent_a": "agent_1", "agent_b": "agent_3", "similarity": 0.928606}, {"agent_a": "agent_2", "agent_b": "agent_3", "similarity": 0.711596}]}
{"id": 67, "ts": 1778271548.6860576, "event": "gold_standard_alignment_calculated", "method": "rule_based_binary_checks", "mean_alignment": 0.708333, "by_agent": [{"agent": "agent_1", "score": 1.0, "checks": {"favorite_is_c": 1, "c_reliability": 1, "c_calmness": 1, "c_attention": 1, "c_crew_fit": 1, "a_risks": 1, "b_risks": 1, "d_risks": 1}}, {"agent": "agent_2", "score": 0.5, "checks": {"favorite_is_c": 1, "c_reliability": 1, "c_calmness": 1, "c_attention": 0, "c_crew_fit": 1, "a_risks": 0, "b_risks": 0, "d_risks": 0}}, {"agent": "agent_3", "score": 0.625, "checks": {"favorite_is_c": 1, "c_reliability": 1, "c_calmness": 1, "c_attention": 1, "c_crew_fit": 1, "a_risks": 0, "b_risks": 0, "d_risks": 0}}]}
{"id": 68, "ts": 1778271548.6864173, "event": "agent_memories_archived", "directory": "/home/lhegemann/git/bachelor_thesis/01_data/raw/simulations/low/low_treatment_20260508_195017_029/shared_mental_models", "round": 5}
{"id": 69, "ts": 1778271548.6865082, "event": "final_decision", "candidate": "Candidate C", "method": "consensus", "vote_count": {"Candidate C": 3}, "correct_candidate": "Candidate C", "decision_correct": 1, "round": 5}
2026-05-08 22:19:08,698 - INFO - ======================================================================
2026-05-08 22:19:08,698 - INFO - SIMULATION METRICS
2026-05-08 22:19:08,699 - INFO - ======================================================================
2026-05-08 22:19:08,699 - INFO - Total Loops: 5
2026-05-08 22:19:08,699 - INFO - Agent Turns (no vote checker): 14
2026-05-08 22:19:08,699 - INFO - Agent Tool Calls: 0
2026-05-08 22:19:08,699 - INFO - Agent Tool Messages: 0
2026-05-08 22:19:08,699 - INFO - Memory Updates: 45
2026-05-08 22:19:08,699 - INFO - Total Messages (no vote checker): 14
2026-05-08 22:19:08,699 - INFO - Input Tokens: 110531
2026-05-08 22:19:08,699 - INFO - Output Tokens: 51260
2026-05-08 22:19:08,699 - INFO - Total Tokens: 161791
2026-05-08 22:19:08,699 - INFO - Final Chosen Candidate: Candidate C
2026-05-08 22:19:08,699 - INFO - Final Decision Method: consensus
2026-05-08 22:19:08,699 - INFO - Final Vote Count: {'Candidate C': 3}
2026-05-08 22:19:08,700 - INFO - Correct Candidate: Candidate C
2026-05-08 22:19:08,700 - INFO - Decision Correct: 1
2026-05-08 22:19:08,700 - INFO - Runtime: 220.67s
2026-05-08 22:19:08,700 - INFO - ======================================================================
