2026-05-08 10:42:21,679 - INFO - Metrics tracker initialized
{"id": 1, "ts": 1778229741.7050169, "event": "memory_reset"}
{"id": 2, "ts": 1778229741.7090058, "event": "discussion_order", "round": 1, "order": ["agent_3", "agent_2", "agent_1"]}
2026-05-08 10:42:31,472 - INFO - Tokens - Input: 1777, Output: 1170, Total: 2947
{"id": 3, "ts": 1778229751.4744158, "event": "public_discussion_message", "round": 1, "agent": "agent_3", "message": "Current position: Candidate B\nConfidence/uncertainty: Moderately high (around 70%)\nReasoning summary:\n- Key evidence used: Candidate B is very conscientious (reliability), handles stress very well (calmness under pressure), is good at assessing weather conditions and has excellent computer skills (technical competence). These cover three core criteria strongly.\n- Evidence from others: None yet (no other agents have contributed).\n- Alternatives considered: Candidate A (excellent technical and leadership but unfriendly and unhealthy), Candidate C (high concern for others and attention but poor communication and egocentric), Candidate D (strong responsibility and problem\u2011solving but moody and a loner). Each alternative has a serious cooperation drawback that outweighs their strengths.\n- Main tradeoff: Balancing B\u2019s cooperation negatives (pretentiousness, occasional wrong tone) against the stronger cooperation deficits of the other candidates. B\u2019s negatives are less severe than the unfriendly, egocentric, or loner traits of the others.\n- Remaining uncertainty: The exact impact of B\u2019s pretentiousness and tone issues on crew harmony and safety; we have no further data on how frequent or severe these behaviors are.\n- What would change my vote: If another candidate demonstrated comparable reliability, calmness, and technical competence while showing markedly better cooperation (e.g., no negative social traits), or if evidence emerged that B\u2019s cooperation issues are more severe than currently described.\nMETADATA_JSON:\n{\"agent\": \"agent_3\", \"vote\": \"Candidate B\"}"}
2026-05-08 10:42:31,474 - INFO - Agent turns: 1
2026-05-08 10:42:40,163 - INFO - Tokens - Input: 1751, Output: 1392, Total: 3143
2026-05-08 10:42:40,165 - INFO - Memory updates: 1
{"id": 4, "ts": 1778229760.1651638, "event": "memory_updated", "agent": "agent_1", "round": 1}
2026-05-08 10:42:41,940 - INFO - Tokens - Input: 1746, Output: 1378, Total: 3124
2026-05-08 10:42:41,942 - INFO - Memory updates: 2
{"id": 5, "ts": 1778229761.9421754, "event": "memory_updated", "agent": "agent_3", "round": 1}
2026-05-08 10:42:45,422 - INFO - Tokens - Input: 1754, Output: 1604, Total: 3358
2026-05-08 10:42:45,423 - INFO - Memory updates: 3
{"id": 6, "ts": 1778229765.4239721, "event": "memory_updated", "agent": "agent_2", "round": 1}
2026-05-08 10:42:52,689 - INFO - Tokens - Input: 2815, Output: 998, Total: 3813
{"id": 7, "ts": 1778229772.6908696, "event": "public_discussion_message", "round": 1, "agent": "agent_2", "message": "Current position: Candidate B\nConfidence/uncertainty: Moderately high\nReasoning summary:\n- Key evidence used: B is very conscientious (reliability), handles stress very well (calmness under pressure), is good at assessing weather conditions and has excellent computer skills (technical competence). These cover the three core criteria for a long\u2011distance pilot. The only notable drawback is a relatively weak memory for numbers and a tendency to make nasty remarks about colleagues (cooperation).\n- Evidence from others: Agent\u202f3 has already presented the same strengths for B and judged the cooperation drawback less severe than the social issues of the other candidates.\n- Alternatives considered:\n  * Candidate A \u2013 strong technical vision and leadership but is seen as a show\u2011off and not open to new ideas, which could harm crew harmony. Lacks explicit evidence of stress handling.\n  * Candidate C \u2013 quick decision\u2011making and calm in crisis, but communication difficulties, egocentric attitude, and low willingness to continue education raise serious cooperation concerns.\n  * Candidate D \u2013 excellent problem\u2011solving, responsibility, and concentration, yet is regarded as a know\u2011it\u2011all with a hot temper, both of which threaten crew cohesion.\n- Main tradeoff: Balancing B\u2019s cooperation drawback (nasty remarks) against the stronger cooperation deficits of A, C, and D. B\u2019s technical and calmness strengths are solid, and the cooperation issue appears less severe than the egocentric, hot\u2011tempered, or show\u2011off traits of the others.\n- Remaining uncertainty: The frequency and impact of B\u2019s nasty remarks on crew dynamics; whether this could become a safety\u2011critical issue on long flights.\n- What would change my vote: If another candidate demonstrated comparable reliability, calmness, and technical competence while showing markedly better cooperation (e.g., no negative social traits), or if evidence emerged that B\u2019s cooperation issues are more severe than currently described.\nMETADATA_JSON:\n{\"agent\": \"agent_2\", \"vote\": \"Candidate B\"}"}
2026-05-08 10:42:52,691 - INFO - Agent turns: 2
2026-05-08 10:43:01,196 - INFO - Tokens - Input: 2990, Output: 1003, Total: 3993
2026-05-08 10:43:01,198 - INFO - Memory updates: 4
{"id": 8, "ts": 1778229781.198873, "event": "memory_updated", "agent": "agent_2", "round": 1}
2026-05-08 10:43:01,525 - INFO - Tokens - Input: 2785, Output: 1595, Total: 4380
2026-05-08 10:43:01,527 - INFO - Memory updates: 5
{"id": 9, "ts": 1778229781.5275953, "event": "memory_updated", "agent": "agent_3", "round": 1}
2026-05-08 10:43:03,703 - INFO - Tokens - Input: 2850, Output: 1365, Total: 4215
2026-05-08 10:43:03,704 - INFO - Memory updates: 6
{"id": 10, "ts": 1778229783.7050593, "event": "memory_updated", "agent": "agent_1", "round": 1}
2026-05-08 10:43:07,251 - INFO - Tokens - Input: 3307, Output: 657, Total: 3964
{"id": 11, "ts": 1778229787.2532434, "event": "public_discussion_message", "round": 1, "agent": "agent_1", "message": "Current position: Candidate B\nConfidence/uncertainty: Moderately high \u2013 I feel about 70\u202f% confident that B is the best overall fit.\nReasoning summary:\n- Key evidence used: B is very conscientious (reliability), handles stress very well (calm under pressure), assesses weather conditions accurately, and has excellent computer skills (technical competence). These cover the core criteria for long\u2011distance operations.\n- Evidence from others: Both Agent\u202f2 and Agent\u202f3 highlighted the same strengths for B and noted cooperation drawbacks (grumpiness, occasional nasty remarks, weak numeric memory). Their assessments align with my own view of B\u2019s profile.\n- Alternatives considered:\n  * Candidate\u202fA \u2013 strong technical vision and leadership but shows a \u201cshow\u2011off\u201d attitude, is not open to new ideas, and struggles with criticism and organization, raising crew\u2011harmony concerns.\n  * Candidate\u202fC \u2013 100\u202f% reliable and creates a positive crew atmosphere, yet has poor communication, is egocentric, and is reluctant to continue education, which limits adaptability and teamwork.\n  * Candidate\u202fD \u2013 excellent problem\u2011solving, concentration, and responsibility, but is regarded as arrogant, has weak leadership, and is described as a \u201cknow\u2011it\u2011all with a hot temper,\u201d all serious cooperation risks.\n- Main tradeoff: Balancing B\u2019s cooperation negatives (grumpiness, occasional harsh remarks) against the more severe social/leadership deficits of the other candidates. B\u2019s negatives appear less likely to jeopardize safety than the egocentric, arrogant, or uncooperative traits of A, C, and D.\n- Remaining uncertainty: The frequency and impact of B\u2019s \u201cnasty remarks\u201d on crew dynamics during long\u2011haul flights, and whether the weak numeric memory could affect critical calculations.\n- What would change my vote: If evidence emerged that another candidate matched B\u2019s reliability, calmness, and technical competence while demonstrating markedly better cooperation (no negative social traits), or if B\u2019s cooperation issues were shown to be frequent and safety\u2011critical.\nMETADATA_JSON:\n{\"agent\": \"agent_1\", \"vote\": \"Candidate B\"}"}
2026-05-08 10:43:07,253 - INFO - Agent turns: 3
2026-05-08 10:43:14,009 - INFO - Tokens - Input: 3542, Output: 988, Total: 4530
2026-05-08 10:43:14,011 - INFO - Memory updates: 7
{"id": 12, "ts": 1778229794.0114992, "event": "memory_updated", "agent": "agent_1", "round": 1}
2026-05-08 10:43:17,787 - INFO - Tokens - Input: 3009, Output: 1350, Total: 4359
2026-05-08 10:43:17,789 - INFO - Memory updates: 8
{"id": 13, "ts": 1778229797.7892542, "event": "memory_updated", "agent": "agent_2", "round": 1}
2026-05-08 10:43:20,958 - INFO - Tokens - Input: 3443, Output: 1809, Total: 5252
2026-05-08 10:43:20,959 - INFO - Memory updates: 9
{"id": 14, "ts": 1778229800.9598267, "event": "memory_updated", "agent": "agent_3", "round": 1}
2026-05-08 10:43:20,968 - INFO - Loop 1 completed
{"id": 15, "ts": 1778229800.9756742, "event": "discussion_order", "round": 2, "order": ["agent_2", "agent_3", "agent_1"]}
2026-05-08 10:43:26,886 - INFO - Tokens - Input: 3467, Output: 793, Total: 4260
{"id": 16, "ts": 1778229806.8882444, "event": "public_discussion_message", "round": 2, "agent": "agent_2", "message": "Current position: Candidate B\nConfidence/uncertainty: Moderately high (around 70\u202f% confidence)\nReasoning summary:\n- Key evidence used: Candidate\u202fB is very conscientious (reliability), handles stress very well (calmness under pressure), assesses weather conditions accurately, and has excellent computer skills (technical competence). The only notable drawbacks are a relatively weak memory for numbers and a tendency to make nasty remarks about colleagues (cooperation).\n- Evidence from others: Agent\u202f1 and Agent\u202f3 have both highlighted the same strengths for B and described the cooperation drawback as less severe than the social/leadership deficits of A, C, and D. They also noted the negative traits of the other candidates (A\u2019s show\u2011off attitude, C\u2019s egocentricity and communication problems, D\u2019s hot temper and know\u2011it\u2011all perception).\n- Alternatives considered:\n  * Candidate\u202fA \u2013 strong technical vision and leadership but regarded as a show\u2011off and not open to new ideas, raising crew\u2011harmony concerns.\n  * Candidate\u202fC \u2013 quick decision\u2011making, calm in crisis, and good technical understanding, yet poor communication, egocentric, and unwilling to further education.\n  * Candidate\u202fD \u2013 excellent problem\u2011solving, concentration, and responsibility, but known as a know\u2011it\u2011all with a hot temper, both threatening cooperation.\n- Main tradeoff: Balancing B\u2019s cooperation drawback (nasty remarks, weak numeric memory) against the more severe cooperation deficits of A, C, and D. B\u2019s technical and calmness strengths are solid, and its cooperation issues appear less likely to jeopardize safety than the egocentric, hot\u2011tempered, or show\u2011off traits of the others.\n- Remaining uncertainty: The frequency and safety impact of B\u2019s nasty remarks on crew dynamics during long\u2011haul flights, and whether the weak numeric memory could affect critical calculations.\n- What would change my vote: If another candidate demonstrated comparable reliability, calmness, and technical competence while showing markedly better cooperation (no negative social traits), or if evidence emerged that B\u2019s cooperation issues are more severe or frequent than currently described.\nMETADATA_JSON:\n{\"agent\": \"agent_2\", \"vote\": \"Candidate B\"}"}
2026-05-08 10:43:26,888 - INFO - Agent turns: 4
2026-05-08 10:43:33,670 - INFO - Tokens - Input: 3727, Output: 888, Total: 4615
2026-05-08 10:43:33,671 - INFO - Memory updates: 10
{"id": 17, "ts": 1778229813.6718543, "event": "memory_updated", "agent": "agent_2", "round": 2}
2026-05-08 10:43:34,404 - INFO - Tokens - Input: 3588, Output: 1087, Total: 4675
2026-05-08 10:43:34,406 - INFO - Memory updates: 11
{"id": 18, "ts": 1778229814.4065056, "event": "memory_updated", "agent": "agent_1", "round": 2}
2026-05-08 10:43:43,826 - INFO - Tokens - Input: 4144, Output: 1318, Total: 5462
2026-05-08 10:43:43,828 - INFO - Memory updates: 12
{"id": 19, "ts": 1778229823.828651, "event": "memory_updated", "agent": "agent_3", "round": 2}
2026-05-08 10:43:48,617 - INFO - Tokens - Input: 4097, Output: 546, Total: 4643
{"id": 20, "ts": 1778229828.6193104, "event": "public_discussion_message", "round": 2, "agent": "agent_3", "message": "Current position: Candidate B\nConfidence/uncertainty: Moderately high (around 70\u202f% confidence)\nReasoning summary:\n- Key evidence used: Candidate B is very conscientious (reliability), handles stress very well (calmness under pressure), assesses weather conditions accurately, and has excellent computer skills (technical competence). These cover the core criteria for a long\u2011distance pilot.\n- Evidence from others: Agents\u202f1 and\u202f2 have highlighted the same strengths for B and noted its cooperation drawbacks (pretentiousness, occasional harsh tone, weak numeric memory). Their assessments align with my own view.\n- Alternatives considered:\n  * Candidate\u202fA \u2013 strong technical vision and leadership but unfriendly, unhealthy habits, and a show\u2011off attitude that could harm crew harmony.\n  * Candidate\u202fC \u2013 quick decision\u2011making, high concern for others, and good attention, yet poor communication, egocentric, and unwilling to further education, raising teamwork concerns.\n  * Candidate\u202fD \u2013 excellent problem\u2011solving, concentration, and responsibility, but moody, a loner, and perceived as arrogant with a hot temper, threatening crew cohesion.\n- Main tradeoff: Balancing B\u2019s cooperation drawbacks (pretentiousness, occasional harsh remarks, weak numeric memory) against the more severe interpersonal deficits of the other candidates. B\u2019s negatives are judged less likely to jeopardize safety than the unfriendly, egocentric, or hot\u2011tempered traits of A, C, and D.\n- Remaining uncertainty: How frequently B\u2019s pretentious or harsh remarks occur and whether the weak numeric memory could affect critical navigation or flight\u2011plan calculations on long\u2011haul flights.\n- What would change my vote: Evidence that another candidate matches B\u2019s reliability, calmness, and technical competence while demonstrating markedly better cooperation (no negative social traits), or evidence that B\u2019s cooperation issues are more severe or frequent than currently described.\nMETADATA_JSON:\n{\"agent\": \"agent_3\", \"vote\": \"Candidate B\"}"}
2026-05-08 10:43:48,619 - INFO - Agent turns: 5
2026-05-08 10:43:54,672 - INFO - Tokens - Input: 3981, Output: 1156, Total: 5137
2026-05-08 10:43:54,675 - INFO - Memory updates: 13
{"id": 21, "ts": 1778229834.6753895, "event": "memory_updated", "agent": "agent_2", "round": 2}
2026-05-08 10:43:58,316 - INFO - Tokens - Input: 4264, Output: 1270, Total: 5534
2026-05-08 10:43:58,318 - INFO - Memory updates: 14
{"id": 22, "ts": 1778229838.3184507, "event": "memory_updated", "agent": "agent_3", "round": 2}
2026-05-08 10:44:00,486 - INFO - Tokens - Input: 3984, Output: 1382, Total: 5366
2026-05-08 10:44:00,488 - INFO - Memory updates: 15
{"id": 23, "ts": 1778229840.4886286, "event": "memory_updated", "agent": "agent_1", "round": 2}
2026-05-08 10:44:03,908 - INFO - Tokens - Input: 4267, Output: 488, Total: 4755
{"id": 24, "ts": 1778229843.910149, "event": "public_discussion_message", "round": 2, "agent": "agent_1", "message": "Current position: Candidate B\nConfidence/uncertainty: Moderately high (around 70\u202f% confidence)\nReasoning summary:\n- Key evidence used: Candidate\u202fB is very conscientious (reliability), handles stress very well (calmness under pressure), assesses weather conditions accurately, and has excellent computer skills (technical competence). These cover the core safety and technical criteria for long\u2011distance flights.\n- Evidence from others: Agents\u202f2 and\u202f3 have reiterated the same strengths for B and highlighted the same cooperation drawbacks (pretentious/harsh tone, occasional nasty remarks, weak numeric memory). Their assessments align with my own.\n- Alternatives considered:\n  * Candidate\u202fA \u2013 strong technical vision and leadership but shows unfriendly, \u201cshow\u2011off\u201d behavior, poor receptiveness to criticism, and disorganization, raising crew\u2011harmony concerns.\n  * Candidate\u202fC \u2013 100\u202f% reliable and creates a positive crew atmosphere, yet has poor communication, egocentric attitude, and reluctance to further education, which threaten teamwork.\n  * Candidate\u202fD \u2013 excellent problem\u2011solving, concentration, and responsibility, but is regarded as arrogant, has weak leadership, and displays a hot\u2011tempered, know\u2011it\u2011all demeanor, posing serious cooperation risks.\n- Main tradeoff: Balancing B\u2019s cooperation drawbacks (pretentiousness, occasional harsh remarks, weak numeric memory) against the more severe interpersonal deficits of the other candidates. B\u2019s negatives appear less likely to jeopardize safety than the egocentric, arrogant, or unfriendly traits of A, C, and D.\n- Remaining uncertainty: Frequency and impact of B\u2019s pretentious or harsh remarks on crew cohesion during long\u2011haul missions, and whether weak numeric memory could affect critical navigation or flight\u2011plan calculations.\n- What would change my vote: Evidence that another candidate matches B\u2019s reliability, calmness, and technical competence while demonstrating markedly better cooperation (no negative social traits), or evidence that B\u2019s cooperation issues are more severe or frequent than currently described.\nMETADATA_JSON:\n{\"agent\": \"agent_1\", \"vote\": \"Candidate B\"}"}
2026-05-08 10:44:03,910 - INFO - Agent turns: 6
2026-05-08 10:44:11,303 - INFO - Tokens - Input: 4436, Output: 1346, Total: 5782
2026-05-08 10:44:11,305 - INFO - Memory updates: 16
{"id": 25, "ts": 1778229851.305175, "event": "memory_updated", "agent": "agent_2", "round": 2}
2026-05-08 10:44:12,673 - INFO - Tokens - Input: 4486, Output: 902, Total: 5388
2026-05-08 10:44:12,674 - INFO - Memory updates: 17
{"id": 26, "ts": 1778229852.6751275, "event": "memory_updated", "agent": "agent_1", "round": 2}
2026-05-08 10:44:15,205 - INFO - Tokens - Input: 4747, Output: 1599, Total: 6346
2026-05-08 10:44:15,207 - INFO - Memory updates: 18
{"id": 27, "ts": 1778229855.2074535, "event": "memory_updated", "agent": "agent_3", "round": 2}
2026-05-08 10:44:15,216 - INFO - Loop 2 completed
2026-05-08 10:44:15,217 - INFO - Final Chosen Candidate: Candidate B
2026-05-08 10:44:15,217 - INFO - Final Decision Method: consensus
2026-05-08 10:44:15,217 - INFO - Final Vote Count: {'Candidate B': 3}
2026-05-08 10:44:15,217 - INFO - Correct Candidate: Candidate C
2026-05-08 10:44:15,217 - INFO - Decision Correct: 0
{"id": 28, "ts": 1778229855.5567756, "event": "context_consistency_calculated", "method": "embedding_cosine", "mean_pairwise_similarity": 0.84529, "pairwise": [{"agent_a": "agent_1", "agent_b": "agent_2", "similarity": 0.827849}, {"agent_a": "agent_1", "agent_b": "agent_3", "similarity": 0.90892}, {"agent_a": "agent_2", "agent_b": "agent_3", "similarity": 0.799101}]}
{"id": 29, "ts": 1778229855.556952, "event": "agent_memories_archived", "directory": "/home/lhegemann/git/bachelor_thesis/01_data/raw/simulations/high/high_treatment_20260508_080303_006/shared_mental_models", "round": 2}
{"id": 30, "ts": 1778229855.5570447, "event": "final_decision", "candidate": "Candidate B", "method": "consensus", "vote_count": {"Candidate B": 3}, "correct_candidate": "Candidate C", "decision_correct": 0, "round": 2}
2026-05-08 10:44:15,566 - INFO - ======================================================================
2026-05-08 10:44:15,566 - INFO - SIMULATION METRICS
2026-05-08 10:44:15,566 - INFO - ======================================================================
2026-05-08 10:44:15,566 - INFO - Total Loops: 2
2026-05-08 10:44:15,566 - INFO - Agent Turns (no vote checker): 6
2026-05-08 10:44:15,566 - INFO - Agent Tool Calls: 0
2026-05-08 10:44:15,566 - INFO - Agent Tool Messages: 0
2026-05-08 10:44:15,566 - INFO - Memory Updates: 18
2026-05-08 10:44:15,567 - INFO - Total Messages (no vote checker): 6
2026-05-08 10:44:15,567 - INFO - Input Tokens: 80957
2026-05-08 10:44:15,567 - INFO - Output Tokens: 28084
2026-05-08 10:44:15,567 - INFO - Total Tokens: 109041
2026-05-08 10:44:15,567 - INFO - Final Chosen Candidate: Candidate B
2026-05-08 10:44:15,567 - INFO - Final Decision Method: consensus
2026-05-08 10:44:15,567 - INFO - Final Vote Count: {'Candidate B': 3}
2026-05-08 10:44:15,567 - INFO - Correct Candidate: Candidate C
2026-05-08 10:44:15,567 - INFO - Decision Correct: 0
2026-05-08 10:44:15,567 - INFO - Runtime: 113.89s
2026-05-08 10:44:15,567 - INFO - ======================================================================
