2026-05-07 21:07:58,352 - INFO - Metrics tracker initialized
{"id": 1, "ts": 1778180878.37921, "event": "memory_reset"}
{"id": 2, "ts": 1778180878.38351, "event": "discussion_order", "round": 1, "order": ["agent_2", "agent_3", "agent_1"]}
2026-05-07 21:08:03,006 - INFO - Tokens - Input: 1395, Output: 380, Total: 1775
{"id": 3, "ts": 1778180883.0078795, "event": "public_discussion_message", "round": 1, "agent": "agent_2", "message": "I prefer Candidate A \u2013 they have excellent spatial vision.\nMETADATA_JSON:\n{\"agent\": \"agent_2\", \"vote\": \"Candidate A\"}"}
2026-05-07 21:08:03,008 - INFO - Agent turns: 1
2026-05-07 21:08:07,534 - INFO - Tokens - Input: 1446, Output: 623, Total: 2069
{"id": 4, "ts": 1778180887.5358853, "event": "public_discussion_message", "round": 1, "agent": "agent_3", "message": "I prefer Candidate B \u2013 they handle stress well.\nMETADATA_JSON:\n{\"agent\": \"agent_3\", \"vote\": \"Candidate B\"}"}
2026-05-07 21:08:07,536 - INFO - Agent turns: 2
2026-05-07 21:08:11,751 - INFO - Tokens - Input: 1488, Output: 561, Total: 2049
{"id": 5, "ts": 1778180891.7530348, "event": "public_discussion_message", "round": 1, "agent": "agent_1", "message": "I prefer Candidate C \u2013 known to be 100% reliable.\nMETADATA_JSON:\n{\"agent\": \"agent_1\", \"vote\": \"Candidate C\"}"}
2026-05-07 21:08:11,753 - INFO - Agent turns: 3
2026-05-07 21:08:11,762 - INFO - Loop 1 completed
{"id": 6, "ts": 1778180891.768528, "event": "discussion_order", "round": 2, "order": ["agent_2", "agent_3", "agent_1"]}
2026-05-07 21:08:16,689 - INFO - Tokens - Input: 1533, Output: 618, Total: 2151
{"id": 7, "ts": 1778180896.6912239, "event": "public_discussion_message", "round": 2, "agent": "agent_2", "message": "I still favor Candidate A \u2013 very good leadership qualities.\nMETADATA_JSON:\n{\"agent\": \"agent_2\", \"vote\": \"Candidate A\"}"}
2026-05-07 21:08:16,691 - INFO - Agent turns: 4
2026-05-07 21:08:23,511 - INFO - Tokens - Input: 1564, Output: 809, Total: 2373
{"id": 8, "ts": 1778180903.5129724, "event": "public_discussion_message", "round": 2, "agent": "agent_3", "message": "I prefer Candidate B \u2013 handles stress well.\nMETADATA_JSON:\n{\"agent\": \"agent_3\", \"vote\": \"Candidate B\"}"}
2026-05-07 21:08:23,513 - INFO - Agent turns: 5
2026-05-07 21:08:31,234 - INFO - Tokens - Input: 1604, Output: 1016, Total: 2620
{"id": 9, "ts": 1778180911.2358549, "event": "public_discussion_message", "round": 2, "agent": "agent_1", "message": "I prefer Candidate A \u2013 very good leadership qualities.\nMETADATA_JSON:\n{\"agent\": \"agent_1\", \"vote\": \"Candidate A\"}"}
2026-05-07 21:08:31,236 - INFO - Agent turns: 6
2026-05-07 21:08:31,246 - INFO - Loop 2 completed
{"id": 10, "ts": 1778180911.2526734, "event": "discussion_order", "round": 3, "order": ["agent_3", "agent_2", "agent_1"]}
2026-05-07 21:08:38,504 - INFO - Tokens - Input: 1632, Output: 653, Total: 2285
{"id": 11, "ts": 1778180918.5058532, "event": "public_discussion_message", "round": 3, "agent": "agent_3", "message": "I prefer Candidate B \u2013 handles stress well.\nMETADATA_JSON:\n{\"agent\": \"agent_3\", \"vote\": \"Candidate B\"}"}
2026-05-07 21:08:38,506 - INFO - Agent turns: 7
2026-05-07 21:08:45,239 - INFO - Tokens - Input: 1682, Output: 820, Total: 2502
{"id": 12, "ts": 1778180925.2409258, "event": "public_discussion_message", "round": 3, "agent": "agent_2", "message": "I prefer Candidate D \u2013 has strong responsibility and problem\u2011solving skills, but a hot temper.\nMETADATA_JSON:\n{\"agent\": \"agent_2\", \"vote\": \"Candidate D\"}"}
2026-05-07 21:08:45,241 - INFO - Agent turns: 8
2026-05-07 21:08:50,784 - INFO - Tokens - Input: 1738, Output: 478, Total: 2216
{"id": 13, "ts": 1778180930.7858293, "event": "public_discussion_message", "round": 3, "agent": "agent_1", "message": "I prefer Candidate A \u2013 very good leadership qualities.\nMETADATA_JSON:\n{\"agent\": \"agent_1\", \"vote\": \"Candidate A\"}"}
2026-05-07 21:08:50,786 - INFO - Agent turns: 9
2026-05-07 21:08:50,795 - INFO - Loop 3 completed
{"id": 14, "ts": 1778180930.8009, "event": "discussion_order", "round": 4, "order": ["agent_3", "agent_2", "agent_1"]}
2026-05-07 21:08:59,594 - INFO - Tokens - Input: 1762, Output: 730, Total: 2492
{"id": 15, "ts": 1778180939.5963259, "event": "public_discussion_message", "round": 4, "agent": "agent_3", "message": "I prefer Candidate B \u2013 handles stress well.\nMETADATA_JSON:\n{\"agent\": \"agent_3\", \"vote\": \"Candidate B\"}"}
2026-05-07 21:08:59,596 - INFO - Agent turns: 10
2026-05-07 21:09:03,403 - INFO - Tokens - Input: 1805, Output: 436, Total: 2241
{"id": 16, "ts": 1778180943.4049792, "event": "public_discussion_message", "round": 4, "agent": "agent_2", "message": "I prefer Candidate A \u2013 excellent spatial vision.\nMETADATA_JSON:\n{\"agent\": \"agent_2\", \"vote\": \"Candidate A\"}"}
2026-05-07 21:09:03,405 - INFO - Agent turns: 11
2026-05-07 21:09:10,973 - INFO - Tokens - Input: 1839, Output: 928, Total: 2767
{"id": 17, "ts": 1778180950.9745467, "event": "public_discussion_message", "round": 4, "agent": "agent_1", "message": "I prefer Candidate A \u2013 very good leadership qualities.\nMETADATA_JSON:\n{\"agent\": \"agent_1\", \"vote\": \"Candidate A\"}"}
2026-05-07 21:09:10,974 - INFO - Agent turns: 12
2026-05-07 21:09:10,983 - INFO - Loop 4 completed
{"id": 18, "ts": 1778180950.989821, "event": "discussion_order", "round": 5, "order": ["agent_2", "agent_3", "agent_1"]}
2026-05-07 21:09:15,265 - INFO - Tokens - Input: 1875, Output: 566, Total: 2441
{"id": 19, "ts": 1778180955.2668662, "event": "public_discussion_message", "round": 5, "agent": "agent_2", "message": "I prefer Candidate A \u2013 noted as a show\u2011off.\nMETADATA_JSON:\n{\"agent\": \"agent_2\", \"vote\": \"Candidate A\"}"}
2026-05-07 21:09:15,267 - INFO - Agent turns: 13
2026-05-07 21:09:24,047 - INFO - Tokens - Input: 1915, Output: 1083, Total: 2998
{"id": 20, "ts": 1778180964.0485504, "event": "public_discussion_message", "round": 5, "agent": "agent_3", "message": "I prefer Candidate A \u2013 excellent spatial vision.\nMETADATA_JSON:\n{\"agent\": \"agent_3\", \"vote\": \"Candidate A\"}"}
2026-05-07 21:09:24,048 - INFO - Agent turns: 14
2026-05-07 21:09:30,329 - INFO - Tokens - Input: 1954, Output: 769, Total: 2723
{"id": 21, "ts": 1778180970.3310068, "event": "public_discussion_message", "round": 5, "agent": "agent_1", "message": "I prefer Candidate C \u2013 known to be 100% reliable.\nMETADATA_JSON:\n{\"agent\": \"agent_1\", \"vote\": \"Candidate C\"}"}
2026-05-07 21:09:30,331 - INFO - Agent turns: 15
2026-05-07 21:09:30,340 - INFO - Loop 5 completed
2026-05-07 21:09:30,341 - INFO - Final Chosen Candidate: Candidate A
2026-05-07 21:09:30,341 - INFO - Final Decision Method: max_round_majority_vote
2026-05-07 21:09:30,341 - INFO - Final Vote Count: {'Candidate C': 1, 'Candidate A': 2}
2026-05-07 21:09:30,341 - INFO - Correct Candidate: Candidate C
2026-05-07 21:09:30,341 - INFO - Decision Correct: 0
{"id": 22, "ts": 1778180970.3430269, "event": "context_consistency_not_applicable", "reason": "explicit_smm_memory_disabled"}
{"id": 23, "ts": 1778180970.3431754, "event": "final_decision", "candidate": "Candidate A", "method": "max_round_majority_vote", "vote_count": {"Candidate C": 1, "Candidate A": 2}, "correct_candidate": "Candidate C", "decision_correct": 0, "round": 5}
2026-05-07 21:09:30,351 - INFO - ======================================================================
2026-05-07 21:09:30,351 - INFO - SIMULATION METRICS
2026-05-07 21:09:30,351 - INFO - ======================================================================
2026-05-07 21:09:30,351 - INFO - Total Loops: 5
2026-05-07 21:09:30,351 - INFO - Agent Turns (no vote checker): 15
2026-05-07 21:09:30,351 - INFO - Agent Tool Calls: 0
2026-05-07 21:09:30,351 - INFO - Agent Tool Messages: 0
2026-05-07 21:09:30,351 - INFO - Memory Updates: 0
2026-05-07 21:09:30,351 - INFO - Total Messages (no vote checker): 15
2026-05-07 21:09:30,351 - INFO - Input Tokens: 25232
2026-05-07 21:09:30,351 - INFO - Output Tokens: 10470
2026-05-07 21:09:30,352 - INFO - Total Tokens: 35702
2026-05-07 21:09:30,352 - INFO - Final Chosen Candidate: Candidate A
2026-05-07 21:09:30,352 - INFO - Final Decision Method: max_round_majority_vote
2026-05-07 21:09:30,352 - INFO - Final Vote Count: {'Candidate C': 1, 'Candidate A': 2}
2026-05-07 21:09:30,352 - INFO - Correct Candidate: Candidate C
2026-05-07 21:09:30,352 - INFO - Decision Correct: 0
2026-05-07 21:09:30,352 - INFO - Runtime: 92.00s
2026-05-07 21:09:30,352 - INFO - ======================================================================
