2026-05-10 02:20:54,452 - INFO - Metrics tracker initialized
{"id": 1, "ts": 1778372454.4783788, "event": "memory_reset"}
{"id": 2, "ts": 1778372454.4824142, "event": "discussion_order", "round": 1, "order": ["agent_2", "agent_3", "agent_1"]}
2026-05-10 02:21:03,078 - INFO - Tokens - Input: 1716, Output: 762, Total: 2478
{"id": 3, "ts": 1778372463.079763, "event": "public_discussion_message", "round": 1, "agent": "agent_2", "message": "I currently favor Candidate\u202fB because he is very conscientious and handles stress well, which supports reliability and calmness under pressure, and he also has strong technical abilities in weather assessment and computer skills\u2014key for long\u2011distance flights. The main uncertainty is his tendency to make nasty remarks about colleagues, which could undermine crew cooperation.\nMETADATA_JSON:\n{\"agent\": \"agent_2\", \"vote\": \"Candidate B\"}"}
2026-05-10 02:21:03,079 - INFO - Agent turns: 1
2026-05-10 02:21:12,744 - INFO - Tokens - Input: 1301, Output: 1260, Total: 2561
2026-05-10 02:21:12,746 - INFO - Memory updates: 1
{"id": 4, "ts": 1778372472.747121, "event": "memory_updated", "agent": "agent_1", "round": 1}
2026-05-10 02:21:13,649 - INFO - Tokens - Input: 1304, Output: 1385, Total: 2689
2026-05-10 02:21:13,651 - INFO - Memory updates: 2
{"id": 5, "ts": 1778372473.6511667, "event": "memory_updated", "agent": "agent_2", "round": 1}
2026-05-10 02:21:15,481 - INFO - Tokens - Input: 1296, Output: 1593, Total: 2889
2026-05-10 02:21:15,483 - INFO - Memory updates: 3
{"id": 6, "ts": 1778372475.4833608, "event": "memory_updated", "agent": "agent_3", "round": 1}
2026-05-10 02:21:22,153 - INFO - Tokens - Input: 2474, Output: 647, Total: 3121
{"id": 7, "ts": 1778372482.1546364, "event": "public_discussion_message", "round": 1, "agent": "agent_3", "message": "I currently favor **Candidate\u202fB**. He is very conscientious, which supports reliability, and he handles stress well while possessing strong technical skills in weather assessment and computer use\u2014key for long\u2011distance operations. The main trade\u2011off is his interpersonal drawbacks (pretentiousness and occasional wrong tone), which could undermine crew cooperation.\nMETADATA_JSON:\n{\"agent\": \"agent_3\", \"vote\": \"Candidate B\"}"}
2026-05-10 02:21:22,154 - INFO - Agent turns: 2
2026-05-10 02:21:31,587 - INFO - Tokens - Input: 2006, Output: 1145, Total: 3151
2026-05-10 02:21:31,589 - INFO - Memory updates: 4
{"id": 8, "ts": 1778372491.589622, "event": "memory_updated", "agent": "agent_2", "round": 1}
2026-05-10 02:21:33,165 - INFO - Tokens - Input: 1848, Output: 1225, Total: 3073
2026-05-10 02:21:33,167 - INFO - Memory updates: 5
{"id": 9, "ts": 1778372493.167201, "event": "memory_updated", "agent": "agent_1", "round": 1}
2026-05-10 02:21:33,574 - INFO - Tokens - Input: 2069, Output: 1409, Total: 3478
2026-05-10 02:21:33,576 - INFO - Memory updates: 6
{"id": 10, "ts": 1778372493.5766308, "event": "memory_updated", "agent": "agent_3", "round": 1}
2026-05-10 02:21:40,765 - INFO - Tokens - Input: 2465, Output: 779, Total: 3244
{"id": 11, "ts": 1778372500.7664557, "event": "public_discussion_message", "round": 1, "agent": "agent_1", "message": "I currently favor **Candidate D** because he demonstrates strong problem\u2011solving ability, excellent concentration, and reliably responds to unexpected events\u2014key for staying calm and handling the complex demands of long\u2011distance flights. He also takes responsibility seriously, supporting reliability and high\u2011responsibility suitability. The main trade\u2011off is his reported arrogance and relatively weak leadership, which could hinder crew cooperation and authority in the cockpit.\nMETADATA_JSON:\n{\"agent\": \"agent_1\", \"vote\": \"Candidate D\"}"}
2026-05-10 02:21:40,766 - INFO - Agent turns: 3
2026-05-10 02:21:51,424 - INFO - Tokens - Input: 2092, Output: 1285, Total: 3377
2026-05-10 02:21:51,425 - INFO - Memory updates: 7
{"id": 12, "ts": 1778372511.4259238, "event": "memory_updated", "agent": "agent_1", "round": 1}
2026-05-10 02:21:55,843 - INFO - Tokens - Input: 2365, Output: 1698, Total: 4063
2026-05-10 02:21:55,845 - INFO - Memory updates: 8
{"id": 13, "ts": 1778372515.8454962, "event": "memory_updated", "agent": "agent_3", "round": 1}
2026-05-10 02:22:00,410 - INFO - Tokens - Input: 1978, Output: 1178, Total: 3156
2026-05-10 02:22:00,412 - INFO - Memory updates: 9
{"id": 14, "ts": 1778372520.4124784, "event": "memory_updated", "agent": "agent_2", "round": 1}
2026-05-10 02:22:00,421 - INFO - Loop 1 completed
{"id": 15, "ts": 1778372520.426595, "event": "discussion_order", "round": 2, "order": ["agent_3", "agent_1", "agent_2"]}
2026-05-10 02:22:09,010 - INFO - Tokens - Input: 2999, Output: 190, Total: 3189
{"id": 16, "ts": 1778372529.0115116, "event": "public_discussion_message", "round": 2, "agent": "agent_3", "message": "I continue to favor **Candidate\u202fB**. His very conscientious nature ensures reliability on long\u2011haul schedules, and his ability to handle stress well together with strong weather\u2011assessment and computer skills supports safe, efficient operations over extended flights. The main trade\u2011off is his interpersonal drawbacks\u2014pretentiousness, occasional wrong tone, and occasional nasty remarks\u2014which could undermine crew cohesion and cooperation.\nMETADATA_JSON:\n{\"agent\": \"agent_3\", \"vote\": \"Candidate B\"}"}
2026-05-10 02:22:09,011 - INFO - Agent turns: 4
2026-05-10 02:22:15,476 - INFO - Tokens - Input: 2598, Output: 706, Total: 3304
2026-05-10 02:22:15,479 - INFO - Memory updates: 10
{"id": 17, "ts": 1778372535.4793346, "event": "memory_updated", "agent": "agent_3", "round": 2}
2026-05-10 02:22:19,775 - INFO - Tokens - Input: 2260, Output: 1195, Total: 3455
2026-05-10 02:22:19,777 - INFO - Memory updates: 11
{"id": 18, "ts": 1778372539.7776742, "event": "memory_updated", "agent": "agent_1", "round": 2}
2026-05-10 02:22:23,337 - INFO - Tokens - Input: 2191, Output: 1341, Total: 3532
2026-05-10 02:22:23,339 - INFO - Memory updates: 12
{"id": 19, "ts": 1778372543.339163, "event": "memory_updated", "agent": "agent_2", "round": 2}
2026-05-10 02:22:25,105 - INFO - Tokens - Input: 2474, Output: 205, Total: 2679
{"id": 20, "ts": 1778372545.106908, "event": "public_discussion_message", "round": 2, "agent": "agent_1", "message": "I continue to favor **Candidate\u202fD**. He excels at responding to unexpected events, has exceptional concentration, and solves problems extremely well\u2014critical abilities for managing the complex, long\u2011duration challenges of intercontinental flights. Additionally, his strong sense of responsibility supports reliability and high\u2011stakes decision\u2011making. The main trade\u2011off is his reported arrogance and relatively weak leadership, which could undermine crew cooperation and authority in the cockpit.\nMETADATA_JSON:\n{\"agent\": \"agent_1\", \"vote\": \"Candidate D\"}"}
2026-05-10 02:22:25,107 - INFO - Agent turns: 5
2026-05-10 02:22:31,813 - INFO - Tokens - Input: 2109, Output: 843, Total: 2952
2026-05-10 02:22:31,815 - INFO - Memory updates: 13
{"id": 21, "ts": 1778372551.8151932, "event": "memory_updated", "agent": "agent_1", "round": 2}
2026-05-10 02:22:32,644 - INFO - Tokens - Input: 2148, Output: 932, Total: 3080
2026-05-10 02:22:32,646 - INFO - Memory updates: 14
{"id": 22, "ts": 1778372552.6462665, "event": "memory_updated", "agent": "agent_2", "round": 2}
2026-05-10 02:22:32,719 - INFO - Tokens - Input: 2005, Output: 800, Total: 2805
2026-05-10 02:22:32,721 - INFO - Memory updates: 15
{"id": 23, "ts": 1778372552.721284, "event": "memory_updated", "agent": "agent_3", "round": 2}
2026-05-10 02:22:39,083 - INFO - Tokens - Input: 2517, Output: 524, Total: 3041
{"id": 24, "ts": 1778372559.0851717, "event": "public_discussion_message", "round": 2, "agent": "agent_2", "message": "I continue to favor **Candidate\u202fB**. His very high conscientiousness supports reliability on long\u2011haul schedules, and his ability to handle stress together with strong weather\u2011assessment and computer skills gives him solid technical competence for extended flights. The main trade\u2011off is his tendency to make nasty remarks about colleagues and his relatively weak memory for numbers, which could undermine crew cooperation and affect critical calculations.\nMETADATA_JSON:\n{\"agent\": \"agent_2\", \"vote\": \"Candidate B\"}"}
2026-05-10 02:22:39,085 - INFO - Agent turns: 6
2026-05-10 02:22:48,018 - INFO - Tokens - Input: 2096, Output: 875, Total: 2971
2026-05-10 02:22:48,019 - INFO - Memory updates: 16
{"id": 25, "ts": 1778372568.0199723, "event": "memory_updated", "agent": "agent_3", "round": 2}
2026-05-10 02:22:51,623 - INFO - Tokens - Input: 2138, Output: 1165, Total: 3303
2026-05-10 02:22:51,624 - INFO - Memory updates: 17
{"id": 26, "ts": 1778372571.6249962, "event": "memory_updated", "agent": "agent_2", "round": 2}
2026-05-10 02:23:00,037 - INFO - Tokens - Input: 2101, Output: 1439, Total: 3540
2026-05-10 02:23:00,038 - INFO - Memory updates: 18
{"id": 27, "ts": 1778372580.039122, "event": "memory_updated", "agent": "agent_1", "round": 2}
2026-05-10 02:23:00,048 - INFO - Loop 2 completed
{"id": 28, "ts": 1778372580.055704, "event": "discussion_order", "round": 3, "order": ["agent_3", "agent_2", "agent_1"]}
2026-05-10 02:23:03,125 - INFO - Tokens - Input: 2612, Output: 319, Total: 2931
{"id": 29, "ts": 1778372583.126931, "event": "public_discussion_message", "round": 3, "agent": "agent_3", "message": "I continue to favor **Candidate\u202fB**. His very high conscientiousness and strong stress\u2011handling ability give him reliable, calm performance on long\u2011haul flights, while his expertise in weather assessment and computer use directly supports the technical demands of extended routes. The main trade\u2011off is his interpersonal drawbacks\u2014pretentiousness, occasional wrong tone, and especially his relatively weak memory for numbers\u2014which could jeopardize crew cooperation and critical calculations.\nMETADATA_JSON:\n{\"agent\": \"agent_3\", \"vote\": \"Candidate B\"}"}
2026-05-10 02:23:03,127 - INFO - Agent turns: 7
2026-05-10 02:23:11,421 - INFO - Tokens - Input: 2231, Output: 724, Total: 2955
2026-05-10 02:23:11,423 - INFO - Memory updates: 19
{"id": 30, "ts": 1778372591.4236867, "event": "memory_updated", "agent": "agent_3", "round": 3}
2026-05-10 02:23:11,578 - INFO - Tokens - Input: 2356, Output: 738, Total: 3094
2026-05-10 02:23:11,579 - INFO - Memory updates: 20
{"id": 31, "ts": 1778372591.5800812, "event": "memory_updated", "agent": "agent_1", "round": 3}
2026-05-10 02:23:12,617 - INFO - Tokens - Input: 2221, Output: 989, Total: 3210
2026-05-10 02:23:12,619 - INFO - Memory updates: 21
{"id": 32, "ts": 1778372592.6193423, "event": "memory_updated", "agent": "agent_2", "round": 3}
2026-05-10 02:23:21,710 - INFO - Tokens - Input: 2752, Output: 407, Total: 3159
{"id": 33, "ts": 1778372601.7114544, "event": "public_discussion_message", "round": 3, "agent": "agent_2", "message": "I continue to favor **Candidate\u202fB**. His very high conscientiousness ensures reliability on long\u2011haul schedules, and his strong stress\u2011handling ability supports calm performance under pressure. Additionally, his expertise in weather assessment and excellent computer skills directly address the technical demands of long\u2011distance flights. The main trade\u2011off is his interpersonal drawback\u2014making nasty remarks toward colleagues\u2014and his relatively weak memory for numbers, which could affect crew cooperation and critical calculations.\nMETADATA_JSON:\n{\"agent\": \"agent_2\", \"vote\": \"Candidate B\"}"}
2026-05-10 02:23:21,711 - INFO - Agent turns: 8
2026-05-10 02:23:30,483 - INFO - Tokens - Input: 2323, Output: 900, Total: 3223
2026-05-10 02:23:30,484 - INFO - Memory updates: 22
{"id": 34, "ts": 1778372610.4851022, "event": "memory_updated", "agent": "agent_3", "round": 3}
2026-05-10 02:23:31,472 - INFO - Tokens - Input: 2395, Output: 1013, Total: 3408
2026-05-10 02:23:31,473 - INFO - Memory updates: 23
{"id": 35, "ts": 1778372611.47392, "event": "memory_updated", "agent": "agent_2", "round": 3}
2026-05-10 02:23:36,641 - INFO - Tokens - Input: 2162, Output: 1170, Total: 3332
2026-05-10 02:23:36,643 - INFO - Memory updates: 24
{"id": 36, "ts": 1778372616.6436117, "event": "memory_updated", "agent": "agent_1", "round": 3}
2026-05-10 02:23:39,073 - INFO - Tokens - Input: 2859, Output: 199, Total: 3058
{"id": 37, "ts": 1778372619.0747485, "event": "public_discussion_message", "round": 3, "agent": "agent_1", "message": "I continue to favor **Candidate\u202fD**. His ability to respond effectively to unexpected events, exceptional concentration, and outstanding problem\u2011solving are critical for the complex, long\u2011duration challenges of intercontinental flights, while his strong sense of responsibility supports reliability and high\u2011stakes decision\u2011making. The main trade\u2011off is his reported arrogance and relatively weak leadership, which could undermine crew cooperation and authority in the cockpit.\nMETADATA_JSON:\n{\"agent\": \"agent_1\", \"vote\": \"Candidate D\"}"}
2026-05-10 02:23:39,074 - INFO - Agent turns: 9
2026-05-10 02:23:48,160 - INFO - Tokens - Input: 2538, Output: 1001, Total: 3539
2026-05-10 02:23:48,161 - INFO - Memory updates: 25
{"id": 38, "ts": 1778372628.1620405, "event": "memory_updated", "agent": "agent_3", "round": 3}
2026-05-10 02:23:48,227 - INFO - Tokens - Input: 2490, Output: 890, Total: 3380
2026-05-10 02:23:48,228 - INFO - Memory updates: 26
{"id": 39, "ts": 1778372628.229066, "event": "memory_updated", "agent": "agent_1", "round": 3}
2026-05-10 02:23:51,930 - INFO - Tokens - Input: 2498, Output: 1054, Total: 3552
2026-05-10 02:23:51,932 - INFO - Memory updates: 27
{"id": 40, "ts": 1778372631.93246, "event": "memory_updated", "agent": "agent_2", "round": 3}
2026-05-10 02:23:51,940 - INFO - Loop 3 completed
{"id": 41, "ts": 1778372631.9462962, "event": "discussion_order", "round": 4, "order": ["agent_3", "agent_2", "agent_1"]}
2026-05-10 02:23:56,503 - INFO - Tokens - Input: 2980, Output: 543, Total: 3523
{"id": 42, "ts": 1778372636.5049915, "event": "public_discussion_message", "round": 4, "agent": "agent_3", "message": "I continue to favor **Candidate\u202fB**. His very high conscientiousness and strong stress\u2011handling ability give him reliable, calm performance on long\u2011haul flights, while his expertise in weather assessment and excellent computer skills directly support the technical demands of extended routes. The main trade\u2011off is his interpersonal drawbacks\u2014pretentiousness, occasional wrong tone, and nasty remarks\u2014and his relatively weak memory for numbers, which could affect crew cooperation and critical calculations.\nMETADATA_JSON:\n{\"agent\": \"agent_3\", \"vote\": \"Candidate B\"}"}
2026-05-10 02:23:56,505 - INFO - Agent turns: 10
2026-05-10 02:24:02,896 - INFO - Tokens - Input: 2596, Output: 806, Total: 3402
2026-05-10 02:24:02,898 - INFO - Memory updates: 28
{"id": 43, "ts": 1778372642.8981624, "event": "memory_updated", "agent": "agent_2", "round": 4}
2026-05-10 02:24:03,790 - INFO - Tokens - Input: 2605, Output: 870, Total: 3475
2026-05-10 02:24:03,792 - INFO - Memory updates: 29
{"id": 44, "ts": 1778372643.792386, "event": "memory_updated", "agent": "agent_3", "round": 4}
2026-05-10 02:24:04,601 - INFO - Tokens - Input: 2604, Output: 956, Total: 3560
2026-05-10 02:24:04,602 - INFO - Memory updates: 30
{"id": 45, "ts": 1778372644.6030114, "event": "memory_updated", "agent": "agent_1", "round": 4}
2026-05-10 02:24:09,042 - INFO - Tokens - Input: 3074, Output: 197, Total: 3271
{"id": 46, "ts": 1778372649.0432813, "event": "public_discussion_message", "round": 4, "agent": "agent_2", "message": "I continue to favor **Candidate\u202fB**. His very high conscientiousness ensures reliability on long\u2011haul schedules, and his strong stress\u2011handling ability supports calm performance under pressure\u2014both essential for long\u2011distance flights. Additionally, his expertise in weather assessment and excellent computer skills directly meet the technical demands of intercontinental routes. The main trade\u2011off is his tendency to make nasty remarks toward colleagues and his relatively weak memory for numbers, which could undermine crew cooperation and affect critical calculations.\nMETADATA_JSON:\n{\"agent\": \"agent_2\", \"vote\": \"Candidate B\"}"}
2026-05-10 02:24:09,043 - INFO - Agent turns: 11
2026-05-10 02:24:16,926 - INFO - Tokens - Input: 2755, Output: 1050, Total: 3805
2026-05-10 02:24:16,928 - INFO - Memory updates: 31
{"id": 47, "ts": 1778372656.928172, "event": "memory_updated", "agent": "agent_1", "round": 4}
2026-05-10 02:24:16,969 - INFO - Tokens - Input: 2731, Output: 1009, Total: 3740
2026-05-10 02:24:16,970 - INFO - Memory updates: 32
{"id": 48, "ts": 1778372656.9710581, "event": "memory_updated", "agent": "agent_2", "round": 4}
2026-05-10 02:24:17,978 - INFO - Tokens - Input: 2750, Output: 1156, Total: 3906
2026-05-10 02:24:17,980 - INFO - Memory updates: 33
{"id": 49, "ts": 1778372657.9807398, "event": "memory_updated", "agent": "agent_3", "round": 4}
2026-05-10 02:24:22,523 - INFO - Tokens - Input: 3224, Output: 238, Total: 3462
{"id": 50, "ts": 1778372662.5252516, "event": "public_discussion_message", "round": 4, "agent": "agent_1", "message": "I continue to favor **Candidate\u202fD**. He reliably responds to unexpected events, shows exceptional concentration, and solves problems extremely well\u2014key abilities for handling the complex, long\u2011duration challenges of intercontinental flights. His strong sense of responsibility also supports reliability and high\u2011stakes decision\u2011making. The main trade\u2011off is his reported arrogance and relatively weak leadership, which could undermine crew cooperation and authority in the cockpit.\nMETADATA_JSON:\n{\"agent\": \"agent_1\", \"vote\": \"Candidate D\"}"}
2026-05-10 02:24:22,525 - INFO - Agent turns: 12
2026-05-10 02:24:34,875 - INFO - Tokens - Input: 2855, Output: 805, Total: 3660
2026-05-10 02:24:34,876 - INFO - Memory updates: 34
{"id": 51, "ts": 1778372674.876721, "event": "memory_updated", "agent": "agent_1", "round": 4}
2026-05-10 02:24:35,292 - INFO - Tokens - Input: 2826, Output: 782, Total: 3608
2026-05-10 02:24:35,294 - INFO - Memory updates: 35
{"id": 52, "ts": 1778372675.2945142, "event": "memory_updated", "agent": "agent_2", "round": 4}
2026-05-10 02:24:35,658 - INFO - Tokens - Input: 2947, Output: 902, Total: 3849
2026-05-10 02:24:35,660 - INFO - Memory updates: 36
{"id": 53, "ts": 1778372675.6603804, "event": "memory_updated", "agent": "agent_3", "round": 4}
2026-05-10 02:24:35,669 - INFO - Loop 4 completed
{"id": 54, "ts": 1778372675.6758318, "event": "discussion_order", "round": 5, "order": ["agent_1", "agent_2", "agent_3"]}
2026-05-10 02:24:40,778 - INFO - Tokens - Input: 3354, Output: 191, Total: 3545
{"id": 55, "ts": 1778372680.7803617, "event": "public_discussion_message", "round": 5, "agent": "agent_1", "message": "I continue to favor **Candidate\u202fD** because he reliably responds to unexpected events, shows exceptional concentration, and solves problems extremely well\u2014key for managing the complex, long\u2011duration challenges of intercontinental flights. His strong sense of responsibility also supports reliability and high\u2011stakes decision\u2011making. The main trade\u2011off is his reported arrogance and relatively weak leadership, which could undermine crew cooperation and authority in the cockpit.\nMETADATA_JSON:\n{\"agent\": \"agent_1\", \"vote\": \"Candidate D\"}"}
2026-05-10 02:24:40,780 - INFO - Agent turns: 13
2026-05-10 02:24:47,757 - INFO - Tokens - Input: 2965, Output: 784, Total: 3749
2026-05-10 02:24:47,759 - INFO - Memory updates: 37
{"id": 56, "ts": 1778372687.759375, "event": "memory_updated", "agent": "agent_1", "round": 5}
2026-05-10 02:24:48,138 - INFO - Tokens - Input: 2938, Output: 968, Total: 3906
2026-05-10 02:24:48,139 - INFO - Memory updates: 38
{"id": 57, "ts": 1778372688.1400833, "event": "memory_updated", "agent": "agent_3", "round": 5}
2026-05-10 02:24:48,221 - INFO - Tokens - Input: 2914, Output: 874, Total: 3788
2026-05-10 02:24:48,223 - INFO - Memory updates: 39
{"id": 58, "ts": 1778372688.223274, "event": "memory_updated", "agent": "agent_2", "round": 5}
2026-05-10 02:24:51,689 - INFO - Tokens - Input: 3399, Output: 323, Total: 3722
{"id": 59, "ts": 1778372691.6910634, "event": "public_discussion_message", "round": 5, "agent": "agent_2", "message": "I continue to favor **Candidate\u202fB**. His very high conscientiousness gives him strong reliability for long\u2011haul schedules, and his ability to handle stress together with excellent weather\u2011assessment and computer skills directly supports the technical and calm\u2011under\u2011pressure requirements of intercontinental flights. The main trade\u2011off is his tendency to make nasty remarks toward colleagues and his relatively weak memory for numbers, which could undermine crew cooperation and affect critical calculations.\nMETADATA_JSON:\n{\"agent\": \"agent_2\", \"vote\": \"Candidate B\"}"}
2026-05-10 02:24:51,691 - INFO - Agent turns: 14
2026-05-10 02:24:59,951 - INFO - Tokens - Input: 3065, Output: 1013, Total: 4078
2026-05-10 02:24:59,952 - INFO - Memory updates: 40
{"id": 60, "ts": 1778372699.9530804, "event": "memory_updated", "agent": "agent_1", "round": 5}
2026-05-10 02:25:01,349 - INFO - Tokens - Input: 3038, Output: 1119, Total: 4157
2026-05-10 02:25:01,351 - INFO - Memory updates: 41
{"id": 61, "ts": 1778372701.3517337, "event": "memory_updated", "agent": "agent_2", "round": 5}
2026-05-10 02:25:03,577 - INFO - Tokens - Input: 3065, Output: 1052, Total: 4117
2026-05-10 02:25:03,578 - INFO - Memory updates: 42
{"id": 62, "ts": 1778372703.5790753, "event": "memory_updated", "agent": "agent_3", "round": 5}
2026-05-10 02:25:06,915 - INFO - Tokens - Input: 3550, Output: 264, Total: 3814
{"id": 63, "ts": 1778372706.917386, "event": "public_discussion_message", "round": 5, "agent": "agent_3", "message": "I continue to favor **Candidate\u202fB**. His very high conscientiousness and strong stress\u2011handling ability give him reliable, calm performance on long\u2011distance flights, while his expertise in weather assessment and computer skills directly support the technical demands of intercontinental routes. The main trade\u2011off is his interpersonal drawback\u2014pretentiousness and occasional nasty remarks\u2014plus a relatively weak memory for numbers, which could affect crew cooperation and critical calculations.\nMETADATA_JSON:\n{\"agent\": \"agent_3\", \"vote\": \"Candidate B\"}"}
2026-05-10 02:25:06,917 - INFO - Agent turns: 15
2026-05-10 02:25:15,895 - INFO - Tokens - Input: 3153, Output: 971, Total: 4124
2026-05-10 02:25:15,897 - INFO - Memory updates: 43
{"id": 64, "ts": 1778372715.8973236, "event": "memory_updated", "agent": "agent_1", "round": 5}
2026-05-10 02:25:16,355 - INFO - Tokens - Input: 3191, Output: 1045, Total: 4236
2026-05-10 02:25:16,357 - INFO - Memory updates: 44
{"id": 65, "ts": 1778372716.3577356, "event": "memory_updated", "agent": "agent_2", "round": 5}
2026-05-10 02:25:18,142 - INFO - Tokens - Input: 3187, Output: 1116, Total: 4303
2026-05-10 02:25:18,144 - INFO - Memory updates: 45
{"id": 66, "ts": 1778372718.1448076, "event": "memory_updated", "agent": "agent_3", "round": 5}
2026-05-10 02:25:18,153 - INFO - Loop 5 completed
2026-05-10 02:25:18,153 - INFO - Final Chosen Candidate: Candidate B
2026-05-10 02:25:18,153 - INFO - Final Decision Method: max_round_majority_vote
2026-05-10 02:25:18,153 - INFO - Final Vote Count: {'Candidate D': 1, 'Candidate B': 2}
2026-05-10 02:25:18,153 - INFO - Correct Candidate: Candidate C
2026-05-10 02:25:18,153 - INFO - Decision Correct: 0
{"id": 67, "ts": 1778372718.4792256, "event": "context_consistency_calculated", "method": "embedding_cosine", "mean_pairwise_similarity": 0.858597, "pairwise": [{"agent_a": "agent_1", "agent_b": "agent_2", "similarity": 0.934804}, {"agent_a": "agent_1", "agent_b": "agent_3", "similarity": 0.82622}, {"agent_a": "agent_2", "agent_b": "agent_3", "similarity": 0.814767}]}
{"id": 68, "ts": 1778372718.4793847, "event": "gold_standard_alignment_calculated", "method": "rule_based_binary_checks", "mean_alignment": 0.666667, "by_agent": [{"agent": "agent_1", "score": 0.875, "checks": {"favorite_is_c": 0, "c_reliability": 1, "c_calmness": 1, "c_attention": 1, "c_crew_fit": 1, "a_risks": 1, "b_risks": 1, "d_risks": 1}}, {"agent": "agent_2", "score": 0.875, "checks": {"favorite_is_c": 0, "c_reliability": 1, "c_calmness": 1, "c_attention": 1, "c_crew_fit": 1, "a_risks": 1, "b_risks": 1, "d_risks": 1}}, {"agent": "agent_3", "score": 0.25, "checks": {"favorite_is_c": 0, "c_reliability": 0, "c_calmness": 0, "c_attention": 0, "c_crew_fit": 0, "a_risks": 0, "b_risks": 1, "d_risks": 1}}]}
{"id": 69, "ts": 1778372718.4795182, "event": "agent_memories_archived", "directory": "/home/lhegemann/git/bachelor_thesis/01_data/raw/simulations/moderate/moderate_treatment_20260509_224515_024/shared_mental_models", "round": 5}
{"id": 70, "ts": 1778372718.4795957, "event": "final_decision", "candidate": "Candidate B", "method": "max_round_majority_vote", "vote_count": {"Candidate D": 1, "Candidate B": 2}, "correct_candidate": "Candidate C", "decision_correct": 0, "round": 5}
2026-05-10 02:25:18,490 - INFO - ======================================================================
2026-05-10 02:25:18,490 - INFO - SIMULATION METRICS
2026-05-10 02:25:18,490 - INFO - ======================================================================
2026-05-10 02:25:18,490 - INFO - Total Loops: 5
2026-05-10 02:25:18,490 - INFO - Agent Turns (no vote checker): 15
2026-05-10 02:25:18,490 - INFO - Agent Tool Calls: 0
2026-05-10 02:25:18,490 - INFO - Agent Tool Messages: 0
2026-05-10 02:25:18,490 - INFO - Memory Updates: 45
2026-05-10 02:25:18,491 - INFO - Total Messages (no vote checker): 15
2026-05-10 02:25:18,491 - INFO - Input Tokens: 151753
2026-05-10 02:25:18,491 - INFO - Output Tokens: 53019
2026-05-10 02:25:18,491 - INFO - Total Tokens: 204772
2026-05-10 02:25:18,491 - INFO - Final Chosen Candidate: Candidate B
2026-05-10 02:25:18,491 - INFO - Final Decision Method: max_round_majority_vote
2026-05-10 02:25:18,491 - INFO - Final Vote Count: {'Candidate D': 1, 'Candidate B': 2}
2026-05-10 02:25:18,491 - INFO - Correct Candidate: Candidate C
2026-05-10 02:25:18,491 - INFO - Decision Correct: 0
2026-05-10 02:25:18,491 - INFO - Runtime: 264.04s
2026-05-10 02:25:18,491 - INFO - ======================================================================
