2026-05-08 12:44:29,847 - INFO - Metrics tracker initialized
{"id": 1, "ts": 1778237069.8757007, "event": "memory_reset"}
{"id": 2, "ts": 1778237069.880529, "event": "discussion_order", "round": 1, "order": ["agent_2", "agent_1", "agent_3"]}
2026-05-08 12:44:37,473 - INFO - Tokens - Input: 1422, Output: 738, Total: 2160
{"id": 3, "ts": 1778237077.4744172, "event": "public_discussion_message", "round": 1, "agent": "agent_2", "message": "I currently favor **Candidate\u202fB**. Their strong conscientiousness and excellent stress\u2011handling indicate high reliability and calmness under pressure, which are vital for long\u2011distance flights. Additionally, their skill in assessing weather conditions directly supports the technical competence needed for route planning. The main uncertainty is their tendency to make nasty remarks about colleagues, which could undermine crew cooperation and cockpit harmony.\nMETADATA_JSON:\n{\"agent\": \"agent_2\", \"vote\": \"Candidate B\"}"}
2026-05-08 12:44:37,474 - INFO - Agent turns: 1
2026-05-08 12:44:45,578 - INFO - Tokens - Input: 1608, Output: 895, Total: 2503
{"id": 4, "ts": 1778237085.5802407, "event": "public_discussion_message", "round": 1, "agent": "agent_1", "message": "I currently favor **Candidate\u202fD**. Their strong sense of responsibility and excellent problem\u2011solving ability are crucial for the reliability and technical competence required on long\u2011distance flights, while their capacity to respond adequately to unexpected events supports calmness under pressure. The main uncertainty is their reputation for arrogance and relatively weak leadership, which could hinder crew cooperation and cockpit harmony.\nMETADATA_JSON:\n{\"agent\": \"agent_1\", \"vote\": \"Candidate D\"}"}
2026-05-08 12:44:45,580 - INFO - Agent turns: 2
2026-05-08 12:44:52,259 - INFO - Tokens - Input: 1701, Output: 620, Total: 2321
{"id": 5, "ts": 1778237092.2604866, "event": "public_discussion_message", "round": 1, "agent": "agent_3", "message": "I currently favor **Candidate\u202fB**. Their strong conscientiousness and excellent stress\u2011handling indicate high reliability and calmness under pressure, essential for long\u2011distance flights, and their skill in assessing weather conditions directly supports the technical competence needed for route planning. The main trade\u2011off is their tendency to be pretentious and sometimes adopt the wrong tone, which could undermine crew cooperation and cockpit harmony.\nMETADATA_JSON:\n{\"agent\": \"agent_3\", \"vote\": \"Candidate B\"}"}
2026-05-08 12:44:52,260 - INFO - Agent turns: 3
2026-05-08 12:44:52,269 - INFO - Loop 1 completed
{"id": 6, "ts": 1778237092.2764213, "event": "discussion_order", "round": 2, "order": ["agent_3", "agent_2", "agent_1"]}
2026-05-08 12:44:59,293 - INFO - Tokens - Input: 1739, Output: 731, Total: 2470
{"id": 7, "ts": 1778237099.2948349, "event": "public_discussion_message", "round": 2, "agent": "agent_3", "message": "I continue to favor **Candidate\u202fB**. Their very conscientious nature and strong stress\u2011handling indicate high reliability and calmness under pressure, while their ability to assess weather conditions supports essential technical competence for long\u2011distance routes. The main trade\u2011off is their pretentious attitude and occasional wrong tone, which could undermine crew cooperation and cockpit harmony.\nMETADATA_JSON:\n{\"agent\": \"agent_3\", \"vote\": \"Candidate B\"}"}
2026-05-08 12:44:59,294 - INFO - Agent turns: 4
2026-05-08 12:45:08,747 - INFO - Tokens - Input: 1909, Output: 1288, Total: 3197
{"id": 8, "ts": 1778237108.7489321, "event": "public_discussion_message", "round": 2, "agent": "agent_2", "message": "I continue to favor **Candidate\u202fB**. Their very conscientious nature and strong stress\u2011handling give them high reliability and calmness under pressure, while their ability to assess weather conditions (plus excellent computer skills) directly supports the technical competence needed for long\u2011distance routes. The main trade\u2011off is their tendency to make nasty remarks and adopt a pretentious tone, which could undermine crew cooperation and cockpit harmony.\nMETADATA_JSON:\n{\"agent\": \"agent_2\", \"vote\": \"Candidate B\"}"}
2026-05-08 12:45:08,749 - INFO - Agent turns: 5
2026-05-08 12:45:16,674 - INFO - Tokens - Input: 2029, Output: 1003, Total: 3032
{"id": 9, "ts": 1778237116.675873, "event": "public_discussion_message", "round": 2, "agent": "agent_1", "message": "I continue to favor **Candidate\u202fD**. Their strong sense of responsibility and excellent problem\u2011solving ability are essential for the reliability and technical competence required on long\u2011distance flights, and their capacity to respond adequately to unexpected events supports calmness under pressure. The main trade\u2011off is their reputation for arrogance and relatively weak leadership, which could pose challenges for crew cooperation and cockpit harmony.\nMETADATA_JSON:\n{\"agent\": \"agent_1\", \"vote\": \"Candidate D\"}"}
2026-05-08 12:45:16,676 - INFO - Agent turns: 6
2026-05-08 12:45:16,689 - INFO - Loop 2 completed
{"id": 10, "ts": 1778237116.695801, "event": "discussion_order", "round": 3, "order": ["agent_1", "agent_2", "agent_3"]}
2026-05-08 12:45:23,913 - INFO - Tokens - Input: 2057, Output: 934, Total: 2991
{"id": 11, "ts": 1778237123.9150035, "event": "public_discussion_message", "round": 3, "agent": "agent_1", "message": "I continue to favor **Candidate\u202fD**. Their strong sense of responsibility and excellent problem\u2011solving ability are crucial for reliability and technical competence on long\u2011distance flights, and their ability to respond adequately to unexpected events supports calmness under pressure. The main trade\u2011off is their reputation for arrogance and relatively weak leadership, which could undermine crew cooperation and cockpit harmony.\nMETADATA_JSON:\n{\"agent\": \"agent_1\", \"vote\": \"Candidate D\"}"}
2026-05-08 12:45:23,915 - INFO - Agent turns: 7
2026-05-08 12:45:30,716 - INFO - Tokens - Input: 2232, Output: 947, Total: 3179
{"id": 12, "ts": 1778237130.7174308, "event": "public_discussion_message", "round": 3, "agent": "agent_2", "message": "I continue to favor **Candidate\u202fB**. Their strong conscientiousness gives high reliability, and their ability to handle stress well ensures calmness during long\u2011haul flights; together with solid weather\u2011assessment skills, they provide essential technical competence for route planning. The main trade\u2011off is their tendency to make nasty remarks and adopt a pretentious tone, which could undermine crew cooperation and cockpit harmony.\nMETADATA_JSON:\n{\"agent\": \"agent_2\", \"vote\": \"Candidate B\"}"}
2026-05-08 12:45:30,717 - INFO - Agent turns: 8
2026-05-08 12:45:36,727 - INFO - Tokens - Input: 2336, Output: 746, Total: 3082
{"id": 13, "ts": 1778237136.728605, "event": "public_discussion_message", "round": 3, "agent": "agent_3", "message": "I continue to favor **Candidate\u202fB**. Their very conscientious nature and strong stress\u2011handling give high reliability and calmness under pressure, while their ability to assess weather conditions and excellent computer skills provide essential technical competence for long\u2011distance route planning. The main trade\u2011off is their pretentious attitude and occasional wrong tone, which could harm crew cooperation and cockpit harmony.\nMETADATA_JSON:\n{\"agent\": \"agent_3\", \"vote\": \"Candidate B\"}"}
2026-05-08 12:45:36,728 - INFO - Agent turns: 9
2026-05-08 12:45:36,738 - INFO - Loop 3 completed
{"id": 14, "ts": 1778237136.7440777, "event": "discussion_order", "round": 4, "order": ["agent_3", "agent_1", "agent_2"]}
2026-05-08 12:45:53,805 - INFO - Tokens - Input: 2363, Output: 1019, Total: 3382
{"id": 15, "ts": 1778237153.8071485, "event": "public_discussion_message", "round": 4, "agent": "agent_3", "message": "I now favor **Candidate\u202fD**. Their strong sense of responsibility and excellent problem\u2011solving ability give high reliability and technical competence for long\u2011haul operations, while their ability to respond adequately to unexpected events supports calmness under pressure. The main trade\u2011off is their reputation for being moody and a loner, which could hinder crew cooperation and cockpit harmony.\nMETADATA_JSON:\n{\"agent\": \"agent_3\", \"vote\": \"Candidate D\"}"}
2026-05-08 12:45:53,807 - INFO - Agent turns: 10
2026-05-08 12:46:00,824 - INFO - Tokens - Input: 2540, Output: 734, Total: 3274
{"id": 16, "ts": 1778237160.8256037, "event": "public_discussion_message", "round": 4, "agent": "agent_1", "message": "I continue to favor **Candidate\u202fD**. Their strong sense of responsibility and excellent problem\u2011solving ability give the reliability and technical competence essential for long\u2011distance flights, and their capacity to respond adequately to unexpected events supports calmness under pressure. The main trade\u2011off is their reputation for arrogance and relatively weak leadership, which could undermine crew cooperation and cockpit harmony.\nMETADATA_JSON:\n{\"agent\": \"agent_1\", \"vote\": \"Candidate D\"}"}
2026-05-08 12:46:00,825 - INFO - Agent turns: 11
2026-05-08 12:46:10,813 - INFO - Tokens - Input: 2645, Output: 1195, Total: 3840
{"id": 17, "ts": 1778237170.8149815, "event": "public_discussion_message", "round": 4, "agent": "agent_2", "message": "I now favor **Candidate\u202fD**. Their strong sense of responsibility, excellent problem\u2011solving ability, and proven capacity to respond adequately to unexpected events give them a well\u2011rounded profile for reliability, technical competence, and calmness under pressure\u2014key for long\u2011distance operations. The main trade\u2011off is their reputation for a hot temper and a know\u2011it\u2011all attitude, which could undermine crew cooperation and cockpit harmony.\nMETADATA_JSON:\n{\"agent\": \"agent_2\", \"vote\": \"Candidate D\"}"}
2026-05-08 12:46:10,815 - INFO - Agent turns: 12
2026-05-08 12:46:10,824 - INFO - Loop 4 completed
2026-05-08 12:46:10,824 - INFO - Final Chosen Candidate: Candidate D
2026-05-08 12:46:10,825 - INFO - Final Decision Method: consensus
2026-05-08 12:46:10,825 - INFO - Final Vote Count: {'Candidate D': 3}
2026-05-08 12:46:10,825 - INFO - Correct Candidate: Candidate C
2026-05-08 12:46:10,825 - INFO - Decision Correct: 0
{"id": 18, "ts": 1778237170.826376, "event": "context_consistency_not_applicable", "reason": "explicit_smm_memory_disabled"}
{"id": 19, "ts": 1778237170.8265126, "event": "final_decision", "candidate": "Candidate D", "method": "consensus", "vote_count": {"Candidate D": 3}, "correct_candidate": "Candidate C", "decision_correct": 0, "round": 4}
2026-05-08 12:46:10,835 - INFO - ======================================================================
2026-05-08 12:46:10,835 - INFO - SIMULATION METRICS
2026-05-08 12:46:10,835 - INFO - ======================================================================
2026-05-08 12:46:10,835 - INFO - Total Loops: 4
2026-05-08 12:46:10,835 - INFO - Agent Turns (no vote checker): 12
2026-05-08 12:46:10,835 - INFO - Agent Tool Calls: 0
2026-05-08 12:46:10,835 - INFO - Agent Tool Messages: 0
2026-05-08 12:46:10,835 - INFO - Memory Updates: 0
2026-05-08 12:46:10,835 - INFO - Total Messages (no vote checker): 12
2026-05-08 12:46:10,835 - INFO - Input Tokens: 24581
2026-05-08 12:46:10,836 - INFO - Output Tokens: 10850
2026-05-08 12:46:10,836 - INFO - Total Tokens: 35431
2026-05-08 12:46:10,836 - INFO - Final Chosen Candidate: Candidate D
2026-05-08 12:46:10,836 - INFO - Final Decision Method: consensus
2026-05-08 12:46:10,836 - INFO - Final Vote Count: {'Candidate D': 3}
2026-05-08 12:46:10,836 - INFO - Correct Candidate: Candidate C
2026-05-08 12:46:10,836 - INFO - Decision Correct: 0
2026-05-08 12:46:10,836 - INFO - Runtime: 100.99s
2026-05-08 12:46:10,836 - INFO - ======================================================================
