2026-05-08 23:46:49,140 - INFO - Metrics tracker initialized
{"id": 1, "ts": 1778276809.1686354, "event": "memory_reset"}
{"id": 2, "ts": 1778276809.1728544, "event": "discussion_order", "round": 1, "order": ["agent_1", "agent_3", "agent_2"]}
2026-05-08 23:46:57,287 - INFO - Tokens - Input: 1713, Output: 867, Total: 2580
{"id": 3, "ts": 1778276817.288564, "event": "public_discussion_message", "round": 1, "agent": "agent_1", "message": "I currently favor Candidate\u202fA because his strong ability to anticipate dangerous situations and his excellent spatial vision are crucial for long-distance navigation and safety, supporting both technical competence and proactive risk management. However, his tendency to be unorganized and difficulty accepting criticism raises concerns about crew coordination and adaptability.\nMETADATA_JSON:\n{\"agent\": \"agent_1\", \"vote\": \"Candidate A\"}"}
2026-05-08 23:46:57,288 - INFO - Agent turns: 1
2026-05-08 23:47:08,988 - INFO - Tokens - Input: 1288, Output: 1577, Total: 2865
2026-05-08 23:47:08,990 - INFO - Memory updates: 1
{"id": 4, "ts": 1778276828.9910846, "event": "memory_updated", "agent": "agent_2", "round": 1}
2026-05-08 23:47:09,282 - INFO - Tokens - Input: 1285, Output: 1562, Total: 2847
2026-05-08 23:47:09,283 - INFO - Memory updates: 2
{"id": 5, "ts": 1778276829.2837834, "event": "memory_updated", "agent": "agent_1", "round": 1}
2026-05-08 23:47:11,285 - INFO - Tokens - Input: 1280, Output: 1942, Total: 3222
2026-05-08 23:47:11,287 - INFO - Memory updates: 3
{"id": 6, "ts": 1778276831.2875316, "event": "memory_updated", "agent": "agent_3", "round": 1}
2026-05-08 23:47:15,019 - INFO - Tokens - Input: 2544, Output: 456, Total: 3000
{"id": 7, "ts": 1778276835.0212138, "event": "public_discussion_message", "round": 1, "agent": "agent_3", "message": "I currently favor **Candidate\u202fB**. He is very conscientious, handles stress well, and has strong technical abilities (weather assessment and computer skills), which are crucial for reliable long\u2011distance operations and calmness under pressure. However, his pretentious attitude and occasional wrong tone could hinder crew cooperation and the positive atmosphere needed in the cockpit.\nMETADATA_JSON:\n{\"agent\": \"agent_3\", \"vote\": \"Candidate B\"}"}
2026-05-08 23:47:15,021 - INFO - Agent turns: 2
2026-05-08 23:47:24,158 - INFO - Tokens - Input: 2062, Output: 1329, Total: 3391
2026-05-08 23:47:24,159 - INFO - Memory updates: 4
{"id": 8, "ts": 1778276844.1599226, "event": "memory_updated", "agent": "agent_1", "round": 1}
2026-05-08 23:47:27,849 - INFO - Tokens - Input: 2143, Output: 1457, Total: 3600
2026-05-08 23:47:27,851 - INFO - Memory updates: 5
{"id": 9, "ts": 1778276847.8514814, "event": "memory_updated", "agent": "agent_3", "round": 1}
2026-05-08 23:47:29,964 - INFO - Tokens - Input: 1927, Output: 1293, Total: 3220
2026-05-08 23:47:29,966 - INFO - Memory updates: 6
{"id": 10, "ts": 1778276849.9664848, "event": "memory_updated", "agent": "agent_2", "round": 1}
2026-05-08 23:47:34,107 - INFO - Tokens - Input: 2651, Output: 531, Total: 3182
{"id": 11, "ts": 1778276854.109327, "event": "public_discussion_message", "round": 1, "agent": "agent_2", "message": "I currently favor **Candidate\u202fA**. His ability to anticipate dangerous situations and his excellent spatial vision give him strong technical competence for long\u2011distance navigation, and his very good leadership qualities should help guide the crew. The main trade\u2011off is his reputation as a show\u2011off and being not open to new ideas, which could hinder crew cooperation and adaptability in the cockpit.\nMETADATA_JSON:\n{\"agent\": \"agent_2\", \"vote\": \"Candidate A\"}"}
2026-05-08 23:47:34,109 - INFO - Agent turns: 3
2026-05-08 23:47:43,487 - INFO - Tokens - Input: 2111, Output: 1336, Total: 3447
2026-05-08 23:47:43,489 - INFO - Memory updates: 7
{"id": 12, "ts": 1778276863.4893954, "event": "memory_updated", "agent": "agent_1", "round": 1}
2026-05-08 23:47:43,795 - INFO - Tokens - Input: 2280, Output: 1415, Total: 3695
2026-05-08 23:47:43,796 - INFO - Memory updates: 8
{"id": 13, "ts": 1778276863.7970097, "event": "memory_updated", "agent": "agent_3", "round": 1}
2026-05-08 23:47:44,882 - INFO - Tokens - Input: 2264, Output: 1446, Total: 3710
2026-05-08 23:47:44,884 - INFO - Memory updates: 9
{"id": 14, "ts": 1778276864.8845203, "event": "memory_updated", "agent": "agent_2", "round": 1}
2026-05-08 23:47:44,893 - INFO - Loop 1 completed
{"id": 15, "ts": 1778276864.8996308, "event": "discussion_order", "round": 2, "order": ["agent_2", "agent_1", "agent_3"]}
2026-05-08 23:47:47,204 - INFO - Tokens - Input: 2756, Output: 232, Total: 2988
{"id": 16, "ts": 1778276867.205489, "event": "public_discussion_message", "round": 2, "agent": "agent_2", "message": "I continue to favor **Candidate\u202fA**. His ability to anticipate dangerous situations and his excellent spatial vision give him strong technical competence and proactive safety management, which are critical for long\u2011distance flights. Additionally, his very good leadership qualities should help guide the crew effectively.\n**Trade\u2011off / uncertainty:** His reputation as a show\u2011off and his resistance to new ideas could undermine crew cooperation and adaptability in the cockpit.\nMETADATA_JSON:\n{\"agent\": \"agent_2\", \"vote\": \"Candidate A\"}"}
2026-05-08 23:47:47,205 - INFO - Agent turns: 4
2026-05-08 23:47:54,978 - INFO - Tokens - Input: 2370, Output: 1001, Total: 3371
2026-05-08 23:47:54,980 - INFO - Memory updates: 10
{"id": 17, "ts": 1778276874.980987, "event": "memory_updated", "agent": "agent_2", "round": 2}
2026-05-08 23:47:56,560 - INFO - Tokens - Input: 2308, Output: 943, Total: 3251
2026-05-08 23:47:56,562 - INFO - Memory updates: 11
{"id": 18, "ts": 1778276876.5629263, "event": "memory_updated", "agent": "agent_3", "round": 2}
2026-05-08 23:47:57,703 - INFO - Tokens - Input: 2351, Output: 1459, Total: 3810
2026-05-08 23:47:57,706 - INFO - Memory updates: 12
{"id": 19, "ts": 1778276877.7066061, "event": "memory_updated", "agent": "agent_1", "round": 2}
2026-05-08 23:47:59,252 - INFO - Tokens - Input: 2837, Output: 155, Total: 2992
{"id": 20, "ts": 1778276879.2541819, "event": "public_discussion_message", "round": 2, "agent": "agent_1", "message": "I continue to favor **Candidate\u202fA**. His ability to anticipate dangerous situations and his excellent spatial vision are critical for the safety\u2011critical navigation and risk management required on long\u2011haul flights. Additionally, his very good leadership qualities can help guide the crew through extended missions.\n**Trade\u2011off / uncertainty:** His tendency to be unorganized and resistant to criticism or new ideas could impair crew coordination and adaptability during long flights.\nMETADATA_JSON:\n{\"agent\": \"agent_1\", \"vote\": \"Candidate A\"}"}
2026-05-08 23:47:59,254 - INFO - Agent turns: 5
2026-05-08 23:48:06,385 - INFO - Tokens - Input: 2135, Output: 947, Total: 3082
2026-05-08 23:48:06,387 - INFO - Memory updates: 13
{"id": 21, "ts": 1778276886.3874283, "event": "memory_updated", "agent": "agent_2", "round": 2}
2026-05-08 23:48:07,010 - INFO - Tokens - Input: 2471, Output: 1204, Total: 3675
2026-05-08 23:48:07,012 - INFO - Memory updates: 14
{"id": 22, "ts": 1778276887.0124922, "event": "memory_updated", "agent": "agent_1", "round": 2}
2026-05-08 23:48:07,809 - INFO - Tokens - Input: 2139, Output: 1149, Total: 3288
2026-05-08 23:48:07,811 - INFO - Memory updates: 15
{"id": 23, "ts": 1778276887.8117728, "event": "memory_updated", "agent": "agent_3", "round": 2}
2026-05-08 23:48:11,596 - INFO - Tokens - Input: 2599, Output: 482, Total: 3081
{"id": 24, "ts": 1778276891.5982163, "event": "public_discussion_message", "round": 2, "agent": "agent_3", "message": "I continue to favor **Candidate\u202fB**. His strong conscientiousness and ability to handle stress are key for reliable, calm long\u2011haul operations, and his skill in assessing weather and using computer systems supports the technical competence needed for long\u2011distance flights.\n**Trade\u2011off / uncertainty:** His pretentious demeanor and occasional misuse of tone could hinder crew cooperation and the positive cockpit atmosphere essential for safety.\nMETADATA_JSON:\n{\"agent\": \"agent_3\", \"vote\": \"Candidate B\"}"}
2026-05-08 23:48:11,598 - INFO - Agent turns: 6
2026-05-08 23:48:17,825 - INFO - Tokens - Input: 2223, Output: 879, Total: 3102
2026-05-08 23:48:17,827 - INFO - Memory updates: 16
{"id": 25, "ts": 1778276897.827697, "event": "memory_updated", "agent": "agent_3", "round": 2}
2026-05-08 23:48:19,859 - INFO - Tokens - Input: 2255, Output: 1085, Total: 3340
2026-05-08 23:48:19,861 - INFO - Memory updates: 17
{"id": 26, "ts": 1778276899.861151, "event": "memory_updated", "agent": "agent_2", "round": 2}
2026-05-08 23:48:21,347 - INFO - Tokens - Input: 2546, Output: 1338, Total: 3884
2026-05-08 23:48:21,349 - INFO - Memory updates: 18
{"id": 27, "ts": 1778276901.3495338, "event": "memory_updated", "agent": "agent_1", "round": 2}
2026-05-08 23:48:21,359 - INFO - Loop 2 completed
{"id": 28, "ts": 1778276901.3661947, "event": "discussion_order", "round": 3, "order": ["agent_1", "agent_2", "agent_3"]}
2026-05-08 23:48:27,422 - INFO - Tokens - Input: 3074, Output: 699, Total: 3773
{"id": 29, "ts": 1778276907.423775, "event": "public_discussion_message", "round": 3, "agent": "agent_1", "message": "I continue to favor **Candidate\u202fA**. His ability to anticipate dangerous situations, see complex connections, and his excellent spatial vision directly support the safety\u2011critical navigation and proactive risk management essential for long\u2011haul flights. Additionally, his very good leadership qualities can help guide the crew over extended missions.\n**Trade\u2011off / uncertainty:** He can be unorganized and is not good at taking criticism, which may hinder crew coordination and adaptability during long flights.\nMETADATA_JSON:\n{\"agent\": \"agent_1\", \"vote\": \"Candidate A\"}"}
2026-05-08 23:48:27,423 - INFO - Agent turns: 7
2026-05-08 23:48:34,604 - INFO - Tokens - Input: 2468, Output: 1004, Total: 3472
2026-05-08 23:48:34,605 - INFO - Memory updates: 19
{"id": 30, "ts": 1778276914.6060426, "event": "memory_updated", "agent": "agent_2", "round": 3}
2026-05-08 23:48:34,902 - INFO - Tokens - Input: 2293, Output: 920, Total: 3213
2026-05-08 23:48:34,904 - INFO - Memory updates: 20
{"id": 31, "ts": 1778276914.9046957, "event": "memory_updated", "agent": "agent_3", "round": 3}
2026-05-08 23:48:35,898 - INFO - Tokens - Input: 2702, Output: 1152, Total: 3854
2026-05-08 23:48:35,900 - INFO - Memory updates: 21
{"id": 32, "ts": 1778276915.900421, "event": "memory_updated", "agent": "agent_1", "round": 3}
2026-05-08 23:48:39,738 - INFO - Tokens - Input: 2930, Output: 499, Total: 3429
{"id": 33, "ts": 1778276919.7405238, "event": "public_discussion_message", "round": 3, "agent": "agent_2", "message": "I continue to favor **Candidate\u202fA**. His ability to anticipate dangerous situations, excellent spatial vision, and skill at seeing complex connections give him the strongest technical competence for long\u2011haul navigation, while his very good leadership qualities support crew guidance on extended missions.\n**Trade\u2011off / uncertainty:** His reputation as a show\u2011off, resistance to new ideas, and difficulty taking criticism could undermine crew cooperation and adaptability during long flights.\nMETADATA_JSON:\n{\"agent\": \"agent_2\", \"vote\": \"Candidate A\"}"}
2026-05-08 23:48:39,740 - INFO - Agent turns: 8
2026-05-08 23:48:47,100 - INFO - Tokens - Input: 2361, Output: 1053, Total: 3414
2026-05-08 23:48:47,102 - INFO - Memory updates: 22
{"id": 34, "ts": 1778276927.102439, "event": "memory_updated", "agent": "agent_3", "round": 3}
2026-05-08 23:48:47,203 - INFO - Tokens - Input: 2749, Output: 1028, Total: 3777
2026-05-08 23:48:47,205 - INFO - Memory updates: 23
{"id": 35, "ts": 1778276927.205386, "event": "memory_updated", "agent": "agent_1", "round": 3}
2026-05-08 23:48:47,208 - INFO - Tokens - Input: 2566, Output: 1033, Total: 3599
2026-05-08 23:48:47,209 - INFO - Memory updates: 24
{"id": 36, "ts": 1778276927.2098718, "event": "memory_updated", "agent": "agent_2", "round": 3}
2026-05-08 23:48:51,057 - INFO - Tokens - Input: 2947, Output: 472, Total: 3419
{"id": 37, "ts": 1778276931.058673, "event": "public_discussion_message", "round": 3, "agent": "agent_3", "message": "I continue to favor **Candidate\u202fB**. His strong conscientiousness and ability to handle stress provide the reliability and calmness essential for long\u2011haul operations, while his skill in assessing weather and excellent computer abilities support the technical competence needed for complex, long\u2011distance flights.\n**Trade\u2011off / uncertainty:** His pretentious attitude and occasional misuse of tone could undermine crew cooperation and the positive cockpit atmosphere that safety depends on.\nMETADATA_JSON:\n{\"agent\": \"agent_3\", \"vote\": \"Candidate B\"}"}
2026-05-08 23:48:51,058 - INFO - Agent turns: 9
2026-05-08 23:48:57,848 - INFO - Tokens - Input: 2597, Output: 903, Total: 3500
2026-05-08 23:48:57,850 - INFO - Memory updates: 25
{"id": 38, "ts": 1778276937.850161, "event": "memory_updated", "agent": "agent_2", "round": 3}
2026-05-08 23:48:58,725 - INFO - Tokens - Input: 2569, Output: 1033, Total: 3602
2026-05-08 23:48:58,727 - INFO - Memory updates: 26
{"id": 39, "ts": 1778276938.7276857, "event": "memory_updated", "agent": "agent_1", "round": 3}
2026-05-08 23:48:59,942 - INFO - Tokens - Input: 2581, Output: 1136, Total: 3717
2026-05-08 23:48:59,944 - INFO - Memory updates: 27
{"id": 40, "ts": 1778276939.9443336, "event": "memory_updated", "agent": "agent_3", "round": 3}
2026-05-08 23:48:59,953 - INFO - Loop 3 completed
{"id": 41, "ts": 1778276939.9605923, "event": "discussion_order", "round": 4, "order": ["agent_1", "agent_2", "agent_3"]}
2026-05-08 23:49:03,857 - INFO - Tokens - Input: 3081, Output: 336, Total: 3417
{"id": 42, "ts": 1778276943.859037, "event": "public_discussion_message", "round": 4, "agent": "agent_1", "message": "I continue to favor **Candidate\u202fA**. His ability to anticipate dangerous situations and his excellent spatial vision give him strong technical competence for long\u2011haul navigation and proactive risk management, while his very good leadership can help guide the crew over extended missions.\n**Trade\u2011off / uncertainty:** His tendency to be unorganized and difficulty accepting criticism could impair crew coordination and adaptability during long flights.\nMETADATA_JSON:\n{\"agent\": \"agent_1\", \"vote\": \"Candidate A\"}"}
2026-05-08 23:49:03,859 - INFO - Agent turns: 10
2026-05-08 23:49:10,611 - INFO - Tokens - Input: 2530, Output: 924, Total: 3454
2026-05-08 23:49:10,613 - INFO - Memory updates: 28
{"id": 43, "ts": 1778276950.613549, "event": "memory_updated", "agent": "agent_3", "round": 4}
2026-05-08 23:49:10,830 - INFO - Tokens - Input: 2621, Output: 918, Total: 3539
2026-05-08 23:49:10,831 - INFO - Memory updates: 29
{"id": 44, "ts": 1778276950.831959, "event": "memory_updated", "agent": "agent_2", "round": 4}
2026-05-08 23:49:11,670 - INFO - Tokens - Input: 2681, Output: 1080, Total: 3761
2026-05-08 23:49:11,674 - INFO - Memory updates: 30
{"id": 45, "ts": 1778276951.6747873, "event": "memory_updated", "agent": "agent_1", "round": 4}
2026-05-08 23:49:13,405 - INFO - Tokens - Input: 3117, Output: 209, Total: 3326
{"id": 46, "ts": 1778276953.4067256, "event": "public_discussion_message", "round": 4, "agent": "agent_2", "message": "I continue to favor **Candidate\u202fA**. His ability to anticipate dangerous situations and his excellent spatial vision give him strong technical competence for long\u2011haul navigation, while his very good leadership qualities support effective crew guidance on extended missions.\n**Trade\u2011off / uncertainty:** His reputation as a show\u2011off, resistance to new ideas, and difficulty accepting criticism could undermine crew cooperation and adaptability in the cockpit.\nMETADATA_JSON:\n{\"agent\": \"agent_2\", \"vote\": \"Candidate A\"}"}
2026-05-08 23:49:13,406 - INFO - Agent turns: 11
2026-05-08 23:49:19,208 - INFO - Tokens - Input: 2741, Output: 784, Total: 3525
2026-05-08 23:49:19,210 - INFO - Memory updates: 31
{"id": 47, "ts": 1778276959.210479, "event": "memory_updated", "agent": "agent_2", "round": 4}
2026-05-08 23:49:20,726 - INFO - Tokens - Input: 2657, Output: 893, Total: 3550
2026-05-08 23:49:20,727 - INFO - Memory updates: 32
{"id": 48, "ts": 1778276960.7279296, "event": "memory_updated", "agent": "agent_3", "round": 4}
2026-05-08 23:49:22,794 - INFO - Tokens - Input: 2990, Output: 1261, Total: 4251
2026-05-08 23:49:22,796 - INFO - Memory updates: 33
{"id": 49, "ts": 1778276962.7964714, "event": "memory_updated", "agent": "agent_1", "round": 4}
2026-05-08 23:49:25,622 - INFO - Tokens - Input: 3169, Output: 329, Total: 3498
{"id": 50, "ts": 1778276965.6243975, "event": "public_discussion_message", "round": 4, "agent": "agent_3", "message": "I continue to favor **Candidate\u202fB**. His very conscientious nature and ability to handle stress give him the reliability and calmness essential for long\u2011haul operations, while his skill in assessing weather and strong computer abilities support the technical competence needed for complex, extended flights.\n**Trade\u2011off / uncertainty:** His pretentious demeanor and occasional misuse of tone could undermine crew cooperation and the positive cockpit atmosphere that safety depends on.\nMETADATA_JSON:\n{\"agent\": \"agent_3\", \"vote\": \"Candidate B\"}"}
2026-05-08 23:49:25,624 - INFO - Agent turns: 12
2026-05-08 23:49:33,002 - INFO - Tokens - Input: 2826, Output: 983, Total: 3809
2026-05-08 23:49:33,003 - INFO - Memory updates: 34
{"id": 51, "ts": 1778276973.0038774, "event": "memory_updated", "agent": "agent_2", "round": 4}
2026-05-08 23:49:33,059 - INFO - Tokens - Input: 2801, Output: 992, Total: 3793
2026-05-08 23:49:33,060 - INFO - Memory updates: 35
{"id": 52, "ts": 1778276973.0608544, "event": "memory_updated", "agent": "agent_3", "round": 4}
2026-05-08 23:49:35,295 - INFO - Tokens - Input: 3091, Output: 1336, Total: 4427
2026-05-08 23:49:35,297 - INFO - Memory updates: 36
{"id": 53, "ts": 1778276975.297808, "event": "memory_updated", "agent": "agent_1", "round": 4}
2026-05-08 23:49:35,306 - INFO - Loop 4 completed
{"id": 54, "ts": 1778276975.312174, "event": "discussion_order", "round": 5, "order": ["agent_1", "agent_3", "agent_2"]}
2026-05-08 23:49:36,653 - INFO - Tokens - Input: 3615, Output: 156, Total: 3771
{"id": 55, "ts": 1778276976.6557417, "event": "public_discussion_message", "round": 5, "agent": "agent_1", "message": "I still favor **Candidate\u202fA**. His ability to anticipate dangerous situations and his excellent spatial vision give him the strongest technical competence for long\u2011distance navigation and proactive risk management, while his very good leadership can guide the crew on extended missions.\n**Trade\u2011off / uncertainty:** His tendency to be unorganized and resistant to criticism may hinder crew coordination and adaptability during long flights.\nMETADATA_JSON:\n{\"agent\": \"agent_1\", \"vote\": \"Candidate A\"}"}
2026-05-08 23:49:36,655 - INFO - Agent turns: 13
2026-05-08 23:49:42,546 - INFO - Tokens - Input: 2988, Output: 798, Total: 3786
2026-05-08 23:49:42,548 - INFO - Memory updates: 37
{"id": 56, "ts": 1778276982.5482907, "event": "memory_updated", "agent": "agent_3", "round": 5}
2026-05-08 23:49:43,313 - INFO - Tokens - Input: 2911, Output: 911, Total: 3822
2026-05-08 23:49:43,315 - INFO - Memory updates: 38
{"id": 57, "ts": 1778276983.3157778, "event": "memory_updated", "agent": "agent_2", "round": 5}
2026-05-08 23:49:48,662 - INFO - Tokens - Input: 3213, Output: 1062, Total: 4275
2026-05-08 23:49:48,663 - INFO - Memory updates: 39
{"id": 58, "ts": 1778276988.66395, "event": "memory_updated", "agent": "agent_1", "round": 5}
2026-05-08 23:49:50,781 - INFO - Tokens - Input: 3167, Output: 275, Total: 3442
{"id": 59, "ts": 1778276990.7830107, "event": "public_discussion_message", "round": 5, "agent": "agent_3", "message": "I continue to favor **Candidate\u202fB**. His very conscientious nature and strong ability to handle stress give him high reliability and calmness under pressure\u2014key for long\u2011haul flights. Additionally, his excellent weather\u2011assessment skill and computer proficiency support the technical competence needed for complex, extended routes.\n**Trade\u2011off / uncertainty:** His pretentious attitude and occasional misuse of tone could undermine crew cooperation and the positive cockpit atmosphere essential for safety.\nMETADATA_JSON:\n{\"agent\": \"agent_3\", \"vote\": \"Candidate B\"}"}
2026-05-08 23:49:50,783 - INFO - Agent turns: 14
2026-05-08 23:49:57,859 - INFO - Tokens - Input: 3036, Output: 929, Total: 3965
2026-05-08 23:49:57,861 - INFO - Memory updates: 40
{"id": 60, "ts": 1778276997.8615825, "event": "memory_updated", "agent": "agent_2", "round": 5}
2026-05-08 23:50:00,221 - INFO - Tokens - Input: 2807, Output: 1191, Total: 3998
2026-05-08 23:50:00,223 - INFO - Memory updates: 41
{"id": 61, "ts": 1778277000.2235944, "event": "memory_updated", "agent": "agent_3", "round": 5}
2026-05-08 23:50:00,235 - INFO - Tokens - Input: 3321, Output: 1179, Total: 4500
2026-05-08 23:50:00,237 - INFO - Memory updates: 42
{"id": 62, "ts": 1778277000.237729, "event": "memory_updated", "agent": "agent_1", "round": 5}
2026-05-08 23:50:03,347 - INFO - Tokens - Input: 3543, Output: 266, Total: 3809
{"id": 63, "ts": 1778277003.3492818, "event": "public_discussion_message", "round": 5, "agent": "agent_2", "message": "I continue to favor **Candidate\u202fA**. His ability to anticipate dangerous situations and his excellent spatial vision give him the strongest technical competence for long\u2011distance navigation, while his very good leadership supports effective crew guidance on extended missions.\n**Trade\u2011off / uncertainty:** His reputation as a show\u2011off and resistance to new ideas could undermine crew cooperation and adaptability in the cockpit.\nMETADATA_JSON:\n{\"agent\": \"agent_2\", \"vote\": \"Candidate A\"}"}
2026-05-08 23:50:03,349 - INFO - Agent turns: 15
2026-05-08 23:50:11,845 - INFO - Tokens - Input: 3427, Output: 1230, Total: 4657
2026-05-08 23:50:11,847 - INFO - Memory updates: 43
{"id": 64, "ts": 1778277011.8477366, "event": "memory_updated", "agent": "agent_1", "round": 5}
2026-05-08 23:50:13,088 - INFO - Tokens - Input: 3130, Output: 1308, Total: 4438
2026-05-08 23:50:13,090 - INFO - Memory updates: 44
{"id": 65, "ts": 1778277013.0907092, "event": "memory_updated", "agent": "agent_3", "round": 5}
2026-05-08 23:50:13,818 - INFO - Tokens - Input: 3157, Output: 1245, Total: 4402
2026-05-08 23:50:13,820 - INFO - Memory updates: 45
{"id": 66, "ts": 1778277013.82053, "event": "memory_updated", "agent": "agent_2", "round": 5}
2026-05-08 23:50:13,830 - INFO - Loop 5 completed
2026-05-08 23:50:13,830 - INFO - Final Chosen Candidate: Candidate A
2026-05-08 23:50:13,830 - INFO - Final Decision Method: max_round_majority_vote
2026-05-08 23:50:13,830 - INFO - Final Vote Count: {'Candidate A': 2, 'Candidate B': 1}
2026-05-08 23:50:13,830 - INFO - Correct Candidate: Candidate C
2026-05-08 23:50:13,830 - INFO - Decision Correct: 0
{"id": 67, "ts": 1778277014.16835, "event": "context_consistency_calculated", "method": "embedding_cosine", "mean_pairwise_similarity": 0.838322, "pairwise": [{"agent_a": "agent_1", "agent_b": "agent_2", "similarity": 0.838114}, {"agent_a": "agent_1", "agent_b": "agent_3", "similarity": 0.792804}, {"agent_a": "agent_2", "agent_b": "agent_3", "similarity": 0.884048}]}
{"id": 68, "ts": 1778277014.168521, "event": "gold_standard_alignment_calculated", "method": "rule_based_binary_checks", "mean_alignment": 0.583333, "by_agent": [{"agent": "agent_1", "score": 0.25, "checks": {"favorite_is_c": 0, "c_reliability": 0, "c_calmness": 0, "c_attention": 0, "c_crew_fit": 0, "a_risks": 1, "b_risks": 1, "d_risks": 0}}, {"agent": "agent_2", "score": 0.625, "checks": {"favorite_is_c": 0, "c_reliability": 1, "c_calmness": 1, "c_attention": 0, "c_crew_fit": 0, "a_risks": 1, "b_risks": 1, "d_risks": 1}}, {"agent": "agent_3", "score": 0.875, "checks": {"favorite_is_c": 0, "c_reliability": 1, "c_calmness": 1, "c_attention": 1, "c_crew_fit": 1, "a_risks": 1, "b_risks": 1, "d_risks": 1}}]}
{"id": 69, "ts": 1778277014.1686442, "event": "agent_memories_archived", "directory": "/home/lhegemann/git/bachelor_thesis/01_data/raw/simulations/moderate/moderate_treatment_20260508_195017_027/shared_mental_models", "round": 5}
{"id": 70, "ts": 1778277014.1687403, "event": "final_decision", "candidate": "Candidate A", "method": "max_round_majority_vote", "vote_count": {"Candidate A": 2, "Candidate B": 1}, "correct_candidate": "Candidate C", "decision_correct": 0, "round": 5}
2026-05-08 23:50:14,183 - INFO - ======================================================================
2026-05-08 23:50:14,183 - INFO - SIMULATION METRICS
2026-05-08 23:50:14,183 - INFO - ======================================================================
2026-05-08 23:50:14,183 - INFO - Total Loops: 5
2026-05-08 23:50:14,183 - INFO - Agent Turns (no vote checker): 15
2026-05-08 23:50:14,183 - INFO - Agent Tool Calls: 0
2026-05-08 23:50:14,183 - INFO - Agent Tool Messages: 0
2026-05-08 23:50:14,184 - INFO - Memory Updates: 45
2026-05-08 23:50:14,184 - INFO - Total Messages (no vote checker): 15
2026-05-08 23:50:14,184 - INFO - Input Tokens: 156995
2026-05-08 23:50:14,184 - INFO - Output Tokens: 57612
2026-05-08 23:50:14,184 - INFO - Total Tokens: 214607
2026-05-08 23:50:14,184 - INFO - Final Chosen Candidate: Candidate A
2026-05-08 23:50:14,184 - INFO - Final Decision Method: max_round_majority_vote
2026-05-08 23:50:14,184 - INFO - Final Vote Count: {'Candidate A': 2, 'Candidate B': 1}
2026-05-08 23:50:14,184 - INFO - Correct Candidate: Candidate C
2026-05-08 23:50:14,184 - INFO - Decision Correct: 0
2026-05-08 23:50:14,184 - INFO - Runtime: 205.04s
2026-05-08 23:50:14,184 - INFO - ======================================================================
