2026-05-07 22:16:11,396 - INFO - Metrics tracker initialized
{"id": 1, "ts": 1778184971.4230225, "event": "memory_reset"}
{"id": 2, "ts": 1778184971.4263148, "event": "discussion_order", "round": 1, "order": ["agent_1", "agent_2", "agent_3"]}
2026-05-07 22:16:18,241 - INFO - Tokens - Input: 1419, Output: 624, Total: 2043
{"id": 3, "ts": 1778184978.2423158, "event": "public_discussion_message", "round": 1, "agent": "agent_1", "message": "I tentatively favor **Candidate\u202fA**.\u202fThey can anticipate dangerous situations and have excellent spatial vision, which are crucial for navigating long\u2011distance routes safely, and they also possess very good leadership qualities that support crew coordination.\u202fThe main uncertainty is their tendency to be unorganized and to take criticism poorly, which could hinder teamwork and procedural compliance.\nMETADATA_JSON:\n{\"agent\": \"agent_1\", \"vote\": \"Candidate A\"}"}
2026-05-07 22:16:18,242 - INFO - Agent turns: 1
2026-05-07 22:16:25,097 - INFO - Tokens - Input: 1601, Output: 962, Total: 2563
{"id": 4, "ts": 1778184985.099071, "event": "public_discussion_message", "round": 1, "agent": "agent_2", "message": "I tentatively favor **Candidate\u202fA**.\u202fTheir ability to anticipate dangerous situations and their excellent spatial vision are vital for safe navigation on long\u2011distance routes, and their very good leadership qualities support effective crew coordination.\u202fThe main trade\u2011off is their reputation as a show\u2011off, resistance to new ideas, and a tendency to be unorganized and take criticism poorly, which could undermine teamwork and procedural compliance.\nMETADATA_JSON:\n{\"agent\": \"agent_2\", \"vote\": \"Candidate A\"}"}
2026-05-07 22:16:25,099 - INFO - Agent turns: 2
2026-05-07 22:16:32,110 - INFO - Tokens - Input: 1718, Output: 677, Total: 2395
{"id": 5, "ts": 1778184992.1117525, "event": "public_discussion_message", "round": 1, "agent": "agent_3", "message": "I tentatively favor **Candidate\u202fB**.\u202fTheir very conscientious nature and strong stress\u2011handling ability support reliability and calmness under the long\u2011duration pressures of intercontinental flights, while their skill in assessing weather conditions and excellent computer abilities give them solid technical competence for route planning and in\u2011flight decision\u2011making.\u202fThe main trade\u2011off is their tendency to be regarded as pretentious and occasionally adopt the wrong tone when communicating, which could hinder crew cooperation.\nMETADATA_JSON:\n{\"agent\": \"agent_3\", \"vote\": \"Candidate B\"}"}
2026-05-07 22:16:32,111 - INFO - Agent turns: 3
2026-05-07 22:16:32,121 - INFO - Loop 1 completed
{"id": 6, "ts": 1778184992.1283593, "event": "discussion_order", "round": 2, "order": ["agent_1", "agent_3", "agent_2"]}
2026-05-07 22:16:40,686 - INFO - Tokens - Input: 1765, Output: 1032, Total: 2797
{"id": 7, "ts": 1778185000.68795, "event": "public_discussion_message", "round": 2, "agent": "agent_1", "message": "I now lean toward **Candidate\u202fC**.\u202fThey are described as 100\u202f% reliable and create a positive atmosphere with the crew, which supports both safety and teamwork, and they can make correct decisions quickly\u2014critical for long\u2011distance flights where rapid, accurate judgments are needed.\u202fThe main uncertainty is their difficulty communicating ideas and egocentric tendency, which could impair crew cooperation.\nMETADATA_JSON:\n{\"agent\": \"agent_1\", \"vote\": \"Candidate C\"}"}
2026-05-07 22:16:40,688 - INFO - Agent turns: 4
2026-05-07 22:16:48,268 - INFO - Tokens - Input: 1942, Output: 871, Total: 2813
{"id": 8, "ts": 1778185008.2699149, "event": "public_discussion_message", "round": 2, "agent": "agent_3", "message": "I currently favor **Candidate\u202fB**.\u202fTheir very conscientious nature and strong stress\u2011handling ability give them high reliability and calmness under the long\u2011duration pressures of intercontinental flights, while their skill in assessing weather conditions and excellent computer abilities provide solid technical competence for route planning and in\u2011flight decision\u2011making.\u202fThe main trade\u2011off is their reputation for being pretentious and sometimes using the wrong tone when communicating, which could undermine crew cooperation.\nMETADATA_JSON:\n{\"agent\": \"agent_3\", \"vote\": \"Candidate B\"}"}
2026-05-07 22:16:48,270 - INFO - Agent turns: 5
2026-05-07 22:16:54,331 - INFO - Tokens - Input: 2083, Output: 926, Total: 3009
{"id": 9, "ts": 1778185014.3330622, "event": "public_discussion_message", "round": 2, "agent": "agent_2", "message": "I currently favor **Candidate\u202fA**.\u202fTheir ability to anticipate dangerous situations and their excellent spatial vision are crucial for safe navigation on long\u2011distance routes, and their very good leadership qualities support effective crew coordination.\u202fThe main trade\u2011off is that they are regarded as a show\u2011off and are not open to new ideas, which could pose challenges for teamwork and cooperation.\nMETADATA_JSON:\n{\"agent\": \"agent_2\", \"vote\": \"Candidate A\"}"}
2026-05-07 22:16:54,333 - INFO - Agent turns: 6
2026-05-07 22:16:54,342 - INFO - Loop 2 completed
{"id": 10, "ts": 1778185014.349223, "event": "discussion_order", "round": 3, "order": ["agent_1", "agent_3", "agent_2"]}
2026-05-07 22:16:59,779 - INFO - Tokens - Input: 2103, Output: 706, Total: 2809
{"id": 11, "ts": 1778185019.7809112, "event": "public_discussion_message", "round": 3, "agent": "agent_1", "message": "I currently favor **Candidate\u202fC**.\u202fThey are described as 100\u202f% reliable and create a positive atmosphere with the crew, which supports safety and teamwork, and they can make correct decisions quickly\u2014critical for long\u2011distance flights where rapid, accurate judgments are needed.\u202fThe main uncertainty is their difficulty communicating ideas and egocentric tendency, which could impair crew cooperation.\nMETADATA_JSON:\n{\"agent\": \"agent_1\", \"vote\": \"Candidate C\"}"}
2026-05-07 22:16:59,781 - INFO - Agent turns: 7
2026-05-07 22:17:06,501 - INFO - Tokens - Input: 2269, Output: 844, Total: 3113
{"id": 12, "ts": 1778185026.5033681, "event": "public_discussion_message", "round": 3, "agent": "agent_3", "message": "I currently favor **Candidate\u202fB**.\u202fTheir very conscientious nature and strong stress\u2011handling ability give them high reliability and calmness under the long\u2011duration pressures of intercontinental flights, while their skill in assessing weather conditions and excellent computer abilities provide solid technical competence for route planning and in\u2011flight decision\u2011making.\u202fThe main trade\u2011off is their reputation for being pretentious and sometimes using the wrong tone when communicating, which could hinder crew cooperation.\nMETADATA_JSON:\n{\"agent\": \"agent_3\", \"vote\": \"Candidate B\"}"}
2026-05-07 22:17:06,503 - INFO - Agent turns: 8
2026-05-07 22:17:15,011 - INFO - Tokens - Input: 2412, Output: 1136, Total: 3548
{"id": 13, "ts": 1778185035.0127678, "event": "public_discussion_message", "round": 3, "agent": "agent_2", "message": "I currently favor **Candidate\u202fA**.\u202fTheir ability to anticipate dangerous situations combined with excellent spatial vision is critical for safe navigation on long\u2011distance routes, and their very good leadership qualities support effective crew coordination.\u202fThe main trade\u2011off is that they are regarded as a show\u2011off and are not open to new ideas, which could pose challenges for teamwork and procedural compliance.\nMETADATA_JSON:\n{\"agent\": \"agent_2\", \"vote\": \"Candidate A\"}"}
2026-05-07 22:17:15,012 - INFO - Agent turns: 9
2026-05-07 22:17:15,022 - INFO - Loop 3 completed
{"id": 14, "ts": 1778185035.0295875, "event": "discussion_order", "round": 4, "order": ["agent_2", "agent_1", "agent_3"]}
2026-05-07 22:17:22,138 - INFO - Tokens - Input: 2436, Output: 865, Total: 3301
{"id": 15, "ts": 1778185042.1402576, "event": "public_discussion_message", "round": 4, "agent": "agent_2", "message": "I continue to favor **Candidate\u202fA**. Their ability to anticipate dangerous situations combined with excellent spatial vision is critical for safe navigation on long\u2011distance routes, and their very good leadership qualities support effective crew coordination. The main trade\u2011off is their reputation as a show\u2011off and resistance to new ideas, which could hinder teamwork and procedural compliance.\nMETADATA_JSON:\n{\"agent\": \"agent_2\", \"vote\": \"Candidate A\"}"}
2026-05-07 22:17:22,140 - INFO - Agent turns: 10
2026-05-07 22:17:33,162 - INFO - Tokens - Input: 2590, Output: 911, Total: 3501
{"id": 16, "ts": 1778185053.1763532, "event": "public_discussion_message", "round": 4, "agent": "agent_1", "message": "I currently favor **Candidate\u202fC**.\u202fThey are described as\u202f100\u202f% reliable and create a positive atmosphere with the crew, which supports safety and teamwork, and they can make correct decisions quickly\u2014essential for long\u2011distance flights where rapid, accurate judgments are needed.\u202fThe main uncertainty is their difficulty communicating ideas and egocentric tendency, which could hinder crew cooperation.\nMETADATA_JSON:\n{\"agent\": \"agent_1\", \"vote\": \"Candidate C\"}"}
2026-05-07 22:17:33,176 - INFO - Agent turns: 11
2026-05-07 22:17:40,596 - INFO - Tokens - Input: 2697, Output: 920, Total: 3617
{"id": 17, "ts": 1778185060.5985706, "event": "public_discussion_message", "round": 4, "agent": "agent_3", "message": "I currently favor **Candidate\u202fB**.\u202fTheir very conscientious nature and strong stress\u2011handling ability give them high reliability and calmness under the long\u2011duration pressures of intercontinental flights, while their skill in assessing weather conditions and excellent computer abilities provide solid technical competence for route planning and in\u2011flight decision\u2011making.\u202fThe main trade\u2011off is their reputation for being pretentious and occasionally using the wrong tone, which could undermine crew cooperation.\nMETADATA_JSON:\n{\"agent\": \"agent_3\", \"vote\": \"Candidate B\"}"}
2026-05-07 22:17:40,598 - INFO - Agent turns: 12
2026-05-07 22:17:40,608 - INFO - Loop 4 completed
{"id": 18, "ts": 1778185060.6147537, "event": "discussion_order", "round": 5, "order": ["agent_1", "agent_2", "agent_3"]}
2026-05-07 22:17:45,465 - INFO - Tokens - Input: 2754, Output: 641, Total: 3395
{"id": 19, "ts": 1778185065.466886, "event": "public_discussion_message", "round": 5, "agent": "agent_1", "message": "I now favor **Candidate\u202fB**. Their conscientious nature gives them high reliability, and their strong stress\u2011handling ability supports calmness under the long\u2011duration pressures of intercontinental flights. Additionally, their skill in assessing weather conditions and excellent computer abilities provide solid technical competence for route planning and in\u2011flight decision\u2011making. The main trade\u2011off is their reputation for being pretentious and sometimes using the wrong tone, which could undermine crew cooperation.\nMETADATA_JSON:\n{\"agent\": \"agent_1\", \"vote\": \"Candidate B\"}"}
2026-05-07 22:17:45,467 - INFO - Agent turns: 13
2026-05-07 22:17:53,696 - INFO - Tokens - Input: 2954, Output: 1029, Total: 3983
{"id": 20, "ts": 1778185073.698447, "event": "public_discussion_message", "round": 5, "agent": "agent_2", "message": "I now favor **Candidate\u202fB**. Their very conscientious nature gives them high reliability, and their strong stress\u2011handling ability supports calmness during the long, demanding periods of intercontinental flights. Additionally, their skill in assessing weather conditions and excellent computer abilities provide solid technical competence for route planning and in\u2011flight decision\u2011making. The main trade\u2011off is their reputation for being pretentious and making nasty remarks, which could undermine crew cooperation and morale.\nMETADATA_JSON:\n{\"agent\": \"agent_2\", \"vote\": \"Candidate B\"}"}
2026-05-07 22:17:53,698 - INFO - Agent turns: 14
2026-05-07 22:17:58,153 - INFO - Tokens - Input: 3066, Output: 590, Total: 3656
{"id": 21, "ts": 1778185078.1542664, "event": "public_discussion_message", "round": 5, "agent": "agent_3", "message": "I continue to favor **Candidate\u202fB**. Their very conscientious nature ensures high reliability, and their strong stress\u2011handling ability supports calmness during long\u2011duration flights; together with solid weather\u2011assessment skills and excellent computer abilities, they provide the technical competence needed for long\u2011distance route planning and in\u2011flight decision\u2011making. The main trade\u2011off is their reputation for being pretentious and occasionally making nasty remarks, which could undermine crew cooperation and morale.\nMETADATA_JSON:\n{\"agent\": \"agent_3\", \"vote\": \"Candidate B\"}"}
2026-05-07 22:17:58,154 - INFO - Agent turns: 15
2026-05-07 22:17:58,162 - INFO - Loop 5 completed
2026-05-07 22:17:58,163 - INFO - Final Chosen Candidate: Candidate B
2026-05-07 22:17:58,163 - INFO - Final Decision Method: consensus
2026-05-07 22:17:58,163 - INFO - Final Vote Count: {'Candidate B': 3}
2026-05-07 22:17:58,163 - INFO - Correct Candidate: Candidate C
2026-05-07 22:17:58,163 - INFO - Decision Correct: 0
{"id": 22, "ts": 1778185078.1648686, "event": "context_consistency_not_applicable", "reason": "explicit_smm_memory_disabled"}
{"id": 23, "ts": 1778185078.165033, "event": "final_decision", "candidate": "Candidate B", "method": "consensus", "vote_count": {"Candidate B": 3}, "correct_candidate": "Candidate C", "decision_correct": 0, "round": 5}
2026-05-07 22:17:58,173 - INFO - ======================================================================
2026-05-07 22:17:58,174 - INFO - SIMULATION METRICS
2026-05-07 22:17:58,174 - INFO - ======================================================================
2026-05-07 22:17:58,174 - INFO - Total Loops: 5
2026-05-07 22:17:58,174 - INFO - Agent Turns (no vote checker): 15
2026-05-07 22:17:58,174 - INFO - Agent Tool Calls: 0
2026-05-07 22:17:58,174 - INFO - Agent Tool Messages: 0
2026-05-07 22:17:58,174 - INFO - Memory Updates: 0
2026-05-07 22:17:58,174 - INFO - Total Messages (no vote checker): 15
2026-05-07 22:17:58,174 - INFO - Input Tokens: 33809
2026-05-07 22:17:58,174 - INFO - Output Tokens: 12734
2026-05-07 22:17:58,174 - INFO - Total Tokens: 46543
2026-05-07 22:17:58,174 - INFO - Final Chosen Candidate: Candidate B
2026-05-07 22:17:58,175 - INFO - Final Decision Method: consensus
2026-05-07 22:17:58,175 - INFO - Final Vote Count: {'Candidate B': 3}
2026-05-07 22:17:58,175 - INFO - Correct Candidate: Candidate C
2026-05-07 22:17:58,175 - INFO - Decision Correct: 0
2026-05-07 22:17:58,175 - INFO - Runtime: 106.78s
2026-05-07 22:17:58,175 - INFO - ======================================================================
