2026-05-10 05:31:17,040 - INFO - Metrics tracker initialized
{"id": 1, "ts": 1778383877.0668366, "event": "memory_reset"}
{"id": 2, "ts": 1778383877.071085, "event": "discussion_order", "round": 1, "order": ["agent_2", "agent_1", "agent_3"]}
2026-05-10 05:31:24,565 - INFO - Tokens - Input: 1422, Output: 648, Total: 2070
{"id": 3, "ts": 1778383884.5664556, "event": "public_discussion_message", "round": 1, "agent": "agent_2", "message": "I currently favor **Candidate A**. Their ability to anticipate dangerous situations and excellent spatial vision suggest strong technical competence crucial for long\u2011distance navigation, and their very good leadership qualities support effective crew coordination. The main uncertainty is their reputation as a show\u2011off and being not open to new ideas, which could hinder teamwork and adaptability.\nMETADATA_JSON:\n{\"agent\": \"agent_2\", \"vote\": \"Candidate A\"}"}
2026-05-10 05:31:24,566 - INFO - Agent turns: 1
2026-05-10 05:31:34,453 - INFO - Tokens - Input: 1588, Output: 1171, Total: 2759
{"id": 4, "ts": 1778383894.4550364, "event": "public_discussion_message", "round": 1, "agent": "agent_1", "message": "I currently favor **Candidate B**. Their strong stress\u2011handling ability supports calmness under the long\u2011duration pressures of intercontinental flights, and their conscientious nature indicates high reliability. Additionally, their skill in assessing weather conditions and excellent computer abilities are key technical competencies for long\u2011distance navigation. The main uncertainty is their tendency to be grumpy and uncooperative, which could impair crew cooperation and overall cockpit harmony.\nMETADATA_JSON:\n{\"agent\": \"agent_1\", \"vote\": \"Candidate B\"}"}
2026-05-10 05:31:34,455 - INFO - Agent turns: 2
2026-05-10 05:31:43,318 - INFO - Tokens - Input: 1711, Output: 886, Total: 2597
{"id": 5, "ts": 1778383903.3193233, "event": "public_discussion_message", "round": 1, "agent": "agent_3", "message": "I currently favor **Candidate B**. Their strong stress\u2011handling ability and conscientious nature give high reliability and calmness under the long\u2011duration pressures of intercontinental flights, while their skill in assessing weather conditions and excellent computer abilities provide key technical competence for navigation. The main trade\u2011off is their tendency to be pretentious and sometimes adopt the wrong tone, which could undermine crew cooperation and cockpit harmony.\nMETADATA_JSON:\n{\"agent\": \"agent_3\", \"vote\": \"Candidate B\"}"}
2026-05-10 05:31:43,319 - INFO - Agent turns: 3
2026-05-10 05:31:43,328 - INFO - Loop 1 completed
{"id": 6, "ts": 1778383903.3352106, "event": "discussion_order", "round": 2, "order": ["agent_3", "agent_1", "agent_2"]}
2026-05-10 05:31:48,813 - INFO - Tokens - Input: 1740, Output: 763, Total: 2503
{"id": 7, "ts": 1778383908.8149536, "event": "public_discussion_message", "round": 2, "agent": "agent_3", "message": "I continue to favor **Candidate B**. Their strong stress\u2011handling ability and conscientious nature give high reliability and calmness under the long\u2011duration pressures of intercontinental flights, while their skill in assessing weather conditions and excellent computer abilities provide essential technical competence for navigation. The main trade\u2011off is their tendency to be pretentious and sometimes adopt the wrong tone, which could hinder crew cooperation and cockpit harmony.\nMETADATA_JSON:\n{\"agent\": \"agent_3\", \"vote\": \"Candidate B\"}"}
2026-05-10 05:31:48,815 - INFO - Agent turns: 4
2026-05-10 05:32:01,560 - INFO - Tokens - Input: 1931, Output: 990, Total: 2921
{"id": 8, "ts": 1778383921.561778, "event": "public_discussion_message", "round": 2, "agent": "agent_1", "message": "I now favor **Candidate A**. Their ability to anticipate dangerous situations, excellent spatial vision, and strong leadership qualities give them high technical competence and the capacity to guide the crew effectively on long\u2011distance flights. These traits are crucial for navigation safety and crew coordination. The main trade\u2011off is their tendency to be unorganized and not receptive to criticism, which raises uncertainty about how well they will adapt to feedback and maintain cockpit discipline.\nMETADATA_JSON:\n{\"agent\": \"agent_1\", \"vote\": \"Candidate A\"}"}
2026-05-10 05:32:01,561 - INFO - Agent turns: 5
2026-05-10 05:32:09,022 - INFO - Tokens - Input: 2055, Output: 832, Total: 2887
{"id": 9, "ts": 1778383929.0235581, "event": "public_discussion_message", "round": 2, "agent": "agent_2", "message": "I continue to favor **Candidate A**. Their ability to anticipate dangerous situations, excellent spatial vision, and strong leadership qualities give them high technical competence and the capacity to guide the crew effectively on long\u2011distance flights\u2014key for navigation safety and crew coordination. The main trade\u2011off is their reputation as a show\u2011off and being not open to new ideas, which could undermine teamwork and adaptability in the cockpit.\nMETADATA_JSON:\n{\"agent\": \"agent_2\", \"vote\": \"Candidate A\"}"}
2026-05-10 05:32:09,023 - INFO - Agent turns: 6
2026-05-10 05:32:09,032 - INFO - Loop 2 completed
{"id": 10, "ts": 1778383929.037678, "event": "discussion_order", "round": 3, "order": ["agent_1", "agent_3", "agent_2"]}
2026-05-10 05:32:21,207 - INFO - Tokens - Input: 2079, Output: 845, Total: 2924
{"id": 11, "ts": 1778383941.208581, "event": "public_discussion_message", "round": 3, "agent": "agent_1", "message": "I continue to favor **Candidate A**. Their ability to anticipate dangerous situations, excellent spatial vision, and strong leadership give them high technical competence and the capacity to guide the crew effectively on long\u2011distance flights\u2014critical for navigation safety and crew coordination. The main trade\u2011off is their tendency to be unorganized and not receptive to criticism, which raises uncertainty about how well they will adapt to feedback and maintain cockpit discipline.\nMETADATA_JSON:\n{\"agent\": \"agent_1\", \"vote\": \"Candidate A\"}"}
2026-05-10 05:32:21,208 - INFO - Agent turns: 7
2026-05-10 05:32:28,319 - INFO - Tokens - Input: 2266, Output: 717, Total: 2983
{"id": 12, "ts": 1778383948.3208642, "event": "public_discussion_message", "round": 3, "agent": "agent_3", "message": "I continue to favor **Candidate\u202fB**. Their ability to handle stress well and their conscientious nature give high reliability and calmness under the long\u2011duration pressures of inter\u2011continental flights, while their skill in assessing weather conditions and excellent computer abilities provide essential technical competence for navigation. The main trade\u2011off is their tendency to be pretentious and sometimes adopt the wrong tone, which could undermine crew cooperation and cockpit harmony.\nMETADATA_JSON:\n{\"agent\": \"agent_3\", \"vote\": \"Candidate B\"}"}
2026-05-10 05:32:28,321 - INFO - Agent turns: 8
2026-05-10 05:32:36,174 - INFO - Tokens - Input: 2386, Output: 966, Total: 3352
{"id": 13, "ts": 1778383956.1756353, "event": "public_discussion_message", "round": 3, "agent": "agent_2", "message": "I now favor **Candidate\u202fD**. Their ability to solve problems extremely well and take responsibility seriously gives strong technical competence and reliability, while their excellent concentration and adequate response to unexpected events support calmness under pressure\u2014key for long\u2011distance flights. The main trade\u2011off is their hot temper and reputation as a know\u2011it\u2011all, which could undermine crew cooperation and cockpit harmony.\nMETADATA_JSON:\n{\"agent\": \"agent_2\", \"vote\": \"Candidate D\"}"}
2026-05-10 05:32:36,175 - INFO - Agent turns: 9
2026-05-10 05:32:36,185 - INFO - Loop 3 completed
{"id": 14, "ts": 1778383956.1914823, "event": "discussion_order", "round": 4, "order": ["agent_2", "agent_3", "agent_1"]}
2026-05-10 05:32:44,960 - INFO - Tokens - Input: 2419, Output: 923, Total: 3342
{"id": 15, "ts": 1778383964.9619887, "event": "public_discussion_message", "round": 4, "agent": "agent_2", "message": "I continue to favor **Candidate\u202fD**. Their exceptional problem\u2011solving ability and serious sense of responsibility give strong technical competence and reliability, while their excellent concentration and adequate response to unexpected events support calmness under the long\u2011duration pressures of inter\u2011continental flights. The main trade\u2011off is their hot temper and reputation as a know\u2011it\u2011all, which could undermine crew cooperation and cockpit harmony.\nMETADATA_JSON:\n{\"agent\": \"agent_2\", \"vote\": \"Candidate D\"}"}
2026-05-10 05:32:44,962 - INFO - Agent turns: 10
2026-05-10 05:32:51,284 - INFO - Tokens - Input: 2592, Output: 676, Total: 3268
{"id": 16, "ts": 1778383971.2862031, "event": "public_discussion_message", "round": 4, "agent": "agent_3", "message": "I continue to favor **Candidate\u202fB**. Their strong stress\u2011handling ability and conscientious nature give high reliability and calmness under the long\u2011duration pressures of inter\u2011continental flights, while their skill in assessing weather conditions and excellent computer abilities provide essential technical competence for navigation. The main trade\u2011off is their tendency to be pretentious and sometimes adopt the wrong tone, which could hinder crew cooperation and cockpit harmony.\nMETADATA_JSON:\n{\"agent\": \"agent_3\", \"vote\": \"Candidate B\"}"}
2026-05-10 05:32:51,286 - INFO - Agent turns: 11
2026-05-10 05:33:01,221 - INFO - Tokens - Input: 2709, Output: 1035, Total: 3744
{"id": 17, "ts": 1778383981.223082, "event": "public_discussion_message", "round": 4, "agent": "agent_1", "message": "I continue to favor **Candidate\u202fA**. Their ability to anticipate dangerous situations and excellent spatial vision give strong technical competence for long\u2011distance navigation, and their very good leadership qualities support effective crew coordination. The main trade\u2011off is their tendency to be unorganized and not receptive to criticism, which raises uncertainty about how well they will adapt to feedback and maintain cockpit discipline.\nMETADATA_JSON:\n{\"agent\": \"agent_1\", \"vote\": \"Candidate A\"}"}
2026-05-10 05:33:01,223 - INFO - Agent turns: 12
2026-05-10 05:33:01,232 - INFO - Loop 4 completed
{"id": 18, "ts": 1778383981.2380292, "event": "discussion_order", "round": 5, "order": ["agent_1", "agent_3", "agent_2"]}
2026-05-10 05:33:08,683 - INFO - Tokens - Input: 2740, Output: 931, Total: 3671
{"id": 19, "ts": 1778383988.6849492, "event": "public_discussion_message", "round": 5, "agent": "agent_1", "message": "I continue to favor **Candidate\u202fA**. Their ability to anticipate dangerous situations and excellent spatial vision give strong technical competence for long\u2011distance navigation, and their very good leadership qualities support effective crew coordination. The main trade\u2011off is their tendency to be unorganized and not receptive to criticism, which raises uncertainty about how well they will adapt to feedback and maintain cockpit discipline.\nMETADATA_JSON:\n{\"agent\": \"agent_1\", \"vote\": \"Candidate A\"}"}
2026-05-10 05:33:08,685 - INFO - Agent turns: 13
2026-05-10 05:33:15,230 - INFO - Tokens - Input: 2902, Output: 855, Total: 3757
{"id": 20, "ts": 1778383995.2317994, "event": "public_discussion_message", "round": 5, "agent": "agent_3", "message": "I continue to favor **Candidate\u202fB**. Their strong stress\u2011handling ability and conscientious nature give high reliability and calmness under the long\u2011duration pressures of inter\u2011continental flights, while their skill in assessing weather conditions and excellent computer abilities provide essential technical competence for navigation. The main trade\u2011off is their tendency to be pretentious and sometimes adopt the wrong tone, which could hinder crew cooperation and cockpit harmony.\nMETADATA_JSON:\n{\"agent\": \"agent_3\", \"vote\": \"Candidate B\"}"}
2026-05-10 05:33:15,231 - INFO - Agent turns: 14
2026-05-10 05:33:27,362 - INFO - Tokens - Input: 3029, Output: 1136, Total: 4165
{"id": 21, "ts": 1778384007.363518, "event": "public_discussion_message", "round": 5, "agent": "agent_2", "message": "I currently favor **Candidate\u202fD**. Their exceptional problem\u2011solving ability and serious sense of responsibility give strong technical competence and reliability, while their excellent concentration and adequate response to unexpected events support calmness under the long\u2011duration pressures of inter\u2011continental flights. The main trade\u2011off is their hot temper and reputation as a know\u2011it\u2011all, which could undermine crew cooperation and cockpit harmony.\nMETADATA_JSON:\n{\"agent\": \"agent_2\", \"vote\": \"Candidate D\"}"}
2026-05-10 05:33:27,363 - INFO - Agent turns: 15
2026-05-10 05:33:27,373 - INFO - Loop 5 completed
2026-05-10 05:33:27,373 - INFO - Final Chosen Candidate: None
2026-05-10 05:33:27,373 - INFO - Final Decision Method: max_round_no_majority
2026-05-10 05:33:27,373 - INFO - Final Vote Count: {'Candidate A': 1, 'Candidate D': 1, 'Candidate B': 1}
2026-05-10 05:33:27,374 - INFO - Correct Candidate: Candidate C
2026-05-10 05:33:27,374 - INFO - Decision Correct: 0
{"id": 22, "ts": 1778384007.3754241, "event": "context_consistency_not_applicable", "reason": "explicit_smm_memory_disabled"}
{"id": 23, "ts": 1778384007.3755553, "event": "final_decision", "candidate": null, "method": "max_round_no_majority", "vote_count": {"Candidate A": 1, "Candidate D": 1, "Candidate B": 1}, "correct_candidate": "Candidate C", "decision_correct": 0, "round": 5}
2026-05-10 05:33:27,384 - INFO - ======================================================================
2026-05-10 05:33:27,385 - INFO - SIMULATION METRICS
2026-05-10 05:33:27,385 - INFO - ======================================================================
2026-05-10 05:33:27,385 - INFO - Total Loops: 5
2026-05-10 05:33:27,385 - INFO - Agent Turns (no vote checker): 15
2026-05-10 05:33:27,385 - INFO - Agent Tool Calls: 0
2026-05-10 05:33:27,385 - INFO - Agent Tool Messages: 0
2026-05-10 05:33:27,385 - INFO - Memory Updates: 0
2026-05-10 05:33:27,385 - INFO - Total Messages (no vote checker): 15
2026-05-10 05:33:27,385 - INFO - Input Tokens: 33569
2026-05-10 05:33:27,385 - INFO - Output Tokens: 13374
2026-05-10 05:33:27,385 - INFO - Total Tokens: 46943
2026-05-10 05:33:27,386 - INFO - Final Chosen Candidate: None
2026-05-10 05:33:27,386 - INFO - Final Decision Method: max_round_no_majority
2026-05-10 05:33:27,386 - INFO - Final Vote Count: {'Candidate A': 1, 'Candidate D': 1, 'Candidate B': 1}
2026-05-10 05:33:27,386 - INFO - Correct Candidate: Candidate C
2026-05-10 05:33:27,386 - INFO - Decision Correct: 0
2026-05-10 05:33:27,386 - INFO - Runtime: 130.34s
2026-05-10 05:33:27,386 - INFO - ======================================================================
