2026-05-10 01:45:53,327 - INFO - Metrics tracker initialized
{"id": 1, "ts": 1778370353.354688, "event": "memory_reset"}
{"id": 2, "ts": 1778370353.3586526, "event": "discussion_order", "round": 1, "order": ["agent_1", "agent_2", "agent_3"]}
2026-05-10 01:46:05,643 - INFO - Tokens - Input: 1713, Output: 1103, Total: 2816
{"id": 3, "ts": 1778370365.6453333, "event": "public_discussion_message", "round": 1, "agent": "agent_1", "message": "I tentatively favor **Candidate A** because they can anticipate dangerous situations and have excellent spatial vision\u2014key for safe navigation on long routes\u2014and they possess very good leadership qualities, supporting crew coordination. The main uncertainty is A\u2019s tendency to be unorganized and resistant to criticism, which could hinder teamwork and flight planning.\nMETADATA_JSON:\n{\"agent\": \"agent_1\", \"vote\": \"Candidate A\"}"}
2026-05-10 01:46:05,645 - INFO - Agent turns: 1
2026-05-10 01:46:17,591 - INFO - Tokens - Input: 1292, Output: 1218, Total: 2510
2026-05-10 01:46:17,593 - INFO - Memory updates: 1
{"id": 4, "ts": 1778370377.593655, "event": "memory_updated", "agent": "agent_3", "round": 1}
2026-05-10 01:46:17,730 - INFO - Tokens - Input: 1297, Output: 1210, Total: 2507
2026-05-10 01:46:17,732 - INFO - Memory updates: 2
{"id": 5, "ts": 1778370377.7327454, "event": "memory_updated", "agent": "agent_1", "round": 1}
2026-05-10 01:46:17,769 - INFO - Tokens - Input: 1300, Output: 1393, Total: 2693
2026-05-10 01:46:17,770 - INFO - Memory updates: 3
{"id": 6, "ts": 1778370377.7710726, "event": "memory_updated", "agent": "agent_2", "round": 1}
2026-05-10 01:46:26,335 - INFO - Tokens - Input: 2372, Output: 1011, Total: 3383
{"id": 7, "ts": 1778370386.337016, "event": "public_discussion_message", "round": 1, "agent": "agent_2", "message": "I currently favor **Candidate D** because they demonstrate strong problem\u2011solving ability, high concentration, and a serious sense of responsibility\u2014key for handling the complex, long\u2011haul scenarios pilots face. They also respond adequately to unexpected events, supporting calmness under pressure. The main uncertainty is their hot temper and reputation as a know\u2011it\u2011all, which could undermine crew cooperation in the cockpit.\nMETADATA_JSON:\n{\"agent\": \"agent_2\", \"vote\": \"Candidate D\"}"}
2026-05-10 01:46:26,337 - INFO - Agent turns: 2
2026-05-10 01:46:37,566 - INFO - Tokens - Input: 1995, Output: 1363, Total: 3358
2026-05-10 01:46:37,568 - INFO - Memory updates: 4
{"id": 8, "ts": 1778370397.5684955, "event": "memory_updated", "agent": "agent_2", "round": 1}
2026-05-10 01:46:38,603 - INFO - Tokens - Input: 1884, Output: 1318, Total: 3202
2026-05-10 01:46:38,604 - INFO - Memory updates: 5
{"id": 9, "ts": 1778370398.604861, "event": "memory_updated", "agent": "agent_1", "round": 1}
2026-05-10 01:46:38,938 - INFO - Tokens - Input: 2089, Output: 1379, Total: 3468
2026-05-10 01:46:38,940 - INFO - Memory updates: 6
{"id": 10, "ts": 1778370398.9407053, "event": "memory_updated", "agent": "agent_3", "round": 1}
2026-05-10 01:46:43,226 - INFO - Tokens - Input: 2723, Output: 508, Total: 3231
{"id": 11, "ts": 1778370403.2280102, "event": "public_discussion_message", "round": 1, "agent": "agent_3", "message": "I currently favor **Candidate\u202fB**. Their strong stress\u2011handling ability and conscientious nature support reliability and calmness under pressure, while their skill in assessing weather conditions and excellent computer abilities address the technical competence needed for long\u2011haul flights. The main uncertainty is their pretentious demeanor and occasional wrong tone, which could hinder crew cooperation and the positive cockpit atmosphere.\nMETADATA_JSON:\n{\"agent\": \"agent_3\", \"vote\": \"Candidate B\"}"}
2026-05-10 01:46:43,228 - INFO - Agent turns: 3
2026-05-10 01:46:57,676 - INFO - Tokens - Input: 2087, Output: 1207, Total: 3294
2026-05-10 01:46:57,678 - INFO - Memory updates: 7
{"id": 12, "ts": 1778370417.678781, "event": "memory_updated", "agent": "agent_2", "round": 1}
2026-05-10 01:46:58,886 - INFO - Tokens - Input: 2036, Output: 1313, Total: 3349
2026-05-10 01:46:58,887 - INFO - Memory updates: 8
{"id": 13, "ts": 1778370418.887956, "event": "memory_updated", "agent": "agent_1", "round": 1}
2026-05-10 01:47:00,458 - INFO - Tokens - Input: 2330, Output: 1599, Total: 3929
2026-05-10 01:47:00,460 - INFO - Memory updates: 9
{"id": 14, "ts": 1778370420.460681, "event": "memory_updated", "agent": "agent_3", "round": 1}
2026-05-10 01:47:00,469 - INFO - Loop 1 completed
{"id": 15, "ts": 1778370420.474868, "event": "discussion_order", "round": 2, "order": ["agent_1", "agent_2", "agent_3"]}
2026-05-10 01:47:02,246 - INFO - Tokens - Input: 2664, Output: 211, Total: 2875
{"id": 16, "ts": 1778370422.2478068, "event": "public_discussion_message", "round": 2, "agent": "agent_1", "message": "I continue to favor **Candidate\u202fA**. Their ability to anticipate dangerous situations and their excellent spatial vision are critical for safe navigation on long\u2011haul flights, and their very good leadership qualities support effective crew coordination. The main uncertainty is A\u2019s occasional resistance to criticism and tendency to be unorganized, which could affect flight\u2011plan rigor and teamwork under pressure.\nMETADATA_JSON:\n{\"agent\": \"agent_1\", \"vote\": \"Candidate A\"}"}
2026-05-10 01:47:02,247 - INFO - Agent turns: 4
2026-05-10 01:47:09,701 - INFO - Tokens - Input: 2186, Output: 862, Total: 3048
2026-05-10 01:47:09,703 - INFO - Memory updates: 10
{"id": 17, "ts": 1778370429.7035584, "event": "memory_updated", "agent": "agent_2", "round": 2}
2026-05-10 01:47:10,699 - INFO - Tokens - Input: 2246, Output: 1014, Total: 3260
2026-05-10 01:47:10,700 - INFO - Memory updates: 11
{"id": 18, "ts": 1778370430.7010112, "event": "memory_updated", "agent": "agent_1", "round": 2}
2026-05-10 01:47:16,904 - INFO - Tokens - Input: 2492, Output: 1688, Total: 4180
2026-05-10 01:47:16,906 - INFO - Memory updates: 12
{"id": 19, "ts": 1778370436.9069147, "event": "memory_updated", "agent": "agent_3", "round": 2}
2026-05-10 01:47:22,804 - INFO - Tokens - Input: 2455, Output: 590, Total: 3045
{"id": 20, "ts": 1778370442.8065505, "event": "public_discussion_message", "round": 2, "agent": "agent_2", "message": "I now favor **Candidate\u202fA**. Their ability to anticipate dangerous situations and excellent spatial vision are crucial for safe navigation on long\u2011haul routes, and their very good leadership qualities support effective crew coordination. The main uncertainty is A\u2019s reputation as a show\u2011off and being not open to new ideas, which could hinder cooperation and adaptability in the cockpit.\nMETADATA_JSON:\n{\"agent\": \"agent_2\", \"vote\": \"Candidate A\"}"}
2026-05-10 01:47:22,806 - INFO - Agent turns: 5
2026-05-10 01:47:33,159 - INFO - Tokens - Input: 2220, Output: 1074, Total: 3294
2026-05-10 01:47:33,161 - INFO - Memory updates: 13
{"id": 21, "ts": 1778370453.1614838, "event": "memory_updated", "agent": "agent_1", "round": 2}
2026-05-10 01:47:33,461 - INFO - Tokens - Input: 2060, Output: 998, Total: 3058
2026-05-10 01:47:33,463 - INFO - Memory updates: 14
{"id": 22, "ts": 1778370453.4634855, "event": "memory_updated", "agent": "agent_2", "round": 2}
2026-05-10 01:47:35,698 - INFO - Tokens - Input: 2496, Output: 1645, Total: 4141
2026-05-10 01:47:35,700 - INFO - Memory updates: 15
{"id": 23, "ts": 1778370455.701127, "event": "memory_updated", "agent": "agent_3", "round": 2}
2026-05-10 01:47:41,780 - INFO - Tokens - Input: 3020, Output: 550, Total: 3570
{"id": 24, "ts": 1778370461.7823975, "event": "public_discussion_message", "round": 2, "agent": "agent_3", "message": "I continue to favor **Candidate\u202fB**. Their ability to handle stress and their conscientious nature give them high reliability on long\u2011haul flights, while strong weather\u2011assessment and computer skills address the technical demands of the role. The main trade\u2011off is their pretentious demeanor and occasional wrong tone, which could affect crew atmosphere, but these interpersonal issues seem less severe than the multiple cooperation drawbacks noted for the other candidates.\nMETADATA_JSON:\n{\"agent\": \"agent_3\", \"vote\": \"Candidate B\"}"}
2026-05-10 01:47:41,782 - INFO - Agent turns: 6
2026-05-10 01:47:54,596 - INFO - Tokens - Input: 2331, Output: 983, Total: 3314
2026-05-10 01:47:54,597 - INFO - Memory updates: 16
{"id": 25, "ts": 1778370474.5980773, "event": "memory_updated", "agent": "agent_1", "round": 2}
2026-05-10 01:47:55,337 - INFO - Tokens - Input: 2173, Output: 1113, Total: 3286
2026-05-10 01:47:55,338 - INFO - Memory updates: 17
{"id": 26, "ts": 1778370475.3389604, "event": "memory_updated", "agent": "agent_2", "round": 2}
2026-05-10 01:47:56,810 - INFO - Tokens - Input: 2651, Output: 1187, Total: 3838
2026-05-10 01:47:56,812 - INFO - Memory updates: 18
{"id": 27, "ts": 1778370476.812142, "event": "memory_updated", "agent": "agent_3", "round": 2}
2026-05-10 01:47:56,820 - INFO - Loop 2 completed
{"id": 28, "ts": 1778370476.826132, "event": "discussion_order", "round": 3, "order": ["agent_1", "agent_3", "agent_2"]}
2026-05-10 01:47:59,095 - INFO - Tokens - Input: 2767, Output: 189, Total: 2956
{"id": 29, "ts": 1778370479.096928, "event": "public_discussion_message", "round": 3, "agent": "agent_1", "message": "I continue to favor **Candidate\u202fA**. Their ability to anticipate dangerous situations and their excellent spatial vision are critical for safe navigation on long\u2011haul routes, and their very good leadership qualities support effective crew coordination. The main uncertainty is A\u2019s tendency to be unorganized and resistant to criticism, which could hinder teamwork and flight\u2011plan rigor.\nMETADATA_JSON:\n{\"agent\": \"agent_1\", \"vote\": \"Candidate A\"}"}
2026-05-10 01:47:59,097 - INFO - Agent turns: 7
2026-05-10 01:48:07,286 - INFO - Tokens - Input: 2350, Output: 853, Total: 3203
2026-05-10 01:48:07,287 - INFO - Memory updates: 19
{"id": 30, "ts": 1778370487.2879968, "event": "memory_updated", "agent": "agent_1", "round": 3}
2026-05-10 01:48:08,960 - INFO - Tokens - Input: 2257, Output: 1046, Total: 3303
2026-05-10 01:48:08,962 - INFO - Memory updates: 20
{"id": 31, "ts": 1778370488.962527, "event": "memory_updated", "agent": "agent_2", "round": 3}
2026-05-10 01:48:09,910 - INFO - Tokens - Input: 2407, Output: 1271, Total: 3678
2026-05-10 01:48:09,912 - INFO - Memory updates: 21
{"id": 32, "ts": 1778370489.912878, "event": "memory_updated", "agent": "agent_3", "round": 3}
2026-05-10 01:48:16,033 - INFO - Tokens - Input: 2933, Output: 183, Total: 3116
{"id": 33, "ts": 1778370496.0355463, "event": "public_discussion_message", "round": 3, "agent": "agent_3", "message": "I continue to favor **Candidate\u202fB**. Their strong stress\u2011handling ability and high conscientiousness give them reliable performance and calmness under the long\u2011haul pressures, while their skill in assessing weather conditions and excellent computer abilities address the technical demands of long\u2011distance navigation. The main trade\u2011off is their pretentious demeanor and occasional inappropriate tone, which could affect crew cohesion, but these interpersonal issues appear less severe than the multiple cooperation drawbacks noted for the other candidates.\nMETADATA_JSON:\n{\"agent\": \"agent_3\", \"vote\": \"Candidate B\"}"}
2026-05-10 01:48:16,035 - INFO - Agent turns: 8
2026-05-10 01:48:23,991 - INFO - Tokens - Input: 2265, Output: 949, Total: 3214
2026-05-10 01:48:23,993 - INFO - Memory updates: 22
{"id": 34, "ts": 1778370503.9935193, "event": "memory_updated", "agent": "agent_2", "round": 3}
2026-05-10 01:48:24,296 - INFO - Tokens - Input: 2584, Output: 913, Total: 3497
2026-05-10 01:48:24,298 - INFO - Memory updates: 23
{"id": 35, "ts": 1778370504.298383, "event": "memory_updated", "agent": "agent_3", "round": 3}
2026-05-10 01:48:34,295 - INFO - Tokens - Input: 2487, Output: 1161, Total: 3648
2026-05-10 01:48:34,297 - INFO - Memory updates: 24
{"id": 36, "ts": 1778370514.2973552, "event": "memory_updated", "agent": "agent_1", "round": 3}
2026-05-10 01:48:37,660 - INFO - Tokens - Input: 2739, Output: 213, Total: 2952
{"id": 37, "ts": 1778370517.66208, "event": "public_discussion_message", "round": 3, "agent": "agent_2", "message": "I continue to favor **Candidate\u202fA**. Their ability to anticipate dangerous situations and their excellent spatial vision are vital for safe navigation on long\u2011haul routes, and their very good leadership supports effective crew coordination. The main trade\u2011off is their reputation as a show\u2011off and resistance to new ideas, which could hinder teamwork and adaptability in the cockpit.\nMETADATA_JSON:\n{\"agent\": \"agent_2\", \"vote\": \"Candidate A\"}"}
2026-05-10 01:48:37,662 - INFO - Agent turns: 9
2026-05-10 01:48:44,707 - INFO - Tokens - Input: 2344, Output: 795, Total: 3139
2026-05-10 01:48:44,708 - INFO - Memory updates: 25
{"id": 38, "ts": 1778370524.7089815, "event": "memory_updated", "agent": "agent_2", "round": 3}
2026-05-10 01:48:44,778 - INFO - Tokens - Input: 2529, Output: 893, Total: 3422
2026-05-10 01:48:44,779 - INFO - Memory updates: 26
{"id": 39, "ts": 1778370524.779787, "event": "memory_updated", "agent": "agent_1", "round": 3}
2026-05-10 01:48:49,080 - INFO - Tokens - Input: 2602, Output: 1288, Total: 3890
2026-05-10 01:48:49,081 - INFO - Memory updates: 27
{"id": 40, "ts": 1778370529.081926, "event": "memory_updated", "agent": "agent_3", "round": 3}
2026-05-10 01:48:49,089 - INFO - Loop 3 completed
{"id": 41, "ts": 1778370529.0951073, "event": "discussion_order", "round": 4, "order": ["agent_3", "agent_2", "agent_1"]}
2026-05-10 01:48:50,722 - INFO - Tokens - Input: 3121, Output: 188, Total: 3309
{"id": 42, "ts": 1778370530.7238414, "event": "public_discussion_message", "round": 4, "agent": "agent_3", "message": "I continue to favor **Candidate\u202fB**. Their strong ability to handle stress and high conscientiousness give them reliable, calm performance on long\u2011haul flights, while their skill in assessing weather conditions and excellent computer abilities meet the technical demands of long\u2011distance navigation. The main trade\u2011off is their pretentious demeanor and occasional inappropriate tone, which could hinder crew cohesion and the positive cockpit atmosphere.\nMETADATA_JSON:\n{\"agent\": \"agent_3\", \"vote\": \"Candidate B\"}"}
2026-05-10 01:48:50,724 - INFO - Agent turns: 10
2026-05-10 01:48:59,630 - INFO - Tokens - Input: 2724, Output: 962, Total: 3686
2026-05-10 01:48:59,632 - INFO - Memory updates: 28
{"id": 43, "ts": 1778370539.6324677, "event": "memory_updated", "agent": "agent_3", "round": 4}
2026-05-10 01:48:59,697 - INFO - Tokens - Input: 2586, Output: 1140, Total: 3726
2026-05-10 01:48:59,699 - INFO - Memory updates: 29
{"id": 44, "ts": 1778370539.6991541, "event": "memory_updated", "agent": "agent_1", "round": 4}
2026-05-10 01:48:59,866 - INFO - Tokens - Input: 2572, Output: 825, Total: 3397
2026-05-10 01:48:59,868 - INFO - Memory updates: 30
{"id": 45, "ts": 1778370539.8682897, "event": "memory_updated", "agent": "agent_2", "round": 4}
2026-05-10 01:49:01,914 - INFO - Tokens - Input: 3023, Output: 202, Total: 3225
{"id": 46, "ts": 1778370541.9158154, "event": "public_discussion_message", "round": 4, "agent": "agent_2", "message": "I continue to favor **Candidate\u202fA**. Their ability to anticipate dangerous situations and their excellent spatial vision are crucial for safe navigation on long\u2011haul routes, and their very good leadership supports effective crew coordination. The main trade\u2011off is their reputation as a show\u2011off and resistance to new ideas, which could undermine teamwork and adaptability in the cockpit.\nMETADATA_JSON:\n{\"agent\": \"agent_2\", \"vote\": \"Candidate A\"}"}
2026-05-10 01:49:01,915 - INFO - Agent turns: 11
2026-05-10 01:49:14,092 - INFO - Tokens - Input: 2628, Output: 916, Total: 3544
2026-05-10 01:49:14,094 - INFO - Memory updates: 31
{"id": 47, "ts": 1778370554.0946047, "event": "memory_updated", "agent": "agent_2", "round": 4}
2026-05-10 01:49:16,337 - INFO - Tokens - Input: 2835, Output: 1102, Total: 3937
2026-05-10 01:49:16,339 - INFO - Memory updates: 32
{"id": 48, "ts": 1778370556.3395011, "event": "memory_updated", "agent": "agent_3", "round": 4}
2026-05-10 01:49:19,328 - INFO - Tokens - Input: 2882, Output: 1441, Total: 4323
2026-05-10 01:49:19,330 - INFO - Memory updates: 33
{"id": 49, "ts": 1778370559.3309956, "event": "memory_updated", "agent": "agent_1", "round": 4}
2026-05-10 01:49:22,126 - INFO - Tokens - Input: 3399, Output: 180, Total: 3579
{"id": 50, "ts": 1778370562.128375, "event": "public_discussion_message", "round": 4, "agent": "agent_1", "message": "I continue to favor **Candidate\u202fA**. Their ability to anticipate dangerous situations and their excellent spatial vision are crucial for safe navigation on long\u2011haul routes, and their very good leadership supports effective crew coordination. The main trade\u2011off is A\u2019s tendency to be unorganized and resistant to criticism, which could hinder teamwork and flight\u2011plan rigor.\nMETADATA_JSON:\n{\"agent\": \"agent_1\", \"vote\": \"Candidate A\"}"}
2026-05-10 01:49:22,128 - INFO - Agent turns: 12
2026-05-10 01:49:29,735 - INFO - Tokens - Input: 2725, Output: 902, Total: 3627
2026-05-10 01:49:29,737 - INFO - Memory updates: 34
{"id": 51, "ts": 1778370569.7379103, "event": "memory_updated", "agent": "agent_2", "round": 4}
2026-05-10 01:49:30,849 - INFO - Tokens - Input: 2941, Output: 1118, Total: 4059
2026-05-10 01:49:30,851 - INFO - Memory updates: 35
{"id": 52, "ts": 1778370570.8519883, "event": "memory_updated", "agent": "agent_3", "round": 4}
2026-05-10 01:49:31,161 - INFO - Tokens - Input: 3002, Output: 1021, Total: 4023
2026-05-10 01:49:31,163 - INFO - Memory updates: 36
{"id": 53, "ts": 1778370571.1636758, "event": "memory_updated", "agent": "agent_1", "round": 4}
2026-05-10 01:49:31,173 - INFO - Loop 4 completed
{"id": 54, "ts": 1778370571.1807737, "event": "discussion_order", "round": 5, "order": ["agent_1", "agent_3", "agent_2"]}
2026-05-10 01:49:38,329 - INFO - Tokens - Input: 3420, Output: 147, Total: 3567
{"id": 55, "ts": 1778370578.3312645, "event": "public_discussion_message", "round": 5, "agent": "agent_1", "message": "I continue to favor **Candidate\u202fA**. Their ability to anticipate dangerous situations and their excellent spatial vision are critical for safe navigation on long\u2011haul routes, and their very good leadership supports effective crew coordination. The main trade\u2011off is A\u2019s tendency to be unorganized and resistant to criticism, which could hinder teamwork and flight\u2011plan rigor.\nMETADATA_JSON:\n{\"agent\": \"agent_1\", \"vote\": \"Candidate A\"}"}
2026-05-10 01:49:38,331 - INFO - Agent turns: 13
2026-05-10 01:49:46,586 - INFO - Tokens - Input: 2851, Output: 922, Total: 3773
2026-05-10 01:49:46,588 - INFO - Memory updates: 37
{"id": 56, "ts": 1778370586.5884345, "event": "memory_updated", "agent": "agent_2", "round": 5}
2026-05-10 01:49:48,079 - INFO - Tokens - Input: 3005, Output: 1219, Total: 4224
2026-05-10 01:49:48,081 - INFO - Memory updates: 38
{"id": 57, "ts": 1778370588.0811656, "event": "memory_updated", "agent": "agent_1", "round": 5}
2026-05-10 01:49:55,343 - INFO - Tokens - Input: 3027, Output: 1069, Total: 4096
2026-05-10 01:49:55,345 - INFO - Memory updates: 39
{"id": 58, "ts": 1778370595.3451781, "event": "memory_updated", "agent": "agent_3", "round": 5}
2026-05-10 01:49:58,755 - INFO - Tokens - Input: 3525, Output: 187, Total: 3712
{"id": 59, "ts": 1778370598.7564487, "event": "public_discussion_message", "round": 5, "agent": "agent_3", "message": "I continue to favor **Candidate\u202fB**. Their strong stress\u2011handling ability and high conscientiousness give them reliable, calm performance on long\u2011haul flights, while their skill in assessing weather conditions and excellent computer abilities meet the technical demands of long\u2011distance navigation. The main trade\u2011off is their pretentious demeanor and occasional inappropriate tone, which could hinder crew cohesion and the positive cockpit atmosphere.\nMETADATA_JSON:\n{\"agent\": \"agent_3\", \"vote\": \"Candidate B\"}"}
2026-05-10 01:49:58,756 - INFO - Agent turns: 14
2026-05-10 01:50:06,634 - INFO - Tokens - Input: 3146, Output: 935, Total: 4081
2026-05-10 01:50:06,636 - INFO - Memory updates: 40
{"id": 60, "ts": 1778370606.6365514, "event": "memory_updated", "agent": "agent_3", "round": 5}
2026-05-10 01:50:06,710 - INFO - Tokens - Input: 3095, Output: 961, Total: 4056
2026-05-10 01:50:06,712 - INFO - Memory updates: 41
{"id": 61, "ts": 1778370606.712182, "event": "memory_updated", "agent": "agent_2", "round": 5}
2026-05-10 01:50:08,977 - INFO - Tokens - Input: 3125, Output: 1134, Total: 4259
2026-05-10 01:50:08,979 - INFO - Memory updates: 42
{"id": 62, "ts": 1778370608.9794757, "event": "memory_updated", "agent": "agent_1", "round": 5}
2026-05-10 01:50:16,982 - INFO - Tokens - Input: 3575, Output: 311, Total: 3886
{"id": 63, "ts": 1778370616.9842412, "event": "public_discussion_message", "round": 5, "agent": "agent_2", "message": "I currently favor **Candidate\u202fA** because they can anticipate dangerous situations and have excellent spatial vision\u2014both essential for safe navigation on long\u2011haul routes\u2014and they demonstrate very good leadership, supporting effective crew coordination. The main trade\u2011off is their reputation as a show\u2011off and resistance to new ideas, which could undermine teamwork and adaptability in the cockpit.\nMETADATA_JSON:\n{\"agent\": \"agent_2\", \"vote\": \"Candidate A\"}"}
2026-05-10 01:50:16,984 - INFO - Agent turns: 15
2026-05-10 01:50:26,507 - INFO - Tokens - Input: 3180, Output: 996, Total: 4176
2026-05-10 01:50:26,509 - INFO - Memory updates: 43
{"id": 64, "ts": 1778370626.5099204, "event": "memory_updated", "agent": "agent_2", "round": 5}
2026-05-10 01:50:26,823 - INFO - Tokens - Input: 3186, Output: 1149, Total: 4335
2026-05-10 01:50:26,824 - INFO - Memory updates: 44
{"id": 65, "ts": 1778370626.8250122, "event": "memory_updated", "agent": "agent_3", "round": 5}
2026-05-10 01:50:27,631 - INFO - Tokens - Input: 3286, Output: 1210, Total: 4496
2026-05-10 01:50:27,632 - INFO - Memory updates: 45
{"id": 66, "ts": 1778370627.6328487, "event": "memory_updated", "agent": "agent_1", "round": 5}
2026-05-10 01:50:27,640 - INFO - Loop 5 completed
2026-05-10 01:50:27,641 - INFO - Final Chosen Candidate: Candidate A
2026-05-10 01:50:27,641 - INFO - Final Decision Method: max_round_majority_vote
2026-05-10 01:50:27,641 - INFO - Final Vote Count: {'Candidate A': 2, 'Candidate B': 1}
2026-05-10 01:50:27,641 - INFO - Correct Candidate: Candidate C
2026-05-10 01:50:27,641 - INFO - Decision Correct: 0
{"id": 67, "ts": 1778370627.9801252, "event": "context_consistency_calculated", "method": "embedding_cosine", "mean_pairwise_similarity": 0.83059, "pairwise": [{"agent_a": "agent_1", "agent_b": "agent_2", "similarity": 0.782322}, {"agent_a": "agent_1", "agent_b": "agent_3", "similarity": 0.861574}, {"agent_a": "agent_2", "agent_b": "agent_3", "similarity": 0.847874}]}
{"id": 68, "ts": 1778370627.9802792, "event": "gold_standard_alignment_calculated", "method": "rule_based_binary_checks", "mean_alignment": 0.25, "by_agent": [{"agent": "agent_1", "score": 0.25, "checks": {"favorite_is_c": 0, "c_reliability": 0, "c_calmness": 0, "c_attention": 0, "c_crew_fit": 0, "a_risks": 1, "b_risks": 1, "d_risks": 0}}, {"agent": "agent_2", "score": 0.25, "checks": {"favorite_is_c": 0, "c_reliability": 0, "c_calmness": 0, "c_attention": 0, "c_crew_fit": 0, "a_risks": 1, "b_risks": 1, "d_risks": 0}}, {"agent": "agent_3", "score": 0.25, "checks": {"favorite_is_c": 0, "c_reliability": 0, "c_calmness": 0, "c_attention": 0, "c_crew_fit": 0, "a_risks": 1, "b_risks": 1, "d_risks": 0}}]}
{"id": 69, "ts": 1778370627.9803762, "event": "agent_memories_archived", "directory": "/home/lhegemann/git/bachelor_thesis/01_data/raw/simulations/moderate/moderate_treatment_20260509_224515_015/shared_mental_models", "round": 5}
{"id": 70, "ts": 1778370627.9804385, "event": "final_decision", "candidate": "Candidate A", "method": "max_round_majority_vote", "vote_count": {"Candidate A": 2, "Candidate B": 1}, "correct_candidate": "Candidate C", "decision_correct": 0, "round": 5}
2026-05-10 01:50:27,990 - INFO - ======================================================================
2026-05-10 01:50:27,990 - INFO - SIMULATION METRICS
2026-05-10 01:50:27,990 - INFO - ======================================================================
2026-05-10 01:50:27,990 - INFO - Total Loops: 5
2026-05-10 01:50:27,990 - INFO - Agent Turns (no vote checker): 15
2026-05-10 01:50:27,990 - INFO - Agent Tool Calls: 0
2026-05-10 01:50:27,990 - INFO - Agent Tool Messages: 0
2026-05-10 01:50:27,991 - INFO - Memory Updates: 45
2026-05-10 01:50:27,991 - INFO - Total Messages (no vote checker): 15
2026-05-10 01:50:27,991 - INFO - Input Tokens: 155235
2026-05-10 01:50:27,991 - INFO - Output Tokens: 56528
2026-05-10 01:50:27,991 - INFO - Total Tokens: 211763
2026-05-10 01:50:27,991 - INFO - Final Chosen Candidate: Candidate A
2026-05-10 01:50:27,991 - INFO - Final Decision Method: max_round_majority_vote
2026-05-10 01:50:27,991 - INFO - Final Vote Count: {'Candidate A': 2, 'Candidate B': 1}
2026-05-10 01:50:27,991 - INFO - Correct Candidate: Candidate C
2026-05-10 01:50:27,991 - INFO - Decision Correct: 0
2026-05-10 01:50:27,991 - INFO - Runtime: 274.66s
2026-05-10 01:50:27,991 - INFO - ======================================================================
