2026-05-08 08:57:03,346 - INFO - Metrics tracker initialized
{"id": 1, "ts": 1778223423.3753393, "event": "memory_reset"}
{"id": 2, "ts": 1778223423.3797204, "event": "discussion_order", "round": 1, "order": ["agent_1", "agent_2", "agent_3"]}
2026-05-08 08:57:07,735 - INFO - Tokens - Input: 1686, Output: 495, Total: 2181
{"id": 3, "ts": 1778223427.736463, "event": "public_discussion_message", "round": 1, "agent": "agent_1", "message": "Candidate C; known to be 100% reliable.\nMETADATA_JSON:\n{\"agent\": \"agent_1\", \"vote\": \"Candidate C\"}"}
2026-05-08 08:57:07,736 - INFO - Agent turns: 1
2026-05-08 08:57:12,085 - INFO - Tokens - Input: 1196, Output: 904, Total: 2100
2026-05-08 08:57:12,087 - INFO - Memory updates: 1
{"id": 4, "ts": 1778223432.0876255, "event": "memory_updated", "agent": "agent_2", "round": 1}
2026-05-08 08:57:15,242 - INFO - Tokens - Input: 1188, Output: 1308, Total: 2496
2026-05-08 08:57:15,243 - INFO - Memory updates: 2
{"id": 5, "ts": 1778223435.2440403, "event": "memory_updated", "agent": "agent_3", "round": 1}
2026-05-08 08:57:16,774 - INFO - Tokens - Input: 1193, Output: 1294, Total: 2487
2026-05-08 08:57:16,776 - INFO - Memory updates: 3
{"id": 6, "ts": 1778223436.7762742, "event": "memory_updated", "agent": "agent_1", "round": 1}
2026-05-08 08:57:22,143 - INFO - Tokens - Input: 2117, Output: 551, Total: 2668
{"id": 7, "ts": 1778223442.1443334, "event": "public_discussion_message", "round": 1, "agent": "agent_2", "message": "Candidate A \u2013 excellent spatial vision.\nMETADATA_JSON:\n{\"agent\": \"agent_2\", \"vote\": \"Candidate A\"}"}
2026-05-08 08:57:22,144 - INFO - Agent turns: 2
2026-05-08 08:57:27,509 - INFO - Tokens - Input: 1621, Output: 979, Total: 2600
2026-05-08 08:57:27,511 - INFO - Memory updates: 4
{"id": 8, "ts": 1778223447.5111654, "event": "memory_updated", "agent": "agent_2", "round": 1}
2026-05-08 08:57:27,924 - INFO - Tokens - Input: 1555, Output: 799, Total: 2354
2026-05-08 08:57:27,925 - INFO - Memory updates: 5
{"id": 9, "ts": 1778223447.9255717, "event": "memory_updated", "agent": "agent_1", "round": 1}
2026-05-08 08:57:29,514 - INFO - Tokens - Input: 1713, Output: 1154, Total: 2867
2026-05-08 08:57:29,515 - INFO - Memory updates: 6
{"id": 10, "ts": 1778223449.5158017, "event": "memory_updated", "agent": "agent_3", "round": 1}
2026-05-08 08:57:33,936 - INFO - Tokens - Input: 2243, Output: 425, Total: 2668
{"id": 11, "ts": 1778223453.9379325, "event": "public_discussion_message", "round": 1, "agent": "agent_3", "message": "Candidate B \u2013 handles stress very well.\nMETADATA_JSON:\n{\"agent\": \"agent_3\", \"vote\": \"Candidate B\"}"}
2026-05-08 08:57:33,938 - INFO - Agent turns: 3
2026-05-08 08:57:38,971 - INFO - Tokens - Input: 1596, Output: 956, Total: 2552
2026-05-08 08:57:38,972 - INFO - Memory updates: 7
{"id": 12, "ts": 1778223458.9731216, "event": "memory_updated", "agent": "agent_1", "round": 1}
2026-05-08 08:57:39,178 - INFO - Tokens - Input: 1749, Output: 1064, Total: 2813
2026-05-08 08:57:39,179 - INFO - Memory updates: 8
{"id": 13, "ts": 1778223459.1799562, "event": "memory_updated", "agent": "agent_3", "round": 1}
2026-05-08 08:57:39,518 - INFO - Tokens - Input: 1610, Output: 863, Total: 2473
2026-05-08 08:57:39,520 - INFO - Memory updates: 9
{"id": 14, "ts": 1778223459.5202982, "event": "memory_updated", "agent": "agent_2", "round": 1}
2026-05-08 08:57:39,527 - INFO - Loop 1 completed
{"id": 15, "ts": 1778223459.53488, "event": "discussion_order", "round": 2, "order": ["agent_3", "agent_1", "agent_2"]}
2026-05-08 08:57:41,024 - INFO - Tokens - Input: 2348, Output: 167, Total: 2515
{"id": 16, "ts": 1778223461.0261428, "event": "public_discussion_message", "round": 2, "agent": "agent_3", "message": "Candidate B \u2013 handles stress very well.\nMETADATA_JSON:\n{\"agent\": \"agent_3\", \"vote\": \"Candidate B\"}"}
2026-05-08 08:57:41,026 - INFO - Agent turns: 4
2026-05-08 08:57:47,139 - INFO - Tokens - Input: 1634, Output: 1011, Total: 2645
2026-05-08 08:57:47,140 - INFO - Memory updates: 10
{"id": 17, "ts": 1778223467.1409347, "event": "memory_updated", "agent": "agent_2", "round": 2}
2026-05-08 08:57:47,656 - INFO - Tokens - Input: 1829, Output: 991, Total: 2820
2026-05-08 08:57:47,658 - INFO - Memory updates: 11
{"id": 18, "ts": 1778223467.6590996, "event": "memory_updated", "agent": "agent_3", "round": 2}
2026-05-08 08:57:48,713 - INFO - Tokens - Input: 1647, Output: 1043, Total: 2690
2026-05-08 08:57:48,715 - INFO - Memory updates: 12
{"id": 19, "ts": 1778223468.7156525, "event": "memory_updated", "agent": "agent_1", "round": 2}
2026-05-08 08:57:49,605 - INFO - Tokens - Input: 2177, Output: 117, Total: 2294
{"id": 20, "ts": 1778223469.606825, "event": "public_discussion_message", "round": 2, "agent": "agent_1", "message": "Candidate C \u2013 100% reliable.\nMETADATA_JSON:\n{\"agent\": \"agent_1\", \"vote\": \"Candidate C\"}"}
2026-05-08 08:57:49,606 - INFO - Agent turns: 5
2026-05-08 08:57:53,621 - INFO - Tokens - Input: 1683, Output: 772, Total: 2455
2026-05-08 08:57:53,623 - INFO - Memory updates: 13
{"id": 21, "ts": 1778223473.623412, "event": "memory_updated", "agent": "agent_1", "round": 2}
2026-05-08 08:57:53,803 - INFO - Tokens - Input: 1864, Output: 1090, Total: 2954
2026-05-08 08:57:53,805 - INFO - Memory updates: 14
{"id": 22, "ts": 1778223473.8054488, "event": "memory_updated", "agent": "agent_3", "round": 2}
2026-05-08 08:57:55,154 - INFO - Tokens - Input: 1675, Output: 896, Total: 2571
2026-05-08 08:57:55,156 - INFO - Memory updates: 15
{"id": 23, "ts": 1778223475.1561666, "event": "memory_updated", "agent": "agent_2", "round": 2}
2026-05-08 08:57:55,929 - INFO - Tokens - Input: 2212, Output: 142, Total: 2354
{"id": 24, "ts": 1778223475.9311147, "event": "public_discussion_message", "round": 2, "agent": "agent_2", "message": "Candidate A \u2013 excellent spatial vision.\nMETADATA_JSON:\n{\"agent\": \"agent_2\", \"vote\": \"Candidate A\"}"}
2026-05-08 08:57:55,931 - INFO - Agent turns: 6
2026-05-08 08:58:00,983 - INFO - Tokens - Input: 1707, Output: 812, Total: 2519
2026-05-08 08:58:00,984 - INFO - Memory updates: 16
{"id": 25, "ts": 1778223480.984857, "event": "memory_updated", "agent": "agent_1", "round": 2}
2026-05-08 08:58:02,785 - INFO - Tokens - Input: 1811, Output: 1137, Total: 2948
2026-05-08 08:58:02,787 - INFO - Memory updates: 17
{"id": 26, "ts": 1778223482.7873638, "event": "memory_updated", "agent": "agent_3", "round": 2}
2026-05-08 08:58:09,739 - INFO - Tokens - Input: 1716, Output: 982, Total: 2698
2026-05-08 08:58:09,740 - INFO - Memory updates: 18
{"id": 27, "ts": 1778223489.740818, "event": "memory_updated", "agent": "agent_2", "round": 2}
2026-05-08 08:58:09,748 - INFO - Loop 2 completed
{"id": 28, "ts": 1778223489.7551193, "event": "discussion_order", "round": 3, "order": ["agent_1", "agent_2", "agent_3"]}
2026-05-08 08:58:10,629 - INFO - Tokens - Input: 2227, Output: 106, Total: 2333
{"id": 29, "ts": 1778223490.6310728, "event": "public_discussion_message", "round": 3, "agent": "agent_1", "message": "Candidate C \u2013 100% reliable.\nMETADATA_JSON:\n{\"agent\": \"agent_1\", \"vote\": \"Candidate C\"}"}
2026-05-08 08:58:10,631 - INFO - Agent turns: 7
2026-05-08 08:58:14,425 - INFO - Tokens - Input: 1708, Output: 812, Total: 2520
2026-05-08 08:58:14,426 - INFO - Memory updates: 19
{"id": 30, "ts": 1778223494.426683, "event": "memory_updated", "agent": "agent_1", "round": 3}
2026-05-08 08:58:16,650 - INFO - Tokens - Input: 1848, Output: 971, Total: 2819
2026-05-08 08:58:16,652 - INFO - Memory updates: 20
{"id": 31, "ts": 1778223496.6525488, "event": "memory_updated", "agent": "agent_2", "round": 3}
2026-05-08 08:58:17,808 - INFO - Tokens - Input: 1846, Output: 1055, Total: 2901
2026-05-08 08:58:17,810 - INFO - Memory updates: 21
{"id": 32, "ts": 1778223497.8105514, "event": "memory_updated", "agent": "agent_3", "round": 3}
2026-05-08 08:58:19,156 - INFO - Tokens - Input: 2199, Output: 141, Total: 2340
{"id": 33, "ts": 1778223499.1572661, "event": "public_discussion_message", "round": 3, "agent": "agent_2", "message": "Candidate A \u2013 excellent spatial vision.\nMETADATA_JSON:\n{\"agent\": \"agent_2\", \"vote\": \"Candidate A\"}"}
2026-05-08 08:58:19,157 - INFO - Agent turns: 8
2026-05-08 08:58:24,247 - INFO - Tokens - Input: 1747, Output: 901, Total: 2648
2026-05-08 08:58:24,248 - INFO - Memory updates: 22
{"id": 34, "ts": 1778223504.2489228, "event": "memory_updated", "agent": "agent_1", "round": 3}
2026-05-08 08:58:24,845 - INFO - Tokens - Input: 1703, Output: 916, Total: 2619
2026-05-08 08:58:24,846 - INFO - Memory updates: 23
{"id": 35, "ts": 1778223504.8465736, "event": "memory_updated", "agent": "agent_2", "round": 3}
2026-05-08 08:58:25,767 - INFO - Tokens - Input: 1881, Output: 1068, Total: 2949
2026-05-08 08:58:25,768 - INFO - Memory updates: 24
{"id": 36, "ts": 1778223505.7689679, "event": "memory_updated", "agent": "agent_3", "round": 3}
2026-05-08 08:58:26,771 - INFO - Tokens - Input: 2407, Output: 144, Total: 2551
{"id": 37, "ts": 1778223506.7723372, "event": "public_discussion_message", "round": 3, "agent": "agent_3", "message": "Candidate B \u2013 handles stress very well.\nMETADATA_JSON:\n{\"agent\": \"agent_3\", \"vote\": \"Candidate B\"}"}
2026-05-08 08:58:26,772 - INFO - Agent turns: 9
2026-05-08 08:58:31,148 - INFO - Tokens - Input: 1913, Output: 904, Total: 2817
2026-05-08 08:58:31,149 - INFO - Memory updates: 25
{"id": 38, "ts": 1778223511.150111, "event": "memory_updated", "agent": "agent_3", "round": 3}
2026-05-08 08:58:32,528 - INFO - Tokens - Input: 1788, Output: 935, Total: 2723
2026-05-08 08:58:32,530 - INFO - Memory updates: 26
{"id": 39, "ts": 1778223512.530286, "event": "memory_updated", "agent": "agent_2", "round": 3}
2026-05-08 08:58:32,844 - INFO - Tokens - Input: 1795, Output: 796, Total: 2591
2026-05-08 08:58:32,845 - INFO - Memory updates: 27
{"id": 40, "ts": 1778223512.84598, "event": "memory_updated", "agent": "agent_1", "round": 3}
2026-05-08 08:58:32,854 - INFO - Loop 3 completed
{"id": 41, "ts": 1778223512.860122, "event": "discussion_order", "round": 4, "order": ["agent_1", "agent_2", "agent_3"]}
2026-05-08 08:58:33,817 - INFO - Tokens - Input: 2377, Output: 137, Total: 2514
{"id": 42, "ts": 1778223513.8190665, "event": "public_discussion_message", "round": 4, "agent": "agent_1", "message": "Candidate C \u2013 creates a positive atmosphere with his crew\nMETADATA_JSON:\n{\"agent\": \"agent_1\", \"vote\": \"Candidate C\"}"}
2026-05-08 08:58:33,819 - INFO - Agent turns: 10
2026-05-08 08:58:40,702 - INFO - Tokens - Input: 1864, Output: 1047, Total: 2911
2026-05-08 08:58:40,704 - INFO - Memory updates: 28
{"id": 43, "ts": 1778223520.7043827, "event": "memory_updated", "agent": "agent_1", "round": 4}
2026-05-08 08:58:41,537 - INFO - Tokens - Input: 1968, Output: 1041, Total: 3009
2026-05-08 08:58:41,539 - INFO - Memory updates: 29
{"id": 44, "ts": 1778223521.5394394, "event": "memory_updated", "agent": "agent_3", "round": 4}
2026-05-08 08:58:46,057 - INFO - Tokens - Input: 1756, Output: 1090, Total: 2846
2026-05-08 08:58:46,059 - INFO - Memory updates: 30
{"id": 45, "ts": 1778223526.0597281, "event": "memory_updated", "agent": "agent_2", "round": 4}
2026-05-08 08:58:47,172 - INFO - Tokens - Input: 2415, Output: 140, Total: 2555
{"id": 46, "ts": 1778223527.1737127, "event": "public_discussion_message", "round": 4, "agent": "agent_2", "message": "Candidate A \u2013 excellent spatial vision.\nMETADATA_JSON:\n{\"agent\": \"agent_2\", \"vote\": \"Candidate A\"}"}
2026-05-08 08:58:47,173 - INFO - Agent turns: 11
2026-05-08 08:58:52,064 - INFO - Tokens - Input: 1919, Output: 1132, Total: 3051
2026-05-08 08:58:52,066 - INFO - Memory updates: 31
{"id": 47, "ts": 1778223532.0667179, "event": "memory_updated", "agent": "agent_2", "round": 4}
2026-05-08 08:58:52,328 - INFO - Tokens - Input: 1926, Output: 885, Total: 2811
2026-05-08 08:58:52,330 - INFO - Memory updates: 32
{"id": 48, "ts": 1778223532.3304653, "event": "memory_updated", "agent": "agent_1", "round": 4}
2026-05-08 08:58:55,704 - INFO - Tokens - Input: 2028, Output: 1410, Total: 3438
2026-05-08 08:58:55,706 - INFO - Memory updates: 33
{"id": 49, "ts": 1778223535.706263, "event": "memory_updated", "agent": "agent_3", "round": 4}
2026-05-08 08:58:56,388 - INFO - Tokens - Input: 2609, Output: 124, Total: 2733
{"id": 50, "ts": 1778223536.3898535, "event": "public_discussion_message", "round": 4, "agent": "agent_3", "message": "Candidate B \u2013 handles stress very well.\nMETADATA_JSON:\n{\"agent\": \"agent_3\", \"vote\": \"Candidate B\"}"}
2026-05-08 08:58:56,390 - INFO - Agent turns: 12
2026-05-08 08:58:59,874 - INFO - Tokens - Input: 1895, Output: 841, Total: 2736
2026-05-08 08:58:59,875 - INFO - Memory updates: 34
{"id": 51, "ts": 1778223539.87601, "event": "memory_updated", "agent": "agent_1", "round": 4}
2026-05-08 08:59:02,555 - INFO - Tokens - Input: 2115, Output: 897, Total: 3012
2026-05-08 08:59:02,557 - INFO - Memory updates: 35
{"id": 52, "ts": 1778223542.5574508, "event": "memory_updated", "agent": "agent_3", "round": 4}
2026-05-08 08:59:03,003 - INFO - Tokens - Input: 1989, Output: 1080, Total: 3069
2026-05-08 08:59:03,004 - INFO - Memory updates: 36
{"id": 53, "ts": 1778223543.0050387, "event": "memory_updated", "agent": "agent_2", "round": 4}
2026-05-08 08:59:03,014 - INFO - Loop 4 completed
{"id": 54, "ts": 1778223543.0204625, "event": "discussion_order", "round": 5, "order": ["agent_2", "agent_3", "agent_1"]}
2026-05-08 08:59:03,955 - INFO - Tokens - Input: 2518, Output: 116, Total: 2634
{"id": 55, "ts": 1778223543.956604, "event": "public_discussion_message", "round": 5, "agent": "agent_2", "message": "Candidate A \u2013 excellent spatial vision.\nMETADATA_JSON:\n{\"agent\": \"agent_2\", \"vote\": \"Candidate A\"}"}
2026-05-08 08:59:03,956 - INFO - Agent turns: 13
2026-05-08 08:59:08,957 - INFO - Tokens - Input: 1920, Output: 975, Total: 2895
2026-05-08 08:59:08,958 - INFO - Memory updates: 37
{"id": 56, "ts": 1778223548.9590414, "event": "memory_updated", "agent": "agent_1", "round": 5}
2026-05-08 08:59:10,129 - INFO - Tokens - Input: 1829, Output: 1036, Total: 2865
2026-05-08 08:59:10,130 - INFO - Memory updates: 38
{"id": 57, "ts": 1778223550.1301146, "event": "memory_updated", "agent": "agent_3", "round": 5}
2026-05-08 08:59:12,422 - INFO - Tokens - Input: 1997, Output: 1452, Total: 3449
2026-05-08 08:59:12,424 - INFO - Memory updates: 39
{"id": 58, "ts": 1778223552.4243212, "event": "memory_updated", "agent": "agent_2", "round": 5}
2026-05-08 08:59:13,101 - INFO - Tokens - Input: 2365, Output: 116, Total: 2481
{"id": 59, "ts": 1778223553.1029131, "event": "public_discussion_message", "round": 5, "agent": "agent_3", "message": "Candidate B \u2013 handles stress very well.\nMETADATA_JSON:\n{\"agent\": \"agent_3\", \"vote\": \"Candidate B\"}"}
2026-05-08 08:59:13,103 - INFO - Agent turns: 14
2026-05-08 08:59:18,288 - INFO - Tokens - Input: 1992, Output: 963, Total: 2955
2026-05-08 08:59:18,290 - INFO - Memory updates: 40
{"id": 60, "ts": 1778223558.2903235, "event": "memory_updated", "agent": "agent_2", "round": 5}
2026-05-08 08:59:18,627 - INFO - Tokens - Input: 1871, Output: 1000, Total: 2871
2026-05-08 08:59:18,629 - INFO - Memory updates: 41
{"id": 61, "ts": 1778223558.6293783, "event": "memory_updated", "agent": "agent_3", "round": 5}
2026-05-08 08:59:20,393 - INFO - Tokens - Input: 1907, Output: 975, Total: 2882
2026-05-08 08:59:20,394 - INFO - Memory updates: 42
{"id": 62, "ts": 1778223560.3949726, "event": "memory_updated", "agent": "agent_1", "round": 5}
2026-05-08 08:59:21,371 - INFO - Tokens - Input: 2423, Output: 113, Total: 2536
{"id": 63, "ts": 1778223561.372417, "event": "public_discussion_message", "round": 5, "agent": "agent_1", "message": "Candidate C \u2013 100% reliable\nMETADATA_JSON:\n{\"agent\": \"agent_1\", \"vote\": \"Candidate C\"}"}
2026-05-08 08:59:21,372 - INFO - Agent turns: 15
2026-05-08 08:59:26,884 - INFO - Tokens - Input: 2039, Output: 868, Total: 2907
2026-05-08 08:59:26,886 - INFO - Memory updates: 43
{"id": 64, "ts": 1778223566.8863716, "event": "memory_updated", "agent": "agent_2", "round": 5}
2026-05-08 08:59:26,974 - INFO - Tokens - Input: 1970, Output: 830, Total: 2800
2026-05-08 08:59:26,976 - INFO - Memory updates: 44
{"id": 65, "ts": 1778223566.9764001, "event": "memory_updated", "agent": "agent_3", "round": 5}
2026-05-08 08:59:31,756 - INFO - Tokens - Input: 1929, Output: 743, Total: 2672
2026-05-08 08:59:31,758 - INFO - Memory updates: 45
{"id": 66, "ts": 1778223571.7587554, "event": "memory_updated", "agent": "agent_1", "round": 5}
2026-05-08 08:59:31,768 - INFO - Loop 5 completed
2026-05-08 08:59:31,768 - INFO - Final Chosen Candidate: None
2026-05-08 08:59:31,768 - INFO - Final Decision Method: max_round_no_majority
2026-05-08 08:59:31,768 - INFO - Final Vote Count: {'Candidate C': 1, 'Candidate A': 1, 'Candidate B': 1}
2026-05-08 08:59:31,768 - INFO - Correct Candidate: Candidate C
2026-05-08 08:59:31,768 - INFO - Decision Correct: 0
{"id": 67, "ts": 1778223572.100503, "event": "context_consistency_calculated", "method": "embedding_cosine", "mean_pairwise_similarity": 0.77605, "pairwise": [{"agent_a": "agent_1", "agent_b": "agent_2", "similarity": 0.779415}, {"agent_a": "agent_1", "agent_b": "agent_3", "similarity": 0.733382}, {"agent_a": "agent_2", "agent_b": "agent_3", "similarity": 0.815352}]}
{"id": 68, "ts": 1778223572.1006777, "event": "agent_memories_archived", "directory": "/home/lhegemann/git/bachelor_thesis/01_data/raw/simulations/low/low_treatment_20260508_080303_022/shared_mental_models", "round": 5}
{"id": 69, "ts": 1778223572.100768, "event": "final_decision", "candidate": null, "method": "max_round_no_majority", "vote_count": {"Candidate C": 1, "Candidate A": 1, "Candidate B": 1}, "correct_candidate": "Candidate C", "decision_correct": 0, "round": 5}
2026-05-08 08:59:32,111 - INFO - ======================================================================
2026-05-08 08:59:32,111 - INFO - SIMULATION METRICS
2026-05-08 08:59:32,111 - INFO - ======================================================================
2026-05-08 08:59:32,111 - INFO - Total Loops: 5
2026-05-08 08:59:32,111 - INFO - Agent Turns (no vote checker): 15
2026-05-08 08:59:32,111 - INFO - Agent Tool Calls: 0
2026-05-08 08:59:32,112 - INFO - Agent Tool Messages: 0
2026-05-08 08:59:32,112 - INFO - Memory Updates: 45
2026-05-08 08:59:32,112 - INFO - Total Messages (no vote checker): 15
2026-05-08 08:59:32,112 - INFO - Input Tokens: 114453
2026-05-08 08:59:32,112 - INFO - Output Tokens: 47712
2026-05-08 08:59:32,112 - INFO - Total Tokens: 162165
2026-05-08 08:59:32,112 - INFO - Final Chosen Candidate: None
2026-05-08 08:59:32,112 - INFO - Final Decision Method: max_round_no_majority
2026-05-08 08:59:32,112 - INFO - Final Vote Count: {'Candidate C': 1, 'Candidate A': 1, 'Candidate B': 1}
2026-05-08 08:59:32,112 - INFO - Correct Candidate: Candidate C
2026-05-08 08:59:32,112 - INFO - Decision Correct: 0
2026-05-08 08:59:32,112 - INFO - Runtime: 148.76s
2026-05-08 08:59:32,113 - INFO - ======================================================================
