2026-05-08 09:06:00,060 - INFO - Metrics tracker initialized
{"id": 1, "ts": 1778223960.0861702, "event": "memory_reset"}
{"id": 2, "ts": 1778223960.0895276, "event": "discussion_order", "round": 1, "order": ["agent_1", "agent_3", "agent_2"]}
2026-05-08 09:06:06,897 - INFO - Tokens - Input: 1686, Output: 512, Total: 2198
{"id": 3, "ts": 1778223966.8994882, "event": "public_discussion_message", "round": 1, "agent": "agent_1", "message": "Candidate C \u2013 known to be 100% reliable.\nMETADATA_JSON:\n{\"agent\": \"agent_1\", \"vote\": \"Candidate C\"}"}
2026-05-08 09:06:06,899 - INFO - Agent turns: 1
2026-05-08 09:06:14,621 - INFO - Tokens - Input: 1196, Output: 1211, Total: 2407
2026-05-08 09:06:14,623 - INFO - Memory updates: 1
{"id": 4, "ts": 1778223974.623961, "event": "memory_updated", "agent": "agent_2", "round": 1}
2026-05-08 09:06:14,798 - INFO - Tokens - Input: 1188, Output: 1346, Total: 2534
2026-05-08 09:06:14,799 - INFO - Memory updates: 2
{"id": 5, "ts": 1778223974.8000247, "event": "memory_updated", "agent": "agent_3", "round": 1}
2026-05-08 09:06:15,258 - INFO - Tokens - Input: 1193, Output: 1355, Total: 2548
2026-05-08 09:06:15,259 - INFO - Memory updates: 3
{"id": 6, "ts": 1778223975.2599697, "event": "memory_updated", "agent": "agent_1", "round": 1}
2026-05-08 09:06:19,794 - INFO - Tokens - Input: 2117, Output: 801, Total: 2918
{"id": 7, "ts": 1778223979.7955987, "event": "public_discussion_message", "round": 1, "agent": "agent_3", "message": "Candidate B \u2013 handles stress very well.\nMETADATA_JSON:\n{\"agent\": \"agent_3\", \"vote\": \"Candidate B\"}"}
2026-05-08 09:06:19,795 - INFO - Agent turns: 2
2026-05-08 09:06:25,093 - INFO - Tokens - Input: 1600, Output: 888, Total: 2488
2026-05-08 09:06:25,094 - INFO - Memory updates: 4
{"id": 8, "ts": 1778223985.0950072, "event": "memory_updated", "agent": "agent_2", "round": 1}
2026-05-08 09:06:26,748 - INFO - Tokens - Input: 1734, Output: 1085, Total: 2819
2026-05-08 09:06:26,750 - INFO - Memory updates: 5
{"id": 9, "ts": 1778223986.7507737, "event": "memory_updated", "agent": "agent_1", "round": 1}
2026-05-08 09:06:27,185 - INFO - Tokens - Input: 1623, Output: 990, Total: 2613
2026-05-08 09:06:27,187 - INFO - Memory updates: 6
{"id": 10, "ts": 1778223987.1872272, "event": "memory_updated", "agent": "agent_3", "round": 1}
2026-05-08 09:06:29,474 - INFO - Tokens - Input: 2161, Output: 434, Total: 2595
{"id": 11, "ts": 1778223989.4757564, "event": "public_discussion_message", "round": 1, "agent": "agent_2", "message": "Candidate A \u2013 excellent spatial vision\nMETADATA_JSON:\n{\"agent\": \"agent_2\", \"vote\": \"Candidate A\"}"}
2026-05-08 09:06:29,475 - INFO - Agent turns: 3
2026-05-08 09:06:34,543 - INFO - Tokens - Input: 1665, Output: 1046, Total: 2711
2026-05-08 09:06:34,545 - INFO - Memory updates: 7
{"id": 12, "ts": 1778223994.5460248, "event": "memory_updated", "agent": "agent_2", "round": 1}
2026-05-08 09:06:35,783 - INFO - Tokens - Input: 1736, Output: 1147, Total: 2883
2026-05-08 09:06:35,785 - INFO - Memory updates: 8
{"id": 13, "ts": 1778223995.7854526, "event": "memory_updated", "agent": "agent_1", "round": 1}
2026-05-08 09:06:36,595 - INFO - Tokens - Input: 1706, Output: 1138, Total: 2844
2026-05-08 09:06:36,597 - INFO - Memory updates: 9
{"id": 14, "ts": 1778223996.5975873, "event": "memory_updated", "agent": "agent_3", "round": 1}
2026-05-08 09:06:36,607 - INFO - Loop 1 completed
{"id": 15, "ts": 1778223996.6129212, "event": "discussion_order", "round": 2, "order": ["agent_2", "agent_1", "agent_3"]}
2026-05-08 09:06:37,762 - INFO - Tokens - Input: 2312, Output: 165, Total: 2477
{"id": 16, "ts": 1778223997.763548, "event": "public_discussion_message", "round": 2, "agent": "agent_2", "message": "Candidate A \u2013 excellent spatial vision.\nMETADATA_JSON:\n{\"agent\": \"agent_2\", \"vote\": \"Candidate A\"}"}
2026-05-08 09:06:37,763 - INFO - Agent turns: 4
2026-05-08 09:06:43,803 - INFO - Tokens - Input: 1795, Output: 938, Total: 2733
2026-05-08 09:06:43,805 - INFO - Memory updates: 10
{"id": 17, "ts": 1778224003.805786, "event": "memory_updated", "agent": "agent_1", "round": 2}
2026-05-08 09:06:44,678 - INFO - Tokens - Input: 1791, Output: 1125, Total: 2916
2026-05-08 09:06:44,680 - INFO - Memory updates: 11
{"id": 18, "ts": 1778224004.6806827, "event": "memory_updated", "agent": "agent_2", "round": 2}
2026-05-08 09:06:51,355 - INFO - Tokens - Input: 1769, Output: 1152, Total: 2921
2026-05-08 09:06:51,356 - INFO - Memory updates: 12
{"id": 19, "ts": 1778224011.3568153, "event": "memory_updated", "agent": "agent_3", "round": 2}
2026-05-08 09:06:52,051 - INFO - Tokens - Input: 2099, Output: 99, Total: 2198
{"id": 20, "ts": 1778224012.0532925, "event": "public_discussion_message", "round": 2, "agent": "agent_1", "message": "Candidate C \u2013 100% reliable.\nMETADATA_JSON:\n{\"agent\": \"agent_1\", \"vote\": \"Candidate C\"}"}
2026-05-08 09:06:52,053 - INFO - Agent turns: 5
2026-05-08 09:06:57,771 - INFO - Tokens - Input: 1605, Output: 766, Total: 2371
2026-05-08 09:06:57,773 - INFO - Memory updates: 13
{"id": 21, "ts": 1778224017.7731593, "event": "memory_updated", "agent": "agent_1", "round": 2}
2026-05-08 09:06:59,473 - INFO - Tokens - Input: 1896, Output: 1248, Total: 3144
2026-05-08 09:06:59,475 - INFO - Memory updates: 14
{"id": 22, "ts": 1778224019.4760358, "event": "memory_updated", "agent": "agent_2", "round": 2}
2026-05-08 09:06:59,713 - INFO - Tokens - Input: 1899, Output: 1010, Total: 2909
2026-05-08 09:06:59,714 - INFO - Memory updates: 15
{"id": 23, "ts": 1778224019.714922, "event": "memory_updated", "agent": "agent_3", "round": 2}
2026-05-08 09:07:00,662 - INFO - Tokens - Input: 2229, Output: 119, Total: 2348
{"id": 24, "ts": 1778224020.6640656, "event": "public_discussion_message", "round": 2, "agent": "agent_3", "message": "Candidate B \u2013 handles stress very well.\nMETADATA_JSON:\n{\"agent\": \"agent_3\", \"vote\": \"Candidate B\"}"}
2026-05-08 09:07:00,664 - INFO - Agent turns: 6
2026-05-08 09:07:06,381 - INFO - Tokens - Input: 1735, Output: 921, Total: 2656
2026-05-08 09:07:06,383 - INFO - Memory updates: 16
{"id": 25, "ts": 1778224026.3839877, "event": "memory_updated", "agent": "agent_3", "round": 2}
2026-05-08 09:07:09,355 - INFO - Tokens - Input: 1869, Output: 1114, Total: 2983
2026-05-08 09:07:09,357 - INFO - Memory updates: 17
{"id": 26, "ts": 1778224029.3572233, "event": "memory_updated", "agent": "agent_2", "round": 2}
2026-05-08 09:07:10,309 - INFO - Tokens - Input: 1617, Output: 753, Total: 2370
2026-05-08 09:07:10,311 - INFO - Memory updates: 18
{"id": 27, "ts": 1778224030.31138, "event": "memory_updated", "agent": "agent_1", "round": 2}
2026-05-08 09:07:10,321 - INFO - Loop 2 completed
{"id": 28, "ts": 1778224030.3283515, "event": "discussion_order", "round": 3, "order": ["agent_3", "agent_2", "agent_1"]}
2026-05-08 09:07:11,185 - INFO - Tokens - Input: 2284, Output: 160, Total: 2444
{"id": 29, "ts": 1778224031.186864, "event": "public_discussion_message", "round": 3, "agent": "agent_3", "message": "Candidate B \u2013 handles stress very well.\nMETADATA_JSON:\n{\"agent\": \"agent_3\", \"vote\": \"Candidate B\"}"}
2026-05-08 09:07:11,187 - INFO - Agent turns: 7
2026-05-08 09:07:15,852 - INFO - Tokens - Input: 1765, Output: 834, Total: 2599
2026-05-08 09:07:15,854 - INFO - Memory updates: 19
{"id": 30, "ts": 1778224035.8548598, "event": "memory_updated", "agent": "agent_3", "round": 3}
2026-05-08 09:07:17,784 - INFO - Tokens - Input: 1653, Output: 908, Total: 2561
2026-05-08 09:07:17,786 - INFO - Memory updates: 20
{"id": 31, "ts": 1778224037.7862527, "event": "memory_updated", "agent": "agent_1", "round": 3}
2026-05-08 09:07:21,974 - INFO - Tokens - Input: 1744, Output: 818, Total: 2562
2026-05-08 09:07:21,976 - INFO - Memory updates: 21
{"id": 32, "ts": 1778224041.976854, "event": "memory_updated", "agent": "agent_2", "round": 3}
2026-05-08 09:07:24,776 - INFO - Tokens - Input: 2286, Output: 445, Total: 2731
{"id": 33, "ts": 1778224044.777752, "event": "public_discussion_message", "round": 3, "agent": "agent_2", "message": "Candidate A \u2013 excellent spatial vision.\nMETADATA_JSON:\n{\"agent\": \"agent_2\", \"vote\": \"Candidate A\"}"}
2026-05-08 09:07:24,777 - INFO - Agent turns: 8
2026-05-08 09:07:29,918 - INFO - Tokens - Input: 1792, Output: 1042, Total: 2834
2026-05-08 09:07:29,919 - INFO - Memory updates: 22
{"id": 34, "ts": 1778224049.9199922, "event": "memory_updated", "agent": "agent_3", "round": 3}
2026-05-08 09:07:30,800 - INFO - Tokens - Input: 1688, Output: 1165, Total: 2853
2026-05-08 09:07:30,802 - INFO - Memory updates: 23
{"id": 35, "ts": 1778224050.8024256, "event": "memory_updated", "agent": "agent_1", "round": 3}
2026-05-08 09:07:31,724 - INFO - Tokens - Input: 1790, Output: 1050, Total: 2840
2026-05-08 09:07:31,726 - INFO - Memory updates: 24
{"id": 36, "ts": 1778224051.7267597, "event": "memory_updated", "agent": "agent_2", "round": 3}
2026-05-08 09:07:33,473 - INFO - Tokens - Input: 2223, Output: 122, Total: 2345
{"id": 37, "ts": 1778224053.4744911, "event": "public_discussion_message", "round": 3, "agent": "agent_1", "message": "Candidate C \u2013 100% reliable.\nMETADATA_JSON:\n{\"agent\": \"agent_1\", \"vote\": \"Candidate C\"}"}
2026-05-08 09:07:33,474 - INFO - Agent turns: 9
2026-05-08 09:07:37,833 - INFO - Tokens - Input: 1729, Output: 730, Total: 2459
2026-05-08 09:07:37,835 - INFO - Memory updates: 25
{"id": 38, "ts": 1778224057.83576, "event": "memory_updated", "agent": "agent_1", "round": 3}
2026-05-08 09:07:38,732 - INFO - Tokens - Input: 1825, Output: 875, Total: 2700
2026-05-08 09:07:38,734 - INFO - Memory updates: 26
{"id": 39, "ts": 1778224058.7345026, "event": "memory_updated", "agent": "agent_3", "round": 3}
2026-05-08 09:07:38,758 - INFO - Tokens - Input: 1765, Output: 991, Total: 2756
2026-05-08 09:07:38,760 - INFO - Memory updates: 27
{"id": 40, "ts": 1778224058.7602484, "event": "memory_updated", "agent": "agent_2", "round": 3}
2026-05-08 09:07:38,769 - INFO - Loop 3 completed
{"id": 41, "ts": 1778224058.7755644, "event": "discussion_order", "round": 4, "order": ["agent_2", "agent_3", "agent_1"]}
2026-05-08 09:07:39,906 - INFO - Tokens - Input: 2266, Output: 171, Total: 2437
{"id": 42, "ts": 1778224059.907615, "event": "public_discussion_message", "round": 4, "agent": "agent_2", "message": "Candidate A \u2013 excellent spatial vision.\nMETADATA_JSON:\n{\"agent\": \"agent_2\", \"vote\": \"Candidate A\"}"}
2026-05-08 09:07:39,907 - INFO - Agent turns: 10
2026-05-08 09:07:43,663 - INFO - Tokens - Input: 1745, Output: 716, Total: 2461
2026-05-08 09:07:43,665 - INFO - Memory updates: 28
{"id": 43, "ts": 1778224063.6657195, "event": "memory_updated", "agent": "agent_2", "round": 4}
2026-05-08 09:07:44,856 - INFO - Tokens - Input: 1763, Output: 870, Total: 2633
2026-05-08 09:07:44,858 - INFO - Memory updates: 29
{"id": 44, "ts": 1778224064.8586683, "event": "memory_updated", "agent": "agent_1", "round": 4}
2026-05-08 09:07:46,795 - INFO - Tokens - Input: 1859, Output: 1077, Total: 2936
2026-05-08 09:07:46,796 - INFO - Memory updates: 30
{"id": 45, "ts": 1778224066.7969656, "event": "memory_updated", "agent": "agent_3", "round": 4}
2026-05-08 09:07:47,695 - INFO - Tokens - Input: 2295, Output: 167, Total: 2462
{"id": 46, "ts": 1778224067.6964865, "event": "public_discussion_message", "round": 4, "agent": "agent_3", "message": "Candidate B \u2013 handles stress well.\nMETADATA_JSON:\n{\"agent\": \"agent_3\", \"vote\": \"Candidate B\"}"}
2026-05-08 09:07:47,696 - INFO - Agent turns: 11
2026-05-08 09:07:52,486 - INFO - Tokens - Input: 1799, Output: 833, Total: 2632
2026-05-08 09:07:52,488 - INFO - Memory updates: 31
{"id": 47, "ts": 1778224072.4888356, "event": "memory_updated", "agent": "agent_3", "round": 4}
2026-05-08 09:07:52,893 - INFO - Tokens - Input: 1800, Output: 974, Total: 2774
2026-05-08 09:07:52,895 - INFO - Memory updates: 32
{"id": 48, "ts": 1778224072.895539, "event": "memory_updated", "agent": "agent_2", "round": 4}
2026-05-08 09:07:53,509 - INFO - Tokens - Input: 1811, Output: 976, Total: 2787
2026-05-08 09:07:53,511 - INFO - Memory updates: 33
{"id": 49, "ts": 1778224073.5110695, "event": "memory_updated", "agent": "agent_1", "round": 4}
2026-05-08 09:07:54,362 - INFO - Tokens - Input: 2371, Output: 108, Total: 2479
{"id": 50, "ts": 1778224074.3636584, "event": "public_discussion_message", "round": 4, "agent": "agent_1", "message": "Candidate C \u2013 100% reliable.\nMETADATA_JSON:\n{\"agent\": \"agent_1\", \"vote\": \"Candidate C\"}"}
2026-05-08 09:07:54,363 - INFO - Agent turns: 12
2026-05-08 09:07:58,792 - INFO - Tokens - Input: 1836, Output: 845, Total: 2681
2026-05-08 09:07:58,795 - INFO - Memory updates: 34
{"id": 51, "ts": 1778224078.7952023, "event": "memory_updated", "agent": "agent_3", "round": 4}
2026-05-08 09:07:59,139 - INFO - Tokens - Input: 1877, Output: 773, Total: 2650
2026-05-08 09:07:59,140 - INFO - Memory updates: 35
{"id": 52, "ts": 1778224079.1408162, "event": "memory_updated", "agent": "agent_1", "round": 4}
2026-05-08 09:08:01,166 - INFO - Tokens - Input: 1857, Output: 935, Total: 2792
2026-05-08 09:08:01,168 - INFO - Memory updates: 36
{"id": 53, "ts": 1778224081.1681657, "event": "memory_updated", "agent": "agent_2", "round": 4}
2026-05-08 09:08:01,176 - INFO - Loop 4 completed
{"id": 54, "ts": 1778224081.1824632, "event": "discussion_order", "round": 5, "order": ["agent_2", "agent_1", "agent_3"]}
2026-05-08 09:08:01,890 - INFO - Tokens - Input: 2446, Output: 126, Total: 2572
{"id": 55, "ts": 1778224081.8915725, "event": "public_discussion_message", "round": 5, "agent": "agent_2", "message": "Candidate A \u2013 noted as a show\u2011off.\nMETADATA_JSON:\n{\"agent\": \"agent_2\", \"vote\": \"Candidate A\"}"}
2026-05-08 09:08:01,891 - INFO - Agent turns: 13
2026-05-08 09:08:06,866 - INFO - Tokens - Input: 1876, Output: 1158, Total: 3034
2026-05-08 09:08:06,868 - INFO - Memory updates: 37
{"id": 56, "ts": 1778224086.868512, "event": "memory_updated", "agent": "agent_3", "round": 5}
2026-05-08 09:08:08,838 - INFO - Tokens - Input: 1905, Output: 1102, Total: 3007
2026-05-08 09:08:08,840 - INFO - Memory updates: 38
{"id": 57, "ts": 1778224088.8405874, "event": "memory_updated", "agent": "agent_1", "round": 5}
2026-05-08 09:08:08,858 - INFO - Tokens - Input: 1931, Output: 846, Total: 2777
2026-05-08 09:08:08,860 - INFO - Memory updates: 39
{"id": 58, "ts": 1778224088.860628, "event": "memory_updated", "agent": "agent_2", "round": 5}
2026-05-08 09:08:09,851 - INFO - Tokens - Input: 2617, Output: 151, Total: 2768
{"id": 59, "ts": 1778224089.8528173, "event": "public_discussion_message", "round": 5, "agent": "agent_1", "message": "Candidate C \u2013 100% reliable.\nMETADATA_JSON:\n{\"agent\": \"agent_1\", \"vote\": \"Candidate C\"}"}
2026-05-08 09:08:09,852 - INFO - Agent turns: 14
2026-05-08 09:08:15,858 - INFO - Tokens - Input: 2123, Output: 1037, Total: 3160
2026-05-08 09:08:15,860 - INFO - Memory updates: 40
{"id": 60, "ts": 1778224095.8607724, "event": "memory_updated", "agent": "agent_1", "round": 5}
2026-05-08 09:08:16,453 - INFO - Tokens - Input: 1995, Output: 808, Total: 2803
2026-05-08 09:08:16,455 - INFO - Memory updates: 41
{"id": 61, "ts": 1778224096.4552476, "event": "memory_updated", "agent": "agent_2", "round": 5}
2026-05-08 09:08:18,573 - INFO - Tokens - Input: 2111, Output: 1791, Total: 3902
2026-05-08 09:08:18,575 - INFO - Memory updates: 42
{"id": 62, "ts": 1778224098.5756118, "event": "memory_updated", "agent": "agent_3", "round": 5}
2026-05-08 09:08:19,815 - INFO - Tokens - Input: 2641, Output: 191, Total: 2832
{"id": 63, "ts": 1778224099.816833, "event": "public_discussion_message", "round": 5, "agent": "agent_3", "message": "Candidate B \u2013 handles stress very well.\nMETADATA_JSON:\n{\"agent\": \"agent_3\", \"vote\": \"Candidate B\"}"}
2026-05-08 09:08:19,816 - INFO - Agent turns: 15
2026-05-08 09:08:24,298 - INFO - Tokens - Input: 1976, Output: 934, Total: 2910
2026-05-08 09:08:24,300 - INFO - Memory updates: 43
{"id": 64, "ts": 1778224104.300647, "event": "memory_updated", "agent": "agent_2", "round": 5}
2026-05-08 09:08:27,431 - INFO - Tokens - Input: 2176, Output: 1153, Total: 3329
2026-05-08 09:08:27,433 - INFO - Memory updates: 44
{"id": 65, "ts": 1778224107.4336002, "event": "memory_updated", "agent": "agent_1", "round": 5}
2026-05-08 09:08:31,001 - INFO - Tokens - Input: 2147, Output: 948, Total: 3095
2026-05-08 09:08:31,003 - INFO - Memory updates: 45
{"id": 66, "ts": 1778224111.003743, "event": "memory_updated", "agent": "agent_3", "round": 5}
2026-05-08 09:08:31,012 - INFO - Loop 5 completed
2026-05-08 09:08:31,012 - INFO - Final Chosen Candidate: None
2026-05-08 09:08:31,012 - INFO - Final Decision Method: max_round_no_majority
2026-05-08 09:08:31,012 - INFO - Final Vote Count: {'Candidate C': 1, 'Candidate A': 1, 'Candidate B': 1}
2026-05-08 09:08:31,012 - INFO - Correct Candidate: Candidate C
2026-05-08 09:08:31,012 - INFO - Decision Correct: 0
{"id": 67, "ts": 1778224111.3118696, "event": "context_consistency_calculated", "method": "embedding_cosine", "mean_pairwise_similarity": 0.823832, "pairwise": [{"agent_a": "agent_1", "agent_b": "agent_2", "similarity": 0.794159}, {"agent_a": "agent_1", "agent_b": "agent_3", "similarity": 0.891928}, {"agent_a": "agent_2", "agent_b": "agent_3", "similarity": 0.785408}]}
{"id": 68, "ts": 1778224111.312074, "event": "agent_memories_archived", "directory": "/home/lhegemann/git/bachelor_thesis/01_data/raw/simulations/low/low_treatment_20260508_080303_025/shared_mental_models", "round": 5}
{"id": 69, "ts": 1778224111.312165, "event": "final_decision", "candidate": null, "method": "max_round_no_majority", "vote_count": {"Candidate C": 1, "Candidate A": 1, "Candidate B": 1}, "correct_candidate": "Candidate C", "decision_correct": 0, "round": 5}
2026-05-08 09:08:31,322 - INFO - ======================================================================
2026-05-08 09:08:31,323 - INFO - SIMULATION METRICS
2026-05-08 09:08:31,323 - INFO - ======================================================================
2026-05-08 09:08:31,323 - INFO - Total Loops: 5
2026-05-08 09:08:31,323 - INFO - Agent Turns (no vote checker): 15
2026-05-08 09:08:31,323 - INFO - Agent Tool Calls: 0
2026-05-08 09:08:31,323 - INFO - Agent Tool Messages: 0
2026-05-08 09:08:31,323 - INFO - Memory Updates: 45
2026-05-08 09:08:31,323 - INFO - Total Messages (no vote checker): 15
2026-05-08 09:08:31,323 - INFO - Input Tokens: 113988
2026-05-08 09:08:31,323 - INFO - Output Tokens: 49193
2026-05-08 09:08:31,323 - INFO - Total Tokens: 163181
2026-05-08 09:08:31,324 - INFO - Final Chosen Candidate: None
2026-05-08 09:08:31,324 - INFO - Final Decision Method: max_round_no_majority
2026-05-08 09:08:31,324 - INFO - Final Vote Count: {'Candidate C': 1, 'Candidate A': 1, 'Candidate B': 1}
2026-05-08 09:08:31,324 - INFO - Correct Candidate: Candidate C
2026-05-08 09:08:31,324 - INFO - Decision Correct: 0
2026-05-08 09:08:31,324 - INFO - Runtime: 151.26s
2026-05-08 09:08:31,324 - INFO - ======================================================================
