2026-05-16 22:58:08,477 - INFO - Metrics tracker initialized
{"id": 1, "ts": 1778965088.5074816, "event": "memory_reset"}
{"id": 2, "ts": 1778965088.5109706, "event": "discussion_order", "round": 1, "order": ["agent_1", "agent_3", "agent_2"]}
2026-05-16 22:58:16,060 - INFO - Tokens - Input: 1941, Output: 740, Total: 2681
{"id": 3, "ts": 1778965096.0621886, "event": "public_discussion_message", "round": 1, "agent": "agent_1", "message": "Candidate C \u2013 known to be 100% reliable.\nMETADATA_JSON:\n{\"agent\": \"agent_1\", \"vote\": \"Candidate C\"}"}
2026-05-16 22:58:16,062 - INFO - Agent turns: 1
2026-05-16 22:58:24,349 - INFO - Tokens - Input: 1574, Output: 613, Total: 2187
2026-05-16 22:58:24,351 - INFO - Memory updates: 1
{"id": 4, "ts": 1778965104.3519108, "event": "memory_updated", "agent": "agent_3", "round": 1}
2026-05-16 22:58:24,523 - INFO - Tokens - Input: 1579, Output: 633, Total: 2212
2026-05-16 22:58:24,525 - INFO - Memory updates: 2
{"id": 5, "ts": 1778965104.525612, "event": "memory_updated", "agent": "agent_1", "round": 1}
2026-05-16 22:58:25,681 - INFO - Tokens - Input: 1582, Output: 785, Total: 2367
2026-05-16 22:58:25,684 - INFO - Memory updates: 3
{"id": 6, "ts": 1778965105.6842148, "event": "memory_updated", "agent": "agent_2", "round": 1}
2026-05-16 22:58:29,061 - INFO - Tokens - Input: 1930, Output: 404, Total: 2334
{"id": 7, "ts": 1778965109.062593, "event": "public_discussion_message", "round": 1, "agent": "agent_3", "message": "Candidate B \u2013 handles stress very well.\nMETADATA_JSON:\n{\"agent\": \"agent_3\", \"vote\": \"Candidate B\"}"}
2026-05-16 22:58:29,062 - INFO - Agent turns: 2
2026-05-16 22:58:38,185 - INFO - Tokens - Input: 1615, Output: 681, Total: 2296
2026-05-16 22:58:38,188 - INFO - Memory updates: 4
{"id": 8, "ts": 1778965118.1884665, "event": "memory_updated", "agent": "agent_1", "round": 1}
2026-05-16 22:58:38,999 - INFO - Tokens - Input: 1579, Output: 768, Total: 2347
2026-05-16 22:58:39,001 - INFO - Memory updates: 5
{"id": 9, "ts": 1778965119.0019686, "event": "memory_updated", "agent": "agent_2", "round": 1}
2026-05-16 22:58:39,352 - INFO - Tokens - Input: 1571, Output: 811, Total: 2382
2026-05-16 22:58:39,354 - INFO - Memory updates: 6
{"id": 10, "ts": 1778965119.354725, "event": "memory_updated", "agent": "agent_3", "round": 1}
2026-05-16 22:58:45,324 - INFO - Tokens - Input: 2011, Output: 696, Total: 2707
{"id": 11, "ts": 1778965125.3259914, "event": "public_discussion_message", "round": 1, "agent": "agent_2", "message": "Candidate A \u2013 very good leadership qualities.\nMETADATA_JSON:\n{\"agent\": \"agent_2\", \"vote\": \"Candidate A\"}"}
2026-05-16 22:58:45,326 - INFO - Agent turns: 3
2026-05-16 22:58:54,460 - INFO - Tokens - Input: 1585, Output: 646, Total: 2231
2026-05-16 22:58:54,462 - INFO - Memory updates: 7
{"id": 12, "ts": 1778965134.462789, "event": "memory_updated", "agent": "agent_3", "round": 1}
2026-05-16 22:58:54,569 - INFO - Tokens - Input: 1607, Output: 659, Total: 2266
2026-05-16 22:58:54,572 - INFO - Memory updates: 8
{"id": 13, "ts": 1778965134.5722957, "event": "memory_updated", "agent": "agent_1", "round": 1}
2026-05-16 22:59:01,685 - INFO - Tokens - Input: 1652, Output: 1566, Total: 3218
2026-05-16 22:59:01,688 - INFO - Memory updates: 9
{"id": 14, "ts": 1778965141.6882083, "event": "memory_updated", "agent": "agent_2", "round": 1}
2026-05-16 22:59:01,698 - INFO - Loop 1 completed
{"id": 15, "ts": 1778965141.70509, "event": "discussion_order", "round": 2, "order": ["agent_2", "agent_3", "agent_1"]}
2026-05-16 22:59:04,188 - INFO - Tokens - Input: 2274, Output: 268, Total: 2542
{"id": 16, "ts": 1778965144.1902127, "event": "public_discussion_message", "round": 2, "agent": "agent_2", "message": "Candidate A \u2013 excellent spatial vision.\nMETADATA_JSON:\n{\"agent\": \"agent_2\", \"vote\": \"Candidate A\"}"}
2026-05-16 22:59:04,190 - INFO - Agent turns: 4
2026-05-16 22:59:11,386 - INFO - Tokens - Input: 1914, Output: 519, Total: 2433
2026-05-16 22:59:11,388 - INFO - Memory updates: 10
{"id": 17, "ts": 1778965151.388705, "event": "memory_updated", "agent": "agent_2", "round": 2}
2026-05-16 22:59:18,901 - INFO - Tokens - Input: 1652, Output: 1319, Total: 2971
2026-05-16 22:59:18,903 - INFO - Memory updates: 11
{"id": 18, "ts": 1778965158.9039736, "event": "memory_updated", "agent": "agent_3", "round": 2}
2026-05-16 22:59:19,929 - INFO - Tokens - Input: 1659, Output: 1453, Total: 3112
2026-05-16 22:59:19,932 - INFO - Memory updates: 12
{"id": 19, "ts": 1778965159.932139, "event": "memory_updated", "agent": "agent_1", "round": 2}
2026-05-16 22:59:28,034 - INFO - Tokens - Input: 2178, Output: 991, Total: 3169
{"id": 20, "ts": 1778965168.0363495, "event": "public_discussion_message", "round": 2, "agent": "agent_3", "message": "Candidate A \u2013 very good leadership qualities.\nMETADATA_JSON:\n{\"agent\": \"agent_3\", \"vote\": \"Candidate A\"}"}
2026-05-16 22:59:28,036 - INFO - Agent turns: 5
2026-05-16 22:59:36,989 - INFO - Tokens - Input: 1819, Output: 641, Total: 2460
2026-05-16 22:59:36,992 - INFO - Memory updates: 13
{"id": 21, "ts": 1778965176.9926667, "event": "memory_updated", "agent": "agent_3", "round": 2}
2026-05-16 22:59:41,237 - INFO - Tokens - Input: 1862, Output: 1088, Total: 2950
2026-05-16 22:59:41,240 - INFO - Memory updates: 14
{"id": 22, "ts": 1778965181.2402725, "event": "memory_updated", "agent": "agent_1", "round": 2}
2026-05-16 22:59:41,420 - INFO - Tokens - Input: 1950, Output: 1110, Total: 3060
2026-05-16 22:59:41,422 - INFO - Memory updates: 15
{"id": 23, "ts": 1778965181.4226325, "event": "memory_updated", "agent": "agent_2", "round": 2}
2026-05-16 22:59:47,167 - INFO - Tokens - Input: 2274, Output: 669, Total: 2943
{"id": 24, "ts": 1778965187.169367, "event": "public_discussion_message", "round": 2, "agent": "agent_1", "message": "Candidate A \u2013 very good leadership qualities.\nMETADATA_JSON:\n{\"agent\": \"agent_1\", \"vote\": \"Candidate A\"}"}
2026-05-16 22:59:47,169 - INFO - Agent turns: 6
2026-05-16 22:59:59,577 - INFO - Tokens - Input: 1863, Output: 885, Total: 2748
2026-05-16 22:59:59,579 - INFO - Memory updates: 16
{"id": 25, "ts": 1778965199.5798135, "event": "memory_updated", "agent": "agent_3", "round": 2}
2026-05-16 22:59:59,857 - INFO - Tokens - Input: 1915, Output: 916, Total: 2831
2026-05-16 22:59:59,859 - INFO - Memory updates: 17
{"id": 26, "ts": 1778965199.8591647, "event": "memory_updated", "agent": "agent_1", "round": 2}
2026-05-16 23:00:02,707 - INFO - Tokens - Input: 2027, Output: 1277, Total: 3304
2026-05-16 23:00:02,710 - INFO - Memory updates: 18
{"id": 27, "ts": 1778965202.710625, "event": "memory_updated", "agent": "agent_2", "round": 2}
2026-05-16 23:00:02,720 - INFO - Loop 2 completed
2026-05-16 23:00:02,720 - INFO - Final Chosen Candidate: Candidate A
2026-05-16 23:00:02,720 - INFO - Final Decision Method: consensus
2026-05-16 23:00:02,720 - INFO - Final Vote Count: {'Candidate A': 3}
2026-05-16 23:00:02,720 - INFO - Correct Candidate: Candidate C
2026-05-16 23:00:02,720 - INFO - Decision Correct: 0
{"id": 28, "ts": 1778965203.5235941, "event": "context_consistency_calculated", "method": "weighted_section_embedding_cosine", "mean_pairwise_similarity": 0.889886, "pairwise": [{"agent_a": "agent_1", "agent_b": "agent_2", "similarity": 0.887183, "sections": [{"section": "task_summary", "weight": 0.02, "similarity": 1.0}, {"section": "revealed_facts_by_source", "weight": 0.3, "similarity": 0.915507}, {"section": "candidate_evaluation", "weight": 0.35, "similarity": 0.88831}, {"section": "other_agents_positions", "weight": 0.15, "similarity": 0.942105}, {"section": "emerging_group_view", "weight": 0.13, "similarity": 0.694666}, {"section": "open_questions_next_step_focus", "weight": 0.05, "similarity": 1.0}]}, {"agent_a": "agent_1", "agent_b": "agent_3", "similarity": 0.901032, "sections": [{"section": "task_summary", "weight": 0.02, "similarity": 1.0}, {"section": "revealed_facts_by_source", "weight": 0.3, "similarity": 0.8583}, {"section": "candidate_evaluation", "weight": 0.35, "similarity": 0.866675}, {"section": "other_agents_positions", "weight": 0.15, "similarity": 0.934701}, {"section": "emerging_group_view", "weight": 0.13, "similarity": 1.0}, {"section": "open_questions_next_step_focus", "weight": 0.05, "similarity": 1.0}]}, {"agent_a": "agent_2", "agent_b": "agent_3", "similarity": 0.881443, "sections": [{"section": "task_summary", "weight": 0.02, "similarity": 1.0}, {"section": "revealed_facts_by_source", "weight": 0.3, "similarity": 0.931411}, {"section": "candidate_evaluation", "weight": 0.35, "similarity": 0.84153}, {"section": "other_agents_positions", "weight": 0.15, "similarity": 0.981184}, {"section": "emerging_group_view", "weight": 0.13, "similarity": 0.694666}, {"section": "open_questions_next_step_focus", "weight": 0.05, "similarity": 1.0}]}]}
{"id": 29, "ts": 1778965203.5237207, "event": "gold_standard_alignment_calculated", "method": "rule_based_fact_coverage", "mean_alignment": 0.6, "by_agent": [{"agent": "agent_1", "score": 0.55, "matched_facts": 22, "total_facts": 40, "matched_public_facts": 14, "total_public_facts": 16, "public_fact_coverage": 0.875, "matched_own_private_facts": 8, "total_own_private_facts": 8, "own_private_fact_coverage": 1.0, "matched_other_private_facts": 0, "total_other_private_facts": 16, "other_private_fact_coverage": 0.0, "checks": {"public_candidate_a_can_anticipate_dangerous_situations": 0, "public_candidate_a_is_able_to_see_complex_connections": 0, "public_candidate_a_has_excellent_spatial_vision": 1, "public_candidate_a_has_very_good_leadership_qualities": 1, "public_candidate_b_is_very_conscientious": 1, "public_candidate_b_handles_stress_very_well": 1, "public_candidate_b_is_good_at_assessing_weather_conditions": 1, "public_candidate_b_has_excellent_computer_skills": 1, "public_candidate_c_can_make_correct_decisions_quickly": 1, "public_candidate_c_has_difficulty_communicating_ideas": 1, "public_candidate_c_is_regarded_as_egocentric": 1, "public_candidate_c_is_not_very_willing_to_further_his_education": 1, "public_candidate_d_responds_to_unexpected_events_adequately": 1, "public_candidate_d_can_concentrate_very_well": 1, "public_candidate_d_solves_problems_extremely_well": 1, "public_candidate_d_takes_responsibility_seriously": 1, "agent_1_candidate_a_is_sometimes_not_good_at_taking_criticism": 1, "agent_1_candidate_a_can_be_unorganized": 1, "agent_1_candidate_b_can_be_grumpy": 1, "agent_1_candidate_b_can_be_uncooperative": 1, "agent_1_candidate_c_is_known_to_be_100_percent_reliable": 1, "agent_1_candidate_c_creates_a_positive_atmosphere_with_his_crew": 1, "agent_1_candidate_d_is_regarded_as_arrogant": 1, "agent_1_candidate_d_has_relatively_weak_leadership_skills": 1, "agent_2_candidate_a_is_regarded_as_a_show_off": 0, "agent_2_candidate_a_is_regarded_as_being_not_open_to_new_ideas": 0, "agent_2_candidate_b_has_a_relatively_weak_memory_for_numbers": 0, "agent_2_candidate_b_makes_nasty_remarks_about_his_colleagues": 0, "agent_2_candidate_c_keeps_calm_in_a_crisis": 0, "agent_2_candidate_c_understands_complicated_technology": 0, "agent_2_candidate_d_is_regarded_as_a_know_it_all": 0, "agent_2_candidate_d_has_a_hot_temper": 0, "agent_3_candidate_a_is_unfriendly": 0, "agent_3_candidate_a_eats_unhealthily": 0, "agent_3_candidate_b_is_regarded_as_pretentious": 0, "agent_3_candidate_b_sometimes_adopts_the_wrong_tone_when_communicating": 0, "agent_3_candidate_c_puts_concern_for_others_above_everything": 0, "agent_3_candidate_c_has_excellent_attention_skills": 0, "agent_3_candidate_d_is_considered_moody": 0, "agent_3_candidate_d_is_regarded_as_a_loner": 0}}, {"agent": "agent_2", "score": 0.625, "matched_facts": 25, "total_facts": 40, "matched_public_facts": 16, "total_public_facts": 16, "public_fact_coverage": 1.0, "matched_own_private_facts": 8, "total_own_private_facts": 8, "own_private_fact_coverage": 1.0, "matched_other_private_facts": 1, "total_other_private_facts": 16, "other_private_fact_coverage": 0.0625, "checks": {"public_candidate_a_can_anticipate_dangerous_situations": 1, "public_candidate_a_is_able_to_see_complex_connections": 1, "public_candidate_a_has_excellent_spatial_vision": 1, "public_candidate_a_has_very_good_leadership_qualities": 1, "public_candidate_b_is_very_conscientious": 1, "public_candidate_b_handles_stress_very_well": 1, "public_candidate_b_is_good_at_assessing_weather_conditions": 1, "public_candidate_b_has_excellent_computer_skills": 1, "public_candidate_c_can_make_correct_decisions_quickly": 1, "public_candidate_c_has_difficulty_communicating_ideas": 1, "public_candidate_c_is_regarded_as_egocentric": 1, "public_candidate_c_is_not_very_willing_to_further_his_education": 1, "public_candidate_d_responds_to_unexpected_events_adequately": 1, "public_candidate_d_can_concentrate_very_well": 1, "public_candidate_d_solves_problems_extremely_well": 1, "public_candidate_d_takes_responsibility_seriously": 1, "agent_1_candidate_a_is_sometimes_not_good_at_taking_criticism": 0, "agent_1_candidate_a_can_be_unorganized": 0, "agent_1_candidate_b_can_be_grumpy": 0, "agent_1_candidate_b_can_be_uncooperative": 0, "agent_1_candidate_c_is_known_to_be_100_percent_reliable": 1, "agent_1_candidate_c_creates_a_positive_atmosphere_with_his_crew": 0, "agent_1_candidate_d_is_regarded_as_arrogant": 0, "agent_1_candidate_d_has_relatively_weak_leadership_skills": 0, "agent_2_candidate_a_is_regarded_as_a_show_off": 1, "agent_2_candidate_a_is_regarded_as_being_not_open_to_new_ideas": 1, "agent_2_candidate_b_has_a_relatively_weak_memory_for_numbers": 1, "agent_2_candidate_b_makes_nasty_remarks_about_his_colleagues": 1, "agent_2_candidate_c_keeps_calm_in_a_crisis": 1, "agent_2_candidate_c_understands_complicated_technology": 1, "agent_2_candidate_d_is_regarded_as_a_know_it_all": 1, "agent_2_candidate_d_has_a_hot_temper": 1, "agent_3_candidate_a_is_unfriendly": 0, "agent_3_candidate_a_eats_unhealthily": 0, "agent_3_candidate_b_is_regarded_as_pretentious": 0, "agent_3_candidate_b_sometimes_adopts_the_wrong_tone_when_communicating": 0, "agent_3_candidate_c_puts_concern_for_others_above_everything": 0, "agent_3_candidate_c_has_excellent_attention_skills": 0, "agent_3_candidate_d_is_considered_moody": 0, "agent_3_candidate_d_is_regarded_as_a_loner": 0}}, {"agent": "agent_3", "score": 0.625, "matched_facts": 25, "total_facts": 40, "matched_public_facts": 16, "total_public_facts": 16, "public_fact_coverage": 1.0, "matched_own_private_facts": 8, "total_own_private_facts": 8, "own_private_fact_coverage": 1.0, "matched_other_private_facts": 1, "total_other_private_facts": 16, "other_private_fact_coverage": 0.0625, "checks": {"public_candidate_a_can_anticipate_dangerous_situations": 1, "public_candidate_a_is_able_to_see_complex_connections": 1, "public_candidate_a_has_excellent_spatial_vision": 1, "public_candidate_a_has_very_good_leadership_qualities": 1, "public_candidate_b_is_very_conscientious": 1, "public_candidate_b_handles_stress_very_well": 1, "public_candidate_b_is_good_at_assessing_weather_conditions": 1, "public_candidate_b_has_excellent_computer_skills": 1, "public_candidate_c_can_make_correct_decisions_quickly": 1, "public_candidate_c_has_difficulty_communicating_ideas": 1, "public_candidate_c_is_regarded_as_egocentric": 1, "public_candidate_c_is_not_very_willing_to_further_his_education": 1, "public_candidate_d_responds_to_unexpected_events_adequately": 1, "public_candidate_d_can_concentrate_very_well": 1, "public_candidate_d_solves_problems_extremely_well": 1, "public_candidate_d_takes_responsibility_seriously": 1, "agent_1_candidate_a_is_sometimes_not_good_at_taking_criticism": 0, "agent_1_candidate_a_can_be_unorganized": 0, "agent_1_candidate_b_can_be_grumpy": 0, "agent_1_candidate_b_can_be_uncooperative": 0, "agent_1_candidate_c_is_known_to_be_100_percent_reliable": 1, "agent_1_candidate_c_creates_a_positive_atmosphere_with_his_crew": 0, "agent_1_candidate_d_is_regarded_as_arrogant": 0, "agent_1_candidate_d_has_relatively_weak_leadership_skills": 0, "agent_2_candidate_a_is_regarded_as_a_show_off": 0, "agent_2_candidate_a_is_regarded_as_being_not_open_to_new_ideas": 0, "agent_2_candidate_b_has_a_relatively_weak_memory_for_numbers": 0, "agent_2_candidate_b_makes_nasty_remarks_about_his_colleagues": 0, "agent_2_candidate_c_keeps_calm_in_a_crisis": 0, "agent_2_candidate_c_understands_complicated_technology": 0, "agent_2_candidate_d_is_regarded_as_a_know_it_all": 0, "agent_2_candidate_d_has_a_hot_temper": 0, "agent_3_candidate_a_is_unfriendly": 1, "agent_3_candidate_a_eats_unhealthily": 1, "agent_3_candidate_b_is_regarded_as_pretentious": 1, "agent_3_candidate_b_sometimes_adopts_the_wrong_tone_when_communicating": 1, "agent_3_candidate_c_puts_concern_for_others_above_everything": 1, "agent_3_candidate_c_has_excellent_attention_skills": 1, "agent_3_candidate_d_is_considered_moody": 1, "agent_3_candidate_d_is_regarded_as_a_loner": 1}}]}
{"id": 30, "ts": 1778965203.5238335, "event": "agent_memories_archived", "directory": "/home/lhegemann/git/bachelor_thesis/01_data/raw/simulations/low/low_treatment_20260516_211353_029/shared_mental_models", "round": 2}
{"id": 31, "ts": 1778965203.5238705, "event": "final_decision", "candidate": "Candidate A", "method": "consensus", "vote_count": {"Candidate A": 3}, "correct_candidate": "Candidate C", "decision_correct": 0, "round": 2}
2026-05-16 23:00:03,531 - INFO - ======================================================================
2026-05-16 23:00:03,531 - INFO - SIMULATION METRICS
2026-05-16 23:00:03,531 - INFO - ======================================================================
2026-05-16 23:00:03,531 - INFO - Total Loops: 2
2026-05-16 23:00:03,531 - INFO - Agent Turns (no vote checker): 6
2026-05-16 23:00:03,531 - INFO - Agent Tool Calls: 0
2026-05-16 23:00:03,531 - INFO - Agent Tool Messages: 0
2026-05-16 23:00:03,531 - INFO - Memory Updates: 18
2026-05-16 23:00:03,531 - INFO - Total Messages (no vote checker): 6
2026-05-16 23:00:03,531 - INFO - Input Tokens: 43613
2026-05-16 23:00:03,531 - INFO - Output Tokens: 20138
2026-05-16 23:00:03,531 - INFO - Total Tokens: 63751
2026-05-16 23:00:03,531 - INFO - Final Chosen Candidate: Candidate A
2026-05-16 23:00:03,531 - INFO - Final Decision Method: consensus
2026-05-16 23:00:03,531 - INFO - Final Vote Count: {'Candidate A': 3}
2026-05-16 23:00:03,531 - INFO - Correct Candidate: Candidate C
2026-05-16 23:00:03,531 - INFO - Decision Correct: 0
2026-05-16 23:00:03,531 - INFO - Runtime: 115.05s
2026-05-16 23:00:03,531 - INFO - ======================================================================
