2026-05-09 01:01:34,928 - INFO - Metrics tracker initialized
{"id": 1, "ts": 1778281294.9553187, "event": "memory_reset"}
{"id": 2, "ts": 1778281294.9587626, "event": "discussion_order", "round": 1, "order": ["agent_1", "agent_3", "agent_2"]}
2026-05-09 01:01:43,499 - INFO - Tokens - Input: 1782, Output: 864, Total: 2646
{"id": 3, "ts": 1778281303.5006723, "event": "public_discussion_message", "round": 1, "agent": "agent_1", "message": "Current position: Candidate C\nConfidence/uncertainty: Moderate confidence; candidate C appears strongest overall but some cooperation concerns remain.\nReasoning summary:\n- Key evidence used: Candidate C is known to be 100% reliable, creates a positive atmosphere with the crew, and can make correct decisions quickly\u2014critical for long-distance safety and crew cohesion. These strengths address reliability, cooperation, and decision\u2011making under pressure.\n- Evidence from others: No other agents have contributed yet.\n- Alternatives considered:\n  * Candidate B \u2013 strong stress handling and technical skills but has noted uncooperative and grumpy behavior, which could impair cockpit teamwork.\n  * Candidate D \u2013 excellent problem\u2011solving and responsibility but is regarded as arrogant with weak leadership, raising similar teamwork concerns.\n  * Candidate A \u2013 good leadership and situational anticipation but is sometimes poor at taking criticism and can be unorganized, risking crew dynamics and operational efficiency.\n- Main tradeoff: Balancing reliability and crew atmosphere (Candidate C) against noted communication and egocentric traits versus stronger technical or stress\u2011handling attributes in other candidates that are offset by poorer cooperation.\n- Remaining uncertainty: The impact of Candidate C\u2019s difficulty communicating ideas and egocentric attitude on real\u2011world cockpit collaboration and safety.\n- What would change my vote: Strong evidence that Candidate C\u2019s communication issues lead to critical misunderstandings or that another candidate\u2019s cooperation drawbacks are less severe than currently described.\nMETADATA_JSON:\n{\"agent\": \"agent_1\", \"vote\": \"Candidate C\"}"}
2026-05-09 01:01:43,500 - INFO - Agent turns: 1
2026-05-09 01:01:51,668 - INFO - Tokens - Input: 1748, Output: 1114, Total: 2862
2026-05-09 01:01:51,670 - INFO - Memory updates: 1
{"id": 4, "ts": 1778281311.6705928, "event": "memory_updated", "agent": "agent_1", "round": 1}
2026-05-09 01:01:53,272 - INFO - Tokens - Input: 1751, Output: 1363, Total: 3114
2026-05-09 01:01:53,273 - INFO - Memory updates: 2
{"id": 5, "ts": 1778281313.273925, "event": "memory_updated", "agent": "agent_2", "round": 1}
2026-05-09 01:01:57,019 - INFO - Tokens - Input: 1743, Output: 1590, Total: 3333
2026-05-09 01:01:57,021 - INFO - Memory updates: 3
{"id": 6, "ts": 1778281317.0220401, "event": "memory_updated", "agent": "agent_3", "round": 1}
2026-05-09 01:02:04,981 - INFO - Tokens - Input: 2899, Output: 1063, Total: 3962
{"id": 7, "ts": 1778281324.9826038, "event": "public_discussion_message", "round": 1, "agent": "agent_3", "message": "Current position: Candidate B\nConfidence/uncertainty: Moderate confidence \u2013 the evidence points to B as the most balanced overall, but cooperation concerns remain.\nReasoning summary:\n- Key evidence used: Candidate\u202fB is very conscientious (reliability), handles stress very well (calmness under pressure), is good at assessing weather conditions (technical competence for long\u2011haul flights), and has excellent computer skills (modern avionics).\n- Evidence from others: Agent\u202f1 has advocated for Candidate\u202fC, citing reliability and crew\u2011atmosphere strengths but also noting communication difficulty and egocentricity. No other agents have contributed yet.\n- Alternatives considered:\n  * Candidate\u202fA \u2013 strong situational awareness, spatial vision, and leadership, but is unfriendly, which could harm crew cohesion.\n  * Candidate\u202fC \u2013 quick decision\u2011making and concern for others, yet has difficulty communicating ideas and an egocentric attitude that may impair cockpit coordination.\n  * Candidate\u202fD \u2013 excellent problem\u2011solving, responsibility, and concentration, but is described as moody and a loner, raising serious teamwork concerns.\n- Main tradeoff: Balancing technical and stress\u2011handling strengths against interpersonal drawbacks. Candidate\u202fB\u2019s cooperation negatives (pretentiousness, occasional wrong tone) appear less likely to impede essential communication than the more fundamental communication barriers seen in C or the pronounced unfriendly/moody traits of A and D.\n- Remaining uncertainty: The real\u2011world impact of B\u2019s pretentiousness and tone issues on crew dynamics; whether these could lead to critical miscommunication in the cockpit.\n- What would change my vote: Convincing evidence that Candidate\u202fC\u2019s communication difficulties are minor in practice, or that Candidate\u202fA\u2019s or D\u2019s interpersonal issues are less severe than currently described, making them overall stronger than B.\nMETADATA_JSON:\n{\"agent\": \"agent_3\", \"vote\": \"Candidate B\"}"}
2026-05-09 01:02:04,982 - INFO - Agent turns: 2
2026-05-09 01:02:12,652 - INFO - Tokens - Input: 3041, Output: 920, Total: 3961
2026-05-09 01:02:12,654 - INFO - Memory updates: 4
{"id": 8, "ts": 1778281332.654304, "event": "memory_updated", "agent": "agent_3", "round": 1}
2026-05-09 01:02:13,044 - INFO - Tokens - Input: 2637, Output: 1151, Total: 3788
2026-05-09 01:02:13,046 - INFO - Memory updates: 5
{"id": 9, "ts": 1778281333.0465794, "event": "memory_updated", "agent": "agent_1", "round": 1}
2026-05-09 01:02:14,521 - INFO - Tokens - Input: 2725, Output: 1259, Total: 3984
2026-05-09 01:02:14,523 - INFO - Memory updates: 6
{"id": 10, "ts": 1778281334.523608, "event": "memory_updated", "agent": "agent_2", "round": 1}
2026-05-09 01:02:22,484 - INFO - Tokens - Input: 2985, Output: 1077, Total: 4062
{"id": 11, "ts": 1778281342.4858592, "event": "public_discussion_message", "round": 1, "agent": "agent_2", "message": "Current position: Candidate C\nConfidence/uncertainty: Moderate confidence \u2013 the evidence leans toward C but some communication concerns remain.\nReasoning summary:\n- Key evidence used: Candidate\u202fC is described as 100\u202f% reliable, keeps calm in a crisis, makes correct decisions quickly, understands complicated technology, and is noted to create a positive crew atmosphere and show concern for others. These address reliability, calmness under pressure, technical competence, and cooperation \u2013 the core criteria for a long\u2011distance pilot.\n- Evidence from others: Agent\u202f1 highlighted C\u2019s reliability and positive crew atmosphere; Agent\u202f3 confirmed C\u2019s calmness in crisis and added that C is regarded as egocentric and has difficulty communicating ideas.\n- Alternatives considered:\n  * Candidate\u202fB \u2013 strong on conscientiousness, stress handling, weather assessment, and computer skills, but has a weak numeric memory and makes nasty, pretentious remarks, which are serious cooperation drawbacks.\n  * Candidate\u202fA \u2013 excellent situational anticipation and leadership, yet is seen as a show\u2011off, not open to new ideas, and unfriendly, raising crew\u2011cohesion concerns.\n  * Candidate\u202fD \u2013 excellent problem\u2011solving and responsibility, but is labeled a know\u2011it\u2011all with a hot temper and moody, loner traits that threaten teamwork.\n- Main tradeoff: Balancing C\u2019s strong reliability, calmness, and positive crew impact against its communication difficulty and egocentric attitude versus B\u2019s technical strengths but more severe interpersonal negativity.\n- Remaining uncertainty: How much C\u2019s difficulty communicating ideas would affect real\u2011world cockpit coordination and safety.\n- What would change my vote: Convincing evidence that C\u2019s communication problems lead to critical misunderstandings, or that another candidate\u2019s cooperation issues are demonstrably less severe while maintaining comparable reliability and technical competence.\nMETADATA_JSON:\n{\"agent\": \"agent_2\", \"vote\": \"Candidate C\"}"}
2026-05-09 01:02:22,486 - INFO - Agent turns: 3
2026-05-09 01:02:28,114 - INFO - Tokens - Input: 3122, Output: 1052, Total: 4174
2026-05-09 01:02:28,116 - INFO - Memory updates: 7
{"id": 12, "ts": 1778281348.1162276, "event": "memory_updated", "agent": "agent_2", "round": 1}
2026-05-09 01:02:32,034 - INFO - Tokens - Input: 3005, Output: 1332, Total: 4337
2026-05-09 01:02:32,036 - INFO - Memory updates: 8
{"id": 13, "ts": 1778281352.0365107, "event": "memory_updated", "agent": "agent_3", "round": 1}
2026-05-09 01:02:36,118 - INFO - Tokens - Input: 3187, Output: 1840, Total: 5027
2026-05-09 01:02:36,119 - INFO - Memory updates: 9
{"id": 14, "ts": 1778281356.1200426, "event": "memory_updated", "agent": "agent_1", "round": 1}
2026-05-09 01:02:36,129 - INFO - Loop 1 completed
{"id": 15, "ts": 1778281356.1355593, "event": "discussion_order", "round": 2, "order": ["agent_1", "agent_3", "agent_2"]}
2026-05-09 01:02:40,202 - INFO - Tokens - Input: 3728, Output: 484, Total: 4212
{"id": 16, "ts": 1778281360.2038407, "event": "public_discussion_message", "round": 2, "agent": "agent_1", "message": "Current position: Candidate C\nConfidence/uncertainty: Moderate (\u224865\u202f%)\nReasoning summary:\n- Key evidence used: Candidate\u202fC is 100\u202f% reliable, makes correct decisions quickly, stays calm in crises, understands complex technology, and creates a positive atmosphere with the crew. These address reliability, calmness under pressure, technical competence, and cooperation \u2013 the core criteria for long\u2011distance flights.\n- Evidence from others: Agent\u202f2 also supports C, emphasizing the same reliability, calmness, technical understanding, and crew\u2011positive impact. Agent\u202f3 notes C\u2019s communication difficulty and egocentric attitude, but also acknowledges the reliability and crew morale strengths.\n- Alternatives considered:\n  * Candidate\u202fB \u2013 strong technical skills, stress handling, and conscientiousness, yet has notable cooperation drawbacks (pretentiousness, grumpy/uncooperative behavior) that could impair cockpit teamwork.\n  * Candidate\u202fA \u2013 good situational anticipation and leadership, but is unfriendly, unorganized, and resistant to criticism, raising crew\u2011cohesion concerns.\n  * Candidate\u202fD \u2013 excellent problem\u2011solving and responsibility, but is seen as arrogant, has weak leadership, and exhibits moody/loner traits, also threatening teamwork.\n- Main tradeoff: Balancing C\u2019s perfect reliability and crew\u2011positive atmosphere against its communication difficulty and egocentric style versus B\u2019s technical competence but more severe cooperation negatives.\n- Remaining uncertainty: The real\u2011world impact of Candidate\u202fC\u2019s difficulty communicating ideas on safety\u2011critical cockpit interactions.\n- What would change my vote: Concrete evidence that C\u2019s communication issues lead to critical misunderstandings, or convincing data that another candidate (especially B) can mitigate their cooperation drawbacks without compromising safety, while matching C\u2019s reliability and crew\u2011morale benefits.\nMETADATA_JSON:\n{\"agent\": \"agent_1\", \"vote\": \"Candidate C\"}"}
2026-05-09 01:02:40,204 - INFO - Agent turns: 4
2026-05-09 01:02:47,948 - INFO - Tokens - Input: 3538, Output: 877, Total: 4415
2026-05-09 01:02:47,950 - INFO - Memory updates: 10
{"id": 17, "ts": 1778281367.9508011, "event": "memory_updated", "agent": "agent_3", "round": 2}
2026-05-09 01:02:49,278 - INFO - Tokens - Input: 3831, Output: 1196, Total: 5027
2026-05-09 01:02:49,282 - INFO - Memory updates: 11
{"id": 18, "ts": 1778281369.283012, "event": "memory_updated", "agent": "agent_1", "round": 2}
2026-05-09 01:02:49,787 - INFO - Tokens - Input: 3192, Output: 1243, Total: 4435
2026-05-09 01:02:49,789 - INFO - Memory updates: 12
{"id": 19, "ts": 1778281369.7896435, "event": "memory_updated", "agent": "agent_2", "round": 2}
2026-05-09 01:02:58,891 - INFO - Tokens - Input: 3550, Output: 1078, Total: 4628
{"id": 20, "ts": 1778281378.893021, "event": "public_discussion_message", "round": 2, "agent": "agent_3", "message": "Current position: Candidate C\nConfidence/uncertainty: Moderate confidence (\u224865\u202f%)\nReasoning summary:\n- Key evidence used: Candidate\u202fC is described as 100\u202f% reliable, makes correct decisions quickly, stays calm in crises, has excellent attention skills, understands complex technology, puts concern for others above everything, and creates a positive crew atmosphere. These address reliability, calmness under pressure, technical competence, and cooperation\u2014core criteria for long\u2011distance pilots.\n- Evidence from others: Agent\u202f1 and Agent\u202f2 have both highlighted C\u2019s reliability, calmness, technical grasp, and crew\u2011positive impact, while noting the communication difficulty and egocentric attitude as potential drawbacks.\n- Alternatives considered:\n  * Candidate\u202fB \u2013 strong on conscientiousness, stress handling, weather assessment, and computer skills, but exhibits multiple cooperation negatives (pretentiousness, wrong tone, nasty remarks) that may impair cockpit teamwork.\n  * Candidate\u202fA \u2013 excellent situational anticipation, spatial vision, and leadership, yet is unfriendly and shows a show\u2011off attitude, raising crew\u2011cohesion concerns.\n  * Candidate\u202fD \u2013 outstanding problem\u2011solving, concentration, and responsibility, but is moody, a loner, and has a hot temper, which are serious teamwork risks.\n- Main tradeoff: Balancing C\u2019s perfect reliability and positive crew impact against its communication difficulty and egocentric style versus B\u2019s technical strengths but more numerous cooperation drawbacks.\n- Remaining uncertainty: How much Candidate\u202fC\u2019s difficulty communicating ideas would affect safety\u2011critical cockpit interactions in practice.\n- What would change my vote: Concrete evidence that C\u2019s communication problems lead to critical misunderstandings, or convincing data that another candidate (e.g., B) can match C\u2019s reliability while having less severe cooperation issues.\nMETADATA_JSON:\n{\"agent\": \"agent_3\", \"vote\": \"Candidate C\"}"}
2026-05-09 01:02:58,893 - INFO - Agent turns: 5
2026-05-09 01:03:08,213 - INFO - Tokens - Input: 3674, Output: 1212, Total: 4886
2026-05-09 01:03:08,215 - INFO - Memory updates: 13
{"id": 21, "ts": 1778281388.215558, "event": "memory_updated", "agent": "agent_3", "round": 2}
2026-05-09 01:03:08,939 - INFO - Tokens - Input: 3687, Output: 1288, Total: 4975
2026-05-09 01:03:08,941 - INFO - Memory updates: 14
{"id": 22, "ts": 1778281388.9413364, "event": "memory_updated", "agent": "agent_2", "round": 2}
2026-05-09 01:03:09,494 - INFO - Tokens - Input: 4073, Output: 1591, Total: 5664
2026-05-09 01:03:09,495 - INFO - Memory updates: 15
{"id": 23, "ts": 1778281389.4960408, "event": "memory_updated", "agent": "agent_1", "round": 2}
2026-05-09 01:03:14,687 - INFO - Tokens - Input: 3825, Output: 646, Total: 4471
{"id": 24, "ts": 1778281394.6886697, "event": "public_discussion_message", "round": 2, "agent": "agent_2", "message": "Current position: Candidate C\nConfidence/uncertainty: Moderate (\u224865\u202f%)\nReasoning summary:\n- Key evidence used: Candidate\u202fC is described as 100\u202f% reliable, stays calm in crises, makes correct decisions quickly, understands complicated technology, creates a positive crew atmosphere, and shows concern for others. These attributes cover reliability, calmness under pressure, technical competence, and cooperation \u2013 the core criteria for a long\u2011distance pilot.\n- Evidence from others: Agent\u202f1 and Agent\u202f3 have both highlighted the same reliability, calmness, technical understanding, and crew\u2011positive impact of Candidate\u202fC, while also noting the communication difficulty and egocentric attitude as potential drawbacks.\n- Alternatives considered:\n  * Candidate\u202fB \u2013 strong on conscientiousness, stress handling, weather assessment, and computer skills, but has notable cooperation negatives (weak numeric memory, nasty remarks, pretentious tone) that could impair cockpit teamwork.\n  * Candidate\u202fA \u2013 excellent situational anticipation, spatial vision, and leadership, yet is seen as a show\u2011off, not open to new ideas, and unfriendly, raising crew\u2011cohesion concerns.\n  * Candidate\u202fD \u2013 outstanding problem\u2011solving, concentration, and responsibility, but is regarded as a know\u2011it\u2011all with a hot temper and moody/loner tendencies, threatening teamwork.\n- Main tradeoff: Balancing Candidate\u202fC\u2019s perfect reliability and positive crew impact against its communication difficulty and egocentric style versus the stronger technical or stress\u2011handling strengths of other candidates that are offset by more severe cooperation drawbacks.\n- Remaining uncertainty: How much Candidate\u202fC\u2019s difficulty communicating ideas would affect safety\u2011critical cockpit interactions on long\u2011haul flights.\n- What would change my vote: Concrete evidence that Candidate\u202fC\u2019s communication problems lead to critical misunderstandings, or convincing data that another candidate can match C\u2019s reliability and crew\u2011morale benefits while exhibiting fewer cooperation issues.\nMETADATA_JSON:\n{\"agent\": \"agent_2\", \"vote\": \"Candidate C\"}"}
2026-05-09 01:03:14,688 - INFO - Agent turns: 6
2026-05-09 01:03:21,570 - INFO - Tokens - Input: 4003, Output: 922, Total: 4925
2026-05-09 01:03:21,572 - INFO - Memory updates: 16
{"id": 25, "ts": 1778281401.5727055, "event": "memory_updated", "agent": "agent_2", "round": 2}
2026-05-09 01:03:23,805 - INFO - Tokens - Input: 4051, Output: 1235, Total: 5286
2026-05-09 01:03:23,807 - INFO - Memory updates: 17
{"id": 26, "ts": 1778281403.8080764, "event": "memory_updated", "agent": "agent_3", "round": 2}
2026-05-09 01:03:24,039 - INFO - Tokens - Input: 4594, Output: 1289, Total: 5883
2026-05-09 01:03:24,041 - INFO - Memory updates: 18
{"id": 27, "ts": 1778281404.041406, "event": "memory_updated", "agent": "agent_1", "round": 2}
2026-05-09 01:03:24,049 - INFO - Loop 2 completed
2026-05-09 01:03:24,050 - INFO - Final Chosen Candidate: Candidate C
2026-05-09 01:03:24,050 - INFO - Final Decision Method: consensus
2026-05-09 01:03:24,050 - INFO - Final Vote Count: {'Candidate C': 3}
2026-05-09 01:03:24,050 - INFO - Correct Candidate: Candidate C
2026-05-09 01:03:24,050 - INFO - Decision Correct: 1
{"id": 28, "ts": 1778281404.4169242, "event": "context_consistency_calculated", "method": "embedding_cosine", "mean_pairwise_similarity": 0.799606, "pairwise": [{"agent_a": "agent_1", "agent_b": "agent_2", "similarity": 0.729578}, {"agent_a": "agent_1", "agent_b": "agent_3", "similarity": 0.742226}, {"agent_a": "agent_2", "agent_b": "agent_3", "similarity": 0.927015}]}
{"id": 29, "ts": 1778281404.4170845, "event": "gold_standard_alignment_calculated", "method": "rule_based_binary_checks", "mean_alignment": 0.833333, "by_agent": [{"agent": "agent_1", "score": 0.5, "checks": {"favorite_is_c": 1, "c_reliability": 1, "c_calmness": 1, "c_attention": 0, "c_crew_fit": 1, "a_risks": 0, "b_risks": 0, "d_risks": 0}}, {"agent": "agent_2", "score": 1.0, "checks": {"favorite_is_c": 1, "c_reliability": 1, "c_calmness": 1, "c_attention": 1, "c_crew_fit": 1, "a_risks": 1, "b_risks": 1, "d_risks": 1}}, {"agent": "agent_3", "score": 1.0, "checks": {"favorite_is_c": 1, "c_reliability": 1, "c_calmness": 1, "c_attention": 1, "c_crew_fit": 1, "a_risks": 1, "b_risks": 1, "d_risks": 1}}]}
{"id": 30, "ts": 1778281404.4172037, "event": "agent_memories_archived", "directory": "/home/lhegemann/git/bachelor_thesis/01_data/raw/simulations/high/high_treatment_20260508_195017_024/shared_mental_models", "round": 2}
{"id": 31, "ts": 1778281404.4172843, "event": "final_decision", "candidate": "Candidate C", "method": "consensus", "vote_count": {"Candidate C": 3}, "correct_candidate": "Candidate C", "decision_correct": 1, "round": 2}
2026-05-09 01:03:24,426 - INFO - ======================================================================
2026-05-09 01:03:24,427 - INFO - SIMULATION METRICS
2026-05-09 01:03:24,427 - INFO - ======================================================================
2026-05-09 01:03:24,427 - INFO - Total Loops: 2
2026-05-09 01:03:24,427 - INFO - Agent Turns (no vote checker): 6
2026-05-09 01:03:24,427 - INFO - Agent Tool Calls: 0
2026-05-09 01:03:24,427 - INFO - Agent Tool Messages: 0
2026-05-09 01:03:24,427 - INFO - Memory Updates: 18
2026-05-09 01:03:24,427 - INFO - Total Messages (no vote checker): 6
2026-05-09 01:03:24,427 - INFO - Input Tokens: 76371
2026-05-09 01:03:24,427 - INFO - Output Tokens: 27686
2026-05-09 01:03:24,427 - INFO - Total Tokens: 104057
2026-05-09 01:03:24,428 - INFO - Final Chosen Candidate: Candidate C
2026-05-09 01:03:24,428 - INFO - Final Decision Method: consensus
2026-05-09 01:03:24,428 - INFO - Final Vote Count: {'Candidate C': 3}
2026-05-09 01:03:24,428 - INFO - Correct Candidate: Candidate C
2026-05-09 01:03:24,428 - INFO - Decision Correct: 1
2026-05-09 01:03:24,428 - INFO - Runtime: 109.50s
2026-05-09 01:03:24,428 - INFO - ======================================================================
