2026-05-07 14:00:20,395 - INFO - Metrics tracker initialized
{"id": 1, "ts": 1778155220.4244137, "event": "memory_reset"}
{"id": 2, "ts": 1778155220.428322, "event": "discussion_order", "round": 1, "order": ["agent_3", "agent_2", "agent_1"]}
2026-05-07 14:00:27,463 - INFO - Tokens - Input: 1681, Output: 683, Total: 2364
{"id": 3, "ts": 1778155227.463977, "event": "public_discussion_message", "round": 1, "agent": "agent_3", "message": "I prefer Candidate B; handles stress very well.\nMETADATA_JSON:\n{\"agent\": \"agent_3\", \"vote\": \"Candidate B\"}"}
2026-05-07 14:00:27,464 - INFO - Agent turns: 1
2026-05-07 14:00:34,430 - INFO - Tokens - Input: 1194, Output: 964, Total: 2158
2026-05-07 14:00:34,432 - INFO - Memory updates: 1
{"id": 4, "ts": 1778155234.4326882, "event": "memory_updated", "agent": "agent_2", "round": 1}
2026-05-07 14:00:34,526 - INFO - Tokens - Input: 1191, Output: 834, Total: 2025
2026-05-07 14:00:34,528 - INFO - Memory updates: 2
{"id": 5, "ts": 1778155234.5286298, "event": "memory_updated", "agent": "agent_1", "round": 1}
2026-05-07 14:00:35,600 - INFO - Tokens - Input: 1186, Output: 1015, Total: 2201
2026-05-07 14:00:35,601 - INFO - Memory updates: 3
{"id": 6, "ts": 1778155235.6018567, "event": "memory_updated", "agent": "agent_3", "round": 1}
2026-05-07 14:00:41,110 - INFO - Tokens - Input: 1797, Output: 721, Total: 2518
{"id": 7, "ts": 1778155241.1120405, "event": "public_discussion_message", "round": 1, "agent": "agent_2", "message": "I prefer Candidate B; has excellent computer skills.\nMETADATA_JSON:\n{\"agent\": \"agent_2\", \"vote\": \"Candidate B\"}"}
2026-05-07 14:00:41,112 - INFO - Agent turns: 2
2026-05-07 14:00:46,927 - INFO - Tokens - Input: 1583, Output: 774, Total: 2357
2026-05-07 14:00:46,929 - INFO - Memory updates: 4
{"id": 8, "ts": 1778155246.9291728, "event": "memory_updated", "agent": "agent_3", "round": 1}
2026-05-07 14:00:52,826 - INFO - Tokens - Input: 1307, Output: 912, Total: 2219
2026-05-07 14:00:52,829 - INFO - Memory updates: 5
{"id": 9, "ts": 1778155252.8296227, "event": "memory_updated", "agent": "agent_2", "round": 1}
2026-05-07 14:00:54,751 - INFO - Tokens - Input: 1262, Output: 1608, Total: 2870
2026-05-07 14:00:54,753 - INFO - Memory updates: 6
{"id": 10, "ts": 1778155254.7531514, "event": "memory_updated", "agent": "agent_1", "round": 1}
2026-05-07 14:00:58,066 - INFO - Tokens - Input: 2358, Output: 422, Total: 2780
{"id": 11, "ts": 1778155258.0679348, "event": "public_discussion_message", "round": 1, "agent": "agent_1", "message": "I prefer Candidate C; known to be 100\u202f% reliable.\nMETADATA_JSON:\n{\"agent\": \"agent_1\", \"vote\": \"Candidate C\"}"}
2026-05-07 14:00:58,068 - INFO - Agent turns: 3
2026-05-07 14:01:07,759 - INFO - Tokens - Input: 1876, Output: 1221, Total: 3097
2026-05-07 14:01:07,761 - INFO - Memory updates: 7
{"id": 12, "ts": 1778155267.7616975, "event": "memory_updated", "agent": "agent_1", "round": 1}
2026-05-07 14:01:08,515 - INFO - Tokens - Input: 1577, Output: 1004, Total: 2581
2026-05-07 14:01:08,516 - INFO - Memory updates: 8
{"id": 13, "ts": 1778155268.5168772, "event": "memory_updated", "agent": "agent_3", "round": 1}
2026-05-07 14:01:10,568 - INFO - Tokens - Input: 1418, Output: 1460, Total: 2878
2026-05-07 14:01:10,569 - INFO - Memory updates: 9
{"id": 14, "ts": 1778155270.5699103, "event": "memory_updated", "agent": "agent_2", "round": 1}
2026-05-07 14:01:10,579 - INFO - Loop 1 completed
{"id": 15, "ts": 1778155270.585375, "event": "discussion_order", "round": 2, "order": ["agent_3", "agent_2", "agent_1"]}
2026-05-07 14:06:14,357 - INFO - Tokens - Input: 2250, Output: 127, Total: 2377
{"id": 16, "ts": 1778155574.3584843, "event": "public_discussion_message", "round": 2, "agent": "agent_3", "message": "I still favor Candidate B; handles stress well.\nMETADATA_JSON:\n{\"agent\": \"agent_3\", \"vote\": \"Candidate B\"}"}
2026-05-07 14:06:14,358 - INFO - Agent turns: 4
2026-05-07 14:06:20,985 - INFO - Tokens - Input: 1742, Output: 913, Total: 2655
2026-05-07 14:06:20,987 - INFO - Memory updates: 10
{"id": 17, "ts": 1778155580.9876933, "event": "memory_updated", "agent": "agent_3", "round": 2}
2026-05-07 14:06:21,695 - INFO - Tokens - Input: 1835, Output: 1031, Total: 2866
2026-05-07 14:06:21,697 - INFO - Memory updates: 11
{"id": 18, "ts": 1778155581.6972167, "event": "memory_updated", "agent": "agent_2", "round": 2}
2026-05-07 14:06:24,527 - INFO - Tokens - Input: 1974, Output: 1247, Total: 3221
2026-05-07 14:06:24,529 - INFO - Memory updates: 12
{"id": 19, "ts": 1778155584.5296688, "event": "memory_updated", "agent": "agent_1", "round": 2}
2026-05-07 14:06:25,734 - INFO - Tokens - Input: 2289, Output: 119, Total: 2408
{"id": 20, "ts": 1778155585.735397, "event": "public_discussion_message", "round": 2, "agent": "agent_2", "message": "I still favor Candidate B; makes nasty remarks about colleagues.\nMETADATA_JSON:\n{\"agent\": \"agent_2\", \"vote\": \"Candidate B\"}"}
2026-05-07 14:06:25,735 - INFO - Agent turns: 5
2026-05-07 14:06:34,602 - INFO - Tokens - Input: 1767, Output: 1100, Total: 2867
2026-05-07 14:06:34,604 - INFO - Memory updates: 13
{"id": 21, "ts": 1778155594.604228, "event": "memory_updated", "agent": "agent_3", "round": 2}
2026-05-07 14:06:35,014 - INFO - Tokens - Input: 1949, Output: 1142, Total: 3091
2026-05-07 14:06:35,016 - INFO - Memory updates: 14
{"id": 22, "ts": 1778155595.0166645, "event": "memory_updated", "agent": "agent_1", "round": 2}
2026-05-07 14:06:35,539 - INFO - Tokens - Input: 1803, Output: 1061, Total: 2864
2026-05-07 14:06:35,540 - INFO - Memory updates: 15
{"id": 23, "ts": 1778155595.5404043, "event": "memory_updated", "agent": "agent_2", "round": 2}
2026-05-07 14:06:37,101 - INFO - Tokens - Input: 2321, Output: 141, Total: 2462
{"id": 24, "ts": 1778155597.1021044, "event": "public_discussion_message", "round": 2, "agent": "agent_1", "message": "I still favor Candidate C; known to be 100\u202f% reliable.\nMETADATA_JSON:\n{\"agent\": \"agent_1\", \"vote\": \"Candidate C\"}"}
2026-05-07 14:06:37,102 - INFO - Agent turns: 6
2026-05-07 14:06:43,118 - INFO - Tokens - Input: 1841, Output: 864, Total: 2705
2026-05-07 14:06:43,119 - INFO - Memory updates: 16
{"id": 25, "ts": 1778155603.1197932, "event": "memory_updated", "agent": "agent_1", "round": 2}
2026-05-07 14:06:44,064 - INFO - Tokens - Input: 1902, Output: 973, Total: 2875
2026-05-07 14:06:44,068 - INFO - Memory updates: 17
{"id": 26, "ts": 1778155604.0681717, "event": "memory_updated", "agent": "agent_2", "round": 2}
2026-05-07 14:06:56,676 - INFO - Tokens - Input: 1871, Output: 1018, Total: 2889
2026-05-07 14:06:56,678 - INFO - Memory updates: 18
{"id": 27, "ts": 1778155616.6782196, "event": "memory_updated", "agent": "agent_3", "round": 2}
2026-05-07 14:06:56,686 - INFO - Loop 2 completed
{"id": 28, "ts": 1778155616.6923256, "event": "discussion_order", "round": 3, "order": ["agent_1", "agent_2", "agent_3"]}
2026-05-07 14:06:59,869 - INFO - Tokens - Input: 2326, Output: 147, Total: 2473
{"id": 29, "ts": 1778155619.8711414, "event": "public_discussion_message", "round": 3, "agent": "agent_1", "message": "Candidate C; known to be 100% reliable.\nMETADATA_JSON:\n{\"agent\": \"agent_1\", \"vote\": \"Candidate C\"}"}
2026-05-07 14:06:59,871 - INFO - Agent turns: 7
2026-05-07 14:07:05,881 - INFO - Tokens - Input: 1820, Output: 910, Total: 2730
2026-05-07 14:07:05,882 - INFO - Memory updates: 19
{"id": 30, "ts": 1778155625.88306, "event": "memory_updated", "agent": "agent_1", "round": 3}
2026-05-07 14:07:07,319 - INFO - Tokens - Input: 1774, Output: 1039, Total: 2813
2026-05-07 14:07:07,321 - INFO - Memory updates: 20
{"id": 31, "ts": 1778155627.3216918, "event": "memory_updated", "agent": "agent_3", "round": 3}
2026-05-07 14:07:15,912 - INFO - Tokens - Input: 1723, Output: 862, Total: 2585
2026-05-07 14:07:15,914 - INFO - Memory updates: 21
{"id": 32, "ts": 1778155635.914513, "event": "memory_updated", "agent": "agent_2", "round": 3}
2026-05-07 14:07:20,503 - INFO - Tokens - Input: 2122, Output: 645, Total: 2767
{"id": 33, "ts": 1778155640.5052638, "event": "public_discussion_message", "round": 3, "agent": "agent_2", "message": "Candidate A; anticipates dangerous situations.\nMETADATA_JSON:\n{\"agent\": \"agent_2\", \"vote\": \"Candidate A\"}"}
2026-05-07 14:07:20,505 - INFO - Agent turns: 8
2026-05-07 14:07:27,452 - INFO - Tokens - Input: 1628, Output: 945, Total: 2573
2026-05-07 14:07:27,454 - INFO - Memory updates: 22
{"id": 34, "ts": 1778155647.4544177, "event": "memory_updated", "agent": "agent_2", "round": 3}
2026-05-07 14:07:27,733 - INFO - Tokens - Input: 1852, Output: 916, Total: 2768
2026-05-07 14:07:27,735 - INFO - Memory updates: 23
{"id": 35, "ts": 1778155647.7352195, "event": "memory_updated", "agent": "agent_1", "round": 3}
2026-05-07 14:07:30,395 - INFO - Tokens - Input: 1721, Output: 1080, Total: 2801
2026-05-07 14:07:30,397 - INFO - Memory updates: 24
{"id": 36, "ts": 1778155650.3976681, "event": "memory_updated", "agent": "agent_3", "round": 3}
2026-05-07 14:07:40,094 - INFO - Tokens - Input: 2327, Output: 682, Total: 3009
{"id": 37, "ts": 1778155660.0947945, "event": "public_discussion_message", "round": 3, "agent": "agent_3", "message": "Candidate C; puts concern for others above everything.\nMETADATA_JSON:\n{\"agent\": \"agent_3\", \"vote\": \"Candidate C\"}"}
2026-05-07 14:07:40,094 - INFO - Agent turns: 9
2026-05-07 14:07:47,601 - INFO - Tokens - Input: 1700, Output: 1036, Total: 2736
2026-05-07 14:07:47,603 - INFO - Memory updates: 25
{"id": 38, "ts": 1778155667.6038342, "event": "memory_updated", "agent": "agent_1", "round": 3}
2026-05-07 14:07:48,002 - INFO - Tokens - Input: 1851, Output: 1029, Total: 2880
2026-05-07 14:07:48,004 - INFO - Memory updates: 26
{"id": 39, "ts": 1778155668.004739, "event": "memory_updated", "agent": "agent_2", "round": 3}
2026-05-07 14:07:50,489 - INFO - Tokens - Input: 1837, Output: 1497, Total: 3334
2026-05-07 14:07:50,490 - INFO - Memory updates: 27
{"id": 40, "ts": 1778155670.4908357, "event": "memory_updated", "agent": "agent_3", "round": 3}
2026-05-07 14:07:50,500 - INFO - Loop 3 completed
{"id": 41, "ts": 1778155670.5065753, "event": "discussion_order", "round": 4, "order": ["agent_3", "agent_1", "agent_2"]}
2026-05-07 14:07:52,388 - INFO - Tokens - Input: 2374, Output: 142, Total: 2516
{"id": 42, "ts": 1778155672.3897908, "event": "public_discussion_message", "round": 4, "agent": "agent_3", "message": "Candidate C; puts concern for others above everything.\nMETADATA_JSON:\n{\"agent\": \"agent_3\", \"vote\": \"Candidate C\"}"}
2026-05-07 14:07:52,389 - INFO - Agent turns: 10
2026-05-07 14:07:57,943 - INFO - Tokens - Input: 1820, Output: 742, Total: 2562
2026-05-07 14:07:57,945 - INFO - Memory updates: 28
{"id": 43, "ts": 1778155677.9451623, "event": "memory_updated", "agent": "agent_1", "round": 4}
2026-05-07 14:07:58,035 - INFO - Tokens - Input: 1884, Output: 735, Total: 2619
2026-05-07 14:07:58,036 - INFO - Memory updates: 29
{"id": 44, "ts": 1778155678.0369923, "event": "memory_updated", "agent": "agent_2", "round": 4}
2026-05-07 14:08:08,443 - INFO - Tokens - Input: 1866, Output: 988, Total: 2854
2026-05-07 14:08:08,445 - INFO - Memory updates: 30
{"id": 45, "ts": 1778155688.445152, "event": "memory_updated", "agent": "agent_3", "round": 4}
2026-05-07 14:08:09,634 - INFO - Tokens - Input: 2219, Output: 145, Total: 2364
{"id": 46, "ts": 1778155689.6359258, "event": "public_discussion_message", "round": 4, "agent": "agent_1", "message": "Candidate C; 100% reliable.\nMETADATA_JSON:\n{\"agent\": \"agent_1\", \"vote\": \"Candidate C\"}"}
2026-05-07 14:08:09,636 - INFO - Agent turns: 11
2026-05-07 14:08:16,792 - INFO - Tokens - Input: 1725, Output: 959, Total: 2684
2026-05-07 14:08:16,794 - INFO - Memory updates: 31
{"id": 47, "ts": 1778155696.7947025, "event": "memory_updated", "agent": "agent_1", "round": 4}
2026-05-07 14:08:17,379 - INFO - Tokens - Input: 1724, Output: 965, Total: 2689
2026-05-07 14:08:17,380 - INFO - Memory updates: 32
{"id": 48, "ts": 1778155697.3808086, "event": "memory_updated", "agent": "agent_2", "round": 4}
2026-05-07 14:08:24,433 - INFO - Tokens - Input: 1796, Output: 1008, Total: 2804
2026-05-07 14:08:24,434 - INFO - Memory updates: 33
{"id": 49, "ts": 1778155704.4350092, "event": "memory_updated", "agent": "agent_3", "round": 4}
2026-05-07 14:08:25,894 - INFO - Tokens - Input: 2249, Output: 155, Total: 2404
{"id": 50, "ts": 1778155705.8957217, "event": "public_discussion_message", "round": 4, "agent": "agent_2", "message": "Candidate A; anticipates dangerous situations.\nMETADATA_JSON:\n{\"agent\": \"agent_2\", \"vote\": \"Candidate A\"}"}
2026-05-07 14:08:25,895 - INFO - Agent turns: 12
2026-05-07 14:08:31,869 - INFO - Tokens - Input: 1755, Output: 785, Total: 2540
2026-05-07 14:08:31,871 - INFO - Memory updates: 34
{"id": 51, "ts": 1778155711.871772, "event": "memory_updated", "agent": "agent_2", "round": 4}
2026-05-07 14:08:32,716 - INFO - Tokens - Input: 1738, Output: 1005, Total: 2743
2026-05-07 14:08:32,718 - INFO - Memory updates: 35
{"id": 52, "ts": 1778155712.718543, "event": "memory_updated", "agent": "agent_1", "round": 4}
2026-05-07 14:08:36,304 - INFO - Tokens - Input: 1863, Output: 1278, Total: 3141
2026-05-07 14:08:36,306 - INFO - Memory updates: 36
{"id": 53, "ts": 1778155716.3066, "event": "memory_updated", "agent": "agent_3", "round": 4}
2026-05-07 14:08:36,315 - INFO - Loop 4 completed
{"id": 54, "ts": 1778155716.3213205, "event": "discussion_order", "round": 5, "order": ["agent_3", "agent_2", "agent_1"]}
2026-05-07 14:08:37,871 - INFO - Tokens - Input: 2517, Output: 137, Total: 2654
{"id": 55, "ts": 1778155717.8726082, "event": "public_discussion_message", "round": 5, "agent": "agent_3", "message": "Candidate C; puts concern for others above everything.\nMETADATA_JSON:\n{\"agent\": \"agent_3\", \"vote\": \"Candidate C\"}"}
2026-05-07 14:08:37,872 - INFO - Agent turns: 13
2026-05-07 14:08:44,187 - INFO - Tokens - Input: 2009, Output: 909, Total: 2918
2026-05-07 14:08:44,189 - INFO - Memory updates: 37
{"id": 56, "ts": 1778155724.1891584, "event": "memory_updated", "agent": "agent_3", "round": 5}
2026-05-07 14:08:44,698 - INFO - Tokens - Input: 1772, Output: 930, Total: 2702
2026-05-07 14:08:44,699 - INFO - Memory updates: 38
{"id": 57, "ts": 1778155724.6998105, "event": "memory_updated", "agent": "agent_1", "round": 5}
2026-05-07 14:08:45,006 - INFO - Tokens - Input: 1794, Output: 939, Total: 2733
2026-05-07 14:08:45,007 - INFO - Memory updates: 39
{"id": 58, "ts": 1778155725.0079596, "event": "memory_updated", "agent": "agent_2", "round": 5}
2026-05-07 14:08:46,231 - INFO - Tokens - Input: 2306, Output: 146, Total: 2452
{"id": 59, "ts": 1778155726.2328393, "event": "public_discussion_message", "round": 5, "agent": "agent_2", "message": "I prefer Candidate A; anticipates dangerous situations.\nMETADATA_JSON:\n{\"agent\": \"agent_2\", \"vote\": \"Candidate A\"}"}
2026-05-07 14:08:46,232 - INFO - Agent turns: 14
2026-05-07 14:08:51,084 - INFO - Tokens - Input: 1816, Output: 614, Total: 2430
2026-05-07 14:08:51,086 - INFO - Memory updates: 40
{"id": 60, "ts": 1778155731.086626, "event": "memory_updated", "agent": "agent_2", "round": 5}
2026-05-07 14:08:53,417 - INFO - Tokens - Input: 1835, Output: 977, Total: 2812
2026-05-07 14:08:53,419 - INFO - Memory updates: 41
{"id": 61, "ts": 1778155733.4199276, "event": "memory_updated", "agent": "agent_1", "round": 5}
2026-05-07 14:08:53,925 - INFO - Tokens - Input: 2053, Output: 1056, Total: 3109
2026-05-07 14:08:53,927 - INFO - Memory updates: 42
{"id": 62, "ts": 1778155733.927337, "event": "memory_updated", "agent": "agent_3", "round": 5}
2026-05-07 14:08:55,154 - INFO - Tokens - Input: 2329, Output: 142, Total: 2471
{"id": 63, "ts": 1778155735.1558592, "event": "public_discussion_message", "round": 5, "agent": "agent_1", "message": "Candidate C; creates a positive crew atmosphere.\nMETADATA_JSON:\n{\"agent\": \"agent_1\", \"vote\": \"Candidate C\"}"}
2026-05-07 14:08:55,156 - INFO - Agent turns: 15
2026-05-07 14:09:01,441 - INFO - Tokens - Input: 1837, Output: 775, Total: 2612
2026-05-07 14:09:01,442 - INFO - Memory updates: 43
{"id": 64, "ts": 1778155741.4428174, "event": "memory_updated", "agent": "agent_1", "round": 5}
2026-05-07 14:09:01,841 - INFO - Tokens - Input: 1861, Output: 766, Total: 2627
2026-05-07 14:09:01,843 - INFO - Memory updates: 44
{"id": 65, "ts": 1778155741.8434598, "event": "memory_updated", "agent": "agent_2", "round": 5}
2026-05-07 14:09:09,600 - INFO - Tokens - Input: 2076, Output: 1461, Total: 3537
2026-05-07 14:09:09,602 - INFO - Memory updates: 45
{"id": 66, "ts": 1778155749.602362, "event": "memory_updated", "agent": "agent_3", "round": 5}
2026-05-07 14:09:09,611 - INFO - Loop 5 completed
2026-05-07 14:09:09,612 - INFO - Final Chosen Candidate: Candidate C
2026-05-07 14:09:09,612 - INFO - Final Decision Method: max_round_majority_vote
2026-05-07 14:09:09,612 - INFO - Final Vote Count: {'Candidate C': 2, 'Candidate A': 1}
2026-05-07 14:09:09,612 - INFO - Correct Candidate: Candidate C
2026-05-07 14:09:09,612 - INFO - Decision Correct: 1
{"id": 67, "ts": 1778155749.928006, "event": "context_consistency_calculated", "method": "embedding_cosine", "mean_pairwise_similarity": 0.79255, "pairwise": [{"agent_a": "agent_1", "agent_b": "agent_2", "similarity": 0.90271}, {"agent_a": "agent_1", "agent_b": "agent_3", "similarity": 0.733457}, {"agent_a": "agent_2", "agent_b": "agent_3", "similarity": 0.741484}]}
{"id": 68, "ts": 1778155749.9282036, "event": "agent_memories_archived", "directory": "/home/lhegemann/git/bachelor_thesis/01_data/raw/simulations/low/low_treatment_20260507_140016_001/shared_mental_models", "round": 5}
{"id": 69, "ts": 1778155749.9283042, "event": "final_decision", "candidate": "Candidate C", "method": "max_round_majority_vote", "vote_count": {"Candidate C": 2, "Candidate A": 1}, "correct_candidate": "Candidate C", "decision_correct": 1, "round": 5}
2026-05-07 14:09:09,938 - INFO - ======================================================================
2026-05-07 14:09:09,938 - INFO - SIMULATION METRICS
2026-05-07 14:09:09,938 - INFO - ======================================================================
2026-05-07 14:09:09,938 - INFO - Total Loops: 5
2026-05-07 14:09:09,938 - INFO - Agent Turns (no vote checker): 15
2026-05-07 14:09:09,938 - INFO - Agent Tool Calls: 0
2026-05-07 14:09:09,938 - INFO - Agent Tool Messages: 0
2026-05-07 14:09:09,938 - INFO - Memory Updates: 45
2026-05-07 14:09:09,938 - INFO - Total Messages (no vote checker): 15
2026-05-07 14:09:09,938 - INFO - Input Tokens: 111873
2026-05-07 14:09:09,939 - INFO - Output Tokens: 49901
2026-05-07 14:09:09,939 - INFO - Total Tokens: 161774
2026-05-07 14:09:09,939 - INFO - Final Chosen Candidate: Candidate C
2026-05-07 14:09:09,939 - INFO - Final Decision Method: max_round_majority_vote
2026-05-07 14:09:09,939 - INFO - Final Vote Count: {'Candidate C': 2, 'Candidate A': 1}
2026-05-07 14:09:09,939 - INFO - Correct Candidate: Candidate C
2026-05-07 14:09:09,939 - INFO - Decision Correct: 1
2026-05-07 14:09:09,939 - INFO - Runtime: 529.54s
2026-05-07 14:09:09,939 - INFO - ======================================================================
