2026-05-08 12:11:16,109 - INFO - Metrics tracker initialized
{"id": 1, "ts": 1778235076.1344402, "event": "memory_reset"}
{"id": 2, "ts": 1778235076.1374018, "event": "discussion_order", "round": 1, "order": ["agent_2", "agent_3", "agent_1"]}
2026-05-08 12:11:22,859 - INFO - Tokens - Input: 1422, Output: 599, Total: 2021
{"id": 3, "ts": 1778235082.8609257, "event": "public_discussion_message", "round": 1, "agent": "agent_2", "message": "I tentatively favor **Candidate\u202fB**. Their very conscientious nature supports reliability, and they handle stress well, which is crucial for staying calm on long\u2011distance flights. However, their tendency to make nasty remarks about colleagues raises a concern about crew cooperation and cockpit harmony.\nMETADATA_JSON:\n{\"agent\": \"agent_2\", \"vote\": \"Candidate B\"}"}
2026-05-08 12:11:22,861 - INFO - Agent turns: 1
2026-05-08 12:11:27,587 - INFO - Tokens - Input: 1561, Output: 778, Total: 2339
{"id": 4, "ts": 1778235087.5887358, "event": "public_discussion_message", "round": 1, "agent": "agent_3", "message": "I tentatively favor **Candidate\u202fB**. Their very conscientious nature supports reliability, and they handle stress well, which is essential for staying calm on long\u2011distance flights. These traits directly address the reliability and calm\u2011under\u2011pressure criteria for a long\u2011haul pilot.\nA key trade\u2011off is their reported pretentious attitude and occasional wrong tone when communicating, which could undermine crew cooperation and cockpit harmony.\nMETADATA_JSON:\n{\"agent\": \"agent_3\", \"vote\": \"Candidate B\"}"}
2026-05-08 12:11:27,588 - INFO - Agent turns: 2
2026-05-08 12:11:34,394 - INFO - Tokens - Input: 1704, Output: 858, Total: 2562
{"id": 5, "ts": 1778235094.395492, "event": "public_discussion_message", "round": 1, "agent": "agent_1", "message": "I tentatively favor **Candidate\u202fC**. Their record of being 100\u202f% reliable and their ability to create a positive atmosphere with the crew support the reliability and cooperation criteria essential for long\u2011distance operations. These traits matter because a dependable pilot who fosters crew harmony helps maintain safety and efficiency over extended flights.\nA key trade\u2011off is C\u2019s difficulty communicating ideas and egocentric attitude, which could hinder clear cockpit communication and teamwork.\nMETADATA_JSON:\n{\"agent\": \"agent_1\", \"vote\": \"Candidate C\"}"}
2026-05-08 12:11:34,395 - INFO - Agent turns: 3
2026-05-08 12:11:34,404 - INFO - Loop 1 completed
{"id": 6, "ts": 1778235094.4119742, "event": "discussion_order", "round": 2, "order": ["agent_2", "agent_3", "agent_1"]}
2026-05-08 12:11:40,163 - INFO - Tokens - Input: 1745, Output: 1033, Total: 2778
{"id": 7, "ts": 1778235100.164733, "event": "public_discussion_message", "round": 2, "agent": "agent_2", "message": "I continue to favor **Candidate\u202fB**. Their strong conscientiousness supports reliability, and their ability to handle stress well is vital for staying calm on long\u2011distance flights; additionally, their skill in assessing weather conditions adds important technical competence. The main concern is their tendency to make nasty remarks about colleagues, which could undermine crew cooperation and cockpit harmony.\nMETADATA_JSON:\n{\"agent\": \"agent_2\", \"vote\": \"Candidate B\"}"}
2026-05-08 12:11:40,164 - INFO - Agent turns: 4
2026-05-08 12:11:46,181 - INFO - Tokens - Input: 1901, Output: 837, Total: 2738
{"id": 8, "ts": 1778235106.1831927, "event": "public_discussion_message", "round": 2, "agent": "agent_3", "message": "I continue to favor **Candidate\u202fB**. Their very conscientious nature supports reliability, and their ability to handle stress well ensures calmness under the long\u2011haul pressures; additionally, their skill in assessing weather conditions adds valuable technical competence. The main trade\u2011off is their pretentious attitude and occasional wrong tone when communicating, which could jeopardize crew cooperation and cockpit harmony.\nMETADATA_JSON:\n{\"agent\": \"agent_3\", \"vote\": \"Candidate B\"}"}
2026-05-08 12:11:46,183 - INFO - Agent turns: 5
2026-05-08 12:11:53,921 - INFO - Tokens - Input: 2012, Output: 965, Total: 2977
{"id": 9, "ts": 1778235113.9228492, "event": "public_discussion_message", "round": 2, "agent": "agent_1", "message": "I now favor **Candidate\u202fD**. Their strong problem\u2011solving ability and serious sense of responsibility indicate high technical competence and reliability, while their capacity to respond adequately to unexpected events supports calmness under long\u2011haul pressure. The main trade\u2011off is that they are regarded as arrogant and have relatively weak leadership skills, which could hinder crew cooperation and cockpit harmony.\nMETADATA_JSON:\n{\"agent\": \"agent_1\", \"vote\": \"Candidate D\"}"}
2026-05-08 12:11:53,923 - INFO - Agent turns: 6
2026-05-08 12:11:53,932 - INFO - Loop 2 completed
{"id": 10, "ts": 1778235113.9383583, "event": "discussion_order", "round": 3, "order": ["agent_3", "agent_2", "agent_1"]}
2026-05-08 12:11:56,033 - INFO - Tokens - Input: 2039, Output: 441, Total: 2480
{"id": 11, "ts": 1778235116.0349777, "event": "public_discussion_message", "round": 3, "agent": "agent_3", "message": "I continue to favor **Candidate\u202fB**. Their strong conscientiousness supports reliability, and their ability to handle stress ensures calmness under the long\u2011haul pressures; both are critical for safe, sustained operations. The main trade\u2011off is their pretentious attitude and occasional wrong tone when communicating, which could undermine crew cooperation and cockpit harmony.\nMETADATA_JSON:\n{\"agent\": \"agent_3\", \"vote\": \"Candidate B\"}"}
2026-05-08 12:11:56,035 - INFO - Agent turns: 7
2026-05-08 12:12:01,151 - INFO - Tokens - Input: 2207, Output: 856, Total: 3063
{"id": 12, "ts": 1778235121.1530058, "event": "public_discussion_message", "round": 3, "agent": "agent_2", "message": "I continue to favor **Candidate\u202fB**. Their very conscientious nature gives strong reliability, and they handle stress well, which is essential for staying calm on long\u2011haul flights; additionally, their skill in assessing weather conditions and excellent computer abilities provide solid technical competence. The main trade\u2011off is their tendency to make nasty remarks and adopt a pretentious tone, raising concerns about crew cooperation and cockpit harmony.\nMETADATA_JSON:\n{\"agent\": \"agent_2\", \"vote\": \"Candidate B\"}"}
2026-05-08 12:12:01,153 - INFO - Agent turns: 8
2026-05-08 12:12:07,577 - INFO - Tokens - Input: 2326, Output: 827, Total: 3153
{"id": 13, "ts": 1778235127.5789802, "event": "public_discussion_message", "round": 3, "agent": "agent_1", "message": "I currently favor **Candidate\u202fD**. Their excellent problem\u2011solving ability, serious sense of responsibility, and proven capacity to respond adequately to unexpected events give strong technical competence and calmness under pressure\u2014key for long\u2011haul operations. The main trade\u2011off is that they are regarded as arrogant and have relatively weak leadership skills, which could undermine crew cooperation and cockpit harmony.\nMETADATA_JSON:\n{\"agent\": \"agent_1\", \"vote\": \"Candidate D\"}"}
2026-05-08 12:12:07,579 - INFO - Agent turns: 9
2026-05-08 12:12:07,588 - INFO - Loop 3 completed
{"id": 14, "ts": 1778235127.5947309, "event": "discussion_order", "round": 4, "order": ["agent_1", "agent_3", "agent_2"]}
2026-05-08 12:12:13,256 - INFO - Tokens - Input: 2353, Output: 795, Total: 3148
{"id": 15, "ts": 1778235133.2579522, "event": "public_discussion_message", "round": 4, "agent": "agent_1", "message": "I currently favor **Candidate\u202fD**. Their excellent problem\u2011solving ability and serious sense of responsibility give strong technical competence and reliability, while their proven capacity to respond adequately to unexpected events supports calmness under long\u2011haul pressure. The main trade\u2011off is that they are regarded as arrogant and have relatively weak leadership skills, which could undermine crew cooperation and cockpit harmony.\nMETADATA_JSON:\n{\"agent\": \"agent_1\", \"vote\": \"Candidate D\"}"}
2026-05-08 12:12:13,258 - INFO - Agent turns: 10
2026-05-08 12:12:21,600 - INFO - Tokens - Input: 2522, Output: 1158, Total: 3680
{"id": 16, "ts": 1778235141.6022062, "event": "public_discussion_message", "round": 4, "agent": "agent_3", "message": "I now favor **Candidate\u202fD**. Their excellent problem\u2011solving ability and serious sense of responsibility give strong technical competence and reliability, while their proven capacity to respond adequately to unexpected events supports calmness under long\u2011haul pressure. The main trade\u2011off is their moody, loner demeanor and relatively weak leadership, which could hinder crew cooperation and cockpit harmony.\nMETADATA_JSON:\n{\"agent\": \"agent_3\", \"vote\": \"Candidate D\"}"}
2026-05-08 12:12:21,602 - INFO - Agent turns: 11
2026-05-08 12:12:29,158 - INFO - Tokens - Input: 2631, Output: 1004, Total: 3635
{"id": 17, "ts": 1778235149.1601388, "event": "public_discussion_message", "round": 4, "agent": "agent_2", "message": "I continue to favor **Candidate\u202fB**. Their very conscientious nature gives strong reliability, and their ability to handle stress ensures calmness on long\u2011haul flights; additionally, their skill in assessing weather conditions and excellent computer abilities provide solid technical competence. The main trade\u2011off is their tendency to make nasty remarks and adopt a pretentious tone, which could undermine crew cooperation and cockpit harmony.\nMETADATA_JSON:\n{\"agent\": \"agent_2\", \"vote\": \"Candidate B\"}"}
2026-05-08 12:12:29,160 - INFO - Agent turns: 12
2026-05-08 12:12:29,170 - INFO - Loop 4 completed
{"id": 18, "ts": 1778235149.1761763, "event": "discussion_order", "round": 5, "order": ["agent_3", "agent_1", "agent_2"]}
2026-05-08 12:12:34,395 - INFO - Tokens - Input: 2659, Output: 716, Total: 3375
{"id": 19, "ts": 1778235154.396427, "event": "public_discussion_message", "round": 5, "agent": "agent_3", "message": "I currently favor **Candidate\u202fD**. Their excellent problem\u2011solving ability and serious sense of responsibility give strong technical competence and reliability, while their proven capacity to respond adequately to unexpected events supports calmness under long\u2011haul pressure. The main trade\u2011off is their moody, loner demeanor and relatively weak leadership, which could undermine crew cooperation and cockpit harmony.\nMETADATA_JSON:\n{\"agent\": \"agent_3\", \"vote\": \"Candidate D\"}"}
2026-05-08 12:12:34,396 - INFO - Agent turns: 13
2026-05-08 12:12:39,811 - INFO - Tokens - Input: 2836, Output: 902, Total: 3738
{"id": 20, "ts": 1778235159.8131878, "event": "public_discussion_message", "round": 5, "agent": "agent_1", "message": "I now favor **Candidate\u202fC**. Their record of being 100\u202f% reliable and their ability to create a positive atmosphere with the crew address the reliability and cooperation criteria essential for long\u2011distance operations. Additionally, their capacity to make correct decisions quickly supports the technical competence and calmness needed under sustained flight pressures. The main trade\u2011off is their difficulty communicating ideas and egocentric attitude, which could hinder clear cockpit interaction and teamwork.\nMETADATA_JSON:\n{\"agent\": \"agent_1\", \"vote\": \"Candidate C\"}"}
2026-05-08 12:12:39,813 - INFO - Agent turns: 14
2026-05-08 12:12:45,558 - INFO - Tokens - Input: 2971, Output: 914, Total: 3885
{"id": 21, "ts": 1778235165.559907, "event": "public_discussion_message", "round": 5, "agent": "agent_2", "message": "I continue to favor **Candidate\u202fB**. Their very conscientious nature gives strong reliability, and their ability to handle stress ensures calmness on long\u2011haul flights; additionally, their skill in assessing weather conditions adds valuable technical competence. The main trade\u2011off is their tendency to make nasty remarks and adopt a pretentious tone, which could undermine crew cooperation and cockpit harmony.\nMETADATA_JSON:\n{\"agent\": \"agent_2\", \"vote\": \"Candidate B\"}"}
2026-05-08 12:12:45,560 - INFO - Agent turns: 15
2026-05-08 12:12:45,569 - INFO - Loop 5 completed
2026-05-08 12:12:45,570 - INFO - Final Chosen Candidate: None
2026-05-08 12:12:45,570 - INFO - Final Decision Method: max_round_no_majority
2026-05-08 12:12:45,570 - INFO - Final Vote Count: {'Candidate C': 1, 'Candidate B': 1, 'Candidate D': 1}
2026-05-08 12:12:45,570 - INFO - Correct Candidate: Candidate C
2026-05-08 12:12:45,570 - INFO - Decision Correct: 0
{"id": 22, "ts": 1778235165.5719578, "event": "context_consistency_not_applicable", "reason": "explicit_smm_memory_disabled"}
{"id": 23, "ts": 1778235165.5721073, "event": "final_decision", "candidate": null, "method": "max_round_no_majority", "vote_count": {"Candidate C": 1, "Candidate B": 1, "Candidate D": 1}, "correct_candidate": "Candidate C", "decision_correct": 0, "round": 5}
2026-05-08 12:12:45,580 - INFO - ======================================================================
2026-05-08 12:12:45,581 - INFO - SIMULATION METRICS
2026-05-08 12:12:45,581 - INFO - ======================================================================
2026-05-08 12:12:45,581 - INFO - Total Loops: 5
2026-05-08 12:12:45,581 - INFO - Agent Turns (no vote checker): 15
2026-05-08 12:12:45,581 - INFO - Agent Tool Calls: 0
2026-05-08 12:12:45,581 - INFO - Agent Tool Messages: 0
2026-05-08 12:12:45,581 - INFO - Memory Updates: 0
2026-05-08 12:12:45,581 - INFO - Total Messages (no vote checker): 15
2026-05-08 12:12:45,581 - INFO - Input Tokens: 32889
2026-05-08 12:12:45,581 - INFO - Output Tokens: 12683
2026-05-08 12:12:45,581 - INFO - Total Tokens: 45572
2026-05-08 12:12:45,581 - INFO - Final Chosen Candidate: None
2026-05-08 12:12:45,581 - INFO - Final Decision Method: max_round_no_majority
2026-05-08 12:12:45,581 - INFO - Final Vote Count: {'Candidate C': 1, 'Candidate B': 1, 'Candidate D': 1}
2026-05-08 12:12:45,582 - INFO - Correct Candidate: Candidate C
2026-05-08 12:12:45,582 - INFO - Decision Correct: 0
2026-05-08 12:12:45,582 - INFO - Runtime: 89.47s
2026-05-08 12:12:45,582 - INFO - ======================================================================
