2026-05-08 11:31:25,308 - INFO - Metrics tracker initialized
{"id": 1, "ts": 1778232685.3351305, "event": "memory_reset"}
{"id": 2, "ts": 1778232685.3386788, "event": "discussion_order", "round": 1, "order": ["agent_1", "agent_3", "agent_2"]}
2026-05-08 11:31:30,519 - INFO - Tokens - Input: 1392, Output: 531, Total: 1923
{"id": 3, "ts": 1778232690.5208745, "event": "public_discussion_message", "round": 1, "agent": "agent_1", "message": "I prefer Candidate C \u2013 known to be 100% reliable.\nMETADATA_JSON:\n{\"agent\": \"agent_1\", \"vote\": \"Candidate C\"}"}
2026-05-08 11:31:30,521 - INFO - Agent turns: 1
2026-05-08 11:31:34,429 - INFO - Tokens - Input: 1450, Output: 582, Total: 2032
{"id": 4, "ts": 1778232694.4307232, "event": "public_discussion_message", "round": 1, "agent": "agent_3", "message": "I prefer Candidate B \u2013 handles stress well.\nMETADATA_JSON:\n{\"agent\": \"agent_3\", \"vote\": \"Candidate B\"}"}
2026-05-08 11:31:34,430 - INFO - Agent turns: 2
2026-05-08 11:31:38,722 - INFO - Tokens - Input: 1491, Output: 722, Total: 2213
{"id": 5, "ts": 1778232698.7240112, "event": "public_discussion_message", "round": 1, "agent": "agent_2", "message": "I prefer Candidate D \u2013 has strong problem\u2011solving and responsibility, but a hot temper.\nMETADATA_JSON:\n{\"agent\": \"agent_2\", \"vote\": \"Candidate D\"}"}
2026-05-08 11:31:38,724 - INFO - Agent turns: 3
2026-05-08 11:31:38,732 - INFO - Loop 1 completed
{"id": 6, "ts": 1778232698.7383652, "event": "discussion_order", "round": 2, "order": ["agent_3", "agent_2", "agent_1"]}
2026-05-08 11:31:43,106 - INFO - Tokens - Input: 1532, Output: 603, Total: 2135
{"id": 7, "ts": 1778232703.1073356, "event": "public_discussion_message", "round": 2, "agent": "agent_3", "message": "I prefer Candidate B \u2013 very conscientious.\nMETADATA_JSON:\n{\"agent\": \"agent_3\", \"vote\": \"Candidate B\"}"}
2026-05-08 11:31:43,107 - INFO - Agent turns: 4
2026-05-08 11:31:50,728 - INFO - Tokens - Input: 1573, Output: 1113, Total: 2686
{"id": 8, "ts": 1778232710.7297134, "event": "public_discussion_message", "round": 2, "agent": "agent_2", "message": "I prefer Candidate D \u2013 solves problems extremely well.\nMETADATA_JSON:\n{\"agent\": \"agent_2\", \"vote\": \"Candidate D\"}"}
2026-05-08 11:31:50,729 - INFO - Agent turns: 5
2026-05-08 11:31:55,071 - INFO - Tokens - Input: 1610, Output: 740, Total: 2350
{"id": 9, "ts": 1778232715.073176, "event": "public_discussion_message", "round": 2, "agent": "agent_1", "message": "I prefer Candidate C \u2013 known to be 100% reliable.\nMETADATA_JSON:\n{\"agent\": \"agent_1\", \"vote\": \"Candidate C\"}"}
2026-05-08 11:31:55,073 - INFO - Agent turns: 6
2026-05-08 11:31:55,081 - INFO - Loop 2 completed
{"id": 10, "ts": 1778232715.0876307, "event": "discussion_order", "round": 3, "order": ["agent_3", "agent_1", "agent_2"]}
2026-05-08 11:32:00,666 - INFO - Tokens - Input: 1647, Output: 584, Total: 2231
{"id": 11, "ts": 1778232720.6674464, "event": "public_discussion_message", "round": 3, "agent": "agent_3", "message": "I prefer Candidate B \u2013 handles stress well.\nMETADATA_JSON:\n{\"agent\": \"agent_3\", \"vote\": \"Candidate B\"}"}
2026-05-08 11:32:00,667 - INFO - Agent turns: 7
2026-05-08 11:32:10,331 - INFO - Tokens - Input: 1687, Output: 1069, Total: 2756
{"id": 12, "ts": 1778232730.3330576, "event": "public_discussion_message", "round": 3, "agent": "agent_1", "message": "I prefer Candidate C \u2013 known to be 100% reliable.\nMETADATA_JSON:\n{\"agent\": \"agent_1\", \"vote\": \"Candidate C\"}"}
2026-05-08 11:32:10,333 - INFO - Agent turns: 8
2026-05-08 11:32:17,949 - INFO - Tokens - Input: 1735, Output: 935, Total: 2670
{"id": 13, "ts": 1778232737.9510372, "event": "public_discussion_message", "round": 3, "agent": "agent_2", "message": "I prefer Candidate A \u2013 anticipates dangerous situations.\nMETADATA_JSON:\n{\"agent\": \"agent_2\", \"vote\": \"Candidate A\"}"}
2026-05-08 11:32:17,951 - INFO - Agent turns: 9
2026-05-08 11:32:17,960 - INFO - Loop 3 completed
{"id": 14, "ts": 1778232737.966141, "event": "discussion_order", "round": 4, "order": ["agent_1", "agent_2", "agent_3"]}
2026-05-08 11:32:19,868 - INFO - Tokens - Input: 1768, Output: 162, Total: 1930
{"id": 15, "ts": 1778232739.8700047, "event": "public_discussion_message", "round": 4, "agent": "agent_1", "message": "I prefer Candidate C \u2013 known to be 100% reliable.\nMETADATA_JSON:\n{\"agent\": \"agent_1\", \"vote\": \"Candidate C\"}"}
2026-05-08 11:32:19,870 - INFO - Agent turns: 10
2026-05-08 11:32:23,562 - INFO - Tokens - Input: 1814, Output: 640, Total: 2454
{"id": 16, "ts": 1778232743.5638025, "event": "public_discussion_message", "round": 4, "agent": "agent_2", "message": "I prefer Candidate A \u2013 anticipates dangerous situations.\nMETADATA_JSON:\n{\"agent\": \"agent_2\", \"vote\": \"Candidate A\"}"}
2026-05-08 11:32:23,563 - INFO - Agent turns: 11
2026-05-08 11:32:29,224 - INFO - Tokens - Input: 1841, Output: 654, Total: 2495
{"id": 17, "ts": 1778232749.2261872, "event": "public_discussion_message", "round": 4, "agent": "agent_3", "message": "I prefer Candidate B \u2013 handles stress well.\nMETADATA_JSON:\n{\"agent\": \"agent_3\", \"vote\": \"Candidate B\"}"}
2026-05-08 11:32:29,226 - INFO - Agent turns: 12
2026-05-08 11:32:29,235 - INFO - Loop 4 completed
{"id": 18, "ts": 1778232749.2419922, "event": "discussion_order", "round": 5, "order": ["agent_2", "agent_3", "agent_1"]}
2026-05-08 11:32:35,506 - INFO - Tokens - Input: 1887, Output: 894, Total: 2781
{"id": 19, "ts": 1778232755.507579, "event": "public_discussion_message", "round": 5, "agent": "agent_2", "message": "I prefer Candidate D \u2013 solves problems extremely well.\nMETADATA_JSON:\n{\"agent\": \"agent_2\", \"vote\": \"Candidate D\"}"}
2026-05-08 11:32:35,507 - INFO - Agent turns: 13
2026-05-08 11:32:39,844 - INFO - Tokens - Input: 1916, Output: 598, Total: 2514
{"id": 20, "ts": 1778232759.8473094, "event": "public_discussion_message", "round": 5, "agent": "agent_3", "message": "I prefer Candidate B \u2013 handles stress well.\nMETADATA_JSON:\n{\"agent\": \"agent_3\", \"vote\": \"Candidate B\"}"}
2026-05-08 11:32:39,847 - INFO - Agent turns: 14
2026-05-08 11:32:43,045 - INFO - Tokens - Input: 1957, Output: 133, Total: 2090
{"id": 21, "ts": 1778232763.0466983, "event": "public_discussion_message", "round": 5, "agent": "agent_1", "message": "I prefer Candidate C \u2013 known to be 100% reliable.\nMETADATA_JSON:\n{\"agent\": \"agent_1\", \"vote\": \"Candidate C\"}"}
2026-05-08 11:32:43,046 - INFO - Agent turns: 15
2026-05-08 11:32:43,055 - INFO - Loop 5 completed
2026-05-08 11:32:43,056 - INFO - Final Chosen Candidate: None
2026-05-08 11:32:43,056 - INFO - Final Decision Method: max_round_no_majority
2026-05-08 11:32:43,056 - INFO - Final Vote Count: {'Candidate C': 1, 'Candidate D': 1, 'Candidate B': 1}
2026-05-08 11:32:43,056 - INFO - Correct Candidate: Candidate C
2026-05-08 11:32:43,056 - INFO - Decision Correct: 0
{"id": 22, "ts": 1778232763.0582838, "event": "context_consistency_not_applicable", "reason": "explicit_smm_memory_disabled"}
{"id": 23, "ts": 1778232763.0584295, "event": "final_decision", "candidate": null, "method": "max_round_no_majority", "vote_count": {"Candidate C": 1, "Candidate D": 1, "Candidate B": 1}, "correct_candidate": "Candidate C", "decision_correct": 0, "round": 5}
2026-05-08 11:32:43,068 - INFO - ======================================================================
2026-05-08 11:32:43,068 - INFO - SIMULATION METRICS
2026-05-08 11:32:43,068 - INFO - ======================================================================
2026-05-08 11:32:43,068 - INFO - Total Loops: 5
2026-05-08 11:32:43,068 - INFO - Agent Turns (no vote checker): 15
2026-05-08 11:32:43,068 - INFO - Agent Tool Calls: 0
2026-05-08 11:32:43,068 - INFO - Agent Tool Messages: 0
2026-05-08 11:32:43,069 - INFO - Memory Updates: 0
2026-05-08 11:32:43,069 - INFO - Total Messages (no vote checker): 15
2026-05-08 11:32:43,069 - INFO - Input Tokens: 25300
2026-05-08 11:32:43,069 - INFO - Output Tokens: 9960
2026-05-08 11:32:43,069 - INFO - Total Tokens: 35260
2026-05-08 11:32:43,069 - INFO - Final Chosen Candidate: None
2026-05-08 11:32:43,069 - INFO - Final Decision Method: max_round_no_majority
2026-05-08 11:32:43,069 - INFO - Final Vote Count: {'Candidate C': 1, 'Candidate D': 1, 'Candidate B': 1}
2026-05-08 11:32:43,069 - INFO - Correct Candidate: Candidate C
2026-05-08 11:32:43,069 - INFO - Decision Correct: 0
2026-05-08 11:32:43,069 - INFO - Runtime: 77.76s
2026-05-08 11:32:43,069 - INFO - ======================================================================
