2026-05-07 22:23:27,929 - INFO - Metrics tracker initialized
{"id": 1, "ts": 1778185407.956063, "event": "memory_reset"}
{"id": 2, "ts": 1778185407.9606235, "event": "discussion_order", "round": 1, "order": ["agent_2", "agent_3", "agent_1"]}
2026-05-07 22:23:36,312 - INFO - Tokens - Input: 1422, Output: 732, Total: 2154
{"id": 3, "ts": 1778185416.3138795, "event": "public_discussion_message", "round": 1, "agent": "agent_2", "message": "I tentatively favor **Candidate\u202fD** because they demonstrate strong problem\u2011solving ability, excellent concentration, and a serious sense of responsibility\u2014key for managing the complex, long\u2011duration challenges of intercontinental flights and responding to unexpected events. The main concern is their hot temper and reputation as a know\u2011it\u2011all, which could undermine crew cooperation and safety culture.\nMETADATA_JSON:\n{\"agent\": \"agent_2\", \"vote\": \"Candidate D\"}"}
2026-05-07 22:23:36,314 - INFO - Agent turns: 1
2026-05-07 22:23:43,294 - INFO - Tokens - Input: 1601, Output: 888, Total: 2489
{"id": 4, "ts": 1778185423.2964873, "event": "public_discussion_message", "round": 1, "agent": "agent_3", "message": "I tentatively favor **Candidate\u202fB** because they are very conscientious (supporting reliability), handle stress well (crucial for long\u2011duration flights), and have strong technical abilities in weather assessment and computer use (important for navigation and systems management). These traits directly address the core demands of a long\u2011distance pilot. The main trade\u2011off is their pretentious demeanor and occasional wrong tone, which could hinder crew cooperation and cockpit harmony.\nMETADATA_JSON:\n{\"agent\": \"agent_3\", \"vote\": \"Candidate B\"}"}
2026-05-07 22:23:43,296 - INFO - Agent turns: 2
2026-05-07 22:23:55,705 - INFO - Tokens - Input: 1737, Output: 1142, Total: 2879
{"id": 5, "ts": 1778185435.706839, "event": "public_discussion_message", "round": 1, "agent": "agent_1", "message": "I currently favor **Candidate\u202fC** because they are known to be 100\u202f% reliable and they create a positive atmosphere with the crew, which is essential for safe, cooperative cockpit operations on long\u2011distance flights. Their ability to make correct decisions quickly also supports handling the demanding, time\u2011critical situations that arise during intercontinental routes. The main trade\u2011off is their difficulty communicating ideas, egocentric demeanor, and lack of willingness to pursue further education, which could limit technical development and crew interaction.\nMETADATA_JSON:\n{\"agent\": \"agent_1\", \"vote\": \"Candidate C\"}"}
2026-05-07 22:23:55,707 - INFO - Agent turns: 3
2026-05-07 22:23:55,716 - INFO - Loop 1 completed
{"id": 6, "ts": 1778185435.7231998, "event": "discussion_order", "round": 2, "order": ["agent_2", "agent_1", "agent_3"]}
2026-05-07 22:24:03,385 - INFO - Tokens - Input: 1792, Output: 994, Total: 2786
{"id": 7, "ts": 1778185443.387264, "event": "public_discussion_message", "round": 2, "agent": "agent_2", "message": "I currently favor **Candidate\u202fB** because they are very conscientious (supporting reliability) and handle stress well (crucial for long\u2011duration flights), and they have strong technical abilities in weather assessment and computer use, which are directly relevant to navigation and systems management. The main trade\u2011off is their tendency to make nasty remarks about colleagues, which could undermine cockpit cooperation and crew morale.\nMETADATA_JSON:\n{\"agent\": \"agent_2\", \"vote\": \"Candidate B\"}"}
2026-05-07 22:24:03,387 - INFO - Agent turns: 4
2026-05-07 22:24:09,039 - INFO - Tokens - Input: 1964, Output: 758, Total: 2722
{"id": 8, "ts": 1778185449.0409539, "event": "public_discussion_message", "round": 2, "agent": "agent_1", "message": "I continue to favor **Candidate\u202fC** because they are known to be 100\u202f% reliable and they create a positive atmosphere with the crew\u2014both essential for safe, cooperative long\u2011distance operations. Their ability to make correct decisions quickly also supports handling the time\u2011critical situations that arise on intercontinental flights. The main uncertainty is their difficulty communicating ideas and egocentric demeanor, which could hinder teamwork and limit technical development.\nMETADATA_JSON:\n{\"agent\": \"agent_1\", \"vote\": \"Candidate C\"}"}
2026-05-07 22:24:09,041 - INFO - Agent turns: 5
2026-05-07 22:24:13,598 - INFO - Tokens - Input: 2080, Output: 599, Total: 2679
{"id": 9, "ts": 1778185453.6002934, "event": "public_discussion_message", "round": 2, "agent": "agent_3", "message": "I continue to favor **Candidate\u202fB** because they are very conscientious (supporting reliability), handle stress well (crucial for long\u2011duration flights), and possess strong technical skills in weather assessment and computer use (essential for navigation and systems management). The main trade\u2011off is their pretentious demeanor and occasional wrong tone, which could undermine cockpit cooperation and crew morale.\nMETADATA_JSON:\n{\"agent\": \"agent_3\", \"vote\": \"Candidate B\"}"}
2026-05-07 22:24:13,600 - INFO - Agent turns: 6
2026-05-07 22:24:13,609 - INFO - Loop 2 completed
{"id": 10, "ts": 1778185453.6165512, "event": "discussion_order", "round": 3, "order": ["agent_1", "agent_3", "agent_2"]}
2026-05-07 22:24:18,235 - INFO - Tokens - Input: 2106, Output: 596, Total: 2702
{"id": 11, "ts": 1778185458.239486, "event": "public_discussion_message", "round": 3, "agent": "agent_1", "message": "I continue to favor **Candidate\u202fC** because they are known to be 100\u202f% reliable and they create a positive atmosphere with the crew\u2014both critical for safe, cooperative long\u2011distance operations. Their ability to make correct decisions quickly also supports handling time\u2011critical situations in flight. The main trade\u2011off is their difficulty communicating ideas and egocentric demeanor, which could hinder teamwork and limit willingness to pursue further technical education.\nMETADATA_JSON:\n{\"agent\": \"agent_1\", \"vote\": \"Candidate C\"}"}
2026-05-07 22:24:18,239 - INFO - Agent turns: 7
2026-05-07 22:24:23,041 - INFO - Tokens - Input: 2299, Output: 640, Total: 2939
{"id": 12, "ts": 1778185463.0429657, "event": "public_discussion_message", "round": 3, "agent": "agent_3", "message": "I continue to favor **Candidate\u202fB** because they are very conscientious (supporting reliability) and handle stress well (essential for staying calm on long\u2011duration flights). Their strong technical abilities in weather assessment and computer use directly support the navigation and systems management demands of intercontinental routes. The main trade\u2011off is their pretentious demeanor and occasional wrong tone, which could undermine cockpit cooperation and crew morale.\nMETADATA_JSON:\n{\"agent\": \"agent_3\", \"vote\": \"Candidate B\"}"}
2026-05-07 22:24:23,043 - INFO - Agent turns: 8
2026-05-07 22:24:32,085 - INFO - Tokens - Input: 2410, Output: 1174, Total: 3584
{"id": 13, "ts": 1778185472.087325, "event": "public_discussion_message", "round": 3, "agent": "agent_2", "message": "I favor **Candidate\u202fD** because they demonstrate exceptional problem\u2011solving ability, strong concentration, and a serious sense of responsibility\u2014key for managing the complex, long\u2011duration demands of intercontinental flights and for handling unexpected events safely. These traits directly support technical competence, reliability, and calmness under pressure. The main trade\u2011off is their hot temper and reputation as a know\u2011it\u2011all, which could challenge crew cooperation and cockpit harmony.\nMETADATA_JSON:\n{\"agent\": \"agent_2\", \"vote\": \"Candidate D\"}"}
2026-05-07 22:24:32,087 - INFO - Agent turns: 9
2026-05-07 22:24:32,097 - INFO - Loop 3 completed
{"id": 14, "ts": 1778185472.1034174, "event": "discussion_order", "round": 4, "order": ["agent_3", "agent_2", "agent_1"]}
2026-05-07 22:24:38,211 - INFO - Tokens - Input: 2451, Output: 546, Total: 2997
{"id": 15, "ts": 1778185478.212886, "event": "public_discussion_message", "round": 4, "agent": "agent_3", "message": "I now favor **Candidate\u202fC** because they are regarded as 100\u202f% reliable and they consistently put concern for others above everything, fostering a cooperative crew atmosphere essential for long\u2011distance flights. Their ability to make correct decisions quickly also supports handling time\u2011critical situations. The main trade\u2011off is their difficulty communicating ideas and egocentric demeanor, which could hinder teamwork and limit technical growth.\nMETADATA_JSON:\n{\"agent\": \"agent_3\", \"vote\": \"Candidate C\"}"}
2026-05-07 22:24:38,213 - INFO - Agent turns: 10
2026-05-07 22:24:44,998 - INFO - Tokens - Input: 2636, Output: 862, Total: 3498
{"id": 16, "ts": 1778185484.9998517, "event": "public_discussion_message", "round": 4, "agent": "agent_2", "message": "I now favor **Candidate\u202fC** because they are regarded as 100\u202f% reliable and consistently foster a cooperative crew atmosphere\u2014both essential for safe, long\u2011distance operations. Their ability to make quick, correct decisions and stay calm in a crisis also supports handling the high\u2011pressure situations typical of intercontinental flights. The main trade\u2011off is their difficulty communicating ideas and egocentric demeanor, which could impede teamwork and limit technical development.\nMETADATA_JSON:\n{\"agent\": \"agent_2\", \"vote\": \"Candidate C\"}"}
2026-05-07 22:24:45,000 - INFO - Agent turns: 11
2026-05-07 22:24:50,265 - INFO - Tokens - Input: 2759, Output: 632, Total: 3391
{"id": 17, "ts": 1778185490.2673807, "event": "public_discussion_message", "round": 4, "agent": "agent_1", "message": "I continue to favor **Candidate\u202fC** because they are known to be 100\u202f% reliable and they consistently create a positive crew atmosphere\u2014both critical for safe, cooperative long\u2011distance operations. Their ability to make quick, correct decisions also supports handling the time\u2011critical, high\u2011pressure situations typical of intercontinental flights. The main trade\u2011off is their difficulty communicating ideas and egocentric demeanor, which could hinder teamwork and limit further technical development.\nMETADATA_JSON:\n{\"agent\": \"agent_1\", \"vote\": \"Candidate C\"}"}
2026-05-07 22:24:50,267 - INFO - Agent turns: 12
2026-05-07 22:24:50,276 - INFO - Loop 4 completed
2026-05-07 22:24:50,277 - INFO - Final Chosen Candidate: Candidate C
2026-05-07 22:24:50,277 - INFO - Final Decision Method: consensus
2026-05-07 22:24:50,277 - INFO - Final Vote Count: {'Candidate C': 3}
2026-05-07 22:24:50,277 - INFO - Correct Candidate: Candidate C
2026-05-07 22:24:50,277 - INFO - Decision Correct: 1
{"id": 18, "ts": 1778185490.2790046, "event": "context_consistency_not_applicable", "reason": "explicit_smm_memory_disabled"}
{"id": 19, "ts": 1778185490.2791615, "event": "final_decision", "candidate": "Candidate C", "method": "consensus", "vote_count": {"Candidate C": 3}, "correct_candidate": "Candidate C", "decision_correct": 1, "round": 4}
2026-05-07 22:24:50,288 - INFO - ======================================================================
2026-05-07 22:24:50,289 - INFO - SIMULATION METRICS
2026-05-07 22:24:50,289 - INFO - ======================================================================
2026-05-07 22:24:50,289 - INFO - Total Loops: 4
2026-05-07 22:24:50,289 - INFO - Agent Turns (no vote checker): 12
2026-05-07 22:24:50,289 - INFO - Agent Tool Calls: 0
2026-05-07 22:24:50,289 - INFO - Agent Tool Messages: 0
2026-05-07 22:24:50,289 - INFO - Memory Updates: 0
2026-05-07 22:24:50,289 - INFO - Total Messages (no vote checker): 12
2026-05-07 22:24:50,289 - INFO - Input Tokens: 25257
2026-05-07 22:24:50,290 - INFO - Output Tokens: 9563
2026-05-07 22:24:50,290 - INFO - Total Tokens: 34820
2026-05-07 22:24:50,290 - INFO - Final Chosen Candidate: Candidate C
2026-05-07 22:24:50,290 - INFO - Final Decision Method: consensus
2026-05-07 22:24:50,290 - INFO - Final Vote Count: {'Candidate C': 3}
2026-05-07 22:24:50,290 - INFO - Correct Candidate: Candidate C
2026-05-07 22:24:50,290 - INFO - Decision Correct: 1
2026-05-07 22:24:50,290 - INFO - Runtime: 82.36s
2026-05-07 22:24:50,290 - INFO - ======================================================================
