2026-05-07 22:13:00,328 - INFO - Metrics tracker initialized
{"id": 1, "ts": 1778184780.354653, "event": "memory_reset"}
{"id": 2, "ts": 1778184780.3589015, "event": "discussion_order", "round": 1, "order": ["agent_2", "agent_3", "agent_1"]}
2026-05-07 22:13:07,370 - INFO - Tokens - Input: 1422, Output: 662, Total: 2084
{"id": 3, "ts": 1778184787.3717377, "event": "public_discussion_message", "round": 1, "agent": "agent_2", "message": "I tentatively favor **Candidate\u202fB**. Their very conscientious nature and strong stress\u2011handling ability suggest high reliability and calmness under pressure, while their skill in assessing weather and excellent computer abilities support the technical competence needed for long\u2011distance flights. The main uncertainty is their tendency to make nasty remarks about colleagues, which could undermine crew cooperation and cockpit harmony.\nMETADATA_JSON:\n{\"agent\": \"agent_2\", \"vote\": \"Candidate B\"}"}
2026-05-07 22:13:07,371 - INFO - Agent turns: 1
2026-05-07 22:13:13,347 - INFO - Tokens - Input: 1595, Output: 721, Total: 2316
{"id": 4, "ts": 1778184793.348729, "event": "public_discussion_message", "round": 1, "agent": "agent_3", "message": "I tentatively favor **Candidate\u202fB**. Their very conscientious nature supports reliability, and their strong stress\u2011handling ability indicates calmness under pressure\u2014both essential for long\u2011distance flights. Additionally, their skill in assessing weather and excellent computer abilities give them solid technical competence for complex, long\u2011haul operations. The main uncertainty is their tendency to be pretentious and sometimes adopt the wrong tone when communicating, which could undermine crew cooperation and cockpit harmony.\nMETADATA_JSON:\n{\"agent\": \"agent_3\", \"vote\": \"Candidate B\"}"}
2026-05-07 22:13:13,348 - INFO - Agent turns: 2
2026-05-07 22:13:23,355 - INFO - Tokens - Input: 1736, Output: 1125, Total: 2861
{"id": 5, "ts": 1778184803.3565645, "event": "public_discussion_message", "round": 1, "agent": "agent_1", "message": "I tentatively favor **Candidate\u202fC**. Their proven 100\u202f% reliability and ability to make correct decisions quickly are crucial for the safety and efficiency of long\u2011distance flights, while the positive atmosphere they create with the crew supports the high level of cooperation needed in the cockpit. The main uncertainty is their difficulty communicating ideas and egocentric attitude, which could undermine crew harmony despite the generally positive vibe.\nMETADATA_JSON:\n{\"agent\": \"agent_1\", \"vote\": \"Candidate C\"}"}
2026-05-07 22:13:23,356 - INFO - Agent turns: 3
2026-05-07 22:13:23,366 - INFO - Loop 1 completed
{"id": 6, "ts": 1778184803.3717568, "event": "discussion_order", "round": 2, "order": ["agent_1", "agent_3", "agent_2"]}
2026-05-07 22:13:27,711 - INFO - Tokens - Input: 1760, Output: 645, Total: 2405
{"id": 7, "ts": 1778184807.7131479, "event": "public_discussion_message", "round": 2, "agent": "agent_1", "message": "I continue to favor **Candidate\u202fC**. Their 100\u202f% reliability and ability to make correct decisions quickly are vital for the safety and efficiency of long\u2011distance flights, and they are known to create a positive atmosphere with the crew, supporting essential cockpit cooperation. The main uncertainty is their difficulty communicating ideas and egocentric attitude, which could undermine crew harmony despite the generally positive vibe.\nMETADATA_JSON:\n{\"agent\": \"agent_1\", \"vote\": \"Candidate C\"}"}
2026-05-07 22:13:27,713 - INFO - Agent turns: 4
2026-05-07 22:13:32,837 - INFO - Tokens - Input: 1937, Output: 666, Total: 2603
{"id": 8, "ts": 1778184812.8395762, "event": "public_discussion_message", "round": 2, "agent": "agent_3", "message": "I continue to favor **Candidate\u202fB**. Their very conscientious nature supports reliability, and their strong stress\u2011handling ability indicates calmness under pressure\u2014both essential for long\u2011distance flights. Additionally, their skill in assessing weather and excellent computer abilities provide solid technical competence for complex, long\u2011haul operations. The main uncertainty is their tendency to be pretentious and sometimes adopt the wrong tone, which could undermine crew cooperation and cockpit harmony.\nMETADATA_JSON:\n{\"agent\": \"agent_3\", \"vote\": \"Candidate B\"}"}
2026-05-07 22:13:32,839 - INFO - Agent turns: 5
2026-05-07 22:13:39,423 - INFO - Tokens - Input: 2068, Output: 860, Total: 2928
{"id": 9, "ts": 1778184819.424608, "event": "public_discussion_message", "round": 2, "agent": "agent_2", "message": "I now favor **Candidate\u202fC**. Their ability to make correct decisions quickly and stay calm in a crisis directly supports the reliability and composure needed for long\u2011distance flights, while their strong grasp of complicated technology adds essential technical competence. The main uncertainty is their difficulty communicating ideas and egocentric attitude, which could hinder crew cooperation and cockpit harmony.\nMETADATA_JSON:\n{\"agent\": \"agent_2\", \"vote\": \"Candidate C\"}"}
2026-05-07 22:13:39,424 - INFO - Agent turns: 6
2026-05-07 22:13:39,431 - INFO - Loop 2 completed
{"id": 10, "ts": 1778184819.435312, "event": "discussion_order", "round": 3, "order": ["agent_3", "agent_1", "agent_2"]}
2026-05-07 22:13:47,357 - INFO - Tokens - Input: 2076, Output: 1043, Total: 3119
{"id": 11, "ts": 1778184827.3593256, "event": "public_discussion_message", "round": 3, "agent": "agent_3", "message": "I continue to favor **Candidate\u202fB**. Their very conscientious nature supports high reliability, and their strong stress\u2011handling ability indicates calmness under pressure\u2014both essential for long\u2011distance operations. Additionally, their skill in assessing weather and excellent computer abilities give them solid technical competence for complex, long\u2011haul flights. The main uncertainty is their tendency to be pretentious and sometimes adopt the wrong tone, which could undermine crew cooperation and cockpit harmony.\nMETADATA_JSON:\n{\"agent\": \"agent_3\", \"vote\": \"Candidate B\"}"}
2026-05-07 22:13:47,359 - INFO - Agent turns: 7
2026-05-07 22:13:51,605 - INFO - Tokens - Input: 2283, Output: 526, Total: 2809
{"id": 12, "ts": 1778184831.6072636, "event": "public_discussion_message", "round": 3, "agent": "agent_1", "message": "I continue to favor **Candidate\u202fC**. Their 100\u202f% reliability and ability to make correct decisions quickly are crucial for safety and efficiency on long\u2011distance flights, and they are known to create a positive atmosphere with the crew, supporting essential cockpit cooperation. The main trade\u2011off is their difficulty communicating ideas and egocentric attitude, which could undermine teamwork despite the generally positive vibe.\nMETADATA_JSON:\n{\"agent\": \"agent_1\", \"vote\": \"Candidate C\"}"}
2026-05-07 22:13:51,607 - INFO - Agent turns: 8
2026-05-07 22:13:59,382 - INFO - Tokens - Input: 2383, Output: 994, Total: 3377
{"id": 13, "ts": 1778184839.384022, "event": "public_discussion_message", "round": 3, "agent": "agent_2", "message": "I now favor **Candidate\u202fB**. Their very conscientious nature and strong stress\u2011handling ability give high reliability and calmness under pressure, while their skill in assessing weather and excellent computer abilities provide the technical competence essential for long\u2011distance operations. The main trade\u2011off is their tendency to make nasty remarks about colleagues, which could undermine crew cooperation and cockpit harmony.\nMETADATA_JSON:\n{\"agent\": \"agent_2\", \"vote\": \"Candidate B\"}"}
2026-05-07 22:13:59,384 - INFO - Agent turns: 9
2026-05-07 22:13:59,393 - INFO - Loop 3 completed
{"id": 14, "ts": 1778184839.3999298, "event": "discussion_order", "round": 4, "order": ["agent_3", "agent_1", "agent_2"]}
2026-05-07 22:14:03,369 - INFO - Tokens - Input: 2401, Output: 536, Total: 2937
{"id": 15, "ts": 1778184843.3705494, "event": "public_discussion_message", "round": 4, "agent": "agent_3", "message": "I continue to favor **Candidate\u202fB**. Their conscientiousness and strong stress\u2011handling ability give high reliability and calmness under pressure, while their skill in assessing weather and excellent computer abilities provide solid technical competence for long\u2011distance operations. The main trade\u2011off is their tendency to be pretentious and sometimes adopt the wrong tone, which could undermine crew cooperation and cockpit harmony.\nMETADATA_JSON:\n{\"agent\": \"agent_3\", \"vote\": \"Candidate B\"}"}
2026-05-07 22:14:03,370 - INFO - Agent turns: 10
2026-05-07 22:14:10,034 - INFO - Tokens - Input: 2582, Output: 816, Total: 3398
{"id": 16, "ts": 1778184850.0363572, "event": "public_discussion_message", "round": 4, "agent": "agent_1", "message": "I continue to favor **Candidate\u202fC**. Their proven 100\u202f% reliability and ability to make correct decisions quickly are essential for safety and efficiency on long\u2011distance flights, and they are known to create a positive atmosphere with the crew, supporting the cooperation needed in the cockpit. The main trade\u2011off is their difficulty communicating ideas and egocentric attitude, which could hinder teamwork despite the generally positive vibe.\nMETADATA_JSON:\n{\"agent\": \"agent_1\", \"vote\": \"Candidate C\"}"}
2026-05-07 22:14:10,036 - INFO - Agent turns: 11
2026-05-07 22:14:18,957 - INFO - Tokens - Input: 2703, Output: 1234, Total: 3937
{"id": 17, "ts": 1778184858.9594076, "event": "public_discussion_message", "round": 4, "agent": "agent_2", "message": "I currently favor **Candidate\u202fB**. Their very conscientious nature supports high reliability, and their strong ability to handle stress indicates the calmness needed for long\u2011distance operations. Additionally, their skill in assessing weather and excellent computer abilities give them solid technical competence for complex, long\u2011haul flights. The main trade\u2011off is their tendency to make nasty remarks and adopt a pretentious tone, which could undermine crew cooperation and cockpit harmony.\nMETADATA_JSON:\n{\"agent\": \"agent_2\", \"vote\": \"Candidate B\"}"}
2026-05-07 22:14:18,959 - INFO - Agent turns: 12
2026-05-07 22:14:18,969 - INFO - Loop 4 completed
{"id": 18, "ts": 1778184858.9751866, "event": "discussion_order", "round": 5, "order": ["agent_1", "agent_3", "agent_2"]}
2026-05-07 22:14:25,434 - INFO - Tokens - Input: 2736, Output: 801, Total: 3537
{"id": 19, "ts": 1778184865.435634, "event": "public_discussion_message", "round": 5, "agent": "agent_1", "message": "I continue to favor **Candidate\u202fC**. Their 100\u202f% reliability and ability to make correct decisions quickly are vital for safety on long\u2011distance flights, and they are known to create a positive atmosphere with the crew, supporting essential cockpit cooperation. The main trade\u2011off is their difficulty communicating ideas and egocentric attitude, which could hinder teamwork despite the overall positive vibe.\nMETADATA_JSON:\n{\"agent\": \"agent_1\", \"vote\": \"Candidate C\"}"}
2026-05-07 22:14:25,435 - INFO - Agent turns: 13
2026-05-07 22:14:33,254 - INFO - Tokens - Input: 2909, Output: 967, Total: 3876
{"id": 20, "ts": 1778184873.256289, "event": "public_discussion_message", "round": 5, "agent": "agent_3", "message": "I now favor **Candidate\u202fC**. Their ability to make correct decisions quickly supports reliability and safety on long\u2011distance flights, and their strong concern for others fosters a cooperative cockpit environment\u2014both crucial for sustained operations. The main trade\u2011off is their difficulty communicating ideas and egocentric attitude, which could pose challenges for crew teamwork.\nMETADATA_JSON:\n{\"agent\": \"agent_3\", \"vote\": \"Candidate C\"}"}
2026-05-07 22:14:33,256 - INFO - Agent turns: 14
2026-05-07 22:14:44,036 - INFO - Tokens - Input: 3004, Output: 1123, Total: 4127
{"id": 21, "ts": 1778184884.0375473, "event": "public_discussion_message", "round": 5, "agent": "agent_2", "message": "I continue to favor **Candidate\u202fB**. Their very conscientious nature supports reliability, and their strong stress\u2011handling ability ensures calmness under the pressures of long\u2011distance flights. Additionally, their skill in assessing weather and excellent computer abilities provide the technical competence essential for complex, long\u2011haul operations. The main trade\u2011off is their tendency to make nasty remarks and adopt a pretentious tone, which could undermine crew cooperation and cockpit harmony.\nMETADATA_JSON:\n{\"agent\": \"agent_2\", \"vote\": \"Candidate B\"}"}
2026-05-07 22:14:44,037 - INFO - Agent turns: 15
2026-05-07 22:14:44,047 - INFO - Loop 5 completed
2026-05-07 22:14:44,047 - INFO - Final Chosen Candidate: Candidate C
2026-05-07 22:14:44,047 - INFO - Final Decision Method: max_round_majority_vote
2026-05-07 22:14:44,047 - INFO - Final Vote Count: {'Candidate C': 2, 'Candidate B': 1}
2026-05-07 22:14:44,047 - INFO - Correct Candidate: Candidate C
2026-05-07 22:14:44,048 - INFO - Decision Correct: 1
{"id": 22, "ts": 1778184884.0493326, "event": "context_consistency_not_applicable", "reason": "explicit_smm_memory_disabled"}
{"id": 23, "ts": 1778184884.0494719, "event": "final_decision", "candidate": "Candidate C", "method": "max_round_majority_vote", "vote_count": {"Candidate C": 2, "Candidate B": 1}, "correct_candidate": "Candidate C", "decision_correct": 1, "round": 5}
2026-05-07 22:14:44,057 - INFO - ======================================================================
2026-05-07 22:14:44,058 - INFO - SIMULATION METRICS
2026-05-07 22:14:44,058 - INFO - ======================================================================
2026-05-07 22:14:44,058 - INFO - Total Loops: 5
2026-05-07 22:14:44,058 - INFO - Agent Turns (no vote checker): 15
2026-05-07 22:14:44,058 - INFO - Agent Tool Calls: 0
2026-05-07 22:14:44,058 - INFO - Agent Tool Messages: 0
2026-05-07 22:14:44,058 - INFO - Memory Updates: 0
2026-05-07 22:14:44,058 - INFO - Total Messages (no vote checker): 15
2026-05-07 22:14:44,058 - INFO - Input Tokens: 33595
2026-05-07 22:14:44,058 - INFO - Output Tokens: 12719
2026-05-07 22:14:44,058 - INFO - Total Tokens: 46314
2026-05-07 22:14:44,058 - INFO - Final Chosen Candidate: Candidate C
2026-05-07 22:14:44,059 - INFO - Final Decision Method: max_round_majority_vote
2026-05-07 22:14:44,059 - INFO - Final Vote Count: {'Candidate C': 2, 'Candidate B': 1}
2026-05-07 22:14:44,059 - INFO - Correct Candidate: Candidate C
2026-05-07 22:14:44,059 - INFO - Decision Correct: 1
2026-05-07 22:14:44,059 - INFO - Runtime: 103.73s
2026-05-07 22:14:44,059 - INFO - ======================================================================
