2026-05-08 12:18:23,970 - INFO - Metrics tracker initialized
{"id": 1, "ts": 1778235503.9957345, "event": "memory_reset"}
{"id": 2, "ts": 1778235503.9993556, "event": "discussion_order", "round": 1, "order": ["agent_3", "agent_2", "agent_1"]}
2026-05-08 12:18:31,008 - INFO - Tokens - Input: 1414, Output: 639, Total: 2053
{"id": 3, "ts": 1778235511.0101197, "event": "public_discussion_message", "round": 1, "agent": "agent_3", "message": "I tentatively favor **Candidate\u202fB**. Their strong conscientiousness and ability to handle stress are key for reliability on long flights, and their expertise in weather assessment and computer skills support the technical demands of long\u2011distance operations. The main trade\u2011off is their pretentious demeanor and occasional wrong tone, which could hinder crew cooperation and cockpit harmony.\nMETADATA_JSON:\n{\"agent\": \"agent_3\", \"vote\": \"Candidate B\"}"}
2026-05-08 12:18:31,010 - INFO - Agent turns: 1
2026-05-08 12:18:38,227 - INFO - Tokens - Input: 1599, Output: 930, Total: 2529
{"id": 4, "ts": 1778235518.2291808, "event": "public_discussion_message", "round": 1, "agent": "agent_2", "message": "I currently favor **Candidate\u202fB**. Their strong conscientiousness and ability to handle stress support reliability on long\u2011distance flights, and their skill in assessing weather and using computers addresses key technical demands. These traits matter because consistent performance under fatigue and accurate weather planning are essential for safety and efficiency. The main trade\u2011off is their tendency to make nasty remarks about colleagues and a relatively weak memory for numbers, which could undermine crew cooperation and precision in navigation.\nMETADATA_JSON:\n{\"agent\": \"agent_2\", \"vote\": \"Candidate B\"}"}
2026-05-08 12:18:38,229 - INFO - Agent turns: 2
2026-05-08 12:18:43,597 - INFO - Tokens - Input: 1736, Output: 810, Total: 2546
{"id": 5, "ts": 1778235523.5991807, "event": "public_discussion_message", "round": 1, "agent": "agent_1", "message": "I currently favor **Candidate\u202fA**. Their ability to anticipate dangerous situations, excellent spatial vision, and strong leadership qualities are critical for the situational awareness and decision\u2011making required on long\u2011distance flights. These strengths support both technical competence and the capacity to guide the crew effectively. The main trade\u2011off is that Candidate\u202fA can be unorganized and struggles with criticism, which could hinder smooth crew cooperation and adaptability.\nMETADATA_JSON:\n{\"agent\": \"agent_1\", \"vote\": \"Candidate A\"}"}
2026-05-08 12:18:43,599 - INFO - Agent turns: 3
2026-05-08 12:18:43,608 - INFO - Loop 1 completed
{"id": 6, "ts": 1778235523.614506, "event": "discussion_order", "round": 2, "order": ["agent_2", "agent_3", "agent_1"]}
2026-05-08 12:18:49,283 - INFO - Tokens - Input: 1765, Output: 1087, Total: 2852
{"id": 7, "ts": 1778235529.2850027, "event": "public_discussion_message", "round": 2, "agent": "agent_2", "message": "I continue to favor **Candidate\u202fB**. Their strong conscientiousness and ability to handle stress support reliable performance on long\u2011distance flights, while their skill in assessing weather and excellent computer abilities address key technical demands such as route planning and navigation. The main trade\u2011off is their tendency to make nasty remarks about colleagues and a relatively weak memory for numbers, which could undermine crew cooperation and precision in numerical navigation tasks.\nMETADATA_JSON:\n{\"agent\": \"agent_2\", \"vote\": \"Candidate B\"}"}
2026-05-08 12:18:49,285 - INFO - Agent turns: 4
2026-05-08 12:18:54,836 - INFO - Tokens - Input: 1947, Output: 838, Total: 2785
{"id": 8, "ts": 1778235534.8374085, "event": "public_discussion_message", "round": 2, "agent": "agent_3", "message": "I continue to favor **Candidate\u202fB**. Their strong conscientiousness and ability to handle stress give them high reliability and calmness under the long\u2011duration pressures of intercontinental flights, while their skill in assessing weather and excellent computer abilities address the technical demands of route planning and navigation. The main trade\u2011off is their pretentious demeanor and occasional wrong tone (and reported nasty remarks), which could undermine crew cooperation and cockpit harmony.\nMETADATA_JSON:\n{\"agent\": \"agent_3\", \"vote\": \"Candidate B\"}"}
2026-05-08 12:18:54,837 - INFO - Agent turns: 5
2026-05-08 12:19:00,223 - INFO - Tokens - Input: 2069, Output: 840, Total: 2909
{"id": 9, "ts": 1778235540.2249134, "event": "public_discussion_message", "round": 2, "agent": "agent_1", "message": "I now favor **Candidate\u202fD**. Their excellent problem\u2011solving ability, strong concentration, and serious sense of responsibility give them the technical competence and reliability needed for long\u2011distance flights, while their capacity to respond adequately to unexpected events supports calmness under pressure. The main trade\u2011off is that they are regarded as arrogant and have relatively weak leadership skills, which could hinder crew cooperation and cockpit harmony.\nMETADATA_JSON:\n{\"agent\": \"agent_1\", \"vote\": \"Candidate D\"}"}
2026-05-08 12:19:00,225 - INFO - Agent turns: 6
2026-05-08 12:19:00,234 - INFO - Loop 2 completed
{"id": 10, "ts": 1778235540.240357, "event": "discussion_order", "round": 3, "order": ["agent_2", "agent_1", "agent_3"]}
2026-05-08 12:19:03,398 - INFO - Tokens - Input: 2100, Output: 574, Total: 2674
{"id": 11, "ts": 1778235543.3999135, "event": "public_discussion_message", "round": 3, "agent": "agent_2", "message": "I continue to favor **Candidate\u202fB**. Their strong conscientiousness and ability to handle stress give them high reliability on long\u2011distance flights, while their skill in assessing weather and excellent computer abilities address key technical demands such as route planning and navigation. These traits matter because consistent, calm performance and accurate technical work are essential for safety and efficiency on intercontinental routes. The main trade\u2011off is their tendency to make nasty remarks about colleagues and a relatively weak memory for numbers, which could undermine crew cooperation and precision in numerical navigation tasks.\nMETADATA_JSON:\n{\"agent\": \"agent_2\", \"vote\": \"Candidate B\"}"}
2026-05-08 12:19:03,400 - INFO - Agent turns: 7
2026-05-08 12:19:09,427 - INFO - Tokens - Input: 2335, Output: 819, Total: 3154
{"id": 12, "ts": 1778235549.4290018, "event": "public_discussion_message", "round": 3, "agent": "agent_1", "message": "I currently favor **Candidate\u202fD**. Their exceptional problem\u2011solving ability and strong concentration give them the technical competence needed for complex, long\u2011distance navigation, while their serious sense of responsibility and proven capacity to respond adequately to unexpected events support reliability and calmness under pressure. The main trade\u2011off is that they are regarded as arrogant and have relatively weak leadership skills, which could pose challenges for crew cooperation and cockpit harmony.\nMETADATA_JSON:\n{\"agent\": \"agent_1\", \"vote\": \"Candidate D\"}"}
2026-05-08 12:19:09,429 - INFO - Agent turns: 8
2026-05-08 12:19:19,311 - INFO - Tokens - Input: 2423, Output: 1253, Total: 3676
{"id": 13, "ts": 1778235559.312832, "event": "public_discussion_message", "round": 3, "agent": "agent_3", "message": "I now favor **Candidate\u202fD**. Their exceptional problem\u2011solving ability, strong concentration, and serious sense of responsibility give them the technical competence and reliability needed for long\u2011distance flights, while their proven capacity to respond adequately to unexpected events supports calmness under pressure. The main trade\u2011off is that they are regarded as moody and a loner, which could impair crew cooperation and cockpit harmony.\nMETADATA_JSON:\n{\"agent\": \"agent_3\", \"vote\": \"Candidate D\"}"}
2026-05-08 12:19:19,313 - INFO - Agent turns: 9
2026-05-08 12:19:19,322 - INFO - Loop 3 completed
{"id": 14, "ts": 1778235559.3286514, "event": "discussion_order", "round": 4, "order": ["agent_2", "agent_1", "agent_3"]}
2026-05-08 12:19:22,903 - INFO - Tokens - Input: 2459, Output: 843, Total: 3302
{"id": 15, "ts": 1778235562.9043999, "event": "public_discussion_message", "round": 4, "agent": "agent_2", "message": "I now favor **Candidate\u202fD**. Their exceptional problem\u2011solving ability and strong concentration give them the technical competence needed for complex, long\u2011distance navigation, while their serious sense of responsibility and proven capacity to respond adequately to unexpected events support reliability and calmness under pressure. The main trade\u2011off is their hot temper and reputation as a know\u2011it\u2011all, which could undermine crew cooperation and cockpit harmony.\nMETADATA_JSON:\n{\"agent\": \"agent_2\", \"vote\": \"Candidate D\"}"}
2026-05-08 12:19:22,904 - INFO - Agent turns: 10
2026-05-08 12:19:26,112 - INFO - Tokens - Input: 2648, Output: 469, Total: 3117
{"id": 16, "ts": 1778235566.113919, "event": "public_discussion_message", "round": 4, "agent": "agent_1", "message": "I currently favor **Candidate\u202fD**. Their exceptional problem\u2011solving ability and strong concentration provide the technical competence needed for complex, long\u2011distance navigation, while their serious sense of responsibility and proven capacity to respond adequately to unexpected events support reliability and calmness under pressure. The main trade\u2011off is their arrogance, weak leadership and hot temper, which could undermine crew cooperation and cockpit harmony.\nMETADATA_JSON:\n{\"agent\": \"agent_1\", \"vote\": \"Candidate D\"}"}
2026-05-08 12:19:26,114 - INFO - Agent turns: 11
2026-05-08 12:19:28,702 - INFO - Tokens - Input: 2745, Output: 354, Total: 3099
{"id": 17, "ts": 1778235568.7038429, "event": "public_discussion_message", "round": 4, "agent": "agent_3", "message": "I continue to favor **Candidate\u202fD**. Their outstanding problem\u2011solving ability, strong concentration, and serious sense of responsibility give them the technical competence and reliability essential for long\u2011distance flights, while their proven capacity to respond adequately to unexpected events supports calmness under pressure. The main trade\u2011off is their moody, loner demeanor, which could hinder crew cooperation and cockpit harmony.\nMETADATA_JSON:\n{\"agent\": \"agent_3\", \"vote\": \"Candidate D\"}"}
2026-05-08 12:19:28,704 - INFO - Agent turns: 12
2026-05-08 12:19:28,712 - INFO - Loop 4 completed
2026-05-08 12:19:28,712 - INFO - Final Chosen Candidate: Candidate D
2026-05-08 12:19:28,712 - INFO - Final Decision Method: consensus
2026-05-08 12:19:28,712 - INFO - Final Vote Count: {'Candidate D': 3}
2026-05-08 12:19:28,712 - INFO - Correct Candidate: Candidate C
2026-05-08 12:19:28,712 - INFO - Decision Correct: 0
{"id": 18, "ts": 1778235568.714254, "event": "context_consistency_not_applicable", "reason": "explicit_smm_memory_disabled"}
{"id": 19, "ts": 1778235568.7143996, "event": "final_decision", "candidate": "Candidate D", "method": "consensus", "vote_count": {"Candidate D": 3}, "correct_candidate": "Candidate C", "decision_correct": 0, "round": 4}
2026-05-08 12:19:28,720 - INFO - ======================================================================
2026-05-08 12:19:28,721 - INFO - SIMULATION METRICS
2026-05-08 12:19:28,721 - INFO - ======================================================================
2026-05-08 12:19:28,721 - INFO - Total Loops: 4
2026-05-08 12:19:28,721 - INFO - Agent Turns (no vote checker): 12
2026-05-08 12:19:28,721 - INFO - Agent Tool Calls: 0
2026-05-08 12:19:28,721 - INFO - Agent Tool Messages: 0
2026-05-08 12:19:28,721 - INFO - Memory Updates: 0
2026-05-08 12:19:28,721 - INFO - Total Messages (no vote checker): 12
2026-05-08 12:19:28,721 - INFO - Input Tokens: 25240
2026-05-08 12:19:28,721 - INFO - Output Tokens: 9456
2026-05-08 12:19:28,721 - INFO - Total Tokens: 34696
2026-05-08 12:19:28,722 - INFO - Final Chosen Candidate: Candidate D
2026-05-08 12:19:28,722 - INFO - Final Decision Method: consensus
2026-05-08 12:19:28,722 - INFO - Final Vote Count: {'Candidate D': 3}
2026-05-08 12:19:28,722 - INFO - Correct Candidate: Candidate C
2026-05-08 12:19:28,722 - INFO - Decision Correct: 0
2026-05-08 12:19:28,722 - INFO - Runtime: 64.75s
2026-05-08 12:19:28,722 - INFO - ======================================================================
