2026-05-08 22:40:18,689 - INFO - Metrics tracker initialized
{"id": 1, "ts": 1778272818.7155466, "event": "memory_reset"}
{"id": 2, "ts": 1778272818.719041, "event": "discussion_order", "round": 1, "order": ["agent_1", "agent_2", "agent_3"]}
2026-05-08 22:40:30,695 - INFO - Tokens - Input: 1713, Output: 706, Total: 2419
{"id": 3, "ts": 1778272830.6967134, "event": "public_discussion_message", "round": 1, "agent": "agent_1", "message": "I tentatively favor **Candidate A**. Their ability to anticipate dangerous situations, excellent spatial vision, and strong leadership are critical for long\u2011distance flights, ensuring safety and effective crew coordination. However, their tendency to be unorganized and difficulty accepting criticism could hinder teamwork and decision\u2011making under pressure.\nMETADATA_JSON:\n{\"agent\": \"agent_1\", \"vote\": \"Candidate A\"}"}
2026-05-08 22:40:30,696 - INFO - Agent turns: 1
2026-05-08 22:40:41,922 - INFO - Tokens - Input: 1291, Output: 1520, Total: 2811
2026-05-08 22:40:41,924 - INFO - Memory updates: 1
{"id": 4, "ts": 1778272841.9242294, "event": "memory_updated", "agent": "agent_1", "round": 1}
2026-05-08 22:40:43,713 - INFO - Tokens - Input: 1294, Output: 1716, Total: 3010
2026-05-08 22:40:43,715 - INFO - Memory updates: 2
{"id": 5, "ts": 1778272843.715727, "event": "memory_updated", "agent": "agent_2", "round": 1}
2026-05-08 22:40:56,090 - INFO - Tokens - Input: 1286, Output: 1570, Total: 2856
2026-05-08 22:40:56,092 - INFO - Memory updates: 3
{"id": 6, "ts": 1778272856.0920897, "event": "memory_updated", "agent": "agent_3", "round": 1}
2026-05-08 22:41:02,627 - INFO - Tokens - Input: 2329, Output: 861, Total: 3190
{"id": 7, "ts": 1778272862.6285372, "event": "public_discussion_message", "round": 1, "agent": "agent_2", "message": "I currently favor **Candidate A**. Their ability to anticipate dangerous situations and excellent spatial vision are vital for long\u2011distance navigation and safety, and their strong leadership qualities support effective crew coordination. However, the concerns about being a show\u2011off, resistance to new ideas, and potential disorganization raise uncertainty about how well they will cooperate and adapt within the crew environment.\nMETADATA_JSON:\n{\"agent\": \"agent_2\", \"vote\": \"Candidate A\"}"}
2026-05-08 22:41:02,628 - INFO - Agent turns: 2
2026-05-08 22:41:14,565 - INFO - Tokens - Input: 1938, Output: 1370, Total: 3308
2026-05-08 22:41:14,566 - INFO - Memory updates: 4
{"id": 8, "ts": 1778272874.5669858, "event": "memory_updated", "agent": "agent_2", "round": 1}
2026-05-08 22:41:15,400 - INFO - Tokens - Input: 1955, Output: 1320, Total: 3275
2026-05-08 22:41:15,402 - INFO - Memory updates: 5
{"id": 9, "ts": 1778272875.4023259, "event": "memory_updated", "agent": "agent_3", "round": 1}
2026-05-08 22:41:15,535 - INFO - Tokens - Input: 2026, Output: 1447, Total: 3473
2026-05-08 22:41:15,536 - INFO - Memory updates: 6
{"id": 10, "ts": 1778272875.5368857, "event": "memory_updated", "agent": "agent_1", "round": 1}
2026-05-08 22:41:20,515 - INFO - Tokens - Input: 2503, Output: 600, Total: 3103
{"id": 11, "ts": 1778272880.516442, "event": "public_discussion_message", "round": 1, "agent": "agent_3", "message": "I currently favor **Candidate B**. Their strong conscientiousness and ability to handle stress are crucial for reliable, calm performance on long\u2011distance flights, and their skill in assessing weather conditions directly supports safe navigation. The main uncertainty is their pretentious attitude and occasional inappropriate tone, which could hinder crew cooperation and morale.\nMETADATA_JSON:\n{\"agent\": \"agent_3\", \"vote\": \"Candidate B\"}"}
2026-05-08 22:41:20,516 - INFO - Agent turns: 3
2026-05-08 22:41:31,247 - INFO - Tokens - Input: 2160, Output: 809, Total: 2969
2026-05-08 22:41:31,249 - INFO - Memory updates: 7
{"id": 12, "ts": 1778272891.2496846, "event": "memory_updated", "agent": "agent_2", "round": 1}
2026-05-08 22:41:31,669 - INFO - Tokens - Input: 2092, Output: 906, Total: 2998
2026-05-08 22:41:31,671 - INFO - Memory updates: 8
{"id": 13, "ts": 1778272891.6713905, "event": "memory_updated", "agent": "agent_3", "round": 1}
2026-05-08 22:41:33,289 - INFO - Tokens - Input: 2268, Output: 1166, Total: 3434
2026-05-08 22:41:33,291 - INFO - Memory updates: 9
{"id": 14, "ts": 1778272893.291166, "event": "memory_updated", "agent": "agent_1", "round": 1}
2026-05-08 22:41:33,299 - INFO - Loop 1 completed
{"id": 15, "ts": 1778272893.3059223, "event": "discussion_order", "round": 2, "order": ["agent_2", "agent_1", "agent_3"]}
2026-05-08 22:41:36,083 - INFO - Tokens - Input: 2225, Output: 189, Total: 2414
{"id": 16, "ts": 1778272896.085252, "event": "public_discussion_message", "round": 2, "agent": "agent_2", "message": "I continue to favor **Candidate A**. Their ability to anticipate dangerous situations and their excellent spatial vision are crucial for navigating long\u2011distance routes safely, while their strong leadership supports effective crew coordination. The main uncertainty is their reputation as a show\u2011off and resistance to new ideas, which could undermine crew harmony and cooperation.\nMETADATA_JSON:\n{\"agent\": \"agent_2\", \"vote\": \"Candidate A\"}"}
2026-05-08 22:41:36,085 - INFO - Agent turns: 4
2026-05-08 22:41:42,258 - INFO - Tokens - Input: 1798, Output: 723, Total: 2521
2026-05-08 22:41:42,260 - INFO - Memory updates: 10
{"id": 17, "ts": 1778272902.2605984, "event": "memory_updated", "agent": "agent_2", "round": 2}
2026-05-08 22:41:43,473 - INFO - Tokens - Input: 1997, Output: 964, Total: 2961
2026-05-08 22:41:43,475 - INFO - Memory updates: 11
{"id": 18, "ts": 1778272903.4756982, "event": "memory_updated", "agent": "agent_3", "round": 2}
2026-05-08 22:41:54,378 - INFO - Tokens - Input: 2112, Output: 1116, Total: 3228
2026-05-08 22:41:54,380 - INFO - Memory updates: 12
{"id": 19, "ts": 1778272914.3808007, "event": "memory_updated", "agent": "agent_1", "round": 2}
2026-05-08 22:41:55,810 - INFO - Tokens - Input: 2508, Output: 182, Total: 2690
{"id": 20, "ts": 1778272915.8122745, "event": "public_discussion_message", "round": 2, "agent": "agent_1", "message": "I continue to favor **Candidate A**. Their ability to anticipate dangerous situations and their excellent spatial vision are vital for safe, long\u2011distance navigation, and their strong leadership supports effective crew coordination. The main uncertainty is their tendency to be unorganized and resistant to criticism, which could undermine teamwork and adaptability in the cockpit.\nMETADATA_JSON:\n{\"agent\": \"agent_1\", \"vote\": \"Candidate A\"}"}
2026-05-08 22:41:55,812 - INFO - Agent turns: 5
2026-05-08 22:42:02,158 - INFO - Tokens - Input: 2059, Output: 906, Total: 2965
2026-05-08 22:42:02,159 - INFO - Memory updates: 13
{"id": 21, "ts": 1778272922.1599638, "event": "memory_updated", "agent": "agent_3", "round": 2}
2026-05-08 22:42:02,502 - INFO - Tokens - Input: 1924, Output: 795, Total: 2719
2026-05-08 22:42:02,504 - INFO - Memory updates: 14
{"id": 22, "ts": 1778272922.5043812, "event": "memory_updated", "agent": "agent_2", "round": 2}
2026-05-08 22:42:04,520 - INFO - Tokens - Input: 2099, Output: 1122, Total: 3221
2026-05-08 22:42:04,522 - INFO - Memory updates: 15
{"id": 23, "ts": 1778272924.5227532, "event": "memory_updated", "agent": "agent_1", "round": 2}
2026-05-08 22:42:09,429 - INFO - Tokens - Input: 2470, Output: 533, Total: 3003
{"id": 24, "ts": 1778272929.430595, "event": "public_discussion_message", "round": 2, "agent": "agent_3", "message": "I continue to favor **Candidate\u202fB**. Their strong conscientiousness and ability to handle stress are essential for reliable, calm performance on long\u2011haul flights, and their skill in assessing weather conditions directly supports safe navigation. The main trade\u2011off is their pretentious demeanor and occasional inappropriate tone, which could hinder crew cooperation and morale.\nMETADATA_JSON:\n{\"agent\": \"agent_3\", \"vote\": \"Candidate B\"}"}
2026-05-08 22:42:09,430 - INFO - Agent turns: 6
2026-05-08 22:42:16,616 - INFO - Tokens - Input: 2190, Output: 872, Total: 3062
2026-05-08 22:42:16,618 - INFO - Memory updates: 16
{"id": 25, "ts": 1778272936.618802, "event": "memory_updated", "agent": "agent_1", "round": 2}
2026-05-08 22:42:16,939 - INFO - Tokens - Input: 2067, Output: 971, Total: 3038
2026-05-08 22:42:16,941 - INFO - Memory updates: 17
{"id": 26, "ts": 1778272936.9413984, "event": "memory_updated", "agent": "agent_3", "round": 2}
2026-05-08 22:42:19,134 - INFO - Tokens - Input: 2033, Output: 1016, Total: 3049
2026-05-08 22:42:19,135 - INFO - Memory updates: 18
{"id": 27, "ts": 1778272939.1356215, "event": "memory_updated", "agent": "agent_2", "round": 2}
2026-05-08 22:42:19,144 - INFO - Loop 2 completed
{"id": 28, "ts": 1778272939.15026, "event": "discussion_order", "round": 3, "order": ["agent_3", "agent_2", "agent_1"]}
2026-05-08 22:42:29,566 - INFO - Tokens - Input: 2583, Output: 642, Total: 3225
{"id": 29, "ts": 1778272949.5675259, "event": "public_discussion_message", "round": 3, "agent": "agent_3", "message": "I continue to favor **Candidate\u202fB**. Their strong conscientiousness and ability to handle stress are essential for reliable, calm performance on long\u2011haul flights, and their skill in assessing weather conditions directly supports safe navigation. The main trade\u2011off is their pretentious attitude and occasional inappropriate tone, which could hinder crew cooperation and morale.\nMETADATA_JSON:\n{\"agent\": \"agent_3\", \"vote\": \"Candidate B\"}"}
2026-05-08 22:42:29,567 - INFO - Agent turns: 7
2026-05-08 22:42:40,872 - INFO - Tokens - Input: 2160, Output: 980, Total: 3140
2026-05-08 22:42:40,873 - INFO - Memory updates: 19
{"id": 30, "ts": 1778272960.8738735, "event": "memory_updated", "agent": "agent_1", "round": 3}
2026-05-08 22:42:40,962 - INFO - Tokens - Input: 2320, Output: 1010, Total: 3330
2026-05-08 22:42:40,963 - INFO - Memory updates: 20
{"id": 31, "ts": 1778272960.9640858, "event": "memory_updated", "agent": "agent_2", "round": 3}
2026-05-08 22:42:41,184 - INFO - Tokens - Input: 2162, Output: 871, Total: 3033
2026-05-08 22:42:41,186 - INFO - Memory updates: 21
{"id": 32, "ts": 1778272961.186506, "event": "memory_updated", "agent": "agent_3", "round": 3}
2026-05-08 22:42:46,753 - INFO - Tokens - Input: 2800, Output: 272, Total: 3072
{"id": 33, "ts": 1778272966.754511, "event": "public_discussion_message", "round": 3, "agent": "agent_2", "message": "I continue to favor **Candidate A**. Their ability to anticipate dangerous situations and their excellent spatial vision are critical for safe navigation and hazard avoidance on long\u2011distance flights. These strengths directly support the technical competence and safety focus required of a long\u2011haul pilot. The main trade\u2011off is their reputation as a show\u2011off and being resistant to new ideas, which could undermine crew cohesion and cooperation in the cockpit.\nMETADATA_JSON:\n{\"agent\": \"agent_2\", \"vote\": \"Candidate A\"}"}
2026-05-08 22:42:46,754 - INFO - Agent turns: 8
2026-05-08 22:42:54,807 - INFO - Tokens - Input: 2429, Output: 958, Total: 3387
2026-05-08 22:42:54,809 - INFO - Memory updates: 22
{"id": 34, "ts": 1778272974.809883, "event": "memory_updated", "agent": "agent_2", "round": 3}
2026-05-08 22:42:55,413 - INFO - Tokens - Input: 2314, Output: 1121, Total: 3435
2026-05-08 22:42:55,415 - INFO - Memory updates: 23
{"id": 35, "ts": 1778272975.4156692, "event": "memory_updated", "agent": "agent_1", "round": 3}
2026-05-08 22:43:01,638 - INFO - Tokens - Input: 2314, Output: 993, Total: 3307
2026-05-08 22:43:01,640 - INFO - Memory updates: 24
{"id": 36, "ts": 1778272981.6407554, "event": "memory_updated", "agent": "agent_3", "round": 3}
2026-05-08 22:43:07,556 - INFO - Tokens - Input: 2828, Output: 207, Total: 3035
{"id": 37, "ts": 1778272987.5577066, "event": "public_discussion_message", "round": 3, "agent": "agent_1", "message": "I continue to favor **Candidate\u202fA**. Their ability to anticipate dangerous situations and their excellent spatial vision give them strong technical competence for long\u2011distance navigation and hazard avoidance, while their very good leadership qualities support effective crew coordination. The main trade\u2011off is their tendency to be unorganized and resistant to criticism, which could undermine teamwork and adaptability in the cockpit.\nMETADATA_JSON:\n{\"agent\": \"agent_1\", \"vote\": \"Candidate A\"}"}
2026-05-08 22:43:07,557 - INFO - Agent turns: 9
2026-05-08 22:43:15,213 - INFO - Tokens - Input: 2437, Output: 760, Total: 3197
2026-05-08 22:43:15,215 - INFO - Memory updates: 25
{"id": 38, "ts": 1778272995.2152095, "event": "memory_updated", "agent": "agent_1", "round": 3}
2026-05-08 22:43:16,272 - INFO - Tokens - Input: 2486, Output: 999, Total: 3485
2026-05-08 22:43:16,274 - INFO - Memory updates: 26
{"id": 39, "ts": 1778272996.274316, "event": "memory_updated", "agent": "agent_2", "round": 3}
2026-05-08 22:43:24,927 - INFO - Tokens - Input: 2445, Output: 997, Total: 3442
2026-05-08 22:43:24,929 - INFO - Memory updates: 27
{"id": 40, "ts": 1778273004.929777, "event": "memory_updated", "agent": "agent_3", "round": 3}
2026-05-08 22:43:24,938 - INFO - Loop 3 completed
{"id": 41, "ts": 1778273004.9444997, "event": "discussion_order", "round": 4, "order": ["agent_1", "agent_2", "agent_3"]}
2026-05-08 22:43:26,402 - INFO - Tokens - Input: 2881, Output: 150, Total: 3031
{"id": 42, "ts": 1778273006.4040241, "event": "public_discussion_message", "round": 4, "agent": "agent_1", "message": "I continue to favor **Candidate\u202fA**. Their ability to anticipate dangerous situations and excellent spatial vision give them strong technical competence for long\u2011distance navigation and hazard avoidance, while their very good leadership supports effective crew coordination. The main trade\u2011off is their tendency to be unorganized and resistant to criticism, which could impair teamwork and adaptability in the cockpit.\nMETADATA_JSON:\n{\"agent\": \"agent_1\", \"vote\": \"Candidate A\"}"}
2026-05-08 22:43:26,404 - INFO - Agent turns: 10
2026-05-08 22:43:33,878 - INFO - Tokens - Input: 2576, Output: 947, Total: 3523
2026-05-08 22:43:33,880 - INFO - Memory updates: 28
{"id": 43, "ts": 1778273013.8807225, "event": "memory_updated", "agent": "agent_2", "round": 4}
2026-05-08 22:43:34,792 - INFO - Tokens - Input: 2588, Output: 1054, Total: 3642
2026-05-08 22:43:34,794 - INFO - Memory updates: 29
{"id": 44, "ts": 1778273014.7944236, "event": "memory_updated", "agent": "agent_3", "round": 4}
2026-05-08 22:43:39,331 - INFO - Tokens - Input: 2468, Output: 866, Total: 3334
2026-05-08 22:43:39,333 - INFO - Memory updates: 30
{"id": 45, "ts": 1778273019.3334086, "event": "memory_updated", "agent": "agent_1", "round": 4}
2026-05-08 22:43:41,320 - INFO - Tokens - Input: 3038, Output: 206, Total: 3244
{"id": 46, "ts": 1778273021.3216035, "event": "public_discussion_message", "round": 4, "agent": "agent_2", "message": "I continue to favor **Candidate\u202fA**. Their ability to anticipate dangerous situations and their excellent spatial vision are critical for safe navigation and hazard avoidance on long\u2011distance routes, and their strong leadership supports effective crew coordination. The main trade\u2011off is their reputation as a show\u2011off and resistance to new ideas, which could undermine teamwork and adaptability in the cockpit.\nMETADATA_JSON:\n{\"agent\": \"agent_2\", \"vote\": \"Candidate A\"}"}
2026-05-08 22:43:41,321 - INFO - Agent turns: 11
2026-05-08 22:43:48,714 - INFO - Tokens - Input: 2647, Output: 1029, Total: 3676
2026-05-08 22:43:48,716 - INFO - Memory updates: 31
{"id": 47, "ts": 1778273028.7162, "event": "memory_updated", "agent": "agent_2", "round": 4}
2026-05-08 22:43:49,862 - INFO - Tokens - Input: 2567, Output: 1088, Total: 3655
2026-05-08 22:43:49,864 - INFO - Memory updates: 32
{"id": 48, "ts": 1778273029.8648496, "event": "memory_updated", "agent": "agent_1", "round": 4}
2026-05-08 22:43:50,051 - INFO - Tokens - Input: 2703, Output: 1151, Total: 3854
2026-05-08 22:43:50,052 - INFO - Memory updates: 33
{"id": 49, "ts": 1778273030.052822, "event": "memory_updated", "agent": "agent_3", "round": 4}
2026-05-08 22:43:55,443 - INFO - Tokens - Input: 3252, Output: 175, Total: 3427
{"id": 50, "ts": 1778273035.4452019, "event": "public_discussion_message", "round": 4, "agent": "agent_3", "message": "I continue to favor **Candidate\u202fB**. Their strong conscientiousness and ability to handle stress are essential for reliable, calm performance on long\u2011haul flights, and their skill in assessing weather conditions directly supports safe navigation. The main trade\u2011off is their pretentious demeanor and occasional inappropriate tone, which could undermine crew cooperation and morale.\nMETADATA_JSON:\n{\"agent\": \"agent_3\", \"vote\": \"Candidate B\"}"}
2026-05-08 22:43:55,445 - INFO - Agent turns: 12
2026-05-08 22:44:03,369 - INFO - Tokens - Input: 2775, Output: 1025, Total: 3800
2026-05-08 22:44:03,371 - INFO - Memory updates: 34
{"id": 51, "ts": 1778273043.3711743, "event": "memory_updated", "agent": "agent_2", "round": 4}
2026-05-08 22:44:03,967 - INFO - Tokens - Input: 2849, Output: 1150, Total: 3999
2026-05-08 22:44:03,969 - INFO - Memory updates: 35
{"id": 52, "ts": 1778273043.969325, "event": "memory_updated", "agent": "agent_3", "round": 4}
2026-05-08 22:44:04,089 - INFO - Tokens - Input: 2705, Output: 1143, Total: 3848
2026-05-08 22:44:04,091 - INFO - Memory updates: 36
{"id": 53, "ts": 1778273044.091228, "event": "memory_updated", "agent": "agent_1", "round": 4}
2026-05-08 22:44:04,099 - INFO - Loop 4 completed
{"id": 54, "ts": 1778273044.105064, "event": "discussion_order", "round": 5, "order": ["agent_1", "agent_3", "agent_2"]}
2026-05-08 22:44:05,465 - INFO - Tokens - Input: 3449, Output: 146, Total: 3595
{"id": 55, "ts": 1778273045.4666448, "event": "public_discussion_message", "round": 5, "agent": "agent_1", "message": "I still favor **Candidate\u202fA**. Their ability to anticipate dangerous situations and excellent spatial vision give them strong technical competence for long\u2011distance navigation, while their very good leadership supports effective crew coordination. The key trade\u2011off is their tendency to be unorganized and resistant to criticism, which could hinder teamwork and adaptability under pressure.\nMETADATA_JSON:\n{\"agent\": \"agent_1\", \"vote\": \"Candidate A\"}"}
2026-05-08 22:44:05,466 - INFO - Agent turns: 13
2026-05-08 22:44:12,708 - INFO - Tokens - Input: 3026, Output: 1001, Total: 4027
2026-05-08 22:44:12,710 - INFO - Memory updates: 37
{"id": 56, "ts": 1778273052.7101595, "event": "memory_updated", "agent": "agent_1", "round": 5}
2026-05-08 22:44:13,301 - INFO - Tokens - Input: 2731, Output: 1006, Total: 3737
2026-05-08 22:44:13,303 - INFO - Memory updates: 38
{"id": 57, "ts": 1778273053.3037822, "event": "memory_updated", "agent": "agent_2", "round": 5}
2026-05-08 22:44:22,379 - INFO - Tokens - Input: 2928, Output: 1147, Total: 4075
2026-05-08 22:44:22,381 - INFO - Memory updates: 39
{"id": 58, "ts": 1778273062.3813584, "event": "memory_updated", "agent": "agent_3", "round": 5}
2026-05-08 22:44:23,834 - INFO - Tokens - Input: 3469, Output: 176, Total: 3645
{"id": 59, "ts": 1778273063.8366976, "event": "public_discussion_message", "round": 5, "agent": "agent_3", "message": "I continue to favor **Candidate\u202fB**. Their strong conscientiousness and ability to handle stress are essential for reliable, calm performance on long\u2011haul flights, and their skill in assessing weather conditions directly supports safe navigation. The main trade\u2011off is their pretentious demeanor and occasional inappropriate tone, which could undermine crew cooperation and morale.\nMETADATA_JSON:\n{\"agent\": \"agent_3\", \"vote\": \"Candidate B\"}"}
2026-05-08 22:44:23,836 - INFO - Agent turns: 14
2026-05-08 22:44:31,090 - INFO - Tokens - Input: 3078, Output: 1025, Total: 4103
2026-05-08 22:44:31,093 - INFO - Memory updates: 40
{"id": 60, "ts": 1778273071.0932531, "event": "memory_updated", "agent": "agent_1", "round": 5}
2026-05-08 22:44:31,935 - INFO - Tokens - Input: 3066, Output: 1053, Total: 4119
2026-05-08 22:44:31,937 - INFO - Memory updates: 41
{"id": 61, "ts": 1778273071.9375966, "event": "memory_updated", "agent": "agent_3", "round": 5}
2026-05-08 22:44:36,822 - INFO - Tokens - Input: 2848, Output: 905, Total: 3753
2026-05-08 22:44:36,824 - INFO - Memory updates: 42
{"id": 62, "ts": 1778273076.8245282, "event": "memory_updated", "agent": "agent_2", "round": 5}
2026-05-08 22:44:48,837 - INFO - Tokens - Input: 3366, Output: 743, Total: 4109
{"id": 63, "ts": 1778273088.8396156, "event": "public_discussion_message", "round": 5, "agent": "agent_2", "message": "I continue to favor **Candidate\u202fA**. Their ability to anticipate dangerous situations and their excellent spatial vision give them strong technical competence for long\u2011distance navigation and hazard avoidance, which are critical for safety. Their very good leadership also supports effective crew coordination.\n**Trade\u2011off:** A is regarded as a show\u2011off and resistant to new ideas, which could undermine teamwork and crew harmony in the cockpit.\nMETADATA_JSON:\n{\"agent\": \"agent_2\", \"vote\": \"Candidate A\"}"}
2026-05-08 22:44:48,839 - INFO - Agent turns: 15
2026-05-08 22:44:57,443 - INFO - Tokens - Input: 2992, Output: 891, Total: 3883
2026-05-08 22:44:57,445 - INFO - Memory updates: 43
{"id": 64, "ts": 1778273097.4460578, "event": "memory_updated", "agent": "agent_2", "round": 5}
2026-05-08 22:44:57,656 - INFO - Tokens - Input: 3168, Output: 1199, Total: 4367
2026-05-08 22:44:57,657 - INFO - Memory updates: 44
{"id": 65, "ts": 1778273097.6580052, "event": "memory_updated", "agent": "agent_1", "round": 5}
2026-05-08 22:45:00,987 - INFO - Tokens - Input: 3219, Output: 1325, Total: 4544
2026-05-08 22:45:00,989 - INFO - Memory updates: 45
{"id": 66, "ts": 1778273100.9891734, "event": "memory_updated", "agent": "agent_3", "round": 5}
2026-05-08 22:45:00,998 - INFO - Loop 5 completed
2026-05-08 22:45:00,999 - INFO - Final Chosen Candidate: Candidate A
2026-05-08 22:45:00,999 - INFO - Final Decision Method: max_round_majority_vote
2026-05-08 22:45:00,999 - INFO - Final Vote Count: {'Candidate A': 2, 'Candidate B': 1}
2026-05-08 22:45:00,999 - INFO - Correct Candidate: Candidate C
2026-05-08 22:45:00,999 - INFO - Decision Correct: 0
{"id": 67, "ts": 1778273101.3335488, "event": "context_consistency_calculated", "method": "embedding_cosine", "mean_pairwise_similarity": 0.897383, "pairwise": [{"agent_a": "agent_1", "agent_b": "agent_2", "similarity": 0.891458}, {"agent_a": "agent_1", "agent_b": "agent_3", "similarity": 0.919403}, {"agent_a": "agent_2", "agent_b": "agent_3", "similarity": 0.881288}]}
{"id": 68, "ts": 1778273101.333688, "event": "gold_standard_alignment_calculated", "method": "rule_based_binary_checks", "mean_alignment": 0.25, "by_agent": [{"agent": "agent_1", "score": 0.25, "checks": {"favorite_is_c": 0, "c_reliability": 0, "c_calmness": 0, "c_attention": 0, "c_crew_fit": 0, "a_risks": 1, "b_risks": 1, "d_risks": 0}}, {"agent": "agent_2", "score": 0.25, "checks": {"favorite_is_c": 0, "c_reliability": 0, "c_calmness": 0, "c_attention": 0, "c_crew_fit": 0, "a_risks": 1, "b_risks": 1, "d_risks": 0}}, {"agent": "agent_3", "score": 0.25, "checks": {"favorite_is_c": 0, "c_reliability": 0, "c_calmness": 0, "c_attention": 0, "c_crew_fit": 0, "a_risks": 1, "b_risks": 1, "d_risks": 0}}]}
{"id": 69, "ts": 1778273101.3338292, "event": "agent_memories_archived", "directory": "/home/lhegemann/git/bachelor_thesis/01_data/raw/simulations/moderate/moderate_treatment_20260508_195017_008/shared_mental_models", "round": 5}
{"id": 70, "ts": 1778273101.333905, "event": "final_decision", "candidate": "Candidate A", "method": "max_round_majority_vote", "vote_count": {"Candidate A": 2, "Candidate B": 1}, "correct_candidate": "Candidate C", "decision_correct": 0, "round": 5}
2026-05-08 22:45:01,345 - INFO - ======================================================================
2026-05-08 22:45:01,345 - INFO - SIMULATION METRICS
2026-05-08 22:45:01,345 - INFO - ======================================================================
2026-05-08 22:45:01,345 - INFO - Total Loops: 5
2026-05-08 22:45:01,345 - INFO - Agent Turns (no vote checker): 15
2026-05-08 22:45:01,345 - INFO - Agent Tool Calls: 0
2026-05-08 22:45:01,346 - INFO - Agent Tool Messages: 0
2026-05-08 22:45:01,346 - INFO - Memory Updates: 45
2026-05-08 22:45:01,346 - INFO - Total Messages (no vote checker): 15
2026-05-08 22:45:01,346 - INFO - Input Tokens: 148004
2026-05-08 22:45:01,346 - INFO - Output Tokens: 53791
2026-05-08 22:45:01,346 - INFO - Total Tokens: 201795
2026-05-08 22:45:01,346 - INFO - Final Chosen Candidate: Candidate A
2026-05-08 22:45:01,346 - INFO - Final Decision Method: max_round_majority_vote
2026-05-08 22:45:01,346 - INFO - Final Vote Count: {'Candidate A': 2, 'Candidate B': 1}
2026-05-08 22:45:01,346 - INFO - Correct Candidate: Candidate C
2026-05-08 22:45:01,346 - INFO - Decision Correct: 0
2026-05-08 22:45:01,346 - INFO - Runtime: 282.66s
2026-05-08 22:45:01,347 - INFO - ======================================================================
