2026-05-06 17:19:20,148 - INFO - Metrics tracker initialized
{"id": 1, "ts": 1778080760.1740105, "event": "memory_reset"}
{"id": 2, "ts": 1778080760.1785598, "event": "discussion_order", "round": 1, "order": ["agent_1", "agent_3", "agent_2"]}
2026-05-06 17:19:29,705 - INFO - Tokens - Input: 1782, Output: 1057, Total: 2839
{"id": 3, "ts": 1778080769.7074263, "event": "public_discussion_message", "round": 1, "agent": "agent_1", "message": "Current position: Candidate A\nConfidence/uncertainty: Moderate (around 60%)\nReasoning summary:\n- Key evidence used: Candidate A anticipates dangerous situations, sees complex connections, has excellent spatial vision, and very good leadership qualities \u2013 all strong indicators of technical competence and high\u2011responsibility suitability for long\u2011distance flights. The noted drawbacks (sometimes not good at taking criticism, can be unorganized) are less directly tied to safety\u2011critical cooperation than the explicit uncooperative or egocentric traits of other candidates.\n- Evidence from others: No other agents have contributed yet.\n- Alternatives considered:\n  * Candidate B \u2013 strong reliability and stress handling but explicit uncooperative and grumpy behavior, which heavily weighs against cockpit teamwork.\n  * Candidate C \u2013 100\u202f% reliable and creates a positive crew atmosphere, yet difficulty communicating ideas and egocentric attitude raise serious cooperation concerns.\n  * Candidate D \u2013 good problem\u2011solving and responsibility, but arrogance and weak leadership undermine crew cooperation.\n- Main tradeoff: Balancing technical/leadership strengths against cooperation drawbacks. Candidate A\u2019s cooperation issues are milder (unorganized, criticism\u2011sensitivity) than the clear uncooperative or egocentric traits of B, C, and D.\n- Remaining uncertainty: How severe the unorganized behavior and criticism sensitivity of Candidate A would be in real flight operations; whether these could lead to safety\u2011critical lapses.\n- What would change my vote: Concrete evidence that Candidate A\u2019s unorganized habits have led to past operational errors, or strong evidence that another candidate\u2019s cooperation issues are mitigated (e.g., proven teamwork training outcomes).\nMETADATA_JSON:\n{\"agent\": \"agent_1\", \"vote\": \"Candidate A\"}"}
2026-05-06 17:19:29,707 - INFO - Agent turns: 1
2026-05-06 17:19:38,427 - INFO - Tokens - Input: 1835, Output: 1022, Total: 2857
2026-05-06 17:19:38,429 - INFO - Memory updates: 1
{"id": 4, "ts": 1778080778.4295304, "event": "memory_updated", "agent": "agent_3", "round": 1}
2026-05-06 17:19:40,391 - INFO - Tokens - Input: 1840, Output: 1313, Total: 3153
2026-05-06 17:19:40,393 - INFO - Memory updates: 2
{"id": 5, "ts": 1778080780.3936226, "event": "memory_updated", "agent": "agent_1", "round": 1}
2026-05-06 17:19:41,985 - INFO - Tokens - Input: 1843, Output: 1500, Total: 3343
2026-05-06 17:19:41,986 - INFO - Memory updates: 3
{"id": 6, "ts": 1778080781.9870305, "event": "memory_updated", "agent": "agent_2", "round": 1}
2026-05-06 17:19:51,563 - INFO - Tokens - Input: 2587, Output: 1331, Total: 3918
{"id": 7, "ts": 1778080791.5646207, "event": "public_discussion_message", "round": 1, "agent": "agent_3", "message": "Current position: Candidate A\nConfidence/uncertainty: Moderate (around 65%)\nReasoning summary:\n- Key evidence used: Candidate A anticipates dangerous situations, sees complex connections, has excellent spatial vision, and possesses very good leadership qualities \u2013 all strong indicators of technical competence and high\u2011responsibility suitability for long\u2011distance flights. The only cooperation drawback explicitly listed is that A is unfriendly, which is a single negative compared with multiple negatives for the other candidates.\n- Evidence from others: Agent\u202f1 has also advocated for Candidate A, emphasizing the same technical and leadership strengths and noting that A\u2019s cooperation issues (unfriendly, occasional criticism sensitivity) appear milder than the pretentiousness, egocentrism, or loneliness of the other candidates.\n- Alternatives considered: Candidate B (reliable, stress\u2011resilient, good weather assessment, but pretentious and often uses the wrong tone); Candidate C (quick decision\u2011making, strong concern for others, but communication difficulty and egocentric); Candidate D (excellent problem\u2011solving and responsibility, but moody and regarded as a loner). Each alternative carries at least two cooperation negatives.\n- Main tradeoff: Balancing superior technical/leadership abilities against the single cooperation drawback (unfriendliness). The other candidates have comparable or weaker technical profiles but carry multiple cooperation concerns that could jeopardize crew coordination.\n- Remaining uncertainty: How severe A\u2019s unfriendly behavior would be in real cockpit interactions and whether it could impair crew resource management on long flights.\n- What would change my vote: Concrete evidence that A\u2019s unfriendly attitude has led to safety\u2011critical incidents, or credible evidence that another candidate\u2019s cooperation issues are mitigated (e.g., proven crew\u2011resource\u2011management training outcomes) making their overall profile superior.\nMETADATA_JSON:\n{\"agent\": \"agent_3\", \"vote\": \"Candidate A\"}"}
2026-05-06 17:19:51,564 - INFO - Agent turns: 2
2026-05-06 17:20:00,531 - INFO - Tokens - Input: 2816, Output: 1225, Total: 4041
2026-05-06 17:20:00,533 - INFO - Memory updates: 4
{"id": 8, "ts": 1778080800.533791, "event": "memory_updated", "agent": "agent_1", "round": 1}
2026-05-06 17:20:01,382 - INFO - Tokens - Input: 2850, Output: 1295, Total: 4145
2026-05-06 17:20:01,384 - INFO - Memory updates: 5
{"id": 9, "ts": 1778080801.3842962, "event": "memory_updated", "agent": "agent_2", "round": 1}
2026-05-06 17:20:02,892 - INFO - Tokens - Input: 2703, Output: 1348, Total: 4051
2026-05-06 17:20:02,894 - INFO - Memory updates: 6
{"id": 10, "ts": 1778080802.8943672, "event": "memory_updated", "agent": "agent_3", "round": 1}
2026-05-06 17:20:08,733 - INFO - Tokens - Input: 2974, Output: 733, Total: 3707
{"id": 11, "ts": 1778080808.7348077, "event": "public_discussion_message", "round": 1, "agent": "agent_2", "message": "Current position: Candidate A\nConfidence/uncertainty: Moderate (around 65%)\nReasoning summary:\n- Key evidence used: Candidate\u202fA anticipates dangerous situations, sees complex connections, has excellent spatial vision, and possesses very good leadership qualities \u2013 all critical for long\u2011distance flight safety and high responsibility. These strengths outweigh the listed cooperation drawbacks (show\u2011off attitude, not open to new ideas, unfriendly) which are fewer and less severe than the multiple cooperation negatives of the other candidates.\n- Evidence from others: Agent\u202f1 and Agent\u202f3 have both endorsed Candidate\u202fA, highlighting the same technical and leadership strengths and noting that A\u2019s cooperation issues appear milder than B\u2019s pretentiousness and nasty remarks, C\u2019s egocentric communication problems, or D\u2019s hot temper and loner reputation.\n- Alternatives considered:\n  * Candidate\u202fB \u2013 strong reliability and stress handling but suffers from weak numeric memory, nasty remarks, and pretentious tone, which are serious crew\u2011resource\u2011management risks.\n  * Candidate\u202fC \u2013 quick decision\u2011making and calmness, yet has communication difficulties, egocentric attitude, and low willingness to continue education, undermining teamwork.\n  * Candidate\u202fD \u2013 excellent problem\u2011solving and responsibility, but is viewed as a know\u2011it\u2011all, has a hot temper, and is considered a loner, all detrimental to cockpit cooperation.\n- Main tradeoff: Balancing superior technical/leadership competence against a single, moderate cooperation drawback (unfriendliness) versus multiple, stronger cooperation negatives in the other candidates.\n- Remaining uncertainty: How A\u2019s unfriendly behavior and resistance to new ideas would manifest in real cockpit interactions and whether it could impair crew coordination on long flights.\n- What would change my vote: Concrete evidence that A\u2019s unfriendly or closed\u2011mind attitude has led to safety\u2011critical incidents, or strong evidence that another candidate\u2019s cooperation issues are effectively mitigated (e.g., proven training outcomes) making their overall profile superior.\nMETADATA_JSON:\n{\"agent\": \"agent_2\", \"vote\": \"Candidate A\"}"}
2026-05-06 17:20:08,735 - INFO - Agent turns: 3
2026-05-06 17:20:15,654 - INFO - Tokens - Input: 3179, Output: 962, Total: 4141
2026-05-06 17:20:15,657 - INFO - Memory updates: 7
{"id": 12, "ts": 1778080815.6573236, "event": "memory_updated", "agent": "agent_2", "round": 1}
2026-05-06 17:20:18,735 - INFO - Tokens - Input: 3302, Output: 1574, Total: 4876
2026-05-06 17:20:18,737 - INFO - Memory updates: 8
{"id": 13, "ts": 1778080818.7378228, "event": "memory_updated", "agent": "agent_1", "round": 1}
2026-05-06 17:20:23,367 - INFO - Tokens - Input: 3390, Output: 1686, Total: 5076
2026-05-06 17:20:23,369 - INFO - Memory updates: 9
{"id": 14, "ts": 1778080823.3696578, "event": "memory_updated", "agent": "agent_3", "round": 1}
2026-05-06 17:20:23,378 - INFO - Loop 1 completed
{"id": 15, "ts": 1778080823.3843126, "event": "discussion_order", "round": 2, "order": ["agent_1", "agent_2", "agent_3"]}
2026-05-06 17:20:27,152 - INFO - Tokens - Input: 3615, Output: 497, Total: 4112
{"id": 16, "ts": 1778080827.1540504, "event": "public_discussion_message", "round": 2, "agent": "agent_1", "message": "Current position: Candidate A\nConfidence/uncertainty: High (around 70%)\nReasoning summary:\n- Key evidence used: Candidate A anticipates dangerous situations, sees complex connections, has excellent spatial vision, and possesses very good leadership qualities \u2013 core technical and responsibility attributes for long\u2011distance flights. Negative points are limited to occasional difficulty taking criticism, occasional disorganization, and an unfriendly/show\u2011off attitude, which are less severe than the cooperation deficits of other candidates.\n- Evidence from others: Agents\u202f2 and\u202f3 also highlighted A\u2019s strong technical/leadership profile and noted that A\u2019s cooperation drawbacks are milder compared with B\u2019s uncooperative/grumpy behavior, C\u2019s egocentric communication issues, and D\u2019s arrogance and weak leadership.\n- Alternatives considered:\n  * Candidate B \u2013 strong reliability and stress handling but multiple cooperation negatives (grumpy, uncooperative, pretentious tone).\n  * Candidate C \u2013 100\u202f% reliable and creates a positive crew atmosphere but has communication difficulties, egocentric attitude, and low willingness to further education.\n  * Candidate D \u2013 excellent problem\u2011solving and responsibility but is regarded as arrogant, has weak leadership, and is described as a loner with a hot temper.\n  All alternatives carry stronger or multiple cooperation concerns that outweigh their technical strengths.\n- Main tradeoff: Balancing A\u2019s superior technical competence and leadership against its moderate cooperation drawbacks versus the more serious interpersonal issues of the other candidates.\n- Remaining uncertainty: The real\u2011world impact of A\u2019s occasional disorganization and unfriendly/show\u2011off behavior on crew resource management during long flights.\n- What would change my vote: Concrete evidence that A\u2019s disorganization or unfriendly attitude has led to safety\u2011critical incidents, or strong, documented mitigation (e.g., proven teamwork training outcomes) that substantially reduces the cooperation deficits of B, C, or D, making one of them overall superior.\nMETADATA_JSON:\n{\"agent\": \"agent_1\", \"vote\": \"Candidate A\"}"}
2026-05-06 17:20:27,154 - INFO - Agent turns: 4
2026-05-06 17:20:38,299 - INFO - Tokens - Input: 3863, Output: 1433, Total: 5296
2026-05-06 17:20:38,301 - INFO - Memory updates: 10
{"id": 17, "ts": 1778080838.3016772, "event": "memory_updated", "agent": "agent_3", "round": 2}
2026-05-06 17:20:39,758 - INFO - Tokens - Input: 3776, Output: 1082, Total: 4858
2026-05-06 17:20:39,759 - INFO - Memory updates: 11
{"id": 18, "ts": 1778080839.7597077, "event": "memory_updated", "agent": "agent_1", "round": 2}
2026-05-06 17:20:40,237 - INFO - Tokens - Input: 3535, Output: 1667, Total: 5202
2026-05-06 17:20:40,238 - INFO - Memory updates: 12
{"id": 19, "ts": 1778080840.2388766, "event": "memory_updated", "agent": "agent_2", "round": 2}
2026-05-06 17:20:45,484 - INFO - Tokens - Input: 3978, Output: 755, Total: 4733
{"id": 20, "ts": 1778080845.4864352, "event": "public_discussion_message", "round": 2, "agent": "agent_2", "message": "Current position: Candidate A\nConfidence/uncertainty: Moderate\u2011high (around 70%)\nReasoning summary:\n- Key evidence used: Anticipates dangerous situations; sees complex connections; excellent spatial vision; very good leadership qualities. These directly support technical competence and high\u2011responsibility needed for long\u2011distance flights. Cooperation drawbacks are limited to being a show\u2011off, not open to new ideas, unfriendly, occasional difficulty taking criticism, and occasional disorganization.\n- Evidence from others: Agents\u202f1 and\u202f3 also endorse Candidate\u202fA and note the same cooperation negatives. They highlight that the other candidates each have multiple, stronger cooperation issues (B\u2019s nasty remarks and pretentious tone; C\u2019s egocentric communication problems; D\u2019s arrogance, hot temper, and loner reputation).\n- Alternatives considered:\n  * Candidate\u202fB \u2013 strong reliability and stress handling but has weak numeric memory, makes nasty remarks, and is pretentious/grumpy.\n  * Candidate\u202fC \u2013 quick decision\u2011making, calm in crisis, and creates a positive crew atmosphere, yet struggles to communicate ideas, is egocentric, and is not eager to continue education.\n  * Candidate\u202fD \u2013 excellent problem\u2011solving and takes responsibility, but is seen as a know\u2011it\u2011all, has a hot temper, is a loner, and shows weak leadership.\n  All alternatives carry heavier cooperation deficits that outweigh their technical strengths.\n- Main tradeoff: Weighing A\u2019s superior technical and leadership profile against its moderate cooperation issues versus the more severe interpersonal problems of the other candidates.\n- Remaining uncertainty: How A\u2019s occasional disorganization and difficulty taking criticism would manifest in real cockpit interactions and affect crew\u2011resource\u2011management on long\u2011haul flights.\n- What would change my vote: Concrete evidence that A\u2019s disorganization or unfriendly attitude has led to safety\u2011critical incidents, or credible evidence that another candidate\u2019s cooperation drawbacks are mitigated (e.g., proven teamwork\u2011training outcomes) making that candidate overall superior.\nMETADATA_JSON:\n{\"agent\": \"agent_2\", \"vote\": \"Candidate A\"}"}
2026-05-06 17:20:45,486 - INFO - Agent turns: 5
2026-05-06 17:20:54,454 - INFO - Tokens - Input: 4185, Output: 1154, Total: 5339
2026-05-06 17:20:54,456 - INFO - Memory updates: 13
{"id": 21, "ts": 1778080854.4567823, "event": "memory_updated", "agent": "agent_2", "round": 2}
2026-05-06 17:20:58,630 - INFO - Tokens - Input: 4305, Output: 1380, Total: 5685
2026-05-06 17:20:58,631 - INFO - Memory updates: 14
{"id": 22, "ts": 1778080858.6319437, "event": "memory_updated", "agent": "agent_3", "round": 2}
2026-05-06 17:21:00,350 - INFO - Tokens - Input: 4107, Output: 1869, Total: 5976
2026-05-06 17:21:00,352 - INFO - Memory updates: 15
{"id": 23, "ts": 1778080860.353003, "event": "memory_updated", "agent": "agent_1", "round": 2}
2026-05-06 17:21:04,248 - INFO - Tokens - Input: 4534, Output: 455, Total: 4989
{"id": 24, "ts": 1778080864.2499697, "event": "public_discussion_message", "round": 2, "agent": "agent_3", "message": "Current position: Candidate A\nConfidence/uncertainty: High (around 70%)\nReasoning summary:\n- Key evidence used: Candidate A anticipates dangerous situations, sees complex connections, has excellent spatial vision, and possesses very good leadership qualities \u2013 all critical for long\u2011distance flight safety and responsibility. Cooperation drawbacks are limited to being unfriendly, a show\u2011off attitude, occasional difficulty taking criticism, and occasional disorganization.\n- Evidence from others: Agents\u202f1 and\u202f2 have highlighted the same technical/leadership strengths of A and noted that the cooperation negatives of the other candidates (B\u2019s pretentiousness and nasty remarks, C\u2019s egocentric communication issues, D\u2019s moody, loner, hot\u2011temper/arrogant traits) are more severe.\n- Alternatives considered: Candidate\u202fB (strong reliability and stress handling but multiple cooperation negatives); Candidate\u202fC (quick decision\u2011making and concern for others but communication difficulty and egocentric attitude); Candidate\u202fD (excellent problem\u2011solving and responsibility but moody, loner, hot temper, weak leadership). Each alternative carries stronger interpersonal risks than A.\n- Main tradeoff: Balancing A\u2019s superior technical competence and leadership against its moderate cooperation issues versus the heavier cooperation deficits of the other candidates.\n- Remaining uncertainty: The real\u2011world impact of A\u2019s occasional disorganization and unfriendly/show\u2011off behavior on crew\u2011resource\u2011management during long\u2011haul flights.\n- What would change my vote: Concrete evidence that A\u2019s cooperation drawbacks have led to safety\u2011critical incidents, or credible documentation that another candidate\u2019s cooperation issues are mitigated (e.g., proven CRM training outcomes) making that candidate overall superior.\nMETADATA_JSON:\n{\"agent\": \"agent_3\", \"vote\": \"Candidate A\"}"}
2026-05-06 17:21:04,250 - INFO - Agent turns: 6
2026-05-06 17:21:11,437 - INFO - Tokens - Input: 4608, Output: 1238, Total: 5846
2026-05-06 17:21:11,439 - INFO - Memory updates: 16
{"id": 25, "ts": 1778080871.4398685, "event": "memory_updated", "agent": "agent_3", "round": 2}
2026-05-06 17:21:13,744 - INFO - Tokens - Input: 4297, Output: 1233, Total: 5530
2026-05-06 17:21:13,746 - INFO - Memory updates: 17
{"id": 26, "ts": 1778080873.7468677, "event": "memory_updated", "agent": "agent_2", "round": 2}
2026-05-06 17:21:16,057 - INFO - Tokens - Input: 4434, Output: 1409, Total: 5843
2026-05-06 17:21:16,059 - INFO - Memory updates: 18
{"id": 27, "ts": 1778080876.0595267, "event": "memory_updated", "agent": "agent_1", "round": 2}
2026-05-06 17:21:16,068 - INFO - Loop 2 completed
2026-05-06 17:21:16,068 - INFO - Final Chosen Candidate: Candidate A
2026-05-06 17:21:16,069 - INFO - Final Decision Method: consensus
2026-05-06 17:21:16,069 - INFO - Final Vote Count: {'Candidate A': 3}
2026-05-06 17:21:16,069 - INFO - Correct Candidate: Candidate C
2026-05-06 17:21:16,069 - INFO - Decision Correct: 0
{"id": 28, "ts": 1778080876.4467793, "event": "context_consistency_calculated", "method": "embedding_cosine", "mean_pairwise_similarity": 0.863009, "pairwise": [{"agent_a": "agent_1", "agent_b": "agent_2", "similarity": 0.841922}, {"agent_a": "agent_1", "agent_b": "agent_3", "similarity": 0.927241}, {"agent_a": "agent_2", "agent_b": "agent_3", "similarity": 0.819863}]}
{"id": 29, "ts": 1778080876.446959, "event": "agent_memories_archived", "directory": "/home/lhegemann/git/bachelor_thesis/01_data/raw/simulations/high/high_20260506_165853_001/shared_mental_models", "round": 2}
{"id": 30, "ts": 1778080876.4470527, "event": "final_decision", "candidate": "Candidate A", "method": "consensus", "vote_count": {"Candidate A": 3}, "correct_candidate": "Candidate C", "decision_correct": 0, "round": 2}
2026-05-06 17:21:16,456 - INFO - ======================================================================
2026-05-06 17:21:16,456 - INFO - SIMULATION METRICS
2026-05-06 17:21:16,456 - INFO - ======================================================================
2026-05-06 17:21:16,456 - INFO - Total Loops: 2
2026-05-06 17:21:16,456 - INFO - Agent Turns (no vote checker): 6
2026-05-06 17:21:16,456 - INFO - Agent Tool Calls: 0
2026-05-06 17:21:16,456 - INFO - Agent Tool Messages: 0
2026-05-06 17:21:16,456 - INFO - Memory Updates: 18
2026-05-06 17:21:16,456 - INFO - Total Messages (no vote checker): 6
2026-05-06 17:21:16,456 - INFO - Input Tokens: 80338
2026-05-06 17:21:16,456 - INFO - Output Tokens: 29218
2026-05-06 17:21:16,456 - INFO - Total Tokens: 109556
2026-05-06 17:21:16,456 - INFO - Final Chosen Candidate: Candidate A
2026-05-06 17:21:16,457 - INFO - Final Decision Method: consensus
2026-05-06 17:21:16,457 - INFO - Final Vote Count: {'Candidate A': 3}
2026-05-06 17:21:16,457 - INFO - Correct Candidate: Candidate C
2026-05-06 17:21:16,457 - INFO - Decision Correct: 0
2026-05-06 17:21:16,457 - INFO - Runtime: 116.31s
2026-05-06 17:21:16,457 - INFO - ======================================================================
