2026-05-07 21:12:30,778 - INFO - Metrics tracker initialized
{"id": 1, "ts": 1778181150.8043096, "event": "memory_reset"}
{"id": 2, "ts": 1778181150.8093886, "event": "discussion_order", "round": 1, "order": ["agent_3", "agent_1", "agent_2"]}
2026-05-07 21:12:36,425 - INFO - Tokens - Input: 1387, Output: 453, Total: 1840
{"id": 3, "ts": 1778181156.426633, "event": "public_discussion_message", "round": 1, "agent": "agent_3", "message": "I prefer Candidate B \u2013 handles stress very well.\nMETADATA_JSON:\n{\"agent\": \"agent_3\", \"vote\": \"Candidate B\"}"}
2026-05-07 21:12:36,426 - INFO - Agent turns: 1
2026-05-07 21:12:40,719 - INFO - Tokens - Input: 1449, Output: 549, Total: 1998
{"id": 4, "ts": 1778181160.7210422, "event": "public_discussion_message", "round": 1, "agent": "agent_1", "message": "I prefer Candidate A \u2013 excellent spatial vision.\nMETADATA_JSON:\n{\"agent\": \"agent_1\", \"vote\": \"Candidate A\"}"}
2026-05-07 21:12:40,721 - INFO - Agent turns: 2
2026-05-07 21:12:50,537 - INFO - Tokens - Input: 1488, Output: 1289, Total: 2777
{"id": 5, "ts": 1778181170.5389616, "event": "public_discussion_message", "round": 1, "agent": "agent_2", "message": "I prefer Candidate B \u2013 very conscientious.\nMETADATA_JSON:\n{\"agent\": \"agent_2\", \"vote\": \"Candidate B\"}"}
2026-05-07 21:12:50,539 - INFO - Agent turns: 3
2026-05-07 21:12:50,548 - INFO - Loop 1 completed
{"id": 6, "ts": 1778181170.5550683, "event": "discussion_order", "round": 2, "order": ["agent_2", "agent_1", "agent_3"]}
2026-05-07 21:12:58,809 - INFO - Tokens - Input: 1519, Output: 674, Total: 2193
{"id": 7, "ts": 1778181178.811062, "event": "public_discussion_message", "round": 2, "agent": "agent_2", "message": "I prefer Candidate B \u2013 makes nasty remarks about colleagues.\nMETADATA_JSON:\n{\"agent\": \"agent_2\", \"vote\": \"Candidate B\"}"}
2026-05-07 21:12:58,811 - INFO - Agent turns: 4
2026-05-07 21:13:02,382 - INFO - Tokens - Input: 1562, Output: 452, Total: 2014
{"id": 8, "ts": 1778181182.3836105, "event": "public_discussion_message", "round": 2, "agent": "agent_1", "message": "I prefer Candidate A \u2013 very good leadership qualities.\nMETADATA_JSON:\n{\"agent\": \"agent_1\", \"vote\": \"Candidate A\"}"}
2026-05-07 21:13:02,383 - INFO - Agent turns: 5
2026-05-07 21:13:09,955 - INFO - Tokens - Input: 1594, Output: 965, Total: 2559
{"id": 9, "ts": 1778181189.9569526, "event": "public_discussion_message", "round": 2, "agent": "agent_3", "message": "I prefer Candidate D \u2013 responds to unexpected events adequately.\nMETADATA_JSON:\n{\"agent\": \"agent_3\", \"vote\": \"Candidate D\"}"}
2026-05-07 21:13:09,957 - INFO - Agent turns: 6
2026-05-07 21:13:09,981 - INFO - Loop 2 completed
{"id": 10, "ts": 1778181189.9899766, "event": "discussion_order", "round": 3, "order": ["agent_2", "agent_3", "agent_1"]}
2026-05-07 21:13:21,896 - INFO - Tokens - Input: 1642, Output: 1455, Total: 3097
{"id": 11, "ts": 1778181201.898218, "event": "public_discussion_message", "round": 3, "agent": "agent_2", "message": "I prefer Candidate B \u2013 handles stress very well.\nMETADATA_JSON:\n{\"agent\": \"agent_2\", \"vote\": \"Candidate B\"}"}
2026-05-07 21:13:21,898 - INFO - Agent turns: 7
2026-05-07 21:13:29,332 - INFO - Tokens - Input: 1671, Output: 976, Total: 2647
{"id": 12, "ts": 1778181209.333744, "event": "public_discussion_message", "round": 3, "agent": "agent_3", "message": "I prefer Candidate D \u2013 solves problems extremely well.\nMETADATA_JSON:\n{\"agent\": \"agent_3\", \"vote\": \"Candidate D\"}"}
2026-05-07 21:13:29,333 - INFO - Agent turns: 8
2026-05-07 21:13:35,759 - INFO - Tokens - Input: 1714, Output: 825, Total: 2539
{"id": 13, "ts": 1778181215.7608469, "event": "public_discussion_message", "round": 3, "agent": "agent_1", "message": "I prefer Candidate A \u2013 very good leadership qualities.\nMETADATA_JSON:\n{\"agent\": \"agent_1\", \"vote\": \"Candidate A\"}"}
2026-05-07 21:13:35,761 - INFO - Agent turns: 9
2026-05-07 21:13:35,769 - INFO - Loop 3 completed
{"id": 14, "ts": 1778181215.7765028, "event": "discussion_order", "round": 4, "order": ["agent_2", "agent_1", "agent_3"]}
2026-05-07 21:13:38,500 - INFO - Tokens - Input: 1756, Output: 358, Total: 2114
{"id": 15, "ts": 1778181218.5022542, "event": "public_discussion_message", "round": 4, "agent": "agent_2", "message": "I prefer Candidate A \u2013 very good leadership qualities.\nMETADATA_JSON:\n{\"agent\": \"agent_2\", \"vote\": \"Candidate A\"}"}
2026-05-07 21:13:38,502 - INFO - Agent turns: 10
2026-05-07 21:13:41,567 - INFO - Tokens - Input: 1790, Output: 421, Total: 2211
{"id": 16, "ts": 1778181221.569209, "event": "public_discussion_message", "round": 4, "agent": "agent_1", "message": "I prefer Candidate A \u2013 anticipates dangerous situations.\nMETADATA_JSON:\n{\"agent\": \"agent_1\", \"vote\": \"Candidate A\"}"}
2026-05-07 21:13:41,569 - INFO - Agent turns: 11
2026-05-07 21:13:46,766 - INFO - Tokens - Input: 1823, Output: 636, Total: 2459
{"id": 17, "ts": 1778181226.7675219, "event": "public_discussion_message", "round": 4, "agent": "agent_3", "message": "I prefer Candidate B \u2013 handles stress very well.\nMETADATA_JSON:\n{\"agent\": \"agent_3\", \"vote\": \"Candidate B\"}"}
2026-05-07 21:13:46,767 - INFO - Agent turns: 12
2026-05-07 21:13:46,776 - INFO - Loop 4 completed
{"id": 18, "ts": 1778181226.7829177, "event": "discussion_order", "round": 5, "order": ["agent_1", "agent_3", "agent_2"]}
2026-05-07 21:13:50,486 - INFO - Tokens - Input: 1860, Output: 484, Total: 2344
{"id": 19, "ts": 1778181230.487522, "event": "public_discussion_message", "round": 5, "agent": "agent_1", "message": "I prefer Candidate A \u2013 anticipates dangerous situations.\nMETADATA_JSON:\n{\"agent\": \"agent_1\", \"vote\": \"Candidate A\"}"}
2026-05-07 21:13:50,487 - INFO - Agent turns: 13
2026-05-07 21:13:56,696 - INFO - Tokens - Input: 1899, Output: 812, Total: 2711
{"id": 20, "ts": 1778181236.6976027, "event": "public_discussion_message", "round": 5, "agent": "agent_3", "message": "I prefer Candidate B \u2013 handles stress very well.\nMETADATA_JSON:\n{\"agent\": \"agent_3\", \"vote\": \"Candidate B\"}"}
2026-05-07 21:13:56,697 - INFO - Agent turns: 14
2026-05-07 21:14:02,299 - INFO - Tokens - Input: 1945, Output: 717, Total: 2662
{"id": 21, "ts": 1778181242.3009055, "event": "public_discussion_message", "round": 5, "agent": "agent_2", "message": "I prefer Candidate A \u2013 regarded as a show\u2011off.\nMETADATA_JSON:\n{\"agent\": \"agent_2\", \"vote\": \"Candidate A\"}"}
2026-05-07 21:14:02,301 - INFO - Agent turns: 15
2026-05-07 21:14:02,310 - INFO - Loop 5 completed
2026-05-07 21:14:02,310 - INFO - Final Chosen Candidate: Candidate A
2026-05-07 21:14:02,311 - INFO - Final Decision Method: max_round_majority_vote
2026-05-07 21:14:02,311 - INFO - Final Vote Count: {'Candidate A': 2, 'Candidate B': 1}
2026-05-07 21:14:02,311 - INFO - Correct Candidate: Candidate C
2026-05-07 21:14:02,311 - INFO - Decision Correct: 0
{"id": 22, "ts": 1778181242.312473, "event": "context_consistency_not_applicable", "reason": "explicit_smm_memory_disabled"}
{"id": 23, "ts": 1778181242.31261, "event": "final_decision", "candidate": "Candidate A", "method": "max_round_majority_vote", "vote_count": {"Candidate A": 2, "Candidate B": 1}, "correct_candidate": "Candidate C", "decision_correct": 0, "round": 5}
2026-05-07 21:14:02,320 - INFO - ======================================================================
2026-05-07 21:14:02,320 - INFO - SIMULATION METRICS
2026-05-07 21:14:02,320 - INFO - ======================================================================
2026-05-07 21:14:02,320 - INFO - Total Loops: 5
2026-05-07 21:14:02,321 - INFO - Agent Turns (no vote checker): 15
2026-05-07 21:14:02,321 - INFO - Agent Tool Calls: 0
2026-05-07 21:14:02,321 - INFO - Agent Tool Messages: 0
2026-05-07 21:14:02,321 - INFO - Memory Updates: 0
2026-05-07 21:14:02,321 - INFO - Total Messages (no vote checker): 15
2026-05-07 21:14:02,321 - INFO - Input Tokens: 25099
2026-05-07 21:14:02,321 - INFO - Output Tokens: 11066
2026-05-07 21:14:02,321 - INFO - Total Tokens: 36165
2026-05-07 21:14:02,321 - INFO - Final Chosen Candidate: Candidate A
2026-05-07 21:14:02,321 - INFO - Final Decision Method: max_round_majority_vote
2026-05-07 21:14:02,321 - INFO - Final Vote Count: {'Candidate A': 2, 'Candidate B': 1}
2026-05-07 21:14:02,321 - INFO - Correct Candidate: Candidate C
2026-05-07 21:14:02,322 - INFO - Decision Correct: 0
2026-05-07 21:14:02,322 - INFO - Runtime: 91.54s
2026-05-07 21:14:02,322 - INFO - ======================================================================
