2026-05-08 08:36:36,270 - INFO - Metrics tracker initialized
{"id": 1, "ts": 1778222196.2957237, "event": "memory_reset"}
{"id": 2, "ts": 1778222196.2995937, "event": "discussion_order", "round": 1, "order": ["agent_1", "agent_3", "agent_2"]}
2026-05-08 08:36:41,966 - INFO - Tokens - Input: 1686, Output: 673, Total: 2359
{"id": 3, "ts": 1778222201.9680057, "event": "public_discussion_message", "round": 1, "agent": "agent_1", "message": "Candidate C \u2013 known to be 100% reliable.\nMETADATA_JSON:\n{\"agent\": \"agent_1\", \"vote\": \"Candidate C\"}"}
2026-05-08 08:36:41,968 - INFO - Agent turns: 1
2026-05-08 08:36:49,653 - INFO - Tokens - Input: 1193, Output: 1202, Total: 2395
2026-05-08 08:36:49,655 - INFO - Memory updates: 1
{"id": 4, "ts": 1778222209.6555276, "event": "memory_updated", "agent": "agent_1", "round": 1}
2026-05-08 08:36:50,533 - INFO - Tokens - Input: 1188, Output: 1505, Total: 2693
2026-05-08 08:36:50,535 - INFO - Memory updates: 2
{"id": 5, "ts": 1778222210.5356944, "event": "memory_updated", "agent": "agent_3", "round": 1}
2026-05-08 08:36:50,923 - INFO - Tokens - Input: 1196, Output: 1336, Total: 2532
2026-05-08 08:36:50,924 - INFO - Memory updates: 3
{"id": 6, "ts": 1778222210.9250333, "event": "memory_updated", "agent": "agent_2", "round": 1}
2026-05-08 08:36:53,575 - INFO - Tokens - Input: 2183, Output: 433, Total: 2616
{"id": 7, "ts": 1778222213.5771317, "event": "public_discussion_message", "round": 1, "agent": "agent_3", "message": "Candidate B \u2013 handles stress very well.\nMETADATA_JSON:\n{\"agent\": \"agent_3\", \"vote\": \"Candidate B\"}"}
2026-05-08 08:36:53,577 - INFO - Agent turns: 2
2026-05-08 08:36:59,093 - INFO - Tokens - Input: 1665, Output: 1011, Total: 2676
2026-05-08 08:36:59,095 - INFO - Memory updates: 4
{"id": 8, "ts": 1778222219.0956724, "event": "memory_updated", "agent": "agent_2", "round": 1}
2026-05-08 08:36:59,101 - INFO - Tokens - Input: 1689, Output: 980, Total: 2669
2026-05-08 08:36:59,102 - INFO - Memory updates: 5
{"id": 9, "ts": 1778222219.1025882, "event": "memory_updated", "agent": "agent_3", "round": 1}
2026-05-08 08:37:01,572 - INFO - Tokens - Input: 1704, Output: 1316, Total: 3020
2026-05-08 08:37:01,574 - INFO - Memory updates: 6
{"id": 10, "ts": 1778222221.5742104, "event": "memory_updated", "agent": "agent_1", "round": 1}
2026-05-08 08:37:07,520 - INFO - Tokens - Input: 2236, Output: 908, Total: 3144
{"id": 11, "ts": 1778222227.5215902, "event": "public_discussion_message", "round": 1, "agent": "agent_2", "message": "Candidate B \u2013 handles stress very well.\nMETADATA_JSON:\n{\"agent\": \"agent_2\", \"vote\": \"Candidate B\"}"}
2026-05-08 08:37:07,521 - INFO - Agent turns: 3
2026-05-08 08:37:14,166 - INFO - Tokens - Input: 1713, Output: 1072, Total: 2785
2026-05-08 08:37:14,168 - INFO - Memory updates: 7
{"id": 12, "ts": 1778222234.168704, "event": "memory_updated", "agent": "agent_1", "round": 1}
2026-05-08 08:37:15,023 - INFO - Tokens - Input: 1735, Output: 971, Total: 2706
2026-05-08 08:37:15,025 - INFO - Memory updates: 8
{"id": 13, "ts": 1778222235.026085, "event": "memory_updated", "agent": "agent_3", "round": 1}
2026-05-08 08:37:16,013 - INFO - Tokens - Input: 1742, Output: 1451, Total: 3193
2026-05-08 08:37:16,015 - INFO - Memory updates: 9
{"id": 14, "ts": 1778222236.0155215, "event": "memory_updated", "agent": "agent_2", "round": 1}
2026-05-08 08:37:16,024 - INFO - Loop 1 completed
{"id": 15, "ts": 1778222236.030658, "event": "discussion_order", "round": 2, "order": ["agent_2", "agent_3", "agent_1"]}
2026-05-08 08:37:17,426 - INFO - Tokens - Input: 2297, Output: 195, Total: 2492
{"id": 16, "ts": 1778222237.428281, "event": "public_discussion_message", "round": 2, "agent": "agent_2", "message": "Candidate B \u2013 handles stress very well.\nMETADATA_JSON:\n{\"agent\": \"agent_2\", \"vote\": \"Candidate B\"}"}
2026-05-08 08:37:17,428 - INFO - Agent turns: 4
2026-05-08 08:37:22,721 - INFO - Tokens - Input: 1785, Output: 883, Total: 2668
2026-05-08 08:37:22,723 - INFO - Memory updates: 10
{"id": 17, "ts": 1778222242.7232144, "event": "memory_updated", "agent": "agent_2", "round": 2}
2026-05-08 08:37:23,219 - INFO - Tokens - Input: 1777, Output: 931, Total: 2708
2026-05-08 08:37:23,221 - INFO - Memory updates: 11
{"id": 18, "ts": 1778222243.2213626, "event": "memory_updated", "agent": "agent_3", "round": 2}
2026-05-08 08:37:23,828 - INFO - Tokens - Input: 1772, Output: 986, Total: 2758
2026-05-08 08:37:23,829 - INFO - Memory updates: 12
{"id": 19, "ts": 1778222243.8300693, "event": "memory_updated", "agent": "agent_1", "round": 2}
2026-05-08 08:37:24,706 - INFO - Tokens - Input: 2296, Output: 123, Total: 2419
{"id": 20, "ts": 1778222244.707683, "event": "public_discussion_message", "round": 2, "agent": "agent_3", "message": "Candidate B \u2013 handles stress very well.\nMETADATA_JSON:\n{\"agent\": \"agent_3\", \"vote\": \"Candidate B\"}"}
2026-05-08 08:37:24,707 - INFO - Agent turns: 5
2026-05-08 08:37:29,328 - INFO - Tokens - Input: 1735, Output: 994, Total: 2729
2026-05-08 08:37:29,330 - INFO - Memory updates: 13
{"id": 21, "ts": 1778222249.330781, "event": "memory_updated", "agent": "agent_1", "round": 2}
2026-05-08 08:37:30,710 - INFO - Tokens - Input: 1802, Output: 936, Total: 2738
2026-05-08 08:37:30,712 - INFO - Memory updates: 14
{"id": 22, "ts": 1778222250.7121537, "event": "memory_updated", "agent": "agent_3", "round": 2}
2026-05-08 08:37:31,481 - INFO - Tokens - Input: 1576, Output: 1061, Total: 2637
2026-05-08 08:37:31,482 - INFO - Memory updates: 15
{"id": 23, "ts": 1778222251.4829185, "event": "memory_updated", "agent": "agent_2", "round": 2}
2026-05-08 08:37:32,666 - INFO - Tokens - Input: 2271, Output: 178, Total: 2449
{"id": 24, "ts": 1778222252.667916, "event": "public_discussion_message", "round": 2, "agent": "agent_1", "message": "Candidate C \u2013 known to be 100% reliable.\nMETADATA_JSON:\n{\"agent\": \"agent_1\", \"vote\": \"Candidate C\"}"}
2026-05-08 08:37:32,668 - INFO - Agent turns: 6
2026-05-08 08:37:37,677 - INFO - Tokens - Input: 1570, Output: 876, Total: 2446
2026-05-08 08:37:37,679 - INFO - Memory updates: 16
{"id": 25, "ts": 1778222257.6797094, "event": "memory_updated", "agent": "agent_2", "round": 2}
2026-05-08 08:37:38,175 - INFO - Tokens - Input: 1783, Output: 898, Total: 2681
2026-05-08 08:37:38,177 - INFO - Memory updates: 17
{"id": 26, "ts": 1778222258.1776023, "event": "memory_updated", "agent": "agent_1", "round": 2}
2026-05-08 08:37:40,222 - INFO - Tokens - Input: 1844, Output: 1121, Total: 2965
2026-05-08 08:37:40,224 - INFO - Memory updates: 18
{"id": 27, "ts": 1778222260.224137, "event": "memory_updated", "agent": "agent_3", "round": 2}
2026-05-08 08:37:40,233 - INFO - Loop 2 completed
{"id": 28, "ts": 1778222260.2397687, "event": "discussion_order", "round": 3, "order": ["agent_1", "agent_2", "agent_3"]}
2026-05-08 08:37:41,536 - INFO - Tokens - Input: 2303, Output: 139, Total: 2442
{"id": 29, "ts": 1778222261.5384629, "event": "public_discussion_message", "round": 3, "agent": "agent_1", "message": "Candidate C \u2013 known to be 100% reliable.\nMETADATA_JSON:\n{\"agent\": \"agent_1\", \"vote\": \"Candidate C\"}"}
2026-05-08 08:37:41,538 - INFO - Agent turns: 7
2026-05-08 08:37:46,280 - INFO - Tokens - Input: 1797, Output: 868, Total: 2665
2026-05-08 08:37:46,282 - INFO - Memory updates: 19
{"id": 30, "ts": 1778222266.282204, "event": "memory_updated", "agent": "agent_1", "round": 3}
2026-05-08 08:37:47,635 - INFO - Tokens - Input: 1637, Output: 912, Total: 2549
2026-05-08 08:37:47,637 - INFO - Memory updates: 20
{"id": 31, "ts": 1778222267.637263, "event": "memory_updated", "agent": "agent_2", "round": 3}
2026-05-08 08:37:48,871 - INFO - Tokens - Input: 1887, Output: 1042, Total: 2929
2026-05-08 08:37:48,873 - INFO - Memory updates: 21
{"id": 32, "ts": 1778222268.8733475, "event": "memory_updated", "agent": "agent_3", "round": 3}
2026-05-08 08:37:50,915 - INFO - Tokens - Input: 2164, Output: 137, Total: 2301
{"id": 33, "ts": 1778222270.9169867, "event": "public_discussion_message", "round": 3, "agent": "agent_2", "message": "Candidate B \u2013 handles stress very well.\nMETADATA_JSON:\n{\"agent\": \"agent_2\", \"vote\": \"Candidate B\"}"}
2026-05-08 08:37:50,917 - INFO - Agent turns: 8
2026-05-08 08:37:56,514 - INFO - Tokens - Input: 1830, Output: 929, Total: 2759
2026-05-08 08:37:56,516 - INFO - Memory updates: 22
{"id": 34, "ts": 1778222276.5162404, "event": "memory_updated", "agent": "agent_1", "round": 3}
2026-05-08 08:37:57,897 - INFO - Tokens - Input: 1670, Output: 850, Total: 2520
2026-05-08 08:37:57,899 - INFO - Memory updates: 23
{"id": 35, "ts": 1778222277.8998518, "event": "memory_updated", "agent": "agent_2", "round": 3}
2026-05-08 08:38:18,530 - INFO - Tokens - Input: 1894, Output: 1425, Total: 3319
2026-05-08 08:38:18,532 - INFO - Memory updates: 24
{"id": 36, "ts": 1778222298.5327923, "event": "memory_updated", "agent": "agent_3", "round": 3}
2026-05-08 08:38:20,135 - INFO - Tokens - Input: 2434, Output: 132, Total: 2566
{"id": 37, "ts": 1778222300.136678, "event": "public_discussion_message", "round": 3, "agent": "agent_3", "message": "Candidate B \u2013 good at assessing weather conditions.\nMETADATA_JSON:\n{\"agent\": \"agent_3\", \"vote\": \"Candidate B\"}"}
2026-05-08 08:38:20,136 - INFO - Agent turns: 9
2026-05-08 08:38:25,596 - INFO - Tokens - Input: 1842, Output: 874, Total: 2716
2026-05-08 08:38:25,598 - INFO - Memory updates: 25
{"id": 38, "ts": 1778222305.5985444, "event": "memory_updated", "agent": "agent_1", "round": 3}
2026-05-08 08:38:25,938 - INFO - Tokens - Input: 1734, Output: 777, Total: 2511
2026-05-08 08:38:25,939 - INFO - Memory updates: 26
{"id": 39, "ts": 1778222305.939805, "event": "memory_updated", "agent": "agent_2", "round": 3}
2026-05-08 08:38:25,974 - INFO - Tokens - Input: 1942, Output: 1050, Total: 2992
2026-05-08 08:38:25,976 - INFO - Memory updates: 27
{"id": 40, "ts": 1778222305.9765341, "event": "memory_updated", "agent": "agent_3", "round": 3}
2026-05-08 08:38:25,984 - INFO - Loop 3 completed
{"id": 41, "ts": 1778222305.9898636, "event": "discussion_order", "round": 4, "order": ["agent_2", "agent_1", "agent_3"]}
2026-05-08 08:38:29,761 - INFO - Tokens - Input: 2272, Output: 139, Total: 2411
{"id": 42, "ts": 1778222309.7624931, "event": "public_discussion_message", "round": 4, "agent": "agent_2", "message": "Candidate B \u2013 makes nasty remarks about colleagues.\nMETADATA_JSON:\n{\"agent\": \"agent_2\", \"vote\": \"Candidate B\"}"}
2026-05-08 08:38:29,762 - INFO - Agent turns: 10
2026-05-08 08:38:34,337 - INFO - Tokens - Input: 1762, Output: 790, Total: 2552
2026-05-08 08:38:34,339 - INFO - Memory updates: 28
{"id": 43, "ts": 1778222314.3400643, "event": "memory_updated", "agent": "agent_2", "round": 4}
2026-05-08 08:38:34,794 - INFO - Tokens - Input: 1798, Output: 992, Total: 2790
2026-05-08 08:38:34,796 - INFO - Memory updates: 29
{"id": 44, "ts": 1778222314.796341, "event": "memory_updated", "agent": "agent_1", "round": 4}
2026-05-08 08:38:35,616 - INFO - Tokens - Input: 1978, Output: 1171, Total: 3149
2026-05-08 08:38:35,617 - INFO - Memory updates: 30
{"id": 45, "ts": 1778222315.6177883, "event": "memory_updated", "agent": "agent_3", "round": 4}
2026-05-08 08:38:36,860 - INFO - Tokens - Input: 2372, Output: 140, Total: 2512
{"id": 46, "ts": 1778222316.8618267, "event": "public_discussion_message", "round": 4, "agent": "agent_1", "message": "Candidate C \u2013 creates a positive atmosphere with his crew\nMETADATA_JSON:\n{\"agent\": \"agent_1\", \"vote\": \"Candidate C\"}"}
2026-05-08 08:38:36,861 - INFO - Agent turns: 11
2026-05-08 08:38:42,945 - INFO - Tokens - Input: 1958, Output: 1056, Total: 3014
2026-05-08 08:38:42,947 - INFO - Memory updates: 31
{"id": 47, "ts": 1778222322.9473743, "event": "memory_updated", "agent": "agent_3", "round": 4}
2026-05-08 08:38:44,274 - INFO - Tokens - Input: 1816, Output: 1207, Total: 3023
2026-05-08 08:38:44,276 - INFO - Memory updates: 32
{"id": 48, "ts": 1778222324.2763155, "event": "memory_updated", "agent": "agent_2", "round": 4}
2026-05-08 08:38:47,201 - INFO - Tokens - Input: 1884, Output: 986, Total: 2870
2026-05-08 08:38:47,203 - INFO - Memory updates: 33
{"id": 49, "ts": 1778222327.2032723, "event": "memory_updated", "agent": "agent_1", "round": 4}
2026-05-08 08:38:48,483 - INFO - Tokens - Input: 2538, Output: 142, Total: 2680
{"id": 50, "ts": 1778222328.4854064, "event": "public_discussion_message", "round": 4, "agent": "agent_3", "message": "Candidate B \u2013 handles stress very well.\nMETADATA_JSON:\n{\"agent\": \"agent_3\", \"vote\": \"Candidate B\"}"}
2026-05-08 08:38:48,485 - INFO - Agent turns: 12
2026-05-08 08:38:53,439 - INFO - Tokens - Input: 1937, Output: 921, Total: 2858
2026-05-08 08:38:53,441 - INFO - Memory updates: 34
{"id": 51, "ts": 1778222333.4415426, "event": "memory_updated", "agent": "agent_1", "round": 4}
2026-05-08 08:38:53,710 - INFO - Tokens - Input: 1861, Output: 829, Total: 2690
2026-05-08 08:38:53,711 - INFO - Memory updates: 35
{"id": 52, "ts": 1778222333.7120132, "event": "memory_updated", "agent": "agent_2", "round": 4}
2026-05-08 08:38:53,740 - INFO - Tokens - Input: 2044, Output: 927, Total: 2971
2026-05-08 08:38:53,741 - INFO - Memory updates: 36
{"id": 53, "ts": 1778222333.7414398, "event": "memory_updated", "agent": "agent_3", "round": 4}
2026-05-08 08:38:53,750 - INFO - Loop 4 completed
{"id": 54, "ts": 1778222333.756002, "event": "discussion_order", "round": 5, "order": ["agent_2", "agent_3", "agent_1"]}
2026-05-08 08:38:56,255 - INFO - Tokens - Input: 2340, Output: 186, Total: 2526
{"id": 55, "ts": 1778222336.2571719, "event": "public_discussion_message", "round": 5, "agent": "agent_2", "message": "Candidate B \u2013 makes nasty remarks about colleagues.\nMETADATA_JSON:\n{\"agent\": \"agent_2\", \"vote\": \"Candidate B\"}"}
2026-05-08 08:38:56,257 - INFO - Agent turns: 13
2026-05-08 08:39:01,578 - INFO - Tokens - Input: 1830, Output: 947, Total: 2777
2026-05-08 08:39:01,579 - INFO - Memory updates: 37
{"id": 56, "ts": 1778222341.5800824, "event": "memory_updated", "agent": "agent_2", "round": 5}
2026-05-08 08:39:03,002 - INFO - Tokens - Input: 2003, Output: 1073, Total: 3076
2026-05-08 08:39:03,004 - INFO - Memory updates: 38
{"id": 57, "ts": 1778222343.0042782, "event": "memory_updated", "agent": "agent_1", "round": 5}
2026-05-08 08:39:03,491 - INFO - Tokens - Input: 2090, Output: 1003, Total: 3093
2026-05-08 08:39:03,493 - INFO - Memory updates: 39
{"id": 58, "ts": 1778222343.493224, "event": "memory_updated", "agent": "agent_3", "round": 5}
2026-05-08 08:39:05,175 - INFO - Tokens - Input: 2593, Output: 207, Total: 2800
{"id": 59, "ts": 1778222345.1766453, "event": "public_discussion_message", "round": 5, "agent": "agent_3", "message": "Candidate B \u2013 handles stress very well.\nMETADATA_JSON:\n{\"agent\": \"agent_3\", \"vote\": \"Candidate B\"}"}
2026-05-08 08:39:05,176 - INFO - Agent turns: 14
2026-05-08 08:39:10,360 - INFO - Tokens - Input: 1893, Output: 976, Total: 2869
2026-05-08 08:39:10,362 - INFO - Memory updates: 40
{"id": 60, "ts": 1778222350.3630564, "event": "memory_updated", "agent": "agent_2", "round": 5}
2026-05-08 08:39:12,507 - INFO - Tokens - Input: 2038, Output: 937, Total: 2975
2026-05-08 08:39:12,509 - INFO - Memory updates: 41
{"id": 61, "ts": 1778222352.5100603, "event": "memory_updated", "agent": "agent_1", "round": 5}
2026-05-08 08:39:13,129 - INFO - Tokens - Input: 2099, Output: 950, Total: 3049
2026-05-08 08:39:13,131 - INFO - Memory updates: 42
{"id": 62, "ts": 1778222353.1311665, "event": "memory_updated", "agent": "agent_3", "round": 5}
2026-05-08 08:39:13,919 - INFO - Tokens - Input: 2569, Output: 115, Total: 2684
{"id": 63, "ts": 1778222353.9210289, "event": "public_discussion_message", "round": 5, "agent": "agent_1", "message": "Candidate C \u2013 known to be 100% reliable.\nMETADATA_JSON:\n{\"agent\": \"agent_1\", \"vote\": \"Candidate C\"}"}
2026-05-08 08:39:13,921 - INFO - Agent turns: 15
2026-05-08 08:39:19,905 - INFO - Tokens - Input: 2139, Output: 910, Total: 3049
2026-05-08 08:39:19,907 - INFO - Memory updates: 43
{"id": 64, "ts": 1778222359.9076521, "event": "memory_updated", "agent": "agent_3", "round": 5}
2026-05-08 08:39:20,014 - INFO - Tokens - Input: 1909, Output: 945, Total: 2854
2026-05-08 08:39:20,016 - INFO - Memory updates: 44
{"id": 65, "ts": 1778222360.0163658, "event": "memory_updated", "agent": "agent_2", "round": 5}
2026-05-08 08:39:20,100 - INFO - Tokens - Input: 2081, Output: 891, Total: 2972
2026-05-08 08:39:20,101 - INFO - Memory updates: 45
{"id": 66, "ts": 1778222360.1018636, "event": "memory_updated", "agent": "agent_1", "round": 5}
2026-05-08 08:39:20,110 - INFO - Loop 5 completed
2026-05-08 08:39:20,110 - INFO - Final Chosen Candidate: Candidate B
2026-05-08 08:39:20,110 - INFO - Final Decision Method: max_round_majority_vote
2026-05-08 08:39:20,110 - INFO - Final Vote Count: {'Candidate C': 1, 'Candidate B': 2}
2026-05-08 08:39:20,110 - INFO - Correct Candidate: Candidate C
2026-05-08 08:39:20,110 - INFO - Decision Correct: 0
{"id": 67, "ts": 1778222360.4271684, "event": "context_consistency_calculated", "method": "embedding_cosine", "mean_pairwise_similarity": 0.823994, "pairwise": [{"agent_a": "agent_1", "agent_b": "agent_2", "similarity": 0.783819}, {"agent_a": "agent_1", "agent_b": "agent_3", "similarity": 0.905349}, {"agent_a": "agent_2", "agent_b": "agent_3", "similarity": 0.782814}]}
{"id": 68, "ts": 1778222360.4273505, "event": "agent_memories_archived", "directory": "/home/lhegemann/git/bachelor_thesis/01_data/raw/simulations/low/low_treatment_20260508_080303_014/shared_mental_models", "round": 5}
{"id": 69, "ts": 1778222360.4274404, "event": "final_decision", "candidate": "Candidate B", "method": "max_round_majority_vote", "vote_count": {"Candidate C": 1, "Candidate B": 2}, "correct_candidate": "Candidate C", "decision_correct": 0, "round": 5}
2026-05-08 08:39:20,436 - INFO - ======================================================================
2026-05-08 08:39:20,437 - INFO - SIMULATION METRICS
2026-05-08 08:39:20,437 - INFO - ======================================================================
2026-05-08 08:39:20,437 - INFO - Total Loops: 5
2026-05-08 08:39:20,437 - INFO - Agent Turns (no vote checker): 15
2026-05-08 08:39:20,437 - INFO - Agent Tool Calls: 0
2026-05-08 08:39:20,437 - INFO - Agent Tool Messages: 0
2026-05-08 08:39:20,437 - INFO - Memory Updates: 45
2026-05-08 08:39:20,437 - INFO - Total Messages (no vote checker): 15
2026-05-08 08:39:20,437 - INFO - Input Tokens: 115376
2026-05-08 08:39:20,437 - INFO - Output Tokens: 49615
2026-05-08 08:39:20,437 - INFO - Total Tokens: 164991
2026-05-08 08:39:20,437 - INFO - Final Chosen Candidate: Candidate B
2026-05-08 08:39:20,438 - INFO - Final Decision Method: max_round_majority_vote
2026-05-08 08:39:20,438 - INFO - Final Vote Count: {'Candidate C': 1, 'Candidate B': 2}
2026-05-08 08:39:20,438 - INFO - Correct Candidate: Candidate C
2026-05-08 08:39:20,438 - INFO - Decision Correct: 0
2026-05-08 08:39:20,438 - INFO - Runtime: 164.17s
2026-05-08 08:39:20,438 - INFO - ======================================================================
