2026-05-09 01:46:21,706 - INFO - Metrics tracker initialized
{"id": 1, "ts": 1778283981.7329066, "event": "memory_reset"}
{"id": 2, "ts": 1778283981.7369998, "event": "discussion_order", "round": 1, "order": ["agent_1", "agent_3", "agent_2"]}
2026-05-09 01:46:27,851 - INFO - Tokens - Input: 1392, Output: 438, Total: 1830
{"id": 3, "ts": 1778283987.8528388, "event": "public_discussion_message", "round": 1, "agent": "agent_1", "message": "I prefer Candidate C \u2013 known to be 100% reliable.\nMETADATA_JSON:\n{\"agent\": \"agent_1\", \"vote\": \"Candidate C\"}"}
2026-05-09 01:46:27,852 - INFO - Agent turns: 1
2026-05-09 01:46:33,130 - INFO - Tokens - Input: 1450, Output: 643, Total: 2093
{"id": 4, "ts": 1778283993.1322188, "event": "public_discussion_message", "round": 1, "agent": "agent_3", "message": "I prefer Candidate A \u2013 has excellent spatial vision.\nMETADATA_JSON:\n{\"agent\": \"agent_3\", \"vote\": \"Candidate A\"}"}
2026-05-09 01:46:33,132 - INFO - Agent turns: 2
2026-05-09 01:46:40,355 - INFO - Tokens - Input: 1493, Output: 801, Total: 2294
{"id": 5, "ts": 1778284000.356747, "event": "public_discussion_message", "round": 1, "agent": "agent_2", "message": "I prefer Candidate D \u2013 takes responsibility seriously.\nMETADATA_JSON:\n{\"agent\": \"agent_2\", \"vote\": \"Candidate D\"}"}
2026-05-09 01:46:40,356 - INFO - Agent turns: 3
2026-05-09 01:46:40,365 - INFO - Loop 1 completed
{"id": 6, "ts": 1778284000.3716803, "event": "discussion_order", "round": 2, "order": ["agent_2", "agent_1", "agent_3"]}
2026-05-09 01:46:45,138 - INFO - Tokens - Input: 1531, Output: 611, Total: 2142
{"id": 7, "ts": 1778284005.140027, "event": "public_discussion_message", "round": 2, "agent": "agent_2", "message": "I prefer Candidate D \u2013 takes responsibility seriously.\nMETADATA_JSON:\n{\"agent\": \"agent_2\", \"vote\": \"Candidate D\"}"}
2026-05-09 01:46:45,140 - INFO - Agent turns: 4
2026-05-09 01:46:49,918 - INFO - Tokens - Input: 1563, Output: 639, Total: 2202
{"id": 8, "ts": 1778284009.919959, "event": "public_discussion_message", "round": 2, "agent": "agent_1", "message": "I prefer Candidate C \u2013 known to be 100% reliable.\nMETADATA_JSON:\n{\"agent\": \"agent_1\", \"vote\": \"Candidate C\"}"}
2026-05-09 01:46:49,920 - INFO - Agent turns: 5
2026-05-09 01:46:55,704 - INFO - Tokens - Input: 1603, Output: 604, Total: 2207
{"id": 9, "ts": 1778284015.705753, "event": "public_discussion_message", "round": 2, "agent": "agent_3", "message": "I prefer Candidate B \u2013 handles stress well.\nMETADATA_JSON:\n{\"agent\": \"agent_3\", \"vote\": \"Candidate B\"}"}
2026-05-09 01:46:55,705 - INFO - Agent turns: 6
2026-05-09 01:46:55,714 - INFO - Loop 2 completed
{"id": 10, "ts": 1778284015.7206225, "event": "discussion_order", "round": 3, "order": ["agent_1", "agent_3", "agent_2"]}
2026-05-09 01:46:59,462 - INFO - Tokens - Input: 1643, Output: 424, Total: 2067
{"id": 11, "ts": 1778284019.464126, "event": "public_discussion_message", "round": 3, "agent": "agent_1", "message": "I prefer Candidate C \u2013 known to be 100% reliable.\nMETADATA_JSON:\n{\"agent\": \"agent_1\", \"vote\": \"Candidate C\"}"}
2026-05-09 01:46:59,464 - INFO - Agent turns: 7
2026-05-09 01:47:05,120 - INFO - Tokens - Input: 1681, Output: 756, Total: 2437
{"id": 12, "ts": 1778284025.121962, "event": "public_discussion_message", "round": 3, "agent": "agent_3", "message": "I prefer Candidate B \u2013 handles stress well.\nMETADATA_JSON:\n{\"agent\": \"agent_3\", \"vote\": \"Candidate B\"}"}
2026-05-09 01:47:05,122 - INFO - Agent turns: 8
2026-05-09 01:47:13,284 - INFO - Tokens - Input: 1722, Output: 1190, Total: 2912
{"id": 13, "ts": 1778284033.286106, "event": "public_discussion_message", "round": 3, "agent": "agent_2", "message": "I prefer Candidate D \u2013 takes responsibility seriously.\nMETADATA_JSON:\n{\"agent\": \"agent_2\", \"vote\": \"Candidate D\"}"}
2026-05-09 01:47:13,286 - INFO - Agent turns: 9
2026-05-09 01:47:13,295 - INFO - Loop 3 completed
{"id": 14, "ts": 1778284033.3005126, "event": "discussion_order", "round": 4, "order": ["agent_2", "agent_1", "agent_3"]}
2026-05-09 01:47:19,194 - INFO - Tokens - Input: 1761, Output: 714, Total: 2475
{"id": 15, "ts": 1778284039.195669, "event": "public_discussion_message", "round": 4, "agent": "agent_2", "message": "I prefer Candidate A \u2013 excellent spatial vision.\nMETADATA_JSON:\n{\"agent\": \"agent_2\", \"vote\": \"Candidate A\"}"}
2026-05-09 01:47:19,195 - INFO - Agent turns: 10
2026-05-09 01:47:23,495 - INFO - Tokens - Input: 1793, Output: 565, Total: 2358
{"id": 16, "ts": 1778284043.4963596, "event": "public_discussion_message", "round": 4, "agent": "agent_1", "message": "I prefer Candidate C \u2013 creates a positive atmosphere with his crew.\nMETADATA_JSON:\n{\"agent\": \"agent_1\", \"vote\": \"Candidate C\"}"}
2026-05-09 01:47:23,496 - INFO - Agent turns: 11
2026-05-09 01:47:33,430 - INFO - Tokens - Input: 1833, Output: 843, Total: 2676
{"id": 17, "ts": 1778284053.4317994, "event": "public_discussion_message", "round": 4, "agent": "agent_3", "message": "I prefer Candidate B \u2013 handles stress well.\nMETADATA_JSON:\n{\"agent\": \"agent_3\", \"vote\": \"Candidate B\"}"}
2026-05-09 01:47:33,431 - INFO - Agent turns: 12
2026-05-09 01:47:33,441 - INFO - Loop 4 completed
{"id": 18, "ts": 1778284053.4461713, "event": "discussion_order", "round": 5, "order": ["agent_2", "agent_3", "agent_1"]}
2026-05-09 01:47:39,679 - INFO - Tokens - Input: 1876, Output: 835, Total: 2711
{"id": 19, "ts": 1778284059.6818018, "event": "public_discussion_message", "round": 5, "agent": "agent_2", "message": "I prefer Candidate A \u2013 excellent spatial vision.\nMETADATA_JSON:\n{\"agent\": \"agent_2\", \"vote\": \"Candidate A\"}"}
2026-05-09 01:47:39,681 - INFO - Agent turns: 13
2026-05-09 01:47:46,907 - INFO - Tokens - Input: 1903, Output: 903, Total: 2806
{"id": 20, "ts": 1778284066.9088366, "event": "public_discussion_message", "round": 5, "agent": "agent_3", "message": "I prefer Candidate A \u2013 excellent spatial vision.\nMETADATA_JSON:\n{\"agent\": \"agent_3\", \"vote\": \"Candidate A\"}"}
2026-05-09 01:47:46,908 - INFO - Agent turns: 14
2026-05-09 01:47:52,039 - INFO - Tokens - Input: 1945, Output: 692, Total: 2637
{"id": 21, "ts": 1778284072.0407288, "event": "public_discussion_message", "round": 5, "agent": "agent_1", "message": "I prefer Candidate A \u2013 excellent spatial vision.\nMETADATA_JSON:\n{\"agent\": \"agent_1\", \"vote\": \"Candidate A\"}"}
2026-05-09 01:47:52,040 - INFO - Agent turns: 15
2026-05-09 01:47:52,050 - INFO - Loop 5 completed
2026-05-09 01:47:52,050 - INFO - Final Chosen Candidate: Candidate A
2026-05-09 01:47:52,050 - INFO - Final Decision Method: consensus
2026-05-09 01:47:52,050 - INFO - Final Vote Count: {'Candidate A': 3}
2026-05-09 01:47:52,050 - INFO - Correct Candidate: Candidate C
2026-05-09 01:47:52,050 - INFO - Decision Correct: 0
{"id": 22, "ts": 1778284072.05152, "event": "context_consistency_not_applicable", "reason": "explicit_smm_memory_disabled"}
{"id": 23, "ts": 1778284072.0516272, "event": "final_decision", "candidate": "Candidate A", "method": "consensus", "vote_count": {"Candidate A": 3}, "correct_candidate": "Candidate C", "decision_correct": 0, "round": 5}
2026-05-09 01:47:52,059 - INFO - ======================================================================
2026-05-09 01:47:52,059 - INFO - SIMULATION METRICS
2026-05-09 01:47:52,059 - INFO - ======================================================================
2026-05-09 01:47:52,060 - INFO - Total Loops: 5
2026-05-09 01:47:52,060 - INFO - Agent Turns (no vote checker): 15
2026-05-09 01:47:52,060 - INFO - Agent Tool Calls: 0
2026-05-09 01:47:52,060 - INFO - Agent Tool Messages: 0
2026-05-09 01:47:52,060 - INFO - Memory Updates: 0
2026-05-09 01:47:52,060 - INFO - Total Messages (no vote checker): 15
2026-05-09 01:47:52,060 - INFO - Input Tokens: 25189
2026-05-09 01:47:52,060 - INFO - Output Tokens: 10658
2026-05-09 01:47:52,060 - INFO - Total Tokens: 35847
2026-05-09 01:47:52,060 - INFO - Final Chosen Candidate: Candidate A
2026-05-09 01:47:52,060 - INFO - Final Decision Method: consensus
2026-05-09 01:47:52,060 - INFO - Final Vote Count: {'Candidate A': 3}
2026-05-09 01:47:52,060 - INFO - Correct Candidate: Candidate C
2026-05-09 01:47:52,061 - INFO - Decision Correct: 0
2026-05-09 01:47:52,061 - INFO - Runtime: 90.35s
2026-05-09 01:47:52,061 - INFO - ======================================================================
