2026-05-08 23:38:42,009 - INFO - Metrics tracker initialized
{"id": 1, "ts": 1778276322.0360308, "event": "memory_reset"}
{"id": 2, "ts": 1778276322.0406523, "event": "discussion_order", "round": 1, "order": ["agent_2", "agent_3", "agent_1"]}
2026-05-08 23:38:51,335 - INFO - Tokens - Input: 1716, Output: 1037, Total: 2753
{"id": 3, "ts": 1778276331.3376443, "event": "public_discussion_message", "round": 1, "agent": "agent_2", "message": "I tentatively favor **Candidate\u202fB**. He is very conscientious and handles stress well, which supports reliability and calmness under pressure\u2014key for long\u2011distance flights. His strong weather\u2011assessment ability and excellent computer skills also contribute to the technical competence needed for complex routes. The main uncertainty is his tendency to make nasty remarks about colleagues, which could undermine crew cooperation and morale.\nMETADATA_JSON:\n{\"agent\": \"agent_2\", \"vote\": \"Candidate B\"}"}
2026-05-08 23:38:51,337 - INFO - Agent turns: 1
2026-05-08 23:39:01,453 - INFO - Tokens - Input: 1328, Output: 1468, Total: 2796
2026-05-08 23:39:01,455 - INFO - Memory updates: 1
{"id": 4, "ts": 1778276341.4556174, "event": "memory_updated", "agent": "agent_2", "round": 1}
2026-05-08 23:39:03,051 - INFO - Tokens - Input: 1320, Output: 1518, Total: 2838
2026-05-08 23:39:03,052 - INFO - Memory updates: 2
{"id": 5, "ts": 1778276343.0530617, "event": "memory_updated", "agent": "agent_3", "round": 1}
2026-05-08 23:39:12,747 - INFO - Tokens - Input: 1325, Output: 1674, Total: 2999
2026-05-08 23:39:12,748 - INFO - Memory updates: 3
{"id": 6, "ts": 1778276352.7489872, "event": "memory_updated", "agent": "agent_1", "round": 1}
2026-05-08 23:39:16,180 - INFO - Tokens - Input: 2302, Output: 556, Total: 2858
{"id": 7, "ts": 1778276356.1821404, "event": "public_discussion_message", "round": 1, "agent": "agent_3", "message": "I currently favor **Candidate\u202fD**. He demonstrates strong problem\u2011solving, high concentration, and a serious sense of responsibility\u2014key for handling the complex, long\u2011haul environment and unexpected events. The main trade\u2011off is his moodiness and being regarded as a loner, which could pose challenges for crew cohesion.\nMETADATA_JSON:\n{\"agent\": \"agent_3\", \"vote\": \"Candidate D\"}"}
2026-05-08 23:39:16,182 - INFO - Agent turns: 2
2026-05-08 23:39:25,363 - INFO - Tokens - Input: 1897, Output: 1218, Total: 3115
2026-05-08 23:39:25,367 - INFO - Memory updates: 4
{"id": 8, "ts": 1778276365.3675013, "event": "memory_updated", "agent": "agent_3", "round": 1}
2026-05-08 23:39:25,815 - INFO - Tokens - Input: 2034, Output: 1298, Total: 3332
2026-05-08 23:39:25,817 - INFO - Memory updates: 5
{"id": 9, "ts": 1778276365.8175268, "event": "memory_updated", "agent": "agent_1", "round": 1}
2026-05-08 23:39:26,042 - INFO - Tokens - Input: 1968, Output: 1379, Total: 3347
2026-05-08 23:39:26,044 - INFO - Memory updates: 6
{"id": 10, "ts": 1778276366.045125, "event": "memory_updated", "agent": "agent_2", "round": 1}
2026-05-08 23:39:31,261 - INFO - Tokens - Input: 2575, Output: 692, Total: 3267
{"id": 11, "ts": 1778276371.263423, "event": "public_discussion_message", "round": 1, "agent": "agent_1", "message": "I currently favor **Candidate A**. His ability to anticipate dangerous situations and excellent spatial vision support strong safety and navigation performance, while his very good leadership qualities are crucial for coordinating the crew on long\u2011distance flights. The main trade\u2011off is that A can be unorganized and sometimes struggles with criticism, which could affect operational efficiency and crew feedback processes.\nMETADATA_JSON:\n{\"agent\": \"agent_1\", \"vote\": \"Candidate A\"}"}
2026-05-08 23:39:31,263 - INFO - Agent turns: 3
2026-05-08 23:39:39,672 - INFO - Tokens - Input: 2237, Output: 1182, Total: 3419
2026-05-08 23:39:39,674 - INFO - Memory updates: 7
{"id": 12, "ts": 1778276379.674675, "event": "memory_updated", "agent": "agent_2", "round": 1}
2026-05-08 23:39:40,567 - INFO - Tokens - Input: 2180, Output: 1242, Total: 3422
2026-05-08 23:39:40,569 - INFO - Memory updates: 8
{"id": 13, "ts": 1778276380.5695844, "event": "memory_updated", "agent": "agent_1", "round": 1}
2026-05-08 23:39:42,380 - INFO - Tokens - Input: 2118, Output: 1467, Total: 3585
2026-05-08 23:39:42,382 - INFO - Memory updates: 9
{"id": 14, "ts": 1778276382.382359, "event": "memory_updated", "agent": "agent_3", "round": 1}
2026-05-08 23:39:42,390 - INFO - Loop 1 completed
{"id": 15, "ts": 1778276382.3970115, "event": "discussion_order", "round": 2, "order": ["agent_2", "agent_1", "agent_3"]}
2026-05-08 23:39:44,370 - INFO - Tokens - Input: 2545, Output: 184, Total: 2729
{"id": 16, "ts": 1778276384.371797, "event": "public_discussion_message", "round": 2, "agent": "agent_2", "message": "I continue to favor **Candidate\u202fB**. His strong conscientiousness and ability to handle stress support reliability and calmness under pressure, while his skill in assessing weather conditions and excellent computer abilities address the technical demands of long\u2011distance flights. The main uncertainty is his tendency to make nasty remarks about colleagues, which could undermine crew cooperation and morale.\nMETADATA_JSON:\n{\"agent\": \"agent_2\", \"vote\": \"Candidate B\"}"}
2026-05-08 23:39:44,371 - INFO - Agent turns: 4
2026-05-08 23:39:51,668 - INFO - Tokens - Input: 2121, Output: 1059, Total: 3180
2026-05-08 23:39:51,670 - INFO - Memory updates: 10
{"id": 17, "ts": 1778276391.6703708, "event": "memory_updated", "agent": "agent_2", "round": 2}
2026-05-08 23:39:52,010 - INFO - Tokens - Input: 2241, Output: 1043, Total: 3284
2026-05-08 23:39:52,011 - INFO - Memory updates: 11
{"id": 18, "ts": 1778276392.0120625, "event": "memory_updated", "agent": "agent_1", "round": 2}
2026-05-08 23:39:53,805 - INFO - Tokens - Input: 2272, Output: 1322, Total: 3594
2026-05-08 23:39:53,807 - INFO - Memory updates: 12
{"id": 19, "ts": 1778276393.8080513, "event": "memory_updated", "agent": "agent_3", "round": 2}
2026-05-08 23:39:58,305 - INFO - Tokens - Input: 2501, Output: 592, Total: 3093
{"id": 20, "ts": 1778276398.3066094, "event": "public_discussion_message", "round": 2, "agent": "agent_1", "message": "I continue to favor **Candidate\u202fA**. His ability to anticipate dangerous situations, excellent spatial vision, and very good leadership directly support safety, navigation, and crew coordination on long\u2011distance flights. These traits are essential for preventing incidents and managing complex routes. The main trade\u2011off is his tendency to be unorganized and his difficulty handling criticism, which could affect operational efficiency and crew feedback loops.\nMETADATA_JSON:\n{\"agent\": \"agent_1\", \"vote\": \"Candidate A\"}"}
2026-05-08 23:39:58,306 - INFO - Agent turns: 5
2026-05-08 23:40:04,795 - INFO - Tokens - Input: 2124, Output: 892, Total: 3016
2026-05-08 23:40:04,797 - INFO - Memory updates: 13
{"id": 21, "ts": 1778276404.7972357, "event": "memory_updated", "agent": "agent_1", "round": 2}
2026-05-08 23:40:08,049 - INFO - Tokens - Input: 2401, Output: 1195, Total: 3596
2026-05-08 23:40:08,051 - INFO - Memory updates: 14
{"id": 22, "ts": 1778276408.0511413, "event": "memory_updated", "agent": "agent_3", "round": 2}
2026-05-08 23:40:09,339 - INFO - Tokens - Input: 2261, Output: 1239, Total: 3500
2026-05-08 23:40:09,340 - INFO - Memory updates: 15
{"id": 23, "ts": 1778276409.3407507, "event": "memory_updated", "agent": "agent_2", "round": 2}
2026-05-08 23:40:15,788 - INFO - Tokens - Input: 2896, Output: 408, Total: 3304
{"id": 24, "ts": 1778276415.7897577, "event": "public_discussion_message", "round": 2, "agent": "agent_3", "message": "I continue to favor **Candidate\u202fD**. His strong problem\u2011solving ability, excellent concentration for long\u2011haul flights, and serious sense of responsibility directly support the technical competence, sustained focus, and accountability required for long\u2011distance operations. The main trade\u2011off is his moodiness and reputation as a loner, which could pose challenges for crew cohesion and morale.\nMETADATA_JSON:\n{\"agent\": \"agent_3\", \"vote\": \"Candidate D\"}"}
2026-05-08 23:40:15,789 - INFO - Agent turns: 6
2026-05-08 23:40:26,229 - INFO - Tokens - Input: 2383, Output: 998, Total: 3381
2026-05-08 23:40:26,230 - INFO - Memory updates: 16
{"id": 25, "ts": 1778276426.2309206, "event": "memory_updated", "agent": "agent_2", "round": 2}
2026-05-08 23:40:27,640 - INFO - Tokens - Input: 2509, Output: 1145, Total: 3654
2026-05-08 23:40:27,642 - INFO - Memory updates: 17
{"id": 26, "ts": 1778276427.6424787, "event": "memory_updated", "agent": "agent_3", "round": 2}
2026-05-08 23:40:34,066 - INFO - Tokens - Input: 2297, Output: 1062, Total: 3359
2026-05-08 23:40:34,068 - INFO - Memory updates: 18
{"id": 27, "ts": 1778276434.0690484, "event": "memory_updated", "agent": "agent_1", "round": 2}
2026-05-08 23:40:34,077 - INFO - Loop 2 completed
{"id": 28, "ts": 1778276434.0839753, "event": "discussion_order", "round": 3, "order": ["agent_3", "agent_2", "agent_1"]}
2026-05-08 23:40:37,350 - INFO - Tokens - Input: 3022, Output: 173, Total: 3195
{"id": 29, "ts": 1778276437.3523722, "event": "public_discussion_message", "round": 3, "agent": "agent_3", "message": "I continue to favor **Candidate\u202fD**. His strong problem\u2011solving ability, excellent concentration for long\u2011haul flights, and serious sense of responsibility directly support the technical competence, sustained focus, and accountability required for long\u2011distance operations. The main trade\u2011off is his moodiness and reputation as a loner, which could hinder crew cohesion and morale.\nMETADATA_JSON:\n{\"agent\": \"agent_3\", \"vote\": \"Candidate D\"}"}
2026-05-08 23:40:37,352 - INFO - Agent turns: 7
2026-05-08 23:40:45,691 - INFO - Tokens - Input: 2148, Output: 1050, Total: 3198
2026-05-08 23:40:45,693 - INFO - Memory updates: 19
{"id": 30, "ts": 1778276445.693748, "event": "memory_updated", "agent": "agent_2", "round": 3}
2026-05-08 23:40:45,932 - INFO - Tokens - Input: 2450, Output: 1036, Total: 3486
2026-05-08 23:40:45,934 - INFO - Memory updates: 20
{"id": 31, "ts": 1778276445.9343922, "event": "memory_updated", "agent": "agent_1", "round": 3}
2026-05-08 23:40:47,848 - INFO - Tokens - Input: 2606, Output: 1151, Total: 3757
2026-05-08 23:40:47,850 - INFO - Memory updates: 21
{"id": 32, "ts": 1778276447.8507156, "event": "memory_updated", "agent": "agent_3", "round": 3}
2026-05-08 23:40:50,016 - INFO - Tokens - Input: 2705, Output: 281, Total: 2986
{"id": 33, "ts": 1778276450.0180943, "event": "public_discussion_message", "round": 3, "agent": "agent_2", "message": "I continue to favor **Candidate\u202fB**. His strong conscientiousness and ability to handle stress support reliability and calmness under pressure\u2014critical for long\u2011distance flights. Additionally, his skill in assessing weather conditions and excellent computer abilities address the technical demands of complex, long\u2011haul routes. The main trade\u2011off is his tendency to make nasty remarks about colleagues, which could undermine crew cooperation and morale.\nMETADATA_JSON:\n{\"agent\": \"agent_2\", \"vote\": \"Candidate B\"}"}
2026-05-08 23:40:50,018 - INFO - Agent turns: 8
2026-05-08 23:40:57,642 - INFO - Tokens - Input: 2330, Output: 808, Total: 3138
2026-05-08 23:40:57,643 - INFO - Memory updates: 22
{"id": 34, "ts": 1778276457.6440895, "event": "memory_updated", "agent": "agent_2", "round": 3}
2026-05-08 23:41:01,332 - INFO - Tokens - Input: 2567, Output: 1268, Total: 3835
2026-05-08 23:41:01,334 - INFO - Memory updates: 23
{"id": 35, "ts": 1778276461.3342597, "event": "memory_updated", "agent": "agent_1", "round": 3}
2026-05-08 23:41:01,550 - INFO - Tokens - Input: 2610, Output: 1177, Total: 3787
2026-05-08 23:41:01,552 - INFO - Memory updates: 24
{"id": 36, "ts": 1778276461.55274, "event": "memory_updated", "agent": "agent_3", "round": 3}
2026-05-08 23:41:04,248 - INFO - Tokens - Input: 3014, Output: 147, Total: 3161
{"id": 37, "ts": 1778276464.2503233, "event": "public_discussion_message", "round": 3, "agent": "agent_1", "message": "I continue to favor **Candidate\u202fA**. His ability to anticipate dangerous situations and his excellent spatial vision directly support safety and navigation on long\u2011haul flights, while his very good leadership helps coordinate the crew effectively. The main trade\u2011off is his tendency to be unorganized and his difficulty handling criticism, which could affect operational efficiency and crew feedback.\nMETADATA_JSON:\n{\"agent\": \"agent_1\", \"vote\": \"Candidate A\"}"}
2026-05-08 23:41:04,250 - INFO - Agent turns: 9
2026-05-08 23:41:10,470 - INFO - Tokens - Input: 2436, Output: 895, Total: 3331
2026-05-08 23:41:10,472 - INFO - Memory updates: 25
{"id": 38, "ts": 1778276470.472457, "event": "memory_updated", "agent": "agent_2", "round": 3}
2026-05-08 23:41:11,701 - INFO - Tokens - Input: 2724, Output: 987, Total: 3711
2026-05-08 23:41:11,703 - INFO - Memory updates: 26
{"id": 39, "ts": 1778276471.703821, "event": "memory_updated", "agent": "agent_3", "round": 3}
2026-05-08 23:41:14,054 - INFO - Tokens - Input: 2617, Output: 1009, Total: 3626
2026-05-08 23:41:14,056 - INFO - Memory updates: 27
{"id": 40, "ts": 1778276474.056667, "event": "memory_updated", "agent": "agent_1", "round": 3}
2026-05-08 23:41:14,065 - INFO - Loop 3 completed
{"id": 41, "ts": 1778276474.0716465, "event": "discussion_order", "round": 4, "order": ["agent_3", "agent_1", "agent_2"]}
2026-05-08 23:41:16,104 - INFO - Tokens - Input: 3045, Output: 166, Total: 3211
{"id": 42, "ts": 1778276476.1061604, "event": "public_discussion_message", "round": 4, "agent": "agent_3", "message": "I continue to favor **Candidate\u202fD**. His exceptional problem\u2011solving ability and strong concentration are crucial for the complex, long\u2011haul routes where sustained focus and quick resolution of unexpected issues are vital. Additionally, his serious sense of responsibility aligns with the high reliability required for long\u2011distance operations. The main trade\u2011off is his moodiness and reputation as a loner, which could hinder crew cohesion and morale in the cockpit.\nMETADATA_JSON:\n{\"agent\": \"agent_3\", \"vote\": \"Candidate D\"}"}
2026-05-08 23:41:16,106 - INFO - Agent turns: 10
2026-05-08 23:41:24,384 - INFO - Tokens - Input: 2774, Output: 1106, Total: 3880
2026-05-08 23:41:24,386 - INFO - Memory updates: 28
{"id": 43, "ts": 1778276484.386773, "event": "memory_updated", "agent": "agent_1", "round": 4}
2026-05-08 23:41:27,007 - INFO - Tokens - Input: 2659, Output: 1130, Total: 3789
2026-05-08 23:41:27,009 - INFO - Memory updates: 29
{"id": 44, "ts": 1778276487.009514, "event": "memory_updated", "agent": "agent_3", "round": 4}
2026-05-08 23:41:27,151 - INFO - Tokens - Input: 2464, Output: 1163, Total: 3627
2026-05-08 23:41:27,152 - INFO - Memory updates: 30
{"id": 45, "ts": 1778276487.152707, "event": "memory_updated", "agent": "agent_2", "round": 4}
2026-05-08 23:41:30,748 - INFO - Tokens - Input: 3251, Output: 218, Total: 3469
{"id": 46, "ts": 1778276490.750039, "event": "public_discussion_message", "round": 4, "agent": "agent_1", "message": "I continue to favor **Candidate\u202fA**. His ability to anticipate dangerous situations and his excellent spatial vision give strong safety and navigation advantages, while his very good leadership supports effective crew coordination on long\u2011haul flights. The main trade\u2011off is his tendency to be unorganized and his difficulty handling criticism, which could hinder operational efficiency and crew feedback processes.\nMETADATA_JSON:\n{\"agent\": \"agent_1\", \"vote\": \"Candidate A\"}"}
2026-05-08 23:41:30,750 - INFO - Agent turns: 11
2026-05-08 23:41:37,503 - INFO - Tokens - Input: 2856, Output: 953, Total: 3809
2026-05-08 23:41:37,505 - INFO - Memory updates: 31
{"id": 47, "ts": 1778276497.5056741, "event": "memory_updated", "agent": "agent_1", "round": 4}
2026-05-08 23:41:37,650 - INFO - Tokens - Input: 2589, Output: 849, Total: 3438
2026-05-08 23:41:37,652 - INFO - Memory updates: 32
{"id": 48, "ts": 1778276497.6523314, "event": "memory_updated", "agent": "agent_2", "round": 4}
2026-05-08 23:41:39,536 - INFO - Tokens - Input: 2759, Output: 1120, Total: 3879
2026-05-08 23:41:39,537 - INFO - Memory updates: 33
{"id": 49, "ts": 1778276499.5379863, "event": "memory_updated", "agent": "agent_3", "round": 4}
2026-05-08 23:41:45,271 - INFO - Tokens - Input: 3122, Output: 276, Total: 3398
{"id": 50, "ts": 1778276505.2725184, "event": "public_discussion_message", "round": 4, "agent": "agent_2", "message": "I continue to favor **Candidate\u202fB**. His very conscientious nature and strong ability to handle stress provide the reliability and calmness under pressure essential for long\u2011distance flights, while his skill in assessing weather conditions and excellent computer abilities address the technical demands of complex, long\u2011haul routes. The main trade\u2011off is his tendency to make nasty remarks about colleagues, which could undermine crew cooperation and morale.\nMETADATA_JSON:\n{\"agent\": \"agent_2\", \"vote\": \"Candidate B\"}"}
2026-05-08 23:41:45,272 - INFO - Agent turns: 12
2026-05-08 23:41:53,481 - INFO - Tokens - Input: 2789, Output: 899, Total: 3688
2026-05-08 23:41:53,483 - INFO - Memory updates: 34
{"id": 51, "ts": 1778276513.4832065, "event": "memory_updated", "agent": "agent_1", "round": 4}
2026-05-08 23:41:54,266 - INFO - Tokens - Input: 2747, Output: 771, Total: 3518
2026-05-08 23:41:54,268 - INFO - Memory updates: 35
{"id": 52, "ts": 1778276514.2687347, "event": "memory_updated", "agent": "agent_2", "round": 4}
2026-05-08 23:42:02,500 - INFO - Tokens - Input: 2938, Output: 1025, Total: 3963
2026-05-08 23:42:02,501 - INFO - Memory updates: 36
{"id": 53, "ts": 1778276522.5019739, "event": "memory_updated", "agent": "agent_3", "round": 4}
2026-05-08 23:42:02,509 - INFO - Loop 4 completed
{"id": 54, "ts": 1778276522.5152755, "event": "discussion_order", "round": 5, "order": ["agent_2", "agent_1", "agent_3"]}
2026-05-08 23:42:07,123 - INFO - Tokens - Input: 3164, Output: 381, Total: 3545
{"id": 55, "ts": 1778276527.1246176, "event": "public_discussion_message", "round": 5, "agent": "agent_2", "message": "I continue to favor **Candidate\u202fB**. His very conscientious nature and ability to handle stress give him strong reliability and calmness under pressure\u2014essential for long\u2011distance flights. Additionally, his skill in assessing weather conditions and excellent computer abilities address the technical demands of complex, long\u2011haul routes. The main trade\u2011off is his tendency to make nasty remarks about colleagues, which could undermine crew cooperation and morale.\nMETADATA_JSON:\n{\"agent\": \"agent_2\", \"vote\": \"Candidate B\"}"}
2026-05-08 23:42:07,124 - INFO - Agent turns: 13
2026-05-08 23:42:19,220 - INFO - Tokens - Input: 2768, Output: 889, Total: 3657
2026-05-08 23:42:19,222 - INFO - Memory updates: 37
{"id": 56, "ts": 1778276539.2227442, "event": "memory_updated", "agent": "agent_2", "round": 5}
2026-05-08 23:42:19,358 - INFO - Tokens - Input: 2897, Output: 1015, Total: 3912
2026-05-08 23:42:19,360 - INFO - Memory updates: 38
{"id": 57, "ts": 1778276539.3603806, "event": "memory_updated", "agent": "agent_1", "round": 5}
2026-05-08 23:42:20,995 - INFO - Tokens - Input: 2978, Output: 1197, Total: 4175
2026-05-08 23:42:20,997 - INFO - Memory updates: 39
{"id": 58, "ts": 1778276540.9974494, "event": "memory_updated", "agent": "agent_3", "round": 5}
2026-05-08 23:42:22,653 - INFO - Tokens - Input: 3445, Output: 175, Total: 3620
{"id": 59, "ts": 1778276542.6546443, "event": "public_discussion_message", "round": 5, "agent": "agent_1", "message": "I continue to favor **Candidate\u202fA**. His ability to anticipate dangerous situations and his excellent spatial vision give strong safety and navigation advantages on long\u2011haul flights, while his very good leadership supports effective crew coordination. The main trade\u2011off is his tendency to be unorganized and his difficulty handling criticism, which could affect operational efficiency and crew feedback.\nMETADATA_JSON:\n{\"agent\": \"agent_1\", \"vote\": \"Candidate A\"}"}
2026-05-08 23:42:22,654 - INFO - Agent turns: 14
2026-05-08 23:42:30,907 - INFO - Tokens - Input: 3048, Output: 860, Total: 3908
2026-05-08 23:42:30,909 - INFO - Memory updates: 40
{"id": 60, "ts": 1778276550.9096916, "event": "memory_updated", "agent": "agent_1", "round": 5}
2026-05-08 23:42:31,479 - INFO - Tokens - Input: 2870, Output: 940, Total: 3810
2026-05-08 23:42:31,481 - INFO - Memory updates: 41
{"id": 61, "ts": 1778276551.4814334, "event": "memory_updated", "agent": "agent_2", "round": 5}
2026-05-08 23:42:35,533 - INFO - Tokens - Input: 3104, Output: 1422, Total: 4526
2026-05-08 23:42:35,534 - INFO - Memory updates: 42
{"id": 62, "ts": 1778276555.534856, "event": "memory_updated", "agent": "agent_3", "round": 5}
2026-05-08 23:42:43,292 - INFO - Tokens - Input: 3674, Output: 194, Total: 3868
{"id": 63, "ts": 1778276563.2938523, "event": "public_discussion_message", "round": 5, "agent": "agent_3", "message": "I continue to favor **Candidate\u202fD**. His exceptional problem\u2011solving ability and strong concentration are vital for handling the complex, long\u2011haul routes and unexpected events that arise during extended flights. Additionally, his serious sense of responsibility aligns with the high reliability required for long\u2011distance operations. The main trade\u2011off is his moodiness and reputation as a loner, which could pose challenges for crew cohesion and morale in the cockpit.\nMETADATA_JSON:\n{\"agent\": \"agent_3\", \"vote\": \"Candidate D\"}"}
2026-05-08 23:42:43,294 - INFO - Agent turns: 15
2026-05-08 23:42:52,525 - INFO - Tokens - Input: 3153, Output: 1052, Total: 4205
2026-05-08 23:42:52,527 - INFO - Memory updates: 43
{"id": 64, "ts": 1778276572.5272553, "event": "memory_updated", "agent": "agent_1", "round": 5}
2026-05-08 23:42:52,555 - INFO - Tokens - Input: 3313, Output: 1069, Total: 4382
2026-05-08 23:42:52,557 - INFO - Memory updates: 44
{"id": 65, "ts": 1778276572.5575929, "event": "memory_updated", "agent": "agent_3", "round": 5}
2026-05-08 23:42:53,518 - INFO - Tokens - Input: 3082, Output: 960, Total: 4042
2026-05-08 23:42:53,519 - INFO - Memory updates: 45
{"id": 66, "ts": 1778276573.5198302, "event": "memory_updated", "agent": "agent_2", "round": 5}
2026-05-08 23:42:53,527 - INFO - Loop 5 completed
2026-05-08 23:42:53,527 - INFO - Final Chosen Candidate: None
2026-05-08 23:42:53,527 - INFO - Final Decision Method: max_round_no_majority
2026-05-08 23:42:53,527 - INFO - Final Vote Count: {'Candidate A': 1, 'Candidate B': 1, 'Candidate D': 1}
2026-05-08 23:42:53,527 - INFO - Correct Candidate: Candidate C
2026-05-08 23:42:53,527 - INFO - Decision Correct: 0
{"id": 67, "ts": 1778276573.8803947, "event": "context_consistency_calculated", "method": "embedding_cosine", "mean_pairwise_similarity": 0.786675, "pairwise": [{"agent_a": "agent_1", "agent_b": "agent_2", "similarity": 0.727851}, {"agent_a": "agent_1", "agent_b": "agent_3", "similarity": 0.909129}, {"agent_a": "agent_2", "agent_b": "agent_3", "similarity": 0.723044}]}
{"id": 68, "ts": 1778276573.8805764, "event": "gold_standard_alignment_calculated", "method": "rule_based_binary_checks", "mean_alignment": 0.5, "by_agent": [{"agent": "agent_1", "score": 0.375, "checks": {"favorite_is_c": 0, "c_reliability": 0, "c_calmness": 0, "c_attention": 0, "c_crew_fit": 0, "a_risks": 1, "b_risks": 1, "d_risks": 1}}, {"agent": "agent_2", "score": 0.75, "checks": {"favorite_is_c": 0, "c_reliability": 1, "c_calmness": 1, "c_attention": 0, "c_crew_fit": 1, "a_risks": 1, "b_risks": 1, "d_risks": 1}}, {"agent": "agent_3", "score": 0.375, "checks": {"favorite_is_c": 0, "c_reliability": 0, "c_calmness": 0, "c_attention": 0, "c_crew_fit": 0, "a_risks": 1, "b_risks": 1, "d_risks": 1}}]}
{"id": 69, "ts": 1778276573.880701, "event": "agent_memories_archived", "directory": "/home/lhegemann/git/bachelor_thesis/01_data/raw/simulations/moderate/moderate_treatment_20260508_195017_025/shared_mental_models", "round": 5}
{"id": 70, "ts": 1778276573.880782, "event": "final_decision", "candidate": null, "method": "max_round_no_majority", "vote_count": {"Candidate A": 1, "Candidate B": 1, "Candidate D": 1}, "correct_candidate": "Candidate C", "decision_correct": 0, "round": 5}
2026-05-08 23:42:53,890 - INFO - ======================================================================
2026-05-08 23:42:53,890 - INFO - SIMULATION METRICS
2026-05-08 23:42:53,890 - INFO - ======================================================================
2026-05-08 23:42:53,890 - INFO - Total Loops: 5
2026-05-08 23:42:53,890 - INFO - Agent Turns (no vote checker): 15
2026-05-08 23:42:53,890 - INFO - Agent Tool Calls: 0
2026-05-08 23:42:53,890 - INFO - Agent Tool Messages: 0
2026-05-08 23:42:53,891 - INFO - Memory Updates: 45
2026-05-08 23:42:53,891 - INFO - Total Messages (no vote checker): 15
2026-05-08 23:42:53,891 - INFO - Input Tokens: 154269
2026-05-08 23:42:53,891 - INFO - Output Tokens: 55682
2026-05-08 23:42:53,891 - INFO - Total Tokens: 209951
2026-05-08 23:42:53,891 - INFO - Final Chosen Candidate: None
2026-05-08 23:42:53,891 - INFO - Final Decision Method: max_round_no_majority
2026-05-08 23:42:53,891 - INFO - Final Vote Count: {'Candidate A': 1, 'Candidate B': 1, 'Candidate D': 1}
2026-05-08 23:42:53,891 - INFO - Correct Candidate: Candidate C
2026-05-08 23:42:53,891 - INFO - Decision Correct: 0
2026-05-08 23:42:53,891 - INFO - Runtime: 251.88s
2026-05-08 23:42:53,891 - INFO - ======================================================================
