2026-05-10 03:26:44,528 - INFO - Metrics tracker initialized
{"id": 1, "ts": 1778376404.553961, "event": "memory_reset"}
{"id": 2, "ts": 1778376404.5578334, "event": "discussion_order", "round": 1, "order": ["agent_3", "agent_1", "agent_2"]}
2026-05-10 03:26:54,024 - INFO - Tokens - Input: 1777, Output: 927, Total: 2704
{"id": 3, "ts": 1778376414.026523, "event": "public_discussion_message", "round": 1, "agent": "agent_3", "message": "Current position: Candidate B\nConfidence/uncertainty: Moderate confidence; I see a clear overall fit but some cooperation concerns remain.\nReasoning summary:\n- Key evidence used: Candidate B is very conscientious (reliability), handles stress well (calmness under pressure), is good at assessing weather conditions and has excellent computer skills (technical competence). These cover core pilot requirements.\n- Evidence from others: None yet (no other agents have spoken).\n- Alternatives considered: Candidate A (strong technical and leadership traits but is unfriendly, which harms crew cooperation); Candidate C (quick decision\u2011making and concern for others but egocentric, poor communication, and lacks willingness to continue education); Candidate D (excellent problem solving, responsibility, and concentration but is moody and regarded as a loner, raising serious cooperation concerns).\n- Main tradeoff: Balancing technical excellence against cooperation deficits. B\u2019s cooperation drawbacks (pretentiousness, occasional wrong tone) are less severe than the unfriendly, moody, or egocentric traits of the other candidates.\n- Remaining uncertainty: How much B\u2019s pretentiousness and tone issues will affect day\u2011to\u2011day crew interaction and safety culture.\n- What would change my vote: Credible evidence that another candidate (especially A or D) has substantially better cooperation behavior without sacrificing core technical and reliability attributes, or strong evidence that B\u2019s cooperation issues are more detrimental than currently described.\nMETADATA_JSON:\n{\"agent\": \"agent_3\", \"vote\": \"Candidate B\"}"}
2026-05-10 03:26:54,026 - INFO - Agent turns: 1
2026-05-10 03:27:09,571 - INFO - Tokens - Input: 1742, Output: 1549, Total: 3291
2026-05-10 03:27:09,573 - INFO - Memory updates: 1
{"id": 4, "ts": 1778376429.5738552, "event": "memory_updated", "agent": "agent_3", "round": 1}
2026-05-10 03:27:10,131 - INFO - Tokens - Input: 1750, Output: 1461, Total: 3211
2026-05-10 03:27:10,133 - INFO - Memory updates: 2
{"id": 5, "ts": 1778376430.1336255, "event": "memory_updated", "agent": "agent_2", "round": 1}
2026-05-10 03:27:10,279 - INFO - Tokens - Input: 1747, Output: 1343, Total: 3090
2026-05-10 03:27:10,281 - INFO - Memory updates: 3
{"id": 6, "ts": 1778376430.2815216, "event": "memory_updated", "agent": "agent_1", "round": 1}
2026-05-10 03:27:20,965 - INFO - Tokens - Input: 2640, Output: 1402, Total: 4042
{"id": 7, "ts": 1778376440.967327, "event": "public_discussion_message", "round": 1, "agent": "agent_1", "message": "Current position: Candidate B\nConfidence/uncertainty: Moderate confidence \u2013 core technical and reliability traits are strong, but cooperation concerns remain.\nReasoning summary:\n- Key evidence used: Candidate B is very conscientious (reliability), handles stress well (calmness under pressure), is good at assessing weather conditions and has excellent computer skills (technical competence). These cover the essential pilot requirements for long\u2011distance flights.\n- Evidence from others: Agent\u202f3 also favors Candidate\u202fB for the same reasons and notes the cooperation drawbacks (grumpy, uncooperative) as less severe than the negative traits of other candidates.\n- Alternatives considered:\n  * Candidate\u202fA \u2013 excellent technical vision and leadership but is sometimes not good at taking criticism and can be unorganized, which could hinder crew interaction.\n  * Candidate\u202fC \u2013 100\u202f% reliable and creates a positive crew atmosphere, yet has difficulty communicating, is egocentric, and is not eager to continue education.\n  * Candidate\u202fD \u2013 strong problem\u2011solving, concentration, and responsibility, but is regarded as arrogant and has weak leadership, raising serious crew\u2011cooperation concerns.\n- Main tradeoff: Balancing B\u2019s strong technical, reliability, and stress\u2011handling attributes against its documented uncooperative/grumpy behavior, which is a direct cooperation negative.\n- Remaining uncertainty: How severely B\u2019s uncooperative attitude will affect day\u2011to\u2011day crew interaction and safety culture in the cockpit.\n- What would change my vote: Credible evidence that another candidate (especially A or D) demonstrates substantially better cooperation and leadership without sacrificing core technical, reliability, and calmness attributes, or strong evidence that B\u2019s cooperation issues are more detrimental than currently described.\nMETADATA_JSON:\n{\"agent\": \"agent_1\", \"vote\": \"Candidate B\"}"}
2026-05-10 03:27:20,967 - INFO - Agent turns: 2
2026-05-10 03:27:32,419 - INFO - Tokens - Input: 2731, Output: 1294, Total: 4025
2026-05-10 03:27:32,421 - INFO - Memory updates: 4
{"id": 8, "ts": 1778376452.421916, "event": "memory_updated", "agent": "agent_1", "round": 1}
2026-05-10 03:27:33,842 - INFO - Tokens - Input: 2788, Output: 1423, Total: 4211
2026-05-10 03:27:33,844 - INFO - Memory updates: 5
{"id": 9, "ts": 1778376453.8442726, "event": "memory_updated", "agent": "agent_3", "round": 1}
2026-05-10 03:27:34,175 - INFO - Tokens - Input: 2789, Output: 1529, Total: 4318
2026-05-10 03:27:34,177 - INFO - Memory updates: 6
{"id": 10, "ts": 1778376454.1773112, "event": "memory_updated", "agent": "agent_2", "round": 1}
2026-05-10 03:27:41,593 - INFO - Tokens - Input: 3068, Output: 827, Total: 3895
{"id": 11, "ts": 1778376461.5952623, "event": "public_discussion_message", "round": 1, "agent": "agent_2", "message": "Current position: Candidate B\nConfidence/uncertainty: Moderate confidence \u2013 the evidence points to B as the best overall fit, but cooperation concerns leave some doubt.\nReasoning summary:\n- Key evidence used: Candidate\u202fB is very conscientious (reliability), handles stress well (calmness under pressure), assesses weather conditions accurately, and has excellent computer skills (technical competence). These directly match the core requirements for long\u2011distance piloting.\n- Evidence from others: Agent\u202f1 and Agent\u202f3 have also favored Candidate\u202fB, citing the same strengths and noting the cooperation drawbacks (nasty remarks, pretentious/grumpy attitude) as less severe than the negatives of the other candidates.\n- Alternatives considered:\n  * Candidate\u202fA \u2013 strong technical vision and leadership, but regarded as a show\u2011off, not open to new ideas, and poor at taking criticism, which could harm crew interaction.\n  * Candidate\u202fC \u2013 quick decision\u2011making, calm in crisis, reliable and creates a positive crew atmosphere, yet has difficulty communicating, is egocentric, and lacks willingness to continue education.\n  * Candidate\u202fD \u2013 excellent problem\u2011solving, concentration, and responsibility, but is seen as a know\u2011it\u2011all, has a hot temper, and shows weak leadership, all of which threaten cooperation.\n- Main tradeoff: Balancing B\u2019s solid technical and reliability profile against its cooperation issues. The other candidates exhibit stronger cooperation negatives, making B\u2019s drawbacks comparatively less damaging.\n- Remaining uncertainty: The extent to which B\u2019s nasty remarks and pretentiousness will actually impact day\u2011to\u2011day crew dynamics and safety culture.\n- What would change my vote: Credible evidence that another candidate (especially A or D) matches B\u2019s technical and reliability strengths while demonstrating markedly better cooperation, or strong evidence that B\u2019s cooperation problems are more severe than currently described.\nMETADATA_JSON:\n{\"agent\": \"agent_2\", \"vote\": \"Candidate B\"}"}
2026-05-10 03:27:41,595 - INFO - Agent turns: 3
2026-05-10 03:27:48,458 - INFO - Tokens - Input: 3219, Output: 849, Total: 4068
2026-05-10 03:27:48,460 - INFO - Memory updates: 7
{"id": 12, "ts": 1778376468.4610608, "event": "memory_updated", "agent": "agent_2", "round": 1}
2026-05-10 03:27:54,069 - INFO - Tokens - Input: 3210, Output: 1610, Total: 4820
2026-05-10 03:27:54,071 - INFO - Memory updates: 8
{"id": 13, "ts": 1778376474.0712404, "event": "memory_updated", "agent": "agent_1", "round": 1}
2026-05-10 03:27:57,298 - INFO - Tokens - Input: 3289, Output: 1486, Total: 4775
2026-05-10 03:27:57,300 - INFO - Memory updates: 9
{"id": 14, "ts": 1778376477.300332, "event": "memory_updated", "agent": "agent_3", "round": 1}
2026-05-10 03:27:57,307 - INFO - Loop 1 completed
{"id": 15, "ts": 1778376477.3132725, "event": "discussion_order", "round": 2, "order": ["agent_3", "agent_1", "agent_2"]}
2026-05-10 03:28:02,656 - INFO - Tokens - Input: 3689, Output: 517, Total: 4206
{"id": 16, "ts": 1778376482.6579049, "event": "public_discussion_message", "round": 2, "agent": "agent_3", "message": "Current position: Candidate B\nConfidence/uncertainty: Moderate (around 70\u202f%)\nReasoning summary:\n- Key evidence used: Candidate\u202fB is very conscientious (reliability), handles stress well (calmness under pressure), assesses weather conditions accurately, and possesses excellent computer skills (technical competence). These cover the core requirements for long\u2011distance piloting.\n- Evidence from others: Agents\u202f1 and\u202f2 have also highlighted B\u2019s strong reliability, stress handling, weather\u2011assessment ability, and technical skills, and both note the cooperation drawbacks (pretentiousness, occasional wrong tone) as less severe than the negative traits of the other candidates.\n- Alternatives considered:\n  * Candidate\u202fA \u2013 excellent spatial vision, leadership, and danger anticipation, but unfriendly and unhealthy habits, plus reported resistance to criticism, which threaten crew cooperation.\n  * Candidate\u202fC \u2013 quick decision\u2011making, concern for others, and strong attention, yet egocentric, poor communication, and low willingness to continue education, undermining teamwork.\n  * Candidate\u202fD \u2013 outstanding problem\u2011solving, concentration, and responsibility, but moody, regarded as a loner, and described as a know\u2011it\u2011all with weak leadership, posing serious cooperation risks.\n- Main tradeoff: Balancing B\u2019s strong technical and reliability profile against its cooperation issues (pretentiousness, occasional tone problems). Compared with the other candidates, B\u2019s cooperation negatives are comparatively milder.\n- Remaining uncertainty: The real\u2011world impact of B\u2019s pretentious/grumpy behavior on day\u2011to\u2011day crew dynamics and safety culture.\n- What would change my vote: Credible evidence that another candidate (especially A or D) matches B\u2019s technical and reliability strengths while demonstrating markedly better cooperation, or strong data showing B\u2019s cooperation issues lead to safety\u2011relevant crew friction.\nMETADATA_JSON:\n{\"agent\": \"agent_3\", \"vote\": \"Candidate B\"}"}
2026-05-10 03:28:02,658 - INFO - Agent turns: 4
2026-05-10 03:28:16,655 - INFO - Tokens - Input: 3637, Output: 1069, Total: 4706
2026-05-10 03:28:16,657 - INFO - Memory updates: 10
{"id": 17, "ts": 1778376496.6578205, "event": "memory_updated", "agent": "agent_1", "round": 2}
2026-05-10 03:28:16,666 - INFO - Tokens - Input: 3823, Output: 984, Total: 4807
2026-05-10 03:28:16,668 - INFO - Memory updates: 11
{"id": 18, "ts": 1778376496.6688583, "event": "memory_updated", "agent": "agent_3", "round": 2}
2026-05-10 03:28:17,995 - INFO - Tokens - Input: 3205, Output: 1205, Total: 4410
2026-05-10 03:28:17,996 - INFO - Memory updates: 12
{"id": 19, "ts": 1778376497.9967945, "event": "memory_updated", "agent": "agent_2", "round": 2}
2026-05-10 03:28:22,327 - INFO - Tokens - Input: 3566, Output: 511, Total: 4077
{"id": 20, "ts": 1778376502.3293202, "event": "public_discussion_message", "round": 2, "agent": "agent_1", "message": "Current position: Candidate B\nConfidence/uncertainty: Moderate (~65\u202f%)\nReasoning summary:\n- Key evidence used: Candidate B is very conscientious (reliability), handles stress well (calmness under pressure), assesses weather conditions accurately, and possesses excellent computer skills (technical competence). These attributes directly match the core requirements for long\u2011distance piloting.\n- Evidence from others: Agents\u202f2 and\u202f3 have also highlighted B\u2019s strong reliability, stress\u2011handling, weather\u2011assessment, and technical skills, and note the cooperation drawbacks (grumpy, pretentious tone) as less severe than the cooperation negatives of the other candidates.\n- Alternatives considered:\n  * Candidate\u202fA \u2013 excellent spatial vision, leadership, and danger anticipation, but is sometimes not good at taking criticism and can be unorganized, which could hinder crew cooperation.\n  * Candidate\u202fC \u2013 100\u202f% reliable and creates a positive crew atmosphere, yet has difficulty communicating, is egocentric, and is not eager to continue education, raising teamwork concerns.\n  * Candidate\u202fD \u2013 strong problem\u2011solving, concentration, and responsibility, but is regarded as arrogant and has weak leadership, posing serious cooperation risks.\n- Main tradeoff: Balancing B\u2019s strong technical, reliability, and stress\u2011handling profile against its documented uncooperative/grumpy behavior. Compared with the other candidates, B\u2019s cooperation negatives are comparatively milder.\n- Remaining uncertainty: The real\u2011world impact of B\u2019s pretentious/grumpy attitude on day\u2011to\u2011day crew dynamics and safety culture.\n- What would change my vote: Credible evidence that another candidate (especially A or D) matches B\u2019s technical and reliability strengths while demonstrating markedly better cooperation, or strong data showing B\u2019s cooperation issues lead to safety\u2011relevant crew friction.\nMETADATA_JSON:\n{\"agent\": \"agent_1\", \"vote\": \"Candidate B\"}"}
2026-05-10 03:28:22,329 - INFO - Agent turns: 5
2026-05-10 03:28:32,202 - INFO - Tokens - Input: 3691, Output: 1171, Total: 4862
2026-05-10 03:28:32,204 - INFO - Memory updates: 13
{"id": 21, "ts": 1778376512.2048192, "event": "memory_updated", "agent": "agent_1", "round": 2}
2026-05-10 03:28:33,552 - INFO - Tokens - Input: 3942, Output: 1330, Total: 5272
2026-05-10 03:28:33,554 - INFO - Memory updates: 14
{"id": 22, "ts": 1778376513.5547144, "event": "memory_updated", "agent": "agent_3", "round": 2}
2026-05-10 03:28:36,825 - INFO - Tokens - Input: 3829, Output: 1417, Total: 5246
2026-05-10 03:28:36,827 - INFO - Memory updates: 15
{"id": 23, "ts": 1778376516.827886, "event": "memory_updated", "agent": "agent_2", "round": 2}
2026-05-10 03:28:40,698 - INFO - Tokens - Input: 4172, Output: 455, Total: 4627
{"id": 24, "ts": 1778376520.7004848, "event": "public_discussion_message", "round": 2, "agent": "agent_2", "message": "Current position: Candidate B\nConfidence/uncertainty: Moderate (\u224870\u202f%)\nReasoning summary:\n- Key evidence used: Candidate\u202fB is very conscientious (reliability), handles stress well (calmness under pressure), assesses weather conditions accurately, and possesses excellent computer skills (technical competence). These directly satisfy the core requirements for long\u2011distance piloting.\n- Evidence from others: Agents\u202f1 and\u202f3 have also highlighted B\u2019s strong reliability, stress\u2011handling, weather\u2011assessment, and technical skills, and note the cooperation drawbacks (pretentious/grumpy tone, nasty remarks) as less severe than the cooperation negatives of the other candidates.\n- Alternatives considered:\n  * Candidate\u202fA \u2013 strong technical vision and leadership, but regarded as a show\u2011off, not open to new ideas, and resistant to criticism, which could harm crew cooperation.\n  * Candidate\u202fC \u2013 quick decision\u2011making, calm in crisis, and creates a positive crew atmosphere, yet has difficulty communicating, is egocentric, and lacks willingness for further education, undermining teamwork.\n  * Candidate\u202fD \u2013 excellent problem\u2011solving, concentration, and responsibility, but is seen as a know\u2011it\u2011all, has a hot temper, and exhibits weak leadership, raising serious cooperation concerns.\n- Main tradeoff: Balancing B\u2019s solid technical, reliability, and stress\u2011handling profile against its cooperation issues (pretentiousness, occasional nasty remarks). Compared with the other candidates, B\u2019s cooperation negatives are comparatively milder.\n- Remaining uncertainty: The real\u2011world impact of B\u2019s pretentious/grumpy behavior on day\u2011to\u2011day crew dynamics and safety culture.\n- What would change my vote: Credible evidence that another candidate (especially A or D) matches B\u2019s technical and reliability strengths while demonstrating markedly better cooperation, or strong data showing B\u2019s cooperation issues lead to safety\u2011relevant crew friction.\nMETADATA_JSON:\n{\"agent\": \"agent_2\", \"vote\": \"Candidate B\"}"}
2026-05-10 03:28:40,700 - INFO - Agent turns: 6
2026-05-10 03:28:47,877 - INFO - Tokens - Input: 4339, Output: 812, Total: 5151
2026-05-10 03:28:47,879 - INFO - Memory updates: 16
{"id": 25, "ts": 1778376527.879688, "event": "memory_updated", "agent": "agent_2", "round": 2}
2026-05-10 03:28:49,694 - INFO - Tokens - Input: 4339, Output: 1078, Total: 5417
2026-05-10 03:28:49,696 - INFO - Memory updates: 17
{"id": 26, "ts": 1778376529.696182, "event": "memory_updated", "agent": "agent_1", "round": 2}
2026-05-10 03:28:51,587 - INFO - Tokens - Input: 4427, Output: 1402, Total: 5829
2026-05-10 03:28:51,589 - INFO - Memory updates: 18
{"id": 27, "ts": 1778376531.589572, "event": "memory_updated", "agent": "agent_3", "round": 2}
2026-05-10 03:28:51,598 - INFO - Loop 2 completed
2026-05-10 03:28:51,599 - INFO - Final Chosen Candidate: Candidate B
2026-05-10 03:28:51,599 - INFO - Final Decision Method: consensus
2026-05-10 03:28:51,599 - INFO - Final Vote Count: {'Candidate B': 3}
2026-05-10 03:28:51,599 - INFO - Correct Candidate: Candidate C
2026-05-10 03:28:51,599 - INFO - Decision Correct: 0
{"id": 28, "ts": 1778376531.9259365, "event": "context_consistency_calculated", "method": "embedding_cosine", "mean_pairwise_similarity": 0.872634, "pairwise": [{"agent_a": "agent_1", "agent_b": "agent_2", "similarity": 0.906786}, {"agent_a": "agent_1", "agent_b": "agent_3", "similarity": 0.862234}, {"agent_a": "agent_2", "agent_b": "agent_3", "similarity": 0.848883}]}
{"id": 29, "ts": 1778376531.9260619, "event": "gold_standard_alignment_calculated", "method": "rule_based_binary_checks", "mean_alignment": 0.125, "by_agent": [{"agent": "agent_1", "score": 0.125, "checks": {"favorite_is_c": 0, "c_reliability": 0, "c_calmness": 0, "c_attention": 0, "c_crew_fit": 0, "a_risks": 0, "b_risks": 1, "d_risks": 0}}, {"agent": "agent_2", "score": 0.125, "checks": {"favorite_is_c": 0, "c_reliability": 0, "c_calmness": 0, "c_attention": 0, "c_crew_fit": 0, "a_risks": 0, "b_risks": 1, "d_risks": 0}}, {"agent": "agent_3", "score": 0.125, "checks": {"favorite_is_c": 0, "c_reliability": 0, "c_calmness": 0, "c_attention": 0, "c_crew_fit": 0, "a_risks": 0, "b_risks": 1, "d_risks": 0}}]}
{"id": 30, "ts": 1778376531.9261708, "event": "agent_memories_archived", "directory": "/home/lhegemann/git/bachelor_thesis/01_data/raw/simulations/high/high_treatment_20260509_224515_013/shared_mental_models", "round": 2}
{"id": 31, "ts": 1778376531.926232, "event": "final_decision", "candidate": "Candidate B", "method": "consensus", "vote_count": {"Candidate B": 3}, "correct_candidate": "Candidate C", "decision_correct": 0, "round": 2}
2026-05-10 03:28:51,936 - INFO - ======================================================================
2026-05-10 03:28:51,937 - INFO - SIMULATION METRICS
2026-05-10 03:28:51,937 - INFO - ======================================================================
2026-05-10 03:28:51,937 - INFO - Total Loops: 2
2026-05-10 03:28:51,937 - INFO - Agent Turns (no vote checker): 6
2026-05-10 03:28:51,937 - INFO - Agent Tool Calls: 0
2026-05-10 03:28:51,937 - INFO - Agent Tool Messages: 0
2026-05-10 03:28:51,937 - INFO - Memory Updates: 18
2026-05-10 03:28:51,937 - INFO - Total Messages (no vote checker): 6
2026-05-10 03:28:51,937 - INFO - Input Tokens: 77409
2026-05-10 03:28:51,937 - INFO - Output Tokens: 27651
2026-05-10 03:28:51,937 - INFO - Total Tokens: 105060
2026-05-10 03:28:51,938 - INFO - Final Chosen Candidate: Candidate B
2026-05-10 03:28:51,938 - INFO - Final Decision Method: consensus
2026-05-10 03:28:51,938 - INFO - Final Vote Count: {'Candidate B': 3}
2026-05-10 03:28:51,938 - INFO - Correct Candidate: Candidate C
2026-05-10 03:28:51,938 - INFO - Decision Correct: 0
2026-05-10 03:28:51,938 - INFO - Runtime: 127.41s
2026-05-10 03:28:51,938 - INFO - ======================================================================
