2026-05-06 12:14:50,817 - INFO - Metrics tracker initialized
{"id": 1, "ts": 1778062490.834419, "event": "memory_reset"}
{"id": 2, "ts": 1778062490.8359108, "event": "discussion_order", "round": 1, "order": ["agent_1", "agent_3", "agent_2"]}
2026-05-06 12:14:56,027 - INFO - Tokens - Input: 1686, Output: 618, Total: 2304
{"id": 3, "ts": 1778062496.02836, "event": "public_discussion_message", "round": 1, "agent": "agent_1", "message": "Candidate C \u2013 known to be 100% reliable.\nMETADATA_JSON:\n{\"agent\": \"agent_1\", \"vote\": \"Candidate C\"}"}
2026-05-06 12:14:56,028 - INFO - Agent turns: 1
2026-05-06 12:15:01,944 - INFO - Tokens - Input: 1193, Output: 1196, Total: 2389
2026-05-06 12:15:01,945 - INFO - Memory updates: 1
{"id": 4, "ts": 1778062501.945919, "event": "memory_updated", "agent": "agent_1", "round": 1}
2026-05-06 12:15:04,508 - INFO - Tokens - Input: 1196, Output: 1300, Total: 2496
2026-05-06 12:15:04,510 - INFO - Memory updates: 2
{"id": 5, "ts": 1778062504.510894, "event": "memory_updated", "agent": "agent_2", "round": 1}
2026-05-06 12:15:06,041 - INFO - Tokens - Input: 1188, Output: 1248, Total: 2436
2026-05-06 12:15:06,043 - INFO - Memory updates: 3
{"id": 6, "ts": 1778062506.043456, "event": "memory_updated", "agent": "agent_3", "round": 1}
2026-05-06 12:15:10,162 - INFO - Tokens - Input: 2181, Output: 502, Total: 2683
{"id": 7, "ts": 1778062510.165086, "event": "public_discussion_message", "round": 1, "agent": "agent_3", "message": "Candidate C \u2013 has excellent attention skills.\nMETADATA_JSON:\n{\"agent\": \"agent_3\", \"vote\": \"Candidate C\"}"}
2026-05-06 12:15:10,165 - INFO - Agent turns: 2
2026-05-06 12:15:16,589 - INFO - Tokens - Input: 1568, Output: 1084, Total: 2652
2026-05-06 12:15:16,591 - INFO - Memory updates: 4
{"id": 8, "ts": 1778062516.592104, "event": "memory_updated", "agent": "agent_2", "round": 1}
2026-05-06 12:15:17,304 - INFO - Tokens - Input: 1647, Output: 1048, Total: 2695
2026-05-06 12:15:17,306 - INFO - Memory updates: 5
{"id": 9, "ts": 1778062517.3063118, "event": "memory_updated", "agent": "agent_1", "round": 1}
2026-05-06 12:15:17,453 - INFO - Tokens - Input: 1687, Output: 1160, Total: 2847
2026-05-06 12:15:17,454 - INFO - Memory updates: 6
{"id": 10, "ts": 1778062517.455055, "event": "memory_updated", "agent": "agent_3", "round": 1}
2026-05-06 12:15:21,811 - INFO - Tokens - Input: 2139, Output: 587, Total: 2726
{"id": 11, "ts": 1778062521.8129642, "event": "public_discussion_message", "round": 1, "agent": "agent_2", "message": "Candidate B \u2013 makes nasty remarks about colleagues.\nMETADATA_JSON:\n{\"agent\": \"agent_2\", \"vote\": \"Candidate B\"}"}
2026-05-06 12:15:21,813 - INFO - Agent turns: 3
2026-05-06 12:15:29,180 - INFO - Tokens - Input: 1691, Output: 1045, Total: 2736
2026-05-06 12:15:29,182 - INFO - Memory updates: 7
{"id": 12, "ts": 1778062529.182742, "event": "memory_updated", "agent": "agent_1", "round": 1}
2026-05-06 12:15:31,746 - INFO - Tokens - Input: 1832, Output: 1259, Total: 3091
2026-05-06 12:15:31,748 - INFO - Memory updates: 8
{"id": 13, "ts": 1778062531.748539, "event": "memory_updated", "agent": "agent_3", "round": 1}
2026-05-06 12:15:32,150 - INFO - Tokens - Input: 1647, Output: 1290, Total: 2937
2026-05-06 12:15:32,152 - INFO - Memory updates: 9
{"id": 14, "ts": 1778062532.1526191, "event": "memory_updated", "agent": "agent_2", "round": 1}
2026-05-06 12:15:32,158 - INFO - Loop 1 completed
{"id": 15, "ts": 1778062532.161328, "event": "discussion_order", "round": 2, "order": ["agent_1", "agent_3", "agent_2"]}
2026-05-06 12:15:33,377 - INFO - Tokens - Input: 2271, Output: 186, Total: 2457
{"id": 16, "ts": 1778062533.3795772, "event": "public_discussion_message", "round": 2, "agent": "agent_1", "message": "Candidate C \u2013 known to be 100% reliable.\nMETADATA_JSON:\n{\"agent\": \"agent_1\", \"vote\": \"Candidate C\"}"}
2026-05-06 12:15:33,379 - INFO - Agent turns: 4
2026-05-06 12:15:39,216 - INFO - Tokens - Input: 1765, Output: 935, Total: 2700
2026-05-06 12:15:39,217 - INFO - Memory updates: 10
{"id": 17, "ts": 1778062539.218101, "event": "memory_updated", "agent": "agent_1", "round": 2}
2026-05-06 12:15:39,625 - INFO - Tokens - Input: 1964, Output: 1003, Total: 2967
2026-05-06 12:15:39,626 - INFO - Memory updates: 11
{"id": 18, "ts": 1778062539.6270568, "event": "memory_updated", "agent": "agent_3", "round": 2}
2026-05-06 12:15:40,035 - INFO - Tokens - Input: 1778, Output: 956, Total: 2734
2026-05-06 12:15:40,037 - INFO - Memory updates: 12
{"id": 19, "ts": 1778062540.037629, "event": "memory_updated", "agent": "agent_2", "round": 2}
2026-05-06 12:15:41,701 - INFO - Tokens - Input: 2271, Output: 170, Total: 2441
{"id": 20, "ts": 1778062541.702945, "event": "public_discussion_message", "round": 2, "agent": "agent_3", "message": "Candidate C \u2013 puts concern for others above everything.\nMETADATA_JSON:\n{\"agent\": \"agent_3\", \"vote\": \"Candidate C\"}"}
2026-05-06 12:15:41,703 - INFO - Agent turns: 5
2026-05-06 12:15:47,374 - INFO - Tokens - Input: 1807, Output: 857, Total: 2664
2026-05-06 12:15:47,375 - INFO - Memory updates: 13
{"id": 21, "ts": 1778062547.3760781, "event": "memory_updated", "agent": "agent_1", "round": 2}
2026-05-06 12:15:47,518 - INFO - Tokens - Input: 1781, Output: 857, Total: 2638
2026-05-06 12:15:47,520 - INFO - Memory updates: 14
{"id": 22, "ts": 1778062547.520261, "event": "memory_updated", "agent": "agent_3", "round": 2}
2026-05-06 12:15:52,323 - INFO - Tokens - Input: 1819, Output: 1288, Total: 3107
2026-05-06 12:15:52,326 - INFO - Memory updates: 15
{"id": 23, "ts": 1778062552.326297, "event": "memory_updated", "agent": "agent_2", "round": 2}
2026-05-06 12:15:55,401 - INFO - Tokens - Input: 2412, Output: 401, Total: 2813
{"id": 24, "ts": 1778062555.402165, "event": "public_discussion_message", "round": 2, "agent": "agent_2", "message": "Candidate C \u2013 keeps calm in a crisis.\nMETADATA_JSON:\n{\"agent\": \"agent_2\", \"vote\": \"Candidate C\"}"}
2026-05-06 12:15:55,402 - INFO - Agent turns: 6
2026-05-06 12:16:00,925 - INFO - Tokens - Input: 1622, Output: 1297, Total: 2919
2026-05-06 12:16:00,927 - INFO - Memory updates: 16
{"id": 25, "ts": 1778062560.9273741, "event": "memory_updated", "agent": "agent_3", "round": 2}
2026-05-06 12:16:02,869 - INFO - Tokens - Input: 1920, Output: 989, Total: 2909
2026-05-06 12:16:02,871 - INFO - Memory updates: 17
{"id": 26, "ts": 1778062562.871653, "event": "memory_updated", "agent": "agent_2", "round": 2}
2026-05-06 12:16:03,193 - INFO - Tokens - Input: 1641, Output: 1398, Total: 3039
2026-05-06 12:16:03,195 - INFO - Memory updates: 18
{"id": 27, "ts": 1778062563.1954932, "event": "memory_updated", "agent": "agent_1", "round": 2}
2026-05-06 12:16:03,201 - INFO - Loop 2 completed
2026-05-06 12:16:03,201 - INFO - Final Chosen Candidate: Candidate C
2026-05-06 12:16:03,201 - INFO - Final Decision Method: consensus
2026-05-06 12:16:03,201 - INFO - Final Vote Count: {'Candidate C': 3}
2026-05-06 12:16:03,201 - INFO - Correct Candidate: Candidate C
2026-05-06 12:16:03,201 - INFO - Decision Correct: 1
{"id": 28, "ts": 1778062563.589529, "event": "context_consistency_calculated", "method": "embedding_cosine", "mean_pairwise_similarity": 0.913509, "pairwise": [{"agent_a": "agent_1", "agent_b": "agent_2", "similarity": 0.931407}, {"agent_a": "agent_1", "agent_b": "agent_3", "similarity": 0.913319}, {"agent_a": "agent_2", "agent_b": "agent_3", "similarity": 0.8958}]}
{"id": 29, "ts": 1778062563.589605, "event": "agent_memories_archived", "directory": "/Users/leonardhegemann/Documents/Studium/Bachelor/SoSe_2026/Abschlussarbeit/bachelor_thesis/01_data/raw/simulations/low/low_20260506_121340_002/shared_mental_models", "round": 2}
{"id": 30, "ts": 1778062563.5896451, "event": "final_decision", "candidate": "Candidate C", "method": "consensus", "vote_count": {"Candidate C": 3}, "correct_candidate": "Candidate C", "decision_correct": 1, "round": 2}
2026-05-06 12:16:03,593 - INFO - ======================================================================
2026-05-06 12:16:03,593 - INFO - SIMULATION METRICS
2026-05-06 12:16:03,593 - INFO - ======================================================================
2026-05-06 12:16:03,593 - INFO - Total Loops: 2
2026-05-06 12:16:03,593 - INFO - Agent Turns (no vote checker): 6
2026-05-06 12:16:03,593 - INFO - Agent Tool Calls: 0
2026-05-06 12:16:03,593 - INFO - Agent Tool Messages: 0
2026-05-06 12:16:03,593 - INFO - Memory Updates: 18
2026-05-06 12:16:03,593 - INFO - Total Messages (no vote checker): 6
2026-05-06 12:16:03,593 - INFO - Input Tokens: 42706
2026-05-06 12:16:03,593 - INFO - Output Tokens: 22674
2026-05-06 12:16:03,593 - INFO - Total Tokens: 65380
2026-05-06 12:16:03,593 - INFO - Final Chosen Candidate: Candidate C
2026-05-06 12:16:03,593 - INFO - Final Decision Method: consensus
2026-05-06 12:16:03,593 - INFO - Final Vote Count: {'Candidate C': 3}
2026-05-06 12:16:03,593 - INFO - Correct Candidate: Candidate C
2026-05-06 12:16:03,593 - INFO - Decision Correct: 1
2026-05-06 12:16:03,593 - INFO - Runtime: 72.78s
2026-05-06 12:16:03,593 - INFO - ======================================================================
