2026-05-08 08:13:30,597 - INFO - Metrics tracker initialized
{"id": 1, "ts": 1778220810.623776, "event": "memory_reset"}
{"id": 2, "ts": 1778220810.6271634, "event": "discussion_order", "round": 1, "order": ["agent_3", "agent_2", "agent_1"]}
2026-05-08 08:13:35,667 - INFO - Tokens - Input: 1681, Output: 664, Total: 2345
{"id": 3, "ts": 1778220815.6699164, "event": "public_discussion_message", "round": 1, "agent": "agent_3", "message": "I prefer Candidate B; handles stress very well.\nMETADATA_JSON:\n{\"agent\": \"agent_3\", \"vote\": \"Candidate B\"}"}
2026-05-08 08:13:35,670 - INFO - Agent turns: 1
2026-05-08 08:13:43,076 - INFO - Tokens - Input: 1191, Output: 1165, Total: 2356
2026-05-08 08:13:43,078 - INFO - Memory updates: 1
{"id": 4, "ts": 1778220823.079096, "event": "memory_updated", "agent": "agent_1", "round": 1}
2026-05-08 08:13:43,854 - INFO - Tokens - Input: 1186, Output: 1174, Total: 2360
2026-05-08 08:13:43,856 - INFO - Memory updates: 2
{"id": 5, "ts": 1778220823.856444, "event": "memory_updated", "agent": "agent_3", "round": 1}
2026-05-08 08:13:46,229 - INFO - Tokens - Input: 1194, Output: 1573, Total: 2767
2026-05-08 08:13:46,230 - INFO - Memory updates: 3
{"id": 6, "ts": 1778220826.2309413, "event": "memory_updated", "agent": "agent_2", "round": 1}
2026-05-08 08:13:48,671 - INFO - Tokens - Input: 2224, Output: 473, Total: 2697
{"id": 7, "ts": 1778220828.6729238, "event": "public_discussion_message", "round": 1, "agent": "agent_2", "message": "I prefer Candidate A; regarded as a show\u2011off.\nMETADATA_JSON:\n{\"agent\": \"agent_2\", \"vote\": \"Candidate A\"}"}
2026-05-08 08:13:48,673 - INFO - Agent turns: 2
2026-05-08 08:13:54,777 - INFO - Tokens - Input: 1738, Output: 1087, Total: 2825
2026-05-08 08:13:54,779 - INFO - Memory updates: 4
{"id": 8, "ts": 1778220834.7795498, "event": "memory_updated", "agent": "agent_2", "round": 1}
2026-05-08 08:13:55,611 - INFO - Tokens - Input: 1682, Output: 1239, Total: 2921
2026-05-08 08:13:55,613 - INFO - Memory updates: 5
{"id": 9, "ts": 1778220835.6139605, "event": "memory_updated", "agent": "agent_1", "round": 1}
2026-05-08 08:13:57,113 - INFO - Tokens - Input: 1669, Output: 1245, Total: 2914
2026-05-08 08:13:57,115 - INFO - Memory updates: 6
{"id": 10, "ts": 1778220837.1155887, "event": "memory_updated", "agent": "agent_3", "round": 1}
2026-05-08 08:14:04,256 - INFO - Tokens - Input: 2273, Output: 889, Total: 3162
{"id": 11, "ts": 1778220844.2583148, "event": "public_discussion_message", "round": 1, "agent": "agent_1", "message": "I prefer Candidate C; 100% reliable.\nMETADATA_JSON:\n{\"agent\": \"agent_1\", \"vote\": \"Candidate C\"}"}
2026-05-08 08:14:04,258 - INFO - Agent turns: 3
2026-05-08 08:14:10,187 - INFO - Tokens - Input: 1783, Output: 1148, Total: 2931
2026-05-08 08:14:10,189 - INFO - Memory updates: 7
{"id": 12, "ts": 1778220850.1897275, "event": "memory_updated", "agent": "agent_1", "round": 1}
2026-05-08 08:14:12,034 - INFO - Tokens - Input: 1817, Output: 1290, Total: 3107
2026-05-08 08:14:12,036 - INFO - Memory updates: 8
{"id": 13, "ts": 1778220852.036352, "event": "memory_updated", "agent": "agent_2", "round": 1}
2026-05-08 08:14:14,186 - INFO - Tokens - Input: 1805, Output: 1315, Total: 3120
2026-05-08 08:14:14,188 - INFO - Memory updates: 9
{"id": 14, "ts": 1778220854.1883817, "event": "memory_updated", "agent": "agent_3", "round": 1}
2026-05-08 08:14:14,197 - INFO - Loop 1 completed
{"id": 15, "ts": 1778220854.2040727, "event": "discussion_order", "round": 2, "order": ["agent_2", "agent_1", "agent_3"]}
2026-05-08 08:14:15,435 - INFO - Tokens - Input: 2367, Output: 192, Total: 2559
{"id": 16, "ts": 1778220855.4368374, "event": "public_discussion_message", "round": 2, "agent": "agent_2", "message": "Candidate A \u2013 excellent spatial vision.\nMETADATA_JSON:\n{\"agent\": \"agent_2\", \"vote\": \"Candidate A\"}"}
2026-05-08 08:14:15,437 - INFO - Agent turns: 4
2026-05-08 08:14:21,823 - INFO - Tokens - Input: 1855, Output: 1225, Total: 3080
2026-05-08 08:14:21,825 - INFO - Memory updates: 10
{"id": 17, "ts": 1778220861.825381, "event": "memory_updated", "agent": "agent_1", "round": 2}
2026-05-08 08:14:21,883 - INFO - Tokens - Input: 1846, Output: 1099, Total: 2945
2026-05-08 08:14:21,884 - INFO - Memory updates: 11
{"id": 18, "ts": 1778220861.884987, "event": "memory_updated", "agent": "agent_2", "round": 2}
2026-05-08 08:14:23,264 - INFO - Tokens - Input: 2013, Output: 1187, Total: 3200
2026-05-08 08:14:23,266 - INFO - Memory updates: 12
{"id": 19, "ts": 1778220863.2670512, "event": "memory_updated", "agent": "agent_3", "round": 2}
2026-05-08 08:14:27,259 - INFO - Tokens - Input: 2394, Output: 707, Total: 3101
{"id": 20, "ts": 1778220867.2609859, "event": "public_discussion_message", "round": 2, "agent": "agent_1", "message": "I prefer Candidate B \u2013 handles stress very well.\nMETADATA_JSON:\n{\"agent\": \"agent_1\", \"vote\": \"Candidate B\"}"}
2026-05-08 08:14:27,261 - INFO - Agent turns: 5
2026-05-08 08:14:31,650 - INFO - Tokens - Input: 1904, Output: 775, Total: 2679
2026-05-08 08:14:31,652 - INFO - Memory updates: 13
{"id": 21, "ts": 1778220871.6524904, "event": "memory_updated", "agent": "agent_1", "round": 2}
2026-05-08 08:14:31,745 - INFO - Tokens - Input: 1866, Output: 971, Total: 2837
2026-05-08 08:14:31,747 - INFO - Memory updates: 14
{"id": 22, "ts": 1778220871.7475808, "event": "memory_updated", "agent": "agent_2", "round": 2}
2026-05-08 08:14:32,234 - INFO - Tokens - Input: 1945, Output: 1014, Total: 2959
2026-05-08 08:14:32,235 - INFO - Memory updates: 15
{"id": 23, "ts": 1778220872.2359354, "event": "memory_updated", "agent": "agent_3", "round": 2}
2026-05-08 08:14:33,219 - INFO - Tokens - Input: 2388, Output: 126, Total: 2514
{"id": 24, "ts": 1778220873.220404, "event": "public_discussion_message", "round": 2, "agent": "agent_3", "message": "Candidate B \u2013 excellent computer skills.\nMETADATA_JSON:\n{\"agent\": \"agent_3\", \"vote\": \"Candidate B\"}"}
2026-05-08 08:14:33,220 - INFO - Agent turns: 6
2026-05-08 08:14:38,125 - INFO - Tokens - Input: 1594, Output: 789, Total: 2383
2026-05-08 08:14:38,127 - INFO - Memory updates: 16
{"id": 25, "ts": 1778220878.1277065, "event": "memory_updated", "agent": "agent_2", "round": 2}
2026-05-08 08:14:38,214 - INFO - Tokens - Input: 1514, Output: 766, Total: 2280
2026-05-08 08:14:38,216 - INFO - Memory updates: 17
{"id": 26, "ts": 1778220878.2163148, "event": "memory_updated", "agent": "agent_1", "round": 2}
2026-05-08 08:14:40,680 - INFO - Tokens - Input: 1892, Output: 1176, Total: 3068
2026-05-08 08:14:40,681 - INFO - Memory updates: 18
{"id": 27, "ts": 1778220880.6820834, "event": "memory_updated", "agent": "agent_3", "round": 2}
2026-05-08 08:14:40,691 - INFO - Loop 2 completed
{"id": 28, "ts": 1778220880.6976206, "event": "discussion_order", "round": 3, "order": ["agent_2", "agent_3", "agent_1"]}
2026-05-08 08:14:41,626 - INFO - Tokens - Input: 2128, Output: 138, Total: 2266
{"id": 29, "ts": 1778220881.6279294, "event": "public_discussion_message", "round": 3, "agent": "agent_2", "message": "I still favor Candidate A \u2013 excellent spatial vision.\nMETADATA_JSON:\n{\"agent\": \"agent_2\", \"vote\": \"Candidate A\"}"}
2026-05-08 08:14:41,628 - INFO - Agent turns: 7
2026-05-08 08:14:45,929 - INFO - Tokens - Input: 1620, Output: 758, Total: 2378
2026-05-08 08:14:45,931 - INFO - Memory updates: 19
{"id": 30, "ts": 1778220885.9316125, "event": "memory_updated", "agent": "agent_2", "round": 3}
2026-05-08 08:14:48,283 - INFO - Tokens - Input: 1578, Output: 911, Total: 2489
2026-05-08 08:14:48,285 - INFO - Memory updates: 20
{"id": 31, "ts": 1778220888.2857895, "event": "memory_updated", "agent": "agent_1", "round": 3}
2026-05-08 08:14:50,580 - INFO - Tokens - Input: 1953, Output: 1415, Total: 3368
2026-05-08 08:14:50,581 - INFO - Memory updates: 21
{"id": 32, "ts": 1778220890.5816903, "event": "memory_updated", "agent": "agent_3", "round": 3}
2026-05-08 08:14:51,889 - INFO - Tokens - Input: 2473, Output: 131, Total: 2604
{"id": 33, "ts": 1778220891.8908803, "event": "public_discussion_message", "round": 3, "agent": "agent_3", "message": "Candidate B \u2013 handles stress well.\nMETADATA_JSON:\n{\"agent\": \"agent_3\", \"vote\": \"Candidate B\"}"}
2026-05-08 08:14:51,891 - INFO - Agent turns: 8
2026-05-08 08:14:57,730 - INFO - Tokens - Input: 1673, Output: 938, Total: 2611
2026-05-08 08:14:57,733 - INFO - Memory updates: 22
{"id": 34, "ts": 1778220897.7332313, "event": "memory_updated", "agent": "agent_2", "round": 3}
2026-05-08 08:14:59,446 - INFO - Tokens - Input: 1620, Output: 1075, Total: 2695
2026-05-08 08:14:59,448 - INFO - Memory updates: 23
{"id": 35, "ts": 1778220899.4486814, "event": "memory_updated", "agent": "agent_1", "round": 3}
2026-05-08 08:15:00,221 - INFO - Tokens - Input: 1977, Output: 1165, Total: 3142
2026-05-08 08:15:00,223 - INFO - Memory updates: 24
{"id": 36, "ts": 1778220900.2231972, "event": "memory_updated", "agent": "agent_3", "round": 3}
2026-05-08 08:15:02,481 - INFO - Tokens - Input: 2324, Output: 96, Total: 2420
{"id": 37, "ts": 1778220902.4827206, "event": "public_discussion_message", "round": 3, "agent": "agent_1", "message": "I prefer Candidate B \u2013 handles stress well.\nMETADATA_JSON:\n{\"agent\": \"agent_1\", \"vote\": \"Candidate B\"}"}
2026-05-08 08:15:02,482 - INFO - Agent turns: 9
2026-05-08 08:15:07,523 - INFO - Tokens - Input: 1700, Output: 884, Total: 2584
2026-05-08 08:15:07,524 - INFO - Memory updates: 25
{"id": 38, "ts": 1778220907.5249712, "event": "memory_updated", "agent": "agent_2", "round": 3}
2026-05-08 08:15:07,599 - INFO - Tokens - Input: 1832, Output: 1042, Total: 2874
2026-05-08 08:15:07,600 - INFO - Memory updates: 26
{"id": 39, "ts": 1778220907.6007462, "event": "memory_updated", "agent": "agent_1", "round": 3}
2026-05-08 08:15:09,384 - INFO - Tokens - Input: 2041, Output: 1190, Total: 3231
2026-05-08 08:15:09,386 - INFO - Memory updates: 27
{"id": 40, "ts": 1778220909.3865952, "event": "memory_updated", "agent": "agent_3", "round": 3}
2026-05-08 08:15:09,396 - INFO - Loop 3 completed
{"id": 41, "ts": 1778220909.402843, "event": "discussion_order", "round": 4, "order": ["agent_3", "agent_1", "agent_2"]}
2026-05-08 08:15:10,377 - INFO - Tokens - Input: 2566, Output: 137, Total: 2703
{"id": 42, "ts": 1778220910.379091, "event": "public_discussion_message", "round": 4, "agent": "agent_3", "message": "Candidate B \u2013 handles stress well.\nMETADATA_JSON:\n{\"agent\": \"agent_3\", \"vote\": \"Candidate B\"}"}
2026-05-08 08:15:10,379 - INFO - Agent turns: 10
2026-05-08 08:15:14,192 - INFO - Tokens - Input: 1869, Output: 942, Total: 2811
2026-05-08 08:15:14,194 - INFO - Memory updates: 28
{"id": 43, "ts": 1778220914.1944342, "event": "memory_updated", "agent": "agent_1", "round": 4}
2026-05-08 08:15:17,189 - INFO - Tokens - Input: 1737, Output: 1080, Total: 2817
2026-05-08 08:15:17,191 - INFO - Memory updates: 29
{"id": 44, "ts": 1778220917.1916025, "event": "memory_updated", "agent": "agent_2", "round": 4}
2026-05-08 08:15:21,330 - INFO - Tokens - Input: 2052, Output: 1172, Total: 3224
2026-05-08 08:15:21,332 - INFO - Memory updates: 30
{"id": 45, "ts": 1778220921.332825, "event": "memory_updated", "agent": "agent_3", "round": 4}
2026-05-08 08:15:22,082 - INFO - Tokens - Input: 2208, Output: 134, Total: 2342
{"id": 46, "ts": 1778220922.0842564, "event": "public_discussion_message", "round": 4, "agent": "agent_1", "message": "I prefer Candidate B \u2013 handles stress well.\nMETADATA_JSON:\n{\"agent\": \"agent_1\", \"vote\": \"Candidate B\"}"}
2026-05-08 08:15:22,084 - INFO - Agent turns: 11
2026-05-08 08:15:26,754 - INFO - Tokens - Input: 2092, Output: 993, Total: 3085
2026-05-08 08:15:26,756 - INFO - Memory updates: 31
{"id": 47, "ts": 1778220926.7562785, "event": "memory_updated", "agent": "agent_3", "round": 4}
2026-05-08 08:15:26,836 - INFO - Tokens - Input: 1716, Output: 708, Total: 2424
2026-05-08 08:15:26,837 - INFO - Memory updates: 32
{"id": 48, "ts": 1778220926.8380458, "event": "memory_updated", "agent": "agent_1", "round": 4}
2026-05-08 08:15:29,355 - INFO - Tokens - Input: 1765, Output: 1077, Total: 2842
2026-05-08 08:15:29,357 - INFO - Memory updates: 33
{"id": 49, "ts": 1778220929.3574789, "event": "memory_updated", "agent": "agent_2", "round": 4}
2026-05-08 08:15:30,189 - INFO - Tokens - Input: 2330, Output: 128, Total: 2458
{"id": 50, "ts": 1778220930.190316, "event": "public_discussion_message", "round": 4, "agent": "agent_2", "message": "I prefer Candidate A \u2013 excellent spatial vision.\nMETADATA_JSON:\n{\"agent\": \"agent_2\", \"vote\": \"Candidate A\"}"}
2026-05-08 08:15:30,190 - INFO - Agent turns: 12
2026-05-08 08:15:35,674 - INFO - Tokens - Input: 1741, Output: 745, Total: 2486
2026-05-08 08:15:35,676 - INFO - Memory updates: 34
{"id": 51, "ts": 1778220935.676167, "event": "memory_updated", "agent": "agent_1", "round": 4}
2026-05-08 08:15:35,826 - INFO - Tokens - Input: 1838, Output: 988, Total: 2826
2026-05-08 08:15:35,828 - INFO - Memory updates: 35
{"id": 52, "ts": 1778220935.8284, "event": "memory_updated", "agent": "agent_2", "round": 4}
2026-05-08 08:15:36,581 - INFO - Tokens - Input: 2098, Output: 1157, Total: 3255
2026-05-08 08:15:36,583 - INFO - Memory updates: 36
{"id": 53, "ts": 1778220936.5832074, "event": "memory_updated", "agent": "agent_3", "round": 4}
2026-05-08 08:15:36,592 - INFO - Loop 4 completed
{"id": 54, "ts": 1778220936.5978405, "event": "discussion_order", "round": 5, "order": ["agent_1", "agent_2", "agent_3"]}
2026-05-08 08:15:37,384 - INFO - Tokens - Input: 2301, Output: 84, Total: 2385
{"id": 55, "ts": 1778220937.3859322, "event": "public_discussion_message", "round": 5, "agent": "agent_1", "message": "I prefer Candidate B \u2013 handles stress well.\nMETADATA_JSON:\n{\"agent\": \"agent_1\", \"vote\": \"Candidate B\"}"}
2026-05-08 08:15:37,386 - INFO - Agent turns: 13
2026-05-08 08:15:41,414 - INFO - Tokens - Input: 1791, Output: 600, Total: 2391
2026-05-08 08:15:41,416 - INFO - Memory updates: 37
{"id": 56, "ts": 1778220941.416685, "event": "memory_updated", "agent": "agent_1", "round": 5}
2026-05-08 08:15:42,209 - INFO - Tokens - Input: 1916, Output: 844, Total: 2760
2026-05-08 08:15:42,210 - INFO - Memory updates: 38
{"id": 57, "ts": 1778220942.2109914, "event": "memory_updated", "agent": "agent_2", "round": 5}
2026-05-08 08:15:43,222 - INFO - Tokens - Input: 2086, Output: 1170, Total: 3256
2026-05-08 08:15:43,224 - INFO - Memory updates: 39
{"id": 58, "ts": 1778220943.22478, "event": "memory_updated", "agent": "agent_3", "round": 5}
2026-05-08 08:15:43,936 - INFO - Tokens - Input: 2406, Output: 133, Total: 2539
{"id": 59, "ts": 1778220943.9380786, "event": "public_discussion_message", "round": 5, "agent": "agent_2", "message": "I prefer Candidate A \u2013 excellent spatial vision.\nMETADATA_JSON:\n{\"agent\": \"agent_2\", \"vote\": \"Candidate A\"}"}
2026-05-08 08:15:43,938 - INFO - Agent turns: 14
2026-05-08 08:15:49,891 - INFO - Tokens - Input: 2120, Output: 1115, Total: 3235
2026-05-08 08:15:49,893 - INFO - Memory updates: 40
{"id": 60, "ts": 1778220949.893865, "event": "memory_updated", "agent": "agent_3", "round": 5}
2026-05-08 08:15:50,071 - INFO - Tokens - Input: 1914, Output: 974, Total: 2888
2026-05-08 08:15:50,072 - INFO - Memory updates: 41
{"id": 61, "ts": 1778220950.0728705, "event": "memory_updated", "agent": "agent_2", "round": 5}
2026-05-08 08:15:50,362 - INFO - Tokens - Input: 1826, Output: 1200, Total: 3026
2026-05-08 08:15:50,363 - INFO - Memory updates: 42
{"id": 62, "ts": 1778220950.363669, "event": "memory_updated", "agent": "agent_1", "round": 5}
2026-05-08 08:15:51,231 - INFO - Tokens - Input: 2651, Output: 106, Total: 2757
{"id": 63, "ts": 1778220951.2330089, "event": "public_discussion_message", "round": 5, "agent": "agent_3", "message": "Candidate B \u2013 excellent computer skills.\nMETADATA_JSON:\n{\"agent\": \"agent_3\", \"vote\": \"Candidate B\"}"}
2026-05-08 08:15:51,233 - INFO - Agent turns: 15
2026-05-08 08:15:57,182 - INFO - Tokens - Input: 2155, Output: 960, Total: 3115
2026-05-08 08:15:57,184 - INFO - Memory updates: 43
{"id": 64, "ts": 1778220957.1842582, "event": "memory_updated", "agent": "agent_3", "round": 5}
2026-05-08 08:15:57,267 - INFO - Tokens - Input: 1876, Output: 983, Total: 2859
2026-05-08 08:15:57,269 - INFO - Memory updates: 44
{"id": 65, "ts": 1778220957.2695534, "event": "memory_updated", "agent": "agent_1", "round": 5}
2026-05-08 08:15:59,989 - INFO - Tokens - Input: 1983, Output: 1488, Total: 3471
2026-05-08 08:15:59,991 - INFO - Memory updates: 45
{"id": 66, "ts": 1778220959.9914405, "event": "memory_updated", "agent": "agent_2", "round": 5}
2026-05-08 08:16:00,000 - INFO - Loop 5 completed
2026-05-08 08:16:00,000 - INFO - Final Chosen Candidate: Candidate B
2026-05-08 08:16:00,000 - INFO - Final Decision Method: max_round_majority_vote
2026-05-08 08:16:00,000 - INFO - Final Vote Count: {'Candidate B': 2, 'Candidate A': 1}
2026-05-08 08:16:00,001 - INFO - Correct Candidate: Candidate C
2026-05-08 08:16:00,001 - INFO - Decision Correct: 0
{"id": 67, "ts": 1778220960.2778864, "event": "context_consistency_calculated", "method": "embedding_cosine", "mean_pairwise_similarity": 0.887033, "pairwise": [{"agent_a": "agent_1", "agent_b": "agent_2", "similarity": 0.87763}, {"agent_a": "agent_1", "agent_b": "agent_3", "similarity": 0.906282}, {"agent_a": "agent_2", "agent_b": "agent_3", "similarity": 0.877188}]}
{"id": 68, "ts": 1778220960.278096, "event": "agent_memories_archived", "directory": "/home/lhegemann/git/bachelor_thesis/01_data/raw/simulations/low/low_treatment_20260508_080303_005/shared_mental_models", "round": 5}
{"id": 69, "ts": 1778220960.2781875, "event": "final_decision", "candidate": "Candidate B", "method": "max_round_majority_vote", "vote_count": {"Candidate B": 2, "Candidate A": 1}, "correct_candidate": "Candidate C", "decision_correct": 0, "round": 5}
2026-05-08 08:16:00,287 - INFO - ======================================================================
2026-05-08 08:16:00,288 - INFO - SIMULATION METRICS
2026-05-08 08:16:00,288 - INFO - ======================================================================
2026-05-08 08:16:00,288 - INFO - Total Loops: 5
2026-05-08 08:16:00,288 - INFO - Agent Turns (no vote checker): 15
2026-05-08 08:16:00,288 - INFO - Agent Tool Calls: 0
2026-05-08 08:16:00,288 - INFO - Agent Tool Messages: 0
2026-05-08 08:16:00,288 - INFO - Memory Updates: 45
2026-05-08 08:16:00,288 - INFO - Total Messages (no vote checker): 15
2026-05-08 08:16:00,288 - INFO - Input Tokens: 115777
2026-05-08 08:16:00,288 - INFO - Output Tokens: 51950
2026-05-08 08:16:00,288 - INFO - Total Tokens: 167727
2026-05-08 08:16:00,288 - INFO - Final Chosen Candidate: Candidate B
2026-05-08 08:16:00,289 - INFO - Final Decision Method: max_round_majority_vote
2026-05-08 08:16:00,289 - INFO - Final Vote Count: {'Candidate B': 2, 'Candidate A': 1}
2026-05-08 08:16:00,289 - INFO - Correct Candidate: Candidate C
2026-05-08 08:16:00,289 - INFO - Decision Correct: 0
2026-05-08 08:16:00,289 - INFO - Runtime: 149.69s
2026-05-08 08:16:00,289 - INFO - ======================================================================
