2026-05-09 22:45:18,620 - INFO - Metrics tracker initialized
{"id": 1, "ts": 1778359518.6603808, "event": "memory_reset"}
{"id": 2, "ts": 1778359518.663922, "event": "discussion_order", "round": 1, "order": ["agent_2", "agent_1", "agent_3"]}
2026-05-09 22:45:25,673 - INFO - Tokens - Input: 1689, Output: 598, Total: 2287
{"id": 3, "ts": 1778359525.6755524, "event": "public_discussion_message", "round": 1, "agent": "agent_2", "message": "Candidate A \u2013 very good leadership qualities.\nMETADATA_JSON:\n{\"agent\": \"agent_2\", \"vote\": \"Candidate A\"}"}
2026-05-09 22:45:25,675 - INFO - Agent turns: 1
2026-05-09 22:45:33,228 - INFO - Tokens - Input: 1187, Output: 865, Total: 2052
2026-05-09 22:45:33,230 - INFO - Memory updates: 1
{"id": 4, "ts": 1778359533.2306406, "event": "memory_updated", "agent": "agent_1", "round": 1}
2026-05-09 22:45:35,331 - INFO - Tokens - Input: 1182, Output: 1112, Total: 2294
2026-05-09 22:45:35,333 - INFO - Memory updates: 2
{"id": 5, "ts": 1778359535.3335345, "event": "memory_updated", "agent": "agent_3", "round": 1}
2026-05-09 22:45:37,539 - INFO - Tokens - Input: 1190, Output: 1279, Total: 2469
2026-05-09 22:45:37,541 - INFO - Memory updates: 3
{"id": 6, "ts": 1778359537.5414464, "event": "memory_updated", "agent": "agent_2", "round": 1}
2026-05-09 22:45:40,772 - INFO - Tokens - Input: 2137, Output: 345, Total: 2482
{"id": 7, "ts": 1778359540.7738423, "event": "public_discussion_message", "round": 1, "agent": "agent_1", "message": "Candidate A \u2013 excellent spatial vision.\nMETADATA_JSON:\n{\"agent\": \"agent_1\", \"vote\": \"Candidate A\"}"}
2026-05-09 22:45:40,774 - INFO - Agent turns: 2
2026-05-09 22:45:49,404 - INFO - Tokens - Input: 1641, Output: 1016, Total: 2657
2026-05-09 22:45:49,405 - INFO - Memory updates: 4
{"id": 8, "ts": 1778359549.4060855, "event": "memory_updated", "agent": "agent_1", "round": 1}
2026-05-09 22:45:49,427 - INFO - Tokens - Input: 1722, Output: 1020, Total: 2742
2026-05-09 22:45:49,429 - INFO - Memory updates: 5
{"id": 9, "ts": 1778359549.429591, "event": "memory_updated", "agent": "agent_2", "round": 1}
2026-05-09 22:45:50,026 - INFO - Tokens - Input: 1758, Output: 1252, Total: 3010
2026-05-09 22:45:50,029 - INFO - Memory updates: 6
{"id": 10, "ts": 1778359550.030048, "event": "memory_updated", "agent": "agent_3", "round": 1}
2026-05-09 22:45:55,897 - INFO - Tokens - Input: 2263, Output: 683, Total: 2946
{"id": 11, "ts": 1778359555.8991292, "event": "public_discussion_message", "round": 1, "agent": "agent_3", "message": "Candidate B \u2013 handles stress well.\nMETADATA_JSON:\n{\"agent\": \"agent_3\", \"vote\": \"Candidate B\"}"}
2026-05-09 22:45:55,899 - INFO - Agent turns: 3
2026-05-09 22:46:03,790 - INFO - Tokens - Input: 1741, Output: 885, Total: 2626
2026-05-09 22:46:03,792 - INFO - Memory updates: 7
{"id": 12, "ts": 1778359563.7925818, "event": "memory_updated", "agent": "agent_1", "round": 1}
2026-05-09 22:46:04,039 - INFO - Tokens - Input: 1767, Output: 952, Total: 2719
2026-05-09 22:46:04,041 - INFO - Memory updates: 8
{"id": 13, "ts": 1778359564.0413156, "event": "memory_updated", "agent": "agent_3", "round": 1}
2026-05-09 22:46:04,733 - INFO - Tokens - Input: 1766, Output: 1118, Total: 2884
2026-05-09 22:46:04,734 - INFO - Memory updates: 9
{"id": 14, "ts": 1778359564.734941, "event": "memory_updated", "agent": "agent_2", "round": 1}
2026-05-09 22:46:04,743 - INFO - Loop 1 completed
{"id": 15, "ts": 1778359564.7490335, "event": "discussion_order", "round": 2, "order": ["agent_3", "agent_1", "agent_2"]}
2026-05-09 22:46:08,329 - INFO - Tokens - Input: 2200, Output: 221, Total: 2421
{"id": 16, "ts": 1778359568.331404, "event": "public_discussion_message", "round": 2, "agent": "agent_3", "message": "Candidate B \u2013 handles stress well.\nMETADATA_JSON:\n{\"agent\": \"agent_3\", \"vote\": \"Candidate B\"}"}
2026-05-09 22:46:08,331 - INFO - Agent turns: 4
2026-05-09 22:46:15,689 - INFO - Tokens - Input: 1686, Output: 872, Total: 2558
2026-05-09 22:46:15,691 - INFO - Memory updates: 10
{"id": 17, "ts": 1778359575.69164, "event": "memory_updated", "agent": "agent_3", "round": 2}
2026-05-09 22:46:17,124 - INFO - Tokens - Input: 1810, Output: 1108, Total: 2918
2026-05-09 22:46:17,126 - INFO - Memory updates: 11
{"id": 18, "ts": 1778359577.1261628, "event": "memory_updated", "agent": "agent_2", "round": 2}
2026-05-09 22:46:24,324 - INFO - Tokens - Input: 1619, Output: 885, Total: 2504
2026-05-09 22:46:24,326 - INFO - Memory updates: 12
{"id": 19, "ts": 1778359584.326706, "event": "memory_updated", "agent": "agent_1", "round": 2}
2026-05-09 22:46:26,508 - INFO - Tokens - Input: 2142, Output: 140, Total: 2282
{"id": 20, "ts": 1778359586.509383, "event": "public_discussion_message", "round": 2, "agent": "agent_1", "message": "Candidate A \u2013 excellent spatial vision.\nMETADATA_JSON:\n{\"agent\": \"agent_1\", \"vote\": \"Candidate A\"}"}
2026-05-09 22:46:26,509 - INFO - Agent turns: 5
2026-05-09 22:46:33,270 - INFO - Tokens - Input: 1668, Output: 849, Total: 2517
2026-05-09 22:46:33,272 - INFO - Memory updates: 13
{"id": 21, "ts": 1778359593.2725034, "event": "memory_updated", "agent": "agent_2", "round": 2}
2026-05-09 22:46:34,448 - INFO - Tokens - Input: 1646, Output: 902, Total: 2548
2026-05-09 22:46:34,450 - INFO - Memory updates: 14
{"id": 22, "ts": 1778359594.450694, "event": "memory_updated", "agent": "agent_1", "round": 2}
2026-05-09 22:46:35,125 - INFO - Tokens - Input: 1721, Output: 1109, Total: 2830
2026-05-09 22:46:35,127 - INFO - Memory updates: 15
{"id": 23, "ts": 1778359595.1275272, "event": "memory_updated", "agent": "agent_3", "round": 2}
2026-05-09 22:46:37,323 - INFO - Tokens - Input: 2206, Output: 151, Total: 2357
{"id": 24, "ts": 1778359597.3245282, "event": "public_discussion_message", "round": 2, "agent": "agent_2", "message": "Candidate A \u2013 very good leadership qualities.\nMETADATA_JSON:\n{\"agent\": \"agent_2\", \"vote\": \"Candidate A\"}"}
2026-05-09 22:46:37,324 - INFO - Agent turns: 6
2026-05-09 22:46:45,218 - INFO - Tokens - Input: 1712, Output: 766, Total: 2478
2026-05-09 22:46:45,220 - INFO - Memory updates: 16
{"id": 25, "ts": 1778359605.220415, "event": "memory_updated", "agent": "agent_2", "round": 2}
2026-05-09 22:46:45,734 - INFO - Tokens - Input: 1704, Output: 970, Total: 2674
2026-05-09 22:46:45,736 - INFO - Memory updates: 17
{"id": 26, "ts": 1778359605.7365415, "event": "memory_updated", "agent": "agent_1", "round": 2}
2026-05-09 22:46:47,108 - INFO - Tokens - Input: 1765, Output: 1126, Total: 2891
2026-05-09 22:46:47,110 - INFO - Memory updates: 18
{"id": 27, "ts": 1778359607.111042, "event": "memory_updated", "agent": "agent_3", "round": 2}
2026-05-09 22:46:47,119 - INFO - Loop 2 completed
{"id": 28, "ts": 1778359607.1257358, "event": "discussion_order", "round": 3, "order": ["agent_3", "agent_1", "agent_2"]}
2026-05-09 22:46:49,254 - INFO - Tokens - Input: 2269, Output: 218, Total: 2487
{"id": 29, "ts": 1778359609.2561018, "event": "public_discussion_message", "round": 3, "agent": "agent_3", "message": "Candidate B \u2013 handles stress well.\nMETADATA_JSON:\n{\"agent\": \"agent_3\", \"vote\": \"Candidate B\"}"}
2026-05-09 22:46:49,256 - INFO - Agent turns: 7
2026-05-09 22:46:55,049 - INFO - Tokens - Input: 1801, Output: 775, Total: 2576
2026-05-09 22:46:55,050 - INFO - Memory updates: 19
{"id": 30, "ts": 1778359615.0502784, "event": "memory_updated", "agent": "agent_1", "round": 3}
2026-05-09 22:46:55,397 - INFO - Tokens - Input: 1755, Output: 823, Total: 2578
2026-05-09 22:46:55,399 - INFO - Memory updates: 20
{"id": 31, "ts": 1778359615.3993354, "event": "memory_updated", "agent": "agent_3", "round": 3}
2026-05-09 22:46:57,272 - INFO - Tokens - Input: 1753, Output: 1044, Total: 2797
2026-05-09 22:46:57,273 - INFO - Memory updates: 21
{"id": 32, "ts": 1778359617.2737048, "event": "memory_updated", "agent": "agent_2", "round": 3}
2026-05-09 22:46:59,793 - INFO - Tokens - Input: 2124, Output: 123, Total: 2247
{"id": 33, "ts": 1778359619.7946434, "event": "public_discussion_message", "round": 3, "agent": "agent_1", "message": "Candidate A \u2013 excellent spatial vision.\nMETADATA_JSON:\n{\"agent\": \"agent_1\", \"vote\": \"Candidate A\"}"}
2026-05-09 22:46:59,794 - INFO - Agent turns: 8
2026-05-09 22:47:05,285 - INFO - Tokens - Input: 1628, Output: 631, Total: 2259
2026-05-09 22:47:05,286 - INFO - Memory updates: 22
{"id": 34, "ts": 1778359625.2869682, "event": "memory_updated", "agent": "agent_1", "round": 3}
2026-05-09 22:47:07,526 - INFO - Tokens - Input: 1788, Output: 1066, Total: 2854
2026-05-09 22:47:07,528 - INFO - Memory updates: 23
{"id": 35, "ts": 1778359627.5285413, "event": "memory_updated", "agent": "agent_3", "round": 3}
2026-05-09 22:47:07,952 - INFO - Tokens - Input: 1823, Output: 888, Total: 2711
2026-05-09 22:47:07,954 - INFO - Memory updates: 24
{"id": 36, "ts": 1778359627.9542148, "event": "memory_updated", "agent": "agent_2", "round": 3}
2026-05-09 22:47:09,875 - INFO - Tokens - Input: 2354, Output: 148, Total: 2502
{"id": 37, "ts": 1778359629.877169, "event": "public_discussion_message", "round": 3, "agent": "agent_2", "message": "Candidate A \u2013 regarded as a show\u2011off.\nMETADATA_JSON:\n{\"agent\": \"agent_2\", \"vote\": \"Candidate A\"}"}
2026-05-09 22:47:09,877 - INFO - Agent turns: 9
2026-05-09 22:47:24,533 - INFO - Tokens - Input: 1864, Output: 1169, Total: 3033
2026-05-09 22:47:24,535 - INFO - Memory updates: 25
{"id": 38, "ts": 1778359644.5353556, "event": "memory_updated", "agent": "agent_2", "round": 3}
2026-05-09 22:47:24,586 - INFO - Tokens - Input: 1824, Output: 1238, Total: 3062
2026-05-09 22:47:24,588 - INFO - Memory updates: 26
{"id": 39, "ts": 1778359644.5883143, "event": "memory_updated", "agent": "agent_3", "round": 3}
2026-05-09 22:47:24,765 - INFO - Tokens - Input: 1661, Output: 1202, Total: 2863
2026-05-09 22:47:24,766 - INFO - Memory updates: 27
{"id": 40, "ts": 1778359644.7667484, "event": "memory_updated", "agent": "agent_1", "round": 3}
2026-05-09 22:47:24,774 - INFO - Loop 3 completed
{"id": 41, "ts": 1778359644.780268, "event": "discussion_order", "round": 4, "order": ["agent_2", "agent_3", "agent_1"]}
2026-05-09 22:47:27,903 - INFO - Tokens - Input: 2423, Output: 271, Total: 2694
{"id": 42, "ts": 1778359647.9044409, "event": "public_discussion_message", "round": 4, "agent": "agent_2", "message": "Candidate A \u2013 regarded as a show\u2011off.\nMETADATA_JSON:\n{\"agent\": \"agent_2\", \"vote\": \"Candidate A\"}"}
2026-05-09 22:47:27,904 - INFO - Agent turns: 10
2026-05-09 22:47:37,688 - INFO - Tokens - Input: 1640, Output: 1082, Total: 2722
2026-05-09 22:47:37,690 - INFO - Memory updates: 28
{"id": 43, "ts": 1778359657.6902976, "event": "memory_updated", "agent": "agent_1", "round": 4}
2026-05-09 22:47:37,703 - INFO - Tokens - Input: 1958, Output: 1172, Total: 3130
2026-05-09 22:47:37,705 - INFO - Memory updates: 29
{"id": 44, "ts": 1778359657.7056527, "event": "memory_updated", "agent": "agent_3", "round": 4}
2026-05-09 22:47:39,404 - INFO - Tokens - Input: 1915, Output: 1358, Total: 3273
2026-05-09 22:47:39,407 - INFO - Memory updates: 30
{"id": 45, "ts": 1778359659.407247, "event": "memory_updated", "agent": "agent_2", "round": 4}
2026-05-09 22:47:40,511 - INFO - Tokens - Input: 2469, Output: 130, Total: 2599
{"id": 46, "ts": 1778359660.5127976, "event": "public_discussion_message", "round": 4, "agent": "agent_3", "message": "Candidate B \u2013 handles stress well.\nMETADATA_JSON:\n{\"agent\": \"agent_3\", \"vote\": \"Candidate B\"}"}
2026-05-09 22:47:40,512 - INFO - Agent turns: 11
2026-05-09 22:47:47,363 - INFO - Tokens - Input: 1700, Output: 844, Total: 2544
2026-05-09 22:47:47,365 - INFO - Memory updates: 31
{"id": 47, "ts": 1778359667.365781, "event": "memory_updated", "agent": "agent_1", "round": 4}
2026-05-09 22:47:48,278 - INFO - Tokens - Input: 2024, Output: 984, Total: 3008
2026-05-09 22:47:48,279 - INFO - Memory updates: 32
{"id": 48, "ts": 1778359668.2800937, "event": "memory_updated", "agent": "agent_2", "round": 4}
2026-05-09 22:47:49,879 - INFO - Tokens - Input: 1973, Output: 963, Total: 2936
2026-05-09 22:47:49,881 - INFO - Memory updates: 33
{"id": 49, "ts": 1778359669.8818686, "event": "memory_updated", "agent": "agent_3", "round": 4}
2026-05-09 22:47:51,972 - INFO - Tokens - Input: 2217, Output: 182, Total: 2399
{"id": 50, "ts": 1778359671.9740133, "event": "public_discussion_message", "round": 4, "agent": "agent_1", "message": "Candidate A \u2013 can be unorganized.\nMETADATA_JSON:\n{\"agent\": \"agent_1\", \"vote\": \"Candidate A\"}"}
2026-05-09 22:47:51,974 - INFO - Agent turns: 12
2026-05-09 22:47:59,115 - INFO - Tokens - Input: 1723, Output: 852, Total: 2575
2026-05-09 22:47:59,117 - INFO - Memory updates: 34
{"id": 51, "ts": 1778359679.1171715, "event": "memory_updated", "agent": "agent_1", "round": 4}
2026-05-09 22:47:59,636 - INFO - Tokens - Input: 2015, Output: 946, Total: 2961
2026-05-09 22:47:59,638 - INFO - Memory updates: 35
{"id": 52, "ts": 1778359679.6384225, "event": "memory_updated", "agent": "agent_3", "round": 4}
2026-05-09 22:48:02,476 - INFO - Tokens - Input: 2048, Output: 1215, Total: 3263
2026-05-09 22:48:02,477 - INFO - Memory updates: 36
{"id": 53, "ts": 1778359682.4782677, "event": "memory_updated", "agent": "agent_2", "round": 4}
2026-05-09 22:48:02,486 - INFO - Loop 4 completed
{"id": 54, "ts": 1778359682.491186, "event": "discussion_order", "round": 5, "order": ["agent_2", "agent_1", "agent_3"]}
2026-05-09 22:48:06,404 - INFO - Tokens - Input: 2659, Output: 139, Total: 2798
{"id": 55, "ts": 1778359686.4055417, "event": "public_discussion_message", "round": 5, "agent": "agent_2", "message": "Candidate A \u2013 very good leadership qualities\nMETADATA_JSON:\n{\"agent\": \"agent_2\", \"vote\": \"Candidate A\"}"}
2026-05-09 22:48:06,405 - INFO - Agent turns: 13
2026-05-09 22:48:14,317 - INFO - Tokens - Input: 1814, Output: 1013, Total: 2827
2026-05-09 22:48:14,319 - INFO - Memory updates: 37
{"id": 56, "ts": 1778359694.3191612, "event": "memory_updated", "agent": "agent_1", "round": 5}
2026-05-09 22:48:14,610 - INFO - Tokens - Input: 2015, Output: 995, Total: 3010
2026-05-09 22:48:14,611 - INFO - Memory updates: 38
{"id": 57, "ts": 1778359694.6119635, "event": "memory_updated", "agent": "agent_3", "round": 5}
2026-05-09 22:48:14,845 - INFO - Tokens - Input: 2147, Output: 1120, Total: 3267
2026-05-09 22:48:14,846 - INFO - Memory updates: 39
{"id": 58, "ts": 1778359694.8467426, "event": "memory_updated", "agent": "agent_2", "round": 5}
2026-05-09 22:48:22,615 - INFO - Tokens - Input: 2337, Output: 512, Total: 2849
{"id": 59, "ts": 1778359702.616773, "event": "public_discussion_message", "round": 5, "agent": "agent_1", "message": "Candidate D \u2013 solves problems extremely well.\nMETADATA_JSON:\n{\"agent\": \"agent_1\", \"vote\": \"Candidate D\"}"}
2026-05-09 22:48:22,616 - INFO - Agent turns: 14
2026-05-09 22:48:31,457 - INFO - Tokens - Input: 1843, Output: 1008, Total: 2851
2026-05-09 22:48:31,459 - INFO - Memory updates: 40
{"id": 60, "ts": 1778359711.4596398, "event": "memory_updated", "agent": "agent_1", "round": 5}
2026-05-09 22:48:32,632 - INFO - Tokens - Input: 1888, Output: 1248, Total: 3136
2026-05-09 22:48:32,634 - INFO - Memory updates: 41
{"id": 61, "ts": 1778359712.634174, "event": "memory_updated", "agent": "agent_3", "round": 5}
2026-05-09 22:48:34,252 - INFO - Tokens - Input: 2194, Output: 1284, Total: 3478
2026-05-09 22:48:34,254 - INFO - Memory updates: 42
{"id": 62, "ts": 1778359714.254755, "event": "memory_updated", "agent": "agent_2", "round": 5}
2026-05-09 22:48:36,595 - INFO - Tokens - Input: 2468, Output: 207, Total: 2675
{"id": 63, "ts": 1778359716.5974326, "event": "public_discussion_message", "round": 5, "agent": "agent_3", "message": "Candidate B \u2013 handles stress well.\nMETADATA_JSON:\n{\"agent\": \"agent_3\", \"vote\": \"Candidate B\"}"}
2026-05-09 22:48:36,597 - INFO - Agent turns: 15
2026-05-09 22:48:44,450 - INFO - Tokens - Input: 1812, Output: 921, Total: 2733
2026-05-09 22:48:44,452 - INFO - Memory updates: 43
{"id": 64, "ts": 1778359724.452203, "event": "memory_updated", "agent": "agent_1", "round": 5}
2026-05-09 22:48:45,805 - INFO - Tokens - Input: 1972, Output: 1067, Total: 3039
2026-05-09 22:48:45,807 - INFO - Memory updates: 44
{"id": 65, "ts": 1778359725.8076339, "event": "memory_updated", "agent": "agent_3", "round": 5}
2026-05-09 22:48:46,298 - INFO - Tokens - Input: 2312, Output: 1188, Total: 3500
2026-05-09 22:48:46,300 - INFO - Memory updates: 45
{"id": 66, "ts": 1778359726.3013835, "event": "memory_updated", "agent": "agent_2", "round": 5}
2026-05-09 22:48:46,309 - INFO - Loop 5 completed
2026-05-09 22:48:46,310 - INFO - Final Chosen Candidate: None
2026-05-09 22:48:46,310 - INFO - Final Decision Method: max_round_no_majority
2026-05-09 22:48:46,310 - INFO - Final Vote Count: {'Candidate D': 1, 'Candidate A': 1, 'Candidate B': 1}
2026-05-09 22:48:46,310 - INFO - Correct Candidate: Candidate C
2026-05-09 22:48:46,310 - INFO - Decision Correct: 0
{"id": 67, "ts": 1778359726.710226, "event": "context_consistency_calculated", "method": "embedding_cosine", "mean_pairwise_similarity": 0.768927, "pairwise": [{"agent_a": "agent_1", "agent_b": "agent_2", "similarity": 0.827255}, {"agent_a": "agent_1", "agent_b": "agent_3", "similarity": 0.703995}, {"agent_a": "agent_2", "agent_b": "agent_3", "similarity": 0.77553}]}
{"id": 68, "ts": 1778359726.7103932, "event": "gold_standard_alignment_calculated", "method": "rule_based_binary_checks", "mean_alignment": 0.291667, "by_agent": [{"agent": "agent_1", "score": 0.625, "checks": {"favorite_is_c": 0, "c_reliability": 1, "c_calmness": 0, "c_attention": 0, "c_crew_fit": 1, "a_risks": 1, "b_risks": 1, "d_risks": 1}}, {"agent": "agent_2", "score": 0.125, "checks": {"favorite_is_c": 0, "c_reliability": 0, "c_calmness": 0, "c_attention": 0, "c_crew_fit": 0, "a_risks": 0, "b_risks": 0, "d_risks": 1}}, {"agent": "agent_3", "score": 0.125, "checks": {"favorite_is_c": 0, "c_reliability": 0, "c_calmness": 0, "c_attention": 0, "c_crew_fit": 0, "a_risks": 0, "b_risks": 0, "d_risks": 1}}]}
{"id": 69, "ts": 1778359726.7105126, "event": "agent_memories_archived", "directory": "/home/lhegemann/git/bachelor_thesis/01_data/raw/simulations/low/low_treatment_20260509_224515_001/shared_mental_models", "round": 5}
{"id": 70, "ts": 1778359726.7105947, "event": "final_decision", "candidate": null, "method": "max_round_no_majority", "vote_count": {"Candidate D": 1, "Candidate A": 1, "Candidate B": 1}, "correct_candidate": "Candidate C", "decision_correct": 0, "round": 5}
2026-05-09 22:48:46,720 - INFO - ======================================================================
2026-05-09 22:48:46,721 - INFO - SIMULATION METRICS
2026-05-09 22:48:46,721 - INFO - ======================================================================
2026-05-09 22:48:46,721 - INFO - Total Loops: 5
2026-05-09 22:48:46,721 - INFO - Agent Turns (no vote checker): 15
2026-05-09 22:48:46,721 - INFO - Agent Tool Calls: 0
2026-05-09 22:48:46,721 - INFO - Agent Tool Messages: 0
2026-05-09 22:48:46,721 - INFO - Memory Updates: 45
2026-05-09 22:48:46,721 - INFO - Total Messages (no vote checker): 15
2026-05-09 22:48:46,721 - INFO - Input Tokens: 114132
2026-05-09 22:48:46,721 - INFO - Output Tokens: 50250
2026-05-09 22:48:46,721 - INFO - Total Tokens: 164382
2026-05-09 22:48:46,722 - INFO - Final Chosen Candidate: None
2026-05-09 22:48:46,722 - INFO - Final Decision Method: max_round_no_majority
2026-05-09 22:48:46,722 - INFO - Final Vote Count: {'Candidate D': 1, 'Candidate A': 1, 'Candidate B': 1}
2026-05-09 22:48:46,722 - INFO - Correct Candidate: Candidate C
2026-05-09 22:48:46,722 - INFO - Decision Correct: 0
2026-05-09 22:48:46,722 - INFO - Runtime: 208.10s
2026-05-09 22:48:46,722 - INFO - ======================================================================
