2026-05-08 23:37:13,984 - INFO - Metrics tracker initialized
{"id": 1, "ts": 1778276234.010942, "event": "memory_reset"}
{"id": 2, "ts": 1778276234.0150537, "event": "discussion_order", "round": 1, "order": ["agent_1", "agent_3", "agent_2"]}
2026-05-08 23:37:23,313 - INFO - Tokens - Input: 1713, Output: 721, Total: 2434
{"id": 3, "ts": 1778276243.314949, "event": "public_discussion_message", "round": 1, "agent": "agent_1", "message": "I currently favor Candidate\u202fC because they are known to be 100\u202f% reliable and they create a positive atmosphere with the crew, both crucial for long\u2011distance operations. The main uncertainty is their difficulty communicating ideas and egocentric attitude, which could affect cockpit teamwork.\nMETADATA_JSON:\n{\"agent\": \"agent_1\", \"vote\": \"Candidate C\"}"}
2026-05-08 23:37:23,315 - INFO - Agent turns: 1
2026-05-08 23:37:33,095 - INFO - Tokens - Input: 1281, Output: 1345, Total: 2626
2026-05-08 23:37:33,097 - INFO - Memory updates: 1
{"id": 4, "ts": 1778276253.09734, "event": "memory_updated", "agent": "agent_1", "round": 1}
2026-05-08 23:37:34,150 - INFO - Tokens - Input: 1284, Output: 1500, Total: 2784
2026-05-08 23:37:34,152 - INFO - Memory updates: 2
{"id": 5, "ts": 1778276254.1531, "event": "memory_updated", "agent": "agent_2", "round": 1}
2026-05-08 23:37:35,924 - INFO - Tokens - Input: 1276, Output: 1229, Total: 2505
2026-05-08 23:37:35,926 - INFO - Memory updates: 3
{"id": 6, "ts": 1778276255.926565, "event": "memory_updated", "agent": "agent_3", "round": 1}
2026-05-08 23:37:40,415 - INFO - Tokens - Input: 2413, Output: 547, Total: 2960
{"id": 7, "ts": 1778276260.4192607, "event": "public_discussion_message", "round": 1, "agent": "agent_3", "message": "I currently favor **Candidate\u202fC** because they are reported to be 100\u202f% reliable and they foster a positive atmosphere with the crew, both essential for the safety and morale of long\u2011distance flights. Their quick decision\u2011making and strong attention skills also support the technical demands of the role. The main trade\u2011off is their difficulty communicating ideas and egocentric attitude, which could undermine cockpit teamwork despite their reliability.\nMETADATA_JSON:\n{\"agent\": \"agent_3\", \"vote\": \"Candidate C\"}"}
2026-05-08 23:37:40,419 - INFO - Agent turns: 2
2026-05-08 23:37:49,390 - INFO - Tokens - Input: 2058, Output: 1231, Total: 3289
2026-05-08 23:37:49,392 - INFO - Memory updates: 4
{"id": 8, "ts": 1778276269.3929098, "event": "memory_updated", "agent": "agent_1", "round": 1}
2026-05-08 23:37:49,516 - INFO - Tokens - Input: 2037, Output: 1269, Total: 3306
2026-05-08 23:37:49,517 - INFO - Memory updates: 5
{"id": 9, "ts": 1778276269.5179226, "event": "memory_updated", "agent": "agent_2", "round": 1}
2026-05-08 23:37:51,622 - INFO - Tokens - Input: 2046, Output: 1481, Total: 3527
2026-05-08 23:37:51,624 - INFO - Memory updates: 6
{"id": 10, "ts": 1778276271.6245985, "event": "memory_updated", "agent": "agent_3", "round": 1}
2026-05-08 23:37:58,811 - INFO - Tokens - Input: 2407, Output: 497, Total: 2904
{"id": 11, "ts": 1778276278.8127122, "event": "public_discussion_message", "round": 1, "agent": "agent_2", "message": "I currently favor **Candidate C**. Their record of being 100\u202f% reliable and staying calm in a crisis directly supports the safety and consistency needed for long\u2011distance flights, and their ability to make quick, correct decisions meets the technical demands of the role. The main uncertainty is their difficulty communicating ideas and egocentric attitude, which could undermine effective crew\u2011resource\u2011management and teamwork.\nMETADATA_JSON:\n{\"agent\": \"agent_2\", \"vote\": \"Candidate C\"}"}
2026-05-08 23:37:58,812 - INFO - Agent turns: 3
2026-05-08 23:38:05,946 - INFO - Tokens - Input: 1940, Output: 987, Total: 2927
2026-05-08 23:38:05,948 - INFO - Memory updates: 7
{"id": 12, "ts": 1778276285.9486356, "event": "memory_updated", "agent": "agent_1", "round": 1}
2026-05-08 23:38:08,601 - INFO - Tokens - Input: 2028, Output: 1282, Total: 3310
2026-05-08 23:38:08,603 - INFO - Memory updates: 8
{"id": 13, "ts": 1778276288.6035583, "event": "memory_updated", "agent": "agent_2", "round": 1}
2026-05-08 23:38:09,458 - INFO - Tokens - Input: 2025, Output: 1382, Total: 3407
2026-05-08 23:38:09,460 - INFO - Memory updates: 9
{"id": 14, "ts": 1778276289.4603167, "event": "memory_updated", "agent": "agent_3", "round": 1}
2026-05-08 23:38:09,468 - INFO - Loop 1 completed
{"id": 15, "ts": 1778276289.4750485, "event": "discussion_order", "round": 2, "order": ["agent_1", "agent_3", "agent_2"]}
2026-05-08 23:38:11,001 - INFO - Tokens - Input: 2455, Output: 163, Total: 2618
{"id": 16, "ts": 1778276291.0033824, "event": "public_discussion_message", "round": 2, "agent": "agent_1", "message": "I continue to favor **Candidate\u202fC** because they are known to be 100\u202f% reliable and they create a positive atmosphere with the crew\u2014both essential for safe, long\u2011distance operations. The main uncertainty is their difficulty communicating ideas and egocentric attitude, which could hinder effective cockpit teamwork.\nMETADATA_JSON:\n{\"agent\": \"agent_1\", \"vote\": \"Candidate C\"}"}
2026-05-08 23:38:11,003 - INFO - Agent turns: 4
2026-05-08 23:38:16,704 - INFO - Tokens - Input: 2029, Output: 753, Total: 2782
2026-05-08 23:38:16,706 - INFO - Memory updates: 10
{"id": 17, "ts": 1778276296.706309, "event": "memory_updated", "agent": "agent_1", "round": 2}
2026-05-08 23:38:17,718 - INFO - Tokens - Input: 2139, Output: 919, Total: 3058
2026-05-08 23:38:17,719 - INFO - Memory updates: 11
{"id": 18, "ts": 1778276297.7199423, "event": "memory_updated", "agent": "agent_2", "round": 2}
2026-05-08 23:38:18,887 - INFO - Tokens - Input: 2125, Output: 920, Total: 3045
2026-05-08 23:38:18,888 - INFO - Memory updates: 12
{"id": 19, "ts": 1778276298.8887184, "event": "memory_updated", "agent": "agent_3", "round": 2}
2026-05-08 23:38:21,494 - INFO - Tokens - Input: 2412, Output: 189, Total: 2601
{"id": 20, "ts": 1778276301.4956398, "event": "public_discussion_message", "round": 2, "agent": "agent_3", "message": "I continue to favor **Candidate\u202fC** because they are reported to be 100\u202f% reliable and to foster a positive crew atmosphere\u2014both vital for the safety and morale of long\u2011distance flights. Their ability to make quick, correct decisions also supports the technical demands of the role. The main uncertainty is their difficulty communicating ideas and egocentric attitude, which could undermine effective cockpit teamwork.\nMETADATA_JSON:\n{\"agent\": \"agent_3\", \"vote\": \"Candidate C\"}"}
2026-05-08 23:38:21,495 - INFO - Agent turns: 5
2026-05-08 23:38:27,867 - INFO - Tokens - Input: 1949, Output: 834, Total: 2783
2026-05-08 23:38:27,868 - INFO - Memory updates: 13
{"id": 21, "ts": 1778276307.8683548, "event": "memory_updated", "agent": "agent_2", "round": 2}
2026-05-08 23:38:28,059 - INFO - Tokens - Input: 2033, Output: 840, Total: 2873
2026-05-08 23:38:28,061 - INFO - Memory updates: 14
{"id": 22, "ts": 1778276308.0614455, "event": "memory_updated", "agent": "agent_3", "round": 2}
2026-05-08 23:38:28,145 - INFO - Tokens - Input: 1973, Output: 863, Total: 2836
2026-05-08 23:38:28,147 - INFO - Memory updates: 15
{"id": 23, "ts": 1778276308.1473377, "event": "memory_updated", "agent": "agent_1", "round": 2}
2026-05-08 23:38:30,558 - INFO - Tokens - Input: 2433, Output: 309, Total: 2742
{"id": 24, "ts": 1778276310.5604413, "event": "public_discussion_message", "round": 2, "agent": "agent_2", "message": "I continue to favor **Candidate\u202fC**. Their 100\u202f% reliability, calmness in a crisis, and ability to make quick, correct decisions are critical for the safety and efficiency of long\u2011distance flights. The main uncertainty is their difficulty communicating ideas and egocentric attitude, which could hinder effective crew\u2011resource\u2011management.\nMETADATA_JSON:\n{\"agent\": \"agent_2\", \"vote\": \"Candidate C\"}"}
2026-05-08 23:38:30,560 - INFO - Agent turns: 6
2026-05-08 23:38:36,655 - INFO - Tokens - Input: 2032, Output: 830, Total: 2862
2026-05-08 23:38:36,657 - INFO - Memory updates: 16
{"id": 25, "ts": 1778276316.6571975, "event": "memory_updated", "agent": "agent_2", "round": 2}
2026-05-08 23:38:37,943 - INFO - Tokens - Input: 1996, Output: 781, Total: 2777
2026-05-08 23:38:37,945 - INFO - Memory updates: 17
{"id": 26, "ts": 1778276317.9452367, "event": "memory_updated", "agent": "agent_3", "round": 2}
2026-05-08 23:38:37,993 - INFO - Tokens - Input: 2072, Output: 1008, Total: 3080
2026-05-08 23:38:37,995 - INFO - Memory updates: 18
{"id": 27, "ts": 1778276317.9956336, "event": "memory_updated", "agent": "agent_1", "round": 2}
2026-05-08 23:38:38,004 - INFO - Loop 2 completed
2026-05-08 23:38:38,004 - INFO - Final Chosen Candidate: Candidate C
2026-05-08 23:38:38,004 - INFO - Final Decision Method: consensus
2026-05-08 23:38:38,004 - INFO - Final Vote Count: {'Candidate C': 3}
2026-05-08 23:38:38,004 - INFO - Correct Candidate: Candidate C
2026-05-08 23:38:38,005 - INFO - Decision Correct: 1
{"id": 28, "ts": 1778276318.3428478, "event": "context_consistency_calculated", "method": "embedding_cosine", "mean_pairwise_similarity": 0.825254, "pairwise": [{"agent_a": "agent_1", "agent_b": "agent_2", "similarity": 0.90336}, {"agent_a": "agent_1", "agent_b": "agent_3", "similarity": 0.776394}, {"agent_a": "agent_2", "agent_b": "agent_3", "similarity": 0.796009}]}
{"id": 29, "ts": 1778276318.3430333, "event": "gold_standard_alignment_calculated", "method": "rule_based_binary_checks", "mean_alignment": 0.625, "by_agent": [{"agent": "agent_1", "score": 0.625, "checks": {"favorite_is_c": 1, "c_reliability": 1, "c_calmness": 1, "c_attention": 1, "c_crew_fit": 1, "a_risks": 0, "b_risks": 0, "d_risks": 0}}, {"agent": "agent_2", "score": 0.625, "checks": {"favorite_is_c": 1, "c_reliability": 1, "c_calmness": 1, "c_attention": 1, "c_crew_fit": 1, "a_risks": 0, "b_risks": 0, "d_risks": 0}}, {"agent": "agent_3", "score": 0.625, "checks": {"favorite_is_c": 1, "c_reliability": 1, "c_calmness": 1, "c_attention": 1, "c_crew_fit": 1, "a_risks": 0, "b_risks": 0, "d_risks": 0}}]}
{"id": 30, "ts": 1778276318.3431714, "event": "agent_memories_archived", "directory": "/home/lhegemann/git/bachelor_thesis/01_data/raw/simulations/moderate/moderate_treatment_20260508_195017_024/shared_mental_models", "round": 2}
{"id": 31, "ts": 1778276318.3432517, "event": "final_decision", "candidate": "Candidate C", "method": "consensus", "vote_count": {"Candidate C": 3}, "correct_candidate": "Candidate C", "decision_correct": 1, "round": 2}
2026-05-08 23:38:38,353 - INFO - ======================================================================
2026-05-08 23:38:38,353 - INFO - SIMULATION METRICS
2026-05-08 23:38:38,353 - INFO - ======================================================================
2026-05-08 23:38:38,353 - INFO - Total Loops: 2
2026-05-08 23:38:38,353 - INFO - Agent Turns (no vote checker): 6
2026-05-08 23:38:38,353 - INFO - Agent Tool Calls: 0
2026-05-08 23:38:38,353 - INFO - Agent Tool Messages: 0
2026-05-08 23:38:38,353 - INFO - Memory Updates: 18
2026-05-08 23:38:38,354 - INFO - Total Messages (no vote checker): 6
2026-05-08 23:38:38,354 - INFO - Input Tokens: 48156
2026-05-08 23:38:38,354 - INFO - Output Tokens: 21880
2026-05-08 23:38:38,354 - INFO - Total Tokens: 70036
2026-05-08 23:38:38,354 - INFO - Final Chosen Candidate: Candidate C
2026-05-08 23:38:38,354 - INFO - Final Decision Method: consensus
2026-05-08 23:38:38,354 - INFO - Final Vote Count: {'Candidate C': 3}
2026-05-08 23:38:38,354 - INFO - Correct Candidate: Candidate C
2026-05-08 23:38:38,354 - INFO - Decision Correct: 1
2026-05-08 23:38:38,354 - INFO - Runtime: 84.37s
2026-05-08 23:38:38,354 - INFO - ======================================================================
