2026-05-08 12:02:19,331 - INFO - Metrics tracker initialized
{"id": 1, "ts": 1778234539.3579988, "event": "memory_reset"}
{"id": 2, "ts": 1778234539.362061, "event": "discussion_order", "round": 1, "order": ["agent_3", "agent_1", "agent_2"]}
2026-05-08 12:02:25,793 - INFO - Tokens - Input: 1387, Output: 493, Total: 1880
{"id": 3, "ts": 1778234545.7951484, "event": "public_discussion_message", "round": 1, "agent": "agent_3", "message": "I prefer Candidate B \u2013 handles stress very well.\nMETADATA_JSON:\n{\"agent\": \"agent_3\", \"vote\": \"Candidate B\"}"}
2026-05-08 12:02:25,795 - INFO - Agent turns: 1
2026-05-08 12:02:29,568 - INFO - Tokens - Input: 1449, Output: 612, Total: 2061
{"id": 4, "ts": 1778234549.570091, "event": "public_discussion_message", "round": 1, "agent": "agent_1", "message": "I prefer Candidate A \u2013 very good leadership qualities.\nMETADATA_JSON:\n{\"agent\": \"agent_1\", \"vote\": \"Candidate A\"}"}
2026-05-08 12:02:29,570 - INFO - Agent turns: 2
2026-05-08 12:02:34,679 - INFO - Tokens - Input: 1490, Output: 956, Total: 2446
{"id": 5, "ts": 1778234554.6805584, "event": "public_discussion_message", "round": 1, "agent": "agent_2", "message": "I prefer Candidate A \u2013 can anticipate dangerous situations.\nMETADATA_JSON:\n{\"agent\": \"agent_2\", \"vote\": \"Candidate A\"}"}
2026-05-08 12:02:34,680 - INFO - Agent turns: 3
2026-05-08 12:02:34,689 - INFO - Loop 1 completed
{"id": 6, "ts": 1778234554.6954594, "event": "discussion_order", "round": 2, "order": ["agent_3", "agent_1", "agent_2"]}
2026-05-08 12:02:38,924 - INFO - Tokens - Input: 1514, Output: 524, Total: 2038
{"id": 7, "ts": 1778234558.925305, "event": "public_discussion_message", "round": 2, "agent": "agent_3", "message": "I prefer Candidate B \u2013 good at assessing weather conditions.\nMETADATA_JSON:\n{\"agent\": \"agent_3\", \"vote\": \"Candidate B\"}"}
2026-05-08 12:02:38,925 - INFO - Agent turns: 4
2026-05-08 12:02:44,365 - INFO - Tokens - Input: 1565, Output: 878, Total: 2443
{"id": 8, "ts": 1778234564.366579, "event": "public_discussion_message", "round": 2, "agent": "agent_1", "message": "I prefer Candidate B \u2013 excellent computer skills.\nMETADATA_JSON:\n{\"agent\": \"agent_1\", \"vote\": \"Candidate B\"}"}
2026-05-08 12:02:44,366 - INFO - Agent turns: 5
2026-05-08 12:02:49,285 - INFO - Tokens - Input: 1603, Output: 672, Total: 2275
{"id": 9, "ts": 1778234569.2875364, "event": "public_discussion_message", "round": 2, "agent": "agent_2", "message": "I prefer Candidate A \u2013 can anticipate dangerous situations.\nMETADATA_JSON:\n{\"agent\": \"agent_2\", \"vote\": \"Candidate A\"}"}
2026-05-08 12:02:49,287 - INFO - Agent turns: 6
2026-05-08 12:02:49,297 - INFO - Loop 2 completed
{"id": 10, "ts": 1778234569.3042245, "event": "discussion_order", "round": 3, "order": ["agent_3", "agent_1", "agent_2"]}
2026-05-08 12:02:53,421 - INFO - Tokens - Input: 1628, Output: 539, Total: 2167
{"id": 11, "ts": 1778234573.422633, "event": "public_discussion_message", "round": 3, "agent": "agent_3", "message": "I prefer Candidate B \u2013 regarded as pretentious.\nMETADATA_JSON:\n{\"agent\": \"agent_3\", \"vote\": \"Candidate B\"}"}
2026-05-08 12:02:53,422 - INFO - Agent turns: 7
2026-05-08 12:03:02,236 - INFO - Tokens - Input: 1677, Output: 834, Total: 2511
{"id": 12, "ts": 1778234582.237864, "event": "public_discussion_message", "round": 3, "agent": "agent_1", "message": "I prefer Candidate D \u2013 solves problems extremely well.\nMETADATA_JSON:\n{\"agent\": \"agent_1\", \"vote\": \"Candidate D\"}"}
2026-05-08 12:03:02,238 - INFO - Agent turns: 8
2026-05-08 12:03:08,878 - INFO - Tokens - Input: 1718, Output: 924, Total: 2642
{"id": 13, "ts": 1778234588.8793983, "event": "public_discussion_message", "round": 3, "agent": "agent_2", "message": "I prefer Candidate D \u2013 has a hot temper.\nMETADATA_JSON:\n{\"agent\": \"agent_2\", \"vote\": \"Candidate D\"}"}
2026-05-08 12:03:08,879 - INFO - Agent turns: 9
2026-05-08 12:03:08,888 - INFO - Loop 3 completed
{"id": 14, "ts": 1778234588.8941371, "event": "discussion_order", "round": 4, "order": ["agent_1", "agent_2", "agent_3"]}
2026-05-08 12:03:14,331 - INFO - Tokens - Input: 1747, Output: 730, Total: 2477
{"id": 15, "ts": 1778234594.3329515, "event": "public_discussion_message", "round": 4, "agent": "agent_1", "message": "I prefer Candidate A \u2013 very good leadership qualities.\nMETADATA_JSON:\n{\"agent\": \"agent_1\", \"vote\": \"Candidate A\"}"}
2026-05-08 12:03:14,333 - INFO - Agent turns: 10
2026-05-08 12:03:19,915 - INFO - Tokens - Input: 1794, Output: 963, Total: 2757
{"id": 16, "ts": 1778234599.916526, "event": "public_discussion_message", "round": 4, "agent": "agent_2", "message": "I prefer Candidate A \u2013 regarded as a show\u2011off.\nMETADATA_JSON:\n{\"agent\": \"agent_2\", \"vote\": \"Candidate A\"}"}
2026-05-08 12:03:19,916 - INFO - Agent turns: 11
2026-05-08 12:03:25,158 - INFO - Tokens - Input: 1828, Output: 886, Total: 2714
{"id": 17, "ts": 1778234605.1598523, "event": "public_discussion_message", "round": 4, "agent": "agent_3", "message": "I prefer Candidate B \u2013 very conscientious.\nMETADATA_JSON:\n{\"agent\": \"agent_3\", \"vote\": \"Candidate B\"}"}
2026-05-08 12:03:25,160 - INFO - Agent turns: 12
2026-05-08 12:03:25,168 - INFO - Loop 4 completed
{"id": 18, "ts": 1778234605.1742082, "event": "discussion_order", "round": 5, "order": ["agent_3", "agent_1", "agent_2"]}
2026-05-08 12:03:31,999 - INFO - Tokens - Input: 1856, Output: 941, Total: 2797
{"id": 19, "ts": 1778234612.0003357, "event": "public_discussion_message", "round": 5, "agent": "agent_3", "message": "I prefer Candidate B \u2013 handles stress well.\nMETADATA_JSON:\n{\"agent\": \"agent_3\", \"vote\": \"Candidate B\"}"}
2026-05-08 12:03:32,000 - INFO - Agent turns: 13
2026-05-08 12:03:38,598 - INFO - Tokens - Input: 1903, Output: 1096, Total: 2999
{"id": 20, "ts": 1778234618.5999036, "event": "public_discussion_message", "round": 5, "agent": "agent_1", "message": "I prefer Candidate A \u2013 very good leadership qualities.\nMETADATA_JSON:\n{\"agent\": \"agent_1\", \"vote\": \"Candidate A\"}"}
2026-05-08 12:03:38,600 - INFO - Agent turns: 14
2026-05-08 12:03:44,285 - INFO - Tokens - Input: 1945, Output: 1105, Total: 3050
{"id": 21, "ts": 1778234624.2870414, "event": "public_discussion_message", "round": 5, "agent": "agent_2", "message": "I prefer Candidate B \u2013 handles stress well.\nMETADATA_JSON:\n{\"agent\": \"agent_2\", \"vote\": \"Candidate B\"}"}
2026-05-08 12:03:44,287 - INFO - Agent turns: 15
2026-05-08 12:03:44,296 - INFO - Loop 5 completed
2026-05-08 12:03:44,296 - INFO - Final Chosen Candidate: Candidate B
2026-05-08 12:03:44,296 - INFO - Final Decision Method: max_round_majority_vote
2026-05-08 12:03:44,296 - INFO - Final Vote Count: {'Candidate A': 1, 'Candidate B': 2}
2026-05-08 12:03:44,297 - INFO - Correct Candidate: Candidate C
2026-05-08 12:03:44,297 - INFO - Decision Correct: 0
{"id": 22, "ts": 1778234624.2981863, "event": "context_consistency_not_applicable", "reason": "explicit_smm_memory_disabled"}
{"id": 23, "ts": 1778234624.2983198, "event": "final_decision", "candidate": "Candidate B", "method": "max_round_majority_vote", "vote_count": {"Candidate A": 1, "Candidate B": 2}, "correct_candidate": "Candidate C", "decision_correct": 0, "round": 5}
2026-05-08 12:03:44,305 - INFO - ======================================================================
2026-05-08 12:03:44,306 - INFO - SIMULATION METRICS
2026-05-08 12:03:44,306 - INFO - ======================================================================
2026-05-08 12:03:44,306 - INFO - Total Loops: 5
2026-05-08 12:03:44,306 - INFO - Agent Turns (no vote checker): 15
2026-05-08 12:03:44,306 - INFO - Agent Tool Calls: 0
2026-05-08 12:03:44,306 - INFO - Agent Tool Messages: 0
2026-05-08 12:03:44,306 - INFO - Memory Updates: 0
2026-05-08 12:03:44,306 - INFO - Total Messages (no vote checker): 15
2026-05-08 12:03:44,306 - INFO - Input Tokens: 25104
2026-05-08 12:03:44,306 - INFO - Output Tokens: 12153
2026-05-08 12:03:44,307 - INFO - Total Tokens: 37257
2026-05-08 12:03:44,307 - INFO - Final Chosen Candidate: Candidate B
2026-05-08 12:03:44,307 - INFO - Final Decision Method: max_round_majority_vote
2026-05-08 12:03:44,307 - INFO - Final Vote Count: {'Candidate A': 1, 'Candidate B': 2}
2026-05-08 12:03:44,307 - INFO - Correct Candidate: Candidate C
2026-05-08 12:03:44,307 - INFO - Decision Correct: 0
2026-05-08 12:03:44,307 - INFO - Runtime: 84.97s
2026-05-08 12:03:44,307 - INFO - ======================================================================
