2026-05-06 21:12:42,396 - INFO - Metrics tracker initialized
{"id": 1, "ts": 1778094762.4240623, "event": "memory_reset"}
{"id": 2, "ts": 1778094762.4287465, "event": "discussion_order", "round": 1, "order": ["agent_1", "agent_2", "agent_3"]}
2026-05-06 21:12:49,566 - INFO - Tokens - Input: 1713, Output: 723, Total: 2436
{"id": 3, "ts": 1778094769.5684233, "event": "public_discussion_message", "round": 1, "agent": "agent_1", "message": "I currently favor Candidate\u202fA. Their strong spatial vision and ability to anticipate dangerous situations give them high technical competence and safety awareness, while their very good leadership qualities support crew coordination. The main trade\u2011off is that A can be unorganized and struggles with criticism, which could hinder teamwork in the cockpit.\nMETADATA_JSON:\n{\"agent\": \"agent_1\", \"vote\": \"Candidate A\"}"}
2026-05-06 21:12:49,568 - INFO - Agent turns: 1
2026-05-06 21:12:59,505 - INFO - Tokens - Input: 1293, Output: 1337, Total: 2630
2026-05-06 21:12:59,507 - INFO - Memory updates: 1
{"id": 4, "ts": 1778094779.5079672, "event": "memory_updated", "agent": "agent_1", "round": 1}
2026-05-06 21:13:01,016 - INFO - Tokens - Input: 1288, Output: 1473, Total: 2761
2026-05-06 21:13:01,018 - INFO - Memory updates: 2
{"id": 5, "ts": 1778094781.018542, "event": "memory_updated", "agent": "agent_3", "round": 1}
2026-05-06 21:13:02,556 - INFO - Tokens - Input: 1296, Output: 1541, Total: 2837
2026-05-06 21:13:02,557 - INFO - Memory updates: 3
{"id": 6, "ts": 1778094782.557887, "event": "memory_updated", "agent": "agent_2", "round": 1}
2026-05-06 21:13:09,138 - INFO - Tokens - Input: 2446, Output: 771, Total: 3217
{"id": 7, "ts": 1778094789.1398523, "event": "public_discussion_message", "round": 1, "agent": "agent_2", "message": "I currently favor **Candidate\u202fD**. Their ability to concentrate very well, solve problems extremely well, and respond adequately to unexpected events shows strong technical competence, attention, and calmness under pressure\u2014key for long\u2011distance flights. Additionally, they take responsibility seriously, supporting reliability and high\u2011responsibility demands of the role. The main trade\u2011off is their hot temper and reputation as a know\u2011it\u2011all, which could undermine crew cooperation and a positive cockpit atmosphere.\nMETADATA_JSON:\n{\"agent\": \"agent_2\", \"vote\": \"Candidate D\"}"}
2026-05-06 21:13:09,140 - INFO - Agent turns: 2
2026-05-06 21:13:16,258 - INFO - Tokens - Input: 1998, Output: 977, Total: 2975
2026-05-06 21:13:16,260 - INFO - Memory updates: 4
{"id": 8, "ts": 1778094796.260673, "event": "memory_updated", "agent": "agent_1", "round": 1}
2026-05-06 21:13:21,138 - INFO - Tokens - Input: 2101, Output: 1354, Total: 3455
2026-05-06 21:13:21,140 - INFO - Memory updates: 5
{"id": 9, "ts": 1778094801.1408377, "event": "memory_updated", "agent": "agent_2", "round": 1}
2026-05-06 21:13:22,017 - INFO - Tokens - Input: 2179, Output: 1755, Total: 3934
2026-05-06 21:13:22,018 - INFO - Memory updates: 6
{"id": 10, "ts": 1778094802.0189698, "event": "memory_updated", "agent": "agent_3", "round": 1}
2026-05-06 21:13:26,369 - INFO - Tokens - Input: 2964, Output: 493, Total: 3457
{"id": 11, "ts": 1778094806.3714156, "event": "public_discussion_message", "round": 1, "agent": "agent_3", "message": "I currently favor **Candidate B**. Their strong stress\u2011handling ability and conscientious nature support calmness under pressure and reliability on long\u2011haul flights, while their skill in assessing weather conditions adds valuable technical competence. The main trade\u2011off is their tendency to be pretentious and sometimes use the wrong tone, which could hinder crew cooperation and a positive cockpit atmosphere.\nMETADATA_JSON:\n{\"agent\": \"agent_3\", \"vote\": \"Candidate B\"}"}
2026-05-06 21:13:26,371 - INFO - Agent turns: 3
2026-05-06 21:13:34,961 - INFO - Tokens - Input: 1882, Output: 1176, Total: 3058
2026-05-06 21:13:34,962 - INFO - Memory updates: 7
{"id": 12, "ts": 1778094814.962926, "event": "memory_updated", "agent": "agent_1", "round": 1}
2026-05-06 21:13:35,065 - INFO - Tokens - Input: 2237, Output: 1209, Total: 3446
2026-05-06 21:13:35,068 - INFO - Memory updates: 8
{"id": 13, "ts": 1778094815.0685344, "event": "memory_updated", "agent": "agent_2", "round": 1}
2026-05-06 21:13:38,762 - INFO - Tokens - Input: 2571, Output: 1734, Total: 4305
2026-05-06 21:13:38,764 - INFO - Memory updates: 9
{"id": 14, "ts": 1778094818.7649949, "event": "memory_updated", "agent": "agent_3", "round": 1}
2026-05-06 21:13:38,774 - INFO - Loop 1 completed
{"id": 15, "ts": 1778094818.7812586, "event": "discussion_order", "round": 2, "order": ["agent_1", "agent_3", "agent_2"]}
2026-05-06 21:13:41,481 - INFO - Tokens - Input: 2537, Output: 414, Total: 2951
{"id": 16, "ts": 1778094821.4832704, "event": "public_discussion_message", "round": 2, "agent": "agent_1", "message": "I continue to favor **Candidate\u202fA**. Their ability to anticipate dangerous situations, excellent spatial vision, and capacity to see complex connections give them top\u2011tier technical competence and safety awareness\u2014critical for long\u2011distance flights. Additionally, their very good leadership qualities support effective crew coordination. The main trade\u2011off is that A can be unorganized and sometimes struggles with criticism, which could hinder smooth teamwork and cockpit communication.\nMETADATA_JSON:\n{\"agent\": \"agent_1\", \"vote\": \"Candidate A\"}"}
2026-05-06 21:13:41,483 - INFO - Agent turns: 4
2026-05-06 21:13:48,026 - INFO - Tokens - Input: 2143, Output: 862, Total: 3005
2026-05-06 21:13:48,028 - INFO - Memory updates: 10
{"id": 17, "ts": 1778094828.0282667, "event": "memory_updated", "agent": "agent_1", "round": 2}
2026-05-06 21:13:49,438 - INFO - Tokens - Input: 2269, Output: 1025, Total: 3294
2026-05-06 21:13:49,440 - INFO - Memory updates: 11
{"id": 18, "ts": 1778094829.4406538, "event": "memory_updated", "agent": "agent_2", "round": 2}
2026-05-06 21:13:53,631 - INFO - Tokens - Input: 2583, Output: 1542, Total: 4125
2026-05-06 21:13:53,633 - INFO - Memory updates: 12
{"id": 19, "ts": 1778094833.6333342, "event": "memory_updated", "agent": "agent_3", "round": 2}
2026-05-06 21:13:58,708 - INFO - Tokens - Input: 3034, Output: 649, Total: 3683
{"id": 20, "ts": 1778094838.7106268, "event": "public_discussion_message", "round": 2, "agent": "agent_3", "message": "I continue to favor **Candidate\u202fB**. Their strong stress\u2011handling ability and high conscientiousness support calmness under pressure and reliability on long\u2011haul flights, while their skill in assessing weather conditions adds essential technical competence for route planning. The main trade\u2011off is their tendency to be pretentious and occasionally use the wrong tone, which could undermine crew cooperation and a positive cockpit atmosphere.\nMETADATA_JSON:\n{\"agent\": \"agent_3\", \"vote\": \"Candidate B\"}"}
2026-05-06 21:13:58,710 - INFO - Agent turns: 5
2026-05-06 21:14:04,256 - INFO - Tokens - Input: 2060, Output: 891, Total: 2951
2026-05-06 21:14:04,258 - INFO - Memory updates: 13
{"id": 21, "ts": 1778094844.258551, "event": "memory_updated", "agent": "agent_2", "round": 2}
2026-05-06 21:14:05,979 - INFO - Tokens - Input: 2119, Output: 1108, Total: 3227
2026-05-06 21:14:05,981 - INFO - Memory updates: 14
{"id": 22, "ts": 1778094845.9816782, "event": "memory_updated", "agent": "agent_1", "round": 2}
2026-05-06 21:14:08,316 - INFO - Tokens - Input: 2653, Output: 1508, Total: 4161
2026-05-06 21:14:08,318 - INFO - Memory updates: 15
{"id": 23, "ts": 1778094848.3182642, "event": "memory_updated", "agent": "agent_3", "round": 2}
2026-05-06 21:14:11,787 - INFO - Tokens - Input: 2548, Output: 487, Total: 3035
{"id": 24, "ts": 1778094851.788989, "event": "public_discussion_message", "round": 2, "agent": "agent_2", "message": "I continue to favor **Candidate\u202fD**. Their strong problem\u2011solving ability, excellent concentration, and serious sense of responsibility indicate high technical competence and reliability for long\u2011distance flights. These traits are crucial for handling complex navigation and maintaining safety over extended routes. The main trade\u2011off is their hot temper and reputation as a know\u2011it\u2011all, which could undermine crew cooperation and cockpit harmony.\nMETADATA_JSON:\n{\"agent\": \"agent_2\", \"vote\": \"Candidate D\"}"}
2026-05-06 21:14:11,789 - INFO - Agent turns: 6
2026-05-06 21:14:18,255 - INFO - Tokens - Input: 2173, Output: 812, Total: 2985
2026-05-06 21:14:18,257 - INFO - Memory updates: 16
{"id": 25, "ts": 1778094858.257718, "event": "memory_updated", "agent": "agent_2", "round": 2}
2026-05-06 21:14:19,047 - INFO - Tokens - Input: 2234, Output: 999, Total: 3233
2026-05-06 21:14:19,048 - INFO - Memory updates: 17
{"id": 26, "ts": 1778094859.0489254, "event": "memory_updated", "agent": "agent_1", "round": 2}
2026-05-06 21:14:21,791 - INFO - Tokens - Input: 2681, Output: 1373, Total: 4054
2026-05-06 21:14:21,792 - INFO - Memory updates: 18
{"id": 27, "ts": 1778094861.7931187, "event": "memory_updated", "agent": "agent_3", "round": 2}
2026-05-06 21:14:21,802 - INFO - Loop 2 completed
{"id": 28, "ts": 1778094861.8078122, "event": "discussion_order", "round": 3, "order": ["agent_1", "agent_3", "agent_2"]}
2026-05-06 21:14:23,166 - INFO - Tokens - Input: 2769, Output: 144, Total: 2913
{"id": 29, "ts": 1778094863.1681519, "event": "public_discussion_message", "round": 3, "agent": "agent_1", "message": "I still favor **Candidate\u202fA**. Their ability to anticipate dangerous situations and excellent spatial vision give them the strongest technical safety profile for long\u2011haul flights, while their very good leadership supports crew coordination. The main trade\u2011off is their occasional difficulty taking criticism and being unorganized, which could affect cockpit communication and teamwork.\nMETADATA_JSON:\n{\"agent\": \"agent_1\", \"vote\": \"Candidate A\"}"}
2026-05-06 21:14:23,168 - INFO - Agent turns: 7
2026-05-06 21:14:28,938 - INFO - Tokens - Input: 2337, Output: 859, Total: 3196
2026-05-06 21:14:28,940 - INFO - Memory updates: 19
{"id": 30, "ts": 1778094868.9405568, "event": "memory_updated", "agent": "agent_1", "round": 3}
2026-05-06 21:14:29,765 - INFO - Tokens - Input: 2203, Output: 1022, Total: 3225
2026-05-06 21:14:29,767 - INFO - Memory updates: 20
{"id": 31, "ts": 1778094869.7679157, "event": "memory_updated", "agent": "agent_2", "round": 3}
2026-05-06 21:14:31,927 - INFO - Tokens - Input: 2530, Output: 1175, Total: 3705
2026-05-06 21:14:31,929 - INFO - Memory updates: 21
{"id": 32, "ts": 1778094871.9291916, "event": "memory_updated", "agent": "agent_3", "round": 3}
2026-05-06 21:14:33,679 - INFO - Tokens - Input: 2848, Output: 228, Total: 3076
{"id": 33, "ts": 1778094873.6815064, "event": "public_discussion_message", "round": 3, "agent": "agent_3", "message": "I continue to favor **Candidate\u202fB**. Their strong stress\u2011handling ability and high conscientiousness give them the calmness and reliability essential for long\u2011distance flights, while their skill in assessing weather conditions adds crucial technical competence for route planning. The main trade\u2011off is their pretentious demeanor and occasional wrong tone, which could hinder crew cooperation and cockpit atmosphere.\nMETADATA_JSON:\n{\"agent\": \"agent_3\", \"vote\": \"Candidate B\"}"}
2026-05-06 21:14:33,681 - INFO - Agent turns: 8
2026-05-06 21:14:38,712 - INFO - Tokens - Input: 2371, Output: 905, Total: 3276
2026-05-06 21:14:38,713 - INFO - Memory updates: 22
{"id": 34, "ts": 1778094878.7139194, "event": "memory_updated", "agent": "agent_1", "round": 3}
2026-05-06 21:14:39,966 - INFO - Tokens - Input: 2379, Output: 1073, Total: 3452
2026-05-06 21:14:39,969 - INFO - Memory updates: 23
{"id": 35, "ts": 1778094879.969154, "event": "memory_updated", "agent": "agent_2", "round": 3}
2026-05-06 21:14:41,370 - INFO - Tokens - Input: 2457, Output: 918, Total: 3375
2026-05-06 21:14:41,371 - INFO - Memory updates: 24
{"id": 36, "ts": 1778094881.3720925, "event": "memory_updated", "agent": "agent_3", "round": 3}
2026-05-06 21:14:43,318 - INFO - Tokens - Input: 2872, Output: 194, Total: 3066
{"id": 37, "ts": 1778094883.3202696, "event": "public_discussion_message", "round": 3, "agent": "agent_2", "message": "I continue to favor **Candidate\u202fD**. Their exceptional problem\u2011solving ability, strong concentration, and serious sense of responsibility indicate high technical competence and reliability for long\u2011distance flights, where sustained attention and decisive action are critical. The main trade\u2011off is their hot temper and reputation as a know\u2011it\u2011all, which could undermine crew cooperation and cockpit harmony.\nMETADATA_JSON:\n{\"agent\": \"agent_2\", \"vote\": \"Candidate D\"}"}
2026-05-06 21:14:43,320 - INFO - Agent turns: 9
2026-05-06 21:14:48,084 - INFO - Tokens - Input: 2485, Output: 844, Total: 3329
2026-05-06 21:14:48,086 - INFO - Memory updates: 25
{"id": 38, "ts": 1778094888.0862732, "event": "memory_updated", "agent": "agent_2", "round": 3}
2026-05-06 21:14:50,726 - INFO - Tokens - Input: 2508, Output: 892, Total: 3400
2026-05-06 21:14:50,728 - INFO - Memory updates: 26
{"id": 39, "ts": 1778094890.7289767, "event": "memory_updated", "agent": "agent_1", "round": 3}
2026-05-06 21:14:54,177 - INFO - Tokens - Input: 2503, Output: 1433, Total: 3936
2026-05-06 21:14:54,179 - INFO - Memory updates: 27
{"id": 40, "ts": 1778094894.179162, "event": "memory_updated", "agent": "agent_3", "round": 3}
2026-05-06 21:14:54,188 - INFO - Loop 3 completed
{"id": 41, "ts": 1778094894.194461, "event": "discussion_order", "round": 4, "order": ["agent_3", "agent_2", "agent_1"]}
2026-05-06 21:14:55,628 - INFO - Tokens - Input: 3025, Output: 182, Total: 3207
{"id": 42, "ts": 1778094895.6302452, "event": "public_discussion_message", "round": 4, "agent": "agent_3", "message": "I continue to favor **Candidate\u202fB**. Their strong ability to handle stress and high conscientiousness give the calmness and reliability essential for long\u2011distance flights, while their skill in assessing weather conditions adds critical technical competence for route planning. The main trade\u2011off is their pretentious demeanor and occasional use of the wrong tone, which could undermine crew cooperation and cockpit atmosphere.\nMETADATA_JSON:\n{\"agent\": \"agent_3\", \"vote\": \"Candidate B\"}"}
2026-05-06 21:14:55,630 - INFO - Agent turns: 10
2026-05-06 21:15:00,368 - INFO - Tokens - Input: 2477, Output: 795, Total: 3272
2026-05-06 21:15:00,370 - INFO - Memory updates: 28
{"id": 43, "ts": 1778094900.3704786, "event": "memory_updated", "agent": "agent_2", "round": 4}
2026-05-06 21:15:00,824 - INFO - Tokens - Input: 2613, Output: 858, Total: 3471
2026-05-06 21:15:00,826 - INFO - Memory updates: 29
{"id": 44, "ts": 1778094900.8263898, "event": "memory_updated", "agent": "agent_3", "round": 4}
2026-05-06 21:15:01,940 - INFO - Tokens - Input: 2505, Output: 844, Total: 3349
2026-05-06 21:15:01,942 - INFO - Memory updates: 30
{"id": 45, "ts": 1778094901.9425156, "event": "memory_updated", "agent": "agent_1", "round": 4}
2026-05-06 21:15:03,760 - INFO - Tokens - Input: 2957, Output: 225, Total: 3182
{"id": 46, "ts": 1778094903.7623496, "event": "public_discussion_message", "round": 4, "agent": "agent_2", "message": "I continue to favor **Candidate\u202fD**. Their exceptional problem\u2011solving ability, strong concentration, and serious sense of responsibility give them the technical competence and reliability needed for long\u2011distance flights, where sustained attention and decisive action are critical. The main trade\u2011off is their hot temper and reputation as a \u201cknow\u2011it\u2011all,\u201d which could undermine crew cooperation and cockpit harmony; we still lack clear evidence on how severe that impact would be in practice.\nMETADATA_JSON:\n{\"agent\": \"agent_2\", \"vote\": \"Candidate D\"}"}
2026-05-06 21:15:03,762 - INFO - Agent turns: 11
2026-05-06 21:15:08,895 - INFO - Tokens - Input: 2606, Output: 1056, Total: 3662
2026-05-06 21:15:08,897 - INFO - Memory updates: 31
{"id": 47, "ts": 1778094908.8978662, "event": "memory_updated", "agent": "agent_2", "round": 4}
2026-05-06 21:15:10,054 - INFO - Tokens - Input: 2633, Output: 912, Total: 3545
2026-05-06 21:15:10,056 - INFO - Memory updates: 32
{"id": 48, "ts": 1778094910.0565023, "event": "memory_updated", "agent": "agent_1", "round": 4}
2026-05-06 21:15:10,336 - INFO - Tokens - Input: 2741, Output: 998, Total: 3739
2026-05-06 21:15:10,337 - INFO - Memory updates: 33
{"id": 49, "ts": 1778094910.3380754, "event": "memory_updated", "agent": "agent_3", "round": 4}
2026-05-06 21:15:11,677 - INFO - Tokens - Input: 3168, Output: 195, Total: 3363
{"id": 50, "ts": 1778094911.679342, "event": "public_discussion_message", "round": 4, "agent": "agent_1", "message": "I continue to favor **Candidate\u202fA**. Their ability to anticipate dangerous situations and their excellent spatial vision give them the strongest technical safety profile for long\u2011distance flights, while their very good leadership supports effective crew coordination. The main trade\u2011off is that A can be unorganized and sometimes struggles with criticism, which could hinder smooth cockpit teamwork.\nMETADATA_JSON:\n{\"agent\": \"agent_1\", \"vote\": \"Candidate A\"}"}
2026-05-06 21:15:11,679 - INFO - Agent turns: 12
2026-05-06 21:15:16,789 - INFO - Tokens - Input: 2769, Output: 744, Total: 3513
2026-05-06 21:15:16,790 - INFO - Memory updates: 34
{"id": 51, "ts": 1778094916.7910824, "event": "memory_updated", "agent": "agent_1", "round": 4}
2026-05-06 21:15:17,983 - INFO - Tokens - Input: 2664, Output: 881, Total: 3545
2026-05-06 21:15:17,985 - INFO - Memory updates: 35
{"id": 52, "ts": 1778094917.9852004, "event": "memory_updated", "agent": "agent_2", "round": 4}
2026-05-06 21:15:18,756 - INFO - Tokens - Input: 2906, Output: 1181, Total: 4087
2026-05-06 21:15:18,758 - INFO - Memory updates: 36
{"id": 53, "ts": 1778094918.7583008, "event": "memory_updated", "agent": "agent_3", "round": 4}
2026-05-06 21:15:18,766 - INFO - Loop 4 completed
{"id": 54, "ts": 1778094918.7718093, "event": "discussion_order", "round": 5, "order": ["agent_2", "agent_1", "agent_3"]}
2026-05-06 21:15:20,227 - INFO - Tokens - Input: 3176, Output: 201, Total: 3377
{"id": 55, "ts": 1778094920.2286015, "event": "public_discussion_message", "round": 5, "agent": "agent_2", "message": "I continue to favor **Candidate\u202fD**. Their exceptional problem\u2011solving ability, strong concentration, and serious sense of responsibility give them the technical competence, sustained attention, and reliability essential for long\u2011distance flights. The main trade\u2011off is their hot temper and reputation as a \u201cknow\u2011it\u2011all,\u201d which could undermine crew cooperation and cockpit harmony.\nMETADATA_JSON:\n{\"agent\": \"agent_2\", \"vote\": \"Candidate D\"}"}
2026-05-06 21:15:20,228 - INFO - Agent turns: 13
2026-05-06 21:15:26,216 - INFO - Tokens - Input: 3134, Output: 955, Total: 4089
2026-05-06 21:15:26,217 - INFO - Memory updates: 37
{"id": 56, "ts": 1778094926.2179804, "event": "memory_updated", "agent": "agent_3", "round": 5}
2026-05-06 21:15:26,673 - INFO - Tokens - Input: 2807, Output: 895, Total: 3702
2026-05-06 21:15:26,674 - INFO - Memory updates: 38
{"id": 57, "ts": 1778094926.6747708, "event": "memory_updated", "agent": "agent_1", "round": 5}
2026-05-06 21:15:27,313 - INFO - Tokens - Input: 2760, Output: 742, Total: 3502
2026-05-06 21:15:27,315 - INFO - Memory updates: 39
{"id": 58, "ts": 1778094927.3151894, "event": "memory_updated", "agent": "agent_2", "round": 5}
2026-05-06 21:15:29,345 - INFO - Tokens - Input: 3366, Output: 229, Total: 3595
{"id": 59, "ts": 1778094929.3471863, "event": "public_discussion_message", "round": 5, "agent": "agent_1", "message": "I continue to favor **Candidate\u202fA**. Their ability to anticipate dangerous situations and their excellent spatial vision give them the strongest technical safety profile for long\u2011distance flights, while their very good leadership supports effective crew coordination. The main trade\u2011off is that A can be unorganized and sometimes struggles with criticism, which may affect cockpit teamwork and communication.\nMETADATA_JSON:\n{\"agent\": \"agent_1\", \"vote\": \"Candidate A\"}"}
2026-05-06 21:15:29,347 - INFO - Agent turns: 14
2026-05-06 21:15:34,739 - INFO - Tokens - Input: 2985, Output: 847, Total: 3832
2026-05-06 21:15:34,741 - INFO - Memory updates: 40
{"id": 60, "ts": 1778094934.7419908, "event": "memory_updated", "agent": "agent_3", "round": 5}
2026-05-06 21:15:36,362 - INFO - Tokens - Input: 2864, Output: 913, Total: 3777
2026-05-06 21:15:36,364 - INFO - Memory updates: 41
{"id": 61, "ts": 1778094936.3641865, "event": "memory_updated", "agent": "agent_2", "round": 5}
2026-05-06 21:15:37,750 - INFO - Tokens - Input: 2969, Output: 841, Total: 3810
2026-05-06 21:15:37,752 - INFO - Memory updates: 42
{"id": 62, "ts": 1778094937.7524755, "event": "memory_updated", "agent": "agent_1", "round": 5}
2026-05-06 21:15:39,722 - INFO - Tokens - Input: 3464, Output: 223, Total: 3687
{"id": 63, "ts": 1778094939.724471, "event": "public_discussion_message", "round": 5, "agent": "agent_3", "message": "I continue to favor **Candidate\u202fB**. Their strong ability to handle stress and high conscientiousness give the calmness and reliability essential for long\u2011distance flights, while their skill in assessing weather conditions adds critical technical competence for route planning. The main trade\u2011off is their pretentious demeanor and occasional wrong tone, which could undermine crew cooperation and the cockpit atmosphere; it remains uncertain how much this interpersonal issue would affect day\u2011to\u2011day operations.\nMETADATA_JSON:\n{\"agent\": \"agent_3\", \"vote\": \"Candidate B\"}"}
2026-05-06 21:15:39,724 - INFO - Agent turns: 15
2026-05-06 21:15:46,923 - INFO - Tokens - Input: 3128, Output: 882, Total: 4010
2026-05-06 21:15:46,925 - INFO - Memory updates: 43
{"id": 64, "ts": 1778094946.9257438, "event": "memory_updated", "agent": "agent_1", "round": 5}
2026-05-06 21:15:47,946 - INFO - Tokens - Input: 3107, Output: 994, Total: 4101
2026-05-06 21:15:47,947 - INFO - Memory updates: 44
{"id": 65, "ts": 1778094947.9479706, "event": "memory_updated", "agent": "agent_3", "round": 5}
2026-05-06 21:15:50,810 - INFO - Tokens - Input: 2981, Output: 1174, Total: 4155
2026-05-06 21:15:50,812 - INFO - Memory updates: 45
{"id": 66, "ts": 1778094950.8123572, "event": "memory_updated", "agent": "agent_2", "round": 5}
2026-05-06 21:15:50,819 - INFO - Loop 5 completed
2026-05-06 21:15:50,819 - INFO - Final Chosen Candidate: None
2026-05-06 21:15:50,819 - INFO - Final Decision Method: max_round_no_majority
2026-05-06 21:15:50,820 - INFO - Final Vote Count: {'Candidate A': 1, 'Candidate D': 1, 'Candidate B': 1}
2026-05-06 21:15:50,820 - INFO - Correct Candidate: Candidate C
2026-05-06 21:15:50,820 - INFO - Decision Correct: 0
{"id": 67, "ts": 1778094951.3075047, "event": "context_consistency_calculated", "method": "embedding_cosine", "mean_pairwise_similarity": 0.820504, "pairwise": [{"agent_a": "agent_1", "agent_b": "agent_2", "similarity": 0.798698}, {"agent_a": "agent_1", "agent_b": "agent_3", "similarity": 0.861562}, {"agent_a": "agent_2", "agent_b": "agent_3", "similarity": 0.801253}]}
{"id": 68, "ts": 1778094951.3077476, "event": "agent_memories_archived", "directory": "/home/lhegemann/git/bachelor_thesis/01_data/raw/simulations/moderate/moderate_20260506_181837_027/shared_mental_models", "round": 5}
{"id": 69, "ts": 1778094951.3078475, "event": "final_decision", "candidate": null, "method": "max_round_no_majority", "vote_count": {"Candidate A": 1, "Candidate D": 1, "Candidate B": 1}, "correct_candidate": "Candidate C", "decision_correct": 0, "round": 5}
2026-05-06 21:15:51,318 - INFO - ======================================================================
2026-05-06 21:15:51,318 - INFO - SIMULATION METRICS
2026-05-06 21:15:51,318 - INFO - ======================================================================
2026-05-06 21:15:51,318 - INFO - Total Loops: 5
2026-05-06 21:15:51,318 - INFO - Agent Turns (no vote checker): 15
2026-05-06 21:15:51,318 - INFO - Agent Tool Calls: 0
2026-05-06 21:15:51,318 - INFO - Agent Tool Messages: 0
2026-05-06 21:15:51,318 - INFO - Memory Updates: 45
2026-05-06 21:15:51,318 - INFO - Total Messages (no vote checker): 15
2026-05-06 21:15:51,318 - INFO - Input Tokens: 153069
2026-05-06 21:15:51,319 - INFO - Output Tokens: 53667
2026-05-06 21:15:51,319 - INFO - Total Tokens: 206736
2026-05-06 21:15:51,319 - INFO - Final Chosen Candidate: None
2026-05-06 21:15:51,319 - INFO - Final Decision Method: max_round_no_majority
2026-05-06 21:15:51,319 - INFO - Final Vote Count: {'Candidate A': 1, 'Candidate D': 1, 'Candidate B': 1}
2026-05-06 21:15:51,319 - INFO - Correct Candidate: Candidate C
2026-05-06 21:15:51,319 - INFO - Decision Correct: 0
2026-05-06 21:15:51,319 - INFO - Runtime: 188.92s
2026-05-06 21:15:51,319 - INFO - ======================================================================
