2026-05-07 18:16:00,996 - INFO - Metrics tracker initialized
{"id": 1, "ts": 1778170561.0232456, "event": "memory_reset"}
{"id": 2, "ts": 1778170561.0263605, "event": "discussion_order", "round": 1, "order": ["agent_2", "agent_1", "agent_3"]}
2026-05-07 18:16:09,018 - INFO - Tokens - Input: 1716, Output: 688, Total: 2404
{"id": 3, "ts": 1778170569.0200899, "event": "public_discussion_message", "round": 1, "agent": "agent_2", "message": "I tentatively favor **Candidate\u202fB**. Their strong conscientiousness and ability to handle stress well are key for reliability on long\u2011distance flights, and their skill in assessing weather and computer use supports technical competence. However, their tendency to make nasty remarks toward colleagues raises a serious cooperation concern that could affect crew dynamics.\nMETADATA_JSON:\n{\"agent\": \"agent_2\", \"vote\": \"Candidate B\"}"}
2026-05-07 18:16:09,020 - INFO - Agent turns: 1
2026-05-07 18:16:16,962 - INFO - Tokens - Input: 1294, Output: 1152, Total: 2446
2026-05-07 18:16:16,964 - INFO - Memory updates: 1
{"id": 4, "ts": 1778170576.9650662, "event": "memory_updated", "agent": "agent_3", "round": 1}
2026-05-07 18:16:19,777 - INFO - Tokens - Input: 1299, Output: 1413, Total: 2712
2026-05-07 18:16:19,779 - INFO - Memory updates: 2
{"id": 5, "ts": 1778170579.779233, "event": "memory_updated", "agent": "agent_1", "round": 1}
2026-05-07 18:16:20,195 - INFO - Tokens - Input: 1302, Output: 1565, Total: 2867
2026-05-07 18:16:20,196 - INFO - Memory updates: 3
{"id": 6, "ts": 1778170580.1970913, "event": "memory_updated", "agent": "agent_2", "round": 1}
2026-05-07 18:16:25,296 - INFO - Tokens - Input: 2352, Output: 692, Total: 3044
{"id": 7, "ts": 1778170585.297722, "event": "public_discussion_message", "round": 1, "agent": "agent_1", "message": "I currently favor **Candidate\u202fD**. Their strong problem\u2011solving ability, excellent concentration, and proven responsibility are crucial for the complex, long\u2011haul environment, and they respond adequately to unexpected events, supporting calmness under pressure. The main trade\u2011off is their weak leadership and perceived arrogance, which could undermine crew cohesion and morale; the severity of this issue remains uncertain.\nMETADATA_JSON:\n{\"agent\": \"agent_1\", \"vote\": \"Candidate D\"}"}
2026-05-07 18:16:25,297 - INFO - Agent turns: 2
2026-05-07 18:16:32,418 - INFO - Tokens - Input: 1969, Output: 1064, Total: 3033
2026-05-07 18:16:32,419 - INFO - Memory updates: 4
{"id": 8, "ts": 1778170592.419971, "event": "memory_updated", "agent": "agent_1", "round": 1}
2026-05-07 18:16:32,471 - INFO - Tokens - Input: 1997, Output: 1042, Total: 3039
2026-05-07 18:16:32,473 - INFO - Memory updates: 5
{"id": 9, "ts": 1778170592.4735677, "event": "memory_updated", "agent": "agent_2", "round": 1}
2026-05-07 18:16:41,159 - INFO - Tokens - Input: 1913, Output: 1485, Total: 3398
2026-05-07 18:16:41,160 - INFO - Memory updates: 6
{"id": 10, "ts": 1778170601.1610456, "event": "memory_updated", "agent": "agent_3", "round": 1}
2026-05-07 18:16:44,908 - INFO - Tokens - Input: 2645, Output: 506, Total: 3151
{"id": 11, "ts": 1778170604.9096415, "event": "public_discussion_message", "round": 1, "agent": "agent_3", "message": "I currently favor **Candidate\u202fB**. Their very conscientious nature and ability to handle stress well give strong reliability and calmness under pressure, while their skill in assessing weather conditions and excellent computer abilities support the technical competence needed for long\u2011distance flights. The main uncertainty is their tendency to be pretentious and sometimes use the wrong tone, which could undermine crew cooperation and morale.\nMETADATA_JSON:\n{\"agent\": \"agent_3\", \"vote\": \"Candidate B\"}"}
2026-05-07 18:16:44,909 - INFO - Agent turns: 3
2026-05-07 18:16:52,044 - INFO - Tokens - Input: 1827, Output: 971, Total: 2798
2026-05-07 18:16:52,046 - INFO - Memory updates: 7
{"id": 12, "ts": 1778170612.0466404, "event": "memory_updated", "agent": "agent_2", "round": 1}
2026-05-07 18:16:55,098 - INFO - Tokens - Input: 2078, Output: 1405, Total: 3483
2026-05-07 18:16:55,100 - INFO - Memory updates: 8
{"id": 13, "ts": 1778170615.100969, "event": "memory_updated", "agent": "agent_1", "round": 1}
2026-05-07 18:16:57,113 - INFO - Tokens - Input: 2258, Output: 1344, Total: 3602
2026-05-07 18:16:57,115 - INFO - Memory updates: 9
{"id": 14, "ts": 1778170617.1153705, "event": "memory_updated", "agent": "agent_3", "round": 1}
2026-05-07 18:16:57,124 - INFO - Loop 1 completed
{"id": 15, "ts": 1778170617.129971, "event": "discussion_order", "round": 2, "order": ["agent_2", "agent_3", "agent_1"]}
2026-05-07 18:16:59,713 - INFO - Tokens - Input: 2393, Output: 245, Total: 2638
{"id": 16, "ts": 1778170619.714861, "event": "public_discussion_message", "round": 2, "agent": "agent_2", "message": "I continue to favor **Candidate\u202fB**. Their strong conscientiousness and ability to handle stress ensure reliability and calmness on long\u2011haul flights, while their skill in assessing weather and excellent computer abilities support the technical competence required for complex, long\u2011distance operations. The main uncertainty is the impact of their pretentious attitude and occasional nasty remarks on crew cohesion, which could undermine the cooperative environment essential for safety.\nMETADATA_JSON:\n{\"agent\": \"agent_2\", \"vote\": \"Candidate B\"}"}
2026-05-07 18:16:59,715 - INFO - Agent turns: 4
2026-05-07 18:17:04,715 - INFO - Tokens - Input: 2287, Output: 930, Total: 3217
2026-05-07 18:17:04,717 - INFO - Memory updates: 10
{"id": 17, "ts": 1778170624.7172556, "event": "memory_updated", "agent": "agent_1", "round": 2}
2026-05-07 18:17:04,806 - INFO - Tokens - Input: 2002, Output: 726, Total: 2728
2026-05-07 18:17:04,808 - INFO - Memory updates: 11
{"id": 18, "ts": 1778170624.8084366, "event": "memory_updated", "agent": "agent_2", "round": 2}
2026-05-07 18:17:09,793 - INFO - Tokens - Input: 2531, Output: 1381, Total: 3912
2026-05-07 18:17:09,794 - INFO - Memory updates: 12
{"id": 19, "ts": 1778170629.7950466, "event": "memory_updated", "agent": "agent_3", "round": 2}
2026-05-07 18:17:11,557 - INFO - Tokens - Input: 2936, Output: 247, Total: 3183
{"id": 20, "ts": 1778170631.5596457, "event": "public_discussion_message", "round": 2, "agent": "agent_3", "message": "I continue to favor **Candidate\u202fB**. Their very conscientious nature and strong ability to handle stress provide the reliability and calmness essential for long\u2011distance flights, while their skill in assessing weather conditions and excellent computer abilities give the technical competence needed for complex, long\u2011haul operations. The main uncertainty is the impact of their pretentious attitude and occasional nasty remarks on crew cooperation and morale, which could undermine the collaborative environment critical for safety.\nMETADATA_JSON:\n{\"agent\": \"agent_3\", \"vote\": \"Candidate B\"}"}
2026-05-07 18:17:11,559 - INFO - Agent turns: 5
2026-05-07 18:17:17,086 - INFO - Tokens - Input: 1921, Output: 742, Total: 2663
2026-05-07 18:17:17,088 - INFO - Memory updates: 13
{"id": 21, "ts": 1778170637.088373, "event": "memory_updated", "agent": "agent_2", "round": 2}
2026-05-07 18:17:18,684 - INFO - Tokens - Input: 2094, Output: 912, Total: 3006
2026-05-07 18:17:18,686 - INFO - Memory updates: 14
{"id": 22, "ts": 1778170638.6861901, "event": "memory_updated", "agent": "agent_1", "round": 2}
2026-05-07 18:17:22,888 - INFO - Tokens - Input: 2575, Output: 1585, Total: 4160
2026-05-07 18:17:22,890 - INFO - Memory updates: 15
{"id": 23, "ts": 1778170642.890361, "event": "memory_updated", "agent": "agent_3", "round": 2}
2026-05-07 18:17:28,683 - INFO - Tokens - Input: 2526, Output: 787, Total: 3313
{"id": 24, "ts": 1778170648.6851077, "event": "public_discussion_message", "round": 2, "agent": "agent_1", "message": "I now favor **Candidate\u202fC**. Their proven 100\u202f% reliability and ability to create a positive atmosphere with the crew are crucial for the safety and morale of long\u2011distance flights, and their knack for making correct decisions quickly supports both technical competence and calmness under pressure. The main uncertainty is their difficulty communicating ideas and egocentric attitude, which could impair crew coordination and decision sharing.\nMETADATA_JSON:\n{\"agent\": \"agent_1\", \"vote\": \"Candidate C\"}"}
2026-05-07 18:17:28,685 - INFO - Agent turns: 6
2026-05-07 18:17:35,546 - INFO - Tokens - Input: 2043, Output: 950, Total: 2993
2026-05-07 18:17:35,548 - INFO - Memory updates: 16
{"id": 25, "ts": 1778170655.548807, "event": "memory_updated", "agent": "agent_2", "round": 2}
2026-05-07 18:17:37,007 - INFO - Tokens - Input: 2149, Output: 1171, Total: 3320
2026-05-07 18:17:37,009 - INFO - Memory updates: 17
{"id": 26, "ts": 1778170657.0092053, "event": "memory_updated", "agent": "agent_1", "round": 2}
2026-05-07 18:17:43,285 - INFO - Tokens - Input: 2783, Output: 1530, Total: 4313
2026-05-07 18:17:43,287 - INFO - Memory updates: 18
{"id": 27, "ts": 1778170663.2880766, "event": "memory_updated", "agent": "agent_3", "round": 2}
2026-05-07 18:17:43,297 - INFO - Loop 2 completed
{"id": 28, "ts": 1778170663.304186, "event": "discussion_order", "round": 3, "order": ["agent_2", "agent_3", "agent_1"]}
2026-05-07 18:17:47,845 - INFO - Tokens - Input: 2650, Output: 565, Total: 3215
{"id": 29, "ts": 1778170667.8467045, "event": "public_discussion_message", "round": 3, "agent": "agent_2", "message": "I now favor **Candidate\u202fC**. Their proven 100\u202f% reliability and ability to create a positive atmosphere with the crew are crucial for safe, long\u2011haul operations, and their quick, correct decision\u2011making plus calmness in a crisis support both technical competence and stress resilience. The main uncertainty is their difficulty communicating ideas and egocentric attitude, which could impede effective crew coordination.\nMETADATA_JSON:\n{\"agent\": \"agent_2\", \"vote\": \"Candidate C\"}"}
2026-05-07 18:17:47,846 - INFO - Agent turns: 7
2026-05-07 18:17:56,332 - INFO - Tokens - Input: 2390, Output: 1192, Total: 3582
2026-05-07 18:17:56,334 - INFO - Memory updates: 19
{"id": 30, "ts": 1778170676.3342044, "event": "memory_updated", "agent": "agent_1", "round": 3}
2026-05-07 18:17:57,220 - INFO - Tokens - Input: 2253, Output: 1269, Total: 3522
2026-05-07 18:17:57,221 - INFO - Memory updates: 20
{"id": 31, "ts": 1778170677.2220466, "event": "memory_updated", "agent": "agent_2", "round": 3}
2026-05-07 18:17:57,743 - INFO - Tokens - Input: 2691, Output: 1379, Total: 4070
2026-05-07 18:17:57,745 - INFO - Memory updates: 21
{"id": 32, "ts": 1778170677.7457004, "event": "memory_updated", "agent": "agent_3", "round": 3}
2026-05-07 18:18:02,877 - INFO - Tokens - Input: 3205, Output: 605, Total: 3810
{"id": 33, "ts": 1778170682.8792129, "event": "public_discussion_message", "round": 3, "agent": "agent_3", "message": "I now favor **Candidate\u202fC**. Their 100\u202f% reliability, ability to create a positive crew atmosphere, and quick, correct decision\u2011making under pressure directly support the safety and calmness needed for long\u2011distance flights. These traits matter because consistent reliability and crew morale are foundational for safe, sustained operations.\n**Trade\u2011off / uncertainty:** C\u2019s difficulty communicating ideas and egocentric attitude could impede effective crew coordination, which remains a concern for safety\u2011critical teamwork.\nMETADATA_JSON:\n{\"agent\": \"agent_3\", \"vote\": \"Candidate C\"}"}
2026-05-07 18:18:02,879 - INFO - Agent turns: 8
2026-05-07 18:18:09,785 - INFO - Tokens - Input: 2430, Output: 926, Total: 3356
2026-05-07 18:18:09,787 - INFO - Memory updates: 22
{"id": 34, "ts": 1778170689.7879863, "event": "memory_updated", "agent": "agent_2", "round": 3}
2026-05-07 18:18:11,895 - INFO - Tokens - Input: 2475, Output: 1282, Total: 3757
2026-05-07 18:18:11,897 - INFO - Memory updates: 23
{"id": 35, "ts": 1778170691.8975751, "event": "memory_updated", "agent": "agent_1", "round": 3}
2026-05-07 18:18:15,335 - INFO - Tokens - Input: 2863, Output: 1470, Total: 4333
2026-05-07 18:18:15,336 - INFO - Memory updates: 24
{"id": 36, "ts": 1778170695.3369875, "event": "memory_updated", "agent": "agent_3", "round": 3}
2026-05-07 18:18:17,086 - INFO - Tokens - Input: 2932, Output: 212, Total: 3144
{"id": 37, "ts": 1778170697.087559, "event": "public_discussion_message", "round": 3, "agent": "agent_1", "message": "I currently favor **Candidate\u202fC**. Their 100\u202f% reliability and ability to create a positive crew atmosphere are vital for safe, long\u2011haul operations, and their knack for making quick, correct decisions under pressure supports both technical competence and calmness under stress. The main uncertainty is their difficulty communicating ideas and egocentric attitude, which could impede effective crew coordination.\nMETADATA_JSON:\n{\"agent\": \"agent_1\", \"vote\": \"Candidate C\"}"}
2026-05-07 18:18:17,087 - INFO - Agent turns: 9
2026-05-07 18:18:23,288 - INFO - Tokens - Input: 2545, Output: 879, Total: 3424
2026-05-07 18:18:23,290 - INFO - Memory updates: 25
{"id": 38, "ts": 1778170703.290566, "event": "memory_updated", "agent": "agent_1", "round": 3}
2026-05-07 18:18:24,252 - INFO - Tokens - Input: 2569, Output: 923, Total: 3492
2026-05-07 18:18:24,253 - INFO - Memory updates: 26
{"id": 39, "ts": 1778170704.2537217, "event": "memory_updated", "agent": "agent_2", "round": 3}
2026-05-07 18:18:26,651 - INFO - Tokens - Input: 2959, Output: 1332, Total: 4291
2026-05-07 18:18:26,653 - INFO - Memory updates: 27
{"id": 40, "ts": 1778170706.653126, "event": "memory_updated", "agent": "agent_3", "round": 3}
2026-05-07 18:18:26,661 - INFO - Loop 3 completed
2026-05-07 18:18:26,662 - INFO - Final Chosen Candidate: Candidate C
2026-05-07 18:18:26,662 - INFO - Final Decision Method: consensus
2026-05-07 18:18:26,662 - INFO - Final Vote Count: {'Candidate C': 3}
2026-05-07 18:18:26,662 - INFO - Correct Candidate: Candidate C
2026-05-07 18:18:26,662 - INFO - Decision Correct: 1
{"id": 41, "ts": 1778170758.3337812, "event": "context_consistency_calculated", "method": "embedding_cosine", "mean_pairwise_similarity": 0.834899, "pairwise": [{"agent_a": "agent_1", "agent_b": "agent_2", "similarity": 0.772558}, {"agent_a": "agent_1", "agent_b": "agent_3", "similarity": 0.933185}, {"agent_a": "agent_2", "agent_b": "agent_3", "similarity": 0.798955}]}
{"id": 42, "ts": 1778170758.3339775, "event": "agent_memories_archived", "directory": "/home/lhegemann/git/bachelor_thesis/01_data/raw/simulations/moderate/moderate_treatment_20260507_140016_017/shared_mental_models", "round": 3}
{"id": 43, "ts": 1778170758.3340738, "event": "final_decision", "candidate": "Candidate C", "method": "consensus", "vote_count": {"Candidate C": 3}, "correct_candidate": "Candidate C", "decision_correct": 1, "round": 3}
2026-05-07 18:19:18,343 - INFO - ======================================================================
2026-05-07 18:19:18,344 - INFO - SIMULATION METRICS
2026-05-07 18:19:18,344 - INFO - ======================================================================
2026-05-07 18:19:18,344 - INFO - Total Loops: 3
2026-05-07 18:19:18,344 - INFO - Agent Turns (no vote checker): 9
2026-05-07 18:19:18,344 - INFO - Agent Tool Calls: 0
2026-05-07 18:19:18,344 - INFO - Agent Tool Messages: 0
2026-05-07 18:19:18,344 - INFO - Memory Updates: 27
2026-05-07 18:19:18,344 - INFO - Total Messages (no vote checker): 9
2026-05-07 18:19:18,344 - INFO - Input Tokens: 82852
2026-05-07 18:19:18,344 - INFO - Output Tokens: 36567
2026-05-07 18:19:18,344 - INFO - Total Tokens: 119419
2026-05-07 18:19:18,344 - INFO - Final Chosen Candidate: Candidate C
2026-05-07 18:19:18,345 - INFO - Final Decision Method: consensus
2026-05-07 18:19:18,345 - INFO - Final Vote Count: {'Candidate C': 3}
2026-05-07 18:19:18,345 - INFO - Correct Candidate: Candidate C
2026-05-07 18:19:18,345 - INFO - Decision Correct: 1
2026-05-07 18:19:18,345 - INFO - Runtime: 197.35s
2026-05-07 18:19:18,345 - INFO - ======================================================================
