2026-05-16 23:03:21,786 - INFO - Metrics tracker initialized
{"id": 1, "ts": 1778965401.8180883, "event": "memory_reset"}
{"id": 2, "ts": 1778965401.8229837, "event": "discussion_order", "round": 1, "order": ["agent_3", "agent_1", "agent_2"]}
2026-05-16 23:03:28,650 - INFO - Tokens - Input: 1963, Output: 684, Total: 2647
{"id": 3, "ts": 1778965408.6519074, "event": "public_discussion_message", "round": 1, "agent": "agent_3", "message": "I am leaning toward **Candidate\u202fB**. Their strong conscientiousness and stress\u2011handling ability support reliability and calmness under pressure, while their skill in assessing weather and excellent computer abilities address key technical demands of long\u2011distance flights. The main uncertainty is their pretentious demeanor and occasional inappropriate tone, which could hinder crew cooperation.\nMETADATA_JSON:\n{\"agent\": \"agent_3\", \"vote\": \"Candidate B\"}"}
2026-05-16 23:03:28,652 - INFO - Agent turns: 1
2026-05-16 23:03:42,876 - INFO - Tokens - Input: 1634, Output: 1068, Total: 2702
2026-05-16 23:03:42,878 - INFO - Memory updates: 1
{"id": 4, "ts": 1778965422.8783245, "event": "memory_updated", "agent": "agent_1", "round": 1}
2026-05-16 23:03:45,322 - INFO - Tokens - Input: 1637, Output: 1322, Total: 2959
2026-05-16 23:03:45,324 - INFO - Memory updates: 2
{"id": 5, "ts": 1778965425.3244276, "event": "memory_updated", "agent": "agent_2", "round": 1}
2026-05-16 23:03:50,117 - INFO - Tokens - Input: 1629, Output: 1921, Total: 3550
2026-05-16 23:03:50,119 - INFO - Memory updates: 3
{"id": 6, "ts": 1778965430.1197684, "event": "memory_updated", "agent": "agent_3", "round": 1}
2026-05-16 23:03:57,486 - INFO - Tokens - Input: 2094, Output: 886, Total: 2980
{"id": 7, "ts": 1778965437.4874806, "event": "public_discussion_message", "round": 1, "agent": "agent_1", "message": "I\u2019m leaning toward **Candidate\u202fC**. They are noted as 100\u202f% reliable and create a positive atmosphere with the crew, which supports the high reliability and cooperation needed on long\u2011distance flights. They also make correct decisions quickly, helping maintain safety under prolonged operational pressure. The main uncertainty is their difficulty communicating ideas and egocentric attitude, which could impair crew coordination on complex, extended missions.\nMETADATA_JSON:\n{\"agent\": \"agent_1\", \"vote\": \"Candidate C\"}"}
2026-05-16 23:03:57,487 - INFO - Agent turns: 2
2026-05-16 23:04:20,063 - INFO - Tokens - Input: 2138, Output: 1663, Total: 3801
2026-05-16 23:04:20,066 - INFO - Memory updates: 4
{"id": 8, "ts": 1778965460.0661504, "event": "memory_updated", "agent": "agent_3", "round": 1}
2026-05-16 23:04:21,708 - INFO - Tokens - Input: 1782, Output: 1834, Total: 3616
2026-05-16 23:04:21,710 - INFO - Memory updates: 5
{"id": 9, "ts": 1778965461.7109683, "event": "memory_updated", "agent": "agent_1", "round": 1}
2026-05-16 23:04:24,543 - INFO - Tokens - Input: 1809, Output: 2182, Total: 3991
2026-05-16 23:04:24,546 - INFO - Memory updates: 6
{"id": 10, "ts": 1778965464.5464199, "event": "memory_updated", "agent": "agent_2", "round": 1}
2026-05-16 23:04:29,979 - INFO - Tokens - Input: 2529, Output: 608, Total: 3137
{"id": 11, "ts": 1778965469.981169, "event": "public_discussion_message", "round": 1, "agent": "agent_2", "message": "I\u2019m leaning toward **Candidate\u202fC**. They are noted as 100\u202f% reliable and create a positive atmosphere with the crew, which are critical for the sustained safety and teamwork required on long\u2011distance flights. The main uncertainty is their difficulty communicating ideas and egocentric attitude, which could hinder coordination during complex operations.\nMETADATA_JSON:\n{\"agent\": \"agent_2\", \"vote\": \"Candidate C\"}"}
2026-05-16 23:04:29,981 - INFO - Agent turns: 3
2026-05-16 23:04:41,405 - INFO - Tokens - Input: 2201, Output: 778, Total: 2979
2026-05-16 23:04:41,408 - INFO - Memory updates: 7
{"id": 12, "ts": 1778965481.4082077, "event": "memory_updated", "agent": "agent_2", "round": 1}
2026-05-16 23:04:41,535 - INFO - Tokens - Input: 2090, Output: 792, Total: 2882
2026-05-16 23:04:41,537 - INFO - Memory updates: 8
{"id": 13, "ts": 1778965481.53739, "event": "memory_updated", "agent": "agent_1", "round": 1}
2026-05-16 23:04:46,606 - INFO - Tokens - Input: 2368, Output: 1426, Total: 3794
2026-05-16 23:04:46,609 - INFO - Memory updates: 9
{"id": 14, "ts": 1778965486.6093671, "event": "memory_updated", "agent": "agent_3", "round": 1}
2026-05-16 23:04:46,618 - INFO - Loop 1 completed
{"id": 15, "ts": 1778965486.6238012, "event": "discussion_order", "round": 2, "order": ["agent_1", "agent_2", "agent_3"]}
2026-05-16 23:04:48,893 - INFO - Tokens - Input: 2550, Output: 230, Total: 2780
{"id": 16, "ts": 1778965488.8948703, "event": "public_discussion_message", "round": 2, "agent": "agent_1", "message": "I continue to favor **Candidate\u202fC**. Their 100\u202f% reliability and ability to create a positive crew atmosphere are crucial for the sustained safety and teamwork required on long\u2011distance flights. However, their difficulty communicating ideas and egocentric attitude remain a concern that could hinder coordination during complex, extended missions.\nMETADATA_JSON:\n{\"agent\": \"agent_1\", \"vote\": \"Candidate C\"}"}
2026-05-16 23:04:48,895 - INFO - Agent turns: 4
2026-05-16 23:04:53,725 - INFO - Tokens - Input: 2329, Output: 299, Total: 2628
2026-05-16 23:04:53,728 - INFO - Memory updates: 10
{"id": 17, "ts": 1778965493.7283375, "event": "memory_updated", "agent": "agent_2", "round": 2}
2026-05-16 23:04:53,746 - INFO - Tokens - Input: 2219, Output: 302, Total: 2521
2026-05-16 23:04:53,748 - INFO - Memory updates: 11
{"id": 18, "ts": 1778965493.7489994, "event": "memory_updated", "agent": "agent_1", "round": 2}
2026-05-16 23:05:00,196 - INFO - Tokens - Input: 2540, Output: 1130, Total: 3670
2026-05-16 23:05:00,199 - INFO - Memory updates: 12
{"id": 19, "ts": 1778965500.1996965, "event": "memory_updated", "agent": "agent_3", "round": 2}
2026-05-16 23:05:06,830 - INFO - Tokens - Input: 2751, Output: 788, Total: 3539
{"id": 20, "ts": 1778965506.8314517, "event": "public_discussion_message", "round": 2, "agent": "agent_2", "message": "I continue to favor **Candidate\u202fC** because they are reported as 100\u202f% reliable and they create a positive atmosphere with the crew\u2014both essential for the safety and teamwork required on long\u2011distance flights. Their ability to make correct decisions quickly also supports calm, effective handling of extended operations. The main uncertainty is their difficulty communicating ideas and egocentric attitude, which could impede crew coordination during complex missions.\nMETADATA_JSON:\n{\"agent\": \"agent_2\", \"vote\": \"Candidate C\"}"}
2026-05-16 23:05:06,831 - INFO - Agent turns: 5
2026-05-16 23:05:11,250 - INFO - Tokens - Input: 2330, Output: 282, Total: 2612
2026-05-16 23:05:11,252 - INFO - Memory updates: 13
{"id": 21, "ts": 1778965511.252534, "event": "memory_updated", "agent": "agent_1", "round": 2}
2026-05-16 23:05:11,551 - INFO - Tokens - Input: 2440, Output: 313, Total: 2753
2026-05-16 23:05:11,562 - INFO - Memory updates: 14
{"id": 22, "ts": 1778965511.5624187, "event": "memory_updated", "agent": "agent_2", "round": 2}
2026-05-16 23:05:17,931 - INFO - Tokens - Input: 2675, Output: 1136, Total: 3811
2026-05-16 23:05:17,934 - INFO - Memory updates: 15
{"id": 23, "ts": 1778965517.9348052, "event": "memory_updated", "agent": "agent_3", "round": 2}
2026-05-16 23:05:22,553 - INFO - Tokens - Input: 3097, Output: 535, Total: 3632
{"id": 24, "ts": 1778965522.5549695, "event": "public_discussion_message", "round": 2, "agent": "agent_3", "message": "I now favor **Candidate\u202fC**. Their 100\u202f% reliability and proven ability to create a positive crew atmosphere directly support the sustained safety and teamwork essential for long\u2011distance flights. This matters because consistent reliability and good crew dynamics are critical for managing fatigue and maintaining vigilance over extended routes.\nThe main uncertainty is their difficulty communicating ideas and egocentric attitude, which could impede effective coordination during complex operations.\nMETADATA_JSON:\n{\"agent\": \"agent_3\", \"vote\": \"Candidate C\"}"}
2026-05-16 23:05:22,555 - INFO - Agent turns: 6
2026-05-16 23:05:38,174 - INFO - Tokens - Input: 2550, Output: 1114, Total: 3664
2026-05-16 23:05:38,177 - INFO - Memory updates: 16
{"id": 25, "ts": 1778965538.1774273, "event": "memory_updated", "agent": "agent_2", "round": 2}
2026-05-16 23:05:40,766 - INFO - Tokens - Input: 2440, Output: 1381, Total: 3821
2026-05-16 23:05:40,769 - INFO - Memory updates: 17
{"id": 26, "ts": 1778965540.7693908, "event": "memory_updated", "agent": "agent_1", "round": 2}
2026-05-16 23:05:42,637 - INFO - Tokens - Input: 2785, Output: 1606, Total: 4391
2026-05-16 23:05:42,639 - INFO - Memory updates: 18
{"id": 27, "ts": 1778965542.6399305, "event": "memory_updated", "agent": "agent_3", "round": 2}
2026-05-16 23:05:42,649 - INFO - Loop 2 completed
2026-05-16 23:05:42,649 - INFO - Final Chosen Candidate: Candidate C
2026-05-16 23:05:42,649 - INFO - Final Decision Method: consensus
2026-05-16 23:05:42,649 - INFO - Final Vote Count: {'Candidate C': 3}
2026-05-16 23:05:42,649 - INFO - Correct Candidate: Candidate C
2026-05-16 23:05:42,649 - INFO - Decision Correct: 1
{"id": 28, "ts": 1778965543.289282, "event": "context_consistency_calculated", "method": "weighted_section_embedding_cosine", "mean_pairwise_similarity": 0.857569, "pairwise": [{"agent_a": "agent_1", "agent_b": "agent_2", "similarity": 0.850977, "sections": [{"section": "task_summary", "weight": 0.02, "similarity": 1.0}, {"section": "revealed_facts_by_source", "weight": 0.3, "similarity": 0.898502}, {"section": "candidate_evaluation", "weight": 0.35, "similarity": 0.923316}, {"section": "other_agents_positions", "weight": 0.15, "similarity": 0.920695}, {"section": "emerging_group_view", "weight": 0.13, "similarity": 0.524255}, {"section": "open_questions_next_step_focus", "weight": 0.05, "similarity": 0.640181}]}, {"agent_a": "agent_1", "agent_b": "agent_3", "similarity": 0.83213, "sections": [{"section": "task_summary", "weight": 0.02, "similarity": 1.0}, {"section": "revealed_facts_by_source", "weight": 0.3, "similarity": 0.820454}, {"section": "candidate_evaluation", "weight": 0.35, "similarity": 0.910472}, {"section": "other_agents_positions", "weight": 0.15, "similarity": 0.91959}, {"section": "emerging_group_view", "weight": 0.13, "similarity": 0.605002}, {"section": "open_questions_next_step_focus", "weight": 0.05, "similarity": 0.614797}]}, {"agent_a": "agent_2", "agent_b": "agent_3", "similarity": 0.889599, "sections": [{"section": "task_summary", "weight": 0.02, "similarity": 1.0}, {"section": "revealed_facts_by_source", "weight": 0.3, "similarity": 0.889857}, {"section": "candidate_evaluation", "weight": 0.35, "similarity": 0.92143}, {"section": "other_agents_positions", "weight": 0.15, "similarity": 0.936291}, {"section": "emerging_group_view", "weight": 0.13, "similarity": 0.8358}, {"section": "open_questions_next_step_focus", "weight": 0.05, "similarity": 0.620885}]}]}
{"id": 29, "ts": 1778965543.2894306, "event": "gold_standard_alignment_calculated", "method": "rule_based_fact_coverage", "mean_alignment": 0.625, "by_agent": [{"agent": "agent_1", "score": 0.625, "matched_facts": 25, "total_facts": 40, "matched_public_facts": 16, "total_public_facts": 16, "public_fact_coverage": 1.0, "matched_own_private_facts": 8, "total_own_private_facts": 8, "own_private_fact_coverage": 1.0, "matched_other_private_facts": 1, "total_other_private_facts": 16, "other_private_fact_coverage": 0.0625, "checks": {"public_candidate_a_can_anticipate_dangerous_situations": 1, "public_candidate_a_is_able_to_see_complex_connections": 1, "public_candidate_a_has_excellent_spatial_vision": 1, "public_candidate_a_has_very_good_leadership_qualities": 1, "public_candidate_b_is_very_conscientious": 1, "public_candidate_b_handles_stress_very_well": 1, "public_candidate_b_is_good_at_assessing_weather_conditions": 1, "public_candidate_b_has_excellent_computer_skills": 1, "public_candidate_c_can_make_correct_decisions_quickly": 1, "public_candidate_c_has_difficulty_communicating_ideas": 1, "public_candidate_c_is_regarded_as_egocentric": 1, "public_candidate_c_is_not_very_willing_to_further_his_education": 1, "public_candidate_d_responds_to_unexpected_events_adequately": 1, "public_candidate_d_can_concentrate_very_well": 1, "public_candidate_d_solves_problems_extremely_well": 1, "public_candidate_d_takes_responsibility_seriously": 1, "agent_1_candidate_a_is_sometimes_not_good_at_taking_criticism": 1, "agent_1_candidate_a_can_be_unorganized": 1, "agent_1_candidate_b_can_be_grumpy": 1, "agent_1_candidate_b_can_be_uncooperative": 1, "agent_1_candidate_c_is_known_to_be_100_percent_reliable": 1, "agent_1_candidate_c_creates_a_positive_atmosphere_with_his_crew": 1, "agent_1_candidate_d_is_regarded_as_arrogant": 1, "agent_1_candidate_d_has_relatively_weak_leadership_skills": 1, "agent_2_candidate_a_is_regarded_as_a_show_off": 0, "agent_2_candidate_a_is_regarded_as_being_not_open_to_new_ideas": 0, "agent_2_candidate_b_has_a_relatively_weak_memory_for_numbers": 0, "agent_2_candidate_b_makes_nasty_remarks_about_his_colleagues": 0, "agent_2_candidate_c_keeps_calm_in_a_crisis": 0, "agent_2_candidate_c_understands_complicated_technology": 0, "agent_2_candidate_d_is_regarded_as_a_know_it_all": 0, "agent_2_candidate_d_has_a_hot_temper": 0, "agent_3_candidate_a_is_unfriendly": 0, "agent_3_candidate_a_eats_unhealthily": 0, "agent_3_candidate_b_is_regarded_as_pretentious": 1, "agent_3_candidate_b_sometimes_adopts_the_wrong_tone_when_communicating": 0, "agent_3_candidate_c_puts_concern_for_others_above_everything": 0, "agent_3_candidate_c_has_excellent_attention_skills": 0, "agent_3_candidate_d_is_considered_moody": 0, "agent_3_candidate_d_is_regarded_as_a_loner": 0}}, {"agent": "agent_2", "score": 0.6, "matched_facts": 24, "total_facts": 40, "matched_public_facts": 15, "total_public_facts": 16, "public_fact_coverage": 0.9375, "matched_own_private_facts": 6, "total_own_private_facts": 8, "own_private_fact_coverage": 0.75, "matched_other_private_facts": 3, "total_other_private_facts": 16, "other_private_fact_coverage": 0.1875, "checks": {"public_candidate_a_can_anticipate_dangerous_situations": 1, "public_candidate_a_is_able_to_see_complex_connections": 1, "public_candidate_a_has_excellent_spatial_vision": 1, "public_candidate_a_has_very_good_leadership_qualities": 1, "public_candidate_b_is_very_conscientious": 1, "public_candidate_b_handles_stress_very_well": 1, "public_candidate_b_is_good_at_assessing_weather_conditions": 1, "public_candidate_b_has_excellent_computer_skills": 1, "public_candidate_c_can_make_correct_decisions_quickly": 1, "public_candidate_c_has_difficulty_communicating_ideas": 1, "public_candidate_c_is_regarded_as_egocentric": 1, "public_candidate_c_is_not_very_willing_to_further_his_education": 1, "public_candidate_d_responds_to_unexpected_events_adequately": 0, "public_candidate_d_can_concentrate_very_well": 1, "public_candidate_d_solves_problems_extremely_well": 1, "public_candidate_d_takes_responsibility_seriously": 1, "agent_1_candidate_a_is_sometimes_not_good_at_taking_criticism": 0, "agent_1_candidate_a_can_be_unorganized": 0, "agent_1_candidate_b_can_be_grumpy": 0, "agent_1_candidate_b_can_be_uncooperative": 0, "agent_1_candidate_c_is_known_to_be_100_percent_reliable": 1, "agent_1_candidate_c_creates_a_positive_atmosphere_with_his_crew": 1, "agent_1_candidate_d_is_regarded_as_arrogant": 0, "agent_1_candidate_d_has_relatively_weak_leadership_skills": 0, "agent_2_candidate_a_is_regarded_as_a_show_off": 1, "agent_2_candidate_a_is_regarded_as_being_not_open_to_new_ideas": 1, "agent_2_candidate_b_has_a_relatively_weak_memory_for_numbers": 1, "agent_2_candidate_b_makes_nasty_remarks_about_his_colleagues": 1, "agent_2_candidate_c_keeps_calm_in_a_crisis": 0, "agent_2_candidate_c_understands_complicated_technology": 0, "agent_2_candidate_d_is_regarded_as_a_know_it_all": 1, "agent_2_candidate_d_has_a_hot_temper": 1, "agent_3_candidate_a_is_unfriendly": 0, "agent_3_candidate_a_eats_unhealthily": 0, "agent_3_candidate_b_is_regarded_as_pretentious": 1, "agent_3_candidate_b_sometimes_adopts_the_wrong_tone_when_communicating": 0, "agent_3_candidate_c_puts_concern_for_others_above_everything": 0, "agent_3_candidate_c_has_excellent_attention_skills": 0, "agent_3_candidate_d_is_considered_moody": 0, "agent_3_candidate_d_is_regarded_as_a_loner": 0}}, {"agent": "agent_3", "score": 0.65, "matched_facts": 26, "total_facts": 40, "matched_public_facts": 16, "total_public_facts": 16, "public_fact_coverage": 1.0, "matched_own_private_facts": 8, "total_own_private_facts": 8, "own_private_fact_coverage": 1.0, "matched_other_private_facts": 2, "total_other_private_facts": 16, "other_private_fact_coverage": 0.125, "checks": {"public_candidate_a_can_anticipate_dangerous_situations": 1, "public_candidate_a_is_able_to_see_complex_connections": 1, "public_candidate_a_has_excellent_spatial_vision": 1, "public_candidate_a_has_very_good_leadership_qualities": 1, "public_candidate_b_is_very_conscientious": 1, "public_candidate_b_handles_stress_very_well": 1, "public_candidate_b_is_good_at_assessing_weather_conditions": 1, "public_candidate_b_has_excellent_computer_skills": 1, "public_candidate_c_can_make_correct_decisions_quickly": 1, "public_candidate_c_has_difficulty_communicating_ideas": 1, "public_candidate_c_is_regarded_as_egocentric": 1, "public_candidate_c_is_not_very_willing_to_further_his_education": 1, "public_candidate_d_responds_to_unexpected_events_adequately": 1, "public_candidate_d_can_concentrate_very_well": 1, "public_candidate_d_solves_problems_extremely_well": 1, "public_candidate_d_takes_responsibility_seriously": 1, "agent_1_candidate_a_is_sometimes_not_good_at_taking_criticism": 0, "agent_1_candidate_a_can_be_unorganized": 0, "agent_1_candidate_b_can_be_grumpy": 0, "agent_1_candidate_b_can_be_uncooperative": 0, "agent_1_candidate_c_is_known_to_be_100_percent_reliable": 1, "agent_1_candidate_c_creates_a_positive_atmosphere_with_his_crew": 1, "agent_1_candidate_d_is_regarded_as_arrogant": 0, "agent_1_candidate_d_has_relatively_weak_leadership_skills": 0, "agent_2_candidate_a_is_regarded_as_a_show_off": 0, "agent_2_candidate_a_is_regarded_as_being_not_open_to_new_ideas": 0, "agent_2_candidate_b_has_a_relatively_weak_memory_for_numbers": 0, "agent_2_candidate_b_makes_nasty_remarks_about_his_colleagues": 0, "agent_2_candidate_c_keeps_calm_in_a_crisis": 0, "agent_2_candidate_c_understands_complicated_technology": 0, "agent_2_candidate_d_is_regarded_as_a_know_it_all": 0, "agent_2_candidate_d_has_a_hot_temper": 0, "agent_3_candidate_a_is_unfriendly": 1, "agent_3_candidate_a_eats_unhealthily": 1, "agent_3_candidate_b_is_regarded_as_pretentious": 1, "agent_3_candidate_b_sometimes_adopts_the_wrong_tone_when_communicating": 1, "agent_3_candidate_c_puts_concern_for_others_above_everything": 1, "agent_3_candidate_c_has_excellent_attention_skills": 1, "agent_3_candidate_d_is_considered_moody": 1, "agent_3_candidate_d_is_regarded_as_a_loner": 1}}]}
{"id": 30, "ts": 1778965543.2895443, "event": "agent_memories_archived", "directory": "/home/lhegemann/git/bachelor_thesis/01_data/raw/simulations/moderate/moderate_treatment_20260516_211353_001/shared_mental_models", "round": 2}
{"id": 31, "ts": 1778965543.289581, "event": "final_decision", "candidate": "Candidate C", "method": "consensus", "vote_count": {"Candidate C": 3}, "correct_candidate": "Candidate C", "decision_correct": 1, "round": 2}
2026-05-16 23:05:43,298 - INFO - ======================================================================
2026-05-16 23:05:43,299 - INFO - SIMULATION METRICS
2026-05-16 23:05:43,299 - INFO - ======================================================================
2026-05-16 23:05:43,299 - INFO - Total Loops: 2
2026-05-16 23:05:43,299 - INFO - Agent Turns (no vote checker): 6
2026-05-16 23:05:43,299 - INFO - Agent Tool Calls: 0
2026-05-16 23:05:43,299 - INFO - Agent Tool Messages: 0
2026-05-16 23:05:43,299 - INFO - Memory Updates: 18
2026-05-16 23:05:43,299 - INFO - Total Messages (no vote checker): 6
2026-05-16 23:05:43,299 - INFO - Input Tokens: 54580
2026-05-16 23:05:43,299 - INFO - Output Tokens: 24280
2026-05-16 23:05:43,299 - INFO - Total Tokens: 78860
2026-05-16 23:05:43,299 - INFO - Final Chosen Candidate: Candidate C
2026-05-16 23:05:43,299 - INFO - Final Decision Method: consensus
2026-05-16 23:05:43,299 - INFO - Final Vote Count: {'Candidate C': 3}
2026-05-16 23:05:43,299 - INFO - Correct Candidate: Candidate C
2026-05-16 23:05:43,299 - INFO - Decision Correct: 1
2026-05-16 23:05:43,299 - INFO - Runtime: 141.51s
2026-05-16 23:05:43,299 - INFO - ======================================================================
