2026-05-10 04:33:08,811 - INFO - Metrics tracker initialized
{"id": 1, "ts": 1778380388.837177, "event": "memory_reset"}
{"id": 2, "ts": 1778380388.8402689, "event": "discussion_order", "round": 1, "order": ["agent_2", "agent_1", "agent_3"]}
2026-05-10 04:33:17,705 - INFO - Tokens - Input: 1395, Output: 544, Total: 1939
{"id": 3, "ts": 1778380397.7063947, "event": "public_discussion_message", "round": 1, "agent": "agent_2", "message": "I prefer Candidate D \u2013 solves problems extremely well.\nMETADATA_JSON:\n{\"agent\": \"agent_2\", \"vote\": \"Candidate D\"}"}
2026-05-10 04:33:17,706 - INFO - Agent turns: 1
2026-05-10 04:33:26,737 - INFO - Tokens - Input: 1449, Output: 685, Total: 2134
{"id": 4, "ts": 1778380406.7389255, "event": "public_discussion_message", "round": 1, "agent": "agent_1", "message": "I prefer Candidate C \u2013 known to be 100% reliable.\nMETADATA_JSON:\n{\"agent\": \"agent_1\", \"vote\": \"Candidate C\"}"}
2026-05-10 04:33:26,739 - INFO - Agent turns: 2
2026-05-10 04:33:32,345 - INFO - Tokens - Input: 1488, Output: 663, Total: 2151
{"id": 5, "ts": 1778380412.3467028, "event": "public_discussion_message", "round": 1, "agent": "agent_3", "message": "I prefer Candidate B \u2013 handles stress very well.\nMETADATA_JSON:\n{\"agent\": \"agent_3\", \"vote\": \"Candidate B\"}"}
2026-05-10 04:33:32,346 - INFO - Agent turns: 3
2026-05-10 04:33:32,355 - INFO - Loop 1 completed
{"id": 6, "ts": 1778380412.3613112, "event": "discussion_order", "round": 2, "order": ["agent_3", "agent_2", "agent_1"]}
2026-05-10 04:33:36,432 - INFO - Tokens - Input: 1524, Output: 475, Total: 1999
{"id": 7, "ts": 1778380416.4332926, "event": "public_discussion_message", "round": 2, "agent": "agent_3", "message": "I prefer Candidate B \u2013 very conscientious.\nMETADATA_JSON:\n{\"agent\": \"agent_3\", \"vote\": \"Candidate B\"}"}
2026-05-10 04:33:36,433 - INFO - Agent turns: 4
2026-05-10 04:33:42,037 - INFO - Tokens - Input: 1565, Output: 596, Total: 2161
{"id": 8, "ts": 1778380422.0386488, "event": "public_discussion_message", "round": 2, "agent": "agent_2", "message": "I prefer Candidate D \u2013 takes responsibility seriously.\nMETADATA_JSON:\n{\"agent\": \"agent_2\", \"vote\": \"Candidate D\"}"}
2026-05-10 04:33:42,038 - INFO - Agent turns: 5
2026-05-10 04:33:47,278 - INFO - Tokens - Input: 1600, Output: 584, Total: 2184
{"id": 9, "ts": 1778380427.2798293, "event": "public_discussion_message", "round": 2, "agent": "agent_1", "message": "I prefer Candidate B \u2013 handles stress very well.\nMETADATA_JSON:\n{\"agent\": \"agent_1\", \"vote\": \"Candidate B\"}"}
2026-05-10 04:33:47,279 - INFO - Agent turns: 6
2026-05-10 04:33:47,289 - INFO - Loop 2 completed
{"id": 10, "ts": 1778380427.2947927, "event": "discussion_order", "round": 3, "order": ["agent_3", "agent_1", "agent_2"]}
2026-05-10 04:33:52,108 - INFO - Tokens - Input: 1628, Output: 543, Total: 2171
{"id": 11, "ts": 1778380432.1099508, "event": "public_discussion_message", "round": 3, "agent": "agent_3", "message": "I prefer Candidate B \u2013 handles stress very well.\nMETADATA_JSON:\n{\"agent\": \"agent_3\", \"vote\": \"Candidate B\"}"}
2026-05-10 04:33:52,110 - INFO - Agent turns: 7
2026-05-10 04:33:58,943 - INFO - Tokens - Input: 1677, Output: 777, Total: 2454
{"id": 12, "ts": 1778380438.9443145, "event": "public_discussion_message", "round": 3, "agent": "agent_1", "message": "I prefer Candidate C \u2013 known to be 100% reliable.\nMETADATA_JSON:\n{\"agent\": \"agent_1\", \"vote\": \"Candidate C\"}"}
2026-05-10 04:33:58,944 - INFO - Agent turns: 8
2026-05-10 04:34:03,531 - INFO - Tokens - Input: 1724, Output: 543, Total: 2267
{"id": 13, "ts": 1778380443.532229, "event": "public_discussion_message", "round": 3, "agent": "agent_2", "message": "I prefer Candidate A \u2013 excellent spatial vision.\nMETADATA_JSON:\n{\"agent\": \"agent_2\", \"vote\": \"Candidate A\"}"}
2026-05-10 04:34:03,532 - INFO - Agent turns: 9
2026-05-10 04:34:03,540 - INFO - Loop 3 completed
{"id": 14, "ts": 1778380443.546441, "event": "discussion_order", "round": 4, "order": ["agent_1", "agent_2", "agent_3"]}
2026-05-10 04:34:13,763 - INFO - Tokens - Input: 1756, Output: 601, Total: 2357
{"id": 15, "ts": 1778380453.7651255, "event": "public_discussion_message", "round": 4, "agent": "agent_1", "message": "I prefer Candidate C \u2013 known to be 100% reliable.\nMETADATA_JSON:\n{\"agent\": \"agent_1\", \"vote\": \"Candidate C\"}"}
2026-05-10 04:34:13,765 - INFO - Agent turns: 10
2026-05-10 04:34:22,579 - INFO - Tokens - Input: 1802, Output: 997, Total: 2799
{"id": 16, "ts": 1778380462.5812063, "event": "public_discussion_message", "round": 4, "agent": "agent_2", "message": "I prefer Candidate B \u2013 very conscientious.\nMETADATA_JSON:\n{\"agent\": \"agent_2\", \"vote\": \"Candidate B\"}"}
2026-05-10 04:34:22,581 - INFO - Agent turns: 11
2026-05-10 04:34:29,867 - INFO - Tokens - Input: 1825, Output: 631, Total: 2456
{"id": 17, "ts": 1778380469.8688266, "event": "public_discussion_message", "round": 4, "agent": "agent_3", "message": "I prefer Candidate B \u2013 handles stress very well.\nMETADATA_JSON:\n{\"agent\": \"agent_3\", \"vote\": \"Candidate B\"}"}
2026-05-10 04:34:29,868 - INFO - Agent turns: 12
2026-05-10 04:34:29,881 - INFO - Loop 4 completed
{"id": 18, "ts": 1778380469.887468, "event": "discussion_order", "round": 5, "order": ["agent_3", "agent_2", "agent_1"]}
2026-05-10 04:34:40,992 - INFO - Tokens - Input: 1859, Output: 1218, Total: 3077
{"id": 19, "ts": 1778380480.9933295, "event": "public_discussion_message", "round": 5, "agent": "agent_3", "message": "I prefer Candidate B \u2013 excellent computer skills.\nMETADATA_JSON:\n{\"agent\": \"agent_3\", \"vote\": \"Candidate B\"}"}
2026-05-10 04:34:40,993 - INFO - Agent turns: 13
2026-05-10 04:34:51,302 - INFO - Tokens - Input: 1909, Output: 838, Total: 2747
{"id": 20, "ts": 1778380491.3039384, "event": "public_discussion_message", "round": 5, "agent": "agent_2", "message": "I prefer Candidate B \u2013 very conscientious.\nMETADATA_JSON:\n{\"agent\": \"agent_2\", \"vote\": \"Candidate B\"}"}
2026-05-10 04:34:51,304 - INFO - Agent turns: 14
2026-05-10 04:35:00,686 - INFO - Tokens - Input: 1941, Output: 731, Total: 2672
{"id": 21, "ts": 1778380500.6874335, "event": "public_discussion_message", "round": 5, "agent": "agent_1", "message": "I prefer Candidate C \u2013 known to be 100% reliable.\nMETADATA_JSON:\n{\"agent\": \"agent_1\", \"vote\": \"Candidate C\"}"}
2026-05-10 04:35:00,687 - INFO - Agent turns: 15
2026-05-10 04:35:00,696 - INFO - Loop 5 completed
2026-05-10 04:35:00,696 - INFO - Final Chosen Candidate: Candidate B
2026-05-10 04:35:00,696 - INFO - Final Decision Method: max_round_majority_vote
2026-05-10 04:35:00,697 - INFO - Final Vote Count: {'Candidate C': 1, 'Candidate B': 2}
2026-05-10 04:35:00,697 - INFO - Correct Candidate: Candidate C
2026-05-10 04:35:00,697 - INFO - Decision Correct: 0
{"id": 22, "ts": 1778380500.698515, "event": "context_consistency_not_applicable", "reason": "explicit_smm_memory_disabled"}
{"id": 23, "ts": 1778380500.6986568, "event": "final_decision", "candidate": "Candidate B", "method": "max_round_majority_vote", "vote_count": {"Candidate C": 1, "Candidate B": 2}, "correct_candidate": "Candidate C", "decision_correct": 0, "round": 5}
2026-05-10 04:35:00,706 - INFO - ======================================================================
2026-05-10 04:35:00,706 - INFO - SIMULATION METRICS
2026-05-10 04:35:00,706 - INFO - ======================================================================
2026-05-10 04:35:00,707 - INFO - Total Loops: 5
2026-05-10 04:35:00,707 - INFO - Agent Turns (no vote checker): 15
2026-05-10 04:35:00,707 - INFO - Agent Tool Calls: 0
2026-05-10 04:35:00,707 - INFO - Agent Tool Messages: 0
2026-05-10 04:35:00,707 - INFO - Memory Updates: 0
2026-05-10 04:35:00,707 - INFO - Total Messages (no vote checker): 15
2026-05-10 04:35:00,707 - INFO - Input Tokens: 25142
2026-05-10 04:35:00,707 - INFO - Output Tokens: 10426
2026-05-10 04:35:00,707 - INFO - Total Tokens: 35568
2026-05-10 04:35:00,707 - INFO - Final Chosen Candidate: Candidate B
2026-05-10 04:35:00,707 - INFO - Final Decision Method: max_round_majority_vote
2026-05-10 04:35:00,707 - INFO - Final Vote Count: {'Candidate C': 1, 'Candidate B': 2}
2026-05-10 04:35:00,707 - INFO - Correct Candidate: Candidate C
2026-05-10 04:35:00,708 - INFO - Decision Correct: 0
2026-05-10 04:35:00,708 - INFO - Runtime: 111.89s
2026-05-10 04:35:00,708 - INFO - ======================================================================
