2026-05-07 14:26:59,553 - INFO - Metrics tracker initialized
{"id": 1, "ts": 1778156819.5798666, "event": "memory_reset"}
{"id": 2, "ts": 1778156819.5833492, "event": "discussion_order", "round": 1, "order": ["agent_3", "agent_1", "agent_2"]}
2026-05-07 14:27:05,517 - INFO - Tokens - Input: 1681, Output: 559, Total: 2240
{"id": 3, "ts": 1778156825.51906, "event": "public_discussion_message", "round": 1, "agent": "agent_3", "message": "I prefer Candidate B; handles stress very well.\nMETADATA_JSON:\n{\"agent\": \"agent_3\", \"vote\": \"Candidate B\"}"}
2026-05-07 14:27:05,519 - INFO - Agent turns: 1
2026-05-07 14:27:14,083 - INFO - Tokens - Input: 1194, Output: 1135, Total: 2329
2026-05-07 14:27:14,085 - INFO - Memory updates: 1
{"id": 4, "ts": 1778156834.085406, "event": "memory_updated", "agent": "agent_2", "round": 1}
2026-05-07 14:27:14,281 - INFO - Tokens - Input: 1191, Output: 999, Total: 2190
2026-05-07 14:27:14,282 - INFO - Memory updates: 2
{"id": 5, "ts": 1778156834.28294, "event": "memory_updated", "agent": "agent_1", "round": 1}
2026-05-07 14:27:30,296 - INFO - Tokens - Input: 1186, Output: 1549, Total: 2735
2026-05-07 14:27:30,298 - INFO - Memory updates: 3
{"id": 6, "ts": 1778156850.2984905, "event": "memory_updated", "agent": "agent_3", "round": 1}
2026-05-07 14:27:35,817 - INFO - Tokens - Input: 2132, Output: 367, Total: 2499
{"id": 7, "ts": 1778156855.8192794, "event": "public_discussion_message", "round": 1, "agent": "agent_1", "message": "Candidate C \u2013 known to be 100% reliable.\nMETADATA_JSON:\n{\"agent\": \"agent_1\", \"vote\": \"Candidate C\"}"}
2026-05-07 14:27:35,819 - INFO - Agent turns: 2
2026-05-07 14:27:48,471 - INFO - Tokens - Input: 1582, Output: 1094, Total: 2676
2026-05-07 14:27:48,472 - INFO - Memory updates: 4
{"id": 8, "ts": 1778156868.4730806, "event": "memory_updated", "agent": "agent_2", "round": 1}
2026-05-07 14:27:48,619 - INFO - Tokens - Input: 1737, Output: 1085, Total: 2822
2026-05-07 14:27:48,620 - INFO - Memory updates: 5
{"id": 9, "ts": 1778156868.6209137, "event": "memory_updated", "agent": "agent_3", "round": 1}
2026-05-07 14:27:49,663 - INFO - Tokens - Input: 1644, Output: 983, Total: 2627
2026-05-07 14:27:49,665 - INFO - Memory updates: 6
{"id": 10, "ts": 1778156869.6654618, "event": "memory_updated", "agent": "agent_1", "round": 1}
2026-05-07 14:28:00,000 - INFO - Tokens - Input: 2176, Output: 618, Total: 2794
{"id": 11, "ts": 1778156880.0022213, "event": "public_discussion_message", "round": 1, "agent": "agent_2", "message": "Candidate C \u2013 known to be 100\u202f% reliable.\nMETADATA_JSON:\n{\"agent\": \"agent_2\", \"vote\": \"Candidate C\"}"}
2026-05-07 14:28:00,002 - INFO - Agent turns: 3
2026-05-07 14:28:07,621 - INFO - Tokens - Input: 1825, Output: 1061, Total: 2886
2026-05-07 14:28:07,623 - INFO - Memory updates: 7
{"id": 12, "ts": 1778156887.623351, "event": "memory_updated", "agent": "agent_3", "round": 1}
2026-05-07 14:28:11,762 - INFO - Tokens - Input: 1690, Output: 1227, Total: 2917
2026-05-07 14:28:11,764 - INFO - Memory updates: 8
{"id": 13, "ts": 1778156891.7641428, "event": "memory_updated", "agent": "agent_2", "round": 1}
2026-05-07 14:28:13,952 - INFO - Tokens - Input: 1659, Output: 1070, Total: 2729
2026-05-07 14:28:13,954 - INFO - Memory updates: 9
{"id": 14, "ts": 1778156893.954632, "event": "memory_updated", "agent": "agent_1", "round": 1}
2026-05-07 14:28:13,963 - INFO - Loop 1 completed
{"id": 15, "ts": 1778156893.9692616, "event": "discussion_order", "round": 2, "order": ["agent_1", "agent_2", "agent_3"]}
2026-05-07 14:28:16,359 - INFO - Tokens - Input: 2240, Output: 159, Total: 2399
{"id": 16, "ts": 1778156896.360756, "event": "public_discussion_message", "round": 2, "agent": "agent_1", "message": "Candidate C \u2013 known to be 100% reliable.\nMETADATA_JSON:\n{\"agent\": \"agent_1\", \"vote\": \"Candidate C\"}"}
2026-05-07 14:28:16,360 - INFO - Agent turns: 4
2026-05-07 14:28:23,586 - INFO - Tokens - Input: 1734, Output: 876, Total: 2610
2026-05-07 14:28:23,588 - INFO - Memory updates: 10
{"id": 17, "ts": 1778156903.5887396, "event": "memory_updated", "agent": "agent_1", "round": 2}
2026-05-07 14:28:25,694 - INFO - Tokens - Input: 1789, Output: 1100, Total: 2889
2026-05-07 14:28:25,696 - INFO - Memory updates: 11
{"id": 18, "ts": 1778156905.6967676, "event": "memory_updated", "agent": "agent_2", "round": 2}
2026-05-07 14:28:25,813 - INFO - Tokens - Input: 1842, Output: 1280, Total: 3122
2026-05-07 14:28:25,815 - INFO - Memory updates: 12
{"id": 19, "ts": 1778156905.8153684, "event": "memory_updated", "agent": "agent_3", "round": 2}
2026-05-07 14:28:29,221 - INFO - Tokens - Input: 2337, Output: 144, Total: 2481
{"id": 20, "ts": 1778156909.2230268, "event": "public_discussion_message", "round": 2, "agent": "agent_2", "message": "Candidate C \u2013 keeps calm in a crisis.\nMETADATA_JSON:\n{\"agent\": \"agent_2\", \"vote\": \"Candidate C\"}"}
2026-05-07 14:28:29,223 - INFO - Agent turns: 5
2026-05-07 14:28:36,784 - INFO - Tokens - Input: 1769, Output: 948, Total: 2717
2026-05-07 14:28:36,786 - INFO - Memory updates: 13
{"id": 21, "ts": 1778156916.7867186, "event": "memory_updated", "agent": "agent_1", "round": 2}
2026-05-07 14:28:38,416 - INFO - Tokens - Input: 1845, Output: 1104, Total: 2949
2026-05-07 14:28:38,418 - INFO - Memory updates: 14
{"id": 22, "ts": 1778156918.4181743, "event": "memory_updated", "agent": "agent_2", "round": 2}
2026-05-07 14:28:38,684 - INFO - Tokens - Input: 1905, Output: 1259, Total: 3164
2026-05-07 14:28:38,686 - INFO - Memory updates: 15
{"id": 23, "ts": 1778156918.6862328, "event": "memory_updated", "agent": "agent_3", "round": 2}
2026-05-07 14:28:41,085 - INFO - Tokens - Input: 2456, Output: 194, Total: 2650
{"id": 24, "ts": 1778156921.0865846, "event": "public_discussion_message", "round": 2, "agent": "agent_3", "message": "Candidate B \u2013 handles stress very well.\nMETADATA_JSON:\n{\"agent\": \"agent_3\", \"vote\": \"Candidate B\"}"}
2026-05-07 14:28:41,086 - INFO - Agent turns: 6
2026-05-07 14:28:47,348 - INFO - Tokens - Input: 1962, Output: 866, Total: 2828
2026-05-07 14:28:47,350 - INFO - Memory updates: 16
{"id": 25, "ts": 1778156927.3510683, "event": "memory_updated", "agent": "agent_3", "round": 2}
2026-05-07 14:28:48,450 - INFO - Tokens - Input: 1895, Output: 955, Total: 2850
2026-05-07 14:28:48,451 - INFO - Memory updates: 17
{"id": 26, "ts": 1778156928.4521163, "event": "memory_updated", "agent": "agent_2", "round": 2}
2026-05-07 14:28:49,178 - INFO - Tokens - Input: 1737, Output: 1008, Total: 2745
2026-05-07 14:28:49,180 - INFO - Memory updates: 18
{"id": 27, "ts": 1778156929.180318, "event": "memory_updated", "agent": "agent_1", "round": 2}
2026-05-07 14:28:49,189 - INFO - Loop 2 completed
{"id": 28, "ts": 1778156929.195626, "event": "discussion_order", "round": 3, "order": ["agent_1", "agent_3", "agent_2"]}
2026-05-07 14:28:50,200 - INFO - Tokens - Input: 2313, Output: 123, Total: 2436
{"id": 29, "ts": 1778156930.2013814, "event": "public_discussion_message", "round": 3, "agent": "agent_1", "message": "Candidate C \u2013 creates a positive atmosphere with his crew.\nMETADATA_JSON:\n{\"agent\": \"agent_1\", \"vote\": \"Candidate C\"}"}
2026-05-07 14:28:50,201 - INFO - Agent turns: 7
2026-05-07 14:28:57,532 - INFO - Tokens - Input: 1807, Output: 1042, Total: 2849
2026-05-07 14:28:57,534 - INFO - Memory updates: 19
{"id": 30, "ts": 1778156937.5342062, "event": "memory_updated", "agent": "agent_1", "round": 3}
2026-05-07 14:28:57,717 - INFO - Tokens - Input: 1711, Output: 992, Total: 2703
2026-05-07 14:28:57,719 - INFO - Memory updates: 20
{"id": 31, "ts": 1778156937.7191849, "event": "memory_updated", "agent": "agent_2", "round": 3}
2026-05-07 14:28:59,400 - INFO - Tokens - Input: 1669, Output: 1101, Total: 2770
2026-05-07 14:28:59,402 - INFO - Memory updates: 21
{"id": 32, "ts": 1778156939.4022324, "event": "memory_updated", "agent": "agent_3", "round": 3}
2026-05-07 14:29:01,243 - INFO - Tokens - Input: 2366, Output: 148, Total: 2514
{"id": 33, "ts": 1778156941.245386, "event": "public_discussion_message", "round": 3, "agent": "agent_3", "message": "I prefer Candidate B \u2013 handles stress very well.\nMETADATA_JSON:\n{\"agent\": \"agent_3\", \"vote\": \"Candidate B\"}"}
2026-05-07 14:29:01,245 - INFO - Agent turns: 8
2026-05-07 14:29:08,320 - INFO - Tokens - Input: 1876, Output: 869, Total: 2745
2026-05-07 14:29:08,322 - INFO - Memory updates: 22
{"id": 34, "ts": 1778156948.3221872, "event": "memory_updated", "agent": "agent_3", "round": 3}
2026-05-07 14:29:08,369 - INFO - Tokens - Input: 1839, Output: 1003, Total: 2842
2026-05-07 14:29:08,370 - INFO - Memory updates: 23
{"id": 35, "ts": 1778156948.3710773, "event": "memory_updated", "agent": "agent_1", "round": 3}
2026-05-07 14:29:09,888 - INFO - Tokens - Input: 1769, Output: 1094, Total: 2863
2026-05-07 14:29:09,889 - INFO - Memory updates: 24
{"id": 36, "ts": 1778156949.8900876, "event": "memory_updated", "agent": "agent_2", "round": 3}
2026-05-07 14:29:13,231 - INFO - Tokens - Input: 2251, Output: 123, Total: 2374
{"id": 37, "ts": 1778156953.2332308, "event": "public_discussion_message", "round": 3, "agent": "agent_2", "message": "Candidate C \u2013 keeps calm in a crisis.\nMETADATA_JSON:\n{\"agent\": \"agent_2\", \"vote\": \"Candidate C\"}"}
2026-05-07 14:29:13,233 - INFO - Agent turns: 9
2026-05-07 14:29:19,360 - INFO - Tokens - Input: 1805, Output: 822, Total: 2627
2026-05-07 14:29:19,362 - INFO - Memory updates: 25
{"id": 38, "ts": 1778156959.3626277, "event": "memory_updated", "agent": "agent_1", "round": 3}
2026-05-07 14:29:19,996 - INFO - Tokens - Input: 1759, Output: 799, Total: 2558
2026-05-07 14:29:19,997 - INFO - Memory updates: 26
{"id": 39, "ts": 1778156959.9970658, "event": "memory_updated", "agent": "agent_2", "round": 3}
2026-05-07 14:29:20,420 - INFO - Tokens - Input: 1853, Output: 892, Total: 2745
2026-05-07 14:29:20,421 - INFO - Memory updates: 27
{"id": 40, "ts": 1778156960.4217575, "event": "memory_updated", "agent": "agent_3", "round": 3}
2026-05-07 14:29:20,429 - INFO - Loop 3 completed
{"id": 41, "ts": 1778156960.4352372, "event": "discussion_order", "round": 4, "order": ["agent_3", "agent_1", "agent_2"]}
2026-05-07 14:29:22,157 - INFO - Tokens - Input: 2383, Output: 131, Total: 2514
{"id": 42, "ts": 1778156962.1590078, "event": "public_discussion_message", "round": 4, "agent": "agent_3", "message": "I prefer Candidate B \u2013 handles stress very well.\nMETADATA_JSON:\n{\"agent\": \"agent_3\", \"vote\": \"Candidate B\"}"}
2026-05-07 14:29:22,159 - INFO - Agent turns: 10
2026-05-07 14:29:28,149 - INFO - Tokens - Input: 1762, Output: 791, Total: 2553
2026-05-07 14:29:28,151 - INFO - Memory updates: 28
{"id": 43, "ts": 1778156968.1517992, "event": "memory_updated", "agent": "agent_2", "round": 4}
2026-05-07 14:29:28,500 - INFO - Tokens - Input: 1838, Output: 819, Total: 2657
2026-05-07 14:29:28,501 - INFO - Memory updates: 29
{"id": 44, "ts": 1778156968.5018864, "event": "memory_updated", "agent": "agent_1", "round": 4}
2026-05-07 14:29:29,131 - INFO - Tokens - Input: 1875, Output: 952, Total: 2827
2026-05-07 14:29:29,132 - INFO - Memory updates: 30
{"id": 45, "ts": 1778156969.1331065, "event": "memory_updated", "agent": "agent_3", "round": 4}
2026-05-07 14:29:30,110 - INFO - Tokens - Input: 2366, Output: 115, Total: 2481
{"id": 46, "ts": 1778156970.1117291, "event": "public_discussion_message", "round": 4, "agent": "agent_1", "message": "Candidate C \u2013 known to be 100% reliable.\nMETADATA_JSON:\n{\"agent\": \"agent_1\", \"vote\": \"Candidate C\"}"}
2026-05-07 14:29:30,111 - INFO - Agent turns: 11
2026-05-07 14:29:36,501 - INFO - Tokens - Input: 1878, Output: 774, Total: 2652
2026-05-07 14:29:36,502 - INFO - Memory updates: 31
{"id": 47, "ts": 1778156976.5030837, "event": "memory_updated", "agent": "agent_1", "round": 4}
2026-05-07 14:29:36,814 - INFO - Tokens - Input: 1746, Output: 790, Total: 2536
2026-05-07 14:29:36,817 - INFO - Memory updates: 32
{"id": 48, "ts": 1778156976.8171513, "event": "memory_updated", "agent": "agent_2", "round": 4}
2026-05-07 14:29:36,907 - INFO - Tokens - Input: 1929, Output: 919, Total: 2848
2026-05-07 14:29:36,908 - INFO - Memory updates: 33
{"id": 49, "ts": 1778156976.9091337, "event": "memory_updated", "agent": "agent_3", "round": 4}
2026-05-07 14:29:39,632 - INFO - Tokens - Input: 2278, Output: 234, Total: 2512
{"id": 50, "ts": 1778156979.633591, "event": "public_discussion_message", "round": 4, "agent": "agent_2", "message": "Candidate C \u2013 keeps calm in a crisis.\nMETADATA_JSON:\n{\"agent\": \"agent_2\", \"vote\": \"Candidate C\"}"}
2026-05-07 14:29:39,633 - INFO - Agent turns: 12
2026-05-07 14:29:44,935 - INFO - Tokens - Input: 1786, Output: 706, Total: 2492
2026-05-07 14:29:44,937 - INFO - Memory updates: 34
{"id": 51, "ts": 1778156984.9374185, "event": "memory_updated", "agent": "agent_2", "round": 4}
2026-05-07 14:29:46,576 - INFO - Tokens - Input: 1906, Output: 956, Total: 2862
2026-05-07 14:29:46,578 - INFO - Memory updates: 35
{"id": 52, "ts": 1778156986.5790555, "event": "memory_updated", "agent": "agent_1", "round": 4}
2026-05-07 14:29:48,563 - INFO - Tokens - Input: 1903, Output: 1178, Total: 3081
2026-05-07 14:29:48,564 - INFO - Memory updates: 36
{"id": 53, "ts": 1778156988.564952, "event": "memory_updated", "agent": "agent_3", "round": 4}
2026-05-07 14:29:48,574 - INFO - Loop 4 completed
{"id": 54, "ts": 1778156988.5807693, "event": "discussion_order", "round": 5, "order": ["agent_1", "agent_2", "agent_3"]}
2026-05-07 14:29:49,861 - INFO - Tokens - Input: 2453, Output: 120, Total: 2573
{"id": 55, "ts": 1778156989.8622866, "event": "public_discussion_message", "round": 5, "agent": "agent_1", "message": "Candidate C \u2013 known to be 100% reliable.\nMETADATA_JSON:\n{\"agent\": \"agent_1\", \"vote\": \"Candidate C\"}"}
2026-05-07 14:29:49,862 - INFO - Agent turns: 13
2026-05-07 14:29:56,242 - INFO - Tokens - Input: 1945, Output: 838, Total: 2783
2026-05-07 14:29:56,244 - INFO - Memory updates: 37
{"id": 56, "ts": 1778156996.2443109, "event": "memory_updated", "agent": "agent_3", "round": 5}
2026-05-07 14:29:56,504 - INFO - Tokens - Input: 1826, Output: 846, Total: 2672
2026-05-07 14:29:56,506 - INFO - Memory updates: 38
{"id": 57, "ts": 1778156996.5062718, "event": "memory_updated", "agent": "agent_2", "round": 5}
2026-05-07 14:29:56,535 - INFO - Tokens - Input: 1947, Output: 865, Total: 2812
2026-05-07 14:29:56,536 - INFO - Memory updates: 39
{"id": 58, "ts": 1778156996.5370128, "event": "memory_updated", "agent": "agent_1", "round": 5}
2026-05-07 14:29:59,602 - INFO - Tokens - Input: 2357, Output: 114, Total: 2471
{"id": 59, "ts": 1778156999.6036549, "event": "public_discussion_message", "round": 5, "agent": "agent_2", "message": "Candidate C \u2013 keeps calm in a crisis.\nMETADATA_JSON:\n{\"agent\": \"agent_2\", \"vote\": \"Candidate C\"}"}
2026-05-07 14:29:59,603 - INFO - Agent turns: 14
2026-05-07 14:30:05,580 - INFO - Tokens - Input: 1865, Output: 805, Total: 2670
2026-05-07 14:30:05,582 - INFO - Memory updates: 40
{"id": 60, "ts": 1778157005.5831583, "event": "memory_updated", "agent": "agent_2", "round": 5}
2026-05-07 14:30:06,245 - INFO - Tokens - Input: 1988, Output: 890, Total: 2878
2026-05-07 14:30:06,246 - INFO - Memory updates: 41
{"id": 61, "ts": 1778157006.2469637, "event": "memory_updated", "agent": "agent_1", "round": 5}
2026-05-07 14:30:06,840 - INFO - Tokens - Input: 1963, Output: 1012, Total: 2975
2026-05-07 14:30:06,842 - INFO - Memory updates: 42
{"id": 62, "ts": 1778157006.8422713, "event": "memory_updated", "agent": "agent_3", "round": 5}
2026-05-07 14:30:11,638 - INFO - Tokens - Input: 2538, Output: 135, Total: 2673
{"id": 63, "ts": 1778157011.6401641, "event": "public_discussion_message", "round": 5, "agent": "agent_3", "message": "I prefer Candidate B \u2013 handles stress very well.\nMETADATA_JSON:\n{\"agent\": \"agent_3\", \"vote\": \"Candidate B\"}"}
2026-05-07 14:30:11,640 - INFO - Agent turns: 15
2026-05-07 14:30:17,100 - INFO - Tokens - Input: 2048, Output: 741, Total: 2789
2026-05-07 14:30:17,101 - INFO - Memory updates: 43
{"id": 64, "ts": 1778157017.1020586, "event": "memory_updated", "agent": "agent_3", "round": 5}
2026-05-07 14:30:17,833 - INFO - Tokens - Input: 1968, Output: 758, Total: 2726
2026-05-07 14:30:17,835 - INFO - Memory updates: 44
{"id": 65, "ts": 1778157017.8356974, "event": "memory_updated", "agent": "agent_1", "round": 5}
2026-05-07 14:30:19,017 - INFO - Tokens - Input: 1904, Output: 1029, Total: 2933
2026-05-07 14:30:19,019 - INFO - Memory updates: 45
{"id": 66, "ts": 1778157019.0192857, "event": "memory_updated", "agent": "agent_2", "round": 5}
2026-05-07 14:30:19,028 - INFO - Loop 5 completed
2026-05-07 14:30:19,029 - INFO - Final Chosen Candidate: Candidate C
2026-05-07 14:30:19,029 - INFO - Final Decision Method: max_round_majority_vote
2026-05-07 14:30:19,029 - INFO - Final Vote Count: {'Candidate C': 2, 'Candidate B': 1}
2026-05-07 14:30:19,029 - INFO - Correct Candidate: Candidate C
2026-05-07 14:30:19,029 - INFO - Decision Correct: 1
{"id": 67, "ts": 1778157019.3625574, "event": "context_consistency_calculated", "method": "embedding_cosine", "mean_pairwise_similarity": 0.886628, "pairwise": [{"agent_a": "agent_1", "agent_b": "agent_2", "similarity": 0.883654}, {"agent_a": "agent_1", "agent_b": "agent_3", "similarity": 0.904258}, {"agent_a": "agent_2", "agent_b": "agent_3", "similarity": 0.871973}]}
{"id": 68, "ts": 1778157019.3627374, "event": "agent_memories_archived", "directory": "/home/lhegemann/git/bachelor_thesis/01_data/raw/simulations/low/low_treatment_20260507_140016_007/shared_mental_models", "round": 5}
{"id": 69, "ts": 1778157019.362831, "event": "final_decision", "candidate": "Candidate C", "method": "max_round_majority_vote", "vote_count": {"Candidate C": 2, "Candidate B": 1}, "correct_candidate": "Candidate C", "decision_correct": 1, "round": 5}
2026-05-07 14:30:19,374 - INFO - ======================================================================
2026-05-07 14:30:19,374 - INFO - SIMULATION METRICS
2026-05-07 14:30:19,374 - INFO - ======================================================================
2026-05-07 14:30:19,374 - INFO - Total Loops: 5
2026-05-07 14:30:19,375 - INFO - Agent Turns (no vote checker): 15
2026-05-07 14:30:19,375 - INFO - Agent Tool Calls: 0
2026-05-07 14:30:19,375 - INFO - Agent Tool Messages: 0
2026-05-07 14:30:19,375 - INFO - Memory Updates: 45
2026-05-07 14:30:19,375 - INFO - Total Messages (no vote checker): 15
2026-05-07 14:30:19,375 - INFO - Input Tokens: 114678
2026-05-07 14:30:19,375 - INFO - Output Tokens: 47166
2026-05-07 14:30:19,375 - INFO - Total Tokens: 161844
2026-05-07 14:30:19,375 - INFO - Final Chosen Candidate: Candidate C
2026-05-07 14:30:19,375 - INFO - Final Decision Method: max_round_majority_vote
2026-05-07 14:30:19,375 - INFO - Final Vote Count: {'Candidate C': 2, 'Candidate B': 1}
2026-05-07 14:30:19,375 - INFO - Correct Candidate: Candidate C
2026-05-07 14:30:19,375 - INFO - Decision Correct: 1
2026-05-07 14:30:19,376 - INFO - Runtime: 199.82s
2026-05-07 14:30:19,376 - INFO - ======================================================================
