2026-05-16 22:36:50,225 - INFO - Metrics tracker initialized
{"id": 1, "ts": 1778963810.2593727, "event": "memory_reset"}
{"id": 2, "ts": 1778963810.2641487, "event": "discussion_order", "round": 1, "order": ["agent_3", "agent_1", "agent_2"]}
2026-05-16 22:36:56,102 - INFO - Tokens - Input: 1936, Output: 511, Total: 2447
{"id": 3, "ts": 1778963816.1036565, "event": "public_discussion_message", "round": 1, "agent": "agent_3", "message": "I favor Candidate B \u2013 handles stress very well.\nMETADATA_JSON:\n{\"agent\": \"agent_3\", \"vote\": \"Candidate B\"}"}
2026-05-16 22:36:56,103 - INFO - Agent turns: 1
2026-05-16 22:37:05,105 - INFO - Tokens - Input: 1581, Output: 681, Total: 2262
2026-05-16 22:37:05,108 - INFO - Memory updates: 1
{"id": 4, "ts": 1778963825.10823, "event": "memory_updated", "agent": "agent_2", "round": 1}
2026-05-16 22:37:08,538 - INFO - Tokens - Input: 1573, Output: 1047, Total: 2620
2026-05-16 22:37:08,540 - INFO - Memory updates: 2
{"id": 5, "ts": 1778963828.5408802, "event": "memory_updated", "agent": "agent_3", "round": 1}
2026-05-16 22:37:11,372 - INFO - Tokens - Input: 1578, Output: 1407, Total: 2985
2026-05-16 22:37:11,375 - INFO - Memory updates: 3
{"id": 6, "ts": 1778963831.3753712, "event": "memory_updated", "agent": "agent_1", "round": 1}
2026-05-16 22:37:15,370 - INFO - Tokens - Input: 2344, Output: 456, Total: 2800
{"id": 7, "ts": 1778963835.371796, "event": "public_discussion_message", "round": 1, "agent": "agent_1", "message": "I prefer Candidate A \u2013 has excellent spatial vision.\nMETADATA_JSON:\n{\"agent\": \"agent_1\", \"vote\": \"Candidate A\"}"}
2026-05-16 22:37:15,371 - INFO - Agent turns: 2
2026-05-16 22:37:22,667 - INFO - Tokens - Input: 1987, Output: 503, Total: 2490
2026-05-16 22:37:22,670 - INFO - Memory updates: 4
{"id": 8, "ts": 1778963842.6703696, "event": "memory_updated", "agent": "agent_1", "round": 1}
2026-05-16 22:37:26,754 - INFO - Tokens - Input: 1574, Output: 938, Total: 2512
2026-05-16 22:37:26,756 - INFO - Memory updates: 5
{"id": 9, "ts": 1778963846.7569728, "event": "memory_updated", "agent": "agent_2", "round": 1}
2026-05-16 22:37:28,365 - INFO - Tokens - Input: 1553, Output: 1144, Total: 2697
2026-05-16 22:37:28,367 - INFO - Memory updates: 6
{"id": 10, "ts": 1778963848.3673964, "event": "memory_updated", "agent": "agent_3", "round": 1}
2026-05-16 22:37:33,408 - INFO - Tokens - Input: 2025, Output: 603, Total: 2628
{"id": 11, "ts": 1778963853.4098182, "event": "public_discussion_message", "round": 1, "agent": "agent_2", "message": "Candidate A \u2013 very good leadership qualities.\nMETADATA_JSON:\n{\"agent\": \"agent_2\", \"vote\": \"Candidate A\"}"}
2026-05-16 22:37:33,409 - INFO - Agent turns: 3
2026-05-16 22:37:40,884 - INFO - Tokens - Input: 2023, Output: 518, Total: 2541
2026-05-16 22:37:40,888 - INFO - Memory updates: 7
{"id": 12, "ts": 1778963860.8884401, "event": "memory_updated", "agent": "agent_1", "round": 1}
2026-05-16 22:37:44,341 - INFO - Tokens - Input: 1620, Output: 886, Total: 2506
2026-05-16 22:37:44,343 - INFO - Memory updates: 8
{"id": 13, "ts": 1778963864.3435545, "event": "memory_updated", "agent": "agent_3", "round": 1}
2026-05-16 22:37:45,418 - INFO - Tokens - Input: 1666, Output: 1024, Total: 2690
2026-05-16 22:37:45,420 - INFO - Memory updates: 9
{"id": 14, "ts": 1778963865.4206874, "event": "memory_updated", "agent": "agent_2", "round": 1}
2026-05-16 22:37:45,429 - INFO - Loop 1 completed
{"id": 15, "ts": 1778963865.4359984, "event": "discussion_order", "round": 2, "order": ["agent_2", "agent_1", "agent_3"]}
2026-05-16 22:37:48,234 - INFO - Tokens - Input: 2081, Output: 314, Total: 2395
{"id": 16, "ts": 1778963868.236451, "event": "public_discussion_message", "round": 2, "agent": "agent_2", "message": "Candidate A \u2013 very good leadership qualities.\nMETADATA_JSON:\n{\"agent\": \"agent_2\", \"vote\": \"Candidate A\"}"}
2026-05-16 22:37:48,236 - INFO - Agent turns: 4
2026-05-16 22:37:53,497 - INFO - Tokens - Input: 1698, Output: 365, Total: 2063
2026-05-16 22:37:53,499 - INFO - Memory updates: 10
{"id": 17, "ts": 1778963873.5, "event": "memory_updated", "agent": "agent_3", "round": 2}
2026-05-16 22:37:53,502 - INFO - Tokens - Input: 2076, Output: 367, Total: 2443
2026-05-16 22:37:53,504 - INFO - Memory updates: 11
{"id": 18, "ts": 1778963873.5047574, "event": "memory_updated", "agent": "agent_1", "round": 2}
2026-05-16 22:37:53,698 - INFO - Tokens - Input: 1722, Output: 393, Total: 2115
2026-05-16 22:37:53,700 - INFO - Memory updates: 12
{"id": 19, "ts": 1778963873.7006116, "event": "memory_updated", "agent": "agent_2", "round": 2}
2026-05-16 22:37:57,666 - INFO - Tokens - Input: 2471, Output: 452, Total: 2923
{"id": 20, "ts": 1778963877.6681588, "event": "public_discussion_message", "round": 2, "agent": "agent_1", "message": "Candidate A \u2013 has excellent spatial vision.\nMETADATA_JSON:\n{\"agent\": \"agent_1\", \"vote\": \"Candidate A\"}"}
2026-05-16 22:37:57,668 - INFO - Agent turns: 5
2026-05-16 22:38:02,480 - INFO - Tokens - Input: 1758, Output: 321, Total: 2079
2026-05-16 22:38:02,484 - INFO - Memory updates: 13
{"id": 21, "ts": 1778963882.4851189, "event": "memory_updated", "agent": "agent_2", "round": 2}
2026-05-16 22:38:02,914 - INFO - Tokens - Input: 1734, Output: 366, Total: 2100
2026-05-16 22:38:02,916 - INFO - Memory updates: 14
{"id": 22, "ts": 1778963882.9170306, "event": "memory_updated", "agent": "agent_3", "round": 2}
2026-05-16 22:38:03,481 - INFO - Tokens - Input: 2112, Output: 441, Total: 2553
2026-05-16 22:38:03,484 - INFO - Memory updates: 15
{"id": 23, "ts": 1778963883.4841788, "event": "memory_updated", "agent": "agent_1", "round": 2}
2026-05-16 22:38:09,767 - INFO - Tokens - Input: 2129, Output: 757, Total: 2886
{"id": 24, "ts": 1778963889.7678525, "event": "public_discussion_message", "round": 2, "agent": "agent_3", "message": "Candidate B \u2013 handles stress very well.\nMETADATA_JSON:\n{\"agent\": \"agent_3\", \"vote\": \"Candidate B\"}"}
2026-05-16 22:38:09,767 - INFO - Agent turns: 6
2026-05-16 22:38:13,373 - INFO - Tokens - Input: 1770, Output: 219, Total: 1989
2026-05-16 22:38:13,376 - INFO - Memory updates: 16
{"id": 25, "ts": 1778963893.376453, "event": "memory_updated", "agent": "agent_3", "round": 2}
2026-05-16 22:38:13,490 - INFO - Tokens - Input: 2148, Output: 233, Total: 2381
2026-05-16 22:38:13,493 - INFO - Memory updates: 17
{"id": 26, "ts": 1778963893.4931607, "event": "memory_updated", "agent": "agent_1", "round": 2}
2026-05-16 22:38:17,284 - INFO - Tokens - Input: 1794, Output: 728, Total: 2522
2026-05-16 22:38:17,286 - INFO - Memory updates: 18
{"id": 27, "ts": 1778963897.2867515, "event": "memory_updated", "agent": "agent_2", "round": 2}
2026-05-16 22:38:17,294 - INFO - Loop 2 completed
{"id": 28, "ts": 1778963897.3001807, "event": "discussion_order", "round": 3, "order": ["agent_3", "agent_1", "agent_2"]}
2026-05-16 22:38:24,900 - INFO - Tokens - Input: 2165, Output: 940, Total: 3105
{"id": 29, "ts": 1778963904.9023232, "event": "public_discussion_message", "round": 3, "agent": "agent_3", "message": "Candidate B \u2013 handles stress very well.\nMETADATA_JSON:\n{\"agent\": \"agent_3\", \"vote\": \"Candidate B\"}"}
2026-05-16 22:38:24,902 - INFO - Agent turns: 7
2026-05-16 22:38:27,837 - INFO - Tokens - Input: 1806, Output: 204, Total: 2010
2026-05-16 22:38:27,839 - INFO - Memory updates: 19
{"id": 30, "ts": 1778963907.8400042, "event": "memory_updated", "agent": "agent_3", "round": 3}
2026-05-16 22:38:28,894 - INFO - Tokens - Input: 2184, Output: 319, Total: 2503
2026-05-16 22:38:28,897 - INFO - Memory updates: 20
{"id": 31, "ts": 1778963908.8974822, "event": "memory_updated", "agent": "agent_1", "round": 3}
2026-05-16 22:38:29,456 - INFO - Tokens - Input: 1830, Output: 392, Total: 2222
2026-05-16 22:38:29,459 - INFO - Memory updates: 21
{"id": 32, "ts": 1778963909.459238, "event": "memory_updated", "agent": "agent_2", "round": 3}
2026-05-16 22:38:32,950 - INFO - Tokens - Input: 2579, Output: 388, Total: 2967
{"id": 33, "ts": 1778963912.952048, "event": "public_discussion_message", "round": 3, "agent": "agent_1", "message": "Candidate A \u2013 has excellent spatial vision.\nMETADATA_JSON:\n{\"agent\": \"agent_1\", \"vote\": \"Candidate A\"}"}
2026-05-16 22:38:32,952 - INFO - Agent turns: 8
2026-05-16 22:38:37,657 - INFO - Tokens - Input: 2220, Output: 337, Total: 2557
2026-05-16 22:38:37,660 - INFO - Memory updates: 22
{"id": 34, "ts": 1778963917.66059, "event": "memory_updated", "agent": "agent_1", "round": 3}
2026-05-16 22:38:38,148 - INFO - Tokens - Input: 1842, Output: 388, Total: 2230
2026-05-16 22:38:38,150 - INFO - Memory updates: 23
{"id": 35, "ts": 1778963918.1506681, "event": "memory_updated", "agent": "agent_3", "round": 3}
2026-05-16 22:38:38,850 - INFO - Tokens - Input: 1866, Output: 479, Total: 2345
2026-05-16 22:38:38,852 - INFO - Memory updates: 24
{"id": 36, "ts": 1778963918.852374, "event": "memory_updated", "agent": "agent_2", "round": 3}
2026-05-16 22:38:40,626 - INFO - Tokens - Input: 2261, Output: 177, Total: 2438
{"id": 37, "ts": 1778963920.6282184, "event": "public_discussion_message", "round": 3, "agent": "agent_2", "message": "Candidate A \u2013 can anticipate dangerous situations.\nMETADATA_JSON:\n{\"agent\": \"agent_2\", \"vote\": \"Candidate A\"}"}
2026-05-16 22:38:40,628 - INFO - Agent turns: 9
2026-05-16 22:38:44,005 - INFO - Tokens - Input: 2256, Output: 239, Total: 2495
2026-05-16 22:38:44,007 - INFO - Memory updates: 25
{"id": 38, "ts": 1778963924.0081003, "event": "memory_updated", "agent": "agent_1", "round": 3}
2026-05-16 22:38:48,368 - INFO - Tokens - Input: 1878, Output: 704, Total: 2582
2026-05-16 22:38:48,370 - INFO - Memory updates: 26
{"id": 39, "ts": 1778963928.3705883, "event": "memory_updated", "agent": "agent_3", "round": 3}
2026-05-16 22:38:48,375 - INFO - Tokens - Input: 1902, Output: 705, Total: 2607
2026-05-16 22:38:48,377 - INFO - Memory updates: 27
{"id": 40, "ts": 1778963928.3780348, "event": "memory_updated", "agent": "agent_2", "round": 3}
2026-05-16 22:38:48,392 - INFO - Loop 3 completed
{"id": 41, "ts": 1778963928.397919, "event": "discussion_order", "round": 4, "order": ["agent_1", "agent_3", "agent_2"]}
2026-05-16 22:38:50,308 - INFO - Tokens - Input: 2651, Output: 172, Total: 2823
{"id": 42, "ts": 1778963930.3094866, "event": "public_discussion_message", "round": 4, "agent": "agent_1", "message": "Candidate A \u2013 has very good leadership qualities.\nMETADATA_JSON:\n{\"agent\": \"agent_1\", \"vote\": \"Candidate A\"}"}
2026-05-16 22:38:50,309 - INFO - Agent turns: 10
2026-05-16 22:38:57,409 - INFO - Tokens - Input: 2293, Output: 473, Total: 2766
2026-05-16 22:38:57,412 - INFO - Memory updates: 28
{"id": 43, "ts": 1778963937.4121935, "event": "memory_updated", "agent": "agent_1", "round": 4}
2026-05-16 22:39:01,820 - INFO - Tokens - Input: 1961, Output: 930, Total: 2891
2026-05-16 22:39:01,823 - INFO - Memory updates: 29
{"id": 44, "ts": 1778963941.823444, "event": "memory_updated", "agent": "agent_2", "round": 4}
2026-05-16 22:39:03,637 - INFO - Tokens - Input: 1931, Output: 1154, Total: 3085
2026-05-16 22:39:03,639 - INFO - Memory updates: 30
{"id": 45, "ts": 1778963943.6398814, "event": "memory_updated", "agent": "agent_3", "round": 4}
2026-05-16 22:39:10,706 - INFO - Tokens - Input: 2344, Output: 843, Total: 3187
{"id": 46, "ts": 1778963950.7078466, "event": "public_discussion_message", "round": 4, "agent": "agent_3", "message": "Candidate B \u2013 very conscientious.\nMETADATA_JSON:\n{\"agent\": \"agent_3\", \"vote\": \"Candidate B\"}"}
2026-05-16 22:39:10,708 - INFO - Agent turns: 11
2026-05-16 22:39:24,385 - INFO - Tokens - Input: 2012, Output: 1000, Total: 3012
2026-05-16 22:39:24,387 - INFO - Memory updates: 31
{"id": 47, "ts": 1778963964.3874588, "event": "memory_updated", "agent": "agent_2", "round": 4}
2026-05-16 22:39:25,317 - INFO - Tokens - Input: 1983, Output: 1098, Total: 3081
2026-05-16 22:39:25,320 - INFO - Memory updates: 32
{"id": 48, "ts": 1778963965.320433, "event": "memory_updated", "agent": "agent_3", "round": 4}
2026-05-16 22:39:29,533 - INFO - Tokens - Input: 2327, Output: 1635, Total: 3962
2026-05-16 22:39:29,536 - INFO - Memory updates: 33
{"id": 49, "ts": 1778963969.5365772, "event": "memory_updated", "agent": "agent_1", "round": 4}
2026-05-16 22:39:39,171 - INFO - Tokens - Input: 2424, Output: 1184, Total: 3608
{"id": 50, "ts": 1778963979.1729689, "event": "public_discussion_message", "round": 4, "agent": "agent_2", "message": "Candidate B \u2013 handles stress very well.\nMETADATA_JSON:\n{\"agent\": \"agent_2\", \"vote\": \"Candidate B\"}"}
2026-05-16 22:39:39,173 - INFO - Agent turns: 12
2026-05-16 22:39:57,054 - INFO - Tokens - Input: 2065, Output: 1315, Total: 3380
2026-05-16 22:39:57,056 - INFO - Memory updates: 34
{"id": 51, "ts": 1778963997.0569518, "event": "memory_updated", "agent": "agent_2", "round": 4}
2026-05-16 22:39:57,537 - INFO - Tokens - Input: 2033, Output: 1365, Total: 3398
2026-05-16 22:39:57,539 - INFO - Memory updates: 35
{"id": 52, "ts": 1778963997.5400183, "event": "memory_updated", "agent": "agent_3", "round": 4}
2026-05-16 22:40:01,011 - INFO - Tokens - Input: 2376, Output: 1794, Total: 4170
2026-05-16 22:40:01,014 - INFO - Memory updates: 36
{"id": 53, "ts": 1778964001.0147798, "event": "memory_updated", "agent": "agent_1", "round": 4}
2026-05-16 22:40:01,023 - INFO - Loop 4 completed
{"id": 54, "ts": 1778964001.0299354, "event": "discussion_order", "round": 5, "order": ["agent_1", "agent_2", "agent_3"]}
2026-05-16 22:40:03,291 - INFO - Tokens - Input: 2787, Output: 209, Total: 2996
{"id": 55, "ts": 1778964003.2925758, "event": "public_discussion_message", "round": 5, "agent": "agent_1", "message": "Candidate A \u2013 has excellent spatial vision.\nMETADATA_JSON:\n{\"agent\": \"agent_1\", \"vote\": \"Candidate A\"}"}
2026-05-16 22:40:03,292 - INFO - Agent turns: 13
2026-05-16 22:40:07,457 - INFO - Tokens - Input: 2428, Output: 242, Total: 2670
2026-05-16 22:40:07,460 - INFO - Memory updates: 37
{"id": 56, "ts": 1778964007.460518, "event": "memory_updated", "agent": "agent_1", "round": 5}
2026-05-16 22:40:10,661 - INFO - Tokens - Input: 2081, Output: 572, Total: 2653
2026-05-16 22:40:10,664 - INFO - Memory updates: 38
{"id": 57, "ts": 1778964010.6644647, "event": "memory_updated", "agent": "agent_3", "round": 5}
2026-05-16 22:40:19,136 - INFO - Tokens - Input: 2111, Output: 1641, Total: 3752
2026-05-16 22:40:19,139 - INFO - Memory updates: 39
{"id": 58, "ts": 1778964019.1396801, "event": "memory_updated", "agent": "agent_2", "round": 5}
2026-05-16 22:40:23,169 - INFO - Tokens - Input: 2668, Output: 452, Total: 3120
{"id": 59, "ts": 1778964023.1705122, "event": "public_discussion_message", "round": 5, "agent": "agent_2", "message": "Candidate A \u2013 can anticipate dangerous situations.\nMETADATA_JSON:\n{\"agent\": \"agent_2\", \"vote\": \"Candidate A\"}"}
2026-05-16 22:40:23,170 - INFO - Agent turns: 14
2026-05-16 22:40:32,780 - INFO - Tokens - Input: 2309, Output: 684, Total: 2993
2026-05-16 22:40:32,783 - INFO - Memory updates: 40
{"id": 60, "ts": 1778964032.7836452, "event": "memory_updated", "agent": "agent_2", "round": 5}
2026-05-16 22:40:32,863 - INFO - Tokens - Input: 2464, Output: 693, Total: 3157
2026-05-16 22:40:32,866 - INFO - Memory updates: 41
{"id": 61, "ts": 1778964032.8663304, "event": "memory_updated", "agent": "agent_1", "round": 5}
2026-05-16 22:40:33,605 - INFO - Tokens - Input: 2116, Output: 786, Total: 2902
2026-05-16 22:40:33,607 - INFO - Memory updates: 42
{"id": 62, "ts": 1778964033.6076708, "event": "memory_updated", "agent": "agent_3", "round": 5}
2026-05-16 22:40:39,063 - INFO - Tokens - Input: 2567, Output: 641, Total: 3208
{"id": 63, "ts": 1778964039.0646923, "event": "public_discussion_message", "round": 5, "agent": "agent_3", "message": "Candidate B \u2013 very conscientious\nMETADATA_JSON:\n{\"agent\": \"agent_3\", \"vote\": \"Candidate B\"}"}
2026-05-16 22:40:39,064 - INFO - Agent turns: 15
2026-05-16 22:40:45,059 - INFO - Tokens - Input: 2498, Output: 398, Total: 2896
2026-05-16 22:40:45,061 - INFO - Memory updates: 43
{"id": 64, "ts": 1778964045.0618641, "event": "memory_updated", "agent": "agent_1", "round": 5}
2026-05-16 22:40:45,164 - INFO - Tokens - Input: 2206, Output: 407, Total: 2613
2026-05-16 22:40:45,167 - INFO - Memory updates: 44
{"id": 65, "ts": 1778964045.167278, "event": "memory_updated", "agent": "agent_3", "round": 5}
2026-05-16 22:40:46,529 - INFO - Tokens - Input: 2343, Output: 584, Total: 2927
2026-05-16 22:40:46,532 - INFO - Memory updates: 45
{"id": 66, "ts": 1778964046.5323215, "event": "memory_updated", "agent": "agent_2", "round": 5}
2026-05-16 22:40:46,541 - INFO - Loop 5 completed
2026-05-16 22:40:46,541 - INFO - Final Chosen Candidate: Candidate A
2026-05-16 22:40:46,541 - INFO - Final Decision Method: max_round_majority_vote
2026-05-16 22:40:46,541 - INFO - Final Vote Count: {'Candidate A': 2, 'Candidate B': 1}
2026-05-16 22:40:46,541 - INFO - Correct Candidate: Candidate C
2026-05-16 22:40:46,541 - INFO - Decision Correct: 0
{"id": 67, "ts": 1778964047.17597, "event": "context_consistency_calculated", "method": "weighted_section_embedding_cosine", "mean_pairwise_similarity": 0.823016, "pairwise": [{"agent_a": "agent_1", "agent_b": "agent_2", "similarity": 0.791881, "sections": [{"section": "task_summary", "weight": 0.02, "similarity": 1.0}, {"section": "revealed_facts_by_source", "weight": 0.3, "similarity": 0.893207}, {"section": "candidate_evaluation", "weight": 0.35, "similarity": 0.616038}, {"section": "other_agents_positions", "weight": 0.15, "similarity": 0.912571}, {"section": "emerging_group_view", "weight": 0.13, "similarity": 0.780153}, {"section": "open_questions_next_step_focus", "weight": 0.05, "similarity": 1.0}]}, {"agent_a": "agent_1", "agent_b": "agent_3", "similarity": 0.812867, "sections": [{"section": "task_summary", "weight": 0.02, "similarity": 1.0}, {"section": "revealed_facts_by_source", "weight": 0.3, "similarity": 0.882468}, {"section": "candidate_evaluation", "weight": 0.35, "similarity": 0.756028}, {"section": "other_agents_positions", "weight": 0.15, "similarity": 0.935182}, {"section": "emerging_group_view", "weight": 0.13, "similarity": 0.563381}, {"section": "open_questions_next_step_focus", "weight": 0.05, "similarity": 1.0}]}, {"agent_a": "agent_2", "agent_b": "agent_3", "similarity": 0.8643, "sections": [{"section": "task_summary", "weight": 0.02, "similarity": 1.0}, {"section": "revealed_facts_by_source", "weight": 0.3, "similarity": 0.974469}, {"section": "candidate_evaluation", "weight": 0.35, "similarity": 0.737669}, {"section": "other_agents_positions", "weight": 0.15, "similarity": 0.960277}, {"section": "emerging_group_view", "weight": 0.13, "similarity": 0.76718}, {"section": "open_questions_next_step_focus", "weight": 0.05, "similarity": 1.0}]}]}
{"id": 68, "ts": 1778964047.1760862, "event": "gold_standard_alignment_calculated", "method": "rule_based_fact_coverage", "mean_alignment": 0.441667, "by_agent": [{"agent": "agent_1", "score": 0.6, "matched_facts": 24, "total_facts": 40, "matched_public_facts": 16, "total_public_facts": 16, "public_fact_coverage": 1.0, "matched_own_private_facts": 8, "total_own_private_facts": 8, "own_private_fact_coverage": 1.0, "matched_other_private_facts": 0, "total_other_private_facts": 16, "other_private_fact_coverage": 0.0, "checks": {"public_candidate_a_can_anticipate_dangerous_situations": 1, "public_candidate_a_is_able_to_see_complex_connections": 1, "public_candidate_a_has_excellent_spatial_vision": 1, "public_candidate_a_has_very_good_leadership_qualities": 1, "public_candidate_b_is_very_conscientious": 1, "public_candidate_b_handles_stress_very_well": 1, "public_candidate_b_is_good_at_assessing_weather_conditions": 1, "public_candidate_b_has_excellent_computer_skills": 1, "public_candidate_c_can_make_correct_decisions_quickly": 1, "public_candidate_c_has_difficulty_communicating_ideas": 1, "public_candidate_c_is_regarded_as_egocentric": 1, "public_candidate_c_is_not_very_willing_to_further_his_education": 1, "public_candidate_d_responds_to_unexpected_events_adequately": 1, "public_candidate_d_can_concentrate_very_well": 1, "public_candidate_d_solves_problems_extremely_well": 1, "public_candidate_d_takes_responsibility_seriously": 1, "agent_1_candidate_a_is_sometimes_not_good_at_taking_criticism": 1, "agent_1_candidate_a_can_be_unorganized": 1, "agent_1_candidate_b_can_be_grumpy": 1, "agent_1_candidate_b_can_be_uncooperative": 1, "agent_1_candidate_c_is_known_to_be_100_percent_reliable": 1, "agent_1_candidate_c_creates_a_positive_atmosphere_with_his_crew": 1, "agent_1_candidate_d_is_regarded_as_arrogant": 1, "agent_1_candidate_d_has_relatively_weak_leadership_skills": 1, "agent_2_candidate_a_is_regarded_as_a_show_off": 0, "agent_2_candidate_a_is_regarded_as_being_not_open_to_new_ideas": 0, "agent_2_candidate_b_has_a_relatively_weak_memory_for_numbers": 0, "agent_2_candidate_b_makes_nasty_remarks_about_his_colleagues": 0, "agent_2_candidate_c_keeps_calm_in_a_crisis": 0, "agent_2_candidate_c_understands_complicated_technology": 0, "agent_2_candidate_d_is_regarded_as_a_know_it_all": 0, "agent_2_candidate_d_has_a_hot_temper": 0, "agent_3_candidate_a_is_unfriendly": 0, "agent_3_candidate_a_eats_unhealthily": 0, "agent_3_candidate_b_is_regarded_as_pretentious": 0, "agent_3_candidate_b_sometimes_adopts_the_wrong_tone_when_communicating": 0, "agent_3_candidate_c_puts_concern_for_others_above_everything": 0, "agent_3_candidate_c_has_excellent_attention_skills": 0, "agent_3_candidate_d_is_considered_moody": 0, "agent_3_candidate_d_is_regarded_as_a_loner": 0}}, {"agent": "agent_2", "score": 0.6, "matched_facts": 24, "total_facts": 40, "matched_public_facts": 16, "total_public_facts": 16, "public_fact_coverage": 1.0, "matched_own_private_facts": 8, "total_own_private_facts": 8, "own_private_fact_coverage": 1.0, "matched_other_private_facts": 0, "total_other_private_facts": 16, "other_private_fact_coverage": 0.0, "checks": {"public_candidate_a_can_anticipate_dangerous_situations": 1, "public_candidate_a_is_able_to_see_complex_connections": 1, "public_candidate_a_has_excellent_spatial_vision": 1, "public_candidate_a_has_very_good_leadership_qualities": 1, "public_candidate_b_is_very_conscientious": 1, "public_candidate_b_handles_stress_very_well": 1, "public_candidate_b_is_good_at_assessing_weather_conditions": 1, "public_candidate_b_has_excellent_computer_skills": 1, "public_candidate_c_can_make_correct_decisions_quickly": 1, "public_candidate_c_has_difficulty_communicating_ideas": 1, "public_candidate_c_is_regarded_as_egocentric": 1, "public_candidate_c_is_not_very_willing_to_further_his_education": 1, "public_candidate_d_responds_to_unexpected_events_adequately": 1, "public_candidate_d_can_concentrate_very_well": 1, "public_candidate_d_solves_problems_extremely_well": 1, "public_candidate_d_takes_responsibility_seriously": 1, "agent_1_candidate_a_is_sometimes_not_good_at_taking_criticism": 0, "agent_1_candidate_a_can_be_unorganized": 0, "agent_1_candidate_b_can_be_grumpy": 0, "agent_1_candidate_b_can_be_uncooperative": 0, "agent_1_candidate_c_is_known_to_be_100_percent_reliable": 0, "agent_1_candidate_c_creates_a_positive_atmosphere_with_his_crew": 0, "agent_1_candidate_d_is_regarded_as_arrogant": 0, "agent_1_candidate_d_has_relatively_weak_leadership_skills": 0, "agent_2_candidate_a_is_regarded_as_a_show_off": 1, "agent_2_candidate_a_is_regarded_as_being_not_open_to_new_ideas": 1, "agent_2_candidate_b_has_a_relatively_weak_memory_for_numbers": 1, "agent_2_candidate_b_makes_nasty_remarks_about_his_colleagues": 1, "agent_2_candidate_c_keeps_calm_in_a_crisis": 1, "agent_2_candidate_c_understands_complicated_technology": 1, "agent_2_candidate_d_is_regarded_as_a_know_it_all": 1, "agent_2_candidate_d_has_a_hot_temper": 1, "agent_3_candidate_a_is_unfriendly": 0, "agent_3_candidate_a_eats_unhealthily": 0, "agent_3_candidate_b_is_regarded_as_pretentious": 0, "agent_3_candidate_b_sometimes_adopts_the_wrong_tone_when_communicating": 0, "agent_3_candidate_c_puts_concern_for_others_above_everything": 0, "agent_3_candidate_c_has_excellent_attention_skills": 0, "agent_3_candidate_d_is_considered_moody": 0, "agent_3_candidate_d_is_regarded_as_a_loner": 0}}, {"agent": "agent_3", "score": 0.125, "matched_facts": 5, "total_facts": 40, "matched_public_facts": 5, "total_public_facts": 16, "public_fact_coverage": 0.3125, "matched_own_private_facts": 0, "total_own_private_facts": 8, "own_private_fact_coverage": 0.0, "matched_other_private_facts": 0, "total_other_private_facts": 16, "other_private_fact_coverage": 0.0, "checks": {"public_candidate_a_can_anticipate_dangerous_situations": 1, "public_candidate_a_is_able_to_see_complex_connections": 0, "public_candidate_a_has_excellent_spatial_vision": 1, "public_candidate_a_has_very_good_leadership_qualities": 1, "public_candidate_b_is_very_conscientious": 1, "public_candidate_b_handles_stress_very_well": 1, "public_candidate_b_is_good_at_assessing_weather_conditions": 0, "public_candidate_b_has_excellent_computer_skills": 0, "public_candidate_c_can_make_correct_decisions_quickly": 0, "public_candidate_c_has_difficulty_communicating_ideas": 0, "public_candidate_c_is_regarded_as_egocentric": 0, "public_candidate_c_is_not_very_willing_to_further_his_education": 0, "public_candidate_d_responds_to_unexpected_events_adequately": 0, "public_candidate_d_can_concentrate_very_well": 0, "public_candidate_d_solves_problems_extremely_well": 0, "public_candidate_d_takes_responsibility_seriously": 0, "agent_1_candidate_a_is_sometimes_not_good_at_taking_criticism": 0, "agent_1_candidate_a_can_be_unorganized": 0, "agent_1_candidate_b_can_be_grumpy": 0, "agent_1_candidate_b_can_be_uncooperative": 0, "agent_1_candidate_c_is_known_to_be_100_percent_reliable": 0, "agent_1_candidate_c_creates_a_positive_atmosphere_with_his_crew": 0, "agent_1_candidate_d_is_regarded_as_arrogant": 0, "agent_1_candidate_d_has_relatively_weak_leadership_skills": 0, "agent_2_candidate_a_is_regarded_as_a_show_off": 0, "agent_2_candidate_a_is_regarded_as_being_not_open_to_new_ideas": 0, "agent_2_candidate_b_has_a_relatively_weak_memory_for_numbers": 0, "agent_2_candidate_b_makes_nasty_remarks_about_his_colleagues": 0, "agent_2_candidate_c_keeps_calm_in_a_crisis": 0, "agent_2_candidate_c_understands_complicated_technology": 0, "agent_2_candidate_d_is_regarded_as_a_know_it_all": 0, "agent_2_candidate_d_has_a_hot_temper": 0, "agent_3_candidate_a_is_unfriendly": 0, "agent_3_candidate_a_eats_unhealthily": 0, "agent_3_candidate_b_is_regarded_as_pretentious": 0, "agent_3_candidate_b_sometimes_adopts_the_wrong_tone_when_communicating": 0, "agent_3_candidate_c_puts_concern_for_others_above_everything": 0, "agent_3_candidate_c_has_excellent_attention_skills": 0, "agent_3_candidate_d_is_considered_moody": 0, "agent_3_candidate_d_is_regarded_as_a_loner": 0}}]}
{"id": 69, "ts": 1778964047.1761982, "event": "agent_memories_archived", "directory": "/home/lhegemann/git/bachelor_thesis/01_data/raw/simulations/low/low_treatment_20260516_211353_023/shared_mental_models", "round": 5}
{"id": 70, "ts": 1778964047.176235, "event": "final_decision", "candidate": "Candidate A", "method": "max_round_majority_vote", "vote_count": {"Candidate A": 2, "Candidate B": 1}, "correct_candidate": "Candidate C", "decision_correct": 0, "round": 5}
2026-05-16 22:40:47,185 - INFO - ======================================================================
2026-05-16 22:40:47,185 - INFO - SIMULATION METRICS
2026-05-16 22:40:47,185 - INFO - ======================================================================
2026-05-16 22:40:47,185 - INFO - Total Loops: 5
2026-05-16 22:40:47,185 - INFO - Agent Turns (no vote checker): 15
2026-05-16 22:40:47,185 - INFO - Agent Tool Calls: 0
2026-05-16 22:40:47,185 - INFO - Agent Tool Messages: 0
2026-05-16 22:40:47,185 - INFO - Memory Updates: 45
2026-05-16 22:40:47,185 - INFO - Total Messages (no vote checker): 15
2026-05-16 22:40:47,185 - INFO - Input Tokens: 124720
2026-05-16 22:40:47,185 - INFO - Output Tokens: 40218
2026-05-16 22:40:47,185 - INFO - Total Tokens: 164938
2026-05-16 22:40:47,185 - INFO - Final Chosen Candidate: Candidate A
2026-05-16 22:40:47,185 - INFO - Final Decision Method: max_round_majority_vote
2026-05-16 22:40:47,185 - INFO - Final Vote Count: {'Candidate A': 2, 'Candidate B': 1}
2026-05-16 22:40:47,185 - INFO - Correct Candidate: Candidate C
2026-05-16 22:40:47,185 - INFO - Decision Correct: 0
2026-05-16 22:40:47,186 - INFO - Runtime: 236.96s
2026-05-16 22:40:47,186 - INFO - ======================================================================
