2026-05-17 10:40:29,977 - INFO - Metrics tracker initialized
{"id": 1, "ts": 1779007230.0095797, "event": "memory_reset"}
{"id": 2, "ts": 1779007230.0137112, "event": "discussion_order", "round": 1, "order": ["agent_2", "agent_3", "agent_1"]}
2026-05-17 10:40:36,304 - INFO - Tokens - Input: 1737, Output: 613, Total: 2350
{"id": 3, "ts": 1779007236.3078678, "event": "public_discussion_message", "round": 1, "agent": "agent_2", "message": "I prefer Candidate B; concern: makes nasty remarks about colleagues.\nMETADATA_JSON:\n{\"agent\": \"agent_2\", \"vote\": \"Candidate B\"}"}
2026-05-17 10:40:36,308 - INFO - Agent turns: 1
2026-05-17 10:40:45,190 - INFO - Tokens - Input: 1473, Output: 665, Total: 2138
2026-05-17 10:40:45,192 - INFO - Memory updates: 1
{"id": 4, "ts": 1779007245.1927602, "event": "memory_updated", "agent": "agent_3", "round": 1}
2026-05-17 10:40:46,300 - INFO - Tokens - Input: 1478, Output: 786, Total: 2264
2026-05-17 10:40:46,302 - INFO - Memory updates: 2
{"id": 5, "ts": 1779007246.302809, "event": "memory_updated", "agent": "agent_1", "round": 1}
2026-05-17 10:40:53,616 - INFO - Tokens - Input: 1481, Output: 1736, Total: 3217
2026-05-17 10:40:53,619 - INFO - Memory updates: 3
{"id": 6, "ts": 1779007253.6193109, "event": "memory_updated", "agent": "agent_2", "round": 1}
2026-05-17 10:40:57,939 - INFO - Tokens - Input: 1723, Output: 512, Total: 2235
{"id": 7, "ts": 1779007257.9403954, "event": "public_discussion_message", "round": 1, "agent": "agent_3", "message": "I favor Candidate D \u2013 solves problems extremely well.\nMETADATA_JSON:\n{\"agent\": \"agent_3\", \"vote\": \"Candidate D\"}"}
2026-05-17 10:40:57,940 - INFO - Agent turns: 2
2026-05-17 10:41:06,491 - INFO - Tokens - Input: 2096, Output: 601, Total: 2697
2026-05-17 10:41:06,495 - INFO - Memory updates: 4
{"id": 8, "ts": 1779007266.495146, "event": "memory_updated", "agent": "agent_2", "round": 1}
2026-05-17 10:41:07,006 - INFO - Tokens - Input: 1482, Output: 657, Total: 2139
2026-05-17 10:41:07,008 - INFO - Memory updates: 5
{"id": 9, "ts": 1779007267.0088506, "event": "memory_updated", "agent": "agent_1", "round": 1}
2026-05-17 10:41:08,460 - INFO - Tokens - Input: 1470, Output: 842, Total: 2312
2026-05-17 10:41:08,462 - INFO - Memory updates: 6
{"id": 10, "ts": 1779007268.4628532, "event": "memory_updated", "agent": "agent_3", "round": 1}
2026-05-17 10:41:14,130 - INFO - Tokens - Input: 1804, Output: 688, Total: 2492
{"id": 11, "ts": 1779007274.1315217, "event": "public_discussion_message", "round": 1, "agent": "agent_1", "message": "I favor Candidate C \u2013 100% reliable.\nMETADATA_JSON:\n{\"agent\": \"agent_1\", \"vote\": \"Candidate C\"}"}
2026-05-17 10:41:14,131 - INFO - Agent turns: 3
2026-05-17 10:41:22,197 - INFO - Tokens - Input: 2127, Output: 572, Total: 2699
2026-05-17 10:41:22,200 - INFO - Memory updates: 7
{"id": 12, "ts": 1779007282.2007952, "event": "memory_updated", "agent": "agent_2", "round": 1}
2026-05-17 10:41:23,776 - INFO - Tokens - Input: 1475, Output: 739, Total: 2214
2026-05-17 10:41:23,778 - INFO - Memory updates: 8
{"id": 13, "ts": 1779007283.77844, "event": "memory_updated", "agent": "agent_3", "round": 1}
2026-05-17 10:41:29,469 - INFO - Tokens - Input: 1551, Output: 1479, Total: 3030
2026-05-17 10:41:29,472 - INFO - Memory updates: 9
{"id": 14, "ts": 1779007289.4727728, "event": "memory_updated", "agent": "agent_1", "round": 1}
2026-05-17 10:41:29,483 - INFO - Loop 1 completed
{"id": 15, "ts": 1779007289.4896812, "event": "discussion_order", "round": 2, "order": ["agent_1", "agent_2", "agent_3"]}
2026-05-17 10:41:30,927 - INFO - Tokens - Input: 2156, Output: 138, Total: 2294
{"id": 16, "ts": 1779007290.9281971, "event": "public_discussion_message", "round": 2, "agent": "agent_1", "message": "Candidate C \u2013 100% reliable\nMETADATA_JSON:\n{\"agent\": \"agent_1\", \"vote\": \"Candidate C\"}"}
2026-05-17 10:41:30,928 - INFO - Agent turns: 4
2026-05-17 10:41:35,069 - INFO - Tokens - Input: 1543, Output: 282, Total: 1825
2026-05-17 10:41:35,072 - INFO - Memory updates: 10
{"id": 17, "ts": 1779007295.0724053, "event": "memory_updated", "agent": "agent_3", "round": 2}
2026-05-17 10:41:35,459 - INFO - Tokens - Input: 1901, Output: 325, Total: 2226
2026-05-17 10:41:35,461 - INFO - Memory updates: 11
{"id": 18, "ts": 1779007295.4617505, "event": "memory_updated", "agent": "agent_1", "round": 2}
2026-05-17 10:41:37,021 - INFO - Tokens - Input: 2188, Output: 526, Total: 2714
2026-05-17 10:41:37,024 - INFO - Memory updates: 12
{"id": 19, "ts": 1779007297.0245547, "event": "memory_updated", "agent": "agent_2", "round": 2}
2026-05-17 10:41:41,089 - INFO - Tokens - Input: 2479, Output: 459, Total: 2938
{"id": 20, "ts": 1779007301.0906787, "event": "public_discussion_message", "round": 2, "agent": "agent_2", "message": "I prefer Candidate A \u2013 has excellent spatial vision.\nMETADATA_JSON:\n{\"agent\": \"agent_2\", \"vote\": \"Candidate A\"}"}
2026-05-17 10:41:41,090 - INFO - Agent turns: 5
2026-05-17 10:41:48,587 - INFO - Tokens - Input: 1581, Output: 525, Total: 2106
2026-05-17 10:41:48,590 - INFO - Memory updates: 13
{"id": 21, "ts": 1779007308.5902905, "event": "memory_updated", "agent": "agent_3", "round": 2}
2026-05-17 10:41:49,351 - INFO - Tokens - Input: 2226, Output: 607, Total: 2833
2026-05-17 10:41:49,354 - INFO - Memory updates: 14
{"id": 22, "ts": 1779007309.3544657, "event": "memory_updated", "agent": "agent_2", "round": 2}
2026-05-17 10:41:51,103 - INFO - Tokens - Input: 1939, Output: 830, Total: 2769
2026-05-17 10:41:51,106 - INFO - Memory updates: 15
{"id": 23, "ts": 1779007311.106834, "event": "memory_updated", "agent": "agent_1", "round": 2}
2026-05-17 10:41:57,422 - INFO - Tokens - Input: 1869, Output: 779, Total: 2648
{"id": 24, "ts": 1779007317.4236798, "event": "public_discussion_message", "round": 2, "agent": "agent_3", "message": "I prefer Candidate D \u2013 solves problems extremely well.\nMETADATA_JSON:\n{\"agent\": \"agent_3\", \"vote\": \"Candidate D\"}"}
2026-05-17 10:41:57,423 - INFO - Agent turns: 6
2026-05-17 10:42:00,372 - INFO - Tokens - Input: 1967, Output: 184, Total: 2151
2026-05-17 10:42:00,375 - INFO - Memory updates: 16
{"id": 25, "ts": 1779007320.3757865, "event": "memory_updated", "agent": "agent_1", "round": 2}
2026-05-17 10:42:01,212 - INFO - Tokens - Input: 2264, Output: 273, Total: 2537
2026-05-17 10:42:01,215 - INFO - Memory updates: 17
{"id": 26, "ts": 1779007321.2157784, "event": "memory_updated", "agent": "agent_2", "round": 2}
2026-05-17 10:42:03,310 - INFO - Tokens - Input: 1616, Output: 547, Total: 2163
2026-05-17 10:42:03,313 - INFO - Memory updates: 18
{"id": 27, "ts": 1779007323.3131664, "event": "memory_updated", "agent": "agent_3", "round": 2}
2026-05-17 10:42:03,322 - INFO - Loop 2 completed
{"id": 28, "ts": 1779007323.3297632, "event": "discussion_order", "round": 3, "order": ["agent_1", "agent_2", "agent_3"]}
2026-05-17 10:42:04,772 - INFO - Tokens - Input: 2258, Output: 150, Total: 2408
{"id": 29, "ts": 1779007324.7733977, "event": "public_discussion_message", "round": 3, "agent": "agent_1", "message": "I prefer Candidate C \u2013 100% reliable.\nMETADATA_JSON:\n{\"agent\": \"agent_1\", \"vote\": \"Candidate C\"}"}
2026-05-17 10:42:04,773 - INFO - Agent turns: 7
2026-05-17 10:42:09,411 - INFO - Tokens - Input: 1654, Output: 315, Total: 1969
2026-05-17 10:42:09,414 - INFO - Memory updates: 19
{"id": 30, "ts": 1779007329.4143329, "event": "memory_updated", "agent": "agent_3", "round": 3}
2026-05-17 10:42:10,803 - INFO - Tokens - Input: 2005, Output: 464, Total: 2469
2026-05-17 10:42:10,806 - INFO - Memory updates: 20
{"id": 31, "ts": 1779007330.8063412, "event": "memory_updated", "agent": "agent_1", "round": 3}
2026-05-17 10:42:15,642 - INFO - Tokens - Input: 2302, Output: 1082, Total: 3384
2026-05-17 10:42:15,645 - INFO - Memory updates: 21
{"id": 32, "ts": 1779007335.6451778, "event": "memory_updated", "agent": "agent_2", "round": 3}
2026-05-17 10:42:21,346 - INFO - Tokens - Input: 2607, Output: 675, Total: 3282
{"id": 33, "ts": 1779007341.3483002, "event": "public_discussion_message", "round": 3, "agent": "agent_2", "message": "I prefer Candidate A \u2013 excellent spatial vision.\nMETADATA_JSON:\n{\"agent\": \"agent_2\", \"vote\": \"Candidate A\"}"}
2026-05-17 10:42:21,348 - INFO - Agent turns: 8
2026-05-17 10:42:25,730 - INFO - Tokens - Input: 2353, Output: 294, Total: 2647
2026-05-17 10:42:25,733 - INFO - Memory updates: 22
{"id": 34, "ts": 1779007345.7341256, "event": "memory_updated", "agent": "agent_2", "round": 3}
2026-05-17 10:42:26,047 - INFO - Tokens - Input: 2042, Output: 328, Total: 2370
2026-05-17 10:42:26,050 - INFO - Memory updates: 23
{"id": 35, "ts": 1779007346.0504098, "event": "memory_updated", "agent": "agent_1", "round": 3}
2026-05-17 10:42:26,759 - INFO - Tokens - Input: 1691, Output: 420, Total: 2111
2026-05-17 10:42:26,761 - INFO - Memory updates: 24
{"id": 36, "ts": 1779007346.7617757, "event": "memory_updated", "agent": "agent_3", "round": 3}
2026-05-17 10:42:32,163 - INFO - Tokens - Input: 1982, Output: 658, Total: 2640
{"id": 37, "ts": 1779007352.1701016, "event": "public_discussion_message", "round": 3, "agent": "agent_3", "message": "I prefer Candidate C \u2013 difficulty communicating ideas.\nMETADATA_JSON:\n{\"agent\": \"agent_3\", \"vote\": \"Candidate C\"}"}
2026-05-17 10:42:32,170 - INFO - Agent turns: 9
2026-05-17 10:42:41,031 - INFO - Tokens - Input: 1728, Output: 631, Total: 2359
2026-05-17 10:42:41,034 - INFO - Memory updates: 25
{"id": 38, "ts": 1779007361.0344858, "event": "memory_updated", "agent": "agent_3", "round": 3}
2026-05-17 10:42:43,602 - INFO - Tokens - Input: 2079, Output: 901, Total: 2980
2026-05-17 10:42:43,605 - INFO - Memory updates: 26
{"id": 39, "ts": 1779007363.6052692, "event": "memory_updated", "agent": "agent_1", "round": 3}
2026-05-17 10:42:48,646 - INFO - Tokens - Input: 2390, Output: 1529, Total: 3919
2026-05-17 10:42:48,650 - INFO - Memory updates: 27
{"id": 40, "ts": 1779007368.6502252, "event": "memory_updated", "agent": "agent_2", "round": 3}
2026-05-17 10:42:48,659 - INFO - Loop 3 completed
{"id": 41, "ts": 1779007368.6658401, "event": "discussion_order", "round": 4, "order": ["agent_1", "agent_3", "agent_2"]}
2026-05-17 10:42:50,673 - INFO - Tokens - Input: 2369, Output: 194, Total: 2563
{"id": 42, "ts": 1779007370.675149, "event": "public_discussion_message", "round": 4, "agent": "agent_1", "message": "I prefer Candidate C \u2013 100% reliable.\nMETADATA_JSON:\n{\"agent\": \"agent_1\", \"vote\": \"Candidate C\"}"}
2026-05-17 10:42:50,675 - INFO - Agent turns: 10
2026-05-17 10:42:54,858 - INFO - Tokens - Input: 1766, Output: 265, Total: 2031
2026-05-17 10:42:54,861 - INFO - Memory updates: 28
{"id": 43, "ts": 1779007374.8621268, "event": "memory_updated", "agent": "agent_3", "round": 4}
2026-05-17 10:42:56,421 - INFO - Tokens - Input: 2116, Output: 433, Total: 2549
2026-05-17 10:42:56,424 - INFO - Memory updates: 29
{"id": 44, "ts": 1779007376.4245088, "event": "memory_updated", "agent": "agent_1", "round": 4}
2026-05-17 10:42:57,372 - INFO - Tokens - Input: 2432, Output: 555, Total: 2987
2026-05-17 10:42:57,375 - INFO - Memory updates: 30
{"id": 45, "ts": 1779007377.3755724, "event": "memory_updated", "agent": "agent_2", "round": 4}
2026-05-17 10:43:02,890 - INFO - Tokens - Input: 2057, Output: 676, Total: 2733
{"id": 46, "ts": 1779007382.8919978, "event": "public_discussion_message", "round": 4, "agent": "agent_3", "message": "Candidate C \u2013 100% reliable\nMETADATA_JSON:\n{\"agent\": \"agent_3\", \"vote\": \"Candidate C\"}"}
2026-05-17 10:43:02,892 - INFO - Agent turns: 11
2026-05-17 10:43:07,404 - INFO - Tokens - Input: 2152, Output: 305, Total: 2457
2026-05-17 10:43:07,407 - INFO - Memory updates: 31
{"id": 47, "ts": 1779007387.4073558, "event": "memory_updated", "agent": "agent_1", "round": 4}
2026-05-17 10:43:13,101 - INFO - Tokens - Input: 2464, Output: 897, Total: 3361
2026-05-17 10:43:13,104 - INFO - Memory updates: 32
{"id": 48, "ts": 1779007393.1044726, "event": "memory_updated", "agent": "agent_2", "round": 4}
2026-05-17 10:43:19,154 - INFO - Tokens - Input: 1802, Output: 1648, Total: 3450
2026-05-17 10:43:19,157 - INFO - Memory updates: 33
{"id": 49, "ts": 1779007399.1574657, "event": "memory_updated", "agent": "agent_3", "round": 4}
2026-05-17 10:43:21,426 - INFO - Tokens - Input: 2756, Output: 216, Total: 2972
{"id": 50, "ts": 1779007401.4281168, "event": "public_discussion_message", "round": 4, "agent": "agent_2", "message": "I prefer Candidate A \u2013 anticipates dangerous situations.\nMETADATA_JSON:\n{\"agent\": \"agent_2\", \"vote\": \"Candidate A\"}"}
2026-05-17 10:43:21,428 - INFO - Agent turns: 12
2026-05-17 10:43:29,572 - INFO - Tokens - Input: 1969, Output: 569, Total: 2538
2026-05-17 10:43:29,574 - INFO - Memory updates: 34
{"id": 51, "ts": 1779007409.5750413, "event": "memory_updated", "agent": "agent_3", "round": 4}
2026-05-17 10:43:29,629 - INFO - Tokens - Input: 2190, Output: 577, Total: 2767
2026-05-17 10:43:29,631 - INFO - Memory updates: 35
{"id": 52, "ts": 1779007409.631932, "event": "memory_updated", "agent": "agent_1", "round": 4}
2026-05-17 10:43:29,710 - INFO - Tokens - Input: 2503, Output: 586, Total: 3089
2026-05-17 10:43:29,712 - INFO - Memory updates: 36
{"id": 53, "ts": 1779007409.712737, "event": "memory_updated", "agent": "agent_2", "round": 4}
2026-05-17 10:43:29,720 - INFO - Loop 4 completed
{"id": 54, "ts": 1779007409.726135, "event": "discussion_order", "round": 5, "order": ["agent_2", "agent_3", "agent_1"]}
2026-05-17 10:43:31,629 - INFO - Tokens - Input: 2794, Output: 172, Total: 2966
{"id": 55, "ts": 1779007411.6306403, "event": "public_discussion_message", "round": 5, "agent": "agent_2", "message": "I prefer Candidate A \u2013 anticipates dangerous situations.\nMETADATA_JSON:\n{\"agent\": \"agent_2\", \"vote\": \"Candidate A\"}"}
2026-05-17 10:43:31,630 - INFO - Agent turns: 13
2026-05-17 10:43:36,551 - INFO - Tokens - Input: 2228, Output: 352, Total: 2580
2026-05-17 10:43:36,554 - INFO - Memory updates: 37
{"id": 56, "ts": 1779007416.554313, "event": "memory_updated", "agent": "agent_1", "round": 5}
2026-05-17 10:43:36,661 - INFO - Tokens - Input: 2541, Output: 362, Total: 2903
2026-05-17 10:43:36,664 - INFO - Memory updates: 38
{"id": 57, "ts": 1779007416.6642137, "event": "memory_updated", "agent": "agent_2", "round": 5}
2026-05-17 10:43:37,516 - INFO - Tokens - Input: 2008, Output: 473, Total: 2481
2026-05-17 10:43:37,519 - INFO - Memory updates: 39
{"id": 58, "ts": 1779007417.5191462, "event": "memory_updated", "agent": "agent_3", "round": 5}
2026-05-17 10:43:44,088 - INFO - Tokens - Input: 2299, Output: 811, Total: 3110
{"id": 59, "ts": 1779007424.0903165, "event": "public_discussion_message", "round": 5, "agent": "agent_3", "message": "I prefer Candidate D \u2013 solves problems extremely well.\nMETADATA_JSON:\n{\"agent\": \"agent_3\", \"vote\": \"Candidate D\"}"}
2026-05-17 10:43:44,090 - INFO - Agent turns: 14
2026-05-17 10:43:51,214 - INFO - Tokens - Input: 2046, Output: 482, Total: 2528
2026-05-17 10:43:51,216 - INFO - Memory updates: 40
{"id": 60, "ts": 1779007431.2166975, "event": "memory_updated", "agent": "agent_3", "round": 5}
2026-05-17 10:43:54,674 - INFO - Tokens - Input: 2579, Output: 844, Total: 3423
2026-05-17 10:43:54,677 - INFO - Memory updates: 41
{"id": 61, "ts": 1779007434.677513, "event": "memory_updated", "agent": "agent_2", "round": 5}
2026-05-17 10:43:56,044 - INFO - Tokens - Input: 2266, Output: 1016, Total: 3282
2026-05-17 10:43:56,046 - INFO - Memory updates: 42
{"id": 62, "ts": 1779007436.0467978, "event": "memory_updated", "agent": "agent_1", "round": 5}
2026-05-17 10:43:57,725 - INFO - Tokens - Input: 2568, Output: 139, Total: 2707
{"id": 63, "ts": 1779007437.7269022, "event": "public_discussion_message", "round": 5, "agent": "agent_1", "message": "I prefer Candidate C \u2013 100% reliable.\nMETADATA_JSON:\n{\"agent\": \"agent_1\", \"vote\": \"Candidate C\"}"}
2026-05-17 10:43:57,727 - INFO - Agent turns: 15
2026-05-17 10:44:02,614 - INFO - Tokens - Input: 2615, Output: 300, Total: 2915
2026-05-17 10:44:02,617 - INFO - Memory updates: 43
{"id": 64, "ts": 1779007442.6172833, "event": "memory_updated", "agent": "agent_2", "round": 5}
2026-05-17 10:44:03,768 - INFO - Tokens - Input: 2084, Output: 418, Total: 2502
2026-05-17 10:44:03,770 - INFO - Memory updates: 44
{"id": 65, "ts": 1779007443.770625, "event": "memory_updated", "agent": "agent_3", "round": 5}
2026-05-17 10:44:05,251 - INFO - Tokens - Input: 2315, Output: 605, Total: 2920
2026-05-17 10:44:05,254 - INFO - Memory updates: 45
{"id": 66, "ts": 1779007445.2541742, "event": "memory_updated", "agent": "agent_1", "round": 5}
2026-05-17 10:44:05,262 - INFO - Loop 5 completed
2026-05-17 10:44:05,263 - INFO - Final Chosen Candidate: None
2026-05-17 10:44:05,263 - INFO - Final Decision Method: max_round_no_majority
2026-05-17 10:44:05,263 - INFO - Final Vote Count: {'Candidate C': 1, 'Candidate A': 1, 'Candidate D': 1}
2026-05-17 10:44:05,263 - INFO - Correct Candidate: Candidate C
2026-05-17 10:44:05,263 - INFO - Decision Correct: 0
{"id": 67, "ts": 1779007445.8783636, "event": "context_consistency_calculated", "method": "weighted_section_embedding_cosine", "mean_pairwise_similarity": 0.803549, "pairwise": [{"agent_a": "agent_1", "agent_b": "agent_2", "similarity": 0.77039, "sections": [{"section": "task_summary", "weight": 0.02, "similarity": 0.932292}, {"section": "revealed_facts_by_source", "weight": 0.3, "similarity": 0.648659}, {"section": "candidate_evaluation", "weight": 0.35, "similarity": 0.861687}, {"section": "other_agents_positions", "weight": 0.15, "similarity": 0.944275}, {"section": "emerging_group_view", "weight": 0.13, "similarity": 0.746781}, {"section": "open_questions_next_step_focus", "weight": 0.05, "similarity": 0.336661}]}, {"agent_a": "agent_1", "agent_b": "agent_3", "similarity": 0.863481, "sections": [{"section": "task_summary", "weight": 0.02, "similarity": 1.0}, {"section": "revealed_facts_by_source", "weight": 0.3, "similarity": 0.941187}, {"section": "candidate_evaluation", "weight": 0.35, "similarity": 0.826032}, {"section": "other_agents_positions", "weight": 0.15, "similarity": 0.901326}, {"section": "emerging_group_view", "weight": 0.13, "similarity": 0.66781}, {"section": "open_questions_next_step_focus", "weight": 0.05, "similarity": 1.0}]}, {"agent_a": "agent_2", "agent_b": "agent_3", "similarity": 0.776776, "sections": [{"section": "task_summary", "weight": 0.02, "similarity": 0.932292}, {"section": "revealed_facts_by_source", "weight": 0.3, "similarity": 0.715449}, {"section": "candidate_evaluation", "weight": 0.35, "similarity": 0.826501}, {"section": "other_agents_positions", "weight": 0.15, "similarity": 0.930268}, {"section": "emerging_group_view", "weight": 0.13, "similarity": 0.752667}, {"section": "open_questions_next_step_focus", "weight": 0.05, "similarity": 0.336661}]}]}
{"id": 68, "ts": 1779007445.8784955, "event": "gold_standard_alignment_calculated", "method": "rule_based_fact_coverage", "mean_alignment": 0.633333, "by_agent": [{"agent": "agent_1", "score": 0.625, "matched_facts": 25, "total_facts": 40, "matched_public_facts": 16, "total_public_facts": 16, "public_fact_coverage": 1.0, "matched_own_private_facts": 8, "total_own_private_facts": 8, "own_private_fact_coverage": 1.0, "matched_other_private_facts": 1, "total_other_private_facts": 16, "other_private_fact_coverage": 0.0625, "checks": {"public_candidate_a_can_anticipate_dangerous_situations": 1, "public_candidate_a_is_able_to_see_complex_connections": 1, "public_candidate_a_has_excellent_spatial_vision": 1, "public_candidate_a_has_very_good_leadership_qualities": 1, "public_candidate_b_is_very_conscientious": 1, "public_candidate_b_handles_stress_very_well": 1, "public_candidate_b_is_good_at_assessing_weather_conditions": 1, "public_candidate_b_has_excellent_computer_skills": 1, "public_candidate_c_can_make_correct_decisions_quickly": 1, "public_candidate_c_has_difficulty_communicating_ideas": 1, "public_candidate_c_is_regarded_as_egocentric": 1, "public_candidate_c_is_not_very_willing_to_further_his_education": 1, "public_candidate_d_responds_to_unexpected_events_adequately": 1, "public_candidate_d_can_concentrate_very_well": 1, "public_candidate_d_solves_problems_extremely_well": 1, "public_candidate_d_takes_responsibility_seriously": 1, "agent_1_candidate_a_is_sometimes_not_good_at_taking_criticism": 1, "agent_1_candidate_a_can_be_unorganized": 1, "agent_1_candidate_b_can_be_grumpy": 1, "agent_1_candidate_b_can_be_uncooperative": 1, "agent_1_candidate_c_is_known_to_be_100_percent_reliable": 1, "agent_1_candidate_c_creates_a_positive_atmosphere_with_his_crew": 1, "agent_1_candidate_d_is_regarded_as_arrogant": 1, "agent_1_candidate_d_has_relatively_weak_leadership_skills": 1, "agent_2_candidate_a_is_regarded_as_a_show_off": 0, "agent_2_candidate_a_is_regarded_as_being_not_open_to_new_ideas": 0, "agent_2_candidate_b_has_a_relatively_weak_memory_for_numbers": 0, "agent_2_candidate_b_makes_nasty_remarks_about_his_colleagues": 1, "agent_2_candidate_c_keeps_calm_in_a_crisis": 0, "agent_2_candidate_c_understands_complicated_technology": 0, "agent_2_candidate_d_is_regarded_as_a_know_it_all": 0, "agent_2_candidate_d_has_a_hot_temper": 0, "agent_3_candidate_a_is_unfriendly": 0, "agent_3_candidate_a_eats_unhealthily": 0, "agent_3_candidate_b_is_regarded_as_pretentious": 0, "agent_3_candidate_b_sometimes_adopts_the_wrong_tone_when_communicating": 0, "agent_3_candidate_c_puts_concern_for_others_above_everything": 0, "agent_3_candidate_c_has_excellent_attention_skills": 0, "agent_3_candidate_d_is_considered_moody": 0, "agent_3_candidate_d_is_regarded_as_a_loner": 0}}, {"agent": "agent_2", "score": 0.625, "matched_facts": 25, "total_facts": 40, "matched_public_facts": 16, "total_public_facts": 16, "public_fact_coverage": 1.0, "matched_own_private_facts": 8, "total_own_private_facts": 8, "own_private_fact_coverage": 1.0, "matched_other_private_facts": 1, "total_other_private_facts": 16, "other_private_fact_coverage": 0.0625, "checks": {"public_candidate_a_can_anticipate_dangerous_situations": 1, "public_candidate_a_is_able_to_see_complex_connections": 1, "public_candidate_a_has_excellent_spatial_vision": 1, "public_candidate_a_has_very_good_leadership_qualities": 1, "public_candidate_b_is_very_conscientious": 1, "public_candidate_b_handles_stress_very_well": 1, "public_candidate_b_is_good_at_assessing_weather_conditions": 1, "public_candidate_b_has_excellent_computer_skills": 1, "public_candidate_c_can_make_correct_decisions_quickly": 1, "public_candidate_c_has_difficulty_communicating_ideas": 1, "public_candidate_c_is_regarded_as_egocentric": 1, "public_candidate_c_is_not_very_willing_to_further_his_education": 1, "public_candidate_d_responds_to_unexpected_events_adequately": 1, "public_candidate_d_can_concentrate_very_well": 1, "public_candidate_d_solves_problems_extremely_well": 1, "public_candidate_d_takes_responsibility_seriously": 1, "agent_1_candidate_a_is_sometimes_not_good_at_taking_criticism": 0, "agent_1_candidate_a_can_be_unorganized": 0, "agent_1_candidate_b_can_be_grumpy": 0, "agent_1_candidate_b_can_be_uncooperative": 0, "agent_1_candidate_c_is_known_to_be_100_percent_reliable": 1, "agent_1_candidate_c_creates_a_positive_atmosphere_with_his_crew": 0, "agent_1_candidate_d_is_regarded_as_arrogant": 0, "agent_1_candidate_d_has_relatively_weak_leadership_skills": 0, "agent_2_candidate_a_is_regarded_as_a_show_off": 1, "agent_2_candidate_a_is_regarded_as_being_not_open_to_new_ideas": 1, "agent_2_candidate_b_has_a_relatively_weak_memory_for_numbers": 1, "agent_2_candidate_b_makes_nasty_remarks_about_his_colleagues": 1, "agent_2_candidate_c_keeps_calm_in_a_crisis": 1, "agent_2_candidate_c_understands_complicated_technology": 1, "agent_2_candidate_d_is_regarded_as_a_know_it_all": 1, "agent_2_candidate_d_has_a_hot_temper": 1, "agent_3_candidate_a_is_unfriendly": 0, "agent_3_candidate_a_eats_unhealthily": 0, "agent_3_candidate_b_is_regarded_as_pretentious": 0, "agent_3_candidate_b_sometimes_adopts_the_wrong_tone_when_communicating": 0, "agent_3_candidate_c_puts_concern_for_others_above_everything": 0, "agent_3_candidate_c_has_excellent_attention_skills": 0, "agent_3_candidate_d_is_considered_moody": 0, "agent_3_candidate_d_is_regarded_as_a_loner": 0}}, {"agent": "agent_3", "score": 0.65, "matched_facts": 26, "total_facts": 40, "matched_public_facts": 16, "total_public_facts": 16, "public_fact_coverage": 1.0, "matched_own_private_facts": 8, "total_own_private_facts": 8, "own_private_fact_coverage": 1.0, "matched_other_private_facts": 2, "total_other_private_facts": 16, "other_private_fact_coverage": 0.125, "checks": {"public_candidate_a_can_anticipate_dangerous_situations": 1, "public_candidate_a_is_able_to_see_complex_connections": 1, "public_candidate_a_has_excellent_spatial_vision": 1, "public_candidate_a_has_very_good_leadership_qualities": 1, "public_candidate_b_is_very_conscientious": 1, "public_candidate_b_handles_stress_very_well": 1, "public_candidate_b_is_good_at_assessing_weather_conditions": 1, "public_candidate_b_has_excellent_computer_skills": 1, "public_candidate_c_can_make_correct_decisions_quickly": 1, "public_candidate_c_has_difficulty_communicating_ideas": 1, "public_candidate_c_is_regarded_as_egocentric": 1, "public_candidate_c_is_not_very_willing_to_further_his_education": 1, "public_candidate_d_responds_to_unexpected_events_adequately": 1, "public_candidate_d_can_concentrate_very_well": 1, "public_candidate_d_solves_problems_extremely_well": 1, "public_candidate_d_takes_responsibility_seriously": 1, "agent_1_candidate_a_is_sometimes_not_good_at_taking_criticism": 0, "agent_1_candidate_a_can_be_unorganized": 0, "agent_1_candidate_b_can_be_grumpy": 0, "agent_1_candidate_b_can_be_uncooperative": 0, "agent_1_candidate_c_is_known_to_be_100_percent_reliable": 1, "agent_1_candidate_c_creates_a_positive_atmosphere_with_his_crew": 0, "agent_1_candidate_d_is_regarded_as_arrogant": 0, "agent_1_candidate_d_has_relatively_weak_leadership_skills": 0, "agent_2_candidate_a_is_regarded_as_a_show_off": 0, "agent_2_candidate_a_is_regarded_as_being_not_open_to_new_ideas": 0, "agent_2_candidate_b_has_a_relatively_weak_memory_for_numbers": 0, "agent_2_candidate_b_makes_nasty_remarks_about_his_colleagues": 1, "agent_2_candidate_c_keeps_calm_in_a_crisis": 0, "agent_2_candidate_c_understands_complicated_technology": 0, "agent_2_candidate_d_is_regarded_as_a_know_it_all": 0, "agent_2_candidate_d_has_a_hot_temper": 0, "agent_3_candidate_a_is_unfriendly": 1, "agent_3_candidate_a_eats_unhealthily": 1, "agent_3_candidate_b_is_regarded_as_pretentious": 1, "agent_3_candidate_b_sometimes_adopts_the_wrong_tone_when_communicating": 1, "agent_3_candidate_c_puts_concern_for_others_above_everything": 1, "agent_3_candidate_c_has_excellent_attention_skills": 1, "agent_3_candidate_d_is_considered_moody": 1, "agent_3_candidate_d_is_regarded_as_a_loner": 1}}]}
{"id": 69, "ts": 1779007445.8786242, "event": "agent_memories_archived", "directory": "/home/lhegemann/git/bachelor_thesis/01_data/raw/simulations/low/low_treatment_20260517_100112_012/shared_mental_models", "round": 5}
{"id": 70, "ts": 1779007445.878664, "event": "final_decision", "candidate": null, "method": "max_round_no_majority", "vote_count": {"Candidate C": 1, "Candidate A": 1, "Candidate D": 1}, "correct_candidate": "Candidate C", "decision_correct": 0, "round": 5}
2026-05-17 10:44:05,888 - INFO - ======================================================================
2026-05-17 10:44:05,888 - INFO - SIMULATION METRICS
2026-05-17 10:44:05,888 - INFO - ======================================================================
2026-05-17 10:44:05,888 - INFO - Total Loops: 5
2026-05-17 10:44:05,888 - INFO - Agent Turns (no vote checker): 15
2026-05-17 10:44:05,888 - INFO - Agent Tool Calls: 0
2026-05-17 10:44:05,888 - INFO - Agent Tool Messages: 0
2026-05-17 10:44:05,888 - INFO - Memory Updates: 45
2026-05-17 10:44:05,888 - INFO - Total Messages (no vote checker): 15
2026-05-17 10:44:05,889 - INFO - Input Tokens: 123636
2026-05-17 10:44:05,889 - INFO - Output Tokens: 35707
2026-05-17 10:44:05,889 - INFO - Total Tokens: 159343
2026-05-17 10:44:05,889 - INFO - Final Chosen Candidate: None
2026-05-17 10:44:05,889 - INFO - Final Decision Method: max_round_no_majority
2026-05-17 10:44:05,889 - INFO - Final Vote Count: {'Candidate C': 1, 'Candidate A': 1, 'Candidate D': 1}
2026-05-17 10:44:05,889 - INFO - Correct Candidate: Candidate C
2026-05-17 10:44:05,889 - INFO - Decision Correct: 0
2026-05-17 10:44:05,889 - INFO - Runtime: 215.91s
2026-05-17 10:44:05,889 - INFO - ======================================================================
