2026-05-07 21:18:04,787 - INFO - Metrics tracker initialized
{"id": 1, "ts": 1778181484.8185315, "event": "memory_reset"}
{"id": 2, "ts": 1778181484.8228724, "event": "discussion_order", "round": 1, "order": ["agent_2", "agent_3", "agent_1"]}
2026-05-07 21:18:12,147 - INFO - Tokens - Input: 1395, Output: 712, Total: 2107
{"id": 3, "ts": 1778181492.1493232, "event": "public_discussion_message", "round": 1, "agent": "agent_2", "message": "I prefer Candidate D \u2013 solves problems extremely well.\nMETADATA_JSON:\n{\"agent\": \"agent_2\", \"vote\": \"Candidate D\"}"}
2026-05-07 21:18:12,149 - INFO - Agent turns: 1
2026-05-07 21:18:16,534 - INFO - Tokens - Input: 1444, Output: 599, Total: 2043
{"id": 4, "ts": 1778181496.5357602, "event": "public_discussion_message", "round": 1, "agent": "agent_3", "message": "I prefer Candidate B \u2013 handles stress very well.\nMETADATA_JSON:\n{\"agent\": \"agent_3\", \"vote\": \"Candidate B\"}"}
2026-05-07 21:18:16,535 - INFO - Agent turns: 2
2026-05-07 21:18:19,831 - INFO - Tokens - Input: 1487, Output: 405, Total: 1892
{"id": 5, "ts": 1778181499.8330355, "event": "public_discussion_message", "round": 1, "agent": "agent_1", "message": "I prefer Candidate A \u2013 excellent spatial vision.\nMETADATA_JSON:\n{\"agent\": \"agent_1\", \"vote\": \"Candidate A\"}"}
2026-05-07 21:18:19,833 - INFO - Agent turns: 3
2026-05-07 21:18:19,842 - INFO - Loop 1 completed
{"id": 6, "ts": 1778181499.8488266, "event": "discussion_order", "round": 2, "order": ["agent_1", "agent_2", "agent_3"]}
2026-05-07 21:18:23,899 - INFO - Tokens - Input: 1525, Output: 448, Total: 1973
{"id": 7, "ts": 1778181503.9006703, "event": "public_discussion_message", "round": 2, "agent": "agent_1", "message": "I still prefer Candidate A \u2013 can anticipate dangerous situations.\nMETADATA_JSON:\n{\"agent\": \"agent_1\", \"vote\": \"Candidate A\"}"}
2026-05-07 21:18:23,900 - INFO - Agent turns: 4
2026-05-07 21:18:29,703 - INFO - Tokens - Input: 1567, Output: 804, Total: 2371
{"id": 8, "ts": 1778181509.7049856, "event": "public_discussion_message", "round": 2, "agent": "agent_2", "message": "I prefer Candidate D \u2013 takes responsibility seriously.\nMETADATA_JSON:\n{\"agent\": \"agent_2\", \"vote\": \"Candidate D\"}"}
2026-05-07 21:18:29,705 - INFO - Agent turns: 5
2026-05-07 21:18:46,449 - INFO - Tokens - Input: 1594, Output: 997, Total: 2591
{"id": 9, "ts": 1778181526.4507093, "event": "public_discussion_message", "round": 2, "agent": "agent_3", "message": "I prefer Candidate A \u2013 excellent spatial vision.\nMETADATA_JSON:\n{\"agent\": \"agent_3\", \"vote\": \"Candidate A\"}"}
2026-05-07 21:18:46,450 - INFO - Agent turns: 6
2026-05-07 21:18:46,460 - INFO - Loop 2 completed
{"id": 10, "ts": 1778181526.466846, "event": "discussion_order", "round": 3, "order": ["agent_1", "agent_3", "agent_2"]}
2026-05-07 21:18:48,567 - INFO - Tokens - Input: 1631, Output: 265, Total: 1896
{"id": 11, "ts": 1778181528.5691888, "event": "public_discussion_message", "round": 3, "agent": "agent_1", "message": "I prefer Candidate A \u2013 can anticipate dangerous situations.\nMETADATA_JSON:\n{\"agent\": \"agent_1\", \"vote\": \"Candidate A\"}"}
2026-05-07 21:18:48,569 - INFO - Agent turns: 7
2026-05-07 21:18:55,023 - INFO - Tokens - Input: 1670, Output: 867, Total: 2537
{"id": 12, "ts": 1778181535.0245023, "event": "public_discussion_message", "round": 3, "agent": "agent_3", "message": "I prefer Candidate B \u2013 handles stress very well.\nMETADATA_JSON:\n{\"agent\": \"agent_3\", \"vote\": \"Candidate B\"}"}
2026-05-07 21:18:55,024 - INFO - Agent turns: 8
2026-05-07 21:19:01,269 - INFO - Tokens - Input: 1716, Output: 785, Total: 2501
{"id": 13, "ts": 1778181541.270682, "event": "public_discussion_message", "round": 3, "agent": "agent_2", "message": "I prefer Candidate B \u2013 handles stress very well.\nMETADATA_JSON:\n{\"agent\": \"agent_2\", \"vote\": \"Candidate B\"}"}
2026-05-07 21:19:01,270 - INFO - Agent turns: 9
2026-05-07 21:19:01,280 - INFO - Loop 3 completed
{"id": 14, "ts": 1778181541.2854354, "event": "discussion_order", "round": 4, "order": ["agent_3", "agent_1", "agent_2"]}
2026-05-07 21:19:05,148 - INFO - Tokens - Input: 1740, Output: 503, Total: 2243
{"id": 15, "ts": 1778181545.149527, "event": "public_discussion_message", "round": 4, "agent": "agent_3", "message": "I prefer Candidate B \u2013 good at assessing weather conditions.\nMETADATA_JSON:\n{\"agent\": \"agent_3\", \"vote\": \"Candidate B\"}"}
2026-05-07 21:19:05,149 - INFO - Agent turns: 10
2026-05-07 21:19:12,195 - INFO - Tokens - Input: 1791, Output: 940, Total: 2731
{"id": 16, "ts": 1778181552.1967008, "event": "public_discussion_message", "round": 4, "agent": "agent_1", "message": "I prefer Candidate C \u2013 known to be 100% reliable.\nMETADATA_JSON:\n{\"agent\": \"agent_1\", \"vote\": \"Candidate C\"}"}
2026-05-07 21:19:12,196 - INFO - Agent turns: 11
2026-05-07 21:19:20,315 - INFO - Tokens - Input: 1837, Output: 969, Total: 2806
{"id": 17, "ts": 1778181560.3165758, "event": "public_discussion_message", "round": 4, "agent": "agent_2", "message": "I prefer Candidate D \u2013 takes responsibility seriously.\nMETADATA_JSON:\n{\"agent\": \"agent_2\", \"vote\": \"Candidate D\"}"}
2026-05-07 21:19:20,316 - INFO - Agent turns: 12
2026-05-07 21:19:20,325 - INFO - Loop 4 completed
{"id": 18, "ts": 1778181560.3323627, "event": "discussion_order", "round": 5, "order": ["agent_1", "agent_3", "agent_2"]}
2026-05-07 21:19:25,468 - INFO - Tokens - Input: 1869, Output: 573, Total: 2442
{"id": 19, "ts": 1778181565.4693706, "event": "public_discussion_message", "round": 5, "agent": "agent_1", "message": "I prefer Candidate C \u2013 known to be 100% reliable.\nMETADATA_JSON:\n{\"agent\": \"agent_1\", \"vote\": \"Candidate C\"}"}
2026-05-07 21:19:25,469 - INFO - Agent turns: 13
2026-05-07 21:19:32,975 - INFO - Tokens - Input: 1907, Output: 888, Total: 2795
{"id": 20, "ts": 1778181572.9767394, "event": "public_discussion_message", "round": 5, "agent": "agent_3", "message": "I prefer Candidate C \u2013 puts concern for others above everything.\nMETADATA_JSON:\n{\"agent\": \"agent_3\", \"vote\": \"Candidate C\"}"}
2026-05-07 21:19:32,976 - INFO - Agent turns: 14
2026-05-07 21:19:41,362 - INFO - Tokens - Input: 1954, Output: 1157, Total: 3111
{"id": 21, "ts": 1778181581.3637447, "event": "public_discussion_message", "round": 5, "agent": "agent_2", "message": "I prefer Candidate B \u2013 handles stress very well.\nMETADATA_JSON:\n{\"agent\": \"agent_2\", \"vote\": \"Candidate B\"}"}
2026-05-07 21:19:41,363 - INFO - Agent turns: 15
2026-05-07 21:19:41,374 - INFO - Loop 5 completed
2026-05-07 21:19:41,374 - INFO - Final Chosen Candidate: Candidate C
2026-05-07 21:19:41,374 - INFO - Final Decision Method: max_round_majority_vote
2026-05-07 21:19:41,374 - INFO - Final Vote Count: {'Candidate C': 2, 'Candidate B': 1}
2026-05-07 21:19:41,374 - INFO - Correct Candidate: Candidate C
2026-05-07 21:19:41,374 - INFO - Decision Correct: 1
{"id": 22, "ts": 1778181581.3762221, "event": "context_consistency_not_applicable", "reason": "explicit_smm_memory_disabled"}
{"id": 23, "ts": 1778181581.376373, "event": "final_decision", "candidate": "Candidate C", "method": "max_round_majority_vote", "vote_count": {"Candidate C": 2, "Candidate B": 1}, "correct_candidate": "Candidate C", "decision_correct": 1, "round": 5}
2026-05-07 21:19:41,384 - INFO - ======================================================================
2026-05-07 21:19:41,384 - INFO - SIMULATION METRICS
2026-05-07 21:19:41,384 - INFO - ======================================================================
2026-05-07 21:19:41,384 - INFO - Total Loops: 5
2026-05-07 21:19:41,385 - INFO - Agent Turns (no vote checker): 15
2026-05-07 21:19:41,385 - INFO - Agent Tool Calls: 0
2026-05-07 21:19:41,385 - INFO - Agent Tool Messages: 0
2026-05-07 21:19:41,385 - INFO - Memory Updates: 0
2026-05-07 21:19:41,385 - INFO - Total Messages (no vote checker): 15
2026-05-07 21:19:41,385 - INFO - Input Tokens: 25127
2026-05-07 21:19:41,385 - INFO - Output Tokens: 10912
2026-05-07 21:19:41,385 - INFO - Total Tokens: 36039
2026-05-07 21:19:41,385 - INFO - Final Chosen Candidate: Candidate C
2026-05-07 21:19:41,385 - INFO - Final Decision Method: max_round_majority_vote
2026-05-07 21:19:41,385 - INFO - Final Vote Count: {'Candidate C': 2, 'Candidate B': 1}
2026-05-07 21:19:41,385 - INFO - Correct Candidate: Candidate C
2026-05-07 21:19:41,386 - INFO - Decision Correct: 1
2026-05-07 21:19:41,386 - INFO - Runtime: 96.60s
2026-05-07 21:19:41,386 - INFO - ======================================================================
