2026-05-07 21:38:40,047 - INFO - Metrics tracker initialized
{"id": 1, "ts": 1778182720.072569, "event": "memory_reset"}
{"id": 2, "ts": 1778182720.0761216, "event": "discussion_order", "round": 1, "order": ["agent_1", "agent_3", "agent_2"]}
2026-05-07 21:38:46,931 - INFO - Tokens - Input: 1392, Output: 629, Total: 2021
{"id": 3, "ts": 1778182726.93247, "event": "public_discussion_message", "round": 1, "agent": "agent_1", "message": "I prefer Candidate D \u2013 solves problems extremely well.\nMETADATA_JSON:\n{\"agent\": \"agent_1\", \"vote\": \"Candidate D\"}"}
2026-05-07 21:38:46,932 - INFO - Agent turns: 1
2026-05-07 21:38:52,818 - INFO - Tokens - Input: 1444, Output: 821, Total: 2265
{"id": 4, "ts": 1778182732.8201427, "event": "public_discussion_message", "round": 1, "agent": "agent_3", "message": "I prefer Candidate D \u2013 solves problems extremely well.\nMETADATA_JSON:\n{\"agent\": \"agent_3\", \"vote\": \"Candidate D\"}"}
2026-05-07 21:38:52,820 - INFO - Agent turns: 2
2026-05-07 21:38:58,124 - INFO - Tokens - Input: 1490, Output: 745, Total: 2235
{"id": 5, "ts": 1778182738.1256363, "event": "public_discussion_message", "round": 1, "agent": "agent_2", "message": "I prefer Candidate D \u2013 solves problems extremely well, but has a hot temper.\nMETADATA_JSON:\n{\"agent\": \"agent_2\", \"vote\": \"Candidate D\"}"}
2026-05-07 21:38:58,125 - INFO - Agent turns: 3
2026-05-07 21:38:58,134 - INFO - Loop 1 completed
{"id": 6, "ts": 1778182738.1404898, "event": "discussion_order", "round": 2, "order": ["agent_1", "agent_2", "agent_3"]}
2026-05-07 21:39:02,448 - INFO - Tokens - Input: 1518, Output: 568, Total: 2086
{"id": 7, "ts": 1778182742.4495723, "event": "public_discussion_message", "round": 2, "agent": "agent_1", "message": "I prefer Candidate C \u2013 known to be 100% reliable.\nMETADATA_JSON:\n{\"agent\": \"agent_1\", \"vote\": \"Candidate C\"}"}
2026-05-07 21:39:02,449 - INFO - Agent turns: 4
2026-05-07 21:39:19,488 - INFO - Tokens - Input: 1578, Output: 1339, Total: 2917
{"id": 8, "ts": 1778182759.4900868, "event": "public_discussion_message", "round": 2, "agent": "agent_2", "message": "I prefer Candidate D \u2013 hot temper.\nMETADATA_JSON:\n{\"agent\": \"agent_2\", \"vote\": \"Candidate D\"}"}
2026-05-07 21:39:19,490 - INFO - Agent turns: 5
2026-05-07 21:39:24,314 - INFO - Tokens - Input: 1601, Output: 650, Total: 2251
{"id": 9, "ts": 1778182764.315978, "event": "public_discussion_message", "round": 2, "agent": "agent_3", "message": "I prefer Candidate B \u2013 handles stress very well.\nMETADATA_JSON:\n{\"agent\": \"agent_3\", \"vote\": \"Candidate B\"}"}
2026-05-07 21:39:24,316 - INFO - Agent turns: 6
2026-05-07 21:39:24,324 - INFO - Loop 2 completed
{"id": 10, "ts": 1778182764.330094, "event": "discussion_order", "round": 3, "order": ["agent_1", "agent_3", "agent_2"]}
2026-05-07 21:39:30,858 - INFO - Tokens - Input: 1647, Output: 853, Total: 2500
{"id": 11, "ts": 1778182770.8595843, "event": "public_discussion_message", "round": 3, "agent": "agent_1", "message": "I prefer Candidate D \u2013 arrogant.\nMETADATA_JSON:\n{\"agent\": \"agent_1\", \"vote\": \"Candidate D\"}"}
2026-05-07 21:39:30,859 - INFO - Agent turns: 7
2026-05-07 21:39:34,133 - INFO - Tokens - Input: 1673, Output: 515, Total: 2188
{"id": 12, "ts": 1778182774.1349108, "event": "public_discussion_message", "round": 3, "agent": "agent_3", "message": "I prefer Candidate B \u2013 handles stress very well.\nMETADATA_JSON:\n{\"agent\": \"agent_3\", \"vote\": \"Candidate B\"}"}
2026-05-07 21:39:34,135 - INFO - Agent turns: 8
2026-05-07 21:39:39,100 - INFO - Tokens - Input: 1722, Output: 639, Total: 2361
{"id": 13, "ts": 1778182779.101967, "event": "public_discussion_message", "round": 3, "agent": "agent_2", "message": "I prefer Candidate D \u2013 hot temper.\nMETADATA_JSON:\n{\"agent\": \"agent_2\", \"vote\": \"Candidate D\"}"}
2026-05-07 21:39:39,102 - INFO - Agent turns: 9
2026-05-07 21:39:39,110 - INFO - Loop 3 completed
{"id": 14, "ts": 1778182779.117446, "event": "discussion_order", "round": 4, "order": ["agent_2", "agent_1", "agent_3"]}
2026-05-07 21:39:46,184 - INFO - Tokens - Input: 1752, Output: 899, Total: 2651
{"id": 15, "ts": 1778182786.1857345, "event": "public_discussion_message", "round": 4, "agent": "agent_2", "message": "I prefer Candidate B \u2013 handles stress very well.\nMETADATA_JSON:\n{\"agent\": \"agent_2\", \"vote\": \"Candidate B\"}"}
2026-05-07 21:39:46,185 - INFO - Agent turns: 10
2026-05-07 21:39:51,048 - INFO - Tokens - Input: 1793, Output: 660, Total: 2453
{"id": 16, "ts": 1778182791.0495174, "event": "public_discussion_message", "round": 4, "agent": "agent_1", "message": "I prefer Candidate C \u2013 known to be 100% reliable.\nMETADATA_JSON:\n{\"agent\": \"agent_1\", \"vote\": \"Candidate C\"}"}
2026-05-07 21:39:51,049 - INFO - Agent turns: 11
2026-05-07 21:40:00,393 - INFO - Tokens - Input: 1832, Output: 934, Total: 2766
{"id": 17, "ts": 1778182800.3945613, "event": "public_discussion_message", "round": 4, "agent": "agent_3", "message": "I prefer Candidate B \u2013 handles stress very well.\nMETADATA_JSON:\n{\"agent\": \"agent_3\", \"vote\": \"Candidate B\"}"}
2026-05-07 21:40:00,394 - INFO - Agent turns: 12
2026-05-07 21:40:00,403 - INFO - Loop 4 completed
{"id": 18, "ts": 1778182800.4097311, "event": "discussion_order", "round": 5, "order": ["agent_1", "agent_3", "agent_2"]}
2026-05-07 21:40:07,682 - INFO - Tokens - Input: 1866, Output: 681, Total: 2547
{"id": 19, "ts": 1778182807.683798, "event": "public_discussion_message", "round": 5, "agent": "agent_1", "message": "I prefer Candidate C \u2013 known to be 100% reliable.\nMETADATA_JSON:\n{\"agent\": \"agent_1\", \"vote\": \"Candidate C\"}"}
2026-05-07 21:40:07,683 - INFO - Agent turns: 13
2026-05-07 21:40:09,277 - INFO - Tokens - Input: 1911, Output: 208, Total: 2119
{"id": 20, "ts": 1778182809.2784824, "event": "public_discussion_message", "round": 5, "agent": "agent_3", "message": "I prefer Candidate B \u2013 handles stress very well.\nMETADATA_JSON:\n{\"agent\": \"agent_3\", \"vote\": \"Candidate B\"}"}
2026-05-07 21:40:09,278 - INFO - Agent turns: 14
2026-05-07 21:40:16,438 - INFO - Tokens - Input: 1954, Output: 1041, Total: 2995
{"id": 21, "ts": 1778182816.4396048, "event": "public_discussion_message", "round": 5, "agent": "agent_2", "message": "I prefer Candidate B \u2013 very conscientious.\nMETADATA_JSON:\n{\"agent\": \"agent_2\", \"vote\": \"Candidate B\"}"}
2026-05-07 21:40:16,439 - INFO - Agent turns: 15
2026-05-07 21:40:16,449 - INFO - Loop 5 completed
2026-05-07 21:40:16,449 - INFO - Final Chosen Candidate: Candidate B
2026-05-07 21:40:16,449 - INFO - Final Decision Method: max_round_majority_vote
2026-05-07 21:40:16,449 - INFO - Final Vote Count: {'Candidate C': 1, 'Candidate B': 2}
2026-05-07 21:40:16,449 - INFO - Correct Candidate: Candidate C
2026-05-07 21:40:16,449 - INFO - Decision Correct: 0
{"id": 22, "ts": 1778182816.4510975, "event": "context_consistency_not_applicable", "reason": "explicit_smm_memory_disabled"}
{"id": 23, "ts": 1778182816.4512382, "event": "final_decision", "candidate": "Candidate B", "method": "max_round_majority_vote", "vote_count": {"Candidate C": 1, "Candidate B": 2}, "correct_candidate": "Candidate C", "decision_correct": 0, "round": 5}
2026-05-07 21:40:16,459 - INFO - ======================================================================
2026-05-07 21:40:16,459 - INFO - SIMULATION METRICS
2026-05-07 21:40:16,459 - INFO - ======================================================================
2026-05-07 21:40:16,459 - INFO - Total Loops: 5
2026-05-07 21:40:16,459 - INFO - Agent Turns (no vote checker): 15
2026-05-07 21:40:16,459 - INFO - Agent Tool Calls: 0
2026-05-07 21:40:16,459 - INFO - Agent Tool Messages: 0
2026-05-07 21:40:16,460 - INFO - Memory Updates: 0
2026-05-07 21:40:16,460 - INFO - Total Messages (no vote checker): 15
2026-05-07 21:40:16,460 - INFO - Input Tokens: 25173
2026-05-07 21:40:16,460 - INFO - Output Tokens: 11182
2026-05-07 21:40:16,460 - INFO - Total Tokens: 36355
2026-05-07 21:40:16,460 - INFO - Final Chosen Candidate: Candidate B
2026-05-07 21:40:16,460 - INFO - Final Decision Method: max_round_majority_vote
2026-05-07 21:40:16,460 - INFO - Final Vote Count: {'Candidate C': 1, 'Candidate B': 2}
2026-05-07 21:40:16,460 - INFO - Correct Candidate: Candidate C
2026-05-07 21:40:16,460 - INFO - Decision Correct: 0
2026-05-07 21:40:16,460 - INFO - Runtime: 96.41s
2026-05-07 21:40:16,460 - INFO - ======================================================================
