2026-05-17 03:18:05,153 - INFO - Metrics tracker initialized
{"id": 1, "ts": 1778980685.183397, "event": "memory_reset"}
{"id": 2, "ts": 1778980685.1873221, "event": "discussion_order", "round": 1, "order": ["agent_2", "agent_3", "agent_1"]}
2026-05-17 03:18:10,334 - INFO - Tokens - Input: 1417, Output: 495, Total: 1912
{"id": 3, "ts": 1778980690.335306, "event": "public_discussion_message", "round": 1, "agent": "agent_2", "message": "I prefer Candidate A \u2013 has excellent spatial vision.\nMETADATA_JSON:\n{\"agent\": \"agent_2\", \"vote\": \"Candidate A\"}"}
2026-05-17 03:18:10,335 - INFO - Agent turns: 1
2026-05-17 03:18:13,039 - INFO - Tokens - Input: 1441, Output: 376, Total: 1817
{"id": 4, "ts": 1778980693.0408537, "event": "public_discussion_message", "round": 1, "agent": "agent_3", "message": "I prefer Candidate B \u2013 handles stress very well.\nMETADATA_JSON:\n{\"agent\": \"agent_3\", \"vote\": \"Candidate B\"}"}
2026-05-17 03:18:13,041 - INFO - Agent turns: 2
2026-05-17 03:18:16,121 - INFO - Tokens - Input: 1484, Output: 417, Total: 1901
{"id": 5, "ts": 1778980696.1226292, "event": "public_discussion_message", "round": 1, "agent": "agent_1", "message": "I prefer Candidate C \u2013 known to be 100% reliable.\nMETADATA_JSON:\n{\"agent\": \"agent_1\", \"vote\": \"Candidate C\"}"}
2026-05-17 03:18:16,122 - INFO - Agent turns: 3
2026-05-17 03:18:16,132 - INFO - Loop 1 completed
{"id": 6, "ts": 1778980696.1387584, "event": "discussion_order", "round": 2, "order": ["agent_3", "agent_2", "agent_1"]}
2026-05-17 03:18:20,495 - INFO - Tokens - Input: 1520, Output: 584, Total: 2104
{"id": 7, "ts": 1778980700.4972472, "event": "public_discussion_message", "round": 2, "agent": "agent_3", "message": "I prefer Candidate B \u2013 handles stress very well.\nMETADATA_JSON:\n{\"agent\": \"agent_3\", \"vote\": \"Candidate B\"}"}
2026-05-17 03:18:20,497 - INFO - Agent turns: 4
2026-05-17 03:18:25,974 - INFO - Tokens - Input: 1566, Output: 721, Total: 2287
{"id": 8, "ts": 1778980705.97609, "event": "public_discussion_message", "round": 2, "agent": "agent_2", "message": "I prefer Candidate D \u2013 takes responsibility seriously.\nMETADATA_JSON:\n{\"agent\": \"agent_2\", \"vote\": \"Candidate D\"}"}
2026-05-17 03:18:25,976 - INFO - Agent turns: 5
2026-05-17 03:18:29,872 - INFO - Tokens - Input: 1600, Output: 506, Total: 2106
{"id": 9, "ts": 1778980709.8740525, "event": "public_discussion_message", "round": 2, "agent": "agent_1", "message": "I prefer Candidate C \u2013 known to be 100% reliable.\nMETADATA_JSON:\n{\"agent\": \"agent_1\", \"vote\": \"Candidate C\"}"}
2026-05-17 03:18:29,874 - INFO - Agent turns: 6
2026-05-17 03:18:29,883 - INFO - Loop 2 completed
{"id": 10, "ts": 1778980709.8893342, "event": "discussion_order", "round": 3, "order": ["agent_2", "agent_3", "agent_1"]}
2026-05-17 03:18:34,933 - INFO - Tokens - Input: 1644, Output: 650, Total: 2294
{"id": 11, "ts": 1778980714.9351363, "event": "public_discussion_message", "round": 3, "agent": "agent_2", "message": "I prefer Candidate A \u2013 excellent spatial vision.\nMETADATA_JSON:\n{\"agent\": \"agent_2\", \"vote\": \"Candidate A\"}"}
2026-05-17 03:18:34,935 - INFO - Agent turns: 7
2026-05-17 03:18:39,839 - INFO - Tokens - Input: 1673, Output: 631, Total: 2304
{"id": 12, "ts": 1778980719.8405473, "event": "public_discussion_message", "round": 3, "agent": "agent_3", "message": "I prefer Candidate A \u2013 very good leadership qualities.\nMETADATA_JSON:\n{\"agent\": \"agent_3\", \"vote\": \"Candidate A\"}"}
2026-05-17 03:18:39,840 - INFO - Agent turns: 8
2026-05-17 03:18:43,418 - INFO - Tokens - Input: 1716, Output: 453, Total: 2169
{"id": 13, "ts": 1778980723.4201005, "event": "public_discussion_message", "round": 3, "agent": "agent_1", "message": "I prefer Candidate C \u2013 known to be 100% reliable.\nMETADATA_JSON:\n{\"agent\": \"agent_1\", \"vote\": \"Candidate C\"}"}
2026-05-17 03:18:43,420 - INFO - Agent turns: 9
2026-05-17 03:18:43,429 - INFO - Loop 3 completed
{"id": 14, "ts": 1778980723.4353666, "event": "discussion_order", "round": 4, "order": ["agent_3", "agent_1", "agent_2"]}
2026-05-17 03:18:49,939 - INFO - Tokens - Input: 1752, Output: 818, Total: 2570
{"id": 15, "ts": 1778980729.940947, "event": "public_discussion_message", "round": 4, "agent": "agent_3", "message": "I prefer Candidate B \u2013 handles stress very well.\nMETADATA_JSON:\n{\"agent\": \"agent_3\", \"vote\": \"Candidate B\"}"}
2026-05-17 03:18:49,941 - INFO - Agent turns: 10
2026-05-17 03:18:53,786 - INFO - Tokens - Input: 1795, Output: 488, Total: 2283
{"id": 16, "ts": 1778980733.7875783, "event": "public_discussion_message", "round": 4, "agent": "agent_1", "message": "I prefer Candidate C \u2013 known to be 100% reliable.\nMETADATA_JSON:\n{\"agent\": \"agent_1\", \"vote\": \"Candidate C\"}"}
2026-05-17 03:18:53,787 - INFO - Agent turns: 11
2026-05-17 03:18:58,208 - INFO - Tokens - Input: 1839, Output: 578, Total: 2417
{"id": 17, "ts": 1778980738.2102723, "event": "public_discussion_message", "round": 4, "agent": "agent_2", "message": "I prefer Candidate A \u2013 excellent spatial vision.\nMETADATA_JSON:\n{\"agent\": \"agent_2\", \"vote\": \"Candidate A\"}"}
2026-05-17 03:18:58,210 - INFO - Agent turns: 12
2026-05-17 03:18:58,219 - INFO - Loop 4 completed
{"id": 18, "ts": 1778980738.2258024, "event": "discussion_order", "round": 5, "order": ["agent_3", "agent_1", "agent_2"]}
2026-05-17 03:19:04,448 - INFO - Tokens - Input: 1868, Output: 805, Total: 2673
{"id": 19, "ts": 1778980744.4496927, "event": "public_discussion_message", "round": 5, "agent": "agent_3", "message": "I prefer Candidate B \u2013 handles stress very well.\nMETADATA_JSON:\n{\"agent\": \"agent_3\", \"vote\": \"Candidate B\"}"}
2026-05-17 03:19:04,449 - INFO - Agent turns: 13
2026-05-17 03:19:09,867 - INFO - Tokens - Input: 1911, Output: 698, Total: 2609
{"id": 20, "ts": 1778980749.8693423, "event": "public_discussion_message", "round": 5, "agent": "agent_1", "message": "I prefer Candidate A \u2013 very good leadership qualities.\nMETADATA_JSON:\n{\"agent\": \"agent_1\", \"vote\": \"Candidate A\"}"}
2026-05-17 03:19:09,869 - INFO - Agent turns: 14
2026-05-17 03:19:16,373 - INFO - Tokens - Input: 1952, Output: 831, Total: 2783
{"id": 21, "ts": 1778980756.3753378, "event": "public_discussion_message", "round": 5, "agent": "agent_2", "message": "I prefer Candidate A \u2013 excellent spatial vision.\nMETADATA_JSON:\n{\"agent\": \"agent_2\", \"vote\": \"Candidate A\"}"}
2026-05-17 03:19:16,375 - INFO - Agent turns: 15
2026-05-17 03:19:16,384 - INFO - Loop 5 completed
2026-05-17 03:19:16,385 - INFO - Final Chosen Candidate: Candidate A
2026-05-17 03:19:16,385 - INFO - Final Decision Method: max_round_majority_vote
2026-05-17 03:19:16,385 - INFO - Final Vote Count: {'Candidate A': 2, 'Candidate B': 1}
2026-05-17 03:19:16,385 - INFO - Correct Candidate: Candidate C
2026-05-17 03:19:16,385 - INFO - Decision Correct: 0
{"id": 22, "ts": 1778980756.38716, "event": "context_consistency_not_applicable", "reason": "explicit_smm_memory_disabled"}
{"id": 23, "ts": 1778980756.3873136, "event": "final_decision", "candidate": "Candidate A", "method": "max_round_majority_vote", "vote_count": {"Candidate A": 2, "Candidate B": 1}, "correct_candidate": "Candidate C", "decision_correct": 0, "round": 5}
2026-05-17 03:19:16,395 - INFO - ======================================================================
2026-05-17 03:19:16,396 - INFO - SIMULATION METRICS
2026-05-17 03:19:16,396 - INFO - ======================================================================
2026-05-17 03:19:16,396 - INFO - Total Loops: 5
2026-05-17 03:19:16,396 - INFO - Agent Turns (no vote checker): 15
2026-05-17 03:19:16,396 - INFO - Agent Tool Calls: 0
2026-05-17 03:19:16,396 - INFO - Agent Tool Messages: 0
2026-05-17 03:19:16,396 - INFO - Memory Updates: 0
2026-05-17 03:19:16,396 - INFO - Total Messages (no vote checker): 15
2026-05-17 03:19:16,396 - INFO - Input Tokens: 25178
2026-05-17 03:19:16,396 - INFO - Output Tokens: 9051
2026-05-17 03:19:16,397 - INFO - Total Tokens: 34229
2026-05-17 03:19:16,397 - INFO - Final Chosen Candidate: Candidate A
2026-05-17 03:19:16,397 - INFO - Final Decision Method: max_round_majority_vote
2026-05-17 03:19:16,397 - INFO - Final Vote Count: {'Candidate A': 2, 'Candidate B': 1}
2026-05-17 03:19:16,397 - INFO - Correct Candidate: Candidate C
2026-05-17 03:19:16,397 - INFO - Decision Correct: 0
2026-05-17 03:19:16,397 - INFO - Runtime: 71.24s
2026-05-17 03:19:16,397 - INFO - ======================================================================
