2026-05-08 10:26:47,039 - INFO - Metrics tracker initialized
{"id": 1, "ts": 1778228807.0681872, "event": "memory_reset"}
{"id": 2, "ts": 1778228807.0722525, "event": "discussion_order", "round": 1, "order": ["agent_1", "agent_3", "agent_2"]}
2026-05-08 10:26:53,427 - INFO - Tokens - Input: 1713, Output: 700, Total: 2413
{"id": 3, "ts": 1778228813.429327, "event": "public_discussion_message", "round": 1, "agent": "agent_1", "message": "I currently favor Candidate\u202fC because he is described as 100\u202f% reliable and creates a positive atmosphere with his crew, both essential for long\u2011distance operations where trust and morale are critical. He also makes correct decisions quickly, supporting the need for rapid, accurate judgment in flight. The main uncertainty is his difficulty communicating ideas and egocentric attitude, which could impair crew coordination despite his reliability.\nMETADATA_JSON:\n{\"agent\": \"agent_1\", \"vote\": \"Candidate C\"}"}
2026-05-08 10:26:53,429 - INFO - Agent turns: 1
2026-05-08 10:27:00,961 - INFO - Tokens - Input: 1334, Output: 1476, Total: 2810
2026-05-08 10:27:00,963 - INFO - Memory updates: 1
{"id": 4, "ts": 1778228820.9634037, "event": "memory_updated", "agent": "agent_2", "round": 1}
2026-05-08 10:27:02,092 - INFO - Tokens - Input: 1326, Output: 1627, Total: 2953
2026-05-08 10:27:02,093 - INFO - Memory updates: 2
{"id": 5, "ts": 1778228822.0940983, "event": "memory_updated", "agent": "agent_3", "round": 1}
2026-05-08 10:27:02,133 - INFO - Tokens - Input: 1331, Output: 1464, Total: 2795
2026-05-08 10:27:02,134 - INFO - Memory updates: 3
{"id": 6, "ts": 1778228822.13484, "event": "memory_updated", "agent": "agent_1", "round": 1}
2026-05-08 10:27:05,705 - INFO - Tokens - Input: 2350, Output: 602, Total: 2952
{"id": 7, "ts": 1778228825.7067947, "event": "public_discussion_message", "round": 1, "agent": "agent_3", "message": "I currently favor **Candidate\u202fB** because he handles stress well, which is crucial for staying calm during long\u2011haul flights, and he possesses strong technical abilities (weather assessment and computer skills) that support safe, efficient operations. The main trade\u2011off is his tendency to be pretentious and sometimes use the wrong tone, which could hinder crew cooperation; we need to gauge how much this might affect crew dynamics on extended missions.\nMETADATA_JSON:\n{\"agent\": \"agent_3\", \"vote\": \"Candidate B\"}"}
2026-05-08 10:27:05,706 - INFO - Agent turns: 2
2026-05-08 10:27:11,367 - INFO - Tokens - Input: 1893, Output: 1450, Total: 3343
2026-05-08 10:27:11,369 - INFO - Memory updates: 4
{"id": 8, "ts": 1778228831.3697686, "event": "memory_updated", "agent": "agent_1", "round": 1}
2026-05-08 10:27:13,746 - INFO - Tokens - Input: 1940, Output: 1407, Total: 3347
2026-05-08 10:27:13,748 - INFO - Memory updates: 5
{"id": 9, "ts": 1778228833.7485929, "event": "memory_updated", "agent": "agent_2", "round": 1}
2026-05-08 10:27:14,424 - INFO - Tokens - Input: 1985, Output: 1230, Total: 3215
2026-05-08 10:27:14,425 - INFO - Memory updates: 6
{"id": 10, "ts": 1778228834.425742, "event": "memory_updated", "agent": "agent_3", "round": 1}
2026-05-08 10:27:19,504 - INFO - Tokens - Input: 2522, Output: 613, Total: 3135
{"id": 11, "ts": 1778228839.5060356, "event": "public_discussion_message", "round": 1, "agent": "agent_2", "message": "I currently favor **Candidate\u202fC**. He makes correct decisions quickly, stays calm in a crisis, and understands complicated technology, which together give strong reliability and technical competence essential for long\u2011distance flights. Additionally, he is described as creating a positive crew atmosphere, supporting the cooperation needed in the cockpit. The main uncertainty is his difficulty communicating ideas and egocentric attitude, which could hinder crew coordination despite the overall positive atmosphere.\nMETADATA_JSON:\n{\"agent\": \"agent_2\", \"vote\": \"Candidate C\"}"}
2026-05-08 10:27:19,506 - INFO - Agent turns: 3
2026-05-08 10:27:27,890 - INFO - Tokens - Input: 2157, Output: 1276, Total: 3433
2026-05-08 10:27:27,892 - INFO - Memory updates: 7
{"id": 12, "ts": 1778228847.8924198, "event": "memory_updated", "agent": "agent_2", "round": 1}
2026-05-08 10:27:30,402 - INFO - Tokens - Input: 2210, Output: 1362, Total: 3572
2026-05-08 10:27:30,404 - INFO - Memory updates: 8
{"id": 13, "ts": 1778228850.4050248, "event": "memory_updated", "agent": "agent_3", "round": 1}
2026-05-08 10:27:30,983 - INFO - Tokens - Input: 2250, Output: 1678, Total: 3928
2026-05-08 10:27:30,985 - INFO - Memory updates: 9
{"id": 14, "ts": 1778228850.985177, "event": "memory_updated", "agent": "agent_1", "round": 1}
2026-05-08 10:27:30,994 - INFO - Loop 1 completed
{"id": 15, "ts": 1778228851.0004232, "event": "discussion_order", "round": 2, "order": ["agent_1", "agent_2", "agent_3"]}
2026-05-08 10:27:32,706 - INFO - Tokens - Input: 2912, Output: 215, Total: 3127
{"id": 16, "ts": 1778228852.7080047, "event": "public_discussion_message", "round": 2, "agent": "agent_1", "message": "I continue to favor **Candidate C**. He is described as 100\u202f% reliable and creates a positive atmosphere with his crew, both of which are vital for the trust and morale needed on long\u2011distance flights. He also makes correct decisions quickly, supporting the need for rapid, accurate judgment in complex situations.\n**Trade\u2011off / uncertainty:** His difficulty communicating ideas and egocentric attitude could hinder effective crew coordination, which is a safety\u2011critical concern.\nMETADATA_JSON:\n{\"agent\": \"agent_1\", \"vote\": \"Candidate C\"}"}
2026-05-08 10:27:32,708 - INFO - Agent turns: 4
2026-05-08 10:27:37,608 - INFO - Tokens - Input: 2544, Output: 1087, Total: 3631
2026-05-08 10:27:37,610 - INFO - Memory updates: 10
{"id": 17, "ts": 1778228857.610626, "event": "memory_updated", "agent": "agent_1", "round": 2}
2026-05-08 10:27:42,520 - INFO - Tokens - Input: 2327, Output: 1697, Total: 4024
2026-05-08 10:27:42,522 - INFO - Memory updates: 11
{"id": 18, "ts": 1778228862.5225081, "event": "memory_updated", "agent": "agent_2", "round": 2}
2026-05-08 10:27:43,492 - INFO - Tokens - Input: 2356, Output: 1595, Total: 3951
2026-05-08 10:27:43,493 - INFO - Memory updates: 12
{"id": 19, "ts": 1778228863.4940767, "event": "memory_updated", "agent": "agent_3", "round": 2}
2026-05-08 10:27:44,510 - INFO - Tokens - Input: 2859, Output: 242, Total: 3101
{"id": 20, "ts": 1778228864.5122674, "event": "public_discussion_message", "round": 2, "agent": "agent_2", "message": "I continue to favor **Candidate\u202fC**. He makes correct decisions quickly and stays calm in a crisis, which are vital for the rapid, accurate judgment and composure required on long\u2011distance flights. He is also noted for creating a positive crew atmosphere, supporting the cooperation essential in the cockpit.\n**Trade\u2011off / uncertainty:** His difficulty communicating ideas and egocentric attitude could hinder effective crew coordination, a safety\u2011critical concern.\nMETADATA_JSON:\n{\"agent\": \"agent_2\", \"vote\": \"Candidate C\"}"}
2026-05-08 10:27:44,512 - INFO - Agent turns: 5
2026-05-08 10:27:50,270 - INFO - Tokens - Input: 2317, Output: 1074, Total: 3391
2026-05-08 10:27:50,271 - INFO - Memory updates: 13
{"id": 21, "ts": 1778228870.2717865, "event": "memory_updated", "agent": "agent_1", "round": 2}
2026-05-08 10:27:50,427 - INFO - Tokens - Input: 2499, Output: 1129, Total: 3628
2026-05-08 10:27:50,428 - INFO - Memory updates: 14
{"id": 22, "ts": 1778228870.4287524, "event": "memory_updated", "agent": "agent_2", "round": 2}
2026-05-08 10:27:50,702 - INFO - Tokens - Input: 2375, Output: 1199, Total: 3574
2026-05-08 10:27:50,703 - INFO - Memory updates: 15
{"id": 23, "ts": 1778228870.7037318, "event": "memory_updated", "agent": "agent_3", "round": 2}
2026-05-08 10:27:53,918 - INFO - Tokens - Input: 2834, Output: 588, Total: 3422
{"id": 24, "ts": 1778228873.9201884, "event": "public_discussion_message", "round": 2, "agent": "agent_3", "message": "I now favor **Candidate\u202fC** because he is described as 100\u202f% reliable and creates a positive crew atmosphere, both essential for trust and morale on long\u2011haul flights, and he makes correct decisions quickly while staying calm in a crisis, which supports rapid, safe judgment under pressure.\n**Trade\u2011off / uncertainty:** His difficulty communicating ideas and egocentric attitude could impair effective crew coordination, a safety\u2011critical concern that must be weighed against his strong reliability and calmness.\nMETADATA_JSON:\n{\"agent\": \"agent_3\", \"vote\": \"Candidate C\"}"}
2026-05-08 10:27:53,920 - INFO - Agent turns: 6
2026-05-08 10:28:01,522 - INFO - Tokens - Input: 2505, Output: 1350, Total: 3855
2026-05-08 10:28:01,524 - INFO - Memory updates: 16
{"id": 25, "ts": 1778228881.524439, "event": "memory_updated", "agent": "agent_1", "round": 2}
2026-05-08 10:28:02,323 - INFO - Tokens - Input: 2568, Output: 1214, Total: 3782
2026-05-08 10:28:02,325 - INFO - Memory updates: 17
{"id": 26, "ts": 1778228882.3260455, "event": "memory_updated", "agent": "agent_2", "round": 2}
2026-05-08 10:28:05,520 - INFO - Tokens - Input: 2494, Output: 1708, Total: 4202
2026-05-08 10:28:05,522 - INFO - Memory updates: 18
{"id": 27, "ts": 1778228885.5226765, "event": "memory_updated", "agent": "agent_3", "round": 2}
2026-05-08 10:28:05,530 - INFO - Loop 2 completed
2026-05-08 10:28:05,530 - INFO - Final Chosen Candidate: Candidate C
2026-05-08 10:28:05,531 - INFO - Final Decision Method: consensus
2026-05-08 10:28:05,531 - INFO - Final Vote Count: {'Candidate C': 3}
2026-05-08 10:28:05,531 - INFO - Correct Candidate: Candidate C
2026-05-08 10:28:05,531 - INFO - Decision Correct: 1
{"id": 28, "ts": 1778228885.8816762, "event": "context_consistency_calculated", "method": "embedding_cosine", "mean_pairwise_similarity": 0.90354, "pairwise": [{"agent_a": "agent_1", "agent_b": "agent_2", "similarity": 0.931555}, {"agent_a": "agent_1", "agent_b": "agent_3", "similarity": 0.902749}, {"agent_a": "agent_2", "agent_b": "agent_3", "similarity": 0.876315}]}
{"id": 29, "ts": 1778228885.8818426, "event": "agent_memories_archived", "directory": "/home/lhegemann/git/bachelor_thesis/01_data/raw/simulations/moderate/moderate_treatment_20260508_080303_028/shared_mental_models", "round": 2}
{"id": 30, "ts": 1778228885.8819692, "event": "final_decision", "candidate": "Candidate C", "method": "consensus", "vote_count": {"Candidate C": 3}, "correct_candidate": "Candidate C", "decision_correct": 1, "round": 2}
2026-05-08 10:28:05,891 - INFO - ======================================================================
2026-05-08 10:28:05,891 - INFO - SIMULATION METRICS
2026-05-08 10:28:05,891 - INFO - ======================================================================
2026-05-08 10:28:05,891 - INFO - Total Loops: 2
2026-05-08 10:28:05,891 - INFO - Agent Turns (no vote checker): 6
2026-05-08 10:28:05,891 - INFO - Agent Tool Calls: 0
2026-05-08 10:28:05,891 - INFO - Agent Tool Messages: 0
2026-05-08 10:28:05,891 - INFO - Memory Updates: 18
2026-05-08 10:28:05,891 - INFO - Total Messages (no vote checker): 6
2026-05-08 10:28:05,892 - INFO - Input Tokens: 53601
2026-05-08 10:28:05,892 - INFO - Output Tokens: 27983
2026-05-08 10:28:05,892 - INFO - Total Tokens: 81584
2026-05-08 10:28:05,892 - INFO - Final Chosen Candidate: Candidate C
2026-05-08 10:28:05,892 - INFO - Final Decision Method: consensus
2026-05-08 10:28:05,892 - INFO - Final Vote Count: {'Candidate C': 3}
2026-05-08 10:28:05,892 - INFO - Correct Candidate: Candidate C
2026-05-08 10:28:05,892 - INFO - Decision Correct: 1
2026-05-08 10:28:05,892 - INFO - Runtime: 78.85s
2026-05-08 10:28:05,892 - INFO - ======================================================================
