2026-05-10 04:04:43,909 - INFO - Metrics tracker initialized
{"id": 1, "ts": 1778378683.9371135, "event": "memory_reset"}
{"id": 2, "ts": 1778378683.9411469, "event": "discussion_order", "round": 1, "order": ["agent_3", "agent_2", "agent_1"]}
2026-05-10 04:05:00,612 - INFO - Tokens - Input: 1777, Output: 1002, Total: 2779
{"id": 3, "ts": 1778378700.6144488, "event": "public_discussion_message", "round": 1, "agent": "agent_3", "message": "Current position: Candidate B\nConfidence/uncertainty: Moderate confidence \u2013 candidate B appears the most balanced across key criteria, though cooperation concerns remain.\nReasoning summary:\n- Key evidence used: Candidate B is very conscientious (reliability), handles stress well (calmness under pressure), is good at assessing weather conditions and has excellent computer skills (technical competence).\n- Evidence from others: None yet (no other agents have contributed).\n- Alternatives considered:\n  * Candidate A \u2013 strong technical and leadership abilities but is unfriendly, which is a serious cooperation drawback.\n  * Candidate C \u2013 shows concern for others and excellent attention, yet has communication difficulties, is egocentric, and lacks willingness to further education.\n  * Candidate D \u2013 excellent problem\u2011solving, responsibility, and response to unexpected events, but is moody and regarded as a loner, both harming crew cooperation.\n- Main tradeoff: Balancing technical/reliability strengths against cooperation drawbacks. Candidate B\u2019s cooperation negatives (pretentiousness, occasional wrong tone) are notable but appear less severe than the unfriendly, moody, or egocentric issues of the others.\n- Remaining uncertainty: The impact of Candidate B\u2019s pretentiousness and tone issues on crew dynamics is unclear; further insight into how these traits manifest in practice would help.\n- What would change my vote: Evidence that Candidate B\u2019s cooperation problems are severe enough to impair crew safety, or strong positive evidence that another candidate (e.g., A\u2019s leadership effectiveness outweighing unfriendly demeanor) would shift the balance.\nMETADATA_JSON:\n{\"agent\": \"agent_3\", \"vote\": \"Candidate B\"}"}
2026-05-10 04:05:00,614 - INFO - Agent turns: 1
2026-05-10 04:05:10,562 - INFO - Tokens - Input: 1797, Output: 1200, Total: 2997
2026-05-10 04:05:10,564 - INFO - Memory updates: 1
{"id": 4, "ts": 1778378710.5642772, "event": "memory_updated", "agent": "agent_3", "round": 1}
2026-05-10 04:05:12,472 - INFO - Tokens - Input: 1805, Output: 1418, Total: 3223
2026-05-10 04:05:12,474 - INFO - Memory updates: 2
{"id": 5, "ts": 1778378712.4748213, "event": "memory_updated", "agent": "agent_2", "round": 1}
2026-05-10 04:05:14,736 - INFO - Tokens - Input: 1802, Output: 1655, Total: 3457
2026-05-10 04:05:14,738 - INFO - Memory updates: 3
{"id": 6, "ts": 1778378714.7384973, "event": "memory_updated", "agent": "agent_1", "round": 1}
2026-05-10 04:05:21,536 - INFO - Tokens - Input: 2643, Output: 818, Total: 3461
{"id": 7, "ts": 1778378721.5378845, "event": "public_discussion_message", "round": 1, "agent": "agent_2", "message": "Current position: Candidate B\nConfidence/uncertainty: Moderate confidence \u2013 B appears the most balanced, but cooperation concerns remain.\nReasoning summary:\n- Key evidence used: Candidate B is very conscientious (reliability), handles stress well (calmness under pressure), is good at assessing weather conditions and has excellent computer skills (technical competence).\n- Evidence from others: Agent\u202f3 also supports Candidate\u202fB, citing the same strengths and noting the cooperation drawback (makes nasty remarks) as less severe than other candidates\u2019 issues.\n- Alternatives considered:\n  * Candidate\u202fA \u2013 strong technical and leadership abilities, but regarded as a show\u2011off and not open to new ideas, which are serious cooperation drawbacks.\n  * Candidate\u202fC \u2013 quick decision\u2011making, calm in crisis, good technical understanding, yet has communication difficulties, is egocentric, and lacks willingness to continue education, all harming crew dynamics.\n  * Candidate\u202fD \u2013 excellent problem\u2011solving, responsibility, and adaptability, but is seen as a know\u2011it\u2011all and has a hot temper, posing strong cooperation risks.\n- Main tradeoff: Balancing technical/reliability strengths against cooperation drawbacks. B\u2019s cooperation issue (nasty remarks) is notable but appears less pervasive than the multiple, more severe drawbacks of the other candidates.\n- Remaining uncertainty: How severely B\u2019s nasty remarks would affect crew cohesion and safety in real flight operations.\n- What would change my vote: Convincing evidence that B\u2019s cooperation problems lead to unsafe crew interactions, or strong evidence that another candidate\u2019s leadership/technical strengths can reliably offset their cooperation issues.\nMETADATA_JSON:\n{\"agent\": \"agent_2\", \"vote\": \"Candidate B\"}"}
2026-05-10 04:05:21,538 - INFO - Agent turns: 2
2026-05-10 04:05:29,800 - INFO - Tokens - Input: 2698, Output: 1089, Total: 3787
2026-05-10 04:05:29,802 - INFO - Memory updates: 4
{"id": 8, "ts": 1778378729.8025346, "event": "memory_updated", "agent": "agent_2", "round": 1}
2026-05-10 04:05:31,656 - INFO - Tokens - Input: 2669, Output: 1447, Total: 4116
2026-05-10 04:05:31,658 - INFO - Memory updates: 5
{"id": 9, "ts": 1778378731.6584067, "event": "memory_updated", "agent": "agent_3", "round": 1}
2026-05-10 04:05:36,096 - INFO - Tokens - Input: 2695, Output: 1789, Total: 4484
2026-05-10 04:05:36,098 - INFO - Memory updates: 6
{"id": 10, "ts": 1778378736.0984106, "event": "memory_updated", "agent": "agent_1", "round": 1}
2026-05-10 04:05:44,287 - INFO - Tokens - Input: 3134, Output: 1046, Total: 4180
{"id": 11, "ts": 1778378744.2886717, "event": "public_discussion_message", "round": 1, "agent": "agent_1", "message": "Current position: Candidate B\nConfidence/uncertainty: Moderate confidence \u2013 B appears the most balanced overall, though cooperation concerns remain.\nReasoning summary:\n- Key evidence used: Candidate\u202fB is very conscientious (reliability), handles stress well (calmness under pressure), is good at assessing weather conditions, and has excellent computer skills (technical competence). These directly support the core requirements for long\u2011distance flights.\n- Evidence from others: Both Agent\u202f2 and Agent\u202f3 also favor Candidate\u202fB, citing the same strengths and noting the cooperation drawbacks (grumpy, uncooperative, makes nasty remarks) as less severe than the drawbacks of the other candidates.\n- Alternatives considered:\n  * Candidate\u202fA \u2013 strong technical vision and leadership, but is unfriendly, not open to criticism, and can be unorganized, which are serious cooperation risks.\n  * Candidate\u202fC \u2013 100\u202f% reliable and creates a positive crew atmosphere, yet has difficulty communicating ideas, is egocentric, and shows little willingness to continue education, limiting crew coordination and growth.\n  * Candidate\u202fD \u2013 excellent problem\u2011solving, responsibility, and concentration, but is regarded as arrogant, has weak leadership, and a hot temper, all of which threaten crew cohesion.\n- Main tradeoff: Balancing technical/reliability strengths against cooperation drawbacks. Candidate\u202fB\u2019s cooperation issues are present but appear less pervasive than the multiple, more severe interpersonal problems of the other candidates.\n- Remaining uncertainty: The real\u2011world impact of Candidate\u202fB\u2019s \u201cnasty remarks\u201d and occasional uncooperativeness on crew safety and mission success during long\u2011haul operations.\n- What would change my vote: Convincing evidence that Candidate\u202fB\u2019s cooperation problems lead to unsafe crew interactions, or strong evidence that another candidate\u2019s leadership and technical advantages can reliably offset their cooperation drawbacks.\nMETADATA_JSON:\n{\"agent\": \"agent_1\", \"vote\": \"Candidate B\"}"}
2026-05-10 04:05:44,288 - INFO - Agent turns: 3
2026-05-10 04:05:57,328 - INFO - Tokens - Input: 3130, Output: 1455, Total: 4585
2026-05-10 04:05:57,329 - INFO - Memory updates: 7
{"id": 12, "ts": 1778378757.3299553, "event": "memory_updated", "agent": "agent_3", "round": 1}
2026-05-10 04:05:59,030 - INFO - Tokens - Input: 3282, Output: 927, Total: 4209
2026-05-10 04:05:59,032 - INFO - Memory updates: 8
{"id": 13, "ts": 1778378759.0327442, "event": "memory_updated", "agent": "agent_1", "round": 1}
2026-05-10 04:05:59,913 - INFO - Tokens - Input: 3191, Output: 1461, Total: 4652
2026-05-10 04:05:59,915 - INFO - Memory updates: 9
{"id": 14, "ts": 1778378759.9160173, "event": "memory_updated", "agent": "agent_2", "round": 1}
2026-05-10 04:05:59,924 - INFO - Loop 1 completed
{"id": 15, "ts": 1778378759.9303439, "event": "discussion_order", "round": 2, "order": ["agent_2", "agent_3", "agent_1"]}
2026-05-10 04:06:05,654 - INFO - Tokens - Input: 3576, Output: 505, Total: 4081
{"id": 16, "ts": 1778378765.6559982, "event": "public_discussion_message", "round": 2, "agent": "agent_2", "message": "Current position: Candidate B\nConfidence/uncertainty: Moderate confidence \u2013 B balances reliability, calmness under pressure, and technical competence, though a cooperation concern remains.\nReasoning summary:\n- Key evidence used: Candidate\u202fB is very conscientious (reliability), handles stress well (calmness under pressure), assesses weather conditions effectively (operational safety), and possesses excellent computer skills (technical competence).\n- Evidence from others: Agents\u202f1 and\u202f3 also favor Candidate\u202fB and note the same cooperation drawback (makes nasty remarks / grumpy, uncooperative). No additional evidence has been introduced that alters the balance.\n- Alternatives considered:\n  * Candidate\u202fA \u2013 strong situational awareness, spatial vision, and leadership, but is regarded as a show\u2011off, not open to new ideas, and unorganized, which are serious cooperation risks.\n  * Candidate\u202fC \u2013 quick decision\u2011making, calm in crisis, and good technical understanding, yet has communication difficulties, egocentric attitude, and low willingness to continue education, all harming crew dynamics.\n  * Candidate\u202fD \u2013 excellent problem\u2011solving, responsibility, and adaptability, but is seen as a know\u2011it\u2011all, has a hot temper, and weak leadership, posing strong cooperation hazards.\n- Main tradeoff: Weighing B\u2019s solid technical and reliability profile against its moderate cooperation issue versus the multiple, more severe interpersonal drawbacks of the other candidates.\n- Remaining uncertainty: The real\u2011world impact of B\u2019s \u201cnasty remarks\u201d on crew cohesion during long\u2011haul flights; whether this could degrade safety more than anticipated.\n- What would change my vote: Convincing evidence that B\u2019s cooperation problems lead to unsafe crew interactions, or strong evidence that another candidate\u2019s leadership and technical strengths can reliably offset their cooperation drawbacks.\nMETADATA_JSON:\n{\"agent\": \"agent_2\", \"vote\": \"Candidate B\"}"}
2026-05-10 04:06:05,656 - INFO - Agent turns: 4
2026-05-10 04:06:17,739 - INFO - Tokens - Input: 3690, Output: 1445, Total: 5135
2026-05-10 04:06:17,741 - INFO - Memory updates: 10
{"id": 17, "ts": 1778378777.7417784, "event": "memory_updated", "agent": "agent_2", "round": 2}
2026-05-10 04:06:19,240 - INFO - Tokens - Input: 3284, Output: 1022, Total: 4306
2026-05-10 04:06:19,242 - INFO - Memory updates: 11
{"id": 18, "ts": 1778378779.2425747, "event": "memory_updated", "agent": "agent_1", "round": 2}
2026-05-10 04:06:21,141 - INFO - Tokens - Input: 3671, Output: 1449, Total: 5120
2026-05-10 04:06:21,143 - INFO - Memory updates: 12
{"id": 19, "ts": 1778378781.143557, "event": "memory_updated", "agent": "agent_3", "round": 2}
2026-05-10 04:06:26,546 - INFO - Tokens - Input: 3781, Output: 415, Total: 4196
{"id": 20, "ts": 1778378786.5478764, "event": "public_discussion_message", "round": 2, "agent": "agent_3", "message": "Current position: Candidate B\nConfidence/uncertainty: Moderate (around 60\u202f% confidence)\nReasoning summary:\n- Key evidence used: Candidate\u202fB is very conscientious (reliability), handles stress well (calmness under pressure), assesses weather conditions effectively (operational safety), and has excellent computer skills (technical competence).\n- Evidence from others: Agents\u202f1 and\u202f2 also favor Candidate\u202fB and note the same cooperation drawbacks (pretentiousness, occasional wrong tone, grumpy/uncooperative, nasty remarks). No new contradictory evidence has been presented.\n- Alternatives considered:\n  * Candidate\u202fA \u2013 strong situational awareness, spatial vision, and leadership, but unfriendly, a \u201cshow\u2011off,\u201d and unorganized, posing serious cooperation risks.\n  * Candidate\u202fC \u2013 quick decision\u2011making, concern for others, and excellent attention, yet communication difficulties, egocentric attitude, and low willingness to continue education undermine crew coordination.\n  * Candidate\u202fD \u2013 excellent problem\u2011solving, responsibility, and concentration, but moody, a loner, and perceived as a know\u2011it\u2011all with a hot temper, which threaten crew cohesion.\n- Main tradeoff: Weighing B\u2019s solid reliability, calmness, and technical competence against its moderate cooperation issues versus the multiple, more severe interpersonal drawbacks of the other candidates.\n- Remaining uncertainty: How severely B\u2019s pretentiousness and occasional nasty remarks would affect crew cohesion and safety on long\u2011haul flights.\n- What would change my vote: Convincing evidence that B\u2019s cooperation problems lead to unsafe crew interactions, or strong evidence that another candidate\u2019s leadership and technical strengths can reliably offset their cooperation drawbacks.\nMETADATA_JSON:\n{\"agent\": \"agent_3\", \"vote\": \"Candidate B\"}"}
2026-05-10 04:06:26,548 - INFO - Agent turns: 5
2026-05-10 04:06:39,358 - INFO - Tokens - Input: 3648, Output: 909, Total: 4557
2026-05-10 04:06:39,359 - INFO - Memory updates: 13
{"id": 21, "ts": 1778378799.359933, "event": "memory_updated", "agent": "agent_1", "round": 2}
2026-05-10 04:06:39,799 - INFO - Tokens - Input: 3864, Output: 848, Total: 4712
2026-05-10 04:06:39,804 - INFO - Memory updates: 14
{"id": 22, "ts": 1778378799.8046434, "event": "memory_updated", "agent": "agent_3", "round": 2}
2026-05-10 04:06:42,785 - INFO - Tokens - Input: 4049, Output: 1303, Total: 5352
2026-05-10 04:06:42,787 - INFO - Memory updates: 15
{"id": 23, "ts": 1778378802.787961, "event": "memory_updated", "agent": "agent_2", "round": 2}
2026-05-10 04:06:48,798 - INFO - Tokens - Input: 3935, Output: 590, Total: 4525
{"id": 24, "ts": 1778378808.800641, "event": "public_discussion_message", "round": 2, "agent": "agent_1", "message": "Current position: Candidate B\nConfidence/uncertainty: Moderate (\u224860\u202f% confidence)\nReasoning summary:\n- Key evidence used: Candidate\u202fB is very conscientious (high reliability), handles stress well (calm under pressure), assesses weather conditions effectively (operational safety), and possesses excellent computer skills (technical competence). These directly support the core requirements for long\u2011distance flights.\n- Evidence from others: Agents\u202f2 and\u202f3 have reiterated the same strengths for B and have highlighted the same cooperation drawbacks (grumpy, uncooperative, pretentious/nasty remarks). No new contradictory evidence has been introduced.\n- Alternatives considered:\n  * Candidate\u202fA \u2013 strong situational awareness, spatial vision, and leadership, but is unfriendly, a show\u2011off, and unorganized, posing serious cooperation risks.\n  * Candidate\u202fC \u2013 100\u202f% reliable and creates a positive crew atmosphere, yet has communication difficulties, egocentric attitude, and low willingness to pursue further education, which could hinder crew coordination.\n  * Candidate\u202fD \u2013 excellent problem\u2011solving, responsibility, and concentration, but is regarded as arrogant, has weak leadership, and a hot temper, threatening crew cohesion.\n- Main tradeoff: Weighing B\u2019s solid reliability, calmness, and technical competence against its moderate cooperation issues versus the multiple, more severe interpersonal drawbacks of the other candidates.\n- Remaining uncertainty: The real\u2011world impact of B\u2019s pretentious/nasty remarks and occasional uncooperativeness on crew cohesion and safety during long\u2011haul operations.\n- What would change my vote: Convincing evidence that B\u2019s cooperation problems would materially degrade safety or crew performance, or strong evidence that another candidate\u2019s leadership and technical strengths can reliably offset their cooperation drawbacks.\nMETADATA_JSON:\n{\"agent\": \"agent_1\", \"vote\": \"Candidate B\"}"}
2026-05-10 04:06:48,800 - INFO - Agent turns: 6
2026-05-10 04:06:55,915 - INFO - Tokens - Input: 4046, Output: 843, Total: 4889
2026-05-10 04:06:55,917 - INFO - Memory updates: 16
{"id": 25, "ts": 1778378815.9171855, "event": "memory_updated", "agent": "agent_1", "round": 2}
2026-05-10 04:06:56,801 - INFO - Tokens - Input: 4069, Output: 1008, Total: 5077
2026-05-10 04:06:56,803 - INFO - Memory updates: 17
{"id": 26, "ts": 1778378816.8033533, "event": "memory_updated", "agent": "agent_3", "round": 2}
2026-05-10 04:06:58,622 - INFO - Tokens - Input: 4393, Output: 1278, Total: 5671
2026-05-10 04:06:58,624 - INFO - Memory updates: 18
{"id": 27, "ts": 1778378818.6247008, "event": "memory_updated", "agent": "agent_2", "round": 2}
2026-05-10 04:06:58,634 - INFO - Loop 2 completed
2026-05-10 04:06:58,634 - INFO - Final Chosen Candidate: Candidate B
2026-05-10 04:06:58,634 - INFO - Final Decision Method: consensus
2026-05-10 04:06:58,634 - INFO - Final Vote Count: {'Candidate B': 3}
2026-05-10 04:06:58,635 - INFO - Correct Candidate: Candidate C
2026-05-10 04:06:58,635 - INFO - Decision Correct: 0
{"id": 28, "ts": 1778378818.970309, "event": "context_consistency_calculated", "method": "embedding_cosine", "mean_pairwise_similarity": 0.936978, "pairwise": [{"agent_a": "agent_1", "agent_b": "agent_2", "similarity": 0.934481}, {"agent_a": "agent_1", "agent_b": "agent_3", "similarity": 0.957519}, {"agent_a": "agent_2", "agent_b": "agent_3", "similarity": 0.918933}]}
{"id": 29, "ts": 1778378818.9704874, "event": "gold_standard_alignment_calculated", "method": "rule_based_binary_checks", "mean_alignment": 0.166667, "by_agent": [{"agent": "agent_1", "score": 0.125, "checks": {"favorite_is_c": 0, "c_reliability": 0, "c_calmness": 0, "c_attention": 0, "c_crew_fit": 0, "a_risks": 0, "b_risks": 1, "d_risks": 0}}, {"agent": "agent_2", "score": 0.25, "checks": {"favorite_is_c": 0, "c_reliability": 0, "c_calmness": 0, "c_attention": 0, "c_crew_fit": 1, "a_risks": 0, "b_risks": 1, "d_risks": 0}}, {"agent": "agent_3", "score": 0.125, "checks": {"favorite_is_c": 0, "c_reliability": 0, "c_calmness": 0, "c_attention": 0, "c_crew_fit": 0, "a_risks": 0, "b_risks": 1, "d_risks": 0}}]}
{"id": 30, "ts": 1778378818.9706116, "event": "agent_memories_archived", "directory": "/home/lhegemann/git/bachelor_thesis/01_data/raw/simulations/high/high_treatment_20260509_224515_025/shared_mental_models", "round": 2}
{"id": 31, "ts": 1778378818.9706917, "event": "final_decision", "candidate": "Candidate B", "method": "consensus", "vote_count": {"Candidate B": 3}, "correct_candidate": "Candidate C", "decision_correct": 0, "round": 2}
2026-05-10 04:06:58,980 - INFO - ======================================================================
2026-05-10 04:06:58,981 - INFO - SIMULATION METRICS
2026-05-10 04:06:58,981 - INFO - ======================================================================
2026-05-10 04:06:58,981 - INFO - Total Loops: 2
2026-05-10 04:06:58,981 - INFO - Agent Turns (no vote checker): 6
2026-05-10 04:06:58,981 - INFO - Agent Tool Calls: 0
2026-05-10 04:06:58,981 - INFO - Agent Tool Messages: 0
2026-05-10 04:06:58,981 - INFO - Memory Updates: 18
2026-05-10 04:06:58,981 - INFO - Total Messages (no vote checker): 6
2026-05-10 04:06:58,981 - INFO - Input Tokens: 76629
2026-05-10 04:06:58,981 - INFO - Output Tokens: 26922
2026-05-10 04:06:58,981 - INFO - Total Tokens: 103551
2026-05-10 04:06:58,981 - INFO - Final Chosen Candidate: Candidate B
2026-05-10 04:06:58,981 - INFO - Final Decision Method: consensus
2026-05-10 04:06:58,982 - INFO - Final Vote Count: {'Candidate B': 3}
2026-05-10 04:06:58,982 - INFO - Correct Candidate: Candidate C
2026-05-10 04:06:58,982 - INFO - Decision Correct: 0
2026-05-10 04:06:58,982 - INFO - Runtime: 135.07s
2026-05-10 04:06:58,982 - INFO - ======================================================================
