2026-05-06 12:33:45,976 - INFO - Metrics tracker initialized
{"id": 1, "ts": 1778063625.9928892, "event": "memory_reset"}
{"id": 2, "ts": 1778063625.994238, "event": "discussion_order", "round": 1, "order": ["agent_3", "agent_1", "agent_2"]}
2026-05-06 12:33:52,360 - INFO - Tokens - Input: 1777, Output: 918, Total: 2695
{"id": 3, "ts": 1778063632.361571, "event": "public_discussion_message", "round": 1, "agent": "agent_3", "message": "Current position: Candidate B\nConfidence/uncertainty: Moderate confidence; candidate appears well\u2011rounded but some cooperation concerns remain\nReasoning summary:\n- Key evidence used: Candidate\u202fB is very conscientious (reliability), handles stress very well (calmness under pressure), and has strong technical abilities (good at assessing weather conditions and excellent computer skills). These address core pilot requirements.\n- Evidence from others: None yet (no other agents have spoken).\n- Alternatives considered: Candidate\u202fA (strong technical and leadership but unfriendly), Candidate\u202fC (quick decision\u2011making and concern for others but poor communication and egocentric), Candidate\u202fD (high responsibility and problem\u2011solving but moody and a loner). Each has notable cooperation drawbacks that could impair crew dynamics.\n- Main tradeoff: Balancing technical/reliability strengths against cooperation negatives. Candidate\u202fB\u2019s negatives (pretentiousness, occasional wrong tone) are less directly detrimental to safety than unfriendly or loner traits, making B the more balanced choice.\n- Remaining uncertainty: The impact of Candidate\u202fB\u2019s pretentiousness and tone on long\u2011duration crew cohesion is unclear; we lack concrete examples of how severe these issues are.\n- What would change my vote: Strong evidence that Candidate\u202fB\u2019s cooperation issues lead to persistent crew conflict, or compelling evidence that another candidate (e.g., Candidate\u202fA\u2019s leadership outweighs unfriendly demeanor) has a more favorable overall profile.\nMETADATA_JSON:\n{\"agent\": \"agent_3\", \"vote\": \"Candidate B\"}"}
2026-05-06 12:33:52,361 - INFO - Agent turns: 1
2026-05-06 12:34:03,301 - INFO - Tokens - Input: 1766, Output: 1436, Total: 3202
2026-05-06 12:34:03,304 - INFO - Memory updates: 1
{"id": 4, "ts": 1778063643.305166, "event": "memory_updated", "agent": "agent_2", "round": 1}
2026-05-06 12:34:03,911 - INFO - Tokens - Input: 1763, Output: 1755, Total: 3518
2026-05-06 12:34:03,914 - INFO - Memory updates: 2
{"id": 5, "ts": 1778063643.9146152, "event": "memory_updated", "agent": "agent_1", "round": 1}
2026-05-06 12:34:05,961 - INFO - Tokens - Input: 1758, Output: 1299, Total: 3057
2026-05-06 12:34:05,962 - INFO - Memory updates: 3
{"id": 6, "ts": 1778063645.9630039, "event": "memory_updated", "agent": "agent_3", "round": 1}
2026-05-06 12:34:13,116 - INFO - Tokens - Input: 2742, Output: 947, Total: 3689
{"id": 7, "ts": 1778063653.118029, "event": "public_discussion_message", "round": 1, "agent": "agent_1", "message": "Current position: Candidate A\nConfidence/uncertainty: Moderate confidence; some doubts remain about organizational reliability.\nReasoning summary:\n- Key evidence used: Candidate\u202fA anticipates dangerous situations, sees complex connections, has excellent spatial vision, and possesses very good leadership qualities \u2013 all strong indicators of technical competence and the ability to guide a crew on long\u2011haul flights.\n- Evidence from others: Agent\u202f3 highlighted Candidate\u202fB\u2019s strong reliability and technical skills but noted significant cooperation drawbacks (grumpiness, uncooperativeness, pretentious tone). No other agents have contributed yet.\n- Alternatives considered:\n  * Candidate\u202fB \u2013 excellent reliability and stress handling, but repeated cooperation negatives (uncooperative, grumpy) that are safety\u2011critical for cockpit teamwork.\n  * Candidate\u202fC \u2013 100\u202f% reliability and a positive crew atmosphere, yet poor communication, egocentric attitude, and lack of willingness to further education undermine crew coordination and technical growth.\n  * Candidate\u202fD \u2013 strong problem\u2011solving, responsibility, and concentration, but arrogance, weak leadership, and moody/loner traits raise serious cooperation concerns.\n- Main tradeoff: Balancing technical/leadership strengths against cooperation drawbacks. Candidate\u202fA\u2019s cooperation issues (difficulty taking criticism, occasional disorganization) are less severe than the repeated uncooperative or arrogant behaviors seen in the other candidates.\n- Remaining uncertainty: How much Candidate\u202fA\u2019s occasional disorganization will affect operational reliability on long\u2011duration flights.\n- What would change my vote: Convincing evidence that Candidate\u202fA\u2019s organizational weaknesses lead to concrete safety\u2011critical incidents, or strong evidence that another candidate (e.g., B) can reliably mitigate their cooperation issues through proven crew\u2011management success.\nMETADATA_JSON:\n{\"agent\": \"agent_1\", \"vote\": \"Candidate A\"}"}
2026-05-06 12:34:13,118 - INFO - Agent turns: 2
2026-05-06 12:34:19,897 - INFO - Tokens - Input: 2843, Output: 971, Total: 3814
2026-05-06 12:34:19,899 - INFO - Memory updates: 4
{"id": 8, "ts": 1778063659.8998568, "event": "memory_updated", "agent": "agent_1", "round": 1}
2026-05-06 12:34:23,879 - INFO - Tokens - Input: 2970, Output: 1603, Total: 4573
2026-05-06 12:34:23,881 - INFO - Memory updates: 5
{"id": 9, "ts": 1778063663.881858, "event": "memory_updated", "agent": "agent_2", "round": 1}
2026-05-06 12:34:26,640 - INFO - Tokens - Input: 2774, Output: 1716, Total: 4490
2026-05-06 12:34:26,642 - INFO - Memory updates: 6
{"id": 10, "ts": 1778063666.642882, "event": "memory_updated", "agent": "agent_3", "round": 1}
2026-05-06 12:34:32,070 - INFO - Tokens - Input: 3285, Output: 1040, Total: 4325
{"id": 11, "ts": 1778063672.072532, "event": "public_discussion_message", "round": 1, "agent": "agent_2", "message": "Current position: Candidate A\nConfidence/uncertainty: Moderate confidence \u2013 A\u2019s strong technical and leadership profile outweighs his cooperation drawbacks, but some uncertainty remains about how his \u201cshow\u2011off\u201d attitude and resistance to new ideas might affect long\u2011haul crew dynamics.\nReasoning summary:\n- Key evidence used: Anticipates dangerous situations, sees complex connections, excellent spatial vision, very good leadership qualities (technical competence & responsibility). Difficulty taking criticism and occasional disorganization are noted but appear less severe than repeated uncooperative or hostile behaviors.\n- Evidence from others: Agent\u202f1 also favors A, citing similar strengths and viewing his cooperation issues as moderate. Agent\u202f3 favors B, highlighting B\u2019s conscientiousness and stress handling but stressing B\u2019s nasty remarks and grumpiness as serious crew\u2011morale risks.\n- Alternatives considered:\n  * Candidate\u202fB \u2013 strong reliability and stress handling, but makes nasty remarks and has a weak memory for numbers, posing safety and morale concerns.\n  * Candidate\u202fC \u2013 quick decision\u2011making and calmness, yet poor communication, egocentric attitude, and limited willingness to learn, which hinder crew coordination.\n  * Candidate\u202fD \u2013 excellent problem\u2011solving and responsibility, but arrogance, hot temper, and know\u2011it\u2011all perception threaten cockpit teamwork.\n- Main tradeoff: Balancing technical/leadership excellence against cooperation negatives. A\u2019s negatives (show\u2011off, resistance to new ideas) are judged less likely to cause safety\u2011critical conflict than B\u2019s overt hostility, C\u2019s communication failure, or D\u2019s hot temper.\n- Remaining uncertainty: The real\u2011world impact of A\u2019s occasional disorganization and difficulty accepting criticism on long\u2011duration flight safety and crew cohesion.\n- What would change my vote: Concrete evidence that A\u2019s cooperation issues have led to safety\u2011critical incidents or that another candidate (e.g., B) has demonstrably mitigated their severe cooperation drawbacks through proven crew\u2011management success.\nMETADATA_JSON:\n{\"agent\": \"agent_2\", \"vote\": \"Candidate A\"}"}
2026-05-06 12:34:32,072 - INFO - Agent turns: 3
2026-05-06 12:34:43,456 - INFO - Tokens - Input: 3284, Output: 1579, Total: 4863
2026-05-06 12:34:43,458 - INFO - Memory updates: 7
{"id": 12, "ts": 1778063683.458745, "event": "memory_updated", "agent": "agent_3", "round": 1}
2026-05-06 12:34:45,077 - INFO - Tokens - Input: 3116, Output: 1636, Total: 4752
2026-05-06 12:34:45,080 - INFO - Memory updates: 8
{"id": 13, "ts": 1778063685.080642, "event": "memory_updated", "agent": "agent_1", "round": 1}
2026-05-06 12:34:45,083 - INFO - Tokens - Input: 3470, Output: 1437, Total: 4907
2026-05-06 12:34:45,084 - INFO - Memory updates: 9
{"id": 14, "ts": 1778063685.0847301, "event": "memory_updated", "agent": "agent_2", "round": 1}
2026-05-06 12:34:45,092 - INFO - Loop 1 completed
{"id": 15, "ts": 1778063685.0945852, "event": "discussion_order", "round": 2, "order": ["agent_3", "agent_2", "agent_1"]}
2026-05-06 12:34:54,700 - INFO - Tokens - Input: 3414, Output: 1182, Total: 4596
{"id": 16, "ts": 1778063694.702977, "event": "public_discussion_message", "round": 2, "agent": "agent_3", "message": "Current position: Candidate A\nConfidence/uncertainty: Moderate (~60\u202f%)\nReasoning summary:\n- Key evidence used: Candidate\u202fA anticipates dangerous situations, sees complex connections, has excellent spatial vision, and very good leadership qualities \u2013 all core technical and responsibility attributes for long\u2011distance flights.\n- Evidence from others: Agents\u202f1 and\u202f2 both support A, highlighting the same technical strengths and noting cooperation drawbacks (unfriendly, show\u2011off attitude, difficulty taking criticism, occasional disorganization). Their arguments reinforce the view that A\u2019s negatives, while present, are less likely to cause safety\u2011critical failures than some of B\u2019s issues.\n- Alternatives considered: Candidate\u202fB (strong reliability and stress handling but has pretentiousness, nasty remarks, and a weak memory for numbers); Candidate\u202fC (quick decision\u2011making and concern for others but poor communication, egocentric, unwilling to further education); Candidate\u202fD (excellent problem\u2011solving and responsibility but moodiness, loner behavior, hot temper, and perceived arrogance). Each alternative shows multiple cooperation or reliability drawbacks that outweigh their strengths.\n- Main tradeoff: Balancing A\u2019s strong technical/leadership profile against its cooperation negatives versus B\u2019s reliability and stress resilience against its pretentiousness, hostile tone, and especially weak memory for numbers. The memory issue is a direct safety risk, tipping the balance toward A.\n- Remaining uncertainty: How severely A\u2019s unfriendly and \u201cshow\u2011off\u201d attitude will affect crew cohesion on long\u2011haul missions; whether occasional disorganization could translate into operational errors.\n- What would change my vote: Convincing evidence that A\u2019s cooperation issues have led to concrete safety\u2011critical incidents, or strong evidence that another candidate (e.g., B) can demonstrably mitigate their memory and hostility problems through proven crew\u2011management success.\nMETADATA_JSON:\n{\"agent\": \"agent_3\", \"vote\": \"Candidate A\"}"}
2026-05-06 12:34:54,703 - INFO - Agent turns: 4
2026-05-06 12:35:02,485 - INFO - Tokens - Input: 3739, Output: 1110, Total: 4849
2026-05-06 12:35:02,488 - INFO - Memory updates: 10
{"id": 17, "ts": 1778063702.488601, "event": "memory_updated", "agent": "agent_2", "round": 2}
2026-05-06 12:35:03,198 - INFO - Tokens - Input: 3532, Output: 931, Total: 4463
2026-05-06 12:35:03,200 - INFO - Memory updates: 11
{"id": 18, "ts": 1778063703.201138, "event": "memory_updated", "agent": "agent_3", "round": 2}
2026-05-06 12:35:06,169 - INFO - Tokens - Input: 3762, Output: 1508, Total: 5270
2026-05-06 12:35:06,171 - INFO - Memory updates: 12
{"id": 19, "ts": 1778063706.172235, "event": "memory_updated", "agent": "agent_1", "round": 2}
2026-05-06 12:35:09,956 - INFO - Tokens - Input: 3719, Output: 494, Total: 4213
{"id": 20, "ts": 1778063709.9590552, "event": "public_discussion_message", "round": 2, "agent": "agent_2", "message": "Current position: Candidate A\nConfidence/uncertainty: Moderate confidence; some uncertainty remains about the impact of A\u2019s \u201cshow\u2011off\u201d attitude and occasional disorganization on long\u2011haul crew dynamics.\nReasoning summary:\n- Key evidence used: Candidate\u202fA anticipates dangerous situations, sees complex connections, has excellent spatial vision, and possesses very good leadership qualities \u2013 all core technical competence and responsibility attributes for long\u2011distance flights. Drawbacks include being regarded as a show\u2011off, not open to new ideas, and occasional disorganization.\n- Evidence from others: Agent\u202f1 also supports A, emphasizing the same technical strengths and viewing the cooperation issues as moderate. Agent\u202f3, after switching to A, highlighted that B\u2019s weak memory for numbers is a direct safety risk, making A\u2019s cooperation concerns comparatively less critical.\n- Alternatives considered: Candidate\u202fB (strong reliability, stress handling, weather assessment, and computer skills, but makes nasty remarks and has a weak numeric memory); Candidate\u202fC (quick decision\u2011making, calm in crisis, understands technology, but poor communication, egocentric, unwilling to further education); Candidate\u202fD (excellent problem\u2011solving, responsibility, concentration, but perceived as a know\u2011it\u2011all and has a hot temper). Each alternative presents multiple cooperation or reliability drawbacks that outweigh their strengths.\n- Main tradeoff: Weighing A\u2019s strong technical and leadership profile against his cooperation drawbacks versus B\u2019s reliability and stress resilience against his hostile remarks and especially the weak memory for numbers, which is a direct safety risk. The tradeoff leans toward A.\n- Remaining uncertainty: How severely A\u2019s \u201cshow\u2011off\u201d demeanor and occasional disorganization might affect crew cohesion and operational safety on long\u2011duration flights.\n- What would change my vote: Concrete evidence that A\u2019s cooperation issues have led to safety\u2011critical incidents, or strong evidence that another candidate (e.g., B) can reliably mitigate their cooperation and numeric\u2011memory drawbacks through proven crew\u2011management success.\nMETADATA_JSON:\n{\"agent\": \"agent_2\", \"vote\": \"Candidate A\"}"}
2026-05-06 12:35:09,959 - INFO - Agent turns: 5
2026-05-06 12:35:17,129 - INFO - Tokens - Input: 4091, Output: 959, Total: 5050
2026-05-06 12:35:17,131 - INFO - Memory updates: 13
{"id": 21, "ts": 1778063717.131762, "event": "memory_updated", "agent": "agent_1", "round": 2}
2026-05-06 12:35:18,562 - INFO - Tokens - Input: 3797, Output: 1514, Total: 5311
2026-05-06 12:35:18,564 - INFO - Memory updates: 14
{"id": 22, "ts": 1778063718.564286, "event": "memory_updated", "agent": "agent_3", "round": 2}
2026-05-06 12:35:18,761 - INFO - Tokens - Input: 3921, Output: 1208, Total: 5129
2026-05-06 12:35:18,762 - INFO - Memory updates: 15
{"id": 23, "ts": 1778063718.762908, "event": "memory_updated", "agent": "agent_2", "round": 2}
2026-05-06 12:35:25,423 - INFO - Tokens - Input: 4138, Output: 608, Total: 4746
{"id": 24, "ts": 1778063725.425506, "event": "public_discussion_message", "round": 2, "agent": "agent_1", "message": "Current position: Candidate\u202fA\nConfidence/uncertainty: Moderate confidence (\u224860\u202f%)\nReasoning summary:\n- Key evidence used: Candidate\u202fA anticipates dangerous situations, sees complex connections, has excellent spatial vision, and possesses very good leadership qualities \u2013 all core technical and responsibility attributes for long\u2011distance piloting. Drawbacks noted are a \u201cshow\u2011off\u201d attitude, resistance to new ideas, difficulty accepting criticism, and occasional disorganization.\n- Evidence from others: Agents\u202f2 and\u202f3 also endorse Candidate\u202fA, emphasizing the same technical/leadership strengths and judging the cooperation issues as less severe than the repeated hostility or arrogance shown by the other candidates. All agree that B\u2019s weak numeric memory is a direct safety risk.\n- Alternatives considered:\n  * Candidate\u202fB \u2013 strong reliability, stress handling, weather assessment, and computer skills, but grumpy, uncooperative, pretentious tone, and a weak memory for numbers (a concrete safety hazard).\n  * Candidate\u202fC \u2013 100\u202f% reliable and creates a positive crew atmosphere, yet poor communication, egocentric, and unwilling to pursue further education.\n  * Candidate\u202fD \u2013 excellent problem\u2011solving, responsibility, and concentration, but regarded as arrogant and has relatively weak leadership skills.\n  Each alternative presents multiple cooperation or reliability drawbacks that outweigh their strengths.\n- Main tradeoff: Weighing A\u2019s superior technical competence and leadership against his occasional disorganization and \u201cshow\u2011off\u201d demeanor versus B\u2019s reliability and stress resilience against his hostile attitude and especially the numeric\u2011memory weakness. The safety\u2011critical memory issue tips the balance toward A.\n- Remaining uncertainty: How severely A\u2019s occasional disorganization and difficulty taking criticism might translate into operational errors or crew\u2011resource\u2011management friction on long\u2011haul flights.\n- What would change my vote: Concrete evidence that A\u2019s cooperation weaknesses have led to safety\u2011critical incidents, or strong, documented evidence that another candidate (e.g., B) can reliably mitigate their memory and attitude problems through proven crew\u2011management success.\nMETADATA_JSON:\n{\"agent\": \"agent_1\", \"vote\": \"Candidate A\"}"}
2026-05-06 12:35:25,425 - INFO - Agent turns: 6
2026-05-06 12:35:31,418 - INFO - Tokens - Input: 4367, Output: 985, Total: 5352
2026-05-06 12:35:31,420 - INFO - Memory updates: 16
{"id": 25, "ts": 1778063731.42032, "event": "memory_updated", "agent": "agent_1", "round": 2}
2026-05-06 12:35:32,803 - INFO - Tokens - Input: 4426, Output: 1026, Total: 5452
2026-05-06 12:35:32,805 - INFO - Memory updates: 17
{"id": 26, "ts": 1778063732.805985, "event": "memory_updated", "agent": "agent_3", "round": 2}
2026-05-06 12:35:33,076 - INFO - Tokens - Input: 4229, Output: 1145, Total: 5374
2026-05-06 12:35:33,077 - INFO - Memory updates: 18
{"id": 27, "ts": 1778063733.078015, "event": "memory_updated", "agent": "agent_2", "round": 2}
2026-05-06 12:35:33,083 - INFO - Loop 2 completed
2026-05-06 12:35:33,083 - INFO - Final Chosen Candidate: Candidate A
2026-05-06 12:35:33,083 - INFO - Final Decision Method: consensus
2026-05-06 12:35:33,083 - INFO - Final Vote Count: {'Candidate A': 3}
2026-05-06 12:35:33,083 - INFO - Correct Candidate: Candidate C
2026-05-06 12:35:33,084 - INFO - Decision Correct: 0
{"id": 28, "ts": 1778063733.484948, "event": "context_consistency_calculated", "method": "embedding_cosine", "mean_pairwise_similarity": 0.884548, "pairwise": [{"agent_a": "agent_1", "agent_b": "agent_2", "similarity": 0.900134}, {"agent_a": "agent_1", "agent_b": "agent_3", "similarity": 0.893396}, {"agent_a": "agent_2", "agent_b": "agent_3", "similarity": 0.860114}]}
{"id": 29, "ts": 1778063733.485013, "event": "agent_memories_archived", "directory": "/Users/leonardhegemann/Documents/Studium/Bachelor/SoSe_2026/Abschlussarbeit/bachelor_thesis/01_data/raw/simulations/high/high_20260506_121340_003/shared_mental_models", "round": 2}
{"id": 30, "ts": 1778063733.485049, "event": "final_decision", "candidate": "Candidate A", "method": "consensus", "vote_count": {"Candidate A": 3}, "correct_candidate": "Candidate C", "decision_correct": 0, "round": 2}
2026-05-06 12:35:33,488 - INFO - ======================================================================
2026-05-06 12:35:33,488 - INFO - SIMULATION METRICS
2026-05-06 12:35:33,488 - INFO - ======================================================================
2026-05-06 12:35:33,488 - INFO - Total Loops: 2
2026-05-06 12:35:33,488 - INFO - Agent Turns (no vote checker): 6
2026-05-06 12:35:33,488 - INFO - Agent Tool Calls: 0
2026-05-06 12:35:33,488 - INFO - Agent Tool Messages: 0
2026-05-06 12:35:33,488 - INFO - Memory Updates: 18
2026-05-06 12:35:33,488 - INFO - Total Messages (no vote checker): 6
2026-05-06 12:35:33,488 - INFO - Input Tokens: 78683
2026-05-06 12:35:33,488 - INFO - Output Tokens: 29007
2026-05-06 12:35:33,488 - INFO - Total Tokens: 107690
2026-05-06 12:35:33,488 - INFO - Final Chosen Candidate: Candidate A
2026-05-06 12:35:33,488 - INFO - Final Decision Method: consensus
2026-05-06 12:35:33,488 - INFO - Final Vote Count: {'Candidate A': 3}
2026-05-06 12:35:33,488 - INFO - Correct Candidate: Candidate C
2026-05-06 12:35:33,488 - INFO - Decision Correct: 0
2026-05-06 12:35:33,488 - INFO - Runtime: 107.51s
2026-05-06 12:35:33,488 - INFO - ======================================================================
