2026-05-12 10:27:27,566 - INFO - Metrics tracker initialized
{"id": 1, "ts": 1778574447.5958147, "event": "memory_reset"}
{"id": 2, "ts": 1778574447.600429, "event": "discussion_order", "round": 1, "order": ["agent_3", "agent_2", "agent_1"]}
2026-05-12 10:27:34,368 - INFO - Tokens - Input: 1583, Output: 675, Total: 2258
{"id": 3, "ts": 1778574454.369309, "event": "public_discussion_message", "round": 1, "agent": "agent_3", "message": "Candidate B \u2013 handles stress well.\nMETADATA_JSON:\n{\"agent\": \"agent_3\", \"vote\": \"Candidate B\"}"}
2026-05-12 10:27:34,369 - INFO - Agent turns: 1
2026-05-12 10:27:46,858 - INFO - Tokens - Input: 1221, Output: 973, Total: 2194
2026-05-12 10:27:46,860 - INFO - Memory updates: 1
{"id": 4, "ts": 1778574466.8603563, "event": "memory_updated", "agent": "agent_3", "round": 1}
2026-05-12 10:27:54,815 - INFO - Tokens - Input: 1226, Output: 1821, Total: 3047
2026-05-12 10:27:54,817 - INFO - Memory updates: 2
{"id": 5, "ts": 1778574474.817564, "event": "memory_updated", "agent": "agent_1", "round": 1}
2026-05-12 10:27:56,625 - INFO - Tokens - Input: 1229, Output: 2051, Total: 3280
2026-05-12 10:27:56,627 - INFO - Memory updates: 3
{"id": 6, "ts": 1778574476.6279237, "event": "memory_updated", "agent": "agent_2", "round": 1}
2026-05-12 10:27:59,751 - INFO - Tokens - Input: 2484, Output: 365, Total: 2849
{"id": 7, "ts": 1778574479.7531412, "event": "public_discussion_message", "round": 1, "agent": "agent_2", "message": "Candidate A \u2013 anticipates dangerous situations.\nMETADATA_JSON:\n{\"agent\": \"agent_2\", \"vote\": \"Candidate A\"}"}
2026-05-12 10:27:59,753 - INFO - Agent turns: 2
2026-05-12 10:28:12,340 - INFO - Tokens - Input: 1561, Output: 889, Total: 2450
2026-05-12 10:28:12,342 - INFO - Memory updates: 4
{"id": 8, "ts": 1778574492.3427572, "event": "memory_updated", "agent": "agent_3", "round": 1}
2026-05-12 10:28:17,567 - INFO - Tokens - Input: 2008, Output: 1433, Total: 3441
2026-05-12 10:28:17,568 - INFO - Memory updates: 5
{"id": 9, "ts": 1778574497.5689962, "event": "memory_updated", "agent": "agent_1", "round": 1}
2026-05-12 10:28:17,656 - INFO - Tokens - Input: 2129, Output: 1444, Total: 3573
2026-05-12 10:28:17,658 - INFO - Memory updates: 6
{"id": 10, "ts": 1778574497.6584482, "event": "memory_updated", "agent": "agent_2", "round": 1}
2026-05-12 10:28:20,294 - INFO - Tokens - Input: 2471, Output: 259, Total: 2730
{"id": 11, "ts": 1778574500.296267, "event": "public_discussion_message", "round": 1, "agent": "agent_1", "message": "Candidate B \u2013 handles stress very well.\nMETADATA_JSON:\n{\"agent\": \"agent_1\", \"vote\": \"Candidate B\"}"}
2026-05-12 10:28:20,296 - INFO - Agent turns: 3
2026-05-12 10:28:29,750 - INFO - Tokens - Input: 1622, Output: 639, Total: 2261
2026-05-12 10:28:29,752 - INFO - Memory updates: 7
{"id": 12, "ts": 1778574509.7521904, "event": "memory_updated", "agent": "agent_3", "round": 1}
2026-05-12 10:28:35,853 - INFO - Tokens - Input: 2208, Output: 1283, Total: 3491
2026-05-12 10:28:35,855 - INFO - Memory updates: 8
{"id": 13, "ts": 1778574515.8554688, "event": "memory_updated", "agent": "agent_2", "round": 1}
2026-05-12 10:28:36,575 - INFO - Tokens - Input: 2116, Output: 1375, Total: 3491
2026-05-12 10:28:36,577 - INFO - Memory updates: 9
{"id": 14, "ts": 1778574516.577309, "event": "memory_updated", "agent": "agent_1", "round": 1}
2026-05-12 10:28:36,585 - INFO - Loop 1 completed
{"id": 15, "ts": 1778574516.5905926, "event": "discussion_order", "round": 2, "order": ["agent_1", "agent_2", "agent_3"]}
2026-05-12 10:28:37,994 - INFO - Tokens - Input: 2534, Output: 138, Total: 2672
{"id": 16, "ts": 1778574517.9955444, "event": "public_discussion_message", "round": 2, "agent": "agent_1", "message": "Candidate B \u2013 handles stress very well.\nMETADATA_JSON:\n{\"agent\": \"agent_1\", \"vote\": \"Candidate B\"}"}
2026-05-12 10:28:37,995 - INFO - Agent turns: 4
2026-05-12 10:28:46,357 - INFO - Tokens - Input: 1419, Output: 616, Total: 2035
2026-05-12 10:28:46,359 - INFO - Memory updates: 10
{"id": 17, "ts": 1778574526.3591604, "event": "memory_updated", "agent": "agent_3", "round": 2}
2026-05-12 10:28:53,847 - INFO - Tokens - Input: 2161, Output: 1402, Total: 3563
2026-05-12 10:28:53,850 - INFO - Memory updates: 11
{"id": 18, "ts": 1778574533.8501809, "event": "memory_updated", "agent": "agent_1", "round": 2}
2026-05-12 10:28:53,900 - INFO - Tokens - Input: 1999, Output: 1408, Total: 3407
2026-05-12 10:28:53,902 - INFO - Memory updates: 12
{"id": 19, "ts": 1778574533.9022653, "event": "memory_updated", "agent": "agent_2", "round": 2}
2026-05-12 10:28:55,294 - INFO - Tokens - Input: 2469, Output: 104, Total: 2573
{"id": 20, "ts": 1778574535.2960389, "event": "public_discussion_message", "round": 2, "agent": "agent_2", "message": "Candidate A \u2013 excellent spatial vision.\nMETADATA_JSON:\n{\"agent\": \"agent_2\", \"vote\": \"Candidate A\"}"}
2026-05-12 10:28:55,296 - INFO - Agent turns: 5
2026-05-12 10:29:07,536 - INFO - Tokens - Input: 1421, Output: 850, Total: 2271
2026-05-12 10:29:07,538 - INFO - Memory updates: 13
{"id": 21, "ts": 1778574547.538174, "event": "memory_updated", "agent": "agent_3", "round": 2}
2026-05-12 10:29:12,191 - INFO - Tokens - Input: 2112, Output: 1331, Total: 3443
2026-05-12 10:29:12,193 - INFO - Memory updates: 14
{"id": 22, "ts": 1778574552.193214, "event": "memory_updated", "agent": "agent_2", "round": 2}
2026-05-12 10:29:15,023 - INFO - Tokens - Input: 2198, Output: 1682, Total: 3880
2026-05-12 10:29:15,024 - INFO - Memory updates: 15
{"id": 23, "ts": 1778574555.0250208, "event": "memory_updated", "agent": "agent_1", "round": 2}
2026-05-12 10:29:16,331 - INFO - Tokens - Input: 1854, Output: 120, Total: 1974
{"id": 24, "ts": 1778574556.333306, "event": "public_discussion_message", "round": 2, "agent": "agent_3", "message": "Candidate B \u2013 handles stress very well.\nMETADATA_JSON:\n{\"agent\": \"agent_3\", \"vote\": \"Candidate B\"}"}
2026-05-12 10:29:16,333 - INFO - Agent turns: 6
2026-05-12 10:29:25,319 - INFO - Tokens - Input: 1499, Output: 638, Total: 2137
2026-05-12 10:29:25,321 - INFO - Memory updates: 16
{"id": 25, "ts": 1778574565.3212705, "event": "memory_updated", "agent": "agent_3", "round": 2}
2026-05-12 10:29:28,023 - INFO - Tokens - Input: 2257, Output: 927, Total: 3184
2026-05-12 10:29:28,025 - INFO - Memory updates: 17
{"id": 26, "ts": 1778574568.0257833, "event": "memory_updated", "agent": "agent_1", "round": 2}
2026-05-12 10:29:30,457 - INFO - Tokens - Input: 2149, Output: 1239, Total: 3388
2026-05-12 10:29:30,459 - INFO - Memory updates: 18
{"id": 27, "ts": 1778574570.4593463, "event": "memory_updated", "agent": "agent_2", "round": 2}
2026-05-12 10:29:30,467 - INFO - Loop 2 completed
{"id": 28, "ts": 1778574570.4739773, "event": "discussion_order", "round": 3, "order": ["agent_1", "agent_3", "agent_2"]}
2026-05-12 10:29:31,691 - INFO - Tokens - Input: 2040, Output: 113, Total: 2153
{"id": 29, "ts": 1778574571.6923695, "event": "public_discussion_message", "round": 3, "agent": "agent_1", "message": "Candidate B \u2013 handles stress well.\nMETADATA_JSON:\n{\"agent\": \"agent_1\", \"vote\": \"Candidate B\"}"}
2026-05-12 10:29:31,692 - INFO - Agent turns: 7
2026-05-12 10:29:41,473 - INFO - Tokens - Input: 1540, Output: 714, Total: 2254
2026-05-12 10:29:41,475 - INFO - Memory updates: 19
{"id": 30, "ts": 1778574581.476068, "event": "memory_updated", "agent": "agent_3", "round": 3}
2026-05-12 10:29:43,114 - INFO - Tokens - Input: 1665, Output: 891, Total: 2556
2026-05-12 10:29:43,115 - INFO - Memory updates: 20
{"id": 31, "ts": 1778574583.1160612, "event": "memory_updated", "agent": "agent_1", "round": 3}
2026-05-12 10:29:46,309 - INFO - Tokens - Input: 2138, Output: 1301, Total: 3439
2026-05-12 10:29:46,311 - INFO - Memory updates: 21
{"id": 32, "ts": 1778574586.3112786, "event": "memory_updated", "agent": "agent_2", "round": 3}
2026-05-12 10:29:47,615 - INFO - Tokens - Input: 1889, Output: 125, Total: 2014
{"id": 33, "ts": 1778574587.6167278, "event": "public_discussion_message", "round": 3, "agent": "agent_3", "message": "Candidate B \u2013 good at assessing weather conditions.\nMETADATA_JSON:\n{\"agent\": \"agent_3\", \"vote\": \"Candidate B\"}"}
2026-05-12 10:29:47,616 - INFO - Agent turns: 8
2026-05-12 10:29:57,996 - INFO - Tokens - Input: 1536, Output: 761, Total: 2297
2026-05-12 10:29:57,997 - INFO - Memory updates: 22
{"id": 34, "ts": 1778574597.9977665, "event": "memory_updated", "agent": "agent_3", "round": 3}
2026-05-12 10:29:59,386 - INFO - Tokens - Input: 1699, Output: 909, Total: 2608
2026-05-12 10:29:59,388 - INFO - Memory updates: 23
{"id": 35, "ts": 1778574599.3882983, "event": "memory_updated", "agent": "agent_1", "round": 3}
2026-05-12 10:30:02,497 - INFO - Tokens - Input: 2148, Output: 1296, Total: 3444
2026-05-12 10:30:02,499 - INFO - Memory updates: 24
{"id": 36, "ts": 1778574602.4992, "event": "memory_updated", "agent": "agent_2", "round": 3}
2026-05-12 10:30:03,895 - INFO - Tokens - Input: 2531, Output: 106, Total: 2637
{"id": 37, "ts": 1778574603.8969197, "event": "public_discussion_message", "round": 3, "agent": "agent_2", "message": "Candidate A \u2013 noted as a show\u2011off.\nMETADATA_JSON:\n{\"agent\": \"agent_2\", \"vote\": \"Candidate A\"}"}
2026-05-12 10:30:03,897 - INFO - Agent turns: 9
2026-05-12 10:30:17,463 - INFO - Tokens - Input: 1694, Output: 959, Total: 2653
2026-05-12 10:30:17,465 - INFO - Memory updates: 25
{"id": 38, "ts": 1778574617.465701, "event": "memory_updated", "agent": "agent_1", "round": 3}
2026-05-12 10:30:23,674 - INFO - Tokens - Input: 1599, Output: 1599, Total: 3198
2026-05-12 10:30:23,675 - INFO - Memory updates: 26
{"id": 39, "ts": 1778574623.676004, "event": "memory_updated", "agent": "agent_3", "round": 3}
2026-05-12 10:30:24,159 - INFO - Tokens - Input: 2180, Output: 1660, Total: 3840
2026-05-12 10:30:24,161 - INFO - Memory updates: 27
{"id": 40, "ts": 1778574624.1612759, "event": "memory_updated", "agent": "agent_2", "round": 3}
2026-05-12 10:30:24,170 - INFO - Loop 3 completed
{"id": 41, "ts": 1778574624.1747146, "event": "discussion_order", "round": 4, "order": ["agent_2", "agent_3", "agent_1"]}
2026-05-12 10:30:25,455 - INFO - Tokens - Input: 2778, Output: 91, Total: 2869
{"id": 42, "ts": 1778574625.457433, "event": "public_discussion_message", "round": 4, "agent": "agent_2", "message": "Candidate A \u2013 noted as a show\u2011off.\nMETADATA_JSON:\n{\"agent\": \"agent_2\", \"vote\": \"Candidate A\"}"}
2026-05-12 10:30:25,457 - INFO - Agent turns: 10
2026-05-12 10:30:36,683 - INFO - Tokens - Input: 1755, Output: 808, Total: 2563
2026-05-12 10:30:36,685 - INFO - Memory updates: 28
{"id": 43, "ts": 1778574636.685596, "event": "memory_updated", "agent": "agent_1", "round": 4}
2026-05-12 10:30:37,493 - INFO - Tokens - Input: 1702, Output: 891, Total: 2593
2026-05-12 10:30:37,495 - INFO - Memory updates: 29
{"id": 44, "ts": 1778574637.4956577, "event": "memory_updated", "agent": "agent_3", "round": 4}
2026-05-12 10:30:41,184 - INFO - Tokens - Input: 2409, Output: 1357, Total: 3766
2026-05-12 10:30:41,185 - INFO - Memory updates: 30
{"id": 45, "ts": 1778574641.186104, "event": "memory_updated", "agent": "agent_2", "round": 4}
2026-05-12 10:30:42,614 - INFO - Tokens - Input: 2090, Output: 133, Total: 2223
{"id": 46, "ts": 1778574642.6162775, "event": "public_discussion_message", "round": 4, "agent": "agent_3", "message": "Candidate B \u2013 handles stress very well.\nMETADATA_JSON:\n{\"agent\": \"agent_3\", \"vote\": \"Candidate B\"}"}
2026-05-12 10:30:42,616 - INFO - Agent turns: 11
2026-05-12 10:30:54,393 - INFO - Tokens - Input: 1735, Output: 841, Total: 2576
2026-05-12 10:30:54,395 - INFO - Memory updates: 31
{"id": 47, "ts": 1778574654.3952665, "event": "memory_updated", "agent": "agent_3", "round": 4}
2026-05-12 10:30:55,915 - INFO - Tokens - Input: 1785, Output: 1002, Total: 2787
2026-05-12 10:30:55,917 - INFO - Memory updates: 32
{"id": 48, "ts": 1778574655.9172976, "event": "memory_updated", "agent": "agent_1", "round": 4}
2026-05-12 10:30:58,316 - INFO - Tokens - Input: 2375, Output: 1304, Total: 3679
2026-05-12 10:30:58,318 - INFO - Memory updates: 33
{"id": 49, "ts": 1778574658.318676, "event": "memory_updated", "agent": "agent_2", "round": 4}
2026-05-12 10:30:59,722 - INFO - Tokens - Input: 2319, Output: 119, Total: 2438
{"id": 50, "ts": 1778574659.724259, "event": "public_discussion_message", "round": 4, "agent": "agent_1", "message": "Candidate B \u2013 handles stress very well.\nMETADATA_JSON:\n{\"agent\": \"agent_1\", \"vote\": \"Candidate B\"}"}
2026-05-12 10:30:59,724 - INFO - Agent turns: 12
2026-05-12 10:31:10,478 - INFO - Tokens - Input: 1766, Output: 758, Total: 2524
2026-05-12 10:31:10,479 - INFO - Memory updates: 34
{"id": 51, "ts": 1778574670.4800556, "event": "memory_updated", "agent": "agent_3", "round": 4}
2026-05-12 10:31:12,259 - INFO - Tokens - Input: 1964, Output: 947, Total: 2911
2026-05-12 10:31:12,261 - INFO - Memory updates: 35
{"id": 52, "ts": 1778574672.2612107, "event": "memory_updated", "agent": "agent_1", "round": 4}
2026-05-12 10:31:14,527 - INFO - Tokens - Input: 2301, Output: 1232, Total: 3533
2026-05-12 10:31:14,529 - INFO - Memory updates: 36
{"id": 53, "ts": 1778574674.5295336, "event": "memory_updated", "agent": "agent_2", "round": 4}
2026-05-12 10:31:14,538 - INFO - Loop 4 completed
{"id": 54, "ts": 1778574674.5451908, "event": "discussion_order", "round": 5, "order": ["agent_2", "agent_3", "agent_1"]}
2026-05-12 10:31:15,792 - INFO - Tokens - Input: 2621, Output: 94, Total: 2715
{"id": 55, "ts": 1778574675.7941756, "event": "public_discussion_message", "round": 5, "agent": "agent_2", "message": "Candidate A \u2013 show\u2011off attitude\nMETADATA_JSON:\n{\"agent\": \"agent_2\", \"vote\": \"Candidate A\"}"}
2026-05-12 10:31:15,794 - INFO - Agent turns: 13
2026-05-12 10:31:26,967 - INFO - Tokens - Input: 1793, Output: 820, Total: 2613
2026-05-12 10:31:26,969 - INFO - Memory updates: 37
{"id": 56, "ts": 1778574686.9697964, "event": "memory_updated", "agent": "agent_3", "round": 5}
2026-05-12 10:31:27,993 - INFO - Tokens - Input: 1950, Output: 931, Total: 2881
2026-05-12 10:31:27,995 - INFO - Memory updates: 38
{"id": 57, "ts": 1778574687.9959335, "event": "memory_updated", "agent": "agent_1", "round": 5}
2026-05-12 10:31:29,445 - INFO - Tokens - Input: 2248, Output: 1118, Total: 3366
2026-05-12 10:31:29,447 - INFO - Memory updates: 39
{"id": 58, "ts": 1778574689.44793, "event": "memory_updated", "agent": "agent_2", "round": 5}
2026-05-12 10:31:30,838 - INFO - Tokens - Input: 2183, Output: 135, Total: 2318
{"id": 59, "ts": 1778574690.8398364, "event": "public_discussion_message", "round": 5, "agent": "agent_3", "message": "Candidate B \u2013 handles stress very well.\nMETADATA_JSON:\n{\"agent\": \"agent_3\", \"vote\": \"Candidate B\"}"}
2026-05-12 10:31:30,840 - INFO - Agent turns: 14
2026-05-12 10:31:39,946 - INFO - Tokens - Input: 1828, Output: 653, Total: 2481
2026-05-12 10:31:39,948 - INFO - Memory updates: 40
{"id": 60, "ts": 1778574699.9483118, "event": "memory_updated", "agent": "agent_3", "round": 5}
2026-05-12 10:31:44,320 - INFO - Tokens - Input: 1989, Output: 1111, Total: 3100
2026-05-12 10:31:44,322 - INFO - Memory updates: 41
{"id": 61, "ts": 1778574704.3228211, "event": "memory_updated", "agent": "agent_1", "round": 5}
2026-05-12 10:31:45,526 - INFO - Tokens - Input: 2296, Output: 1261, Total: 3557
2026-05-12 10:31:45,528 - INFO - Memory updates: 42
{"id": 62, "ts": 1778574705.5289454, "event": "memory_updated", "agent": "agent_2", "round": 5}
2026-05-12 10:31:46,839 - INFO - Tokens - Input: 2280, Output: 107, Total: 2387
{"id": 63, "ts": 1778574706.8412352, "event": "public_discussion_message", "round": 5, "agent": "agent_1", "message": "Candidate B \u2013 can be grumpy.\nMETADATA_JSON:\n{\"agent\": \"agent_1\", \"vote\": \"Candidate B\"}"}
2026-05-12 10:31:46,841 - INFO - Agent turns: 15
2026-05-12 10:31:58,412 - INFO - Tokens - Input: 1871, Output: 841, Total: 2712
2026-05-12 10:31:58,414 - INFO - Memory updates: 43
{"id": 64, "ts": 1778574718.4142518, "event": "memory_updated", "agent": "agent_3", "round": 5}
2026-05-12 10:31:59,570 - INFO - Tokens - Input: 1925, Output: 962, Total: 2887
2026-05-12 10:31:59,571 - INFO - Memory updates: 44
{"id": 65, "ts": 1778574719.5720856, "event": "memory_updated", "agent": "agent_1", "round": 5}
2026-05-12 10:32:02,685 - INFO - Tokens - Input: 2340, Output: 1343, Total: 3683
2026-05-12 10:32:02,686 - INFO - Memory updates: 45
{"id": 66, "ts": 1778574722.6871023, "event": "memory_updated", "agent": "agent_2", "round": 5}
2026-05-12 10:32:02,697 - INFO - Loop 5 completed
2026-05-12 10:32:02,697 - INFO - Final Chosen Candidate: Candidate B
2026-05-12 10:32:02,697 - INFO - Final Decision Method: max_round_majority_vote
2026-05-12 10:32:02,697 - INFO - Final Vote Count: {'Candidate B': 2, 'Candidate A': 1}
2026-05-12 10:32:02,697 - INFO - Correct Candidate: Candidate C
2026-05-12 10:32:02,697 - INFO - Decision Correct: 0
{"id": 67, "ts": 1778574723.158898, "event": "context_consistency_calculated", "method": "embedding_cosine", "mean_pairwise_similarity": 0.897071, "pairwise": [{"agent_a": "agent_1", "agent_b": "agent_2", "similarity": 0.894861}, {"agent_a": "agent_1", "agent_b": "agent_3", "similarity": 0.89699}, {"agent_a": "agent_2", "agent_b": "agent_3", "similarity": 0.899362}]}
{"id": 68, "ts": 1778574723.159073, "event": "gold_standard_alignment_calculated", "method": "rule_based_fact_coverage", "mean_alignment": 0.625, "by_agent": [{"agent": "agent_1", "score": 0.6, "matched_facts": 24, "total_facts": 40, "matched_public_facts": 15, "total_public_facts": 16, "public_fact_coverage": 0.9375, "matched_own_private_facts": 8, "total_own_private_facts": 8, "own_private_fact_coverage": 1.0, "matched_other_private_facts": 1, "total_other_private_facts": 16, "other_private_fact_coverage": 0.0625, "checks": {"public_candidate_a_can_anticipate_dangerous_situations": 1, "public_candidate_a_is_able_to_see_complex_connections": 1, "public_candidate_a_has_excellent_spatial_vision": 1, "public_candidate_a_has_very_good_leadership_qualities": 1, "public_candidate_b_is_very_conscientious": 1, "public_candidate_b_handles_stress_very_well": 1, "public_candidate_b_is_good_at_assessing_weather_conditions": 1, "public_candidate_b_has_excellent_computer_skills": 1, "public_candidate_c_can_make_correct_decisions_quickly": 1, "public_candidate_c_has_difficulty_communicating_ideas": 1, "public_candidate_c_is_regarded_as_egocentric": 1, "public_candidate_c_is_not_very_willing_to_further_his_education": 1, "public_candidate_d_responds_to_unexpected_events_adequately": 0, "public_candidate_d_can_concentrate_very_well": 1, "public_candidate_d_solves_problems_extremely_well": 1, "public_candidate_d_takes_responsibility_seriously": 1, "agent_1_candidate_a_is_sometimes_not_good_at_taking_criticism": 1, "agent_1_candidate_a_can_be_unorganized": 1, "agent_1_candidate_b_can_be_grumpy": 1, "agent_1_candidate_b_can_be_uncooperative": 1, "agent_1_candidate_c_is_known_to_be_100_percent_reliable": 1, "agent_1_candidate_c_creates_a_positive_atmosphere_with_his_crew": 1, "agent_1_candidate_d_is_regarded_as_arrogant": 1, "agent_1_candidate_d_has_relatively_weak_leadership_skills": 1, "agent_2_candidate_a_is_regarded_as_a_show_off": 1, "agent_2_candidate_a_is_regarded_as_being_not_open_to_new_ideas": 0, "agent_2_candidate_b_has_a_relatively_weak_memory_for_numbers": 0, "agent_2_candidate_b_makes_nasty_remarks_about_his_colleagues": 0, "agent_2_candidate_c_keeps_calm_in_a_crisis": 0, "agent_2_candidate_c_understands_complicated_technology": 0, "agent_2_candidate_d_is_regarded_as_a_know_it_all": 0, "agent_2_candidate_d_has_a_hot_temper": 0, "agent_3_candidate_a_is_unfriendly": 0, "agent_3_candidate_a_eats_unhealthily": 0, "agent_3_candidate_b_is_regarded_as_pretentious": 0, "agent_3_candidate_b_sometimes_adopts_the_wrong_tone_when_communicating": 0, "agent_3_candidate_c_puts_concern_for_others_above_everything": 0, "agent_3_candidate_c_has_excellent_attention_skills": 0, "agent_3_candidate_d_is_considered_moody": 0, "agent_3_candidate_d_is_regarded_as_a_loner": 0}}, {"agent": "agent_2", "score": 0.625, "matched_facts": 25, "total_facts": 40, "matched_public_facts": 16, "total_public_facts": 16, "public_fact_coverage": 1.0, "matched_own_private_facts": 8, "total_own_private_facts": 8, "own_private_fact_coverage": 1.0, "matched_other_private_facts": 1, "total_other_private_facts": 16, "other_private_fact_coverage": 0.0625, "checks": {"public_candidate_a_can_anticipate_dangerous_situations": 1, "public_candidate_a_is_able_to_see_complex_connections": 1, "public_candidate_a_has_excellent_spatial_vision": 1, "public_candidate_a_has_very_good_leadership_qualities": 1, "public_candidate_b_is_very_conscientious": 1, "public_candidate_b_handles_stress_very_well": 1, "public_candidate_b_is_good_at_assessing_weather_conditions": 1, "public_candidate_b_has_excellent_computer_skills": 1, "public_candidate_c_can_make_correct_decisions_quickly": 1, "public_candidate_c_has_difficulty_communicating_ideas": 1, "public_candidate_c_is_regarded_as_egocentric": 1, "public_candidate_c_is_not_very_willing_to_further_his_education": 1, "public_candidate_d_responds_to_unexpected_events_adequately": 1, "public_candidate_d_can_concentrate_very_well": 1, "public_candidate_d_solves_problems_extremely_well": 1, "public_candidate_d_takes_responsibility_seriously": 1, "agent_1_candidate_a_is_sometimes_not_good_at_taking_criticism": 0, "agent_1_candidate_a_can_be_unorganized": 0, "agent_1_candidate_b_can_be_grumpy": 1, "agent_1_candidate_b_can_be_uncooperative": 0, "agent_1_candidate_c_is_known_to_be_100_percent_reliable": 0, "agent_1_candidate_c_creates_a_positive_atmosphere_with_his_crew": 0, "agent_1_candidate_d_is_regarded_as_arrogant": 0, "agent_1_candidate_d_has_relatively_weak_leadership_skills": 0, "agent_2_candidate_a_is_regarded_as_a_show_off": 1, "agent_2_candidate_a_is_regarded_as_being_not_open_to_new_ideas": 1, "agent_2_candidate_b_has_a_relatively_weak_memory_for_numbers": 1, "agent_2_candidate_b_makes_nasty_remarks_about_his_colleagues": 1, "agent_2_candidate_c_keeps_calm_in_a_crisis": 1, "agent_2_candidate_c_understands_complicated_technology": 1, "agent_2_candidate_d_is_regarded_as_a_know_it_all": 1, "agent_2_candidate_d_has_a_hot_temper": 1, "agent_3_candidate_a_is_unfriendly": 0, "agent_3_candidate_a_eats_unhealthily": 0, "agent_3_candidate_b_is_regarded_as_pretentious": 0, "agent_3_candidate_b_sometimes_adopts_the_wrong_tone_when_communicating": 0, "agent_3_candidate_c_puts_concern_for_others_above_everything": 0, "agent_3_candidate_c_has_excellent_attention_skills": 0, "agent_3_candidate_d_is_considered_moody": 0, "agent_3_candidate_d_is_regarded_as_a_loner": 0}}, {"agent": "agent_3", "score": 0.65, "matched_facts": 26, "total_facts": 40, "matched_public_facts": 16, "total_public_facts": 16, "public_fact_coverage": 1.0, "matched_own_private_facts": 8, "total_own_private_facts": 8, "own_private_fact_coverage": 1.0, "matched_other_private_facts": 2, "total_other_private_facts": 16, "other_private_fact_coverage": 0.125, "checks": {"public_candidate_a_can_anticipate_dangerous_situations": 1, "public_candidate_a_is_able_to_see_complex_connections": 1, "public_candidate_a_has_excellent_spatial_vision": 1, "public_candidate_a_has_very_good_leadership_qualities": 1, "public_candidate_b_is_very_conscientious": 1, "public_candidate_b_handles_stress_very_well": 1, "public_candidate_b_is_good_at_assessing_weather_conditions": 1, "public_candidate_b_has_excellent_computer_skills": 1, "public_candidate_c_can_make_correct_decisions_quickly": 1, "public_candidate_c_has_difficulty_communicating_ideas": 1, "public_candidate_c_is_regarded_as_egocentric": 1, "public_candidate_c_is_not_very_willing_to_further_his_education": 1, "public_candidate_d_responds_to_unexpected_events_adequately": 1, "public_candidate_d_can_concentrate_very_well": 1, "public_candidate_d_solves_problems_extremely_well": 1, "public_candidate_d_takes_responsibility_seriously": 1, "agent_1_candidate_a_is_sometimes_not_good_at_taking_criticism": 0, "agent_1_candidate_a_can_be_unorganized": 0, "agent_1_candidate_b_can_be_grumpy": 1, "agent_1_candidate_b_can_be_uncooperative": 0, "agent_1_candidate_c_is_known_to_be_100_percent_reliable": 0, "agent_1_candidate_c_creates_a_positive_atmosphere_with_his_crew": 0, "agent_1_candidate_d_is_regarded_as_arrogant": 0, "agent_1_candidate_d_has_relatively_weak_leadership_skills": 0, "agent_2_candidate_a_is_regarded_as_a_show_off": 1, "agent_2_candidate_a_is_regarded_as_being_not_open_to_new_ideas": 0, "agent_2_candidate_b_has_a_relatively_weak_memory_for_numbers": 0, "agent_2_candidate_b_makes_nasty_remarks_about_his_colleagues": 0, "agent_2_candidate_c_keeps_calm_in_a_crisis": 0, "agent_2_candidate_c_understands_complicated_technology": 0, "agent_2_candidate_d_is_regarded_as_a_know_it_all": 0, "agent_2_candidate_d_has_a_hot_temper": 0, "agent_3_candidate_a_is_unfriendly": 1, "agent_3_candidate_a_eats_unhealthily": 1, "agent_3_candidate_b_is_regarded_as_pretentious": 1, "agent_3_candidate_b_sometimes_adopts_the_wrong_tone_when_communicating": 1, "agent_3_candidate_c_puts_concern_for_others_above_everything": 1, "agent_3_candidate_c_has_excellent_attention_skills": 1, "agent_3_candidate_d_is_considered_moody": 1, "agent_3_candidate_d_is_regarded_as_a_loner": 1}}]}
{"id": 69, "ts": 1778574723.1591854, "event": "agent_memories_archived", "directory": "/home/lhegemann/git/bachelor_thesis/01_data/raw/simulations/low/low_treatment_20260512_094218_012/shared_mental_models", "round": 5}
{"id": 70, "ts": 1778574723.1592236, "event": "final_decision", "candidate": "Candidate B", "method": "max_round_majority_vote", "vote_count": {"Candidate B": 2, "Candidate A": 1}, "correct_candidate": "Candidate C", "decision_correct": 0, "round": 5}
2026-05-12 10:32:03,168 - INFO - ======================================================================
2026-05-12 10:32:03,168 - INFO - SIMULATION METRICS
2026-05-12 10:32:03,168 - INFO - ======================================================================
2026-05-12 10:32:03,168 - INFO - Total Loops: 5
2026-05-12 10:32:03,168 - INFO - Agent Turns (no vote checker): 15
2026-05-12 10:32:03,168 - INFO - Agent Tool Calls: 0
2026-05-12 10:32:03,168 - INFO - Agent Tool Messages: 0
2026-05-12 10:32:03,168 - INFO - Memory Updates: 45
2026-05-12 10:32:03,168 - INFO - Total Messages (no vote checker): 15
2026-05-12 10:32:03,168 - INFO - Input Tokens: 118892
2026-05-12 10:32:03,168 - INFO - Output Tokens: 52955
2026-05-12 10:32:03,168 - INFO - Total Tokens: 171847
2026-05-12 10:32:03,168 - INFO - Final Chosen Candidate: Candidate B
2026-05-12 10:32:03,168 - INFO - Final Decision Method: max_round_majority_vote
2026-05-12 10:32:03,168 - INFO - Final Vote Count: {'Candidate B': 2, 'Candidate A': 1}
2026-05-12 10:32:03,168 - INFO - Correct Candidate: Candidate C
2026-05-12 10:32:03,168 - INFO - Decision Correct: 0
2026-05-12 10:32:03,168 - INFO - Runtime: 275.60s
2026-05-12 10:32:03,168 - INFO - ======================================================================
