2026-05-08 23:13:44,499 - INFO - Metrics tracker initialized
{"id": 1, "ts": 1778274824.5263584, "event": "memory_reset"}
{"id": 2, "ts": 1778274824.5302868, "event": "discussion_order", "round": 1, "order": ["agent_1", "agent_2", "agent_3"]}
2026-05-08 23:13:52,528 - INFO - Tokens - Input: 1713, Output: 732, Total: 2445
{"id": 3, "ts": 1778274832.5300882, "event": "public_discussion_message", "round": 1, "agent": "agent_1", "message": "I currently favor Candidate\u202fC because he is known to be 100\u202f% reliable and creates a positive atmosphere with his crew, both critical for long\u2011distance operations. His ability to make correct decisions quickly also supports the technical demands of the role. The main uncertainty is his difficulty communicating ideas and egocentric attitude, which could hinder crew coordination.\nMETADATA_JSON:\n{\"agent\": \"agent_1\", \"vote\": \"Candidate C\"}"}
2026-05-08 23:13:52,530 - INFO - Agent turns: 1
2026-05-08 23:14:00,217 - INFO - Tokens - Input: 1314, Output: 966, Total: 2280
2026-05-08 23:14:00,219 - INFO - Memory updates: 1
{"id": 4, "ts": 1778274840.2197862, "event": "memory_updated", "agent": "agent_2", "round": 1}
2026-05-08 23:14:03,124 - INFO - Tokens - Input: 1311, Output: 1434, Total: 2745
2026-05-08 23:14:03,126 - INFO - Memory updates: 2
{"id": 5, "ts": 1778274843.126573, "event": "memory_updated", "agent": "agent_1", "round": 1}
2026-05-08 23:14:03,419 - INFO - Tokens - Input: 1306, Output: 1358, Total: 2664
2026-05-08 23:14:03,420 - INFO - Memory updates: 3
{"id": 6, "ts": 1778274843.4207218, "event": "memory_updated", "agent": "agent_3", "round": 1}
2026-05-08 23:14:09,903 - INFO - Tokens - Input: 2233, Output: 909, Total: 3142
{"id": 7, "ts": 1778274849.904999, "event": "public_discussion_message", "round": 1, "agent": "agent_2", "message": "I currently favor **Candidate\u202fA**. He anticipates dangerous situations, sees complex connections, has excellent spatial vision, and demonstrates very good leadership\u2014key for the technical and command demands of long\u2011distance flights. These strengths support both safety and effective crew coordination.\nThe main trade\u2011off is that A is regarded as a show\u2011off and not open to new ideas, which could hinder crew cooperation and adaptability under changing conditions.\nMETADATA_JSON:\n{\"agent\": \"agent_2\", \"vote\": \"Candidate A\"}"}
2026-05-08 23:14:09,905 - INFO - Agent turns: 2
2026-05-08 23:14:18,656 - INFO - Tokens - Input: 2038, Output: 1229, Total: 3267
2026-05-08 23:14:18,658 - INFO - Memory updates: 4
{"id": 8, "ts": 1778274858.6583676, "event": "memory_updated", "agent": "agent_1", "round": 1}
2026-05-08 23:14:18,921 - INFO - Tokens - Input: 1869, Output: 1202, Total: 3071
2026-05-08 23:14:18,923 - INFO - Memory updates: 5
{"id": 9, "ts": 1778274858.9235976, "event": "memory_updated", "agent": "agent_2", "round": 1}
2026-05-08 23:14:21,160 - INFO - Tokens - Input: 1952, Output: 1569, Total: 3521
2026-05-08 23:14:21,162 - INFO - Memory updates: 6
{"id": 10, "ts": 1778274861.1621978, "event": "memory_updated", "agent": "agent_3", "round": 1}
2026-05-08 23:14:24,821 - INFO - Tokens - Input: 2499, Output: 467, Total: 2966
{"id": 11, "ts": 1778274864.8235478, "event": "public_discussion_message", "round": 1, "agent": "agent_3", "message": "I currently favor **Candidate C**. He makes correct decisions quickly and puts concern for others above everything, which supports both the technical demands of long\u2011distance flights and a cooperative crew environment. The main uncertainty is his difficulty communicating ideas and his egocentric attitude, which could hinder smooth crew coordination.\nMETADATA_JSON:\n{\"agent\": \"agent_3\", \"vote\": \"Candidate C\"}"}
2026-05-08 23:14:24,823 - INFO - Agent turns: 3
2026-05-08 23:14:32,041 - INFO - Tokens - Input: 2148, Output: 1079, Total: 3227
2026-05-08 23:14:32,042 - INFO - Memory updates: 7
{"id": 12, "ts": 1778274872.043118, "event": "memory_updated", "agent": "agent_1", "round": 1}
2026-05-08 23:14:32,552 - INFO - Tokens - Input: 2082, Output: 1001, Total: 3083
2026-05-08 23:14:32,554 - INFO - Memory updates: 8
{"id": 13, "ts": 1778274872.5550041, "event": "memory_updated", "agent": "agent_3", "round": 1}
2026-05-08 23:14:32,578 - INFO - Tokens - Input: 2141, Output: 1092, Total: 3233
2026-05-08 23:14:32,580 - INFO - Memory updates: 9
{"id": 14, "ts": 1778274872.5802364, "event": "memory_updated", "agent": "agent_2", "round": 1}
2026-05-08 23:14:32,589 - INFO - Loop 1 completed
{"id": 15, "ts": 1778274872.5958326, "event": "discussion_order", "round": 2, "order": ["agent_2", "agent_3", "agent_1"]}
2026-05-08 23:14:40,101 - INFO - Tokens - Input: 2590, Output: 1002, Total: 3592
{"id": 16, "ts": 1778274880.1033738, "event": "public_discussion_message", "round": 2, "agent": "agent_2", "message": "I continue to favor **Candidate\u202fA**. His ability to anticipate dangerous situations, see complex connections, and his excellent spatial vision directly support the safety and navigation demands of long\u2011distance flights, while his strong leadership qualities are vital for effective crew coordination.\n**Trade\u2011off/uncertainty:** A is perceived as a show\u2011off and not open to new ideas, which could undermine crew trust and adaptability; we must weigh this against C\u2019s communication difficulties and egocentric attitude.\nMETADATA_JSON:\n{\"agent\": \"agent_2\", \"vote\": \"Candidate A\"}"}
2026-05-08 23:14:40,103 - INFO - Agent turns: 4
2026-05-08 23:14:47,437 - INFO - Tokens - Input: 2233, Output: 1091, Total: 3324
2026-05-08 23:14:47,439 - INFO - Memory updates: 10
{"id": 17, "ts": 1778274887.4399076, "event": "memory_updated", "agent": "agent_2", "round": 2}
2026-05-08 23:14:48,078 - INFO - Tokens - Input: 2138, Output: 1084, Total: 3222
2026-05-08 23:14:48,079 - INFO - Memory updates: 11
{"id": 18, "ts": 1778274888.0799563, "event": "memory_updated", "agent": "agent_1", "round": 2}
2026-05-08 23:14:48,505 - INFO - Tokens - Input: 2090, Output: 1191, Total: 3281
2026-05-08 23:14:48,506 - INFO - Memory updates: 12
{"id": 19, "ts": 1778274888.5068202, "event": "memory_updated", "agent": "agent_3", "round": 2}
2026-05-08 23:14:53,070 - INFO - Tokens - Input: 2610, Output: 642, Total: 3252
{"id": 20, "ts": 1778274893.0721576, "event": "public_discussion_message", "round": 2, "agent": "agent_3", "message": "I continue to favor **Candidate\u202fC**. He makes correct decisions quickly and consistently puts concern for others above everything, which supports both the technical demands of long\u2011distance flights and a cooperative crew environment. The main uncertainty is his difficulty communicating ideas and his egocentric attitude, which could impede smooth crew coordination.\nMETADATA_JSON:\n{\"agent\": \"agent_3\", \"vote\": \"Candidate C\"}"}
2026-05-08 23:14:53,072 - INFO - Agent turns: 5
2026-05-08 23:14:58,668 - INFO - Tokens - Input: 2199, Output: 807, Total: 3006
2026-05-08 23:14:58,670 - INFO - Memory updates: 13
{"id": 21, "ts": 1778274898.6706378, "event": "memory_updated", "agent": "agent_3", "round": 2}
2026-05-08 23:15:00,324 - INFO - Tokens - Input: 2265, Output: 1009, Total: 3274
2026-05-08 23:15:00,327 - INFO - Memory updates: 14
{"id": 22, "ts": 1778274900.3273141, "event": "memory_updated", "agent": "agent_2", "round": 2}
2026-05-08 23:15:00,889 - INFO - Tokens - Input: 2204, Output: 1078, Total: 3282
2026-05-08 23:15:00,891 - INFO - Memory updates: 15
{"id": 23, "ts": 1778274900.891795, "event": "memory_updated", "agent": "agent_1", "round": 2}
2026-05-08 23:15:05,214 - INFO - Tokens - Input: 2677, Output: 574, Total: 3251
{"id": 24, "ts": 1778274905.216161, "event": "public_discussion_message", "round": 2, "agent": "agent_1", "message": "I continue to favor **Candidate\u202fC**. He is known to be 100\u202f% reliable and makes correct decisions quickly, which are essential for the safety and efficiency of long\u2011distance flights. Additionally, he creates a positive atmosphere with his crew, supporting the cooperation needed in the cockpit.\n**Trade\u2011off/uncertainty:** His difficulty communicating ideas and egocentric attitude could hinder crew coordination and decision\u2011making under pressure.\nMETADATA_JSON:\n{\"agent\": \"agent_1\", \"vote\": \"Candidate C\"}"}
2026-05-08 23:15:05,216 - INFO - Agent turns: 6
2026-05-08 23:15:12,509 - INFO - Tokens - Input: 2197, Output: 974, Total: 3171
2026-05-08 23:15:12,511 - INFO - Memory updates: 16
{"id": 25, "ts": 1778274912.5111966, "event": "memory_updated", "agent": "agent_3", "round": 2}
2026-05-08 23:15:14,139 - INFO - Tokens - Input: 2240, Output: 1301, Total: 3541
2026-05-08 23:15:14,141 - INFO - Memory updates: 17
{"id": 26, "ts": 1778274914.1411774, "event": "memory_updated", "agent": "agent_2", "round": 2}
2026-05-08 23:15:14,245 - INFO - Tokens - Input: 2317, Output: 938, Total: 3255
2026-05-08 23:15:14,246 - INFO - Memory updates: 18
{"id": 27, "ts": 1778274914.2470672, "event": "memory_updated", "agent": "agent_1", "round": 2}
2026-05-08 23:15:14,254 - INFO - Loop 2 completed
{"id": 28, "ts": 1778274914.2596486, "event": "discussion_order", "round": 3, "order": ["agent_1", "agent_3", "agent_2"]}
2026-05-08 23:15:17,144 - INFO - Tokens - Input: 2803, Output: 382, Total: 3185
{"id": 29, "ts": 1778274917.1454518, "event": "public_discussion_message", "round": 3, "agent": "agent_1", "message": "I continue to favor **Candidate\u202fC**. He is known to be 100\u202f% reliable and makes correct decisions quickly, which are vital for safety and efficiency on long\u2011distance flights. He also creates a positive atmosphere with his crew, supporting the high level of cooperation needed in the cockpit.\n**Trade\u2011off/uncertainty:** His difficulty communicating ideas and egocentric attitude could impede crew coordination and decision\u2011making under pressure.\nMETADATA_JSON:\n{\"agent\": \"agent_1\", \"vote\": \"Candidate C\"}"}
2026-05-08 23:15:17,145 - INFO - Agent turns: 7
2026-05-08 23:15:23,120 - INFO - Tokens - Input: 2266, Output: 821, Total: 3087
2026-05-08 23:15:23,121 - INFO - Memory updates: 19
{"id": 30, "ts": 1778274923.1220295, "event": "memory_updated", "agent": "agent_2", "round": 3}
2026-05-08 23:15:25,628 - INFO - Tokens - Input: 2427, Output: 1081, Total: 3508
2026-05-08 23:15:25,629 - INFO - Memory updates: 20
{"id": 31, "ts": 1778274925.630128, "event": "memory_updated", "agent": "agent_1", "round": 3}
2026-05-08 23:15:26,369 - INFO - Tokens - Input: 2279, Output: 1258, Total: 3537
2026-05-08 23:15:26,371 - INFO - Memory updates: 21
{"id": 32, "ts": 1778274926.371693, "event": "memory_updated", "agent": "agent_3", "round": 3}
2026-05-08 23:15:27,557 - INFO - Tokens - Input: 2676, Output: 134, Total: 2810
{"id": 33, "ts": 1778274927.559196, "event": "public_discussion_message", "round": 3, "agent": "agent_3", "message": "I continue to favor **Candidate\u202fC**. He makes correct decisions quickly and consistently puts concern for others above everything, which supports both the technical safety demands and the cooperative crew atmosphere essential for long\u2011distance flights. The main trade\u2011off is his difficulty communicating ideas and egocentric attitude, which could hinder smooth crew coordination under pressure.\nMETADATA_JSON:\n{\"agent\": \"agent_3\", \"vote\": \"Candidate C\"}"}
2026-05-08 23:15:27,559 - INFO - Agent turns: 8
2026-05-08 23:15:35,068 - INFO - Tokens - Input: 2275, Output: 1044, Total: 3319
2026-05-08 23:15:35,070 - INFO - Memory updates: 22
{"id": 34, "ts": 1778274935.0702887, "event": "memory_updated", "agent": "agent_3", "round": 3}
2026-05-08 23:15:35,079 - INFO - Tokens - Input: 2359, Output: 991, Total: 3350
2026-05-08 23:15:35,080 - INFO - Memory updates: 23
{"id": 35, "ts": 1778274935.0811145, "event": "memory_updated", "agent": "agent_2", "round": 3}
2026-05-08 23:15:35,297 - INFO - Tokens - Input: 2493, Output: 1128, Total: 3621
2026-05-08 23:15:35,299 - INFO - Memory updates: 24
{"id": 36, "ts": 1778274935.2994215, "event": "memory_updated", "agent": "agent_1", "round": 3}
2026-05-08 23:15:37,312 - INFO - Tokens - Input: 2819, Output: 193, Total: 3012
{"id": 37, "ts": 1778274937.3136113, "event": "public_discussion_message", "round": 3, "agent": "agent_2", "message": "I continue to favor **Candidate\u202fA**. His ability to anticipate dangerous situations and his excellent spatial vision directly support safety and navigation on long\u2011distance flights, while his strong leadership helps maintain effective crew coordination.\n**Trade\u2011off/uncertainty:** A is regarded as a show\u2011off and not open to new ideas, which could undermine crew trust and adaptability in dynamic situations.\nMETADATA_JSON:\n{\"agent\": \"agent_2\", \"vote\": \"Candidate A\"}"}
2026-05-08 23:15:37,313 - INFO - Agent turns: 9
2026-05-08 23:15:43,020 - INFO - Tokens - Input: 2437, Output: 792, Total: 3229
2026-05-08 23:15:43,021 - INFO - Memory updates: 25
{"id": 38, "ts": 1778274943.021913, "event": "memory_updated", "agent": "agent_2", "round": 3}
2026-05-08 23:15:45,667 - INFO - Tokens - Input: 2413, Output: 1151, Total: 3564
2026-05-08 23:15:45,669 - INFO - Memory updates: 26
{"id": 39, "ts": 1778274945.6694953, "event": "memory_updated", "agent": "agent_3", "round": 3}
2026-05-08 23:15:47,697 - INFO - Tokens - Input: 2574, Output: 1273, Total: 3847
2026-05-08 23:15:47,698 - INFO - Memory updates: 27
{"id": 40, "ts": 1778274947.6989915, "event": "memory_updated", "agent": "agent_1", "round": 3}
2026-05-08 23:15:47,707 - INFO - Loop 3 completed
{"id": 41, "ts": 1778274947.7142582, "event": "discussion_order", "round": 4, "order": ["agent_3", "agent_1", "agent_2"]}
2026-05-08 23:15:49,945 - INFO - Tokens - Input: 2969, Output: 280, Total: 3249
{"id": 42, "ts": 1778274949.9464726, "event": "public_discussion_message", "round": 4, "agent": "agent_3", "message": "I continue to favor **Candidate\u202fC**. He is 100\u202f% reliable and makes correct decisions quickly, which are essential for safety on ultra\u2011long\u2011haul flights, and he consistently puts concern for others above everything, fostering a cooperative crew atmosphere. The main uncertainty is his difficulty communicating ideas and his egocentric attitude, which could impede smooth coordination under pressure.\nMETADATA_JSON:\n{\"agent\": \"agent_3\", \"vote\": \"Candidate C\"}"}
2026-05-08 23:15:49,946 - INFO - Agent turns: 10
2026-05-08 23:15:55,936 - INFO - Tokens - Input: 2564, Output: 802, Total: 3366
2026-05-08 23:15:55,939 - INFO - Memory updates: 28
{"id": 43, "ts": 1778274955.9392872, "event": "memory_updated", "agent": "agent_3", "round": 4}
2026-05-08 23:15:57,057 - INFO - Tokens - Input: 2669, Output: 979, Total: 3648
2026-05-08 23:15:57,058 - INFO - Memory updates: 29
{"id": 44, "ts": 1778274957.0588653, "event": "memory_updated", "agent": "agent_1", "round": 4}
2026-05-08 23:15:59,788 - INFO - Tokens - Input: 2511, Output: 1317, Total: 3828
2026-05-08 23:15:59,789 - INFO - Memory updates: 30
{"id": 45, "ts": 1778274959.790111, "event": "memory_updated", "agent": "agent_2", "round": 4}
2026-05-08 23:16:03,755 - INFO - Tokens - Input: 3157, Output: 504, Total: 3661
{"id": 46, "ts": 1778274963.756701, "event": "public_discussion_message", "round": 4, "agent": "agent_1", "message": "I continue to favor **Candidate\u202fC**. He is 100\u202f% reliable and makes correct decisions quickly, which are essential for safety on long\u2011distance flights, and he creates a positive atmosphere with his crew, supporting the high level of cooperation needed in the cockpit.\n**Trade\u2011off:** His difficulty communicating ideas and egocentric attitude could hinder crew coordination under pressure.\nMETADATA_JSON:\n{\"agent\": \"agent_1\", \"vote\": \"Candidate C\"}"}
2026-05-08 23:16:03,756 - INFO - Agent turns: 11
2026-05-08 23:16:09,944 - INFO - Tokens - Input: 2608, Output: 848, Total: 3456
2026-05-08 23:16:09,945 - INFO - Memory updates: 31
{"id": 47, "ts": 1778274969.9459786, "event": "memory_updated", "agent": "agent_3", "round": 4}
2026-05-08 23:16:10,346 - INFO - Tokens - Input: 2571, Output: 837, Total: 3408
2026-05-08 23:16:10,347 - INFO - Memory updates: 32
{"id": 48, "ts": 1778274970.347801, "event": "memory_updated", "agent": "agent_2", "round": 4}
2026-05-08 23:16:12,468 - INFO - Tokens - Input: 2773, Output: 1131, Total: 3904
2026-05-08 23:16:12,470 - INFO - Memory updates: 33
{"id": 49, "ts": 1778274972.4707296, "event": "memory_updated", "agent": "agent_1", "round": 4}
2026-05-08 23:16:14,032 - INFO - Tokens - Input: 3043, Output: 194, Total: 3237
{"id": 50, "ts": 1778274974.0337338, "event": "public_discussion_message", "round": 4, "agent": "agent_2", "message": "I continue to favor **Candidate\u202fA**. His ability to anticipate dangerous situations and his excellent spatial vision directly support safety and navigation on long\u2011distance flights, while his very good leadership qualities help maintain effective crew coordination.\n**Trade\u2011off/uncertainty:** He is regarded as a show\u2011off and not open to new ideas, which could undermine crew trust and adaptability in dynamic situations.\nMETADATA_JSON:\n{\"agent\": \"agent_2\", \"vote\": \"Candidate A\"}"}
2026-05-08 23:16:14,033 - INFO - Agent turns: 12
2026-05-08 23:16:21,356 - INFO - Tokens - Input: 2535, Output: 961, Total: 3496
2026-05-08 23:16:21,357 - INFO - Memory updates: 34
{"id": 51, "ts": 1778274981.357884, "event": "memory_updated", "agent": "agent_3", "round": 4}
2026-05-08 23:16:21,871 - INFO - Tokens - Input: 2917, Output: 1079, Total: 3996
2026-05-08 23:16:21,872 - INFO - Memory updates: 35
{"id": 52, "ts": 1778274981.8731253, "event": "memory_updated", "agent": "agent_1", "round": 4}
2026-05-08 23:16:23,318 - INFO - Tokens - Input: 2665, Output: 1142, Total: 3807
2026-05-08 23:16:23,320 - INFO - Memory updates: 36
{"id": 53, "ts": 1778274983.3206751, "event": "memory_updated", "agent": "agent_2", "round": 4}
2026-05-08 23:16:23,329 - INFO - Loop 4 completed
{"id": 54, "ts": 1778274983.3357954, "event": "discussion_order", "round": 5, "order": ["agent_3", "agent_1", "agent_2"]}
2026-05-08 23:16:25,963 - INFO - Tokens - Input: 3262, Output: 196, Total: 3458
{"id": 55, "ts": 1778274985.9652457, "event": "public_discussion_message", "round": 5, "agent": "agent_3", "message": "I continue to favor **Candidate\u202fC**. He is 100\u202f% reliable and makes correct decisions quickly, which are essential for safety on ultra\u2011long\u2011haul flights, and he consistently puts concern for others above everything, fostering a cooperative crew atmosphere. The main trade\u2011off is his difficulty communicating ideas and his egocentric attitude, which could impede smooth crew coordination under pressure.\nMETADATA_JSON:\n{\"agent\": \"agent_3\", \"vote\": \"Candidate C\"}"}
2026-05-08 23:16:25,965 - INFO - Agent turns: 13
2026-05-08 23:16:32,005 - INFO - Tokens - Input: 2710, Output: 836, Total: 3546
2026-05-08 23:16:32,007 - INFO - Memory updates: 37
{"id": 56, "ts": 1778274992.0075514, "event": "memory_updated", "agent": "agent_2", "round": 5}
2026-05-08 23:16:33,932 - INFO - Tokens - Input: 3043, Output: 1053, Total: 4096
2026-05-08 23:16:33,934 - INFO - Memory updates: 38
{"id": 57, "ts": 1778274993.9344575, "event": "memory_updated", "agent": "agent_1", "round": 5}
2026-05-08 23:16:35,738 - INFO - Tokens - Input: 2863, Output: 1309, Total: 4172
2026-05-08 23:16:35,740 - INFO - Memory updates: 39
{"id": 58, "ts": 1778274995.740648, "event": "memory_updated", "agent": "agent_3", "round": 5}
2026-05-08 23:16:37,593 - INFO - Tokens - Input: 3527, Output: 221, Total: 3748
{"id": 59, "ts": 1778274997.5947216, "event": "public_discussion_message", "round": 5, "agent": "agent_1", "message": "I continue to favor **Candidate\u202fC**. He is known to be 100\u202f% reliable and makes correct decisions quickly, which are essential for safety and efficiency on ultra\u2011long\u2011haul flights. He also creates a positive atmosphere with his crew, supporting the high level of cooperation needed in the cockpit.\n**Trade\u2011off/uncertainty:** His difficulty communicating ideas and egocentric attitude could impede smooth crew coordination under pressure.\nMETADATA_JSON:\n{\"agent\": \"agent_1\", \"vote\": \"Candidate C\"}"}
2026-05-08 23:16:37,594 - INFO - Agent turns: 14
2026-05-08 23:16:43,632 - INFO - Tokens - Input: 3014, Output: 787, Total: 3801
2026-05-08 23:16:43,634 - INFO - Memory updates: 40
{"id": 60, "ts": 1778275003.6346679, "event": "memory_updated", "agent": "agent_3", "round": 5}
2026-05-08 23:16:44,241 - INFO - Tokens - Input: 3167, Output: 864, Total: 4031
2026-05-08 23:16:44,242 - INFO - Memory updates: 41
{"id": 61, "ts": 1778275004.2429404, "event": "memory_updated", "agent": "agent_1", "round": 5}
2026-05-08 23:16:44,655 - INFO - Tokens - Input: 2842, Output: 858, Total: 3700
2026-05-08 23:16:44,657 - INFO - Memory updates: 42
{"id": 62, "ts": 1778275004.6571393, "event": "memory_updated", "agent": "agent_2", "round": 5}
2026-05-08 23:16:46,582 - INFO - Tokens - Input: 3347, Output: 208, Total: 3555
{"id": 63, "ts": 1778275006.583866, "event": "public_discussion_message", "round": 5, "agent": "agent_2", "message": "I continue to favor **Candidate\u202fA**. His ability to anticipate dangerous situations and his excellent spatial vision directly support the safety and navigation challenges of ultra\u2011long\u2011haul flights, while his very good leadership qualities help maintain effective crew coordination.\n**Trade\u2011off/uncertainty:** He is regarded as a show\u2011off and not open to new ideas, which could undermine crew trust and adaptability in dynamic situations.\nMETADATA_JSON:\n{\"agent\": \"agent_2\", \"vote\": \"Candidate A\"}"}
2026-05-08 23:16:46,584 - INFO - Agent turns: 15
2026-05-08 23:16:52,784 - INFO - Tokens - Input: 3088, Output: 847, Total: 3935
2026-05-08 23:16:52,786 - INFO - Memory updates: 43
{"id": 64, "ts": 1778275012.7865393, "event": "memory_updated", "agent": "agent_3", "round": 5}
2026-05-08 23:16:53,013 - INFO - Tokens - Input: 3121, Output: 907, Total: 4028
2026-05-08 23:16:53,015 - INFO - Memory updates: 44
{"id": 65, "ts": 1778275013.0151646, "event": "memory_updated", "agent": "agent_1", "round": 5}
2026-05-08 23:16:53,908 - INFO - Tokens - Input: 2977, Output: 987, Total: 3964
2026-05-08 23:16:53,910 - INFO - Memory updates: 45
{"id": 66, "ts": 1778275013.9107046, "event": "memory_updated", "agent": "agent_2", "round": 5}
2026-05-08 23:16:53,919 - INFO - Loop 5 completed
2026-05-08 23:16:53,919 - INFO - Final Chosen Candidate: Candidate C
2026-05-08 23:16:53,919 - INFO - Final Decision Method: max_round_majority_vote
2026-05-08 23:16:53,919 - INFO - Final Vote Count: {'Candidate C': 2, 'Candidate A': 1}
2026-05-08 23:16:53,919 - INFO - Correct Candidate: Candidate C
2026-05-08 23:16:53,919 - INFO - Decision Correct: 1
{"id": 67, "ts": 1778275014.2547562, "event": "context_consistency_calculated", "method": "embedding_cosine", "mean_pairwise_similarity": 0.798365, "pairwise": [{"agent_a": "agent_1", "agent_b": "agent_2", "similarity": 0.743737}, {"agent_a": "agent_1", "agent_b": "agent_3", "similarity": 0.769074}, {"agent_a": "agent_2", "agent_b": "agent_3", "similarity": 0.882283}]}
{"id": 68, "ts": 1778275014.2549503, "event": "gold_standard_alignment_calculated", "method": "rule_based_binary_checks", "mean_alignment": 0.75, "by_agent": [{"agent": "agent_1", "score": 0.625, "checks": {"favorite_is_c": 1, "c_reliability": 1, "c_calmness": 0, "c_attention": 1, "c_crew_fit": 1, "a_risks": 1, "b_risks": 0, "d_risks": 0}}, {"agent": "agent_2", "score": 0.625, "checks": {"favorite_is_c": 1, "c_reliability": 1, "c_calmness": 1, "c_attention": 0, "c_crew_fit": 1, "a_risks": 1, "b_risks": 0, "d_risks": 0}}, {"agent": "agent_3", "score": 1.0, "checks": {"favorite_is_c": 1, "c_reliability": 1, "c_calmness": 1, "c_attention": 1, "c_crew_fit": 1, "a_risks": 1, "b_risks": 1, "d_risks": 1}}]}
{"id": 69, "ts": 1778275014.2550807, "event": "agent_memories_archived", "directory": "/home/lhegemann/git/bachelor_thesis/01_data/raw/simulations/moderate/moderate_treatment_20260508_195017_017/shared_mental_models", "round": 5}
{"id": 70, "ts": 1778275014.2551613, "event": "final_decision", "candidate": "Candidate C", "method": "max_round_majority_vote", "vote_count": {"Candidate C": 2, "Candidate A": 1}, "correct_candidate": "Candidate C", "decision_correct": 1, "round": 5}
2026-05-08 23:16:54,265 - INFO - ======================================================================
2026-05-08 23:16:54,265 - INFO - SIMULATION METRICS
2026-05-08 23:16:54,265 - INFO - ======================================================================
2026-05-08 23:16:54,265 - INFO - Total Loops: 5
2026-05-08 23:16:54,265 - INFO - Agent Turns (no vote checker): 15
2026-05-08 23:16:54,265 - INFO - Agent Tool Calls: 0
2026-05-08 23:16:54,265 - INFO - Agent Tool Messages: 0
2026-05-08 23:16:54,265 - INFO - Memory Updates: 45
2026-05-08 23:16:54,266 - INFO - Total Messages (no vote checker): 15
2026-05-08 23:16:54,266 - INFO - Input Tokens: 150130
2026-05-08 23:16:54,266 - INFO - Output Tokens: 54124
2026-05-08 23:16:54,266 - INFO - Total Tokens: 204254
2026-05-08 23:16:54,266 - INFO - Final Chosen Candidate: Candidate C
2026-05-08 23:16:54,266 - INFO - Final Decision Method: max_round_majority_vote
2026-05-08 23:16:54,266 - INFO - Final Vote Count: {'Candidate C': 2, 'Candidate A': 1}
2026-05-08 23:16:54,266 - INFO - Correct Candidate: Candidate C
2026-05-08 23:16:54,266 - INFO - Decision Correct: 1
2026-05-08 23:16:54,266 - INFO - Runtime: 189.77s
2026-05-08 23:16:54,266 - INFO - ======================================================================
