2026-05-06 22:00:13,357 - INFO - Metrics tracker initialized
{"id": 1, "ts": 1778097613.3828478, "event": "memory_reset"}
{"id": 2, "ts": 1778097613.3885992, "event": "discussion_order", "round": 1, "order": ["agent_3", "agent_1", "agent_2"]}
2026-05-06 22:00:21,122 - INFO - Tokens - Input: 1777, Output: 989, Total: 2766
{"id": 3, "ts": 1778097621.1240249, "event": "public_discussion_message", "round": 1, "agent": "agent_3", "message": "Current position: Candidate B\nConfidence/uncertainty: Moderate confidence; candidate B appears strongest overall but cooperation concerns remain.\nReasoning summary:\n- Key evidence used: Candidate B is very conscientious (reliability), handles stress very well (calmness under pressure), good at assessing weather conditions and has excellent computer skills (technical competence). These cover core pilot requirements for long-distance flights.\n- Evidence from others: No other agents have contributed yet.\n- Alternatives considered: Candidate A (excellent technical vision and leadership but unfriendly and unhealthy), Candidate C (concern for others and quick decisions but poor communication and egocentric), Candidate D (strong problem solving and responsibility but moody and a loner). Each has significant cooperation drawbacks that outweigh their strengths.\n- Main tradeoff: Balancing B\u2019s pretentiousness and occasional wrong tone (cooperation negatives) against its strong reliability, stress handling, and technical skills.\n- Remaining uncertainty: The impact of B\u2019s pretentious attitude and tone on crew dynamics over long flights is unclear.\n- What would change my vote: Evidence that another candidate has comparable reliability, stress handling, and technical competence with fewer or no cooperation negatives would shift my preference.\nMETADATA_JSON:\n{\"agent\": \"agent_3\", \"vote\": \"Candidate B\"}"}
2026-05-06 22:00:21,124 - INFO - Agent turns: 1
2026-05-06 22:00:27,358 - INFO - Tokens - Input: 1648, Output: 1218, Total: 2866
2026-05-06 22:00:27,360 - INFO - Memory updates: 1
{"id": 4, "ts": 1778097627.36099, "event": "memory_updated", "agent": "agent_3", "round": 1}
2026-05-06 22:00:32,682 - INFO - Tokens - Input: 1653, Output: 1851, Total: 3504
2026-05-06 22:00:32,684 - INFO - Memory updates: 2
{"id": 5, "ts": 1778097632.6846447, "event": "memory_updated", "agent": "agent_1", "round": 1}
2026-05-06 22:00:33,617 - INFO - Tokens - Input: 1656, Output: 1275, Total: 2931
2026-05-06 22:00:33,619 - INFO - Memory updates: 3
{"id": 6, "ts": 1778097633.619616, "event": "memory_updated", "agent": "agent_2", "round": 1}
2026-05-06 22:00:41,360 - INFO - Tokens - Input: 2750, Output: 1027, Total: 3777
{"id": 7, "ts": 1778097641.3628228, "event": "public_discussion_message", "round": 1, "agent": "agent_1", "message": "Current position: Candidate B\nConfidence/uncertainty: Moderate confidence \u2013 the candidate meets most core criteria but cooperation concerns remain.\nReasoning summary:\n- Key evidence used: Candidate\u202fB is very conscientious (reliability), handles stress very well (calmness under pressure), is good at assessing weather conditions and has excellent computer skills (technical competence). These directly address the primary requirements for long\u2011distance pilots.\n- Evidence from others: Agent\u202f3 also highlighted B\u2019s strong reliability, stress handling, and technical abilities, noting the same cooperation negatives (pretentious attitude, occasional wrong tone).\n- Alternatives considered: Candidate\u202fA offers excellent spatial vision and leadership but is unorganized and struggles with criticism, which threatens reliability. Candidate\u202fC is 100\u202f% reliable and creates a positive crew atmosphere, yet lacks technical skills and has communication/egocentric issues. Candidate\u202fD excels in problem solving and responsibility but is viewed as arrogant with weak leadership, also harming crew dynamics.\n- Main tradeoff: Balancing B\u2019s cooperation drawbacks (grumpiness, uncooperativeness, pretentiousness) against its strong reliability, stress resilience, and technical competence.\n- Remaining uncertainty: The extent to which B\u2019s interpersonal issues would affect crew performance and safety over extended flights.\n- What would change my vote: Evidence that another candidate matches B\u2019s reliability, stress handling, and technical competence while exhibiting substantially fewer or no cooperation negatives.\nMETADATA_JSON:\n{\"agent\": \"agent_1\", \"vote\": \"Candidate B\"}"}
2026-05-06 22:00:41,363 - INFO - Agent turns: 2
2026-05-06 22:00:47,057 - INFO - Tokens - Input: 2723, Output: 899, Total: 3622
2026-05-06 22:00:47,059 - INFO - Memory updates: 4
{"id": 8, "ts": 1778097647.059969, "event": "memory_updated", "agent": "agent_1", "round": 1}
2026-05-06 22:00:54,822 - INFO - Tokens - Input: 2411, Output: 1759, Total: 4170
2026-05-06 22:00:54,824 - INFO - Memory updates: 5
{"id": 9, "ts": 1778097654.8245265, "event": "memory_updated", "agent": "agent_2", "round": 1}
2026-05-06 22:00:55,379 - INFO - Tokens - Input: 2499, Output: 1841, Total: 4340
2026-05-06 22:00:55,380 - INFO - Memory updates: 6
{"id": 10, "ts": 1778097655.3810844, "event": "memory_updated", "agent": "agent_3", "round": 1}
2026-05-06 22:01:06,037 - INFO - Tokens - Input: 3193, Output: 1442, Total: 4635
{"id": 11, "ts": 1778097666.0386913, "event": "public_discussion_message", "round": 1, "agent": "agent_2", "message": "Current position: Candidate A\nConfidence/uncertainty: Moderate confidence \u2013 A meets many technical and leadership criteria, but cooperation concerns remain.\nReasoning summary:\n- Key evidence used: Candidate\u202fA can anticipate dangerous situations, sees complex connections, has excellent spatial vision, and possesses very good leadership qualities. These traits support strong situational awareness, technical perception, and crew leadership\u2014critical for long\u2011distance operations.\n- Evidence from others: Agent\u202f1 and Agent\u202f3 have highlighted cooperation drawbacks for other candidates (B\u2019s pretentious attitude and nasty remarks; D\u2019s hot temper and know\u2011it\u2011all behavior; C\u2019s communication difficulty and egocentrism). They also noted A\u2019s negatives (show\u2011off, not open to new ideas) but did not present any additional strengths for the other candidates that outweigh A\u2019s technical and leadership profile.\n- Alternatives considered:\n  * Candidate\u202fB \u2013 strongest reliability and stress handling, but multiple cooperation negatives (nasty remarks, pretentiousness, uncooperativeness) that could jeopardize crew harmony.\n  * Candidate\u202fC \u2013 calm under crisis and quick decision\u2011making, yet significant communication issues, egocentrism, and lack of willingness to further education.\n  * Candidate\u202fD \u2013 excellent problem\u2011solving, responsibility, and concentration, but a hot temper, know\u2011it\u2011all attitude, and perceived arrogance pose serious crew\u2011interaction risks.\n- Main tradeoff: Balancing A\u2019s solid technical and leadership capabilities against its cooperation concerns (show\u2011off behavior, resistance to new ideas) versus the more severe interpersonal drawbacks of the other candidates.\n- Remaining uncertainty: How A\u2019s reluctance to embrace new ideas would affect adaptability to evolving flight\u2011deck procedures and long\u2011haul operational changes; also the extent to which the \u201cshow\u2011off\u201d perception might impact crew morale.\n- What would change my vote: Evidence that another candidate matches A\u2019s technical and leadership strengths while exhibiting substantially fewer or no cooperation negatives (e.g., a candidate with strong reliability, stress resilience, and technical competence and only minor or no interpersonal issues).\nMETADATA_JSON:\n{\"agent\": \"agent_2\", \"vote\": \"Candidate A\"}"}
2026-05-06 22:01:06,038 - INFO - Agent turns: 3
2026-05-06 22:01:15,755 - INFO - Tokens - Input: 3428, Output: 1387, Total: 4815
2026-05-06 22:01:15,757 - INFO - Memory updates: 7
{"id": 12, "ts": 1778097675.7573044, "event": "memory_updated", "agent": "agent_3", "round": 1}
2026-05-06 22:01:16,191 - INFO - Tokens - Input: 2853, Output: 1192, Total: 4045
2026-05-06 22:01:16,193 - INFO - Memory updates: 8
{"id": 13, "ts": 1778097676.1934295, "event": "memory_updated", "agent": "agent_1", "round": 1}
2026-05-06 22:01:17,594 - INFO - Tokens - Input: 3431, Output: 1479, Total: 4910
2026-05-06 22:01:17,596 - INFO - Memory updates: 9
{"id": 14, "ts": 1778097677.5966616, "event": "memory_updated", "agent": "agent_2", "round": 1}
2026-05-06 22:01:17,606 - INFO - Loop 1 completed
{"id": 15, "ts": 1778097677.6125028, "event": "discussion_order", "round": 2, "order": ["agent_1", "agent_3", "agent_2"]}
2026-05-06 22:01:24,060 - INFO - Tokens - Input: 3327, Output: 725, Total: 4052
{"id": 16, "ts": 1778097684.0621653, "event": "public_discussion_message", "round": 2, "agent": "agent_1", "message": "Current position: Candidate B\nConfidence/uncertainty: Moderate \u2013 the evidence leans toward B but cooperation concerns keep some doubt.\nReasoning summary:\n- Key evidence used: Candidate\u202fB is very conscientious (high reliability), handles stress very well (calm under pressure), assesses weather conditions accurately, and has excellent computer skills (technical competence). These directly satisfy the core requirements for long\u2011distance piloting.\n- Evidence from others: Agent\u202f3 also highlighted B\u2019s reliability, stress resilience, and technical abilities, noting the same cooperation negatives (grumpy, uncooperative, pretentious). Agent\u202f2 emphasized A\u2019s technical vision and leadership but pointed out A\u2019s show\u2011off behavior and resistance to new ideas.\n- Alternatives considered:\n  * Candidate\u202fA \u2013 strong situational awareness, spatial vision, and leadership, but unorganized, poor at taking criticism, and perceived as show\u2011off, which may harm crew dynamics.\n  * Candidate\u202fC \u2013 100\u202f% reliable and creates a positive crew atmosphere, yet struggles with communication, is egocentric, and lacks willingness to further education.\n  * Candidate\u202fD \u2013 excellent problem\u2011solving, responsibility, and concentration, but is seen as arrogant, has weak leadership, and displays a hot temper.\n- Main tradeoff: Balancing B\u2019s interpersonal drawbacks (grumpiness, uncooperativeness, pretentious remarks) against its strong reliability, stress handling, and technical competence.\n- Remaining uncertainty: How severely B\u2019s cooperation issues would affect crew morale, communication, and safety on extended flights.\n- What would change my vote: Evidence that another candidate matches B\u2019s reliability, stress resilience, and technical skill while exhibiting substantially fewer or no cooperation negatives.\nMETADATA_JSON:\n{\"agent\": \"agent_1\", \"vote\": \"Candidate B\"}"}
2026-05-06 22:01:24,062 - INFO - Agent turns: 4
2026-05-06 22:01:30,966 - INFO - Tokens - Input: 3403, Output: 949, Total: 4352
2026-05-06 22:01:30,968 - INFO - Memory updates: 10
{"id": 17, "ts": 1778097690.968673, "event": "memory_updated", "agent": "agent_1", "round": 2}
2026-05-06 22:01:34,458 - INFO - Tokens - Input: 3597, Output: 1704, Total: 5301
2026-05-06 22:01:34,460 - INFO - Memory updates: 11
{"id": 18, "ts": 1778097694.4606993, "event": "memory_updated", "agent": "agent_2", "round": 2}
2026-05-06 22:01:34,867 - INFO - Tokens - Input: 3607, Output: 1460, Total: 5067
2026-05-06 22:01:34,868 - INFO - Memory updates: 12
{"id": 19, "ts": 1778097694.8690085, "event": "memory_updated", "agent": "agent_3", "round": 2}
2026-05-06 22:01:42,530 - INFO - Tokens - Input: 3867, Output: 992, Total: 4859
{"id": 20, "ts": 1778097702.5319452, "event": "public_discussion_message", "round": 2, "agent": "agent_3", "message": "Current position: Candidate B\nConfidence/uncertainty: Moderate confidence \u2013 B appears strongest overall, though cooperation concerns remain.\nReasoning summary:\n- Key evidence used: Candidate\u202fB is very conscientious (high reliability), handles stress very well (calmness under pressure), assesses weather conditions accurately, and possesses excellent computer skills (technical competence). These four attributes directly address the core requirements for long\u2011distance piloting.\n- Evidence from others: Agent\u202f1 reiterated B\u2019s reliability, stress tolerance, and technical strengths while noting the same cooperation negatives (pretentiousness, grumpy/uncooperative tone). Agent\u202f2 highlighted A\u2019s technical and leadership strengths but also pointed out A\u2019s \u201cshow\u2011off\u201d attitude and resistance to new ideas. Both agents emphasized that all candidates have notable cooperation drawbacks.\n- Alternatives considered:\n  * Candidate\u202fA \u2013 superior situational awareness, spatial vision, and leadership, but is unfriendly, unorganized, and resistant to criticism, which could undermine crew cohesion.\n  * Candidate\u202fC \u2013 100\u202f% reliable, puts crew welfare first, and creates a positive atmosphere, yet lacks demonstrated technical skills (weather assessment, navigation) and struggles with communication.\n  * Candidate\u202fD \u2013 excellent problem\u2011solving, concentration, and responsibility, but is moody, a loner, and displays a hot temper and weak leadership, raising serious crew\u2011interaction risks.\n- Main tradeoff: Weighing B\u2019s interpersonal drawbacks (pretentiousness, occasional wrong tone, grumpiness) against its strong reliability, stress resilience, and technical competence. The negatives are serious but appear less likely to compromise safety than the technical or reliability gaps of the other candidates.\n- Remaining uncertainty: The extent to which B\u2019s pretentious or grumpy behavior would erode crew morale and communication on multi\u2011hour flights, potentially affecting safety.\n- What would change my vote: Convincing evidence that another candidate matches B\u2019s reliability, stress handling, and technical competence while exhibiting substantially fewer or no cooperation negatives (e.g., a candidate with B\u2019s technical profile plus the positive crew\u2011atmosphere traits shown by C).\nMETADATA_JSON:\n{\"agent\": \"agent_3\", \"vote\": \"Candidate B\"}"}
2026-05-06 22:01:42,532 - INFO - Agent turns: 5
2026-05-06 22:01:49,470 - INFO - Tokens - Input: 4124, Output: 1107, Total: 5231
2026-05-06 22:01:49,471 - INFO - Memory updates: 13
{"id": 21, "ts": 1778097709.472058, "event": "memory_updated", "agent": "agent_3", "round": 2}
2026-05-06 22:01:50,724 - INFO - Tokens - Input: 3792, Output: 1264, Total: 5056
2026-05-06 22:01:50,726 - INFO - Memory updates: 14
{"id": 22, "ts": 1778097710.7264483, "event": "memory_updated", "agent": "agent_1", "round": 2}
2026-05-06 22:01:54,863 - INFO - Tokens - Input: 4170, Output: 1469, Total: 5639
2026-05-06 22:01:54,865 - INFO - Memory updates: 15
{"id": 23, "ts": 1778097714.8654683, "event": "memory_updated", "agent": "agent_2", "round": 2}
2026-05-06 22:01:59,137 - INFO - Tokens - Input: 4206, Output: 628, Total: 4834
{"id": 24, "ts": 1778097719.1392, "event": "public_discussion_message", "round": 2, "agent": "agent_2", "message": "Current position: Candidate A\nConfidence/uncertainty: Moderate confidence \u2013 I see A as the strongest overall but retain some doubt about interpersonal fit.\nReasoning summary:\n- Key evidence used: Candidate\u202fA can anticipate dangerous situations, sees complex connections, has excellent spatial vision, and possesses very good leadership qualities. These directly support situational awareness, technical perception, and crew command\u2014core for long\u2011distance flights.\n- Evidence from others: Agents\u202f1 and\u202f3 highlighted the cooperation drawbacks of the other candidates (B\u2019s nasty remarks and pretentiousness; C\u2019s communication difficulty and egocentrism; D\u2019s hot temper and know\u2011it\u2011all attitude). They also noted A\u2019s \u201cshow\u2011off\u201d image and resistance to new ideas, but did not present any stronger technical or reliability advantages for the others.\n- Alternatives considered:\n  * Candidate\u202fB \u2013 high reliability, stress handling, good weather assessment, excellent computer skills, but multiple cooperation negatives (nasty remarks, pretentious, uncooperative).\n  * Candidate\u202fC \u2013 quick, calm decision\u2011making and a positive crew atmosphere, yet poor communication, egocentric, and unwilling to further education.\n  * Candidate\u202fD \u2013 excellent problem\u2011solving, concentration, and responsibility, but a hot temper, arrogance, and weak leadership.\n- Main tradeoff: Weighing A\u2019s superior technical and leadership strengths against its \u201cshow\u2011off\u201d demeanor and reluctance to embrace new ideas versus B\u2019s reliability and technical competence but more severe interpersonal hostility.\n- Remaining uncertainty: How A\u2019s resistance to new ideas and perceived show\u2011off attitude will affect crew cohesion, adaptability to evolving procedures, and overall safety on long\u2011haul missions.\n- What would change my vote: Evidence that another candidate matches A\u2019s technical and leadership profile while exhibiting substantially fewer or no cooperation negatives (e.g., a candidate with B\u2019s reliability and stress resilience plus a positive crew\u2011atmosphere trait like C\u2019s).\nMETADATA_JSON:\n{\"agent\": \"agent_2\", \"vote\": \"Candidate A\"}"}
2026-05-06 22:01:59,139 - INFO - Agent turns: 6
2026-05-06 22:02:05,901 - INFO - Tokens - Input: 4398, Output: 1023, Total: 5421
2026-05-06 22:02:05,903 - INFO - Memory updates: 16
{"id": 25, "ts": 1778097725.9036856, "event": "memory_updated", "agent": "agent_2", "round": 2}
2026-05-06 22:02:08,535 - INFO - Tokens - Input: 4452, Output: 1282, Total: 5734
2026-05-06 22:02:08,537 - INFO - Memory updates: 17
{"id": 26, "ts": 1778097728.53749, "event": "memory_updated", "agent": "agent_1", "round": 2}
2026-05-06 22:02:10,579 - INFO - Tokens - Input: 4349, Output: 1432, Total: 5781
2026-05-06 22:02:10,581 - INFO - Memory updates: 18
{"id": 27, "ts": 1778097730.5817325, "event": "memory_updated", "agent": "agent_3", "round": 2}
2026-05-06 22:02:10,591 - INFO - Loop 2 completed
{"id": 28, "ts": 1778097730.5981252, "event": "discussion_order", "round": 3, "order": ["agent_2", "agent_1", "agent_3"]}
2026-05-06 22:02:19,080 - INFO - Tokens - Input: 4573, Output: 955, Total: 5528
{"id": 29, "ts": 1778097739.081864, "event": "public_discussion_message", "round": 3, "agent": "agent_2", "message": "Current position: Candidate A\nConfidence/uncertainty: Moderate confidence \u2013 I believe A\u2019s technical and leadership strengths outweigh the cooperation concerns, but I remain uncertain about how his \u201cshow\u2011off\u201d attitude and resistance to new ideas will play out on long\u2011haul crews.\nReasoning summary:\n- Key evidence used: A can anticipate dangerous situations, sees complex connections, has excellent spatial vision, and possesses very good leadership qualities. These directly support situational awareness, navigation, and crew command\u2014core for long\u2011distance operations.\n- Evidence from others: Agents\u202f1 and\u202f3 highlighted B\u2019s strong reliability (very conscientious), stress resilience, weather\u2011assessment ability, and computer skills, but also noted B\u2019s weak memory for numbers, nasty remarks about colleagues, and pretentious, grumpy demeanor. Both also reiterated A\u2019s \u201cshow\u2011off\u201d image and reluctance to accept new ideas.\n- Alternatives considered:\n  * Candidate\u202fB \u2013 excels in reliability and stress handling, yet its interpersonal hostility (nasty remarks, pretentiousness) is a serious crew\u2011cohesion risk.\n  * Candidate\u202fC \u2013 calm under crisis and creates a positive atmosphere, but suffers from poor communication, egocentrism, and low willingness to continue education.\n  * Candidate\u202fD \u2013 outstanding problem\u2011solving and responsibility, but a hot temper, know\u2011it\u2011all attitude, and weak leadership pose significant cooperation risks.\n- Main tradeoff: Balancing A\u2019s superior technical perception and leadership (which are essential for safe, efficient long\u2011haul flights) against his \u201cshow\u2011off\u201d demeanor and resistance to new ideas, versus B\u2019s high reliability and stress resilience but more severe interpersonal hostility.\n- Remaining uncertainty: How A\u2019s reluctance to embrace new ideas and perceived show\u2011off behavior will affect crew cohesion, adaptability to evolving procedures, and overall safety on multi\u2011hour missions.\n- What would change my vote: Convincing evidence that A\u2019s attitude leads to concrete crew\u2011conflict incidents or that another candidate (e.g., B) can demonstrate that their interpersonal negatives are mitigated in practice while still providing comparable technical and leadership capabilities.\nMETADATA_JSON:\n{\"agent\": \"agent_2\", \"vote\": \"Candidate A\"}"}
2026-05-06 22:02:19,082 - INFO - Agent turns: 7
2026-05-06 22:02:24,680 - INFO - Tokens - Input: 4824, Output: 1025, Total: 5849
2026-05-06 22:02:24,683 - INFO - Memory updates: 19
{"id": 30, "ts": 1778097744.6832047, "event": "memory_updated", "agent": "agent_2", "round": 3}
2026-05-06 22:02:26,056 - INFO - Tokens - Input: 4936, Output: 1284, Total: 6220
2026-05-06 22:02:26,058 - INFO - Memory updates: 20
{"id": 31, "ts": 1778097746.058767, "event": "memory_updated", "agent": "agent_3", "round": 3}
2026-05-06 22:02:26,914 - INFO - Tokens - Input: 4785, Output: 1046, Total: 5831
2026-05-06 22:02:26,916 - INFO - Memory updates: 21
{"id": 32, "ts": 1778097746.916681, "event": "memory_updated", "agent": "agent_1", "round": 3}
2026-05-06 22:02:34,851 - INFO - Tokens - Input: 4974, Output: 983, Total: 5957
{"id": 33, "ts": 1778097754.8530712, "event": "public_discussion_message", "round": 3, "agent": "agent_1", "message": "Current position: Candidate B\nConfidence/uncertainty: Moderate \u2013 the evidence leans toward B but cooperation concerns keep some doubt\nReasoning summary:\n- Key evidence used: B is very conscientious (high reliability), handles stress well (calm under pressure), assesses weather accurately and has excellent computer skills (technical competence essential for long\u2011haul flights). These core criteria are strongly satisfied.\n- Evidence from others: Agents\u202f3 and\u202f2 reiterated B\u2019s reliability and stress resilience, and added that B has a weak memory for numbers and displays grumpy, uncooperative, pretentious behavior with nasty remarks toward colleagues.\n- Alternatives considered:\n  * Candidate\u202fA \u2013 superior situational awareness, spatial vision, and leadership, but is unorganized, poor at taking criticism, and perceived as a \u201cshow\u2011off\u201d resistant to new ideas, which could undermine crew cohesion and procedural compliance.\n  * Candidate\u202fC \u2013 100\u202f% reliable and creates a positive crew atmosphere, yet lacks demonstrated technical skills (weather, navigation) and suffers from communication difficulties and egocentrism.\n  * Candidate\u202fD \u2013 excellent problem\u2011solving, concentration, and responsibility, but is viewed as arrogant, has weak leadership, and displays a hot\u2011tempered, loner attitude.\n- Main tradeoff: Weighing B\u2019s interpersonal drawbacks (grumpiness, pretentiousness, weak memory for numbers) against its strong reliability, stress handling, and technical competence. The negatives are serious but appear less likely to compromise safety than the technical or reliability gaps of the other candidates.\n- Remaining uncertainty: How severely B\u2019s cooperation issues and weak numeric memory would affect crew communication, precision tasks, and overall safety on extended flights.\n- What would change my vote: Convincing evidence that another candidate matches B\u2019s reliability, stress resilience, and technical competence while exhibiting substantially fewer or no cooperation negatives (e.g., a candidate combining B\u2019s technical profile with C\u2019s positive crew\u2011atmosphere traits).\nMETADATA_JSON:\n{\"agent\": \"agent_1\", \"vote\": \"Candidate B\"}"}
2026-05-06 22:02:34,853 - INFO - Agent turns: 8
2026-05-06 22:02:41,471 - INFO - Tokens - Input: 5171, Output: 960, Total: 6131
2026-05-06 22:02:41,473 - INFO - Memory updates: 22
{"id": 34, "ts": 1778097761.473502, "event": "memory_updated", "agent": "agent_1", "round": 3}
2026-05-06 22:02:42,230 - INFO - Tokens - Input: 5175, Output: 1159, Total: 6334
2026-05-06 22:02:42,232 - INFO - Memory updates: 23
{"id": 35, "ts": 1778097762.2321684, "event": "memory_updated", "agent": "agent_2", "round": 3}
2026-05-06 22:02:43,693 - INFO - Tokens - Input: 5403, Output: 947, Total: 6350
2026-05-06 22:02:43,695 - INFO - Memory updates: 24
{"id": 36, "ts": 1778097763.6959765, "event": "memory_updated", "agent": "agent_3", "round": 3}
2026-05-06 22:02:49,473 - INFO - Tokens - Input: 5328, Output: 762, Total: 6090
{"id": 37, "ts": 1778097769.475074, "event": "public_discussion_message", "round": 3, "agent": "agent_3", "message": "Current position: Candidate B\nConfidence/uncertainty: Moderate confidence \u2013 B still appears strongest overall, though cooperation concerns remain.\nReasoning summary:\n- **Key evidence used:** Candidate\u202fB is very conscientious (high reliability), handles stress very well (calm under pressure), assesses weather accurately, and has excellent computer skills (technical competence). These four attributes directly satisfy the core requirements for long\u2011distance piloting.\n- **Evidence from others:** Agent\u202f1 reiterated B\u2019s reliability, stress resilience, and technical strengths, and added that B has a weak memory for numbers and displays pretentious, grumpy, and uncooperative behavior with occasional nasty remarks. Agent\u202f2 highlighted Candidate\u202fA\u2019s technical and leadership strengths but also noted A\u2019s unfriendly, \u201cshow\u2011off\u201d attitude and resistance to new ideas.\n- **Alternatives considered:**\n  * **Candidate\u202fA** \u2013 superior situational awareness, spatial vision, and leadership, but unfriendly, resistant to criticism, and unhealthy habits, which could undermine crew cohesion.\n  * **Candidate\u202fC** \u2013 100\u202f% reliable, puts crew welfare first, and creates a positive atmosphere, yet lacks demonstrated technical skills (weather, navigation) and suffers from communication difficulties and egocentrism.\n  * **Candidate\u202fD** \u2013 excellent problem\u2011solving, concentration, and responsibility, but is moody, a loner, and has a hot temper, posing serious crew\u2011interaction risks.\n- **Main tradeoff:** Weighing B\u2019s interpersonal drawbacks (pretentiousness, grumpy tone, weak numeric memory) against its strong reliability, stress handling, and technical competence. The negatives are serious but appear less likely to compromise safety than the technical or reliability gaps of the other candidates.\n- **Remaining uncertainty:** How severely B\u2019s weak numeric memory and pretentious/grumpy behavior will affect precision tasks (e.g., fuel calculations, altitude entries) and crew morale on extended flights.\n- **What would change my vote:** Convincing evidence that another candidate matches B\u2019s reliability, stress resilience, and technical competence while exhibiting substantially fewer or no cooperation negatives (e.g., a candidate combining B\u2019s technical profile with C\u2019s positive crew\u2011atmosphere traits).\nMETADATA_JSON:\n{\"agent\": \"agent_3\", \"vote\": \"Candidate B\"}"}
2026-05-06 22:02:49,475 - INFO - Agent turns: 9
2026-05-06 22:02:55,784 - INFO - Tokens - Input: 5627, Output: 1064, Total: 6691
2026-05-06 22:02:55,786 - INFO - Memory updates: 25
{"id": 38, "ts": 1778097775.7867997, "event": "memory_updated", "agent": "agent_3", "round": 3}
2026-05-06 22:02:59,625 - INFO - Tokens - Input: 5645, Output: 1693, Total: 7338
2026-05-06 22:02:59,627 - INFO - Memory updates: 26
{"id": 39, "ts": 1778097779.6276927, "event": "memory_updated", "agent": "agent_1", "round": 3}
2026-05-06 22:03:00,024 - INFO - Tokens - Input: 5745, Output: 1301, Total: 7046
2026-05-06 22:03:00,026 - INFO - Memory updates: 27
{"id": 40, "ts": 1778097780.0264292, "event": "memory_updated", "agent": "agent_2", "round": 3}
2026-05-06 22:03:00,035 - INFO - Loop 3 completed
{"id": 41, "ts": 1778097780.0401895, "event": "discussion_order", "round": 4, "order": ["agent_2", "agent_1", "agent_3"]}
2026-05-06 22:03:05,611 - INFO - Tokens - Input: 5897, Output: 898, Total: 6795
{"id": 42, "ts": 1778097785.6131735, "event": "public_discussion_message", "round": 4, "agent": "agent_2", "message": "Current position: Candidate A\nConfidence/uncertainty: Moderate confidence \u2013 A\u2019s technical and leadership strengths are compelling, but his \u201cshow\u2011off\u201d demeanor and resistance to new ideas create notable cooperation risks.\nReasoning summary:\n- **Key evidence used:** A can anticipate dangerous situations, sees complex connections, has excellent spatial vision, and possesses very good leadership qualities. These directly support situational awareness, navigation, and crew command for long\u2011distance flights.\n- **Evidence from others:** Agents\u202f1 and\u202f3 highlighted B\u2019s reliability, stress handling, weather assessment, and computer skills, but also stressed B\u2019s weak numeric memory and repeated interpersonal hostility (nasty remarks, pretentious/grumpy tone). They also reiterated A\u2019s \u201cshow\u2011off\u201d image and reluctance to accept new ideas. No new strengths for other candidates have been presented that outweigh A\u2019s technical profile.\n- **Alternatives considered:**\n  * **Candidate\u202fB** \u2013 strong reliability and stress resilience, but multiple cooperation negatives (hostile remarks, pretentiousness, weak numeric memory) that could erode crew morale and safety.\n  * **Candidate\u202fC** \u2013 calm under crisis and creates a positive crew atmosphere, yet suffers from poor communication, egocentrism, and limited willingness to continue education, reducing technical reliability.\n  * **Candidate\u202fD** \u2013 excellent problem\u2011solving, concentration, and responsibility, but a hot temper, know\u2011it\u2011all attitude, and perceived weak leadership pose serious crew\u2011interaction risks.\n- **Main tradeoff:** Balancing A\u2019s superior technical perception and leadership (critical for navigation and decision\u2011making on long\u2011haul routes) against his \u201cshow\u2011off\u201d attitude and resistance to new ideas, which may hinder crew cohesion and adaptability, versus B\u2019s high reliability but more severe interpersonal hostility.\n- **Remaining uncertainty:** How A\u2019s reluctance to embrace new ideas and perceived show\u2011off behavior will manifest in real cockpit interactions over extended flights\u2014whether they will lead to concrete crew\u2011conflict incidents or impede adoption of updated procedures.\n- **What would change my vote:** Concrete evidence that A\u2019s attitude has resulted in actual safety\u2011critical crew conflicts, or convincing proof that another candidate (e.g., B) can demonstrate that their interpersonal negatives are mitigated while matching A\u2019s technical and leadership capabilities.\nMETADATA_JSON:\n{\"agent\": \"agent_2\", \"vote\": \"Candidate A\"}"}
2026-05-06 22:03:05,613 - INFO - Agent turns: 10
2026-05-06 22:03:12,691 - INFO - Tokens - Input: 6221, Output: 1177, Total: 7398
2026-05-06 22:03:12,693 - INFO - Memory updates: 28
{"id": 43, "ts": 1778097792.6938565, "event": "memory_updated", "agent": "agent_2", "round": 4}
2026-05-06 22:03:13,494 - INFO - Tokens - Input: 6159, Output: 1061, Total: 7220
2026-05-06 22:03:13,495 - INFO - Memory updates: 29
{"id": 44, "ts": 1778097793.4959877, "event": "memory_updated", "agent": "agent_3", "round": 4}
2026-05-06 22:03:19,325 - INFO - Tokens - Input: 6419, Output: 1674, Total: 8093
2026-05-06 22:03:19,327 - INFO - Memory updates: 30
{"id": 45, "ts": 1778097799.3275778, "event": "memory_updated", "agent": "agent_1", "round": 4}
2026-05-06 22:03:31,051 - INFO - Tokens - Input: 6614, Output: 1640, Total: 8254
{"id": 46, "ts": 1778097811.0539382, "event": "public_discussion_message", "round": 4, "agent": "agent_1", "message": "Current position: Candidate B\nConfidence/uncertainty: Moderate \u2013 B satisfies the core reliability, stress\u2011handling, and technical competence criteria, but its interpersonal drawbacks remain a concern.\nReasoning summary:\n- Key evidence used: Candidate\u202fB is very conscientious (high reliability), handles stress very well (calm under pressure), assesses weather accurately, and has excellent computer skills (technical competence). These directly meet the essential requirements for long\u2011distance piloting.\n- Evidence from others: Agents\u202f1 and\u202f3 reiterated B\u2019s reliability, stress resilience, and technical strengths, while noting its weak numeric memory and repeated interpersonal negatives (grumpy, uncooperative, pretentious, nasty remarks). Agent\u202f2 highlighted A\u2019s strong situational awareness and leadership but also pointed out A\u2019s \u201cshow\u2011off\u201d attitude and resistance to new ideas.\n- Alternatives considered:\n  * Candidate\u202fA \u2013 excellent situational awareness, spatial vision, and leadership, but unorganized, poor at taking criticism, and perceived as a \u201cshow\u2011off,\u201d raising cooperation and reliability concerns.\n  * Candidate\u202fC \u2013 100\u202f% reliable and creates a positive crew atmosphere, yet lacks demonstrated technical skills (weather assessment, navigation) and has communication/egocentric issues.\n  * Candidate\u202fD \u2013 strong problem\u2011solving, concentration, and responsibility, but is regarded as arrogant, has weak leadership, and displays a hot\u2011tempered, loner attitude.\n- Main tradeoff: Balancing B\u2019s strong reliability, stress handling, and technical competence against its serious cooperation drawbacks (hostility, pretentiousness, weak numeric memory) that could affect crew dynamics and precision tasks.\n- Remaining uncertainty: The extent to which B\u2019s interpersonal issues and weak numeric memory will impact crew morale, communication, and safety\u2011critical calculations on extended flights.\n- What would change my vote: Convincing evidence that another candidate matches B\u2019s reliability, stress resilience, and technical competence while exhibiting substantially fewer or no cooperation negatives (e.g., a candidate combining B\u2019s technical profile with C\u2019s positive crew\u2011atmosphere traits).\nMETADATA_JSON:\n{\"agent\": \"agent_1\", \"vote\": \"Candidate B\"}"}
2026-05-06 22:03:31,054 - INFO - Agent turns: 11
2026-05-06 22:03:40,763 - INFO - Tokens - Input: 6634, Output: 1191, Total: 7825
2026-05-06 22:03:40,765 - INFO - Memory updates: 31
{"id": 47, "ts": 1778097820.7659216, "event": "memory_updated", "agent": "agent_3", "round": 4}
2026-05-06 22:03:41,429 - INFO - Tokens - Input: 6853, Output: 1415, Total: 8268
2026-05-06 22:03:41,431 - INFO - Memory updates: 32
{"id": 48, "ts": 1778097821.4316537, "event": "memory_updated", "agent": "agent_1", "round": 4}
2026-05-06 22:03:42,286 - INFO - Tokens - Input: 6627, Output: 1599, Total: 8226
2026-05-06 22:03:42,288 - INFO - Memory updates: 33
{"id": 49, "ts": 1778097822.288845, "event": "memory_updated", "agent": "agent_2", "round": 4}
2026-05-06 22:03:46,843 - INFO - Tokens - Input: 6920, Output: 705, Total: 7625
{"id": 50, "ts": 1778097826.845199, "event": "public_discussion_message", "round": 4, "agent": "agent_3", "message": "Current position: Candidate B\nConfidence/uncertainty: Moderate confidence \u2013 B meets the core safety and technical criteria, but cooperation drawbacks remain a concern.\nReasoning summary:\n- Key evidence used: Candidate\u202fB is very conscientious (high reliability), handles stress very well (calm under pressure), assesses weather accurately, and has excellent computer skills (technical competence). These four attributes directly satisfy the essential requirements for long\u2011distance piloting.\n- Evidence from others: Agents\u202f1 and\u202f2 have repeatedly highlighted B\u2019s reliability, stress resilience, and technical strengths, while also noting the same cooperation negatives (pretentious/grumpy tone, occasional nasty remarks, weak numeric memory). Agent\u202f2 emphasized A\u2019s superior situational awareness and leadership but also pointed out A\u2019s unfriendly, \u201cshow\u2011off\u201d attitude and resistance to new ideas.\n- Alternatives considered:\n  * Candidate\u202fA \u2013 excellent situational awareness, spatial vision, and leadership, but unfriendly, resistant to criticism, and unhealthy habits, raising cooperation and reliability concerns.\n  * Candidate\u202fC \u2013 reliable and crew\u2011focused, but lacks demonstrated technical skills (weather, navigation) and suffers from communication difficulties and egocentrism.\n  * Candidate\u202fD \u2013 strong problem\u2011solving, concentration, and responsibility, yet moody, a loner, and displays a hot temper, posing serious crew\u2011interaction risks.\n- Main tradeoff: Balancing B\u2019s interpersonal drawbacks (pretentiousness, grumpy tone, weak numeric memory) against its strong reliability, stress handling, and technical competence. The negatives are serious but appear less likely to compromise safety than the technical or reliability gaps of the other candidates.\n- Remaining uncertainty: How severely B\u2019s weak numeric memory and pretentious/grumpy behavior will affect precision tasks (e.g., fuel calculations, altitude entries) and crew morale on extended flights.\n- What would change my vote: Convincing evidence that another candidate matches B\u2019s reliability, stress resilience, and technical competence while exhibiting substantially fewer or no cooperation negatives (e.g., a candidate combining B\u2019s technical profile with C\u2019s positive crew\u2011atmosphere traits).\nMETADATA_JSON:\n{\"agent\": \"agent_3\", \"vote\": \"Candidate B\"}"}
2026-05-06 22:03:46,845 - INFO - Agent turns: 12
2026-05-06 22:03:53,418 - INFO - Tokens - Input: 7175, Output: 942, Total: 8117
2026-05-06 22:03:53,421 - INFO - Memory updates: 34
{"id": 51, "ts": 1778097833.4211435, "event": "memory_updated", "agent": "agent_3", "round": 4}
2026-05-06 22:03:56,970 - INFO - Tokens - Input: 7118, Output: 1397, Total: 8515
2026-05-06 22:03:56,973 - INFO - Memory updates: 35
{"id": 52, "ts": 1778097836.973166, "event": "memory_updated", "agent": "agent_2", "round": 4}
2026-05-06 22:03:57,210 - INFO - Tokens - Input: 7232, Output: 1466, Total: 8698
2026-05-06 22:03:57,212 - INFO - Memory updates: 36
{"id": 53, "ts": 1778097837.2125816, "event": "memory_updated", "agent": "agent_1", "round": 4}
2026-05-06 22:03:57,221 - INFO - Loop 4 completed
{"id": 54, "ts": 1778097837.2274456, "event": "discussion_order", "round": 5, "order": ["agent_1", "agent_2", "agent_3"]}
2026-05-06 22:04:02,969 - INFO - Tokens - Input: 7237, Output: 548, Total: 7785
{"id": 55, "ts": 1778097842.971063, "event": "public_discussion_message", "round": 5, "agent": "agent_1", "message": "Current position: Candidate B\nConfidence/uncertainty: Moderate \u2013 B satisfies the core reliability, stress\u2011handling, and technical\u2011competence criteria, but its cooperation drawbacks keep some doubt.\nReasoning summary:\n- Key evidence used: Candidate\u202fB is very conscientious (high reliability), handles stress very well (calm under pressure), assesses weather accurately, and has excellent computer skills (technical competence). These directly meet the essential requirements for long\u2011distance piloting.\n- Evidence from others: Agents\u202f3 and\u202f2 reiterated B\u2019s reliability, stress resilience, and technical strengths, and also highlighted the same cooperation negatives \u2013 pretentious/grumpy tone, occasional nasty remarks, and weak numeric memory. Agent\u202f2 also pointed out A\u2019s strong situational awareness and leadership but noted A\u2019s \u201cshow\u2011off\u201d attitude and resistance to new ideas.\n- Alternatives considered:\n  * Candidate\u202fA \u2013 superior situational awareness, spatial vision, and leadership, yet unorganized, poor at taking criticism, and perceived as a \u201cshow\u2011off\u201d that may harm crew cohesion.\n  * Candidate\u202fC \u2013 100\u202f% reliable and creates a positive crew atmosphere, but lacks demonstrated technical skills (weather, navigation) and suffers from communication difficulties and egocentrism.\n  * Candidate\u202fD \u2013 excellent problem\u2011solving, concentration, and responsibility, but is regarded as arrogant, has weak leadership, and displays a hot\u2011tempered, loner attitude.\n- Main tradeoff: Weighing B\u2019s interpersonal drawbacks (pretentiousness, grumpy tone, weak numeric memory) against its strong reliability, stress handling, and technical competence. The negatives are serious but appear less likely to compromise safety than the technical or reliability gaps of the other candidates.\n- Remaining uncertainty: How severely B\u2019s weak numeric memory and pretentious/grumpy behavior would affect precision tasks (e.g., fuel calculations, altitude entries) and crew morale on extended flights.\n- What would change my vote: Convincing evidence that another candidate matches B\u2019s reliability, stress resilience, and technical competence while exhibiting substantially fewer or no cooperation negatives (e.g., a candidate combining B\u2019s technical profile with C\u2019s positive crew\u2011atmosphere traits).\nMETADATA_JSON:\n{\"agent\": \"agent_1\", \"vote\": \"Candidate B\"}"}
2026-05-06 22:04:02,971 - INFO - Agent turns: 13
2026-05-06 22:04:09,460 - INFO - Tokens - Input: 7503, Output: 964, Total: 8467
2026-05-06 22:04:09,463 - INFO - Memory updates: 37
{"id": 56, "ts": 1778097849.4632611, "event": "memory_updated", "agent": "agent_1", "round": 5}
2026-05-06 22:04:11,773 - INFO - Tokens - Input: 7543, Output: 934, Total: 8477
2026-05-06 22:04:11,775 - INFO - Memory updates: 38
{"id": 57, "ts": 1778097851.7758262, "event": "memory_updated", "agent": "agent_3", "round": 5}
2026-05-06 22:04:17,417 - INFO - Tokens - Input: 7726, Output: 1340, Total: 9066
2026-05-06 22:04:17,419 - INFO - Memory updates: 39
{"id": 58, "ts": 1778097857.4200525, "event": "memory_updated", "agent": "agent_2", "round": 5}
2026-05-06 22:04:22,436 - INFO - Tokens - Input: 8026, Output: 552, Total: 8578
{"id": 59, "ts": 1778097862.4380972, "event": "public_discussion_message", "round": 5, "agent": "agent_2", "message": "Current position: Candidate A\nConfidence/uncertainty: Moderate \u2013 I am reasonably confident but still have concerns about crew\u2011interaction risks.\nReasoning summary:\n- Key evidence used: Candidate\u202fA anticipates dangerous situations, sees complex connections, has excellent spatial vision, and demonstrates very good leadership qualities. These attributes directly support situational awareness, navigation, and crew command on long\u2011haul flights.\n- Evidence from others: Agents\u202f1 and\u202f3 repeatedly highlighted Candidate\u202fB\u2019s strong reliability, stress resilience, weather\u2011assessment ability, and computer skills, but also noted B\u2019s weak numeric memory and repeated interpersonal hostility (pretentious, grumpy, nasty remarks). All agents agreed that A\u2019s \u201cshow\u2011off\u201d demeanor and resistance to new ideas are cooperation drawbacks.\n- Alternatives considered:\n  * Candidate\u202fB \u2013 excels in reliability and stress handling, yet its interpersonal hostility is more severe than A\u2019s attitude and could erode crew morale and safety\u2011critical communication.\n  * Candidate\u202fC \u2013 calm in crisis and creates a positive crew atmosphere, but lacks the technical and leadership strengths needed for long\u2011distance navigation and decision\u2011making, and suffers from communication and egocentric issues.\n  * Candidate\u202fD \u2013 strong problem\u2011solving, concentration, and responsibility, but its hot temper, know\u2011it\u2011all attitude, and weak leadership pose serious crew\u2011interaction risks.\n- Main tradeoff: Balancing A\u2019s superior technical perception and leadership (critical for safe, efficient long\u2011haul operations) against its \u201cshow\u2011off\u201d image and reluctance to accept new ideas, which may affect crew cohesion, versus B\u2019s higher reliability but more pronounced interpersonal hostility.\n- Remaining uncertainty: How A\u2019s resistance to new ideas and perceived show\u2011off behavior will manifest in real cockpit interactions over extended flights\u2014whether they will lead to concrete crew\u2011conflict incidents or impede adoption of updated procedures.\n- What would change my vote: Concrete evidence that A\u2019s attitude has already caused safety\u2011critical crew conflicts, or convincing proof that another candidate (e.g., B) can demonstrate mitigation of its interpersonal negatives while matching A\u2019s technical and leadership strengths.\nMETADATA_JSON:\n{\"agent\": \"agent_2\", \"vote\": \"Candidate A\"}"}
2026-05-06 22:04:22,438 - INFO - Agent turns: 14
2026-05-06 22:04:29,314 - INFO - Tokens - Input: 8283, Output: 1060, Total: 9343
2026-05-06 22:04:29,316 - INFO - Memory updates: 40
{"id": 60, "ts": 1778097869.3167806, "event": "memory_updated", "agent": "agent_2", "round": 5}
2026-05-06 22:04:32,414 - INFO - Tokens - Input: 7840, Output: 1235, Total: 9075
2026-05-06 22:04:32,416 - INFO - Memory updates: 41
{"id": 61, "ts": 1778097872.4162896, "event": "memory_updated", "agent": "agent_1", "round": 5}
2026-05-06 22:04:33,215 - INFO - Tokens - Input: 7971, Output: 1386, Total: 9357
2026-05-06 22:04:33,217 - INFO - Memory updates: 42
{"id": 62, "ts": 1778097873.217816, "event": "memory_updated", "agent": "agent_3", "round": 5}
2026-05-06 22:04:38,994 - INFO - Tokens - Input: 8204, Output: 868, Total: 9072
{"id": 63, "ts": 1778097878.996336, "event": "public_discussion_message", "round": 5, "agent": "agent_3", "message": "Current position: Candidate B\nConfidence/uncertainty: Moderate \u2013 B satisfies the core safety, reliability, and technical criteria, though cooperation drawbacks remain a concern.\nReasoning summary:\n- Key evidence used: Candidate\u202fB is very conscientious (high reliability), handles stress very well (calm under pressure), assesses weather accurately, and has excellent computer skills (technical competence). These four attributes directly meet the essential requirements for long\u2011distance piloting.\n- Evidence from others: Agents\u202f1 and\u202f2 repeatedly highlighted B\u2019s strong reliability, stress resilience, and technical strengths, while also noting the same cooperation negatives \u2013 pretentious/grumpy tone, occasional nasty remarks, and weak numeric memory. They also confirmed A\u2019s technical and leadership strengths but pointed out A\u2019s unfriendly, \u201cshow\u2011off\u201d attitude and resistance to new ideas.\n- Alternatives considered:\n  * Candidate\u202fA \u2013 excellent situational awareness, spatial vision, and leadership, but unfriendly, resistant to criticism, and unhealthy habits, which raise cooperation and reliability concerns.\n  * Candidate\u202fC \u2013 100\u202f% reliable and crew\u2011focused, yet lacks demonstrated technical skills (weather assessment, navigation) and suffers from communication difficulties and egocentrism.\n  * Candidate\u202fD \u2013 strong problem\u2011solving, concentration, and responsibility, but moody, a loner, and displays a hot temper, posing serious crew\u2011interaction risks.\n- Main tradeoff: Weighing B\u2019s interpersonal drawbacks (pretentiousness, grumpy tone, weak numeric memory) against its comprehensive coverage of reliability, stress handling, and technical competence. The negatives are serious but appear less likely to compromise safety than the technical or reliability gaps of the other candidates.\n- Remaining uncertainty: How severely B\u2019s weak numeric memory and pretentious/grumpy behavior will affect precision tasks (e.g., fuel calculations, altitude entries) and crew morale on extended flights.\n- What would change my vote: Convincing evidence that another candidate matches B\u2019s reliability, stress resilience, and technical competence while exhibiting substantially fewer or no cooperation negatives (for example, a candidate combining B\u2019s technical profile with C\u2019s positive crew\u2011atmosphere traits).\nMETADATA_JSON:\n{\"agent\": \"agent_3\", \"vote\": \"Candidate B\"}"}
2026-05-06 22:04:38,996 - INFO - Agent turns: 15
2026-05-06 22:04:44,804 - INFO - Tokens - Input: 8470, Output: 1072, Total: 9542
2026-05-06 22:04:44,807 - INFO - Memory updates: 43
{"id": 64, "ts": 1778097884.8074298, "event": "memory_updated", "agent": "agent_2", "round": 5}
2026-05-06 22:04:46,906 - INFO - Tokens - Input: 8433, Output: 1431, Total: 9864
2026-05-06 22:04:46,908 - INFO - Memory updates: 44
{"id": 65, "ts": 1778097886.9090302, "event": "memory_updated", "agent": "agent_1", "round": 5}
2026-05-06 22:04:51,060 - INFO - Tokens - Input: 8475, Output: 1721, Total: 10196
2026-05-06 22:04:51,063 - INFO - Memory updates: 45
{"id": 66, "ts": 1778097891.0635145, "event": "memory_updated", "agent": "agent_3", "round": 5}
2026-05-06 22:04:51,074 - INFO - Loop 5 completed
2026-05-06 22:04:51,074 - INFO - Final Chosen Candidate: Candidate B
2026-05-06 22:04:51,074 - INFO - Final Decision Method: max_round_majority_vote
2026-05-06 22:04:51,075 - INFO - Final Vote Count: {'Candidate B': 2, 'Candidate A': 1}
2026-05-06 22:04:51,075 - INFO - Correct Candidate: Candidate C
2026-05-06 22:04:51,075 - INFO - Decision Correct: 0
{"id": 67, "ts": 1778097891.4400415, "event": "context_consistency_calculated", "method": "embedding_cosine", "mean_pairwise_similarity": 0.896127, "pairwise": [{"agent_a": "agent_1", "agent_b": "agent_2", "similarity": 0.885341}, {"agent_a": "agent_1", "agent_b": "agent_3", "similarity": 0.920574}, {"agent_a": "agent_2", "agent_b": "agent_3", "similarity": 0.882467}]}
{"id": 68, "ts": 1778097891.4402301, "event": "agent_memories_archived", "directory": "/home/lhegemann/git/bachelor_thesis/01_data/raw/simulations/high/high_20260506_181837_014/shared_mental_models", "round": 5}
{"id": 69, "ts": 1778097891.440323, "event": "final_decision", "candidate": "Candidate B", "method": "max_round_majority_vote", "vote_count": {"Candidate B": 2, "Candidate A": 1}, "correct_candidate": "Candidate C", "decision_correct": 0, "round": 5}
2026-05-06 22:04:51,450 - INFO - ======================================================================
2026-05-06 22:04:51,451 - INFO - SIMULATION METRICS
2026-05-06 22:04:51,451 - INFO - ======================================================================
2026-05-06 22:04:51,451 - INFO - Total Loops: 5
2026-05-06 22:04:51,451 - INFO - Agent Turns (no vote checker): 15
2026-05-06 22:04:51,451 - INFO - Agent Tool Calls: 0
2026-05-06 22:04:51,451 - INFO - Agent Tool Messages: 0
2026-05-06 22:04:51,451 - INFO - Memory Updates: 45
2026-05-06 22:04:51,451 - INFO - Total Messages (no vote checker): 15
2026-05-06 22:04:51,451 - INFO - Input Tokens: 315080
2026-05-06 22:04:51,451 - INFO - Output Tokens: 71849
2026-05-06 22:04:51,452 - INFO - Total Tokens: 386929
2026-05-06 22:04:51,452 - INFO - Final Chosen Candidate: Candidate B
2026-05-06 22:04:51,452 - INFO - Final Decision Method: max_round_majority_vote
2026-05-06 22:04:51,452 - INFO - Final Vote Count: {'Candidate B': 2, 'Candidate A': 1}
2026-05-06 22:04:51,452 - INFO - Correct Candidate: Candidate C
2026-05-06 22:04:51,452 - INFO - Decision Correct: 0
2026-05-06 22:04:51,452 - INFO - Runtime: 278.09s
2026-05-06 22:04:51,452 - INFO - ======================================================================
