2026-05-10 03:05:26,098 - INFO - Metrics tracker initialized
{"id": 1, "ts": 1778375126.1251452, "event": "memory_reset"}
{"id": 2, "ts": 1778375126.1297152, "event": "discussion_order", "round": 1, "order": ["agent_1", "agent_2", "agent_3"]}
2026-05-10 03:05:37,310 - INFO - Tokens - Input: 1782, Output: 1036, Total: 2818
{"id": 3, "ts": 1778375137.311718, "event": "public_discussion_message", "round": 1, "agent": "agent_1", "message": "Current position: Candidate C\nConfidence/uncertainty: Moderate confidence; key strengths are clear but cooperation concerns remain.\nReasoning summary:\n- Key evidence used: Known to be 100% reliable; creates a positive atmosphere with his crew (strong reliability and cooperation indicators). Can make correct decisions quickly (supports technical competence under pressure).\n- Evidence from others: None yet (no other agents have spoken).\n- Alternatives considered:\n  * Candidate B \u2013 strong stress handling and conscientiousness but noted as grumpy and uncooperative, which are serious cooperation drawbacks.\n  * Candidate D \u2013 excellent problem\u2011solving and responsibility, yet regarded as arrogant with weak leadership, also harming crew cooperation.\n  * Candidate A \u2013 very good leadership and anticipatory skills, but unorganized and poor at taking criticism, which could impair safety\u2011critical teamwork.\n- Main tradeoff: Balancing absolute reliability and crew morale (Candidate C) against notable communication/egocentric issues versus other candidates\u2019 stronger technical or leadership traits but more severe cooperation negatives.\n- Remaining uncertainty: How severe the communication difficulty and egocentric attitude are in practice; whether they would undermine cockpit coordination on long\u2011distance flights.\n- What would change my vote: Evidence that Candidate C\u2019s communication problems lead to concrete safety or teamwork failures, or strong positive evidence that another candidate (e.g., B\u2019s stress handling without cooperation issues) outweighs their drawbacks.\nMETADATA_JSON:\n{\"agent\": \"agent_1\", \"vote\": \"Candidate C\"}"}
2026-05-10 03:05:37,311 - INFO - Agent turns: 1
2026-05-10 03:05:55,167 - INFO - Tokens - Input: 1740, Output: 1569, Total: 3309
2026-05-10 03:05:55,169 - INFO - Memory updates: 1
{"id": 4, "ts": 1778375155.1696954, "event": "memory_updated", "agent": "agent_1", "round": 1}
2026-05-10 03:05:55,451 - INFO - Tokens - Input: 1735, Output: 1765, Total: 3500
2026-05-10 03:05:55,453 - INFO - Memory updates: 2
{"id": 5, "ts": 1778375155.453308, "event": "memory_updated", "agent": "agent_3", "round": 1}
2026-05-10 03:05:59,731 - INFO - Tokens - Input: 1743, Output: 1828, Total: 3571
2026-05-10 03:05:59,733 - INFO - Memory updates: 3
{"id": 6, "ts": 1778375159.7334971, "event": "memory_updated", "agent": "agent_2", "round": 1}
2026-05-10 03:06:07,884 - INFO - Tokens - Input: 2859, Output: 820, Total: 3679
{"id": 7, "ts": 1778375167.8864324, "event": "public_discussion_message", "round": 1, "agent": "agent_2", "message": "Current position: Candidate C\nConfidence/uncertainty: Moderate confidence; leaning toward C but aware of communication concerns\nReasoning summary:\n- Key evidence used: Candidate C makes correct decisions quickly, keeps calm in a crisis, understands complicated technology, and is reported by Agent\u202f1 as \u201cknown to be 100\u202f% reliable\u201d and \u201ccreates a positive atmosphere with his crew.\u201d These address reliability, calmness under pressure, and cooperation\u2014core criteria for long\u2011distance pilots.\n- Evidence from others: Agent\u202f1 highlighted the same strengths for C and noted the main uncertainty is the severity of C\u2019s difficulty communicating ideas and his egocentric reputation. No other agents have contributed yet.\n- Alternatives considered:\n  * Candidate B \u2013 excellent stress handling, conscientiousness, and technical skills, but \u201cmakes nasty remarks\u201d and is described as \u201cgrumpy and uncooperative,\u201d which are serious cooperation drawbacks.\n  * Candidate D \u2013 strong problem\u2011solving, concentration, and responsibility, yet is a \u201cknow\u2011it\u2011all\u201d with a \u201chot temper,\u201d also harming teamwork.\n  * Candidate A \u2013 anticipates danger and has strong leadership and spatial vision, but is seen as a \u201cshow\u2011off,\u201d not open to new ideas, and \u201cunorganized and poor at taking criticism,\u201d all negative for crew dynamics.\n- Main tradeoff: Balancing C\u2019s strong reliability, calmness, and technical understanding against the risk that his communication difficulty and egocentric attitude could impair cockpit coordination.\n- Remaining uncertainty: How severe C\u2019s communication problems are in practice and whether they have led to any safety\u2011relevant incidents or crew friction.\n- What would change my vote: Concrete evidence that C\u2019s communication issues have caused operational problems, or stronger evidence that another candidate (e.g., B\u2019s stress handling) can perform without the interpersonal drawbacks.\nMETADATA_JSON:\n{\"agent\": \"agent_2\", \"vote\": \"Candidate C\"}"}
2026-05-10 03:06:07,886 - INFO - Agent turns: 2
2026-05-10 03:06:17,451 - INFO - Tokens - Input: 2851, Output: 1267, Total: 4118
2026-05-10 03:06:17,453 - INFO - Memory updates: 4
{"id": 8, "ts": 1778375177.453838, "event": "memory_updated", "agent": "agent_1", "round": 1}
2026-05-10 03:06:17,990 - INFO - Tokens - Input: 3095, Output: 1296, Total: 4391
2026-05-10 03:06:17,992 - INFO - Memory updates: 5
{"id": 9, "ts": 1778375177.9929836, "event": "memory_updated", "agent": "agent_3", "round": 1}
2026-05-10 03:06:20,013 - INFO - Tokens - Input: 3000, Output: 1504, Total: 4504
2026-05-10 03:06:20,014 - INFO - Memory updates: 6
{"id": 10, "ts": 1778375180.0150428, "event": "memory_updated", "agent": "agent_2", "round": 1}
2026-05-10 03:06:28,015 - INFO - Tokens - Input: 3121, Output: 911, Total: 4032
{"id": 11, "ts": 1778375188.0173538, "event": "public_discussion_message", "round": 1, "agent": "agent_3", "message": "Current position: Candidate C\nConfidence/uncertainty: Moderate confidence; leaning toward C but aware of communication concerns\nReasoning summary:\n- Key evidence used: \u2022 100\u202f% reliability (reported by Agent\u202f1)\n  \u2022 Ability to make correct decisions quickly\n  \u2022 Keeps calm in a crisis (Agent\u202f2)\n  \u2022 Excellent attention skills\n  \u2022 Puts concern for others above everything and creates a positive crew atmosphere (Agent\u202f1) \u2013 supports cooperation and responsibility\n- Evidence from others: Both Agent\u202f1 and Agent\u202f2 have highlighted C\u2019s reliability, quick correct decisions, calmness under pressure, technical understanding, and positive impact on crew morale. They also note the drawbacks: difficulty communicating ideas and an egocentric reputation.\n- Alternatives considered:\n  * Candidate\u202fB \u2013 very conscientious, handles stress well, strong weather and computer skills, but is regarded as pretentious, sometimes uses the wrong tone, and makes nasty remarks \u2013 serious cooperation risks.\n  * Candidate\u202fD \u2013 excellent problem\u2011solving, concentration, and takes responsibility seriously, yet is considered moody, a loner, and described as a \u201cknow\u2011it\u2011all\u201d with a hot temper \u2013 also high cooperation risk.\n  * Candidate\u202fA \u2013 anticipates danger, sees complex connections, strong spatial vision and leadership, but is unfriendly and has unhealthy eating habits, which could affect long\u2011haul performance and crew interaction.\n- Main tradeoff: Balancing C\u2019s strong reliability, quick decision\u2011making, calmness, and crew\u2011positive attitude against the risk that his communication difficulty and egocentric attitude might impair cockpit coordination.\n- Remaining uncertainty: How severe C\u2019s communication problems are in practice and whether they would translate into safety\u2011critical issues on long\u2011distance flights.\n- What would change my vote: Concrete evidence that C\u2019s communication/egocentric issues have led to operational or safety problems, or strong evidence that another candidate (e.g., B\u2019s stress handling) can perform without comparable cooperation drawbacks.\nMETADATA_JSON:\n{\"agent\": \"agent_3\", \"vote\": \"Candidate C\"}"}
2026-05-10 03:06:28,017 - INFO - Agent turns: 3
2026-05-10 03:06:38,226 - INFO - Tokens - Input: 3336, Output: 1209, Total: 4545
2026-05-10 03:06:38,228 - INFO - Memory updates: 7
{"id": 12, "ts": 1778375198.2283428, "event": "memory_updated", "agent": "agent_3", "round": 1}
2026-05-10 03:06:40,531 - INFO - Tokens - Input: 3565, Output: 1654, Total: 5219
2026-05-10 03:06:40,533 - INFO - Memory updates: 8
{"id": 13, "ts": 1778375200.5339928, "event": "memory_updated", "agent": "agent_2", "round": 1}
2026-05-10 03:06:42,733 - INFO - Tokens - Input: 3270, Output: 1662, Total: 4932
2026-05-10 03:06:42,735 - INFO - Memory updates: 9
{"id": 14, "ts": 1778375202.735365, "event": "memory_updated", "agent": "agent_1", "round": 1}
2026-05-10 03:06:42,744 - INFO - Loop 1 completed
{"id": 15, "ts": 1778375202.7508779, "event": "discussion_order", "round": 2, "order": ["agent_2", "agent_3", "agent_1"]}
2026-05-10 03:06:48,161 - INFO - Tokens - Input: 3910, Output: 651, Total: 4561
{"id": 16, "ts": 1778375208.1635385, "event": "public_discussion_message", "round": 2, "agent": "agent_2", "message": "Current position: Candidate C\nConfidence/uncertainty: Moderate (\u224860\u202f%)\nReasoning summary:\n- Key evidence used: Candidate\u202fC makes correct decisions quickly, stays calm in crises, understands complicated technology, and is reported as 100\u202f% reliable. He also creates a positive crew atmosphere and puts concern for others above everything, indicating strong cooperation.\n- Evidence from others: Agent\u202f1 and Agent\u202f3 have highlighted the same reliability, calmness, rapid decision\u2011making, and crew\u2011positive attitude for C. Both also note his difficulty communicating ideas and his egocentric reputation.\n- Alternatives considered:\n  * Candidate\u202fB \u2013 excellent stress handling, conscientious, good weather assessment and computer skills, but makes nasty remarks, is pretentious, and has a weak memory for numbers \u2013 serious cooperation drawbacks.\n  * Candidate\u202fD \u2013 outstanding problem\u2011solving, concentration, and responsibility, yet is seen as a know\u2011it\u2011all, has a hot temper, and is a loner \u2013 also high cooperation risk.\n  * Candidate\u202fA \u2013 strong anticipatory skills, spatial vision, and leadership, but is regarded as a show\u2011off, not open to new ideas, unfriendly, and has unhealthy eating habits \u2013 detrimental to long\u2011haul crew dynamics.\n- Main tradeoff: Balancing C\u2019s strong reliability, rapid correct decision\u2011making, calmness, technical competence, and positive crew impact against the potential risk that his communication difficulty and egocentric attitude could impair cockpit coordination.\n- Remaining uncertainty: How severe C\u2019s communication problems are in practice and whether they have ever led to safety\u2011relevant incidents or crew friction on long\u2011distance flights.\n- What would change my vote: Concrete evidence that Candidate\u202fC\u2019s communication or egocentric behavior has caused operational or safety problems, or compelling evidence that another candidate (e.g., B\u2019s stress handling) can perform without comparable cooperation drawbacks and with equal or better technical reliability.\nMETADATA_JSON:\n{\"agent\": \"agent_2\", \"vote\": \"Candidate C\"}"}
2026-05-10 03:06:48,163 - INFO - Agent turns: 4
2026-05-10 03:07:00,230 - INFO - Tokens - Input: 4090, Output: 1053, Total: 5143
2026-05-10 03:07:00,232 - INFO - Memory updates: 10
{"id": 17, "ts": 1778375220.232944, "event": "memory_updated", "agent": "agent_2", "round": 2}
2026-05-10 03:07:01,286 - INFO - Tokens - Input: 3819, Output: 1545, Total: 5364
2026-05-10 03:07:01,288 - INFO - Memory updates: 11
{"id": 18, "ts": 1778375221.2886047, "event": "memory_updated", "agent": "agent_1", "round": 2}
2026-05-10 03:07:06,759 - INFO - Tokens - Input: 3775, Output: 1913, Total: 5688
2026-05-10 03:07:06,761 - INFO - Memory updates: 12
{"id": 19, "ts": 1778375226.7619836, "event": "memory_updated", "agent": "agent_3", "round": 2}
2026-05-10 03:07:11,394 - INFO - Tokens - Input: 4010, Output: 473, Total: 4483
{"id": 20, "ts": 1778375231.396303, "event": "public_discussion_message", "round": 2, "agent": "agent_3", "message": "Current position: Candidate C\nConfidence/uncertainty: Moderate (\u224860\u202f%)\nReasoning summary:\n- Key evidence used: 100\u202f% reliability; makes correct decisions quickly; stays calm in crises; excellent attention skills; puts concern for others above everything, creating a positive crew atmosphere. These address reliability, calmness under pressure, technical competence, and cooperation.\n- Evidence from others: Agent\u202f1 highlighted C\u2019s reliability, quick correct decisions, and positive crew impact. Agent\u202f2 reinforced C\u2019s calmness in crises, technical understanding, and also noted the same cooperation strengths and communication/egocentric drawbacks.\n- Alternatives considered:\n  * Candidate\u202fB \u2013 strong stress handling, conscientious, good weather and computer skills, but pretentious, makes nasty remarks, wrong tone, and weak memory for numbers \u2013 serious cooperation risks.\n  * Candidate\u202fD \u2013 excellent problem\u2011solving, concentration, responsibility, yet moody, loner, know\u2011it\u2011all, hot temper \u2013 high teamwork risk.\n  * Candidate\u202fA \u2013 anticipates danger, strong spatial vision and leadership, but unfriendly, unhealthy eating, show\u2011off attitude, not open to new ideas \u2013 detrimental to crew dynamics.\n- Main tradeoff: Weighing C\u2019s strong reliability, rapid correct decision\u2011making, calmness, technical competence, and positive crew influence against his difficulty communicating ideas and egocentric reputation, which could impair cockpit coordination.\n- Remaining uncertainty: How severe C\u2019s communication and egocentric issues are in practice and whether they have ever led to safety\u2011relevant incidents or crew friction on long\u2011distance flights.\n- What would change my vote: Concrete evidence that Candidate\u202fC\u2019s communication or egocentric behavior has caused operational or safety problems, or compelling evidence that another candidate (e.g., B\u2019s stress handling) can perform without comparable cooperation drawbacks while matching C\u2019s reliability and technical competence.\nMETADATA_JSON:\n{\"agent\": \"agent_3\", \"vote\": \"Candidate C\"}"}
2026-05-10 03:07:11,396 - INFO - Agent turns: 5
2026-05-10 03:07:19,647 - INFO - Tokens - Input: 4175, Output: 1060, Total: 5235
2026-05-10 03:07:19,649 - INFO - Memory updates: 13
{"id": 21, "ts": 1778375239.649803, "event": "memory_updated", "agent": "agent_3", "round": 2}
2026-05-10 03:07:22,749 - INFO - Tokens - Input: 4162, Output: 1414, Total: 5576
2026-05-10 03:07:22,751 - INFO - Memory updates: 14
{"id": 22, "ts": 1778375242.7520075, "event": "memory_updated", "agent": "agent_1", "round": 2}
2026-05-10 03:07:25,097 - INFO - Tokens - Input: 4023, Output: 1773, Total: 5796
2026-05-10 03:07:25,099 - INFO - Memory updates: 15
{"id": 23, "ts": 1778375245.0995502, "event": "memory_updated", "agent": "agent_2", "round": 2}
2026-05-10 03:07:30,128 - INFO - Tokens - Input: 4372, Output: 583, Total: 4955
{"id": 24, "ts": 1778375250.130334, "event": "public_discussion_message", "round": 2, "agent": "agent_1", "message": "Current position: Candidate C\nConfidence/uncertainty: Moderate (~60\u202f%)\nReasoning summary:\n- Key evidence used: 100\u202f% reliability; makes correct decisions quickly; stays calm in crises; excellent attention skills; puts concern for others above everything and creates a positive crew atmosphere. These address reliability, calmness under pressure, technical competence, and cooperation.\n- Evidence from others: Agents\u202f2 and\u202f3 reiterated C\u2019s reliability, rapid correct decision\u2011making, calmness, technical understanding, and crew\u2011positive attitude, while also noting his difficulty communicating ideas and egocentric reputation.\n- Alternatives considered:\n  * Candidate\u202fB \u2013 strong stress handling, conscientious, good weather assessment and computer skills, but repeatedly described as grumpy, uncooperative, pretentious, and making nasty remarks \u2013 serious cooperation drawbacks.\n  * Candidate\u202fD \u2013 excellent problem\u2011solving, concentration, and responsibility, yet regarded as arrogant, with weak leadership and a hot\u2011tempered, loner demeanor \u2013 high teamwork risk.\n  * Candidate\u202fA \u2013 anticipates dangerous situations, sees complex connections, has excellent spatial vision and leadership, but is unorganized, poorly receives criticism, and is described as unfriendly/show\u2011off \u2013 detrimental to crew dynamics.\n- Main tradeoff: Weighing C\u2019s strong reliability, rapid correct decisions, calmness, technical competence, and positive crew impact against his communication difficulty and egocentric attitude, which could impair cockpit coordination.\n- Remaining uncertainty: How severe C\u2019s communication problems and egocentric behavior are in practice and whether they have ever led to safety\u2011relevant incidents or crew friction on long\u2011distance flights.\n- What would change my vote: Concrete evidence that C\u2019s communication or egocentric traits have caused operational or safety problems, or compelling evidence that another candidate (e.g., B\u2019s stress handling) can perform without comparable cooperation drawbacks while matching C\u2019s reliability and technical competence.\nMETADATA_JSON:\n{\"agent\": \"agent_1\", \"vote\": \"Candidate C\"}"}
2026-05-10 03:07:30,130 - INFO - Agent turns: 6
2026-05-10 03:07:39,431 - INFO - Tokens - Input: 4461, Output: 1219, Total: 5680
2026-05-10 03:07:39,433 - INFO - Memory updates: 16
{"id": 25, "ts": 1778375259.4332473, "event": "memory_updated", "agent": "agent_2", "round": 2}
2026-05-10 03:07:39,578 - INFO - Tokens - Input: 4547, Output: 1038, Total: 5585
2026-05-10 03:07:39,580 - INFO - Memory updates: 17
{"id": 26, "ts": 1778375259.5801983, "event": "memory_updated", "agent": "agent_1", "round": 2}
2026-05-10 03:07:40,048 - INFO - Tokens - Input: 4358, Output: 1271, Total: 5629
2026-05-10 03:07:40,050 - INFO - Memory updates: 18
{"id": 27, "ts": 1778375260.050312, "event": "memory_updated", "agent": "agent_3", "round": 2}
2026-05-10 03:07:40,059 - INFO - Loop 2 completed
2026-05-10 03:07:40,059 - INFO - Final Chosen Candidate: Candidate C
2026-05-10 03:07:40,060 - INFO - Final Decision Method: consensus
2026-05-10 03:07:40,060 - INFO - Final Vote Count: {'Candidate C': 3}
2026-05-10 03:07:40,060 - INFO - Correct Candidate: Candidate C
2026-05-10 03:07:40,060 - INFO - Decision Correct: 1
{"id": 28, "ts": 1778375260.3812222, "event": "context_consistency_calculated", "method": "embedding_cosine", "mean_pairwise_similarity": 0.902665, "pairwise": [{"agent_a": "agent_1", "agent_b": "agent_2", "similarity": 0.882192}, {"agent_a": "agent_1", "agent_b": "agent_3", "similarity": 0.945263}, {"agent_a": "agent_2", "agent_b": "agent_3", "similarity": 0.880539}]}
{"id": 29, "ts": 1778375260.3813932, "event": "gold_standard_alignment_calculated", "method": "rule_based_binary_checks", "mean_alignment": 0.625, "by_agent": [{"agent": "agent_1", "score": 0.625, "checks": {"favorite_is_c": 1, "c_reliability": 1, "c_calmness": 1, "c_attention": 1, "c_crew_fit": 1, "a_risks": 0, "b_risks": 0, "d_risks": 0}}, {"agent": "agent_2", "score": 0.625, "checks": {"favorite_is_c": 1, "c_reliability": 1, "c_calmness": 1, "c_attention": 1, "c_crew_fit": 1, "a_risks": 0, "b_risks": 0, "d_risks": 0}}, {"agent": "agent_3", "score": 0.625, "checks": {"favorite_is_c": 1, "c_reliability": 1, "c_calmness": 1, "c_attention": 1, "c_crew_fit": 1, "a_risks": 0, "b_risks": 0, "d_risks": 0}}]}
{"id": 30, "ts": 1778375260.3815143, "event": "agent_memories_archived", "directory": "/home/lhegemann/git/bachelor_thesis/01_data/raw/simulations/high/high_treatment_20260509_224515_006/shared_mental_models", "round": 2}
{"id": 31, "ts": 1778375260.381609, "event": "final_decision", "candidate": "Candidate C", "method": "consensus", "vote_count": {"Candidate C": 3}, "correct_candidate": "Candidate C", "decision_correct": 1, "round": 2}
2026-05-10 03:07:40,390 - INFO - ======================================================================
2026-05-10 03:07:40,390 - INFO - SIMULATION METRICS
2026-05-10 03:07:40,391 - INFO - ======================================================================
2026-05-10 03:07:40,391 - INFO - Total Loops: 2
2026-05-10 03:07:40,391 - INFO - Agent Turns (no vote checker): 6
2026-05-10 03:07:40,391 - INFO - Agent Tool Calls: 0
2026-05-10 03:07:40,391 - INFO - Agent Tool Messages: 0
2026-05-10 03:07:40,391 - INFO - Memory Updates: 18
2026-05-10 03:07:40,391 - INFO - Total Messages (no vote checker): 6
2026-05-10 03:07:40,391 - INFO - Input Tokens: 81799
2026-05-10 03:07:40,391 - INFO - Output Tokens: 30514
2026-05-10 03:07:40,391 - INFO - Total Tokens: 112313
2026-05-10 03:07:40,391 - INFO - Final Chosen Candidate: Candidate C
2026-05-10 03:07:40,391 - INFO - Final Decision Method: consensus
2026-05-10 03:07:40,391 - INFO - Final Vote Count: {'Candidate C': 3}
2026-05-10 03:07:40,392 - INFO - Correct Candidate: Candidate C
2026-05-10 03:07:40,392 - INFO - Decision Correct: 1
2026-05-10 03:07:40,392 - INFO - Runtime: 134.29s
2026-05-10 03:07:40,392 - INFO - ======================================================================
