2026-05-07 22:09:06,225 - INFO - Metrics tracker initialized
{"id": 1, "ts": 1778184546.2541914, "event": "memory_reset"}
{"id": 2, "ts": 1778184546.2590876, "event": "discussion_order", "round": 1, "order": ["agent_2", "agent_3", "agent_1"]}
2026-05-07 22:09:13,616 - INFO - Tokens - Input: 1422, Output: 751, Total: 2173
{"id": 3, "ts": 1778184553.6181726, "event": "public_discussion_message", "round": 1, "agent": "agent_2", "message": "I tentatively favor **Candidate\u202fB** because he is very conscientious (reliability) and handles stress well, which are crucial for long\u2011distance flights, and he also has strong technical abilities in weather assessment and computer use.\nA key trade\u2011off is his tendency to make nasty remarks about colleagues, which could undermine crew cooperation and safety.\nMETADATA_JSON:\n{\"agent\": \"agent_2\", \"vote\": \"Candidate B\"}"}
2026-05-07 22:09:13,618 - INFO - Agent turns: 1
2026-05-07 22:09:18,775 - INFO - Tokens - Input: 1592, Output: 700, Total: 2292
{"id": 4, "ts": 1778184558.7766664, "event": "public_discussion_message", "round": 1, "agent": "agent_3", "message": "I currently favor **Candidate\u202fD** because he takes responsibility seriously and solves problems extremely well, which are key for the high\u2011responsibility, technical demands of long\u2011distance flights; additionally, his ability to concentrate and respond adequately to unexpected events supports calmness under pressure.\nA major trade\u2011off is that he is considered moody and a loner, which could hinder crew cooperation and the positive cockpit atmosphere needed for safety.\nMETADATA_JSON:\n{\"agent\": \"agent_3\", \"vote\": \"Candidate D\"}"}
2026-05-07 22:09:18,776 - INFO - Agent turns: 2
2026-05-07 22:09:25,133 - INFO - Tokens - Input: 1727, Output: 810, Total: 2537
{"id": 5, "ts": 1778184565.135308, "event": "public_discussion_message", "round": 1, "agent": "agent_1", "message": "I currently favor **Candidate\u202fA** because his ability to anticipate dangerous situations, see complex connections, and his excellent spatial vision give him strong technical competence essential for long\u2011distance flights, and his very good leadership qualities support crew cooperation and decision\u2011making.\nA key trade\u2011off is that he can be unorganized and sometimes struggles with criticism, which could undermine reliability and teamwork in the cockpit.\nMETADATA_JSON:\n{\"agent\": \"agent_1\", \"vote\": \"Candidate A\"}"}
2026-05-07 22:09:25,135 - INFO - Agent turns: 3
2026-05-07 22:09:25,145 - INFO - Loop 1 completed
{"id": 6, "ts": 1778184565.151241, "event": "discussion_order", "round": 2, "order": ["agent_1", "agent_2", "agent_3"]}
2026-05-07 22:09:29,353 - INFO - Tokens - Input: 1758, Output: 550, Total: 2308
{"id": 7, "ts": 1778184569.354657, "event": "public_discussion_message", "round": 2, "agent": "agent_1", "message": "I continue to favor **Candidate\u202fA**. His ability to anticipate dangerous situations, see complex connections, and his excellent spatial vision give him strong technical competence crucial for long\u2011distance navigation, while his very good leadership qualities support effective crew coordination. The main uncertainty is his tendency to be unorganized and to struggle with criticism, which could affect reliability and teamwork in the cockpit.\nMETADATA_JSON:\n{\"agent\": \"agent_1\", \"vote\": \"Candidate A\"}"}
2026-05-07 22:09:29,354 - INFO - Agent turns: 4
2026-05-07 22:09:37,033 - INFO - Tokens - Input: 1928, Output: 1032, Total: 2960
{"id": 8, "ts": 1778184577.035275, "event": "public_discussion_message", "round": 2, "agent": "agent_2", "message": "I now favor **Candidate\u202fA**. His ability to anticipate dangerous situations and his excellent spatial vision give him strong technical competence for long\u2011distance navigation, and his very good leadership qualities support effective crew coordination. The main trade\u2011off is that he is regarded as a show\u2011off and not open to new ideas, which could undermine cooperation and crew morale.\nMETADATA_JSON:\n{\"agent\": \"agent_2\", \"vote\": \"Candidate A\"}"}
2026-05-07 22:09:37,035 - INFO - Agent turns: 5
2026-05-07 22:09:54,337 - INFO - Tokens - Input: 2017, Output: 1129, Total: 3146
{"id": 9, "ts": 1778184594.339146, "event": "public_discussion_message", "round": 2, "agent": "agent_3", "message": "I now favor **Candidate\u202fB**. His very conscientious nature supports reliability, and his ability to handle stress well ensures calmness under pressure\u2014both essential for long\u2011distance flights. Additionally, his strong technical skills in weather assessment and computer use contribute to safe navigation. The main trade\u2011off is his pretentious demeanor and occasional wrong tone when communicating, which could hinder crew cooperation and morale.\nMETADATA_JSON:\n{\"agent\": \"agent_3\", \"vote\": \"Candidate B\"}"}
2026-05-07 22:09:54,339 - INFO - Agent turns: 6
2026-05-07 22:09:54,348 - INFO - Loop 2 completed
{"id": 10, "ts": 1778184594.3544517, "event": "discussion_order", "round": 3, "order": ["agent_2", "agent_1", "agent_3"]}
2026-05-07 22:09:59,964 - INFO - Tokens - Input: 2064, Output: 732, Total: 2796
{"id": 11, "ts": 1778184599.9647832, "event": "public_discussion_message", "round": 3, "agent": "agent_2", "message": "I continue to favor **Candidate\u202fA**. His ability to anticipate dangerous situations, see complex connections, and his excellent spatial vision give him strong technical competence for long\u2011distance navigation, while his very good leadership qualities support effective crew coordination. The main trade\u2011off is his reputation as a show\u2011off and being not open to new ideas, which could hinder cooperation and crew morale.\nMETADATA_JSON:\n{\"agent\": \"agent_2\", \"vote\": \"Candidate A\"}"}
2026-05-07 22:09:59,964 - INFO - Agent turns: 7
2026-05-07 22:10:07,278 - INFO - Tokens - Input: 2239, Output: 965, Total: 3204
{"id": 12, "ts": 1778184607.2800517, "event": "public_discussion_message", "round": 3, "agent": "agent_1", "message": "I now favor **Candidate\u202fB** because his very conscientious nature supports strong reliability and his ability to handle stress ensures calmness under pressure\u2014both critical for long\u2011distance flights. Additionally, his skill in assessing weather conditions and excellent computer abilities give him solid technical competence for navigation and flight planning. The main trade\u2011off is his tendency to be grumpy and uncooperative, which could undermine crew cooperation and cockpit harmony.\nMETADATA_JSON:\n{\"agent\": \"agent_1\", \"vote\": \"Candidate B\"}"}
2026-05-07 22:10:07,280 - INFO - Agent turns: 8
2026-05-07 22:10:14,804 - INFO - Tokens - Input: 2355, Output: 1017, Total: 3372
{"id": 13, "ts": 1778184614.8063087, "event": "public_discussion_message", "round": 3, "agent": "agent_3", "message": "I currently favor **Candidate\u202fB** because his very conscientious nature ensures reliability and his ability to handle stress supports calmness under pressure\u2014both essential for long\u2011distance flights. Additionally, his strong technical skills in weather assessment and computer use contribute to safe navigation and flight planning. The main trade\u2011off is his pretentious demeanor and occasional wrong tone when communicating, which could hinder crew cooperation and cockpit harmony.\nMETADATA_JSON:\n{\"agent\": \"agent_3\", \"vote\": \"Candidate B\"}"}
2026-05-07 22:10:14,806 - INFO - Agent turns: 9
2026-05-07 22:10:14,815 - INFO - Loop 3 completed
{"id": 14, "ts": 1778184614.8216078, "event": "discussion_order", "round": 4, "order": ["agent_2", "agent_3", "agent_1"]}
2026-05-07 22:10:20,600 - INFO - Tokens - Input: 2391, Output: 653, Total: 3044
{"id": 15, "ts": 1778184620.6018145, "event": "public_discussion_message", "round": 4, "agent": "agent_2", "message": "I now favor **Candidate\u202fB** because his strong conscientiousness supports reliability and his ability to handle stress ensures calmness under pressure\u2014both vital for long\u2011distance flights. Additionally, his skill in assessing weather conditions and excellent computer abilities provide solid technical competence for navigation and flight planning. The main trade\u2011off is his tendency to make nasty remarks and adopt a pretentious tone, which could undermine crew cooperation and cockpit harmony.\nMETADATA_JSON:\n{\"agent\": \"agent_2\", \"vote\": \"Candidate B\"}"}
2026-05-07 22:10:20,602 - INFO - Agent turns: 10
2026-05-07 22:10:26,471 - INFO - Tokens - Input: 2577, Output: 796, Total: 3373
{"id": 16, "ts": 1778184626.472856, "event": "public_discussion_message", "round": 4, "agent": "agent_3", "message": "I continue to favor **Candidate\u202fB** because his very conscientious nature ensures reliability and his ability to handle stress provides calmness under pressure\u2014both essential for long\u2011distance flights. His strong technical skills in weather assessment and computer use further support safe navigation and flight planning. The main trade\u2011off is his pretentious demeanor and occasional inappropriate tone, which could harm crew cooperation and cockpit harmony.\nMETADATA_JSON:\n{\"agent\": \"agent_3\", \"vote\": \"Candidate B\"}"}
2026-05-07 22:10:26,473 - INFO - Agent turns: 11
2026-05-07 22:10:31,337 - INFO - Tokens - Input: 2681, Output: 588, Total: 3269
{"id": 17, "ts": 1778184631.338508, "event": "public_discussion_message", "round": 4, "agent": "agent_1", "message": "I continue to favor **Candidate\u202fB** because his very conscientious nature gives strong reliability and his ability to handle stress ensures calmness under pressure\u2014both essential for long\u2011distance flights. In addition, his solid technical skills in weather assessment and computer use support safe navigation and flight planning. The main trade\u2011off is his pretentious and occasionally uncooperative demeanor, which could undermine crew cooperation and cockpit harmony.\nMETADATA_JSON:\n{\"agent\": \"agent_1\", \"vote\": \"Candidate B\"}"}
2026-05-07 22:10:31,338 - INFO - Agent turns: 12
2026-05-07 22:10:31,347 - INFO - Loop 4 completed
2026-05-07 22:10:31,348 - INFO - Final Chosen Candidate: Candidate B
2026-05-07 22:10:31,348 - INFO - Final Decision Method: consensus
2026-05-07 22:10:31,348 - INFO - Final Vote Count: {'Candidate B': 3}
2026-05-07 22:10:31,348 - INFO - Correct Candidate: Candidate C
2026-05-07 22:10:31,348 - INFO - Decision Correct: 0
{"id": 18, "ts": 1778184631.3498847, "event": "context_consistency_not_applicable", "reason": "explicit_smm_memory_disabled"}
{"id": 19, "ts": 1778184631.3500395, "event": "final_decision", "candidate": "Candidate B", "method": "consensus", "vote_count": {"Candidate B": 3}, "correct_candidate": "Candidate C", "decision_correct": 0, "round": 4}
2026-05-07 22:10:31,357 - INFO - ======================================================================
2026-05-07 22:10:31,357 - INFO - SIMULATION METRICS
2026-05-07 22:10:31,358 - INFO - ======================================================================
2026-05-07 22:10:31,358 - INFO - Total Loops: 4
2026-05-07 22:10:31,358 - INFO - Agent Turns (no vote checker): 12
2026-05-07 22:10:31,358 - INFO - Agent Tool Calls: 0
2026-05-07 22:10:31,358 - INFO - Agent Tool Messages: 0
2026-05-07 22:10:31,358 - INFO - Memory Updates: 0
2026-05-07 22:10:31,358 - INFO - Total Messages (no vote checker): 12
2026-05-07 22:10:31,358 - INFO - Input Tokens: 24751
2026-05-07 22:10:31,358 - INFO - Output Tokens: 9723
2026-05-07 22:10:31,358 - INFO - Total Tokens: 34474
2026-05-07 22:10:31,358 - INFO - Final Chosen Candidate: Candidate B
2026-05-07 22:10:31,358 - INFO - Final Decision Method: consensus
2026-05-07 22:10:31,358 - INFO - Final Vote Count: {'Candidate B': 3}
2026-05-07 22:10:31,359 - INFO - Correct Candidate: Candidate C
2026-05-07 22:10:31,359 - INFO - Decision Correct: 0
2026-05-07 22:10:31,359 - INFO - Runtime: 85.13s
2026-05-07 22:10:31,359 - INFO - ======================================================================
