2026-05-07 21:35:43,815 - INFO - Metrics tracker initialized
{"id": 1, "ts": 1778182543.8395727, "event": "memory_reset"}
{"id": 2, "ts": 1778182543.8424559, "event": "discussion_order", "round": 1, "order": ["agent_3", "agent_1", "agent_2"]}
2026-05-07 21:35:49,334 - INFO - Tokens - Input: 1387, Output: 501, Total: 1888
{"id": 3, "ts": 1778182549.3359125, "event": "public_discussion_message", "round": 1, "agent": "agent_3", "message": "I prefer Candidate B; handles stress very well.\nMETADATA_JSON:\n{\"agent\": \"agent_3\", \"vote\": \"Candidate B\"}"}
2026-05-07 21:35:49,336 - INFO - Agent turns: 1
2026-05-07 21:35:54,577 - INFO - Tokens - Input: 1449, Output: 624, Total: 2073
{"id": 4, "ts": 1778182554.5786843, "event": "public_discussion_message", "round": 1, "agent": "agent_1", "message": "I prefer Candidate C; known to be 100% reliable.\nMETADATA_JSON:\n{\"agent\": \"agent_1\", \"vote\": \"Candidate C\"}"}
2026-05-07 21:35:54,578 - INFO - Agent turns: 2
2026-05-07 21:36:01,002 - INFO - Tokens - Input: 1496, Output: 914, Total: 2410
{"id": 5, "ts": 1778182561.0035474, "event": "public_discussion_message", "round": 1, "agent": "agent_2", "message": "I prefer Candidate A; has very good leadership qualities.\nMETADATA_JSON:\n{\"agent\": \"agent_2\", \"vote\": \"Candidate A\"}"}
2026-05-07 21:36:01,003 - INFO - Agent turns: 3
2026-05-07 21:36:01,013 - INFO - Loop 1 completed
{"id": 6, "ts": 1778182561.0185895, "event": "discussion_order", "round": 2, "order": ["agent_2", "agent_3", "agent_1"]}
2026-05-07 21:36:06,118 - INFO - Tokens - Input: 1533, Output: 651, Total: 2184
{"id": 7, "ts": 1778182566.1197994, "event": "public_discussion_message", "round": 2, "agent": "agent_2", "message": "I prefer Candidate D; solves problems extremely well.\nMETADATA_JSON:\n{\"agent\": \"agent_2\", \"vote\": \"Candidate D\"}"}
2026-05-07 21:36:06,119 - INFO - Agent turns: 4
2026-05-07 21:36:18,384 - INFO - Tokens - Input: 1562, Output: 1199, Total: 2761
{"id": 8, "ts": 1778182578.3857985, "event": "public_discussion_message", "round": 2, "agent": "agent_3", "message": "I prefer Candidate B; very conscientious.\nMETADATA_JSON:\n{\"agent\": \"agent_3\", \"vote\": \"Candidate B\"}"}
2026-05-07 21:36:18,385 - INFO - Agent turns: 5
2026-05-07 21:36:24,668 - INFO - Tokens - Input: 1601, Output: 836, Total: 2437
{"id": 9, "ts": 1778182584.6696184, "event": "public_discussion_message", "round": 2, "agent": "agent_1", "message": "I prefer Candidate D; solves problems extremely well.\nMETADATA_JSON:\n{\"agent\": \"agent_1\", \"vote\": \"Candidate D\"}"}
2026-05-07 21:36:24,669 - INFO - Agent turns: 6
2026-05-07 21:36:24,678 - INFO - Loop 2 completed
{"id": 10, "ts": 1778182584.6842434, "event": "discussion_order", "round": 3, "order": ["agent_2", "agent_3", "agent_1"]}
2026-05-07 21:36:28,097 - INFO - Tokens - Input: 1638, Output: 461, Total: 2099
{"id": 11, "ts": 1778182588.0987682, "event": "public_discussion_message", "round": 3, "agent": "agent_2", "message": "I prefer Candidate A; has very good leadership qualities.\nMETADATA_JSON:\n{\"agent\": \"agent_2\", \"vote\": \"Candidate A\"}"}
2026-05-07 21:36:28,098 - INFO - Agent turns: 7
2026-05-07 21:36:34,900 - INFO - Tokens - Input: 1676, Output: 972, Total: 2648
{"id": 12, "ts": 1778182594.902062, "event": "public_discussion_message", "round": 3, "agent": "agent_3", "message": "I prefer Candidate B; handles stress well.\nMETADATA_JSON:\n{\"agent\": \"agent_3\", \"vote\": \"Candidate B\"}"}
2026-05-07 21:36:34,902 - INFO - Agent turns: 8
2026-05-07 21:36:40,710 - INFO - Tokens - Input: 1716, Output: 762, Total: 2478
{"id": 13, "ts": 1778182600.7116272, "event": "public_discussion_message", "round": 3, "agent": "agent_1", "message": "I prefer Candidate C; known to be 100% reliable.\nMETADATA_JSON:\n{\"agent\": \"agent_1\", \"vote\": \"Candidate C\"}"}
2026-05-07 21:36:40,711 - INFO - Agent turns: 9
2026-05-07 21:36:40,720 - INFO - Loop 3 completed
{"id": 14, "ts": 1778182600.7255507, "event": "discussion_order", "round": 4, "order": ["agent_3", "agent_1", "agent_2"]}
2026-05-07 21:36:43,582 - INFO - Tokens - Input: 1754, Output: 362, Total: 2116
{"id": 15, "ts": 1778182603.5839615, "event": "public_discussion_message", "round": 4, "agent": "agent_3", "message": "I prefer Candidate B; handles stress well.\nMETADATA_JSON:\n{\"agent\": \"agent_3\", \"vote\": \"Candidate B\"}"}
2026-05-07 21:36:43,584 - INFO - Agent turns: 10
2026-05-07 21:36:48,680 - INFO - Tokens - Input: 1794, Output: 673, Total: 2467
{"id": 16, "ts": 1778182608.6819775, "event": "public_discussion_message", "round": 4, "agent": "agent_1", "message": "I prefer Candidate C; known to be 100% reliable.\nMETADATA_JSON:\n{\"agent\": \"agent_1\", \"vote\": \"Candidate C\"}"}
2026-05-07 21:36:48,682 - INFO - Agent turns: 11
2026-05-07 21:36:54,889 - INFO - Tokens - Input: 1842, Output: 873, Total: 2715
{"id": 17, "ts": 1778182614.890766, "event": "public_discussion_message", "round": 4, "agent": "agent_2", "message": "I prefer Candidate A; has very good leadership qualities.\nMETADATA_JSON:\n{\"agent\": \"agent_2\", \"vote\": \"Candidate A\"}"}
2026-05-07 21:36:54,890 - INFO - Agent turns: 12
2026-05-07 21:36:54,898 - INFO - Loop 4 completed
{"id": 18, "ts": 1778182614.9041975, "event": "discussion_order", "round": 5, "order": ["agent_2", "agent_3", "agent_1"]}
2026-05-07 21:36:58,541 - INFO - Tokens - Input: 1879, Output: 472, Total: 2351
{"id": 19, "ts": 1778182618.542601, "event": "public_discussion_message", "round": 5, "agent": "agent_2", "message": "I prefer Candidate D; solves problems extremely well.\nMETADATA_JSON:\n{\"agent\": \"agent_2\", \"vote\": \"Candidate D\"}"}
2026-05-07 21:36:58,542 - INFO - Agent turns: 13
2026-05-07 21:37:04,461 - INFO - Tokens - Input: 1908, Output: 725, Total: 2633
{"id": 20, "ts": 1778182624.4626625, "event": "public_discussion_message", "round": 5, "agent": "agent_3", "message": "I prefer Candidate B; good at assessing weather conditions.\nMETADATA_JSON:\n{\"agent\": \"agent_3\", \"vote\": \"Candidate B\"}"}
2026-05-07 21:37:04,462 - INFO - Agent turns: 14
2026-05-07 21:37:15,589 - INFO - Tokens - Input: 1953, Output: 1374, Total: 3327
{"id": 21, "ts": 1778182635.590468, "event": "public_discussion_message", "round": 5, "agent": "agent_1", "message": "I prefer Candidate C; known to be 100% reliable.\nMETADATA_JSON:\n{\"agent\": \"agent_1\", \"vote\": \"Candidate C\"}"}
2026-05-07 21:37:15,590 - INFO - Agent turns: 15
2026-05-07 21:37:15,599 - INFO - Loop 5 completed
2026-05-07 21:37:15,600 - INFO - Final Chosen Candidate: None
2026-05-07 21:37:15,600 - INFO - Final Decision Method: max_round_no_majority
2026-05-07 21:37:15,600 - INFO - Final Vote Count: {'Candidate C': 1, 'Candidate D': 1, 'Candidate B': 1}
2026-05-07 21:37:15,600 - INFO - Correct Candidate: Candidate C
2026-05-07 21:37:15,600 - INFO - Decision Correct: 0
{"id": 22, "ts": 1778182635.6020637, "event": "context_consistency_not_applicable", "reason": "explicit_smm_memory_disabled"}
{"id": 23, "ts": 1778182635.6022158, "event": "final_decision", "candidate": null, "method": "max_round_no_majority", "vote_count": {"Candidate C": 1, "Candidate D": 1, "Candidate B": 1}, "correct_candidate": "Candidate C", "decision_correct": 0, "round": 5}
2026-05-07 21:37:15,610 - INFO - ======================================================================
2026-05-07 21:37:15,610 - INFO - SIMULATION METRICS
2026-05-07 21:37:15,610 - INFO - ======================================================================
2026-05-07 21:37:15,610 - INFO - Total Loops: 5
2026-05-07 21:37:15,610 - INFO - Agent Turns (no vote checker): 15
2026-05-07 21:37:15,610 - INFO - Agent Tool Calls: 0
2026-05-07 21:37:15,610 - INFO - Agent Tool Messages: 0
2026-05-07 21:37:15,611 - INFO - Memory Updates: 0
2026-05-07 21:37:15,611 - INFO - Total Messages (no vote checker): 15
2026-05-07 21:37:15,611 - INFO - Input Tokens: 25188
2026-05-07 21:37:15,611 - INFO - Output Tokens: 11399
2026-05-07 21:37:15,611 - INFO - Total Tokens: 36587
2026-05-07 21:37:15,611 - INFO - Final Chosen Candidate: None
2026-05-07 21:37:15,611 - INFO - Final Decision Method: max_round_no_majority
2026-05-07 21:37:15,611 - INFO - Final Vote Count: {'Candidate C': 1, 'Candidate D': 1, 'Candidate B': 1}
2026-05-07 21:37:15,611 - INFO - Correct Candidate: Candidate C
2026-05-07 21:37:15,611 - INFO - Decision Correct: 0
2026-05-07 21:37:15,611 - INFO - Runtime: 91.79s
2026-05-07 21:37:15,611 - INFO - ======================================================================
