2026-05-17 21:54:46,364 - INFO - Metrics tracker initialized
{"id": 1, "ts": 1779047686.3961854, "event": "memory_reset"}
{"id": 2, "ts": 1779047686.4015193, "event": "discussion_order", "round": 1, "order": ["agent_3", "agent_2", "agent_1"]}
2026-05-17 21:54:51,968 - INFO - Tokens - Input: 1729, Output: 496, Total: 2225
{"id": 3, "ts": 1779047691.9704952, "event": "public_discussion_message", "round": 1, "agent": "agent_3", "message": "I favor Candidate B \u2013 handles stress very well.\nMETADATA_JSON:\n{\"agent\": \"agent_3\", \"vote\": \"Candidate B\"}"}
2026-05-17 21:54:51,970 - INFO - Agent turns: 1
2026-05-17 21:54:57,842 - INFO - Tokens - Input: 1478, Output: 443, Total: 1921
2026-05-17 21:54:57,844 - INFO - Memory updates: 1
{"id": 4, "ts": 1779047697.844939, "event": "memory_updated", "agent": "agent_2", "round": 1}
2026-05-17 21:54:57,889 - INFO - Tokens - Input: 1475, Output: 449, Total: 1924
2026-05-17 21:54:57,891 - INFO - Memory updates: 2
{"id": 5, "ts": 1779047697.891473, "event": "memory_updated", "agent": "agent_1", "round": 1}
2026-05-17 21:55:01,304 - INFO - Tokens - Input: 1470, Output: 895, Total: 2365
2026-05-17 21:55:01,306 - INFO - Memory updates: 3
{"id": 6, "ts": 1779047701.3068345, "event": "memory_updated", "agent": "agent_3", "round": 1}
2026-05-17 21:55:07,172 - INFO - Tokens - Input: 1747, Output: 755, Total: 2502
{"id": 7, "ts": 1779047707.173566, "event": "public_discussion_message", "round": 1, "agent": "agent_2", "message": "I favor Candidate B \u2013 handles stress very well.\nMETADATA_JSON:\n{\"agent\": \"agent_2\", \"vote\": \"Candidate B\"}"}
2026-05-17 21:55:07,173 - INFO - Agent turns: 2
2026-05-17 21:55:12,526 - INFO - Tokens - Input: 1491, Output: 366, Total: 1857
2026-05-17 21:55:12,528 - INFO - Memory updates: 4
{"id": 8, "ts": 1779047712.5288253, "event": "memory_updated", "agent": "agent_1", "round": 1}
2026-05-17 21:55:14,149 - INFO - Tokens - Input: 1494, Output: 540, Total: 2034
2026-05-17 21:55:14,151 - INFO - Memory updates: 5
{"id": 9, "ts": 1779047714.1511867, "event": "memory_updated", "agent": "agent_2", "round": 1}
2026-05-17 21:55:17,252 - INFO - Tokens - Input: 1456, Output: 938, Total: 2394
2026-05-17 21:55:17,255 - INFO - Memory updates: 6
{"id": 10, "ts": 1779047717.2551816, "event": "memory_updated", "agent": "agent_3", "round": 1}
2026-05-17 21:55:21,288 - INFO - Tokens - Input: 1799, Output: 483, Total: 2282
{"id": 11, "ts": 1779047721.2902832, "event": "public_discussion_message", "round": 1, "agent": "agent_1", "message": "I prefer Candidate B \u2013 handles stress very well.\nMETADATA_JSON:\n{\"agent\": \"agent_1\", \"vote\": \"Candidate B\"}"}
2026-05-17 21:55:21,290 - INFO - Agent turns: 3
2026-05-17 21:55:28,961 - INFO - Tokens - Input: 1532, Output: 552, Total: 2084
2026-05-17 21:55:28,963 - INFO - Memory updates: 7
{"id": 12, "ts": 1779047728.9641147, "event": "memory_updated", "agent": "agent_2", "round": 1}
2026-05-17 21:55:29,781 - INFO - Tokens - Input: 1508, Output: 638, Total: 2146
2026-05-17 21:55:29,783 - INFO - Memory updates: 8
{"id": 13, "ts": 1779047729.7840219, "event": "memory_updated", "agent": "agent_3", "round": 1}
2026-05-17 21:55:33,592 - INFO - Tokens - Input: 1546, Output: 1133, Total: 2679
2026-05-17 21:55:33,594 - INFO - Memory updates: 9
{"id": 14, "ts": 1779047733.594651, "event": "memory_updated", "agent": "agent_1", "round": 1}
2026-05-17 21:55:33,604 - INFO - Loop 1 completed
{"id": 15, "ts": 1779047733.610998, "event": "discussion_order", "round": 2, "order": ["agent_3", "agent_1", "agent_2"]}
2026-05-17 21:55:38,094 - INFO - Tokens - Input: 1810, Output: 543, Total: 2353
{"id": 16, "ts": 1779047738.0958266, "event": "public_discussion_message", "round": 2, "agent": "agent_3", "message": "Candidate B \u2013 handles stress very well\nMETADATA_JSON:\n{\"agent\": \"agent_3\", \"vote\": \"Candidate B\"}"}
2026-05-17 21:55:38,095 - INFO - Agent turns: 4
2026-05-17 21:55:42,054 - INFO - Tokens - Input: 1603, Output: 272, Total: 1875
2026-05-17 21:55:42,056 - INFO - Memory updates: 10
{"id": 17, "ts": 1779047742.057062, "event": "memory_updated", "agent": "agent_1", "round": 2}
2026-05-17 21:55:42,255 - INFO - Tokens - Input: 1555, Output: 292, Total: 1847
2026-05-17 21:55:42,257 - INFO - Memory updates: 11
{"id": 18, "ts": 1779047742.2579155, "event": "memory_updated", "agent": "agent_3", "round": 2}
2026-05-17 21:55:42,686 - INFO - Tokens - Input: 1585, Output: 348, Total: 1933
2026-05-17 21:55:42,689 - INFO - Memory updates: 12
{"id": 19, "ts": 1779047742.6894932, "event": "memory_updated", "agent": "agent_2", "round": 2}
2026-05-17 21:55:46,758 - INFO - Tokens - Input: 1894, Output: 501, Total: 2395
{"id": 20, "ts": 1779047746.7597742, "event": "public_discussion_message", "round": 2, "agent": "agent_1", "message": "Candidate B \u2013 handles stress very well\nMETADATA_JSON:\n{\"agent\": \"agent_1\", \"vote\": \"Candidate B\"}"}
2026-05-17 21:55:46,759 - INFO - Agent turns: 5
2026-05-17 21:55:49,927 - INFO - Tokens - Input: 1621, Output: 224, Total: 1845
2026-05-17 21:55:49,929 - INFO - Memory updates: 13
{"id": 21, "ts": 1779047749.929622, "event": "memory_updated", "agent": "agent_2", "round": 2}
2026-05-17 21:55:50,527 - INFO - Tokens - Input: 1591, Output: 288, Total: 1879
2026-05-17 21:55:50,529 - INFO - Memory updates: 14
{"id": 22, "ts": 1779047750.5300906, "event": "memory_updated", "agent": "agent_3", "round": 2}
2026-05-17 21:55:52,711 - INFO - Tokens - Input: 1639, Output: 574, Total: 2213
2026-05-17 21:55:52,713 - INFO - Memory updates: 15
{"id": 23, "ts": 1779047752.7136774, "event": "memory_updated", "agent": "agent_1", "round": 2}
2026-05-17 21:55:56,391 - INFO - Tokens - Input: 1912, Output: 451, Total: 2363
{"id": 24, "ts": 1779047756.3931637, "event": "public_discussion_message", "round": 2, "agent": "agent_2", "message": "I still favor Candidate B \u2013 but his weak memory for numbers could be a concern.\nMETADATA_JSON:\n{\"agent\": \"agent_2\", \"vote\": \"Candidate B\"}"}
2026-05-17 21:55:56,393 - INFO - Agent turns: 6
2026-05-17 21:56:09,972 - INFO - Tokens - Input: 1636, Output: 1003, Total: 2639
2026-05-17 21:56:09,974 - INFO - Memory updates: 16
{"id": 25, "ts": 1779047769.9747353, "event": "memory_updated", "agent": "agent_3", "round": 2}
2026-05-17 21:56:11,088 - INFO - Tokens - Input: 1684, Output: 1122, Total: 2806
2026-05-17 21:56:11,090 - INFO - Memory updates: 17
{"id": 26, "ts": 1779047771.0909247, "event": "memory_updated", "agent": "agent_1", "round": 2}
2026-05-17 21:56:16,228 - INFO - Tokens - Input: 1666, Output: 1769, Total: 3435
2026-05-17 21:56:16,231 - INFO - Memory updates: 18
{"id": 27, "ts": 1779047776.231504, "event": "memory_updated", "agent": "agent_2", "round": 2}
2026-05-17 21:56:16,241 - INFO - Loop 2 completed
2026-05-17 21:56:16,241 - INFO - Final Chosen Candidate: Candidate B
2026-05-17 21:56:16,241 - INFO - Final Decision Method: consensus
2026-05-17 21:56:16,241 - INFO - Final Vote Count: {'Candidate B': 3}
2026-05-17 21:56:16,242 - INFO - Correct Candidate: Candidate C
2026-05-17 21:56:16,242 - INFO - Decision Correct: 0
{"id": 28, "ts": 1779047777.6263964, "event": "context_consistency_calculated", "method": "weighted_section_embedding_cosine", "mean_pairwise_similarity": 0.800197, "pairwise": [{"agent_a": "agent_1", "agent_b": "agent_2", "similarity": 0.818822, "sections": [{"section": "task_summary", "weight": 0.02, "similarity": 0.932292}, {"section": "revealed_facts_by_source", "weight": 0.3, "similarity": 0.981998}, {"section": "candidate_evaluation", "weight": 0.35, "similarity": 0.610828}, {"section": "other_agents_positions", "weight": 0.15, "similarity": 0.954216}, {"section": "emerging_group_view", "weight": 0.13, "similarity": 0.855317}, {"section": "open_questions_next_step_focus", "weight": 0.05, "similarity": 0.749265}]}, {"agent_a": "agent_1", "agent_b": "agent_3", "similarity": 0.813196, "sections": [{"section": "task_summary", "weight": 0.02, "similarity": 1.0}, {"section": "revealed_facts_by_source", "weight": 0.3, "similarity": 0.871123}, {"section": "candidate_evaluation", "weight": 0.35, "similarity": 0.757917}, {"section": "other_agents_positions", "weight": 0.15, "similarity": 0.980966}, {"section": "emerging_group_view", "weight": 0.13, "similarity": 0.712862}, {"section": "open_questions_next_step_focus", "weight": 0.05, "similarity": 0.535414}]}, {"agent_a": "agent_2", "agent_b": "agent_3", "similarity": 0.768574, "sections": [{"section": "task_summary", "weight": 0.02, "similarity": 0.932292}, {"section": "revealed_facts_by_source", "weight": 0.3, "similarity": 0.884784}, {"section": "candidate_evaluation", "weight": 0.35, "similarity": 0.657795}, {"section": "other_agents_positions", "weight": 0.15, "similarity": 0.954798}, {"section": "emerging_group_view", "weight": 0.13, "similarity": 0.663409}, {"section": "open_questions_next_step_focus", "weight": 0.05, "similarity": 0.496033}]}]}
{"id": 29, "ts": 1779047777.6265326, "event": "gold_standard_alignment_calculated", "method": "rule_based_fact_coverage", "mean_alignment": 0.233333, "by_agent": [{"agent": "agent_1", "score": 0.05, "matched_facts": 2, "total_facts": 40, "matched_public_facts": 1, "total_public_facts": 16, "public_fact_coverage": 0.0625, "matched_own_private_facts": 0, "total_own_private_facts": 8, "own_private_fact_coverage": 0.0, "matched_other_private_facts": 1, "total_other_private_facts": 16, "other_private_fact_coverage": 0.0625, "checks": {"public_candidate_a_can_anticipate_dangerous_situations": 0, "public_candidate_a_is_able_to_see_complex_connections": 0, "public_candidate_a_has_excellent_spatial_vision": 0, "public_candidate_a_has_very_good_leadership_qualities": 0, "public_candidate_b_is_very_conscientious": 0, "public_candidate_b_handles_stress_very_well": 1, "public_candidate_b_is_good_at_assessing_weather_conditions": 0, "public_candidate_b_has_excellent_computer_skills": 0, "public_candidate_c_can_make_correct_decisions_quickly": 0, "public_candidate_c_has_difficulty_communicating_ideas": 0, "public_candidate_c_is_regarded_as_egocentric": 0, "public_candidate_c_is_not_very_willing_to_further_his_education": 0, "public_candidate_d_responds_to_unexpected_events_adequately": 0, "public_candidate_d_can_concentrate_very_well": 0, "public_candidate_d_solves_problems_extremely_well": 0, "public_candidate_d_takes_responsibility_seriously": 0, "agent_1_candidate_a_is_sometimes_not_good_at_taking_criticism": 0, "agent_1_candidate_a_can_be_unorganized": 0, "agent_1_candidate_b_can_be_grumpy": 0, "agent_1_candidate_b_can_be_uncooperative": 0, "agent_1_candidate_c_is_known_to_be_100_percent_reliable": 0, "agent_1_candidate_c_creates_a_positive_atmosphere_with_his_crew": 0, "agent_1_candidate_d_is_regarded_as_arrogant": 0, "agent_1_candidate_d_has_relatively_weak_leadership_skills": 0, "agent_2_candidate_a_is_regarded_as_a_show_off": 0, "agent_2_candidate_a_is_regarded_as_being_not_open_to_new_ideas": 0, "agent_2_candidate_b_has_a_relatively_weak_memory_for_numbers": 1, "agent_2_candidate_b_makes_nasty_remarks_about_his_colleagues": 0, "agent_2_candidate_c_keeps_calm_in_a_crisis": 0, "agent_2_candidate_c_understands_complicated_technology": 0, "agent_2_candidate_d_is_regarded_as_a_know_it_all": 0, "agent_2_candidate_d_has_a_hot_temper": 0, "agent_3_candidate_a_is_unfriendly": 0, "agent_3_candidate_a_eats_unhealthily": 0, "agent_3_candidate_b_is_regarded_as_pretentious": 0, "agent_3_candidate_b_sometimes_adopts_the_wrong_tone_when_communicating": 0, "agent_3_candidate_c_puts_concern_for_others_above_everything": 0, "agent_3_candidate_c_has_excellent_attention_skills": 0, "agent_3_candidate_d_is_considered_moody": 0, "agent_3_candidate_d_is_regarded_as_a_loner": 0}}, {"agent": "agent_2", "score": 0.6, "matched_facts": 24, "total_facts": 40, "matched_public_facts": 16, "total_public_facts": 16, "public_fact_coverage": 1.0, "matched_own_private_facts": 8, "total_own_private_facts": 8, "own_private_fact_coverage": 1.0, "matched_other_private_facts": 0, "total_other_private_facts": 16, "other_private_fact_coverage": 0.0, "checks": {"public_candidate_a_can_anticipate_dangerous_situations": 1, "public_candidate_a_is_able_to_see_complex_connections": 1, "public_candidate_a_has_excellent_spatial_vision": 1, "public_candidate_a_has_very_good_leadership_qualities": 1, "public_candidate_b_is_very_conscientious": 1, "public_candidate_b_handles_stress_very_well": 1, "public_candidate_b_is_good_at_assessing_weather_conditions": 1, "public_candidate_b_has_excellent_computer_skills": 1, "public_candidate_c_can_make_correct_decisions_quickly": 1, "public_candidate_c_has_difficulty_communicating_ideas": 1, "public_candidate_c_is_regarded_as_egocentric": 1, "public_candidate_c_is_not_very_willing_to_further_his_education": 1, "public_candidate_d_responds_to_unexpected_events_adequately": 1, "public_candidate_d_can_concentrate_very_well": 1, "public_candidate_d_solves_problems_extremely_well": 1, "public_candidate_d_takes_responsibility_seriously": 1, "agent_1_candidate_a_is_sometimes_not_good_at_taking_criticism": 0, "agent_1_candidate_a_can_be_unorganized": 0, "agent_1_candidate_b_can_be_grumpy": 0, "agent_1_candidate_b_can_be_uncooperative": 0, "agent_1_candidate_c_is_known_to_be_100_percent_reliable": 0, "agent_1_candidate_c_creates_a_positive_atmosphere_with_his_crew": 0, "agent_1_candidate_d_is_regarded_as_arrogant": 0, "agent_1_candidate_d_has_relatively_weak_leadership_skills": 0, "agent_2_candidate_a_is_regarded_as_a_show_off": 1, "agent_2_candidate_a_is_regarded_as_being_not_open_to_new_ideas": 1, "agent_2_candidate_b_has_a_relatively_weak_memory_for_numbers": 1, "agent_2_candidate_b_makes_nasty_remarks_about_his_colleagues": 1, "agent_2_candidate_c_keeps_calm_in_a_crisis": 1, "agent_2_candidate_c_understands_complicated_technology": 1, "agent_2_candidate_d_is_regarded_as_a_know_it_all": 1, "agent_2_candidate_d_has_a_hot_temper": 1, "agent_3_candidate_a_is_unfriendly": 0, "agent_3_candidate_a_eats_unhealthily": 0, "agent_3_candidate_b_is_regarded_as_pretentious": 0, "agent_3_candidate_b_sometimes_adopts_the_wrong_tone_when_communicating": 0, "agent_3_candidate_c_puts_concern_for_others_above_everything": 0, "agent_3_candidate_c_has_excellent_attention_skills": 0, "agent_3_candidate_d_is_considered_moody": 0, "agent_3_candidate_d_is_regarded_as_a_loner": 0}}, {"agent": "agent_3", "score": 0.05, "matched_facts": 2, "total_facts": 40, "matched_public_facts": 1, "total_public_facts": 16, "public_fact_coverage": 0.0625, "matched_own_private_facts": 0, "total_own_private_facts": 8, "own_private_fact_coverage": 0.0, "matched_other_private_facts": 1, "total_other_private_facts": 16, "other_private_fact_coverage": 0.0625, "checks": {"public_candidate_a_can_anticipate_dangerous_situations": 0, "public_candidate_a_is_able_to_see_complex_connections": 0, "public_candidate_a_has_excellent_spatial_vision": 0, "public_candidate_a_has_very_good_leadership_qualities": 0, "public_candidate_b_is_very_conscientious": 0, "public_candidate_b_handles_stress_very_well": 1, "public_candidate_b_is_good_at_assessing_weather_conditions": 0, "public_candidate_b_has_excellent_computer_skills": 0, "public_candidate_c_can_make_correct_decisions_quickly": 0, "public_candidate_c_has_difficulty_communicating_ideas": 0, "public_candidate_c_is_regarded_as_egocentric": 0, "public_candidate_c_is_not_very_willing_to_further_his_education": 0, "public_candidate_d_responds_to_unexpected_events_adequately": 0, "public_candidate_d_can_concentrate_very_well": 0, "public_candidate_d_solves_problems_extremely_well": 0, "public_candidate_d_takes_responsibility_seriously": 0, "agent_1_candidate_a_is_sometimes_not_good_at_taking_criticism": 0, "agent_1_candidate_a_can_be_unorganized": 0, "agent_1_candidate_b_can_be_grumpy": 0, "agent_1_candidate_b_can_be_uncooperative": 0, "agent_1_candidate_c_is_known_to_be_100_percent_reliable": 0, "agent_1_candidate_c_creates_a_positive_atmosphere_with_his_crew": 0, "agent_1_candidate_d_is_regarded_as_arrogant": 0, "agent_1_candidate_d_has_relatively_weak_leadership_skills": 0, "agent_2_candidate_a_is_regarded_as_a_show_off": 0, "agent_2_candidate_a_is_regarded_as_being_not_open_to_new_ideas": 0, "agent_2_candidate_b_has_a_relatively_weak_memory_for_numbers": 1, "agent_2_candidate_b_makes_nasty_remarks_about_his_colleagues": 0, "agent_2_candidate_c_keeps_calm_in_a_crisis": 0, "agent_2_candidate_c_understands_complicated_technology": 0, "agent_2_candidate_d_is_regarded_as_a_know_it_all": 0, "agent_2_candidate_d_has_a_hot_temper": 0, "agent_3_candidate_a_is_unfriendly": 0, "agent_3_candidate_a_eats_unhealthily": 0, "agent_3_candidate_b_is_regarded_as_pretentious": 0, "agent_3_candidate_b_sometimes_adopts_the_wrong_tone_when_communicating": 0, "agent_3_candidate_c_puts_concern_for_others_above_everything": 0, "agent_3_candidate_c_has_excellent_attention_skills": 0, "agent_3_candidate_d_is_considered_moody": 0, "agent_3_candidate_d_is_regarded_as_a_loner": 0}}]}
{"id": 30, "ts": 1779047777.6266432, "event": "agent_memories_archived", "directory": "/home/lhegemann/git/bachelor_thesis/01_data/raw/simulations/low/low_treatment_20260517_214240_005/shared_mental_models", "round": 2}
{"id": 31, "ts": 1779047777.6266797, "event": "final_decision", "candidate": "Candidate B", "method": "consensus", "vote_count": {"Candidate B": 3}, "correct_candidate": "Candidate C", "decision_correct": 0, "round": 2}
2026-05-17 21:56:17,635 - INFO - ======================================================================
2026-05-17 21:56:17,635 - INFO - SIMULATION METRICS
2026-05-17 21:56:17,635 - INFO - ======================================================================
2026-05-17 21:56:17,635 - INFO - Total Loops: 2
2026-05-17 21:56:17,635 - INFO - Agent Turns (no vote checker): 6
2026-05-17 21:56:17,635 - INFO - Agent Tool Calls: 0
2026-05-17 21:56:17,635 - INFO - Agent Tool Messages: 0
2026-05-17 21:56:17,635 - INFO - Memory Updates: 18
2026-05-17 21:56:17,635 - INFO - Total Messages (no vote checker): 6
2026-05-17 21:56:17,635 - INFO - Input Tokens: 38921
2026-05-17 21:56:17,635 - INFO - Output Tokens: 15075
2026-05-17 21:56:17,635 - INFO - Total Tokens: 53996
2026-05-17 21:56:17,635 - INFO - Final Chosen Candidate: Candidate B
2026-05-17 21:56:17,635 - INFO - Final Decision Method: consensus
2026-05-17 21:56:17,635 - INFO - Final Vote Count: {'Candidate B': 3}
2026-05-17 21:56:17,635 - INFO - Correct Candidate: Candidate C
2026-05-17 21:56:17,635 - INFO - Decision Correct: 0
2026-05-17 21:56:17,635 - INFO - Runtime: 91.27s
2026-05-17 21:56:17,635 - INFO - ======================================================================
