2026-05-06 19:03:00,685 - INFO - Metrics tracker initialized
{"id": 1, "ts": 1778086980.7106423, "event": "memory_reset"}
{"id": 2, "ts": 1778086980.7148547, "event": "discussion_order", "round": 1, "order": ["agent_1", "agent_3", "agent_2"]}
2026-05-06 19:03:07,663 - INFO - Tokens - Input: 1686, Output: 594, Total: 2280
{"id": 3, "ts": 1778086987.6656914, "event": "public_discussion_message", "round": 1, "agent": "agent_1", "message": "Candidate C \u2013 known to be 100% reliable.\nMETADATA_JSON:\n{\"agent\": \"agent_1\", \"vote\": \"Candidate C\"}"}
2026-05-06 19:03:07,665 - INFO - Agent turns: 1
2026-05-06 19:03:15,741 - INFO - Tokens - Input: 1196, Output: 1318, Total: 2514
2026-05-06 19:03:15,743 - INFO - Memory updates: 1
{"id": 4, "ts": 1778086995.743344, "event": "memory_updated", "agent": "agent_2", "round": 1}
2026-05-06 19:03:17,973 - INFO - Tokens - Input: 1188, Output: 1591, Total: 2779
2026-05-06 19:03:17,975 - INFO - Memory updates: 2
{"id": 5, "ts": 1778086997.9758763, "event": "memory_updated", "agent": "agent_3", "round": 1}
2026-05-06 19:03:23,973 - INFO - Tokens - Input: 1193, Output: 1684, Total: 2877
2026-05-06 19:03:23,975 - INFO - Memory updates: 3
{"id": 6, "ts": 1778087003.9755018, "event": "memory_updated", "agent": "agent_1", "round": 1}
2026-05-06 19:03:27,055 - INFO - Tokens - Input: 2397, Output: 325, Total: 2722
{"id": 7, "ts": 1778087007.056559, "event": "public_discussion_message", "round": 1, "agent": "agent_3", "message": "Candidate B \u2013 handles stress very well.\nMETADATA_JSON:\n{\"agent\": \"agent_3\", \"vote\": \"Candidate B\"}"}
2026-05-06 19:03:27,056 - INFO - Agent turns: 2
2026-05-06 19:03:32,874 - INFO - Tokens - Input: 1751, Output: 950, Total: 2701
2026-05-06 19:03:32,876 - INFO - Memory updates: 4
{"id": 8, "ts": 1778087012.8766963, "event": "memory_updated", "agent": "agent_1", "round": 1}
2026-05-06 19:03:34,815 - INFO - Tokens - Input: 1661, Output: 1006, Total: 2667
2026-05-06 19:03:34,817 - INFO - Memory updates: 5
{"id": 9, "ts": 1778087014.8171468, "event": "memory_updated", "agent": "agent_2", "round": 1}
2026-05-06 19:03:37,180 - INFO - Tokens - Input: 1903, Output: 1203, Total: 3106
2026-05-06 19:03:37,182 - INFO - Memory updates: 6
{"id": 10, "ts": 1778087017.1825206, "event": "memory_updated", "agent": "agent_3", "round": 1}
2026-05-06 19:03:43,192 - INFO - Tokens - Input: 2247, Output: 762, Total: 3009
{"id": 11, "ts": 1778087023.1942317, "event": "public_discussion_message", "round": 1, "agent": "agent_2", "message": "Candidate B \u2013 weak memory for numbers\nMETADATA_JSON:\n{\"agent\": \"agent_2\", \"vote\": \"Candidate B\"}"}
2026-05-06 19:03:43,194 - INFO - Agent turns: 3
2026-05-06 19:03:49,287 - INFO - Tokens - Input: 1559, Output: 796, Total: 2355
2026-05-06 19:03:49,289 - INFO - Memory updates: 7
{"id": 12, "ts": 1778087029.2894356, "event": "memory_updated", "agent": "agent_1", "round": 1}
2026-05-06 19:03:49,966 - INFO - Tokens - Input: 1771, Output: 992, Total: 2763
2026-05-06 19:03:49,968 - INFO - Memory updates: 8
{"id": 13, "ts": 1778087029.9685647, "event": "memory_updated", "agent": "agent_3", "round": 1}
2026-05-06 19:03:51,072 - INFO - Tokens - Input: 1753, Output: 1048, Total: 2801
2026-05-06 19:03:51,073 - INFO - Memory updates: 9
{"id": 14, "ts": 1778087031.0739038, "event": "memory_updated", "agent": "agent_2", "round": 1}
2026-05-06 19:03:51,082 - INFO - Loop 1 completed
{"id": 15, "ts": 1778087031.0883064, "event": "discussion_order", "round": 2, "order": ["agent_2", "agent_3", "agent_1"]}
2026-05-06 19:03:52,200 - INFO - Tokens - Input: 2356, Output: 121, Total: 2477
{"id": 16, "ts": 1778087032.2019994, "event": "public_discussion_message", "round": 2, "agent": "agent_2", "message": "Candidate B \u2013 weak memory for numbers\nMETADATA_JSON:\n{\"agent\": \"agent_2\", \"vote\": \"Candidate B\"}"}
2026-05-06 19:03:52,202 - INFO - Agent turns: 4
2026-05-06 19:03:57,146 - INFO - Tokens - Input: 1587, Output: 757, Total: 2344
2026-05-06 19:03:57,148 - INFO - Memory updates: 10
{"id": 17, "ts": 1778087037.1484604, "event": "memory_updated", "agent": "agent_1", "round": 2}
2026-05-06 19:04:00,549 - INFO - Tokens - Input: 1844, Output: 1016, Total: 2860
2026-05-06 19:04:00,550 - INFO - Memory updates: 11
{"id": 18, "ts": 1778087040.5508447, "event": "memory_updated", "agent": "agent_2", "round": 2}
2026-05-06 19:04:01,236 - INFO - Tokens - Input: 1808, Output: 1180, Total: 2988
2026-05-06 19:04:01,237 - INFO - Memory updates: 12
{"id": 19, "ts": 1778087041.2381022, "event": "memory_updated", "agent": "agent_3", "round": 2}
2026-05-06 19:04:02,277 - INFO - Tokens - Input: 2290, Output: 125, Total: 2415
{"id": 20, "ts": 1778087042.2794404, "event": "public_discussion_message", "round": 2, "agent": "agent_3", "message": "Candidate B \u2013 handles stress very well.\nMETADATA_JSON:\n{\"agent\": \"agent_3\", \"vote\": \"Candidate B\"}"}
2026-05-06 19:04:02,279 - INFO - Agent turns: 5
2026-05-06 19:04:08,000 - INFO - Tokens - Input: 1620, Output: 829, Total: 2449
2026-05-06 19:04:08,002 - INFO - Memory updates: 13
{"id": 21, "ts": 1778087048.002144, "event": "memory_updated", "agent": "agent_1", "round": 2}
2026-05-06 19:04:08,750 - INFO - Tokens - Input: 1888, Output: 1033, Total: 2921
2026-05-06 19:04:08,752 - INFO - Memory updates: 14
{"id": 22, "ts": 1778087048.75312, "event": "memory_updated", "agent": "agent_2", "round": 2}
2026-05-06 19:04:09,578 - INFO - Tokens - Input: 1796, Output: 906, Total: 2702
2026-05-06 19:04:09,580 - INFO - Memory updates: 15
{"id": 23, "ts": 1778087049.5802386, "event": "memory_updated", "agent": "agent_3", "round": 2}
2026-05-06 19:04:10,947 - INFO - Tokens - Input: 2150, Output: 162, Total: 2312
{"id": 24, "ts": 1778087050.9485173, "event": "public_discussion_message", "round": 2, "agent": "agent_1", "message": "Candidate C \u2013 known to be 100% reliable.\nMETADATA_JSON:\n{\"agent\": \"agent_1\", \"vote\": \"Candidate C\"}"}
2026-05-06 19:04:10,948 - INFO - Agent turns: 6
2026-05-06 19:04:16,934 - INFO - Tokens - Input: 1662, Output: 746, Total: 2408
2026-05-06 19:04:16,936 - INFO - Memory updates: 16
{"id": 25, "ts": 1778087056.936862, "event": "memory_updated", "agent": "agent_1", "round": 2}
2026-05-06 19:04:18,457 - INFO - Tokens - Input: 1921, Output: 1028, Total: 2949
2026-05-06 19:04:18,459 - INFO - Memory updates: 17
{"id": 26, "ts": 1778087058.4597623, "event": "memory_updated", "agent": "agent_2", "round": 2}
2026-05-06 19:04:19,834 - INFO - Tokens - Input: 1842, Output: 1031, Total: 2873
2026-05-06 19:04:19,835 - INFO - Memory updates: 18
{"id": 27, "ts": 1778087059.8360171, "event": "memory_updated", "agent": "agent_3", "round": 2}
2026-05-06 19:04:19,845 - INFO - Loop 2 completed
{"id": 28, "ts": 1778087059.8514156, "event": "discussion_order", "round": 3, "order": ["agent_1", "agent_2", "agent_3"]}
2026-05-06 19:04:22,191 - INFO - Tokens - Input: 2212, Output: 297, Total: 2509
{"id": 29, "ts": 1778087062.1926155, "event": "public_discussion_message", "round": 3, "agent": "agent_1", "message": "Candidate C \u2013 known to be 100% reliable.\nMETADATA_JSON:\n{\"agent\": \"agent_1\", \"vote\": \"Candidate C\"}"}
2026-05-06 19:04:22,192 - INFO - Agent turns: 7
2026-05-06 19:04:28,738 - INFO - Tokens - Input: 1706, Output: 799, Total: 2505
2026-05-06 19:04:28,740 - INFO - Memory updates: 19
{"id": 30, "ts": 1778087068.7406955, "event": "memory_updated", "agent": "agent_1", "round": 3}
2026-05-06 19:04:28,912 - INFO - Tokens - Input: 1908, Output: 804, Total: 2712
2026-05-06 19:04:28,913 - INFO - Memory updates: 20
{"id": 31, "ts": 1778087068.913965, "event": "memory_updated", "agent": "agent_2", "round": 3}
2026-05-06 19:04:30,614 - INFO - Tokens - Input: 1889, Output: 1019, Total: 2908
2026-05-06 19:04:30,615 - INFO - Memory updates: 21
{"id": 32, "ts": 1778087070.6159582, "event": "memory_updated", "agent": "agent_3", "round": 3}
2026-05-06 19:04:31,613 - INFO - Tokens - Input: 2146, Output: 120, Total: 2266
{"id": 33, "ts": 1778087071.6149888, "event": "public_discussion_message", "round": 3, "agent": "agent_2", "message": "Candidate B \u2013 weak memory for numbers.\nMETADATA_JSON:\n{\"agent\": \"agent_2\", \"vote\": \"Candidate B\"}"}
2026-05-06 19:04:31,615 - INFO - Agent turns: 8
2026-05-06 19:04:37,830 - INFO - Tokens - Input: 1652, Output: 688, Total: 2340
2026-05-06 19:04:37,832 - INFO - Memory updates: 22
{"id": 34, "ts": 1778087077.832729, "event": "memory_updated", "agent": "agent_2", "round": 3}
2026-05-06 19:04:37,874 - INFO - Tokens - Input: 1739, Output: 866, Total: 2605
2026-05-06 19:04:37,876 - INFO - Memory updates: 23
{"id": 35, "ts": 1778087077.8767045, "event": "memory_updated", "agent": "agent_1", "round": 3}
2026-05-06 19:04:38,384 - INFO - Tokens - Input: 1922, Output: 961, Total: 2883
2026-05-06 19:04:38,385 - INFO - Memory updates: 24
{"id": 36, "ts": 1778087078.385974, "event": "memory_updated", "agent": "agent_3", "round": 3}
2026-05-06 19:04:41,341 - INFO - Tokens - Input: 2419, Output: 438, Total: 2857
{"id": 37, "ts": 1778087081.3428185, "event": "public_discussion_message", "round": 3, "agent": "agent_3", "message": "Candidate B \u2013 handles stress very well.\nMETADATA_JSON:\n{\"agent\": \"agent_3\", \"vote\": \"Candidate B\"}"}
2026-05-06 19:04:41,342 - INFO - Agent turns: 9
2026-05-06 19:04:47,961 - INFO - Tokens - Input: 1765, Output: 853, Total: 2618
2026-05-06 19:04:47,963 - INFO - Memory updates: 25
{"id": 38, "ts": 1778087087.963509, "event": "memory_updated", "agent": "agent_1", "round": 3}
2026-05-06 19:04:48,008 - INFO - Tokens - Input: 1925, Output: 1023, Total: 2948
2026-05-06 19:04:48,010 - INFO - Memory updates: 26
{"id": 39, "ts": 1778087088.0104337, "event": "memory_updated", "agent": "agent_3", "round": 3}
2026-05-06 19:04:48,598 - INFO - Tokens - Input: 1689, Output: 1261, Total: 2950
2026-05-06 19:04:48,599 - INFO - Memory updates: 27
{"id": 40, "ts": 1778087088.599989, "event": "memory_updated", "agent": "agent_2", "round": 3}
2026-05-06 19:04:48,608 - INFO - Loop 3 completed
{"id": 41, "ts": 1778087088.6144974, "event": "discussion_order", "round": 4, "order": ["agent_3", "agent_2", "agent_1"]}
2026-05-06 19:04:49,590 - INFO - Tokens - Input: 2559, Output: 126, Total: 2685
{"id": 42, "ts": 1778087089.5916533, "event": "public_discussion_message", "round": 4, "agent": "agent_3", "message": "Candidate B \u2013 handles stress very well.\nMETADATA_JSON:\n{\"agent\": \"agent_3\", \"vote\": \"Candidate B\"}"}
2026-05-06 19:04:49,591 - INFO - Agent turns: 10
2026-05-06 19:04:55,360 - INFO - Tokens - Input: 2047, Output: 949, Total: 2996
2026-05-06 19:04:55,362 - INFO - Memory updates: 28
{"id": 43, "ts": 1778087095.36304, "event": "memory_updated", "agent": "agent_3", "round": 4}
2026-05-06 19:04:55,837 - INFO - Tokens - Input: 1725, Output: 797, Total: 2522
2026-05-06 19:04:55,838 - INFO - Memory updates: 29
{"id": 44, "ts": 1778087095.838609, "event": "memory_updated", "agent": "agent_2", "round": 4}
2026-05-06 19:04:56,020 - INFO - Tokens - Input: 1814, Output: 808, Total: 2622
2026-05-06 19:04:56,022 - INFO - Memory updates: 30
{"id": 45, "ts": 1778087096.0223603, "event": "memory_updated", "agent": "agent_1", "round": 4}
2026-05-06 19:04:57,432 - INFO - Tokens - Input: 2270, Output: 134, Total: 2404
{"id": 46, "ts": 1778087097.4338453, "event": "public_discussion_message", "round": 4, "agent": "agent_2", "message": "Candidate B \u2013 weak memory for numbers.\nMETADATA_JSON:\n{\"agent\": \"agent_2\", \"vote\": \"Candidate B\"}"}
2026-05-06 19:04:57,434 - INFO - Agent turns: 11
2026-05-06 19:05:03,030 - INFO - Tokens - Input: 1850, Output: 841, Total: 2691
2026-05-06 19:05:03,032 - INFO - Memory updates: 31
{"id": 47, "ts": 1778087103.0321646, "event": "memory_updated", "agent": "agent_1", "round": 4}
2026-05-06 19:05:04,206 - INFO - Tokens - Input: 1776, Output: 809, Total: 2585
2026-05-06 19:05:04,207 - INFO - Memory updates: 32
{"id": 48, "ts": 1778087104.2077935, "event": "memory_updated", "agent": "agent_2", "round": 4}
2026-05-06 19:05:04,815 - INFO - Tokens - Input: 1923, Output: 890, Total: 2813
2026-05-06 19:05:04,817 - INFO - Memory updates: 33
{"id": 49, "ts": 1778087104.8176813, "event": "memory_updated", "agent": "agent_3", "round": 4}
2026-05-06 19:05:06,023 - INFO - Tokens - Input: 2380, Output: 148, Total: 2528
{"id": 50, "ts": 1778087106.0253367, "event": "public_discussion_message", "round": 4, "agent": "agent_1", "message": "Candidate C \u2013 known to be 100% reliable.\nMETADATA_JSON:\n{\"agent\": \"agent_1\", \"vote\": \"Candidate C\"}"}
2026-05-06 19:05:06,025 - INFO - Agent turns: 12
2026-05-06 19:05:11,752 - INFO - Tokens - Input: 1864, Output: 819, Total: 2683
2026-05-06 19:05:11,753 - INFO - Memory updates: 34
{"id": 51, "ts": 1778087111.7538304, "event": "memory_updated", "agent": "agent_3", "round": 4}
2026-05-06 19:05:11,857 - INFO - Tokens - Input: 1892, Output: 757, Total: 2649
2026-05-06 19:05:11,858 - INFO - Memory updates: 35
{"id": 52, "ts": 1778087111.8588862, "event": "memory_updated", "agent": "agent_1", "round": 4}
2026-05-06 19:05:16,717 - INFO - Tokens - Input: 1875, Output: 1115, Total: 2990
2026-05-06 19:05:16,719 - INFO - Memory updates: 36
{"id": 53, "ts": 1778087116.719677, "event": "memory_updated", "agent": "agent_2", "round": 4}
2026-05-06 19:05:16,729 - INFO - Loop 4 completed
{"id": 54, "ts": 1778087116.735447, "event": "discussion_order", "round": 5, "order": ["agent_2", "agent_3", "agent_1"]}
2026-05-06 19:05:18,824 - INFO - Tokens - Input: 2377, Output: 190, Total: 2567
{"id": 55, "ts": 1778087118.8260212, "event": "public_discussion_message", "round": 5, "agent": "agent_2", "message": "Candidate B \u2013 weak memory for numbers.\nMETADATA_JSON:\n{\"agent\": \"agent_2\", \"vote\": \"Candidate B\"}"}
2026-05-06 19:05:18,826 - INFO - Agent turns: 13
2026-05-06 19:05:23,702 - INFO - Tokens - Input: 1865, Output: 859, Total: 2724
2026-05-06 19:05:23,704 - INFO - Memory updates: 37
{"id": 56, "ts": 1778087123.7044797, "event": "memory_updated", "agent": "agent_2", "round": 5}
2026-05-06 19:05:24,133 - INFO - Tokens - Input: 1925, Output: 887, Total: 2812
2026-05-06 19:05:24,135 - INFO - Memory updates: 38
{"id": 57, "ts": 1778087124.1353338, "event": "memory_updated", "agent": "agent_1", "round": 5}
2026-05-06 19:05:25,834 - INFO - Tokens - Input: 1910, Output: 1043, Total: 2953
2026-05-06 19:05:25,836 - INFO - Memory updates: 39
{"id": 58, "ts": 1778087125.8365555, "event": "memory_updated", "agent": "agent_3", "round": 5}
2026-05-06 19:05:26,749 - INFO - Tokens - Input: 2419, Output: 110, Total: 2529
{"id": 59, "ts": 1778087126.7508314, "event": "public_discussion_message", "round": 5, "agent": "agent_3", "message": "Candidate B \u2013 handles stress very well.\nMETADATA_JSON:\n{\"agent\": \"agent_3\", \"vote\": \"Candidate B\"}"}
2026-05-06 19:05:26,751 - INFO - Agent turns: 14
2026-05-06 19:05:33,174 - INFO - Tokens - Input: 1961, Output: 895, Total: 2856
2026-05-06 19:05:33,176 - INFO - Memory updates: 40
{"id": 60, "ts": 1778087133.177045, "event": "memory_updated", "agent": "agent_1", "round": 5}
2026-05-06 19:05:33,326 - INFO - Tokens - Input: 1925, Output: 794, Total: 2719
2026-05-06 19:05:33,328 - INFO - Memory updates: 41
{"id": 61, "ts": 1778087133.3283594, "event": "memory_updated", "agent": "agent_3", "round": 5}
2026-05-06 19:05:33,632 - INFO - Tokens - Input: 1895, Output: 859, Total: 2754
2026-05-06 19:05:33,633 - INFO - Memory updates: 42
{"id": 62, "ts": 1778087133.6340775, "event": "memory_updated", "agent": "agent_2", "round": 5}
2026-05-06 19:05:35,088 - INFO - Tokens - Input: 2491, Output: 174, Total: 2665
{"id": 63, "ts": 1778087135.089434, "event": "public_discussion_message", "round": 5, "agent": "agent_1", "message": "Candidate C \u2013 100% reliable.\nMETADATA_JSON:\n{\"agent\": \"agent_1\", \"vote\": \"Candidate C\"}"}
2026-05-06 19:05:35,089 - INFO - Agent turns: 15
2026-05-06 19:05:40,031 - INFO - Tokens - Input: 1997, Output: 714, Total: 2711
2026-05-06 19:05:40,033 - INFO - Memory updates: 43
{"id": 64, "ts": 1778087140.0332341, "event": "memory_updated", "agent": "agent_1", "round": 5}
2026-05-06 19:05:41,581 - INFO - Tokens - Input: 1916, Output: 918, Total: 2834
2026-05-06 19:05:41,582 - INFO - Memory updates: 44
{"id": 65, "ts": 1778087141.5831418, "event": "memory_updated", "agent": "agent_2", "round": 5}
2026-05-06 19:05:44,740 - INFO - Tokens - Input: 1897, Output: 1130, Total: 3027
2026-05-06 19:05:44,742 - INFO - Memory updates: 45
{"id": 66, "ts": 1778087144.7426686, "event": "memory_updated", "agent": "agent_3", "round": 5}
2026-05-06 19:05:44,752 - INFO - Loop 5 completed
2026-05-06 19:05:44,752 - INFO - Final Chosen Candidate: Candidate B
2026-05-06 19:05:44,752 - INFO - Final Decision Method: max_round_majority_vote
2026-05-06 19:05:44,752 - INFO - Final Vote Count: {'Candidate C': 1, 'Candidate B': 2}
2026-05-06 19:05:44,752 - INFO - Correct Candidate: Candidate C
2026-05-06 19:05:44,752 - INFO - Decision Correct: 0
{"id": 67, "ts": 1778087145.101308, "event": "context_consistency_calculated", "method": "embedding_cosine", "mean_pairwise_similarity": 0.899078, "pairwise": [{"agent_a": "agent_1", "agent_b": "agent_2", "similarity": 0.925779}, {"agent_a": "agent_1", "agent_b": "agent_3", "similarity": 0.868295}, {"agent_a": "agent_2", "agent_b": "agent_3", "similarity": 0.90316}]}
{"id": 68, "ts": 1778087145.101482, "event": "agent_memories_archived", "directory": "/home/lhegemann/git/bachelor_thesis/01_data/raw/simulations/low/low_20260506_181837_015/shared_mental_models", "round": 5}
{"id": 69, "ts": 1778087145.101571, "event": "final_decision", "candidate": "Candidate B", "method": "max_round_majority_vote", "vote_count": {"Candidate C": 1, "Candidate B": 2}, "correct_candidate": "Candidate C", "decision_correct": 0, "round": 5}
2026-05-06 19:05:45,110 - INFO - ======================================================================
2026-05-06 19:05:45,111 - INFO - SIMULATION METRICS
2026-05-06 19:05:45,111 - INFO - ======================================================================
2026-05-06 19:05:45,111 - INFO - Total Loops: 5
2026-05-06 19:05:45,111 - INFO - Agent Turns (no vote checker): 15
2026-05-06 19:05:45,111 - INFO - Agent Tool Calls: 0
2026-05-06 19:05:45,111 - INFO - Agent Tool Messages: 0
2026-05-06 19:05:45,111 - INFO - Memory Updates: 45
2026-05-06 19:05:45,111 - INFO - Total Messages (no vote checker): 15
2026-05-06 19:05:45,111 - INFO - Input Tokens: 114594
2026-05-06 19:05:45,111 - INFO - Output Tokens: 47098
2026-05-06 19:05:45,111 - INFO - Total Tokens: 161692
2026-05-06 19:05:45,111 - INFO - Final Chosen Candidate: Candidate B
2026-05-06 19:05:45,112 - INFO - Final Decision Method: max_round_majority_vote
2026-05-06 19:05:45,112 - INFO - Final Vote Count: {'Candidate C': 1, 'Candidate B': 2}
2026-05-06 19:05:45,112 - INFO - Correct Candidate: Candidate C
2026-05-06 19:05:45,112 - INFO - Decision Correct: 0
2026-05-06 19:05:45,112 - INFO - Runtime: 164.43s
2026-05-06 19:05:45,112 - INFO - ======================================================================
