2026-05-07 22:29:30,782 - INFO - Metrics tracker initialized
{"id": 1, "ts": 1778185770.809055, "event": "memory_reset"}
{"id": 2, "ts": 1778185770.8121395, "event": "discussion_order", "round": 1, "order": ["agent_3", "agent_2", "agent_1"]}
2026-05-07 22:29:39,709 - INFO - Tokens - Input: 1414, Output: 949, Total: 2363
{"id": 3, "ts": 1778185779.7106977, "event": "public_discussion_message", "round": 1, "agent": "agent_3", "message": "I provisionally favor **Candidate\u202fB** because they are very conscientious, supporting reliability, and they handle stress well, which is crucial for staying calm on long\u2011distance flights. However, their pretentious demeanor and occasional wrong tone when communicating could undermine crew cooperation.\nMETADATA_JSON:\n{\"agent\": \"agent_3\", \"vote\": \"Candidate B\"}"}
2026-05-07 22:29:39,710 - INFO - Agent turns: 1
2026-05-07 22:29:44,853 - INFO - Tokens - Input: 1565, Output: 699, Total: 2264
{"id": 4, "ts": 1778185784.8551197, "event": "public_discussion_message", "round": 1, "agent": "agent_2", "message": "I provisionally favor **Candidate\u202fD** because they take responsibility seriously and solve problems extremely well, which supports reliability and technical competence on long\u2011distance flights; they also concentrate very well and respond adequately to unexpected events, indicating calmness under pressure. The main trade\u2011off is their hot temper and \u201cknow\u2011it\u2011all\u201d attitude, which could undermine crew cooperation.\nMETADATA_JSON:\n{\"agent\": \"agent_2\", \"vote\": \"Candidate D\"}"}
2026-05-07 22:29:44,855 - INFO - Agent turns: 2
2026-05-07 22:29:51,981 - INFO - Tokens - Input: 1687, Output: 1071, Total: 2758
{"id": 5, "ts": 1778185791.982667, "event": "public_discussion_message", "round": 1, "agent": "agent_1", "message": "I provisionally favor **Candidate\u202fB** because they are very conscientious (supporting reliability) and handle stress well (crucial for staying calm on long\u2011distance flights). Their strong weather\u2011assessment ability and excellent computer skills also bolster the technical competence needed for such routes.\nThe main trade\u2011off is their tendency to be grumpy and uncooperative, which could undermine crew cooperation and safety.\nMETADATA_JSON:\n{\"agent\": \"agent_1\", \"vote\": \"Candidate B\"}"}
2026-05-07 22:29:51,982 - INFO - Agent turns: 3
2026-05-07 22:29:51,991 - INFO - Loop 1 completed
{"id": 6, "ts": 1778185791.9980834, "event": "discussion_order", "round": 2, "order": ["agent_3", "agent_2", "agent_1"]}
2026-05-07 22:29:57,545 - INFO - Tokens - Input: 1720, Output: 691, Total: 2411
{"id": 7, "ts": 1778185797.5465746, "event": "public_discussion_message", "round": 2, "agent": "agent_3", "message": "I continue to favor **Candidate\u202fB**. Their very conscientious nature and strong stress\u2011handling ability support reliability and calmness on long\u2011distance flights, while their skill in weather assessment and computer use adds solid technical competence. The main uncertainty is their pretentious demeanor and occasional wrong tone, which could hinder crew cooperation.\nMETADATA_JSON:\n{\"agent\": \"agent_3\", \"vote\": \"Candidate B\"}"}
2026-05-07 22:29:57,546 - INFO - Agent turns: 4
2026-05-07 22:30:05,164 - INFO - Tokens - Input: 1880, Output: 872, Total: 2752
{"id": 8, "ts": 1778185805.1656404, "event": "public_discussion_message", "round": 2, "agent": "agent_2", "message": "I continue to favor **Candidate\u202fB**. Their very conscientious nature and strong stress\u2011handling ability give high reliability and calmness under the long\u2011duration pressures of intercontinental flights, while their skill in weather assessment and excellent computer abilities provide essential technical competence. The main trade\u2011off is their tendency to make nasty remarks about colleagues, which could undermine crew cooperation and safety.\nMETADATA_JSON:\n{\"agent\": \"agent_2\", \"vote\": \"Candidate B\"}"}
2026-05-07 22:30:05,165 - INFO - Agent turns: 5
2026-05-07 22:30:13,771 - INFO - Tokens - Input: 1991, Output: 1164, Total: 3155
{"id": 9, "ts": 1778185813.77334, "event": "public_discussion_message", "round": 2, "agent": "agent_1", "message": "I now favor **Candidate\u202fD** because they take responsibility seriously, solve problems extremely well, and concentrate very well, which together support high reliability, strong technical competence, and calmness under pressure on long\u2011distance flights. Their ability to respond adequately to unexpected events further reinforces their suitability for handling in\u2011flight challenges.\nThe main trade\u2011off is that Candidate\u202fD is regarded as arrogant and has relatively weak leadership skills, which could hinder crew cooperation and the positive cockpit atmosphere.\nMETADATA_JSON:\n{\"agent\": \"agent_1\", \"vote\": \"Candidate D\"}"}
2026-05-07 22:30:13,773 - INFO - Agent turns: 6
2026-05-07 22:30:13,783 - INFO - Loop 2 completed
{"id": 10, "ts": 1778185813.787778, "event": "discussion_order", "round": 3, "order": ["agent_1", "agent_3", "agent_2"]}
2026-05-07 22:30:20,339 - INFO - Tokens - Input: 2044, Output: 843, Total: 2887
{"id": 11, "ts": 1778185820.3410363, "event": "public_discussion_message", "round": 3, "agent": "agent_1", "message": "I now favor **Candidate\u202fA** because their ability to anticipate dangerous situations and excellent spatial vision give strong technical competence for long\u2011distance flights, and their very good leadership qualities support crew cooperation and decision\u2011making. The main trade\u2011off is that they can be unorganized and struggle with taking criticism, which could hinder effective communication and planning in the cockpit.\nMETADATA_JSON:\n{\"agent\": \"agent_1\", \"vote\": \"Candidate A\"}"}
2026-05-07 22:30:20,341 - INFO - Agent turns: 7
2026-05-07 22:30:29,993 - INFO - Tokens - Input: 2207, Output: 1298, Total: 3505
{"id": 12, "ts": 1778185829.9944086, "event": "public_discussion_message", "round": 3, "agent": "agent_3", "message": "I now favor **Candidate\u202fA** because their ability to anticipate dangerous situations, excellent spatial vision, and very good leadership qualities give strong technical competence and support crew cooperation\u2014both critical for long\u2011distance flights. The main trade\u2011off is their unfriendly demeanor (and related organizational/criticism issues), which could hinder crew harmony and communication.\nMETADATA_JSON:\n{\"agent\": \"agent_3\", \"vote\": \"Candidate A\"}"}
2026-05-07 22:30:29,994 - INFO - Agent turns: 8
2026-05-07 22:30:38,030 - INFO - Tokens - Input: 2309, Output: 984, Total: 3293
{"id": 13, "ts": 1778185838.0317328, "event": "public_discussion_message", "round": 3, "agent": "agent_2", "message": "I continue to favor **Candidate\u202fB** because their very conscientious nature and strong stress\u2011handling ability give high reliability and calmness under the prolonged pressures of long\u2011distance flights, and their skill in assessing weather conditions together with excellent computer abilities provide essential technical competence for navigating complex routes. The main trade\u2011off is their tendency to make nasty remarks about colleagues, which could undermine crew cooperation and cockpit harmony.\nMETADATA_JSON:\n{\"agent\": \"agent_2\", \"vote\": \"Candidate B\"}"}
2026-05-07 22:30:38,031 - INFO - Agent turns: 9
2026-05-07 22:30:38,041 - INFO - Loop 3 completed
{"id": 14, "ts": 1778185838.0471487, "event": "discussion_order", "round": 4, "order": ["agent_2", "agent_3", "agent_1"]}
2026-05-07 22:30:44,802 - INFO - Tokens - Input: 2353, Output: 1058, Total: 3411
{"id": 15, "ts": 1778185844.8035893, "event": "public_discussion_message", "round": 4, "agent": "agent_2", "message": "I now favor **Candidate\u202fA** because their ability to anticipate dangerous situations and excellent spatial vision provide strong technical competence for long\u2011distance flights, and their very good leadership qualities support effective crew coordination. The main trade\u2011off is that they are regarded as a show\u2011off and not open to new ideas, which could impair crew cooperation and openness to feedback.\nMETADATA_JSON:\n{\"agent\": \"agent_2\", \"vote\": \"Candidate A\"}"}
2026-05-07 22:30:44,803 - INFO - Agent turns: 10
2026-05-07 22:30:49,592 - INFO - Tokens - Input: 2513, Output: 703, Total: 3216
{"id": 16, "ts": 1778185849.5940382, "event": "public_discussion_message", "round": 4, "agent": "agent_3", "message": "I continue to favor **Candidate\u202fB** because their very conscientious nature supports high reliability, and their strong stress\u2011handling ability ensures calmness on long\u2011distance flights; together with solid weather\u2011assessment and computer skills they also provide good technical competence. The main trade\u2011off is their pretentious demeanor and occasional wrong tone, which could undermine crew cooperation.\nMETADATA_JSON:\n{\"agent\": \"agent_3\", \"vote\": \"Candidate B\"}"}
2026-05-07 22:30:49,594 - INFO - Agent turns: 11
2026-05-07 22:30:59,586 - INFO - Tokens - Input: 2616, Output: 1309, Total: 3925
{"id": 17, "ts": 1778185859.5880961, "event": "public_discussion_message", "round": 4, "agent": "agent_1", "message": "I now favor **Candidate\u202fC** because they are known to be 100\u202f% reliable and create a positive atmosphere with the crew, which supports both the high reliability and cooperation needed for long\u2011distance flights. Their ability to make correct decisions quickly also helps handle unexpected situations during extended routes. The main trade\u2011off is their difficulty communicating ideas and egocentric attitude, which could pose challenges for crew coordination and openness to feedback.\nMETADATA_JSON:\n{\"agent\": \"agent_1\", \"vote\": \"Candidate C\"}"}
2026-05-07 22:30:59,588 - INFO - Agent turns: 12
2026-05-07 22:30:59,597 - INFO - Loop 4 completed
{"id": 18, "ts": 1778185859.6042871, "event": "discussion_order", "round": 5, "order": ["agent_2", "agent_3", "agent_1"]}
2026-05-07 22:31:04,696 - INFO - Tokens - Input: 2674, Output: 764, Total: 3438
{"id": 19, "ts": 1778185864.6974287, "event": "public_discussion_message", "round": 5, "agent": "agent_2", "message": "I now favor **Candidate\u202fC** because they are described as 100\u202f% reliable and keep calm in a crisis, which is essential for the sustained pressures of long\u2011distance flights, and they can make correct decisions quickly, supporting effective handling of unexpected situations. Their understanding of complicated technology also contributes to the needed technical competence. The main trade\u2011off is their difficulty communicating ideas and egocentric attitude, which could pose challenges for crew coordination and cooperation.\nMETADATA_JSON:\n{\"agent\": \"agent_2\", \"vote\": \"Candidate C\"}"}
2026-05-07 22:31:04,697 - INFO - Agent turns: 13
2026-05-07 22:31:14,943 - INFO - Tokens - Input: 2867, Output: 1470, Total: 4337
{"id": 20, "ts": 1778185874.944511, "event": "public_discussion_message", "round": 5, "agent": "agent_3", "message": "I prefer **Candidate\u202fD** because they take responsibility seriously and solve problems extremely well, giving strong reliability and technical competence for long\u2011distance flights, and they concentrate very well while responding adequately to unexpected events, supporting calmness under pressure. The main trade\u2011off is that they are considered moody and a loner, which could hinder crew cooperation and cockpit harmony.\nMETADATA_JSON:\n{\"agent\": \"agent_3\", \"vote\": \"Candidate D\"}"}
2026-05-07 22:31:14,944 - INFO - Agent turns: 14
2026-05-07 22:31:22,846 - INFO - Tokens - Input: 2956, Output: 1077, Total: 4033
{"id": 21, "ts": 1778185882.8478837, "event": "public_discussion_message", "round": 5, "agent": "agent_1", "message": "I currently favor **Candidate\u202fC** because they are known to be 100\u202f% reliable and create a positive atmosphere with the crew, which supports the high reliability and cooperation essential for long\u2011distance flights. Their ability to make correct decisions quickly also helps handle unexpected situations efficiently. The main trade\u2011off is their difficulty communicating ideas and egocentric attitude, which could pose challenges for crew coordination.\nMETADATA_JSON:\n{\"agent\": \"agent_1\", \"vote\": \"Candidate C\"}"}
2026-05-07 22:31:22,848 - INFO - Agent turns: 15
2026-05-07 22:31:22,857 - INFO - Loop 5 completed
2026-05-07 22:31:22,858 - INFO - Final Chosen Candidate: Candidate C
2026-05-07 22:31:22,858 - INFO - Final Decision Method: max_round_majority_vote
2026-05-07 22:31:22,858 - INFO - Final Vote Count: {'Candidate C': 2, 'Candidate D': 1}
2026-05-07 22:31:22,858 - INFO - Correct Candidate: Candidate C
2026-05-07 22:31:22,858 - INFO - Decision Correct: 1
{"id": 22, "ts": 1778185882.8598106, "event": "context_consistency_not_applicable", "reason": "explicit_smm_memory_disabled"}
{"id": 23, "ts": 1778185882.8599875, "event": "final_decision", "candidate": "Candidate C", "method": "max_round_majority_vote", "vote_count": {"Candidate C": 2, "Candidate D": 1}, "correct_candidate": "Candidate C", "decision_correct": 1, "round": 5}
2026-05-07 22:31:22,867 - INFO - ======================================================================
2026-05-07 22:31:22,868 - INFO - SIMULATION METRICS
2026-05-07 22:31:22,868 - INFO - ======================================================================
2026-05-07 22:31:22,868 - INFO - Total Loops: 5
2026-05-07 22:31:22,868 - INFO - Agent Turns (no vote checker): 15
2026-05-07 22:31:22,868 - INFO - Agent Tool Calls: 0
2026-05-07 22:31:22,868 - INFO - Agent Tool Messages: 0
2026-05-07 22:31:22,868 - INFO - Memory Updates: 0
2026-05-07 22:31:22,868 - INFO - Total Messages (no vote checker): 15
2026-05-07 22:31:22,868 - INFO - Input Tokens: 32796
2026-05-07 22:31:22,868 - INFO - Output Tokens: 14952
2026-05-07 22:31:22,868 - INFO - Total Tokens: 47748
2026-05-07 22:31:22,869 - INFO - Final Chosen Candidate: Candidate C
2026-05-07 22:31:22,869 - INFO - Final Decision Method: max_round_majority_vote
2026-05-07 22:31:22,869 - INFO - Final Vote Count: {'Candidate C': 2, 'Candidate D': 1}
2026-05-07 22:31:22,869 - INFO - Correct Candidate: Candidate C
2026-05-07 22:31:22,869 - INFO - Decision Correct: 1
2026-05-07 22:31:22,869 - INFO - Runtime: 112.09s
2026-05-07 22:31:22,869 - INFO - ======================================================================
