2026-05-07 21:11:11,503 - INFO - Metrics tracker initialized
{"id": 1, "ts": 1778181071.5316575, "event": "memory_reset"}
{"id": 2, "ts": 1778181071.5359437, "event": "discussion_order", "round": 1, "order": ["agent_2", "agent_3", "agent_1"]}
2026-05-07 21:11:18,258 - INFO - Tokens - Input: 1395, Output: 619, Total: 2014
{"id": 3, "ts": 1778181078.259823, "event": "public_discussion_message", "round": 1, "agent": "agent_2", "message": "I prefer Candidate D \u2013 takes responsibility seriously.\nMETADATA_JSON:\n{\"agent\": \"agent_2\", \"vote\": \"Candidate D\"}"}
2026-05-07 21:11:18,259 - INFO - Agent turns: 1
2026-05-07 21:11:23,368 - INFO - Tokens - Input: 1442, Output: 608, Total: 2050
{"id": 4, "ts": 1778181083.3698444, "event": "public_discussion_message", "round": 1, "agent": "agent_3", "message": "I prefer Candidate B \u2013 handles stress very well.\nMETADATA_JSON:\n{\"agent\": \"agent_3\", \"vote\": \"Candidate B\"}"}
2026-05-07 21:11:23,370 - INFO - Agent turns: 2
2026-05-07 21:11:27,900 - INFO - Tokens - Input: 1486, Output: 623, Total: 2109
{"id": 5, "ts": 1778181087.9022045, "event": "public_discussion_message", "round": 1, "agent": "agent_1", "message": "I prefer Candidate C \u2013 known to be 100% reliable.\nMETADATA_JSON:\n{\"agent\": \"agent_1\", \"vote\": \"Candidate C\"}"}
2026-05-07 21:11:27,902 - INFO - Agent turns: 3
2026-05-07 21:11:27,912 - INFO - Loop 1 completed
{"id": 6, "ts": 1778181087.9191818, "event": "discussion_order", "round": 2, "order": ["agent_1", "agent_3", "agent_2"]}
2026-05-07 21:11:30,797 - INFO - Tokens - Input: 1528, Output: 361, Total: 1889
{"id": 7, "ts": 1778181090.79896, "event": "public_discussion_message", "round": 2, "agent": "agent_1", "message": "I prefer Candidate A \u2013 excellent spatial vision.\nMETADATA_JSON:\n{\"agent\": \"agent_1\", \"vote\": \"Candidate A\"}"}
2026-05-07 21:11:30,799 - INFO - Agent turns: 4
2026-05-07 21:11:36,957 - INFO - Tokens - Input: 1558, Output: 854, Total: 2412
{"id": 8, "ts": 1778181096.9584408, "event": "public_discussion_message", "round": 2, "agent": "agent_3", "message": "I prefer Candidate B \u2013 handles stress very well.\nMETADATA_JSON:\n{\"agent\": \"agent_3\", \"vote\": \"Candidate B\"}"}
2026-05-07 21:11:36,958 - INFO - Agent turns: 5
2026-05-07 21:11:44,908 - INFO - Tokens - Input: 1605, Output: 933, Total: 2538
{"id": 9, "ts": 1778181104.9101646, "event": "public_discussion_message", "round": 2, "agent": "agent_2", "message": "I prefer Candidate A \u2013 excellent spatial vision.\nMETADATA_JSON:\n{\"agent\": \"agent_2\", \"vote\": \"Candidate A\"}"}
2026-05-07 21:11:44,910 - INFO - Agent turns: 6
2026-05-07 21:11:44,919 - INFO - Loop 2 completed
{"id": 10, "ts": 1778181104.9248798, "event": "discussion_order", "round": 3, "order": ["agent_2", "agent_1", "agent_3"]}
2026-05-07 21:11:49,962 - INFO - Tokens - Input: 1636, Output: 690, Total: 2326
{"id": 11, "ts": 1778181109.964255, "event": "public_discussion_message", "round": 3, "agent": "agent_2", "message": "I prefer Candidate A \u2013 excellent spatial vision.\nMETADATA_JSON:\n{\"agent\": \"agent_2\", \"vote\": \"Candidate A\"}"}
2026-05-07 21:11:49,964 - INFO - Agent turns: 7
2026-05-07 21:11:56,241 - INFO - Tokens - Input: 1675, Output: 810, Total: 2485
{"id": 12, "ts": 1778181116.2423203, "event": "public_discussion_message", "round": 3, "agent": "agent_1", "message": "I prefer Candidate C \u2013 known to be 100% reliable.\nMETADATA_JSON:\n{\"agent\": \"agent_1\", \"vote\": \"Candidate C\"}"}
2026-05-07 21:11:56,242 - INFO - Agent turns: 8
2026-05-07 21:12:04,361 - INFO - Tokens - Input: 1715, Output: 1082, Total: 2797
{"id": 13, "ts": 1778181124.3624473, "event": "public_discussion_message", "round": 3, "agent": "agent_3", "message": "I prefer Candidate A \u2013 excellent spatial vision.\nMETADATA_JSON:\n{\"agent\": \"agent_3\", \"vote\": \"Candidate A\"}"}
2026-05-07 21:12:04,362 - INFO - Agent turns: 9
2026-05-07 21:12:04,371 - INFO - Loop 3 completed
{"id": 14, "ts": 1778181124.3770266, "event": "discussion_order", "round": 4, "order": ["agent_2", "agent_1", "agent_3"]}
2026-05-07 21:12:09,301 - INFO - Tokens - Input: 1751, Output: 495, Total: 2246
{"id": 15, "ts": 1778181129.30318, "event": "public_discussion_message", "round": 4, "agent": "agent_2", "message": "I prefer Candidate A \u2013 excellent spatial vision.\nMETADATA_JSON:\n{\"agent\": \"agent_2\", \"vote\": \"Candidate A\"}"}
2026-05-07 21:12:09,303 - INFO - Agent turns: 10
2026-05-07 21:12:15,596 - INFO - Tokens - Input: 1790, Output: 754, Total: 2544
{"id": 16, "ts": 1778181135.5979397, "event": "public_discussion_message", "round": 4, "agent": "agent_1", "message": "I prefer Candidate A \u2013 excellent spatial vision.\nMETADATA_JSON:\n{\"agent\": \"agent_1\", \"vote\": \"Candidate A\"}"}
2026-05-07 21:12:15,598 - INFO - Agent turns: 11
2026-05-07 21:12:19,497 - INFO - Tokens - Input: 1822, Output: 508, Total: 2330
{"id": 17, "ts": 1778181139.499293, "event": "public_discussion_message", "round": 4, "agent": "agent_3", "message": "I prefer Candidate B \u2013 handles stress very well.\nMETADATA_JSON:\n{\"agent\": \"agent_3\", \"vote\": \"Candidate B\"}"}
2026-05-07 21:12:19,499 - INFO - Agent turns: 12
2026-05-07 21:12:19,509 - INFO - Loop 4 completed
{"id": 18, "ts": 1778181139.5153925, "event": "discussion_order", "round": 5, "order": ["agent_1", "agent_2", "agent_3"]}
2026-05-07 21:12:20,770 - INFO - Tokens - Input: 1860, Output: 147, Total: 2007
{"id": 19, "ts": 1778181140.771817, "event": "public_discussion_message", "round": 5, "agent": "agent_1", "message": "I prefer Candidate A \u2013 excellent spatial vision.\nMETADATA_JSON:\n{\"agent\": \"agent_1\", \"vote\": \"Candidate A\"}"}
2026-05-07 21:12:20,771 - INFO - Agent turns: 13
2026-05-07 21:12:24,134 - INFO - Tokens - Input: 1905, Output: 444, Total: 2349
{"id": 20, "ts": 1778181144.136224, "event": "public_discussion_message", "round": 5, "agent": "agent_2", "message": "I prefer Candidate A \u2013 not open to new ideas.\nMETADATA_JSON:\n{\"agent\": \"agent_2\", \"vote\": \"Candidate A\"}"}
2026-05-07 21:12:24,136 - INFO - Agent turns: 14
2026-05-07 21:12:27,878 - INFO - Tokens - Input: 1938, Output: 481, Total: 2419
{"id": 21, "ts": 1778181147.8801258, "event": "public_discussion_message", "round": 5, "agent": "agent_3", "message": "I prefer Candidate B \u2013 handles stress very well.\nMETADATA_JSON:\n{\"agent\": \"agent_3\", \"vote\": \"Candidate B\"}"}
2026-05-07 21:12:27,880 - INFO - Agent turns: 15
2026-05-07 21:12:27,888 - INFO - Loop 5 completed
2026-05-07 21:12:27,888 - INFO - Final Chosen Candidate: Candidate A
2026-05-07 21:12:27,889 - INFO - Final Decision Method: max_round_majority_vote
2026-05-07 21:12:27,889 - INFO - Final Vote Count: {'Candidate A': 2, 'Candidate B': 1}
2026-05-07 21:12:27,889 - INFO - Correct Candidate: Candidate C
2026-05-07 21:12:27,889 - INFO - Decision Correct: 0
{"id": 22, "ts": 1778181147.8905356, "event": "context_consistency_not_applicable", "reason": "explicit_smm_memory_disabled"}
{"id": 23, "ts": 1778181147.8906865, "event": "final_decision", "candidate": "Candidate A", "method": "max_round_majority_vote", "vote_count": {"Candidate A": 2, "Candidate B": 1}, "correct_candidate": "Candidate C", "decision_correct": 0, "round": 5}
2026-05-07 21:12:27,897 - INFO - ======================================================================
2026-05-07 21:12:27,897 - INFO - SIMULATION METRICS
2026-05-07 21:12:27,897 - INFO - ======================================================================
2026-05-07 21:12:27,897 - INFO - Total Loops: 5
2026-05-07 21:12:27,897 - INFO - Agent Turns (no vote checker): 15
2026-05-07 21:12:27,897 - INFO - Agent Tool Calls: 0
2026-05-07 21:12:27,897 - INFO - Agent Tool Messages: 0
2026-05-07 21:12:27,897 - INFO - Memory Updates: 0
2026-05-07 21:12:27,897 - INFO - Total Messages (no vote checker): 15
2026-05-07 21:12:27,898 - INFO - Input Tokens: 25106
2026-05-07 21:12:27,898 - INFO - Output Tokens: 9409
2026-05-07 21:12:27,898 - INFO - Total Tokens: 34515
2026-05-07 21:12:27,898 - INFO - Final Chosen Candidate: Candidate A
2026-05-07 21:12:27,898 - INFO - Final Decision Method: max_round_majority_vote
2026-05-07 21:12:27,898 - INFO - Final Vote Count: {'Candidate A': 2, 'Candidate B': 1}
2026-05-07 21:12:27,898 - INFO - Correct Candidate: Candidate C
2026-05-07 21:12:27,898 - INFO - Decision Correct: 0
2026-05-07 21:12:27,898 - INFO - Runtime: 76.39s
2026-05-07 21:12:27,898 - INFO - ======================================================================
