2026-05-07 14:47:28,402 - INFO - Metrics tracker initialized
{"id": 1, "ts": 1778158048.429745, "event": "memory_reset"}
{"id": 2, "ts": 1778158048.4331477, "event": "discussion_order", "round": 1, "order": ["agent_2", "agent_3", "agent_1"]}
2026-05-07 14:47:36,844 - INFO - Tokens - Input: 1689, Output: 674, Total: 2363
{"id": 3, "ts": 1778158056.8454378, "event": "public_discussion_message", "round": 1, "agent": "agent_2", "message": "I prefer Candidate A \u2013 can anticipate dangerous situations.\nMETADATA_JSON:\n{\"agent\": \"agent_2\", \"vote\": \"Candidate A\"}"}
2026-05-07 14:47:36,845 - INFO - Agent turns: 1
2026-05-07 14:47:44,342 - INFO - Tokens - Input: 1186, Output: 808, Total: 1994
2026-05-07 14:47:44,345 - INFO - Memory updates: 1
{"id": 4, "ts": 1778158064.3451822, "event": "memory_updated", "agent": "agent_3", "round": 1}
2026-05-07 14:47:46,409 - INFO - Tokens - Input: 1194, Output: 1334, Total: 2528
2026-05-07 14:47:46,411 - INFO - Memory updates: 2
{"id": 5, "ts": 1778158066.4115224, "event": "memory_updated", "agent": "agent_2", "round": 1}
2026-05-07 14:47:46,595 - INFO - Tokens - Input: 1191, Output: 1302, Total: 2493
2026-05-07 14:47:46,597 - INFO - Memory updates: 3
{"id": 6, "ts": 1778158066.597258, "event": "memory_updated", "agent": "agent_1", "round": 1}
2026-05-07 14:47:52,672 - INFO - Tokens - Input: 1838, Output: 432, Total: 2270
{"id": 7, "ts": 1778158072.6734152, "event": "public_discussion_message", "round": 1, "agent": "agent_3", "message": "I favor Candidate D \u2013 solves problems extremely well.\nMETADATA_JSON:\n{\"agent\": \"agent_3\", \"vote\": \"Candidate D\"}"}
2026-05-07 14:47:52,673 - INFO - Agent turns: 2
2026-05-07 14:48:02,004 - INFO - Tokens - Input: 1730, Output: 1270, Total: 3000
2026-05-07 14:48:02,006 - INFO - Memory updates: 4
{"id": 8, "ts": 1778158082.006583, "event": "memory_updated", "agent": "agent_1", "round": 1}
2026-05-07 14:48:03,744 - INFO - Tokens - Input: 1759, Output: 1006, Total: 2765
2026-05-07 14:48:03,745 - INFO - Memory updates: 5
{"id": 9, "ts": 1778158083.7457492, "event": "memory_updated", "agent": "agent_2", "round": 1}
2026-05-07 14:48:07,481 - INFO - Tokens - Input: 1348, Output: 1679, Total: 3027
2026-05-07 14:48:07,483 - INFO - Memory updates: 6
{"id": 10, "ts": 1778158087.4831972, "event": "memory_updated", "agent": "agent_3", "round": 1}
2026-05-07 14:48:10,498 - INFO - Tokens - Input: 2397, Output: 384, Total: 2781
{"id": 11, "ts": 1778158090.50035, "event": "public_discussion_message", "round": 1, "agent": "agent_1", "message": "I prefer Candidate A \u2013 can be unorganized.\nMETADATA_JSON:\n{\"agent\": \"agent_1\", \"vote\": \"Candidate A\"}"}
2026-05-07 14:48:10,500 - INFO - Agent turns: 3
2026-05-07 14:48:19,752 - INFO - Tokens - Input: 1813, Output: 1190, Total: 3003
2026-05-07 14:48:19,754 - INFO - Memory updates: 7
{"id": 12, "ts": 1778158099.7541819, "event": "memory_updated", "agent": "agent_2", "round": 1}
2026-05-07 14:48:20,427 - INFO - Tokens - Input: 1907, Output: 1256, Total: 3163
2026-05-07 14:48:20,429 - INFO - Memory updates: 8
{"id": 13, "ts": 1778158100.429648, "event": "memory_updated", "agent": "agent_1", "round": 1}
2026-05-07 14:48:20,796 - INFO - Tokens - Input: 1799, Output: 1246, Total: 3045
2026-05-07 14:48:20,798 - INFO - Memory updates: 9
{"id": 14, "ts": 1778158100.7987525, "event": "memory_updated", "agent": "agent_3", "round": 1}
2026-05-07 14:48:20,807 - INFO - Loop 1 completed
{"id": 15, "ts": 1778158100.8135722, "event": "discussion_order", "round": 2, "order": ["agent_2", "agent_1", "agent_3"]}
2026-05-07 14:48:28,806 - INFO - Tokens - Input: 2461, Output: 170, Total: 2631
{"id": 16, "ts": 1778158108.8076808, "event": "public_discussion_message", "round": 2, "agent": "agent_2", "message": "I still favor Candidate A \u2013 can anticipate dangerous situations.\nMETADATA_JSON:\n{\"agent\": \"agent_2\", \"vote\": \"Candidate A\"}"}
2026-05-07 14:48:28,807 - INFO - Agent turns: 4
2026-05-07 14:48:35,677 - INFO - Tokens - Input: 1955, Output: 926, Total: 2881
2026-05-07 14:48:35,679 - INFO - Memory updates: 10
{"id": 17, "ts": 1778158115.6800272, "event": "memory_updated", "agent": "agent_2", "round": 2}
2026-05-07 14:48:39,227 - INFO - Tokens - Input: 1895, Output: 1248, Total: 3143
2026-05-07 14:48:39,228 - INFO - Memory updates: 11
{"id": 18, "ts": 1778158119.229078, "event": "memory_updated", "agent": "agent_3", "round": 2}
2026-05-07 14:48:45,602 - INFO - Tokens - Input: 1939, Output: 1002, Total: 2941
2026-05-07 14:48:45,604 - INFO - Memory updates: 12
{"id": 19, "ts": 1778158125.6043818, "event": "memory_updated", "agent": "agent_1", "round": 2}
2026-05-07 14:48:50,479 - INFO - Tokens - Input: 2260, Output: 306, Total: 2566
{"id": 20, "ts": 1778158130.4814935, "event": "public_discussion_message", "round": 2, "agent": "agent_1", "message": "I prefer Candidate A \u2013 excellent spatial vision.\nMETADATA_JSON:\n{\"agent\": \"agent_1\", \"vote\": \"Candidate A\"}"}
2026-05-07 14:48:50,481 - INFO - Agent turns: 5
2026-05-07 14:48:57,003 - INFO - Tokens - Input: 1716, Output: 915, Total: 2631
2026-05-07 14:48:57,005 - INFO - Memory updates: 13
{"id": 21, "ts": 1778158137.0054042, "event": "memory_updated", "agent": "agent_2", "round": 2}
2026-05-07 14:49:05,001 - INFO - Tokens - Input: 1937, Output: 1375, Total: 3312
2026-05-07 14:49:05,002 - INFO - Memory updates: 14
{"id": 22, "ts": 1778158145.0030909, "event": "memory_updated", "agent": "agent_3", "round": 2}
2026-05-07 14:49:07,636 - INFO - Tokens - Input: 1768, Output: 1108, Total: 2876
2026-05-07 14:49:07,638 - INFO - Memory updates: 15
{"id": 23, "ts": 1778158147.6387286, "event": "memory_updated", "agent": "agent_1", "round": 2}
2026-05-07 14:49:09,764 - INFO - Tokens - Input: 2450, Output: 212, Total: 2662
{"id": 24, "ts": 1778158149.7661433, "event": "public_discussion_message", "round": 2, "agent": "agent_3", "message": "Candidate D \u2013 considered moody.\nMETADATA_JSON:\n{\"agent\": \"agent_3\", \"vote\": \"Candidate D\"}"}
2026-05-07 14:49:09,766 - INFO - Agent turns: 6
2026-05-07 14:49:17,793 - INFO - Tokens - Input: 1702, Output: 991, Total: 2693
2026-05-07 14:49:17,794 - INFO - Memory updates: 16
{"id": 25, "ts": 1778158157.7951033, "event": "memory_updated", "agent": "agent_1", "round": 2}
2026-05-07 14:49:20,743 - INFO - Tokens - Input: 1954, Output: 1282, Total: 3236
2026-05-07 14:49:20,744 - INFO - Memory updates: 17
{"id": 26, "ts": 1778158160.7450473, "event": "memory_updated", "agent": "agent_3", "round": 2}
2026-05-07 14:49:20,909 - INFO - Tokens - Input: 1790, Output: 1071, Total: 2861
2026-05-07 14:49:20,911 - INFO - Memory updates: 18
{"id": 27, "ts": 1778158160.9112246, "event": "memory_updated", "agent": "agent_2", "round": 2}
2026-05-07 14:49:20,919 - INFO - Loop 2 completed
{"id": 28, "ts": 1778158160.9250634, "event": "discussion_order", "round": 3, "order": ["agent_1", "agent_2", "agent_3"]}
2026-05-07 14:49:23,643 - INFO - Tokens - Input: 2397, Output: 130, Total: 2527
{"id": 29, "ts": 1778158163.644335, "event": "public_discussion_message", "round": 3, "agent": "agent_1", "message": "I prefer Candidate A \u2013 excellent spatial vision.\nMETADATA_JSON:\n{\"agent\": \"agent_1\", \"vote\": \"Candidate A\"}"}
2026-05-07 14:49:23,644 - INFO - Agent turns: 7
2026-05-07 14:49:31,460 - INFO - Tokens - Input: 1859, Output: 1004, Total: 2863
2026-05-07 14:49:31,461 - INFO - Memory updates: 19
{"id": 30, "ts": 1778158171.4620383, "event": "memory_updated", "agent": "agent_2", "round": 3}
2026-05-07 14:49:32,060 - INFO - Tokens - Input: 1887, Output: 1067, Total: 2954
2026-05-07 14:49:32,061 - INFO - Memory updates: 20
{"id": 31, "ts": 1778158172.062044, "event": "memory_updated", "agent": "agent_1", "round": 3}
2026-05-07 14:49:32,519 - INFO - Tokens - Input: 2011, Output: 1100, Total: 3111
2026-05-07 14:49:32,520 - INFO - Memory updates: 21
{"id": 32, "ts": 1778158172.5210078, "event": "memory_updated", "agent": "agent_3", "round": 3}
2026-05-07 14:49:34,063 - INFO - Tokens - Input: 2365, Output: 116, Total: 2481
{"id": 33, "ts": 1778158174.0650299, "event": "public_discussion_message", "round": 3, "agent": "agent_2", "message": "I still favor Candidate A \u2013 anticipates dangerous situations.\nMETADATA_JSON:\n{\"agent\": \"agent_2\", \"vote\": \"Candidate A\"}"}
2026-05-07 14:49:34,065 - INFO - Agent turns: 8
2026-05-07 14:49:39,598 - INFO - Tokens - Input: 1928, Output: 682, Total: 2610
2026-05-07 14:49:39,600 - INFO - Memory updates: 22
{"id": 34, "ts": 1778158179.6005607, "event": "memory_updated", "agent": "agent_1", "round": 3}
2026-05-07 14:49:41,154 - INFO - Tokens - Input: 1894, Output: 868, Total: 2762
2026-05-07 14:49:41,156 - INFO - Memory updates: 23
{"id": 35, "ts": 1778158181.1561902, "event": "memory_updated", "agent": "agent_3", "round": 3}
2026-05-07 14:49:41,704 - INFO - Tokens - Input: 1877, Output: 1000, Total: 2877
2026-05-07 14:49:41,705 - INFO - Memory updates: 24
{"id": 36, "ts": 1778158181.7059438, "event": "memory_updated", "agent": "agent_2", "round": 3}
2026-05-07 14:49:44,855 - INFO - Tokens - Input: 2247, Output: 242, Total: 2489
{"id": 37, "ts": 1778158184.8571382, "event": "public_discussion_message", "round": 3, "agent": "agent_3", "message": "I prefer Candidate D \u2013 solves problems extremely well.\nMETADATA_JSON:\n{\"agent\": \"agent_3\", \"vote\": \"Candidate D\"}"}
2026-05-07 14:49:44,857 - INFO - Agent turns: 9
2026-05-07 14:49:52,254 - INFO - Tokens - Input: 1657, Output: 942, Total: 2599
2026-05-07 14:49:52,255 - INFO - Memory updates: 25
{"id": 38, "ts": 1778158192.2559578, "event": "memory_updated", "agent": "agent_1", "round": 3}
2026-05-07 14:49:52,651 - INFO - Tokens - Input: 1757, Output: 986, Total: 2743
2026-05-07 14:49:52,652 - INFO - Memory updates: 26
{"id": 39, "ts": 1778158192.653085, "event": "memory_updated", "agent": "agent_3", "round": 3}
2026-05-07 14:49:54,909 - INFO - Tokens - Input: 1915, Output: 1194, Total: 3109
2026-05-07 14:49:54,911 - INFO - Memory updates: 27
{"id": 40, "ts": 1778158194.9111903, "event": "memory_updated", "agent": "agent_2", "round": 3}
2026-05-07 14:49:54,920 - INFO - Loop 3 completed
{"id": 41, "ts": 1778158194.9255114, "event": "discussion_order", "round": 4, "order": ["agent_1", "agent_2", "agent_3"]}
2026-05-07 14:49:58,465 - INFO - Tokens - Input: 2231, Output: 151, Total: 2382
{"id": 42, "ts": 1778158198.4673934, "event": "public_discussion_message", "round": 4, "agent": "agent_1", "message": "Candidate A \u2013 very good leadership qualities.\nMETADATA_JSON:\n{\"agent\": \"agent_1\", \"vote\": \"Candidate A\"}"}
2026-05-07 14:49:58,467 - INFO - Agent turns: 10
2026-05-07 14:50:05,200 - INFO - Tokens - Input: 1719, Output: 831, Total: 2550
2026-05-07 14:50:05,202 - INFO - Memory updates: 28
{"id": 43, "ts": 1778158205.202341, "event": "memory_updated", "agent": "agent_1", "round": 4}
2026-05-07 14:50:06,704 - INFO - Tokens - Input: 1805, Output: 991, Total: 2796
2026-05-07 14:50:06,706 - INFO - Memory updates: 29
{"id": 44, "ts": 1778158206.7064831, "event": "memory_updated", "agent": "agent_3", "round": 4}
2026-05-07 14:50:07,847 - INFO - Tokens - Input: 1988, Output: 1093, Total: 3081
2026-05-07 14:50:07,849 - INFO - Memory updates: 30
{"id": 45, "ts": 1778158207.8491957, "event": "memory_updated", "agent": "agent_2", "round": 4}
2026-05-07 14:50:09,158 - INFO - Tokens - Input: 2525, Output: 117, Total: 2642
{"id": 46, "ts": 1778158209.160136, "event": "public_discussion_message", "round": 4, "agent": "agent_2", "message": "Candidate A \u2013 anticipates dangerous situations.\nMETADATA_JSON:\n{\"agent\": \"agent_2\", \"vote\": \"Candidate A\"}"}
2026-05-07 14:50:09,160 - INFO - Agent turns: 11
2026-05-07 14:50:15,495 - INFO - Tokens - Input: 1728, Output: 825, Total: 2553
2026-05-07 14:50:15,496 - INFO - Memory updates: 31
{"id": 47, "ts": 1778158215.4969513, "event": "memory_updated", "agent": "agent_1", "round": 4}
2026-05-07 14:50:16,048 - INFO - Tokens - Input: 1833, Output: 949, Total: 2782
2026-05-07 14:50:16,050 - INFO - Memory updates: 32
{"id": 48, "ts": 1778158216.0507224, "event": "memory_updated", "agent": "agent_3", "round": 4}
2026-05-07 14:50:16,075 - INFO - Tokens - Input: 2031, Output: 895, Total: 2926
2026-05-07 14:50:16,076 - INFO - Memory updates: 33
{"id": 49, "ts": 1778158216.076584, "event": "memory_updated", "agent": "agent_2", "round": 4}
2026-05-07 14:50:18,523 - INFO - Tokens - Input: 2363, Output: 157, Total: 2520
{"id": 50, "ts": 1778158218.524608, "event": "public_discussion_message", "round": 4, "agent": "agent_3", "message": "I prefer Candidate D \u2013 solves problems extremely well.\nMETADATA_JSON:\n{\"agent\": \"agent_3\", \"vote\": \"Candidate D\"}"}
2026-05-07 14:50:18,524 - INFO - Agent turns: 12
2026-05-07 14:50:26,649 - INFO - Tokens - Input: 1873, Output: 833, Total: 2706
2026-05-07 14:50:26,651 - INFO - Memory updates: 34
{"id": 51, "ts": 1778158226.651225, "event": "memory_updated", "agent": "agent_3", "round": 4}
2026-05-07 14:50:27,093 - INFO - Tokens - Input: 1789, Output: 852, Total: 2641
2026-05-07 14:50:27,094 - INFO - Memory updates: 35
{"id": 52, "ts": 1778158227.0949342, "event": "memory_updated", "agent": "agent_1", "round": 4}
2026-05-07 14:50:28,403 - INFO - Tokens - Input: 1936, Output: 1170, Total: 3106
2026-05-07 14:50:28,404 - INFO - Memory updates: 36
{"id": 53, "ts": 1778158228.4048753, "event": "memory_updated", "agent": "agent_2", "round": 4}
2026-05-07 14:50:28,413 - INFO - Loop 4 completed
{"id": 54, "ts": 1778158228.419302, "event": "discussion_order", "round": 5, "order": ["agent_3", "agent_1", "agent_2"]}
2026-05-07 14:50:42,580 - INFO - Tokens - Input: 2419, Output: 160, Total: 2579
{"id": 55, "ts": 1778158242.5817814, "event": "public_discussion_message", "round": 5, "agent": "agent_3", "message": "I prefer Candidate D \u2013 takes responsibility seriously.\nMETADATA_JSON:\n{\"agent\": \"agent_3\", \"vote\": \"Candidate D\"}"}
2026-05-07 14:50:42,581 - INFO - Agent turns: 13
2026-05-07 14:50:49,198 - INFO - Tokens - Input: 1925, Output: 869, Total: 2794
2026-05-07 14:50:49,200 - INFO - Memory updates: 37
{"id": 56, "ts": 1778158249.2007194, "event": "memory_updated", "agent": "agent_1", "round": 5}
2026-05-07 14:50:50,470 - INFO - Tokens - Input: 2006, Output: 1060, Total: 3066
2026-05-07 14:50:50,472 - INFO - Memory updates: 38
{"id": 57, "ts": 1778158250.4721785, "event": "memory_updated", "agent": "agent_2", "round": 5}
2026-05-07 14:50:54,923 - INFO - Tokens - Input: 1909, Output: 817, Total: 2726
2026-05-07 14:50:54,925 - INFO - Memory updates: 39
{"id": 58, "ts": 1778158254.9252884, "event": "memory_updated", "agent": "agent_3", "round": 5}
2026-05-07 14:50:57,018 - INFO - Tokens - Input: 2283, Output: 120, Total: 2403
{"id": 59, "ts": 1778158257.0203013, "event": "public_discussion_message", "round": 5, "agent": "agent_1", "message": "Candidate A \u2013 sometimes unorganized.\nMETADATA_JSON:\n{\"agent\": \"agent_1\", \"vote\": \"Candidate A\"}"}
2026-05-07 14:50:57,020 - INFO - Agent turns: 14
2026-05-07 14:51:04,200 - INFO - Tokens - Input: 1787, Output: 711, Total: 2498
2026-05-07 14:51:04,202 - INFO - Memory updates: 40
{"id": 60, "ts": 1778158264.2029762, "event": "memory_updated", "agent": "agent_1", "round": 5}
2026-05-07 14:51:04,776 - INFO - Tokens - Input: 1938, Output: 1043, Total: 2981
2026-05-07 14:51:04,778 - INFO - Memory updates: 41
{"id": 61, "ts": 1778158264.7782743, "event": "memory_updated", "agent": "agent_3", "round": 5}
2026-05-07 14:51:06,723 - INFO - Tokens - Input: 2092, Output: 1113, Total: 3205
2026-05-07 14:51:06,724 - INFO - Memory updates: 42
{"id": 62, "ts": 1778158266.7250843, "event": "memory_updated", "agent": "agent_2", "round": 5}
2026-05-07 14:51:12,204 - INFO - Tokens - Input: 2615, Output: 142, Total: 2757
{"id": 63, "ts": 1778158272.205949, "event": "public_discussion_message", "round": 5, "agent": "agent_2", "message": "Candidate A \u2013 anticipates dangerous situations.\nMETADATA_JSON:\n{\"agent\": \"agent_2\", \"vote\": \"Candidate A\"}"}
2026-05-07 14:51:12,206 - INFO - Agent turns: 15
2026-05-07 14:51:18,334 - INFO - Tokens - Input: 1991, Output: 829, Total: 2820
2026-05-07 14:51:18,336 - INFO - Memory updates: 43
{"id": 64, "ts": 1778158278.3370872, "event": "memory_updated", "agent": "agent_3", "round": 5}
2026-05-07 14:51:18,369 - INFO - Tokens - Input: 1816, Output: 777, Total: 2593
2026-05-07 14:51:18,370 - INFO - Memory updates: 44
{"id": 65, "ts": 1778158278.3707952, "event": "memory_updated", "agent": "agent_1", "round": 5}
2026-05-07 14:51:21,439 - INFO - Tokens - Input: 2121, Output: 1010, Total: 3131
2026-05-07 14:51:21,441 - INFO - Memory updates: 45
{"id": 66, "ts": 1778158281.4413178, "event": "memory_updated", "agent": "agent_2", "round": 5}
2026-05-07 14:51:21,450 - INFO - Loop 5 completed
2026-05-07 14:51:21,450 - INFO - Final Chosen Candidate: Candidate A
2026-05-07 14:51:21,450 - INFO - Final Decision Method: max_round_majority_vote
2026-05-07 14:51:21,451 - INFO - Final Vote Count: {'Candidate A': 2, 'Candidate D': 1}
2026-05-07 14:51:21,451 - INFO - Correct Candidate: Candidate C
2026-05-07 14:51:21,451 - INFO - Decision Correct: 0
{"id": 67, "ts": 1778158281.8279417, "event": "context_consistency_calculated", "method": "embedding_cosine", "mean_pairwise_similarity": 0.824589, "pairwise": [{"agent_a": "agent_1", "agent_b": "agent_2", "similarity": 0.797198}, {"agent_a": "agent_1", "agent_b": "agent_3", "similarity": 0.89131}, {"agent_a": "agent_2", "agent_b": "agent_3", "similarity": 0.785259}]}
{"id": 68, "ts": 1778158281.8281126, "event": "agent_memories_archived", "directory": "/home/lhegemann/git/bachelor_thesis/01_data/raw/simulations/low/low_treatment_20260507_140016_012/shared_mental_models", "round": 5}
{"id": 69, "ts": 1778158281.8282027, "event": "final_decision", "candidate": "Candidate A", "method": "max_round_majority_vote", "vote_count": {"Candidate A": 2, "Candidate D": 1}, "correct_candidate": "Candidate C", "decision_correct": 0, "round": 5}
2026-05-07 14:51:21,837 - INFO - ======================================================================
2026-05-07 14:51:21,837 - INFO - SIMULATION METRICS
2026-05-07 14:51:21,837 - INFO - ======================================================================
2026-05-07 14:51:21,837 - INFO - Total Loops: 5
2026-05-07 14:51:21,837 - INFO - Agent Turns (no vote checker): 15
2026-05-07 14:51:21,838 - INFO - Agent Tool Calls: 0
2026-05-07 14:51:21,838 - INFO - Agent Tool Messages: 0
2026-05-07 14:51:21,838 - INFO - Memory Updates: 45
2026-05-07 14:51:21,838 - INFO - Total Messages (no vote checker): 15
2026-05-07 14:51:21,838 - INFO - Input Tokens: 116195
2026-05-07 14:51:21,838 - INFO - Output Tokens: 50033
2026-05-07 14:51:21,838 - INFO - Total Tokens: 166228
2026-05-07 14:51:21,838 - INFO - Final Chosen Candidate: Candidate A
2026-05-07 14:51:21,838 - INFO - Final Decision Method: max_round_majority_vote
2026-05-07 14:51:21,838 - INFO - Final Vote Count: {'Candidate A': 2, 'Candidate D': 1}
2026-05-07 14:51:21,838 - INFO - Correct Candidate: Candidate C
2026-05-07 14:51:21,838 - INFO - Decision Correct: 0
2026-05-07 14:51:21,838 - INFO - Runtime: 233.43s
2026-05-07 14:51:21,839 - INFO - ======================================================================
