2026-05-17 03:23:11,838 - INFO - Metrics tracker initialized
{"id": 1, "ts": 1778980991.870329, "event": "memory_reset"}
{"id": 2, "ts": 1778980991.8744128, "event": "discussion_order", "round": 1, "order": ["agent_2", "agent_1", "agent_3"]}
2026-05-17 03:23:17,065 - INFO - Tokens - Input: 1417, Output: 495, Total: 1912
{"id": 3, "ts": 1778980997.0666077, "event": "public_discussion_message", "round": 1, "agent": "agent_2", "message": "I prefer Candidate A \u2013 has excellent spatial vision.\nMETADATA_JSON:\n{\"agent\": \"agent_2\", \"vote\": \"Candidate A\"}"}
2026-05-17 03:23:17,066 - INFO - Agent turns: 1
2026-05-17 03:23:21,014 - INFO - Tokens - Input: 1446, Output: 531, Total: 1977
{"id": 4, "ts": 1778981001.015869, "event": "public_discussion_message", "round": 1, "agent": "agent_1", "message": "I prefer Candidate A \u2013 sometimes not good at taking criticism.\nMETADATA_JSON:\n{\"agent\": \"agent_1\", \"vote\": \"Candidate A\"}"}
2026-05-17 03:23:21,016 - INFO - Agent turns: 2
2026-05-17 03:23:26,060 - INFO - Tokens - Input: 1481, Output: 661, Total: 2142
{"id": 5, "ts": 1778981006.0619814, "event": "public_discussion_message", "round": 1, "agent": "agent_3", "message": "I prefer Candidate B \u2013 handles stress very well.\nMETADATA_JSON:\n{\"agent\": \"agent_3\", \"vote\": \"Candidate B\"}"}
2026-05-17 03:23:26,062 - INFO - Agent turns: 3
2026-05-17 03:23:26,070 - INFO - Loop 1 completed
{"id": 6, "ts": 1778981006.0762699, "event": "discussion_order", "round": 2, "order": ["agent_2", "agent_3", "agent_1"]}
2026-05-17 03:23:30,628 - INFO - Tokens - Input: 1527, Output: 591, Total: 2118
{"id": 7, "ts": 1778981010.6299312, "event": "public_discussion_message", "round": 2, "agent": "agent_2", "message": "I still prefer Candidate A \u2013 anticipates dangerous situations.\nMETADATA_JSON:\n{\"agent\": \"agent_2\", \"vote\": \"Candidate A\"}"}
2026-05-17 03:23:30,630 - INFO - Agent turns: 4
2026-05-17 03:23:34,825 - INFO - Tokens - Input: 1558, Output: 540, Total: 2098
{"id": 8, "ts": 1778981014.8267102, "event": "public_discussion_message", "round": 2, "agent": "agent_3", "message": "I prefer Candidate B \u2013 very conscientious.\nMETADATA_JSON:\n{\"agent\": \"agent_3\", \"vote\": \"Candidate B\"}"}
2026-05-17 03:23:34,826 - INFO - Agent turns: 5
2026-05-17 03:23:38,877 - INFO - Tokens - Input: 1599, Output: 540, Total: 2139
{"id": 9, "ts": 1778981018.8789463, "event": "public_discussion_message", "round": 2, "agent": "agent_1", "message": "I prefer Candidate C \u2013 known to be 100% reliable.\nMETADATA_JSON:\n{\"agent\": \"agent_1\", \"vote\": \"Candidate C\"}"}
2026-05-17 03:23:38,879 - INFO - Agent turns: 6
2026-05-17 03:23:38,887 - INFO - Loop 2 completed
{"id": 10, "ts": 1778981018.8935056, "event": "discussion_order", "round": 3, "order": ["agent_3", "agent_2", "agent_1"]}
2026-05-17 03:23:47,136 - INFO - Tokens - Input: 1635, Output: 1083, Total: 2718
{"id": 11, "ts": 1778981027.1376066, "event": "public_discussion_message", "round": 3, "agent": "agent_3", "message": "I prefer Candidate B \u2013 very conscientious.\nMETADATA_JSON:\n{\"agent\": \"agent_3\", \"vote\": \"Candidate B\"}"}
2026-05-17 03:23:47,137 - INFO - Agent turns: 7
2026-05-17 03:23:51,782 - INFO - Tokens - Input: 1679, Output: 597, Total: 2276
{"id": 12, "ts": 1778981031.7835057, "event": "public_discussion_message", "round": 3, "agent": "agent_2", "message": "I prefer Candidate A \u2013 excellent spatial vision.\nMETADATA_JSON:\n{\"agent\": \"agent_2\", \"vote\": \"Candidate A\"}"}
2026-05-17 03:23:51,783 - INFO - Agent turns: 8
2026-05-17 03:23:55,067 - INFO - Tokens - Input: 1713, Output: 419, Total: 2132
{"id": 13, "ts": 1778981035.0685449, "event": "public_discussion_message", "round": 3, "agent": "agent_1", "message": "I prefer Candidate C \u2013 known to be 100% reliable.\nMETADATA_JSON:\n{\"agent\": \"agent_1\", \"vote\": \"Candidate C\"}"}
2026-05-17 03:23:55,068 - INFO - Agent turns: 9
2026-05-17 03:23:55,077 - INFO - Loop 3 completed
{"id": 14, "ts": 1778981035.0831604, "event": "discussion_order", "round": 4, "order": ["agent_1", "agent_3", "agent_2"]}
2026-05-17 03:23:56,817 - INFO - Tokens - Input: 1754, Output: 213, Total: 1967
{"id": 15, "ts": 1778981036.8190885, "event": "public_discussion_message", "round": 4, "agent": "agent_1", "message": "I prefer Candidate C \u2013 creates a positive atmosphere with his crew.\nMETADATA_JSON:\n{\"agent\": \"agent_1\", \"vote\": \"Candidate C\"}"}
2026-05-17 03:23:56,819 - INFO - Agent turns: 10
2026-05-17 03:24:01,343 - INFO - Tokens - Input: 1790, Output: 582, Total: 2372
{"id": 16, "ts": 1778981041.3446004, "event": "public_discussion_message", "round": 4, "agent": "agent_3", "message": "I prefer Candidate B \u2013 handles stress very well.\nMETADATA_JSON:\n{\"agent\": \"agent_3\", \"vote\": \"Candidate B\"}"}
2026-05-17 03:24:01,344 - INFO - Agent turns: 11
2026-05-17 03:24:05,309 - INFO - Tokens - Input: 1836, Output: 505, Total: 2341
{"id": 17, "ts": 1778981045.3106506, "event": "public_discussion_message", "round": 4, "agent": "agent_2", "message": "I prefer Candidate A \u2013 anticipates dangerous situations.\nMETADATA_JSON:\n{\"agent\": \"agent_2\", \"vote\": \"Candidate A\"}"}
2026-05-17 03:24:05,310 - INFO - Agent turns: 12
2026-05-17 03:24:05,320 - INFO - Loop 4 completed
{"id": 18, "ts": 1778981045.326474, "event": "discussion_order", "round": 5, "order": ["agent_2", "agent_1", "agent_3"]}
2026-05-17 03:24:12,394 - INFO - Tokens - Input: 1874, Output: 933, Total: 2807
{"id": 19, "ts": 1778981052.3963003, "event": "public_discussion_message", "round": 5, "agent": "agent_2", "message": "I prefer Candidate B \u2013 handles stress very well.\nMETADATA_JSON:\n{\"agent\": \"agent_2\", \"vote\": \"Candidate B\"}"}
2026-05-17 03:24:12,396 - INFO - Agent turns: 13
2026-05-17 03:24:17,836 - INFO - Tokens - Input: 1909, Output: 683, Total: 2592
{"id": 20, "ts": 1778981057.8375506, "event": "public_discussion_message", "round": 5, "agent": "agent_1", "message": "I prefer Candidate C \u2013 known to be 100% reliable.\nMETADATA_JSON:\n{\"agent\": \"agent_1\", \"vote\": \"Candidate C\"}"}
2026-05-17 03:24:17,837 - INFO - Agent turns: 14
2026-05-17 03:24:26,573 - INFO - Tokens - Input: 1945, Output: 1107, Total: 3052
{"id": 21, "ts": 1778981066.5751827, "event": "public_discussion_message", "round": 5, "agent": "agent_3", "message": "I prefer Candidate D \u2013 solves problems extremely well.\nMETADATA_JSON:\n{\"agent\": \"agent_3\", \"vote\": \"Candidate D\"}"}
2026-05-17 03:24:26,575 - INFO - Agent turns: 15
2026-05-17 03:24:26,584 - INFO - Loop 5 completed
2026-05-17 03:24:26,585 - INFO - Final Chosen Candidate: None
2026-05-17 03:24:26,585 - INFO - Final Decision Method: max_round_no_majority
2026-05-17 03:24:26,585 - INFO - Final Vote Count: {'Candidate C': 1, 'Candidate B': 1, 'Candidate D': 1}
2026-05-17 03:24:26,585 - INFO - Correct Candidate: Candidate C
2026-05-17 03:24:26,585 - INFO - Decision Correct: 0
{"id": 22, "ts": 1778981066.5872154, "event": "context_consistency_not_applicable", "reason": "explicit_smm_memory_disabled"}
{"id": 23, "ts": 1778981066.587362, "event": "final_decision", "candidate": null, "method": "max_round_no_majority", "vote_count": {"Candidate C": 1, "Candidate B": 1, "Candidate D": 1}, "correct_candidate": "Candidate C", "decision_correct": 0, "round": 5}
2026-05-17 03:24:26,595 - INFO - ======================================================================
2026-05-17 03:24:26,596 - INFO - SIMULATION METRICS
2026-05-17 03:24:26,596 - INFO - ======================================================================
2026-05-17 03:24:26,596 - INFO - Total Loops: 5
2026-05-17 03:24:26,596 - INFO - Agent Turns (no vote checker): 15
2026-05-17 03:24:26,596 - INFO - Agent Tool Calls: 0
2026-05-17 03:24:26,596 - INFO - Agent Tool Messages: 0
2026-05-17 03:24:26,596 - INFO - Memory Updates: 0
2026-05-17 03:24:26,596 - INFO - Total Messages (no vote checker): 15
2026-05-17 03:24:26,596 - INFO - Input Tokens: 25163
2026-05-17 03:24:26,596 - INFO - Output Tokens: 9480
2026-05-17 03:24:26,596 - INFO - Total Tokens: 34643
2026-05-17 03:24:26,596 - INFO - Final Chosen Candidate: None
2026-05-17 03:24:26,597 - INFO - Final Decision Method: max_round_no_majority
2026-05-17 03:24:26,597 - INFO - Final Vote Count: {'Candidate C': 1, 'Candidate B': 1, 'Candidate D': 1}
2026-05-17 03:24:26,597 - INFO - Correct Candidate: Candidate C
2026-05-17 03:24:26,597 - INFO - Decision Correct: 0
2026-05-17 03:24:26,597 - INFO - Runtime: 74.76s
2026-05-17 03:24:26,597 - INFO - ======================================================================
