2026-05-10 05:50:04,852 - INFO - Metrics tracker initialized
{"id": 1, "ts": 1778385004.880344, "event": "memory_reset"}
{"id": 2, "ts": 1778385004.8843696, "event": "discussion_order", "round": 1, "order": ["agent_1", "agent_3", "agent_2"]}
2026-05-10 05:50:12,585 - INFO - Tokens - Input: 1419, Output: 693, Total: 2112
{"id": 3, "ts": 1778385012.5870972, "event": "public_discussion_message", "round": 1, "agent": "agent_1", "message": "I tentatively favor **Candidate\u202fC**.  He is known to be 100\u202f% reliable and creates a positive atmosphere with his crew, both essential for the safety and morale of long\u2011distance flights.  He also makes correct decisions quickly, a key technical competence for handling complex, time\u2011critical situations.  The main uncertainty is his difficulty communicating ideas and his egocentric attitude, which could impair crew cooperation despite the generally positive vibe.\nMETADATA_JSON:\n{\"agent\": \"agent_1\", \"vote\": \"Candidate C\"}"}
2026-05-10 05:50:12,587 - INFO - Agent turns: 1
2026-05-10 05:50:25,828 - INFO - Tokens - Input: 1633, Output: 807, Total: 2440
{"id": 4, "ts": 1778385025.8299675, "event": "public_discussion_message", "round": 1, "agent": "agent_3", "message": "I currently favor **Candidate\u202fB**.  He is very conscientious, which supports reliability, and he handles stress well, a key trait for staying calm during long\u2011distance flights.  Additionally, his strong weather\u2011assessment ability and excellent computer skills give him solid technical competence.  The main trade\u2011off is his pretentious demeanor and occasional wrong tone when communicating, which could hinder crew cooperation.\nMETADATA_JSON:\n{\"agent\": \"agent_3\", \"vote\": \"Candidate B\"}"}
2026-05-10 05:50:25,830 - INFO - Agent turns: 2
2026-05-10 05:50:34,093 - INFO - Tokens - Input: 1738, Output: 901, Total: 2639
{"id": 5, "ts": 1778385034.0949743, "event": "public_discussion_message", "round": 1, "agent": "agent_2", "message": "I tentatively favor **Candidate\u202fB**.  He is very conscientious, supporting reliability, and handles stress well, which is crucial for staying calm on long\u2011distance flights.  His strong weather\u2011assessment ability and excellent computer skills also give him solid technical competence.  The main trade\u2011off is his negative interpersonal behavior\u2014making nasty remarks and a pretentious tone\u2014that could undermine crew cooperation and morale.\nMETADATA_JSON:\n{\"agent\": \"agent_2\", \"vote\": \"Candidate B\"}"}
2026-05-10 05:50:34,095 - INFO - Agent turns: 3
2026-05-10 05:50:34,103 - INFO - Loop 1 completed
{"id": 6, "ts": 1778385034.1096115, "event": "discussion_order", "round": 2, "order": ["agent_3", "agent_2", "agent_1"]}
2026-05-10 05:50:41,381 - INFO - Tokens - Input: 1764, Output: 891, Total: 2655
{"id": 7, "ts": 1778385041.3827798, "event": "public_discussion_message", "round": 2, "agent": "agent_3", "message": "I continue to favor **Candidate\u202fB**.  His strong conscientiousness supports reliability, and his ability to handle stress keeps him calm on long\u2011distance flights.  In addition, his excellent weather\u2011assessment skill and computer proficiency give him solid technical competence for complex flight planning.  The main trade\u2011off is his pretentious demeanor and occasional wrong tone, which could undermine crew cooperation and morale.\nMETADATA_JSON:\n{\"agent\": \"agent_3\", \"vote\": \"Candidate B\"}"}
2026-05-10 05:50:41,382 - INFO - Agent turns: 4
2026-05-10 05:50:51,584 - INFO - Tokens - Input: 1956, Output: 1303, Total: 3259
{"id": 8, "ts": 1778385051.585341, "event": "public_discussion_message", "round": 2, "agent": "agent_2", "message": "I continue to favor **Candidate\u202fB**.  His very conscientious nature supports reliability, and his ability to handle stress keeps him calm on long\u2011distance flights; together with strong weather\u2011assessment and computer skills, he offers solid technical competence.  The main trade\u2011off is his negative interpersonal behavior\u2014making nasty remarks and a pretentious tone\u2014that could undermine crew cooperation and morale.\nMETADATA_JSON:\n{\"agent\": \"agent_2\", \"vote\": \"Candidate B\"}"}
2026-05-10 05:50:51,585 - INFO - Agent turns: 5
2026-05-10 05:51:00,217 - INFO - Tokens - Input: 2055, Output: 679, Total: 2734
{"id": 9, "ts": 1778385060.2186875, "event": "public_discussion_message", "round": 2, "agent": "agent_1", "message": "I continue to favor **Candidate\u202fC**.  He is known to be 100\u202f% reliable and creates a positive atmosphere with his crew, which are vital for safety and morale on long\u2011distance flights; additionally, he can make correct decisions quickly, supporting the technical competence needed for time\u2011critical situations.  The main trade\u2011off is his difficulty communicating ideas and his egocentric attitude, which could hinder crew cooperation despite the generally positive vibe.\nMETADATA_JSON:\n{\"agent\": \"agent_1\", \"vote\": \"Candidate C\"}"}
2026-05-10 05:51:00,218 - INFO - Agent turns: 6
2026-05-10 05:51:00,227 - INFO - Loop 2 completed
{"id": 10, "ts": 1778385060.2333496, "event": "discussion_order", "round": 3, "order": ["agent_2", "agent_3", "agent_1"]}
2026-05-10 05:51:06,687 - INFO - Tokens - Input: 2105, Output: 771, Total: 2876
{"id": 11, "ts": 1778385066.6894646, "event": "public_discussion_message", "round": 3, "agent": "agent_2", "message": "I continue to favor **Candidate\u202fB**. He is very conscientious, which underpins reliability, and he handles stress well, keeping him calm on long\u2011distance flights. His strong weather\u2011assessment ability and excellent computer skills give him solid technical competence for complex flight planning. The main trade\u2011off is his negative interpersonal behavior\u2014making nasty remarks and a pretentious tone\u2014and his relatively weak memory for numbers, which could undermine crew cooperation and some technical tasks.\nMETADATA_JSON:\n{\"agent\": \"agent_2\", \"vote\": \"Candidate B\"}"}
2026-05-10 05:51:06,689 - INFO - Agent turns: 7
2026-05-10 05:51:14,744 - INFO - Tokens - Input: 2305, Output: 918, Total: 3223
{"id": 12, "ts": 1778385074.7453477, "event": "public_discussion_message", "round": 3, "agent": "agent_3", "message": "I continue to favor **Candidate\u202fB**. His very conscientious nature underpins reliability, and his ability to handle stress keeps him calm on long\u2011distance flights\u2014both essential for safe, consistent operations. Additionally, his strong weather\u2011assessment skill and excellent computer abilities give him solid technical competence for complex flight planning. The main trade\u2011off is his pretentious demeanor and occasional wrong tone, which could undermine crew cooperation and morale.\nMETADATA_JSON:\n{\"agent\": \"agent_3\", \"vote\": \"Candidate B\"}"}
2026-05-10 05:51:14,745 - INFO - Agent turns: 8
2026-05-10 05:51:20,544 - INFO - Tokens - Input: 2418, Output: 678, Total: 3096
{"id": 13, "ts": 1778385080.5459037, "event": "public_discussion_message", "round": 3, "agent": "agent_1", "message": "I continue to favor **Candidate\u202fC**. He is known to be 100\u202f% reliable and creates a positive atmosphere with his crew, which are crucial for safety and morale on long\u2011distance flights; additionally, his ability to make correct decisions quickly supports the technical competence needed for time\u2011critical situations. The main trade\u2011off is his difficulty communicating ideas and egocentric attitude, which could hinder crew cooperation despite the generally positive vibe.\nMETADATA_JSON:\n{\"agent\": \"agent_1\", \"vote\": \"Candidate C\"}"}
2026-05-10 05:51:20,546 - INFO - Agent turns: 9
2026-05-10 05:51:20,555 - INFO - Loop 3 completed
{"id": 14, "ts": 1778385080.561525, "event": "discussion_order", "round": 4, "order": ["agent_1", "agent_2", "agent_3"]}
2026-05-10 05:51:59,470 - INFO - Tokens - Input: 2453, Output: 559, Total: 3012
{"id": 15, "ts": 1778385119.4715698, "event": "public_discussion_message", "round": 4, "agent": "agent_1", "message": "I continue to favor **Candidate\u202fC**. He is known to be 100\u202f% reliable and creates a positive atmosphere with his crew, which are essential for safety and morale on long\u2011distance flights; additionally, his ability to make correct decisions quickly supports the technical competence needed for time\u2011critical situations. The main trade\u2011off is his difficulty communicating ideas and his egocentric attitude, which could impair crew cooperation despite the generally positive vibe.\nMETADATA_JSON:\n{\"agent\": \"agent_1\", \"vote\": \"Candidate C\"}"}
2026-05-10 05:51:59,471 - INFO - Agent turns: 10
2026-05-10 05:52:05,465 - INFO - Tokens - Input: 2660, Output: 277, Total: 2937
{"id": 16, "ts": 1778385125.4670737, "event": "public_discussion_message", "round": 4, "agent": "agent_2", "message": "I continue to favor **Candidate\u202fB**. His very conscientious nature underpins reliability, and his ability to handle stress keeps him calm on long\u2011distance flights\u2014both essential for safe, consistent operations. In addition, his strong weather\u2011assessment skill and excellent computer abilities give him solid technical competence for complex flight planning and navigation. The main trade\u2011off is his negative interpersonal behavior\u2014making nasty remarks and a pretentious tone\u2014combined with a relatively weak memory for numbers, which could undermine crew cooperation and some technical tasks.\nMETADATA_JSON:\n{\"agent\": \"agent_2\", \"vote\": \"Candidate B\"}"}
2026-05-10 05:52:05,467 - INFO - Agent turns: 11
2026-05-10 05:52:16,475 - INFO - Tokens - Input: 2800, Output: 987, Total: 3787
{"id": 17, "ts": 1778385136.476872, "event": "public_discussion_message", "round": 4, "agent": "agent_3", "message": "I continue to favor **Candidate\u202fB**. His very conscientious nature underpins reliability, and his ability to handle stress keeps him calm on long\u2011distance flights\u2014both essential for safe, consistent operations. In addition, his strong weather\u2011assessment skill and excellent computer abilities give him solid technical competence for complex flight planning. The main trade\u2011off is his pretentious demeanor and occasional wrong tone, which could undermine crew cooperation and morale.\nMETADATA_JSON:\n{\"agent\": \"agent_3\", \"vote\": \"Candidate B\"}"}
2026-05-10 05:52:16,477 - INFO - Agent turns: 12
2026-05-10 05:52:16,486 - INFO - Loop 4 completed
{"id": 18, "ts": 1778385136.4925807, "event": "discussion_order", "round": 5, "order": ["agent_1", "agent_3", "agent_2"]}
2026-05-10 05:52:20,372 - INFO - Tokens - Input: 2819, Output: 423, Total: 3242
{"id": 19, "ts": 1778385140.3740733, "event": "public_discussion_message", "round": 5, "agent": "agent_1", "message": "I continue to favor **Candidate\u202fC**. He is 100\u202f% reliable and creates a positive crew atmosphere, which are crucial for safety and morale on long\u2011distance flights, and he makes correct decisions quickly, supporting the technical competence needed in time\u2011critical situations. The main trade\u2011off is his difficulty communicating ideas and his egocentric attitude, which could hinder crew cooperation.\nMETADATA_JSON:\n{\"agent\": \"agent_1\", \"vote\": \"Candidate C\"}"}
2026-05-10 05:52:20,374 - INFO - Agent turns: 13
2026-05-10 05:52:37,320 - INFO - Tokens - Input: 2994, Output: 1579, Total: 4573
{"id": 20, "ts": 1778385157.3219988, "event": "public_discussion_message", "round": 5, "agent": "agent_3", "message": "I currently favor **Candidate\u202fD**. He takes responsibility seriously, supporting reliability and high\u2011responsibility suitability; he solves problems extremely well and can concentrate very well, giving strong technical competence; and he responds adequately to unexpected events, indicating calmness under pressure. The main trade\u2011off is his being considered moody and a loner, which raises concerns about crew cooperation.\nMETADATA_JSON:\n{\"agent\": \"agent_3\", \"vote\": \"Candidate D\"}"}
2026-05-10 05:52:37,322 - INFO - Agent turns: 14
2026-05-10 05:52:45,616 - INFO - Tokens - Input: 3104, Output: 976, Total: 4080
{"id": 21, "ts": 1778385165.617391, "event": "public_discussion_message", "round": 5, "agent": "agent_2", "message": "I now favor **Candidate\u202fD**. He takes responsibility seriously, which underpins reliability for long\u2011distance operations, and he solves problems extremely well while maintaining strong concentration\u2014key technical strengths for complex, extended flights. He also responds adequately to unexpected events, indicating the calmness needed under pressure. The main trade\u2011off is his reputation for being moody, a loner, and having a hot temper, which raises concerns about crew cooperation and morale.\nMETADATA_JSON:\n{\"agent\": \"agent_2\", \"vote\": \"Candidate D\"}"}
2026-05-10 05:52:45,617 - INFO - Agent turns: 15
2026-05-10 05:52:45,626 - INFO - Loop 5 completed
2026-05-10 05:52:45,627 - INFO - Final Chosen Candidate: Candidate D
2026-05-10 05:52:45,627 - INFO - Final Decision Method: max_round_majority_vote
2026-05-10 05:52:45,627 - INFO - Final Vote Count: {'Candidate C': 1, 'Candidate D': 2}
2026-05-10 05:52:45,627 - INFO - Correct Candidate: Candidate C
2026-05-10 05:52:45,627 - INFO - Decision Correct: 0
{"id": 22, "ts": 1778385165.6288745, "event": "context_consistency_not_applicable", "reason": "explicit_smm_memory_disabled"}
{"id": 23, "ts": 1778385165.6290293, "event": "final_decision", "candidate": "Candidate D", "method": "max_round_majority_vote", "vote_count": {"Candidate C": 1, "Candidate D": 2}, "correct_candidate": "Candidate C", "decision_correct": 0, "round": 5}
2026-05-10 05:52:45,636 - INFO - ======================================================================
2026-05-10 05:52:45,636 - INFO - SIMULATION METRICS
2026-05-10 05:52:45,636 - INFO - ======================================================================
2026-05-10 05:52:45,636 - INFO - Total Loops: 5
2026-05-10 05:52:45,636 - INFO - Agent Turns (no vote checker): 15
2026-05-10 05:52:45,636 - INFO - Agent Tool Calls: 0
2026-05-10 05:52:45,637 - INFO - Agent Tool Messages: 0
2026-05-10 05:52:45,637 - INFO - Memory Updates: 0
2026-05-10 05:52:45,637 - INFO - Total Messages (no vote checker): 15
2026-05-10 05:52:45,637 - INFO - Input Tokens: 34223
2026-05-10 05:52:45,637 - INFO - Output Tokens: 12442
2026-05-10 05:52:45,637 - INFO - Total Tokens: 46665
2026-05-10 05:52:45,637 - INFO - Final Chosen Candidate: Candidate D
2026-05-10 05:52:45,637 - INFO - Final Decision Method: max_round_majority_vote
2026-05-10 05:52:45,637 - INFO - Final Vote Count: {'Candidate C': 1, 'Candidate D': 2}
2026-05-10 05:52:45,637 - INFO - Correct Candidate: Candidate C
2026-05-10 05:52:45,637 - INFO - Decision Correct: 0
2026-05-10 05:52:45,637 - INFO - Runtime: 160.78s
2026-05-10 05:52:45,637 - INFO - ======================================================================
