2026-05-09 02:20:37,864 - INFO - Metrics tracker initialized
{"id": 1, "ts": 1778286037.892129, "event": "memory_reset"}
{"id": 2, "ts": 1778286037.896348, "event": "discussion_order", "round": 1, "order": ["agent_1", "agent_3", "agent_2"]}
2026-05-09 02:20:45,715 - INFO - Tokens - Input: 1419, Output: 792, Total: 2211
{"id": 3, "ts": 1778286045.7172883, "event": "public_discussion_message", "round": 1, "agent": "agent_1", "message": "I tentatively favor **Candidate\u202fA**.\n- A can anticipate dangerous situations and has excellent spatial vision, which are critical for detecting and avoiding hazards on long\u2011distance routes.\n- A also shows very good leadership qualities, supporting crew coordination and decision\u2011making in the cockpit.\n**Trade\u2011off / uncertainty:** A is sometimes unorganized and not good at taking criticism, which could hinder flight planning and effective teamwork under stress.\nMETADATA_JSON:\n{\"agent\": \"agent_1\", \"vote\": \"Candidate A\"}"}
2026-05-09 02:20:45,717 - INFO - Agent turns: 1
2026-05-09 02:20:52,697 - INFO - Tokens - Input: 1626, Output: 809, Total: 2435
{"id": 4, "ts": 1778286052.698511, "event": "public_discussion_message", "round": 1, "agent": "agent_3", "message": "I tentatively favor **Candidate\u202fB**.\n- B is very conscientious and handles stress well, which supports reliability and calmness under the long\u2011duration pressures of intercontinental flights.\n- B also has excellent weather\u2011assessment ability and strong computer skills, contributing to the technical competence needed for complex route planning and navigation.\n**Trade\u2011off / uncertainty:** B is regarded as pretentious and sometimes uses the wrong tone when communicating, which could hinder crew cooperation and a positive cockpit atmosphere.\nMETADATA_JSON:\n{\"agent\": \"agent_3\", \"vote\": \"Candidate B\"}"}
2026-05-09 02:20:52,698 - INFO - Agent turns: 2
2026-05-09 02:20:58,841 - INFO - Tokens - Input: 1770, Output: 764, Total: 2534
{"id": 5, "ts": 1778286058.8431845, "event": "public_discussion_message", "round": 1, "agent": "agent_2", "message": "I tentatively favor **Candidate\u202fB**.\n- B\u2019s very conscientious nature and strong stress\u2011handling ability support reliability and calmness on long\u2011duration flights.\n- B also excels at assessing weather conditions and has excellent computer skills, which are key technical competencies for complex route planning and navigation.\n**Trade\u2011off / uncertainty:** B is regarded as pretentious and sometimes uses the wrong tone when communicating, which could undermine crew cooperation and the cockpit atmosphere.\nMETADATA_JSON:\n{\"agent\": \"agent_2\", \"vote\": \"Candidate B\"}"}
2026-05-09 02:20:58,843 - INFO - Agent turns: 3
2026-05-09 02:20:58,852 - INFO - Loop 1 completed
{"id": 6, "ts": 1778286058.8591318, "event": "discussion_order", "round": 2, "order": ["agent_3", "agent_2", "agent_1"]}
2026-05-09 02:21:09,444 - INFO - Tokens - Input: 1785, Output: 1009, Total: 2794
{"id": 7, "ts": 1778286069.4457467, "event": "public_discussion_message", "round": 2, "agent": "agent_3", "message": "I continue to favor **Candidate\u202fB**.\n- B\u2019s conscientiousness and strong stress\u2011handling ability support reliability and calmness on long\u2011duration flights.\n- B\u2019s excellent weather\u2011assessment skill and computer proficiency give solid technical competence for complex route planning.\nThese traits directly address the core demands of long\u2011distance piloting.\n**Trade\u2011off / uncertainty:** B is regarded as pretentious and sometimes uses the wrong tone, which could undermine crew cooperation and cockpit atmosphere.\nMETADATA_JSON:\n{\"agent\": \"agent_3\", \"vote\": \"Candidate B\"}"}
2026-05-09 02:21:09,445 - INFO - Agent turns: 4
2026-05-09 02:21:12,381 - INFO - Tokens - Input: 2012, Output: 384, Total: 2396
{"id": 8, "ts": 1778286072.3834527, "event": "public_discussion_message", "round": 2, "agent": "agent_2", "message": "I continue to favor **Candidate\u202fB**.\n- B\u2019s conscientiousness and strong stress\u2011handling ability support reliability and calmness on long\u2011duration flights.\n- B\u2019s excellent weather\u2011assessment skill and computer proficiency provide key technical competence for complex route planning.\n**Trade\u2011off / uncertainty:** B is regarded as pretentious and sometimes uses the wrong tone, which could hinder crew cooperation and the cockpit atmosphere.\nMETADATA_JSON:\n{\"agent\": \"agent_2\", \"vote\": \"Candidate B\"}"}
2026-05-09 02:21:12,383 - INFO - Agent turns: 5
2026-05-09 02:21:20,462 - INFO - Tokens - Input: 2104, Output: 974, Total: 3078
{"id": 9, "ts": 1778286080.463825, "event": "public_discussion_message", "round": 2, "agent": "agent_1", "message": "I continue to favor **Candidate\u202fA**.\n- A\u2019s ability to anticipate dangerous situations, excellent spatial vision, and skill at seeing complex connections directly support technical competence and hazard avoidance on long\u2011distance routes.\n- A also demonstrates very good leadership qualities, which are essential for coordinating the crew and making decisive decisions in the cockpit.\n**Trade\u2011off / uncertainty:** A can be unorganized and sometimes struggles with taking criticism, which may affect flight planning and teamwork under stress.\nMETADATA_JSON:\n{\"agent\": \"agent_1\", \"vote\": \"Candidate A\"}"}
2026-05-09 02:21:20,463 - INFO - Agent turns: 6
2026-05-09 02:21:20,473 - INFO - Loop 2 completed
{"id": 10, "ts": 1778286080.4798086, "event": "discussion_order", "round": 3, "order": ["agent_3", "agent_2", "agent_1"]}
2026-05-09 02:21:27,503 - INFO - Tokens - Input: 2141, Output: 764, Total: 2905
{"id": 11, "ts": 1778286087.5054758, "event": "public_discussion_message", "round": 3, "agent": "agent_3", "message": "I now favor **Candidate\u202fD**.\n- D solves problems extremely well, takes responsibility seriously, and can concentrate very well, which are crucial for the technical competence and reliability required on long\u2011distance flights.\n- D also responds adequately to unexpected events, supporting calmness under pressure when unforeseen situations arise.\n**Trade\u2011off / uncertainty:** D is considered moody and a loner, which could hinder crew cooperation and the positive cockpit atmosphere needed for safe operations.\nMETADATA_JSON:\n{\"agent\": \"agent_3\", \"vote\": \"Candidate D\"}"}
2026-05-09 02:21:27,505 - INFO - Agent turns: 7
2026-05-09 02:21:37,157 - INFO - Tokens - Input: 2362, Output: 1015, Total: 3377
{"id": 12, "ts": 1778286097.1591506, "event": "public_discussion_message", "round": 3, "agent": "agent_2", "message": "I continue to favor **Candidate\u202fB**.\n- B\u2019s conscientiousness and strong stress\u2011handling ability give high reliability and calmness on long\u2011duration flights.\n- His excellent weather\u2011assessment skill and computer proficiency provide essential technical competence for complex route planning.\nThese traits directly support the safety\u2011critical demands of long\u2011distance piloting.\n**Trade\u2011off / uncertainty:** B is regarded as pretentious and makes nasty remarks, which could undermine crew cooperation and the cockpit atmosphere.\nMETADATA_JSON:\n{\"agent\": \"agent_2\", \"vote\": \"Candidate B\"}"}
2026-05-09 02:21:37,159 - INFO - Agent turns: 8
2026-05-09 02:21:45,169 - INFO - Tokens - Input: 2487, Output: 1031, Total: 3518
{"id": 13, "ts": 1778286105.170521, "event": "public_discussion_message", "round": 3, "agent": "agent_1", "message": "I continue to favor **Candidate\u202fA**.\n- A\u2019s ability to anticipate dangerous situations, excellent spatial vision, and skill at seeing complex connections provide strong technical competence for hazard detection and navigation on long\u2011distance routes.\n- A also demonstrates very good leadership qualities, supporting effective crew coordination and decisive decision\u2011making in the cockpit.\n**Trade\u2011off / uncertainty:** A can be unorganized and sometimes struggles with taking criticism, which could hinder flight planning and teamwork under stress.\nMETADATA_JSON:\n{\"agent\": \"agent_1\", \"vote\": \"Candidate A\"}"}
2026-05-09 02:21:45,170 - INFO - Agent turns: 9
2026-05-09 02:21:45,180 - INFO - Loop 3 completed
{"id": 14, "ts": 1778286105.1869476, "event": "discussion_order", "round": 4, "order": ["agent_3", "agent_1", "agent_2"]}
2026-05-09 02:21:51,922 - INFO - Tokens - Input: 2516, Output: 967, Total: 3483
{"id": 15, "ts": 1778286111.924289, "event": "public_discussion_message", "round": 4, "agent": "agent_3", "message": "I currently favor **Candidate\u202fD**.\n- D solves problems extremely well, takes responsibility seriously, and can concentrate very well, giving strong technical competence and reliability for long\u2011distance flights.\n- D also responds adequately to unexpected events, supporting calmness under pressure.\n**Trade\u2011off / uncertainty:** D is considered moody and a loner, which could impair crew cooperation and the positive cockpit atmosphere needed for safety.\nMETADATA_JSON:\n{\"agent\": \"agent_3\", \"vote\": \"Candidate D\"}"}
2026-05-09 02:21:51,924 - INFO - Agent turns: 10
2026-05-09 02:21:57,524 - INFO - Tokens - Input: 2710, Output: 713, Total: 3423
{"id": 16, "ts": 1778286117.525595, "event": "public_discussion_message", "round": 4, "agent": "agent_1", "message": "I continue to favor **Candidate\u202fA**.\n- A\u2019s ability to anticipate dangerous situations, excellent spatial vision, and skill at seeing complex connections give strong technical competence for hazard detection and navigation on long\u2011distance routes.\n- A also demonstrates very good leadership qualities, supporting effective crew coordination and decisive decision\u2011making in the cockpit.\n**Trade\u2011off / uncertainty:** A can be unorganized and sometimes struggles with taking criticism, which may hinder flight planning and teamwork under stress.\nMETADATA_JSON:\n{\"agent\": \"agent_1\", \"vote\": \"Candidate A\"}"}
2026-05-09 02:21:57,525 - INFO - Agent turns: 11
2026-05-09 02:22:04,885 - INFO - Tokens - Input: 2846, Output: 742, Total: 3588
{"id": 17, "ts": 1778286124.8867025, "event": "public_discussion_message", "round": 4, "agent": "agent_2", "message": "I continue to favor **Candidate\u202fB**.\n- B\u2019s conscientiousness and strong stress\u2011handling ability give high reliability and calmness on long\u2011duration flights, which are essential for safe, consistent performance.\n- B also excels at assessing weather conditions and has excellent computer skills, providing key technical competence for complex route planning and navigation.\n**Trade\u2011off / uncertainty:** B is regarded as pretentious and makes nasty remarks, which could undermine crew cooperation and the cockpit atmosphere.\nMETADATA_JSON:\n{\"agent\": \"agent_2\", \"vote\": \"Candidate B\"}"}
2026-05-09 02:22:04,886 - INFO - Agent turns: 12
2026-05-09 02:22:04,897 - INFO - Loop 4 completed
{"id": 18, "ts": 1778286124.9037173, "event": "discussion_order", "round": 5, "order": ["agent_1", "agent_3", "agent_2"]}
2026-05-09 02:22:09,202 - INFO - Tokens - Input: 2879, Output: 587, Total: 3466
{"id": 19, "ts": 1778286129.2035341, "event": "public_discussion_message", "round": 5, "agent": "agent_1", "message": "I now favor **Candidate\u202fB**.\n- B\u2019s very conscientious nature and strong stress\u2011handling ability give high reliability and calmness on long\u2011duration flights, which are essential for safety and consistent performance.\n- B\u2019s excellent weather\u2011assessment skill and computer proficiency provide solid technical competence for complex route planning and navigation.\n**Trade\u2011off / uncertainty:** B is regarded as pretentious and sometimes uses the wrong tone, which could undermine crew cooperation and the cockpit atmosphere.\nMETADATA_JSON:\n{\"agent\": \"agent_1\", \"vote\": \"Candidate B\"}"}
2026-05-09 02:22:09,203 - INFO - Agent turns: 13
2026-05-09 02:22:17,879 - INFO - Tokens - Input: 3082, Output: 1103, Total: 4185
{"id": 20, "ts": 1778286137.880695, "event": "public_discussion_message", "round": 5, "agent": "agent_3", "message": "I now favor **Candidate\u202fB**.\n- B\u2019s very conscientious nature and strong stress\u2011handling ability give high reliability and calmness on long\u2011duration flights, which are essential for safety and consistent performance.\n- B\u2019s excellent weather\u2011assessment skill and computer proficiency provide solid technical competence for complex route planning and navigation.\n**Trade\u2011off / uncertainty:** B is regarded as pretentious and sometimes uses the wrong tone, which could undermine crew cooperation and the cockpit atmosphere.\nMETADATA_JSON:\n{\"agent\": \"agent_3\", \"vote\": \"Candidate B\"}"}
2026-05-09 02:22:17,880 - INFO - Agent turns: 14
2026-05-09 02:22:20,022 - INFO - Tokens - Input: 3212, Output: 213, Total: 3425
{"id": 21, "ts": 1778286140.024528, "event": "public_discussion_message", "round": 5, "agent": "agent_2", "message": "I continue to favor **Candidate\u202fB**.\n- B\u2019s conscientiousness and strong stress\u2011handling ability provide high reliability and calmness on long\u2011duration flights, essential for safety and consistent performance.\n- His excellent weather\u2011assessment skill and computer proficiency give solid technical competence for complex route planning and navigation.\n**Trade\u2011off / uncertainty:** B is regarded as pretentious and sometimes uses the wrong tone, which could harm crew cooperation and the cockpit atmosphere.\nMETADATA_JSON:\n{\"agent\": \"agent_2\", \"vote\": \"Candidate B\"}"}
2026-05-09 02:22:20,024 - INFO - Agent turns: 15
2026-05-09 02:22:20,033 - INFO - Loop 5 completed
2026-05-09 02:22:20,033 - INFO - Final Chosen Candidate: Candidate B
2026-05-09 02:22:20,033 - INFO - Final Decision Method: consensus
2026-05-09 02:22:20,033 - INFO - Final Vote Count: {'Candidate B': 3}
2026-05-09 02:22:20,034 - INFO - Correct Candidate: Candidate C
2026-05-09 02:22:20,034 - INFO - Decision Correct: 0
{"id": 22, "ts": 1778286140.035404, "event": "context_consistency_not_applicable", "reason": "explicit_smm_memory_disabled"}
{"id": 23, "ts": 1778286140.035541, "event": "final_decision", "candidate": "Candidate B", "method": "consensus", "vote_count": {"Candidate B": 3}, "correct_candidate": "Candidate C", "decision_correct": 0, "round": 5}
2026-05-09 02:22:20,045 - INFO - ======================================================================
2026-05-09 02:22:20,045 - INFO - SIMULATION METRICS
2026-05-09 02:22:20,045 - INFO - ======================================================================
2026-05-09 02:22:20,045 - INFO - Total Loops: 5
2026-05-09 02:22:20,045 - INFO - Agent Turns (no vote checker): 15
2026-05-09 02:22:20,045 - INFO - Agent Tool Calls: 0
2026-05-09 02:22:20,045 - INFO - Agent Tool Messages: 0
2026-05-09 02:22:20,045 - INFO - Memory Updates: 0
2026-05-09 02:22:20,046 - INFO - Total Messages (no vote checker): 15
2026-05-09 02:22:20,046 - INFO - Input Tokens: 34951
2026-05-09 02:22:20,046 - INFO - Output Tokens: 11867
2026-05-09 02:22:20,046 - INFO - Total Tokens: 46818
2026-05-09 02:22:20,046 - INFO - Final Chosen Candidate: Candidate B
2026-05-09 02:22:20,046 - INFO - Final Decision Method: consensus
2026-05-09 02:22:20,046 - INFO - Final Vote Count: {'Candidate B': 3}
2026-05-09 02:22:20,046 - INFO - Correct Candidate: Candidate C
2026-05-09 02:22:20,046 - INFO - Decision Correct: 0
2026-05-09 02:22:20,046 - INFO - Runtime: 102.18s
2026-05-09 02:22:20,046 - INFO - ======================================================================
