2026-05-08 11:48:42,101 - INFO - Metrics tracker initialized
{"id": 1, "ts": 1778233722.1314335, "event": "memory_reset"}
{"id": 2, "ts": 1778233722.1365404, "event": "discussion_order", "round": 1, "order": ["agent_2", "agent_3", "agent_1"]}
2026-05-08 11:48:47,331 - INFO - Tokens - Input: 1395, Output: 526, Total: 1921
{"id": 3, "ts": 1778233727.3331907, "event": "public_discussion_message", "round": 1, "agent": "agent_2", "message": "I prefer Candidate A \u2013 excellent spatial vision.\nMETADATA_JSON:\n{\"agent\": \"agent_2\", \"vote\": \"Candidate A\"}"}
2026-05-08 11:48:47,333 - INFO - Agent turns: 1
2026-05-08 11:48:52,907 - INFO - Tokens - Input: 1442, Output: 785, Total: 2227
{"id": 4, "ts": 1778233732.909203, "event": "public_discussion_message", "round": 1, "agent": "agent_3", "message": "I prefer Candidate B \u2013 handles stress very well.\nMETADATA_JSON:\n{\"agent\": \"agent_3\", \"vote\": \"Candidate B\"}"}
2026-05-08 11:48:52,909 - INFO - Agent turns: 2
2026-05-08 11:48:57,241 - INFO - Tokens - Input: 1486, Output: 642, Total: 2128
{"id": 5, "ts": 1778233737.2426257, "event": "public_discussion_message", "round": 1, "agent": "agent_1", "message": "I prefer Candidate A \u2013 excellent spatial vision.\nMETADATA_JSON:\n{\"agent\": \"agent_1\", \"vote\": \"Candidate A\"}"}
2026-05-08 11:48:57,242 - INFO - Agent turns: 3
2026-05-08 11:48:57,252 - INFO - Loop 1 completed
{"id": 6, "ts": 1778233737.2578394, "event": "discussion_order", "round": 2, "order": ["agent_2", "agent_1", "agent_3"]}
2026-05-08 11:49:01,554 - INFO - Tokens - Input: 1520, Output: 692, Total: 2212
{"id": 7, "ts": 1778233741.5557394, "event": "public_discussion_message", "round": 2, "agent": "agent_2", "message": "I prefer Candidate D \u2013 solves problems extremely well.\nMETADATA_JSON:\n{\"agent\": \"agent_2\", \"vote\": \"Candidate D\"}"}
2026-05-08 11:49:01,555 - INFO - Agent turns: 4
2026-05-08 11:49:09,058 - INFO - Tokens - Input: 1561, Output: 980, Total: 2541
{"id": 8, "ts": 1778233749.0593362, "event": "public_discussion_message", "round": 2, "agent": "agent_1", "message": "I prefer Candidate D \u2013 solves problems extremely well.\nMETADATA_JSON:\n{\"agent\": \"agent_1\", \"vote\": \"Candidate D\"}"}
2026-05-08 11:49:09,059 - INFO - Agent turns: 5
2026-05-08 11:49:16,451 - INFO - Tokens - Input: 1594, Output: 1015, Total: 2609
{"id": 9, "ts": 1778233756.452394, "event": "public_discussion_message", "round": 2, "agent": "agent_3", "message": "I prefer Candidate B \u2013 very conscientious.\nMETADATA_JSON:\n{\"agent\": \"agent_3\", \"vote\": \"Candidate B\"}"}
2026-05-08 11:49:16,452 - INFO - Agent turns: 6
2026-05-08 11:49:16,461 - INFO - Loop 2 completed
{"id": 10, "ts": 1778233756.4669554, "event": "discussion_order", "round": 3, "order": ["agent_3", "agent_2", "agent_1"]}
2026-05-08 11:49:22,060 - INFO - Tokens - Input: 1624, Output: 782, Total: 2406
{"id": 11, "ts": 1778233762.0615277, "event": "public_discussion_message", "round": 3, "agent": "agent_3", "message": "I prefer Candidate A \u2013 unfriendly.\nMETADATA_JSON:\n{\"agent\": \"agent_3\", \"vote\": \"Candidate A\"}"}
2026-05-08 11:49:22,061 - INFO - Agent turns: 7
2026-05-08 11:49:28,726 - INFO - Tokens - Input: 1672, Output: 894, Total: 2566
{"id": 12, "ts": 1778233768.7281659, "event": "public_discussion_message", "round": 3, "agent": "agent_2", "message": "I prefer Candidate A \u2013 unfriendly.\nMETADATA_JSON:\n{\"agent\": \"agent_2\", \"vote\": \"Candidate A\"}"}
2026-05-08 11:49:28,728 - INFO - Agent turns: 8
2026-05-08 11:49:36,512 - INFO - Tokens - Input: 1705, Output: 914, Total: 2619
{"id": 13, "ts": 1778233776.5133135, "event": "public_discussion_message", "round": 3, "agent": "agent_1", "message": "I prefer Candidate D \u2013 regarded as arrogant.\nMETADATA_JSON:\n{\"agent\": \"agent_1\", \"vote\": \"Candidate D\"}"}
2026-05-08 11:49:36,513 - INFO - Agent turns: 9
2026-05-08 11:49:36,521 - INFO - Loop 3 completed
{"id": 14, "ts": 1778233776.5274215, "event": "discussion_order", "round": 4, "order": ["agent_1", "agent_3", "agent_2"]}
2026-05-08 11:49:39,373 - INFO - Tokens - Input: 1738, Output: 409, Total: 2147
{"id": 15, "ts": 1778233779.3751962, "event": "public_discussion_message", "round": 4, "agent": "agent_1", "message": "I prefer Candidate A \u2013 excellent spatial vision.\nMETADATA_JSON:\n{\"agent\": \"agent_1\", \"vote\": \"Candidate A\"}"}
2026-05-08 11:49:39,375 - INFO - Agent turns: 10
2026-05-08 11:49:47,032 - INFO - Tokens - Input: 1775, Output: 1123, Total: 2898
{"id": 16, "ts": 1778233787.0333736, "event": "public_discussion_message", "round": 4, "agent": "agent_3", "message": "I prefer Candidate B \u2013 very conscientious.\nMETADATA_JSON:\n{\"agent\": \"agent_3\", \"vote\": \"Candidate B\"}"}
2026-05-08 11:49:47,033 - INFO - Agent turns: 11
2026-05-08 11:49:55,197 - INFO - Tokens - Input: 1818, Output: 1055, Total: 2873
{"id": 17, "ts": 1778233795.1984625, "event": "public_discussion_message", "round": 4, "agent": "agent_2", "message": "I prefer Candidate D \u2013 solves problems extremely well.\nMETADATA_JSON:\n{\"agent\": \"agent_2\", \"vote\": \"Candidate D\"}"}
2026-05-08 11:49:55,198 - INFO - Agent turns: 12
2026-05-08 11:49:55,207 - INFO - Loop 4 completed
{"id": 18, "ts": 1778233795.2142007, "event": "discussion_order", "round": 5, "order": ["agent_1", "agent_2", "agent_3"]}
2026-05-08 11:50:01,459 - INFO - Tokens - Input: 1856, Output: 963, Total: 2819
{"id": 19, "ts": 1778233801.4610684, "event": "public_discussion_message", "round": 5, "agent": "agent_1", "message": "I prefer Candidate A \u2013 anticipates dangerous situations.\nMETADATA_JSON:\n{\"agent\": \"agent_1\", \"vote\": \"Candidate A\"}"}
2026-05-08 11:50:01,461 - INFO - Agent turns: 13
2026-05-08 11:50:08,808 - INFO - Tokens - Input: 1896, Output: 1056, Total: 2952
{"id": 20, "ts": 1778233808.8098354, "event": "public_discussion_message", "round": 5, "agent": "agent_2", "message": "I prefer Candidate A \u2013 strong leadership.\nMETADATA_JSON:\n{\"agent\": \"agent_2\", \"vote\": \"Candidate A\"}"}
2026-05-08 11:50:08,809 - INFO - Agent turns: 14
2026-05-08 11:50:13,752 - INFO - Tokens - Input: 1922, Output: 703, Total: 2625
{"id": 21, "ts": 1778233813.753786, "event": "public_discussion_message", "round": 5, "agent": "agent_3", "message": "I prefer Candidate B \u2013 handles stress very well.\nMETADATA_JSON:\n{\"agent\": \"agent_3\", \"vote\": \"Candidate B\"}"}
2026-05-08 11:50:13,753 - INFO - Agent turns: 15
2026-05-08 11:50:13,762 - INFO - Loop 5 completed
2026-05-08 11:50:13,762 - INFO - Final Chosen Candidate: Candidate A
2026-05-08 11:50:13,762 - INFO - Final Decision Method: max_round_majority_vote
2026-05-08 11:50:13,762 - INFO - Final Vote Count: {'Candidate A': 2, 'Candidate B': 1}
2026-05-08 11:50:13,762 - INFO - Correct Candidate: Candidate C
2026-05-08 11:50:13,762 - INFO - Decision Correct: 0
{"id": 22, "ts": 1778233813.7641532, "event": "context_consistency_not_applicable", "reason": "explicit_smm_memory_disabled"}
{"id": 23, "ts": 1778233813.764287, "event": "final_decision", "candidate": "Candidate A", "method": "max_round_majority_vote", "vote_count": {"Candidate A": 2, "Candidate B": 1}, "correct_candidate": "Candidate C", "decision_correct": 0, "round": 5}
2026-05-08 11:50:13,771 - INFO - ======================================================================
2026-05-08 11:50:13,771 - INFO - SIMULATION METRICS
2026-05-08 11:50:13,771 - INFO - ======================================================================
2026-05-08 11:50:13,772 - INFO - Total Loops: 5
2026-05-08 11:50:13,772 - INFO - Agent Turns (no vote checker): 15
2026-05-08 11:50:13,772 - INFO - Agent Tool Calls: 0
2026-05-08 11:50:13,772 - INFO - Agent Tool Messages: 0
2026-05-08 11:50:13,772 - INFO - Memory Updates: 0
2026-05-08 11:50:13,772 - INFO - Total Messages (no vote checker): 15
2026-05-08 11:50:13,772 - INFO - Input Tokens: 25004
2026-05-08 11:50:13,772 - INFO - Output Tokens: 12539
2026-05-08 11:50:13,772 - INFO - Total Tokens: 37543
2026-05-08 11:50:13,772 - INFO - Final Chosen Candidate: Candidate A
2026-05-08 11:50:13,772 - INFO - Final Decision Method: max_round_majority_vote
2026-05-08 11:50:13,772 - INFO - Final Vote Count: {'Candidate A': 2, 'Candidate B': 1}
2026-05-08 11:50:13,773 - INFO - Correct Candidate: Candidate C
2026-05-08 11:50:13,773 - INFO - Decision Correct: 0
2026-05-08 11:50:13,773 - INFO - Runtime: 91.67s
2026-05-08 11:50:13,773 - INFO - ======================================================================
