2026-05-17 00:00:26,875 - INFO - Metrics tracker initialized
{"id": 1, "ts": 1778968826.9077075, "event": "memory_reset"}
{"id": 2, "ts": 1778968826.9132497, "event": "discussion_order", "round": 1, "order": ["agent_1", "agent_3", "agent_2"]}
2026-05-17 00:00:34,617 - INFO - Tokens - Input: 1968, Output: 784, Total: 2752
{"id": 3, "ts": 1778968834.6187844, "event": "public_discussion_message", "round": 1, "agent": "agent_1", "message": "I\u2019m leaning toward **Candidate\u202fD** as the provisional favorite.\u202fHe demonstrates strong responsibility, excellent problem\u2011solving ability, and the capacity to concentrate and respond adequately to unexpected events\u2014key traits for long\u2011distance flights where technical competence and calmness under pressure are vital.\u202fThe main uncertainty is his reported arrogance and relatively weak leadership, which could hinder crew cooperation and overall cockpit harmony.\nMETADATA_JSON:\n{\"agent\": \"agent_1\", \"vote\": \"Candidate D\"}"}
2026-05-17 00:00:34,618 - INFO - Agent turns: 1
2026-05-17 00:00:45,076 - INFO - Tokens - Input: 1648, Output: 784, Total: 2432
2026-05-17 00:00:45,079 - INFO - Memory updates: 1
{"id": 4, "ts": 1778968845.0794237, "event": "memory_updated", "agent": "agent_1", "round": 1}
2026-05-17 00:00:47,108 - INFO - Tokens - Input: 1643, Output: 995, Total: 2638
2026-05-17 00:00:47,110 - INFO - Memory updates: 2
{"id": 5, "ts": 1778968847.110767, "event": "memory_updated", "agent": "agent_3", "round": 1}
2026-05-17 00:00:49,741 - INFO - Tokens - Input: 1651, Output: 1330, Total: 2981
2026-05-17 00:00:49,743 - INFO - Memory updates: 3
{"id": 6, "ts": 1778968849.744021, "event": "memory_updated", "agent": "agent_2", "round": 1}
2026-05-17 00:00:56,669 - INFO - Tokens - Input: 2186, Output: 853, Total: 3039
{"id": 7, "ts": 1778968856.6709702, "event": "public_discussion_message", "round": 1, "agent": "agent_3", "message": "I\u2019m leaning toward **Candidate\u202fB**.\u202fHe is very conscientious and handles stress well, which supports reliability and calmness under pressure on long\u2011distance flights, and he has strong technical skills in weather assessment and computer use, essential for navigation and systems management.\u202fThe main uncertainty is his pretentious attitude and occasional wrong tone, which could impair crew cooperation and cockpit harmony.\nMETADATA_JSON:\n{\"agent\": \"agent_3\", \"vote\": \"Candidate B\"}"}
2026-05-17 00:00:56,671 - INFO - Agent turns: 2
2026-05-17 00:01:12,582 - INFO - Tokens - Input: 1922, Output: 1154, Total: 3076
2026-05-17 00:01:12,584 - INFO - Memory updates: 4
{"id": 8, "ts": 1778968872.584945, "event": "memory_updated", "agent": "agent_2", "round": 1}
2026-05-17 00:01:12,992 - INFO - Tokens - Input: 1891, Output: 1198, Total: 3089
2026-05-17 00:01:13,004 - INFO - Memory updates: 5
{"id": 9, "ts": 1778968873.005219, "event": "memory_updated", "agent": "agent_1", "round": 1}
2026-05-17 00:01:32,180 - INFO - Tokens - Input: 1869, Output: 3578, Total: 5447
2026-05-17 00:01:32,183 - INFO - Memory updates: 6
{"id": 10, "ts": 1778968892.1835713, "event": "memory_updated", "agent": "agent_3", "round": 1}
2026-05-17 00:01:38,311 - INFO - Tokens - Input: 2440, Output: 739, Total: 3179
{"id": 11, "ts": 1778968898.3124676, "event": "public_discussion_message", "round": 1, "agent": "agent_2", "message": "I\u2019m leaning toward **Candidate\u202fB** because he is very conscientious, supporting reliability, and he handles stress well, which is crucial for staying calm on long\u2011distance flights. The main uncertainty is his tendency to make nasty remarks about colleagues, which could undermine crew cooperation.\nMETADATA_JSON:\n{\"agent\": \"agent_2\", \"vote\": \"Candidate B\"}"}
2026-05-17 00:01:38,312 - INFO - Agent turns: 3
2026-05-17 00:01:50,550 - INFO - Tokens - Input: 2061, Output: 898, Total: 2959
2026-05-17 00:01:50,553 - INFO - Memory updates: 7
{"id": 12, "ts": 1778968910.5533037, "event": "memory_updated", "agent": "agent_1", "round": 1}
2026-05-17 00:01:58,242 - INFO - Tokens - Input: 2510, Output: 1679, Total: 4189
2026-05-17 00:01:58,245 - INFO - Memory updates: 8
{"id": 13, "ts": 1778968918.2455862, "event": "memory_updated", "agent": "agent_3", "round": 1}
2026-05-17 00:02:07,274 - INFO - Tokens - Input: 2101, Output: 2786, Total: 4887
2026-05-17 00:02:07,277 - INFO - Memory updates: 9
{"id": 14, "ts": 1778968927.2773447, "event": "memory_updated", "agent": "agent_2", "round": 1}
2026-05-17 00:02:07,285 - INFO - Loop 1 completed
{"id": 15, "ts": 1778968927.2911644, "event": "discussion_order", "round": 2, "order": ["agent_3", "agent_1", "agent_2"]}
2026-05-17 00:02:09,707 - INFO - Tokens - Input: 2916, Output: 235, Total: 3151
{"id": 16, "ts": 1778968929.7086732, "event": "public_discussion_message", "round": 2, "agent": "agent_3", "message": "I continue to favor **Candidate\u202fB**. He is very conscientious, which underpins reliability on long\u2011haul flights, and he handles stress well, supporting calmness under pressure during extended operations. The key uncertainty is his pretentious attitude and occasional wrong tone (including nasty remarks), which could undermine crew cooperation and cockpit harmony.\nMETADATA_JSON:\n{\"agent\": \"agent_3\", \"vote\": \"Candidate B\"}"}
2026-05-17 00:02:09,708 - INFO - Agent turns: 4
2026-05-17 00:02:16,314 - INFO - Tokens - Input: 2912, Output: 426, Total: 3338
2026-05-17 00:02:16,317 - INFO - Memory updates: 10
{"id": 17, "ts": 1778968936.3178155, "event": "memory_updated", "agent": "agent_2", "round": 2}
2026-05-17 00:02:16,555 - INFO - Tokens - Input: 2588, Output: 450, Total: 3038
2026-05-17 00:02:16,557 - INFO - Memory updates: 11
{"id": 18, "ts": 1778968936.5581212, "event": "memory_updated", "agent": "agent_3", "round": 2}
2026-05-17 00:02:19,542 - INFO - Tokens - Input: 2232, Output: 839, Total: 3071
2026-05-17 00:02:19,544 - INFO - Memory updates: 12
{"id": 19, "ts": 1778968939.5448387, "event": "memory_updated", "agent": "agent_1", "round": 2}
2026-05-17 00:02:26,847 - INFO - Tokens - Input: 2720, Output: 882, Total: 3602
{"id": 20, "ts": 1778968946.8486667, "event": "public_discussion_message", "round": 2, "agent": "agent_1", "message": "I continue to favor **Candidate\u202fD**. His strong sense of responsibility, excellent problem\u2011solving ability, high concentration, and proven capacity to respond adequately to unexpected events are critical for the long\u2011haul environment where technical competence and calmness under pressure are paramount. The main uncertainty is whether his reported arrogance and relatively weak leadership will undermine crew cooperation enough to offset these strengths.\nMETADATA_JSON:\n{\"agent\": \"agent_1\", \"vote\": \"Candidate D\"}"}
2026-05-17 00:02:26,848 - INFO - Agent turns: 5
2026-05-17 00:02:32,160 - INFO - Tokens - Input: 3016, Output: 341, Total: 3357
2026-05-17 00:02:32,164 - INFO - Memory updates: 13
{"id": 21, "ts": 1778968952.1642034, "event": "memory_updated", "agent": "agent_2", "round": 2}
2026-05-17 00:02:32,342 - INFO - Tokens - Input: 2692, Output: 359, Total: 3051
2026-05-17 00:02:32,345 - INFO - Memory updates: 14
{"id": 22, "ts": 1778968952.3455963, "event": "memory_updated", "agent": "agent_3", "round": 2}
2026-05-17 00:02:34,542 - INFO - Tokens - Input: 2402, Output: 646, Total: 3048
2026-05-17 00:02:34,544 - INFO - Memory updates: 15
{"id": 23, "ts": 1778968954.5450096, "event": "memory_updated", "agent": "agent_1", "round": 2}
2026-05-17 00:02:36,898 - INFO - Tokens - Input: 3438, Output: 220, Total: 3658
{"id": 24, "ts": 1778968956.8996615, "event": "public_discussion_message", "round": 2, "agent": "agent_2", "message": "I prefer Candidate\u202fB because he is very conscientious, supporting reliability, and he handles stress well, which is essential for staying calm on long\u2011distance flights. The main uncertainty is his tendency to make nasty remarks about colleagues, which could undermine crew cooperation and cockpit harmony.\nMETADATA_JSON:\n{\"agent\": \"agent_2\", \"vote\": \"Candidate B\"}"}
2026-05-17 00:02:36,899 - INFO - Agent turns: 6
2026-05-17 00:02:43,680 - INFO - Tokens - Input: 2483, Output: 429, Total: 2912
2026-05-17 00:02:43,683 - INFO - Memory updates: 16
{"id": 25, "ts": 1778968963.6831665, "event": "memory_updated", "agent": "agent_1", "round": 2}
2026-05-17 00:02:44,228 - INFO - Tokens - Input: 2774, Output: 483, Total: 3257
2026-05-17 00:02:44,231 - INFO - Memory updates: 17
{"id": 26, "ts": 1778968964.2319944, "event": "memory_updated", "agent": "agent_3", "round": 2}
2026-05-17 00:02:44,919 - INFO - Tokens - Input: 3098, Output: 572, Total: 3670
2026-05-17 00:02:44,923 - INFO - Memory updates: 18
{"id": 27, "ts": 1778968964.923345, "event": "memory_updated", "agent": "agent_2", "round": 2}
2026-05-17 00:02:44,931 - INFO - Loop 2 completed
{"id": 28, "ts": 1778968964.9363272, "event": "discussion_order", "round": 3, "order": ["agent_2", "agent_1", "agent_3"]}
2026-05-17 00:02:47,301 - INFO - Tokens - Input: 3520, Output: 217, Total: 3737
{"id": 29, "ts": 1778968967.30277, "event": "public_discussion_message", "round": 3, "agent": "agent_2", "message": "I continue to favor **Candidate\u202fB** because he is very conscientious, which underpins reliability on long\u2011haul flights, and he handles stress well, supporting calmness under pressure during extended operations. The key uncertainty is his tendency to make nasty remarks about colleagues, which could undermine crew cooperation and cockpit harmony.\nMETADATA_JSON:\n{\"agent\": \"agent_2\", \"vote\": \"Candidate B\"}"}
2026-05-17 00:02:47,302 - INFO - Agent turns: 7
2026-05-17 00:02:53,342 - INFO - Tokens - Input: 2864, Output: 415, Total: 3279
2026-05-17 00:02:53,345 - INFO - Memory updates: 19
{"id": 30, "ts": 1778968973.3457224, "event": "memory_updated", "agent": "agent_3", "round": 3}
2026-05-17 00:02:53,992 - INFO - Tokens - Input: 2573, Output: 482, Total: 3055
2026-05-17 00:02:53,995 - INFO - Memory updates: 20
{"id": 31, "ts": 1778968973.9952831, "event": "memory_updated", "agent": "agent_1", "round": 3}
2026-05-17 00:02:54,992 - INFO - Tokens - Input: 3188, Output: 604, Total: 3792
2026-05-17 00:02:54,995 - INFO - Memory updates: 21
{"id": 32, "ts": 1778968974.9955711, "event": "memory_updated", "agent": "agent_2", "round": 3}
2026-05-17 00:02:57,044 - INFO - Tokens - Input: 2995, Output: 176, Total: 3171
{"id": 33, "ts": 1778968977.0458205, "event": "public_discussion_message", "round": 3, "agent": "agent_1", "message": "I continue to favor **Candidate\u202fD**. He shows strong responsibility, excellent problem\u2011solving ability, high concentration, and can respond adequately to unexpected events\u2014key for technical competence and calmness on long\u2011haul flights. The main uncertainty is his reported arrogance and relatively weak leadership, which could undermine crew cooperation.\nMETADATA_JSON:\n{\"agent\": \"agent_1\", \"vote\": \"Candidate D\"}"}
2026-05-17 00:02:57,045 - INFO - Agent turns: 8
2026-05-17 00:03:03,857 - INFO - Tokens - Input: 2956, Output: 456, Total: 3412
2026-05-17 00:03:03,860 - INFO - Memory updates: 22
{"id": 34, "ts": 1778968983.8607886, "event": "memory_updated", "agent": "agent_3", "round": 3}
2026-05-17 00:03:05,971 - INFO - Tokens - Input: 2665, Output: 674, Total: 3339
2026-05-17 00:03:05,973 - INFO - Memory updates: 23
{"id": 35, "ts": 1778968985.9740596, "event": "memory_updated", "agent": "agent_1", "round": 3}
2026-05-17 00:03:10,911 - INFO - Tokens - Input: 3280, Output: 1287, Total: 4567
2026-05-17 00:03:10,914 - INFO - Memory updates: 24
{"id": 36, "ts": 1778968990.9147615, "event": "memory_updated", "agent": "agent_2", "round": 3}
2026-05-17 00:03:12,920 - INFO - Tokens - Input: 3378, Output: 170, Total: 3548
{"id": 37, "ts": 1778968992.9221597, "event": "public_discussion_message", "round": 3, "agent": "agent_3", "message": "I continue to favor **Candidate\u202fB**. His very conscientious nature ensures high reliability, and his ability to handle stress well supports calmness under pressure during long\u2011haul flights\u2014both critical for safety and consistent performance. The main uncertainty is his pretentious attitude and occasional wrong tone, which could undermine crew cooperation and cockpit harmony.\nMETADATA_JSON:\n{\"agent\": \"agent_3\", \"vote\": \"Candidate B\"}"}
2026-05-17 00:03:12,922 - INFO - Agent turns: 9
2026-05-17 00:03:18,456 - INFO - Tokens - Input: 3391, Output: 366, Total: 3757
2026-05-17 00:03:18,460 - INFO - Memory updates: 25
{"id": 38, "ts": 1778968998.4603353, "event": "memory_updated", "agent": "agent_2", "round": 3}
2026-05-17 00:03:19,896 - INFO - Tokens - Input: 2759, Output: 520, Total: 3279
2026-05-17 00:03:19,898 - INFO - Memory updates: 26
{"id": 39, "ts": 1778968999.8990061, "event": "memory_updated", "agent": "agent_1", "round": 3}
2026-05-17 00:03:21,172 - INFO - Tokens - Input: 3050, Output: 683, Total: 3733
2026-05-17 00:03:21,175 - INFO - Memory updates: 27
{"id": 40, "ts": 1778969001.1757843, "event": "memory_updated", "agent": "agent_3", "round": 3}
2026-05-17 00:03:21,184 - INFO - Loop 3 completed
{"id": 41, "ts": 1778969001.1894603, "event": "discussion_order", "round": 4, "order": ["agent_1", "agent_2", "agent_3"]}
2026-05-17 00:03:23,255 - INFO - Tokens - Input: 3181, Output: 194, Total: 3375
{"id": 42, "ts": 1778969003.2568793, "event": "public_discussion_message", "round": 4, "agent": "agent_1", "message": "I prefer **Candidate\u202fD** because he demonstrates strong responsibility and excellent problem\u2011solving ability, and he can concentrate well and respond adequately to unexpected events \u2013 traits essential for technical competence and calmness on long\u2011distance flights. The main uncertainty is his reported arrogance and relatively weak leadership, which could undermine crew cooperation.\nMETADATA_JSON:\n{\"agent\": \"agent_1\", \"vote\": \"Candidate D\"}"}
2026-05-17 00:03:23,257 - INFO - Agent turns: 10
2026-05-17 00:03:27,471 - INFO - Tokens - Input: 2851, Output: 263, Total: 3114
2026-05-17 00:03:27,473 - INFO - Memory updates: 28
{"id": 43, "ts": 1778969007.4740362, "event": "memory_updated", "agent": "agent_1", "round": 4}
2026-05-17 00:03:29,319 - INFO - Tokens - Input: 3142, Output: 454, Total: 3596
2026-05-17 00:03:29,322 - INFO - Memory updates: 29
{"id": 44, "ts": 1778969009.3222363, "event": "memory_updated", "agent": "agent_3", "round": 4}
2026-05-17 00:03:31,820 - INFO - Tokens - Input: 3483, Output: 768, Total: 4251
2026-05-17 00:03:31,824 - INFO - Memory updates: 30
{"id": 45, "ts": 1778969011.8243284, "event": "memory_updated", "agent": "agent_2", "round": 4}
2026-05-17 00:03:33,985 - INFO - Tokens - Input: 3909, Output: 178, Total: 4087
{"id": 46, "ts": 1778969013.9871683, "event": "public_discussion_message", "round": 4, "agent": "agent_2", "message": "I prefer **Candidate\u202fB**. He is very conscientious, which underpins reliability on long\u2011haul flights, and he handles stress well, supporting calmness under pressure during extended operations. These traits are crucial for maintaining safety and consistent performance on long\u2011distance routes. The main uncertainty is his tendency to make nasty remarks about colleagues, which could undermine crew cooperation and cockpit harmony.\nMETADATA_JSON:\n{\"agent\": \"agent_2\", \"vote\": \"Candidate B\"}"}
2026-05-17 00:03:33,987 - INFO - Agent turns: 11
2026-05-17 00:03:39,013 - INFO - Tokens - Input: 3591, Output: 291, Total: 3882
2026-05-17 00:03:39,017 - INFO - Memory updates: 31
{"id": 47, "ts": 1778969019.0171795, "event": "memory_updated", "agent": "agent_2", "round": 4}
2026-05-17 00:03:39,561 - INFO - Tokens - Input: 3246, Output: 346, Total: 3592
2026-05-17 00:03:39,564 - INFO - Memory updates: 32
{"id": 48, "ts": 1778969019.5648732, "event": "memory_updated", "agent": "agent_3", "round": 4}
2026-05-17 00:03:40,331 - INFO - Tokens - Input: 2955, Output: 443, Total: 3398
2026-05-17 00:03:40,334 - INFO - Memory updates: 33
{"id": 49, "ts": 1778969020.334139, "event": "memory_updated", "agent": "agent_1", "round": 4}
2026-05-17 00:03:42,769 - INFO - Tokens - Input: 3668, Output: 204, Total: 3872
{"id": 50, "ts": 1778969022.770799, "event": "public_discussion_message", "round": 4, "agent": "agent_3", "message": "I continue to favor **Candidate\u202fB**. He is very conscientious, which underpins reliability on long\u2011haul flights, and he handles stress well, supporting calmness under pressure during extended operations\u2014both essential for safety and consistent performance. The main uncertainty is his pretentious attitude and occasional wrong tone (including nasty remarks), which could undermine crew cooperation and cockpit harmony.\nMETADATA_JSON:\n{\"agent\": \"agent_3\", \"vote\": \"Candidate B\"}"}
2026-05-17 00:03:42,770 - INFO - Agent turns: 12
2026-05-17 00:03:49,182 - INFO - Tokens - Input: 3057, Output: 424, Total: 3481
2026-05-17 00:03:49,185 - INFO - Memory updates: 34
{"id": 51, "ts": 1778969029.1852007, "event": "memory_updated", "agent": "agent_1", "round": 4}
2026-05-17 00:03:52,384 - INFO - Tokens - Input: 3348, Output: 750, Total: 4098
2026-05-17 00:03:52,387 - INFO - Memory updates: 35
{"id": 52, "ts": 1778969032.3880339, "event": "memory_updated", "agent": "agent_3", "round": 4}
2026-05-17 00:03:59,037 - INFO - Tokens - Input: 3693, Output: 1578, Total: 5271
2026-05-17 00:03:59,040 - INFO - Memory updates: 36
{"id": 53, "ts": 1778969039.0406113, "event": "memory_updated", "agent": "agent_2", "round": 4}
2026-05-17 00:03:59,049 - INFO - Loop 4 completed
{"id": 54, "ts": 1778969039.0554616, "event": "discussion_order", "round": 5, "order": ["agent_2", "agent_3", "agent_1"]}
2026-05-17 00:04:01,085 - INFO - Tokens - Input: 4195, Output: 152, Total: 4347
{"id": 55, "ts": 1778969041.0867376, "event": "public_discussion_message", "round": 5, "agent": "agent_2", "message": "I continue to favor **Candidate\u202fB** because he is very conscientious, which underpins reliability on long\u2011haul flights, and he handles stress well, supporting calmness under pressure during extended operations\u2014both critical for safe, consistent performance. The main uncertainty is his tendency to make nasty remarks about colleagues, which could undermine crew cooperation and cockpit harmony.\nMETADATA_JSON:\n{\"agent\": \"agent_2\", \"vote\": \"Candidate B\"}"}
2026-05-17 00:04:01,086 - INFO - Agent turns: 13
2026-05-17 00:04:06,830 - INFO - Tokens - Input: 3871, Output: 365, Total: 4236
2026-05-17 00:04:06,834 - INFO - Memory updates: 37
{"id": 56, "ts": 1778969046.8341863, "event": "memory_updated", "agent": "agent_2", "round": 5}
2026-05-17 00:04:07,581 - INFO - Tokens - Input: 3450, Output: 442, Total: 3892
2026-05-17 00:04:07,584 - INFO - Memory updates: 38
{"id": 57, "ts": 1778969047.5844667, "event": "memory_updated", "agent": "agent_3", "round": 5}
2026-05-17 00:04:08,482 - INFO - Tokens - Input: 3155, Output: 561, Total: 3716
2026-05-17 00:04:08,485 - INFO - Memory updates: 39
{"id": 58, "ts": 1778969048.4857028, "event": "memory_updated", "agent": "agent_1", "round": 5}
2026-05-17 00:04:11,005 - INFO - Tokens - Input: 3872, Output: 235, Total: 4107
{"id": 59, "ts": 1778969051.006778, "event": "public_discussion_message", "round": 5, "agent": "agent_3", "message": "I continue to favor **Candidate\u202fB**. He is very conscientious, which underpins reliability on long\u2011haul flights, and he handles stress well, supporting calmness under pressure during extended operations\u2014both essential for safety and consistent performance. The main uncertainty is his pretentious attitude and occasional wrong tone (including nasty remarks), which could undermine crew cooperation and cockpit harmony.\nMETADATA_JSON:\n{\"agent\": \"agent_3\", \"vote\": \"Candidate B\"}"}
2026-05-17 00:04:11,006 - INFO - Agent turns: 14
2026-05-17 00:04:16,840 - INFO - Tokens - Input: 3552, Output: 367, Total: 3919
2026-05-17 00:04:16,843 - INFO - Memory updates: 40
{"id": 60, "ts": 1778969056.8433907, "event": "memory_updated", "agent": "agent_3", "round": 5}
2026-05-17 00:04:19,382 - INFO - Tokens - Input: 3973, Output: 631, Total: 4604
2026-05-17 00:04:19,384 - INFO - Memory updates: 41
{"id": 61, "ts": 1778969059.3848999, "event": "memory_updated", "agent": "agent_2", "round": 5}
2026-05-17 00:04:32,403 - INFO - Tokens - Input: 3257, Output: 2245, Total: 5502
2026-05-17 00:04:32,406 - INFO - Memory updates: 42
{"id": 62, "ts": 1778969072.406833, "event": "memory_updated", "agent": "agent_1", "round": 5}
2026-05-17 00:04:34,580 - INFO - Tokens - Input: 3891, Output: 178, Total: 4069
{"id": 63, "ts": 1778969074.5816991, "event": "public_discussion_message", "round": 5, "agent": "agent_1", "message": "I continue to favor **Candidate\u202fD**. He shows strong responsibility, excellent problem\u2011solving ability, high concentration, and can respond adequately to unexpected events\u2014key traits for technical competence and calmness on long\u2011distance flights. The main uncertainty is his reported arrogance and relatively weak leadership, which could undermine crew cooperation and cockpit harmony.\nMETADATA_JSON:\n{\"agent\": \"agent_1\", \"vote\": \"Candidate D\"}"}
2026-05-17 00:04:34,581 - INFO - Agent turns: 15
2026-05-17 00:04:41,698 - INFO - Tokens - Input: 3648, Output: 404, Total: 4052
2026-05-17 00:04:41,701 - INFO - Memory updates: 43
{"id": 64, "ts": 1778969081.7017746, "event": "memory_updated", "agent": "agent_3", "round": 5}
2026-05-17 00:04:42,330 - INFO - Tokens - Input: 3565, Output: 473, Total: 4038
2026-05-17 00:04:42,333 - INFO - Memory updates: 44
{"id": 65, "ts": 1778969082.3338819, "event": "memory_updated", "agent": "agent_1", "round": 5}
2026-05-17 00:04:42,368 - INFO - Tokens - Input: 4078, Output: 477, Total: 4555
2026-05-17 00:04:42,371 - INFO - Memory updates: 45
{"id": 66, "ts": 1778969082.3716185, "event": "memory_updated", "agent": "agent_2", "round": 5}
2026-05-17 00:04:42,380 - INFO - Loop 5 completed
2026-05-17 00:04:42,380 - INFO - Final Chosen Candidate: Candidate B
2026-05-17 00:04:42,380 - INFO - Final Decision Method: max_round_majority_vote
2026-05-17 00:04:42,380 - INFO - Final Vote Count: {'Candidate D': 1, 'Candidate B': 2}
2026-05-17 00:04:42,380 - INFO - Correct Candidate: Candidate C
2026-05-17 00:04:42,381 - INFO - Decision Correct: 0
{"id": 67, "ts": 1778969083.159701, "event": "context_consistency_calculated", "method": "weighted_section_embedding_cosine", "mean_pairwise_similarity": 0.858913, "pairwise": [{"agent_a": "agent_1", "agent_b": "agent_2", "similarity": 0.859234, "sections": [{"section": "task_summary", "weight": 0.02, "similarity": 1.0}, {"section": "revealed_facts_by_source", "weight": 0.3, "similarity": 0.828762}, {"section": "candidate_evaluation", "weight": 0.35, "similarity": 0.942473}, {"section": "other_agents_positions", "weight": 0.15, "similarity": 0.830836}, {"section": "emerging_group_view", "weight": 0.13, "similarity": 0.880731}, {"section": "open_questions_next_step_focus", "weight": 0.05, "similarity": 0.432391}]}, {"agent_a": "agent_1", "agent_b": "agent_3", "similarity": 0.854586, "sections": [{"section": "task_summary", "weight": 0.02, "similarity": 1.0}, {"section": "revealed_facts_by_source", "weight": 0.3, "similarity": 0.922292}, {"section": "candidate_evaluation", "weight": 0.35, "similarity": 0.91522}, {"section": "other_agents_positions", "weight": 0.15, "similarity": 0.793663}, {"section": "emerging_group_view", "weight": 0.13, "similarity": 0.824136}, {"section": "open_questions_next_step_focus", "weight": 0.05, "similarity": 0.227679}]}, {"agent_a": "agent_2", "agent_b": "agent_3", "similarity": 0.86292, "sections": [{"section": "task_summary", "weight": 0.02, "similarity": 1.0}, {"section": "revealed_facts_by_source", "weight": 0.3, "similarity": 0.890201}, {"section": "candidate_evaluation", "weight": 0.35, "similarity": 0.852713}, {"section": "other_agents_positions", "weight": 0.15, "similarity": 0.909566}, {"section": "emerging_group_view", "weight": 0.13, "similarity": 0.847863}, {"section": "open_questions_next_step_focus", "weight": 0.05, "similarity": 0.615062}]}]}
{"id": 68, "ts": 1778969083.1601703, "event": "gold_standard_alignment_calculated", "method": "rule_based_fact_coverage", "mean_alignment": 0.625, "by_agent": [{"agent": "agent_1", "score": 0.65, "matched_facts": 26, "total_facts": 40, "matched_public_facts": 15, "total_public_facts": 16, "public_fact_coverage": 0.9375, "matched_own_private_facts": 8, "total_own_private_facts": 8, "own_private_fact_coverage": 1.0, "matched_other_private_facts": 3, "total_other_private_facts": 16, "other_private_fact_coverage": 0.1875, "checks": {"public_candidate_a_can_anticipate_dangerous_situations": 1, "public_candidate_a_is_able_to_see_complex_connections": 1, "public_candidate_a_has_excellent_spatial_vision": 1, "public_candidate_a_has_very_good_leadership_qualities": 1, "public_candidate_b_is_very_conscientious": 1, "public_candidate_b_handles_stress_very_well": 1, "public_candidate_b_is_good_at_assessing_weather_conditions": 1, "public_candidate_b_has_excellent_computer_skills": 1, "public_candidate_c_can_make_correct_decisions_quickly": 1, "public_candidate_c_has_difficulty_communicating_ideas": 1, "public_candidate_c_is_regarded_as_egocentric": 1, "public_candidate_c_is_not_very_willing_to_further_his_education": 1, "public_candidate_d_responds_to_unexpected_events_adequately": 0, "public_candidate_d_can_concentrate_very_well": 1, "public_candidate_d_solves_problems_extremely_well": 1, "public_candidate_d_takes_responsibility_seriously": 1, "agent_1_candidate_a_is_sometimes_not_good_at_taking_criticism": 1, "agent_1_candidate_a_can_be_unorganized": 1, "agent_1_candidate_b_can_be_grumpy": 1, "agent_1_candidate_b_can_be_uncooperative": 1, "agent_1_candidate_c_is_known_to_be_100_percent_reliable": 1, "agent_1_candidate_c_creates_a_positive_atmosphere_with_his_crew": 1, "agent_1_candidate_d_is_regarded_as_arrogant": 1, "agent_1_candidate_d_has_relatively_weak_leadership_skills": 1, "agent_2_candidate_a_is_regarded_as_a_show_off": 0, "agent_2_candidate_a_is_regarded_as_being_not_open_to_new_ideas": 0, "agent_2_candidate_b_has_a_relatively_weak_memory_for_numbers": 0, "agent_2_candidate_b_makes_nasty_remarks_about_his_colleagues": 1, "agent_2_candidate_c_keeps_calm_in_a_crisis": 0, "agent_2_candidate_c_understands_complicated_technology": 0, "agent_2_candidate_d_is_regarded_as_a_know_it_all": 0, "agent_2_candidate_d_has_a_hot_temper": 0, "agent_3_candidate_a_is_unfriendly": 0, "agent_3_candidate_a_eats_unhealthily": 0, "agent_3_candidate_b_is_regarded_as_pretentious": 1, "agent_3_candidate_b_sometimes_adopts_the_wrong_tone_when_communicating": 1, "agent_3_candidate_c_puts_concern_for_others_above_everything": 0, "agent_3_candidate_c_has_excellent_attention_skills": 0, "agent_3_candidate_d_is_considered_moody": 0, "agent_3_candidate_d_is_regarded_as_a_loner": 0}}, {"agent": "agent_2", "score": 0.675, "matched_facts": 27, "total_facts": 40, "matched_public_facts": 16, "total_public_facts": 16, "public_fact_coverage": 1.0, "matched_own_private_facts": 8, "total_own_private_facts": 8, "own_private_fact_coverage": 1.0, "matched_other_private_facts": 3, "total_other_private_facts": 16, "other_private_fact_coverage": 0.1875, "checks": {"public_candidate_a_can_anticipate_dangerous_situations": 1, "public_candidate_a_is_able_to_see_complex_connections": 1, "public_candidate_a_has_excellent_spatial_vision": 1, "public_candidate_a_has_very_good_leadership_qualities": 1, "public_candidate_b_is_very_conscientious": 1, "public_candidate_b_handles_stress_very_well": 1, "public_candidate_b_is_good_at_assessing_weather_conditions": 1, "public_candidate_b_has_excellent_computer_skills": 1, "public_candidate_c_can_make_correct_decisions_quickly": 1, "public_candidate_c_has_difficulty_communicating_ideas": 1, "public_candidate_c_is_regarded_as_egocentric": 1, "public_candidate_c_is_not_very_willing_to_further_his_education": 1, "public_candidate_d_responds_to_unexpected_events_adequately": 1, "public_candidate_d_can_concentrate_very_well": 1, "public_candidate_d_solves_problems_extremely_well": 1, "public_candidate_d_takes_responsibility_seriously": 1, "agent_1_candidate_a_is_sometimes_not_good_at_taking_criticism": 0, "agent_1_candidate_a_can_be_unorganized": 0, "agent_1_candidate_b_can_be_grumpy": 0, "agent_1_candidate_b_can_be_uncooperative": 0, "agent_1_candidate_c_is_known_to_be_100_percent_reliable": 0, "agent_1_candidate_c_creates_a_positive_atmosphere_with_his_crew": 0, "agent_1_candidate_d_is_regarded_as_arrogant": 0, "agent_1_candidate_d_has_relatively_weak_leadership_skills": 1, "agent_2_candidate_a_is_regarded_as_a_show_off": 1, "agent_2_candidate_a_is_regarded_as_being_not_open_to_new_ideas": 1, "agent_2_candidate_b_has_a_relatively_weak_memory_for_numbers": 1, "agent_2_candidate_b_makes_nasty_remarks_about_his_colleagues": 1, "agent_2_candidate_c_keeps_calm_in_a_crisis": 1, "agent_2_candidate_c_understands_complicated_technology": 1, "agent_2_candidate_d_is_regarded_as_a_know_it_all": 1, "agent_2_candidate_d_has_a_hot_temper": 1, "agent_3_candidate_a_is_unfriendly": 0, "agent_3_candidate_a_eats_unhealthily": 0, "agent_3_candidate_b_is_regarded_as_pretentious": 1, "agent_3_candidate_b_sometimes_adopts_the_wrong_tone_when_communicating": 1, "agent_3_candidate_c_puts_concern_for_others_above_everything": 0, "agent_3_candidate_c_has_excellent_attention_skills": 0, "agent_3_candidate_d_is_considered_moody": 0, "agent_3_candidate_d_is_regarded_as_a_loner": 0}}, {"agent": "agent_3", "score": 0.55, "matched_facts": 22, "total_facts": 40, "matched_public_facts": 12, "total_public_facts": 16, "public_fact_coverage": 0.75, "matched_own_private_facts": 8, "total_own_private_facts": 8, "own_private_fact_coverage": 1.0, "matched_other_private_facts": 2, "total_other_private_facts": 16, "other_private_fact_coverage": 0.125, "checks": {"public_candidate_a_can_anticipate_dangerous_situations": 1, "public_candidate_a_is_able_to_see_complex_connections": 1, "public_candidate_a_has_excellent_spatial_vision": 1, "public_candidate_a_has_very_good_leadership_qualities": 1, "public_candidate_b_is_very_conscientious": 1, "public_candidate_b_handles_stress_very_well": 1, "public_candidate_b_is_good_at_assessing_weather_conditions": 1, "public_candidate_b_has_excellent_computer_skills": 1, "public_candidate_c_can_make_correct_decisions_quickly": 1, "public_candidate_c_has_difficulty_communicating_ideas": 1, "public_candidate_c_is_regarded_as_egocentric": 1, "public_candidate_c_is_not_very_willing_to_further_his_education": 1, "public_candidate_d_responds_to_unexpected_events_adequately": 0, "public_candidate_d_can_concentrate_very_well": 0, "public_candidate_d_solves_problems_extremely_well": 0, "public_candidate_d_takes_responsibility_seriously": 0, "agent_1_candidate_a_is_sometimes_not_good_at_taking_criticism": 0, "agent_1_candidate_a_can_be_unorganized": 0, "agent_1_candidate_b_can_be_grumpy": 0, "agent_1_candidate_b_can_be_uncooperative": 0, "agent_1_candidate_c_is_known_to_be_100_percent_reliable": 0, "agent_1_candidate_c_creates_a_positive_atmosphere_with_his_crew": 0, "agent_1_candidate_d_is_regarded_as_arrogant": 0, "agent_1_candidate_d_has_relatively_weak_leadership_skills": 1, "agent_2_candidate_a_is_regarded_as_a_show_off": 0, "agent_2_candidate_a_is_regarded_as_being_not_open_to_new_ideas": 0, "agent_2_candidate_b_has_a_relatively_weak_memory_for_numbers": 0, "agent_2_candidate_b_makes_nasty_remarks_about_his_colleagues": 1, "agent_2_candidate_c_keeps_calm_in_a_crisis": 0, "agent_2_candidate_c_understands_complicated_technology": 0, "agent_2_candidate_d_is_regarded_as_a_know_it_all": 0, "agent_2_candidate_d_has_a_hot_temper": 0, "agent_3_candidate_a_is_unfriendly": 1, "agent_3_candidate_a_eats_unhealthily": 1, "agent_3_candidate_b_is_regarded_as_pretentious": 1, "agent_3_candidate_b_sometimes_adopts_the_wrong_tone_when_communicating": 1, "agent_3_candidate_c_puts_concern_for_others_above_everything": 1, "agent_3_candidate_c_has_excellent_attention_skills": 1, "agent_3_candidate_d_is_considered_moody": 1, "agent_3_candidate_d_is_regarded_as_a_loner": 1}}]}
{"id": 69, "ts": 1778969083.1603386, "event": "agent_memories_archived", "directory": "/home/lhegemann/git/bachelor_thesis/01_data/raw/simulations/moderate/moderate_treatment_20260516_211353_017/shared_mental_models", "round": 5}
{"id": 70, "ts": 1778969083.1603825, "event": "final_decision", "candidate": "Candidate B", "method": "max_round_majority_vote", "vote_count": {"Candidate D": 1, "Candidate B": 2}, "correct_candidate": "Candidate C", "decision_correct": 0, "round": 5}
2026-05-17 00:04:43,172 - INFO - ======================================================================
2026-05-17 00:04:43,172 - INFO - SIMULATION METRICS
2026-05-17 00:04:43,172 - INFO - ======================================================================
2026-05-17 00:04:43,172 - INFO - Total Loops: 5
2026-05-17 00:04:43,172 - INFO - Agent Turns (no vote checker): 15
2026-05-17 00:04:43,172 - INFO - Agent Tool Calls: 0
2026-05-17 00:04:43,172 - INFO - Agent Tool Messages: 0
2026-05-17 00:04:43,172 - INFO - Memory Updates: 45
2026-05-17 00:04:43,172 - INFO - Total Messages (no vote checker): 15
2026-05-17 00:04:43,172 - INFO - Input Tokens: 178411
2026-05-17 00:04:43,172 - INFO - Output Tokens: 41133
2026-05-17 00:04:43,172 - INFO - Total Tokens: 219544
2026-05-17 00:04:43,173 - INFO - Final Chosen Candidate: Candidate B
2026-05-17 00:04:43,173 - INFO - Final Decision Method: max_round_majority_vote
2026-05-17 00:04:43,173 - INFO - Final Vote Count: {'Candidate D': 1, 'Candidate B': 2}
2026-05-17 00:04:43,173 - INFO - Correct Candidate: Candidate C
2026-05-17 00:04:43,173 - INFO - Decision Correct: 0
2026-05-17 00:04:43,173 - INFO - Runtime: 256.30s
2026-05-17 00:04:43,173 - INFO - ======================================================================
