2026-05-07 21:09:33,574 - INFO - Metrics tracker initialized
{"id": 1, "ts": 1778180973.6008754, "event": "memory_reset"}
{"id": 2, "ts": 1778180973.6047997, "event": "discussion_order", "round": 1, "order": ["agent_1", "agent_3", "agent_2"]}
2026-05-07 21:09:40,631 - INFO - Tokens - Input: 1392, Output: 527, Total: 1919
{"id": 3, "ts": 1778180980.63297, "event": "public_discussion_message", "round": 1, "agent": "agent_1", "message": "I prefer Candidate C; known to be 100% reliable.\nMETADATA_JSON:\n{\"agent\": \"agent_1\", \"vote\": \"Candidate C\"}"}
2026-05-07 21:09:40,633 - INFO - Agent turns: 1
2026-05-07 21:09:46,996 - INFO - Tokens - Input: 1450, Output: 601, Total: 2051
{"id": 4, "ts": 1778180986.9984415, "event": "public_discussion_message", "round": 1, "agent": "agent_3", "message": "I prefer Candidate B; handles stress very well.\nMETADATA_JSON:\n{\"agent\": \"agent_3\", \"vote\": \"Candidate B\"}"}
2026-05-07 21:09:46,998 - INFO - Agent turns: 2
2026-05-07 21:09:51,509 - INFO - Tokens - Input: 1493, Output: 584, Total: 2077
{"id": 5, "ts": 1778180991.510963, "event": "public_discussion_message", "round": 1, "agent": "agent_2", "message": "I prefer Candidate B; makes nasty remarks about colleagues.\nMETADATA_JSON:\n{\"agent\": \"agent_2\", \"vote\": \"Candidate B\"}"}
2026-05-07 21:09:51,511 - INFO - Agent turns: 3
2026-05-07 21:09:51,520 - INFO - Loop 1 completed
{"id": 6, "ts": 1778180991.5261893, "event": "discussion_order", "round": 2, "order": ["agent_3", "agent_2", "agent_1"]}
2026-05-07 21:09:55,352 - INFO - Tokens - Input: 1518, Output: 522, Total: 2040
{"id": 7, "ts": 1778180995.3539703, "event": "public_discussion_message", "round": 2, "agent": "agent_3", "message": "I prefer Candidate B; good at assessing weather conditions.\nMETADATA_JSON:\n{\"agent\": \"agent_3\", \"vote\": \"Candidate B\"}"}
2026-05-07 21:09:55,354 - INFO - Agent turns: 4
2026-05-07 21:10:03,404 - INFO - Tokens - Input: 1572, Output: 685, Total: 2257
{"id": 8, "ts": 1778181003.4064107, "event": "public_discussion_message", "round": 2, "agent": "agent_2", "message": "I prefer Candidate B; handles stress very well.\nMETADATA_JSON:\n{\"agent\": \"agent_2\", \"vote\": \"Candidate B\"}"}
2026-05-07 21:10:03,406 - INFO - Agent turns: 5
2026-05-07 21:10:07,553 - INFO - Tokens - Input: 1606, Output: 518, Total: 2124
{"id": 9, "ts": 1778181007.5554047, "event": "public_discussion_message", "round": 2, "agent": "agent_1", "message": "I prefer Candidate C; known to be 100% reliable.\nMETADATA_JSON:\n{\"agent\": \"agent_1\", \"vote\": \"Candidate C\"}"}
2026-05-07 21:10:07,555 - INFO - Agent turns: 6
2026-05-07 21:10:07,564 - INFO - Loop 2 completed
{"id": 10, "ts": 1778181007.5714846, "event": "discussion_order", "round": 3, "order": ["agent_3", "agent_1", "agent_2"]}
2026-05-07 21:10:15,740 - INFO - Tokens - Input: 1636, Output: 649, Total: 2285
{"id": 11, "ts": 1778181015.742037, "event": "public_discussion_message", "round": 3, "agent": "agent_3", "message": "I prefer Candidate B; handles stress very well.\nMETADATA_JSON:\n{\"agent\": \"agent_3\", \"vote\": \"Candidate B\"}"}
2026-05-07 21:10:15,742 - INFO - Agent turns: 7
2026-05-07 21:10:21,084 - INFO - Tokens - Input: 1685, Output: 721, Total: 2406
{"id": 12, "ts": 1778181021.087767, "event": "public_discussion_message", "round": 3, "agent": "agent_1", "message": "I prefer Candidate B; good at assessing weather conditions.\nMETADATA_JSON:\n{\"agent\": \"agent_1\", \"vote\": \"Candidate B\"}"}
2026-05-07 21:10:21,087 - INFO - Agent turns: 8
2026-05-07 21:10:28,274 - INFO - Tokens - Input: 1728, Output: 781, Total: 2509
{"id": 13, "ts": 1778181028.2761276, "event": "public_discussion_message", "round": 3, "agent": "agent_2", "message": "I prefer Candidate A; can anticipate dangerous situations.\nMETADATA_JSON:\n{\"agent\": \"agent_2\", \"vote\": \"Candidate A\"}"}
2026-05-07 21:10:28,276 - INFO - Agent turns: 9
2026-05-07 21:10:28,286 - INFO - Loop 3 completed
{"id": 14, "ts": 1778181028.2925627, "event": "discussion_order", "round": 4, "order": ["agent_3", "agent_1", "agent_2"]}
2026-05-07 21:10:34,023 - INFO - Tokens - Input: 1751, Output: 745, Total: 2496
{"id": 15, "ts": 1778181034.0245862, "event": "public_discussion_message", "round": 4, "agent": "agent_3", "message": "I prefer Candidate A; can anticipate dangerous situations.\nMETADATA_JSON:\n{\"agent\": \"agent_3\", \"vote\": \"Candidate A\"}"}
2026-05-07 21:10:34,024 - INFO - Agent turns: 10
2026-05-07 21:10:39,696 - INFO - Tokens - Input: 1800, Output: 656, Total: 2456
{"id": 16, "ts": 1778181039.6974456, "event": "public_discussion_message", "round": 4, "agent": "agent_1", "message": "I prefer Candidate C; known to be 100% reliable.\nMETADATA_JSON:\n{\"agent\": \"agent_1\", \"vote\": \"Candidate C\"}"}
2026-05-07 21:10:39,697 - INFO - Agent turns: 11
2026-05-07 21:10:47,770 - INFO - Tokens - Input: 1847, Output: 1067, Total: 2914
{"id": 17, "ts": 1778181047.7719712, "event": "public_discussion_message", "round": 4, "agent": "agent_2", "message": "I prefer Candidate B; handles stress well.\nMETADATA_JSON:\n{\"agent\": \"agent_2\", \"vote\": \"Candidate B\"}"}
2026-05-07 21:10:47,772 - INFO - Agent turns: 12
2026-05-07 21:10:47,782 - INFO - Loop 4 completed
{"id": 18, "ts": 1778181047.787935, "event": "discussion_order", "round": 5, "order": ["agent_2", "agent_1", "agent_3"]}
2026-05-07 21:10:52,715 - INFO - Tokens - Input: 1882, Output: 566, Total: 2448
{"id": 19, "ts": 1778181052.7164712, "event": "public_discussion_message", "round": 5, "agent": "agent_2", "message": "I prefer Candidate A; can anticipate dangerous situations.\nMETADATA_JSON:\n{\"agent\": \"agent_2\", \"vote\": \"Candidate A\"}"}
2026-05-07 21:10:52,716 - INFO - Agent turns: 13
2026-05-07 21:10:59,633 - INFO - Tokens - Input: 1916, Output: 908, Total: 2824
{"id": 20, "ts": 1778181059.6345468, "event": "public_discussion_message", "round": 5, "agent": "agent_1", "message": "I prefer Candidate A; can anticipate dangerous situations.\nMETADATA_JSON:\n{\"agent\": \"agent_1\", \"vote\": \"Candidate A\"}"}
2026-05-07 21:10:59,634 - INFO - Agent turns: 14
2026-05-07 21:11:08,287 - INFO - Tokens - Input: 1949, Output: 934, Total: 2883
{"id": 21, "ts": 1778181068.2886126, "event": "public_discussion_message", "round": 5, "agent": "agent_3", "message": "I prefer Candidate B; handles stress very well.\nMETADATA_JSON:\n{\"agent\": \"agent_3\", \"vote\": \"Candidate B\"}"}
2026-05-07 21:11:08,288 - INFO - Agent turns: 15
2026-05-07 21:11:08,298 - INFO - Loop 5 completed
2026-05-07 21:11:08,298 - INFO - Final Chosen Candidate: Candidate A
2026-05-07 21:11:08,298 - INFO - Final Decision Method: max_round_majority_vote
2026-05-07 21:11:08,298 - INFO - Final Vote Count: {'Candidate A': 2, 'Candidate B': 1}
2026-05-07 21:11:08,298 - INFO - Correct Candidate: Candidate C
2026-05-07 21:11:08,298 - INFO - Decision Correct: 0
{"id": 22, "ts": 1778181068.3000872, "event": "context_consistency_not_applicable", "reason": "explicit_smm_memory_disabled"}
{"id": 23, "ts": 1778181068.300226, "event": "final_decision", "candidate": "Candidate A", "method": "max_round_majority_vote", "vote_count": {"Candidate A": 2, "Candidate B": 1}, "correct_candidate": "Candidate C", "decision_correct": 0, "round": 5}
2026-05-07 21:11:08,310 - INFO - ======================================================================
2026-05-07 21:11:08,310 - INFO - SIMULATION METRICS
2026-05-07 21:11:08,310 - INFO - ======================================================================
2026-05-07 21:11:08,310 - INFO - Total Loops: 5
2026-05-07 21:11:08,310 - INFO - Agent Turns (no vote checker): 15
2026-05-07 21:11:08,311 - INFO - Agent Tool Calls: 0
2026-05-07 21:11:08,311 - INFO - Agent Tool Messages: 0
2026-05-07 21:11:08,311 - INFO - Memory Updates: 0
2026-05-07 21:11:08,311 - INFO - Total Messages (no vote checker): 15
2026-05-07 21:11:08,311 - INFO - Input Tokens: 25225
2026-05-07 21:11:08,311 - INFO - Output Tokens: 10464
2026-05-07 21:11:08,311 - INFO - Total Tokens: 35689
2026-05-07 21:11:08,311 - INFO - Final Chosen Candidate: Candidate A
2026-05-07 21:11:08,311 - INFO - Final Decision Method: max_round_majority_vote
2026-05-07 21:11:08,311 - INFO - Final Vote Count: {'Candidate A': 2, 'Candidate B': 1}
2026-05-07 21:11:08,311 - INFO - Correct Candidate: Candidate C
2026-05-07 21:11:08,311 - INFO - Decision Correct: 0
2026-05-07 21:11:08,312 - INFO - Runtime: 94.74s
2026-05-07 21:11:08,312 - INFO - ======================================================================
