2026-05-07 21:25:29,543 - INFO - Metrics tracker initialized
{"id": 1, "ts": 1778181929.5699654, "event": "memory_reset"}
{"id": 2, "ts": 1778181929.573984, "event": "discussion_order", "round": 1, "order": ["agent_3", "agent_1", "agent_2"]}
2026-05-07 21:25:34,801 - INFO - Tokens - Input: 1387, Output: 486, Total: 1873
{"id": 3, "ts": 1778181934.803126, "event": "public_discussion_message", "round": 1, "agent": "agent_3", "message": "I prefer Candidate B; they handle stress very well.\nMETADATA_JSON:\n{\"agent\": \"agent_3\", \"vote\": \"Candidate B\"}"}
2026-05-07 21:25:34,803 - INFO - Agent turns: 1
2026-05-07 21:25:39,320 - INFO - Tokens - Input: 1451, Output: 580, Total: 2031
{"id": 4, "ts": 1778181939.3212411, "event": "public_discussion_message", "round": 1, "agent": "agent_1", "message": "I prefer Candidate C; they are known to be 100% reliable.\nMETADATA_JSON:\n{\"agent\": \"agent_1\", \"vote\": \"Candidate C\"}"}
2026-05-07 21:25:39,321 - INFO - Agent turns: 2
2026-05-07 21:25:45,131 - INFO - Tokens - Input: 1501, Output: 770, Total: 2271
{"id": 5, "ts": 1778181945.1325626, "event": "public_discussion_message", "round": 1, "agent": "agent_2", "message": "I prefer Candidate D; they solve problems extremely well.\nMETADATA_JSON:\n{\"agent\": \"agent_2\", \"vote\": \"Candidate D\"}"}
2026-05-07 21:25:45,132 - INFO - Agent turns: 3
2026-05-07 21:25:45,141 - INFO - Loop 1 completed
{"id": 6, "ts": 1778181945.1472404, "event": "discussion_order", "round": 2, "order": ["agent_3", "agent_1", "agent_2"]}
2026-05-07 21:25:50,679 - INFO - Tokens - Input: 1528, Output: 692, Total: 2220
{"id": 7, "ts": 1778181950.6803198, "event": "public_discussion_message", "round": 2, "agent": "agent_3", "message": "I still prefer Candidate B; they handle stress very well.\nMETADATA_JSON:\n{\"agent\": \"agent_3\", \"vote\": \"Candidate B\"}"}
2026-05-07 21:25:50,680 - INFO - Agent turns: 4
2026-05-07 21:25:55,260 - INFO - Tokens - Input: 1574, Output: 612, Total: 2186
{"id": 8, "ts": 1778181955.2618372, "event": "public_discussion_message", "round": 2, "agent": "agent_1", "message": "I prefer Candidate C; they are known to be 100% reliable.\nMETADATA_JSON:\n{\"agent\": \"agent_1\", \"vote\": \"Candidate C\"}"}
2026-05-07 21:25:55,262 - INFO - Agent turns: 5
2026-05-07 21:26:01,955 - INFO - Tokens - Input: 1623, Output: 867, Total: 2490
{"id": 9, "ts": 1778181961.9562862, "event": "public_discussion_message", "round": 2, "agent": "agent_2", "message": "I prefer Candidate A; they have excellent spatial vision.\nMETADATA_JSON:\n{\"agent\": \"agent_2\", \"vote\": \"Candidate A\"}"}
2026-05-07 21:26:01,956 - INFO - Agent turns: 6
2026-05-07 21:26:01,964 - INFO - Loop 2 completed
{"id": 10, "ts": 1778181961.971471, "event": "discussion_order", "round": 3, "order": ["agent_2", "agent_1", "agent_3"]}
2026-05-07 21:26:04,761 - INFO - Tokens - Input: 1658, Output: 362, Total: 2020
{"id": 11, "ts": 1778181964.7625408, "event": "public_discussion_message", "round": 3, "agent": "agent_2", "message": "I prefer Candidate A; they have excellent spatial vision.\nMETADATA_JSON:\n{\"agent\": \"agent_2\", \"vote\": \"Candidate A\"}"}
2026-05-07 21:26:04,762 - INFO - Agent turns: 7
2026-05-07 21:26:11,548 - INFO - Tokens - Input: 1694, Output: 937, Total: 2631
{"id": 12, "ts": 1778181971.549545, "event": "public_discussion_message", "round": 3, "agent": "agent_1", "message": "I prefer Candidate A; they have excellent spatial vision.\nMETADATA_JSON:\n{\"agent\": \"agent_1\", \"vote\": \"Candidate A\"}"}
2026-05-07 21:26:11,549 - INFO - Agent turns: 8
2026-05-07 21:26:16,931 - INFO - Tokens - Input: 1728, Output: 673, Total: 2401
{"id": 13, "ts": 1778181976.9331763, "event": "public_discussion_message", "round": 3, "agent": "agent_3", "message": "I prefer Candidate B; they handle stress very well.\nMETADATA_JSON:\n{\"agent\": \"agent_3\", \"vote\": \"Candidate B\"}"}
2026-05-07 21:26:16,933 - INFO - Agent turns: 9
2026-05-07 21:26:16,941 - INFO - Loop 3 completed
{"id": 14, "ts": 1778181976.9475355, "event": "discussion_order", "round": 4, "order": ["agent_3", "agent_1", "agent_2"]}
2026-05-07 21:26:20,951 - INFO - Tokens - Input: 1760, Output: 519, Total: 2279
{"id": 15, "ts": 1778181980.9531343, "event": "public_discussion_message", "round": 4, "agent": "agent_3", "message": "I prefer Candidate B; they handle stress very well.\nMETADATA_JSON:\n{\"agent\": \"agent_3\", \"vote\": \"Candidate B\"}"}
2026-05-07 21:26:20,953 - INFO - Agent turns: 10
2026-05-07 21:26:26,276 - INFO - Tokens - Input: 1811, Output: 678, Total: 2489
{"id": 16, "ts": 1778181986.2776146, "event": "public_discussion_message", "round": 4, "agent": "agent_1", "message": "I prefer Candidate A; they have excellent spatial vision.\nMETADATA_JSON:\n{\"agent\": \"agent_1\", \"vote\": \"Candidate A\"}"}
2026-05-07 21:26:26,277 - INFO - Agent turns: 11
2026-05-07 21:26:32,426 - INFO - Tokens - Input: 1853, Output: 664, Total: 2517
{"id": 17, "ts": 1778181992.427483, "event": "public_discussion_message", "round": 4, "agent": "agent_2", "message": "I prefer Candidate A; they are regarded as a show\u2011off.\nMETADATA_JSON:\n{\"agent\": \"agent_2\", \"vote\": \"Candidate A\"}"}
2026-05-07 21:26:32,427 - INFO - Agent turns: 12
2026-05-07 21:26:32,436 - INFO - Loop 4 completed
{"id": 18, "ts": 1778181992.4421673, "event": "discussion_order", "round": 5, "order": ["agent_2", "agent_3", "agent_1"]}
2026-05-07 21:26:38,589 - INFO - Tokens - Input: 1888, Output: 853, Total: 2741
{"id": 19, "ts": 1778181998.5910766, "event": "public_discussion_message", "round": 5, "agent": "agent_2", "message": "I prefer Candidate A; they are regarded as a show\u2011off.\nMETADATA_JSON:\n{\"agent\": \"agent_2\", \"vote\": \"Candidate A\"}"}
2026-05-07 21:26:38,591 - INFO - Agent turns: 13
2026-05-07 21:26:47,593 - INFO - Tokens - Input: 1932, Output: 1283, Total: 3215
{"id": 20, "ts": 1778182007.5952318, "event": "public_discussion_message", "round": 5, "agent": "agent_3", "message": "I prefer Candidate B; they handle stress very well.\nMETADATA_JSON:\n{\"agent\": \"agent_3\", \"vote\": \"Candidate B\"}"}
2026-05-07 21:26:47,595 - INFO - Agent turns: 14
2026-05-07 21:26:51,686 - INFO - Tokens - Input: 1973, Output: 648, Total: 2621
{"id": 21, "ts": 1778182011.6877937, "event": "public_discussion_message", "round": 5, "agent": "agent_1", "message": "I prefer Candidate C; they are known to be 100% reliable.\nMETADATA_JSON:\n{\"agent\": \"agent_1\", \"vote\": \"Candidate C\"}"}
2026-05-07 21:26:51,687 - INFO - Agent turns: 15
2026-05-07 21:26:51,696 - INFO - Loop 5 completed
2026-05-07 21:26:51,697 - INFO - Final Chosen Candidate: None
2026-05-07 21:26:51,697 - INFO - Final Decision Method: max_round_no_majority
2026-05-07 21:26:51,697 - INFO - Final Vote Count: {'Candidate C': 1, 'Candidate A': 1, 'Candidate B': 1}
2026-05-07 21:26:51,697 - INFO - Correct Candidate: Candidate C
2026-05-07 21:26:51,697 - INFO - Decision Correct: 0
{"id": 22, "ts": 1778182011.6987584, "event": "context_consistency_not_applicable", "reason": "explicit_smm_memory_disabled"}
{"id": 23, "ts": 1778182011.6989133, "event": "final_decision", "candidate": null, "method": "max_round_no_majority", "vote_count": {"Candidate C": 1, "Candidate A": 1, "Candidate B": 1}, "correct_candidate": "Candidate C", "decision_correct": 0, "round": 5}
2026-05-07 21:26:51,708 - INFO - ======================================================================
2026-05-07 21:26:51,708 - INFO - SIMULATION METRICS
2026-05-07 21:26:51,708 - INFO - ======================================================================
2026-05-07 21:26:51,708 - INFO - Total Loops: 5
2026-05-07 21:26:51,708 - INFO - Agent Turns (no vote checker): 15
2026-05-07 21:26:51,708 - INFO - Agent Tool Calls: 0
2026-05-07 21:26:51,708 - INFO - Agent Tool Messages: 0
2026-05-07 21:26:51,708 - INFO - Memory Updates: 0
2026-05-07 21:26:51,708 - INFO - Total Messages (no vote checker): 15
2026-05-07 21:26:51,708 - INFO - Input Tokens: 25361
2026-05-07 21:26:51,709 - INFO - Output Tokens: 10624
2026-05-07 21:26:51,709 - INFO - Total Tokens: 35985
2026-05-07 21:26:51,709 - INFO - Final Chosen Candidate: None
2026-05-07 21:26:51,709 - INFO - Final Decision Method: max_round_no_majority
2026-05-07 21:26:51,709 - INFO - Final Vote Count: {'Candidate C': 1, 'Candidate A': 1, 'Candidate B': 1}
2026-05-07 21:26:51,709 - INFO - Correct Candidate: Candidate C
2026-05-07 21:26:51,709 - INFO - Decision Correct: 0
2026-05-07 21:26:51,709 - INFO - Runtime: 82.16s
2026-05-07 21:26:51,709 - INFO - ======================================================================
