2026-05-10 02:25:21,664 - INFO - Metrics tracker initialized
{"id": 1, "ts": 1778372721.6914818, "event": "memory_reset"}
{"id": 2, "ts": 1778372721.6955457, "event": "discussion_order", "round": 1, "order": ["agent_1", "agent_3", "agent_2"]}
2026-05-10 02:25:33,490 - INFO - Tokens - Input: 1713, Output: 1152, Total: 2865
{"id": 3, "ts": 1778372733.4911823, "event": "public_discussion_message", "round": 1, "agent": "agent_1", "message": "I tentatively favor Candidate\u202fA. Their ability to anticipate dangerous situations and excellent spatial vision support strong technical competence and safety, while very good leadership qualities aid crew coordination. The main trade\u2011off is that A can be unorganized and sometimes struggles with criticism, which could affect planning and teamwork.\nMETADATA_JSON:\n{\"agent\": \"agent_1\", \"vote\": \"Candidate A\"}"}
2026-05-10 02:25:33,491 - INFO - Agent turns: 1
2026-05-10 02:25:46,605 - INFO - Tokens - Input: 1289, Output: 1454, Total: 2743
2026-05-10 02:25:46,607 - INFO - Memory updates: 1
{"id": 4, "ts": 1778372746.6078064, "event": "memory_updated", "agent": "agent_1", "round": 1}
2026-05-10 02:25:47,672 - INFO - Tokens - Input: 1284, Output: 1664, Total: 2948
2026-05-10 02:25:47,674 - INFO - Memory updates: 2
{"id": 5, "ts": 1778372747.674289, "event": "memory_updated", "agent": "agent_3", "round": 1}
2026-05-10 02:25:48,376 - INFO - Tokens - Input: 1292, Output: 1390, Total: 2682
2026-05-10 02:25:48,377 - INFO - Memory updates: 3
{"id": 6, "ts": 1778372748.3779902, "event": "memory_updated", "agent": "agent_2", "round": 1}
2026-05-10 02:25:53,939 - INFO - Tokens - Input: 2393, Output: 617, Total: 3010
{"id": 7, "ts": 1778372753.9405377, "event": "public_discussion_message", "round": 1, "agent": "agent_3", "message": "I favor **Candidate\u202fD**. Their excellent problem\u2011solving ability, strong concentration, and serious sense of responsibility are crucial for the long\u2011haul demands of a pilot, ensuring they can handle unexpected events and maintain performance over extended periods. The main uncertainty is their moody, loner disposition, which could hinder crew cohesion and cooperation in the cockpit.\nMETADATA_JSON:\n{\"agent\": \"agent_3\", \"vote\": \"Candidate D\"}"}
2026-05-10 02:25:53,940 - INFO - Agent turns: 2
2026-05-10 02:26:08,246 - INFO - Tokens - Input: 1997, Output: 1205, Total: 3202
2026-05-10 02:26:08,247 - INFO - Memory updates: 4
{"id": 8, "ts": 1778372768.247901, "event": "memory_updated", "agent": "agent_2", "round": 1}
2026-05-10 02:26:09,016 - INFO - Tokens - Input: 1793, Output: 1254, Total: 3047
2026-05-10 02:26:09,017 - INFO - Memory updates: 5
{"id": 9, "ts": 1778372769.0179737, "event": "memory_updated", "agent": "agent_1", "round": 1}
2026-05-10 02:26:09,753 - INFO - Tokens - Input: 2000, Output: 1463, Total: 3463
2026-05-10 02:26:09,755 - INFO - Memory updates: 6
{"id": 10, "ts": 1778372769.7556741, "event": "memory_updated", "agent": "agent_3", "round": 1}
2026-05-10 02:26:21,598 - INFO - Tokens - Input: 2592, Output: 677, Total: 3269
{"id": 11, "ts": 1778372781.599713, "event": "public_discussion_message", "round": 1, "agent": "agent_2", "message": "I currently favor **Candidate A**. Their ability to anticipate dangerous situations and excellent spatial vision are critical for safety and navigation on long\u2011haul flights, and their strong leadership qualities support effective crew coordination. The main trade\u2011off is their tendency to be unorganized and resistant to new ideas, which could hinder planning and adaptability in complex, extended operations.\nMETADATA_JSON:\n{\"agent\": \"agent_2\", \"vote\": \"Candidate A\"}"}
2026-05-10 02:26:21,599 - INFO - Agent turns: 3
2026-05-10 02:26:33,660 - INFO - Tokens - Input: 2093, Output: 1237, Total: 3330
2026-05-10 02:26:33,662 - INFO - Memory updates: 7
{"id": 12, "ts": 1778372793.662156, "event": "memory_updated", "agent": "agent_1", "round": 1}
2026-05-10 02:26:34,142 - INFO - Tokens - Input: 2260, Output: 1493, Total: 3753
2026-05-10 02:26:34,144 - INFO - Memory updates: 8
{"id": 13, "ts": 1778372794.1443903, "event": "memory_updated", "agent": "agent_3", "round": 1}
2026-05-10 02:26:34,297 - INFO - Tokens - Input: 2195, Output: 1249, Total: 3444
2026-05-10 02:26:34,298 - INFO - Memory updates: 9
{"id": 14, "ts": 1778372794.298817, "event": "memory_updated", "agent": "agent_2", "round": 1}
2026-05-10 02:26:34,307 - INFO - Loop 1 completed
{"id": 15, "ts": 1778372794.3139436, "event": "discussion_order", "round": 2, "order": ["agent_2", "agent_1", "agent_3"]}
2026-05-10 02:26:36,199 - INFO - Tokens - Input: 2782, Output: 209, Total: 2991
{"id": 16, "ts": 1778372796.201186, "event": "public_discussion_message", "round": 2, "agent": "agent_2", "message": "I continue to favor **Candidate A**. Their ability to anticipate dangerous situations and their excellent spatial vision directly support safety and navigation on long\u2011haul flights, while their strong leadership qualities help maintain effective crew coordination. The main trade\u2011off is their tendency to be unorganized and resistant to new ideas, which could hinder planning and adaptability during extended operations.\nMETADATA_JSON:\n{\"agent\": \"agent_2\", \"vote\": \"Candidate A\"}"}
2026-05-10 02:26:36,201 - INFO - Agent turns: 4
2026-05-10 02:26:45,918 - INFO - Tokens - Input: 2367, Output: 1167, Total: 3534
2026-05-10 02:26:45,920 - INFO - Memory updates: 10
{"id": 17, "ts": 1778372805.9205883, "event": "memory_updated", "agent": "agent_2", "round": 2}
2026-05-10 02:26:46,862 - INFO - Tokens - Input: 2359, Output: 1254, Total: 3613
2026-05-10 02:26:46,863 - INFO - Memory updates: 11
{"id": 18, "ts": 1778372806.8639748, "event": "memory_updated", "agent": "agent_3", "round": 2}
2026-05-10 02:26:48,564 - INFO - Tokens - Input: 2205, Output: 1255, Total: 3460
2026-05-10 02:26:48,566 - INFO - Memory updates: 12
{"id": 19, "ts": 1778372808.566831, "event": "memory_updated", "agent": "agent_1", "round": 2}
2026-05-10 02:26:52,755 - INFO - Tokens - Input: 2645, Output: 305, Total: 2950
{"id": 20, "ts": 1778372812.7575376, "event": "public_discussion_message", "round": 2, "agent": "agent_1", "message": "I continue to favor **Candidate\u202fA**. Their ability to anticipate dangerous situations and excellent spatial vision directly support the safety\u2011critical navigation and hazard\u2011avoidance needed on long\u2011distance flights, while their very good leadership qualities help maintain effective crew coordination. The main trade\u2011off is A\u2019s tendency to be unorganized and to struggle with criticism, which could hinder planning and teamwork in the cockpit.\nMETADATA_JSON:\n{\"agent\": \"agent_1\", \"vote\": \"Candidate A\"}"}
2026-05-10 02:26:52,757 - INFO - Agent turns: 5
2026-05-10 02:27:05,412 - INFO - Tokens - Input: 2268, Output: 798, Total: 3066
2026-05-10 02:27:05,414 - INFO - Memory updates: 13
{"id": 21, "ts": 1778372825.4144266, "event": "memory_updated", "agent": "agent_1", "round": 2}
2026-05-10 02:27:05,799 - INFO - Tokens - Input: 2345, Output: 1024, Total: 3369
2026-05-10 02:27:05,801 - INFO - Memory updates: 14
{"id": 22, "ts": 1778372825.801448, "event": "memory_updated", "agent": "agent_3", "round": 2}
2026-05-10 02:27:07,916 - INFO - Tokens - Input: 2412, Output: 1351, Total: 3763
2026-05-10 02:27:07,918 - INFO - Memory updates: 15
{"id": 23, "ts": 1778372827.9185848, "event": "memory_updated", "agent": "agent_2", "round": 2}
2026-05-10 02:27:16,984 - INFO - Tokens - Input: 2626, Output: 249, Total: 2875
{"id": 24, "ts": 1778372836.9860058, "event": "public_discussion_message", "round": 2, "agent": "agent_3", "message": "I continue to favor **Candidate\u202fD**. Their strong problem\u2011solving ability, sustained concentration, and serious sense of responsibility are essential for the long\u2011duration, high\u2011stress environment of long\u2011distance flights, ensuring safe handling of unexpected events and consistent performance. The main uncertainty is their moody, loner disposition, which could challenge crew cohesion and cooperation in the cockpit.\nMETADATA_JSON:\n{\"agent\": \"agent_3\", \"vote\": \"Candidate D\"}"}
2026-05-10 02:27:16,986 - INFO - Agent turns: 6
2026-05-10 02:27:24,313 - INFO - Tokens - Input: 2243, Output: 971, Total: 3214
2026-05-10 02:27:24,314 - INFO - Memory updates: 16
{"id": 25, "ts": 1778372844.315037, "event": "memory_updated", "agent": "agent_3", "round": 2}
2026-05-10 02:27:27,106 - INFO - Tokens - Input: 2060, Output: 1102, Total: 3162
2026-05-10 02:27:27,107 - INFO - Memory updates: 17
{"id": 26, "ts": 1778372847.1080487, "event": "memory_updated", "agent": "agent_1", "round": 2}
2026-05-10 02:27:28,375 - INFO - Tokens - Input: 2408, Output: 1084, Total: 3492
2026-05-10 02:27:28,376 - INFO - Memory updates: 18
{"id": 27, "ts": 1778372848.3770916, "event": "memory_updated", "agent": "agent_2", "round": 2}
2026-05-10 02:27:28,386 - INFO - Loop 2 completed
{"id": 28, "ts": 1778372848.3921402, "event": "discussion_order", "round": 3, "order": ["agent_3", "agent_2", "agent_1"]}
2026-05-10 02:27:29,835 - INFO - Tokens - Input: 2750, Output: 174, Total: 2924
{"id": 29, "ts": 1778372849.8368683, "event": "public_discussion_message", "round": 3, "agent": "agent_3", "message": "I continue to favor **Candidate\u202fD**. Their exceptional problem\u2011solving ability and sustained concentration are vital for handling the complex, long\u2011duration scenarios of intercontinental flights, while their strong sense of responsibility ensures reliable adherence to safety protocols. The main uncertainty is their moody, loner disposition, which could pose challenges for crew cooperation and cockpit harmony.\nMETADATA_JSON:\n{\"agent\": \"agent_3\", \"vote\": \"Candidate D\"}"}
2026-05-10 02:27:29,837 - INFO - Agent turns: 7
2026-05-10 02:27:37,379 - INFO - Tokens - Input: 2299, Output: 995, Total: 3294
2026-05-10 02:27:37,381 - INFO - Memory updates: 19
{"id": 30, "ts": 1778372857.3813484, "event": "memory_updated", "agent": "agent_1", "round": 3}
2026-05-10 02:27:38,116 - INFO - Tokens - Input: 2339, Output: 789, Total: 3128
2026-05-10 02:27:38,117 - INFO - Memory updates: 20
{"id": 31, "ts": 1778372858.117858, "event": "memory_updated", "agent": "agent_3", "round": 3}
2026-05-10 02:27:38,860 - INFO - Tokens - Input: 2372, Output: 925, Total: 3297
2026-05-10 02:27:38,861 - INFO - Memory updates: 21
{"id": 32, "ts": 1778372858.861909, "event": "memory_updated", "agent": "agent_2", "round": 3}
2026-05-10 02:27:43,314 - INFO - Tokens - Input: 2758, Output: 508, Total: 3266
{"id": 33, "ts": 1778372863.3156033, "event": "public_discussion_message", "round": 3, "agent": "agent_2", "message": "I continue to favor **Candidate\u202fA**. Their ability to anticipate dangerous situations and excellent spatial vision directly support safety and navigation on long\u2011haul flights, while very good leadership qualities help maintain effective crew coordination. The main trade\u2011off is A\u2019s tendency to be a show\u2011off and not open to new ideas, which could undermine teamwork and adaptability in the cockpit.\nMETADATA_JSON:\n{\"agent\": \"agent_2\", \"vote\": \"Candidate A\"}"}
2026-05-10 02:27:43,315 - INFO - Agent turns: 8
2026-05-10 02:27:50,191 - INFO - Tokens - Input: 2369, Output: 836, Total: 3205
2026-05-10 02:27:50,193 - INFO - Memory updates: 22
{"id": 34, "ts": 1778372870.1931677, "event": "memory_updated", "agent": "agent_2", "round": 3}
2026-05-10 02:27:51,749 - INFO - Tokens - Input: 2342, Output: 1181, Total: 3523
2026-05-10 02:27:51,751 - INFO - Memory updates: 23
{"id": 35, "ts": 1778372871.7517154, "event": "memory_updated", "agent": "agent_3", "round": 3}
2026-05-10 02:27:57,160 - INFO - Tokens - Input: 2397, Output: 1377, Total: 3774
2026-05-10 02:27:57,161 - INFO - Memory updates: 24
{"id": 36, "ts": 1778372877.1619444, "event": "memory_updated", "agent": "agent_1", "round": 3}
2026-05-10 02:28:00,882 - INFO - Tokens - Input: 2987, Output: 184, Total: 3171
{"id": 37, "ts": 1778372880.8843832, "event": "public_discussion_message", "round": 3, "agent": "agent_1", "message": "I continue to favor **Candidate\u202fA**. Their ability to anticipate dangerous situations and their excellent spatial vision directly support safety\u2011critical hazard awareness and precise navigation on long\u2011haul flights, while their very good leadership helps maintain effective crew coordination. The main trade\u2011off is that A can be unorganized and struggles with criticism, which may hinder planning and teamwork in the cockpit.\nMETADATA_JSON:\n{\"agent\": \"agent_1\", \"vote\": \"Candidate A\"}"}
2026-05-10 02:28:00,884 - INFO - Agent turns: 9
2026-05-10 02:28:07,810 - INFO - Tokens - Input: 2380, Output: 873, Total: 3253
2026-05-10 02:28:07,812 - INFO - Memory updates: 25
{"id": 38, "ts": 1778372887.8123071, "event": "memory_updated", "agent": "agent_2", "round": 3}
2026-05-10 02:28:09,167 - INFO - Tokens - Input: 2600, Output: 903, Total: 3503
2026-05-10 02:28:09,168 - INFO - Memory updates: 26
{"id": 39, "ts": 1778372889.169114, "event": "memory_updated", "agent": "agent_1", "round": 3}
2026-05-10 02:28:09,925 - INFO - Tokens - Input: 2533, Output: 1008, Total: 3541
2026-05-10 02:28:09,927 - INFO - Memory updates: 27
{"id": 40, "ts": 1778372889.9273443, "event": "memory_updated", "agent": "agent_3", "round": 3}
2026-05-10 02:28:09,936 - INFO - Loop 3 completed
{"id": 41, "ts": 1778372889.9420357, "event": "discussion_order", "round": 4, "order": ["agent_1", "agent_3", "agent_2"]}
2026-05-10 02:28:14,496 - INFO - Tokens - Input: 3072, Output: 510, Total: 3582
{"id": 42, "ts": 1778372894.4983056, "event": "public_discussion_message", "round": 4, "agent": "agent_1", "message": "I continue to favor **Candidate\u202fA**. Their ability to anticipate dangerous situations and excellent spatial vision give strong hazard awareness and navigation accuracy, while their very good leadership supports effective crew coordination on long\u2011haul flights. The main trade\u2011off is that A can be unorganized and struggles with criticism, which may hinder planning and teamwork in the cockpit.\nMETADATA_JSON:\n{\"agent\": \"agent_1\", \"vote\": \"Candidate A\"}"}
2026-05-10 02:28:14,498 - INFO - Agent turns: 10
2026-05-10 02:28:21,541 - INFO - Tokens - Input: 2657, Output: 930, Total: 3587
2026-05-10 02:28:21,542 - INFO - Memory updates: 28
{"id": 43, "ts": 1778372901.5427597, "event": "memory_updated", "agent": "agent_1", "round": 4}
2026-05-10 02:28:23,192 - INFO - Tokens - Input: 2559, Output: 1055, Total: 3614
2026-05-10 02:28:23,194 - INFO - Memory updates: 29
{"id": 44, "ts": 1778372903.1941388, "event": "memory_updated", "agent": "agent_3", "round": 4}
2026-05-10 02:28:25,363 - INFO - Tokens - Input: 2532, Output: 1065, Total: 3597
2026-05-10 02:28:25,365 - INFO - Memory updates: 30
{"id": 45, "ts": 1778372905.3657258, "event": "memory_updated", "agent": "agent_2", "round": 4}
2026-05-10 02:28:27,766 - INFO - Tokens - Input: 3065, Output: 180, Total: 3245
{"id": 46, "ts": 1778372907.7679925, "event": "public_discussion_message", "round": 4, "agent": "agent_3", "message": "I continue to favor **Candidate\u202fD**. Their excellent problem\u2011solving ability and sustained concentration are crucial for handling the complex, long\u2011duration scenarios of intercontinental flights, while their strong sense of responsibility ensures reliable adherence to safety protocols. The main trade\u2011off is their moody, loner disposition, which could hinder crew cohesion and effective cockpit communication.\nMETADATA_JSON:\n{\"agent\": \"agent_3\", \"vote\": \"Candidate D\"}"}
2026-05-10 02:28:27,768 - INFO - Agent turns: 11
2026-05-10 02:28:34,727 - INFO - Tokens - Input: 2729, Output: 919, Total: 3648
2026-05-10 02:28:34,729 - INFO - Memory updates: 31
{"id": 47, "ts": 1778372914.7293053, "event": "memory_updated", "agent": "agent_1", "round": 4}
2026-05-10 02:28:35,844 - INFO - Tokens - Input: 2674, Output: 957, Total: 3631
2026-05-10 02:28:35,846 - INFO - Memory updates: 32
{"id": 48, "ts": 1778372915.846867, "event": "memory_updated", "agent": "agent_3", "round": 4}
2026-05-10 02:28:36,919 - INFO - Tokens - Input: 2553, Output: 1073, Total: 3626
2026-05-10 02:28:36,921 - INFO - Memory updates: 33
{"id": 49, "ts": 1778372916.921474, "event": "memory_updated", "agent": "agent_2", "round": 4}
2026-05-10 02:28:39,392 - INFO - Tokens - Input: 3283, Output: 198, Total: 3481
{"id": 50, "ts": 1778372919.393945, "event": "public_discussion_message", "round": 4, "agent": "agent_2", "message": "I continue to favor **Candidate\u202fA**. Their ability to anticipate dangerous situations and their excellent spatial vision are critical for hazard awareness and precise navigation on long\u2011haul flights, and their very good leadership qualities support effective crew coordination. The main trade\u2011off is A\u2019s tendency to be unorganized and to act as a show\u2011off, coupled with resistance to new ideas, which could undermine planning and teamwork in the cockpit.\nMETADATA_JSON:\n{\"agent\": \"agent_2\", \"vote\": \"Candidate A\"}"}
2026-05-10 02:28:39,394 - INFO - Agent turns: 12
2026-05-10 02:28:52,740 - INFO - Tokens - Input: 2916, Output: 999, Total: 3915
2026-05-10 02:28:52,742 - INFO - Memory updates: 34
{"id": 51, "ts": 1778372932.7426524, "event": "memory_updated", "agent": "agent_2", "round": 4}
2026-05-10 02:28:54,519 - INFO - Tokens - Input: 2707, Output: 1272, Total: 3979
2026-05-10 02:28:54,522 - INFO - Memory updates: 35
{"id": 52, "ts": 1778372934.5223444, "event": "memory_updated", "agent": "agent_1", "round": 4}
2026-05-10 02:28:54,645 - INFO - Tokens - Input: 2825, Output: 1278, Total: 4103
2026-05-10 02:28:54,647 - INFO - Memory updates: 36
{"id": 53, "ts": 1778372934.6473875, "event": "memory_updated", "agent": "agent_3", "round": 4}
2026-05-10 02:28:54,655 - INFO - Loop 4 completed
{"id": 54, "ts": 1778372934.6614106, "event": "discussion_order", "round": 5, "order": ["agent_3", "agent_1", "agent_2"]}
2026-05-10 02:28:57,646 - INFO - Tokens - Input: 3368, Output: 344, Total: 3712
{"id": 55, "ts": 1778372937.6474826, "event": "public_discussion_message", "round": 5, "agent": "agent_3", "message": "I continue to favor **Candidate\u202fD**. Their excellent problem\u2011solving ability, strong sustained concentration, and serious sense of responsibility are critical for handling the complex, long\u2011duration scenarios and unexpected events typical of intercontinental flights. The main trade\u2011off is their moody, loner disposition, which could hinder crew cohesion and effective cockpit communication.\nMETADATA_JSON:\n{\"agent\": \"agent_3\", \"vote\": \"Candidate D\"}"}
2026-05-10 02:28:57,647 - INFO - Agent turns: 13
2026-05-10 02:29:04,449 - INFO - Tokens - Input: 2856, Output: 839, Total: 3695
2026-05-10 02:29:04,451 - INFO - Memory updates: 37
{"id": 56, "ts": 1778372944.4516273, "event": "memory_updated", "agent": "agent_1", "round": 5}
2026-05-10 02:29:06,752 - INFO - Tokens - Input: 2720, Output: 1118, Total: 3838
2026-05-10 02:29:06,754 - INFO - Memory updates: 38
{"id": 57, "ts": 1778372946.754198, "event": "memory_updated", "agent": "agent_2", "round": 5}
2026-05-10 02:29:06,995 - INFO - Tokens - Input: 2955, Output: 951, Total: 3906
2026-05-10 02:29:06,996 - INFO - Memory updates: 39
{"id": 58, "ts": 1778372946.9968765, "event": "memory_updated", "agent": "agent_3", "round": 5}
2026-05-10 02:29:10,585 - INFO - Tokens - Input: 3332, Output: 195, Total: 3527
{"id": 59, "ts": 1778372950.586796, "event": "public_discussion_message", "round": 5, "agent": "agent_1", "message": "I continue to favor **Candidate\u202fA**. Their ability to anticipate dangerous situations and their excellent spatial vision are critical for hazard awareness and precise navigation on long\u2011distance flights, and their very good leadership supports effective crew coordination. The main trade\u2011off is that A can be unorganized and struggles with criticism, which could affect planning and teamwork in the cockpit.\nMETADATA_JSON:\n{\"agent\": \"agent_1\", \"vote\": \"Candidate A\"}"}
2026-05-10 02:29:10,586 - INFO - Agent turns: 14
2026-05-10 02:29:17,939 - INFO - Tokens - Input: 2939, Output: 735, Total: 3674
2026-05-10 02:29:17,941 - INFO - Memory updates: 40
{"id": 60, "ts": 1778372957.9415512, "event": "memory_updated", "agent": "agent_1", "round": 5}
2026-05-10 02:29:20,220 - INFO - Tokens - Input: 3065, Output: 1049, Total: 4114
2026-05-10 02:29:20,222 - INFO - Memory updates: 41
{"id": 61, "ts": 1778372960.2223969, "event": "memory_updated", "agent": "agent_3", "round": 5}
2026-05-10 02:29:20,320 - INFO - Tokens - Input: 2780, Output: 1051, Total: 3831
2026-05-10 02:29:20,322 - INFO - Memory updates: 42
{"id": 62, "ts": 1778372960.3223019, "event": "memory_updated", "agent": "agent_2", "round": 5}
2026-05-10 02:29:28,243 - INFO - Tokens - Input: 3267, Output: 561, Total: 3828
{"id": 63, "ts": 1778372968.2444918, "event": "public_discussion_message", "round": 5, "agent": "agent_2", "message": "I continue to favor **Candidate\u202fA**. Their ability to anticipate dangerous situations and excellent spatial vision are vital for safety and navigation on long\u2011distance flights, and their very good leadership supports effective crew coordination. The main trade\u2011off is their tendency to be a show\u2011off, resistant to new ideas, and unorganized, which could undermine teamwork and adaptability in the cockpit.\nMETADATA_JSON:\n{\"agent\": \"agent_2\", \"vote\": \"Candidate A\"}"}
2026-05-10 02:29:28,244 - INFO - Agent turns: 15
2026-05-10 02:29:36,887 - INFO - Tokens - Input: 2882, Output: 1068, Total: 3950
2026-05-10 02:29:36,889 - INFO - Memory updates: 43
{"id": 64, "ts": 1778372976.8897312, "event": "memory_updated", "agent": "agent_2", "round": 5}
2026-05-10 02:29:38,169 - INFO - Tokens - Input: 3157, Output: 1173, Total: 4330
2026-05-10 02:29:38,171 - INFO - Memory updates: 44
{"id": 65, "ts": 1778372978.1716862, "event": "memory_updated", "agent": "agent_3", "round": 5}
2026-05-10 02:29:40,359 - INFO - Tokens - Input: 3026, Output: 1080, Total: 4106
2026-05-10 02:29:40,361 - INFO - Memory updates: 45
{"id": 66, "ts": 1778372980.361428, "event": "memory_updated", "agent": "agent_1", "round": 5}
2026-05-10 02:29:40,370 - INFO - Loop 5 completed
2026-05-10 02:29:40,370 - INFO - Final Chosen Candidate: Candidate A
2026-05-10 02:29:40,371 - INFO - Final Decision Method: max_round_majority_vote
2026-05-10 02:29:40,371 - INFO - Final Vote Count: {'Candidate A': 2, 'Candidate D': 1}
2026-05-10 02:29:40,371 - INFO - Correct Candidate: Candidate C
2026-05-10 02:29:40,371 - INFO - Decision Correct: 0
{"id": 67, "ts": 1778372980.8357482, "event": "context_consistency_calculated", "method": "embedding_cosine", "mean_pairwise_similarity": 0.781028, "pairwise": [{"agent_a": "agent_1", "agent_b": "agent_2", "similarity": 0.730734}, {"agent_a": "agent_1", "agent_b": "agent_3", "similarity": 0.895035}, {"agent_a": "agent_2", "agent_b": "agent_3", "similarity": 0.717314}]}
{"id": 68, "ts": 1778372980.8359358, "event": "gold_standard_alignment_calculated", "method": "rule_based_binary_checks", "mean_alignment": 0.541667, "by_agent": [{"agent": "agent_1", "score": 0.75, "checks": {"favorite_is_c": 0, "c_reliability": 1, "c_calmness": 1, "c_attention": 0, "c_crew_fit": 1, "a_risks": 1, "b_risks": 1, "d_risks": 1}}, {"agent": "agent_2", "score": 0.625, "checks": {"favorite_is_c": 0, "c_reliability": 1, "c_calmness": 1, "c_attention": 0, "c_crew_fit": 0, "a_risks": 1, "b_risks": 1, "d_risks": 1}}, {"agent": "agent_3", "score": 0.25, "checks": {"favorite_is_c": 0, "c_reliability": 0, "c_calmness": 0, "c_attention": 0, "c_crew_fit": 0, "a_risks": 1, "b_risks": 0, "d_risks": 1}}]}
{"id": 69, "ts": 1778372980.8360791, "event": "agent_memories_archived", "directory": "/home/lhegemann/git/bachelor_thesis/01_data/raw/simulations/moderate/moderate_treatment_20260509_224515_025/shared_mental_models", "round": 5}
{"id": 70, "ts": 1778372980.8361607, "event": "final_decision", "candidate": "Candidate A", "method": "max_round_majority_vote", "vote_count": {"Candidate A": 2, "Candidate D": 1}, "correct_candidate": "Candidate C", "decision_correct": 0, "round": 5}
2026-05-10 02:29:40,846 - INFO - ======================================================================
2026-05-10 02:29:40,846 - INFO - SIMULATION METRICS
2026-05-10 02:29:40,846 - INFO - ======================================================================
2026-05-10 02:29:40,846 - INFO - Total Loops: 5
2026-05-10 02:29:40,846 - INFO - Agent Turns (no vote checker): 15
2026-05-10 02:29:40,846 - INFO - Agent Tool Calls: 0
2026-05-10 02:29:40,846 - INFO - Agent Tool Messages: 0
2026-05-10 02:29:40,846 - INFO - Memory Updates: 45
2026-05-10 02:29:40,846 - INFO - Total Messages (no vote checker): 15
2026-05-10 02:29:40,846 - INFO - Input Tokens: 151666
2026-05-10 02:29:40,846 - INFO - Output Tokens: 55977
2026-05-10 02:29:40,847 - INFO - Total Tokens: 207643
2026-05-10 02:29:40,847 - INFO - Final Chosen Candidate: Candidate A
2026-05-10 02:29:40,847 - INFO - Final Decision Method: max_round_majority_vote
2026-05-10 02:29:40,847 - INFO - Final Vote Count: {'Candidate A': 2, 'Candidate D': 1}
2026-05-10 02:29:40,847 - INFO - Correct Candidate: Candidate C
2026-05-10 02:29:40,847 - INFO - Decision Correct: 0
2026-05-10 02:29:40,847 - INFO - Runtime: 259.18s
2026-05-10 02:29:40,847 - INFO - ======================================================================
