2026-05-08 11:16:19,107 - INFO - Metrics tracker initialized
{"id": 1, "ts": 1778231779.1335862, "event": "memory_reset"}
{"id": 2, "ts": 1778231779.1384976, "event": "discussion_order", "round": 1, "order": ["agent_2", "agent_3", "agent_1"]}
2026-05-08 11:16:27,712 - INFO - Tokens - Input: 1785, Output: 1041, Total: 2826
{"id": 3, "ts": 1778231787.7143776, "event": "public_discussion_message", "round": 1, "agent": "agent_2", "message": "Current position: Candidate A\nConfidence/uncertainty: Moderate confidence; I see a clear overall fit but acknowledge notable cooperation concerns.\nReasoning summary:\n- Key evidence used: Candidate A anticipates dangerous situations, sees complex connections, has excellent spatial vision, and demonstrates very good leadership qualities \u2013 all critical for long\u2011distance navigation and crew coordination. The negatives (show\u2011off, not open to new ideas) are cooperation\u2011related but appear less directly harmful to safety than overt hostility.\n- Evidence from others: None yet (no other agents have contributed).\n- Alternatives considered: Candidate B (strong reliability and stress handling but makes nasty remarks, which is a serious crew\u2011morale issue); Candidate C (quick decision\u2011making and calm under crisis but egocentric and poor communication); Candidate D (excellent problem\u2011solving and responsibility but hot temper and know\u2011it\u2011all attitude). Each alternative has a cooperation drawback that seems more severe than A\u2019s.\n- Main tradeoff: Balancing technical/leadership strengths against cooperation drawbacks. A\u2019s drawbacks are more about attitude than direct conflict, whereas B, C, D each have clear interpersonal issues that could impair crew safety.\n- Remaining uncertainty: How severe the \u201cshow\u2011off\u201d and \u201cnot open to new ideas\u201d traits are in practice; whether they would translate into unsafe crew dynamics.\n- What would change my vote: Credible evidence that Candidate A\u2019s cooperation issues lead to crew conflict or safety incidents, or strong evidence that another candidate\u2019s technical or reliability strengths outweigh their interpersonal negatives.\nMETADATA_JSON:\n{\"agent\": \"agent_2\", \"vote\": \"Candidate A\"}"}
2026-05-08 11:16:27,714 - INFO - Agent turns: 1
2026-05-08 11:16:34,173 - INFO - Tokens - Input: 1793, Output: 1114, Total: 2907
2026-05-08 11:16:34,175 - INFO - Memory updates: 1
{"id": 4, "ts": 1778231794.1752434, "event": "memory_updated", "agent": "agent_1", "round": 1}
2026-05-08 11:16:34,389 - INFO - Tokens - Input: 1796, Output: 1427, Total: 3223
2026-05-08 11:16:34,391 - INFO - Memory updates: 2
{"id": 5, "ts": 1778231794.3912978, "event": "memory_updated", "agent": "agent_2", "round": 1}
2026-05-08 11:16:36,959 - INFO - Tokens - Input: 1788, Output: 1459, Total: 3247
2026-05-08 11:16:36,961 - INFO - Memory updates: 3
{"id": 6, "ts": 1778231796.9613235, "event": "memory_updated", "agent": "agent_3", "round": 1}
2026-05-08 11:16:43,396 - INFO - Tokens - Input: 2667, Output: 868, Total: 3535
{"id": 7, "ts": 1778231803.3978353, "event": "public_discussion_message", "round": 1, "agent": "agent_3", "message": "Current position: Candidate A\nConfidence/uncertainty: Moderate confidence\nReasoning summary:\n- Key evidence used: Candidate A anticipates dangerous situations, sees complex connections, has excellent spatial vision, and demonstrates very good leadership qualities \u2013 all critical for long\u2011distance navigation and crew coordination. The negative traits (unfriendly, eats unhealthily, show\u2011off attitude, resistance to new ideas) are primarily interpersonal and less directly linked to safety\u2011critical performance.\n- Evidence from others: Agent\u202f2 highlighted the same strengths for A and noted cooperation drawbacks (show\u2011off, not open to new ideas). Agent\u202f2 also described B\u2019s \u201cnasty remarks,\u201d C\u2019s egocentricity, and D\u2019s hot temper, suggesting those candidates have more overt interpersonal risks.\n- Alternatives considered: Candidate B offers strong reliability (conscientious, stress\u2011handling) and good technical skills (weather assessment, computer), but its pretentiousness and tone issues could erode crew morale. Candidate C shows quick decision\u2011making and empathy but suffers from communication difficulty and ego, which may impair coordination. Candidate D excels in problem\u2011solving and responsibility yet is moody, a loner, and has a hot temper, raising concerns for teamwork on long flights.\n- Main tradeoff: Balancing A\u2019s superior technical and leadership profile against its interpersonal shortcomings versus the other candidates\u2019 more pronounced cooperation risks despite decent technical or reliability attributes.\n- Remaining uncertainty: The real\u2011world impact of A\u2019s \u201cshow\u2011off\u201d attitude and resistance to new ideas on crew dynamics and safety; whether these traits could manifest as disruptive behavior in the cockpit.\n- What would change my vote: Credible evidence that A\u2019s interpersonal issues have led to crew conflict or safety incidents, or strong evidence that another candidate\u2019s technical/reliability strengths outweigh their interpersonal drawbacks in practice.\nMETADATA_JSON:\n{\"agent\": \"agent_3\", \"vote\": \"Candidate A\"}"}
2026-05-08 11:16:43,398 - INFO - Agent turns: 2
2026-05-08 11:16:50,875 - INFO - Tokens - Input: 2803, Output: 1287, Total: 4090
2026-05-08 11:16:50,877 - INFO - Memory updates: 4
{"id": 8, "ts": 1778231810.8775291, "event": "memory_updated", "agent": "agent_3", "round": 1}
2026-05-08 11:16:52,613 - INFO - Tokens - Input: 2713, Output: 1732, Total: 4445
2026-05-08 11:16:52,614 - INFO - Memory updates: 5
{"id": 9, "ts": 1778231812.6149793, "event": "memory_updated", "agent": "agent_1", "round": 1}
2026-05-08 11:16:55,124 - INFO - Tokens - Input: 2846, Output: 1305, Total: 4151
2026-05-08 11:16:55,126 - INFO - Memory updates: 6
{"id": 10, "ts": 1778231815.1268601, "event": "memory_updated", "agent": "agent_2", "round": 1}
2026-05-08 11:17:01,755 - INFO - Tokens - Input: 3284, Output: 1162, Total: 4446
{"id": 11, "ts": 1778231821.7574756, "event": "public_discussion_message", "round": 1, "agent": "agent_1", "message": "Current position: Candidate A\nConfidence/uncertainty: Moderate confidence \u2013 the positives are strong but cooperation concerns remain unresolved\nReasoning summary:\n- Key evidence used: Candidate\u202fA anticipates dangerous situations, sees complex connections, has excellent spatial vision, and demonstrates very good leadership qualities \u2013 all critical for long\u2011distance navigation and crew coordination. These strengths directly support technical competence, situational awareness, and responsibility.\n- Evidence from others: Agents\u202f2 and\u202f3 also highlighted A\u2019s technical and leadership strengths and noted the same cooperation drawbacks (unfriendly demeanor, show\u2011off attitude, resistance to criticism, unorganized). Their assessments reinforce that A\u2019s negatives are interpersonal rather than safety\u2011critical technical failures.\n- Alternatives considered: Candidate\u202fB (high reliability, stress handling, good weather/computer skills) but shows grumpiness, uncooperative and pretentious tone; Candidate\u202fC (100\u202f% reliable, creates positive crew atmosphere, quick decision\u2011making) but lacks technical evidence and has communication/ego issues; Candidate\u202fD (excellent problem\u2011solving, strong responsibility) yet suffers from arrogance, weak leadership, moody/loner traits. Each alternative presents more overt cooperation risks or weaker technical/leadership profiles than A.\n- Main tradeoff: Weighing A\u2019s superior technical and leadership profile against its interpersonal shortcomings versus the other candidates\u2019 more pronounced cooperation drawbacks despite decent reliability or stress handling.\n- Remaining uncertainty: How A\u2019s unfriendly, show\u2011off, and criticism\u2011resistant behavior would manifest in real cockpit interactions on long\u2011haul flights and whether it could lead to crew conflict or safety incidents.\n- What would change my vote: Credible incident reports or crew testimonies showing that A\u2019s interpersonal issues have caused operational problems, or strong evidence that another candidate\u2019s technical/reliability advantages outweigh their cooperation risks in practice.\nMETADATA_JSON:\n{\"agent\": \"agent_1\", \"vote\": \"Candidate A\"}"}
2026-05-08 11:17:01,757 - INFO - Agent turns: 3
2026-05-08 11:17:11,691 - INFO - Tokens - Input: 3262, Output: 1480, Total: 4742
2026-05-08 11:17:11,693 - INFO - Memory updates: 7
{"id": 12, "ts": 1778231831.6931853, "event": "memory_updated", "agent": "agent_3", "round": 1}
2026-05-08 11:17:12,034 - INFO - Tokens - Input: 3254, Output: 1650, Total: 4904
2026-05-08 11:17:12,036 - INFO - Memory updates: 8
{"id": 13, "ts": 1778231832.0363555, "event": "memory_updated", "agent": "agent_2", "round": 1}
2026-05-08 11:17:12,437 - INFO - Tokens - Input: 3424, Output: 1478, Total: 4902
2026-05-08 11:17:12,439 - INFO - Memory updates: 9
{"id": 14, "ts": 1778231832.439371, "event": "memory_updated", "agent": "agent_1", "round": 1}
2026-05-08 11:17:12,448 - INFO - Loop 1 completed
{"id": 15, "ts": 1778231832.4542813, "event": "discussion_order", "round": 2, "order": ["agent_2", "agent_1", "agent_3"]}
2026-05-08 11:17:16,316 - INFO - Tokens - Input: 3602, Output: 553, Total: 4155
{"id": 16, "ts": 1778231836.3184779, "event": "public_discussion_message", "round": 2, "agent": "agent_2", "message": "Current position: Candidate A\nConfidence/uncertainty: Moderate (around 65\u202f% confidence)\nReasoning summary:\n- Key evidence used: Candidate\u202fA anticipates dangerous situations, sees complex connections, has excellent spatial vision, and demonstrates very good leadership qualities \u2013 all essential for long\u2011distance navigation, situational awareness, and crew coordination.\n- Evidence from others: Agents\u202f1 and\u202f3 have reiterated the same technical and leadership strengths and have added that A is perceived as unfriendly, a show\u2011off, and resistant to new ideas. They also note that A is regarded as unorganized.\n- Alternatives considered:\n  * Candidate\u202fB \u2013 strong reliability, stress handling, weather assessment, and computer skills, but makes nasty remarks, has a weak memory for numbers, and displays pretentious, uncooperative tone.\n  * Candidate\u202fC \u2013 quick decision\u2011making, calm in crises, understands complex technology, and is reported as 100\u202f% reliable with a positive crew atmosphere, yet struggles to communicate ideas, is egocentric, and is not eager to continue education.\n  * Candidate\u202fD \u2013 excellent problem\u2011solving, high concentration, takes responsibility seriously, and responds adequately to unexpected events, but is seen as a know\u2011it\u2011all, has a hot temper, and displays moody, loner behavior.\n- Main tradeoff: Balancing A\u2019s superior technical and leadership profile against its interpersonal drawbacks (show\u2011off, resistance to new ideas, unfriendly, unorganized) versus the other candidates\u2019 more overt cooperation risks (hostility, egocentrism, hot temper) despite decent technical or reliability attributes.\n- Remaining uncertainty: How likely A\u2019s interpersonal issues are to manifest as crew conflict or safety\u2011critical incidents in real long\u2011haul operations.\n- What would change my vote: Credible incident reports or crew testimonies showing that A\u2019s \u201cshow\u2011off\u201d attitude, resistance to new ideas, or unorganized behavior have led to operational problems, or strong evidence that another candidate\u2019s technical/reliability strengths outweigh their interpersonal negatives in practice.\nMETADATA_JSON:\n{\"agent\": \"agent_2\", \"vote\": \"Candidate A\"}"}
2026-05-08 11:17:16,318 - INFO - Agent turns: 4
2026-05-08 11:17:24,828 - INFO - Tokens - Input: 3828, Output: 1095, Total: 4923
2026-05-08 11:17:24,830 - INFO - Memory updates: 10
{"id": 17, "ts": 1778231844.830529, "event": "memory_updated", "agent": "agent_2", "round": 2}
2026-05-08 11:17:25,791 - INFO - Tokens - Input: 3963, Output: 1420, Total: 5383
2026-05-08 11:17:25,793 - INFO - Memory updates: 11
{"id": 18, "ts": 1778231845.793273, "event": "memory_updated", "agent": "agent_3", "round": 2}
2026-05-08 11:17:26,667 - INFO - Tokens - Input: 3760, Output: 1962, Total: 5722
2026-05-08 11:17:26,668 - INFO - Memory updates: 12
{"id": 19, "ts": 1778231846.669093, "event": "memory_updated", "agent": "agent_1", "round": 2}
2026-05-08 11:17:29,923 - INFO - Tokens - Input: 4240, Output: 451, Total: 4691
{"id": 20, "ts": 1778231849.9247456, "event": "public_discussion_message", "round": 2, "agent": "agent_1", "message": "Current position: Candidate A\nConfidence/uncertainty: Moderate (\u224865\u202f% confidence)\nReasoning summary:\n- Key evidence used: Candidate\u202fA anticipates dangerous situations, sees complex connections, has excellent spatial vision, and demonstrates very good leadership qualities \u2013 all essential for long\u2011distance navigation, situational awareness, and crew coordination.\n- Evidence from others: Agents\u202f2 and\u202f3 reiterated A\u2019s technical and leadership strengths and highlighted the same interpersonal drawbacks (unfriendly demeanor, show\u2011off attitude, resistance to criticism, unorganized). Their assessments confirm that A\u2019s negatives are primarily attitude\u2011related rather than safety\u2011critical technical failures.\n- Alternatives considered:\n  * Candidate\u202fB \u2013 strong reliability, stress handling, weather assessment, and computer skills, but exhibits grumpiness, uncooperativeness, pretentious remarks, and weak memory for numbers.\n  * Candidate\u202fC \u2013 quick decision\u2011making, calm in crises, 100\u202f% reliability, and a positive crew atmosphere, yet struggles with communication, is egocentric, and lacks willingness for further education.\n  * Candidate\u202fD \u2013 excellent problem\u2011solving, high concentration, serious responsibility, and adequate response to unexpected events, but is seen as arrogant, has weak leadership, a hot temper, and moody/loner tendencies.\n- Main tradeoff: Weighing A\u2019s superior technical competence and leadership against its interpersonal shortcomings (unfriendly, show\u2011off, resistance to new ideas) versus the other candidates\u2019 more overt cooperation risks despite decent technical or reliability attributes.\n- Remaining uncertainty: How likely A\u2019s interpersonal issues will translate into crew conflict or safety\u2011critical incidents on long\u2011haul flights.\n- What would change my vote: Credible incident reports or crew testimonies showing that A\u2019s interpersonal drawbacks have caused operational problems, or strong evidence that another candidate\u2019s technical/reliability strengths outweigh their cooperation negatives in practice.\nMETADATA_JSON:\n{\"agent\": \"agent_1\", \"vote\": \"Candidate A\"}"}
2026-05-08 11:17:29,924 - INFO - Agent turns: 5
2026-05-08 11:17:37,354 - INFO - Tokens - Input: 4403, Output: 1216, Total: 5619
2026-05-08 11:17:37,356 - INFO - Memory updates: 13
{"id": 21, "ts": 1778231857.356209, "event": "memory_updated", "agent": "agent_1", "round": 2}
2026-05-08 11:17:38,703 - INFO - Tokens - Input: 4093, Output: 1362, Total: 5455
2026-05-08 11:17:38,704 - INFO - Memory updates: 14
{"id": 22, "ts": 1778231858.7047753, "event": "memory_updated", "agent": "agent_2", "round": 2}
2026-05-08 11:17:42,412 - INFO - Tokens - Input: 4157, Output: 1934, Total: 6091
2026-05-08 11:17:42,414 - INFO - Memory updates: 15
{"id": 23, "ts": 1778231862.414412, "event": "memory_updated", "agent": "agent_3", "round": 2}
2026-05-08 11:17:45,750 - INFO - Tokens - Input: 4479, Output: 446, Total: 4925
{"id": 24, "ts": 1778231865.7525334, "event": "public_discussion_message", "round": 2, "agent": "agent_3", "message": "Current position: Candidate A\nConfidence/uncertainty: Moderate (around 65\u202f% confidence)\nReasoning summary:\n- Key evidence used: Candidate\u202fA anticipates dangerous situations, sees complex connections, has excellent spatial vision, and demonstrates very good leadership qualities \u2013 all essential for long\u2011distance navigation, situational awareness, and crew coordination.\n- Evidence from others: Agents\u202f1 and\u202f2 have reiterated the same technical and leadership strengths and highlighted A\u2019s interpersonal drawbacks (unfriendly, show\u2011off attitude, resistance to new ideas, unorganized). Their assessments confirm that A\u2019s negatives are primarily attitude\u2011related rather than safety\u2011critical technical failures.\n- Alternatives considered:\n  * Candidate\u202fB \u2013 strong reliability, stress handling, weather assessment, and computer skills, but exhibits pretentiousness, grumpy/uncooperative tone, and weak memory for numbers.\n  * Candidate\u202fC \u2013 quick decision\u2011making, calm in crises, 100\u202f% reliability, and a positive crew atmosphere, yet struggles with communication, is egocentric, and lacks willingness for further education.\n  * Candidate\u202fD \u2013 excellent problem\u2011solving, high concentration, serious responsibility, and adequate response to unexpected events, but is moody, a loner, arrogant, and has a hot temper.\n- Main tradeoff: Balancing A\u2019s superior technical competence and leadership against its interpersonal shortcomings (unfriendly, show\u2011off, resistance to new ideas) versus the other candidates\u2019 more overt cooperation risks despite decent technical or reliability attributes.\n- Remaining uncertainty: How likely A\u2019s interpersonal issues will translate into crew conflict or safety\u2011critical incidents on long\u2011haul flights.\n- What would change my vote: Credible incident reports or crew testimonies showing that A\u2019s interpersonal drawbacks have caused operational problems, or strong evidence that another candidate\u2019s technical/reliability strengths outweigh their cooperation negatives in practice.\nMETADATA_JSON:\n{\"agent\": \"agent_3\", \"vote\": \"Candidate A\"}"}
2026-05-08 11:17:45,752 - INFO - Agent turns: 6
2026-05-08 11:17:53,197 - INFO - Tokens - Input: 4432, Output: 1229, Total: 5661
2026-05-08 11:17:53,200 - INFO - Memory updates: 16
{"id": 25, "ts": 1778231873.200472, "event": "memory_updated", "agent": "agent_2", "round": 2}
2026-05-08 11:17:53,920 - INFO - Tokens - Input: 4632, Output: 1085, Total: 5717
2026-05-08 11:17:53,922 - INFO - Memory updates: 17
{"id": 26, "ts": 1778231873.9230726, "event": "memory_updated", "agent": "agent_3", "round": 2}
2026-05-08 11:17:54,869 - INFO - Tokens - Input: 4587, Output: 1373, Total: 5960
2026-05-08 11:17:54,871 - INFO - Memory updates: 18
{"id": 27, "ts": 1778231874.8713455, "event": "memory_updated", "agent": "agent_1", "round": 2}
2026-05-08 11:17:54,881 - INFO - Loop 2 completed
2026-05-08 11:17:54,882 - INFO - Final Chosen Candidate: Candidate A
2026-05-08 11:17:54,882 - INFO - Final Decision Method: consensus
2026-05-08 11:17:54,882 - INFO - Final Vote Count: {'Candidate A': 3}
2026-05-08 11:17:54,882 - INFO - Correct Candidate: Candidate C
2026-05-08 11:17:54,882 - INFO - Decision Correct: 0
{"id": 28, "ts": 1778231875.2420735, "event": "context_consistency_calculated", "method": "embedding_cosine", "mean_pairwise_similarity": 0.853114, "pairwise": [{"agent_a": "agent_1", "agent_b": "agent_2", "similarity": 0.854442}, {"agent_a": "agent_1", "agent_b": "agent_3", "similarity": 0.794784}, {"agent_a": "agent_2", "agent_b": "agent_3", "similarity": 0.910116}]}
{"id": 29, "ts": 1778231875.2422447, "event": "agent_memories_archived", "directory": "/home/lhegemann/git/bachelor_thesis/01_data/raw/simulations/high/high_treatment_20260508_080303_024/shared_mental_models", "round": 2}
{"id": 30, "ts": 1778231875.242334, "event": "final_decision", "candidate": "Candidate A", "method": "consensus", "vote_count": {"Candidate A": 3}, "correct_candidate": "Candidate C", "decision_correct": 0, "round": 2}
2026-05-08 11:17:55,253 - INFO - ======================================================================
2026-05-08 11:17:55,253 - INFO - SIMULATION METRICS
2026-05-08 11:17:55,253 - INFO - ======================================================================
2026-05-08 11:17:55,253 - INFO - Total Loops: 2
2026-05-08 11:17:55,253 - INFO - Agent Turns (no vote checker): 6
2026-05-08 11:17:55,254 - INFO - Agent Tool Calls: 0
2026-05-08 11:17:55,254 - INFO - Agent Tool Messages: 0
2026-05-08 11:17:55,254 - INFO - Memory Updates: 18
2026-05-08 11:17:55,254 - INFO - Total Messages (no vote checker): 6
2026-05-08 11:17:55,254 - INFO - Input Tokens: 81591
2026-05-08 11:17:55,254 - INFO - Output Tokens: 30129
2026-05-08 11:17:55,254 - INFO - Total Tokens: 111720
2026-05-08 11:17:55,254 - INFO - Final Chosen Candidate: Candidate A
2026-05-08 11:17:55,254 - INFO - Final Decision Method: consensus
2026-05-08 11:17:55,254 - INFO - Final Vote Count: {'Candidate A': 3}
2026-05-08 11:17:55,254 - INFO - Correct Candidate: Candidate C
2026-05-08 11:17:55,254 - INFO - Decision Correct: 0
2026-05-08 11:17:55,254 - INFO - Runtime: 96.15s
2026-05-08 11:17:55,254 - INFO - ======================================================================
