2026-05-06 19:16:13,750 - INFO - Metrics tracker initialized
{"id": 1, "ts": 1778087773.7790062, "event": "memory_reset"}
{"id": 2, "ts": 1778087773.7828984, "event": "discussion_order", "round": 1, "order": ["agent_3", "agent_2", "agent_1"]}
2026-05-06 19:16:19,579 - INFO - Tokens - Input: 1681, Output: 519, Total: 2200
{"id": 3, "ts": 1778087779.580633, "event": "public_discussion_message", "round": 1, "agent": "agent_3", "message": "I prefer Candidate B; handles stress very well.\nMETADATA_JSON:\n{\"agent\": \"agent_3\", \"vote\": \"Candidate B\"}"}
2026-05-06 19:16:19,580 - INFO - Agent turns: 1
2026-05-06 19:16:29,365 - INFO - Tokens - Input: 1186, Output: 1328, Total: 2514
2026-05-06 19:16:29,367 - INFO - Memory updates: 1
{"id": 4, "ts": 1778087789.3674693, "event": "memory_updated", "agent": "agent_3", "round": 1}
2026-05-06 19:16:29,862 - INFO - Tokens - Input: 1191, Output: 1410, Total: 2601
2026-05-06 19:16:29,864 - INFO - Memory updates: 2
{"id": 5, "ts": 1778087789.8645403, "event": "memory_updated", "agent": "agent_1", "round": 1}
2026-05-06 19:16:30,401 - INFO - Tokens - Input: 1194, Output: 1174, Total: 2368
2026-05-06 19:16:30,403 - INFO - Memory updates: 3
{"id": 6, "ts": 1778087790.4032338, "event": "memory_updated", "agent": "agent_2", "round": 1}
2026-05-06 19:16:35,504 - INFO - Tokens - Input: 2031, Output: 533, Total: 2564
{"id": 7, "ts": 1778087795.5059752, "event": "public_discussion_message", "round": 1, "agent": "agent_2", "message": "Candidate A \u2013 excellent spatial vision\nMETADATA_JSON:\n{\"agent\": \"agent_2\", \"vote\": \"Candidate A\"}"}
2026-05-06 19:16:35,506 - INFO - Agent turns: 2
2026-05-06 19:16:43,030 - INFO - Tokens - Input: 1730, Output: 972, Total: 2702
2026-05-06 19:16:43,032 - INFO - Memory updates: 4
{"id": 8, "ts": 1778087803.0324647, "event": "memory_updated", "agent": "agent_3", "round": 1}
2026-05-06 19:16:43,505 - INFO - Tokens - Input: 1535, Output: 984, Total: 2519
2026-05-06 19:16:43,507 - INFO - Memory updates: 5
{"id": 9, "ts": 1778087803.507577, "event": "memory_updated", "agent": "agent_2", "round": 1}
2026-05-06 19:16:45,144 - INFO - Tokens - Input: 1641, Output: 1169, Total: 2810
2026-05-06 19:16:45,146 - INFO - Memory updates: 6
{"id": 10, "ts": 1778087805.1466398, "event": "memory_updated", "agent": "agent_1", "round": 1}
2026-05-06 19:16:47,543 - INFO - Tokens - Input: 2226, Output: 374, Total: 2600
{"id": 11, "ts": 1778087807.5446072, "event": "public_discussion_message", "round": 1, "agent": "agent_1", "message": "Candidate A \u2013 can anticipate dangerous situations\nMETADATA_JSON:\n{\"agent\": \"agent_1\", \"vote\": \"Candidate A\"}"}
2026-05-06 19:16:47,544 - INFO - Agent turns: 3
2026-05-06 19:16:52,778 - INFO - Tokens - Input: 1739, Output: 1012, Total: 2751
2026-05-06 19:16:52,780 - INFO - Memory updates: 7
{"id": 12, "ts": 1778087812.7804825, "event": "memory_updated", "agent": "agent_3", "round": 1}
2026-05-06 19:16:53,090 - INFO - Tokens - Input: 1569, Output: 786, Total: 2355
2026-05-06 19:16:53,092 - INFO - Memory updates: 8
{"id": 13, "ts": 1778087813.0921717, "event": "memory_updated", "agent": "agent_2", "round": 1}
2026-05-06 19:16:54,434 - INFO - Tokens - Input: 1732, Output: 1048, Total: 2780
2026-05-06 19:16:54,436 - INFO - Memory updates: 9
{"id": 14, "ts": 1778087814.4365938, "event": "memory_updated", "agent": "agent_1", "round": 1}
2026-05-06 19:16:54,445 - INFO - Loop 1 completed
{"id": 15, "ts": 1778087814.4515362, "event": "discussion_order", "round": 2, "order": ["agent_3", "agent_2", "agent_1"]}
2026-05-06 19:16:55,948 - INFO - Tokens - Input: 2187, Output: 223, Total: 2410
{"id": 16, "ts": 1778087815.9503002, "event": "public_discussion_message", "round": 2, "agent": "agent_3", "message": "I still favor Candidate B \u2013 handles stress very well.\nMETADATA_JSON:\n{\"agent\": \"agent_3\", \"vote\": \"Candidate B\"}"}
2026-05-06 19:16:55,950 - INFO - Agent turns: 4
2026-05-06 19:17:03,799 - INFO - Tokens - Input: 1681, Output: 846, Total: 2527
2026-05-06 19:17:03,801 - INFO - Memory updates: 10
{"id": 17, "ts": 1778087823.801704, "event": "memory_updated", "agent": "agent_3", "round": 2}
2026-05-06 19:17:03,956 - INFO - Tokens - Input: 1492, Output: 1090, Total: 2582
2026-05-06 19:17:03,957 - INFO - Memory updates: 11
{"id": 18, "ts": 1778087823.9575715, "event": "memory_updated", "agent": "agent_2", "round": 2}
2026-05-06 19:17:04,125 - INFO - Tokens - Input: 1787, Output: 1158, Total: 2945
2026-05-06 19:17:04,126 - INFO - Memory updates: 12
{"id": 19, "ts": 1778087824.126974, "event": "memory_updated", "agent": "agent_1", "round": 2}
2026-05-06 19:17:06,344 - INFO - Tokens - Input: 2040, Output: 151, Total: 2191
{"id": 20, "ts": 1778087826.3453343, "event": "public_discussion_message", "round": 2, "agent": "agent_2", "message": "Candidate A \u2013 excellent spatial vision\nMETADATA_JSON:\n{\"agent\": \"agent_2\", \"vote\": \"Candidate A\"}"}
2026-05-06 19:17:06,345 - INFO - Agent turns: 5
2026-05-06 19:17:11,827 - INFO - Tokens - Input: 1544, Output: 720, Total: 2264
2026-05-06 19:17:11,828 - INFO - Memory updates: 13
{"id": 21, "ts": 1778087831.8291106, "event": "memory_updated", "agent": "agent_2", "round": 2}
2026-05-06 19:17:13,762 - INFO - Tokens - Input: 1829, Output: 1097, Total: 2926
2026-05-06 19:17:13,764 - INFO - Memory updates: 14
{"id": 22, "ts": 1778087833.7644951, "event": "memory_updated", "agent": "agent_1", "round": 2}
2026-05-06 19:17:13,936 - INFO - Tokens - Input: 1709, Output: 955, Total: 2664
2026-05-06 19:17:13,938 - INFO - Memory updates: 15
{"id": 23, "ts": 1778087833.9384308, "event": "memory_updated", "agent": "agent_3", "round": 2}
2026-05-06 19:17:15,481 - INFO - Tokens - Input: 2364, Output: 222, Total: 2586
{"id": 24, "ts": 1778087835.4826124, "event": "public_discussion_message", "round": 2, "agent": "agent_1", "message": "Candidate A \u2013 can anticipate dangerous situations\nMETADATA_JSON:\n{\"agent\": \"agent_1\", \"vote\": \"Candidate A\"}"}
2026-05-06 19:17:15,482 - INFO - Agent turns: 6
2026-05-06 19:17:20,849 - INFO - Tokens - Input: 1870, Output: 933, Total: 2803
2026-05-06 19:17:20,850 - INFO - Memory updates: 16
{"id": 25, "ts": 1778087840.8509867, "event": "memory_updated", "agent": "agent_1", "round": 2}
2026-05-06 19:17:22,350 - INFO - Tokens - Input: 1581, Output: 1003, Total: 2584
2026-05-06 19:17:22,352 - INFO - Memory updates: 17
{"id": 26, "ts": 1778087842.35218, "event": "memory_updated", "agent": "agent_2", "round": 2}
2026-05-06 19:17:23,636 - INFO - Tokens - Input: 1597, Output: 1201, Total: 2798
2026-05-06 19:17:23,637 - INFO - Memory updates: 18
{"id": 27, "ts": 1778087843.6380713, "event": "memory_updated", "agent": "agent_3", "round": 2}
2026-05-06 19:17:23,646 - INFO - Loop 2 completed
{"id": 28, "ts": 1778087843.6532393, "event": "discussion_order", "round": 3, "order": ["agent_1", "agent_3", "agent_2"]}
2026-05-06 19:17:25,377 - INFO - Tokens - Input: 2418, Output: 152, Total: 2570
{"id": 29, "ts": 1778087845.3785994, "event": "public_discussion_message", "round": 3, "agent": "agent_1", "message": "Candidate A \u2013 very good leadership qualities.\nMETADATA_JSON:\n{\"agent\": \"agent_1\", \"vote\": \"Candidate A\"}"}
2026-05-06 19:17:25,378 - INFO - Agent turns: 7
2026-05-06 19:17:33,220 - INFO - Tokens - Input: 1906, Output: 1089, Total: 2995
2026-05-06 19:17:33,221 - INFO - Memory updates: 19
{"id": 30, "ts": 1778087853.2219534, "event": "memory_updated", "agent": "agent_1", "round": 3}
2026-05-06 19:17:33,858 - INFO - Tokens - Input: 1688, Output: 1067, Total: 2755
2026-05-06 19:17:33,860 - INFO - Memory updates: 20
{"id": 31, "ts": 1778087853.8606837, "event": "memory_updated", "agent": "agent_3", "round": 3}
2026-05-06 19:17:35,021 - INFO - Tokens - Input: 1624, Output: 1014, Total: 2638
2026-05-06 19:17:35,022 - INFO - Memory updates: 21
{"id": 32, "ts": 1778087855.0230742, "event": "memory_updated", "agent": "agent_2", "round": 3}
2026-05-06 19:17:36,367 - INFO - Tokens - Input: 2244, Output: 131, Total: 2375
{"id": 33, "ts": 1778087856.36854, "event": "public_discussion_message", "round": 3, "agent": "agent_3", "message": "I prefer Candidate B \u2013 handles stress very well.\nMETADATA_JSON:\n{\"agent\": \"agent_3\", \"vote\": \"Candidate B\"}"}
2026-05-06 19:17:36,368 - INFO - Agent turns: 8
2026-05-06 19:17:40,996 - INFO - Tokens - Input: 1754, Output: 817, Total: 2571
2026-05-06 19:17:40,998 - INFO - Memory updates: 22
{"id": 34, "ts": 1778087860.998157, "event": "memory_updated", "agent": "agent_3", "round": 3}
2026-05-06 19:17:42,082 - INFO - Tokens - Input: 1919, Output: 988, Total: 2907
2026-05-06 19:17:42,083 - INFO - Memory updates: 23
{"id": 35, "ts": 1778087862.083755, "event": "memory_updated", "agent": "agent_1", "round": 3}
2026-05-06 19:17:42,836 - INFO - Tokens - Input: 1717, Output: 787, Total: 2504
2026-05-06 19:17:42,837 - INFO - Memory updates: 24
{"id": 36, "ts": 1778087862.8376508, "event": "memory_updated", "agent": "agent_2", "round": 3}
2026-05-06 19:17:43,773 - INFO - Tokens - Input: 2239, Output: 153, Total: 2392
{"id": 37, "ts": 1778087863.7744968, "event": "public_discussion_message", "round": 3, "agent": "agent_2", "message": "Candidate A \u2013 excellent spatial vision\nMETADATA_JSON:\n{\"agent\": \"agent_2\", \"vote\": \"Candidate A\"}"}
2026-05-06 19:17:43,774 - INFO - Agent turns: 9
2026-05-06 19:17:48,177 - INFO - Tokens - Input: 1761, Output: 814, Total: 2575
2026-05-06 19:17:48,179 - INFO - Memory updates: 25
{"id": 38, "ts": 1778087868.1795068, "event": "memory_updated", "agent": "agent_1", "round": 3}
2026-05-06 19:17:49,048 - INFO - Tokens - Input: 1791, Output: 923, Total: 2714
2026-05-06 19:17:49,050 - INFO - Memory updates: 26
{"id": 39, "ts": 1778087869.0506556, "event": "memory_updated", "agent": "agent_3", "round": 3}
2026-05-06 19:17:49,819 - INFO - Tokens - Input: 1743, Output: 943, Total: 2686
2026-05-06 19:17:49,821 - INFO - Memory updates: 27
{"id": 40, "ts": 1778087869.821588, "event": "memory_updated", "agent": "agent_2", "round": 3}
2026-05-06 19:17:49,829 - INFO - Loop 3 completed
{"id": 41, "ts": 1778087869.8359828, "event": "discussion_order", "round": 4, "order": ["agent_1", "agent_3", "agent_2"]}
2026-05-06 19:17:50,777 - INFO - Tokens - Input: 2174, Output: 123, Total: 2297
{"id": 42, "ts": 1778087870.7785475, "event": "public_discussion_message", "round": 4, "agent": "agent_1", "message": "Candidate A \u2013 anticipates dangerous situations.\nMETADATA_JSON:\n{\"agent\": \"agent_1\", \"vote\": \"Candidate A\"}"}
2026-05-06 19:17:50,778 - INFO - Agent turns: 10
2026-05-06 19:17:55,746 - INFO - Tokens - Input: 1662, Output: 713, Total: 2375
2026-05-06 19:17:55,748 - INFO - Memory updates: 28
{"id": 43, "ts": 1778087875.748203, "event": "memory_updated", "agent": "agent_1", "round": 4}
2026-05-06 19:17:56,174 - INFO - Tokens - Input: 1761, Output: 1054, Total: 2815
2026-05-06 19:17:56,176 - INFO - Memory updates: 29
{"id": 44, "ts": 1778087876.1766694, "event": "memory_updated", "agent": "agent_2", "round": 4}
2026-05-06 19:17:58,493 - INFO - Tokens - Input: 1828, Output: 1066, Total: 2894
2026-05-06 19:17:58,494 - INFO - Memory updates: 30
{"id": 45, "ts": 1778087878.495063, "event": "memory_updated", "agent": "agent_3", "round": 4}
2026-05-06 19:17:59,425 - INFO - Tokens - Input: 2354, Output: 116, Total: 2470
{"id": 46, "ts": 1778087879.426733, "event": "public_discussion_message", "round": 4, "agent": "agent_3", "message": "I still favor Candidate\u202fB \u2013 handles stress very well.\nMETADATA_JSON:\n{\"agent\": \"agent_3\", \"vote\": \"Candidate B\"}"}
2026-05-06 19:17:59,426 - INFO - Agent turns: 11
2026-05-06 19:18:03,645 - INFO - Tokens - Input: 1731, Output: 770, Total: 2501
2026-05-06 19:18:03,647 - INFO - Memory updates: 31
{"id": 47, "ts": 1778087883.6472132, "event": "memory_updated", "agent": "agent_1", "round": 4}
2026-05-06 19:18:06,269 - INFO - Tokens - Input: 1886, Output: 877, Total: 2763
2026-05-06 19:18:06,271 - INFO - Memory updates: 32
{"id": 48, "ts": 1778087886.2714298, "event": "memory_updated", "agent": "agent_2", "round": 4}
2026-05-06 19:18:09,272 - INFO - Tokens - Input: 1868, Output: 785, Total: 2653
2026-05-06 19:18:09,274 - INFO - Memory updates: 33
{"id": 49, "ts": 1778087889.2748165, "event": "memory_updated", "agent": "agent_3", "round": 4}
2026-05-06 19:18:10,556 - INFO - Tokens - Input: 2420, Output: 127, Total: 2547
{"id": 50, "ts": 1778087890.5582767, "event": "public_discussion_message", "round": 4, "agent": "agent_2", "message": "Candidate A \u2013 very good leadership qualities\nMETADATA_JSON:\n{\"agent\": \"agent_2\", \"vote\": \"Candidate A\"}"}
2026-05-06 19:18:10,558 - INFO - Agent turns: 12
2026-05-06 19:18:15,077 - INFO - Tokens - Input: 1776, Output: 851, Total: 2627
2026-05-06 19:18:15,079 - INFO - Memory updates: 34
{"id": 51, "ts": 1778087895.0797033, "event": "memory_updated", "agent": "agent_1", "round": 4}
2026-05-06 19:18:17,553 - INFO - Tokens - Input: 1926, Output: 1045, Total: 2971
2026-05-06 19:18:17,555 - INFO - Memory updates: 35
{"id": 52, "ts": 1778087897.5557475, "event": "memory_updated", "agent": "agent_2", "round": 4}
2026-05-06 19:18:18,726 - INFO - Tokens - Input: 1890, Output: 1265, Total: 3155
2026-05-06 19:18:18,727 - INFO - Memory updates: 36
{"id": 53, "ts": 1778087898.7278602, "event": "memory_updated", "agent": "agent_3", "round": 4}
2026-05-06 19:18:18,736 - INFO - Loop 4 completed
{"id": 54, "ts": 1778087898.742334, "event": "discussion_order", "round": 5, "order": ["agent_3", "agent_2", "agent_1"]}
2026-05-06 19:18:20,944 - INFO - Tokens - Input: 2458, Output: 332, Total: 2790
{"id": 55, "ts": 1778087900.9457388, "event": "public_discussion_message", "round": 5, "agent": "agent_3", "message": "I still favor Candidate\u202fB \u2013 handles stress very well.\nMETADATA_JSON:\n{\"agent\": \"agent_3\", \"vote\": \"Candidate B\"}"}
2026-05-06 19:18:20,945 - INFO - Agent turns: 13
2026-05-06 19:18:27,120 - INFO - Tokens - Input: 1954, Output: 888, Total: 2842
2026-05-06 19:18:27,122 - INFO - Memory updates: 37
{"id": 56, "ts": 1778087907.1224422, "event": "memory_updated", "agent": "agent_3", "round": 5}
2026-05-06 19:18:28,020 - INFO - Tokens - Input: 1948, Output: 1083, Total: 3031
2026-05-06 19:18:28,022 - INFO - Memory updates: 38
{"id": 57, "ts": 1778087908.0224578, "event": "memory_updated", "agent": "agent_2", "round": 5}
2026-05-06 19:18:31,613 - INFO - Tokens - Input: 1825, Output: 1192, Total: 3017
2026-05-06 19:18:31,615 - INFO - Memory updates: 39
{"id": 58, "ts": 1778087911.6157131, "event": "memory_updated", "agent": "agent_1", "round": 5}
2026-05-06 19:18:32,547 - INFO - Tokens - Input: 2420, Output: 144, Total: 2564
{"id": 59, "ts": 1778087912.5486224, "event": "public_discussion_message", "round": 5, "agent": "agent_2", "message": "Candidate A \u2013 excellent spatial vision\nMETADATA_JSON:\n{\"agent\": \"agent_2\", \"vote\": \"Candidate A\"}"}
2026-05-06 19:18:32,548 - INFO - Agent turns: 14
2026-05-06 19:18:38,782 - INFO - Tokens - Input: 1858, Output: 736, Total: 2594
2026-05-06 19:18:38,784 - INFO - Memory updates: 40
{"id": 60, "ts": 1778087918.7842069, "event": "memory_updated", "agent": "agent_1", "round": 5}
2026-05-06 19:18:39,109 - INFO - Tokens - Input: 1924, Output: 862, Total: 2786
2026-05-06 19:18:39,110 - INFO - Memory updates: 41
{"id": 61, "ts": 1778087919.1109607, "event": "memory_updated", "agent": "agent_2", "round": 5}
2026-05-06 19:18:41,111 - INFO - Tokens - Input: 1974, Output: 1046, Total: 3020
2026-05-06 19:18:41,113 - INFO - Memory updates: 42
{"id": 62, "ts": 1778087921.1134744, "event": "memory_updated", "agent": "agent_3", "round": 5}
2026-05-06 19:18:42,081 - INFO - Tokens - Input: 2306, Output: 135, Total: 2441
{"id": 63, "ts": 1778087922.0824387, "event": "public_discussion_message", "round": 5, "agent": "agent_1", "message": "Candidate A \u2013 can be unorganized.\nMETADATA_JSON:\n{\"agent\": \"agent_1\", \"vote\": \"Candidate A\"}"}
2026-05-06 19:18:42,082 - INFO - Agent turns: 15
2026-05-06 19:18:47,232 - INFO - Tokens - Input: 2011, Output: 870, Total: 2881
2026-05-06 19:18:47,234 - INFO - Memory updates: 43
{"id": 64, "ts": 1778087927.2345138, "event": "memory_updated", "agent": "agent_3", "round": 5}
2026-05-06 19:18:47,289 - INFO - Tokens - Input: 1812, Output: 695, Total: 2507
2026-05-06 19:18:47,291 - INFO - Memory updates: 44
{"id": 65, "ts": 1778087927.2915819, "event": "memory_updated", "agent": "agent_1", "round": 5}
2026-05-06 19:18:48,737 - INFO - Tokens - Input: 1978, Output: 821, Total: 2799
2026-05-06 19:18:48,739 - INFO - Memory updates: 45
{"id": 66, "ts": 1778087928.739256, "event": "memory_updated", "agent": "agent_2", "round": 5}
2026-05-06 19:18:48,748 - INFO - Loop 5 completed
2026-05-06 19:18:48,748 - INFO - Final Chosen Candidate: Candidate A
2026-05-06 19:18:48,748 - INFO - Final Decision Method: max_round_majority_vote
2026-05-06 19:18:48,748 - INFO - Final Vote Count: {'Candidate A': 2, 'Candidate B': 1}
2026-05-06 19:18:48,748 - INFO - Correct Candidate: Candidate C
2026-05-06 19:18:48,748 - INFO - Decision Correct: 0
{"id": 67, "ts": 1778087929.036958, "event": "context_consistency_calculated", "method": "embedding_cosine", "mean_pairwise_similarity": 0.887644, "pairwise": [{"agent_a": "agent_1", "agent_b": "agent_2", "similarity": 0.87979}, {"agent_a": "agent_1", "agent_b": "agent_3", "similarity": 0.886557}, {"agent_a": "agent_2", "agent_b": "agent_3", "similarity": 0.896586}]}
{"id": 68, "ts": 1778087929.037131, "event": "agent_memories_archived", "directory": "/home/lhegemann/git/bachelor_thesis/01_data/raw/simulations/low/low_20260506_181837_020/shared_mental_models", "round": 5}
{"id": 69, "ts": 1778087929.03722, "event": "final_decision", "candidate": "Candidate A", "method": "max_round_majority_vote", "vote_count": {"Candidate A": 2, "Candidate B": 1}, "correct_candidate": "Candidate C", "decision_correct": 0, "round": 5}
2026-05-06 19:18:49,047 - INFO - ======================================================================
2026-05-06 19:18:49,047 - INFO - SIMULATION METRICS
2026-05-06 19:18:49,047 - INFO - ======================================================================
2026-05-06 19:18:49,047 - INFO - Total Loops: 5
2026-05-06 19:18:49,047 - INFO - Agent Turns (no vote checker): 15
2026-05-06 19:18:49,047 - INFO - Agent Tool Calls: 0
2026-05-06 19:18:49,047 - INFO - Agent Tool Messages: 0
2026-05-06 19:18:49,047 - INFO - Memory Updates: 45
2026-05-06 19:18:49,047 - INFO - Total Messages (no vote checker): 15
2026-05-06 19:18:49,047 - INFO - Input Tokens: 111684
2026-05-06 19:18:49,047 - INFO - Output Tokens: 47382
2026-05-06 19:18:49,048 - INFO - Total Tokens: 159066
2026-05-06 19:18:49,048 - INFO - Final Chosen Candidate: Candidate A
2026-05-06 19:18:49,048 - INFO - Final Decision Method: max_round_majority_vote
2026-05-06 19:18:49,048 - INFO - Final Vote Count: {'Candidate A': 2, 'Candidate B': 1}
2026-05-06 19:18:49,048 - INFO - Correct Candidate: Candidate C
2026-05-06 19:18:49,048 - INFO - Decision Correct: 0
2026-05-06 19:18:49,048 - INFO - Runtime: 155.30s
2026-05-06 19:18:49,048 - INFO - ======================================================================
