2026-05-07 18:13:36,856 - INFO - Metrics tracker initialized
{"id": 1, "ts": 1778170416.883879, "event": "memory_reset"}
{"id": 2, "ts": 1778170416.8869462, "event": "discussion_order", "round": 1, "order": ["agent_1", "agent_3", "agent_2"]}
2026-05-07 18:13:44,619 - INFO - Tokens - Input: 1713, Output: 745, Total: 2458
{"id": 3, "ts": 1778170424.6213648, "event": "public_discussion_message", "round": 1, "agent": "agent_1", "message": "I\u2019m leaning toward **Candidate\u202fC**. He is noted as 100\u202f% reliable and creates a positive atmosphere with his crew, which are crucial for safety and teamwork on long\u2011distance flights. These strengths support both reliability and cooperation, key for sustained operations. The main uncertainty is his difficulty communicating ideas and egocentric reputation, which could hinder effective cockpit coordination.\nMETADATA_JSON:\n{\"agent\": \"agent_1\", \"vote\": \"Candidate C\"}"}
2026-05-07 18:13:44,621 - INFO - Agent turns: 1
2026-05-07 18:13:54,490 - INFO - Tokens - Input: 1316, Output: 1302, Total: 2618
2026-05-07 18:13:54,493 - INFO - Memory updates: 1
{"id": 4, "ts": 1778170434.4932427, "event": "memory_updated", "agent": "agent_3", "round": 1}
2026-05-07 18:13:54,984 - INFO - Tokens - Input: 1324, Output: 1374, Total: 2698
2026-05-07 18:13:54,986 - INFO - Memory updates: 2
{"id": 5, "ts": 1778170434.9869435, "event": "memory_updated", "agent": "agent_2", "round": 1}
2026-05-07 18:13:56,010 - INFO - Tokens - Input: 1321, Output: 1443, Total: 2764
2026-05-07 18:13:56,012 - INFO - Memory updates: 3
{"id": 6, "ts": 1778170436.0127802, "event": "memory_updated", "agent": "agent_1", "round": 1}
2026-05-07 18:14:03,148 - INFO - Tokens - Input: 2158, Output: 880, Total: 3038
{"id": 7, "ts": 1778170443.150232, "event": "public_discussion_message", "round": 1, "agent": "agent_3", "message": "I\u2019m leaning toward **Candidate\u202fB**. He handles stress well and is good at assessing weather, which are crucial for safe, long\u2011distance operations, and his very conscientious nature supports reliability. The main trade\u2011off is his pretentious attitude and occasional wrong tone, which could hinder crew cooperation.\nMETADATA_JSON:\n{\"agent\": \"agent_3\", \"vote\": \"Candidate B\"}"}
2026-05-07 18:14:03,150 - INFO - Agent turns: 2
2026-05-07 18:14:09,957 - INFO - Tokens - Input: 1912, Output: 966, Total: 2878
2026-05-07 18:14:09,959 - INFO - Memory updates: 4
{"id": 8, "ts": 1778170449.9592793, "event": "memory_updated", "agent": "agent_1", "round": 1}
2026-05-07 18:14:13,398 - INFO - Tokens - Input: 1743, Output: 1412, Total: 3155
2026-05-07 18:14:13,400 - INFO - Memory updates: 5
{"id": 9, "ts": 1778170453.400648, "event": "memory_updated", "agent": "agent_3", "round": 1}
2026-05-07 18:14:16,222 - INFO - Tokens - Input: 1780, Output: 1550, Total: 3330
2026-05-07 18:14:16,223 - INFO - Memory updates: 6
{"id": 10, "ts": 1778170456.2241335, "event": "memory_updated", "agent": "agent_2", "round": 1}
2026-05-07 18:14:20,145 - INFO - Tokens - Input: 2407, Output: 582, Total: 2989
{"id": 11, "ts": 1778170460.1467905, "event": "public_discussion_message", "round": 1, "agent": "agent_2", "message": "I\u2019m leaning toward **Candidate\u202fC**. He is noted as 100\u202f% reliable and creates a positive crew atmosphere, which are essential for safety and teamwork on long\u2011distance flights, and he keeps calm in a crisis while understanding complicated technology, supporting both reliability and technical competence. The main uncertainty is his difficulty communicating ideas and his egocentric reputation, which could impede effective cockpit coordination.\nMETADATA_JSON:\n{\"agent\": \"agent_2\", \"vote\": \"Candidate C\"}"}
2026-05-07 18:14:20,146 - INFO - Agent turns: 3
2026-05-07 18:14:28,138 - INFO - Tokens - Input: 1671, Output: 1068, Total: 2739
2026-05-07 18:14:28,139 - INFO - Memory updates: 7
{"id": 12, "ts": 1778170468.139991, "event": "memory_updated", "agent": "agent_1", "round": 1}
2026-05-07 18:14:30,042 - INFO - Tokens - Input: 2030, Output: 1108, Total: 3138
2026-05-07 18:14:30,044 - INFO - Memory updates: 8
{"id": 13, "ts": 1778170470.0446537, "event": "memory_updated", "agent": "agent_2", "round": 1}
2026-05-07 18:14:31,855 - INFO - Tokens - Input: 2192, Output: 1641, Total: 3833
2026-05-07 18:14:31,856 - INFO - Memory updates: 9
{"id": 14, "ts": 1778170471.8570485, "event": "memory_updated", "agent": "agent_3", "round": 1}
2026-05-07 18:14:31,866 - INFO - Loop 1 completed
{"id": 15, "ts": 1778170471.8727117, "event": "discussion_order", "round": 2, "order": ["agent_3", "agent_1", "agent_2"]}
2026-05-07 18:14:38,147 - INFO - Tokens - Input: 2784, Output: 795, Total: 3579
{"id": 16, "ts": 1778170478.1484556, "event": "public_discussion_message", "round": 2, "agent": "agent_3", "message": "I\u2019m now leaning toward **Candidate\u202fC**. He is noted as 100\u202f% reliable and creates a positive crew atmosphere, which are vital for safety and teamwork on long\u2011haul flights, and he makes quick, correct decisions while staying calm in a crisis\u2014key technical and calm\u2011under\u2011pressure traits. The main uncertainty is his difficulty communicating ideas and egocentric reputation, which could impair cockpit coordination and crew cooperation.\nMETADATA_JSON:\n{\"agent\": \"agent_3\", \"vote\": \"Candidate C\"}"}
2026-05-07 18:14:38,148 - INFO - Agent turns: 4
2026-05-07 18:14:47,224 - INFO - Tokens - Input: 1966, Output: 1275, Total: 3241
2026-05-07 18:14:47,226 - INFO - Memory updates: 10
{"id": 17, "ts": 1778170487.226729, "event": "memory_updated", "agent": "agent_1", "round": 2}
2026-05-07 18:14:48,218 - INFO - Tokens - Input: 2403, Output: 1358, Total: 3761
2026-05-07 18:14:48,219 - INFO - Memory updates: 11
{"id": 18, "ts": 1778170488.220146, "event": "memory_updated", "agent": "agent_3", "round": 2}
2026-05-07 18:14:49,053 - INFO - Tokens - Input: 2208, Output: 1345, Total: 3553
2026-05-07 18:14:49,055 - INFO - Memory updates: 12
{"id": 19, "ts": 1778170489.055595, "event": "memory_updated", "agent": "agent_2", "round": 2}
2026-05-07 18:14:50,813 - INFO - Tokens - Input: 2549, Output: 232, Total: 2781
{"id": 20, "ts": 1778170490.8150938, "event": "public_discussion_message", "round": 2, "agent": "agent_1", "message": "I continue to favor **Candidate\u202fC**. He is noted as 100\u202f% reliable and creates a positive atmosphere with his crew, both critical for safety and teamwork on long\u2011haul flights. He also makes quick, correct decisions and stays calm in crises, supporting the technical competence and calm\u2011under\u2011pressure needed for extended routes.\nThe main uncertainty is his difficulty communicating ideas and his egocentric reputation, which could hinder effective cockpit coordination and crew cooperation.\nMETADATA_JSON:\n{\"agent\": \"agent_1\", \"vote\": \"Candidate C\"}"}
2026-05-07 18:14:50,815 - INFO - Agent turns: 5
2026-05-07 18:14:56,539 - INFO - Tokens - Input: 2293, Output: 927, Total: 3220
2026-05-07 18:14:56,541 - INFO - Memory updates: 13
{"id": 21, "ts": 1778170496.5414374, "event": "memory_updated", "agent": "agent_2", "round": 2}
2026-05-07 18:14:59,239 - INFO - Tokens - Input: 2089, Output: 1073, Total: 3162
2026-05-07 18:14:59,241 - INFO - Memory updates: 14
{"id": 22, "ts": 1778170499.2413695, "event": "memory_updated", "agent": "agent_3", "round": 2}
2026-05-07 18:14:59,509 - INFO - Tokens - Input: 2199, Output: 1020, Total: 3219
2026-05-07 18:14:59,510 - INFO - Memory updates: 15
{"id": 23, "ts": 1778170499.5108414, "event": "memory_updated", "agent": "agent_1", "round": 2}
2026-05-07 18:15:00,788 - INFO - Tokens - Input: 2581, Output: 148, Total: 2729
{"id": 24, "ts": 1778170500.7900639, "event": "public_discussion_message", "round": 2, "agent": "agent_2", "message": "I continue to favor **Candidate\u202fC**. He is 100\u202f% reliable, stays calm in crises, and makes quick, correct decisions\u2014key for safety and effective long\u2011distance operations. Additionally, he creates a positive crew atmosphere, supporting the cooperation essential in the cockpit. The main uncertainty is his difficulty communicating ideas and his egocentric reputation, which could affect coordination with other crew members.\nMETADATA_JSON:\n{\"agent\": \"agent_2\", \"vote\": \"Candidate C\"}"}
2026-05-07 18:15:00,790 - INFO - Agent turns: 6
2026-05-07 18:15:08,644 - INFO - Tokens - Input: 2297, Output: 1052, Total: 3349
2026-05-07 18:15:08,646 - INFO - Memory updates: 16
{"id": 25, "ts": 1778170508.6466098, "event": "memory_updated", "agent": "agent_1", "round": 2}
2026-05-07 18:15:09,469 - INFO - Tokens - Input: 2216, Output: 1076, Total: 3292
2026-05-07 18:15:09,471 - INFO - Memory updates: 17
{"id": 26, "ts": 1778170509.4715612, "event": "memory_updated", "agent": "agent_3", "round": 2}
2026-05-07 18:15:09,949 - INFO - Tokens - Input: 2206, Output: 922, Total: 3128
2026-05-07 18:15:09,951 - INFO - Memory updates: 18
{"id": 27, "ts": 1778170509.9515462, "event": "memory_updated", "agent": "agent_2", "round": 2}
2026-05-07 18:15:09,959 - INFO - Loop 2 completed
2026-05-07 18:15:09,959 - INFO - Final Chosen Candidate: Candidate C
2026-05-07 18:15:09,959 - INFO - Final Decision Method: consensus
2026-05-07 18:15:09,959 - INFO - Final Vote Count: {'Candidate C': 3}
2026-05-07 18:15:09,959 - INFO - Correct Candidate: Candidate C
2026-05-07 18:15:09,959 - INFO - Decision Correct: 1
{"id": 28, "ts": 1778170558.0239198, "event": "context_consistency_calculated", "method": "embedding_cosine", "mean_pairwise_similarity": 0.834633, "pairwise": [{"agent_a": "agent_1", "agent_b": "agent_2", "similarity": 0.771271}, {"agent_a": "agent_1", "agent_b": "agent_3", "similarity": 0.829139}, {"agent_a": "agent_2", "agent_b": "agent_3", "similarity": 0.90349}]}
{"id": 29, "ts": 1778170558.0241055, "event": "agent_memories_archived", "directory": "/home/lhegemann/git/bachelor_thesis/01_data/raw/simulations/moderate/moderate_treatment_20260507_140016_016/shared_mental_models", "round": 2}
{"id": 30, "ts": 1778170558.0242035, "event": "final_decision", "candidate": "Candidate C", "method": "consensus", "vote_count": {"Candidate C": 3}, "correct_candidate": "Candidate C", "decision_correct": 1, "round": 2}
2026-05-07 18:15:58,034 - INFO - ======================================================================
2026-05-07 18:15:58,035 - INFO - SIMULATION METRICS
2026-05-07 18:15:58,035 - INFO - ======================================================================
2026-05-07 18:15:58,035 - INFO - Total Loops: 2
2026-05-07 18:15:58,035 - INFO - Agent Turns (no vote checker): 6
2026-05-07 18:15:58,035 - INFO - Agent Tool Calls: 0
2026-05-07 18:15:58,035 - INFO - Agent Tool Messages: 0
2026-05-07 18:15:58,035 - INFO - Memory Updates: 18
2026-05-07 18:15:58,035 - INFO - Total Messages (no vote checker): 6
2026-05-07 18:15:58,035 - INFO - Input Tokens: 49358
2026-05-07 18:15:58,035 - INFO - Output Tokens: 25294
2026-05-07 18:15:58,035 - INFO - Total Tokens: 74652
2026-05-07 18:15:58,036 - INFO - Final Chosen Candidate: Candidate C
2026-05-07 18:15:58,036 - INFO - Final Decision Method: consensus
2026-05-07 18:15:58,036 - INFO - Final Vote Count: {'Candidate C': 3}
2026-05-07 18:15:58,036 - INFO - Correct Candidate: Candidate C
2026-05-07 18:15:58,036 - INFO - Decision Correct: 1
2026-05-07 18:15:58,036 - INFO - Runtime: 141.18s
2026-05-07 18:15:58,036 - INFO - ======================================================================
