2026-05-07 18:44:42,066 - INFO - Metrics tracker initialized
{"id": 1, "ts": 1778172282.0942283, "event": "memory_reset"}
{"id": 2, "ts": 1778172282.0992613, "event": "discussion_order", "round": 1, "order": ["agent_2", "agent_3", "agent_1"]}
2026-05-07 18:44:51,228 - INFO - Tokens - Input: 1716, Output: 977, Total: 2693
{"id": 3, "ts": 1778172291.229619, "event": "public_discussion_message", "round": 1, "agent": "agent_2", "message": "I currently favor Candidate A because they can anticipate dangerous situations and have excellent spatial vision, which are critical for long\u2011distance navigation and safety, and they also possess very good leadership qualities that support crew coordination. The main trade\u2011off is that they are regarded as a show\u2011off and not open to new ideas, which could hinder crew harmony and adaptability.\nMETADATA_JSON:\n{\"agent\": \"agent_2\", \"vote\": \"Candidate A\"}"}
2026-05-07 18:44:51,229 - INFO - Agent turns: 1
2026-05-07 18:45:00,555 - INFO - Tokens - Input: 1316, Output: 1214, Total: 2530
2026-05-07 18:45:00,558 - INFO - Memory updates: 1
{"id": 4, "ts": 1778172300.5581968, "event": "memory_updated", "agent": "agent_2", "round": 1}
2026-05-07 18:45:02,578 - INFO - Tokens - Input: 1308, Output: 1587, Total: 2895
2026-05-07 18:45:02,580 - INFO - Memory updates: 2
{"id": 5, "ts": 1778172302.5801995, "event": "memory_updated", "agent": "agent_3", "round": 1}
2026-05-07 18:45:04,763 - INFO - Tokens - Input: 1313, Output: 1780, Total: 3093
2026-05-07 18:45:04,765 - INFO - Memory updates: 3
{"id": 6, "ts": 1778172304.7656693, "event": "memory_updated", "agent": "agent_1", "round": 1}
2026-05-07 18:45:08,205 - INFO - Tokens - Input: 2406, Output: 478, Total: 2884
{"id": 7, "ts": 1778172308.2070293, "event": "public_discussion_message", "round": 1, "agent": "agent_3", "message": "I currently favor **Candidate\u202fB** because they are very conscientious (reliability) and handle stress well (calmness under pressure), and they also have strong technical abilities in weather assessment and computer skills, which are crucial for long\u2011haul flight planning and navigation. The main trade\u2011off is their tendency to be pretentious and sometimes use the wrong tone when communicating, which could undermine crew cooperation on extended flights.\nMETADATA_JSON:\n{\"agent\": \"agent_3\", \"vote\": \"Candidate B\"}"}
2026-05-07 18:45:08,207 - INFO - Agent turns: 2
2026-05-07 18:45:16,017 - INFO - Tokens - Input: 2009, Output: 1178, Total: 3187
2026-05-07 18:45:16,022 - INFO - Memory updates: 4
{"id": 8, "ts": 1778172316.0229914, "event": "memory_updated", "agent": "agent_2", "round": 1}
2026-05-07 18:45:18,276 - INFO - Tokens - Input: 2062, Output: 1381, Total: 3443
2026-05-07 18:45:18,278 - INFO - Memory updates: 5
{"id": 9, "ts": 1778172318.2789345, "event": "memory_updated", "agent": "agent_1", "round": 1}
2026-05-07 18:45:19,360 - INFO - Tokens - Input: 2039, Output: 1572, Total: 3611
2026-05-07 18:45:19,362 - INFO - Memory updates: 6
{"id": 10, "ts": 1778172319.3627765, "event": "memory_updated", "agent": "agent_3", "round": 1}
2026-05-07 18:45:24,990 - INFO - Tokens - Input: 2661, Output: 713, Total: 3374
{"id": 11, "ts": 1778172324.9917104, "event": "public_discussion_message", "round": 1, "agent": "agent_1", "message": "I currently favor **Candidate C** because they are described as 100\u202f% reliable and can make correct decisions quickly\u2014both essential for safe, long\u2011distance operations. Additionally, they create a positive atmosphere with the crew, supporting cooperation and morale. The main trade\u2011off is their difficulty communicating ideas and egocentric attitude, which could hinder effective crew coordination and decision\u2011making.\nMETADATA_JSON:\n{\"agent\": \"agent_1\", \"vote\": \"Candidate C\"}"}
2026-05-07 18:45:24,991 - INFO - Agent turns: 3
2026-05-07 18:45:33,271 - INFO - Tokens - Input: 2008, Output: 963, Total: 2971
2026-05-07 18:45:33,273 - INFO - Memory updates: 7
{"id": 12, "ts": 1778172333.273636, "event": "memory_updated", "agent": "agent_2", "round": 1}
2026-05-07 18:45:35,666 - INFO - Tokens - Input: 2278, Output: 1497, Total: 3775
2026-05-07 18:45:35,668 - INFO - Memory updates: 8
{"id": 13, "ts": 1778172335.6689594, "event": "memory_updated", "agent": "agent_1", "round": 1}
2026-05-07 18:45:37,428 - INFO - Tokens - Input: 2271, Output: 1492, Total: 3763
2026-05-07 18:45:37,430 - INFO - Memory updates: 9
{"id": 14, "ts": 1778172337.4306836, "event": "memory_updated", "agent": "agent_3", "round": 1}
2026-05-07 18:45:37,440 - INFO - Loop 1 completed
{"id": 15, "ts": 1778172337.4473941, "event": "discussion_order", "round": 2, "order": ["agent_2", "agent_3", "agent_1"]}
2026-05-07 18:45:44,756 - INFO - Tokens - Input: 2426, Output: 673, Total: 3099
{"id": 16, "ts": 1778172344.7577047, "event": "public_discussion_message", "round": 2, "agent": "agent_2", "message": "I now favor **Candidate\u202fC** because they are described as 100\u202f% reliable and can make correct decisions quickly, which are vital for safe long\u2011haul operations, and they create a positive crew atmosphere that supports cooperation on extended flights. The main uncertainty is their difficulty communicating ideas and egocentric attitude, which could hinder crew coordination despite the overall reliability.\nMETADATA_JSON:\n{\"agent\": \"agent_2\", \"vote\": \"Candidate C\"}"}
2026-05-07 18:45:44,757 - INFO - Agent turns: 4
2026-05-07 18:45:52,476 - INFO - Tokens - Input: 2010, Output: 1010, Total: 3020
2026-05-07 18:45:52,478 - INFO - Memory updates: 10
{"id": 17, "ts": 1778172352.4786005, "event": "memory_updated", "agent": "agent_2", "round": 2}
2026-05-07 18:45:54,499 - INFO - Tokens - Input: 2476, Output: 1575, Total: 4051
2026-05-07 18:45:54,501 - INFO - Memory updates: 11
{"id": 18, "ts": 1778172354.5020065, "event": "memory_updated", "agent": "agent_1", "round": 2}
2026-05-07 18:45:55,684 - INFO - Tokens - Input: 2353, Output: 1492, Total: 3845
2026-05-07 18:45:55,686 - INFO - Memory updates: 12
{"id": 19, "ts": 1778172355.6868818, "event": "memory_updated", "agent": "agent_3", "round": 2}
2026-05-07 18:46:00,816 - INFO - Tokens - Input: 2628, Output: 711, Total: 3339
{"id": 20, "ts": 1778172360.8177516, "event": "public_discussion_message", "round": 2, "agent": "agent_3", "message": "I continue to favor **Candidate\u202fB**. Their strong conscientiousness and stress\u2011handling give them high reliability and calmness under pressure, while their ability to assess weather and strong computer skills support the technical demands of long\u2011haul navigation. The main trade\u2011off is their pretentious demeanor and occasional inappropriate tone, which could hinder crew cooperation if not managed.\nMETADATA_JSON:\n{\"agent\": \"agent_3\", \"vote\": \"Candidate B\"}"}
2026-05-07 18:46:00,817 - INFO - Agent turns: 5
2026-05-07 18:46:06,882 - INFO - Tokens - Input: 1966, Output: 951, Total: 2917
2026-05-07 18:46:06,884 - INFO - Memory updates: 13
{"id": 21, "ts": 1778172366.8842292, "event": "memory_updated", "agent": "agent_2", "round": 2}
2026-05-07 18:46:08,897 - INFO - Tokens - Input: 2235, Output: 1095, Total: 3330
2026-05-07 18:46:08,899 - INFO - Memory updates: 14
{"id": 22, "ts": 1778172368.899298, "event": "memory_updated", "agent": "agent_3", "round": 2}
2026-05-07 18:46:11,754 - INFO - Tokens - Input: 2647, Output: 1531, Total: 4178
2026-05-07 18:46:11,757 - INFO - Memory updates: 15
{"id": 23, "ts": 1778172371.757188, "event": "memory_updated", "agent": "agent_1", "round": 2}
2026-05-07 18:46:13,540 - INFO - Tokens - Input: 3085, Output: 218, Total: 3303
{"id": 24, "ts": 1778172373.5416381, "event": "public_discussion_message", "round": 2, "agent": "agent_1", "message": "I continue to favor **Candidate\u202fC**. Their 100\u202f% reliability and ability to make correct decisions quickly are vital for the safety and efficiency of long\u2011distance flights, and they foster a positive crew atmosphere that supports cooperation and morale. The main trade\u2011off is their difficulty communicating ideas and egocentric attitude, which could hinder effective crew coordination on extended missions.\nMETADATA_JSON:\n{\"agent\": \"agent_1\", \"vote\": \"Candidate C\"}"}
2026-05-07 18:46:13,541 - INFO - Agent turns: 6
2026-05-07 18:46:18,932 - INFO - Tokens - Input: 2698, Output: 732, Total: 3430
2026-05-07 18:46:18,934 - INFO - Memory updates: 16
{"id": 25, "ts": 1778172378.934718, "event": "memory_updated", "agent": "agent_1", "round": 2}
2026-05-07 18:46:19,051 - INFO - Tokens - Input: 2281, Output: 873, Total: 3154
2026-05-07 18:46:19,053 - INFO - Memory updates: 17
{"id": 26, "ts": 1778172379.0536065, "event": "memory_updated", "agent": "agent_3", "round": 2}
2026-05-07 18:46:20,891 - INFO - Tokens - Input: 2270, Output: 1013, Total: 3283
2026-05-07 18:46:20,893 - INFO - Memory updates: 18
{"id": 27, "ts": 1778172380.8932273, "event": "memory_updated", "agent": "agent_2", "round": 2}
2026-05-07 18:46:20,901 - INFO - Loop 2 completed
{"id": 28, "ts": 1778172380.9085364, "event": "discussion_order", "round": 3, "order": ["agent_2", "agent_3", "agent_1"]}
2026-05-07 18:46:22,524 - INFO - Tokens - Input: 2756, Output: 214, Total: 2970
{"id": 29, "ts": 1778172382.5256839, "event": "public_discussion_message", "round": 3, "agent": "agent_2", "message": "I continue to favor **Candidate\u202fC** because they are described as 100\u202f% reliable and can make correct decisions quickly, which are essential for safe long\u2011haul operations, and they keep calm in a crisis while fostering a positive crew atmosphere that supports cooperation.\nThe main trade\u2011off is their difficulty communicating ideas and egocentric attitude, which could hinder effective crew coordination on extended flights.\nMETADATA_JSON:\n{\"agent\": \"agent_2\", \"vote\": \"Candidate C\"}"}
2026-05-07 18:46:22,525 - INFO - Agent turns: 7
2026-05-07 18:46:28,893 - INFO - Tokens - Input: 2360, Output: 883, Total: 3243
2026-05-07 18:46:28,895 - INFO - Memory updates: 19
{"id": 30, "ts": 1778172388.8952973, "event": "memory_updated", "agent": "agent_2", "round": 3}
2026-05-07 18:46:29,787 - INFO - Tokens - Input: 2350, Output: 915, Total: 3265
2026-05-07 18:46:29,789 - INFO - Memory updates: 20
{"id": 31, "ts": 1778172389.789205, "event": "memory_updated", "agent": "agent_3", "round": 3}
2026-05-07 18:46:32,813 - INFO - Tokens - Input: 2087, Output: 1023, Total: 3110
2026-05-07 18:46:32,815 - INFO - Memory updates: 21
{"id": 32, "ts": 1778172392.8160176, "event": "memory_updated", "agent": "agent_1", "round": 3}
2026-05-07 18:46:36,286 - INFO - Tokens - Input: 2746, Output: 398, Total: 3144
{"id": 33, "ts": 1778172396.2877614, "event": "public_discussion_message", "round": 3, "agent": "agent_3", "message": "I continue to favor **Candidate\u202fB**. Their strong conscientiousness and ability to handle stress give them high reliability and calmness under pressure, while their skill in assessing weather and strong computer abilities address the technical demands of long\u2011distance flight planning. The main trade\u2011off is their pretentious demeanor and occasional inappropriate tone, which could undermine crew cooperation on extended missions; it remains uncertain whether this interpersonal risk outweighs the communication\u2011difficulty and egocentric issues seen in Candidate\u202fC.\nMETADATA_JSON:\n{\"agent\": \"agent_3\", \"vote\": \"Candidate B\"}"}
2026-05-07 18:46:36,287 - INFO - Agent turns: 8
2026-05-07 18:46:42,182 - INFO - Tokens - Input: 2405, Output: 823, Total: 3228
2026-05-07 18:46:42,185 - INFO - Memory updates: 22
{"id": 34, "ts": 1778172402.1851661, "event": "memory_updated", "agent": "agent_3", "round": 3}
2026-05-07 18:46:43,498 - INFO - Tokens - Input: 2280, Output: 1067, Total: 3347
2026-05-07 18:46:43,499 - INFO - Memory updates: 23
{"id": 35, "ts": 1778172403.5000389, "event": "memory_updated", "agent": "agent_1", "round": 3}
2026-05-07 18:46:45,816 - INFO - Tokens - Input: 2443, Output: 1251, Total: 3694
2026-05-07 18:46:45,818 - INFO - Memory updates: 24
{"id": 36, "ts": 1778172405.8184443, "event": "memory_updated", "agent": "agent_2", "round": 3}
2026-05-07 18:46:47,165 - INFO - Tokens - Input: 2749, Output: 147, Total: 2896
{"id": 37, "ts": 1778172407.1675856, "event": "public_discussion_message", "round": 3, "agent": "agent_1", "message": "I continue to favor **Candidate\u202fC** because they are described as 100\u202f% reliable and can make correct decisions quickly\u2014critical for safety and efficiency on long\u2011distance flights. Additionally, they create a positive crew atmosphere, supporting cooperation and morale during extended missions. The main trade\u2011off is their difficulty communicating ideas and egocentric attitude, which could hinder effective crew coordination.\nMETADATA_JSON:\n{\"agent\": \"agent_1\", \"vote\": \"Candidate C\"}"}
2026-05-07 18:46:47,167 - INFO - Agent turns: 9
2026-05-07 18:46:52,226 - INFO - Tokens - Input: 2490, Output: 659, Total: 3149
2026-05-07 18:46:52,228 - INFO - Memory updates: 25
{"id": 38, "ts": 1778172412.2288513, "event": "memory_updated", "agent": "agent_2", "round": 3}
2026-05-07 18:46:52,276 - INFO - Tokens - Input: 2366, Output: 682, Total: 3048
2026-05-07 18:46:52,277 - INFO - Memory updates: 26
{"id": 39, "ts": 1778172412.2781277, "event": "memory_updated", "agent": "agent_1", "round": 3}
2026-05-07 18:46:54,224 - INFO - Tokens - Input: 2516, Output: 942, Total: 3458
2026-05-07 18:46:54,226 - INFO - Memory updates: 27
{"id": 40, "ts": 1778172414.2261984, "event": "memory_updated", "agent": "agent_3", "round": 3}
2026-05-07 18:46:54,235 - INFO - Loop 3 completed
{"id": 41, "ts": 1778172414.2409503, "event": "discussion_order", "round": 4, "order": ["agent_2", "agent_1", "agent_3"]}
2026-05-07 18:46:58,442 - INFO - Tokens - Input: 2707, Output: 519, Total: 3226
{"id": 42, "ts": 1778172418.443787, "event": "public_discussion_message", "round": 4, "agent": "agent_2", "message": "I continue to favor **Candidate\u202fC**. Their 100\u202f% reliability and ability to make correct decisions quickly are essential for safe long\u2011distance operations, and they stay calm in a crisis while fostering a positive crew atmosphere, which supports cooperation on extended flights. The main trade\u2011off is their difficulty communicating ideas and egocentric attitude, combined with a reluctance to pursue further education, leaving uncertainty about how well they will integrate with crew input and adapt to evolving procedures.\nMETADATA_JSON:\n{\"agent\": \"agent_2\", \"vote\": \"Candidate C\"}"}
2026-05-07 18:46:58,443 - INFO - Agent turns: 10
2026-05-07 18:47:04,117 - INFO - Tokens - Input: 2344, Output: 789, Total: 3133
2026-05-07 18:47:04,119 - INFO - Memory updates: 28
{"id": 43, "ts": 1778172424.1194804, "event": "memory_updated", "agent": "agent_2", "round": 4}
2026-05-07 18:47:06,661 - INFO - Tokens - Input: 2423, Output: 1010, Total: 3433
2026-05-07 18:47:06,663 - INFO - Memory updates: 29
{"id": 44, "ts": 1778172426.663962, "event": "memory_updated", "agent": "agent_1", "round": 4}
2026-05-07 18:47:08,575 - INFO - Tokens - Input: 2709, Output: 1339, Total: 4048
2026-05-07 18:47:08,577 - INFO - Memory updates: 30
{"id": 45, "ts": 1778172428.5771742, "event": "memory_updated", "agent": "agent_3", "round": 4}
2026-05-07 18:47:10,414 - INFO - Tokens - Input: 2923, Output: 222, Total: 3145
{"id": 46, "ts": 1778172430.4156463, "event": "public_discussion_message", "round": 4, "agent": "agent_1", "message": "I continue to favor **Candidate\u202fC** because they are described as 100\u202f% reliable and can make correct decisions quickly\u2014both essential for safe, efficient long\u2011distance operations\u2014and they create a positive atmosphere with the crew, supporting cooperation and morale on extended flights. The main trade\u2011off is their difficulty communicating ideas and egocentric attitude (plus a reluctance to pursue further education), which could hinder crew coordination and adaptability.\nMETADATA_JSON:\n{\"agent\": \"agent_1\", \"vote\": \"Candidate C\"}"}
2026-05-07 18:47:10,415 - INFO - Agent turns: 11
2026-05-07 18:47:16,397 - INFO - Tokens - Input: 2740, Output: 802, Total: 3542
2026-05-07 18:47:16,399 - INFO - Memory updates: 31
{"id": 47, "ts": 1778172436.399738, "event": "memory_updated", "agent": "agent_2", "round": 4}
2026-05-07 18:47:16,878 - INFO - Tokens - Input: 2560, Output: 895, Total: 3455
2026-05-07 18:47:16,880 - INFO - Memory updates: 32
{"id": 48, "ts": 1778172436.8810046, "event": "memory_updated", "agent": "agent_1", "round": 4}
2026-05-07 18:47:18,670 - INFO - Tokens - Input: 2866, Output: 1107, Total: 3973
2026-05-07 18:47:18,672 - INFO - Memory updates: 33
{"id": 49, "ts": 1778172438.6729991, "event": "memory_updated", "agent": "agent_3", "round": 4}
2026-05-07 18:47:21,338 - INFO - Tokens - Input: 3352, Output: 334, Total: 3686
{"id": 50, "ts": 1778172441.3404748, "event": "public_discussion_message", "round": 4, "agent": "agent_3", "message": "I continue to favor **Candidate\u202fB** because their strong conscientiousness and ability to handle stress give them high reliability and calmness under pressure, and their expertise in weather assessment plus solid computer skills directly support the technical demands of long\u2011distance flight planning. The main trade\u2011off is their pretentious demeanor and occasional inappropriate tone, which could erode crew trust and cooperation on extended missions; it remains uncertain whether this interpersonal risk is less damaging than the broader communication and attitude issues seen in Candidate\u202fC.\nMETADATA_JSON:\n{\"agent\": \"agent_3\", \"vote\": \"Candidate B\"}"}
2026-05-07 18:47:21,340 - INFO - Agent turns: 12
2026-05-07 18:47:30,438 - INFO - Tokens - Input: 3017, Output: 1192, Total: 4209
2026-05-07 18:47:30,440 - INFO - Memory updates: 34
{"id": 51, "ts": 1778172450.4406164, "event": "memory_updated", "agent": "agent_3", "round": 4}
2026-05-07 18:47:30,999 - INFO - Tokens - Input: 2799, Output: 1190, Total: 3989
2026-05-07 18:47:31,001 - INFO - Memory updates: 35
{"id": 52, "ts": 1778172451.0014994, "event": "memory_updated", "agent": "agent_1", "round": 4}
2026-05-07 18:47:34,633 - INFO - Tokens - Input: 2604, Output: 1663, Total: 4267
2026-05-07 18:47:34,635 - INFO - Memory updates: 36
{"id": 53, "ts": 1778172454.635811, "event": "memory_updated", "agent": "agent_2", "round": 4}
2026-05-07 18:47:34,646 - INFO - Loop 4 completed
{"id": 54, "ts": 1778172454.6524942, "event": "discussion_order", "round": 5, "order": ["agent_2", "agent_3", "agent_1"]}
2026-05-07 18:47:38,887 - INFO - Tokens - Input: 3384, Output: 219, Total: 3603
{"id": 55, "ts": 1778172458.8893378, "event": "public_discussion_message", "round": 5, "agent": "agent_2", "message": "I continue to favor **Candidate\u202fC** because they are described as 100\u202f% reliable and can make correct decisions quickly\u2014critical for safety on long\u2011haul flights\u2014and they stay calm in a crisis while fostering a positive crew atmosphere, which supports cooperation on extended missions. The main trade\u2011off is their difficulty communicating ideas, egocentric attitude, and reluctance to pursue further education, leaving uncertainty about how well they will integrate with crew input and adapt to evolving procedures.\nMETADATA_JSON:\n{\"agent\": \"agent_2\", \"vote\": \"Candidate C\"}"}
2026-05-07 18:47:38,889 - INFO - Agent turns: 13
2026-05-07 18:47:45,479 - INFO - Tokens - Input: 2970, Output: 755, Total: 3725
2026-05-07 18:47:45,481 - INFO - Memory updates: 37
{"id": 56, "ts": 1778172465.4820924, "event": "memory_updated", "agent": "agent_1", "round": 5}
2026-05-07 18:47:46,537 - INFO - Tokens - Input: 3021, Output: 750, Total: 3771
2026-05-07 18:47:46,540 - INFO - Memory updates: 38
{"id": 57, "ts": 1778172466.5401905, "event": "memory_updated", "agent": "agent_2", "round": 5}
2026-05-07 18:47:47,659 - INFO - Tokens - Input: 3199, Output: 1192, Total: 4391
2026-05-07 18:47:47,661 - INFO - Memory updates: 39
{"id": 58, "ts": 1778172467.6617966, "event": "memory_updated", "agent": "agent_3", "round": 5}
2026-05-07 18:47:49,419 - INFO - Tokens - Input: 3698, Output: 155, Total: 3853
{"id": 59, "ts": 1778172469.42153, "event": "public_discussion_message", "round": 5, "agent": "agent_3", "message": "I continue to favor **Candidate\u202fB** because their strong conscientiousness supports reliability and their ability to handle stress ensures calmness under pressure\u2014both essential for long\u2011distance flights. Additionally, their skill in assessing weather and solid computer abilities directly address the technical demands of long\u2011haul navigation and flight planning. The main trade\u2011off is their pretentious demeanor and occasional inappropriate tone, which could undermine crew cooperation if not managed.\nMETADATA_JSON:\n{\"agent\": \"agent_3\", \"vote\": \"Candidate B\"}"}
2026-05-07 18:47:49,421 - INFO - Agent turns: 14
2026-05-07 18:47:56,614 - INFO - Tokens - Input: 3053, Output: 847, Total: 3900
2026-05-07 18:47:56,616 - INFO - Memory updates: 40
{"id": 60, "ts": 1778172476.6166892, "event": "memory_updated", "agent": "agent_1", "round": 5}
2026-05-07 18:47:58,513 - INFO - Tokens - Input: 3331, Output: 1174, Total: 4505
2026-05-07 18:47:58,515 - INFO - Memory updates: 41
{"id": 61, "ts": 1778172478.5160937, "event": "memory_updated", "agent": "agent_3", "round": 5}
2026-05-07 18:48:00,233 - INFO - Tokens - Input: 2958, Output: 1247, Total: 4205
2026-05-07 18:48:00,235 - INFO - Memory updates: 42
{"id": 62, "ts": 1778172480.2356584, "event": "memory_updated", "agent": "agent_2", "round": 5}
2026-05-07 18:48:05,075 - INFO - Tokens - Input: 3529, Output: 574, Total: 4103
{"id": 63, "ts": 1778172485.077133, "event": "public_discussion_message", "round": 5, "agent": "agent_1", "message": "I now favor **Candidate\u202fB** because they combine strong technical competence (good weather\u2011assessment ability and excellent computer skills) with proven stress\u2011handling, which together support reliable, calm performance on long\u2011distance flights. The main trade\u2011off is their pretentious and occasionally uncooperative demeanor, which could undermine crew trust and cooperation.\nMETADATA_JSON:\n{\"agent\": \"agent_1\", \"vote\": \"Candidate B\"}"}
2026-05-07 18:48:05,077 - INFO - Agent turns: 15
2026-05-07 18:48:11,729 - INFO - Tokens - Input: 3208, Output: 860, Total: 4068
2026-05-07 18:48:11,731 - INFO - Memory updates: 43
{"id": 64, "ts": 1778172491.7318277, "event": "memory_updated", "agent": "agent_2", "round": 5}
2026-05-07 18:48:13,051 - INFO - Tokens - Input: 3128, Output: 1081, Total: 4209
2026-05-07 18:48:13,053 - INFO - Memory updates: 44
{"id": 65, "ts": 1778172493.053217, "event": "memory_updated", "agent": "agent_1", "round": 5}
2026-05-07 18:48:26,096 - INFO - Tokens - Input: 3342, Output: 1294, Total: 4636
2026-05-07 18:48:26,097 - INFO - Memory updates: 45
{"id": 66, "ts": 1778172506.0981262, "event": "memory_updated", "agent": "agent_3", "round": 5}
2026-05-07 18:48:26,108 - INFO - Loop 5 completed
2026-05-07 18:48:26,108 - INFO - Final Chosen Candidate: Candidate B
2026-05-07 18:48:26,108 - INFO - Final Decision Method: max_round_majority_vote
2026-05-07 18:48:26,108 - INFO - Final Vote Count: {'Candidate B': 2, 'Candidate C': 1}
2026-05-07 18:48:26,108 - INFO - Correct Candidate: Candidate C
2026-05-07 18:48:26,109 - INFO - Decision Correct: 0
{"id": 67, "ts": 1778172557.974756, "event": "context_consistency_calculated", "method": "embedding_cosine", "mean_pairwise_similarity": 0.854371, "pairwise": [{"agent_a": "agent_1", "agent_b": "agent_2", "similarity": 0.916305}, {"agent_a": "agent_1", "agent_b": "agent_3", "similarity": 0.831762}, {"agent_a": "agent_2", "agent_b": "agent_3", "similarity": 0.815047}]}
{"id": 68, "ts": 1778172557.9749548, "event": "agent_memories_archived", "directory": "/home/lhegemann/git/bachelor_thesis/01_data/raw/simulations/moderate/moderate_treatment_20260507_140016_025/shared_mental_models", "round": 5}
{"id": 69, "ts": 1778172557.9750557, "event": "final_decision", "candidate": "Candidate B", "method": "max_round_majority_vote", "vote_count": {"Candidate B": 2, "Candidate C": 1}, "correct_candidate": "Candidate C", "decision_correct": 0, "round": 5}
2026-05-07 18:49:17,986 - INFO - ======================================================================
2026-05-07 18:49:17,986 - INFO - SIMULATION METRICS
2026-05-07 18:49:17,986 - INFO - ======================================================================
2026-05-07 18:49:17,986 - INFO - Total Loops: 5
2026-05-07 18:49:17,986 - INFO - Agent Turns (no vote checker): 15
2026-05-07 18:49:17,987 - INFO - Agent Tool Calls: 0
2026-05-07 18:49:17,987 - INFO - Agent Tool Messages: 0
2026-05-07 18:49:17,987 - INFO - Memory Updates: 45
2026-05-07 18:49:17,987 - INFO - Total Messages (no vote checker): 15
2026-05-07 18:49:17,987 - INFO - Input Tokens: 153875
2026-05-07 18:49:17,987 - INFO - Output Tokens: 56920
2026-05-07 18:49:17,987 - INFO - Total Tokens: 210795
2026-05-07 18:49:17,987 - INFO - Final Chosen Candidate: Candidate B
2026-05-07 18:49:17,987 - INFO - Final Decision Method: max_round_majority_vote
2026-05-07 18:49:17,987 - INFO - Final Vote Count: {'Candidate B': 2, 'Candidate C': 1}
2026-05-07 18:49:17,987 - INFO - Correct Candidate: Candidate C
2026-05-07 18:49:17,987 - INFO - Decision Correct: 0
2026-05-07 18:49:17,987 - INFO - Runtime: 275.92s
2026-05-07 18:49:17,988 - INFO - ======================================================================
