2026-05-07 21:47:13,426 - INFO - Metrics tracker initialized
{"id": 1, "ts": 1778183233.4517603, "event": "memory_reset"}
{"id": 2, "ts": 1778183233.4547696, "event": "discussion_order", "round": 1, "order": ["agent_1", "agent_2", "agent_3"]}
2026-05-07 21:47:18,629 - INFO - Tokens - Input: 1392, Output: 429, Total: 1821
{"id": 3, "ts": 1778183238.6307023, "event": "public_discussion_message", "round": 1, "agent": "agent_1", "message": "I prefer Candidate A; can anticipate dangerous situations.\nMETADATA_JSON:\n{\"agent\": \"agent_1\", \"vote\": \"Candidate A\"}"}
2026-05-07 21:47:18,630 - INFO - Agent turns: 1
2026-05-07 21:47:26,679 - INFO - Tokens - Input: 1452, Output: 708, Total: 2160
{"id": 4, "ts": 1778183246.6811273, "event": "public_discussion_message", "round": 1, "agent": "agent_2", "message": "I prefer Candidate A; excellent spatial vision.\nMETADATA_JSON:\n{\"agent\": \"agent_2\", \"vote\": \"Candidate A\"}"}
2026-05-07 21:47:26,681 - INFO - Agent turns: 2
2026-05-07 21:47:30,619 - INFO - Tokens - Input: 1480, Output: 542, Total: 2022
{"id": 5, "ts": 1778183250.6206949, "event": "public_discussion_message", "round": 1, "agent": "agent_3", "message": "I prefer Candidate B; handles stress very well.\nMETADATA_JSON:\n{\"agent\": \"agent_3\", \"vote\": \"Candidate B\"}"}
2026-05-07 21:47:30,620 - INFO - Agent turns: 3
2026-05-07 21:47:30,630 - INFO - Loop 1 completed
{"id": 6, "ts": 1778183250.6361456, "event": "discussion_order", "round": 2, "order": ["agent_1", "agent_3", "agent_2"]}
2026-05-07 21:47:33,784 - INFO - Tokens - Input: 1518, Output: 395, Total: 1913
{"id": 7, "ts": 1778183253.7861202, "event": "public_discussion_message", "round": 2, "agent": "agent_1", "message": "I prefer Candidate A; can anticipate dangerous situations.\nMETADATA_JSON:\n{\"agent\": \"agent_1\", \"vote\": \"Candidate A\"}"}
2026-05-07 21:47:33,786 - INFO - Agent turns: 4
2026-05-07 21:47:38,521 - INFO - Tokens - Input: 1557, Output: 608, Total: 2165
{"id": 8, "ts": 1778183258.5232506, "event": "public_discussion_message", "round": 2, "agent": "agent_3", "message": "I prefer Candidate B; very conscientious.\nMETADATA_JSON:\n{\"agent\": \"agent_3\", \"vote\": \"Candidate B\"}"}
2026-05-07 21:47:38,523 - INFO - Agent turns: 5
2026-05-07 21:47:42,569 - INFO - Tokens - Input: 1599, Output: 546, Total: 2145
{"id": 9, "ts": 1778183262.5705216, "event": "public_discussion_message", "round": 2, "agent": "agent_2", "message": "I prefer Candidate A; regarded as a show\u2011off.\nMETADATA_JSON:\n{\"agent\": \"agent_2\", \"vote\": \"Candidate A\"}"}
2026-05-07 21:47:42,570 - INFO - Agent turns: 6
2026-05-07 21:47:42,580 - INFO - Loop 2 completed
{"id": 10, "ts": 1778183262.5866218, "event": "discussion_order", "round": 3, "order": ["agent_2", "agent_3", "agent_1"]}
2026-05-07 21:47:48,870 - INFO - Tokens - Input: 1635, Output: 794, Total: 2429
{"id": 11, "ts": 1778183268.8738325, "event": "public_discussion_message", "round": 3, "agent": "agent_2", "message": "I prefer Candidate D; takes responsibility seriously.\nMETADATA_JSON:\n{\"agent\": \"agent_2\", \"vote\": \"Candidate D\"}"}
2026-05-07 21:47:48,874 - INFO - Agent turns: 7
2026-05-07 21:47:52,761 - INFO - Tokens - Input: 1669, Output: 532, Total: 2201
{"id": 12, "ts": 1778183272.7627282, "event": "public_discussion_message", "round": 3, "agent": "agent_3", "message": "I prefer Candidate B; handles stress very well.\nMETADATA_JSON:\n{\"agent\": \"agent_3\", \"vote\": \"Candidate B\"}"}
2026-05-07 21:47:52,762 - INFO - Agent turns: 8
2026-05-07 21:48:00,244 - INFO - Tokens - Input: 1713, Output: 1013, Total: 2726
{"id": 13, "ts": 1778183280.2456064, "event": "public_discussion_message", "round": 3, "agent": "agent_1", "message": "I prefer Candidate A; can anticipate dangerous situations.\nMETADATA_JSON:\n{\"agent\": \"agent_1\", \"vote\": \"Candidate A\"}"}
2026-05-07 21:48:00,245 - INFO - Agent turns: 9
2026-05-07 21:48:00,261 - INFO - Loop 3 completed
{"id": 14, "ts": 1778183280.26826, "event": "discussion_order", "round": 4, "order": ["agent_3", "agent_2", "agent_1"]}
2026-05-07 21:48:08,901 - INFO - Tokens - Input: 1747, Output: 487, Total: 2234
{"id": 15, "ts": 1778183288.9031022, "event": "public_discussion_message", "round": 4, "agent": "agent_3", "message": "I prefer Candidate B; handles stress very well.\nMETADATA_JSON:\n{\"agent\": \"agent_3\", \"vote\": \"Candidate B\"}"}
2026-05-07 21:48:08,903 - INFO - Agent turns: 10
2026-05-07 21:48:25,440 - INFO - Tokens - Input: 1792, Output: 1003, Total: 2795
{"id": 16, "ts": 1778183305.4420333, "event": "public_discussion_message", "round": 4, "agent": "agent_2", "message": "I prefer Candidate B; handles stress very well.\nMETADATA_JSON:\n{\"agent\": \"agent_2\", \"vote\": \"Candidate B\"}"}
2026-05-07 21:48:25,442 - INFO - Agent turns: 11
2026-05-07 21:48:30,947 - INFO - Tokens - Input: 1827, Output: 823, Total: 2650
{"id": 17, "ts": 1778183310.9489865, "event": "public_discussion_message", "round": 4, "agent": "agent_1", "message": "I prefer Candidate C; known to be 100% reliable.\nMETADATA_JSON:\n{\"agent\": \"agent_1\", \"vote\": \"Candidate C\"}"}
2026-05-07 21:48:30,949 - INFO - Agent turns: 12
2026-05-07 21:48:30,958 - INFO - Loop 4 completed
{"id": 18, "ts": 1778183310.9644768, "event": "discussion_order", "round": 5, "order": ["agent_2", "agent_3", "agent_1"]}
2026-05-07 21:48:36,774 - INFO - Tokens - Input: 1865, Output: 867, Total: 2732
{"id": 19, "ts": 1778183316.776058, "event": "public_discussion_message", "round": 5, "agent": "agent_2", "message": "I prefer Candidate A; very good leadership qualities.\nMETADATA_JSON:\n{\"agent\": \"agent_2\", \"vote\": \"Candidate A\"}"}
2026-05-07 21:48:36,776 - INFO - Agent turns: 13
2026-05-07 21:48:41,605 - INFO - Tokens - Input: 1901, Output: 666, Total: 2567
{"id": 20, "ts": 1778183321.6069775, "event": "public_discussion_message", "round": 5, "agent": "agent_3", "message": "I prefer Candidate B; handles stress very well.\nMETADATA_JSON:\n{\"agent\": \"agent_3\", \"vote\": \"Candidate B\"}"}
2026-05-07 21:48:41,607 - INFO - Agent turns: 14
2026-05-07 21:48:48,565 - INFO - Tokens - Input: 1944, Output: 806, Total: 2750
{"id": 21, "ts": 1778183328.5670817, "event": "public_discussion_message", "round": 5, "agent": "agent_1", "message": "I prefer Candidate A; can anticipate dangerous situations.\nMETADATA_JSON:\n{\"agent\": \"agent_1\", \"vote\": \"Candidate A\"}"}
2026-05-07 21:48:48,567 - INFO - Agent turns: 15
2026-05-07 21:48:48,577 - INFO - Loop 5 completed
2026-05-07 21:48:48,577 - INFO - Final Chosen Candidate: Candidate A
2026-05-07 21:48:48,577 - INFO - Final Decision Method: max_round_majority_vote
2026-05-07 21:48:48,577 - INFO - Final Vote Count: {'Candidate A': 2, 'Candidate B': 1}
2026-05-07 21:48:48,577 - INFO - Correct Candidate: Candidate C
2026-05-07 21:48:48,578 - INFO - Decision Correct: 0
{"id": 22, "ts": 1778183328.5794919, "event": "context_consistency_not_applicable", "reason": "explicit_smm_memory_disabled"}
{"id": 23, "ts": 1778183328.5796506, "event": "final_decision", "candidate": "Candidate A", "method": "max_round_majority_vote", "vote_count": {"Candidate A": 2, "Candidate B": 1}, "correct_candidate": "Candidate C", "decision_correct": 0, "round": 5}
2026-05-07 21:48:48,589 - INFO - ======================================================================
2026-05-07 21:48:48,589 - INFO - SIMULATION METRICS
2026-05-07 21:48:48,589 - INFO - ======================================================================
2026-05-07 21:48:48,589 - INFO - Total Loops: 5
2026-05-07 21:48:48,589 - INFO - Agent Turns (no vote checker): 15
2026-05-07 21:48:48,589 - INFO - Agent Tool Calls: 0
2026-05-07 21:48:48,590 - INFO - Agent Tool Messages: 0
2026-05-07 21:48:48,590 - INFO - Memory Updates: 0
2026-05-07 21:48:48,590 - INFO - Total Messages (no vote checker): 15
2026-05-07 21:48:48,590 - INFO - Input Tokens: 25091
2026-05-07 21:48:48,590 - INFO - Output Tokens: 10219
2026-05-07 21:48:48,590 - INFO - Total Tokens: 35310
2026-05-07 21:48:48,590 - INFO - Final Chosen Candidate: Candidate A
2026-05-07 21:48:48,590 - INFO - Final Decision Method: max_round_majority_vote
2026-05-07 21:48:48,590 - INFO - Final Vote Count: {'Candidate A': 2, 'Candidate B': 1}
2026-05-07 21:48:48,590 - INFO - Correct Candidate: Candidate C
2026-05-07 21:48:48,590 - INFO - Decision Correct: 0
2026-05-07 21:48:48,590 - INFO - Runtime: 95.16s
2026-05-07 21:48:48,591 - INFO - ======================================================================
