2026-05-17 18:27:48,286 - INFO - Metrics tracker initialized
{"id": 1, "ts": 1779035268.316486, "event": "memory_reset"}
{"id": 2, "ts": 1779035268.3203351, "event": "discussion_order", "round": 1, "order": ["agent_2", "agent_1", "agent_3"]}
2026-05-17 18:27:54,885 - INFO - Tokens - Input: 1209, Output: 688, Total: 1897
{"id": 3, "ts": 1779035274.8865862, "event": "public_discussion_message", "round": 1, "agent": "agent_2", "message": "Candidate A \u2013 excellent spatial vision\nMETADATA_JSON:\n{\"agent\": \"agent_2\", \"vote\": \"Candidate A\"}"}
2026-05-17 18:27:54,886 - INFO - Agent turns: 1
2026-05-17 18:27:59,876 - INFO - Tokens - Input: 1235, Output: 669, Total: 1904
{"id": 4, "ts": 1779035279.8780937, "event": "public_discussion_message", "round": 1, "agent": "agent_1", "message": "Candidate C \u2013 known to be 100% reliable\nMETADATA_JSON:\n{\"agent\": \"agent_1\", \"vote\": \"Candidate C\"}"}
2026-05-17 18:27:59,878 - INFO - Agent turns: 2
2026-05-17 18:28:04,920 - INFO - Tokens - Input: 1269, Output: 665, Total: 1934
{"id": 5, "ts": 1779035284.922181, "event": "public_discussion_message", "round": 1, "agent": "agent_3", "message": "Candidate B \u2013 handles stress very well\nMETADATA_JSON:\n{\"agent\": \"agent_3\", \"vote\": \"Candidate B\"}"}
2026-05-17 18:28:04,922 - INFO - Agent turns: 3
2026-05-17 18:28:04,932 - INFO - Loop 1 completed
{"id": 6, "ts": 1779035284.938747, "event": "discussion_order", "round": 2, "order": ["agent_2", "agent_1", "agent_3"]}
2026-05-17 18:28:11,129 - INFO - Tokens - Input: 1313, Output: 788, Total: 2101
{"id": 7, "ts": 1779035291.1310835, "event": "public_discussion_message", "round": 2, "agent": "agent_2", "message": "Candidate A \u2013 excellent spatial vision\nMETADATA_JSON:\n{\"agent\": \"agent_2\", \"vote\": \"Candidate A\"}"}
2026-05-17 18:28:11,131 - INFO - Agent turns: 4
2026-05-17 18:28:17,035 - INFO - Tokens - Input: 1345, Output: 749, Total: 2094
{"id": 8, "ts": 1779035297.0374062, "event": "public_discussion_message", "round": 2, "agent": "agent_1", "message": "Candidate C \u2013 known to be 100% reliable\nMETADATA_JSON:\n{\"agent\": \"agent_1\", \"vote\": \"Candidate C\"}"}
2026-05-17 18:28:17,037 - INFO - Agent turns: 5
2026-05-17 18:28:22,877 - INFO - Tokens - Input: 1379, Output: 748, Total: 2127
{"id": 9, "ts": 1779035302.878418, "event": "public_discussion_message", "round": 2, "agent": "agent_3", "message": "Candidate B \u2013 handles stress very well\nMETADATA_JSON:\n{\"agent\": \"agent_3\", \"vote\": \"Candidate B\"}"}
2026-05-17 18:28:22,878 - INFO - Agent turns: 6
2026-05-17 18:28:22,887 - INFO - Loop 2 completed
{"id": 10, "ts": 1779035302.8931093, "event": "discussion_order", "round": 3, "order": ["agent_3", "agent_1", "agent_2"]}
2026-05-17 18:28:28,656 - INFO - Tokens - Input: 1415, Output: 753, Total: 2168
{"id": 11, "ts": 1779035308.6578794, "event": "public_discussion_message", "round": 3, "agent": "agent_3", "message": "I prefer Candidate B \u2013 handles stress very well.\nMETADATA_JSON:\n{\"agent\": \"agent_3\", \"vote\": \"Candidate B\"}"}
2026-05-17 18:28:28,658 - INFO - Agent turns: 7
2026-05-17 18:28:35,670 - INFO - Tokens - Input: 1458, Output: 915, Total: 2373
{"id": 12, "ts": 1779035315.672291, "event": "public_discussion_message", "round": 3, "agent": "agent_1", "message": "I prefer Candidate D \u2013 solves problems extremely well.\nMETADATA_JSON:\n{\"agent\": \"agent_1\", \"vote\": \"Candidate D\"}"}
2026-05-17 18:28:35,672 - INFO - Agent turns: 8
2026-05-17 18:28:40,889 - INFO - Tokens - Input: 1499, Output: 674, Total: 2173
{"id": 13, "ts": 1779035320.891058, "event": "public_discussion_message", "round": 3, "agent": "agent_2", "message": "I prefer Candidate A \u2013 excellent spatial vision.\nMETADATA_JSON:\n{\"agent\": \"agent_2\", \"vote\": \"Candidate A\"}"}
2026-05-17 18:28:40,891 - INFO - Agent turns: 9
2026-05-17 18:28:40,900 - INFO - Loop 3 completed
{"id": 14, "ts": 1779035320.9059591, "event": "discussion_order", "round": 4, "order": ["agent_1", "agent_3", "agent_2"]}
2026-05-17 18:28:45,980 - INFO - Tokens - Input: 1533, Output: 628, Total: 2161
{"id": 15, "ts": 1779035325.9819853, "event": "public_discussion_message", "round": 4, "agent": "agent_1", "message": "I prefer Candidate D \u2013 solves problems extremely well.\nMETADATA_JSON:\n{\"agent\": \"agent_1\", \"vote\": \"Candidate D\"}"}
2026-05-17 18:28:45,982 - INFO - Agent turns: 10
2026-05-17 18:28:51,076 - INFO - Tokens - Input: 1566, Output: 650, Total: 2216
{"id": 16, "ts": 1779035331.077627, "event": "public_discussion_message", "round": 4, "agent": "agent_3", "message": "I prefer Candidate B \u2013 handles stress very well.\nMETADATA_JSON:\n{\"agent\": \"agent_3\", \"vote\": \"Candidate B\"}"}
2026-05-17 18:28:51,077 - INFO - Agent turns: 11
2026-05-17 18:28:57,617 - INFO - Tokens - Input: 1612, Output: 832, Total: 2444
{"id": 17, "ts": 1779035337.6194391, "event": "public_discussion_message", "round": 4, "agent": "agent_2", "message": "I prefer Candidate B \u2013 handles stress very well.\nMETADATA_JSON:\n{\"agent\": \"agent_2\", \"vote\": \"Candidate B\"}"}
2026-05-17 18:28:57,619 - INFO - Agent turns: 12
2026-05-17 18:28:57,628 - INFO - Loop 4 completed
{"id": 18, "ts": 1779035337.6345232, "event": "discussion_order", "round": 5, "order": ["agent_2", "agent_3", "agent_1"]}
2026-05-17 18:29:03,685 - INFO - Tokens - Input: 1650, Output: 778, Total: 2428
{"id": 19, "ts": 1779035343.686926, "event": "public_discussion_message", "round": 5, "agent": "agent_2", "message": "I prefer Candidate B \u2013 handles stress very well.\nMETADATA_JSON:\n{\"agent\": \"agent_2\", \"vote\": \"Candidate B\"}"}
2026-05-17 18:29:03,687 - INFO - Agent turns: 13
2026-05-17 18:29:08,633 - INFO - Tokens - Input: 1680, Output: 626, Total: 2306
{"id": 20, "ts": 1779035348.6371977, "event": "public_discussion_message", "round": 5, "agent": "agent_3", "message": "I prefer Candidate B \u2013 handles stress very well.\nMETADATA_JSON:\n{\"agent\": \"agent_3\", \"vote\": \"Candidate B\"}"}
2026-05-17 18:29:08,637 - INFO - Agent turns: 14
2026-05-17 18:29:14,425 - INFO - Tokens - Input: 1723, Output: 738, Total: 2461
{"id": 21, "ts": 1779035354.427173, "event": "public_discussion_message", "round": 5, "agent": "agent_1", "message": "I prefer Candidate C \u2013 known to be 100% reliable.\nMETADATA_JSON:\n{\"agent\": \"agent_1\", \"vote\": \"Candidate C\"}"}
2026-05-17 18:29:14,427 - INFO - Agent turns: 15
2026-05-17 18:29:14,436 - INFO - Loop 5 completed
2026-05-17 18:29:14,437 - INFO - Final Chosen Candidate: Candidate B
2026-05-17 18:29:14,437 - INFO - Final Decision Method: max_round_majority_vote
2026-05-17 18:29:14,437 - INFO - Final Vote Count: {'Candidate C': 1, 'Candidate B': 2}
2026-05-17 18:29:14,437 - INFO - Correct Candidate: Candidate C
2026-05-17 18:29:14,437 - INFO - Decision Correct: 0
{"id": 22, "ts": 1779035354.4389293, "event": "context_consistency_not_applicable", "reason": "explicit_smm_memory_disabled"}
{"id": 23, "ts": 1779035354.4390817, "event": "final_decision", "candidate": "Candidate B", "method": "max_round_majority_vote", "vote_count": {"Candidate C": 1, "Candidate B": 2}, "correct_candidate": "Candidate C", "decision_correct": 0, "round": 5}
2026-05-17 18:29:14,447 - INFO - ======================================================================
2026-05-17 18:29:14,448 - INFO - SIMULATION METRICS
2026-05-17 18:29:14,448 - INFO - ======================================================================
2026-05-17 18:29:14,448 - INFO - Total Loops: 5
2026-05-17 18:29:14,448 - INFO - Agent Turns (no vote checker): 15
2026-05-17 18:29:14,448 - INFO - Agent Tool Calls: 0
2026-05-17 18:29:14,448 - INFO - Agent Tool Messages: 0
2026-05-17 18:29:14,448 - INFO - Memory Updates: 0
2026-05-17 18:29:14,448 - INFO - Total Messages (no vote checker): 15
2026-05-17 18:29:14,448 - INFO - Input Tokens: 21886
2026-05-17 18:29:14,448 - INFO - Output Tokens: 10901
2026-05-17 18:29:14,448 - INFO - Total Tokens: 32787
2026-05-17 18:29:14,449 - INFO - Final Chosen Candidate: Candidate B
2026-05-17 18:29:14,449 - INFO - Final Decision Method: max_round_majority_vote
2026-05-17 18:29:14,449 - INFO - Final Vote Count: {'Candidate C': 1, 'Candidate B': 2}
2026-05-17 18:29:14,449 - INFO - Correct Candidate: Candidate C
2026-05-17 18:29:14,449 - INFO - Decision Correct: 0
2026-05-17 18:29:14,449 - INFO - Runtime: 86.16s
2026-05-17 18:29:14,449 - INFO - ======================================================================
