2026-05-08 08:53:37,386 - INFO - Metrics tracker initialized
{"id": 1, "ts": 1778223217.413367, "event": "memory_reset"}
{"id": 2, "ts": 1778223217.417175, "event": "discussion_order", "round": 1, "order": ["agent_1", "agent_2", "agent_3"]}
2026-05-08 08:53:41,285 - INFO - Tokens - Input: 1686, Output: 565, Total: 2251
{"id": 3, "ts": 1778223221.2864044, "event": "public_discussion_message", "round": 1, "agent": "agent_1", "message": "Candidate C \u2013 known to be 100% reliable.\nMETADATA_JSON:\n{\"agent\": \"agent_1\", \"vote\": \"Candidate C\"}"}
2026-05-08 08:53:41,286 - INFO - Agent turns: 1
2026-05-08 08:53:47,309 - INFO - Tokens - Input: 1193, Output: 982, Total: 2175
2026-05-08 08:53:47,311 - INFO - Memory updates: 1
{"id": 4, "ts": 1778223227.3114705, "event": "memory_updated", "agent": "agent_1", "round": 1}
2026-05-08 08:53:47,895 - INFO - Tokens - Input: 1188, Output: 1263, Total: 2451
2026-05-08 08:53:47,897 - INFO - Memory updates: 2
{"id": 5, "ts": 1778223227.8977695, "event": "memory_updated", "agent": "agent_3", "round": 1}
2026-05-08 08:53:47,997 - INFO - Tokens - Input: 1196, Output: 1199, Total: 2395
2026-05-08 08:53:47,998 - INFO - Memory updates: 3
{"id": 6, "ts": 1778223227.998637, "event": "memory_updated", "agent": "agent_2", "round": 1}
2026-05-08 08:53:49,855 - INFO - Tokens - Input: 2254, Output: 342, Total: 2596
{"id": 7, "ts": 1778223229.856477, "event": "public_discussion_message", "round": 1, "agent": "agent_2", "message": "Candidate C \u2013 keeps calm in a crisis.\nMETADATA_JSON:\n{\"agent\": \"agent_2\", \"vote\": \"Candidate C\"}"}
2026-05-08 08:53:49,856 - INFO - Agent turns: 2
2026-05-08 08:53:53,978 - INFO - Tokens - Input: 1612, Output: 813, Total: 2425
2026-05-08 08:53:53,980 - INFO - Memory updates: 4
{"id": 8, "ts": 1778223233.9804947, "event": "memory_updated", "agent": "agent_1", "round": 1}
2026-05-08 08:53:54,410 - INFO - Tokens - Input: 1720, Output: 1033, Total: 2753
2026-05-08 08:53:54,412 - INFO - Memory updates: 5
{"id": 9, "ts": 1778223234.4121978, "event": "memory_updated", "agent": "agent_3", "round": 1}
2026-05-08 08:53:55,272 - INFO - Tokens - Input: 1762, Output: 1042, Total: 2804
2026-05-08 08:53:55,274 - INFO - Memory updates: 6
{"id": 10, "ts": 1778223235.2744687, "event": "memory_updated", "agent": "agent_2", "round": 1}
2026-05-08 08:53:57,252 - INFO - Tokens - Input: 2225, Output: 350, Total: 2575
{"id": 11, "ts": 1778223237.2536724, "event": "public_discussion_message", "round": 1, "agent": "agent_3", "message": "Candidate C \u2013 difficulty communicating ideas.\nMETADATA_JSON:\n{\"agent\": \"agent_3\", \"vote\": \"Candidate C\"}"}
2026-05-08 08:53:57,253 - INFO - Agent turns: 3
2026-05-08 08:54:01,523 - INFO - Tokens - Input: 1640, Output: 916, Total: 2556
2026-05-08 08:54:01,524 - INFO - Memory updates: 7
{"id": 12, "ts": 1778223241.5250087, "event": "memory_updated", "agent": "agent_1", "round": 1}
2026-05-08 08:54:04,239 - INFO - Tokens - Input: 1841, Output: 1221, Total: 3062
2026-05-08 08:54:04,241 - INFO - Memory updates: 8
{"id": 13, "ts": 1778223244.2411983, "event": "memory_updated", "agent": "agent_2", "round": 1}
2026-05-08 08:54:04,790 - INFO - Tokens - Input: 1729, Output: 1094, Total: 2823
2026-05-08 08:54:04,792 - INFO - Memory updates: 9
{"id": 14, "ts": 1778223244.792349, "event": "memory_updated", "agent": "agent_3", "round": 1}
2026-05-08 08:54:04,801 - INFO - Loop 1 completed
{"id": 15, "ts": 1778223244.8080068, "event": "discussion_order", "round": 2, "order": ["agent_2", "agent_1", "agent_3"]}
2026-05-08 08:54:05,631 - INFO - Tokens - Input: 2390, Output: 129, Total: 2519
{"id": 16, "ts": 1778223245.632468, "event": "public_discussion_message", "round": 2, "agent": "agent_2", "message": "Candidate C \u2013 difficulty communicating ideas.\nMETADATA_JSON:\n{\"agent\": \"agent_2\", \"vote\": \"Candidate C\"}"}
2026-05-08 08:54:05,632 - INFO - Agent turns: 4
2026-05-08 08:54:11,803 - INFO - Tokens - Input: 1883, Output: 1164, Total: 3047
2026-05-08 08:54:11,804 - INFO - Memory updates: 10
{"id": 17, "ts": 1778223251.8046846, "event": "memory_updated", "agent": "agent_2", "round": 2}
2026-05-08 08:54:11,994 - INFO - Tokens - Input: 1701, Output: 1014, Total: 2715
2026-05-08 08:54:11,995 - INFO - Memory updates: 11
{"id": 18, "ts": 1778223251.9959385, "event": "memory_updated", "agent": "agent_1", "round": 2}
2026-05-08 08:54:13,657 - INFO - Tokens - Input: 1816, Output: 1172, Total: 2988
2026-05-08 08:54:13,659 - INFO - Memory updates: 12
{"id": 19, "ts": 1778223253.6592484, "event": "memory_updated", "agent": "agent_3", "round": 2}
2026-05-08 08:54:14,553 - INFO - Tokens - Input: 2173, Output: 174, Total: 2347
{"id": 20, "ts": 1778223254.5546012, "event": "public_discussion_message", "round": 2, "agent": "agent_1", "message": "Candidate C \u2013 known to be 100% reliable.\nMETADATA_JSON:\n{\"agent\": \"agent_1\", \"vote\": \"Candidate C\"}"}
2026-05-08 08:54:14,554 - INFO - Agent turns: 5
2026-05-08 08:54:19,277 - INFO - Tokens - Input: 1685, Output: 752, Total: 2437
2026-05-08 08:54:19,279 - INFO - Memory updates: 13
{"id": 21, "ts": 1778223259.2794795, "event": "memory_updated", "agent": "agent_1", "round": 2}
2026-05-08 08:54:20,055 - INFO - Tokens - Input: 1826, Output: 875, Total: 2701
2026-05-08 08:54:20,057 - INFO - Memory updates: 14
{"id": 22, "ts": 1778223260.0575123, "event": "memory_updated", "agent": "agent_3", "round": 2}
2026-05-08 08:54:22,836 - INFO - Tokens - Input: 1933, Output: 1201, Total: 3134
2026-05-08 08:54:22,838 - INFO - Memory updates: 15
{"id": 23, "ts": 1778223262.838273, "event": "memory_updated", "agent": "agent_2", "round": 2}
2026-05-08 08:54:25,495 - INFO - Tokens - Input: 2264, Output: 110, Total: 2374
{"id": 24, "ts": 1778223265.496337, "event": "public_discussion_message", "round": 2, "agent": "agent_3", "message": "Candidate C \u2013 difficulty communicating ideas.\nMETADATA_JSON:\n{\"agent\": \"agent_3\", \"vote\": \"Candidate C\"}"}
2026-05-08 08:54:25,496 - INFO - Agent turns: 6
2026-05-08 08:54:30,885 - INFO - Tokens - Input: 1685, Output: 861, Total: 2546
2026-05-08 08:54:30,887 - INFO - Memory updates: 16
{"id": 25, "ts": 1778223270.887741, "event": "memory_updated", "agent": "agent_1", "round": 2}
2026-05-08 08:54:33,929 - INFO - Tokens - Input: 1768, Output: 779, Total: 2547
2026-05-08 08:54:33,930 - INFO - Memory updates: 17
{"id": 26, "ts": 1778223273.9309134, "event": "memory_updated", "agent": "agent_3", "round": 2}
2026-05-08 08:54:38,727 - INFO - Tokens - Input: 1951, Output: 1116, Total: 3067
2026-05-08 08:54:38,729 - INFO - Memory updates: 18
{"id": 27, "ts": 1778223278.7295132, "event": "memory_updated", "agent": "agent_2", "round": 2}
2026-05-08 08:54:38,738 - INFO - Loop 2 completed
2026-05-08 08:54:38,738 - INFO - Final Chosen Candidate: Candidate C
2026-05-08 08:54:38,738 - INFO - Final Decision Method: consensus
2026-05-08 08:54:38,738 - INFO - Final Vote Count: {'Candidate C': 3}
2026-05-08 08:54:38,738 - INFO - Correct Candidate: Candidate C
2026-05-08 08:54:38,738 - INFO - Decision Correct: 1
{"id": 28, "ts": 1778223279.077034, "event": "context_consistency_calculated", "method": "embedding_cosine", "mean_pairwise_similarity": 0.917026, "pairwise": [{"agent_a": "agent_1", "agent_b": "agent_2", "similarity": 0.923029}, {"agent_a": "agent_1", "agent_b": "agent_3", "similarity": 0.907228}, {"agent_a": "agent_2", "agent_b": "agent_3", "similarity": 0.920821}]}
{"id": 29, "ts": 1778223279.0771267, "event": "agent_memories_archived", "directory": "/home/lhegemann/git/bachelor_thesis/01_data/raw/simulations/low/low_treatment_20260508_080303_020/shared_mental_models", "round": 2}
{"id": 30, "ts": 1778223279.0771694, "event": "final_decision", "candidate": "Candidate C", "method": "consensus", "vote_count": {"Candidate C": 3}, "correct_candidate": "Candidate C", "decision_correct": 1, "round": 2}
2026-05-08 08:54:39,082 - INFO - ======================================================================
2026-05-08 08:54:39,082 - INFO - SIMULATION METRICS
2026-05-08 08:54:39,082 - INFO - ======================================================================
2026-05-08 08:54:39,082 - INFO - Total Loops: 2
2026-05-08 08:54:39,082 - INFO - Agent Turns (no vote checker): 6
2026-05-08 08:54:39,083 - INFO - Agent Tool Calls: 0
2026-05-08 08:54:39,083 - INFO - Agent Tool Messages: 0
2026-05-08 08:54:39,083 - INFO - Memory Updates: 18
2026-05-08 08:54:39,083 - INFO - Total Messages (no vote checker): 6
2026-05-08 08:54:39,083 - INFO - Input Tokens: 43121
2026-05-08 08:54:39,083 - INFO - Output Tokens: 20167
2026-05-08 08:54:39,083 - INFO - Total Tokens: 63288
2026-05-08 08:54:39,083 - INFO - Final Chosen Candidate: Candidate C
2026-05-08 08:54:39,083 - INFO - Final Decision Method: consensus
2026-05-08 08:54:39,083 - INFO - Final Vote Count: {'Candidate C': 3}
2026-05-08 08:54:39,083 - INFO - Correct Candidate: Candidate C
2026-05-08 08:54:39,083 - INFO - Decision Correct: 1
2026-05-08 08:54:39,083 - INFO - Runtime: 61.70s
2026-05-08 08:54:39,083 - INFO - ======================================================================
