2026-05-07 22:25:56,601 - INFO - Metrics tracker initialized
{"id": 1, "ts": 1778185556.628715, "event": "memory_reset"}
{"id": 2, "ts": 1778185556.633434, "event": "discussion_order", "round": 1, "order": ["agent_3", "agent_1", "agent_2"]}
2026-05-07 22:26:05,447 - INFO - Tokens - Input: 1414, Output: 958, Total: 2372
{"id": 3, "ts": 1778185565.4491131, "event": "public_discussion_message", "round": 1, "agent": "agent_3", "message": "I tentatively favor **Candidate D**. He takes responsibility seriously, solves problems extremely well, concentrates strongly, and responds adequately to unexpected events\u2014key for reliability, technical competence, and calmness on long\u2011distance flights. The main trade\u2011off is his being considered moody and a loner, which could hinder crew cooperation and morale.\nMETADATA_JSON:\n{\"agent\": \"agent_3\", \"vote\": \"Candidate D\"}"}
2026-05-07 22:26:05,449 - INFO - Agent turns: 1
2026-05-07 22:26:11,047 - INFO - Tokens - Input: 1594, Output: 663, Total: 2257
{"id": 4, "ts": 1778185571.049283, "event": "public_discussion_message", "round": 1, "agent": "agent_1", "message": "I currently favor **Candidate A**. He can anticipate dangerous situations and sees complex connections, giving strong technical competence and safety awareness, and he possesses very good leadership qualities, which support crew coordination and responsibility. These traits are crucial for long\u2011distance flights where proactive risk management and decisive leadership are essential.\nThe main trade\u2011off is his tendency to be poorly receptive to criticism and sometimes unorganized, which could hinder effective teamwork and operational efficiency.\nMETADATA_JSON:\n{\"agent\": \"agent_1\", \"vote\": \"Candidate A\"}"}
2026-05-07 22:26:11,049 - INFO - Agent turns: 2
2026-05-07 22:26:17,069 - INFO - Tokens - Input: 1733, Output: 762, Total: 2495
{"id": 5, "ts": 1778185577.070707, "event": "public_discussion_message", "round": 1, "agent": "agent_2", "message": "I tentatively favor **Candidate B**. His very conscientious nature supports reliability, and his ability to handle stress well contributes to calmness under the pressures of long\u2011distance flights. Additionally, his skill in assessing weather conditions and excellent computer abilities are key technical competencies for modern, long\u2011haul operations.\nThe main trade\u2011off is his relatively weak memory for numbers and his tendency to make nasty remarks about colleagues, which could undermine crew cooperation and safety culture.\nMETADATA_JSON:\n{\"agent\": \"agent_2\", \"vote\": \"Candidate B\"}"}
2026-05-07 22:26:17,070 - INFO - Agent turns: 3
2026-05-07 22:26:17,079 - INFO - Loop 1 completed
{"id": 6, "ts": 1778185577.0850236, "event": "discussion_order", "round": 2, "order": ["agent_1", "agent_3", "agent_2"]}
2026-05-07 22:26:23,662 - INFO - Tokens - Input: 1771, Output: 845, Total: 2616
{"id": 7, "ts": 1778185583.663727, "event": "public_discussion_message", "round": 2, "agent": "agent_1", "message": "I continue to favor **Candidate A**. His ability to anticipate dangerous situations, see complex connections, and his excellent spatial vision give him strong technical competence and safety awareness, while his very good leadership qualities support crew coordination and responsibility. These traits are vital for long\u2011distance flights where proactive risk management and decisive leadership are essential.\nThe main trade\u2011off is his tendency to be poorly receptive to criticism and occasionally unorganized, which could hinder teamwork and operational efficiency.\nMETADATA_JSON:\n{\"agent\": \"agent_1\", \"vote\": \"Candidate A\"}"}
2026-05-07 22:26:23,663 - INFO - Agent turns: 4
2026-05-07 22:26:29,896 - INFO - Tokens - Input: 1968, Output: 789, Total: 2757
{"id": 8, "ts": 1778185589.8980708, "event": "public_discussion_message", "round": 2, "agent": "agent_3", "message": "I now favor **Candidate B**. His conscientious nature supports reliability, and his ability to handle stress ensures calmness under the long\u2011haul pressures. Additionally, his skill in assessing weather conditions and strong computer abilities provide solid technical competence for modern, long\u2011distance operations.\nThe main trade\u2011off is his tendency to be regarded as pretentious and to sometimes adopt the wrong tone when communicating, which could hinder crew cooperation and morale.\nMETADATA_JSON:\n{\"agent\": \"agent_3\", \"vote\": \"Candidate B\"}"}
2026-05-07 22:26:29,898 - INFO - Agent turns: 5
2026-05-07 22:26:36,024 - INFO - Tokens - Input: 2085, Output: 814, Total: 2899
{"id": 9, "ts": 1778185596.0265589, "event": "public_discussion_message", "round": 2, "agent": "agent_2", "message": "I now favor **Candidate A**. His ability to anticipate dangerous situations and his excellent spatial vision give him strong technical competence for long\u2011distance flights, while his very good leadership qualities support crew coordination and responsibility. These traits are critical for safety and effective teamwork on extended routes.\nThe main trade\u2011off is that he is regarded as a show\u2011off and not open to new ideas, which could hinder crew cooperation and adaptability.\nMETADATA_JSON:\n{\"agent\": \"agent_2\", \"vote\": \"Candidate A\"}"}
2026-05-07 22:26:36,026 - INFO - Agent turns: 6
2026-05-07 22:26:36,036 - INFO - Loop 2 completed
{"id": 10, "ts": 1778185596.0425823, "event": "discussion_order", "round": 3, "order": ["agent_2", "agent_1", "agent_3"]}
2026-05-07 22:26:44,391 - INFO - Tokens - Input: 2114, Output: 1099, Total: 3213
{"id": 11, "ts": 1778185604.3932855, "event": "public_discussion_message", "round": 3, "agent": "agent_2", "message": "I continue to favor **Candidate A**. His ability to anticipate dangerous situations and his excellent spatial vision give him strong technical competence for long\u2011distance flights, while his very good leadership qualities support crew coordination and responsibility. The main trade\u2011off is that he is regarded as a show\u2011off and not open to new ideas, which could hinder cooperation and adaptability within the cockpit.\nMETADATA_JSON:\n{\"agent\": \"agent_2\", \"vote\": \"Candidate A\"}"}
2026-05-07 22:26:44,393 - INFO - Agent turns: 7
2026-05-07 22:26:52,233 - INFO - Tokens - Input: 2285, Output: 1052, Total: 3337
{"id": 12, "ts": 1778185612.2354183, "event": "public_discussion_message", "round": 3, "agent": "agent_1", "message": "I continue to favor **Candidate A**. His ability to anticipate dangerous situations, see complex connections, and his excellent spatial vision give him strong technical competence essential for navigating long\u2011distance routes safely. Additionally, his very good leadership qualities support crew coordination and responsibility, which are critical for sustained operations. The main trade\u2011off is his poor receptivity to criticism and occasional unorganized, show\u2011off attitude, which could hinder teamwork and adaptability in the cockpit.\nMETADATA_JSON:\n{\"agent\": \"agent_1\", \"vote\": \"Candidate A\"}"}
2026-05-07 22:26:52,235 - INFO - Agent turns: 8
2026-05-07 22:26:59,297 - INFO - Tokens - Input: 2415, Output: 905, Total: 3320
{"id": 13, "ts": 1778185619.3017905, "event": "public_discussion_message", "round": 3, "agent": "agent_3", "message": "I now favor **Candidate B**. His very conscientious nature supports reliability, and his ability to handle stress ensures calmness under the long\u2011haul pressures. Additionally, his skill in assessing weather conditions and strong computer abilities provide solid technical competence for modern, long\u2011distance operations. The main trade\u2011off is his tendency to be regarded as pretentious and sometimes adopt the wrong tone when communicating, which could hinder crew cooperation and morale.\nMETADATA_JSON:\n{\"agent\": \"agent_3\", \"vote\": \"Candidate B\"}"}
2026-05-07 22:26:59,301 - INFO - Agent turns: 9
2026-05-07 22:26:59,314 - INFO - Loop 3 completed
{"id": 14, "ts": 1778185619.3213139, "event": "discussion_order", "round": 4, "order": ["agent_1", "agent_2", "agent_3"]}
2026-05-07 22:27:01,140 - INFO - Tokens - Input: 2447, Output: 194, Total: 2641
{"id": 15, "ts": 1778185621.1417332, "event": "public_discussion_message", "round": 4, "agent": "agent_1", "message": "I continue to favor **Candidate A**. His ability to anticipate dangerous situations and his excellent spatial vision give him strong technical competence for long\u2011distance flights, while his very good leadership qualities support effective crew coordination and responsibility. The main trade\u2011off is his poor receptivity to criticism and occasional unorganized, show\u2011off attitude, which could hinder teamwork and adaptability in the cockpit.\nMETADATA_JSON:\n{\"agent\": \"agent_1\", \"vote\": \"Candidate A\"}"}
2026-05-07 22:27:01,141 - INFO - Agent turns: 10
2026-05-07 22:27:10,412 - INFO - Tokens - Input: 2626, Output: 1201, Total: 3827
{"id": 16, "ts": 1778185630.4143836, "event": "public_discussion_message", "round": 4, "agent": "agent_2", "message": "I continue to favor **Candidate A**. His ability to anticipate dangerous situations and his excellent spatial vision give him strong technical competence essential for navigating long\u2011distance routes safely, and his very good leadership qualities support effective crew coordination and responsibility. The main trade\u2011off is his reputation as a show\u2011off and his resistance to new ideas, which could impede teamwork and adaptability in the cockpit.\nMETADATA_JSON:\n{\"agent\": \"agent_2\", \"vote\": \"Candidate A\"}"}
2026-05-07 22:27:10,414 - INFO - Agent turns: 11
2026-05-07 22:27:16,802 - INFO - Tokens - Input: 2724, Output: 730, Total: 3454
{"id": 17, "ts": 1778185636.804376, "event": "public_discussion_message", "round": 4, "agent": "agent_3", "message": "I favor **Candidate B**. His very conscientious nature supports reliability, and his ability to handle stress ensures calmness under the long\u2011haul pressures. Additionally, his skill in assessing weather conditions and strong computer abilities provide solid technical competence for modern, long\u2011distance operations. The main trade\u2011off is his tendency to be regarded as pretentious and sometimes adopt the wrong tone when communicating, which could hinder crew cooperation and morale.\nMETADATA_JSON:\n{\"agent\": \"agent_3\", \"vote\": \"Candidate B\"}"}
2026-05-07 22:27:16,804 - INFO - Agent turns: 12
2026-05-07 22:27:16,813 - INFO - Loop 4 completed
{"id": 18, "ts": 1778185636.8195064, "event": "discussion_order", "round": 5, "order": ["agent_3", "agent_2", "agent_1"]}
2026-05-07 22:27:23,987 - INFO - Tokens - Input: 2764, Output: 879, Total: 3643
{"id": 19, "ts": 1778185643.9895468, "event": "public_discussion_message", "round": 5, "agent": "agent_3", "message": "I continue to favor **Candidate\u202fB**. His strong conscientiousness supports reliability, and his ability to handle stress ensures calmness during long\u2011haul operations. Additionally, his skill in assessing weather conditions and excellent computer abilities provide solid technical competence for modern, long\u2011distance flights.\nThe main trade\u2011off is his tendency to be regarded as pretentious and to sometimes adopt the wrong tone when communicating, which could undermine crew cooperation and morale.\nMETADATA_JSON:\n{\"agent\": \"agent_3\", \"vote\": \"Candidate B\"}"}
2026-05-07 22:27:23,989 - INFO - Agent turns: 13
2026-05-07 22:27:29,999 - INFO - Tokens - Input: 2973, Output: 773, Total: 3746
{"id": 20, "ts": 1778185650.0015168, "event": "public_discussion_message", "round": 5, "agent": "agent_2", "message": "I continue to favor **Candidate\u202fA**. His ability to anticipate dangerous situations, see complex connections, and his excellent spatial vision give him strong technical competence essential for long\u2011distance navigation, while his very good leadership qualities support crew coordination and responsibility.\nThe main trade\u2011off is his reputation as a show\u2011off and his resistance to new ideas, which could hinder cooperation and adaptability in the cockpit.\nMETADATA_JSON:\n{\"agent\": \"agent_2\", \"vote\": \"Candidate A\"}"}
2026-05-07 22:27:30,001 - INFO - Agent turns: 14
2026-05-07 22:27:40,949 - INFO - Tokens - Input: 3070, Output: 1395, Total: 4465
{"id": 21, "ts": 1778185660.9514227, "event": "public_discussion_message", "round": 5, "agent": "agent_1", "message": "I continue to favor **Candidate\u202fA**. His ability to anticipate dangerous situations, see complex connections, and his excellent spatial vision give him strong technical competence essential for long\u2011distance navigation, while his very good leadership qualities support crew coordination and responsibility.\nThe main trade\u2011off is his poor receptivity to criticism and tendency to be a show\u2011off/unorganized, which could hinder cooperation and adaptability in the cockpit.\nMETADATA_JSON:\n{\"agent\": \"agent_1\", \"vote\": \"Candidate A\"}"}
2026-05-07 22:27:40,951 - INFO - Agent turns: 15
2026-05-07 22:27:40,961 - INFO - Loop 5 completed
2026-05-07 22:27:40,962 - INFO - Final Chosen Candidate: Candidate A
2026-05-07 22:27:40,962 - INFO - Final Decision Method: max_round_majority_vote
2026-05-07 22:27:40,962 - INFO - Final Vote Count: {'Candidate A': 2, 'Candidate B': 1}
2026-05-07 22:27:40,962 - INFO - Correct Candidate: Candidate C
2026-05-07 22:27:40,962 - INFO - Decision Correct: 0
{"id": 22, "ts": 1778185660.9640198, "event": "context_consistency_not_applicable", "reason": "explicit_smm_memory_disabled"}
{"id": 23, "ts": 1778185660.9641776, "event": "final_decision", "candidate": "Candidate A", "method": "max_round_majority_vote", "vote_count": {"Candidate A": 2, "Candidate B": 1}, "correct_candidate": "Candidate C", "decision_correct": 0, "round": 5}
2026-05-07 22:27:40,973 - INFO - ======================================================================
2026-05-07 22:27:40,973 - INFO - SIMULATION METRICS
2026-05-07 22:27:40,973 - INFO - ======================================================================
2026-05-07 22:27:40,973 - INFO - Total Loops: 5
2026-05-07 22:27:40,973 - INFO - Agent Turns (no vote checker): 15
2026-05-07 22:27:40,973 - INFO - Agent Tool Calls: 0
2026-05-07 22:27:40,973 - INFO - Agent Tool Messages: 0
2026-05-07 22:27:40,973 - INFO - Memory Updates: 0
2026-05-07 22:27:40,974 - INFO - Total Messages (no vote checker): 15
2026-05-07 22:27:40,974 - INFO - Input Tokens: 33983
2026-05-07 22:27:40,974 - INFO - Output Tokens: 13059
2026-05-07 22:27:40,974 - INFO - Total Tokens: 47042
2026-05-07 22:27:40,974 - INFO - Final Chosen Candidate: Candidate A
2026-05-07 22:27:40,974 - INFO - Final Decision Method: max_round_majority_vote
2026-05-07 22:27:40,974 - INFO - Final Vote Count: {'Candidate A': 2, 'Candidate B': 1}
2026-05-07 22:27:40,974 - INFO - Correct Candidate: Candidate C
2026-05-07 22:27:40,974 - INFO - Decision Correct: 0
2026-05-07 22:27:40,974 - INFO - Runtime: 104.37s
2026-05-07 22:27:40,974 - INFO - ======================================================================
