2026-05-08 21:29:51,614 - INFO - Metrics tracker initialized
{"id": 1, "ts": 1778268591.640171, "event": "memory_reset"}
{"id": 2, "ts": 1778268591.644855, "event": "discussion_order", "round": 1, "order": ["agent_2", "agent_3", "agent_1"]}
2026-05-08 21:29:57,937 - INFO - Tokens - Input: 1689, Output: 602, Total: 2291
{"id": 3, "ts": 1778268597.9387507, "event": "public_discussion_message", "round": 1, "agent": "agent_2", "message": "Candidate A \u2013 has excellent spatial vision.\nMETADATA_JSON:\n{\"agent\": \"agent_2\", \"vote\": \"Candidate A\"}"}
2026-05-08 21:29:57,938 - INFO - Agent turns: 1
2026-05-08 21:30:05,790 - INFO - Tokens - Input: 1182, Output: 1002, Total: 2184
2026-05-08 21:30:05,792 - INFO - Memory updates: 1
{"id": 4, "ts": 1778268605.792324, "event": "memory_updated", "agent": "agent_3", "round": 1}
2026-05-08 21:30:07,531 - INFO - Tokens - Input: 1190, Output: 1270, Total: 2460
2026-05-08 21:30:07,533 - INFO - Memory updates: 2
{"id": 5, "ts": 1778268607.5331633, "event": "memory_updated", "agent": "agent_2", "round": 1}
2026-05-08 21:30:14,067 - INFO - Tokens - Input: 1187, Output: 1101, Total: 2288
2026-05-08 21:30:14,069 - INFO - Memory updates: 3
{"id": 6, "ts": 1778268614.0695348, "event": "memory_updated", "agent": "agent_1", "round": 1}
2026-05-08 21:30:20,321 - INFO - Tokens - Input: 2117, Output: 376, Total: 2493
{"id": 7, "ts": 1778268620.3230798, "event": "public_discussion_message", "round": 1, "agent": "agent_3", "message": "Candidate B \u2013 handles stress well.\nMETADATA_JSON:\n{\"agent\": \"agent_3\", \"vote\": \"Candidate B\"}"}
2026-05-08 21:30:20,323 - INFO - Agent turns: 2
2026-05-08 21:30:28,218 - INFO - Tokens - Input: 1650, Output: 1004, Total: 2654
2026-05-08 21:30:28,220 - INFO - Memory updates: 4
{"id": 8, "ts": 1778268628.2203932, "event": "memory_updated", "agent": "agent_1", "round": 1}
2026-05-08 21:30:28,768 - INFO - Tokens - Input: 1703, Output: 1116, Total: 2819
2026-05-08 21:30:28,770 - INFO - Memory updates: 5
{"id": 9, "ts": 1778268628.7703094, "event": "memory_updated", "agent": "agent_2", "round": 1}
2026-05-08 21:30:29,412 - INFO - Tokens - Input: 1621, Output: 1144, Total: 2765
2026-05-08 21:30:29,414 - INFO - Memory updates: 6
{"id": 10, "ts": 1778268629.4141784, "event": "memory_updated", "agent": "agent_3", "round": 1}
2026-05-08 21:30:31,425 - INFO - Tokens - Input: 2231, Output: 254, Total: 2485
{"id": 11, "ts": 1778268631.4271784, "event": "public_discussion_message", "round": 1, "agent": "agent_1", "message": "Candidate A \u2013 can anticipate dangerous situations.\nMETADATA_JSON:\n{\"agent\": \"agent_1\", \"vote\": \"Candidate A\"}"}
2026-05-08 21:30:31,427 - INFO - Agent turns: 3
2026-05-08 21:30:40,519 - INFO - Tokens - Input: 1753, Output: 1197, Total: 2950
2026-05-08 21:30:40,521 - INFO - Memory updates: 7
{"id": 12, "ts": 1778268640.521757, "event": "memory_updated", "agent": "agent_3", "round": 1}
2026-05-08 21:30:40,556 - INFO - Tokens - Input: 1758, Output: 1187, Total: 2945
2026-05-08 21:30:40,558 - INFO - Memory updates: 8
{"id": 13, "ts": 1778268640.5581353, "event": "memory_updated", "agent": "agent_2", "round": 1}
2026-05-08 21:30:47,791 - INFO - Tokens - Input: 1737, Output: 1136, Total: 2873
2026-05-08 21:30:47,792 - INFO - Memory updates: 9
{"id": 14, "ts": 1778268647.7929144, "event": "memory_updated", "agent": "agent_1", "round": 1}
2026-05-08 21:30:47,802 - INFO - Loop 1 completed
{"id": 15, "ts": 1778268647.8076892, "event": "discussion_order", "round": 2, "order": ["agent_1", "agent_3", "agent_2"]}
2026-05-08 21:30:49,664 - INFO - Tokens - Input: 2345, Output: 190, Total: 2535
{"id": 16, "ts": 1778268649.665543, "event": "public_discussion_message", "round": 2, "agent": "agent_1", "message": "Candidate A \u2013 can be unorganized.\nMETADATA_JSON:\n{\"agent\": \"agent_1\", \"vote\": \"Candidate A\"}"}
2026-05-08 21:30:49,665 - INFO - Agent turns: 4
2026-05-08 21:30:58,883 - INFO - Tokens - Input: 1770, Output: 1086, Total: 2856
2026-05-08 21:30:58,885 - INFO - Memory updates: 10
{"id": 17, "ts": 1778268658.885259, "event": "memory_updated", "agent": "agent_3", "round": 2}
2026-05-08 21:30:58,926 - INFO - Tokens - Input: 1833, Output: 1294, Total: 3127
2026-05-08 21:30:58,928 - INFO - Memory updates: 11
{"id": 18, "ts": 1778268658.928121, "event": "memory_updated", "agent": "agent_1", "round": 2}
2026-05-08 21:30:59,057 - INFO - Tokens - Input: 1769, Output: 1284, Total: 3053
2026-05-08 21:30:59,058 - INFO - Memory updates: 12
{"id": 19, "ts": 1778268659.0590692, "event": "memory_updated", "agent": "agent_2", "round": 2}
2026-05-08 21:31:00,857 - INFO - Tokens - Input: 2167, Output: 146, Total: 2313
{"id": 20, "ts": 1778268660.858472, "event": "public_discussion_message", "round": 2, "agent": "agent_3", "message": "Candidate B \u2013 handles stress very well.\nMETADATA_JSON:\n{\"agent\": \"agent_3\", \"vote\": \"Candidate B\"}"}
2026-05-08 21:31:00,858 - INFO - Agent turns: 5
2026-05-08 21:31:07,609 - INFO - Tokens - Input: 1673, Output: 917, Total: 2590
2026-05-08 21:31:07,610 - INFO - Memory updates: 13
{"id": 21, "ts": 1778268667.6111004, "event": "memory_updated", "agent": "agent_3", "round": 2}
2026-05-08 21:31:08,320 - INFO - Tokens - Input: 1898, Output: 1039, Total: 2937
2026-05-08 21:31:08,322 - INFO - Memory updates: 14
{"id": 22, "ts": 1778268668.3221502, "event": "memory_updated", "agent": "agent_1", "round": 2}
2026-05-08 21:31:08,924 - INFO - Tokens - Input: 1842, Output: 919, Total: 2761
2026-05-08 21:31:08,925 - INFO - Memory updates: 15
{"id": 23, "ts": 1778268668.9260337, "event": "memory_updated", "agent": "agent_2", "round": 2}
2026-05-08 21:31:11,253 - INFO - Tokens - Input: 2156, Output: 143, Total: 2299
{"id": 24, "ts": 1778268671.2547708, "event": "public_discussion_message", "round": 2, "agent": "agent_2", "message": "Candidate A \u2013 regarded as a show\u2011off.\nMETADATA_JSON:\n{\"agent\": \"agent_2\", \"vote\": \"Candidate A\"}"}
2026-05-08 21:31:11,254 - INFO - Agent turns: 6
2026-05-08 21:31:18,359 - INFO - Tokens - Input: 1666, Output: 992, Total: 2658
2026-05-08 21:31:18,361 - INFO - Memory updates: 16
{"id": 25, "ts": 1778268678.3612702, "event": "memory_updated", "agent": "agent_2", "round": 2}
2026-05-08 21:31:19,084 - INFO - Tokens - Input: 1708, Output: 1063, Total: 2771
2026-05-08 21:31:19,086 - INFO - Memory updates: 17
{"id": 26, "ts": 1778268679.0861957, "event": "memory_updated", "agent": "agent_3", "round": 2}
2026-05-08 21:31:19,405 - INFO - Tokens - Input: 1752, Output: 1089, Total: 2841
2026-05-08 21:31:19,407 - INFO - Memory updates: 18
{"id": 27, "ts": 1778268679.4073753, "event": "memory_updated", "agent": "agent_1", "round": 2}
2026-05-08 21:31:19,416 - INFO - Loop 2 completed
{"id": 28, "ts": 1778268679.4225352, "event": "discussion_order", "round": 3, "order": ["agent_2", "agent_1", "agent_3"]}
2026-05-08 21:31:20,801 - INFO - Tokens - Input: 2212, Output: 160, Total: 2372
{"id": 29, "ts": 1778268680.8030791, "event": "public_discussion_message", "round": 3, "agent": "agent_2", "message": "Candidate A \u2013 very good leadership qualities.\nMETADATA_JSON:\n{\"agent\": \"agent_2\", \"vote\": \"Candidate A\"}"}
2026-05-08 21:31:20,803 - INFO - Agent turns: 7
2026-05-08 21:31:27,313 - INFO - Tokens - Input: 1796, Output: 878, Total: 2674
2026-05-08 21:31:27,314 - INFO - Memory updates: 19
{"id": 30, "ts": 1778268687.3148766, "event": "memory_updated", "agent": "agent_3", "round": 3}
2026-05-08 21:31:28,047 - INFO - Tokens - Input: 1897, Output: 923, Total: 2820
2026-05-08 21:31:28,048 - INFO - Memory updates: 20
{"id": 31, "ts": 1778268688.0489607, "event": "memory_updated", "agent": "agent_1", "round": 3}
2026-05-08 21:31:30,024 - INFO - Tokens - Input: 1700, Output: 1103, Total: 2803
2026-05-08 21:31:30,026 - INFO - Memory updates: 21
{"id": 32, "ts": 1778268690.0263057, "event": "memory_updated", "agent": "agent_2", "round": 3}
2026-05-08 21:31:31,214 - INFO - Tokens - Input: 2291, Output: 136, Total: 2427
{"id": 33, "ts": 1778268691.2158103, "event": "public_discussion_message", "round": 3, "agent": "agent_1", "message": "Candidate A \u2013 can anticipate dangerous situations.\nMETADATA_JSON:\n{\"agent\": \"agent_1\", \"vote\": \"Candidate A\"}"}
2026-05-08 21:31:31,215 - INFO - Agent turns: 8
2026-05-08 21:31:37,608 - INFO - Tokens - Input: 1750, Output: 822, Total: 2572
2026-05-08 21:31:37,610 - INFO - Memory updates: 22
{"id": 34, "ts": 1778268697.6105597, "event": "memory_updated", "agent": "agent_3", "round": 3}
2026-05-08 21:31:38,523 - INFO - Tokens - Input: 1797, Output: 977, Total: 2774
2026-05-08 21:31:38,525 - INFO - Memory updates: 23
{"id": 35, "ts": 1778268698.5253272, "event": "memory_updated", "agent": "agent_1", "round": 3}
2026-05-08 21:31:41,793 - INFO - Tokens - Input: 1866, Output: 1403, Total: 3269
2026-05-08 21:31:41,795 - INFO - Memory updates: 24
{"id": 36, "ts": 1778268701.7954013, "event": "memory_updated", "agent": "agent_2", "round": 3}
2026-05-08 21:31:43,497 - INFO - Tokens - Input: 2234, Output: 128, Total: 2362
{"id": 37, "ts": 1778268703.498444, "event": "public_discussion_message", "round": 3, "agent": "agent_3", "message": "Candidate B \u2013 handles stress very well.\nMETADATA_JSON:\n{\"agent\": \"agent_3\", \"vote\": \"Candidate B\"}"}
2026-05-08 21:31:43,498 - INFO - Agent turns: 9
2026-05-08 21:31:49,961 - INFO - Tokens - Input: 1740, Output: 861, Total: 2601
2026-05-08 21:31:49,962 - INFO - Memory updates: 25
{"id": 38, "ts": 1778268709.9630084, "event": "memory_updated", "agent": "agent_3", "round": 3}
2026-05-08 21:31:50,304 - INFO - Tokens - Input: 1692, Output: 927, Total: 2619
2026-05-08 21:31:50,305 - INFO - Memory updates: 26
{"id": 39, "ts": 1778268710.306109, "event": "memory_updated", "agent": "agent_1", "round": 3}
2026-05-08 21:31:51,761 - INFO - Tokens - Input: 1941, Output: 1138, Total: 3079
2026-05-08 21:31:51,763 - INFO - Memory updates: 27
{"id": 40, "ts": 1778268711.7637038, "event": "memory_updated", "agent": "agent_2", "round": 3}
2026-05-08 21:31:51,772 - INFO - Loop 3 completed
{"id": 41, "ts": 1778268711.7783954, "event": "discussion_order", "round": 4, "order": ["agent_1", "agent_2", "agent_3"]}
2026-05-08 21:31:54,731 - INFO - Tokens - Input: 2208, Output: 133, Total: 2341
{"id": 42, "ts": 1778268714.7325952, "event": "public_discussion_message", "round": 4, "agent": "agent_1", "message": "Candidate A \u2013 anticipates dangerous situations.\nMETADATA_JSON:\n{\"agent\": \"agent_1\", \"vote\": \"Candidate A\"}"}
2026-05-08 21:31:54,732 - INFO - Agent turns: 10
2026-05-08 21:32:01,606 - INFO - Tokens - Input: 1783, Output: 972, Total: 2755
2026-05-08 21:32:01,608 - INFO - Memory updates: 28
{"id": 43, "ts": 1778268721.6081946, "event": "memory_updated", "agent": "agent_3", "round": 4}
2026-05-08 21:32:02,124 - INFO - Tokens - Input: 1696, Output: 842, Total: 2538
2026-05-08 21:32:02,126 - INFO - Memory updates: 29
{"id": 44, "ts": 1778268722.1264126, "event": "memory_updated", "agent": "agent_1", "round": 4}
2026-05-08 21:32:04,053 - INFO - Tokens - Input: 1969, Output: 1124, Total: 3093
2026-05-08 21:32:04,054 - INFO - Memory updates: 30
{"id": 45, "ts": 1778268724.0549877, "event": "memory_updated", "agent": "agent_2", "round": 4}
2026-05-08 21:32:05,442 - INFO - Tokens - Input: 2497, Output: 169, Total: 2666
{"id": 46, "ts": 1778268725.4439633, "event": "public_discussion_message", "round": 4, "agent": "agent_2", "message": "Candidate A \u2013 very good leadership qualities.\nMETADATA_JSON:\n{\"agent\": \"agent_2\", \"vote\": \"Candidate A\"}"}
2026-05-08 21:32:05,444 - INFO - Agent turns: 11
2026-05-08 21:32:19,509 - INFO - Tokens - Input: 1820, Output: 1077, Total: 2897
2026-05-08 21:32:19,510 - INFO - Memory updates: 31
{"id": 47, "ts": 1778268739.5110087, "event": "memory_updated", "agent": "agent_3", "round": 4}
2026-05-08 21:32:19,800 - INFO - Tokens - Input: 1747, Output: 1142, Total: 2889
2026-05-08 21:32:19,801 - INFO - Memory updates: 32
{"id": 48, "ts": 1778268739.8021278, "event": "memory_updated", "agent": "agent_1", "round": 4}
2026-05-08 21:32:19,859 - INFO - Tokens - Input: 2003, Output: 1198, Total: 3201
2026-05-08 21:32:19,860 - INFO - Memory updates: 33
{"id": 49, "ts": 1778268739.8603559, "event": "memory_updated", "agent": "agent_2", "round": 4}
2026-05-08 21:32:21,512 - INFO - Tokens - Input: 2435, Output: 185, Total: 2620
{"id": 50, "ts": 1778268741.5138552, "event": "public_discussion_message", "round": 4, "agent": "agent_3", "message": "Candidate B \u2013 handles stress very well.\nMETADATA_JSON:\n{\"agent\": \"agent_3\", \"vote\": \"Candidate B\"}"}
2026-05-08 21:32:21,514 - INFO - Agent turns: 12
2026-05-08 21:32:27,793 - INFO - Tokens - Input: 1619, Output: 877, Total: 2496
2026-05-08 21:32:27,795 - INFO - Memory updates: 34
{"id": 51, "ts": 1778268747.7956738, "event": "memory_updated", "agent": "agent_1", "round": 4}
2026-05-08 21:32:29,707 - INFO - Tokens - Input: 2064, Output: 1145, Total: 3209
2026-05-08 21:32:29,708 - INFO - Memory updates: 35
{"id": 52, "ts": 1778268749.7089925, "event": "memory_updated", "agent": "agent_2", "round": 4}
2026-05-08 21:32:29,825 - INFO - Tokens - Input: 1941, Output: 994, Total: 2935
2026-05-08 21:32:29,826 - INFO - Memory updates: 36
{"id": 53, "ts": 1778268749.8269386, "event": "memory_updated", "agent": "agent_3", "round": 4}
2026-05-08 21:32:29,834 - INFO - Loop 4 completed
{"id": 54, "ts": 1778268749.840033, "event": "discussion_order", "round": 5, "order": ["agent_3", "agent_2", "agent_1"]}
2026-05-08 21:32:31,093 - INFO - Tokens - Input: 2524, Output: 141, Total: 2665
{"id": 55, "ts": 1778268751.0948741, "event": "public_discussion_message", "round": 5, "agent": "agent_3", "message": "Candidate B \u2013 handles stress well.\nMETADATA_JSON:\n{\"agent\": \"agent_3\", \"vote\": \"Candidate B\"}"}
2026-05-08 21:32:31,095 - INFO - Agent turns: 13
2026-05-08 21:32:36,274 - INFO - Tokens - Input: 1692, Output: 721, Total: 2413
2026-05-08 21:32:36,276 - INFO - Memory updates: 37
{"id": 56, "ts": 1778268756.2766385, "event": "memory_updated", "agent": "agent_1", "round": 5}
2026-05-08 21:32:40,099 - INFO - Tokens - Input: 2010, Output: 1083, Total: 3093
2026-05-08 21:32:40,100 - INFO - Memory updates: 38
{"id": 57, "ts": 1778268760.1007028, "event": "memory_updated", "agent": "agent_3", "round": 5}
2026-05-08 21:32:40,391 - INFO - Tokens - Input: 2093, Output: 1324, Total: 3417
2026-05-08 21:32:40,392 - INFO - Memory updates: 39
{"id": 58, "ts": 1778268760.392754, "event": "memory_updated", "agent": "agent_2", "round": 5}
2026-05-08 21:32:41,635 - INFO - Tokens - Input: 2594, Output: 146, Total: 2740
{"id": 59, "ts": 1778268761.6372836, "event": "public_discussion_message", "round": 5, "agent": "agent_2", "message": "Candidate A \u2013 regarded as a show\u2011off.\nMETADATA_JSON:\n{\"agent\": \"agent_2\", \"vote\": \"Candidate A\"}"}
2026-05-08 21:32:41,637 - INFO - Agent turns: 14
2026-05-08 21:32:50,654 - INFO - Tokens - Input: 2104, Output: 1179, Total: 3283
2026-05-08 21:32:50,656 - INFO - Memory updates: 40
{"id": 60, "ts": 1778268770.656765, "event": "memory_updated", "agent": "agent_2", "round": 5}
2026-05-08 21:32:50,660 - INFO - Tokens - Input: 1734, Output: 1207, Total: 2941
2026-05-08 21:32:50,661 - INFO - Memory updates: 41
{"id": 61, "ts": 1778268770.6616726, "event": "memory_updated", "agent": "agent_1", "round": 5}
2026-05-08 21:32:51,505 - INFO - Tokens - Input: 2051, Output: 1352, Total: 3403
2026-05-08 21:32:51,507 - INFO - Memory updates: 42
{"id": 62, "ts": 1778268771.507485, "event": "memory_updated", "agent": "agent_3", "round": 5}
2026-05-08 21:33:01,476 - INFO - Tokens - Input: 2238, Output: 306, Total: 2544
{"id": 63, "ts": 1778268781.477371, "event": "public_discussion_message", "round": 5, "agent": "agent_1", "message": "Candidate A \u2013 sometimes not good at taking criticism.\nMETADATA_JSON:\n{\"agent\": \"agent_1\", \"vote\": \"Candidate A\"}"}
2026-05-08 21:33:01,477 - INFO - Agent turns: 15
2026-05-08 21:33:07,748 - INFO - Tokens - Input: 1748, Output: 761, Total: 2509
2026-05-08 21:33:07,750 - INFO - Memory updates: 43
{"id": 64, "ts": 1778268787.7506747, "event": "memory_updated", "agent": "agent_1", "round": 5}
2026-05-08 21:33:09,401 - INFO - Tokens - Input: 2173, Output: 939, Total: 3112
2026-05-08 21:33:09,403 - INFO - Memory updates: 44
{"id": 65, "ts": 1778268789.4034834, "event": "memory_updated", "agent": "agent_2", "round": 5}
2026-05-08 21:33:09,707 - INFO - Tokens - Input: 2091, Output: 973, Total: 3064
2026-05-08 21:33:09,709 - INFO - Memory updates: 45
{"id": 66, "ts": 1778268789.7094178, "event": "memory_updated", "agent": "agent_3", "round": 5}
2026-05-08 21:33:09,718 - INFO - Loop 5 completed
2026-05-08 21:33:09,718 - INFO - Final Chosen Candidate: Candidate A
2026-05-08 21:33:09,718 - INFO - Final Decision Method: max_round_majority_vote
2026-05-08 21:33:09,718 - INFO - Final Vote Count: {'Candidate A': 2, 'Candidate B': 1}
2026-05-08 21:33:09,718 - INFO - Correct Candidate: Candidate C
2026-05-08 21:33:09,718 - INFO - Decision Correct: 0
{"id": 67, "ts": 1778268790.0532277, "event": "context_consistency_calculated", "method": "embedding_cosine", "mean_pairwise_similarity": 0.793678, "pairwise": [{"agent_a": "agent_1", "agent_b": "agent_2", "similarity": 0.822604}, {"agent_a": "agent_1", "agent_b": "agent_3", "similarity": 0.762446}, {"agent_a": "agent_2", "agent_b": "agent_3", "similarity": 0.795983}]}
{"id": 68, "ts": 1778268790.0533884, "event": "gold_standard_alignment_calculated", "method": "rule_based_binary_checks", "mean_alignment": 0.708333, "by_agent": [{"agent": "agent_1", "score": 0.875, "checks": {"favorite_is_c": 0, "c_reliability": 1, "c_calmness": 1, "c_attention": 1, "c_crew_fit": 1, "a_risks": 1, "b_risks": 1, "d_risks": 1}}, {"agent": "agent_2", "score": 0.75, "checks": {"favorite_is_c": 1, "c_reliability": 1, "c_calmness": 1, "c_attention": 0, "c_crew_fit": 0, "a_risks": 1, "b_risks": 1, "d_risks": 1}}, {"agent": "agent_3", "score": 0.5, "checks": {"favorite_is_c": 0, "c_reliability": 0, "c_calmness": 0, "c_attention": 0, "c_crew_fit": 1, "a_risks": 1, "b_risks": 1, "d_risks": 1}}]}
{"id": 69, "ts": 1778268790.0535161, "event": "agent_memories_archived", "directory": "/home/lhegemann/git/bachelor_thesis/01_data/raw/simulations/low/low_treatment_20260508_195017_015/shared_mental_models", "round": 5}
{"id": 70, "ts": 1778268790.0535982, "event": "final_decision", "candidate": "Candidate A", "method": "max_round_majority_vote", "vote_count": {"Candidate A": 2, "Candidate B": 1}, "correct_candidate": "Candidate C", "decision_correct": 0, "round": 5}
2026-05-08 21:33:10,062 - INFO - ======================================================================
2026-05-08 21:33:10,062 - INFO - SIMULATION METRICS
2026-05-08 21:33:10,063 - INFO - ======================================================================
2026-05-08 21:33:10,063 - INFO - Total Loops: 5
2026-05-08 21:33:10,063 - INFO - Agent Turns (no vote checker): 15
2026-05-08 21:33:10,063 - INFO - Agent Tool Calls: 0
2026-05-08 21:33:10,063 - INFO - Agent Tool Messages: 0
2026-05-08 21:33:10,063 - INFO - Memory Updates: 45
2026-05-08 21:33:10,063 - INFO - Total Messages (no vote checker): 15
2026-05-08 21:33:10,063 - INFO - Input Tokens: 114147
2026-05-08 21:33:10,063 - INFO - Output Tokens: 50997
2026-05-08 21:33:10,063 - INFO - Total Tokens: 165144
2026-05-08 21:33:10,063 - INFO - Final Chosen Candidate: Candidate A
2026-05-08 21:33:10,063 - INFO - Final Decision Method: max_round_majority_vote
2026-05-08 21:33:10,063 - INFO - Final Vote Count: {'Candidate A': 2, 'Candidate B': 1}
2026-05-08 21:33:10,064 - INFO - Correct Candidate: Candidate C
2026-05-08 21:33:10,064 - INFO - Decision Correct: 0
2026-05-08 21:33:10,064 - INFO - Runtime: 198.45s
2026-05-08 21:33:10,064 - INFO - ======================================================================
