2026-05-16 22:10:18,557 - INFO - Metrics tracker initialized
{"id": 1, "ts": 1778962218.589113, "event": "memory_reset"}
{"id": 2, "ts": 1778962218.5940206, "event": "discussion_order", "round": 1, "order": ["agent_3", "agent_2", "agent_1"]}
2026-05-16 22:10:25,541 - INFO - Tokens - Input: 1936, Output: 641, Total: 2577
{"id": 3, "ts": 1778962225.542566, "event": "public_discussion_message", "round": 1, "agent": "agent_3", "message": "Candidate B \u2013 handles stress very well.\nMETADATA_JSON:\n{\"agent\": \"agent_3\", \"vote\": \"Candidate B\"}"}
2026-05-16 22:10:25,542 - INFO - Agent turns: 1
2026-05-16 22:10:35,538 - INFO - Tokens - Input: 1576, Output: 739, Total: 2315
2026-05-16 22:10:35,544 - INFO - Memory updates: 1
{"id": 4, "ts": 1778962235.5447488, "event": "memory_updated", "agent": "agent_1", "round": 1}
2026-05-16 22:10:35,866 - INFO - Tokens - Input: 1579, Output: 776, Total: 2355
2026-05-16 22:10:35,869 - INFO - Memory updates: 2
{"id": 5, "ts": 1778962235.8695047, "event": "memory_updated", "agent": "agent_2", "round": 1}
2026-05-16 22:10:41,117 - INFO - Tokens - Input: 1571, Output: 1454, Total: 3025
2026-05-16 22:10:41,120 - INFO - Memory updates: 3
{"id": 6, "ts": 1778962241.1202176, "event": "memory_updated", "agent": "agent_3", "round": 1}
2026-05-16 22:10:45,903 - INFO - Tokens - Input: 1895, Output: 577, Total: 2472
{"id": 7, "ts": 1778962245.9052672, "event": "public_discussion_message", "round": 1, "agent": "agent_2", "message": "Candidate A \u2013 very good leadership qualities.\nMETADATA_JSON:\n{\"agent\": \"agent_2\", \"vote\": \"Candidate A\"}"}
2026-05-16 22:10:45,905 - INFO - Agent turns: 2
2026-05-16 22:10:57,870 - INFO - Tokens - Input: 1794, Output: 866, Total: 2660
2026-05-16 22:10:57,872 - INFO - Memory updates: 4
{"id": 8, "ts": 1778962257.8730288, "event": "memory_updated", "agent": "agent_3", "round": 1}
2026-05-16 22:10:58,142 - INFO - Tokens - Input: 1569, Output: 897, Total: 2466
2026-05-16 22:10:58,144 - INFO - Memory updates: 5
{"id": 9, "ts": 1778962258.144812, "event": "memory_updated", "agent": "agent_1", "round": 1}
2026-05-16 22:10:59,726 - INFO - Tokens - Input: 1536, Output: 1099, Total: 2635
2026-05-16 22:10:59,728 - INFO - Memory updates: 6
{"id": 10, "ts": 1778962259.7286155, "event": "memory_updated", "agent": "agent_2", "round": 1}
2026-05-16 22:11:05,572 - INFO - Tokens - Input: 1999, Output: 705, Total: 2704
{"id": 11, "ts": 1778962265.573965, "event": "public_discussion_message", "round": 1, "agent": "agent_1", "message": "Candidate A \u2013 very good leadership qualities\nMETADATA_JSON:\n{\"agent\": \"agent_1\", \"vote\": \"Candidate A\"}"}
2026-05-16 22:11:05,574 - INFO - Agent turns: 3
2026-05-16 22:11:16,003 - INFO - Tokens - Input: 1835, Output: 745, Total: 2580
2026-05-16 22:11:16,005 - INFO - Memory updates: 7
{"id": 12, "ts": 1778962276.0059183, "event": "memory_updated", "agent": "agent_3", "round": 1}
2026-05-16 22:11:17,031 - INFO - Tokens - Input: 1594, Output: 855, Total: 2449
2026-05-16 22:11:17,033 - INFO - Memory updates: 8
{"id": 13, "ts": 1778962277.0339515, "event": "memory_updated", "agent": "agent_2", "round": 1}
2026-05-16 22:11:17,830 - INFO - Tokens - Input: 1640, Output: 958, Total: 2598
2026-05-16 22:11:17,833 - INFO - Memory updates: 9
{"id": 14, "ts": 1778962277.8332384, "event": "memory_updated", "agent": "agent_1", "round": 1}
2026-05-16 22:11:17,842 - INFO - Loop 1 completed
{"id": 15, "ts": 1778962277.8490298, "event": "discussion_order", "round": 2, "order": ["agent_1", "agent_2", "agent_3"]}
2026-05-16 22:11:19,269 - INFO - Tokens - Input: 2090, Output: 134, Total: 2224
{"id": 16, "ts": 1778962279.271182, "event": "public_discussion_message", "round": 2, "agent": "agent_1", "message": "Candidate A \u2013 very good leadership qualities\nMETADATA_JSON:\n{\"agent\": \"agent_1\", \"vote\": \"Candidate A\"}"}
2026-05-16 22:11:19,271 - INFO - Agent turns: 4
2026-05-16 22:11:22,933 - INFO - Tokens - Input: 1674, Output: 241, Total: 1915
2026-05-16 22:11:22,935 - INFO - Memory updates: 10
{"id": 17, "ts": 1778962282.9352758, "event": "memory_updated", "agent": "agent_2", "round": 2}
2026-05-16 22:11:23,679 - INFO - Tokens - Input: 1905, Output: 320, Total: 2225
2026-05-16 22:11:23,682 - INFO - Memory updates: 11
{"id": 18, "ts": 1778962283.6822965, "event": "memory_updated", "agent": "agent_3", "round": 2}
2026-05-16 22:11:24,539 - INFO - Tokens - Input: 1731, Output: 432, Total: 2163
2026-05-16 22:11:24,541 - INFO - Memory updates: 12
{"id": 19, "ts": 1778962284.5419638, "event": "memory_updated", "agent": "agent_1", "round": 2}
2026-05-16 22:11:26,404 - INFO - Tokens - Input: 2069, Output: 190, Total: 2259
{"id": 20, "ts": 1778962286.4060447, "event": "public_discussion_message", "round": 2, "agent": "agent_2", "message": "Candidate A \u2013 very good leadership qualities.\nMETADATA_JSON:\n{\"agent\": \"agent_2\", \"vote\": \"Candidate A\"}"}
2026-05-16 22:11:26,406 - INFO - Agent turns: 5
2026-05-16 22:11:30,712 - INFO - Tokens - Input: 1710, Output: 287, Total: 1997
2026-05-16 22:11:30,714 - INFO - Memory updates: 13
{"id": 21, "ts": 1778962290.715008, "event": "memory_updated", "agent": "agent_2", "round": 2}
2026-05-16 22:11:31,104 - INFO - Tokens - Input: 1767, Output: 329, Total: 2096
2026-05-16 22:11:31,106 - INFO - Memory updates: 14
{"id": 22, "ts": 1778962291.1067147, "event": "memory_updated", "agent": "agent_1", "round": 2}
2026-05-16 22:11:31,837 - INFO - Tokens - Input: 1941, Output: 421, Total: 2362
2026-05-16 22:11:31,839 - INFO - Memory updates: 15
{"id": 23, "ts": 1778962291.8396797, "event": "memory_updated", "agent": "agent_3", "round": 2}
2026-05-16 22:11:33,270 - INFO - Tokens - Input: 2336, Output: 140, Total: 2476
{"id": 24, "ts": 1778962293.2723026, "event": "public_discussion_message", "round": 2, "agent": "agent_3", "message": "Candidate B \u2013 very conscientious.\nMETADATA_JSON:\n{\"agent\": \"agent_3\", \"vote\": \"Candidate B\"}"}
2026-05-16 22:11:33,272 - INFO - Agent turns: 6
2026-05-16 22:11:43,441 - INFO - Tokens - Input: 1975, Output: 741, Total: 2716
2026-05-16 22:11:43,443 - INFO - Memory updates: 16
{"id": 25, "ts": 1778962303.443869, "event": "memory_updated", "agent": "agent_3", "round": 2}
2026-05-16 22:11:46,695 - INFO - Tokens - Input: 1744, Output: 1077, Total: 2821
2026-05-16 22:11:46,698 - INFO - Memory updates: 17
{"id": 26, "ts": 1778962306.6981893, "event": "memory_updated", "agent": "agent_2", "round": 2}
2026-05-16 22:11:48,286 - INFO - Tokens - Input: 1801, Output: 1274, Total: 3075
2026-05-16 22:11:48,289 - INFO - Memory updates: 18
{"id": 27, "ts": 1778962308.2897465, "event": "memory_updated", "agent": "agent_1", "round": 2}
2026-05-16 22:11:48,299 - INFO - Loop 2 completed
{"id": 28, "ts": 1778962308.3056724, "event": "discussion_order", "round": 3, "order": ["agent_1", "agent_3", "agent_2"]}
2026-05-16 22:11:52,219 - INFO - Tokens - Input: 2252, Output: 437, Total: 2689
{"id": 29, "ts": 1778962312.2205076, "event": "public_discussion_message", "round": 3, "agent": "agent_1", "message": "Candidate A \u2013 excellent spatial vision\nMETADATA_JSON:\n{\"agent\": \"agent_1\", \"vote\": \"Candidate A\"}"}
2026-05-16 22:11:52,220 - INFO - Agent turns: 7
2026-05-16 22:12:07,371 - INFO - Tokens - Input: 2027, Output: 1072, Total: 3099
2026-05-16 22:12:07,373 - INFO - Memory updates: 19
{"id": 30, "ts": 1778962327.374056, "event": "memory_updated", "agent": "agent_3", "round": 3}
2026-05-16 22:12:09,713 - INFO - Tokens - Input: 1892, Output: 1317, Total: 3209
2026-05-16 22:12:09,715 - INFO - Memory updates: 20
{"id": 31, "ts": 1778962329.7158253, "event": "memory_updated", "agent": "agent_1", "round": 3}
2026-05-16 22:12:10,192 - INFO - Tokens - Input: 1799, Output: 1376, Total: 3175
2026-05-16 22:12:10,195 - INFO - Memory updates: 21
{"id": 32, "ts": 1778962330.1952145, "event": "memory_updated", "agent": "agent_2", "round": 3}
2026-05-16 22:12:11,889 - INFO - Tokens - Input: 2432, Output: 149, Total: 2581
{"id": 33, "ts": 1778962331.890694, "event": "public_discussion_message", "round": 3, "agent": "agent_3", "message": "Candidate B \u2013 very conscientious.\nMETADATA_JSON:\n{\"agent\": \"agent_3\", \"vote\": \"Candidate B\"}"}
2026-05-16 22:12:11,890 - INFO - Agent turns: 8
2026-05-16 22:12:17,440 - INFO - Tokens - Input: 2071, Output: 358, Total: 2429
2026-05-16 22:12:17,443 - INFO - Memory updates: 22
{"id": 34, "ts": 1778962337.443307, "event": "memory_updated", "agent": "agent_3", "round": 3}
2026-05-16 22:12:19,286 - INFO - Tokens - Input: 1974, Output: 554, Total: 2528
2026-05-16 22:12:19,288 - INFO - Memory updates: 23
{"id": 35, "ts": 1778962339.2891235, "event": "memory_updated", "agent": "agent_1", "round": 3}
2026-05-16 22:12:20,296 - INFO - Tokens - Input: 1852, Output: 682, Total: 2534
2026-05-16 22:12:20,299 - INFO - Memory updates: 24
{"id": 36, "ts": 1778962340.2993858, "event": "memory_updated", "agent": "agent_2", "round": 3}
2026-05-16 22:12:27,155 - INFO - Tokens - Input: 2247, Output: 823, Total: 3070
{"id": 37, "ts": 1778962347.1659865, "event": "public_discussion_message", "round": 3, "agent": "agent_2", "message": "Candidate B \u2013 very conscientious.\nMETADATA_JSON:\n{\"agent\": \"agent_2\", \"vote\": \"Candidate B\"}"}
2026-05-16 22:12:27,166 - INFO - Agent turns: 9
2026-05-16 22:12:34,201 - INFO - Tokens - Input: 1886, Output: 485, Total: 2371
2026-05-16 22:12:34,203 - INFO - Memory updates: 25
{"id": 38, "ts": 1778962354.2038383, "event": "memory_updated", "agent": "agent_2", "round": 3}
2026-05-16 22:12:37,501 - INFO - Tokens - Input: 2105, Output: 836, Total: 2941
2026-05-16 22:12:37,504 - INFO - Memory updates: 26
{"id": 39, "ts": 1778962357.5045085, "event": "memory_updated", "agent": "agent_3", "round": 3}
2026-05-16 22:12:41,316 - INFO - Tokens - Input: 2008, Output: 1331, Total: 3339
2026-05-16 22:12:41,318 - INFO - Memory updates: 27
{"id": 40, "ts": 1778962361.3185494, "event": "memory_updated", "agent": "agent_1", "round": 3}
2026-05-16 22:12:41,328 - INFO - Loop 3 completed
{"id": 41, "ts": 1778962361.3344448, "event": "discussion_order", "round": 4, "order": ["agent_2", "agent_1", "agent_3"]}
2026-05-16 22:12:47,044 - INFO - Tokens - Input: 2279, Output: 699, Total: 2978
{"id": 42, "ts": 1778962367.045832, "event": "public_discussion_message", "round": 4, "agent": "agent_2", "message": "Candidate B \u2013 very conscientious.\nMETADATA_JSON:\n{\"agent\": \"agent_2\", \"vote\": \"Candidate B\"}"}
2026-05-16 22:12:47,045 - INFO - Agent turns: 10
2026-05-16 22:12:51,255 - INFO - Tokens - Input: 1918, Output: 266, Total: 2184
2026-05-16 22:12:51,257 - INFO - Memory updates: 28
{"id": 43, "ts": 1778962371.257652, "event": "memory_updated", "agent": "agent_2", "round": 4}
2026-05-16 22:12:52,912 - INFO - Tokens - Input: 2150, Output: 443, Total: 2593
2026-05-16 22:12:52,914 - INFO - Memory updates: 29
{"id": 44, "ts": 1778962372.9147694, "event": "memory_updated", "agent": "agent_3", "round": 4}
2026-05-16 22:12:52,996 - INFO - Tokens - Input: 2048, Output: 456, Total: 2504
2026-05-16 22:12:52,998 - INFO - Memory updates: 30
{"id": 45, "ts": 1778962372.999087, "event": "memory_updated", "agent": "agent_1", "round": 4}
2026-05-16 22:12:57,811 - INFO - Tokens - Input: 2443, Output: 558, Total: 3001
{"id": 46, "ts": 1778962377.8129833, "event": "public_discussion_message", "round": 4, "agent": "agent_1", "message": "Candidate A \u2013 can anticipate dangerous situations.\nMETADATA_JSON:\n{\"agent\": \"agent_1\", \"vote\": \"Candidate A\"}"}
2026-05-16 22:12:57,813 - INFO - Agent turns: 11
2026-05-16 22:13:10,035 - INFO - Tokens - Input: 2186, Output: 875, Total: 3061
2026-05-16 22:13:10,038 - INFO - Memory updates: 31
{"id": 47, "ts": 1778962390.038242, "event": "memory_updated", "agent": "agent_3", "round": 4}
2026-05-16 22:13:15,623 - INFO - Tokens - Input: 2084, Output: 1456, Total: 3540
2026-05-16 22:13:15,625 - INFO - Memory updates: 32
{"id": 48, "ts": 1778962395.6259325, "event": "memory_updated", "agent": "agent_1", "round": 4}
2026-05-16 22:13:18,815 - INFO - Tokens - Input: 1954, Output: 1850, Total: 3804
2026-05-16 22:13:18,817 - INFO - Memory updates: 33
{"id": 49, "ts": 1778962398.8178437, "event": "memory_updated", "agent": "agent_2", "round": 4}
2026-05-16 22:13:20,473 - INFO - Tokens - Input: 2596, Output: 139, Total: 2735
{"id": 50, "ts": 1778962400.4754014, "event": "public_discussion_message", "round": 4, "agent": "agent_3", "message": "Candidate B \u2013 handles stress very well.\nMETADATA_JSON:\n{\"agent\": \"agent_3\", \"vote\": \"Candidate B\"}"}
2026-05-16 22:13:20,475 - INFO - Agent turns: 12
2026-05-16 22:13:26,617 - INFO - Tokens - Input: 2237, Output: 397, Total: 2634
2026-05-16 22:13:26,620 - INFO - Memory updates: 34
{"id": 51, "ts": 1778962406.6207073, "event": "memory_updated", "agent": "agent_3", "round": 4}
2026-05-16 22:13:30,137 - INFO - Tokens - Input: 2161, Output: 767, Total: 2928
2026-05-16 22:13:30,140 - INFO - Memory updates: 35
{"id": 52, "ts": 1778962410.1401372, "event": "memory_updated", "agent": "agent_1", "round": 4}
2026-05-16 22:13:32,808 - INFO - Tokens - Input: 2023, Output: 1104, Total: 3127
2026-05-16 22:13:32,810 - INFO - Memory updates: 36
{"id": 53, "ts": 1778962412.8102365, "event": "memory_updated", "agent": "agent_2", "round": 4}
2026-05-16 22:13:32,818 - INFO - Loop 4 completed
{"id": 54, "ts": 1778962412.8244731, "event": "discussion_order", "round": 5, "order": ["agent_2", "agent_1", "agent_3"]}
2026-05-16 22:13:40,474 - INFO - Tokens - Input: 2453, Output: 907, Total: 3360
{"id": 55, "ts": 1778962420.4760392, "event": "public_discussion_message", "round": 5, "agent": "agent_2", "message": "Candidate B \u2013 makes nasty remarks about colleagues.\nMETADATA_JSON:\n{\"agent\": \"agent_2\", \"vote\": \"Candidate B\"}"}
2026-05-16 22:13:40,476 - INFO - Agent turns: 13
2026-05-16 22:13:57,123 - INFO - Tokens - Input: 2095, Output: 1200, Total: 3295
2026-05-16 22:13:57,125 - INFO - Memory updates: 37
{"id": 56, "ts": 1778962437.1258037, "event": "memory_updated", "agent": "agent_2", "round": 5}
2026-05-16 22:14:02,204 - INFO - Tokens - Input: 2274, Output: 1728, Total: 4002
2026-05-16 22:14:02,207 - INFO - Memory updates: 38
{"id": 57, "ts": 1778962442.2073226, "event": "memory_updated", "agent": "agent_3", "round": 5}
2026-05-16 22:14:10,143 - INFO - Tokens - Input: 2225, Output: 2701, Total: 4926
2026-05-16 22:14:10,146 - INFO - Memory updates: 39
{"id": 58, "ts": 1778962450.1465344, "event": "memory_updated", "agent": "agent_1", "round": 5}
2026-05-16 22:14:13,089 - INFO - Tokens - Input: 2779, Output: 302, Total: 3081
{"id": 59, "ts": 1778962453.0914505, "event": "public_discussion_message", "round": 5, "agent": "agent_1", "message": "Candidate A \u2013 very good leadership qualities\nMETADATA_JSON:\n{\"agent\": \"agent_1\", \"vote\": \"Candidate A\"}"}
2026-05-16 22:14:13,091 - INFO - Agent turns: 14
2026-05-16 22:14:19,048 - INFO - Tokens - Input: 2420, Output: 385, Total: 2805
2026-05-16 22:14:19,051 - INFO - Memory updates: 40
{"id": 60, "ts": 1778962459.0521004, "event": "memory_updated", "agent": "agent_1", "round": 5}
2026-05-16 22:14:22,997 - INFO - Tokens - Input: 2154, Output: 802, Total: 2956
2026-05-16 22:14:23,000 - INFO - Memory updates: 41
{"id": 61, "ts": 1778962463.0002685, "event": "memory_updated", "agent": "agent_2", "round": 5}
2026-05-16 22:14:25,047 - INFO - Tokens - Input: 2356, Output: 1062, Total: 3418
2026-05-16 22:14:25,049 - INFO - Memory updates: 42
{"id": 62, "ts": 1778962465.0497587, "event": "memory_updated", "agent": "agent_3", "round": 5}
2026-05-16 22:14:28,976 - INFO - Tokens - Input: 2761, Output: 433, Total: 3194
{"id": 63, "ts": 1778962468.978315, "event": "public_discussion_message", "round": 5, "agent": "agent_3", "message": "Candidate B \u2013 handles stress very well.\nMETADATA_JSON:\n{\"agent\": \"agent_3\", \"vote\": \"Candidate B\"}"}
2026-05-16 22:14:28,978 - INFO - Agent turns: 15
2026-05-16 22:14:33,653 - INFO - Tokens - Input: 2402, Output: 313, Total: 2715
2026-05-16 22:14:33,656 - INFO - Memory updates: 43
{"id": 64, "ts": 1778962473.656512, "event": "memory_updated", "agent": "agent_3", "round": 5}
2026-05-16 22:14:34,036 - INFO - Tokens - Input: 2201, Output: 355, Total: 2556
2026-05-16 22:14:34,038 - INFO - Memory updates: 44
{"id": 65, "ts": 1778962474.0387669, "event": "memory_updated", "agent": "agent_2", "round": 5}
2026-05-16 22:14:34,191 - INFO - Tokens - Input: 2456, Output: 376, Total: 2832
2026-05-16 22:14:34,193 - INFO - Memory updates: 45
{"id": 66, "ts": 1778962474.1939826, "event": "memory_updated", "agent": "agent_1", "round": 5}
2026-05-16 22:14:34,202 - INFO - Loop 5 completed
2026-05-16 22:14:34,202 - INFO - Final Chosen Candidate: Candidate B
2026-05-16 22:14:34,202 - INFO - Final Decision Method: max_round_majority_vote
2026-05-16 22:14:34,202 - INFO - Final Vote Count: {'Candidate A': 1, 'Candidate B': 2}
2026-05-16 22:14:34,202 - INFO - Correct Candidate: Candidate C
2026-05-16 22:14:34,202 - INFO - Decision Correct: 0
{"id": 67, "ts": 1778962474.8625703, "event": "context_consistency_calculated", "method": "weighted_section_embedding_cosine", "mean_pairwise_similarity": 0.856786, "pairwise": [{"agent_a": "agent_1", "agent_b": "agent_2", "similarity": 0.862077, "sections": [{"section": "task_summary", "weight": 0.02, "similarity": 1.0}, {"section": "revealed_facts_by_source", "weight": 0.3, "similarity": 0.967006}, {"section": "candidate_evaluation", "weight": 0.35, "similarity": 0.856927}, {"section": "other_agents_positions", "weight": 0.15, "similarity": 0.915197}, {"section": "emerging_group_view", "weight": 0.13, "similarity": 0.745271}, {"section": "open_questions_next_step_focus", "weight": 0.05, "similarity": 0.357715}]}, {"agent_a": "agent_1", "agent_b": "agent_3", "similarity": 0.854834, "sections": [{"section": "task_summary", "weight": 0.02, "similarity": 1.0}, {"section": "revealed_facts_by_source", "weight": 0.3, "similarity": 0.909034}, {"section": "candidate_evaluation", "weight": 0.35, "similarity": 0.870627}, {"section": "other_agents_positions", "weight": 0.15, "similarity": 0.90997}, {"section": "emerging_group_view", "weight": 0.13, "similarity": 0.792483}, {"section": "open_questions_next_step_focus", "weight": 0.05, "similarity": 0.357715}]}, {"agent_a": "agent_2", "agent_b": "agent_3", "similarity": 0.853448, "sections": [{"section": "task_summary", "weight": 0.02, "similarity": 1.0}, {"section": "revealed_facts_by_source", "weight": 0.3, "similarity": 0.934433}, {"section": "candidate_evaluation", "weight": 0.35, "similarity": 0.785781}, {"section": "other_agents_positions", "weight": 0.15, "similarity": 0.939833}, {"section": "emerging_group_view", "weight": 0.13, "similarity": 0.670154}, {"section": "open_questions_next_step_focus", "weight": 0.05, "similarity": 1.0}]}]}
{"id": 68, "ts": 1778962474.8627279, "event": "gold_standard_alignment_calculated", "method": "rule_based_fact_coverage", "mean_alignment": 0.458333, "by_agent": [{"agent": "agent_1", "score": 0.525, "matched_facts": 21, "total_facts": 40, "matched_public_facts": 12, "total_public_facts": 16, "public_fact_coverage": 0.75, "matched_own_private_facts": 8, "total_own_private_facts": 8, "own_private_fact_coverage": 1.0, "matched_other_private_facts": 1, "total_other_private_facts": 16, "other_private_fact_coverage": 0.0625, "checks": {"public_candidate_a_can_anticipate_dangerous_situations": 1, "public_candidate_a_is_able_to_see_complex_connections": 0, "public_candidate_a_has_excellent_spatial_vision": 1, "public_candidate_a_has_very_good_leadership_qualities": 1, "public_candidate_b_is_very_conscientious": 1, "public_candidate_b_handles_stress_very_well": 1, "public_candidate_b_is_good_at_assessing_weather_conditions": 0, "public_candidate_b_has_excellent_computer_skills": 0, "public_candidate_c_can_make_correct_decisions_quickly": 0, "public_candidate_c_has_difficulty_communicating_ideas": 1, "public_candidate_c_is_regarded_as_egocentric": 1, "public_candidate_c_is_not_very_willing_to_further_his_education": 1, "public_candidate_d_responds_to_unexpected_events_adequately": 1, "public_candidate_d_can_concentrate_very_well": 1, "public_candidate_d_solves_problems_extremely_well": 1, "public_candidate_d_takes_responsibility_seriously": 1, "agent_1_candidate_a_is_sometimes_not_good_at_taking_criticism": 1, "agent_1_candidate_a_can_be_unorganized": 1, "agent_1_candidate_b_can_be_grumpy": 1, "agent_1_candidate_b_can_be_uncooperative": 1, "agent_1_candidate_c_is_known_to_be_100_percent_reliable": 1, "agent_1_candidate_c_creates_a_positive_atmosphere_with_his_crew": 1, "agent_1_candidate_d_is_regarded_as_arrogant": 1, "agent_1_candidate_d_has_relatively_weak_leadership_skills": 1, "agent_2_candidate_a_is_regarded_as_a_show_off": 0, "agent_2_candidate_a_is_regarded_as_being_not_open_to_new_ideas": 0, "agent_2_candidate_b_has_a_relatively_weak_memory_for_numbers": 0, "agent_2_candidate_b_makes_nasty_remarks_about_his_colleagues": 1, "agent_2_candidate_c_keeps_calm_in_a_crisis": 0, "agent_2_candidate_c_understands_complicated_technology": 0, "agent_2_candidate_d_is_regarded_as_a_know_it_all": 0, "agent_2_candidate_d_has_a_hot_temper": 0, "agent_3_candidate_a_is_unfriendly": 0, "agent_3_candidate_a_eats_unhealthily": 0, "agent_3_candidate_b_is_regarded_as_pretentious": 0, "agent_3_candidate_b_sometimes_adopts_the_wrong_tone_when_communicating": 0, "agent_3_candidate_c_puts_concern_for_others_above_everything": 0, "agent_3_candidate_c_has_excellent_attention_skills": 0, "agent_3_candidate_d_is_considered_moody": 0, "agent_3_candidate_d_is_regarded_as_a_loner": 0}}, {"agent": "agent_2", "score": 0.225, "matched_facts": 9, "total_facts": 40, "matched_public_facts": 5, "total_public_facts": 16, "public_fact_coverage": 0.3125, "matched_own_private_facts": 4, "total_own_private_facts": 8, "own_private_fact_coverage": 0.5, "matched_other_private_facts": 0, "total_other_private_facts": 16, "other_private_fact_coverage": 0.0, "checks": {"public_candidate_a_can_anticipate_dangerous_situations": 1, "public_candidate_a_is_able_to_see_complex_connections": 0, "public_candidate_a_has_excellent_spatial_vision": 1, "public_candidate_a_has_very_good_leadership_qualities": 1, "public_candidate_b_is_very_conscientious": 1, "public_candidate_b_handles_stress_very_well": 1, "public_candidate_b_is_good_at_assessing_weather_conditions": 0, "public_candidate_b_has_excellent_computer_skills": 0, "public_candidate_c_can_make_correct_decisions_quickly": 0, "public_candidate_c_has_difficulty_communicating_ideas": 0, "public_candidate_c_is_regarded_as_egocentric": 0, "public_candidate_c_is_not_very_willing_to_further_his_education": 0, "public_candidate_d_responds_to_unexpected_events_adequately": 0, "public_candidate_d_can_concentrate_very_well": 0, "public_candidate_d_solves_problems_extremely_well": 0, "public_candidate_d_takes_responsibility_seriously": 0, "agent_1_candidate_a_is_sometimes_not_good_at_taking_criticism": 0, "agent_1_candidate_a_can_be_unorganized": 0, "agent_1_candidate_b_can_be_grumpy": 0, "agent_1_candidate_b_can_be_uncooperative": 0, "agent_1_candidate_c_is_known_to_be_100_percent_reliable": 0, "agent_1_candidate_c_creates_a_positive_atmosphere_with_his_crew": 0, "agent_1_candidate_d_is_regarded_as_arrogant": 0, "agent_1_candidate_d_has_relatively_weak_leadership_skills": 0, "agent_2_candidate_a_is_regarded_as_a_show_off": 1, "agent_2_candidate_a_is_regarded_as_being_not_open_to_new_ideas": 1, "agent_2_candidate_b_has_a_relatively_weak_memory_for_numbers": 1, "agent_2_candidate_b_makes_nasty_remarks_about_his_colleagues": 1, "agent_2_candidate_c_keeps_calm_in_a_crisis": 0, "agent_2_candidate_c_understands_complicated_technology": 0, "agent_2_candidate_d_is_regarded_as_a_know_it_all": 0, "agent_2_candidate_d_has_a_hot_temper": 0, "agent_3_candidate_a_is_unfriendly": 0, "agent_3_candidate_a_eats_unhealthily": 0, "agent_3_candidate_b_is_regarded_as_pretentious": 0, "agent_3_candidate_b_sometimes_adopts_the_wrong_tone_when_communicating": 0, "agent_3_candidate_c_puts_concern_for_others_above_everything": 0, "agent_3_candidate_c_has_excellent_attention_skills": 0, "agent_3_candidate_d_is_considered_moody": 0, "agent_3_candidate_d_is_regarded_as_a_loner": 0}}, {"agent": "agent_3", "score": 0.625, "matched_facts": 25, "total_facts": 40, "matched_public_facts": 16, "total_public_facts": 16, "public_fact_coverage": 1.0, "matched_own_private_facts": 8, "total_own_private_facts": 8, "own_private_fact_coverage": 1.0, "matched_other_private_facts": 1, "total_other_private_facts": 16, "other_private_fact_coverage": 0.0625, "checks": {"public_candidate_a_can_anticipate_dangerous_situations": 1, "public_candidate_a_is_able_to_see_complex_connections": 1, "public_candidate_a_has_excellent_spatial_vision": 1, "public_candidate_a_has_very_good_leadership_qualities": 1, "public_candidate_b_is_very_conscientious": 1, "public_candidate_b_handles_stress_very_well": 1, "public_candidate_b_is_good_at_assessing_weather_conditions": 1, "public_candidate_b_has_excellent_computer_skills": 1, "public_candidate_c_can_make_correct_decisions_quickly": 1, "public_candidate_c_has_difficulty_communicating_ideas": 1, "public_candidate_c_is_regarded_as_egocentric": 1, "public_candidate_c_is_not_very_willing_to_further_his_education": 1, "public_candidate_d_responds_to_unexpected_events_adequately": 1, "public_candidate_d_can_concentrate_very_well": 1, "public_candidate_d_solves_problems_extremely_well": 1, "public_candidate_d_takes_responsibility_seriously": 1, "agent_1_candidate_a_is_sometimes_not_good_at_taking_criticism": 0, "agent_1_candidate_a_can_be_unorganized": 0, "agent_1_candidate_b_can_be_grumpy": 0, "agent_1_candidate_b_can_be_uncooperative": 0, "agent_1_candidate_c_is_known_to_be_100_percent_reliable": 0, "agent_1_candidate_c_creates_a_positive_atmosphere_with_his_crew": 0, "agent_1_candidate_d_is_regarded_as_arrogant": 0, "agent_1_candidate_d_has_relatively_weak_leadership_skills": 0, "agent_2_candidate_a_is_regarded_as_a_show_off": 0, "agent_2_candidate_a_is_regarded_as_being_not_open_to_new_ideas": 0, "agent_2_candidate_b_has_a_relatively_weak_memory_for_numbers": 0, "agent_2_candidate_b_makes_nasty_remarks_about_his_colleagues": 1, "agent_2_candidate_c_keeps_calm_in_a_crisis": 0, "agent_2_candidate_c_understands_complicated_technology": 0, "agent_2_candidate_d_is_regarded_as_a_know_it_all": 0, "agent_2_candidate_d_has_a_hot_temper": 0, "agent_3_candidate_a_is_unfriendly": 1, "agent_3_candidate_a_eats_unhealthily": 1, "agent_3_candidate_b_is_regarded_as_pretentious": 1, "agent_3_candidate_b_sometimes_adopts_the_wrong_tone_when_communicating": 1, "agent_3_candidate_c_puts_concern_for_others_above_everything": 1, "agent_3_candidate_c_has_excellent_attention_skills": 1, "agent_3_candidate_d_is_considered_moody": 1, "agent_3_candidate_d_is_regarded_as_a_loner": 1}}]}
{"id": 69, "ts": 1778962474.862851, "event": "agent_memories_archived", "directory": "/home/lhegemann/git/bachelor_thesis/01_data/raw/simulations/low/low_treatment_20260516_211353_016/shared_mental_models", "round": 5}
{"id": 70, "ts": 1778962474.8628988, "event": "final_decision", "candidate": "Candidate B", "method": "max_round_majority_vote", "vote_count": {"Candidate A": 1, "Candidate B": 2}, "correct_candidate": "Candidate C", "decision_correct": 0, "round": 5}
2026-05-16 22:14:34,871 - INFO - ======================================================================
2026-05-16 22:14:34,872 - INFO - SIMULATION METRICS
2026-05-16 22:14:34,872 - INFO - ======================================================================
2026-05-16 22:14:34,872 - INFO - Total Loops: 5
2026-05-16 22:14:34,872 - INFO - Agent Turns (no vote checker): 15
2026-05-16 22:14:34,872 - INFO - Agent Tool Calls: 0
2026-05-16 22:14:34,872 - INFO - Agent Tool Messages: 0
2026-05-16 22:14:34,872 - INFO - Memory Updates: 45
2026-05-16 22:14:34,872 - INFO - Total Messages (no vote checker): 15
2026-05-16 22:14:34,872 - INFO - Input Tokens: 122467
2026-05-16 22:14:34,872 - INFO - Output Tokens: 44892
2026-05-16 22:14:34,872 - INFO - Total Tokens: 167359
2026-05-16 22:14:34,872 - INFO - Final Chosen Candidate: Candidate B
2026-05-16 22:14:34,872 - INFO - Final Decision Method: max_round_majority_vote
2026-05-16 22:14:34,872 - INFO - Final Vote Count: {'Candidate A': 1, 'Candidate B': 2}
2026-05-16 22:14:34,872 - INFO - Correct Candidate: Candidate C
2026-05-16 22:14:34,872 - INFO - Decision Correct: 0
2026-05-16 22:14:34,872 - INFO - Runtime: 256.31s
2026-05-16 22:14:34,872 - INFO - ======================================================================
