2026-05-06 18:26:57,598 - INFO - Metrics tracker initialized
{"id": 1, "ts": 1778084817.6322942, "event": "memory_reset"}
{"id": 2, "ts": 1778084817.6366954, "event": "discussion_order", "round": 1, "order": ["agent_2", "agent_1", "agent_3"]}
2026-05-06 18:27:02,922 - INFO - Tokens - Input: 1689, Output: 539, Total: 2228
{"id": 3, "ts": 1778084822.9241145, "event": "public_discussion_message", "round": 1, "agent": "agent_2", "message": "I prefer Candidate A; noted as a show\u2011off.\nMETADATA_JSON:\n{\"agent\": \"agent_2\", \"vote\": \"Candidate A\"}"}
2026-05-06 18:27:02,924 - INFO - Agent turns: 1
2026-05-06 18:27:13,543 - INFO - Tokens - Input: 1190, Output: 1309, Total: 2499
2026-05-06 18:27:13,545 - INFO - Memory updates: 1
{"id": 4, "ts": 1778084833.5454588, "event": "memory_updated", "agent": "agent_3", "round": 1}
2026-05-06 18:27:13,978 - INFO - Tokens - Input: 1195, Output: 1616, Total: 2811
2026-05-06 18:27:13,979 - INFO - Memory updates: 2
{"id": 5, "ts": 1778084833.9797919, "event": "memory_updated", "agent": "agent_1", "round": 1}
2026-05-06 18:27:16,786 - INFO - Tokens - Input: 1198, Output: 1701, Total: 2899
2026-05-06 18:27:16,789 - INFO - Memory updates: 3
{"id": 6, "ts": 1778084836.789202, "event": "memory_updated", "agent": "agent_2", "round": 1}
2026-05-06 18:27:18,374 - INFO - Tokens - Input: 2346, Output: 139, Total: 2485
{"id": 7, "ts": 1778084838.3763847, "event": "public_discussion_message", "round": 1, "agent": "agent_1", "message": "I prefer Candidate A; however, they can be unorganized.\nMETADATA_JSON:\n{\"agent\": \"agent_1\", \"vote\": \"Candidate A\"}"}
2026-05-06 18:27:18,376 - INFO - Agent turns: 2
2026-05-06 18:27:22,647 - INFO - Tokens - Input: 1803, Output: 627, Total: 2430
2026-05-06 18:27:22,649 - INFO - Memory updates: 4
{"id": 8, "ts": 1778084842.6496294, "event": "memory_updated", "agent": "agent_2", "round": 1}
2026-05-06 18:27:26,623 - INFO - Tokens - Input: 1763, Output: 1062, Total: 2825
2026-05-06 18:27:26,625 - INFO - Memory updates: 5
{"id": 9, "ts": 1778084846.6257331, "event": "memory_updated", "agent": "agent_3", "round": 1}
2026-05-06 18:27:30,006 - INFO - Tokens - Input: 1862, Output: 1318, Total: 3180
2026-05-06 18:27:30,008 - INFO - Memory updates: 6
{"id": 10, "ts": 1778084850.0081625, "event": "memory_updated", "agent": "agent_1", "round": 1}
2026-05-06 18:27:32,657 - INFO - Tokens - Input: 2331, Output: 353, Total: 2684
{"id": 11, "ts": 1778084852.659119, "event": "public_discussion_message", "round": 1, "agent": "agent_3", "message": "Candidate B \u2013 handles stress very well.\nMETADATA_JSON:\n{\"agent\": \"agent_3\", \"vote\": \"Candidate B\"}"}
2026-05-06 18:27:32,659 - INFO - Agent turns: 3
2026-05-06 18:27:39,283 - INFO - Tokens - Input: 1867, Output: 1022, Total: 2889
2026-05-06 18:27:39,285 - INFO - Memory updates: 7
{"id": 12, "ts": 1778084859.2854536, "event": "memory_updated", "agent": "agent_1", "round": 1}
2026-05-06 18:27:40,206 - INFO - Tokens - Input: 1447, Output: 1034, Total: 2481
2026-05-06 18:27:40,208 - INFO - Memory updates: 8
{"id": 13, "ts": 1778084860.2084248, "event": "memory_updated", "agent": "agent_2", "round": 1}
2026-05-06 18:27:44,174 - INFO - Tokens - Input: 1837, Output: 1231, Total: 3068
2026-05-06 18:27:44,176 - INFO - Memory updates: 9
{"id": 14, "ts": 1778084864.176183, "event": "memory_updated", "agent": "agent_3", "round": 1}
2026-05-06 18:27:44,184 - INFO - Loop 1 completed
{"id": 15, "ts": 1778084864.1898255, "event": "discussion_order", "round": 2, "order": ["agent_1", "agent_2", "agent_3"]}
2026-05-06 18:27:45,922 - INFO - Tokens - Input: 2317, Output: 124, Total: 2441
{"id": 16, "ts": 1778084865.9235194, "event": "public_discussion_message", "round": 2, "agent": "agent_1", "message": "Candidate A \u2013 can be unorganized.\nMETADATA_JSON:\n{\"agent\": \"agent_1\", \"vote\": \"Candidate A\"}"}
2026-05-06 18:27:45,923 - INFO - Agent turns: 4
2026-05-06 18:27:53,762 - INFO - Tokens - Input: 1951, Output: 1169, Total: 3120
2026-05-06 18:27:53,764 - INFO - Memory updates: 10
{"id": 17, "ts": 1778084873.7644627, "event": "memory_updated", "agent": "agent_3", "round": 2}
2026-05-06 18:27:54,707 - INFO - Tokens - Input: 1805, Output: 1039, Total: 2844
2026-05-06 18:27:54,708 - INFO - Memory updates: 11
{"id": 18, "ts": 1778084874.7088706, "event": "memory_updated", "agent": "agent_1", "round": 2}
2026-05-06 18:27:55,890 - INFO - Tokens - Input: 1482, Output: 1257, Total: 2739
2026-05-06 18:27:55,892 - INFO - Memory updates: 12
{"id": 19, "ts": 1778084875.8921654, "event": "memory_updated", "agent": "agent_2", "round": 2}
2026-05-06 18:27:57,123 - INFO - Tokens - Input: 2013, Output: 146, Total: 2159
{"id": 20, "ts": 1778084877.1248631, "event": "public_discussion_message", "round": 2, "agent": "agent_2", "message": "Candidate A \u2013 anticipates dangerous situations.\nMETADATA_JSON:\n{\"agent\": \"agent_2\", \"vote\": \"Candidate A\"}"}
2026-05-06 18:27:57,125 - INFO - Agent turns: 5
2026-05-06 18:28:01,085 - INFO - Tokens - Input: 1519, Output: 805, Total: 2324
2026-05-06 18:28:01,087 - INFO - Memory updates: 13
{"id": 21, "ts": 1778084881.0876513, "event": "memory_updated", "agent": "agent_2", "round": 2}
2026-05-06 18:28:04,390 - INFO - Tokens - Input: 1851, Output: 1148, Total: 2999
2026-05-06 18:28:04,392 - INFO - Memory updates: 14
{"id": 22, "ts": 1778084884.3923059, "event": "memory_updated", "agent": "agent_1", "round": 2}
2026-05-06 18:28:07,811 - INFO - Tokens - Input: 1983, Output: 1553, Total: 3536
2026-05-06 18:28:07,813 - INFO - Memory updates: 15
{"id": 23, "ts": 1778084887.8133712, "event": "memory_updated", "agent": "agent_3", "round": 2}
2026-05-06 18:28:08,665 - INFO - Tokens - Input: 2505, Output: 142, Total: 2647
{"id": 24, "ts": 1778084888.666998, "event": "public_discussion_message", "round": 2, "agent": "agent_3", "message": "I still favor Candidate\u202fB \u2013 very conscientious.\nMETADATA_JSON:\n{\"agent\": \"agent_3\", \"vote\": \"Candidate B\"}"}
2026-05-06 18:28:08,667 - INFO - Agent turns: 6
2026-05-06 18:28:13,501 - INFO - Tokens - Input: 2015, Output: 809, Total: 2824
2026-05-06 18:28:13,503 - INFO - Memory updates: 16
{"id": 25, "ts": 1778084893.503427, "event": "memory_updated", "agent": "agent_3", "round": 2}
2026-05-06 18:28:14,914 - INFO - Tokens - Input: 1871, Output: 1172, Total: 3043
2026-05-06 18:28:14,916 - INFO - Memory updates: 17
{"id": 26, "ts": 1778084894.9166603, "event": "memory_updated", "agent": "agent_1", "round": 2}
2026-05-06 18:28:16,012 - INFO - Tokens - Input: 1619, Output: 953, Total: 2572
2026-05-06 18:28:16,014 - INFO - Memory updates: 18
{"id": 27, "ts": 1778084896.0146608, "event": "memory_updated", "agent": "agent_2", "round": 2}
2026-05-06 18:28:16,023 - INFO - Loop 2 completed
{"id": 28, "ts": 1778084896.0298855, "event": "discussion_order", "round": 3, "order": ["agent_3", "agent_2", "agent_1"]}
2026-05-06 18:28:17,153 - INFO - Tokens - Input: 2260, Output: 157, Total: 2417
{"id": 29, "ts": 1778084897.1548328, "event": "public_discussion_message", "round": 3, "agent": "agent_3", "message": "Candidate B \u2013 handles stress well.\nMETADATA_JSON:\n{\"agent\": \"agent_3\", \"vote\": \"Candidate B\"}"}
2026-05-06 18:28:17,154 - INFO - Agent turns: 7
2026-05-06 18:28:25,107 - INFO - Tokens - Input: 1746, Output: 1023, Total: 2769
2026-05-06 18:28:25,109 - INFO - Memory updates: 19
{"id": 30, "ts": 1778084905.109593, "event": "memory_updated", "agent": "agent_3", "round": 3}
2026-05-06 18:28:25,595 - INFO - Tokens - Input: 2034, Output: 942, Total: 2976
2026-05-06 18:28:25,596 - INFO - Memory updates: 20
{"id": 31, "ts": 1778084905.596971, "event": "memory_updated", "agent": "agent_1", "round": 3}
2026-05-06 18:28:25,632 - INFO - Tokens - Input: 1662, Output: 1043, Total: 2705
2026-05-06 18:28:25,634 - INFO - Memory updates: 21
{"id": 32, "ts": 1778084905.634242, "event": "memory_updated", "agent": "agent_2", "round": 3}
2026-05-06 18:28:26,720 - INFO - Tokens - Input: 2319, Output: 124, Total: 2443
{"id": 33, "ts": 1778084906.721835, "event": "public_discussion_message", "round": 3, "agent": "agent_2", "message": "Candidate A \u2013 anticipates dangerous situations.\nMETADATA_JSON:\n{\"agent\": \"agent_2\", \"vote\": \"Candidate A\"}"}
2026-05-06 18:28:26,722 - INFO - Agent turns: 8
2026-05-06 18:28:33,741 - INFO - Tokens - Input: 1825, Output: 830, Total: 2655
2026-05-06 18:28:33,743 - INFO - Memory updates: 22
{"id": 34, "ts": 1778084913.7436502, "event": "memory_updated", "agent": "agent_2", "round": 3}
2026-05-06 18:28:34,557 - INFO - Tokens - Input: 1732, Output: 936, Total: 2668
2026-05-06 18:28:34,561 - INFO - Memory updates: 23
{"id": 35, "ts": 1778084914.5611932, "event": "memory_updated", "agent": "agent_1", "round": 3}
2026-05-06 18:28:39,120 - INFO - Tokens - Input: 1805, Output: 970, Total: 2775
2026-05-06 18:28:39,122 - INFO - Memory updates: 24
{"id": 36, "ts": 1778084919.122479, "event": "memory_updated", "agent": "agent_3", "round": 3}
2026-05-06 18:28:40,497 - INFO - Tokens - Input: 2292, Output: 95, Total: 2387
{"id": 37, "ts": 1778084920.4991288, "event": "public_discussion_message", "round": 3, "agent": "agent_1", "message": "Candidate A \u2013 can be unorganized.\nMETADATA_JSON:\n{\"agent\": \"agent_1\", \"vote\": \"Candidate A\"}"}
2026-05-06 18:28:40,499 - INFO - Agent turns: 9
2026-05-06 18:28:47,151 - INFO - Tokens - Input: 1798, Output: 850, Total: 2648
2026-05-06 18:28:47,153 - INFO - Memory updates: 25
{"id": 38, "ts": 1778084927.153266, "event": "memory_updated", "agent": "agent_1", "round": 3}
2026-05-06 18:28:48,054 - INFO - Tokens - Input: 1852, Output: 903, Total: 2755
2026-05-06 18:28:48,056 - INFO - Memory updates: 26
{"id": 39, "ts": 1778084928.0567017, "event": "memory_updated", "agent": "agent_2", "round": 3}
2026-05-06 18:28:48,456 - INFO - Tokens - Input: 1841, Output: 1065, Total: 2906
2026-05-06 18:28:48,458 - INFO - Memory updates: 27
{"id": 40, "ts": 1778084928.458424, "event": "memory_updated", "agent": "agent_3", "round": 3}
2026-05-06 18:28:48,466 - INFO - Loop 3 completed
{"id": 41, "ts": 1778084928.4721987, "event": "discussion_order", "round": 4, "order": ["agent_2", "agent_1", "agent_3"]}
2026-05-06 18:28:49,426 - INFO - Tokens - Input: 2407, Output: 137, Total: 2544
{"id": 42, "ts": 1778084929.4276712, "event": "public_discussion_message", "round": 4, "agent": "agent_2", "message": "Candidate A \u2013 anticipates dangerous situations.\nMETADATA_JSON:\n{\"agent\": \"agent_2\", \"vote\": \"Candidate A\"}"}
2026-05-06 18:28:49,427 - INFO - Agent turns: 10
2026-05-06 18:28:56,578 - INFO - Tokens - Input: 1810, Output: 896, Total: 2706
2026-05-06 18:28:56,580 - INFO - Memory updates: 28
{"id": 43, "ts": 1778084936.5802476, "event": "memory_updated", "agent": "agent_1", "round": 4}
2026-05-06 18:28:57,032 - INFO - Tokens - Input: 1854, Output: 1044, Total: 2898
2026-05-06 18:28:57,034 - INFO - Memory updates: 29
{"id": 44, "ts": 1778084937.0350344, "event": "memory_updated", "agent": "agent_3", "round": 4}
2026-05-06 18:28:58,436 - INFO - Tokens - Input: 1895, Output: 1029, Total: 2924
2026-05-06 18:28:58,438 - INFO - Memory updates: 30
{"id": 45, "ts": 1778084938.438573, "event": "memory_updated", "agent": "agent_2", "round": 4}
2026-05-06 18:28:59,515 - INFO - Tokens - Input: 2316, Output: 121, Total: 2437
{"id": 46, "ts": 1778084939.5171926, "event": "public_discussion_message", "round": 4, "agent": "agent_1", "message": "Candidate A \u2013 can be unorganized.\nMETADATA_JSON:\n{\"agent\": \"agent_1\", \"vote\": \"Candidate A\"}"}
2026-05-06 18:28:59,517 - INFO - Agent turns: 11
2026-05-06 18:29:05,709 - INFO - Tokens - Input: 1822, Output: 719, Total: 2541
2026-05-06 18:29:05,710 - INFO - Memory updates: 31
{"id": 47, "ts": 1778084945.7110326, "event": "memory_updated", "agent": "agent_1", "round": 4}
2026-05-06 18:29:07,093 - INFO - Tokens - Input: 1932, Output: 902, Total: 2834
2026-05-06 18:29:07,095 - INFO - Memory updates: 32
{"id": 48, "ts": 1778084947.09556, "event": "memory_updated", "agent": "agent_2", "round": 4}
2026-05-06 18:29:11,634 - INFO - Tokens - Input: 1865, Output: 1506, Total: 3371
2026-05-06 18:29:11,636 - INFO - Memory updates: 33
{"id": 49, "ts": 1778084951.6365204, "event": "memory_updated", "agent": "agent_3", "round": 4}
2026-05-06 18:29:12,685 - INFO - Tokens - Input: 2386, Output: 148, Total: 2534
{"id": 50, "ts": 1778084952.686573, "event": "public_discussion_message", "round": 4, "agent": "agent_3", "message": "Candidate B \u2013 good at assessing weather conditions.\nMETADATA_JSON:\n{\"agent\": \"agent_3\", \"vote\": \"Candidate B\"}"}
2026-05-06 18:29:12,686 - INFO - Agent turns: 12
2026-05-06 18:29:18,131 - INFO - Tokens - Input: 1864, Output: 947, Total: 2811
2026-05-06 18:29:18,133 - INFO - Memory updates: 34
{"id": 51, "ts": 1778084958.1334195, "event": "memory_updated", "agent": "agent_1", "round": 4}
2026-05-06 18:29:19,897 - INFO - Tokens - Input: 1894, Output: 982, Total: 2876
2026-05-06 18:29:19,899 - INFO - Memory updates: 35
{"id": 52, "ts": 1778084959.899541, "event": "memory_updated", "agent": "agent_3", "round": 4}
2026-05-06 18:29:23,803 - INFO - Tokens - Input: 1972, Output: 1570, Total: 3542
2026-05-06 18:29:23,804 - INFO - Memory updates: 36
{"id": 53, "ts": 1778084963.8048782, "event": "memory_updated", "agent": "agent_2", "round": 4}
2026-05-06 18:29:23,814 - INFO - Loop 4 completed
{"id": 54, "ts": 1778084963.8208778, "event": "discussion_order", "round": 5, "order": ["agent_2", "agent_1", "agent_3"]}
2026-05-06 18:29:25,311 - INFO - Tokens - Input: 2523, Output: 149, Total: 2672
{"id": 55, "ts": 1778084965.3129482, "event": "public_discussion_message", "round": 5, "agent": "agent_2", "message": "Candidate A \u2013 anticipates dangerous situations.\nMETADATA_JSON:\n{\"agent\": \"agent_2\", \"vote\": \"Candidate A\"}"}
2026-05-06 18:29:25,313 - INFO - Agent turns: 13
2026-05-06 18:29:29,457 - INFO - Tokens - Input: 1919, Output: 658, Total: 2577
2026-05-06 18:29:29,459 - INFO - Memory updates: 37
{"id": 56, "ts": 1778084969.459778, "event": "memory_updated", "agent": "agent_3", "round": 5}
2026-05-06 18:29:31,898 - INFO - Tokens - Input: 2011, Output: 939, Total: 2950
2026-05-06 18:29:31,900 - INFO - Memory updates: 38
{"id": 57, "ts": 1778084971.900653, "event": "memory_updated", "agent": "agent_2", "round": 5}
2026-05-06 18:29:31,940 - INFO - Tokens - Input: 1909, Output: 921, Total: 2830
2026-05-06 18:29:31,942 - INFO - Memory updates: 39
{"id": 58, "ts": 1778084971.9425118, "event": "memory_updated", "agent": "agent_1", "round": 5}
2026-05-06 18:29:33,458 - INFO - Tokens - Input: 2412, Output: 136, Total: 2548
{"id": 59, "ts": 1778084973.4596624, "event": "public_discussion_message", "round": 5, "agent": "agent_1", "message": "Candidate A \u2013 can be unorganized.\nMETADATA_JSON:\n{\"agent\": \"agent_1\", \"vote\": \"Candidate A\"}"}
2026-05-06 18:29:33,459 - INFO - Agent turns: 14
2026-05-06 18:29:40,545 - INFO - Tokens - Input: 1776, Output: 969, Total: 2745
2026-05-06 18:29:40,547 - INFO - Memory updates: 40
{"id": 60, "ts": 1778084980.5475218, "event": "memory_updated", "agent": "agent_3", "round": 5}
2026-05-06 18:29:41,128 - INFO - Tokens - Input: 1918, Output: 803, Total: 2721
2026-05-06 18:29:41,132 - INFO - Memory updates: 41
{"id": 61, "ts": 1778084981.1323462, "event": "memory_updated", "agent": "agent_1", "round": 5}
2026-05-06 18:29:41,256 - INFO - Tokens - Input: 2047, Output: 1033, Total: 3080
2026-05-06 18:29:41,257 - INFO - Memory updates: 42
{"id": 62, "ts": 1778084981.2580135, "event": "memory_updated", "agent": "agent_2", "round": 5}
2026-05-06 18:29:42,224 - INFO - Tokens - Input: 2340, Output: 128, Total: 2468
{"id": 63, "ts": 1778084982.2251675, "event": "public_discussion_message", "round": 5, "agent": "agent_3", "message": "Candidate B \u2013 handles stress well.\nMETADATA_JSON:\n{\"agent\": \"agent_3\", \"vote\": \"Candidate B\"}"}
2026-05-06 18:29:42,225 - INFO - Agent turns: 15
2026-05-06 18:29:48,060 - INFO - Tokens - Input: 1844, Output: 828, Total: 2672
2026-05-06 18:29:48,062 - INFO - Memory updates: 43
{"id": 64, "ts": 1778084988.0627263, "event": "memory_updated", "agent": "agent_3", "round": 5}
2026-05-06 18:29:48,776 - INFO - Tokens - Input: 1970, Output: 888, Total: 2858
2026-05-06 18:29:48,778 - INFO - Memory updates: 44
{"id": 65, "ts": 1778084988.7783322, "event": "memory_updated", "agent": "agent_1", "round": 5}
2026-05-06 18:29:48,892 - INFO - Tokens - Input: 2034, Output: 923, Total: 2957
2026-05-06 18:29:48,893 - INFO - Memory updates: 45
{"id": 66, "ts": 1778084988.894134, "event": "memory_updated", "agent": "agent_2", "round": 5}
2026-05-06 18:29:48,903 - INFO - Loop 5 completed
2026-05-06 18:29:48,903 - INFO - Final Chosen Candidate: Candidate A
2026-05-06 18:29:48,903 - INFO - Final Decision Method: max_round_majority_vote
2026-05-06 18:29:48,903 - INFO - Final Vote Count: {'Candidate A': 2, 'Candidate B': 1}
2026-05-06 18:29:48,903 - INFO - Correct Candidate: Candidate C
2026-05-06 18:29:48,903 - INFO - Decision Correct: 0
{"id": 67, "ts": 1778084989.218702, "event": "context_consistency_calculated", "method": "embedding_cosine", "mean_pairwise_similarity": 0.806702, "pairwise": [{"agent_a": "agent_1", "agent_b": "agent_2", "similarity": 0.905726}, {"agent_a": "agent_1", "agent_b": "agent_3", "similarity": 0.785896}, {"agent_a": "agent_2", "agent_b": "agent_3", "similarity": 0.728485}]}
{"id": 68, "ts": 1778084989.2188654, "event": "agent_memories_archived", "directory": "/home/lhegemann/git/bachelor_thesis/01_data/raw/simulations/low/low_20260506_181837_004/shared_mental_models", "round": 5}
{"id": 69, "ts": 1778084989.2189786, "event": "final_decision", "candidate": "Candidate A", "method": "max_round_majority_vote", "vote_count": {"Candidate A": 2, "Candidate B": 1}, "correct_candidate": "Candidate C", "decision_correct": 0, "round": 5}
2026-05-06 18:29:49,232 - INFO - ======================================================================
2026-05-06 18:29:49,232 - INFO - SIMULATION METRICS
2026-05-06 18:29:49,232 - INFO - ======================================================================
2026-05-06 18:29:49,232 - INFO - Total Loops: 5
2026-05-06 18:29:49,232 - INFO - Agent Turns (no vote checker): 15
2026-05-06 18:29:49,233 - INFO - Agent Tool Calls: 0
2026-05-06 18:29:49,233 - INFO - Agent Tool Messages: 0
2026-05-06 18:29:49,233 - INFO - Memory Updates: 45
2026-05-06 18:29:49,233 - INFO - Total Messages (no vote checker): 15
2026-05-06 18:29:49,233 - INFO - Input Tokens: 115345
2026-05-06 18:29:49,233 - INFO - Output Tokens: 49582
2026-05-06 18:29:49,233 - INFO - Total Tokens: 164927
2026-05-06 18:29:49,233 - INFO - Final Chosen Candidate: Candidate A
2026-05-06 18:29:49,233 - INFO - Final Decision Method: max_round_majority_vote
2026-05-06 18:29:49,233 - INFO - Final Vote Count: {'Candidate A': 2, 'Candidate B': 1}
2026-05-06 18:29:49,233 - INFO - Correct Candidate: Candidate C
2026-05-06 18:29:49,234 - INFO - Decision Correct: 0
2026-05-06 18:29:49,234 - INFO - Runtime: 171.63s
2026-05-06 18:29:49,234 - INFO - ======================================================================
