2026-05-08 23:42:56,858 - INFO - Metrics tracker initialized
{"id": 1, "ts": 1778276576.8845007, "event": "memory_reset"}
{"id": 2, "ts": 1778276576.890263, "event": "discussion_order", "round": 1, "order": ["agent_2", "agent_3", "agent_1"]}
2026-05-08 23:43:00,886 - INFO - Tokens - Input: 1716, Output: 215, Total: 1931
2026-05-08 23:43:06,053 - INFO - Tokens - Input: 1131, Output: 495, Total: 1626
2026-05-08 23:43:06,055 - INFO - Memory updates: 1
{"id": 3, "ts": 1778276586.0559232, "event": "memory_updated", "agent": "agent_1", "round": 1}
2026-05-08 23:43:12,968 - INFO - Tokens - Input: 1134, Output: 1548, Total: 2682
2026-05-08 23:43:12,969 - INFO - Memory updates: 2
{"id": 4, "ts": 1778276592.9699972, "event": "memory_updated", "agent": "agent_2", "round": 1}
2026-05-08 23:43:16,332 - INFO - Tokens - Input: 1126, Output: 735, Total: 1861
2026-05-08 23:43:16,334 - INFO - Memory updates: 3
{"id": 5, "ts": 1778276596.3342917, "event": "memory_updated", "agent": "agent_3", "round": 1}
2026-05-08 23:43:23,646 - INFO - Tokens - Input: 1765, Output: 781, Total: 2546
{"id": 6, "ts": 1778276603.647826, "event": "public_discussion_message", "round": 1, "agent": "agent_3", "message": "I\u2019m leaning toward **Candidate\u202fB**. Their conscientiousness and strong stress\u2011handling give high reliability and calmness under pressure, while their weather\u2011assessment ability and computer skills support the technical demands of long\u2011haul flights. The main uncertainty is their pretentious demeanor and occasional wrong tone, which could hinder crew cooperation and atmosphere.\nMETADATA_JSON:\n{\"agent\": \"agent_3\", \"vote\": \"Candidate B\"}"}
2026-05-08 23:43:23,648 - INFO - Agent turns: 1
2026-05-08 23:43:33,531 - INFO - Tokens - Input: 1970, Output: 1336, Total: 3306
2026-05-08 23:43:33,532 - INFO - Memory updates: 4
{"id": 7, "ts": 1778276613.5329068, "event": "memory_updated", "agent": "agent_2", "round": 1}
2026-05-08 23:43:38,373 - INFO - Tokens - Input: 1361, Output: 1788, Total: 3149
2026-05-08 23:43:38,375 - INFO - Memory updates: 5
{"id": 8, "ts": 1778276618.3754478, "event": "memory_updated", "agent": "agent_1", "round": 1}
2026-05-08 23:43:41,110 - INFO - Tokens - Input: 1356, Output: 1174, Total: 2530
2026-05-08 23:43:41,111 - INFO - Memory updates: 6
{"id": 9, "ts": 1778276621.111921, "event": "memory_updated", "agent": "agent_3", "round": 1}
2026-05-08 23:43:45,461 - INFO - Tokens - Input: 2432, Output: 626, Total: 3058
{"id": 10, "ts": 1778276625.4631696, "event": "public_discussion_message", "round": 1, "agent": "agent_1", "message": "I\u2019m currently leaning toward **Candidate\u202fA**. Their ability to anticipate dangerous situations, see complex connections, and excellent spatial vision are critical for navigation and situational awareness on long\u2011haul flights, and their strong leadership qualities support crew coordination. The main uncertainty is A\u2019s tendency to be unorganized and to struggle with criticism, which could affect procedural discipline and crew feedback loops.\nMETADATA_JSON:\n{\"agent\": \"agent_1\", \"vote\": \"Candidate A\"}"}
2026-05-08 23:43:45,463 - INFO - Agent turns: 2
2026-05-08 23:43:52,661 - INFO - Tokens - Input: 1853, Output: 1013, Total: 2866
2026-05-08 23:43:52,663 - INFO - Memory updates: 7
{"id": 11, "ts": 1778276632.6635005, "event": "memory_updated", "agent": "agent_3", "round": 1}
2026-05-08 23:43:53,703 - INFO - Tokens - Input: 2031, Output: 1210, Total: 3241
2026-05-08 23:43:53,707 - INFO - Memory updates: 8
{"id": 12, "ts": 1778276633.7074125, "event": "memory_updated", "agent": "agent_2", "round": 1}
2026-05-08 23:43:54,610 - INFO - Tokens - Input: 2047, Output: 1279, Total: 3326
2026-05-08 23:43:54,612 - INFO - Memory updates: 9
{"id": 13, "ts": 1778276634.612736, "event": "memory_updated", "agent": "agent_1", "round": 1}
2026-05-08 23:43:54,621 - INFO - Loop 1 completed
{"id": 14, "ts": 1778276634.6284652, "event": "discussion_order", "round": 2, "order": ["agent_2", "agent_1", "agent_3"]}
2026-05-08 23:43:59,334 - INFO - Tokens - Input: 2446, Output: 656, Total: 3102
{"id": 15, "ts": 1778276639.3360167, "event": "public_discussion_message", "round": 2, "agent": "agent_2", "message": "I\u2019m leaning toward **Candidate\u202fA**. Their ability to anticipate dangerous situations, see complex connections, and excellent spatial vision are vital for navigation and situational awareness on long\u2011haul flights, and their strong leadership qualities support crew coordination. The main trade\u2011off is their tendency to be unorganized and to struggle with criticism, which could undermine procedural discipline and crew feedback in a high\u2011stress, multi\u2011hour environment.\nMETADATA_JSON:\n{\"agent\": \"agent_2\", \"vote\": \"Candidate A\"}"}
2026-05-08 23:43:59,336 - INFO - Agent turns: 3
2026-05-08 23:44:06,232 - INFO - Tokens - Input: 2348, Output: 959, Total: 3307
2026-05-08 23:44:06,234 - INFO - Memory updates: 10
{"id": 16, "ts": 1778276646.2344456, "event": "memory_updated", "agent": "agent_1", "round": 2}
2026-05-08 23:44:07,092 - INFO - Tokens - Input: 1959, Output: 1059, Total: 3018
2026-05-08 23:44:07,093 - INFO - Memory updates: 11
{"id": 17, "ts": 1778276647.0940003, "event": "memory_updated", "agent": "agent_3", "round": 2}
2026-05-08 23:44:10,078 - INFO - Tokens - Input: 2061, Output: 1431, Total: 3492
2026-05-08 23:44:10,079 - INFO - Memory updates: 12
{"id": 18, "ts": 1778276650.0800872, "event": "memory_updated", "agent": "agent_2", "round": 2}
2026-05-08 23:44:11,877 - INFO - Tokens - Input: 2395, Output: 216, Total: 2611
{"id": 19, "ts": 1778276651.879226, "event": "public_discussion_message", "round": 2, "agent": "agent_1", "message": "I continue to favor **Candidate\u202fA**. Their strong situational awareness\u2014anticipating dangerous situations, seeing complex connections, and excellent spatial vision\u2014directly supports safe navigation on long\u2011haul flights, and their very good leadership qualities help maintain crew coordination. The main uncertainty is A\u2019s tendency to be unorganized and to struggle with criticism, which could affect procedural discipline and crew feedback in high\u2011stress, multi\u2011hour operations.\nMETADATA_JSON:\n{\"agent\": \"agent_1\", \"vote\": \"Candidate A\"}"}
2026-05-08 23:44:11,879 - INFO - Agent turns: 4
2026-05-08 23:44:18,339 - INFO - Tokens - Input: 2032, Output: 854, Total: 2886
2026-05-08 23:44:18,341 - INFO - Memory updates: 13
{"id": 20, "ts": 1778276658.3414068, "event": "memory_updated", "agent": "agent_1", "round": 2}
2026-05-08 23:44:20,352 - INFO - Tokens - Input: 2049, Output: 1184, Total: 3233
2026-05-08 23:44:20,354 - INFO - Memory updates: 14
{"id": 21, "ts": 1778276660.3546395, "event": "memory_updated", "agent": "agent_3", "round": 2}
2026-05-08 23:44:21,299 - INFO - Tokens - Input: 2327, Output: 1335, Total: 3662
2026-05-08 23:44:21,301 - INFO - Memory updates: 15
{"id": 22, "ts": 1778276661.3016193, "event": "memory_updated", "agent": "agent_2", "round": 2}
2026-05-08 23:44:24,039 - INFO - Tokens - Input: 2557, Output: 401, Total: 2958
{"id": 23, "ts": 1778276664.0415003, "event": "public_discussion_message", "round": 2, "agent": "agent_3", "message": "I continue to favor **Candidate\u202fB**. Their very conscientious nature and strong stress\u2011handling ability give high reliability and calmness under the long\u2011haul pressures, while their skill in assessing weather and excellent computer proficiency support the technical competence needed for long\u2011distance operations. The main uncertainty is their pretentious demeanor and occasional inappropriate tone, which could pose challenges for crew cooperation and a positive cockpit atmosphere.\nMETADATA_JSON:\n{\"agent\": \"agent_3\", \"vote\": \"Candidate B\"}"}
2026-05-08 23:44:24,041 - INFO - Agent turns: 5
2026-05-08 23:44:31,204 - INFO - Tokens - Input: 2180, Output: 1076, Total: 3256
2026-05-08 23:44:31,205 - INFO - Memory updates: 16
{"id": 24, "ts": 1778276671.2059634, "event": "memory_updated", "agent": "agent_3", "round": 2}
2026-05-08 23:44:32,177 - INFO - Tokens - Input: 2150, Output: 1138, Total: 3288
2026-05-08 23:44:32,179 - INFO - Memory updates: 17
{"id": 25, "ts": 1778276672.179913, "event": "memory_updated", "agent": "agent_1", "round": 2}
2026-05-08 23:44:33,646 - INFO - Tokens - Input: 2383, Output: 1232, Total: 3615
2026-05-08 23:44:33,647 - INFO - Memory updates: 18
{"id": 26, "ts": 1778276673.6480827, "event": "memory_updated", "agent": "agent_2", "round": 2}
2026-05-08 23:44:33,657 - INFO - Loop 2 completed
{"id": 27, "ts": 1778276673.6622825, "event": "discussion_order", "round": 3, "order": ["agent_3", "agent_1", "agent_2"]}
2026-05-08 23:44:38,348 - INFO - Tokens - Input: 2716, Output: 403, Total: 3119
{"id": 28, "ts": 1778276678.3503034, "event": "public_discussion_message", "round": 3, "agent": "agent_3", "message": "I continue to favor **Candidate\u202fB**. Their very conscientious nature and strong ability to handle stress give high reliability and calmness under the long\u2011haul pressures, while their skill in assessing weather and excellent computer proficiency support the technical competence needed for long\u2011distance operations. The main uncertainty is how the pretentious demeanor and occasional wrong tone might affect crew cooperation and cockpit atmosphere.\nMETADATA_JSON:\n{\"agent\": \"agent_3\", \"vote\": \"Candidate B\"}"}
2026-05-08 23:44:38,350 - INFO - Agent turns: 6
2026-05-08 23:44:45,095 - INFO - Tokens - Input: 2311, Output: 932, Total: 3243
2026-05-08 23:44:45,097 - INFO - Memory updates: 19
{"id": 29, "ts": 1778276685.0975237, "event": "memory_updated", "agent": "agent_3", "round": 3}
2026-05-08 23:44:45,195 - INFO - Tokens - Input: 2254, Output: 1052, Total: 3306
2026-05-08 23:44:45,197 - INFO - Memory updates: 20
{"id": 30, "ts": 1778276685.1974664, "event": "memory_updated", "agent": "agent_1", "round": 3}
2026-05-08 23:44:50,660 - INFO - Tokens - Input: 2522, Output: 1126, Total: 3648
2026-05-08 23:44:50,662 - INFO - Memory updates: 21
{"id": 31, "ts": 1778276690.6623628, "event": "memory_updated", "agent": "agent_2", "round": 3}
2026-05-08 23:44:52,105 - INFO - Tokens - Input: 2754, Output: 217, Total: 2971
{"id": 32, "ts": 1778276692.1067865, "event": "public_discussion_message", "round": 3, "agent": "agent_1", "message": "I continue to favor **Candidate\u202fA**. Their strong situational awareness\u2014ability to anticipate dangerous situations, see complex connections, and excellent spatial vision\u2014directly supports safe navigation on long\u2011haul flights, and their very good leadership qualities help maintain effective crew coordination. The main trade\u2011off is A\u2019s tendency to be unorganized and to struggle with criticism, which could affect procedural discipline and crew feedback under prolonged stress.\nMETADATA_JSON:\n{\"agent\": \"agent_1\", \"vote\": \"Candidate A\"}"}
2026-05-08 23:44:52,106 - INFO - Agent turns: 7
2026-05-08 23:44:58,455 - INFO - Tokens - Input: 2387, Output: 861, Total: 3248
2026-05-08 23:44:58,457 - INFO - Memory updates: 22
{"id": 33, "ts": 1778276698.457658, "event": "memory_updated", "agent": "agent_1", "round": 3}
2026-05-08 23:45:00,098 - INFO - Tokens - Input: 2513, Output: 1092, Total: 3605
2026-05-08 23:45:00,100 - INFO - Memory updates: 23
{"id": 34, "ts": 1778276700.1003702, "event": "memory_updated", "agent": "agent_2", "round": 3}
2026-05-08 23:45:02,113 - INFO - Tokens - Input: 2348, Output: 1056, Total: 3404
2026-05-08 23:45:02,115 - INFO - Memory updates: 24
{"id": 35, "ts": 1778276702.115165, "event": "memory_updated", "agent": "agent_3", "round": 3}
2026-05-08 23:45:06,071 - INFO - Tokens - Input: 2912, Output: 529, Total: 3441
{"id": 36, "ts": 1778276706.0725484, "event": "public_discussion_message", "round": 3, "agent": "agent_2", "message": "I\u2019m currently favoring **Candidate\u202fB**. Their very conscientious nature and proven ability to handle stress give strong reliability and calmness under the prolonged pressures of long\u2011haul flights, while their skill in assessing weather and excellent computer abilities support the technical demands of such routes. The main uncertainty is their tendency to make nasty remarks and adopt a pretentious tone, which could undermine crew cooperation and cockpit atmosphere.\nMETADATA_JSON:\n{\"agent\": \"agent_2\", \"vote\": \"Candidate B\"}"}
2026-05-08 23:45:06,072 - INFO - Agent turns: 8
2026-05-08 23:45:12,817 - INFO - Tokens - Input: 2401, Output: 936, Total: 3337
2026-05-08 23:45:12,819 - INFO - Memory updates: 25
{"id": 37, "ts": 1778276712.8196979, "event": "memory_updated", "agent": "agent_3", "round": 3}
2026-05-08 23:45:14,183 - INFO - Tokens - Input: 2537, Output: 1082, Total: 3619
2026-05-08 23:45:14,185 - INFO - Memory updates: 26
{"id": 38, "ts": 1778276714.1853898, "event": "memory_updated", "agent": "agent_2", "round": 3}
2026-05-08 23:45:16,849 - INFO - Tokens - Input: 2481, Output: 1398, Total: 3879
2026-05-08 23:45:16,851 - INFO - Memory updates: 27
{"id": 39, "ts": 1778276716.8511984, "event": "memory_updated", "agent": "agent_1", "round": 3}
2026-05-08 23:45:16,860 - INFO - Loop 3 completed
{"id": 40, "ts": 1778276716.8662128, "event": "discussion_order", "round": 4, "order": ["agent_1", "agent_2", "agent_3"]}
2026-05-08 23:45:19,071 - INFO - Tokens - Input: 2978, Output: 281, Total: 3259
{"id": 41, "ts": 1778276719.072904, "event": "public_discussion_message", "round": 4, "agent": "agent_1", "message": "I continue to favor **Candidate\u202fA**. Their ability to anticipate dangerous situations, see complex connections, and excellent spatial vision give superior situational awareness essential for long\u2011haul navigation, and their very good leadership supports effective crew coordination. The main trade\u2011off is A\u2019s tendency to be unorganized and to struggle with criticism, which could impact procedural discipline and feedback loops under prolonged stress.\nMETADATA_JSON:\n{\"agent\": \"agent_1\", \"vote\": \"Candidate A\"}"}
2026-05-08 23:45:19,073 - INFO - Agent turns: 9
2026-05-08 23:45:25,331 - INFO - Tokens - Input: 2509, Output: 849, Total: 3358
2026-05-08 23:45:25,332 - INFO - Memory updates: 28
{"id": 42, "ts": 1778276725.3330584, "event": "memory_updated", "agent": "agent_3", "round": 4}
2026-05-08 23:45:26,164 - INFO - Tokens - Input: 2579, Output: 956, Total: 3535
2026-05-08 23:45:26,166 - INFO - Memory updates: 29
{"id": 43, "ts": 1778276726.166758, "event": "memory_updated", "agent": "agent_1", "round": 4}
2026-05-08 23:45:27,966 - INFO - Tokens - Input: 2662, Output: 1128, Total: 3790
2026-05-08 23:45:27,967 - INFO - Memory updates: 30
{"id": 44, "ts": 1778276727.9678679, "event": "memory_updated", "agent": "agent_2", "round": 4}
2026-05-08 23:45:32,434 - INFO - Tokens - Input: 3180, Output: 587, Total: 3767
{"id": 45, "ts": 1778276732.436385, "event": "public_discussion_message", "round": 4, "agent": "agent_2", "message": "I\u2019m still favoring **Candidate\u202fB**. Their strong conscientiousness gives high reliability, and their proven ability to handle stress ensures calmness on ultra\u2011long flights; together with good weather\u2011assessment and computer skills they meet the technical demands of long\u2011distance routes. The main uncertainty is their tendency to make nasty remarks and adopt a pretentious tone, which could undermine crew cooperation and cockpit atmosphere.\nMETADATA_JSON:\n{\"agent\": \"agent_2\", \"vote\": \"Candidate B\"}"}
2026-05-08 23:45:32,436 - INFO - Agent turns: 10
2026-05-08 23:45:40,751 - INFO - Tokens - Input: 2617, Output: 1112, Total: 3729
2026-05-08 23:45:40,753 - INFO - Memory updates: 31
{"id": 46, "ts": 1778276740.753334, "event": "memory_updated", "agent": "agent_3", "round": 4}
2026-05-08 23:45:45,572 - INFO - Tokens - Input: 2805, Output: 1201, Total: 4006
2026-05-08 23:45:45,574 - INFO - Memory updates: 32
{"id": 47, "ts": 1778276745.5745144, "event": "memory_updated", "agent": "agent_2", "round": 4}
2026-05-08 23:45:45,981 - INFO - Tokens - Input: 2658, Output: 1866, Total: 4524
2026-05-08 23:45:45,983 - INFO - Memory updates: 33
{"id": 48, "ts": 1778276745.983387, "event": "memory_updated", "agent": "agent_1", "round": 4}
2026-05-08 23:45:53,782 - INFO - Tokens - Input: 3102, Output: 1094, Total: 4196
{"id": 49, "ts": 1778276753.7840586, "event": "public_discussion_message", "round": 4, "agent": "agent_3", "message": "I\u2019m now leaning toward **Candidate\u202fD**. Their strong problem\u2011solving ability, excellent concentration, and proven capacity to respond adequately to unexpected events give the technical competence and calmness needed for ultra\u2011long flights, while their serious sense of responsibility aligns with the high\u2011accountability nature of the role. The main uncertainty is their moodiness and reputation as a loner, which could affect crew cohesion on extended missions.\nMETADATA_JSON:\n{\"agent\": \"agent_3\", \"vote\": \"Candidate D\"}"}
2026-05-08 23:45:53,784 - INFO - Agent turns: 11
2026-05-08 23:46:02,247 - INFO - Tokens - Input: 2737, Output: 1139, Total: 3876
2026-05-08 23:46:02,249 - INFO - Memory updates: 34
{"id": 50, "ts": 1778276762.2499354, "event": "memory_updated", "agent": "agent_3", "round": 4}
2026-05-08 23:46:03,830 - INFO - Tokens - Input: 2968, Output: 1409, Total: 4377
2026-05-08 23:46:03,832 - INFO - Memory updates: 35
{"id": 51, "ts": 1778276763.8327212, "event": "memory_updated", "agent": "agent_2", "round": 4}
2026-05-08 23:46:05,180 - INFO - Tokens - Input: 2856, Output: 1685, Total: 4541
2026-05-08 23:46:05,182 - INFO - Memory updates: 36
{"id": 52, "ts": 1778276765.1829045, "event": "memory_updated", "agent": "agent_1", "round": 4}
2026-05-08 23:46:05,192 - INFO - Loop 4 completed
{"id": 53, "ts": 1778276765.1989393, "event": "discussion_order", "round": 5, "order": ["agent_2", "agent_1", "agent_3"]}
2026-05-08 23:46:14,599 - INFO - Tokens - Input: 3504, Output: 926, Total: 4430
{"id": 54, "ts": 1778276774.6010406, "event": "public_discussion_message", "round": 5, "agent": "agent_2", "message": "I continue to favor **Candidate\u202fB**. Their strong conscientiousness and proven ability to handle stress give high reliability and calmness on ultra\u2011long flights, while their skill in assessing weather and excellent computer abilities meet the technical demands of long\u2011distance routes. The main uncertainty is whether their tendency to make nasty remarks and adopt a pretentious tone could undermine crew cooperation and cockpit atmosphere.\nMETADATA_JSON:\n{\"agent\": \"agent_2\", \"vote\": \"Candidate B\"}"}
2026-05-08 23:46:14,601 - INFO - Agent turns: 12
2026-05-08 23:46:21,367 - INFO - Tokens - Input: 2875, Output: 1086, Total: 3961
2026-05-08 23:46:21,368 - INFO - Memory updates: 37
{"id": 55, "ts": 1778276781.3691275, "event": "memory_updated", "agent": "agent_3", "round": 5}
2026-05-08 23:46:22,121 - INFO - Tokens - Input: 3087, Output: 1235, Total: 4322
2026-05-08 23:46:22,123 - INFO - Memory updates: 38
{"id": 56, "ts": 1778276782.1237414, "event": "memory_updated", "agent": "agent_1", "round": 5}
2026-05-08 23:46:22,502 - INFO - Tokens - Input: 3096, Output: 1022, Total: 4118
2026-05-08 23:46:22,504 - INFO - Memory updates: 39
{"id": 57, "ts": 1778276782.5042558, "event": "memory_updated", "agent": "agent_2", "round": 5}
2026-05-08 23:46:24,278 - INFO - Tokens - Input: 3486, Output: 219, Total: 3705
{"id": 58, "ts": 1778276784.279852, "event": "public_discussion_message", "round": 5, "agent": "agent_1", "message": "I continue to favor **Candidate\u202fA**. Their ability to anticipate dangerous situations, perceive complex connections, and excellent spatial vision give superior situational awareness crucial for navigation on ultra\u2011long flights, and their very good leadership supports effective crew coordination. The main uncertainty is A\u2019s tendency to be unorganized and to struggle with criticism, which could affect procedural discipline and crew feedback during prolonged operations.\nMETADATA_JSON:\n{\"agent\": \"agent_1\", \"vote\": \"Candidate A\"}"}
2026-05-08 23:46:24,280 - INFO - Agent turns: 13
2026-05-08 23:46:30,195 - INFO - Tokens - Input: 3105, Output: 952, Total: 4057
2026-05-08 23:46:30,196 - INFO - Memory updates: 40
{"id": 59, "ts": 1778276790.1970823, "event": "memory_updated", "agent": "agent_1", "round": 5}
2026-05-08 23:46:32,049 - INFO - Tokens - Input: 3007, Output: 1062, Total: 4069
2026-05-08 23:46:32,051 - INFO - Memory updates: 41
{"id": 60, "ts": 1778276792.051786, "event": "memory_updated", "agent": "agent_3", "round": 5}
2026-05-08 23:46:32,377 - INFO - Tokens - Input: 3143, Output: 1304, Total: 4447
2026-05-08 23:46:32,378 - INFO - Memory updates: 42
{"id": 61, "ts": 1778276792.378958, "event": "memory_updated", "agent": "agent_2", "round": 5}
2026-05-08 23:46:35,456 - INFO - Tokens - Input: 3527, Output: 460, Total: 3987
{"id": 62, "ts": 1778276795.4581265, "event": "public_discussion_message", "round": 5, "agent": "agent_3", "message": "I remain favoring **Candidate\u202fD**. Their excellent problem\u2011solving ability, strong concentration, and proven capacity to respond adequately to unexpected events give the technical competence and calmness essential for ultra\u2011long flights, while their serious sense of responsibility matches the high\u2011accountability nature of the role. The main uncertainty is their moodiness and reputation as a loner, which could hinder crew cohesion on extended missions.\nMETADATA_JSON:\n{\"agent\": \"agent_3\", \"vote\": \"Candidate D\"}"}
2026-05-08 23:46:35,458 - INFO - Agent turns: 14
2026-05-08 23:46:43,302 - INFO - Tokens - Input: 3158, Output: 1111, Total: 4269
2026-05-08 23:46:43,304 - INFO - Memory updates: 43
{"id": 63, "ts": 1778276803.3047948, "event": "memory_updated", "agent": "agent_3", "round": 5}
2026-05-08 23:46:44,310 - INFO - Tokens - Input: 3288, Output: 1408, Total: 4696
2026-05-08 23:46:44,312 - INFO - Memory updates: 44
{"id": 64, "ts": 1778276804.3128695, "event": "memory_updated", "agent": "agent_2", "round": 5}
2026-05-08 23:46:45,685 - INFO - Tokens - Input: 3147, Output: 1378, Total: 4525
2026-05-08 23:46:45,687 - INFO - Memory updates: 45
{"id": 65, "ts": 1778276805.6878152, "event": "memory_updated", "agent": "agent_1", "round": 5}
2026-05-08 23:46:45,697 - INFO - Loop 5 completed
2026-05-08 23:46:45,697 - INFO - Final Chosen Candidate: None
2026-05-08 23:46:45,697 - INFO - Final Decision Method: max_round_no_majority
2026-05-08 23:46:45,697 - INFO - Final Vote Count: {'Candidate A': 1, 'Candidate B': 1, 'Candidate D': 1}
2026-05-08 23:46:45,697 - INFO - Correct Candidate: Candidate C
2026-05-08 23:46:45,697 - INFO - Decision Correct: 0
{"id": 66, "ts": 1778276806.0305183, "event": "context_consistency_calculated", "method": "embedding_cosine", "mean_pairwise_similarity": 0.863499, "pairwise": [{"agent_a": "agent_1", "agent_b": "agent_2", "similarity": 0.905281}, {"agent_a": "agent_1", "agent_b": "agent_3", "similarity": 0.83041}, {"agent_a": "agent_2", "agent_b": "agent_3", "similarity": 0.854805}]}
{"id": 67, "ts": 1778276806.0306568, "event": "gold_standard_alignment_calculated", "method": "rule_based_binary_checks", "mean_alignment": 0.333333, "by_agent": [{"agent": "agent_1", "score": 0.25, "checks": {"favorite_is_c": 0, "c_reliability": 0, "c_calmness": 0, "c_attention": 0, "c_crew_fit": 0, "a_risks": 0, "b_risks": 1, "d_risks": 1}}, {"agent": "agent_2", "score": 0.375, "checks": {"favorite_is_c": 0, "c_reliability": 0, "c_calmness": 0, "c_attention": 0, "c_crew_fit": 0, "a_risks": 1, "b_risks": 1, "d_risks": 1}}, {"agent": "agent_3", "score": 0.375, "checks": {"favorite_is_c": 0, "c_reliability": 0, "c_calmness": 0, "c_attention": 0, "c_crew_fit": 0, "a_risks": 1, "b_risks": 1, "d_risks": 1}}]}
{"id": 68, "ts": 1778276806.0307648, "event": "agent_memories_archived", "directory": "/home/lhegemann/git/bachelor_thesis/01_data/raw/simulations/moderate/moderate_treatment_20260508_195017_026/shared_mental_models", "round": 5}
{"id": 69, "ts": 1778276806.0308278, "event": "final_decision", "candidate": null, "method": "max_round_no_majority", "vote_count": {"Candidate A": 1, "Candidate B": 1, "Candidate D": 1}, "correct_candidate": "Candidate C", "decision_correct": 0, "round": 5}
2026-05-08 23:46:46,041 - INFO - ======================================================================
2026-05-08 23:46:46,041 - INFO - SIMULATION METRICS
2026-05-08 23:46:46,041 - INFO - ======================================================================
2026-05-08 23:46:46,042 - INFO - Total Loops: 5
2026-05-08 23:46:46,042 - INFO - Agent Turns (no vote checker): 14
2026-05-08 23:46:46,042 - INFO - Agent Tool Calls: 0
2026-05-08 23:46:46,042 - INFO - Agent Tool Messages: 0
2026-05-08 23:46:46,042 - INFO - Memory Updates: 45
2026-05-08 23:46:46,042 - INFO - Total Messages (no vote checker): 14
2026-05-08 23:46:46,042 - INFO - Input Tokens: 149019
2026-05-08 23:46:46,042 - INFO - Output Tokens: 59895
2026-05-08 23:46:46,042 - INFO - Total Tokens: 208914
2026-05-08 23:46:46,042 - INFO - Final Chosen Candidate: None
2026-05-08 23:46:46,042 - INFO - Final Decision Method: max_round_no_majority
2026-05-08 23:46:46,042 - INFO - Final Vote Count: {'Candidate A': 1, 'Candidate B': 1, 'Candidate D': 1}
2026-05-08 23:46:46,042 - INFO - Correct Candidate: Candidate C
2026-05-08 23:46:46,043 - INFO - Decision Correct: 0
2026-05-08 23:46:46,043 - INFO - Runtime: 229.18s
2026-05-08 23:46:46,043 - INFO - ======================================================================
