2026-05-06 20:59:16,123 - INFO - Metrics tracker initialized
{"id": 1, "ts": 1778093956.148072, "event": "memory_reset"}
{"id": 2, "ts": 1778093956.1523683, "event": "discussion_order", "round": 1, "order": ["agent_3", "agent_1", "agent_2"]}
2026-05-06 20:59:22,986 - INFO - Tokens - Input: 1708, Output: 619, Total: 2327
{"id": 3, "ts": 1778093962.9875743, "event": "public_discussion_message", "round": 1, "agent": "agent_3", "message": "I currently favor **Candidate\u202fB**. Their strong conscientiousness and ability to handle stress suggest high reliability and calmness under pressure, while their skill in assessing weather and excellent computer abilities support the technical competence needed for long\u2011distance flights. The main uncertainty is their pretentious demeanor and occasional wrong tone, which could hinder crew cooperation and a positive cockpit atmosphere.\nMETADATA_JSON:\n{\"agent\": \"agent_3\", \"vote\": \"Candidate B\"}"}
2026-05-06 20:59:22,987 - INFO - Agent turns: 1
2026-05-06 20:59:32,648 - INFO - Tokens - Input: 1318, Output: 1830, Total: 3148
2026-05-06 20:59:32,650 - INFO - Memory updates: 1
{"id": 4, "ts": 1778093972.6505663, "event": "memory_updated", "agent": "agent_2", "round": 1}
2026-05-06 20:59:34,799 - INFO - Tokens - Input: 1310, Output: 1845, Total: 3155
2026-05-06 20:59:34,800 - INFO - Memory updates: 2
{"id": 5, "ts": 1778093974.8010447, "event": "memory_updated", "agent": "agent_3", "round": 1}
2026-05-06 20:59:35,868 - INFO - Tokens - Input: 1315, Output: 1736, Total: 3051
2026-05-06 20:59:35,870 - INFO - Memory updates: 3
{"id": 6, "ts": 1778093975.8705077, "event": "memory_updated", "agent": "agent_1", "round": 1}
2026-05-06 20:59:41,585 - INFO - Tokens - Input: 2288, Output: 843, Total: 3131
{"id": 7, "ts": 1778093981.5868013, "event": "public_discussion_message", "round": 1, "agent": "agent_1", "message": "I currently favor **Candidate\u202fA**. Their ability to anticipate dangerous situations and excellent spatial vision give strong safety and situational awareness, while their very good leadership qualities support crew coordination on long flights. The main trade\u2011off is their tendency to be unorganized and not take criticism well, which could hinder meticulous long\u2011haul planning and feedback loops.\nMETADATA_JSON:\n{\"agent\": \"agent_1\", \"vote\": \"Candidate A\"}"}
2026-05-06 20:59:41,586 - INFO - Agent turns: 2
2026-05-06 20:59:50,367 - INFO - Tokens - Input: 1891, Output: 1239, Total: 3130
2026-05-06 20:59:50,368 - INFO - Memory updates: 4
{"id": 8, "ts": 1778093990.3691223, "event": "memory_updated", "agent": "agent_1", "round": 1}
2026-05-06 20:59:51,241 - INFO - Tokens - Input: 2026, Output: 1440, Total: 3466
2026-05-06 20:59:51,243 - INFO - Memory updates: 5
{"id": 9, "ts": 1778093991.243429, "event": "memory_updated", "agent": "agent_2", "round": 1}
2026-05-06 20:59:51,961 - INFO - Tokens - Input: 2183, Output: 1579, Total: 3762
2026-05-06 20:59:51,963 - INFO - Memory updates: 6
{"id": 10, "ts": 1778093991.9635837, "event": "memory_updated", "agent": "agent_3", "round": 1}
2026-05-06 20:59:56,360 - INFO - Tokens - Input: 2736, Output: 719, Total: 3455
{"id": 11, "ts": 1778093996.3618486, "event": "public_discussion_message", "round": 1, "agent": "agent_2", "message": "I currently favor **Candidate D**. Their strong problem\u2011solving ability, high concentration, and serious sense of responsibility are key for the complex, long\u2011duration decision\u2011making required on long\u2011distance flights, and they respond well to unexpected events, supporting calmness under pressure. The main trade\u2011off is their hot temper and reputation as a know\u2011it\u2011all, which could undermine crew cooperation and cockpit atmosphere.\nMETADATA_JSON:\n{\"agent\": \"agent_2\", \"vote\": \"Candidate D\"}"}
2026-05-06 20:59:56,362 - INFO - Agent turns: 3
2026-05-06 21:00:01,444 - INFO - Tokens - Input: 2257, Output: 923, Total: 3180
2026-05-06 21:00:01,446 - INFO - Memory updates: 7
{"id": 12, "ts": 1778094001.44614, "event": "memory_updated", "agent": "agent_1", "round": 1}
2026-05-06 21:00:06,664 - INFO - Tokens - Input: 2385, Output: 1507, Total: 3892
2026-05-06 21:00:06,666 - INFO - Memory updates: 8
{"id": 13, "ts": 1778094006.6665554, "event": "memory_updated", "agent": "agent_3", "round": 1}
2026-05-06 21:00:10,374 - INFO - Tokens - Input: 2369, Output: 1661, Total: 4030
2026-05-06 21:00:10,376 - INFO - Memory updates: 9
{"id": 14, "ts": 1778094010.3762128, "event": "memory_updated", "agent": "agent_2", "round": 1}
2026-05-06 21:00:10,386 - INFO - Loop 1 completed
{"id": 15, "ts": 1778094010.3915896, "event": "discussion_order", "round": 2, "order": ["agent_3", "agent_1", "agent_2"]}
2026-05-06 21:00:11,680 - INFO - Tokens - Input: 2760, Output: 168, Total: 2928
{"id": 16, "ts": 1778094011.682195, "event": "public_discussion_message", "round": 2, "agent": "agent_3", "message": "I continue to favor **Candidate\u202fB**. Their strong conscientiousness and ability to handle stress indicate high reliability and calmness under pressure, essential for long\u2011haul flights, while their skill in assessing weather and excellent computer abilities support the technical competence needed for navigation and automation. The main trade\u2011off is their pretentious demeanor and occasional wrong tone, which could affect crew cooperation and cockpit atmosphere.\nMETADATA_JSON:\n{\"agent\": \"agent_3\", \"vote\": \"Candidate B\"}"}
2026-05-06 21:00:11,682 - INFO - Agent turns: 4
2026-05-06 21:00:16,774 - INFO - Tokens - Input: 1854, Output: 765, Total: 2619
2026-05-06 21:00:16,776 - INFO - Memory updates: 10
{"id": 17, "ts": 1778094016.7765012, "event": "memory_updated", "agent": "agent_1", "round": 2}
2026-05-06 21:00:19,074 - INFO - Tokens - Input: 2548, Output: 1056, Total: 3604
2026-05-06 21:00:19,075 - INFO - Memory updates: 11
{"id": 18, "ts": 1778094019.076007, "event": "memory_updated", "agent": "agent_2", "round": 2}
2026-05-06 21:00:19,627 - INFO - Tokens - Input: 2356, Output: 1080, Total: 3436
2026-05-06 21:00:19,629 - INFO - Memory updates: 12
{"id": 19, "ts": 1778094019.6300526, "event": "memory_updated", "agent": "agent_3", "round": 2}
2026-05-06 21:00:23,612 - INFO - Tokens - Input: 2346, Output: 608, Total: 2954
{"id": 20, "ts": 1778094023.6140535, "event": "public_discussion_message", "round": 2, "agent": "agent_1", "message": "I continue to favor **Candidate\u202fA**. Their ability to anticipate dangerous situations and excellent spatial vision give them superior situational awareness\u2014critical for long\u2011haul safety\u2014and their very good leadership supports effective crew coordination on extended flights. The main trade\u2011off is their tendency to be unorganized and to resist criticism, which could hinder the meticulous planning and feedback loops required for long\u2011duration operations.\nMETADATA_JSON:\n{\"agent\": \"agent_1\", \"vote\": \"Candidate A\"}"}
2026-05-06 21:00:23,614 - INFO - Agent turns: 5
2026-05-06 21:00:28,933 - INFO - Tokens - Input: 1967, Output: 718, Total: 2685
2026-05-06 21:00:28,935 - INFO - Memory updates: 13
{"id": 21, "ts": 1778094028.9353325, "event": "memory_updated", "agent": "agent_1", "round": 2}
2026-05-06 21:00:30,833 - INFO - Tokens - Input: 2085, Output: 1123, Total: 3208
2026-05-06 21:00:30,834 - INFO - Memory updates: 14
{"id": 22, "ts": 1778094030.8350246, "event": "memory_updated", "agent": "agent_2", "round": 2}
2026-05-06 21:00:31,018 - INFO - Tokens - Input: 2340, Output: 969, Total: 3309
2026-05-06 21:00:31,019 - INFO - Memory updates: 15
{"id": 23, "ts": 1778094031.0200565, "event": "memory_updated", "agent": "agent_3", "round": 2}
2026-05-06 21:00:32,994 - INFO - Tokens - Input: 2652, Output: 232, Total: 2884
{"id": 24, "ts": 1778094032.996003, "event": "public_discussion_message", "round": 2, "agent": "agent_2", "message": "I continue to favor **Candidate\u202fD**. Their strong problem\u2011solving ability, excellent concentration, and serious sense of responsibility are crucial for the complex, long\u2011duration decision\u2011making required on long\u2011distance flights, and they respond adequately to unexpected events, supporting calmness under pressure. The main trade\u2011off is their hot temper and reputation as a know\u2011it\u2011all, which could undermine crew cooperation and cockpit atmosphere.\nMETADATA_JSON:\n{\"agent\": \"agent_2\", \"vote\": \"Candidate D\"}"}
2026-05-06 21:00:32,996 - INFO - Agent turns: 6
2026-05-06 21:00:38,808 - INFO - Tokens - Input: 2098, Output: 801, Total: 2899
2026-05-06 21:00:38,809 - INFO - Memory updates: 16
{"id": 25, "ts": 1778094038.809767, "event": "memory_updated", "agent": "agent_1", "round": 2}
2026-05-06 21:00:40,106 - INFO - Tokens - Input: 2289, Output: 864, Total: 3153
2026-05-06 21:00:40,108 - INFO - Memory updates: 17
{"id": 26, "ts": 1778094040.1082432, "event": "memory_updated", "agent": "agent_2", "round": 2}
2026-05-06 21:00:40,364 - INFO - Tokens - Input: 2179, Output: 923, Total: 3102
2026-05-06 21:00:40,365 - INFO - Memory updates: 18
{"id": 27, "ts": 1778094040.3660848, "event": "memory_updated", "agent": "agent_3", "round": 2}
2026-05-06 21:00:40,374 - INFO - Loop 2 completed
{"id": 28, "ts": 1778094040.3796496, "event": "discussion_order", "round": 3, "order": ["agent_1", "agent_3", "agent_2"]}
2026-05-06 21:00:43,190 - INFO - Tokens - Input: 2596, Output: 279, Total: 2875
{"id": 29, "ts": 1778094043.1921878, "event": "public_discussion_message", "round": 3, "agent": "agent_1", "message": "I continue to favor **Candidate\u202fA**. Their ability to anticipate dangerous situations and excellent spatial vision give them superior situational awareness\u2014crucial for detecting and avoiding hazards on long\u2011haul flights. Their very good leadership supports effective crew coordination over many hours. The main trade\u2011off is their tendency to be unorganized and resistant to criticism, which could hinder meticulous flight\u2011planning and feedback loops needed for extended operations.\nMETADATA_JSON:\n{\"agent\": \"agent_1\", \"vote\": \"Candidate A\"}"}
2026-05-06 21:00:43,192 - INFO - Agent turns: 7
2026-05-06 21:00:48,521 - INFO - Tokens - Input: 2204, Output: 730, Total: 2934
2026-05-06 21:00:48,522 - INFO - Memory updates: 19
{"id": 30, "ts": 1778094048.522946, "event": "memory_updated", "agent": "agent_1", "round": 3}
2026-05-06 21:00:49,656 - INFO - Tokens - Input: 2376, Output: 971, Total: 3347
2026-05-06 21:00:49,657 - INFO - Memory updates: 20
{"id": 31, "ts": 1778094049.6579669, "event": "memory_updated", "agent": "agent_3", "round": 3}
2026-05-06 21:00:56,500 - INFO - Tokens - Input: 2424, Output: 1347, Total: 3771
2026-05-06 21:00:56,502 - INFO - Memory updates: 21
{"id": 32, "ts": 1778094056.5026727, "event": "memory_updated", "agent": "agent_2", "round": 3}
2026-05-06 21:01:01,463 - INFO - Tokens - Input: 2831, Output: 470, Total: 3301
{"id": 33, "ts": 1778094061.4646199, "event": "public_discussion_message", "round": 3, "agent": "agent_3", "message": "I continue to favor **Candidate\u202fB**. Their high conscientiousness and ability to handle stress give strong reliability and calmness under pressure\u2014crucial for long\u2011haul flights. Additionally, their skill in assessing weather conditions and excellent computer abilities support the technical competence needed for navigation and automation. The main trade\u2011off is their pretentious demeanor and occasional wrong tone, which could pose challenges for crew cooperation and cockpit atmosphere.\nMETADATA_JSON:\n{\"agent\": \"agent_3\", \"vote\": \"Candidate B\"}"}
2026-05-06 21:01:01,464 - INFO - Agent turns: 8
2026-05-06 21:01:08,565 - INFO - Tokens - Input: 2314, Output: 1018, Total: 3332
2026-05-06 21:01:08,567 - INFO - Memory updates: 22
{"id": 34, "ts": 1778094068.5676544, "event": "memory_updated", "agent": "agent_1", "round": 3}
2026-05-06 21:01:09,197 - INFO - Tokens - Input: 2464, Output: 908, Total: 3372
2026-05-06 21:01:09,198 - INFO - Memory updates: 23
{"id": 35, "ts": 1778094069.198799, "event": "memory_updated", "agent": "agent_3", "round": 3}
2026-05-06 21:01:11,128 - INFO - Tokens - Input: 2568, Output: 1271, Total: 3839
2026-05-06 21:01:11,130 - INFO - Memory updates: 24
{"id": 36, "ts": 1778094071.1303413, "event": "memory_updated", "agent": "agent_2", "round": 3}
2026-05-06 21:01:12,946 - INFO - Tokens - Input: 3043, Output: 220, Total: 3263
{"id": 37, "ts": 1778094072.9478467, "event": "public_discussion_message", "round": 3, "agent": "agent_2", "message": "I continue to favor **Candidate\u202fD**. Their exceptional problem\u2011solving ability and very high concentration support the complex, long\u2011duration decision\u2011making required on long\u2011haul flights, while their serious sense of responsibility ensures reliability and accountability. These traits are critical for maintaining safety and performance over many hours in the cockpit. The main trade\u2011off is their hot temper and reputation as a know\u2011it\u2011all, which could undermine crew cooperation and cockpit atmosphere.\nMETADATA_JSON:\n{\"agent\": \"agent_2\", \"vote\": \"Candidate D\"}"}
2026-05-06 21:01:12,948 - INFO - Agent turns: 9
2026-05-06 21:01:19,864 - INFO - Tokens - Input: 2580, Output: 952, Total: 3532
2026-05-06 21:01:19,866 - INFO - Memory updates: 25
{"id": 38, "ts": 1778094079.8669596, "event": "memory_updated", "agent": "agent_3", "round": 3}
2026-05-06 21:01:20,233 - INFO - Tokens - Input: 2692, Output: 924, Total: 3616
2026-05-06 21:01:20,234 - INFO - Memory updates: 26
{"id": 39, "ts": 1778094080.2348387, "event": "memory_updated", "agent": "agent_2", "round": 3}
2026-05-06 21:01:26,001 - INFO - Tokens - Input: 2569, Output: 1073, Total: 3642
2026-05-06 21:01:26,003 - INFO - Memory updates: 27
{"id": 40, "ts": 1778094086.0036385, "event": "memory_updated", "agent": "agent_1", "round": 3}
2026-05-06 21:01:26,012 - INFO - Loop 3 completed
{"id": 41, "ts": 1778094086.0204248, "event": "discussion_order", "round": 4, "order": ["agent_1", "agent_3", "agent_2"]}
2026-05-06 21:01:27,111 - INFO - Tokens - Input: 3153, Output: 155, Total: 3308
{"id": 42, "ts": 1778094087.1132717, "event": "public_discussion_message", "round": 4, "agent": "agent_1", "message": "I still favor **Candidate\u202fA**. Their ability to anticipate dangerous situations and excellent spatial vision give superior situational awareness\u2014critical for detecting and avoiding hazards on long\u2011haul flights. Their very good leadership supports effective crew coordination over many hours. The main trade\u2011off is their tendency to be unorganized and resistant to criticism, which could affect meticulous flight planning and feedback loops.\nMETADATA_JSON:\n{\"agent\": \"agent_1\", \"vote\": \"Candidate A\"}"}
2026-05-06 21:01:27,113 - INFO - Agent turns: 10
2026-05-06 21:01:33,249 - INFO - Tokens - Input: 2782, Output: 875, Total: 3657
2026-05-06 21:01:33,251 - INFO - Memory updates: 28
{"id": 43, "ts": 1778094093.2518654, "event": "memory_updated", "agent": "agent_2", "round": 4}
2026-05-06 21:01:33,322 - INFO - Tokens - Input: 2743, Output: 908, Total: 3651
2026-05-06 21:01:33,323 - INFO - Memory updates: 29
{"id": 44, "ts": 1778094093.3240142, "event": "memory_updated", "agent": "agent_1", "round": 4}
2026-05-06 21:01:36,909 - INFO - Tokens - Input: 2683, Output: 1422, Total: 4105
2026-05-06 21:01:36,911 - INFO - Memory updates: 30
{"id": 45, "ts": 1778094096.9117577, "event": "memory_updated", "agent": "agent_3", "round": 4}
2026-05-06 21:01:39,297 - INFO - Tokens - Input: 3239, Output: 311, Total: 3550
{"id": 46, "ts": 1778094099.2995708, "event": "public_discussion_message", "round": 4, "agent": "agent_3", "message": "I continue to favor **Candidate\u202fB**. Their high conscientiousness and ability to handle stress give strong reliability and calmness under pressure\u2014essential for long\u2011haul flights\u2014while their skill in assessing weather and excellent computer abilities support the technical competence needed for navigation and automation. The main trade\u2011off is their pretentious demeanor and occasional wrong tone, which could hinder crew cooperation and cockpit atmosphere.\nMETADATA_JSON:\n{\"agent\": \"agent_3\", \"vote\": \"Candidate B\"}"}
2026-05-06 21:01:39,299 - INFO - Agent turns: 11
2026-05-06 21:01:45,209 - INFO - Tokens - Input: 2860, Output: 943, Total: 3803
2026-05-06 21:01:45,210 - INFO - Memory updates: 31
{"id": 47, "ts": 1778094105.2107654, "event": "memory_updated", "agent": "agent_3", "round": 4}
2026-05-06 21:01:45,531 - INFO - Tokens - Input: 2661, Output: 789, Total: 3450
2026-05-06 21:01:45,532 - INFO - Memory updates: 32
{"id": 48, "ts": 1778094105.532717, "event": "memory_updated", "agent": "agent_2", "round": 4}
2026-05-06 21:01:48,891 - INFO - Tokens - Input: 2800, Output: 1182, Total: 3982
2026-05-06 21:01:48,893 - INFO - Memory updates: 33
{"id": 49, "ts": 1778094108.8931968, "event": "memory_updated", "agent": "agent_1", "round": 4}
2026-05-06 21:01:50,759 - INFO - Tokens - Input: 3150, Output: 216, Total: 3366
{"id": 50, "ts": 1778094110.761416, "event": "public_discussion_message", "round": 4, "agent": "agent_2", "message": "I continue to favor **Candidate\u202fD**. Their exceptional problem\u2011solving ability and very high concentration are crucial for the complex, long\u2011duration decision\u2011making required on long\u2011haul flights, while their strong sense of responsibility ensures reliability and accountability throughout extended missions. The main trade\u2011off is their hot temper and reputation as a know\u2011it\u2011all, which could jeopardize crew cooperation and cockpit atmosphere on long flights.\nMETADATA_JSON:\n{\"agent\": \"agent_2\", \"vote\": \"Candidate D\"}"}
2026-05-06 21:01:50,761 - INFO - Agent turns: 12
2026-05-06 21:01:56,200 - INFO - Tokens - Input: 2785, Output: 772, Total: 3557
2026-05-06 21:01:56,202 - INFO - Memory updates: 34
{"id": 51, "ts": 1778094116.2028677, "event": "memory_updated", "agent": "agent_2", "round": 4}
2026-05-06 21:01:59,295 - INFO - Tokens - Input: 2991, Output: 1079, Total: 4070
2026-05-06 21:01:59,297 - INFO - Memory updates: 35
{"id": 52, "ts": 1778094119.2974875, "event": "memory_updated", "agent": "agent_3", "round": 4}
2026-05-06 21:02:01,418 - INFO - Tokens - Input: 3025, Output: 1179, Total: 4204
2026-05-06 21:02:01,420 - INFO - Memory updates: 36
{"id": 53, "ts": 1778094121.4202554, "event": "memory_updated", "agent": "agent_1", "round": 4}
2026-05-06 21:02:01,430 - INFO - Loop 4 completed
{"id": 54, "ts": 1778094121.435981, "event": "discussion_order", "round": 5, "order": ["agent_1", "agent_3", "agent_2"]}
2026-05-06 21:02:07,548 - INFO - Tokens - Input: 3487, Output: 825, Total: 4312
{"id": 55, "ts": 1778094127.5501683, "event": "public_discussion_message", "round": 5, "agent": "agent_1", "message": "I continue to favor **Candidate\u202fA**. Their ability to anticipate dangerous situations and excellent spatial vision give superior situational awareness\u2014vital for detecting hazards on long\u2011haul routes\u2014and their very good leadership supports effective crew coordination over many hours. The main trade\u2011off is their tendency to be unorganized and resistant to criticism, which could undermine meticulous flight planning and feedback processes.\nMETADATA_JSON:\n{\"agent\": \"agent_1\", \"vote\": \"Candidate A\"}"}
2026-05-06 21:02:07,550 - INFO - Agent turns: 13
2026-05-06 21:02:14,179 - INFO - Tokens - Input: 2866, Output: 861, Total: 3727
2026-05-06 21:02:14,180 - INFO - Memory updates: 37
{"id": 56, "ts": 1778094134.180785, "event": "memory_updated", "agent": "agent_2", "round": 5}
2026-05-06 21:02:15,368 - INFO - Tokens - Input: 3077, Output: 882, Total: 3959
2026-05-06 21:02:15,370 - INFO - Memory updates: 38
{"id": 57, "ts": 1778094135.3706205, "event": "memory_updated", "agent": "agent_1", "round": 5}
2026-05-06 21:02:15,837 - INFO - Tokens - Input: 3060, Output: 1074, Total: 4134
2026-05-06 21:02:15,839 - INFO - Memory updates: 39
{"id": 58, "ts": 1778094135.8392334, "event": "memory_updated", "agent": "agent_3", "round": 5}
2026-05-06 21:02:17,611 - INFO - Tokens - Input: 3531, Output: 185, Total: 3716
{"id": 59, "ts": 1778094137.6132746, "event": "public_discussion_message", "round": 5, "agent": "agent_3", "message": "I continue to favor **Candidate\u202fB**. Their high conscientiousness and strong ability to handle stress give the reliability and calmness essential for long\u2011distance flights, while their skill in assessing weather conditions and excellent computer abilities provide the technical competence needed for navigation and automation. The main uncertainty is their pretentious demeanor and occasional wrong tone, which could undermine crew cooperation and cockpit atmosphere.\nMETADATA_JSON:\n{\"agent\": \"agent_3\", \"vote\": \"Candidate B\"}"}
2026-05-06 21:02:17,613 - INFO - Agent turns: 14
2026-05-06 21:02:24,102 - INFO - Tokens - Input: 3075, Output: 966, Total: 4041
2026-05-06 21:02:24,103 - INFO - Memory updates: 40
{"id": 60, "ts": 1778094144.1040847, "event": "memory_updated", "agent": "agent_1", "round": 5}
2026-05-06 21:02:25,782 - INFO - Tokens - Input: 3146, Output: 1235, Total: 4381
2026-05-06 21:02:25,784 - INFO - Memory updates: 41
{"id": 61, "ts": 1778094145.7846718, "event": "memory_updated", "agent": "agent_3", "round": 5}
2026-05-06 21:02:27,305 - INFO - Tokens - Input: 2976, Output: 1130, Total: 4106
2026-05-06 21:02:27,307 - INFO - Memory updates: 42
{"id": 62, "ts": 1778094147.3076103, "event": "memory_updated", "agent": "agent_2", "round": 5}
2026-05-06 21:02:29,333 - INFO - Tokens - Input: 3645, Output: 226, Total: 3871
{"id": 63, "ts": 1778094149.3353136, "event": "public_discussion_message", "round": 5, "agent": "agent_2", "message": "I continue to favor **Candidate\u202fD**. Their exceptional problem\u2011solving ability and very high concentration are crucial for the complex, long\u2011duration decision\u2011making required on long\u2011haul flights, and their strong sense of responsibility ensures reliability throughout extended missions. The main trade\u2011off is their hot temper and reputation as a know\u2011it\u2011all, which could jeopardize crew cooperation and cockpit atmosphere.\nMETADATA_JSON:\n{\"agent\": \"agent_2\", \"vote\": \"Candidate D\"}"}
2026-05-06 21:02:29,335 - INFO - Agent turns: 15
2026-05-06 21:02:34,895 - INFO - Tokens - Input: 3270, Output: 798, Total: 4068
2026-05-06 21:02:34,896 - INFO - Memory updates: 43
{"id": 64, "ts": 1778094154.896954, "event": "memory_updated", "agent": "agent_2", "round": 5}
2026-05-06 21:02:36,772 - INFO - Tokens - Input: 3222, Output: 1236, Total: 4458
2026-05-06 21:02:36,774 - INFO - Memory updates: 44
{"id": 65, "ts": 1778094156.774163, "event": "memory_updated", "agent": "agent_1", "round": 5}
2026-05-06 21:02:39,047 - INFO - Tokens - Input: 3372, Output: 1147, Total: 4519
2026-05-06 21:02:39,049 - INFO - Memory updates: 45
{"id": 66, "ts": 1778094159.0492136, "event": "memory_updated", "agent": "agent_3", "round": 5}
2026-05-06 21:02:39,057 - INFO - Loop 5 completed
2026-05-06 21:02:39,058 - INFO - Final Chosen Candidate: None
2026-05-06 21:02:39,058 - INFO - Final Decision Method: max_round_no_majority
2026-05-06 21:02:39,058 - INFO - Final Vote Count: {'Candidate A': 1, 'Candidate D': 1, 'Candidate B': 1}
2026-05-06 21:02:39,058 - INFO - Correct Candidate: Candidate C
2026-05-06 21:02:39,058 - INFO - Decision Correct: 0
{"id": 67, "ts": 1778094159.4185903, "event": "context_consistency_calculated", "method": "embedding_cosine", "mean_pairwise_similarity": 0.830744, "pairwise": [{"agent_a": "agent_1", "agent_b": "agent_2", "similarity": 0.853609}, {"agent_a": "agent_1", "agent_b": "agent_3", "similarity": 0.838154}, {"agent_a": "agent_2", "agent_b": "agent_3", "similarity": 0.800468}]}
{"id": 68, "ts": 1778094159.4187648, "event": "agent_memories_archived", "directory": "/home/lhegemann/git/bachelor_thesis/01_data/raw/simulations/moderate/moderate_20260506_181837_023/shared_mental_models", "round": 5}
{"id": 69, "ts": 1778094159.4188557, "event": "final_decision", "candidate": null, "method": "max_round_no_majority", "vote_count": {"Candidate A": 1, "Candidate D": 1, "Candidate B": 1}, "correct_candidate": "Candidate C", "decision_correct": 0, "round": 5}
2026-05-06 21:02:39,428 - INFO - ======================================================================
2026-05-06 21:02:39,428 - INFO - SIMULATION METRICS
2026-05-06 21:02:39,428 - INFO - ======================================================================
2026-05-06 21:02:39,428 - INFO - Total Loops: 5
2026-05-06 21:02:39,428 - INFO - Agent Turns (no vote checker): 15
2026-05-06 21:02:39,428 - INFO - Agent Tool Calls: 0
2026-05-06 21:02:39,428 - INFO - Agent Tool Messages: 0
2026-05-06 21:02:39,428 - INFO - Memory Updates: 45
2026-05-06 21:02:39,428 - INFO - Total Messages (no vote checker): 15
2026-05-06 21:02:39,428 - INFO - Input Tokens: 155520
2026-05-06 21:02:39,429 - INFO - Output Tokens: 55807
2026-05-06 21:02:39,429 - INFO - Total Tokens: 211327
2026-05-06 21:02:39,429 - INFO - Final Chosen Candidate: None
2026-05-06 21:02:39,429 - INFO - Final Decision Method: max_round_no_majority
2026-05-06 21:02:39,429 - INFO - Final Vote Count: {'Candidate A': 1, 'Candidate D': 1, 'Candidate B': 1}
2026-05-06 21:02:39,429 - INFO - Correct Candidate: Candidate C
2026-05-06 21:02:39,429 - INFO - Decision Correct: 0
2026-05-06 21:02:39,429 - INFO - Runtime: 203.30s
2026-05-06 21:02:39,429 - INFO - ======================================================================
