2026-05-06 18:52:24,175 - INFO - Metrics tracker initialized
{"id": 1, "ts": 1778086344.2001758, "event": "memory_reset"}
{"id": 2, "ts": 1778086344.2051117, "event": "discussion_order", "round": 1, "order": ["agent_3", "agent_1", "agent_2"]}
2026-05-06 18:52:30,338 - INFO - Tokens - Input: 1681, Output: 560, Total: 2241
{"id": 3, "ts": 1778086350.3399818, "event": "public_discussion_message", "round": 1, "agent": "agent_3", "message": "I prefer Candidate B; handles stress well.\nMETADATA_JSON:\n{\"agent\": \"agent_3\", \"vote\": \"Candidate B\"}"}
2026-05-06 18:52:30,340 - INFO - Agent turns: 1
2026-05-06 18:52:38,492 - INFO - Tokens - Input: 1192, Output: 873, Total: 2065
2026-05-06 18:52:38,493 - INFO - Memory updates: 1
{"id": 4, "ts": 1778086358.4938264, "event": "memory_updated", "agent": "agent_2", "round": 1}
2026-05-06 18:52:38,922 - INFO - Tokens - Input: 1189, Output: 1154, Total: 2343
2026-05-06 18:52:38,924 - INFO - Memory updates: 2
{"id": 5, "ts": 1778086358.9245799, "event": "memory_updated", "agent": "agent_1", "round": 1}
2026-05-06 18:52:41,063 - INFO - Tokens - Input: 1184, Output: 1286, Total: 2470
2026-05-06 18:52:41,065 - INFO - Memory updates: 3
{"id": 6, "ts": 1778086361.065652, "event": "memory_updated", "agent": "agent_3", "round": 1}
2026-05-06 18:52:46,967 - INFO - Tokens - Input: 1952, Output: 597, Total: 2549
{"id": 7, "ts": 1778086366.9683788, "event": "public_discussion_message", "round": 1, "agent": "agent_1", "message": "I prefer Candidate D; solves problems extremely well.\nMETADATA_JSON:\n{\"agent\": \"agent_1\", \"vote\": \"Candidate D\"}"}
2026-05-06 18:52:46,968 - INFO - Agent turns: 2
2026-05-06 18:52:54,088 - INFO - Tokens - Input: 1670, Output: 995, Total: 2665
2026-05-06 18:52:54,090 - INFO - Memory updates: 4
{"id": 8, "ts": 1778086374.0901833, "event": "memory_updated", "agent": "agent_3", "round": 1}
2026-05-06 18:52:54,278 - INFO - Tokens - Input: 1462, Output: 1071, Total: 2533
2026-05-06 18:52:54,279 - INFO - Memory updates: 5
{"id": 9, "ts": 1778086374.2800798, "event": "memory_updated", "agent": "agent_1", "round": 1}
2026-05-06 18:52:55,942 - INFO - Tokens - Input: 1510, Output: 944, Total: 2454
2026-05-06 18:52:55,943 - INFO - Memory updates: 6
{"id": 10, "ts": 1778086375.9439425, "event": "memory_updated", "agent": "agent_2", "round": 1}
2026-05-06 18:53:01,806 - INFO - Tokens - Input: 2054, Output: 796, Total: 2850
{"id": 11, "ts": 1778086381.8075147, "event": "public_discussion_message", "round": 1, "agent": "agent_2", "message": "Candidate A \u2013 excellent spatial vision.\nMETADATA_JSON:\n{\"agent\": \"agent_2\", \"vote\": \"Candidate A\"}"}
2026-05-06 18:53:01,807 - INFO - Agent turns: 3
2026-05-06 18:53:08,658 - INFO - Tokens - Input: 1558, Output: 1093, Total: 2651
2026-05-06 18:53:08,660 - INFO - Memory updates: 7
{"id": 12, "ts": 1778086388.660759, "event": "memory_updated", "agent": "agent_2", "round": 1}
2026-05-06 18:53:09,802 - INFO - Tokens - Input: 1750, Output: 1063, Total: 2813
2026-05-06 18:53:09,804 - INFO - Memory updates: 8
{"id": 13, "ts": 1778086389.8045568, "event": "memory_updated", "agent": "agent_1", "round": 1}
2026-05-06 18:53:10,893 - INFO - Tokens - Input: 1716, Output: 994, Total: 2710
2026-05-06 18:53:10,895 - INFO - Memory updates: 9
{"id": 14, "ts": 1778086390.8951507, "event": "memory_updated", "agent": "agent_3", "round": 1}
2026-05-06 18:53:10,902 - INFO - Loop 1 completed
{"id": 15, "ts": 1778086390.9088447, "event": "discussion_order", "round": 2, "order": ["agent_1", "agent_2", "agent_3"]}
2026-05-06 18:53:12,114 - INFO - Tokens - Input: 2367, Output: 127, Total: 2494
{"id": 16, "ts": 1778086392.1160245, "event": "public_discussion_message", "round": 2, "agent": "agent_1", "message": "Candidate D \u2013 regarded as arrogant.\nMETADATA_JSON:\n{\"agent\": \"agent_1\", \"vote\": \"Candidate D\"}"}
2026-05-06 18:53:12,116 - INFO - Agent turns: 4
2026-05-06 18:53:19,068 - INFO - Tokens - Input: 1846, Output: 977, Total: 2823
2026-05-06 18:53:19,069 - INFO - Memory updates: 10
{"id": 17, "ts": 1778086399.0699277, "event": "memory_updated", "agent": "agent_1", "round": 2}
2026-05-06 18:53:19,494 - INFO - Tokens - Input: 1761, Output: 921, Total: 2682
2026-05-06 18:53:19,496 - INFO - Memory updates: 11
{"id": 18, "ts": 1778086399.4966037, "event": "memory_updated", "agent": "agent_3", "round": 2}
2026-05-06 18:53:22,453 - INFO - Tokens - Input: 1593, Output: 1106, Total: 2699
2026-05-06 18:53:22,454 - INFO - Memory updates: 12
{"id": 19, "ts": 1778086402.4549723, "event": "memory_updated", "agent": "agent_2", "round": 2}
2026-05-06 18:53:23,694 - INFO - Tokens - Input: 2159, Output: 129, Total: 2288
{"id": 20, "ts": 1778086403.6961596, "event": "public_discussion_message", "round": 2, "agent": "agent_2", "message": "Candidate A \u2013 very good leadership qualities.\nMETADATA_JSON:\n{\"agent\": \"agent_2\", \"vote\": \"Candidate A\"}"}
2026-05-06 18:53:23,696 - INFO - Agent turns: 5
2026-05-06 18:53:32,395 - INFO - Tokens - Input: 1653, Output: 969, Total: 2622
2026-05-06 18:53:32,396 - INFO - Memory updates: 13
{"id": 21, "ts": 1778086412.397079, "event": "memory_updated", "agent": "agent_3", "round": 2}
2026-05-06 18:53:32,443 - INFO - Tokens - Input: 1665, Output: 923, Total: 2588
2026-05-06 18:53:32,444 - INFO - Memory updates: 14
{"id": 22, "ts": 1778086412.4449494, "event": "memory_updated", "agent": "agent_2", "round": 2}
2026-05-06 18:53:35,152 - INFO - Tokens - Input: 1548, Output: 1079, Total: 2627
2026-05-06 18:53:35,153 - INFO - Memory updates: 15
{"id": 23, "ts": 1778086415.154013, "event": "memory_updated", "agent": "agent_1", "round": 2}
2026-05-06 18:53:36,468 - INFO - Tokens - Input: 2216, Output: 152, Total: 2368
{"id": 24, "ts": 1778086416.4694529, "event": "public_discussion_message", "round": 2, "agent": "agent_3", "message": "I prefer Candidate B \u2013 handles stress very well.\nMETADATA_JSON:\n{\"agent\": \"agent_3\", \"vote\": \"Candidate B\"}"}
2026-05-06 18:53:36,469 - INFO - Agent turns: 6
2026-05-06 18:53:43,386 - INFO - Tokens - Input: 1506, Output: 765, Total: 2271
2026-05-06 18:53:43,388 - INFO - Memory updates: 16
{"id": 25, "ts": 1778086423.388988, "event": "memory_updated", "agent": "agent_1", "round": 2}
2026-05-06 18:53:44,446 - INFO - Tokens - Input: 1726, Output: 1013, Total: 2739
2026-05-06 18:53:44,448 - INFO - Memory updates: 17
{"id": 26, "ts": 1778086424.4485672, "event": "memory_updated", "agent": "agent_3", "round": 2}
2026-05-06 18:53:46,026 - INFO - Tokens - Input: 1629, Output: 952, Total: 2581
2026-05-06 18:53:46,028 - INFO - Memory updates: 18
{"id": 27, "ts": 1778086426.0284274, "event": "memory_updated", "agent": "agent_2", "round": 2}
2026-05-06 18:53:46,036 - INFO - Loop 2 completed
{"id": 28, "ts": 1778086426.0433185, "event": "discussion_order", "round": 3, "order": ["agent_1", "agent_2", "agent_3"]}
2026-05-06 18:53:47,433 - INFO - Tokens - Input: 2064, Output: 172, Total: 2236
{"id": 29, "ts": 1778086427.435348, "event": "public_discussion_message", "round": 3, "agent": "agent_1", "message": "Candidate D \u2013 regarded as arrogant.\nMETADATA_JSON:\n{\"agent\": \"agent_1\", \"vote\": \"Candidate D\"}"}
2026-05-06 18:53:47,435 - INFO - Agent turns: 7
2026-05-06 18:53:52,854 - INFO - Tokens - Input: 1543, Output: 689, Total: 2232
2026-05-06 18:53:52,855 - INFO - Memory updates: 19
{"id": 30, "ts": 1778086432.8560643, "event": "memory_updated", "agent": "agent_1", "round": 3}
2026-05-06 18:53:53,874 - INFO - Tokens - Input: 1766, Output: 942, Total: 2708
2026-05-06 18:53:53,875 - INFO - Memory updates: 20
{"id": 31, "ts": 1778086433.8761172, "event": "memory_updated", "agent": "agent_3", "round": 3}
2026-05-06 18:53:57,244 - INFO - Tokens - Input: 1721, Output: 1059, Total: 2780
2026-05-06 18:53:57,245 - INFO - Memory updates: 21
{"id": 32, "ts": 1778086437.2459056, "event": "memory_updated", "agent": "agent_2", "round": 3}
2026-05-06 18:53:59,073 - INFO - Tokens - Input: 2243, Output: 140, Total: 2383
{"id": 33, "ts": 1778086439.0746768, "event": "public_discussion_message", "round": 3, "agent": "agent_2", "message": "Candidate A \u2013 excellent spatial vision.\nMETADATA_JSON:\n{\"agent\": \"agent_2\", \"vote\": \"Candidate A\"}"}
2026-05-06 18:53:59,074 - INFO - Agent turns: 8
2026-05-06 18:54:05,714 - INFO - Tokens - Input: 1747, Output: 915, Total: 2662
2026-05-06 18:54:05,716 - INFO - Memory updates: 22
{"id": 34, "ts": 1778086445.7162473, "event": "memory_updated", "agent": "agent_2", "round": 3}
2026-05-06 18:54:06,595 - INFO - Tokens - Input: 1617, Output: 816, Total: 2433
2026-05-06 18:54:06,597 - INFO - Memory updates: 23
{"id": 35, "ts": 1778086446.5978467, "event": "memory_updated", "agent": "agent_1", "round": 3}
2026-05-06 18:54:10,961 - INFO - Tokens - Input: 1789, Output: 1492, Total: 3281
2026-05-06 18:54:10,963 - INFO - Memory updates: 24
{"id": 36, "ts": 1778086450.9635477, "event": "memory_updated", "agent": "agent_3", "round": 3}
2026-05-06 18:54:11,842 - INFO - Tokens - Input: 2323, Output: 89, Total: 2412
{"id": 37, "ts": 1778086451.8438687, "event": "public_discussion_message", "round": 3, "agent": "agent_3", "message": "Candidate B \u2013 handles stress very well.\nMETADATA_JSON:\n{\"agent\": \"agent_3\", \"vote\": \"Candidate B\"}"}
2026-05-06 18:54:11,844 - INFO - Agent turns: 9
2026-05-06 18:54:17,634 - INFO - Tokens - Input: 1672, Output: 826, Total: 2498
2026-05-06 18:54:17,635 - INFO - Memory updates: 25
{"id": 38, "ts": 1778086457.6358829, "event": "memory_updated", "agent": "agent_1", "round": 3}
2026-05-06 18:54:19,819 - INFO - Tokens - Input: 1829, Output: 925, Total: 2754
2026-05-06 18:54:19,825 - INFO - Memory updates: 26
{"id": 39, "ts": 1778086459.825286, "event": "memory_updated", "agent": "agent_3", "round": 3}
2026-05-06 18:54:19,836 - INFO - Tokens - Input: 1784, Output: 905, Total: 2689
2026-05-06 18:54:19,837 - INFO - Memory updates: 27
{"id": 40, "ts": 1778086459.8379128, "event": "memory_updated", "agent": "agent_2", "round": 3}
2026-05-06 18:54:19,856 - INFO - Loop 3 completed
{"id": 41, "ts": 1778086459.8621948, "event": "discussion_order", "round": 4, "order": ["agent_3", "agent_1", "agent_2"]}
2026-05-06 18:54:25,336 - INFO - Tokens - Input: 2388, Output: 485, Total: 2873
{"id": 42, "ts": 1778086465.3381286, "event": "public_discussion_message", "round": 4, "agent": "agent_3", "message": "Candidate B \u2013 very conscientious\nMETADATA_JSON:\n{\"agent\": \"agent_3\", \"vote\": \"Candidate B\"}"}
2026-05-06 18:54:25,338 - INFO - Agent turns: 10
2026-05-06 18:54:32,534 - INFO - Tokens - Input: 1774, Output: 983, Total: 2757
2026-05-06 18:54:32,536 - INFO - Memory updates: 28
{"id": 43, "ts": 1778086472.536298, "event": "memory_updated", "agent": "agent_2", "round": 4}
2026-05-06 18:54:32,862 - INFO - Tokens - Input: 1865, Output: 1068, Total: 2933
2026-05-06 18:54:32,864 - INFO - Memory updates: 29
{"id": 44, "ts": 1778086472.8643315, "event": "memory_updated", "agent": "agent_3", "round": 4}
2026-05-06 18:54:33,308 - INFO - Tokens - Input: 1704, Output: 883, Total: 2587
2026-05-06 18:54:33,310 - INFO - Memory updates: 30
{"id": 45, "ts": 1778086473.310213, "event": "memory_updated", "agent": "agent_1", "round": 4}
2026-05-06 18:54:39,642 - INFO - Tokens - Input: 2254, Output: 748, Total: 3002
{"id": 46, "ts": 1778086479.6432447, "event": "public_discussion_message", "round": 4, "agent": "agent_1", "message": "Candidate A \u2013 very good leadership qualities\nMETADATA_JSON:\n{\"agent\": \"agent_1\", \"vote\": \"Candidate A\"}"}
2026-05-06 18:54:39,643 - INFO - Agent turns: 11
2026-05-06 18:54:46,735 - INFO - Tokens - Input: 1760, Output: 781, Total: 2541
2026-05-06 18:54:46,737 - INFO - Memory updates: 31
{"id": 47, "ts": 1778086486.7371674, "event": "memory_updated", "agent": "agent_1", "round": 4}
2026-05-06 18:54:47,678 - INFO - Tokens - Input: 1816, Output: 1198, Total: 3014
2026-05-06 18:54:47,679 - INFO - Memory updates: 32
{"id": 48, "ts": 1778086487.6800492, "event": "memory_updated", "agent": "agent_2", "round": 4}
2026-05-06 18:54:49,804 - INFO - Tokens - Input: 1919, Output: 1183, Total: 3102
2026-05-06 18:54:49,806 - INFO - Memory updates: 33
{"id": 49, "ts": 1778086489.8064218, "event": "memory_updated", "agent": "agent_3", "round": 4}
2026-05-06 18:54:51,357 - INFO - Tokens - Input: 2443, Output: 154, Total: 2597
{"id": 50, "ts": 1778086491.3583698, "event": "public_discussion_message", "round": 4, "agent": "agent_2", "message": "Candidate A \u2013 excellent spatial vision.\nMETADATA_JSON:\n{\"agent\": \"agent_2\", \"vote\": \"Candidate A\"}"}
2026-05-06 18:54:51,358 - INFO - Agent turns: 12
2026-05-06 18:54:56,409 - INFO - Tokens - Input: 1744, Output: 810, Total: 2554
2026-05-06 18:54:56,411 - INFO - Memory updates: 34
{"id": 51, "ts": 1778086496.4115016, "event": "memory_updated", "agent": "agent_1", "round": 4}
2026-05-06 18:54:59,138 - INFO - Tokens - Input: 1947, Output: 1078, Total: 3025
2026-05-06 18:54:59,140 - INFO - Memory updates: 35
{"id": 52, "ts": 1778086499.1407354, "event": "memory_updated", "agent": "agent_2", "round": 4}
2026-05-06 18:55:06,791 - INFO - Tokens - Input: 1972, Output: 1790, Total: 3762
2026-05-06 18:55:06,792 - INFO - Memory updates: 36
{"id": 53, "ts": 1778086506.7928238, "event": "memory_updated", "agent": "agent_3", "round": 4}
2026-05-06 18:55:06,801 - INFO - Loop 4 completed
{"id": 54, "ts": 1778086506.8077695, "event": "discussion_order", "round": 5, "order": ["agent_2", "agent_1", "agent_3"]}
2026-05-06 18:55:08,211 - INFO - Tokens - Input: 2603, Output: 127, Total: 2730
{"id": 55, "ts": 1778086508.2123227, "event": "public_discussion_message", "round": 5, "agent": "agent_2", "message": "Candidate A \u2013 excellent spatial vision.\nMETADATA_JSON:\n{\"agent\": \"agent_2\", \"vote\": \"Candidate A\"}"}
2026-05-06 18:55:08,212 - INFO - Agent turns: 13
2026-05-06 18:55:15,412 - INFO - Tokens - Input: 1787, Output: 892, Total: 2679
2026-05-06 18:55:15,414 - INFO - Memory updates: 37
{"id": 56, "ts": 1778086515.414529, "event": "memory_updated", "agent": "agent_1", "round": 5}
2026-05-06 18:55:17,710 - INFO - Tokens - Input: 1972, Output: 1196, Total: 3168
2026-05-06 18:55:17,712 - INFO - Memory updates: 38
{"id": 57, "ts": 1778086517.7124345, "event": "memory_updated", "agent": "agent_3", "round": 5}
2026-05-06 18:55:18,727 - INFO - Tokens - Input: 2089, Output: 1216, Total: 3305
2026-05-06 18:55:18,729 - INFO - Memory updates: 39
{"id": 58, "ts": 1778086518.7298355, "event": "memory_updated", "agent": "agent_2", "round": 5}
2026-05-06 18:55:19,858 - INFO - Tokens - Input: 2331, Output: 103, Total: 2434
{"id": 59, "ts": 1778086519.859883, "event": "public_discussion_message", "round": 5, "agent": "agent_1", "message": "Candidate A \u2013 very good leadership qualities\nMETADATA_JSON:\n{\"agent\": \"agent_1\", \"vote\": \"Candidate A\"}"}
2026-05-06 18:55:19,860 - INFO - Agent turns: 14
2026-05-06 18:55:29,784 - INFO - Tokens - Input: 2043, Output: 1144, Total: 3187
2026-05-06 18:55:29,786 - INFO - Memory updates: 40
{"id": 60, "ts": 1778086529.7868214, "event": "memory_updated", "agent": "agent_3", "round": 5}
2026-05-06 18:55:30,369 - INFO - Tokens - Input: 2167, Output: 1303, Total: 3470
2026-05-06 18:55:30,371 - INFO - Memory updates: 41
{"id": 61, "ts": 1778086530.3714018, "event": "memory_updated", "agent": "agent_2", "round": 5}
2026-05-06 18:55:33,963 - INFO - Tokens - Input: 1837, Output: 816, Total: 2653
2026-05-06 18:55:33,964 - INFO - Memory updates: 42
{"id": 62, "ts": 1778086533.9648333, "event": "memory_updated", "agent": "agent_1", "round": 5}
2026-05-06 18:55:36,059 - INFO - Tokens - Input: 2572, Output: 301, Total: 2873
{"id": 63, "ts": 1778086536.0609922, "event": "public_discussion_message", "round": 5, "agent": "agent_3", "message": "Candidate B \u2013 handles stress very well.\nMETADATA_JSON:\n{\"agent\": \"agent_3\", \"vote\": \"Candidate B\"}"}
2026-05-06 18:55:36,061 - INFO - Agent turns: 15
2026-05-06 18:55:43,545 - INFO - Tokens - Input: 1872, Output: 963, Total: 2835
2026-05-06 18:55:43,547 - INFO - Memory updates: 43
{"id": 64, "ts": 1778086543.5472262, "event": "memory_updated", "agent": "agent_1", "round": 5}
2026-05-06 18:55:44,545 - INFO - Tokens - Input: 2078, Output: 981, Total: 3059
2026-05-06 18:55:44,546 - INFO - Memory updates: 44
{"id": 65, "ts": 1778086544.5468004, "event": "memory_updated", "agent": "agent_3", "round": 5}
2026-05-06 18:55:45,888 - INFO - Tokens - Input: 2195, Output: 1134, Total: 3329
2026-05-06 18:55:45,890 - INFO - Memory updates: 45
{"id": 66, "ts": 1778086545.8902404, "event": "memory_updated", "agent": "agent_2", "round": 5}
2026-05-06 18:55:45,898 - INFO - Loop 5 completed
2026-05-06 18:55:45,898 - INFO - Final Chosen Candidate: Candidate A
2026-05-06 18:55:45,898 - INFO - Final Decision Method: max_round_majority_vote
2026-05-06 18:55:45,898 - INFO - Final Vote Count: {'Candidate A': 2, 'Candidate B': 1}
2026-05-06 18:55:45,898 - INFO - Correct Candidate: Candidate C
2026-05-06 18:55:45,898 - INFO - Decision Correct: 0
{"id": 67, "ts": 1778086546.2124314, "event": "context_consistency_calculated", "method": "embedding_cosine", "mean_pairwise_similarity": 0.877799, "pairwise": [{"agent_a": "agent_1", "agent_b": "agent_2", "similarity": 0.856631}, {"agent_a": "agent_1", "agent_b": "agent_3", "similarity": 0.91258}, {"agent_a": "agent_2", "agent_b": "agent_3", "similarity": 0.864187}]}
{"id": 68, "ts": 1778086546.2126157, "event": "agent_memories_archived", "directory": "/home/lhegemann/git/bachelor_thesis/01_data/raw/simulations/low/low_20260506_181837_012/shared_mental_models", "round": 5}
{"id": 69, "ts": 1778086546.2127073, "event": "final_decision", "candidate": "Candidate A", "method": "max_round_majority_vote", "vote_count": {"Candidate A": 2, "Candidate B": 1}, "correct_candidate": "Candidate C", "decision_correct": 0, "round": 5}
2026-05-06 18:55:46,222 - INFO - ======================================================================
2026-05-06 18:55:46,223 - INFO - SIMULATION METRICS
2026-05-06 18:55:46,223 - INFO - ======================================================================
2026-05-06 18:55:46,223 - INFO - Total Loops: 5
2026-05-06 18:55:46,223 - INFO - Agent Turns (no vote checker): 15
2026-05-06 18:55:46,223 - INFO - Agent Tool Calls: 0
2026-05-06 18:55:46,223 - INFO - Agent Tool Messages: 0
2026-05-06 18:55:46,223 - INFO - Memory Updates: 45
2026-05-06 18:55:46,223 - INFO - Total Messages (no vote checker): 15
2026-05-06 18:55:46,223 - INFO - Input Tokens: 111817
2026-05-06 18:55:46,223 - INFO - Output Tokens: 50846
2026-05-06 18:55:46,223 - INFO - Total Tokens: 162663
2026-05-06 18:55:46,223 - INFO - Final Chosen Candidate: Candidate A
2026-05-06 18:55:46,223 - INFO - Final Decision Method: max_round_majority_vote
2026-05-06 18:55:46,224 - INFO - Final Vote Count: {'Candidate A': 2, 'Candidate B': 1}
2026-05-06 18:55:46,224 - INFO - Correct Candidate: Candidate C
2026-05-06 18:55:46,224 - INFO - Decision Correct: 0
2026-05-06 18:55:46,224 - INFO - Runtime: 202.05s
2026-05-06 18:55:46,224 - INFO - ======================================================================
