2026-05-07 14:09:12,915 - INFO - Metrics tracker initialized
{"id": 1, "ts": 1778155752.940543, "event": "memory_reset"}
{"id": 2, "ts": 1778155752.94504, "event": "discussion_order", "round": 1, "order": ["agent_1", "agent_2", "agent_3"]}
2026-05-07 14:09:18,695 - INFO - Tokens - Input: 1686, Output: 460, Total: 2146
{"id": 3, "ts": 1778155758.6965084, "event": "public_discussion_message", "round": 1, "agent": "agent_1", "message": "I prefer Candidate C; known to be 100% reliable.\nMETADATA_JSON:\n{\"agent\": \"agent_1\", \"vote\": \"Candidate C\"}"}
2026-05-07 14:09:18,696 - INFO - Agent turns: 1
2026-05-07 14:09:26,330 - INFO - Tokens - Input: 1200, Output: 1020, Total: 2220
2026-05-07 14:09:26,332 - INFO - Memory updates: 1
{"id": 4, "ts": 1778155766.3322766, "event": "memory_updated", "agent": "agent_2", "round": 1}
2026-05-07 14:09:26,539 - INFO - Tokens - Input: 1192, Output: 1086, Total: 2278
2026-05-07 14:09:26,540 - INFO - Memory updates: 2
{"id": 5, "ts": 1778155766.5410776, "event": "memory_updated", "agent": "agent_3", "round": 1}
2026-05-07 14:09:27,039 - INFO - Tokens - Input: 1197, Output: 1065, Total: 2262
2026-05-07 14:09:27,041 - INFO - Memory updates: 3
{"id": 6, "ts": 1778155767.0415747, "event": "memory_updated", "agent": "agent_1", "round": 1}
2026-05-07 14:09:34,232 - INFO - Tokens - Input: 2063, Output: 825, Total: 2888
{"id": 7, "ts": 1778155774.2337763, "event": "public_discussion_message", "round": 1, "agent": "agent_2", "message": "I prefer Candidate A \u2013 excellent spatial vision.\nMETADATA_JSON:\n{\"agent\": \"agent_2\", \"vote\": \"Candidate A\"}"}
2026-05-07 14:09:34,233 - INFO - Agent turns: 2
2026-05-07 14:09:40,558 - INFO - Tokens - Input: 1557, Output: 876, Total: 2433
2026-05-07 14:09:40,560 - INFO - Memory updates: 4
{"id": 8, "ts": 1778155780.5605369, "event": "memory_updated", "agent": "agent_1", "round": 1}
2026-05-07 14:09:42,096 - INFO - Tokens - Input: 1571, Output: 967, Total: 2538
2026-05-07 14:09:42,097 - INFO - Memory updates: 5
{"id": 9, "ts": 1778155782.0980082, "event": "memory_updated", "agent": "agent_2", "round": 1}
2026-05-07 14:09:42,890 - INFO - Tokens - Input: 1727, Output: 1161, Total: 2888
2026-05-07 14:09:42,892 - INFO - Memory updates: 6
{"id": 10, "ts": 1778155782.8921964, "event": "memory_updated", "agent": "agent_3", "round": 1}
2026-05-07 14:09:46,791 - INFO - Tokens - Input: 2254, Output: 418, Total: 2672
{"id": 11, "ts": 1778155786.7923841, "event": "public_discussion_message", "round": 1, "agent": "agent_3", "message": "I prefer Candidate B \u2013 handles stress well.\nMETADATA_JSON:\n{\"agent\": \"agent_3\", \"vote\": \"Candidate B\"}"}
2026-05-07 14:09:46,792 - INFO - Agent turns: 3
2026-05-07 14:09:55,385 - INFO - Tokens - Input: 1677, Output: 1037, Total: 2714
2026-05-07 14:09:55,386 - INFO - Memory updates: 7
{"id": 12, "ts": 1778155795.3868606, "event": "memory_updated", "agent": "agent_1", "round": 1}
2026-05-07 14:09:56,116 - INFO - Tokens - Input: 1762, Output: 1274, Total: 3036
2026-05-07 14:09:56,118 - INFO - Memory updates: 8
{"id": 13, "ts": 1778155796.1185827, "event": "memory_updated", "agent": "agent_3", "round": 1}
2026-05-07 14:09:57,061 - INFO - Tokens - Input: 1674, Output: 1246, Total: 2920
2026-05-07 14:09:57,062 - INFO - Memory updates: 9
{"id": 14, "ts": 1778155797.0629458, "event": "memory_updated", "agent": "agent_2", "round": 1}
2026-05-07 14:09:57,071 - INFO - Loop 1 completed
{"id": 15, "ts": 1778155797.0773857, "event": "discussion_order", "round": 2, "order": ["agent_1", "agent_3", "agent_2"]}
2026-05-07 14:10:03,254 - INFO - Tokens - Input: 2268, Output: 258, Total: 2526
{"id": 16, "ts": 1778155803.2553942, "event": "public_discussion_message", "round": 2, "agent": "agent_1", "message": "I still favor Candidate C \u2013 known to be 100\u202f% reliable.\nMETADATA_JSON:\n{\"agent\": \"agent_1\", \"vote\": \"Candidate C\"}"}
2026-05-07 14:10:03,255 - INFO - Agent turns: 4
2026-05-07 14:10:09,356 - INFO - Tokens - Input: 1763, Output: 864, Total: 2627
2026-05-07 14:10:09,358 - INFO - Memory updates: 10
{"id": 17, "ts": 1778155809.358577, "event": "memory_updated", "agent": "agent_1", "round": 2}
2026-05-07 14:10:11,108 - INFO - Tokens - Input: 1783, Output: 1026, Total: 2809
2026-05-07 14:10:11,110 - INFO - Memory updates: 11
{"id": 18, "ts": 1778155811.1106293, "event": "memory_updated", "agent": "agent_2", "round": 2}
2026-05-07 14:10:17,530 - INFO - Tokens - Input: 1843, Output: 928, Total: 2771
2026-05-07 14:10:17,531 - INFO - Memory updates: 12
{"id": 19, "ts": 1778155817.531874, "event": "memory_updated", "agent": "agent_3", "round": 2}
2026-05-07 14:10:19,620 - INFO - Tokens - Input: 2208, Output: 127, Total: 2335
{"id": 20, "ts": 1778155819.621933, "event": "public_discussion_message", "round": 2, "agent": "agent_3", "message": "I still prefer Candidate B \u2013 handles stress well.\nMETADATA_JSON:\n{\"agent\": \"agent_3\", \"vote\": \"Candidate B\"}"}
2026-05-07 14:10:19,622 - INFO - Agent turns: 5
2026-05-07 14:10:26,139 - INFO - Tokens - Input: 1718, Output: 779, Total: 2497
2026-05-07 14:10:26,141 - INFO - Memory updates: 13
{"id": 21, "ts": 1778155826.1413143, "event": "memory_updated", "agent": "agent_3", "round": 2}
2026-05-07 14:10:27,550 - INFO - Tokens - Input: 1778, Output: 1004, Total: 2782
2026-05-07 14:10:27,551 - INFO - Memory updates: 14
{"id": 22, "ts": 1778155827.5516436, "event": "memory_updated", "agent": "agent_1", "round": 2}
2026-05-07 14:10:30,437 - INFO - Tokens - Input: 1806, Output: 1354, Total: 3160
2026-05-07 14:10:30,439 - INFO - Memory updates: 15
{"id": 23, "ts": 1778155830.4393067, "event": "memory_updated", "agent": "agent_2", "round": 2}
2026-05-07 14:10:34,556 - INFO - Tokens - Input: 2327, Output: 139, Total: 2466
{"id": 24, "ts": 1778155834.5575614, "event": "public_discussion_message", "round": 2, "agent": "agent_2", "message": "I prefer Candidate A \u2013 excellent spatial vision.\nMETADATA_JSON:\n{\"agent\": \"agent_2\", \"vote\": \"Candidate A\"}"}
2026-05-07 14:10:34,557 - INFO - Agent turns: 6
2026-05-07 14:10:40,604 - INFO - Tokens - Input: 1743, Output: 818, Total: 2561
2026-05-07 14:10:40,606 - INFO - Memory updates: 16
{"id": 25, "ts": 1778155840.606365, "event": "memory_updated", "agent": "agent_3", "round": 2}
2026-05-07 14:10:41,875 - INFO - Tokens - Input: 1835, Output: 981, Total: 2816
2026-05-07 14:10:41,876 - INFO - Memory updates: 17
{"id": 26, "ts": 1778155841.8767343, "event": "memory_updated", "agent": "agent_2", "round": 2}
2026-05-07 14:10:44,203 - INFO - Tokens - Input: 1814, Output: 1305, Total: 3119
2026-05-07 14:10:44,205 - INFO - Memory updates: 18
{"id": 27, "ts": 1778155844.2061064, "event": "memory_updated", "agent": "agent_1", "round": 2}
2026-05-07 14:10:44,215 - INFO - Loop 2 completed
{"id": 28, "ts": 1778155844.2226803, "event": "discussion_order", "round": 3, "order": ["agent_3", "agent_1", "agent_2"]}
2026-05-07 14:10:46,353 - INFO - Tokens - Input: 2260, Output: 121, Total: 2381
{"id": 29, "ts": 1778155846.3550985, "event": "public_discussion_message", "round": 3, "agent": "agent_3", "message": "I still favor Candidate B \u2013 handles stress well.\nMETADATA_JSON:\n{\"agent\": \"agent_3\", \"vote\": \"Candidate B\"}"}
2026-05-07 14:10:46,355 - INFO - Agent turns: 7
2026-05-07 14:10:52,545 - INFO - Tokens - Input: 1745, Output: 782, Total: 2527
2026-05-07 14:10:52,547 - INFO - Memory updates: 19
{"id": 30, "ts": 1778155852.5473866, "event": "memory_updated", "agent": "agent_3", "round": 3}
2026-05-07 14:10:52,620 - INFO - Tokens - Input: 1770, Output: 877, Total: 2647
2026-05-07 14:10:52,621 - INFO - Memory updates: 20
{"id": 31, "ts": 1778155852.6221237, "event": "memory_updated", "agent": "agent_2", "round": 3}
2026-05-07 14:10:55,368 - INFO - Tokens - Input: 1868, Output: 973, Total: 2841
2026-05-07 14:10:55,369 - INFO - Memory updates: 21
{"id": 32, "ts": 1778155855.3699305, "event": "memory_updated", "agent": "agent_1", "round": 3}
2026-05-07 14:11:02,867 - INFO - Tokens - Input: 2431, Output: 117, Total: 2548
{"id": 33, "ts": 1778155862.8691123, "event": "public_discussion_message", "round": 3, "agent": "agent_1", "message": "I still favor Candidate C \u2013 known to be 100\u202f% reliable.\nMETADATA_JSON:\n{\"agent\": \"agent_1\", \"vote\": \"Candidate C\"}"}
2026-05-07 14:11:02,869 - INFO - Agent turns: 8
2026-05-07 14:11:10,123 - INFO - Tokens - Input: 1951, Output: 668, Total: 2619
2026-05-07 14:11:10,125 - INFO - Memory updates: 22
{"id": 34, "ts": 1778155870.125474, "event": "memory_updated", "agent": "agent_1", "round": 3}
2026-05-07 14:11:14,353 - INFO - Tokens - Input: 1808, Output: 1267, Total: 3075
2026-05-07 14:11:14,355 - INFO - Memory updates: 23
{"id": 35, "ts": 1778155874.3552334, "event": "memory_updated", "agent": "agent_2", "round": 3}
2026-05-07 14:11:18,835 - INFO - Tokens - Input: 1777, Output: 956, Total: 2733
2026-05-07 14:11:18,836 - INFO - Memory updates: 24
{"id": 36, "ts": 1778155878.8369572, "event": "memory_updated", "agent": "agent_3", "round": 3}
2026-05-07 14:11:20,486 - INFO - Tokens - Input: 2546, Output: 201, Total: 2747
{"id": 37, "ts": 1778155880.4877696, "event": "public_discussion_message", "round": 3, "agent": "agent_2", "message": "I still prefer Candidate A \u2013 regarded as a show\u2011off.\nMETADATA_JSON:\n{\"agent\": \"agent_2\", \"vote\": \"Candidate A\"}"}
2026-05-07 14:11:20,487 - INFO - Agent turns: 9
2026-05-07 14:11:28,903 - INFO - Tokens - Input: 2062, Output: 1144, Total: 3206
2026-05-07 14:11:28,905 - INFO - Memory updates: 25
{"id": 38, "ts": 1778155888.9051776, "event": "memory_updated", "agent": "agent_2", "round": 3}
2026-05-07 14:11:29,884 - INFO - Tokens - Input: 1811, Output: 1148, Total: 2959
2026-05-07 14:11:29,886 - INFO - Memory updates: 26
{"id": 39, "ts": 1778155889.8861482, "event": "memory_updated", "agent": "agent_3", "round": 3}
2026-05-07 14:11:29,960 - INFO - Tokens - Input: 1705, Output: 1151, Total: 2856
2026-05-07 14:11:29,961 - INFO - Memory updates: 27
{"id": 40, "ts": 1778155889.961883, "event": "memory_updated", "agent": "agent_1", "round": 3}
2026-05-07 14:11:29,970 - INFO - Loop 3 completed
{"id": 41, "ts": 1778155889.9758098, "event": "discussion_order", "round": 4, "order": ["agent_3", "agent_1", "agent_2"]}
2026-05-07 14:11:33,242 - INFO - Tokens - Input: 2355, Output: 436, Total: 2791
{"id": 42, "ts": 1778155893.2435489, "event": "public_discussion_message", "round": 4, "agent": "agent_3", "message": "I still favor Candidate B \u2013 handles stress well.\nMETADATA_JSON:\n{\"agent\": \"agent_3\", \"vote\": \"Candidate B\"}"}
2026-05-07 14:11:33,243 - INFO - Agent turns: 10
2026-05-07 14:11:41,736 - INFO - Tokens - Input: 1840, Output: 926, Total: 2766
2026-05-07 14:11:41,737 - INFO - Memory updates: 28
{"id": 43, "ts": 1778155901.737952, "event": "memory_updated", "agent": "agent_3", "round": 4}
2026-05-07 14:11:42,223 - INFO - Tokens - Input: 2102, Output: 1103, Total: 3205
2026-05-07 14:11:42,224 - INFO - Memory updates: 29
{"id": 44, "ts": 1778155902.2248244, "event": "memory_updated", "agent": "agent_2", "round": 4}
2026-05-07 14:11:43,191 - INFO - Tokens - Input: 1850, Output: 1160, Total: 3010
2026-05-07 14:11:43,192 - INFO - Memory updates: 30
{"id": 45, "ts": 1778155903.1927083, "event": "memory_updated", "agent": "agent_1", "round": 4}
2026-05-07 14:11:47,759 - INFO - Tokens - Input: 2402, Output: 125, Total: 2527
{"id": 46, "ts": 1778155907.760429, "event": "public_discussion_message", "round": 4, "agent": "agent_1", "message": "I prefer Candidate C \u2013 known to be 100\u202f% reliable.\nMETADATA_JSON:\n{\"agent\": \"agent_1\", \"vote\": \"Candidate C\"}"}
2026-05-07 14:11:47,760 - INFO - Agent turns: 11
2026-05-07 14:11:54,495 - INFO - Tokens - Input: 1920, Output: 831, Total: 2751
2026-05-07 14:11:54,496 - INFO - Memory updates: 31
{"id": 47, "ts": 1778155914.4969485, "event": "memory_updated", "agent": "agent_1", "round": 4}
2026-05-07 14:11:57,575 - INFO - Tokens - Input: 2136, Output: 1165, Total: 3301
2026-05-07 14:11:57,577 - INFO - Memory updates: 32
{"id": 48, "ts": 1778155917.5777385, "event": "memory_updated", "agent": "agent_2", "round": 4}
2026-05-07 14:12:00,197 - INFO - Tokens - Input: 1817, Output: 992, Total: 2809
2026-05-07 14:12:00,198 - INFO - Memory updates: 33
{"id": 49, "ts": 1778155920.1991465, "event": "memory_updated", "agent": "agent_3", "round": 4}
2026-05-07 14:12:02,918 - INFO - Tokens - Input: 2584, Output: 146, Total: 2730
{"id": 50, "ts": 1778155922.92027, "event": "public_discussion_message", "round": 4, "agent": "agent_2", "message": "I still prefer Candidate A \u2013 regarded as a show\u2011off.\nMETADATA_JSON:\n{\"agent\": \"agent_2\", \"vote\": \"Candidate A\"}"}
2026-05-07 14:12:02,920 - INFO - Agent turns: 12
2026-05-07 14:12:10,558 - INFO - Tokens - Input: 1993, Output: 999, Total: 2992
2026-05-07 14:12:10,560 - INFO - Memory updates: 34
{"id": 51, "ts": 1778155930.5602255, "event": "memory_updated", "agent": "agent_1", "round": 4}
2026-05-07 14:12:12,347 - INFO - Tokens - Input: 1833, Output: 1224, Total: 3057
2026-05-07 14:12:12,348 - INFO - Memory updates: 35
{"id": 52, "ts": 1778155932.3491182, "event": "memory_updated", "agent": "agent_3", "round": 4}
2026-05-07 14:12:12,404 - INFO - Tokens - Input: 2100, Output: 1150, Total: 3250
2026-05-07 14:12:12,406 - INFO - Memory updates: 36
{"id": 53, "ts": 1778155932.4062479, "event": "memory_updated", "agent": "agent_2", "round": 4}
2026-05-07 14:12:12,414 - INFO - Loop 4 completed
{"id": 54, "ts": 1778155932.4201458, "event": "discussion_order", "round": 5, "order": ["agent_1", "agent_3", "agent_2"]}
2026-05-07 14:12:13,647 - INFO - Tokens - Input: 2518, Output: 116, Total: 2634
{"id": 55, "ts": 1778155933.6483042, "event": "public_discussion_message", "round": 5, "agent": "agent_1", "message": "I still favor Candidate C \u2013 known to be 100\u202f% reliable.\nMETADATA_JSON:\n{\"agent\": \"agent_1\", \"vote\": \"Candidate C\"}"}
2026-05-07 14:12:13,648 - INFO - Agent turns: 13
2026-05-07 14:12:18,930 - INFO - Tokens - Input: 1809, Output: 748, Total: 2557
2026-05-07 14:12:18,932 - INFO - Memory updates: 37
{"id": 56, "ts": 1778155938.9321737, "event": "memory_updated", "agent": "agent_3", "round": 5}
2026-05-07 14:12:21,200 - INFO - Tokens - Input: 2013, Output: 904, Total: 2917
2026-05-07 14:12:21,202 - INFO - Memory updates: 38
{"id": 57, "ts": 1778155941.2023296, "event": "memory_updated", "agent": "agent_1", "round": 5}
2026-05-07 14:12:23,124 - INFO - Tokens - Input: 2149, Output: 1182, Total: 3331
2026-05-07 14:12:23,126 - INFO - Memory updates: 39
{"id": 58, "ts": 1778155943.127007, "event": "memory_updated", "agent": "agent_2", "round": 5}
2026-05-07 14:12:26,411 - INFO - Tokens - Input: 2438, Output: 148, Total: 2586
{"id": 59, "ts": 1778155946.4133244, "event": "public_discussion_message", "round": 5, "agent": "agent_3", "message": "I prefer Candidate B \u2013 handles stress well.\nMETADATA_JSON:\n{\"agent\": \"agent_3\", \"vote\": \"Candidate B\"}"}
2026-05-07 14:12:26,413 - INFO - Agent turns: 14
2026-05-07 14:12:32,949 - INFO - Tokens - Input: 2061, Output: 887, Total: 2948
2026-05-07 14:12:32,950 - INFO - Memory updates: 40
{"id": 60, "ts": 1778155952.9510684, "event": "memory_updated", "agent": "agent_1", "round": 5}
2026-05-07 14:12:33,371 - INFO - Tokens - Input: 1946, Output: 815, Total: 2761
2026-05-07 14:12:33,372 - INFO - Memory updates: 41
{"id": 61, "ts": 1778155953.3728433, "event": "memory_updated", "agent": "agent_3", "round": 5}
2026-05-07 14:12:34,538 - INFO - Tokens - Input: 2059, Output: 1046, Total: 3105
2026-05-07 14:12:34,540 - INFO - Memory updates: 42
{"id": 62, "ts": 1778155954.5401876, "event": "memory_updated", "agent": "agent_2", "round": 5}
2026-05-07 14:12:42,267 - INFO - Tokens - Input: 2572, Output: 130, Total: 2702
{"id": 63, "ts": 1778155962.26933, "event": "public_discussion_message", "round": 5, "agent": "agent_2", "message": "I still prefer Candidate A \u2013 regarded as a show\u2011off.\nMETADATA_JSON:\n{\"agent\": \"agent_2\", \"vote\": \"Candidate A\"}"}
2026-05-07 14:12:42,269 - INFO - Agent turns: 15
2026-05-07 14:12:50,320 - INFO - Tokens - Input: 2106, Output: 1057, Total: 3163
2026-05-07 14:12:50,322 - INFO - Memory updates: 43
{"id": 64, "ts": 1778155970.3222919, "event": "memory_updated", "agent": "agent_1", "round": 5}
2026-05-07 14:12:52,716 - INFO - Tokens - Input: 2132, Output: 1299, Total: 3431
2026-05-07 14:12:52,717 - INFO - Memory updates: 44
{"id": 65, "ts": 1778155972.7180593, "event": "memory_updated", "agent": "agent_3", "round": 5}
2026-05-07 14:12:58,265 - INFO - Tokens - Input: 2088, Output: 857, Total: 2945
2026-05-07 14:12:58,267 - INFO - Memory updates: 45
{"id": 66, "ts": 1778155978.2676966, "event": "memory_updated", "agent": "agent_2", "round": 5}
2026-05-07 14:12:58,276 - INFO - Loop 5 completed
2026-05-07 14:12:58,276 - INFO - Final Chosen Candidate: None
2026-05-07 14:12:58,276 - INFO - Final Decision Method: max_round_no_majority
2026-05-07 14:12:58,277 - INFO - Final Vote Count: {'Candidate C': 1, 'Candidate A': 1, 'Candidate B': 1}
2026-05-07 14:12:58,277 - INFO - Correct Candidate: Candidate C
2026-05-07 14:12:58,277 - INFO - Decision Correct: 0
{"id": 67, "ts": 1778155978.5751283, "event": "context_consistency_calculated", "method": "embedding_cosine", "mean_pairwise_similarity": 0.862149, "pairwise": [{"agent_a": "agent_1", "agent_b": "agent_2", "similarity": 0.921763}, {"agent_a": "agent_1", "agent_b": "agent_3", "similarity": 0.846827}, {"agent_a": "agent_2", "agent_b": "agent_3", "similarity": 0.817857}]}
{"id": 68, "ts": 1778155978.575302, "event": "agent_memories_archived", "directory": "/home/lhegemann/git/bachelor_thesis/01_data/raw/simulations/low/low_treatment_20260507_140016_002/shared_mental_models", "round": 5}
{"id": 69, "ts": 1778155978.575395, "event": "final_decision", "candidate": null, "method": "max_round_no_majority", "vote_count": {"Candidate C": 1, "Candidate A": 1, "Candidate B": 1}, "correct_candidate": "Candidate C", "decision_correct": 0, "round": 5}
2026-05-07 14:12:58,585 - INFO - ======================================================================
2026-05-07 14:12:58,585 - INFO - SIMULATION METRICS
2026-05-07 14:12:58,585 - INFO - ======================================================================
2026-05-07 14:12:58,585 - INFO - Total Loops: 5
2026-05-07 14:12:58,585 - INFO - Agent Turns (no vote checker): 15
2026-05-07 14:12:58,585 - INFO - Agent Tool Calls: 0
2026-05-07 14:12:58,585 - INFO - Agent Tool Messages: 0
2026-05-07 14:12:58,585 - INFO - Memory Updates: 45
2026-05-07 14:12:58,585 - INFO - Total Messages (no vote checker): 15
2026-05-07 14:12:58,586 - INFO - Input Tokens: 117003
2026-05-07 14:12:58,586 - INFO - Output Tokens: 49869
2026-05-07 14:12:58,586 - INFO - Total Tokens: 166872
2026-05-07 14:12:58,586 - INFO - Final Chosen Candidate: None
2026-05-07 14:12:58,586 - INFO - Final Decision Method: max_round_no_majority
2026-05-07 14:12:58,586 - INFO - Final Vote Count: {'Candidate C': 1, 'Candidate A': 1, 'Candidate B': 1}
2026-05-07 14:12:58,586 - INFO - Correct Candidate: Candidate C
2026-05-07 14:12:58,586 - INFO - Decision Correct: 0
2026-05-07 14:12:58,586 - INFO - Runtime: 225.67s
2026-05-07 14:12:58,586 - INFO - ======================================================================
