2026-05-07 21:45:03,748 - INFO - Metrics tracker initialized
{"id": 1, "ts": 1778183103.7772748, "event": "memory_reset"}
{"id": 2, "ts": 1778183103.7814167, "event": "discussion_order", "round": 1, "order": ["agent_1", "agent_3", "agent_2"]}
2026-05-07 21:45:09,531 - INFO - Tokens - Input: 1392, Output: 533, Total: 1925
{"id": 3, "ts": 1778183109.5332665, "event": "public_discussion_message", "round": 1, "agent": "agent_1", "message": "I prefer Candidate A; excellent spatial vision.\nMETADATA_JSON:\n{\"agent\": \"agent_1\", \"vote\": \"Candidate A\"}"}
2026-05-07 21:45:09,533 - INFO - Agent turns: 1
2026-05-07 21:45:14,295 - INFO - Tokens - Input: 1442, Output: 466, Total: 1908
{"id": 4, "ts": 1778183114.2964785, "event": "public_discussion_message", "round": 1, "agent": "agent_3", "message": "I prefer Candidate B; handles stress well.\nMETADATA_JSON:\n{\"agent\": \"agent_3\", \"vote\": \"Candidate B\"}"}
2026-05-07 21:45:14,296 - INFO - Agent turns: 2
2026-05-07 21:45:19,097 - INFO - Tokens - Input: 1487, Output: 626, Total: 2113
{"id": 5, "ts": 1778183119.0984592, "event": "public_discussion_message", "round": 1, "agent": "agent_2", "message": "I prefer Candidate A; anticipates dangerous situations.\nMETADATA_JSON:\n{\"agent\": \"agent_2\", \"vote\": \"Candidate A\"}"}
2026-05-07 21:45:19,098 - INFO - Agent turns: 3
2026-05-07 21:45:19,106 - INFO - Loop 1 completed
{"id": 6, "ts": 1778183119.1127217, "event": "discussion_order", "round": 2, "order": ["agent_2", "agent_3", "agent_1"]}
2026-05-07 21:45:24,077 - INFO - Tokens - Input: 1520, Output: 628, Total: 2148
{"id": 7, "ts": 1778183124.0783708, "event": "public_discussion_message", "round": 2, "agent": "agent_2", "message": "Candidate A; anticipates dangerous situations.\nMETADATA_JSON:\n{\"agent\": \"agent_2\", \"vote\": \"Candidate A\"}"}
2026-05-07 21:45:24,078 - INFO - Agent turns: 4
2026-05-07 21:45:30,308 - INFO - Tokens - Input: 1552, Output: 835, Total: 2387
{"id": 8, "ts": 1778183130.3097231, "event": "public_discussion_message", "round": 2, "agent": "agent_3", "message": "I prefer Candidate B; handles stress well.\nMETADATA_JSON:\n{\"agent\": \"agent_3\", \"vote\": \"Candidate B\"}"}
2026-05-07 21:45:30,309 - INFO - Agent turns: 5
2026-05-07 21:45:35,517 - INFO - Tokens - Input: 1595, Output: 666, Total: 2261
{"id": 9, "ts": 1778183135.5191703, "event": "public_discussion_message", "round": 2, "agent": "agent_1", "message": "I prefer Candidate A; anticipates dangerous situations.\nMETADATA_JSON:\n{\"agent\": \"agent_1\", \"vote\": \"Candidate A\"}"}
2026-05-07 21:45:35,519 - INFO - Agent turns: 6
2026-05-07 21:45:35,528 - INFO - Loop 2 completed
{"id": 10, "ts": 1778183135.5349169, "event": "discussion_order", "round": 3, "order": ["agent_3", "agent_1", "agent_2"]}
2026-05-07 21:45:39,848 - INFO - Tokens - Input: 1623, Output: 502, Total: 2125
{"id": 11, "ts": 1778183139.850163, "event": "public_discussion_message", "round": 3, "agent": "agent_3", "message": "I prefer Candidate B; handles stress well.\nMETADATA_JSON:\n{\"agent\": \"agent_3\", \"vote\": \"Candidate B\"}"}
2026-05-07 21:45:39,850 - INFO - Agent turns: 7
2026-05-07 21:45:44,870 - INFO - Tokens - Input: 1670, Output: 613, Total: 2283
{"id": 12, "ts": 1778183144.8716214, "event": "public_discussion_message", "round": 3, "agent": "agent_1", "message": "I prefer Candidate A; very good leadership qualities.\nMETADATA_JSON:\n{\"agent\": \"agent_1\", \"vote\": \"Candidate A\"}"}
2026-05-07 21:45:44,871 - INFO - Agent turns: 8
2026-05-07 21:45:51,041 - INFO - Tokens - Input: 1712, Output: 783, Total: 2495
{"id": 13, "ts": 1778183151.0422401, "event": "public_discussion_message", "round": 3, "agent": "agent_2", "message": "Candidate D; solves problems extremely well.\nMETADATA_JSON:\n{\"agent\": \"agent_2\", \"vote\": \"Candidate D\"}"}
2026-05-07 21:45:51,042 - INFO - Agent turns: 9
2026-05-07 21:45:51,051 - INFO - Loop 3 completed
{"id": 14, "ts": 1778183151.057603, "event": "discussion_order", "round": 4, "order": ["agent_1", "agent_3", "agent_2"]}
2026-05-07 21:45:55,498 - INFO - Tokens - Input: 1746, Output: 593, Total: 2339
{"id": 15, "ts": 1778183155.5001485, "event": "public_discussion_message", "round": 4, "agent": "agent_1", "message": "I prefer Candidate C; known to be 100% reliable.\nMETADATA_JSON:\n{\"agent\": \"agent_1\", \"vote\": \"Candidate C\"}"}
2026-05-07 21:45:55,500 - INFO - Agent turns: 10
2026-05-07 21:45:59,336 - INFO - Tokens - Input: 1784, Output: 495, Total: 2279
{"id": 16, "ts": 1778183159.3377419, "event": "public_discussion_message", "round": 4, "agent": "agent_3", "message": "I prefer Candidate B; handles stress well.\nMETADATA_JSON:\n{\"agent\": \"agent_3\", \"vote\": \"Candidate B\"}"}
2026-05-07 21:45:59,337 - INFO - Agent turns: 11
2026-05-07 21:46:05,167 - INFO - Tokens - Input: 1825, Output: 702, Total: 2527
{"id": 17, "ts": 1778183165.1689806, "event": "public_discussion_message", "round": 4, "agent": "agent_2", "message": "Candidate D; solves problems extremely well.\nMETADATA_JSON:\n{\"agent\": \"agent_2\", \"vote\": \"Candidate D\"}"}
2026-05-07 21:46:05,169 - INFO - Agent turns: 12
2026-05-07 21:46:05,177 - INFO - Loop 4 completed
{"id": 18, "ts": 1778183165.1836057, "event": "discussion_order", "round": 5, "order": ["agent_3", "agent_1", "agent_2"]}
2026-05-07 21:46:10,972 - INFO - Tokens - Input: 1855, Output: 806, Total: 2661
{"id": 19, "ts": 1778183170.9736257, "event": "public_discussion_message", "round": 5, "agent": "agent_3", "message": "I prefer Candidate B; handles stress well.\nMETADATA_JSON:\n{\"agent\": \"agent_3\", \"vote\": \"Candidate B\"}"}
2026-05-07 21:46:10,973 - INFO - Agent turns: 13
2026-05-07 21:46:19,108 - INFO - Tokens - Input: 1895, Output: 747, Total: 2642
{"id": 20, "ts": 1778183179.1100235, "event": "public_discussion_message", "round": 5, "agent": "agent_1", "message": "I prefer Candidate C; known to be 100% reliable.\nMETADATA_JSON:\n{\"agent\": \"agent_1\", \"vote\": \"Candidate C\"}"}
2026-05-07 21:46:19,110 - INFO - Agent turns: 14
2026-05-07 21:46:23,721 - INFO - Tokens - Input: 1943, Output: 580, Total: 2523
{"id": 21, "ts": 1778183183.7222912, "event": "public_discussion_message", "round": 5, "agent": "agent_2", "message": "Candidate A; very good leadership qualities.\nMETADATA_JSON:\n{\"agent\": \"agent_2\", \"vote\": \"Candidate A\"}"}
2026-05-07 21:46:23,722 - INFO - Agent turns: 15
2026-05-07 21:46:23,731 - INFO - Loop 5 completed
2026-05-07 21:46:23,731 - INFO - Final Chosen Candidate: None
2026-05-07 21:46:23,731 - INFO - Final Decision Method: max_round_no_majority
2026-05-07 21:46:23,731 - INFO - Final Vote Count: {'Candidate C': 1, 'Candidate A': 1, 'Candidate B': 1}
2026-05-07 21:46:23,731 - INFO - Correct Candidate: Candidate C
2026-05-07 21:46:23,731 - INFO - Decision Correct: 0
{"id": 22, "ts": 1778183183.733106, "event": "context_consistency_not_applicable", "reason": "explicit_smm_memory_disabled"}
{"id": 23, "ts": 1778183183.7332246, "event": "final_decision", "candidate": null, "method": "max_round_no_majority", "vote_count": {"Candidate C": 1, "Candidate A": 1, "Candidate B": 1}, "correct_candidate": "Candidate C", "decision_correct": 0, "round": 5}
2026-05-07 21:46:23,742 - INFO - ======================================================================
2026-05-07 21:46:23,742 - INFO - SIMULATION METRICS
2026-05-07 21:46:23,742 - INFO - ======================================================================
2026-05-07 21:46:23,742 - INFO - Total Loops: 5
2026-05-07 21:46:23,742 - INFO - Agent Turns (no vote checker): 15
2026-05-07 21:46:23,742 - INFO - Agent Tool Calls: 0
2026-05-07 21:46:23,742 - INFO - Agent Tool Messages: 0
2026-05-07 21:46:23,742 - INFO - Memory Updates: 0
2026-05-07 21:46:23,742 - INFO - Total Messages (no vote checker): 15
2026-05-07 21:46:23,742 - INFO - Input Tokens: 25041
2026-05-07 21:46:23,742 - INFO - Output Tokens: 9575
2026-05-07 21:46:23,743 - INFO - Total Tokens: 34616
2026-05-07 21:46:23,743 - INFO - Final Chosen Candidate: None
2026-05-07 21:46:23,743 - INFO - Final Decision Method: max_round_no_majority
2026-05-07 21:46:23,743 - INFO - Final Vote Count: {'Candidate C': 1, 'Candidate A': 1, 'Candidate B': 1}
2026-05-07 21:46:23,743 - INFO - Correct Candidate: Candidate C
2026-05-07 21:46:23,743 - INFO - Decision Correct: 0
2026-05-07 21:46:23,743 - INFO - Runtime: 79.99s
2026-05-07 21:46:23,743 - INFO - ======================================================================
