2026-05-09 23:33:18,863 - INFO - Metrics tracker initialized
{"id": 1, "ts": 1778362398.8904757, "event": "memory_reset"}
{"id": 2, "ts": 1778362398.8947074, "event": "discussion_order", "round": 1, "order": ["agent_1", "agent_3", "agent_2"]}
2026-05-09 23:33:27,275 - INFO - Tokens - Input: 1686, Output: 487, Total: 2173
{"id": 3, "ts": 1778362407.2778258, "event": "public_discussion_message", "round": 1, "agent": "agent_1", "message": "Candidate C \u2013 known to be 100% reliable.\nMETADATA_JSON:\n{\"agent\": \"agent_1\", \"vote\": \"Candidate C\"}"}
2026-05-09 23:33:27,278 - INFO - Agent turns: 1
2026-05-09 23:33:35,631 - INFO - Tokens - Input: 1188, Output: 1102, Total: 2290
2026-05-09 23:33:35,633 - INFO - Memory updates: 1
{"id": 4, "ts": 1778362415.6337502, "event": "memory_updated", "agent": "agent_3", "round": 1}
2026-05-09 23:33:36,325 - INFO - Tokens - Input: 1193, Output: 1181, Total: 2374
2026-05-09 23:33:36,327 - INFO - Memory updates: 2
{"id": 5, "ts": 1778362416.3273094, "event": "memory_updated", "agent": "agent_1", "round": 1}
2026-05-09 23:33:36,719 - INFO - Tokens - Input: 1196, Output: 1143, Total: 2339
2026-05-09 23:33:36,720 - INFO - Memory updates: 3
{"id": 6, "ts": 1778362416.7210002, "event": "memory_updated", "agent": "agent_2", "round": 1}
2026-05-09 23:33:41,937 - INFO - Tokens - Input: 2181, Output: 403, Total: 2584
{"id": 7, "ts": 1778362421.938538, "event": "public_discussion_message", "round": 1, "agent": "agent_3", "message": "Candidate B \u2013 handles stress well.\nMETADATA_JSON:\n{\"agent\": \"agent_3\", \"vote\": \"Candidate B\"}"}
2026-05-09 23:33:41,938 - INFO - Agent turns: 2
2026-05-09 23:33:52,902 - INFO - Tokens - Input: 1560, Output: 934, Total: 2494
2026-05-09 23:33:52,904 - INFO - Memory updates: 4
{"id": 8, "ts": 1778362432.9041402, "event": "memory_updated", "agent": "agent_2", "round": 1}
2026-05-09 23:33:54,002 - INFO - Tokens - Input: 1685, Output: 978, Total: 2663
2026-05-09 23:33:54,003 - INFO - Memory updates: 5
{"id": 9, "ts": 1778362434.003858, "event": "memory_updated", "agent": "agent_3", "round": 1}
2026-05-09 23:33:57,832 - INFO - Tokens - Input: 1683, Output: 1071, Total: 2754
2026-05-09 23:33:57,833 - INFO - Memory updates: 6
{"id": 10, "ts": 1778362437.8338456, "event": "memory_updated", "agent": "agent_1", "round": 1}
2026-05-09 23:34:03,193 - INFO - Tokens - Input: 2104, Output: 628, Total: 2732
{"id": 11, "ts": 1778362443.195032, "event": "public_discussion_message", "round": 1, "agent": "agent_2", "message": "Candidate C \u2013 keeps calm in a crisis.\nMETADATA_JSON:\n{\"agent\": \"agent_2\", \"vote\": \"Candidate C\"}"}
2026-05-09 23:34:03,195 - INFO - Agent turns: 3
2026-05-09 23:34:11,311 - INFO - Tokens - Input: 1612, Output: 907, Total: 2519
2026-05-09 23:34:11,313 - INFO - Memory updates: 7
{"id": 12, "ts": 1778362451.3134298, "event": "memory_updated", "agent": "agent_2", "round": 1}
2026-05-09 23:34:12,505 - INFO - Tokens - Input: 1765, Output: 1082, Total: 2847
2026-05-09 23:34:12,507 - INFO - Memory updates: 8
{"id": 13, "ts": 1778362452.507217, "event": "memory_updated", "agent": "agent_1", "round": 1}
2026-05-09 23:34:12,748 - INFO - Tokens - Input: 1743, Output: 1163, Total: 2906
2026-05-09 23:34:12,749 - INFO - Memory updates: 9
{"id": 14, "ts": 1778362452.749904, "event": "memory_updated", "agent": "agent_3", "round": 1}
2026-05-09 23:34:12,758 - INFO - Loop 1 completed
{"id": 15, "ts": 1778362452.764224, "event": "discussion_order", "round": 2, "order": ["agent_2", "agent_1", "agent_3"]}
2026-05-09 23:34:14,095 - INFO - Tokens - Input: 2178, Output: 142, Total: 2320
{"id": 16, "ts": 1778362454.0968513, "event": "public_discussion_message", "round": 2, "agent": "agent_2", "message": "Candidate C \u2013 keeps calm in a crisis.\nMETADATA_JSON:\n{\"agent\": \"agent_2\", \"vote\": \"Candidate C\"}"}
2026-05-09 23:34:14,097 - INFO - Agent turns: 4
2026-05-09 23:34:19,926 - INFO - Tokens - Input: 1788, Output: 683, Total: 2471
2026-05-09 23:34:19,927 - INFO - Memory updates: 10
{"id": 17, "ts": 1778362459.928033, "event": "memory_updated", "agent": "agent_1", "round": 2}
2026-05-09 23:34:20,889 - INFO - Tokens - Input: 1668, Output: 875, Total: 2543
2026-05-09 23:34:20,891 - INFO - Memory updates: 11
{"id": 18, "ts": 1778362460.8913772, "event": "memory_updated", "agent": "agent_2", "round": 2}
2026-05-09 23:34:23,200 - INFO - Tokens - Input: 1902, Output: 905, Total: 2807
2026-05-09 23:34:23,201 - INFO - Memory updates: 12
{"id": 19, "ts": 1778362463.20171, "event": "memory_updated", "agent": "agent_3", "round": 2}
2026-05-09 23:34:24,792 - INFO - Tokens - Input: 1971, Output: 141, Total: 2112
{"id": 20, "ts": 1778362464.793726, "event": "public_discussion_message", "round": 2, "agent": "agent_1", "message": "Candidate C \u2013 has difficulty communicating ideas.\nMETADATA_JSON:\n{\"agent\": \"agent_1\", \"vote\": \"Candidate C\"}"}
2026-05-09 23:34:24,793 - INFO - Agent turns: 5
2026-05-09 23:34:30,791 - INFO - Tokens - Input: 1477, Output: 705, Total: 2182
2026-05-09 23:34:30,792 - INFO - Memory updates: 13
{"id": 21, "ts": 1778362470.7929494, "event": "memory_updated", "agent": "agent_1", "round": 2}
2026-05-09 23:34:33,023 - INFO - Tokens - Input: 1704, Output: 963, Total: 2667
2026-05-09 23:34:33,024 - INFO - Memory updates: 14
{"id": 22, "ts": 1778362473.0249858, "event": "memory_updated", "agent": "agent_3", "round": 2}
2026-05-09 23:34:35,796 - INFO - Tokens - Input: 1702, Output: 1392, Total: 3094
2026-05-09 23:34:35,798 - INFO - Memory updates: 15
{"id": 23, "ts": 1778362475.798637, "event": "memory_updated", "agent": "agent_2", "round": 2}
2026-05-09 23:34:38,353 - INFO - Tokens - Input: 2235, Output: 137, Total: 2372
{"id": 24, "ts": 1778362478.3551195, "event": "public_discussion_message", "round": 2, "agent": "agent_3", "message": "Candidate B \u2013 excellent computer skills.\nMETADATA_JSON:\n{\"agent\": \"agent_3\", \"vote\": \"Candidate B\"}"}
2026-05-09 23:34:38,355 - INFO - Agent turns: 6
2026-05-09 23:34:47,340 - INFO - Tokens - Input: 1739, Output: 1145, Total: 2884
2026-05-09 23:34:47,342 - INFO - Memory updates: 16
{"id": 25, "ts": 1778362487.3423839, "event": "memory_updated", "agent": "agent_3", "round": 2}
2026-05-09 23:34:47,518 - INFO - Tokens - Input: 1770, Output: 1112, Total: 2882
2026-05-09 23:34:47,520 - INFO - Memory updates: 17
{"id": 26, "ts": 1778362487.5202932, "event": "memory_updated", "agent": "agent_2", "round": 2}
2026-05-09 23:34:48,033 - INFO - Tokens - Input: 1573, Output: 1190, Total: 2763
2026-05-09 23:34:48,035 - INFO - Memory updates: 18
{"id": 27, "ts": 1778362488.0352116, "event": "memory_updated", "agent": "agent_1", "round": 2}
2026-05-09 23:34:48,044 - INFO - Loop 2 completed
{"id": 28, "ts": 1778362488.0505931, "event": "discussion_order", "round": 3, "order": ["agent_1", "agent_2", "agent_3"]}
2026-05-09 23:34:49,338 - INFO - Tokens - Input: 2054, Output: 150, Total: 2204
{"id": 29, "ts": 1778362489.339668, "event": "public_discussion_message", "round": 3, "agent": "agent_1", "message": "Candidate C \u2013 100% reliable.\nMETADATA_JSON:\n{\"agent\": \"agent_1\", \"vote\": \"Candidate C\"}"}
2026-05-09 23:34:49,339 - INFO - Agent turns: 7
2026-05-09 23:34:54,071 - INFO - Tokens - Input: 1542, Output: 580, Total: 2122
2026-05-09 23:34:54,073 - INFO - Memory updates: 19
{"id": 30, "ts": 1778362494.0735674, "event": "memory_updated", "agent": "agent_1", "round": 3}
2026-05-09 23:34:55,841 - INFO - Tokens - Input: 1831, Output: 816, Total: 2647
2026-05-09 23:34:55,842 - INFO - Memory updates: 20
{"id": 31, "ts": 1778362495.842842, "event": "memory_updated", "agent": "agent_2", "round": 3}
2026-05-09 23:34:59,205 - INFO - Tokens - Input: 1862, Output: 1251, Total: 3113
2026-05-09 23:34:59,206 - INFO - Memory updates: 21
{"id": 32, "ts": 1778362499.2070029, "event": "memory_updated", "agent": "agent_3", "round": 3}
2026-05-09 23:35:00,785 - INFO - Tokens - Input: 2228, Output: 193, Total: 2421
{"id": 33, "ts": 1778362500.7871265, "event": "public_discussion_message", "round": 3, "agent": "agent_2", "message": "Candidate C \u2013 keeps calm in a crisis.\nMETADATA_JSON:\n{\"agent\": \"agent_2\", \"vote\": \"Candidate C\"}"}
2026-05-09 23:35:00,787 - INFO - Agent turns: 8
2026-05-09 23:35:06,280 - INFO - Tokens - Input: 1590, Output: 717, Total: 2307
2026-05-09 23:35:06,282 - INFO - Memory updates: 22
{"id": 34, "ts": 1778362506.2822282, "event": "memory_updated", "agent": "agent_1", "round": 3}
2026-05-09 23:35:09,430 - INFO - Tokens - Input: 1920, Output: 1073, Total: 2993
2026-05-09 23:35:09,432 - INFO - Memory updates: 23
{"id": 35, "ts": 1778362509.4327092, "event": "memory_updated", "agent": "agent_3", "round": 3}
2026-05-09 23:35:09,576 - INFO - Tokens - Input: 1736, Output: 941, Total: 2677
2026-05-09 23:35:09,578 - INFO - Memory updates: 24
{"id": 36, "ts": 1778362509.578491, "event": "memory_updated", "agent": "agent_2", "round": 3}
2026-05-09 23:35:12,641 - INFO - Tokens - Input: 2427, Output: 305, Total: 2732
{"id": 37, "ts": 1778362512.6428766, "event": "public_discussion_message", "round": 3, "agent": "agent_3", "message": "Candidate B \u2013 handles stress well.\nMETADATA_JSON:\n{\"agent\": \"agent_3\", \"vote\": \"Candidate B\"}"}
2026-05-09 23:35:12,643 - INFO - Agent turns: 9
2026-05-09 23:35:19,374 - INFO - Tokens - Input: 1931, Output: 854, Total: 2785
2026-05-09 23:35:19,376 - INFO - Memory updates: 25
{"id": 38, "ts": 1778362519.3765411, "event": "memory_updated", "agent": "agent_3", "round": 3}
2026-05-09 23:35:19,627 - INFO - Tokens - Input: 1621, Output: 748, Total: 2369
2026-05-09 23:35:19,628 - INFO - Memory updates: 26
{"id": 39, "ts": 1778362519.628941, "event": "memory_updated", "agent": "agent_1", "round": 3}
2026-05-09 23:35:22,835 - INFO - Tokens - Input: 1767, Output: 1258, Total: 3025
2026-05-09 23:35:22,837 - INFO - Memory updates: 27
{"id": 40, "ts": 1778362522.8377168, "event": "memory_updated", "agent": "agent_2", "round": 3}
2026-05-09 23:35:22,846 - INFO - Loop 3 completed
{"id": 41, "ts": 1778362522.8522522, "event": "discussion_order", "round": 4, "order": ["agent_1", "agent_3", "agent_2"]}
2026-05-09 23:35:24,142 - INFO - Tokens - Input: 2168, Output: 119, Total: 2287
{"id": 42, "ts": 1778362524.1440952, "event": "public_discussion_message", "round": 4, "agent": "agent_1", "message": "Candidate C \u2013 100% reliable.\nMETADATA_JSON:\n{\"agent\": \"agent_1\", \"vote\": \"Candidate C\"}"}
2026-05-09 23:35:24,144 - INFO - Agent turns: 10
2026-05-09 23:35:28,984 - INFO - Tokens - Input: 1656, Output: 638, Total: 2294
2026-05-09 23:35:28,988 - INFO - Memory updates: 28
{"id": 43, "ts": 1778362528.988343, "event": "memory_updated", "agent": "agent_1", "round": 4}
2026-05-09 23:35:32,352 - INFO - Tokens - Input: 1970, Output: 965, Total: 2935
2026-05-09 23:35:32,354 - INFO - Memory updates: 29
{"id": 44, "ts": 1778362532.3543856, "event": "memory_updated", "agent": "agent_2", "round": 4}
2026-05-09 23:35:33,458 - INFO - Tokens - Input: 1782, Output: 1104, Total: 2886
2026-05-09 23:35:33,460 - INFO - Memory updates: 30
{"id": 45, "ts": 1778362533.4605255, "event": "memory_updated", "agent": "agent_3", "round": 4}
2026-05-09 23:35:38,555 - INFO - Tokens - Input: 2332, Output: 123, Total: 2455
{"id": 46, "ts": 1778362538.5567596, "event": "public_discussion_message", "round": 4, "agent": "agent_3", "message": "Candidate B \u2013 handles stress well.\nMETADATA_JSON:\n{\"agent\": \"agent_3\", \"vote\": \"Candidate B\"}"}
2026-05-09 23:35:38,556 - INFO - Agent turns: 11
2026-05-09 23:35:45,733 - INFO - Tokens - Input: 1836, Output: 776, Total: 2612
2026-05-09 23:35:45,735 - INFO - Memory updates: 31
{"id": 47, "ts": 1778362545.7359588, "event": "memory_updated", "agent": "agent_3", "round": 4}
2026-05-09 23:35:46,650 - INFO - Tokens - Input: 1687, Output: 1020, Total: 2707
2026-05-09 23:35:46,652 - INFO - Memory updates: 32
{"id": 48, "ts": 1778362546.652547, "event": "memory_updated", "agent": "agent_1", "round": 4}
2026-05-09 23:35:47,397 - INFO - Tokens - Input: 1735, Output: 1093, Total: 2828
2026-05-09 23:35:47,398 - INFO - Memory updates: 33
{"id": 49, "ts": 1778362547.3990612, "event": "memory_updated", "agent": "agent_2", "round": 4}
2026-05-09 23:35:49,514 - INFO - Tokens - Input: 2284, Output: 226, Total: 2510
{"id": 50, "ts": 1778362549.5163221, "event": "public_discussion_message", "round": 4, "agent": "agent_2", "message": "Candidate C \u2013 keeps calm in a crisis.\nMETADATA_JSON:\n{\"agent\": \"agent_2\", \"vote\": \"Candidate C\"}"}
2026-05-09 23:35:49,516 - INFO - Agent turns: 12
2026-05-09 23:35:55,799 - INFO - Tokens - Input: 1845, Output: 769, Total: 2614
2026-05-09 23:35:55,801 - INFO - Memory updates: 34
{"id": 51, "ts": 1778362555.8012838, "event": "memory_updated", "agent": "agent_1", "round": 4}
2026-05-09 23:35:55,919 - INFO - Tokens - Input: 1792, Output: 757, Total: 2549
2026-05-09 23:35:55,921 - INFO - Memory updates: 35
{"id": 52, "ts": 1778362555.9213753, "event": "memory_updated", "agent": "agent_2", "round": 4}
2026-05-09 23:35:56,803 - INFO - Tokens - Input: 1876, Output: 916, Total: 2792
2026-05-09 23:35:56,805 - INFO - Memory updates: 36
{"id": 53, "ts": 1778362556.8057332, "event": "memory_updated", "agent": "agent_3", "round": 4}
2026-05-09 23:35:56,813 - INFO - Loop 4 completed
{"id": 54, "ts": 1778362556.8196452, "event": "discussion_order", "round": 5, "order": ["agent_1", "agent_2", "agent_3"]}
2026-05-09 23:35:58,864 - INFO - Tokens - Input: 2340, Output: 148, Total: 2488
{"id": 55, "ts": 1778362558.8653705, "event": "public_discussion_message", "round": 5, "agent": "agent_1", "message": "Candidate C \u2013 difficulty communicating ideas.\nMETADATA_JSON:\n{\"agent\": \"agent_1\", \"vote\": \"Candidate C\"}"}
2026-05-09 23:35:58,865 - INFO - Agent turns: 13
2026-05-09 23:36:05,091 - INFO - Tokens - Input: 1909, Output: 811, Total: 2720
2026-05-09 23:36:05,092 - INFO - Memory updates: 37
{"id": 56, "ts": 1778362565.0929615, "event": "memory_updated", "agent": "agent_3", "round": 5}
2026-05-09 23:36:05,312 - INFO - Tokens - Input: 1826, Output: 799, Total: 2625
2026-05-09 23:36:05,314 - INFO - Memory updates: 38
{"id": 57, "ts": 1778362565.314202, "event": "memory_updated", "agent": "agent_1", "round": 5}
2026-05-09 23:36:05,786 - INFO - Tokens - Input: 1832, Output: 823, Total: 2655
2026-05-09 23:36:05,788 - INFO - Memory updates: 39
{"id": 58, "ts": 1778362565.7882361, "event": "memory_updated", "agent": "agent_2", "round": 5}
2026-05-09 23:36:07,599 - INFO - Tokens - Input: 2351, Output: 150, Total: 2501
{"id": 59, "ts": 1778362567.600562, "event": "public_discussion_message", "round": 5, "agent": "agent_2", "message": "Candidate C \u2013 keeps calm in a crisis.\nMETADATA_JSON:\n{\"agent\": \"agent_2\", \"vote\": \"Candidate C\"}"}
2026-05-09 23:36:07,600 - INFO - Agent turns: 14
2026-05-09 23:36:19,000 - INFO - Tokens - Input: 1859, Output: 654, Total: 2513
2026-05-09 23:36:19,002 - INFO - Memory updates: 40
{"id": 60, "ts": 1778362579.002242, "event": "memory_updated", "agent": "agent_2", "round": 5}
2026-05-09 23:36:20,173 - INFO - Tokens - Input: 1913, Output: 895, Total: 2808
2026-05-09 23:36:20,175 - INFO - Memory updates: 41
{"id": 61, "ts": 1778362580.1752539, "event": "memory_updated", "agent": "agent_3", "round": 5}
2026-05-09 23:36:20,683 - INFO - Tokens - Input: 1873, Output: 971, Total: 2844
2026-05-09 23:36:20,685 - INFO - Memory updates: 42
{"id": 62, "ts": 1778362580.6854503, "event": "memory_updated", "agent": "agent_1", "round": 5}
2026-05-09 23:36:25,565 - INFO - Tokens - Input: 2449, Output: 177, Total: 2626
{"id": 63, "ts": 1778362585.567131, "event": "public_discussion_message", "round": 5, "agent": "agent_3", "message": "Candidate B \u2013 handles stress well.\nMETADATA_JSON:\n{\"agent\": \"agent_3\", \"vote\": \"Candidate B\"}"}
2026-05-09 23:36:25,567 - INFO - Agent turns: 15
2026-05-09 23:36:34,020 - INFO - Tokens - Input: 1953, Output: 913, Total: 2866
2026-05-09 23:36:34,022 - INFO - Memory updates: 43
{"id": 64, "ts": 1778362594.022557, "event": "memory_updated", "agent": "agent_3", "round": 5}
2026-05-09 23:36:34,479 - INFO - Tokens - Input: 1864, Output: 984, Total: 2848
2026-05-09 23:36:34,480 - INFO - Memory updates: 44
{"id": 65, "ts": 1778362594.481049, "event": "memory_updated", "agent": "agent_2", "round": 5}
2026-05-09 23:36:34,578 - INFO - Tokens - Input: 1903, Output: 1002, Total: 2905
2026-05-09 23:36:34,579 - INFO - Memory updates: 45
{"id": 66, "ts": 1778362594.5797756, "event": "memory_updated", "agent": "agent_1", "round": 5}
2026-05-09 23:36:34,588 - INFO - Loop 5 completed
2026-05-09 23:36:34,588 - INFO - Final Chosen Candidate: Candidate C
2026-05-09 23:36:34,588 - INFO - Final Decision Method: max_round_majority_vote
2026-05-09 23:36:34,589 - INFO - Final Vote Count: {'Candidate C': 2, 'Candidate B': 1}
2026-05-09 23:36:34,589 - INFO - Correct Candidate: Candidate C
2026-05-09 23:36:34,589 - INFO - Decision Correct: 1
{"id": 67, "ts": 1778362594.951461, "event": "context_consistency_calculated", "method": "embedding_cosine", "mean_pairwise_similarity": 0.903649, "pairwise": [{"agent_a": "agent_1", "agent_b": "agent_2", "similarity": 0.920658}, {"agent_a": "agent_1", "agent_b": "agent_3", "similarity": 0.911241}, {"agent_a": "agent_2", "agent_b": "agent_3", "similarity": 0.879049}]}
{"id": 68, "ts": 1778362594.951623, "event": "gold_standard_alignment_calculated", "method": "rule_based_binary_checks", "mean_alignment": 0.583333, "by_agent": [{"agent": "agent_1", "score": 0.625, "checks": {"favorite_is_c": 1, "c_reliability": 1, "c_calmness": 1, "c_attention": 1, "c_crew_fit": 1, "a_risks": 0, "b_risks": 0, "d_risks": 0}}, {"agent": "agent_2", "score": 0.75, "checks": {"favorite_is_c": 1, "c_reliability": 1, "c_calmness": 1, "c_attention": 1, "c_crew_fit": 1, "a_risks": 0, "b_risks": 1, "d_risks": 0}}, {"agent": "agent_3", "score": 0.375, "checks": {"favorite_is_c": 0, "c_reliability": 1, "c_calmness": 1, "c_attention": 0, "c_crew_fit": 0, "a_risks": 0, "b_risks": 1, "d_risks": 0}}]}
{"id": 69, "ts": 1778362594.9517536, "event": "agent_memories_archived", "directory": "/home/lhegemann/git/bachelor_thesis/01_data/raw/simulations/low/low_treatment_20260509_224515_014/shared_mental_models", "round": 5}
{"id": 70, "ts": 1778362594.9518392, "event": "final_decision", "candidate": "Candidate C", "method": "max_round_majority_vote", "vote_count": {"Candidate C": 2, "Candidate B": 1}, "correct_candidate": "Candidate C", "decision_correct": 1, "round": 5}
2026-05-09 23:36:34,962 - INFO - ======================================================================
2026-05-09 23:36:34,962 - INFO - SIMULATION METRICS
2026-05-09 23:36:34,963 - INFO - ======================================================================
2026-05-09 23:36:34,963 - INFO - Total Loops: 5
2026-05-09 23:36:34,963 - INFO - Agent Turns (no vote checker): 15
2026-05-09 23:36:34,963 - INFO - Agent Tool Calls: 0
2026-05-09 23:36:34,963 - INFO - Agent Tool Messages: 0
2026-05-09 23:36:34,963 - INFO - Memory Updates: 45
2026-05-09 23:36:34,963 - INFO - Total Messages (no vote checker): 15
2026-05-09 23:36:34,963 - INFO - Input Tokens: 110847
2026-05-09 23:36:34,963 - INFO - Output Tokens: 46188
2026-05-09 23:36:34,963 - INFO - Total Tokens: 157035
2026-05-09 23:36:34,963 - INFO - Final Chosen Candidate: Candidate C
2026-05-09 23:36:34,963 - INFO - Final Decision Method: max_round_majority_vote
2026-05-09 23:36:34,964 - INFO - Final Vote Count: {'Candidate C': 2, 'Candidate B': 1}
2026-05-09 23:36:34,964 - INFO - Correct Candidate: Candidate C
2026-05-09 23:36:34,964 - INFO - Decision Correct: 1
2026-05-09 23:36:34,964 - INFO - Runtime: 196.10s
2026-05-09 23:36:34,964 - INFO - ======================================================================
