2026-05-09 01:47:54,945 - INFO - Metrics tracker initialized
{"id": 1, "ts": 1778284074.973955, "event": "memory_reset"}
{"id": 2, "ts": 1778284074.9777596, "event": "discussion_order", "round": 1, "order": ["agent_1", "agent_3", "agent_2"]}
2026-05-09 01:48:00,211 - INFO - Tokens - Input: 1392, Output: 445, Total: 1837
{"id": 3, "ts": 1778284080.2132804, "event": "public_discussion_message", "round": 1, "agent": "agent_1", "message": "I prefer Candidate C; Candidate C is known to be 100% reliable.\nMETADATA_JSON:\n{\"agent\": \"agent_1\", \"vote\": \"Candidate C\"}"}
2026-05-09 01:48:00,213 - INFO - Agent turns: 1
2026-05-09 01:48:04,473 - INFO - Tokens - Input: 1456, Output: 574, Total: 2030
{"id": 4, "ts": 1778284084.4747443, "event": "public_discussion_message", "round": 1, "agent": "agent_3", "message": "I prefer Candidate B; handles stress very well.\nMETADATA_JSON:\n{\"agent\": \"agent_3\", \"vote\": \"Candidate B\"}"}
2026-05-09 01:48:04,474 - INFO - Agent turns: 2
2026-05-09 01:48:08,473 - INFO - Tokens - Input: 1496, Output: 663, Total: 2159
{"id": 5, "ts": 1778284088.4751527, "event": "public_discussion_message", "round": 1, "agent": "agent_2", "message": "I prefer Candidate A; regarded as a show\u2011off.\nMETADATA_JSON:\n{\"agent\": \"agent_2\", \"vote\": \"Candidate A\"}"}
2026-05-09 01:48:08,475 - INFO - Agent turns: 3
2026-05-09 01:48:08,484 - INFO - Loop 1 completed
{"id": 6, "ts": 1778284088.4901044, "event": "discussion_order", "round": 2, "order": ["agent_1", "agent_2", "agent_3"]}
2026-05-09 01:48:12,219 - INFO - Tokens - Input: 1534, Output: 600, Total: 2134
{"id": 7, "ts": 1778284092.2204843, "event": "public_discussion_message", "round": 2, "agent": "agent_1", "message": "I prefer Candidate A; excellent spatial vision.\nMETADATA_JSON:\n{\"agent\": \"agent_1\", \"vote\": \"Candidate A\"}"}
2026-05-09 01:48:12,220 - INFO - Agent turns: 4
2026-05-09 01:48:17,275 - INFO - Tokens - Input: 1572, Output: 840, Total: 2412
{"id": 8, "ts": 1778284097.2763891, "event": "public_discussion_message", "round": 2, "agent": "agent_2", "message": "I prefer Candidate A; anticipates dangerous situations.\nMETADATA_JSON:\n{\"agent\": \"agent_2\", \"vote\": \"Candidate A\"}"}
2026-05-09 01:48:17,276 - INFO - Agent turns: 5
2026-05-09 01:48:23,988 - INFO - Tokens - Input: 1603, Output: 817, Total: 2420
{"id": 9, "ts": 1778284103.9892108, "event": "public_discussion_message", "round": 2, "agent": "agent_3", "message": "I prefer Candidate B; very conscientious.\nMETADATA_JSON:\n{\"agent\": \"agent_3\", \"vote\": \"Candidate B\"}"}
2026-05-09 01:48:23,989 - INFO - Agent turns: 6
2026-05-09 01:48:23,998 - INFO - Loop 2 completed
{"id": 10, "ts": 1778284104.0046136, "event": "discussion_order", "round": 3, "order": ["agent_3", "agent_1", "agent_2"]}
2026-05-09 01:48:28,313 - INFO - Tokens - Input: 1633, Output: 588, Total: 2221
{"id": 11, "ts": 1778284108.3150988, "event": "public_discussion_message", "round": 3, "agent": "agent_3", "message": "I prefer Candidate B; very conscientious.\nMETADATA_JSON:\n{\"agent\": \"agent_3\", \"vote\": \"Candidate B\"}"}
2026-05-09 01:48:28,315 - INFO - Agent turns: 7
2026-05-09 01:48:33,519 - INFO - Tokens - Input: 1678, Output: 667, Total: 2345
{"id": 12, "ts": 1778284113.5206063, "event": "public_discussion_message", "round": 3, "agent": "agent_1", "message": "I prefer Candidate C; known to be 100% reliable.\nMETADATA_JSON:\n{\"agent\": \"agent_1\", \"vote\": \"Candidate C\"}"}
2026-05-09 01:48:33,520 - INFO - Agent turns: 8
2026-05-09 01:48:40,023 - INFO - Tokens - Input: 1727, Output: 869, Total: 2596
{"id": 13, "ts": 1778284120.0246305, "event": "public_discussion_message", "round": 3, "agent": "agent_2", "message": "I prefer Candidate B; handles stress well.\nMETADATA_JSON:\n{\"agent\": \"agent_2\", \"vote\": \"Candidate B\"}"}
2026-05-09 01:48:40,024 - INFO - Agent turns: 9
2026-05-09 01:48:40,033 - INFO - Loop 3 completed
{"id": 14, "ts": 1778284120.0390067, "event": "discussion_order", "round": 4, "order": ["agent_3", "agent_1", "agent_2"]}
2026-05-09 01:48:44,054 - INFO - Tokens - Input: 1747, Output: 472, Total: 2219
{"id": 15, "ts": 1778284124.055813, "event": "public_discussion_message", "round": 4, "agent": "agent_3", "message": "I prefer Candidate B; handles stress very well.\nMETADATA_JSON:\n{\"agent\": \"agent_3\", \"vote\": \"Candidate B\"}"}
2026-05-09 01:48:44,055 - INFO - Agent turns: 10
2026-05-09 01:48:50,066 - INFO - Tokens - Input: 1796, Output: 808, Total: 2604
{"id": 16, "ts": 1778284130.0680084, "event": "public_discussion_message", "round": 4, "agent": "agent_1", "message": "I prefer Candidate C; creates a positive atmosphere with his crew.\nMETADATA_JSON:\n{\"agent\": \"agent_1\", \"vote\": \"Candidate C\"}"}
2026-05-09 01:48:50,068 - INFO - Agent turns: 11
2026-05-09 01:48:55,656 - INFO - Tokens - Input: 1843, Output: 744, Total: 2587
{"id": 17, "ts": 1778284135.6573927, "event": "public_discussion_message", "round": 4, "agent": "agent_2", "message": "I prefer Candidate B; handles stress well.\nMETADATA_JSON:\n{\"agent\": \"agent_2\", \"vote\": \"Candidate B\"}"}
2026-05-09 01:48:55,657 - INFO - Agent turns: 12
2026-05-09 01:48:55,666 - INFO - Loop 4 completed
{"id": 18, "ts": 1778284135.6721067, "event": "discussion_order", "round": 5, "order": ["agent_2", "agent_1", "agent_3"]}
2026-05-09 01:49:02,437 - INFO - Tokens - Input: 1871, Output: 940, Total: 2811
{"id": 19, "ts": 1778284142.4383748, "event": "public_discussion_message", "round": 5, "agent": "agent_2", "message": "I prefer Candidate A; anticipates dangerous situations.\nMETADATA_JSON:\n{\"agent\": \"agent_2\", \"vote\": \"Candidate A\"}"}
2026-05-09 01:49:02,438 - INFO - Agent turns: 13
2026-05-09 01:49:09,119 - INFO - Tokens - Input: 1912, Output: 910, Total: 2822
{"id": 20, "ts": 1778284149.1204796, "event": "public_discussion_message", "round": 5, "agent": "agent_1", "message": "I prefer Candidate C; known to be 100% reliable.\nMETADATA_JSON:\n{\"agent\": \"agent_1\", \"vote\": \"Candidate C\"}"}
2026-05-09 01:49:09,120 - INFO - Agent turns: 14
2026-05-09 01:49:22,750 - INFO - Tokens - Input: 1951, Output: 1543, Total: 3494
{"id": 21, "ts": 1778284162.7513728, "event": "public_discussion_message", "round": 5, "agent": "agent_3", "message": "I prefer Candidate A; anticipates dangerous situations.\nMETADATA_JSON:\n{\"agent\": \"agent_3\", \"vote\": \"Candidate A\"}"}
2026-05-09 01:49:22,751 - INFO - Agent turns: 15
2026-05-09 01:49:22,762 - INFO - Loop 5 completed
2026-05-09 01:49:22,762 - INFO - Final Chosen Candidate: Candidate A
2026-05-09 01:49:22,762 - INFO - Final Decision Method: max_round_majority_vote
2026-05-09 01:49:22,762 - INFO - Final Vote Count: {'Candidate C': 1, 'Candidate A': 2}
2026-05-09 01:49:22,762 - INFO - Correct Candidate: Candidate C
2026-05-09 01:49:22,762 - INFO - Decision Correct: 0
{"id": 22, "ts": 1778284162.7640293, "event": "context_consistency_not_applicable", "reason": "explicit_smm_memory_disabled"}
{"id": 23, "ts": 1778284162.7641757, "event": "final_decision", "candidate": "Candidate A", "method": "max_round_majority_vote", "vote_count": {"Candidate C": 1, "Candidate A": 2}, "correct_candidate": "Candidate C", "decision_correct": 0, "round": 5}
2026-05-09 01:49:22,771 - INFO - ======================================================================
2026-05-09 01:49:22,772 - INFO - SIMULATION METRICS
2026-05-09 01:49:22,772 - INFO - ======================================================================
2026-05-09 01:49:22,772 - INFO - Total Loops: 5
2026-05-09 01:49:22,772 - INFO - Agent Turns (no vote checker): 15
2026-05-09 01:49:22,772 - INFO - Agent Tool Calls: 0
2026-05-09 01:49:22,772 - INFO - Agent Tool Messages: 0
2026-05-09 01:49:22,772 - INFO - Memory Updates: 0
2026-05-09 01:49:22,772 - INFO - Total Messages (no vote checker): 15
2026-05-09 01:49:22,772 - INFO - Input Tokens: 25211
2026-05-09 01:49:22,772 - INFO - Output Tokens: 11480
2026-05-09 01:49:22,772 - INFO - Total Tokens: 36691
2026-05-09 01:49:22,773 - INFO - Final Chosen Candidate: Candidate A
2026-05-09 01:49:22,773 - INFO - Final Decision Method: max_round_majority_vote
2026-05-09 01:49:22,773 - INFO - Final Vote Count: {'Candidate C': 1, 'Candidate A': 2}
2026-05-09 01:49:22,773 - INFO - Correct Candidate: Candidate C
2026-05-09 01:49:22,773 - INFO - Decision Correct: 0
2026-05-09 01:49:22,773 - INFO - Runtime: 87.83s
2026-05-09 01:49:22,773 - INFO - ======================================================================
