2026-05-08 21:05:16,960 - INFO - Metrics tracker initialized
{"id": 1, "ts": 1778267116.987139, "event": "memory_reset"}
{"id": 2, "ts": 1778267116.9903314, "event": "discussion_order", "round": 1, "order": ["agent_2", "agent_1", "agent_3"]}
2026-05-08 21:05:24,406 - INFO - Tokens - Input: 1689, Output: 750, Total: 2439
{"id": 3, "ts": 1778267124.4081078, "event": "public_discussion_message", "round": 1, "agent": "agent_2", "message": "Candidate A \u2013 excellent spatial vision.\nMETADATA_JSON:\n{\"agent\": \"agent_2\", \"vote\": \"Candidate A\"}"}
2026-05-08 21:05:24,408 - INFO - Agent turns: 1
2026-05-08 21:05:32,096 - INFO - Tokens - Input: 1185, Output: 985, Total: 2170
2026-05-08 21:05:32,097 - INFO - Memory updates: 1
{"id": 4, "ts": 1778267132.0981004, "event": "memory_updated", "agent": "agent_1", "round": 1}
2026-05-08 21:05:34,439 - INFO - Tokens - Input: 1180, Output: 1149, Total: 2329
2026-05-08 21:05:34,440 - INFO - Memory updates: 2
{"id": 5, "ts": 1778267134.4409826, "event": "memory_updated", "agent": "agent_3", "round": 1}
2026-05-08 21:05:35,280 - INFO - Tokens - Input: 1188, Output: 1391, Total: 2579
2026-05-08 21:05:35,282 - INFO - Memory updates: 3
{"id": 6, "ts": 1778267135.282566, "event": "memory_updated", "agent": "agent_2", "round": 1}
2026-05-08 21:05:38,104 - INFO - Tokens - Input: 2156, Output: 341, Total: 2497
{"id": 7, "ts": 1778267138.1061459, "event": "public_discussion_message", "round": 1, "agent": "agent_1", "message": "Candidate A \u2013 anticipates dangerous situations.\nMETADATA_JSON:\n{\"agent\": \"agent_1\", \"vote\": \"Candidate A\"}"}
2026-05-08 21:05:38,106 - INFO - Agent turns: 2
2026-05-08 21:05:47,411 - INFO - Tokens - Input: 1755, Output: 902, Total: 2657
2026-05-08 21:05:47,412 - INFO - Memory updates: 4
{"id": 8, "ts": 1778267147.4130337, "event": "memory_updated", "agent": "agent_2", "round": 1}
2026-05-08 21:05:48,913 - INFO - Tokens - Input: 1528, Output: 979, Total: 2507
2026-05-08 21:05:48,915 - INFO - Memory updates: 5
{"id": 9, "ts": 1778267148.9156659, "event": "memory_updated", "agent": "agent_3", "round": 1}
2026-05-08 21:05:49,104 - INFO - Tokens - Input: 1662, Output: 1086, Total: 2748
2026-05-08 21:05:49,106 - INFO - Memory updates: 6
{"id": 10, "ts": 1778267149.1063907, "event": "memory_updated", "agent": "agent_1", "round": 1}
2026-05-08 21:05:52,645 - INFO - Tokens - Input: 2075, Output: 469, Total: 2544
{"id": 11, "ts": 1778267152.646602, "event": "public_discussion_message", "round": 1, "agent": "agent_3", "message": "Candidate B \u2013 handles stress very well\nMETADATA_JSON:\n{\"agent\": \"agent_3\", \"vote\": \"Candidate B\"}"}
2026-05-08 21:05:52,646 - INFO - Agent turns: 3
2026-05-08 21:05:59,120 - INFO - Tokens - Input: 1545, Output: 879, Total: 2424
2026-05-08 21:05:59,121 - INFO - Memory updates: 7
{"id": 12, "ts": 1778267159.1221116, "event": "memory_updated", "agent": "agent_2", "round": 1}
2026-05-08 21:06:02,645 - INFO - Tokens - Input: 1828, Output: 1336, Total: 3164
2026-05-08 21:06:02,646 - INFO - Memory updates: 8
{"id": 13, "ts": 1778267162.6469765, "event": "memory_updated", "agent": "agent_1", "round": 1}
2026-05-08 21:06:08,090 - INFO - Tokens - Input: 1581, Output: 948, Total: 2529
2026-05-08 21:06:08,094 - INFO - Memory updates: 9
{"id": 14, "ts": 1778267168.0943518, "event": "memory_updated", "agent": "agent_3", "round": 1}
2026-05-08 21:06:08,107 - INFO - Loop 1 completed
{"id": 15, "ts": 1778267168.113775, "event": "discussion_order", "round": 2, "order": ["agent_1", "agent_2", "agent_3"]}
2026-05-08 21:06:09,890 - INFO - Tokens - Input: 2514, Output: 113, Total: 2627
{"id": 16, "ts": 1778267169.8923922, "event": "public_discussion_message", "round": 2, "agent": "agent_1", "message": "Candidate A \u2013 anticipates dangerous situations.\nMETADATA_JSON:\n{\"agent\": \"agent_1\", \"vote\": \"Candidate A\"}"}
2026-05-08 21:06:09,892 - INFO - Agent turns: 4
2026-05-08 21:06:16,727 - INFO - Tokens - Input: 1596, Output: 852, Total: 2448
2026-05-08 21:06:16,729 - INFO - Memory updates: 10
{"id": 17, "ts": 1778267176.7291842, "event": "memory_updated", "agent": "agent_2", "round": 2}
2026-05-08 21:06:17,879 - INFO - Tokens - Input: 1632, Output: 1001, Total: 2633
2026-05-08 21:06:17,881 - INFO - Memory updates: 11
{"id": 18, "ts": 1778267177.8814769, "event": "memory_updated", "agent": "agent_3", "round": 2}
2026-05-08 21:06:18,577 - INFO - Tokens - Input: 2002, Output: 1211, Total: 3213
2026-05-08 21:06:18,579 - INFO - Memory updates: 12
{"id": 19, "ts": 1778267178.5791225, "event": "memory_updated", "agent": "agent_1", "round": 2}
2026-05-08 21:06:20,255 - INFO - Tokens - Input: 2112, Output: 132, Total: 2244
{"id": 20, "ts": 1778267180.2564695, "event": "public_discussion_message", "round": 2, "agent": "agent_2", "message": "Candidate A \u2013 excellent spatial vision.\nMETADATA_JSON:\n{\"agent\": \"agent_2\", \"vote\": \"Candidate A\"}"}
2026-05-08 21:06:20,256 - INFO - Agent turns: 5
2026-05-08 21:06:30,268 - INFO - Tokens - Input: 1666, Output: 879, Total: 2545
2026-05-08 21:06:30,270 - INFO - Memory updates: 13
{"id": 21, "ts": 1778267190.2705, "event": "memory_updated", "agent": "agent_3", "round": 2}
2026-05-08 21:06:30,323 - INFO - Tokens - Input: 1616, Output: 897, Total: 2513
2026-05-08 21:06:30,325 - INFO - Memory updates: 14
{"id": 22, "ts": 1778267190.3251216, "event": "memory_updated", "agent": "agent_2", "round": 2}
2026-05-08 21:06:30,806 - INFO - Tokens - Input: 2036, Output: 1248, Total: 3284
2026-05-08 21:06:30,808 - INFO - Memory updates: 15
{"id": 23, "ts": 1778267190.8082209, "event": "memory_updated", "agent": "agent_1", "round": 2}
2026-05-08 21:06:39,552 - INFO - Tokens - Input: 2201, Output: 552, Total: 2753
{"id": 24, "ts": 1778267199.554113, "event": "public_discussion_message", "round": 2, "agent": "agent_3", "message": "Candidate B \u2013 handles stress very well\nMETADATA_JSON:\n{\"agent\": \"agent_3\", \"vote\": \"Candidate B\"}"}
2026-05-08 21:06:39,554 - INFO - Agent turns: 6
2026-05-08 21:06:46,493 - INFO - Tokens - Input: 1707, Output: 812, Total: 2519
2026-05-08 21:06:46,495 - INFO - Memory updates: 16
{"id": 25, "ts": 1778267206.4953625, "event": "memory_updated", "agent": "agent_3", "round": 2}
2026-05-08 21:06:47,234 - INFO - Tokens - Input: 1768, Output: 917, Total: 2685
2026-05-08 21:06:47,235 - INFO - Memory updates: 17
{"id": 26, "ts": 1778267207.2356834, "event": "memory_updated", "agent": "agent_2", "round": 2}
2026-05-08 21:06:50,401 - INFO - Tokens - Input: 1920, Output: 1338, Total: 3258
2026-05-08 21:06:50,403 - INFO - Memory updates: 18
{"id": 27, "ts": 1778267210.4032524, "event": "memory_updated", "agent": "agent_1", "round": 2}
2026-05-08 21:06:50,412 - INFO - Loop 2 completed
{"id": 28, "ts": 1778267210.418923, "event": "discussion_order", "round": 3, "order": ["agent_2", "agent_1", "agent_3"]}
2026-05-08 21:06:51,845 - INFO - Tokens - Input: 2317, Output: 133, Total: 2450
{"id": 29, "ts": 1778267211.8466403, "event": "public_discussion_message", "round": 3, "agent": "agent_2", "message": "Candidate A \u2013 excellent spatial vision.\nMETADATA_JSON:\n{\"agent\": \"agent_2\", \"vote\": \"Candidate A\"}"}
2026-05-08 21:06:51,846 - INFO - Agent turns: 7
2026-05-08 21:06:58,240 - INFO - Tokens - Input: 1748, Output: 857, Total: 2605
2026-05-08 21:06:58,241 - INFO - Memory updates: 19
{"id": 30, "ts": 1778267218.242078, "event": "memory_updated", "agent": "agent_3", "round": 3}
2026-05-08 21:06:58,971 - INFO - Tokens - Input: 1803, Output: 874, Total: 2677
2026-05-08 21:06:58,973 - INFO - Memory updates: 20
{"id": 31, "ts": 1778267218.973231, "event": "memory_updated", "agent": "agent_2", "round": 3}
2026-05-08 21:06:59,461 - INFO - Tokens - Input: 1953, Output: 1020, Total: 2973
2026-05-08 21:06:59,462 - INFO - Memory updates: 21
{"id": 32, "ts": 1778267219.4629977, "event": "memory_updated", "agent": "agent_1", "round": 3}
2026-05-08 21:07:01,491 - INFO - Tokens - Input: 2414, Output: 110, Total: 2524
{"id": 33, "ts": 1778267221.4924886, "event": "public_discussion_message", "round": 3, "agent": "agent_1", "message": "Candidate A \u2013 anticipates dangerous situations.\nMETADATA_JSON:\n{\"agent\": \"agent_1\", \"vote\": \"Candidate A\"}"}
2026-05-08 21:07:01,492 - INFO - Agent turns: 8
2026-05-08 21:07:07,928 - INFO - Tokens - Input: 1920, Output: 815, Total: 2735
2026-05-08 21:07:07,930 - INFO - Memory updates: 22
{"id": 34, "ts": 1778267227.9305058, "event": "memory_updated", "agent": "agent_1", "round": 3}
2026-05-08 21:07:08,300 - INFO - Tokens - Input: 1777, Output: 978, Total: 2755
2026-05-08 21:07:08,302 - INFO - Memory updates: 23
{"id": 35, "ts": 1778267228.3026245, "event": "memory_updated", "agent": "agent_3", "round": 3}
2026-05-08 21:07:08,956 - INFO - Tokens - Input: 1840, Output: 1065, Total: 2905
2026-05-08 21:07:08,957 - INFO - Memory updates: 24
{"id": 36, "ts": 1778267228.9580052, "event": "memory_updated", "agent": "agent_2", "round": 3}
2026-05-08 21:07:12,208 - INFO - Tokens - Input: 2311, Output: 358, Total: 2669
{"id": 37, "ts": 1778267232.2100024, "event": "public_discussion_message", "round": 3, "agent": "agent_3", "message": "Candidate B \u2013 handles stress very well\nMETADATA_JSON:\n{\"agent\": \"agent_3\", \"vote\": \"Candidate B\"}"}
2026-05-08 21:07:12,210 - INFO - Agent turns: 9
2026-05-08 21:07:19,627 - INFO - Tokens - Input: 1896, Output: 1039, Total: 2935
2026-05-08 21:07:19,634 - INFO - Memory updates: 25
{"id": 38, "ts": 1778267239.63458, "event": "memory_updated", "agent": "agent_2", "round": 3}
2026-05-08 21:07:19,690 - INFO - Tokens - Input: 1702, Output: 879, Total: 2581
2026-05-08 21:07:19,692 - INFO - Memory updates: 26
{"id": 39, "ts": 1778267239.6922429, "event": "memory_updated", "agent": "agent_1", "round": 3}
2026-05-08 21:07:20,051 - INFO - Tokens - Input: 1817, Output: 866, Total: 2683
2026-05-08 21:07:20,053 - INFO - Memory updates: 27
{"id": 40, "ts": 1778267240.053793, "event": "memory_updated", "agent": "agent_3", "round": 3}
2026-05-08 21:07:20,062 - INFO - Loop 3 completed
{"id": 41, "ts": 1778267240.0688143, "event": "discussion_order", "round": 4, "order": ["agent_3", "agent_1", "agent_2"]}
2026-05-08 21:07:25,869 - INFO - Tokens - Input: 2414, Output: 251, Total: 2665
{"id": 42, "ts": 1778267245.8708823, "event": "public_discussion_message", "round": 4, "agent": "agent_3", "message": "Candidate B \u2013 handles stress very well.\nMETADATA_JSON:\n{\"agent\": \"agent_3\", \"vote\": \"Candidate B\"}"}
2026-05-08 21:07:25,871 - INFO - Agent turns: 10
2026-05-08 21:07:31,793 - INFO - Tokens - Input: 1902, Output: 809, Total: 2711
2026-05-08 21:07:31,795 - INFO - Memory updates: 28
{"id": 43, "ts": 1778267251.7955477, "event": "memory_updated", "agent": "agent_3", "round": 4}
2026-05-08 21:07:32,568 - INFO - Tokens - Input: 1726, Output: 832, Total: 2558
2026-05-08 21:07:32,569 - INFO - Memory updates: 29
{"id": 44, "ts": 1778267252.5700557, "event": "memory_updated", "agent": "agent_1", "round": 4}
2026-05-08 21:07:33,496 - INFO - Tokens - Input: 1942, Output: 1027, Total: 2969
2026-05-08 21:07:33,498 - INFO - Memory updates: 30
{"id": 45, "ts": 1778267253.4987512, "event": "memory_updated", "agent": "agent_2", "round": 4}
2026-05-08 21:07:35,218 - INFO - Tokens - Input: 2144, Output: 136, Total: 2280
{"id": 46, "ts": 1778267255.220275, "event": "public_discussion_message", "round": 4, "agent": "agent_1", "message": "Candidate A \u2013 anticipates dangerous situations.\nMETADATA_JSON:\n{\"agent\": \"agent_1\", \"vote\": \"Candidate A\"}"}
2026-05-08 21:07:35,220 - INFO - Agent turns: 11
2026-05-08 21:07:41,009 - INFO - Tokens - Input: 1650, Output: 844, Total: 2494
2026-05-08 21:07:41,011 - INFO - Memory updates: 31
{"id": 47, "ts": 1778267261.011317, "event": "memory_updated", "agent": "agent_1", "round": 4}
2026-05-08 21:07:41,613 - INFO - Tokens - Input: 1833, Output: 852, Total: 2685
2026-05-08 21:07:41,614 - INFO - Memory updates: 32
{"id": 48, "ts": 1778267261.6151125, "event": "memory_updated", "agent": "agent_3", "round": 4}
2026-05-08 21:07:42,577 - INFO - Tokens - Input: 1984, Output: 985, Total: 2969
2026-05-08 21:07:42,578 - INFO - Memory updates: 33
{"id": 49, "ts": 1778267262.5788107, "event": "memory_updated", "agent": "agent_2", "round": 4}
2026-05-08 21:07:43,909 - INFO - Tokens - Input: 2514, Output: 143, Total: 2657
{"id": 50, "ts": 1778267263.9107955, "event": "public_discussion_message", "round": 4, "agent": "agent_2", "message": "Candidate A \u2013 regarded as a show\u2011off.\nMETADATA_JSON:\n{\"agent\": \"agent_2\", \"vote\": \"Candidate A\"}"}
2026-05-08 21:07:43,910 - INFO - Agent turns: 12
2026-05-08 21:07:50,322 - INFO - Tokens - Input: 1684, Output: 730, Total: 2414
2026-05-08 21:07:50,324 - INFO - Memory updates: 34
{"id": 51, "ts": 1778267270.3243341, "event": "memory_updated", "agent": "agent_1", "round": 4}
2026-05-08 21:07:50,787 - INFO - Tokens - Input: 2024, Output: 965, Total: 2989
2026-05-08 21:07:50,789 - INFO - Memory updates: 35
{"id": 52, "ts": 1778267270.7895834, "event": "memory_updated", "agent": "agent_2", "round": 4}
2026-05-08 21:07:52,247 - INFO - Tokens - Input: 1831, Output: 1128, Total: 2959
2026-05-08 21:07:52,249 - INFO - Memory updates: 36
{"id": 53, "ts": 1778267272.2495494, "event": "memory_updated", "agent": "agent_3", "round": 4}
2026-05-08 21:07:52,257 - INFO - Loop 4 completed
{"id": 54, "ts": 1778267272.2638192, "event": "discussion_order", "round": 5, "order": ["agent_3", "agent_2", "agent_1"]}
2026-05-08 21:07:55,606 - INFO - Tokens - Input: 2482, Output: 381, Total: 2863
{"id": 55, "ts": 1778267275.6077528, "event": "public_discussion_message", "round": 5, "agent": "agent_3", "message": "Candidate B \u2013 handles stress very well.\nMETADATA_JSON:\n{\"agent\": \"agent_3\", \"vote\": \"Candidate B\"}"}
2026-05-08 21:07:55,607 - INFO - Agent turns: 13
2026-05-08 21:08:01,597 - INFO - Tokens - Input: 1743, Output: 775, Total: 2518
2026-05-08 21:08:01,599 - INFO - Memory updates: 37
{"id": 56, "ts": 1778267281.5992694, "event": "memory_updated", "agent": "agent_1", "round": 5}
2026-05-08 21:08:02,774 - INFO - Tokens - Input: 1970, Output: 934, Total: 2904
2026-05-08 21:08:02,776 - INFO - Memory updates: 38
{"id": 57, "ts": 1778267282.7767518, "event": "memory_updated", "agent": "agent_3", "round": 5}
2026-05-08 21:08:03,263 - INFO - Tokens - Input: 2060, Output: 979, Total: 3039
2026-05-08 21:08:03,265 - INFO - Memory updates: 39
{"id": 58, "ts": 1778267283.2655463, "event": "memory_updated", "agent": "agent_2", "round": 5}
2026-05-08 21:08:05,068 - INFO - Tokens - Input: 2425, Output: 168, Total: 2593
{"id": 59, "ts": 1778267285.069504, "event": "public_discussion_message", "round": 5, "agent": "agent_2", "message": "Candidate A \u2013 very good leadership qualities.\nMETADATA_JSON:\n{\"agent\": \"agent_2\", \"vote\": \"Candidate A\"}"}
2026-05-08 21:08:05,069 - INFO - Agent turns: 14
2026-05-08 21:08:17,923 - INFO - Tokens - Input: 1770, Output: 1067, Total: 2837
2026-05-08 21:08:17,925 - INFO - Memory updates: 40
{"id": 60, "ts": 1778267297.9251394, "event": "memory_updated", "agent": "agent_1", "round": 5}
2026-05-08 21:08:19,285 - INFO - Tokens - Input: 1931, Output: 1263, Total: 3194
2026-05-08 21:08:19,287 - INFO - Memory updates: 41
{"id": 61, "ts": 1778267299.2874277, "event": "memory_updated", "agent": "agent_2", "round": 5}
2026-05-08 21:08:19,432 - INFO - Tokens - Input: 2055, Output: 1250, Total: 3305
2026-05-08 21:08:19,433 - INFO - Memory updates: 42
{"id": 62, "ts": 1778267299.4339073, "event": "memory_updated", "agent": "agent_3", "round": 5}
2026-05-08 21:08:21,604 - INFO - Tokens - Input: 2288, Output: 190, Total: 2478
{"id": 63, "ts": 1778267301.6059558, "event": "public_discussion_message", "round": 5, "agent": "agent_1", "message": "Candidate A \u2013 very good leadership qualities\nMETADATA_JSON:\n{\"agent\": \"agent_1\", \"vote\": \"Candidate A\"}"}
2026-05-08 21:08:21,606 - INFO - Agent turns: 15
2026-05-08 21:08:27,193 - INFO - Tokens - Input: 1794, Output: 806, Total: 2600
2026-05-08 21:08:27,195 - INFO - Memory updates: 43
{"id": 64, "ts": 1778267307.1954148, "event": "memory_updated", "agent": "agent_1", "round": 5}
2026-05-08 21:08:29,761 - INFO - Tokens - Input: 2083, Output: 1076, Total: 3159
2026-05-08 21:08:29,763 - INFO - Memory updates: 44
{"id": 65, "ts": 1778267309.7635756, "event": "memory_updated", "agent": "agent_3", "round": 5}
2026-05-08 21:08:31,591 - INFO - Tokens - Input: 2039, Output: 983, Total: 3022
2026-05-08 21:08:31,592 - INFO - Memory updates: 45
{"id": 66, "ts": 1778267311.5929585, "event": "memory_updated", "agent": "agent_2", "round": 5}
2026-05-08 21:08:31,601 - INFO - Loop 5 completed
2026-05-08 21:08:31,601 - INFO - Final Chosen Candidate: Candidate A
2026-05-08 21:08:31,601 - INFO - Final Decision Method: max_round_majority_vote
2026-05-08 21:08:31,601 - INFO - Final Vote Count: {'Candidate A': 2, 'Candidate B': 1}
2026-05-08 21:08:31,601 - INFO - Correct Candidate: Candidate C
2026-05-08 21:08:31,602 - INFO - Decision Correct: 0
{"id": 67, "ts": 1778267311.9554589, "event": "context_consistency_calculated", "method": "embedding_cosine", "mean_pairwise_similarity": 0.826614, "pairwise": [{"agent_a": "agent_1", "agent_b": "agent_2", "similarity": 0.791055}, {"agent_a": "agent_1", "agent_b": "agent_3", "similarity": 0.894542}, {"agent_a": "agent_2", "agent_b": "agent_3", "similarity": 0.794244}]}
{"id": 68, "ts": 1778267311.9556236, "event": "gold_standard_alignment_calculated", "method": "rule_based_binary_checks", "mean_alignment": 0.333333, "by_agent": [{"agent": "agent_1", "score": 0.75, "checks": {"favorite_is_c": 0, "c_reliability": 1, "c_calmness": 1, "c_attention": 0, "c_crew_fit": 1, "a_risks": 1, "b_risks": 1, "d_risks": 1}}, {"agent": "agent_2", "score": 0.0, "checks": {"favorite_is_c": 0, "c_reliability": 0, "c_calmness": 0, "c_attention": 0, "c_crew_fit": 0, "a_risks": 0, "b_risks": 0, "d_risks": 0}}, {"agent": "agent_3", "score": 0.25, "checks": {"favorite_is_c": 0, "c_reliability": 0, "c_calmness": 0, "c_attention": 0, "c_crew_fit": 0, "a_risks": 1, "b_risks": 1, "d_risks": 0}}]}
{"id": 69, "ts": 1778267311.955763, "event": "agent_memories_archived", "directory": "/home/lhegemann/git/bachelor_thesis/01_data/raw/simulations/low/low_treatment_20260508_195017_007/shared_mental_models", "round": 5}
{"id": 70, "ts": 1778267311.955848, "event": "final_decision", "candidate": "Candidate A", "method": "max_round_majority_vote", "vote_count": {"Candidate A": 2, "Candidate B": 1}, "correct_candidate": "Candidate C", "decision_correct": 0, "round": 5}
2026-05-08 21:08:31,968 - INFO - ======================================================================
2026-05-08 21:08:31,968 - INFO - SIMULATION METRICS
2026-05-08 21:08:31,968 - INFO - ======================================================================
2026-05-08 21:08:31,968 - INFO - Total Loops: 5
2026-05-08 21:08:31,969 - INFO - Agent Turns (no vote checker): 15
2026-05-08 21:08:31,969 - INFO - Agent Tool Calls: 0
2026-05-08 21:08:31,969 - INFO - Agent Tool Messages: 0
2026-05-08 21:08:31,969 - INFO - Memory Updates: 45
2026-05-08 21:08:31,969 - INFO - Total Messages (no vote checker): 15
2026-05-08 21:08:31,969 - INFO - Input Tokens: 113928
2026-05-08 21:08:31,969 - INFO - Output Tokens: 48735
2026-05-08 21:08:31,969 - INFO - Total Tokens: 162663
2026-05-08 21:08:31,969 - INFO - Final Chosen Candidate: Candidate A
2026-05-08 21:08:31,969 - INFO - Final Decision Method: max_round_majority_vote
2026-05-08 21:08:31,969 - INFO - Final Vote Count: {'Candidate A': 2, 'Candidate B': 1}
2026-05-08 21:08:31,969 - INFO - Correct Candidate: Candidate C
2026-05-08 21:08:31,969 - INFO - Decision Correct: 0
2026-05-08 21:08:31,969 - INFO - Runtime: 195.01s
2026-05-08 21:08:31,970 - INFO - ======================================================================
