2026-05-16 21:29:03,178 - INFO - Metrics tracker initialized
{"id": 1, "ts": 1778959743.207287, "event": "memory_reset"}
{"id": 2, "ts": 1778959743.211742, "event": "discussion_order", "round": 1, "order": ["agent_2", "agent_3", "agent_1"]}
2026-05-16 21:29:09,250 - INFO - Tokens - Input: 1944, Output: 571, Total: 2515
{"id": 3, "ts": 1778959749.253682, "event": "public_discussion_message", "round": 1, "agent": "agent_2", "message": "Candidate B \u2013 handles stress very well.\nMETADATA_JSON:\n{\"agent\": \"agent_2\", \"vote\": \"Candidate B\"}"}
2026-05-16 21:29:09,253 - INFO - Agent turns: 1
2026-05-16 21:29:16,130 - INFO - Tokens - Input: 1576, Output: 513, Total: 2089
2026-05-16 21:29:16,133 - INFO - Memory updates: 1
{"id": 4, "ts": 1778959756.133309, "event": "memory_updated", "agent": "agent_1", "round": 1}
2026-05-16 21:29:18,640 - INFO - Tokens - Input: 1571, Output: 782, Total: 2353
2026-05-16 21:29:18,643 - INFO - Memory updates: 2
{"id": 5, "ts": 1778959758.6432028, "event": "memory_updated", "agent": "agent_3", "round": 1}
2026-05-16 21:29:20,567 - INFO - Tokens - Input: 1579, Output: 1031, Total: 2610
2026-05-16 21:29:20,569 - INFO - Memory updates: 3
{"id": 6, "ts": 1778959760.5692837, "event": "memory_updated", "agent": "agent_2", "round": 1}
2026-05-16 21:29:25,732 - INFO - Tokens - Input: 1888, Output: 628, Total: 2516
{"id": 7, "ts": 1778959765.7339451, "event": "public_discussion_message", "round": 1, "agent": "agent_3", "message": "Candidate B \u2013 pretentious.\nMETADATA_JSON:\n{\"agent\": \"agent_3\", \"vote\": \"Candidate B\"}"}
2026-05-16 21:29:25,734 - INFO - Agent turns: 2
2026-05-16 21:29:35,001 - INFO - Tokens - Input: 1527, Output: 678, Total: 2205
2026-05-16 21:29:35,003 - INFO - Memory updates: 4
{"id": 8, "ts": 1778959775.0035257, "event": "memory_updated", "agent": "agent_3", "round": 1}
2026-05-16 21:29:37,961 - INFO - Tokens - Input: 1576, Output: 993, Total: 2569
2026-05-16 21:29:37,963 - INFO - Memory updates: 5
{"id": 9, "ts": 1778959777.9639745, "event": "memory_updated", "agent": "agent_2", "round": 1}
2026-05-16 21:29:40,515 - INFO - Tokens - Input: 1565, Output: 1322, Total: 2887
2026-05-16 21:29:40,518 - INFO - Memory updates: 6
{"id": 10, "ts": 1778959780.518504, "event": "memory_updated", "agent": "agent_1", "round": 1}
2026-05-16 21:29:43,950 - INFO - Tokens - Input: 2151, Output: 405, Total: 2556
{"id": 11, "ts": 1778959783.952215, "event": "public_discussion_message", "round": 1, "agent": "agent_1", "message": "Candidate A \u2013 excellent spatial vision\nMETADATA_JSON:\n{\"agent\": \"agent_1\", \"vote\": \"Candidate A\"}"}
2026-05-16 21:29:43,952 - INFO - Agent turns: 3
2026-05-16 21:29:51,690 - INFO - Tokens - Input: 1791, Output: 512, Total: 2303
2026-05-16 21:29:51,693 - INFO - Memory updates: 7
{"id": 12, "ts": 1778959791.6934304, "event": "memory_updated", "agent": "agent_1", "round": 1}
2026-05-16 21:29:55,133 - INFO - Tokens - Input: 1565, Output: 867, Total: 2432
2026-05-16 21:29:55,135 - INFO - Memory updates: 8
{"id": 13, "ts": 1778959795.1356168, "event": "memory_updated", "agent": "agent_3", "round": 1}
2026-05-16 21:29:58,098 - INFO - Tokens - Input: 1631, Output: 1239, Total: 2870
2026-05-16 21:29:58,100 - INFO - Memory updates: 9
{"id": 14, "ts": 1778959798.1009977, "event": "memory_updated", "agent": "agent_2", "round": 1}
2026-05-16 21:29:58,111 - INFO - Loop 1 completed
{"id": 15, "ts": 1778959798.1176796, "event": "discussion_order", "round": 2, "order": ["agent_3", "agent_2", "agent_1"]}
2026-05-16 21:30:03,566 - INFO - Tokens - Input: 2013, Output: 656, Total: 2669
{"id": 16, "ts": 1778959803.5684679, "event": "public_discussion_message", "round": 2, "agent": "agent_3", "message": "Candidate B \u2013 handles stress very well\nMETADATA_JSON:\n{\"agent\": \"agent_3\", \"vote\": \"Candidate B\"}"}
2026-05-16 21:30:03,568 - INFO - Agent turns: 4
2026-05-16 21:30:15,755 - INFO - Tokens - Input: 1827, Output: 915, Total: 2742
2026-05-16 21:30:15,757 - INFO - Memory updates: 10
{"id": 17, "ts": 1778959815.7577767, "event": "memory_updated", "agent": "agent_1", "round": 2}
2026-05-16 21:30:15,924 - INFO - Tokens - Input: 1654, Output: 931, Total: 2585
2026-05-16 21:30:15,926 - INFO - Memory updates: 11
{"id": 18, "ts": 1778959815.926459, "event": "memory_updated", "agent": "agent_3", "round": 2}
2026-05-16 21:30:16,138 - INFO - Tokens - Input: 1746, Output: 960, Total: 2706
2026-05-16 21:30:16,140 - INFO - Memory updates: 12
{"id": 19, "ts": 1778959816.1406155, "event": "memory_updated", "agent": "agent_2", "round": 2}
2026-05-16 21:30:22,078 - INFO - Tokens - Input: 2162, Output: 722, Total: 2884
{"id": 20, "ts": 1778959822.080132, "event": "public_discussion_message", "round": 2, "agent": "agent_2", "message": "Candidate A \u2013 very good leadership qualities.\nMETADATA_JSON:\n{\"agent\": \"agent_2\", \"vote\": \"Candidate A\"}"}
2026-05-16 21:30:22,080 - INFO - Agent turns: 5
2026-05-16 21:30:37,193 - INFO - Tokens - Input: 1881, Output: 1102, Total: 2983
2026-05-16 21:30:37,196 - INFO - Memory updates: 13
{"id": 21, "ts": 1778959837.1969357, "event": "memory_updated", "agent": "agent_1", "round": 2}
2026-05-16 21:30:38,806 - INFO - Tokens - Input: 1707, Output: 1269, Total: 2976
2026-05-16 21:30:38,808 - INFO - Memory updates: 14
{"id": 22, "ts": 1778959838.8091257, "event": "memory_updated", "agent": "agent_3", "round": 2}
2026-05-16 21:30:40,465 - INFO - Tokens - Input: 1803, Output: 1476, Total: 3279
2026-05-16 21:30:40,467 - INFO - Memory updates: 15
{"id": 23, "ts": 1778959840.467748, "event": "memory_updated", "agent": "agent_2", "round": 2}
2026-05-16 21:30:42,033 - INFO - Tokens - Input: 2323, Output: 132, Total: 2455
{"id": 24, "ts": 1778959842.0347946, "event": "public_discussion_message", "round": 2, "agent": "agent_1", "message": "Candidate A \u2013 excellent spatial vision\nMETADATA_JSON:\n{\"agent\": \"agent_1\", \"vote\": \"Candidate A\"}"}
2026-05-16 21:30:42,034 - INFO - Agent turns: 6
2026-05-16 21:30:47,965 - INFO - Tokens - Input: 1963, Output: 390, Total: 2353
2026-05-16 21:30:47,967 - INFO - Memory updates: 16
{"id": 25, "ts": 1778959847.9680214, "event": "memory_updated", "agent": "agent_1", "round": 2}
2026-05-16 21:30:48,712 - INFO - Tokens - Input: 1788, Output: 466, Total: 2254
2026-05-16 21:30:48,714 - INFO - Memory updates: 17
{"id": 26, "ts": 1778959848.7145839, "event": "memory_updated", "agent": "agent_3", "round": 2}
2026-05-16 21:30:50,314 - INFO - Tokens - Input: 1860, Output: 671, Total: 2531
2026-05-16 21:30:50,316 - INFO - Memory updates: 18
{"id": 27, "ts": 1778959850.3165526, "event": "memory_updated", "agent": "agent_2", "round": 2}
2026-05-16 21:30:50,325 - INFO - Loop 2 completed
{"id": 28, "ts": 1778959850.3312926, "event": "discussion_order", "round": 3, "order": ["agent_3", "agent_1", "agent_2"]}
2026-05-16 21:30:54,292 - INFO - Tokens - Input: 2183, Output: 454, Total: 2637
{"id": 29, "ts": 1778959854.2943401, "event": "public_discussion_message", "round": 3, "agent": "agent_3", "message": "Candidate B \u2013 handles stress very well.\nMETADATA_JSON:\n{\"agent\": \"agent_3\", \"vote\": \"Candidate B\"}"}
2026-05-16 21:30:54,294 - INFO - Agent turns: 7
2026-05-16 21:30:59,109 - INFO - Tokens - Input: 1897, Output: 337, Total: 2234
2026-05-16 21:30:59,112 - INFO - Memory updates: 19
{"id": 30, "ts": 1778959859.11232, "event": "memory_updated", "agent": "agent_2", "round": 3}
2026-05-16 21:30:59,120 - INFO - Tokens - Input: 1999, Output: 339, Total: 2338
2026-05-16 21:30:59,123 - INFO - Memory updates: 20
{"id": 31, "ts": 1778959859.1231256, "event": "memory_updated", "agent": "agent_1", "round": 3}
2026-05-16 21:31:04,389 - INFO - Tokens - Input: 1824, Output: 1023, Total: 2847
2026-05-16 21:31:04,391 - INFO - Memory updates: 21
{"id": 32, "ts": 1778959864.3916512, "event": "memory_updated", "agent": "agent_3", "round": 3}
2026-05-16 21:31:10,014 - INFO - Tokens - Input: 2394, Output: 670, Total: 3064
{"id": 33, "ts": 1778959870.0163362, "event": "public_discussion_message", "round": 3, "agent": "agent_1", "message": "Candidate A \u2013 very good leadership qualities\nMETADATA_JSON:\n{\"agent\": \"agent_1\", \"vote\": \"Candidate A\"}"}
2026-05-16 21:31:10,016 - INFO - Agent turns: 8
2026-05-16 21:31:20,110 - INFO - Tokens - Input: 1933, Output: 718, Total: 2651
2026-05-16 21:31:20,113 - INFO - Memory updates: 22
{"id": 34, "ts": 1778959880.113313, "event": "memory_updated", "agent": "agent_2", "round": 3}
2026-05-16 21:31:20,881 - INFO - Tokens - Input: 2035, Output: 798, Total: 2833
2026-05-16 21:31:20,884 - INFO - Memory updates: 23
{"id": 35, "ts": 1778959880.884344, "event": "memory_updated", "agent": "agent_1", "round": 3}
2026-05-16 21:31:24,163 - INFO - Tokens - Input: 1860, Output: 1209, Total: 3069
2026-05-16 21:31:24,169 - INFO - Memory updates: 24
{"id": 36, "ts": 1778959884.1700113, "event": "memory_updated", "agent": "agent_3", "round": 3}
2026-05-16 21:31:25,437 - INFO - Tokens - Input: 2329, Output: 118, Total: 2447
{"id": 37, "ts": 1778959885.4387197, "event": "public_discussion_message", "round": 3, "agent": "agent_2", "message": "Candidate A \u2013 very good leadership qualities.\nMETADATA_JSON:\n{\"agent\": \"agent_2\", \"vote\": \"Candidate A\"}"}
2026-05-16 21:31:25,438 - INFO - Agent turns: 9
2026-05-16 21:31:29,700 - INFO - Tokens - Input: 1970, Output: 287, Total: 2257
2026-05-16 21:31:29,703 - INFO - Memory updates: 25
{"id": 38, "ts": 1778959889.7032907, "event": "memory_updated", "agent": "agent_2", "round": 3}
2026-05-16 21:31:30,465 - INFO - Tokens - Input: 1913, Output: 367, Total: 2280
2026-05-16 21:31:30,467 - INFO - Memory updates: 26
{"id": 39, "ts": 1778959890.467629, "event": "memory_updated", "agent": "agent_3", "round": 3}
2026-05-16 21:31:31,216 - INFO - Tokens - Input: 2071, Output: 464, Total: 2535
2026-05-16 21:31:31,217 - INFO - Memory updates: 27
{"id": 40, "ts": 1778959891.2176602, "event": "memory_updated", "agent": "agent_1", "round": 3}
2026-05-16 21:31:31,224 - INFO - Loop 3 completed
{"id": 41, "ts": 1778959891.230816, "event": "discussion_order", "round": 4, "order": ["agent_3", "agent_2", "agent_1"]}
2026-05-16 21:31:32,985 - INFO - Tokens - Input: 2308, Output: 162, Total: 2470
{"id": 42, "ts": 1778959892.9869325, "event": "public_discussion_message", "round": 4, "agent": "agent_3", "message": "Candidate B \u2013 handles stress very well.\nMETADATA_JSON:\n{\"agent\": \"agent_3\", \"vote\": \"Candidate B\"}"}
2026-05-16 21:31:32,987 - INFO - Agent turns: 10
2026-05-16 21:31:35,848 - INFO - Tokens - Input: 1949, Output: 162, Total: 2111
2026-05-16 21:31:35,849 - INFO - Memory updates: 28
{"id": 43, "ts": 1778959895.8496985, "event": "memory_updated", "agent": "agent_3", "round": 4}
2026-05-16 21:31:38,309 - INFO - Tokens - Input: 2006, Output: 423, Total: 2429
2026-05-16 21:31:38,311 - INFO - Memory updates: 29
{"id": 44, "ts": 1778959898.3117275, "event": "memory_updated", "agent": "agent_2", "round": 4}
2026-05-16 21:31:38,388 - INFO - Tokens - Input: 2107, Output: 434, Total: 2541
2026-05-16 21:31:38,391 - INFO - Memory updates: 30
{"id": 45, "ts": 1778959898.391252, "event": "memory_updated", "agent": "agent_1", "round": 4}
2026-05-16 21:31:39,834 - INFO - Tokens - Input: 2401, Output: 117, Total: 2518
{"id": 46, "ts": 1778959899.8358107, "event": "public_discussion_message", "round": 4, "agent": "agent_2", "message": "Candidate A \u2013 very good leadership qualities.\nMETADATA_JSON:\n{\"agent\": \"agent_2\", \"vote\": \"Candidate A\"}"}
2026-05-16 21:31:39,835 - INFO - Agent turns: 11
2026-05-16 21:31:43,706 - INFO - Tokens - Input: 2042, Output: 261, Total: 2303
2026-05-16 21:31:43,708 - INFO - Memory updates: 31
{"id": 47, "ts": 1778959903.7086873, "event": "memory_updated", "agent": "agent_2", "round": 4}
2026-05-16 21:31:44,638 - INFO - Tokens - Input: 2143, Output: 359, Total: 2502
2026-05-16 21:31:44,640 - INFO - Memory updates: 32
{"id": 48, "ts": 1778959904.6410618, "event": "memory_updated", "agent": "agent_1", "round": 4}
2026-05-16 21:31:46,357 - INFO - Tokens - Input: 1985, Output: 576, Total: 2561
2026-05-16 21:31:46,359 - INFO - Memory updates: 33
{"id": 49, "ts": 1778959906.359575, "event": "memory_updated", "agent": "agent_3", "round": 4}
2026-05-16 21:31:48,035 - INFO - Tokens - Input: 2538, Output: 147, Total: 2685
{"id": 50, "ts": 1778959908.0364044, "event": "public_discussion_message", "round": 4, "agent": "agent_1", "message": "Candidate A \u2013 very good leadership qualities\nMETADATA_JSON:\n{\"agent\": \"agent_1\", \"vote\": \"Candidate A\"}"}
2026-05-16 21:31:48,036 - INFO - Agent turns: 12
2026-05-16 21:31:53,579 - INFO - Tokens - Input: 2078, Output: 373, Total: 2451
2026-05-16 21:31:53,581 - INFO - Memory updates: 34
{"id": 51, "ts": 1778959913.5816283, "event": "memory_updated", "agent": "agent_2", "round": 4}
2026-05-16 21:31:54,728 - INFO - Tokens - Input: 2021, Output: 493, Total: 2514
2026-05-16 21:31:54,730 - INFO - Memory updates: 35
{"id": 52, "ts": 1778959914.731028, "event": "memory_updated", "agent": "agent_3", "round": 4}
2026-05-16 21:31:57,120 - INFO - Tokens - Input: 2179, Output: 800, Total: 2979
2026-05-16 21:31:57,123 - INFO - Memory updates: 36
{"id": 53, "ts": 1778959917.1234012, "event": "memory_updated", "agent": "agent_1", "round": 4}
2026-05-16 21:31:57,132 - INFO - Loop 4 completed
{"id": 54, "ts": 1778959917.1380663, "event": "discussion_order", "round": 5, "order": ["agent_2", "agent_1", "agent_3"]}
2026-05-16 21:31:58,642 - INFO - Tokens - Input: 2473, Output: 127, Total: 2600
{"id": 55, "ts": 1778959918.6441495, "event": "public_discussion_message", "round": 5, "agent": "agent_2", "message": "Candidate A \u2013 very good leadership qualities.\nMETADATA_JSON:\n{\"agent\": \"agent_2\", \"vote\": \"Candidate A\"}"}
2026-05-16 21:31:58,644 - INFO - Agent turns: 13
2026-05-16 21:32:02,460 - INFO - Tokens - Input: 2114, Output: 270, Total: 2384
2026-05-16 21:32:02,463 - INFO - Memory updates: 37
{"id": 56, "ts": 1778959922.463388, "event": "memory_updated", "agent": "agent_2", "round": 5}
2026-05-16 21:32:04,080 - INFO - Tokens - Input: 2057, Output: 444, Total: 2501
2026-05-16 21:32:04,083 - INFO - Memory updates: 38
{"id": 57, "ts": 1778959924.0833178, "event": "memory_updated", "agent": "agent_3", "round": 5}
2026-05-16 21:32:04,647 - INFO - Tokens - Input: 2215, Output: 519, Total: 2734
2026-05-16 21:32:04,649 - INFO - Memory updates: 39
{"id": 58, "ts": 1778959924.6497836, "event": "memory_updated", "agent": "agent_1", "round": 5}
2026-05-16 21:32:07,244 - INFO - Tokens - Input: 2610, Output: 272, Total: 2882
{"id": 59, "ts": 1778959927.2463574, "event": "public_discussion_message", "round": 5, "agent": "agent_1", "message": "Candidate A \u2013 very good leadership qualities\nMETADATA_JSON:\n{\"agent\": \"agent_1\", \"vote\": \"Candidate A\"}"}
2026-05-16 21:32:07,246 - INFO - Agent turns: 14
2026-05-16 21:32:10,337 - INFO - Tokens - Input: 2150, Output: 219, Total: 2369
2026-05-16 21:32:10,340 - INFO - Memory updates: 40
{"id": 60, "ts": 1778959930.3402176, "event": "memory_updated", "agent": "agent_2", "round": 5}
2026-05-16 21:32:11,601 - INFO - Tokens - Input: 2093, Output: 354, Total: 2447
2026-05-16 21:32:11,603 - INFO - Memory updates: 41
{"id": 61, "ts": 1778959931.6033936, "event": "memory_updated", "agent": "agent_3", "round": 5}
2026-05-16 21:32:14,605 - INFO - Tokens - Input: 2251, Output: 745, Total: 2996
2026-05-16 21:32:14,608 - INFO - Memory updates: 42
{"id": 62, "ts": 1778959934.6084456, "event": "memory_updated", "agent": "agent_1", "round": 5}
2026-05-16 21:32:19,920 - INFO - Tokens - Input: 2488, Output: 633, Total: 3121
{"id": 63, "ts": 1778959939.9216647, "event": "public_discussion_message", "round": 5, "agent": "agent_3", "message": "Candidate B \u2013 handles stress very well.\nMETADATA_JSON:\n{\"agent\": \"agent_3\", \"vote\": \"Candidate B\"}"}
2026-05-16 21:32:19,921 - INFO - Agent turns: 15
2026-05-16 21:32:24,226 - INFO - Tokens - Input: 2129, Output: 281, Total: 2410
2026-05-16 21:32:24,229 - INFO - Memory updates: 43
{"id": 64, "ts": 1778959944.2291994, "event": "memory_updated", "agent": "agent_3", "round": 5}
2026-05-16 21:32:25,773 - INFO - Tokens - Input: 2294, Output: 445, Total: 2739
2026-05-16 21:32:25,775 - INFO - Memory updates: 44
{"id": 65, "ts": 1778959945.775672, "event": "memory_updated", "agent": "agent_1", "round": 5}
2026-05-16 21:32:26,619 - INFO - Tokens - Input: 2186, Output: 552, Total: 2738
2026-05-16 21:32:26,621 - INFO - Memory updates: 45
{"id": 66, "ts": 1778959946.6219664, "event": "memory_updated", "agent": "agent_2", "round": 5}
2026-05-16 21:32:26,630 - INFO - Loop 5 completed
2026-05-16 21:32:26,630 - INFO - Final Chosen Candidate: Candidate A
2026-05-16 21:32:26,630 - INFO - Final Decision Method: max_round_majority_vote
2026-05-16 21:32:26,631 - INFO - Final Vote Count: {'Candidate A': 2, 'Candidate B': 1}
2026-05-16 21:32:26,631 - INFO - Correct Candidate: Candidate C
2026-05-16 21:32:26,631 - INFO - Decision Correct: 0
{"id": 67, "ts": 1778959947.2648346, "event": "context_consistency_calculated", "method": "weighted_section_embedding_cosine", "mean_pairwise_similarity": 0.879392, "pairwise": [{"agent_a": "agent_1", "agent_b": "agent_2", "similarity": 0.870839, "sections": [{"section": "task_summary", "weight": 0.02, "similarity": 1.0}, {"section": "revealed_facts_by_source", "weight": 0.3, "similarity": 0.916059}, {"section": "candidate_evaluation", "weight": 0.35, "similarity": 0.767827}, {"section": "other_agents_positions", "weight": 0.15, "similarity": 0.979212}, {"section": "emerging_group_view", "weight": 0.13, "similarity": 0.849235}, {"section": "open_questions_next_step_focus", "weight": 0.05, "similarity": 1.0}]}, {"agent_a": "agent_1", "agent_b": "agent_3", "similarity": 0.844807, "sections": [{"section": "task_summary", "weight": 0.02, "similarity": 1.0}, {"section": "revealed_facts_by_source", "weight": 0.3, "similarity": 0.888005}, {"section": "candidate_evaluation", "weight": 0.35, "similarity": 0.717088}, {"section": "other_agents_positions", "weight": 0.15, "similarity": 0.953176}, {"section": "emerging_group_view", "weight": 0.13, "similarity": 0.880373}, {"section": "open_questions_next_step_focus", "weight": 0.05, "similarity": 1.0}]}, {"agent_a": "agent_2", "agent_b": "agent_3", "similarity": 0.922531, "sections": [{"section": "task_summary", "weight": 0.02, "similarity": 1.0}, {"section": "revealed_facts_by_source", "weight": 0.3, "similarity": 0.969521}, {"section": "candidate_evaluation", "weight": 0.35, "similarity": 0.889428}, {"section": "other_agents_positions", "weight": 0.15, "similarity": 0.955251}, {"section": "emerging_group_view", "weight": 0.13, "similarity": 0.823751}, {"section": "open_questions_next_step_focus", "weight": 0.05, "similarity": 1.0}]}]}
{"id": 68, "ts": 1778959947.2650187, "event": "gold_standard_alignment_calculated", "method": "rule_based_fact_coverage", "mean_alignment": 0.3, "by_agent": [{"agent": "agent_1", "score": 0.625, "matched_facts": 25, "total_facts": 40, "matched_public_facts": 16, "total_public_facts": 16, "public_fact_coverage": 1.0, "matched_own_private_facts": 8, "total_own_private_facts": 8, "own_private_fact_coverage": 1.0, "matched_other_private_facts": 1, "total_other_private_facts": 16, "other_private_fact_coverage": 0.0625, "checks": {"public_candidate_a_can_anticipate_dangerous_situations": 1, "public_candidate_a_is_able_to_see_complex_connections": 1, "public_candidate_a_has_excellent_spatial_vision": 1, "public_candidate_a_has_very_good_leadership_qualities": 1, "public_candidate_b_is_very_conscientious": 1, "public_candidate_b_handles_stress_very_well": 1, "public_candidate_b_is_good_at_assessing_weather_conditions": 1, "public_candidate_b_has_excellent_computer_skills": 1, "public_candidate_c_can_make_correct_decisions_quickly": 1, "public_candidate_c_has_difficulty_communicating_ideas": 1, "public_candidate_c_is_regarded_as_egocentric": 1, "public_candidate_c_is_not_very_willing_to_further_his_education": 1, "public_candidate_d_responds_to_unexpected_events_adequately": 1, "public_candidate_d_can_concentrate_very_well": 1, "public_candidate_d_solves_problems_extremely_well": 1, "public_candidate_d_takes_responsibility_seriously": 1, "agent_1_candidate_a_is_sometimes_not_good_at_taking_criticism": 1, "agent_1_candidate_a_can_be_unorganized": 1, "agent_1_candidate_b_can_be_grumpy": 1, "agent_1_candidate_b_can_be_uncooperative": 1, "agent_1_candidate_c_is_known_to_be_100_percent_reliable": 1, "agent_1_candidate_c_creates_a_positive_atmosphere_with_his_crew": 1, "agent_1_candidate_d_is_regarded_as_arrogant": 1, "agent_1_candidate_d_has_relatively_weak_leadership_skills": 1, "agent_2_candidate_a_is_regarded_as_a_show_off": 0, "agent_2_candidate_a_is_regarded_as_being_not_open_to_new_ideas": 0, "agent_2_candidate_b_has_a_relatively_weak_memory_for_numbers": 0, "agent_2_candidate_b_makes_nasty_remarks_about_his_colleagues": 0, "agent_2_candidate_c_keeps_calm_in_a_crisis": 0, "agent_2_candidate_c_understands_complicated_technology": 0, "agent_2_candidate_d_is_regarded_as_a_know_it_all": 0, "agent_2_candidate_d_has_a_hot_temper": 0, "agent_3_candidate_a_is_unfriendly": 0, "agent_3_candidate_a_eats_unhealthily": 0, "agent_3_candidate_b_is_regarded_as_pretentious": 1, "agent_3_candidate_b_sometimes_adopts_the_wrong_tone_when_communicating": 0, "agent_3_candidate_c_puts_concern_for_others_above_everything": 0, "agent_3_candidate_c_has_excellent_attention_skills": 0, "agent_3_candidate_d_is_considered_moody": 0, "agent_3_candidate_d_is_regarded_as_a_loner": 0}}, {"agent": "agent_2", "score": 0.15, "matched_facts": 6, "total_facts": 40, "matched_public_facts": 5, "total_public_facts": 16, "public_fact_coverage": 0.3125, "matched_own_private_facts": 0, "total_own_private_facts": 8, "own_private_fact_coverage": 0.0, "matched_other_private_facts": 1, "total_other_private_facts": 16, "other_private_fact_coverage": 0.0625, "checks": {"public_candidate_a_can_anticipate_dangerous_situations": 1, "public_candidate_a_is_able_to_see_complex_connections": 1, "public_candidate_a_has_excellent_spatial_vision": 1, "public_candidate_a_has_very_good_leadership_qualities": 1, "public_candidate_b_is_very_conscientious": 0, "public_candidate_b_handles_stress_very_well": 1, "public_candidate_b_is_good_at_assessing_weather_conditions": 0, "public_candidate_b_has_excellent_computer_skills": 0, "public_candidate_c_can_make_correct_decisions_quickly": 0, "public_candidate_c_has_difficulty_communicating_ideas": 0, "public_candidate_c_is_regarded_as_egocentric": 0, "public_candidate_c_is_not_very_willing_to_further_his_education": 0, "public_candidate_d_responds_to_unexpected_events_adequately": 0, "public_candidate_d_can_concentrate_very_well": 0, "public_candidate_d_solves_problems_extremely_well": 0, "public_candidate_d_takes_responsibility_seriously": 0, "agent_1_candidate_a_is_sometimes_not_good_at_taking_criticism": 0, "agent_1_candidate_a_can_be_unorganized": 0, "agent_1_candidate_b_can_be_grumpy": 0, "agent_1_candidate_b_can_be_uncooperative": 0, "agent_1_candidate_c_is_known_to_be_100_percent_reliable": 0, "agent_1_candidate_c_creates_a_positive_atmosphere_with_his_crew": 0, "agent_1_candidate_d_is_regarded_as_arrogant": 0, "agent_1_candidate_d_has_relatively_weak_leadership_skills": 0, "agent_2_candidate_a_is_regarded_as_a_show_off": 0, "agent_2_candidate_a_is_regarded_as_being_not_open_to_new_ideas": 0, "agent_2_candidate_b_has_a_relatively_weak_memory_for_numbers": 0, "agent_2_candidate_b_makes_nasty_remarks_about_his_colleagues": 0, "agent_2_candidate_c_keeps_calm_in_a_crisis": 0, "agent_2_candidate_c_understands_complicated_technology": 0, "agent_2_candidate_d_is_regarded_as_a_know_it_all": 0, "agent_2_candidate_d_has_a_hot_temper": 0, "agent_3_candidate_a_is_unfriendly": 0, "agent_3_candidate_a_eats_unhealthily": 0, "agent_3_candidate_b_is_regarded_as_pretentious": 1, "agent_3_candidate_b_sometimes_adopts_the_wrong_tone_when_communicating": 0, "agent_3_candidate_c_puts_concern_for_others_above_everything": 0, "agent_3_candidate_c_has_excellent_attention_skills": 0, "agent_3_candidate_d_is_considered_moody": 0, "agent_3_candidate_d_is_regarded_as_a_loner": 0}}, {"agent": "agent_3", "score": 0.125, "matched_facts": 5, "total_facts": 40, "matched_public_facts": 3, "total_public_facts": 16, "public_fact_coverage": 0.1875, "matched_own_private_facts": 2, "total_own_private_facts": 8, "own_private_fact_coverage": 0.25, "matched_other_private_facts": 0, "total_other_private_facts": 16, "other_private_fact_coverage": 0.0, "checks": {"public_candidate_a_can_anticipate_dangerous_situations": 0, "public_candidate_a_is_able_to_see_complex_connections": 0, "public_candidate_a_has_excellent_spatial_vision": 1, "public_candidate_a_has_very_good_leadership_qualities": 1, "public_candidate_b_is_very_conscientious": 0, "public_candidate_b_handles_stress_very_well": 1, "public_candidate_b_is_good_at_assessing_weather_conditions": 0, "public_candidate_b_has_excellent_computer_skills": 0, "public_candidate_c_can_make_correct_decisions_quickly": 0, "public_candidate_c_has_difficulty_communicating_ideas": 0, "public_candidate_c_is_regarded_as_egocentric": 0, "public_candidate_c_is_not_very_willing_to_further_his_education": 0, "public_candidate_d_responds_to_unexpected_events_adequately": 0, "public_candidate_d_can_concentrate_very_well": 0, "public_candidate_d_solves_problems_extremely_well": 0, "public_candidate_d_takes_responsibility_seriously": 0, "agent_1_candidate_a_is_sometimes_not_good_at_taking_criticism": 0, "agent_1_candidate_a_can_be_unorganized": 0, "agent_1_candidate_b_can_be_grumpy": 0, "agent_1_candidate_b_can_be_uncooperative": 0, "agent_1_candidate_c_is_known_to_be_100_percent_reliable": 0, "agent_1_candidate_c_creates_a_positive_atmosphere_with_his_crew": 0, "agent_1_candidate_d_is_regarded_as_arrogant": 0, "agent_1_candidate_d_has_relatively_weak_leadership_skills": 0, "agent_2_candidate_a_is_regarded_as_a_show_off": 0, "agent_2_candidate_a_is_regarded_as_being_not_open_to_new_ideas": 0, "agent_2_candidate_b_has_a_relatively_weak_memory_for_numbers": 0, "agent_2_candidate_b_makes_nasty_remarks_about_his_colleagues": 0, "agent_2_candidate_c_keeps_calm_in_a_crisis": 0, "agent_2_candidate_c_understands_complicated_technology": 0, "agent_2_candidate_d_is_regarded_as_a_know_it_all": 0, "agent_2_candidate_d_has_a_hot_temper": 0, "agent_3_candidate_a_is_unfriendly": 1, "agent_3_candidate_a_eats_unhealthily": 1, "agent_3_candidate_b_is_regarded_as_pretentious": 0, "agent_3_candidate_b_sometimes_adopts_the_wrong_tone_when_communicating": 0, "agent_3_candidate_c_puts_concern_for_others_above_everything": 0, "agent_3_candidate_c_has_excellent_attention_skills": 0, "agent_3_candidate_d_is_considered_moody": 0, "agent_3_candidate_d_is_regarded_as_a_loner": 0}}]}
{"id": 69, "ts": 1778959947.2651455, "event": "agent_memories_archived", "directory": "/home/lhegemann/git/bachelor_thesis/01_data/raw/simulations/low/low_treatment_20260516_211353_005/shared_mental_models", "round": 5}
{"id": 70, "ts": 1778959947.2651844, "event": "final_decision", "candidate": "Candidate A", "method": "max_round_majority_vote", "vote_count": {"Candidate A": 2, "Candidate B": 1}, "correct_candidate": "Candidate C", "decision_correct": 0, "round": 5}
2026-05-16 21:32:27,274 - INFO - ======================================================================
2026-05-16 21:32:27,274 - INFO - SIMULATION METRICS
2026-05-16 21:32:27,274 - INFO - ======================================================================
2026-05-16 21:32:27,274 - INFO - Total Loops: 5
2026-05-16 21:32:27,274 - INFO - Agent Turns (no vote checker): 15
2026-05-16 21:32:27,274 - INFO - Agent Tool Calls: 0
2026-05-16 21:32:27,274 - INFO - Agent Tool Messages: 0
2026-05-16 21:32:27,274 - INFO - Memory Updates: 45
2026-05-16 21:32:27,274 - INFO - Total Messages (no vote checker): 15
2026-05-16 21:32:27,274 - INFO - Input Tokens: 120316
2026-05-16 21:32:27,274 - INFO - Output Tokens: 35183
2026-05-16 21:32:27,274 - INFO - Total Tokens: 155499
2026-05-16 21:32:27,274 - INFO - Final Chosen Candidate: Candidate A
2026-05-16 21:32:27,275 - INFO - Final Decision Method: max_round_majority_vote
2026-05-16 21:32:27,275 - INFO - Final Vote Count: {'Candidate A': 2, 'Candidate B': 1}
2026-05-16 21:32:27,275 - INFO - Correct Candidate: Candidate C
2026-05-16 21:32:27,275 - INFO - Decision Correct: 0
2026-05-16 21:32:27,275 - INFO - Runtime: 204.10s
2026-05-16 21:32:27,275 - INFO - ======================================================================
