2026-05-07 21:57:08,303 - INFO - Metrics tracker initialized
{"id": 1, "ts": 1778183828.3294106, "event": "memory_reset"}
{"id": 2, "ts": 1778183828.332535, "event": "discussion_order", "round": 1, "order": ["agent_1", "agent_3", "agent_2"]}
2026-05-07 21:57:14,500 - INFO - Tokens - Input: 1419, Output: 616, Total: 2035
{"id": 3, "ts": 1778183834.5020247, "event": "public_discussion_message", "round": 1, "agent": "agent_1", "message": "I currently favor **Candidate C**. Their 100\u202f% reliability and ability to make correct decisions quickly are crucial for long\u2011distance flights where safety and timely judgment are paramount, and they also create a positive atmosphere with the crew, supporting cooperation. The main uncertainty is their difficulty communicating ideas and egocentric attitude, which could hinder teamwork despite the generally positive crew vibe.\nMETADATA_JSON:\n{\"agent\": \"agent_1\", \"vote\": \"Candidate C\"}"}
2026-05-07 21:57:14,502 - INFO - Agent turns: 1
2026-05-07 21:57:20,567 - INFO - Tokens - Input: 1601, Output: 693, Total: 2294
{"id": 4, "ts": 1778183840.5692809, "event": "public_discussion_message", "round": 1, "agent": "agent_3", "message": "I currently favor **Candidate\u202fB**. Their strong conscientiousness and excellent stress\u2011handling indicate high reliability and calmness under the long\u2011haul pressures, while their skill in assessing weather and strong computer abilities support the technical competence needed for long\u2011distance flights. The main uncertainty is their tendency to be pretentious and sometimes use the wrong tone, which could undermine crew cooperation and the positive cockpit atmosphere.\nMETADATA_JSON:\n{\"agent\": \"agent_3\", \"vote\": \"Candidate B\"}"}
2026-05-07 21:57:20,569 - INFO - Agent turns: 2
2026-05-07 21:57:27,965 - INFO - Tokens - Input: 1722, Output: 1003, Total: 2725
{"id": 5, "ts": 1778183847.96676, "event": "public_discussion_message", "round": 1, "agent": "agent_2", "message": "I currently favor **Candidate A**. Their ability to anticipate dangerous situations and excellent spatial vision give strong technical competence and safety awareness crucial for long\u2011distance flights, and their very good leadership qualities support effective crew coordination. The main uncertainty is that they are regarded as a show\u2011off and not open to new ideas, which could undermine cooperation and adaptability in the cockpit.\nMETADATA_JSON:\n{\"agent\": \"agent_2\", \"vote\": \"Candidate A\"}"}
2026-05-07 21:57:27,966 - INFO - Agent turns: 3
2026-05-07 21:57:27,976 - INFO - Loop 1 completed
{"id": 6, "ts": 1778183847.9827073, "event": "discussion_order", "round": 2, "order": ["agent_1", "agent_3", "agent_2"]}
2026-05-07 21:57:33,978 - INFO - Tokens - Input: 1751, Output: 845, Total: 2596
{"id": 7, "ts": 1778183853.9799855, "event": "public_discussion_message", "round": 2, "agent": "agent_1", "message": "I continue to favor **Candidate\u202fC**. Their 100\u202f% reliability and ability to make correct decisions quickly are vital for the safety and timeliness of long\u2011distance flights, and they are known to create a positive atmosphere with the crew, supporting cooperation in the cockpit. The main uncertainty is their difficulty communicating ideas and egocentric attitude, which could impair teamwork despite the generally positive crew vibe.\nMETADATA_JSON:\n{\"agent\": \"agent_1\", \"vote\": \"Candidate C\"}"}
2026-05-07 21:57:33,980 - INFO - Agent turns: 4
2026-05-07 21:57:40,150 - INFO - Tokens - Input: 1925, Output: 906, Total: 2831
2026-05-07 21:57:45,874 - INFO - Tokens - Input: 1908, Output: 752, Total: 2660
{"id": 8, "ts": 1778183865.8759837, "event": "public_discussion_message", "round": 2, "agent": "agent_2", "message": "I now favor **Candidate\u202fC**. Their ability to make correct decisions quickly and stay calm in a crisis provides the reliability and composure essential for long\u2011distance flights, while their understanding of complicated technology supports the technical competence needed for modern cockpit operations. The main uncertainty is their difficulty communicating ideas and egocentric attitude, which could hinder crew cooperation and the collaborative atmosphere required in the cockpit.\nMETADATA_JSON:\n{\"agent\": \"agent_2\", \"vote\": \"Candidate C\"}"}
2026-05-07 21:57:45,876 - INFO - Agent turns: 5
2026-05-07 21:57:45,885 - INFO - Loop 2 completed
{"id": 9, "ts": 1778183865.8908296, "event": "discussion_order", "round": 3, "order": ["agent_1", "agent_2", "agent_3"]}
2026-05-07 21:57:52,785 - INFO - Tokens - Input: 1953, Output: 912, Total: 2865
{"id": 10, "ts": 1778183872.7872376, "event": "public_discussion_message", "round": 3, "agent": "agent_1", "message": "I continue to favor **Candidate\u202fC**. Their 100\u202f% reliability and ability to make correct decisions quickly are essential for the safety and timeliness of long\u2011distance flights, and they are known to create a positive atmosphere with the crew, supporting effective cockpit cooperation. The main uncertainty is their difficulty communicating ideas and egocentric attitude, which could impair teamwork despite the generally positive crew vibe.\nMETADATA_JSON:\n{\"agent\": \"agent_1\", \"vote\": \"Candidate C\"}"}
2026-05-07 21:57:52,787 - INFO - Agent turns: 6
2026-05-07 21:58:04,966 - INFO - Tokens - Input: 2147, Output: 1111, Total: 3258
{"id": 11, "ts": 1778183884.9681602, "event": "public_discussion_message", "round": 3, "agent": "agent_2", "message": "I favor **Candidate\u202fA**. Their ability to anticipate dangerous situations and excellent spatial vision give strong technical safety competence, while their very good leadership qualities support effective crew coordination on long\u2011distance flights. The main uncertainty is that they are regarded as a show\u2011off and not open to new ideas, which could hinder cooperation and adaptability in the cockpit.\nMETADATA_JSON:\n{\"agent\": \"agent_2\", \"vote\": \"Candidate A\"}"}
2026-05-07 21:58:04,968 - INFO - Agent turns: 7
2026-05-07 21:58:11,769 - INFO - Tokens - Input: 2227, Output: 846, Total: 3073
{"id": 12, "ts": 1778183891.7704098, "event": "public_discussion_message", "round": 3, "agent": "agent_3", "message": "I continue to favor **Candidate\u202fB**. Their strong conscientiousness and excellent stress\u2011handling indicate high reliability and calmness under the long\u2011haul pressures, while their skill in assessing weather and superior computer abilities support the technical competence required for modern long\u2011distance operations. The main trade\u2011off is their pretentious attitude and occasional wrong tone, which could undermine crew cooperation and the cockpit atmosphere.\nMETADATA_JSON:\n{\"agent\": \"agent_3\", \"vote\": \"Candidate B\"}"}
2026-05-07 21:58:11,770 - INFO - Agent turns: 8
2026-05-07 21:58:11,779 - INFO - Loop 3 completed
{"id": 13, "ts": 1778183891.7860997, "event": "discussion_order", "round": 4, "order": ["agent_1", "agent_3", "agent_2"]}
2026-05-07 21:58:16,248 - INFO - Tokens - Input: 2280, Output: 584, Total: 2864
{"id": 14, "ts": 1778183896.2495072, "event": "public_discussion_message", "round": 4, "agent": "agent_1", "message": "I continue to favor **Candidate\u202fC**. Their 100\u202f% reliability and ability to make correct decisions quickly are essential for the safety and timeliness of long\u2011distance flights, and they are known to create a positive atmosphere with the crew, supporting effective cockpit cooperation. The main trade\u2011off is their difficulty communicating ideas and egocentric attitude, which could impair teamwork despite the generally positive crew vibe.\nMETADATA_JSON:\n{\"agent\": \"agent_1\", \"vote\": \"Candidate C\"}"}
2026-05-07 21:58:16,249 - INFO - Agent turns: 9
2026-05-07 21:58:23,420 - INFO - Tokens - Input: 2456, Output: 896, Total: 3352
{"id": 15, "ts": 1778183903.4213786, "event": "public_discussion_message", "round": 4, "agent": "agent_3", "message": "I continue to favor **Candidate\u202fB**. Their strong conscientiousness and excellent stress\u2011handling give high reliability and calmness under the long\u2011haul pressures, while their ability to assess weather and superior computer skills support the technical competence needed for long\u2011distance operations. The main trade\u2011off is their pretentious attitude and occasional wrong tone, which could undermine crew cooperation and the cockpit atmosphere.\nMETADATA_JSON:\n{\"agent\": \"agent_3\", \"vote\": \"Candidate B\"}"}
2026-05-07 21:58:23,421 - INFO - Agent turns: 10
2026-05-07 21:58:34,905 - INFO - Tokens - Input: 2566, Output: 954, Total: 3520
{"id": 16, "ts": 1778183914.9069045, "event": "public_discussion_message", "round": 4, "agent": "agent_2", "message": "I now favor **Candidate\u202fC**. Their ability to make correct decisions quickly and stay calm in a crisis gives the reliability and composure essential for long\u2011distance flights, while their understanding of complicated technology supports the technical competence needed in modern cockpits. The main trade\u2011off is their difficulty communicating ideas and egocentric attitude, which could impede crew cooperation.\nMETADATA_JSON:\n{\"agent\": \"agent_2\", \"vote\": \"Candidate C\"}"}
2026-05-07 21:58:34,907 - INFO - Agent turns: 11
2026-05-07 21:58:34,917 - INFO - Loop 4 completed
{"id": 17, "ts": 1778183914.9241433, "event": "discussion_order", "round": 5, "order": ["agent_2", "agent_3", "agent_1"]}
2026-05-07 21:58:39,832 - INFO - Tokens - Input: 2594, Output: 663, Total: 3257
{"id": 18, "ts": 1778183919.8343558, "event": "public_discussion_message", "round": 5, "agent": "agent_2", "message": "I currently favor **Candidate\u202fC**. Their ability to make correct decisions quickly and stay calm in a crisis provides the reliability and composure essential for long\u2011distance flights, while their understanding of complicated technology supports the technical competence needed in modern cockpits. The main trade\u2011off is their difficulty communicating ideas and egocentric attitude, which could impede effective crew cooperation.\nMETADATA_JSON:\n{\"agent\": \"agent_2\", \"vote\": \"Candidate C\"}"}
2026-05-07 21:58:39,834 - INFO - Agent turns: 12
2026-05-07 21:58:46,651 - INFO - Tokens - Input: 2760, Output: 845, Total: 3605
{"id": 19, "ts": 1778183926.653284, "event": "public_discussion_message", "round": 5, "agent": "agent_3", "message": "I continue to favor **Candidate\u202fB**. Their strong conscientiousness supports reliability, and their excellent stress\u2011handling indicates they stay calm under the prolonged pressures of long\u2011haul flights; together with solid weather\u2011assessment and computer skills, they meet the key technical and calmness criteria. The main trade\u2011off is their pretentious attitude and occasional wrong tone, which could undermine crew cooperation and the cockpit atmosphere.\nMETADATA_JSON:\n{\"agent\": \"agent_3\", \"vote\": \"Candidate B\"}"}
2026-05-07 21:58:46,653 - INFO - Agent turns: 13
2026-05-07 21:58:55,363 - INFO - Tokens - Input: 2882, Output: 1115, Total: 3997
{"id": 20, "ts": 1778183935.365237, "event": "public_discussion_message", "round": 5, "agent": "agent_1", "message": "I currently favor **Candidate\u202fA**. Their ability to anticipate dangerous situations and excellent spatial vision give strong technical safety competence essential for long\u2011distance flights, and their very good leadership qualities support effective crew coordination. The main trade\u2011off is their tendency to be unorganized and not receptive to criticism, which could hinder cooperation and adaptability in the cockpit.\nMETADATA_JSON:\n{\"agent\": \"agent_1\", \"vote\": \"Candidate A\"}"}
2026-05-07 21:58:55,365 - INFO - Agent turns: 14
2026-05-07 21:58:55,373 - INFO - Loop 5 completed
2026-05-07 21:58:55,374 - INFO - Final Chosen Candidate: None
2026-05-07 21:58:55,374 - INFO - Final Decision Method: max_round_no_majority
2026-05-07 21:58:55,374 - INFO - Final Vote Count: {'Candidate A': 1, 'Candidate C': 1, 'Candidate B': 1}
2026-05-07 21:58:55,374 - INFO - Correct Candidate: Candidate C
2026-05-07 21:58:55,374 - INFO - Decision Correct: 0
{"id": 21, "ts": 1778183935.37597, "event": "context_consistency_not_applicable", "reason": "explicit_smm_memory_disabled"}
{"id": 22, "ts": 1778183935.3761299, "event": "final_decision", "candidate": null, "method": "max_round_no_majority", "vote_count": {"Candidate A": 1, "Candidate C": 1, "Candidate B": 1}, "correct_candidate": "Candidate C", "decision_correct": 0, "round": 5}
2026-05-07 21:58:55,383 - INFO - ======================================================================
2026-05-07 21:58:55,383 - INFO - SIMULATION METRICS
2026-05-07 21:58:55,383 - INFO - ======================================================================
2026-05-07 21:58:55,383 - INFO - Total Loops: 5
2026-05-07 21:58:55,383 - INFO - Agent Turns (no vote checker): 14
2026-05-07 21:58:55,383 - INFO - Agent Tool Calls: 0
2026-05-07 21:58:55,384 - INFO - Agent Tool Messages: 0
2026-05-07 21:58:55,384 - INFO - Memory Updates: 0
2026-05-07 21:58:55,384 - INFO - Total Messages (no vote checker): 14
2026-05-07 21:58:55,384 - INFO - Input Tokens: 32191
2026-05-07 21:58:55,384 - INFO - Output Tokens: 12741
2026-05-07 21:58:55,384 - INFO - Total Tokens: 44932
2026-05-07 21:58:55,384 - INFO - Final Chosen Candidate: None
2026-05-07 21:58:55,384 - INFO - Final Decision Method: max_round_no_majority
2026-05-07 21:58:55,384 - INFO - Final Vote Count: {'Candidate A': 1, 'Candidate C': 1, 'Candidate B': 1}
2026-05-07 21:58:55,384 - INFO - Correct Candidate: Candidate C
2026-05-07 21:58:55,384 - INFO - Decision Correct: 0
2026-05-07 21:58:55,384 - INFO - Runtime: 107.08s
2026-05-07 21:58:55,384 - INFO - ======================================================================
