2026-05-18 05:30:09,394 - INFO - Metrics tracker initialized
{"id": 1, "ts": 1779075009.4243808, "event": "memory_reset"}
{"id": 2, "ts": 1779075009.429132, "event": "discussion_order", "round": 1, "order": ["agent_3", "agent_1", "agent_2"]}
2026-05-18 05:30:15,013 - INFO - Tokens - Input: 1201, Output: 519, Total: 1720
{"id": 3, "ts": 1779075015.0146983, "event": "public_discussion_message", "round": 1, "agent": "agent_3", "message": "Candidate B \u2013 handles stress very well\nMETADATA_JSON:\n{\"agent\": \"agent_3\", \"vote\": \"Candidate B\"}"}
2026-05-18 05:30:15,014 - INFO - Agent turns: 1
2026-05-18 05:30:18,456 - INFO - Tokens - Input: 1236, Output: 451, Total: 1687
{"id": 4, "ts": 1779075018.458082, "event": "public_discussion_message", "round": 1, "agent": "agent_1", "message": "Candidate B \u2013 handles stress very well\nMETADATA_JSON:\n{\"agent\": \"agent_1\", \"vote\": \"Candidate B\"}"}
2026-05-18 05:30:18,458 - INFO - Agent turns: 2
2026-05-18 05:30:21,883 - INFO - Tokens - Input: 1275, Output: 439, Total: 1714
{"id": 5, "ts": 1779075021.8845801, "event": "public_discussion_message", "round": 1, "agent": "agent_2", "message": "I currently prefer Candidate A \u2013 has excellent spatial vision.\nMETADATA_JSON:\n{\"agent\": \"agent_2\", \"vote\": \"Candidate A\"}"}
2026-05-18 05:30:21,884 - INFO - Agent turns: 3
2026-05-18 05:30:21,894 - INFO - Loop 1 completed
{"id": 6, "ts": 1779075021.9007542, "event": "discussion_order", "round": 2, "order": ["agent_1", "agent_3", "agent_2"]}
2026-05-18 05:30:25,868 - INFO - Tokens - Input: 1311, Output: 511, Total: 1822
{"id": 7, "ts": 1779075025.8695998, "event": "public_discussion_message", "round": 2, "agent": "agent_1", "message": "Candidate A \u2013 excellent spatial vision.\nMETADATA_JSON:\n{\"agent\": \"agent_1\", \"vote\": \"Candidate A\"}"}
2026-05-18 05:30:25,869 - INFO - Agent turns: 4
2026-05-18 05:30:31,881 - INFO - Tokens - Input: 1341, Output: 783, Total: 2124
{"id": 8, "ts": 1779075031.882622, "event": "public_discussion_message", "round": 2, "agent": "agent_3", "message": "Candidate B \u2013 handles stress very well\nMETADATA_JSON:\n{\"agent\": \"agent_3\", \"vote\": \"Candidate B\"}"}
2026-05-18 05:30:31,882 - INFO - Agent turns: 5
2026-05-18 05:30:37,484 - INFO - Tokens - Input: 1385, Output: 726, Total: 2111
{"id": 9, "ts": 1779075037.4860613, "event": "public_discussion_message", "round": 2, "agent": "agent_2", "message": "Candidate A \u2013 excellent spatial vision.\nMETADATA_JSON:\n{\"agent\": \"agent_2\", \"vote\": \"Candidate A\"}"}
2026-05-18 05:30:37,486 - INFO - Agent turns: 6
2026-05-18 05:30:37,495 - INFO - Loop 2 completed
{"id": 10, "ts": 1779075037.5026276, "event": "discussion_order", "round": 3, "order": ["agent_3", "agent_1", "agent_2"]}
2026-05-18 05:30:41,743 - INFO - Tokens - Input: 1412, Output: 552, Total: 1964
{"id": 11, "ts": 1779075041.7453032, "event": "public_discussion_message", "round": 3, "agent": "agent_3", "message": "Candidate B \u2013 handles stress very well\nMETADATA_JSON:\n{\"agent\": \"agent_3\", \"vote\": \"Candidate B\"}"}
2026-05-18 05:30:41,745 - INFO - Agent turns: 7
2026-05-18 05:30:46,195 - INFO - Tokens - Input: 1453, Output: 558, Total: 2011
{"id": 12, "ts": 1779075046.1972618, "event": "public_discussion_message", "round": 3, "agent": "agent_1", "message": "Candidate B \u2013 handles stress very well.\nMETADATA_JSON:\n{\"agent\": \"agent_1\", \"vote\": \"Candidate B\"}"}
2026-05-18 05:30:46,197 - INFO - Agent turns: 8
2026-05-18 05:30:51,938 - INFO - Tokens - Input: 1492, Output: 732, Total: 2224
{"id": 13, "ts": 1779075051.9399107, "event": "public_discussion_message", "round": 3, "agent": "agent_2", "message": "I prefer Candidate B \u2013 handles stress very well.\nMETADATA_JSON:\n{\"agent\": \"agent_2\", \"vote\": \"Candidate B\"}"}
2026-05-18 05:30:51,940 - INFO - Agent turns: 9
2026-05-18 05:30:51,949 - INFO - Loop 3 completed
2026-05-18 05:30:51,950 - INFO - Final Chosen Candidate: Candidate B
2026-05-18 05:30:51,950 - INFO - Final Decision Method: consensus
2026-05-18 05:30:51,950 - INFO - Final Vote Count: {'Candidate B': 3}
2026-05-18 05:30:51,950 - INFO - Correct Candidate: Candidate C
2026-05-18 05:30:51,950 - INFO - Decision Correct: 0
{"id": 14, "ts": 1779075051.951987, "event": "context_consistency_not_applicable", "reason": "explicit_smm_memory_disabled"}
{"id": 15, "ts": 1779075051.9521413, "event": "final_decision", "candidate": "Candidate B", "method": "consensus", "vote_count": {"Candidate B": 3}, "correct_candidate": "Candidate C", "decision_correct": 0, "round": 3}
2026-05-18 05:30:51,961 - INFO - ======================================================================
2026-05-18 05:30:51,961 - INFO - SIMULATION METRICS
2026-05-18 05:30:51,961 - INFO - ======================================================================
2026-05-18 05:30:51,961 - INFO - Total Loops: 3
2026-05-18 05:30:51,961 - INFO - Agent Turns (no vote checker): 9
2026-05-18 05:30:51,961 - INFO - Agent Tool Calls: 0
2026-05-18 05:30:51,961 - INFO - Agent Tool Messages: 0
2026-05-18 05:30:51,961 - INFO - Memory Updates: 0
2026-05-18 05:30:51,961 - INFO - Total Messages (no vote checker): 9
2026-05-18 05:30:51,961 - INFO - Input Tokens: 12106
2026-05-18 05:30:51,961 - INFO - Output Tokens: 5271
2026-05-18 05:30:51,962 - INFO - Total Tokens: 17377
2026-05-18 05:30:51,962 - INFO - Final Chosen Candidate: Candidate B
2026-05-18 05:30:51,962 - INFO - Final Decision Method: consensus
2026-05-18 05:30:51,962 - INFO - Final Vote Count: {'Candidate B': 3}
2026-05-18 05:30:51,962 - INFO - Correct Candidate: Candidate C
2026-05-18 05:30:51,962 - INFO - Decision Correct: 0
2026-05-18 05:30:51,962 - INFO - Runtime: 42.57s
2026-05-18 05:30:51,962 - INFO - ======================================================================
