2026-05-10 05:44:19,195 - INFO - Metrics tracker initialized
{"id": 1, "ts": 1778384659.22056, "event": "memory_reset"}
{"id": 2, "ts": 1778384659.22446, "event": "discussion_order", "round": 1, "order": ["agent_2", "agent_1", "agent_3"]}
2026-05-10 05:44:26,111 - INFO - Tokens - Input: 1422, Output: 614, Total: 2036
{"id": 3, "ts": 1778384666.1132977, "event": "public_discussion_message", "round": 1, "agent": "agent_2", "message": "I tentatively favor **Candidate\u202fB**. Their strong conscientiousness, excellent stress tolerance, and solid abilities in weather assessment and computer\u2011based navigation are directly relevant to the reliability and technical competence needed for long\u2011distance flights. However, the fact that they make nasty remarks toward colleagues raises a serious concern about crew cooperation and cockpit harmony.\nMETADATA_JSON:\n{\"agent\": \"agent_2\", \"vote\": \"Candidate B\"}"}
2026-05-10 05:44:26,113 - INFO - Agent turns: 1
2026-05-10 05:44:38,187 - INFO - Tokens - Input: 1592, Output: 664, Total: 2256
{"id": 4, "ts": 1778384678.1889112, "event": "public_discussion_message", "round": 1, "agent": "agent_1", "message": "I currently favor **Candidate\u202fC**. They are known to be 100\u202f% reliable and create a positive atmosphere with the crew, and they can make correct decisions quickly\u2014both critical for the safety and efficiency of long\u2011distance flights. The main uncertainty is their difficulty communicating ideas and egocentric attitude, which could impede teamwork and ongoing learning.\nMETADATA_JSON:\n{\"agent\": \"agent_1\", \"vote\": \"Candidate C\"}"}
2026-05-10 05:44:38,189 - INFO - Agent turns: 2
2026-05-10 05:44:46,335 - INFO - Tokens - Input: 1689, Output: 982, Total: 2671
{"id": 5, "ts": 1778384686.336938, "event": "public_discussion_message", "round": 1, "agent": "agent_3", "message": "I currently favor **Candidate\u202fB**. Their very conscientious nature and strong stress tolerance give them high reliability and calmness under pressure\u2014key for long\u2011distance flights. Additionally, their excellent weather\u2011assessment ability and computer skills support the technical competence needed for navigation and flight planning. The main uncertainty is their pretentious demeanor and occasional wrong tone, which could undermine crew cooperation and cockpit harmony.\nMETADATA_JSON:\n{\"agent\": \"agent_3\", \"vote\": \"Candidate B\"}"}
2026-05-10 05:44:46,337 - INFO - Agent turns: 3
2026-05-10 05:44:46,346 - INFO - Loop 1 completed
{"id": 6, "ts": 1778384686.3524451, "event": "discussion_order", "round": 2, "order": ["agent_1", "agent_3", "agent_2"]}
2026-05-10 05:44:51,624 - INFO - Tokens - Input: 1733, Output: 672, Total: 2405
{"id": 7, "ts": 1778384691.625699, "event": "public_discussion_message", "round": 2, "agent": "agent_1", "message": "I continue to favor **Candidate\u202fC**. Their proven 100\u202f% reliability and ability to create a positive crew atmosphere are essential for safe, long\u2011distance operations, and their knack for making correct decisions quickly supports effective handling of in\u2011flight challenges. The main uncertainty is their difficulty communicating ideas and egocentric attitude, which could impede teamwork and ongoing learning.\nMETADATA_JSON:\n{\"agent\": \"agent_1\", \"vote\": \"Candidate C\"}"}
2026-05-10 05:44:51,625 - INFO - Agent turns: 4
2026-05-10 05:44:59,446 - INFO - Tokens - Input: 1900, Output: 797, Total: 2697
{"id": 8, "ts": 1778384699.448233, "event": "public_discussion_message", "round": 2, "agent": "agent_3", "message": "I continue to favor **Candidate\u202fB**. Their very conscientious nature and strong stress tolerance give them high reliability and calmness under pressure\u2014essential for long\u2011distance flights. In addition, their ability to assess weather conditions and excellent computer skills support the technical competence needed for navigation and flight planning. The main trade\u2011off is their pretentious demeanor and occasional wrong tone, which could undermine crew cooperation and cockpit harmony.\nMETADATA_JSON:\n{\"agent\": \"agent_3\", \"vote\": \"Candidate B\"}"}
2026-05-10 05:44:59,448 - INFO - Agent turns: 5
2026-05-10 05:45:06,373 - INFO - Tokens - Input: 2028, Output: 922, Total: 2950
{"id": 9, "ts": 1778384706.3749435, "event": "public_discussion_message", "round": 2, "agent": "agent_2", "message": "I continue to favor **Candidate\u202fB**. Their very conscientious nature and strong stress tolerance give them high reliability and calmness under pressure\u2014crucial for the long\u2011duration, high\u2011responsibility environment of long\u2011distance flights. Additionally, their ability to assess weather conditions and excellent computer skills provide the technical competence needed for accurate navigation and flight planning. The main trade\u2011off is their tendency to make nasty remarks toward colleagues, which could undermine crew cooperation and cockpit harmony.\nMETADATA_JSON:\n{\"agent\": \"agent_2\", \"vote\": \"Candidate B\"}"}
2026-05-10 05:45:06,375 - INFO - Agent turns: 6
2026-05-10 05:45:06,384 - INFO - Loop 2 completed
{"id": 10, "ts": 1778384706.3906384, "event": "discussion_order", "round": 3, "order": ["agent_3", "agent_2", "agent_1"]}
2026-05-10 05:45:10,460 - INFO - Tokens - Input: 2065, Output: 480, Total: 2545
{"id": 11, "ts": 1778384710.4621575, "event": "public_discussion_message", "round": 3, "agent": "agent_3", "message": "I continue to favor **Candidate\u202fB**. Their strong conscientiousness and excellent stress tolerance give them high reliability and calmness under pressure, while their ability to assess weather conditions and strong computer skills support the technical competence needed for long\u2011distance navigation and flight planning. The main trade\u2011off is their pretentious demeanor and occasional wrong tone, which could undermine crew cooperation and cockpit harmony.\nMETADATA_JSON:\n{\"agent\": \"agent_3\", \"vote\": \"Candidate B\"}"}
2026-05-10 05:45:10,462 - INFO - Agent turns: 7
2026-05-10 05:45:25,550 - INFO - Tokens - Input: 2251, Output: 1065, Total: 3316
{"id": 12, "ts": 1778384725.552095, "event": "public_discussion_message", "round": 3, "agent": "agent_2", "message": "I continue to favor **Candidate\u202fB**. Their strong conscientiousness gives high reliability, and their ability to handle stress ensures calmness under pressure\u2014both essential for long\u2011distance operations. In addition, their skill in assessing weather and excellent computer abilities directly support the technical competence needed for navigation and flight planning. The main trade\u2011off is their tendency to make nasty remarks and a pretentious demeanor, which could undermine crew cooperation and cockpit harmony.\nMETADATA_JSON:\n{\"agent\": \"agent_2\", \"vote\": \"Candidate B\"}"}
2026-05-10 05:45:25,552 - INFO - Agent turns: 8
2026-05-10 05:45:33,841 - INFO - Tokens - Input: 2377, Output: 1065, Total: 3442
{"id": 13, "ts": 1778384733.8433592, "event": "public_discussion_message", "round": 3, "agent": "agent_1", "message": "I continue to favor **Candidate\u202fC**. Their 100\u202f% reliability and ability to create a positive atmosphere with the crew are essential for safe, long\u2011distance operations, and their knack for making correct decisions quickly supports effective handling of in\u2011flight challenges. The main trade\u2011off is their difficulty communicating ideas and egocentric attitude, which could hinder teamwork and crew coordination.\nMETADATA_JSON:\n{\"agent\": \"agent_1\", \"vote\": \"Candidate C\"}"}
2026-05-10 05:45:33,843 - INFO - Agent turns: 9
2026-05-10 05:45:33,852 - INFO - Loop 3 completed
{"id": 14, "ts": 1778384733.8591158, "event": "discussion_order", "round": 4, "order": ["agent_3", "agent_2", "agent_1"]}
2026-05-10 05:45:39,215 - INFO - Tokens - Input: 2392, Output: 677, Total: 3069
{"id": 15, "ts": 1778384739.2168157, "event": "public_discussion_message", "round": 4, "agent": "agent_3", "message": "I continue to favor **Candidate\u202fB**. Their very conscientious nature and strong stress tolerance give them high reliability and calmness under pressure, while their ability to assess weather conditions and excellent computer skills provide the technical competence essential for long\u2011distance navigation and flight planning. The main trade\u2011off is their pretentious demeanor and occasional wrong tone, which could undermine crew cooperation and cockpit harmony.\nMETADATA_JSON:\n{\"agent\": \"agent_3\", \"vote\": \"Candidate B\"}"}
2026-05-10 05:45:39,217 - INFO - Agent turns: 10
2026-05-10 05:45:45,233 - INFO - Tokens - Input: 2578, Output: 747, Total: 3325
{"id": 16, "ts": 1778384745.234902, "event": "public_discussion_message", "round": 4, "agent": "agent_2", "message": "I continue to favor **Candidate\u202fB**. Their very conscientious nature and strong stress tolerance give them high reliability and calmness under pressure\u2014essential for the long\u2011duration, high\u2011responsibility environment of long\u2011distance flights. In addition, their ability to assess weather conditions and excellent computer skills directly support the technical competence needed for navigation and flight planning. The main trade\u2011off is their tendency to make nasty remarks and a pretentious demeanor, which could harm crew cooperation and cockpit harmony.\nMETADATA_JSON:\n{\"agent\": \"agent_2\", \"vote\": \"Candidate B\"}"}
2026-05-10 05:45:45,235 - INFO - Agent turns: 11
2026-05-10 05:45:50,402 - INFO - Tokens - Input: 2722, Output: 509, Total: 3231
{"id": 17, "ts": 1778384750.4036055, "event": "public_discussion_message", "round": 4, "agent": "agent_1", "message": "I continue to favor **Candidate\u202fC**. Their 100\u202f% reliability and ability to create a positive crew atmosphere are crucial for safe, long\u2011distance operations, and their knack for making correct decisions quickly supports effective handling of in\u2011flight challenges. The main trade\u2011off is their difficulty communicating ideas and egocentric attitude, which could impede teamwork and ongoing learning.\nMETADATA_JSON:\n{\"agent\": \"agent_1\", \"vote\": \"Candidate C\"}"}
2026-05-10 05:45:50,403 - INFO - Agent turns: 12
2026-05-10 05:45:50,412 - INFO - Loop 4 completed
{"id": 18, "ts": 1778384750.4183462, "event": "discussion_order", "round": 5, "order": ["agent_3", "agent_2", "agent_1"]}
2026-05-10 05:45:59,138 - INFO - Tokens - Input: 2726, Output: 744, Total: 3470
{"id": 19, "ts": 1778384759.1398718, "event": "public_discussion_message", "round": 5, "agent": "agent_3", "message": "I continue to favor **Candidate\u202fB**. Their strong conscientiousness and excellent stress tolerance give them high reliability and calmness under pressure\u2014essential for long\u2011distance flights. Additionally, their ability to assess weather conditions and superior computer skills support the technical competence needed for navigation and flight planning. The main trade\u2011off is their pretentious demeanor and occasional wrong tone, which could undermine crew cooperation and cockpit harmony.\nMETADATA_JSON:\n{\"agent\": \"agent_3\", \"vote\": \"Candidate B\"}"}
2026-05-10 05:45:59,140 - INFO - Agent turns: 13
2026-05-10 05:46:09,106 - INFO - Tokens - Input: 2922, Output: 638, Total: 3560
{"id": 20, "ts": 1778384769.1079073, "event": "public_discussion_message", "round": 5, "agent": "agent_2", "message": "I continue to favor **Candidate\u202fB**. Their strong conscientiousness and excellent stress tolerance give them high reliability and calmness under pressure\u2014crucial for long\u2011distance flights\u2014and their ability to assess weather conditions together with superior computer skills provides the technical competence needed for navigation and flight planning. The main trade\u2011off is their tendency to make nasty remarks and a pretentious demeanor, which could undermine crew cooperation and cockpit harmony.\nMETADATA_JSON:\n{\"agent\": \"agent_2\", \"vote\": \"Candidate B\"}"}
2026-05-10 05:46:09,108 - INFO - Agent turns: 14
2026-05-10 05:46:16,443 - INFO - Tokens - Input: 3037, Output: 908, Total: 3945
{"id": 21, "ts": 1778384776.445057, "event": "public_discussion_message", "round": 5, "agent": "agent_1", "message": "I now favor **Candidate\u202fD**. Their ability to solve problems extremely well and maintain strong concentration supports the technical competence and attention to detail required for long\u2011distance navigation, while their serious sense of responsibility and adequate response to unexpected events indicate high reliability and calmness under pressure. The main trade\u2011off is that they are regarded as arrogant and have relatively weak leadership skills, which could hinder crew cooperation and cockpit harmony.\nMETADATA_JSON:\n{\"agent\": \"agent_1\", \"vote\": \"Candidate D\"}"}
2026-05-10 05:46:16,445 - INFO - Agent turns: 15
2026-05-10 05:46:16,454 - INFO - Loop 5 completed
2026-05-10 05:46:16,454 - INFO - Final Chosen Candidate: Candidate B
2026-05-10 05:46:16,455 - INFO - Final Decision Method: max_round_majority_vote
2026-05-10 05:46:16,455 - INFO - Final Vote Count: {'Candidate D': 1, 'Candidate B': 2}
2026-05-10 05:46:16,455 - INFO - Correct Candidate: Candidate C
2026-05-10 05:46:16,455 - INFO - Decision Correct: 0
{"id": 22, "ts": 1778384776.4566283, "event": "context_consistency_not_applicable", "reason": "explicit_smm_memory_disabled"}
{"id": 23, "ts": 1778384776.4567647, "event": "final_decision", "candidate": "Candidate B", "method": "max_round_majority_vote", "vote_count": {"Candidate D": 1, "Candidate B": 2}, "correct_candidate": "Candidate C", "decision_correct": 0, "round": 5}
2026-05-10 05:46:16,464 - INFO - ======================================================================
2026-05-10 05:46:16,464 - INFO - SIMULATION METRICS
2026-05-10 05:46:16,464 - INFO - ======================================================================
2026-05-10 05:46:16,464 - INFO - Total Loops: 5
2026-05-10 05:46:16,464 - INFO - Agent Turns (no vote checker): 15
2026-05-10 05:46:16,465 - INFO - Agent Tool Calls: 0
2026-05-10 05:46:16,465 - INFO - Agent Tool Messages: 0
2026-05-10 05:46:16,465 - INFO - Memory Updates: 0
2026-05-10 05:46:16,465 - INFO - Total Messages (no vote checker): 15
2026-05-10 05:46:16,465 - INFO - Input Tokens: 33434
2026-05-10 05:46:16,465 - INFO - Output Tokens: 11484
2026-05-10 05:46:16,465 - INFO - Total Tokens: 44918
2026-05-10 05:46:16,465 - INFO - Final Chosen Candidate: Candidate B
2026-05-10 05:46:16,465 - INFO - Final Decision Method: max_round_majority_vote
2026-05-10 05:46:16,465 - INFO - Final Vote Count: {'Candidate D': 1, 'Candidate B': 2}
2026-05-10 05:46:16,465 - INFO - Correct Candidate: Candidate C
2026-05-10 05:46:16,465 - INFO - Decision Correct: 0
2026-05-10 05:46:16,465 - INFO - Runtime: 117.27s
2026-05-10 05:46:16,466 - INFO - ======================================================================
