2026-05-07 19:41:56,686 - INFO - Metrics tracker initialized
{"id": 1, "ts": 1778175716.714815, "event": "memory_reset"}
{"id": 2, "ts": 1778175716.7195244, "event": "discussion_order", "round": 1, "order": ["agent_1", "agent_2", "agent_3"]}
2026-05-07 19:42:08,428 - INFO - Tokens - Input: 1782, Output: 1205, Total: 2987
{"id": 3, "ts": 1778175728.4298809, "event": "public_discussion_message", "round": 1, "agent": "agent_1", "message": "Current position: Candidate C\nConfidence/uncertainty: Moderate (around 65% confidence)\nReasoning summary:\n- Key evidence used: Candidate C is known to be 100% reliable, creates a positive atmosphere with his crew, and can make correct decisions quickly \u2013 all strong indicators for reliability, cooperation, and decision\u2011making under pressure.\n- Evidence from others: (none yet shared)\n- Alternatives considered:\n  * Candidate A \u2013 strong technical vision and leadership but unorganized and poor at taking criticism, which could impair cockpit coordination.\n  * Candidate B \u2013 excellent stress handling and conscientiousness but noted as grumpy and uncooperative, serious drawbacks for crew safety.\n  * Candidate D \u2013 excellent problem\u2011solving and responsibility but regarded as arrogant with weak leadership, reducing cooperative effectiveness.\n- Main tradeoff: Balancing the top reliability and crew\u2011atmosphere strengths of Candidate C against his communication difficulty and egocentric tendency versus the stronger technical or stress\u2011handling traits of other candidates that are offset by notable cooperation negatives.\n- Remaining uncertainty: How severe the communication difficulty and egocentric behavior are in practice; whether they would materially impair cockpit teamwork on long\u2011distance flights.\n- What would change my vote: Clear evidence that Candidate C\u2019s communication issues lead to unsafe decision\u2011making or that another candidate demonstrates both high reliability and strong cooperative behavior without the negative traits listed.\nMETADATA_JSON:\n{\"agent\": \"agent_1\", \"vote\": \"Candidate C\"}"}
2026-05-07 19:42:08,430 - INFO - Agent turns: 1
2026-05-07 19:42:19,436 - INFO - Tokens - Input: 1727, Output: 1538, Total: 3265
2026-05-07 19:42:19,438 - INFO - Memory updates: 1
{"id": 4, "ts": 1778175739.4387276, "event": "memory_updated", "agent": "agent_3", "round": 1}
2026-05-07 19:42:20,403 - INFO - Tokens - Input: 1732, Output: 1318, Total: 3050
2026-05-07 19:42:20,404 - INFO - Memory updates: 2
{"id": 5, "ts": 1778175740.405054, "event": "memory_updated", "agent": "agent_1", "round": 1}
2026-05-07 19:42:20,439 - INFO - Tokens - Input: 1735, Output: 1477, Total: 3212
2026-05-07 19:42:20,440 - INFO - Memory updates: 3
{"id": 6, "ts": 1778175740.440782, "event": "memory_updated", "agent": "agent_2", "round": 1}
2026-05-07 19:42:28,136 - INFO - Tokens - Input: 2643, Output: 1075, Total: 3718
{"id": 7, "ts": 1778175748.1379895, "event": "public_discussion_message", "round": 1, "agent": "agent_2", "message": "Current position: Candidate D\nConfidence/uncertainty: Moderate (around 60% confidence)\nReasoning summary:\n- Key evidence used: Candidate D responds adequately to unexpected events, has excellent concentration, solves problems extremely well, and takes responsibility seriously \u2013 covering calmness under pressure, technical competence, and high responsibility.\n- Evidence from others: Agent\u202f1 highlighted Candidate C\u2019s reliability and crew atmosphere, but the original data notes C\u2019s difficulty communicating ideas and egocentric attitude, which are strong cooperation concerns. No other agents have provided new evidence that outweighs D\u2019s balanced strengths.\n- Alternatives considered:\n  * Candidate A \u2013 strong technical vision and leadership but marked as a show\u2011off and not open to new ideas, raising crew\u2011morale and adaptability concerns.\n  * Candidate B \u2013 very conscientious and stress\u2011resilient, yet has a weak memory for numbers and makes nasty remarks, both serious safety and teamwork drawbacks.\n  * Candidate C \u2013 calm, quick decision\u2011making and technical understanding, but communication difficulty and egocentric behavior could impair cockpit coordination despite reported reliability.\n- Main tradeoff: Choosing between D\u2019s solid problem\u2011solving and responsibility versus his known hot temper and \u201cknow\u2011it\u2011all\u201d perception. These negatives are less directly hostile than B\u2019s nasty remarks or C\u2019s communication issues, and D\u2019s strengths align well with long\u2011distance flight demands.\n- Remaining uncertainty: How likely D\u2019s hot temper and know\u2011it\u2011all attitude are to manifest in a way that endangers crew cooperation during prolonged, high\u2011stress flights.\n- What would change my vote: Convincing evidence that Candidate D\u2019s temper leads to unsafe behavior, or strong evidence that another candidate (e.g., B or C) demonstrates both high reliability and cooperative behavior without the listed interpersonal drawbacks.\nMETADATA_JSON:\n{\"agent\": \"agent_2\", \"vote\": \"Candidate D\"}"}
2026-05-07 19:42:28,138 - INFO - Agent turns: 2
2026-05-07 19:42:37,527 - INFO - Tokens - Input: 2862, Output: 1231, Total: 4093
2026-05-07 19:42:37,529 - INFO - Memory updates: 4
{"id": 8, "ts": 1778175757.5297585, "event": "memory_updated", "agent": "agent_1", "round": 1}
2026-05-07 19:42:38,193 - INFO - Tokens - Input: 2769, Output: 1185, Total: 3954
2026-05-07 19:42:38,195 - INFO - Memory updates: 5
{"id": 9, "ts": 1778175758.1953063, "event": "memory_updated", "agent": "agent_2", "round": 1}
2026-05-07 19:42:39,269 - INFO - Tokens - Input: 2762, Output: 1354, Total: 4116
2026-05-07 19:42:39,271 - INFO - Memory updates: 6
{"id": 10, "ts": 1778175759.2718759, "event": "memory_updated", "agent": "agent_3", "round": 1}
2026-05-07 19:42:46,683 - INFO - Tokens - Input: 3084, Output: 1005, Total: 4089
{"id": 11, "ts": 1778175766.6850681, "event": "public_discussion_message", "round": 1, "agent": "agent_3", "message": "Current position: Candidate C\nConfidence/uncertainty: Moderate (around 65% confidence)\nReasoning summary:\n- Key evidence used: Candidate\u202fC is 100\u202f% reliable, creates a positive crew atmosphere, puts concern for others above everything, makes correct decisions quickly, and has excellent attention skills. These address reliability, cooperation, and decision\u2011making under pressure.\n- Evidence from others: Agent\u202f1 highlighted C\u2019s reliability and crew\u2011atmosphere strengths; Agent\u202f2 emphasized D\u2019s problem\u2011solving and responsibility but also noted D\u2019s hot temper and \u201cknow\u2011it\u2011all\u201d perception. No new evidence has reduced C\u2019s strengths.\n- Alternatives considered:\n  * Candidate\u202fA \u2013 strong technical vision and leadership but unfriendly, show\u2011off attitude, and unhealthy habits undermine crew cooperation.\n  * Candidate\u202fB \u2013 conscientious and stress\u2011resilient yet pretentious, uses the wrong tone, makes nasty remarks, and has weak memory for numbers, all serious cooperation and safety concerns.\n  * Candidate\u202fD \u2013 excellent problem\u2011solving and responsibility but moody, a loner, hot\u2011tempered, and perceived as a know\u2011it\u2011all, which could jeopardize teamwork on long flights.\n- Main tradeoff: Balancing C\u2019s communication difficulty and egocentric tendency against the more severe cooperation drawbacks of A, B, and D. C\u2019s overall positive crew impact and reliability outweigh the communication concerns.\n- Remaining uncertainty: How much C\u2019s difficulty communicating ideas will affect real\u2011time cockpit coordination during long\u2011duration flights.\n- What would change my vote: Convincing evidence that C\u2019s communication issues lead to unsafe decision\u2011making or that another candidate demonstrates both high technical competence and consistently positive interpersonal behavior without the listed negatives.\nMETADATA_JSON:\n{\"agent\": \"agent_3\", \"vote\": \"Candidate C\"}"}
2026-05-07 19:42:46,685 - INFO - Agent turns: 3
2026-05-07 19:42:55,179 - INFO - Tokens - Input: 3197, Output: 1093, Total: 4290
2026-05-07 19:42:55,181 - INFO - Memory updates: 7
{"id": 12, "ts": 1778175775.181607, "event": "memory_updated", "agent": "agent_3", "round": 1}
2026-05-07 19:42:56,204 - INFO - Tokens - Input: 3199, Output: 1193, Total: 4392
2026-05-07 19:42:56,205 - INFO - Memory updates: 8
{"id": 13, "ts": 1778175776.2060375, "event": "memory_updated", "agent": "agent_2", "round": 1}
2026-05-07 19:42:58,722 - INFO - Tokens - Input: 3269, Output: 1691, Total: 4960
2026-05-07 19:42:58,724 - INFO - Memory updates: 9
{"id": 14, "ts": 1778175778.7245584, "event": "memory_updated", "agent": "agent_1", "round": 1}
2026-05-07 19:42:58,733 - INFO - Loop 1 completed
{"id": 15, "ts": 1778175778.7402558, "event": "discussion_order", "round": 2, "order": ["agent_1", "agent_2", "agent_3"]}
2026-05-07 19:43:03,234 - INFO - Tokens - Input: 3648, Output: 560, Total: 4208
{"id": 16, "ts": 1778175783.2361944, "event": "public_discussion_message", "round": 2, "agent": "agent_1", "message": "Current position: Candidate C\nConfidence/uncertainty: Moderate (around 65% confidence)\nReasoning summary:\n- Key evidence used: Candidate\u202fC is 100\u202f% reliable, creates a positive atmosphere with his crew, makes correct decisions quickly, and has excellent attention skills \u2013 covering reliability, cooperation, and decision\u2011making under pressure.\n- Evidence from others: Agent\u202f2 favors Candidate\u202fD (highlighting problem\u2011solving, responsibility but noting hot temper and arrogance). Agent\u202f3 also supports Candidate\u202fC, adding that C \u201cputs concern for others above everything.\u201d\n- Alternatives considered:\n  * Candidate\u202fA \u2013 strong technical vision and leadership but unorganized, poor at taking criticism, and reported as unfriendly/show\u2011off, which harms crew cooperation.\n  * Candidate\u202fB \u2013 very conscientious, handles stress well, good weather assessment, but is grumpy, uncooperative, makes nasty remarks, and has weak memory for numbers \u2013 serious teamwork risks.\n  * Candidate\u202fD \u2013 excellent problem\u2011solving, concentration, responsibility, and adequate response to unexpected events, yet is regarded as arrogant, has weak leadership, and displays a hot temper/know\u2011it\u2011all attitude that could erode crew cohesion over long flights.\n- Main tradeoff: Balancing C\u2019s communication difficulty and egocentric tendency against D\u2019s temperament issues. C\u2019s overall reliability and positive crew impact outweigh the communication drawback, while D\u2019s temperament poses a comparable or greater risk to long\u2011duration crew interaction.\n- Remaining uncertainty: How severely C\u2019s difficulty communicating ideas would affect real\u2011time cockpit coordination on long\u2011haul flights.\n- What would change my vote: Concrete evidence that C\u2019s communication problems lead to unsafe decision\u2011making, or strong evidence that D consistently demonstrates cooperative, calm behaviour without letting his temper affect the crew.\nMETADATA_JSON:\n{\"agent\": \"agent_1\", \"vote\": \"Candidate C\"}"}
2026-05-07 19:43:03,236 - INFO - Agent turns: 4
2026-05-07 19:43:12,553 - INFO - Tokens - Input: 3764, Output: 1280, Total: 5044
2026-05-07 19:43:12,555 - INFO - Memory updates: 10
{"id": 17, "ts": 1778175792.5551915, "event": "memory_updated", "agent": "agent_1", "round": 2}
2026-05-07 19:43:13,546 - INFO - Tokens - Input: 3473, Output: 1141, Total: 4614
2026-05-07 19:43:13,547 - INFO - Memory updates: 11
{"id": 18, "ts": 1778175793.5479193, "event": "memory_updated", "agent": "agent_2", "round": 2}
2026-05-07 19:43:15,059 - INFO - Tokens - Input: 3550, Output: 1644, Total: 5194
2026-05-07 19:43:15,061 - INFO - Memory updates: 12
{"id": 19, "ts": 1778175795.0617464, "event": "memory_updated", "agent": "agent_3", "round": 2}
2026-05-07 19:43:21,207 - INFO - Tokens - Input: 3753, Output: 782, Total: 4535
{"id": 20, "ts": 1778175801.208621, "event": "public_discussion_message", "round": 2, "agent": "agent_2", "message": "Current position: Candidate C\nConfidence/uncertainty: Moderate (around 65% confidence)\nReasoning summary:\n- Key evidence used: Candidate C is 100\u202f% reliable, creates a positive crew atmosphere, makes correct decisions quickly, and has excellent attention skills. These address reliability, cooperation, and decision\u2011making under pressure\u2014core requirements for long\u2011distance piloting.\n- Evidence from others: Agents\u202f1 and\u202f3 both highlighted C\u2019s reliability, crew\u2011positive attitude, and attention skills. Their arguments reinforce the same strengths and note the same drawbacks (communication difficulty, egocentricity).\n- Alternatives considered:\n  * Candidate D \u2013 strong problem\u2011solving, concentration, and responsibility, but a hot temper and \u201cknow\u2011it\u2011all\u201d perception that could erode crew cohesion over prolonged flights.\n  * Candidate B \u2013 good stress handling and conscientiousness, yet makes nasty remarks and has weak numeric memory, posing clear teamwork and safety risks.\n  * Candidate A \u2013 excellent spatial vision and leadership, but is seen as a show\u2011off and resistant to new ideas, which undermines cooperation.\n- Main tradeoff: Weighing C\u2019s communication difficulty and egocentric tendency against D\u2019s hot temper and arrogant perception. The evidence suggests C\u2019s overall reliability and positive crew impact outweigh his communication drawback, while D\u2019s temper presents a comparable or greater risk to sustained crew harmony.\n- Remaining uncertainty: How severely C\u2019s difficulty communicating ideas would affect real\u2011time cockpit coordination on long\u2011haul flights.\n- What would change my vote: Concrete evidence that C\u2019s communication issues lead to unsafe decision\u2011making, or strong evidence that another candidate (e.g., D) demonstrates high reliability and consistently cooperative behavior without temper\u2011related risks.\nMETADATA_JSON:\n{\"agent\": \"agent_2\", \"vote\": \"Candidate C\"}"}
2026-05-07 19:43:21,208 - INFO - Agent turns: 5
2026-05-07 19:43:27,422 - INFO - Tokens - Input: 3854, Output: 858, Total: 4712
2026-05-07 19:43:27,423 - INFO - Memory updates: 13
{"id": 21, "ts": 1778175807.4239902, "event": "memory_updated", "agent": "agent_2", "round": 2}
2026-05-07 19:43:29,752 - INFO - Tokens - Input: 3860, Output: 1175, Total: 5035
2026-05-07 19:43:29,754 - INFO - Memory updates: 14
{"id": 22, "ts": 1778175809.7543528, "event": "memory_updated", "agent": "agent_1", "round": 2}
2026-05-07 19:43:32,731 - INFO - Tokens - Input: 4022, Output: 1512, Total: 5534
2026-05-07 19:43:32,733 - INFO - Memory updates: 15
{"id": 23, "ts": 1778175812.7334473, "event": "memory_updated", "agent": "agent_3", "round": 2}
2026-05-07 19:43:39,336 - INFO - Tokens - Input: 4290, Output: 445, Total: 4735
{"id": 24, "ts": 1778175819.3385522, "event": "public_discussion_message", "round": 2, "agent": "agent_3", "message": "Current position: Candidate C\nConfidence/uncertainty: Moderate (around 65% confidence)\nReasoning summary:\n- Key evidence used: Candidate C is 100\u202f% reliable, creates a positive crew atmosphere, puts concern for others above everything, makes correct decisions quickly, and has excellent attention skills. These address reliability, cooperation, and decision\u2011making under pressure\u2014core criteria for long\u2011distance piloting.\n- Evidence from others: Agents\u202f1 and\u202f2 have reiterated C\u2019s reliability, crew\u2011positive attitude, quick correct decisions, and attention skills, and have highlighted the same drawbacks (communication difficulty, egocentric tendency). No new contradictory evidence has emerged.\n- Alternatives considered:\n  * Candidate D \u2013 strong problem\u2011solving, concentration, and responsibility, but a hot temper, \u201cknow\u2011it\u2011all\u201d perception, and loner attitude that risk crew cohesion.\n  * Candidate B \u2013 excellent stress handling and conscientiousness, yet pretentious, uses the wrong tone, makes nasty remarks, and has weak numeric memory\u2014serious teamwork concerns.\n  * Candidate A \u2013 excellent spatial vision and leadership, but unfriendly, show\u2011off attitude, unhealthy habits, and resistance to new ideas, undermining cooperation.\n- Main tradeoff: Weighing C\u2019s communication difficulty and egocentric tendency against D\u2019s temper and arrogance. C\u2019s overall reliability and positive crew impact outweigh his communication drawback, while D\u2019s temperament poses a comparable or greater risk to sustained crew harmony on long flights.\n- Remaining uncertainty: How severely C\u2019s difficulty communicating ideas would affect real\u2011time cockpit coordination and safety during prolonged, high\u2011stress flights.\n- What would change my vote: Concrete evidence that C\u2019s communication problems lead to unsafe decision\u2011making or that another candidate (e.g., D) demonstrates both high reliability and consistently cooperative, calm behaviour without temper\u2011related risks.\nMETADATA_JSON:\n{\"agent\": \"agent_3\", \"vote\": \"Candidate C\"}"}
2026-05-07 19:43:39,338 - INFO - Agent turns: 6
2026-05-07 19:43:47,656 - INFO - Tokens - Input: 4330, Output: 1090, Total: 5420
2026-05-07 19:43:47,658 - INFO - Memory updates: 16
{"id": 25, "ts": 1778175827.658449, "event": "memory_updated", "agent": "agent_1", "round": 2}
2026-05-07 19:43:49,022 - INFO - Tokens - Input: 4441, Output: 1242, Total: 5683
2026-05-07 19:43:49,024 - INFO - Memory updates: 17
{"id": 26, "ts": 1778175829.0246289, "event": "memory_updated", "agent": "agent_3", "round": 2}
2026-05-07 19:43:54,396 - INFO - Tokens - Input: 4136, Output: 1172, Total: 5308
2026-05-07 19:43:54,398 - INFO - Memory updates: 18
{"id": 27, "ts": 1778175834.3984334, "event": "memory_updated", "agent": "agent_2", "round": 2}
2026-05-07 19:43:54,407 - INFO - Loop 2 completed
2026-05-07 19:43:54,408 - INFO - Final Chosen Candidate: Candidate C
2026-05-07 19:43:54,408 - INFO - Final Decision Method: consensus
2026-05-07 19:43:54,408 - INFO - Final Vote Count: {'Candidate C': 3}
2026-05-07 19:43:54,408 - INFO - Correct Candidate: Candidate C
2026-05-07 19:43:54,408 - INFO - Decision Correct: 1
{"id": 28, "ts": 1778175882.6037893, "event": "context_consistency_calculated", "method": "embedding_cosine", "mean_pairwise_similarity": 0.800907, "pairwise": [{"agent_a": "agent_1", "agent_b": "agent_2", "similarity": 0.728043}, {"agent_a": "agent_1", "agent_b": "agent_3", "similarity": 0.736139}, {"agent_a": "agent_2", "agent_b": "agent_3", "similarity": 0.938538}]}
{"id": 29, "ts": 1778175882.6039793, "event": "agent_memories_archived", "directory": "/home/lhegemann/git/bachelor_thesis/01_data/raw/simulations/high/high_treatment_20260507_140016_008/shared_mental_models", "round": 2}
{"id": 30, "ts": 1778175882.6040754, "event": "final_decision", "candidate": "Candidate C", "method": "consensus", "vote_count": {"Candidate C": 3}, "correct_candidate": "Candidate C", "decision_correct": 1, "round": 2}
2026-05-07 19:44:42,612 - INFO - ======================================================================
2026-05-07 19:44:42,612 - INFO - SIMULATION METRICS
2026-05-07 19:44:42,612 - INFO - ======================================================================
2026-05-07 19:44:42,612 - INFO - Total Loops: 2
2026-05-07 19:44:42,612 - INFO - Agent Turns (no vote checker): 6
2026-05-07 19:44:42,612 - INFO - Agent Tool Calls: 0
2026-05-07 19:44:42,612 - INFO - Agent Tool Messages: 0
2026-05-07 19:44:42,612 - INFO - Memory Updates: 18
2026-05-07 19:44:42,612 - INFO - Total Messages (no vote checker): 6
2026-05-07 19:44:42,612 - INFO - Input Tokens: 77882
2026-05-07 19:44:42,612 - INFO - Output Tokens: 28266
2026-05-07 19:44:42,612 - INFO - Total Tokens: 106148
2026-05-07 19:44:42,612 - INFO - Final Chosen Candidate: Candidate C
2026-05-07 19:44:42,613 - INFO - Final Decision Method: consensus
2026-05-07 19:44:42,613 - INFO - Final Vote Count: {'Candidate C': 3}
2026-05-07 19:44:42,613 - INFO - Correct Candidate: Candidate C
2026-05-07 19:44:42,613 - INFO - Decision Correct: 1
2026-05-07 19:44:42,613 - INFO - Runtime: 165.93s
2026-05-07 19:44:42,613 - INFO - ======================================================================
