2026-05-09 01:07:25,712 - INFO - Metrics tracker initialized
{"id": 1, "ts": 1778281645.740861, "event": "memory_reset"}
{"id": 2, "ts": 1778281645.7446659, "event": "discussion_order", "round": 1, "order": ["agent_2", "agent_1", "agent_3"]}
2026-05-09 01:07:35,964 - INFO - Tokens - Input: 1785, Output: 1274, Total: 3059
{"id": 3, "ts": 1778281655.9662714, "event": "public_discussion_message", "round": 1, "agent": "agent_2", "message": "Current position: Candidate B\nConfidence/uncertainty: Moderate confidence; some cooperation concerns remain\nReasoning summary:\n- Key evidence used: Candidate B is very conscientious (reliability), handles stress very well (calmness under pressure), is good at assessing weather conditions and has excellent computer skills (technical competence). These cover three core criteria strongly.\n- Evidence from others: No other agents have contributed yet.\n- Alternatives considered: Candidate A (strong technical and leadership but lacks explicit stress handling and is seen as a show\u2011off and not open to new ideas); Candidate C (calm in crisis and quick decision\u2011making, good technical understanding, but poor communication and egocentric); Candidate D (high responsibility, problem\u2011solving, concentration, but known hot temper and know\u2011it\u2011all attitude). Each alternative has a more pronounced cooperation drawback or missing key reliability/technical traits.\n- Main tradeoff: Balancing B\u2019s solid reliability and technical strengths against the negative of making nasty remarks about colleagues, which could harm crew cohesion.\n- Remaining uncertainty: How severe the \u201cnasty remarks\u201d issue is in practice and whether it outweighs B\u2019s strengths compared to the cooperation flaws of the other candidates.\n- What would change my vote: Evidence that Candidate B\u2019s interpersonal behavior is mitigated (e.g., demonstrated teamwork, no incidents) or that another candidate shows fewer cooperation negatives while still meeting reliability, technical, and calmness criteria.\nMETADATA_JSON:\n{\"agent\": \"agent_2\", \"vote\": \"Candidate B\"}"}
2026-05-09 01:07:35,966 - INFO - Agent turns: 1
2026-05-09 01:07:44,332 - INFO - Tokens - Input: 1755, Output: 1175, Total: 2930
2026-05-09 01:07:44,334 - INFO - Memory updates: 1
{"id": 4, "ts": 1778281664.3348148, "event": "memory_updated", "agent": "agent_1", "round": 1}
2026-05-09 01:07:48,068 - INFO - Tokens - Input: 1750, Output: 1510, Total: 3260
2026-05-09 01:07:48,070 - INFO - Memory updates: 2
{"id": 5, "ts": 1778281668.0707817, "event": "memory_updated", "agent": "agent_3", "round": 1}
2026-05-09 01:07:50,486 - INFO - Tokens - Input: 1758, Output: 1591, Total: 3349
2026-05-09 01:07:50,488 - INFO - Memory updates: 3
{"id": 6, "ts": 1778281670.4884899, "event": "memory_updated", "agent": "agent_2", "round": 1}
2026-05-09 01:07:59,143 - INFO - Tokens - Input: 2630, Output: 1159, Total: 3789
{"id": 7, "ts": 1778281679.1451557, "event": "public_discussion_message", "round": 1, "agent": "agent_1", "message": "Current position: Candidate B\nConfidence/uncertainty: Moderate confidence \u2013 strong on core technical, reliability, and calm\u2011under\u2011pressure criteria, but cooperation concerns remain.\nReasoning summary:\n- Key evidence used: Candidate\u202fB is very conscientious (high reliability), handles stress very well (calmness under pressure), is good at assessing weather conditions and has excellent computer skills (technical competence). These address three essential criteria for long\u2011distance pilots.\n- Evidence from others: Agent\u202f2 also supports Candidate\u202fB, citing the same strengths and noting the same cooperation drawbacks (grumpy, uncooperative).\n- Alternatives considered:\n  * Candidate\u202fA \u2013 excellent situational awareness and leadership, but lacks explicit stress\u2011handling evidence and is noted as unorganized and poor at taking criticism, which could affect crew dynamics.\n  * Candidate\u202fC \u2013 100\u202f% reliable and creates a positive crew atmosphere, yet has difficulty communicating ideas, is egocentric, and is not eager to continue education, raising concerns for cockpit communication.\n  * Candidate\u202fD \u2013 strong problem\u2011solving, concentration, and responsibility, but is regarded as arrogant and has weak leadership, both detrimental to long\u2011haul crew cohesion.\n- Main tradeoff: Balancing B\u2019s solid reliability, calmness, and technical skills against the negative impact of being grumpy and uncooperative, which could undermine crew cohesion.\n- Remaining uncertainty: How severe B\u2019s uncooperative behavior is in practice and whether it would materially affect safety and crew morale on long\u2011duration flights.\n- What would change my vote: Concrete evidence that Candidate\u202fB\u2019s interpersonal issues are mitigated (e.g., documented teamwork successes, no incidents of crew conflict) or comparable evidence that another candidate meets reliability, technical, and calmness criteria while showing fewer cooperation drawbacks.\nMETADATA_JSON:\n{\"agent\": \"agent_1\", \"vote\": \"Candidate B\"}"}
2026-05-09 01:07:59,145 - INFO - Agent turns: 2
2026-05-09 01:08:07,015 - INFO - Tokens - Input: 2759, Output: 1076, Total: 3835
2026-05-09 01:08:07,017 - INFO - Memory updates: 4
{"id": 8, "ts": 1778281687.0177498, "event": "memory_updated", "agent": "agent_1", "round": 1}
2026-05-09 01:08:07,291 - INFO - Tokens - Input: 2943, Output: 1094, Total: 4037
2026-05-09 01:08:07,293 - INFO - Memory updates: 5
{"id": 9, "ts": 1778281687.2935767, "event": "memory_updated", "agent": "agent_2", "round": 1}
2026-05-09 01:08:10,211 - INFO - Tokens - Input: 2823, Output: 1574, Total: 4397
2026-05-09 01:08:10,213 - INFO - Memory updates: 6
{"id": 10, "ts": 1778281690.2134829, "event": "memory_updated", "agent": "agent_3", "round": 1}
2026-05-09 01:08:15,735 - INFO - Tokens - Input: 3387, Output: 922, Total: 4309
{"id": 11, "ts": 1778281695.7369285, "event": "public_discussion_message", "round": 1, "agent": "agent_3", "message": "Current position: Candidate B\nConfidence/uncertainty: Moderate confidence \u2013 strong core strengths but notable cooperation concerns remain\nReasoning summary:\n- Key evidence used: Candidate\u202fB is very conscientious (high reliability), handles stress very well (calm under pressure), is good at assessing weather conditions and has excellent computer skills (technical competence). These three criteria are essential for long\u2011distance pilots.\n- Evidence from others: Both Agent\u202f1 and Agent\u202f2 have highlighted the same strengths for B and have reported the same cooperation drawbacks (pretentious, wrong tone, \u201cnasty remarks,\u201d grumpy, uncooperative).\n- Alternatives considered:\n  * Candidate\u202fA \u2013 excellent situational awareness, spatial vision, and leadership, but unfriendly, unhealthy eating habits, and described as unorganized and poor at taking criticism, which threaten crew cohesion and safety.\n  * Candidate\u202fC \u2013 quick decision\u2011making, excellent attention, and a strong concern for others, yet has difficulty communicating ideas, is regarded as egocentric, and is not eager to continue education, all of which could impair cockpit communication.\n  * Candidate\u202fD \u2013 highly responsible, strong problem\u2011solving and concentration, but is moody, considered a loner, and described as arrogant with weak leadership, raising serious teamwork concerns.\n- Main tradeoff: Balancing B\u2019s solid reliability, calmness, and technical competence against its documented interpersonal shortcomings that could undermine crew morale.\n- Remaining uncertainty: How severe and frequent are Candidate\u202fB\u2019s \u201cnasty remarks\u201d and uncooperative behaviors in real crew settings, and whether they have led to any safety\u2011relevant incidents.\n- What would change my vote: Credible evidence that Candidate\u202fB\u2019s interpersonal issues are isolated or have been effectively mitigated (e.g., documented teamwork successes, no recorded crew\u2011conflict incidents), or comparable evidence that another candidate meets reliability, technical, and calmness criteria while exhibiting fewer cooperation drawbacks.\nMETADATA_JSON:\n{\"agent\": \"agent_3\", \"vote\": \"Candidate B\"}"}
2026-05-09 01:08:15,737 - INFO - Agent turns: 3
2026-05-09 01:08:25,116 - INFO - Tokens - Input: 3572, Output: 1426, Total: 4998
2026-05-09 01:08:25,118 - INFO - Memory updates: 7
{"id": 12, "ts": 1778281705.1184213, "event": "memory_updated", "agent": "agent_3", "round": 1}
2026-05-09 01:08:26,214 - INFO - Tokens - Input: 3209, Output: 1419, Total: 4628
2026-05-09 01:08:26,216 - INFO - Memory updates: 8
{"id": 13, "ts": 1778281706.216816, "event": "memory_updated", "agent": "agent_2", "round": 1}
2026-05-09 01:08:27,175 - INFO - Tokens - Input: 3214, Output: 1563, Total: 4777
2026-05-09 01:08:27,177 - INFO - Memory updates: 9
{"id": 14, "ts": 1778281707.178026, "event": "memory_updated", "agent": "agent_1", "round": 1}
2026-05-09 01:08:27,187 - INFO - Loop 1 completed
{"id": 15, "ts": 1778281707.19354, "event": "discussion_order", "round": 2, "order": ["agent_2", "agent_3", "agent_1"]}
2026-05-09 01:08:31,874 - INFO - Tokens - Input: 3648, Output: 657, Total: 4305
{"id": 16, "ts": 1778281711.875708, "event": "public_discussion_message", "round": 2, "agent": "agent_2", "message": "Current position: Candidate B\nConfidence/uncertainty: Moderate confidence \u2013 strengths are clear, but cooperation concerns remain unresolved\nReasoning summary:\n- Key evidence used: Candidate\u202fB is very conscientious (reliability), handles stress very well (calmness under pressure), and possesses strong technical abilities (good weather assessment, excellent computer skills). These three pillars directly address the core requirements for long\u2011distance pilots.\n- Evidence from others: Agents\u202f1 and\u202f3 have echoed the same strengths for B and have highlighted the same cooperation drawbacks (nasty remarks, pretentious tone, grumpiness, uncooperative behavior). No additional positive or negative evidence about B has been introduced.\n- Alternatives considered:\n  * Candidate\u202fA \u2013 excellent situational awareness, spatial vision, and leadership, but is seen as a show\u2011off, not open to new ideas, and has interpersonal negatives (unfriendly, unhealthy habits). Lacks explicit evidence of stress handling.\n  * Candidate\u202fC \u2013 quick decision\u2011making, calm in crisis, strong technical understanding, and creates a positive crew atmosphere, yet suffers from poor communication, egocentric attitude, and limited willingness to continue education.\n  * Candidate\u202fD \u2013 high responsibility, problem\u2011solving, concentration, but is regarded as a know\u2011it\u2011all, has a hot temper, and displays arrogant, loner behavior.\n- Main tradeoff: Whether B\u2019s solid reliability, calmness, and technical competence outweigh the documented interpersonal issues that could jeopardize crew cohesion on long\u2011haul flights.\n- Remaining uncertainty: The actual frequency and safety impact of B\u2019s \u201cnasty remarks\u201d and uncooperative behavior in real crew settings; whether these issues have led to incidents or can be mitigated.\n- What would change my vote: Credible evidence showing that B\u2019s interpersonal drawbacks are isolated, have not resulted in safety\u2011relevant incidents, or that another candidate (e.g., C) can match B\u2019s reliability, calmness, and technical competence while presenting fewer cooperation concerns.\nMETADATA_JSON:\n{\"agent\": \"agent_2\", \"vote\": \"Candidate B\"}"}
2026-05-09 01:08:31,875 - INFO - Agent turns: 4
2026-05-09 01:08:39,577 - INFO - Tokens - Input: 3852, Output: 1006, Total: 4858
2026-05-09 01:08:39,578 - INFO - Memory updates: 10
{"id": 17, "ts": 1778281719.5789433, "event": "memory_updated", "agent": "agent_2", "round": 2}
2026-05-09 01:08:42,879 - INFO - Tokens - Input: 3842, Output: 1500, Total: 5342
2026-05-09 01:08:42,881 - INFO - Memory updates: 11
{"id": 18, "ts": 1778281722.8816648, "event": "memory_updated", "agent": "agent_1", "round": 2}
2026-05-09 01:08:43,930 - INFO - Tokens - Input: 3746, Output: 1645, Total: 5391
2026-05-09 01:08:43,931 - INFO - Memory updates: 12
{"id": 19, "ts": 1778281723.9320846, "event": "memory_updated", "agent": "agent_3", "round": 2}
2026-05-09 01:08:48,067 - INFO - Tokens - Input: 4029, Output: 520, Total: 4549
{"id": 20, "ts": 1778281728.0690627, "event": "public_discussion_message", "round": 2, "agent": "agent_3", "message": "Current position: Candidate B\nConfidence/uncertainty: Moderate \u2013 core reliability, calm\u2011under\u2011pressure, and technical strengths are solid, but cooperation concerns remain unresolved.\nReasoning summary:\n- Key evidence used: Candidate\u202fB is very conscientious (reliability), handles stress very well (calmness under pressure), and possesses strong technical abilities (good weather assessment, excellent computer skills). These address three essential criteria for long\u2011distance pilots.\n- Evidence from others: Agents\u202f1 and\u202f2 have echoed the same strengths for B and have highlighted identical cooperation drawbacks (pretentious attitude, wrong tone, \u201cnasty remarks,\u201d grumpy, uncooperative). No additional positive or negative evidence about B has been introduced.\n- Alternatives considered:\n  * Candidate\u202fA \u2013 excellent situational awareness, spatial vision, and leadership, but unfriendly, unhealthy eating habits, and described as a show\u2011off/unopen to criticism; lacks explicit stress\u2011handling evidence.\n  * Candidate\u202fC \u2013 quick decision\u2011making, excellent attention, and strong concern for others (crew\u2011fit), yet difficulty communicating ideas, egocentric reputation, and low willingness for further education.\n  * Candidate\u202fD \u2013 high responsibility, problem\u2011solving, concentration, and adequate response to unexpected events, but moody, regarded as a loner, and perceived as arrogant/know\u2011it\u2011all.\n- Main tradeoff: Whether B\u2019s strong reliability, calmness, and technical competence outweigh the documented interpersonal issues that could undermine crew cohesion on long\u2011haul flights.\n- Remaining uncertainty: The frequency and safety impact of B\u2019s \u201cnasty remarks\u201d and uncooperative behavior in real crew settings; whether these issues have led to any incidents or can be mitigated.\n- What would change my vote: Credible evidence that B\u2019s interpersonal drawbacks are isolated (e.g., documented teamwork successes, no recorded crew\u2011conflict incidents) or evidence that another candidate (especially C) can match B\u2019s reliability, calmness, and technical competence while presenting fewer cooperation concerns.\nMETADATA_JSON:\n{\"agent\": \"agent_3\", \"vote\": \"Candidate B\"}"}
2026-05-09 01:08:48,069 - INFO - Agent turns: 5
2026-05-09 01:08:55,094 - INFO - Tokens - Input: 4252, Output: 953, Total: 5205
2026-05-09 01:08:55,095 - INFO - Memory updates: 13
{"id": 21, "ts": 1778281735.0961127, "event": "memory_updated", "agent": "agent_3", "round": 2}
2026-05-09 01:08:55,406 - INFO - Tokens - Input: 4007, Output: 1018, Total: 5025
2026-05-09 01:08:55,408 - INFO - Memory updates: 14
{"id": 22, "ts": 1778281735.408231, "event": "memory_updated", "agent": "agent_2", "round": 2}
2026-05-09 01:09:00,340 - INFO - Tokens - Input: 4229, Output: 1416, Total: 5645
2026-05-09 01:09:00,342 - INFO - Memory updates: 15
{"id": 23, "ts": 1778281740.3425202, "event": "memory_updated", "agent": "agent_1", "round": 2}
2026-05-09 01:09:10,243 - INFO - Tokens - Input: 4470, Output: 1253, Total: 5723
{"id": 24, "ts": 1778281750.2461078, "event": "public_discussion_message", "round": 2, "agent": "agent_1", "message": "Current position: Candidate B\nConfidence/uncertainty: Moderate \u2013 strong on core reliability, calm\u2011under\u2011pressure, and technical competence, but interpersonal drawbacks remain a safety concern.\nReasoning summary:\n- Key evidence used: Candidate\u202fB is very conscientious (high reliability), handles stress very well (calmness under pressure), assesses weather conditions accurately, and has excellent computer skills (technical competence). These directly satisfy three essential criteria for long\u2011distance pilots.\n- Evidence from others: Agents\u202f2 and\u202f3 echoed the same strengths for B and reiterated the same cooperation negatives \u2013 grumpy, uncooperative, pretentious tone, and \u201cnasty remarks\u201d toward crew. No new positive or negative facts about other candidates have been introduced.\n- Alternatives considered:\n  * Candidate\u202fA \u2013 excellent situational awareness, spatial vision, and leadership, but lacks explicit stress\u2011handling evidence and shows multiple cooperation drawbacks (unfriendly, unorganized, resistant to criticism, \u201cshow\u2011off\u201d).\n  * Candidate\u202fC \u2013 100\u202f% reliable and creates a positive crew atmosphere, yet has difficulty communicating ideas, is regarded as egocentric, and shows little willingness for further education; technical competence and calm\u2011under\u2011pressure evidence are absent.\n  * Candidate\u202fD \u2013 strong problem\u2011solving, concentration, and responsibility, but is seen as arrogant, has weak leadership, and exhibits moody, loner behavior; reliability and technical competence are not demonstrated.\n- Main tradeoff: Whether B\u2019s solid reliability, calmness, and technical skills outweigh the documented interpersonal issues that could impair crew cohesion.\n- Remaining uncertainty: The frequency and safety impact of B\u2019s \u201cnasty remarks\u201d and uncooperative behavior in real crew settings \u2013 have they ever contributed to incidents or could they be mitigated?\n- What would change my vote: Credible evidence that B\u2019s interpersonal drawbacks are isolated (e.g., documented teamwork successes, no recorded crew\u2011conflict incidents) or comparable evidence that another candidate (especially C) matches B\u2019s reliability, calmness, and technical competence while presenting fewer cooperation concerns.\nMETADATA_JSON:\n{\"agent\": \"agent_1\", \"vote\": \"Candidate B\"}"}
2026-05-09 01:09:10,246 - INFO - Agent turns: 6
2026-05-09 01:09:18,234 - INFO - Tokens - Input: 4522, Output: 1142, Total: 5664
2026-05-09 01:09:18,235 - INFO - Memory updates: 16
{"id": 25, "ts": 1778281758.2358172, "event": "memory_updated", "agent": "agent_3", "round": 2}
2026-05-09 01:09:19,347 - INFO - Tokens - Input: 4399, Output: 1236, Total: 5635
2026-05-09 01:09:19,349 - INFO - Memory updates: 17
{"id": 26, "ts": 1778281759.3493526, "event": "memory_updated", "agent": "agent_2", "round": 2}
2026-05-09 01:09:22,726 - INFO - Tokens - Input: 4719, Output: 1394, Total: 6113
2026-05-09 01:09:22,728 - INFO - Memory updates: 18
{"id": 27, "ts": 1778281762.7290707, "event": "memory_updated", "agent": "agent_1", "round": 2}
2026-05-09 01:09:22,738 - INFO - Loop 2 completed
2026-05-09 01:09:22,738 - INFO - Final Chosen Candidate: Candidate B
2026-05-09 01:09:22,738 - INFO - Final Decision Method: consensus
2026-05-09 01:09:22,738 - INFO - Final Vote Count: {'Candidate B': 3}
2026-05-09 01:09:22,738 - INFO - Correct Candidate: Candidate C
2026-05-09 01:09:22,739 - INFO - Decision Correct: 0
{"id": 28, "ts": 1778281763.0482445, "event": "context_consistency_calculated", "method": "embedding_cosine", "mean_pairwise_similarity": 0.809745, "pairwise": [{"agent_a": "agent_1", "agent_b": "agent_2", "similarity": 0.792595}, {"agent_a": "agent_1", "agent_b": "agent_3", "similarity": 0.755518}, {"agent_a": "agent_2", "agent_b": "agent_3", "similarity": 0.881123}]}
{"id": 29, "ts": 1778281763.0483673, "event": "gold_standard_alignment_calculated", "method": "rule_based_binary_checks", "mean_alignment": 0.125, "by_agent": [{"agent": "agent_1", "score": 0.125, "checks": {"favorite_is_c": 0, "c_reliability": 0, "c_calmness": 0, "c_attention": 0, "c_crew_fit": 0, "a_risks": 0, "b_risks": 1, "d_risks": 0}}, {"agent": "agent_2", "score": 0.125, "checks": {"favorite_is_c": 0, "c_reliability": 0, "c_calmness": 0, "c_attention": 0, "c_crew_fit": 0, "a_risks": 0, "b_risks": 1, "d_risks": 0}}, {"agent": "agent_3", "score": 0.125, "checks": {"favorite_is_c": 0, "c_reliability": 0, "c_calmness": 0, "c_attention": 0, "c_crew_fit": 0, "a_risks": 0, "b_risks": 1, "d_risks": 0}}]}
{"id": 30, "ts": 1778281763.0484667, "event": "agent_memories_archived", "directory": "/home/lhegemann/git/bachelor_thesis/01_data/raw/simulations/high/high_treatment_20260508_195017_027/shared_mental_models", "round": 2}
{"id": 31, "ts": 1778281763.0485237, "event": "final_decision", "candidate": "Candidate B", "method": "consensus", "vote_count": {"Candidate B": 3}, "correct_candidate": "Candidate C", "decision_correct": 0, "round": 2}
2026-05-09 01:09:23,057 - INFO - ======================================================================
2026-05-09 01:09:23,057 - INFO - SIMULATION METRICS
2026-05-09 01:09:23,057 - INFO - ======================================================================
2026-05-09 01:09:23,057 - INFO - Total Loops: 2
2026-05-09 01:09:23,057 - INFO - Agent Turns (no vote checker): 6
2026-05-09 01:09:23,057 - INFO - Agent Tool Calls: 0
2026-05-09 01:09:23,057 - INFO - Agent Tool Messages: 0
2026-05-09 01:09:23,057 - INFO - Memory Updates: 18
2026-05-09 01:09:23,057 - INFO - Total Messages (no vote checker): 6
2026-05-09 01:09:23,058 - INFO - Input Tokens: 81300
2026-05-09 01:09:23,058 - INFO - Output Tokens: 29523
2026-05-09 01:09:23,058 - INFO - Total Tokens: 110823
2026-05-09 01:09:23,058 - INFO - Final Chosen Candidate: Candidate B
2026-05-09 01:09:23,058 - INFO - Final Decision Method: consensus
2026-05-09 01:09:23,058 - INFO - Final Vote Count: {'Candidate B': 3}
2026-05-09 01:09:23,058 - INFO - Correct Candidate: Candidate C
2026-05-09 01:09:23,058 - INFO - Decision Correct: 0
2026-05-09 01:09:23,058 - INFO - Runtime: 117.34s
2026-05-09 01:09:23,058 - INFO - ======================================================================
