2026-05-10 04:53:25,785 - INFO - Metrics tracker initialized
{"id": 1, "ts": 1778381605.8108673, "event": "memory_reset"}
{"id": 2, "ts": 1778381605.8158157, "event": "discussion_order", "round": 1, "order": ["agent_2", "agent_1", "agent_3"]}
2026-05-10 04:53:34,478 - INFO - Tokens - Input: 1395, Output: 520, Total: 1915
{"id": 3, "ts": 1778381614.480565, "event": "public_discussion_message", "round": 1, "agent": "agent_2", "message": "I prefer Candidate B; however, he makes nasty remarks about his colleagues.\nMETADATA_JSON:\n{\"agent\": \"agent_2\", \"vote\": \"Candidate B\"}"}
2026-05-10 04:53:34,480 - INFO - Agent turns: 1
2026-05-10 04:53:40,459 - INFO - Tokens - Input: 1459, Output: 628, Total: 2087
{"id": 4, "ts": 1778381620.4613352, "event": "public_discussion_message", "round": 1, "agent": "agent_1", "message": "I prefer Candidate A; however, they are sometimes not good at taking criticism.\nMETADATA_JSON:\n{\"agent\": \"agent_1\", \"vote\": \"Candidate A\"}"}
2026-05-10 04:53:40,461 - INFO - Agent turns: 2
2026-05-10 04:53:47,034 - INFO - Tokens - Input: 1499, Output: 729, Total: 2228
{"id": 5, "ts": 1778381627.0360804, "event": "public_discussion_message", "round": 1, "agent": "agent_3", "message": "I prefer Candidate D; they solve problems extremely well.\nMETADATA_JSON:\n{\"agent\": \"agent_3\", \"vote\": \"Candidate D\"}"}
2026-05-10 04:53:47,036 - INFO - Agent turns: 3
2026-05-10 04:53:47,045 - INFO - Loop 1 completed
{"id": 6, "ts": 1778381627.0510736, "event": "discussion_order", "round": 2, "order": ["agent_1", "agent_2", "agent_3"]}
2026-05-10 04:53:52,947 - INFO - Tokens - Input: 1538, Output: 721, Total: 2259
{"id": 7, "ts": 1778381632.9488423, "event": "public_discussion_message", "round": 2, "agent": "agent_1", "message": "I prefer Candidate D; they solve problems extremely well.\nMETADATA_JSON:\n{\"agent\": \"agent_1\", \"vote\": \"Candidate D\"}"}
2026-05-10 04:53:52,949 - INFO - Agent turns: 4
2026-05-10 04:54:02,828 - INFO - Tokens - Input: 1580, Output: 1071, Total: 2651
{"id": 8, "ts": 1778381642.8301406, "event": "public_discussion_message", "round": 2, "agent": "agent_2", "message": "I prefer Candidate D; hot temper.\nMETADATA_JSON:\n{\"agent\": \"agent_2\", \"vote\": \"Candidate D\"}"}
2026-05-10 04:54:02,830 - INFO - Agent turns: 5
2026-05-10 04:54:09,394 - INFO - Tokens - Input: 1605, Output: 705, Total: 2310
{"id": 9, "ts": 1778381649.3963418, "event": "public_discussion_message", "round": 2, "agent": "agent_3", "message": "I prefer Candidate B; handles stress very well.\nMETADATA_JSON:\n{\"agent\": \"agent_3\", \"vote\": \"Candidate B\"}"}
2026-05-10 04:54:09,396 - INFO - Agent turns: 6
2026-05-10 04:54:09,406 - INFO - Loop 2 completed
{"id": 10, "ts": 1778381649.4125006, "event": "discussion_order", "round": 3, "order": ["agent_1", "agent_3", "agent_2"]}
2026-05-10 04:54:13,334 - INFO - Tokens - Input: 1644, Output: 468, Total: 2112
{"id": 11, "ts": 1778381653.335308, "event": "public_discussion_message", "round": 3, "agent": "agent_1", "message": "I prefer Candidate A; excellent spatial vision.\nMETADATA_JSON:\n{\"agent\": \"agent_1\", \"vote\": \"Candidate A\"}"}
2026-05-10 04:54:13,335 - INFO - Agent turns: 7
2026-05-10 04:54:24,000 - INFO - Tokens - Input: 1681, Output: 1291, Total: 2972
{"id": 12, "ts": 1778381664.0015357, "event": "public_discussion_message", "round": 3, "agent": "agent_3", "message": "I prefer Candidate D; takes responsibility seriously.\nMETADATA_JSON:\n{\"agent\": \"agent_3\", \"vote\": \"Candidate D\"}"}
2026-05-10 04:54:24,001 - INFO - Agent turns: 8
2026-05-10 04:54:34,809 - INFO - Tokens - Input: 1726, Output: 934, Total: 2660
{"id": 13, "ts": 1778381674.8104823, "event": "public_discussion_message", "round": 3, "agent": "agent_2", "message": "I prefer Candidate D; hot temper.\nMETADATA_JSON:\n{\"agent\": \"agent_2\", \"vote\": \"Candidate D\"}"}
2026-05-10 04:54:34,810 - INFO - Agent turns: 9
2026-05-10 04:54:34,819 - INFO - Loop 3 completed
{"id": 14, "ts": 1778381674.8245907, "event": "discussion_order", "round": 4, "order": ["agent_1", "agent_2", "agent_3"]}
2026-05-10 04:54:40,552 - INFO - Tokens - Input: 1754, Output: 713, Total: 2467
{"id": 15, "ts": 1778381680.5540152, "event": "public_discussion_message", "round": 4, "agent": "agent_1", "message": "I prefer Candidate A; excellent spatial vision.\nMETADATA_JSON:\n{\"agent\": \"agent_1\", \"vote\": \"Candidate A\"}"}
2026-05-10 04:54:40,554 - INFO - Agent turns: 10
2026-05-10 04:54:48,956 - INFO - Tokens - Input: 1799, Output: 1036, Total: 2835
{"id": 16, "ts": 1778381688.9576027, "event": "public_discussion_message", "round": 4, "agent": "agent_2", "message": "I prefer Candidate A; regarded as a show\u2011off.\nMETADATA_JSON:\n{\"agent\": \"agent_2\", \"vote\": \"Candidate A\"}"}
2026-05-10 04:54:48,957 - INFO - Agent turns: 11
2026-05-10 04:55:00,142 - INFO - Tokens - Input: 1834, Output: 756, Total: 2590
{"id": 17, "ts": 1778381700.1433508, "event": "public_discussion_message", "round": 4, "agent": "agent_3", "message": "I prefer Candidate B; handles stress very well.\nMETADATA_JSON:\n{\"agent\": \"agent_3\", \"vote\": \"Candidate B\"}"}
2026-05-10 04:55:00,143 - INFO - Agent turns: 12
2026-05-10 04:55:00,152 - INFO - Loop 4 completed
{"id": 18, "ts": 1778381700.1582162, "event": "discussion_order", "round": 5, "order": ["agent_3", "agent_2", "agent_1"]}
2026-05-10 04:55:09,007 - INFO - Tokens - Input: 1864, Output: 909, Total: 2773
{"id": 19, "ts": 1778381709.0090601, "event": "public_discussion_message", "round": 5, "agent": "agent_3", "message": "I prefer Candidate D; they are considered moody.\nMETADATA_JSON:\n{\"agent\": \"agent_3\", \"vote\": \"Candidate D\"}"}
2026-05-10 04:55:09,009 - INFO - Agent turns: 13
2026-05-10 04:55:18,731 - INFO - Tokens - Input: 1918, Output: 825, Total: 2743
{"id": 20, "ts": 1778381718.7330284, "event": "public_discussion_message", "round": 5, "agent": "agent_2", "message": "I prefer Candidate B; makes nasty remarks about colleagues.\nMETADATA_JSON:\n{\"agent\": \"agent_2\", \"vote\": \"Candidate B\"}"}
2026-05-10 04:55:18,733 - INFO - Agent turns: 14
2026-05-10 04:55:29,517 - INFO - Tokens - Input: 1954, Output: 715, Total: 2669
{"id": 21, "ts": 1778381729.5191722, "event": "public_discussion_message", "round": 5, "agent": "agent_1", "message": "I prefer Candidate C; known to be 100% reliable.\nMETADATA_JSON:\n{\"agent\": \"agent_1\", \"vote\": \"Candidate C\"}"}
2026-05-10 04:55:29,519 - INFO - Agent turns: 15
2026-05-10 04:55:29,528 - INFO - Loop 5 completed
2026-05-10 04:55:29,528 - INFO - Final Chosen Candidate: None
2026-05-10 04:55:29,528 - INFO - Final Decision Method: max_round_no_majority
2026-05-10 04:55:29,528 - INFO - Final Vote Count: {'Candidate C': 1, 'Candidate B': 1, 'Candidate D': 1}
2026-05-10 04:55:29,528 - INFO - Correct Candidate: Candidate C
2026-05-10 04:55:29,528 - INFO - Decision Correct: 0
{"id": 22, "ts": 1778381729.5305681, "event": "context_consistency_not_applicable", "reason": "explicit_smm_memory_disabled"}
{"id": 23, "ts": 1778381729.5307195, "event": "final_decision", "candidate": null, "method": "max_round_no_majority", "vote_count": {"Candidate C": 1, "Candidate B": 1, "Candidate D": 1}, "correct_candidate": "Candidate C", "decision_correct": 0, "round": 5}
2026-05-10 04:55:29,539 - INFO - ======================================================================
2026-05-10 04:55:29,539 - INFO - SIMULATION METRICS
2026-05-10 04:55:29,539 - INFO - ======================================================================
2026-05-10 04:55:29,539 - INFO - Total Loops: 5
2026-05-10 04:55:29,539 - INFO - Agent Turns (no vote checker): 15
2026-05-10 04:55:29,540 - INFO - Agent Tool Calls: 0
2026-05-10 04:55:29,540 - INFO - Agent Tool Messages: 0
2026-05-10 04:55:29,540 - INFO - Memory Updates: 0
2026-05-10 04:55:29,540 - INFO - Total Messages (no vote checker): 15
2026-05-10 04:55:29,540 - INFO - Input Tokens: 25250
2026-05-10 04:55:29,540 - INFO - Output Tokens: 12021
2026-05-10 04:55:29,540 - INFO - Total Tokens: 37271
2026-05-10 04:55:29,540 - INFO - Final Chosen Candidate: None
2026-05-10 04:55:29,540 - INFO - Final Decision Method: max_round_no_majority
2026-05-10 04:55:29,540 - INFO - Final Vote Count: {'Candidate C': 1, 'Candidate B': 1, 'Candidate D': 1}
2026-05-10 04:55:29,540 - INFO - Correct Candidate: Candidate C
2026-05-10 04:55:29,540 - INFO - Decision Correct: 0
2026-05-10 04:55:29,541 - INFO - Runtime: 123.75s
2026-05-10 04:55:29,541 - INFO - ======================================================================
