2026-05-10 05:36:33,661 - INFO - Metrics tracker initialized
{"id": 1, "ts": 1778384193.6878483, "event": "memory_reset"}
{"id": 2, "ts": 1778384193.691993, "event": "discussion_order", "round": 1, "order": ["agent_3", "agent_2", "agent_1"]}
2026-05-10 05:36:46,623 - INFO - Tokens - Input: 1414, Output: 632, Total: 2046
{"id": 3, "ts": 1778384206.6249459, "event": "public_discussion_message", "round": 1, "agent": "agent_3", "message": "I tentatively favor **Candidate\u202fB**. Their strong conscientiousness and ability to handle stress suggest high reliability and calmness under pressure, while their skill in assessing weather conditions and excellent computer abilities support the technical competence needed for long\u2011distance flights. The main uncertainty is their reported pretentiousness and occasional wrong tone, which could hinder crew cooperation and a positive cockpit atmosphere.\nMETADATA_JSON:\n{\"agent\": \"agent_3\", \"vote\": \"Candidate B\"}"}
2026-05-10 05:36:46,625 - INFO - Agent turns: 1
2026-05-10 05:36:52,607 - INFO - Tokens - Input: 1609, Output: 706, Total: 2315
{"id": 4, "ts": 1778384212.6091013, "event": "public_discussion_message", "round": 1, "agent": "agent_2", "message": "I currently favor **Candidate\u202fA**. Their ability to anticipate dangerous situations, see complex connections, and excellent spatial vision give strong technical competence and situational awareness crucial for long\u2011distance flights, while their very good leadership qualities support crew coordination and responsibility. The main trade\u2011off is that A is regarded as a show\u2011off and not open to new ideas, which could hinder adaptability and crew harmony in a dynamic cockpit environment.\nMETADATA_JSON:\n{\"agent\": \"agent_2\", \"vote\": \"Candidate A\"}"}
2026-05-10 05:36:52,609 - INFO - Agent turns: 2
2026-05-10 05:36:58,686 - INFO - Tokens - Input: 1731, Output: 817, Total: 2548
{"id": 5, "ts": 1778384218.6883192, "event": "public_discussion_message", "round": 1, "agent": "agent_1", "message": "I currently favor **Candidate\u202fB**. Their strong conscientiousness and ability to handle stress indicate high reliability and calmness under pressure, which are essential for long\u2011distance flights. Additionally, their skill in assessing weather conditions and excellent computer abilities provide solid technical competence for navigating complex, extended routes. The main trade\u2011off is their tendency to be grumpy and uncooperative, which could undermine crew cooperation and cockpit harmony.\nMETADATA_JSON:\n{\"agent\": \"agent_1\", \"vote\": \"Candidate B\"}"}
2026-05-10 05:36:58,688 - INFO - Agent turns: 3
2026-05-10 05:36:58,697 - INFO - Loop 1 completed
{"id": 6, "ts": 1778384218.7033033, "event": "discussion_order", "round": 2, "order": ["agent_2", "agent_1", "agent_3"]}
2026-05-10 05:37:10,892 - INFO - Tokens - Input: 1765, Output: 831, Total: 2596
{"id": 7, "ts": 1778384230.8935587, "event": "public_discussion_message", "round": 2, "agent": "agent_2", "message": "I continue to favor **Candidate\u202fB**. Their very conscientious nature and strong ability to handle stress give them high reliability and calmness under pressure, while their skill in assessing weather conditions and excellent computer abilities provide solid technical competence for long\u2011distance routes. The main uncertainty is their tendency to make nasty remarks about colleagues, which could undermine crew cooperation and cockpit harmony.\nMETADATA_JSON:\n{\"agent\": \"agent_2\", \"vote\": \"Candidate B\"}"}
2026-05-10 05:37:10,893 - INFO - Agent turns: 4
2026-05-10 05:37:20,111 - INFO - Tokens - Input: 1932, Output: 910, Total: 2842
{"id": 8, "ts": 1778384240.1120741, "event": "public_discussion_message", "round": 2, "agent": "agent_1", "message": "I now favor **Candidate\u202fA**. Their ability to anticipate dangerous situations, see complex connections, and excellent spatial vision give them strong technical competence and situational awareness essential for long\u2011distance flights, while their very good leadership qualities support crew coordination and responsibility. The main trade\u2011off is that A can be unorganized and is sometimes not good at taking criticism, which could pose challenges for cooperation and adaptability in the cockpit.\nMETADATA_JSON:\n{\"agent\": \"agent_1\", \"vote\": \"Candidate A\"}"}
2026-05-10 05:37:20,112 - INFO - Agent turns: 5
2026-05-10 05:37:33,468 - INFO - Tokens - Input: 2052, Output: 1179, Total: 3231
{"id": 9, "ts": 1778384253.4704278, "event": "public_discussion_message", "round": 2, "agent": "agent_3", "message": "I continue to favor **Candidate\u202fB**. Their strong conscientiousness and ability to handle stress give high reliability and calmness under pressure, which are essential for long\u2011distance flights, and their skill in assessing weather conditions and excellent computer abilities provide solid technical competence for complex route planning. The main trade\u2011off is their tendency toward pretentiousness and occasionally using the wrong tone, which could undermine crew cooperation and cockpit harmony.\nMETADATA_JSON:\n{\"agent\": \"agent_3\", \"vote\": \"Candidate B\"}"}
2026-05-10 05:37:33,470 - INFO - Agent turns: 6
2026-05-10 05:37:33,480 - INFO - Loop 2 completed
{"id": 10, "ts": 1778384253.486573, "event": "discussion_order", "round": 3, "order": ["agent_2", "agent_1", "agent_3"]}
2026-05-10 05:38:18,435 - INFO - Tokens - Input: 2092, Output: 912, Total: 3004
{"id": 11, "ts": 1778384298.4368577, "event": "public_discussion_message", "round": 3, "agent": "agent_2", "message": "I continue to favor **Candidate\u202fB**. Their strong conscientiousness and ability to handle stress give high reliability and calmness under pressure, while their skill in assessing weather conditions and excellent computer abilities provide solid technical competence for long\u2011distance routes. The main trade\u2011off is their tendency to make nasty remarks about colleagues (and a pretentious tone) plus a weak memory for numbers, which could undermine crew cooperation and accuracy in calculations.\nMETADATA_JSON:\n{\"agent\": \"agent_2\", \"vote\": \"Candidate B\"}"}
2026-05-10 05:38:18,437 - INFO - Agent turns: 7
2026-05-10 05:38:24,329 - INFO - Tokens - Input: 2287, Output: 750, Total: 3037
{"id": 12, "ts": 1778384304.3306553, "event": "public_discussion_message", "round": 3, "agent": "agent_1", "message": "I favor **Candidate\u202fA**. Their ability to anticipate dangerous situations, see complex connections, and excellent spatial vision give them strong technical competence and situational awareness essential for long\u2011distance flights, while their very good leadership qualities support crew coordination and responsibility. The main trade\u2011off is that A can be unorganized and is sometimes not good at taking criticism, which could hinder adaptability and cooperation in the cockpit.\nMETADATA_JSON:\n{\"agent\": \"agent_1\", \"vote\": \"Candidate A\"}"}
2026-05-10 05:38:24,330 - INFO - Agent turns: 8
2026-05-10 05:38:31,738 - INFO - Tokens - Input: 2387, Output: 826, Total: 3213
{"id": 13, "ts": 1778384311.740052, "event": "public_discussion_message", "round": 3, "agent": "agent_3", "message": "I now favor **Candidate\u202fD**. Their excellent problem\u2011solving ability and strong concentration support the technical competence and attention needed for long\u2011distance navigation, while their capacity to respond adequately to unexpected events shows calmness under pressure, and taking responsibility seriously indicates high reliability. The main trade\u2011off is that D is regarded as moody and a loner, which could hinder crew cooperation and cockpit harmony.\nMETADATA_JSON:\n{\"agent\": \"agent_3\", \"vote\": \"Candidate D\"}"}
2026-05-10 05:38:31,740 - INFO - Agent turns: 9
2026-05-10 05:38:31,749 - INFO - Loop 3 completed
{"id": 14, "ts": 1778384311.7555044, "event": "discussion_order", "round": 4, "order": ["agent_3", "agent_1", "agent_2"]}
2026-05-10 05:38:41,380 - INFO - Tokens - Input: 2426, Output: 1099, Total: 3525
{"id": 15, "ts": 1778384321.3820453, "event": "public_discussion_message", "round": 4, "agent": "agent_3", "message": "I currently favor **Candidate\u202fB**. Their very conscientious nature and ability to handle stress give strong reliability and calmness under pressure, while their skill in assessing weather conditions and excellent computer abilities provide solid technical competence for long\u2011distance navigation. The main trade\u2011off is their pretentiousness and occasional wrong tone, which could undermine crew cooperation and cockpit harmony.\nMETADATA_JSON:\n{\"agent\": \"agent_3\", \"vote\": \"Candidate B\"}"}
2026-05-10 05:38:41,382 - INFO - Agent turns: 10
2026-05-10 05:38:50,056 - INFO - Tokens - Input: 2592, Output: 994, Total: 3586
{"id": 16, "ts": 1778384330.058133, "event": "public_discussion_message", "round": 4, "agent": "agent_1", "message": "I continue to favor **Candidate\u202fA**. Their ability to anticipate dangerous situations, see complex connections, and excellent spatial vision give strong technical competence and situational awareness essential for long\u2011distance flights, while their very good leadership qualities support crew coordination and responsibility. The main trade\u2011off is that A can be unorganized and is sometimes not good at taking criticism, which could hinder adaptability and cooperation in the cockpit.\nMETADATA_JSON:\n{\"agent\": \"agent_1\", \"vote\": \"Candidate A\"}"}
2026-05-10 05:38:50,058 - INFO - Agent turns: 11
2026-05-10 05:39:01,981 - INFO - Tokens - Input: 2717, Output: 1039, Total: 3756
{"id": 17, "ts": 1778384341.9835255, "event": "public_discussion_message", "round": 4, "agent": "agent_2", "message": "I continue to favor **Candidate\u202fB**. Their very conscientious nature and strong ability to handle stress give them high reliability and calmness under pressure, which are essential for long\u2011distance operations, and their skill in assessing weather conditions together with excellent computer abilities provide solid technical competence for complex route planning. The main trade\u2011off is their tendency to make nasty remarks about colleagues and adopt a pretentious tone, which could undermine crew cooperation and cockpit harmony.\nMETADATA_JSON:\n{\"agent\": \"agent_2\", \"vote\": \"Candidate B\"}"}
2026-05-10 05:39:01,983 - INFO - Agent turns: 12
2026-05-10 05:39:01,993 - INFO - Loop 4 completed
{"id": 18, "ts": 1778384341.9998744, "event": "discussion_order", "round": 5, "order": ["agent_1", "agent_3", "agent_2"]}
2026-05-10 05:39:10,377 - INFO - Tokens - Input: 2753, Output: 624, Total: 3377
{"id": 19, "ts": 1778384350.3792746, "event": "public_discussion_message", "round": 5, "agent": "agent_1", "message": "I continue to favor **Candidate\u202fA**. Their ability to anticipate dangerous situations, see complex connections, and excellent spatial vision give them strong technical competence and situational awareness essential for long\u2011distance flights, while their very good leadership qualities support crew coordination and responsibility. The main trade\u2011off is that A can be unorganized and is sometimes not good at taking criticism, which could hinder adaptability and cooperation in the cockpit.\nMETADATA_JSON:\n{\"agent\": \"agent_1\", \"vote\": \"Candidate A\"}"}
2026-05-10 05:39:10,379 - INFO - Agent turns: 13
2026-05-10 05:39:18,651 - INFO - Tokens - Input: 2940, Output: 953, Total: 3893
{"id": 20, "ts": 1778384358.652989, "event": "public_discussion_message", "round": 5, "agent": "agent_3", "message": "I currently favor **Candidate\u202fB**. Their very conscientious nature gives strong reliability, and their ability to handle stress shows they can stay calm under the pressures of long\u2011distance flights. These traits are essential for safe, consistent operations. The main trade\u2011off is their pretentious attitude and occasional wrong tone, which could undermine crew cooperation and cockpit harmony.\nMETADATA_JSON:\n{\"agent\": \"agent_3\", \"vote\": \"Candidate B\"}"}
2026-05-10 05:39:18,653 - INFO - Agent turns: 14
2026-05-10 05:39:28,757 - INFO - Tokens - Input: 3034, Output: 1011, Total: 4045
{"id": 21, "ts": 1778384368.7590604, "event": "public_discussion_message", "round": 5, "agent": "agent_2", "message": "I now favor **Candidate\u202fA**. Their ability to anticipate dangerous situations and excellent spatial vision give strong technical competence and situational awareness essential for long\u2011distance flights, while their very good leadership qualities support crew coordination and responsibility. The main trade\u2011off is that A is regarded as a show\u2011off and not open to new ideas, which could hinder cooperation and adaptability in the cockpit.\nMETADATA_JSON:\n{\"agent\": \"agent_2\", \"vote\": \"Candidate A\"}"}
2026-05-10 05:39:28,759 - INFO - Agent turns: 15
2026-05-10 05:39:28,769 - INFO - Loop 5 completed
2026-05-10 05:39:28,769 - INFO - Final Chosen Candidate: Candidate A
2026-05-10 05:39:28,770 - INFO - Final Decision Method: max_round_majority_vote
2026-05-10 05:39:28,770 - INFO - Final Vote Count: {'Candidate A': 2, 'Candidate B': 1}
2026-05-10 05:39:28,770 - INFO - Correct Candidate: Candidate C
2026-05-10 05:39:28,770 - INFO - Decision Correct: 0
{"id": 22, "ts": 1778384368.771618, "event": "context_consistency_not_applicable", "reason": "explicit_smm_memory_disabled"}
{"id": 23, "ts": 1778384368.7717686, "event": "final_decision", "candidate": "Candidate A", "method": "max_round_majority_vote", "vote_count": {"Candidate A": 2, "Candidate B": 1}, "correct_candidate": "Candidate C", "decision_correct": 0, "round": 5}
2026-05-10 05:39:28,779 - INFO - ======================================================================
2026-05-10 05:39:28,779 - INFO - SIMULATION METRICS
2026-05-10 05:39:28,779 - INFO - ======================================================================
2026-05-10 05:39:28,779 - INFO - Total Loops: 5
2026-05-10 05:39:28,779 - INFO - Agent Turns (no vote checker): 15
2026-05-10 05:39:28,779 - INFO - Agent Tool Calls: 0
2026-05-10 05:39:28,779 - INFO - Agent Tool Messages: 0
2026-05-10 05:39:28,779 - INFO - Memory Updates: 0
2026-05-10 05:39:28,779 - INFO - Total Messages (no vote checker): 15
2026-05-10 05:39:28,779 - INFO - Input Tokens: 33731
2026-05-10 05:39:28,779 - INFO - Output Tokens: 13283
2026-05-10 05:39:28,779 - INFO - Total Tokens: 47014
2026-05-10 05:39:28,779 - INFO - Final Chosen Candidate: Candidate A
2026-05-10 05:39:28,779 - INFO - Final Decision Method: max_round_majority_vote
2026-05-10 05:39:28,780 - INFO - Final Vote Count: {'Candidate A': 2, 'Candidate B': 1}
2026-05-10 05:39:28,780 - INFO - Correct Candidate: Candidate C
2026-05-10 05:39:28,780 - INFO - Decision Correct: 0
2026-05-10 05:39:28,780 - INFO - Runtime: 175.12s
2026-05-10 05:39:28,780 - INFO - ======================================================================
