2026-05-06 21:49:02,261 - INFO - Metrics tracker initialized
{"id": 1, "ts": 1778096942.289404, "event": "memory_reset"}
{"id": 2, "ts": 1778096942.2927172, "event": "discussion_order", "round": 1, "order": ["agent_2", "agent_1", "agent_3"]}
2026-05-06 21:49:11,652 - INFO - Tokens - Input: 1785, Output: 1350, Total: 3135
{"id": 3, "ts": 1778096951.6545177, "event": "public_discussion_message", "round": 1, "agent": "agent_2", "message": "Current position: Candidate B\nConfidence/uncertainty: Moderate confidence; the cooperation drawback creates notable uncertainty\nReasoning summary:\n- Key evidence used: Candidate B is very conscientious (reliability), handles stress well (calmness under pressure), is good at assessing weather conditions and has excellent computer skills (technical competence). These three pillars align closely with the core requirements for a long\u2011distance pilot.\n- Evidence from others: No other agents have contributed yet, so no external evidence is available at this stage.\n- Alternatives considered:\n  * Candidate A \u2013 strong technical vision and leadership but marked as a show\u2011off and not open to new ideas, indicating cooperation concerns and lacking explicit calmness evidence.\n  * Candidate C \u2013 stays calm in crises and understands complex technology, yet has communication difficulties, is egocentric, and shows little willingness to continue education, all serious cooperation drawbacks.\n  * Candidate D \u2013 takes responsibility seriously and solves problems extremely well, but is regarded as a know\u2011it\u2011all and has a hot temper, both strong cooperation negatives.\n- Main tradeoff: Balancing Candidate B\u2019s solid reliability, stress handling, and technical skills against the serious cooperation issue of making nasty remarks toward colleagues.\n- Remaining uncertainty: How severe the \u201cnasty remarks\u201d behavior is in practice and whether it would critically impair crew cohesion on long\u2011duration flights.\n- What would change my vote: Credible evidence that Candidate B\u2019s interpersonal behavior is consistently professional (e.g., no further reports of negative remarks) or that another candidate demonstrates comparable reliability, calmness, and technical ability with substantially fewer cooperation concerns.\nMETADATA_JSON:\n{\"agent\": \"agent_2\", \"vote\": \"Candidate B\"}"}
2026-05-06 21:49:11,654 - INFO - Agent turns: 1
2026-05-06 21:49:19,153 - INFO - Tokens - Input: 1827, Output: 1221, Total: 3048
2026-05-06 21:49:19,155 - INFO - Memory updates: 1
{"id": 4, "ts": 1778096959.1560016, "event": "memory_updated", "agent": "agent_2", "round": 1}
2026-05-06 21:49:21,038 - INFO - Tokens - Input: 1824, Output: 1353, Total: 3177
2026-05-06 21:49:21,040 - INFO - Memory updates: 2
{"id": 5, "ts": 1778096961.0408392, "event": "memory_updated", "agent": "agent_1", "round": 1}
2026-05-06 21:49:27,332 - INFO - Tokens - Input: 1819, Output: 2069, Total: 3888
2026-05-06 21:49:27,334 - INFO - Memory updates: 3
{"id": 6, "ts": 1778096967.334513, "event": "memory_updated", "agent": "agent_3", "round": 1}
2026-05-06 21:49:33,759 - INFO - Tokens - Input: 2631, Output: 902, Total: 3533
{"id": 7, "ts": 1778096973.7610002, "event": "public_discussion_message", "round": 1, "agent": "agent_1", "message": "Current position: Candidate A\nConfidence/uncertainty: Moderate confidence \u2013 evidence leans toward A but some drawbacks remain unresolved\nReasoning summary:\n- Key evidence used: Candidate\u202fA anticipates dangerous situations, sees complex connections, has excellent spatial vision, and possesses very good leadership qualities \u2013 all strong technical and leadership traits essential for long\u2011distance flights. The only noted negatives are occasional difficulty taking criticism and being unorganized.\n- Evidence from others: Agent\u202f2 has advocated for Candidate\u202fB, highlighting reliability, stress handling, and technical skills but also noting grumpy, uncooperative behavior.\n- Alternatives considered:\n  * Candidate\u202fB \u2013 solid reliability, calmness, and technical ability, yet uncooperative remarks pose a serious safety\u2011critical teamwork risk.\n  * Candidate\u202fC \u2013 100\u202f% reliable and creates a positive crew atmosphere, but communication difficulties, egocentric attitude, and reluctance to further education undermine long\u2011haul collaboration and growth.\n  * Candidate\u202fD \u2013 excellent problem\u2011solving, responsibility, and concentration, but arrogance and weak leadership raise cooperation concerns.\n- Main tradeoff: Balancing Candidate\u202fA\u2019s superior technical vision and leadership against the modest concerns of being unorganized and less receptive to criticism versus the stronger interpersonal drawbacks presented by the other candidates.\n- Remaining uncertainty: How much the \u201cunorganized\u201d trait and difficulty with criticism would affect flight planning, crew feedback loops, and overall safety on long\u2011duration missions.\n- What would change my vote: Credible evidence that another candidate (especially B, C, or D) demonstrates comparable technical competence and leadership **and** markedly fewer cooperation or organizational issues (e.g., documented crew evaluations showing no interpersonal problems).\nMETADATA_JSON:\n{\"agent\": \"agent_1\", \"vote\": \"Candidate A\"}"}
2026-05-06 21:49:33,761 - INFO - Agent turns: 2
2026-05-06 21:49:39,171 - INFO - Tokens - Input: 2718, Output: 972, Total: 3690
2026-05-06 21:49:39,173 - INFO - Memory updates: 4
{"id": 8, "ts": 1778096979.1739094, "event": "memory_updated", "agent": "agent_1", "round": 1}
2026-05-06 21:49:44,007 - INFO - Tokens - Input: 2692, Output: 1468, Total: 4160
2026-05-06 21:49:44,010 - INFO - Memory updates: 5
{"id": 9, "ts": 1778096984.0101657, "event": "memory_updated", "agent": "agent_2", "round": 1}
2026-05-06 21:49:47,847 - INFO - Tokens - Input: 2957, Output: 1889, Total: 4846
2026-05-06 21:49:47,849 - INFO - Memory updates: 6
{"id": 10, "ts": 1778096987.8500974, "event": "memory_updated", "agent": "agent_3", "round": 1}
2026-05-06 21:49:55,379 - INFO - Tokens - Input: 3412, Output: 1019, Total: 4431
{"id": 11, "ts": 1778096995.3813987, "event": "public_discussion_message", "round": 1, "agent": "agent_3", "message": "Current position: Candidate C\nConfidence/uncertainty: Moderate \u2013 the evidence leans toward C but some drawbacks remain\nReasoning summary:\n- Key evidence used: C makes correct decisions quickly, puts concern for others above everything, has excellent attention skills, and is reported as \u201c100\u202f% reliable\u201d and creates a positive crew atmosphere. These points cover reliability, calmness under pressure, and cooperation.\n- Evidence from others: Agent\u202f1 highlighted A\u2019s technical vision and leadership, and Agent\u202f2 emphasized B\u2019s conscientiousness and stress handling while noting serious interpersonal issues for both A and B. Both agents also mentioned cooperation concerns for D.\n- Alternatives considered:\n  * Candidate A \u2013 superior technical vision and leadership but unfriendly, unorganized, and difficulty taking criticism (cooperation risk).\n  * Candidate B \u2013 strong reliability, stress management, and technical skills (weather, computers) but pretentious, wrong tone, and \u201cnasty remarks\u201d (significant teamwork risk).\n  * Candidate D \u2013 excellent problem\u2011solving, responsibility, and concentration but moody, loner, hot\u2011tempered, and perceived arrogance (high cooperation risk).\n- Main tradeoff: Balancing top\u2011tier technical/leadership strength of A against its interpersonal drawbacks versus the solid reliability and stress handling of B against its hostile communication. C offers a more balanced profile with good reliability, crew\u2011first attitude, and attention, while its communication and ego issues are less overtly safety\u2011critical than the \u201cnasty remarks\u201d or unfriendly behavior of the others.\n- Remaining uncertainty: How severe C\u2019s difficulty communicating ideas and egocentric attitude are in real cockpit interactions, and whether the lack of willingness to further education could affect long\u2011term performance.\n- What would change my vote: Credible evidence that another candidate (especially A or B) matches C\u2019s reliability and crew\u2011first attitude while having markedly fewer cooperation or communication drawbacks, or concrete data showing that C\u2019s communication problems lead to critical safety incidents.\nMETADATA_JSON:\n{\"agent\": \"agent_3\", \"vote\": \"Candidate C\"}"}
2026-05-06 21:49:55,381 - INFO - Agent turns: 3
2026-05-06 21:50:05,833 - INFO - Tokens - Input: 3541, Output: 1733, Total: 5274
2026-05-06 21:50:05,836 - INFO - Memory updates: 7
{"id": 12, "ts": 1778097005.836251, "event": "memory_updated", "agent": "agent_2", "round": 1}
2026-05-06 21:50:06,240 - INFO - Tokens - Input: 3115, Output: 1380, Total: 4495
2026-05-06 21:50:06,242 - INFO - Memory updates: 8
{"id": 13, "ts": 1778097006.2425437, "event": "memory_updated", "agent": "agent_1", "round": 1}
2026-05-06 21:50:06,246 - INFO - Tokens - Input: 3617, Output: 1464, Total: 5081
2026-05-06 21:50:06,247 - INFO - Memory updates: 9
{"id": 14, "ts": 1778097006.2477767, "event": "memory_updated", "agent": "agent_3", "round": 1}
2026-05-06 21:50:06,264 - INFO - Loop 1 completed
{"id": 15, "ts": 1778097006.2697089, "event": "discussion_order", "round": 2, "order": ["agent_2", "agent_1", "agent_3"]}
2026-05-06 21:50:13,144 - INFO - Tokens - Input: 3725, Output: 1023, Total: 4748
{"id": 16, "ts": 1778097013.1461837, "event": "public_discussion_message", "round": 2, "agent": "agent_2", "message": "Current position: Candidate C\nConfidence/uncertainty: Moderate (around 65\u202f% confidence)\nReasoning summary:\n- Key evidence used: Candidate\u202fC makes correct decisions quickly, keeps calm in a crisis, understands complicated technology, is reported as 100\u202f% reliable, creates a positive crew atmosphere, puts concern for others above everything, and has excellent attention skills. These cover reliability, calmness under pressure, technical competence, and cooperation.\n- Evidence from others: Agent\u202f1 highlighted A\u2019s strong technical vision and leadership but noted cooperation drawbacks (show\u2011off, not open to new ideas, difficulty with criticism, unorganized). Agent\u202f2 (myself) previously favored B for its conscientiousness and stress handling but flagged the \u201cnasty remarks\u201d as a serious teamwork risk. Agent\u202f3 emphasized C\u2019s crew\u2011first attitude and reliability.\n- Alternatives considered:\n  * Candidate\u202fA \u2013 superior technical vision and leadership but notable cooperation issues (show\u2011off, resistance to new ideas, difficulty taking criticism, unorganized) that could impair crew coordination.\n  * Candidate\u202fB \u2013 solid reliability and stress handling, good weather assessment and computer skills, but the \u201cnasty remarks\u201d toward colleagues and weak numeric memory pose significant safety\u2011critical teamwork risks.\n  * Candidate\u202fD \u2013 excellent problem\u2011solving and responsibility, yet a hot temper, know\u2011it\u2011all attitude, and weak leadership raise strong cooperation concerns.\n- Main tradeoff: Balancing the very strong technical and leadership profile of A (and the solid reliability of B) against the cooperation\u2011related risks each presents. Candidate\u202fC offers a more even mix of reliability, calmness, technical understanding, and positive crew interaction, with drawbacks that appear less directly safety\u2011critical than the overt hostility of B or the unorganized, uncooperative traits of A.\n- Remaining uncertainty: How severe Candidate\u202fC\u2019s difficulty communicating ideas and egocentric attitude are in real cockpit interactions, and whether the lack of willingness to pursue further education could affect long\u2011term performance on evolving long\u2011distance routes.\n- What would change my vote: Convincing evidence that another candidate (especially A or B) matches C\u2019s reliability, calmness, and technical competence while demonstrating substantially fewer cooperation or communication drawbacks (e.g., documented crew evaluations showing no interpersonal issues for B, or proof that A\u2019s \u201cshow\u2011off\u201d behavior does not affect crew performance).\nMETADATA_JSON:\n{\"agent\": \"agent_2\", \"vote\": \"Candidate C\"}"}
2026-05-06 21:50:13,146 - INFO - Agent turns: 4
2026-05-06 21:50:22,152 - INFO - Tokens - Input: 4073, Output: 1451, Total: 5524
2026-05-06 21:50:22,154 - INFO - Memory updates: 10
{"id": 17, "ts": 1778097022.154408, "event": "memory_updated", "agent": "agent_2", "round": 2}
2026-05-06 21:50:23,037 - INFO - Tokens - Input: 3891, Output: 1907, Total: 5798
2026-05-06 21:50:23,039 - INFO - Memory updates: 11
{"id": 18, "ts": 1778097023.03914, "event": "memory_updated", "agent": "agent_1", "round": 2}
2026-05-06 21:50:25,103 - INFO - Tokens - Input: 3995, Output: 1871, Total: 5866
2026-05-06 21:50:25,105 - INFO - Memory updates: 12
{"id": 19, "ts": 1778097025.1051621, "event": "memory_updated", "agent": "agent_3", "round": 2}
2026-05-06 21:50:31,866 - INFO - Tokens - Input: 3879, Output: 1106, Total: 4985
{"id": 20, "ts": 1778097031.867986, "event": "public_discussion_message", "round": 2, "agent": "agent_1", "message": "Current position: Candidate C\nConfidence/uncertainty: Moderate confidence (around 65\u202f% confidence)\nReasoning summary:\n- Key evidence used: Candidate\u202fC is reported 100\u202f% reliable, makes correct decisions quickly, creates a positive crew atmosphere, puts crew concerns above everything, has excellent attention skills, and understands complicated technology. These attributes collectively address reliability, calmness under pressure, technical competence, and cooperation.\n- Evidence from others: Agent\u202f2 now favors Candidate\u202fC, emphasizing the same reliability, calm decision\u2011making, technical understanding, and crew\u2011first attitude while noting the same communication and egocentric drawbacks. Agent\u202f3 also supports Candidate\u202fC, highlighting reliability and crew atmosphere.\n- Alternatives considered:\n  * Candidate\u202fA \u2013 strong technical vision and leadership but noted unorganized habits, resistance to criticism, and \u201cshow\u2011off\u201d behavior that could hinder crew coordination.\n  * Candidate\u202fB \u2013 very conscientious and stress\u2011resilient with good weather and computer skills, yet documented grumpiness, uncooperative remarks, and weak numeric memory pose serious teamwork risks.\n  * Candidate\u202fD \u2013 excellent problem\u2011solving and responsibility, but arrogance, hot temper, and weak leadership raise significant cooperation concerns.\n- Main tradeoff: Balancing Candidate\u202fC\u2019s well\u2011rounded profile (high reliability, good decision speed, crew\u2011first attitude, technical understanding) against its communication difficulties and egocentric attitude, which appear less safety\u2011critical than the overt hostility of B or the organizational/leadership resistance of A.\n- Remaining uncertainty: How severe Candidate\u202fC\u2019s difficulty communicating ideas and egocentric attitude are in real cockpit interactions and whether they could impair crew coordination under stress.\n- What would change my vote: Credible evidence that Candidate\u202fA\u2019s cooperation issues (unorganized, resistant to criticism, show\u2011off) are minor or that Candidate\u202fC\u2019s communication problems have led to concrete safety incidents; alternatively, strong data showing another candidate matches C\u2019s reliability and crew\u2011first attitude with substantially fewer cooperation drawbacks.\nMETADATA_JSON:\n{\"agent\": \"agent_1\", \"vote\": \"Candidate C\"}"}
2026-05-06 21:50:31,868 - INFO - Agent turns: 5
2026-05-06 21:50:40,259 - INFO - Tokens - Input: 4404, Output: 1601, Total: 6005
2026-05-06 21:50:40,262 - INFO - Memory updates: 13
{"id": 21, "ts": 1778097040.2622216, "event": "memory_updated", "agent": "agent_3", "round": 2}
2026-05-06 21:50:42,310 - INFO - Tokens - Input: 4346, Output: 1390, Total: 5736
2026-05-06 21:50:42,312 - INFO - Memory updates: 14
{"id": 22, "ts": 1778097042.3126013, "event": "memory_updated", "agent": "agent_2", "round": 2}
2026-05-06 21:50:42,581 - INFO - Tokens - Input: 4103, Output: 1535, Total: 5638
2026-05-06 21:50:42,583 - INFO - Memory updates: 15
{"id": 23, "ts": 1778097042.5836973, "event": "memory_updated", "agent": "agent_1", "round": 2}
2026-05-06 21:50:46,861 - INFO - Tokens - Input: 4582, Output: 545, Total: 5127
{"id": 24, "ts": 1778097046.8631864, "event": "public_discussion_message", "round": 2, "agent": "agent_3", "message": "Current position: Candidate C\nConfidence/uncertainty: Moderate (around 65\u202f% confidence)\nReasoning summary:\n- Key evidence used: Candidate C makes correct decisions quickly, keeps calm in crises, understands complex technology, is reported as 100\u202f% reliable, creates a positive crew atmosphere, puts concern for others above everything, and has excellent attention skills. These address reliability, calmness under pressure, technical competence, and cooperation.\n- Evidence from others: Agent\u202f1 highlighted C\u2019s reliability, crew\u2011first attitude, and attention skills while noting its communication and ego drawbacks. Agent\u202f2 also emphasized C\u2019s reliability, calmness, technical understanding, and crew\u2011first focus, and flagged B\u2019s \u201cnasty remarks\u201d and weak numeric memory.\n- Alternatives considered:\n  * Candidate A \u2013 strong technical vision and leadership but unfriendly, unorganized, and resistant to criticism (cooperation risks).\n  * Candidate B \u2013 very conscientious, handles stress well, good weather assessment and computer skills, but pretentious, uses wrong tone, and makes \u201cnasty remarks\u201d (significant teamwork risk) plus weak numeric memory.\n  * Candidate D \u2013 excellent problem\u2011solving, responsibility, and concentration, yet moody, a loner, and perceived arrogance/hot temper (cooperation concerns).\n- Main tradeoff: Balancing C\u2019s well\u2011rounded profile (high reliability, calm decision\u2011making, technical competence, and crew\u2011first attitude) against its communication difficulties and egocentric attitude, which appear less safety\u2011critical than the overt hostility of B or the unorganized, unfriendly traits of A.\n- Remaining uncertainty: How severe C\u2019s difficulty communicating ideas and egocentric behavior are in real cockpit interactions, and whether his lack of willingness to pursue further education could affect long\u2011term performance on evolving long\u2011distance routes.\n- What would change my vote: Credible evidence that another candidate (especially A or B) matches C\u2019s reliability, calmness, and technical competence while demonstrating markedly fewer cooperation or communication drawbacks, or concrete data showing that C\u2019s communication issues lead to safety\u2011critical incidents.\nMETADATA_JSON:\n{\"agent\": \"agent_3\", \"vote\": \"Candidate C\"}"}
2026-05-06 21:50:46,863 - INFO - Agent turns: 6
2026-05-06 21:50:58,712 - INFO - Tokens - Input: 4833, Output: 1438, Total: 6271
2026-05-06 21:50:58,714 - INFO - Memory updates: 16
{"id": 25, "ts": 1778097058.7148118, "event": "memory_updated", "agent": "agent_3", "round": 2}
2026-05-06 21:51:01,964 - INFO - Tokens - Input: 4396, Output: 1514, Total: 5910
2026-05-06 21:51:01,966 - INFO - Memory updates: 17
{"id": 26, "ts": 1778097061.966407, "event": "memory_updated", "agent": "agent_1", "round": 2}
2026-05-06 21:51:04,559 - INFO - Tokens - Input: 4760, Output: 1789, Total: 6549
2026-05-06 21:51:04,561 - INFO - Memory updates: 18
{"id": 27, "ts": 1778097064.5618248, "event": "memory_updated", "agent": "agent_2", "round": 2}
2026-05-06 21:51:04,571 - INFO - Loop 2 completed
2026-05-06 21:51:04,572 - INFO - Final Chosen Candidate: Candidate C
2026-05-06 21:51:04,572 - INFO - Final Decision Method: consensus
2026-05-06 21:51:04,572 - INFO - Final Vote Count: {'Candidate C': 3}
2026-05-06 21:51:04,572 - INFO - Correct Candidate: Candidate C
2026-05-06 21:51:04,572 - INFO - Decision Correct: 1
{"id": 28, "ts": 1778097064.90098, "event": "context_consistency_calculated", "method": "embedding_cosine", "mean_pairwise_similarity": 0.809112, "pairwise": [{"agent_a": "agent_1", "agent_b": "agent_2", "similarity": 0.756246}, {"agent_a": "agent_1", "agent_b": "agent_3", "similarity": 0.76286}, {"agent_a": "agent_2", "agent_b": "agent_3", "similarity": 0.908231}]}
{"id": 29, "ts": 1778097064.9011743, "event": "agent_memories_archived", "directory": "/home/lhegemann/git/bachelor_thesis/01_data/raw/simulations/high/high_20260506_181837_010/shared_mental_models", "round": 2}
{"id": 30, "ts": 1778097064.901264, "event": "final_decision", "candidate": "Candidate C", "method": "consensus", "vote_count": {"Candidate C": 3}, "correct_candidate": "Candidate C", "decision_correct": 1, "round": 2}
2026-05-06 21:51:04,912 - INFO - ======================================================================
2026-05-06 21:51:04,912 - INFO - SIMULATION METRICS
2026-05-06 21:51:04,912 - INFO - ======================================================================
2026-05-06 21:51:04,912 - INFO - Total Loops: 2
2026-05-06 21:51:04,912 - INFO - Agent Turns (no vote checker): 6
2026-05-06 21:51:04,912 - INFO - Agent Tool Calls: 0
2026-05-06 21:51:04,912 - INFO - Agent Tool Messages: 0
2026-05-06 21:51:04,912 - INFO - Memory Updates: 18
2026-05-06 21:51:04,912 - INFO - Total Messages (no vote checker): 6
2026-05-06 21:51:04,912 - INFO - Input Tokens: 82925
2026-05-06 21:51:04,913 - INFO - Output Tokens: 33990
2026-05-06 21:51:04,913 - INFO - Total Tokens: 116915
2026-05-06 21:51:04,913 - INFO - Final Chosen Candidate: Candidate C
2026-05-06 21:51:04,913 - INFO - Final Decision Method: consensus
2026-05-06 21:51:04,913 - INFO - Final Vote Count: {'Candidate C': 3}
2026-05-06 21:51:04,913 - INFO - Correct Candidate: Candidate C
2026-05-06 21:51:04,913 - INFO - Decision Correct: 1
2026-05-06 21:51:04,913 - INFO - Runtime: 122.65s
2026-05-06 21:51:04,913 - INFO - ======================================================================
