2026-05-09 00:41:48,388 - INFO - Metrics tracker initialized
{"id": 1, "ts": 1778280108.414507, "event": "memory_reset"}
{"id": 2, "ts": 1778280108.4178326, "event": "discussion_order", "round": 1, "order": ["agent_2", "agent_3", "agent_1"]}
2026-05-09 00:41:59,850 - INFO - Tokens - Input: 1785, Output: 1294, Total: 3079
{"id": 3, "ts": 1778280119.8517299, "event": "public_discussion_message", "round": 1, "agent": "agent_2", "message": "Current position: Candidate A\nConfidence/uncertainty: Moderate uncertainty \u2013 strong technical and leadership traits but notable cooperation concerns and limited evidence on stress\u2011handling.\nReasoning summary:\n- Key evidence used: Candidate A can anticipate dangerous situations, has excellent spatial vision, sees complex connections, and possesses very good leadership qualities \u2013 all critical for long\u2011distance flight safety and navigation.\n- Evidence from others: (none yet shared)\n- Alternatives considered: Candidate B (high reliability and stress handling but makes nasty remarks), Candidate C (calm in crisis and tech\u2011savvy but egocentric and poor communicator), Candidate D (excellent problem solving and responsibility but hot\u2011tempered and know\u2011it\u2011all). Each alternative has a serious cooperation drawback.\n- Main tradeoff: Balancing superior technical/leadership abilities of A against its cooperation negatives (show\u2011off, not open to new ideas) versus the cooperation\u2011heavy negatives of the other candidates.\n- Remaining uncertainty: Lack of explicit evidence on A\u2019s ability to handle stress or remain calm under pressure; the impact of A\u2019s \u201cshow\u2011off\u201d and \u201cnot open to new ideas\u201d traits on crew dynamics.\n- What would change my vote: Clear evidence that another candidate (especially B) demonstrates both strong technical competence and cooperative behavior without serious interpersonal drawbacks, or evidence that A\u2019s cooperation issues are severe enough to outweigh his technical strengths.\nMETADATA_JSON:\n{\"agent\": \"agent_2\", \"vote\": \"Candidate A\"}"}
2026-05-09 00:41:59,851 - INFO - Agent turns: 1
2026-05-09 00:42:10,143 - INFO - Tokens - Input: 1735, Output: 1462, Total: 3197
2026-05-09 00:42:10,145 - INFO - Memory updates: 1
{"id": 4, "ts": 1778280130.145454, "event": "memory_updated", "agent": "agent_2", "round": 1}
2026-05-09 00:42:10,802 - INFO - Tokens - Input: 1727, Output: 1595, Total: 3322
2026-05-09 00:42:10,803 - INFO - Memory updates: 2
{"id": 5, "ts": 1778280130.8035512, "event": "memory_updated", "agent": "agent_3", "round": 1}
2026-05-09 00:42:11,886 - INFO - Tokens - Input: 1732, Output: 1679, Total: 3411
2026-05-09 00:42:11,887 - INFO - Memory updates: 3
{"id": 6, "ts": 1778280131.888083, "event": "memory_updated", "agent": "agent_1", "round": 1}
2026-05-09 00:42:15,427 - INFO - Tokens - Input: 2715, Output: 727, Total: 3442
{"id": 7, "ts": 1778280135.4294384, "event": "public_discussion_message", "round": 1, "agent": "agent_3", "message": "Current position: Candidate B\nConfidence/uncertainty: Moderate confidence \u2013 the evidence points to a balanced profile but some interpersonal concerns remain.\nReasoning summary:\n- Key evidence used: Candidate\u202fB is very conscientious, handles stress very well, assesses weather conditions accurately, and has excellent computer skills. These traits cover reliability, calmness under pressure, and technical competence essential for long\u2011distance flights.\n- Evidence from others: None yet shared.\n- Alternatives considered:\n  * Candidate\u202fA \u2013 superior technical vision and leadership but lacks evidence of stress handling and shows clear cooperation drawbacks (unfriendly, \u201cshow\u2011off\u201d, not open to new ideas).\n  * Candidate\u202fC \u2013 quick decision\u2011making and strong concern for others, yet communication difficulties, egocentric attitude, and low willingness to continue education raise serious crew\u2011cooperation risks.\n  * Candidate\u202fD \u2013 excellent problem\u2011solving, responsibility, and concentration, but being moody and a loner suggests potential instability in crew dynamics.\n- Main tradeoff: Choosing between the highest technical/leadership ability (A) versus a more balanced candidate with proven stress resilience and fewer, though still present, cooperation issues (B).\n- Remaining uncertainty: How severe B\u2019s pretentiousness and occasional wrong tone would be in a cockpit crew environment; whether these interpersonal flaws could undermine safety.\n- What would change my vote: Clear evidence that another candidate (e.g., A, C, or D) demonstrates both strong technical competence **and** cooperative behavior without serious interpersonal drawbacks, or evidence that B\u2019s pretentiousness translates into unsafe crew interactions.\nMETADATA_JSON:\n{\"agent\": \"agent_3\", \"vote\": \"Candidate B\"}"}
2026-05-09 00:42:15,429 - INFO - Agent turns: 2
2026-05-09 00:42:23,394 - INFO - Tokens - Input: 2719, Output: 1153, Total: 3872
2026-05-09 00:42:23,395 - INFO - Memory updates: 4
{"id": 8, "ts": 1778280143.39593, "event": "memory_updated", "agent": "agent_2", "round": 1}
2026-05-09 00:42:25,160 - INFO - Tokens - Input: 2718, Output: 1251, Total: 3969
2026-05-09 00:42:25,162 - INFO - Memory updates: 5
{"id": 9, "ts": 1778280145.1622164, "event": "memory_updated", "agent": "agent_1", "round": 1}
2026-05-09 00:42:26,701 - INFO - Tokens - Input: 2757, Output: 1598, Total: 4355
2026-05-09 00:42:26,702 - INFO - Memory updates: 6
{"id": 10, "ts": 1778280146.7027018, "event": "memory_updated", "agent": "agent_3", "round": 1}
2026-05-09 00:42:35,449 - INFO - Tokens - Input: 2871, Output: 1323, Total: 4194
{"id": 11, "ts": 1778280155.4509916, "event": "public_discussion_message", "round": 1, "agent": "agent_1", "message": "Current position: Candidate B\nConfidence/uncertainty: Moderate confidence \u2013 B meets most core criteria but has notable interpersonal drawbacks.\nReasoning summary:\n- Key evidence used: Candidate\u202fB is very conscientious (reliability), handles stress very well (calmness under pressure), assesses weather conditions accurately and has excellent computer skills (technical competence essential for long\u2011distance flights).\n- Evidence from others: Agent\u202f2 favors Candidate\u202fA for strong technical vision and leadership; Agent\u202f3 notes that B can be pretentious and use the wrong tone, and that A is unfriendly/show\u2011off, D is arrogant/moody, and C is egocentric with communication issues.\n- Alternatives considered:\n  * Candidate\u202fA \u2013 excellent technical and leadership traits but lacks evidence of stress handling and shows unfriendly, \u201cshow\u2011off\u201d behavior, which may impair crew cooperation.\n  * Candidate\u202fC \u2013 100\u202f% reliable and creates a positive crew atmosphere, yet lacks technical skills, is egocentric, and has communication difficulties.\n  * Candidate\u202fD \u2013 strong problem\u2011solving, responsibility, and concentration, but has weak leadership, arrogance, and a moody, loner attitude.\n- Main tradeoff: Balancing B\u2019s solid reliability, stress resilience, and technical abilities against its interpersonal issues (pretentiousness, occasional wrong tone) versus A\u2019s superior technical/leadership profile but more severe cooperation concerns (unfriendly, not open to new ideas).\n- Remaining uncertainty: How severely B\u2019s pretentiousness and occasional wrong tone would affect real\u2011world cockpit interactions and crew safety.\n- What would change my vote: Convincing evidence that another candidate (especially A) demonstrates both strong technical competence and cooperative behavior without serious interpersonal drawbacks, or clear proof that B\u2019s interpersonal issues lead to unsafe crew dynamics.\nMETADATA_JSON:\n{\"agent\": \"agent_1\", \"vote\": \"Candidate B\"}"}
2026-05-09 00:42:35,451 - INFO - Agent turns: 3
2026-05-09 00:42:43,331 - INFO - Tokens - Input: 3041, Output: 1060, Total: 4101
2026-05-09 00:42:43,333 - INFO - Memory updates: 7
{"id": 12, "ts": 1778280163.3339474, "event": "memory_updated", "agent": "agent_2", "round": 1}
2026-05-09 00:42:45,551 - INFO - Tokens - Input: 3316, Output: 1606, Total: 4922
2026-05-09 00:42:45,553 - INFO - Memory updates: 8
{"id": 13, "ts": 1778280165.5539968, "event": "memory_updated", "agent": "agent_3", "round": 1}
2026-05-09 00:42:45,869 - INFO - Tokens - Input: 3004, Output: 1477, Total: 4481
2026-05-09 00:42:45,870 - INFO - Memory updates: 9
{"id": 14, "ts": 1778280165.870638, "event": "memory_updated", "agent": "agent_1", "round": 1}
2026-05-09 00:42:45,879 - INFO - Loop 1 completed
{"id": 15, "ts": 1778280165.8859384, "event": "discussion_order", "round": 2, "order": ["agent_1", "agent_3", "agent_2"]}
2026-05-09 00:42:51,593 - INFO - Tokens - Input: 3443, Output: 737, Total: 4180
{"id": 16, "ts": 1778280171.5955243, "event": "public_discussion_message", "round": 2, "agent": "agent_1", "message": "Current position: Candidate B\nConfidence/uncertainty: Moderate \u2013 B satisfies most core criteria (reliability, calmness under pressure, technical competence) but has notable interpersonal drawbacks that could affect crew dynamics.\nReasoning summary:\n- Key evidence used: Candidate\u202fB is very conscientious (reliability), handles stress very well (calmness under pressure), assesses weather conditions accurately, and has excellent computer skills (technical competence essential for long\u2011distance flights).\n- Evidence from others: Agent\u202f2 highlighted Candidate\u202fA\u2019s strong technical vision and leadership but noted unfriendly, \u201cshow\u2011off\u201d behavior and resistance to new ideas. Agent\u202f3 reiterated B\u2019s pretentiousness and occasional wrong tone, and also mentioned A\u2019s cooperation issues, D\u2019s arrogance/moody attitude, and C\u2019s communication problems.\n- Alternatives considered:\n  * Candidate\u202fA \u2013 superior technical/leadership traits but lacks evidence of stress handling and exhibits stronger cooperation concerns (unfriendly, show\u2011off, not open to ideas).\n  * Candidate\u202fC \u2013 100\u202f% reliable and creates a positive crew atmosphere, yet has communication difficulties, egocentric attitude, and low willingness to continue education.\n  * Candidate\u202fD \u2013 excellent problem\u2011solving, responsibility, and concentration, but shows weak leadership, arrogance, and moody/loner tendencies.\n- Main tradeoff: Balancing B\u2019s well\u2011rounded reliability, stress resilience, and technical skills against its interpersonal flaws (pretentiousness, occasional wrong tone) versus A\u2019s higher technical/leadership strength but more severe cooperation drawbacks.\n- Remaining uncertainty: How severely B\u2019s pretentiousness and occasional wrong tone would manifest in real cockpit interactions and whether they could undermine safety or crew morale.\n- What would change my vote: Clear evidence that another candidate (especially A) demonstrates both strong technical competence and cooperative behavior without serious interpersonal drawbacks, or concrete proof that B\u2019s interpersonal issues lead to unsafe crew dynamics.\nMETADATA_JSON:\n{\"agent\": \"agent_1\", \"vote\": \"Candidate B\"}"}
2026-05-09 00:42:51,595 - INFO - Agent turns: 4
2026-05-09 00:42:58,875 - INFO - Tokens - Input: 3606, Output: 1099, Total: 4705
2026-05-09 00:42:58,876 - INFO - Memory updates: 10
{"id": 17, "ts": 1778280178.8770487, "event": "memory_updated", "agent": "agent_1", "round": 2}
2026-05-09 00:43:00,305 - INFO - Tokens - Input: 3421, Output: 1156, Total: 4577
2026-05-09 00:43:00,307 - INFO - Memory updates: 11
{"id": 18, "ts": 1778280180.3078732, "event": "memory_updated", "agent": "agent_2", "round": 2}
2026-05-09 00:43:01,772 - INFO - Tokens - Input: 3612, Output: 1612, Total: 5224
2026-05-09 00:43:01,773 - INFO - Memory updates: 12
{"id": 19, "ts": 1778280181.7740633, "event": "memory_updated", "agent": "agent_3", "round": 2}
2026-05-09 00:43:09,067 - INFO - Tokens - Input: 3935, Output: 1040, Total: 4975
{"id": 20, "ts": 1778280189.0692914, "event": "public_discussion_message", "round": 2, "agent": "agent_3", "message": "Current position: Candidate B\nConfidence/uncertainty: Moderate \u2013 I am reasonably confident B is the best overall fit, but I remain uncertain about the real\u2011world impact of his pretentiousness and occasional wrong tone.\nReasoning summary:\n- **Key evidence used:** Candidate\u202fB is very conscientious (reliability), handles stress very well (calmness under pressure), assesses weather conditions accurately, and has excellent computer skills (technical competence). These four attributes directly satisfy the core requirements for long\u2011distance piloting.\n- **Evidence from others:**\n  * Agent\u202f2 highlighted that Candidate\u202fA, while technically strong, is unfriendly, \u201cshow\u2011off,\u201d and not open to new ideas \u2013 serious cooperation drawbacks.\n  * Agent\u202f1 and Agent\u202f2 both noted that Candidate\u202fD is arrogant, moody, and a loner, which also threaten crew dynamics.\n  * Agent\u202f2 described Candidate\u202fC as egocentric with communication difficulties and low willingness to continue education, limiting both cooperation and technical growth.\n- **Alternatives considered:**\n  * **Candidate\u202fA** \u2013 excellent navigation/leadership traits but lacks evidence of stress handling and exhibits stronger cooperation negatives (unfriendly, show\u2011off, resistant to ideas).\n  * **Candidate\u202fC** \u2013 quick decision\u2011making and concern for others, yet poor communication, egocentric attitude, and limited educational drive.\n  * **Candidate\u202fD** \u2013 outstanding problem\u2011solving, responsibility, and concentration, but moody, loner, and arrogant, raising safety\u2011critical crew\u2011interaction concerns.\n- **Main tradeoff:** Whether to accept B\u2019s moderate interpersonal flaws (pretentiousness, occasional wrong tone) in exchange for a well\u2011rounded, reliable, and technically competent profile, versus A\u2019s superior technical/leadership abilities that are offset by more severe cooperation issues.\n- **Remaining uncertainty:** The extent to which B\u2019s pretentiousness and tone problems would actually impair cockpit communication and crew morale in practice.\n- **What would change my vote:** Concrete evidence that another candidate (especially A, C, or D) demonstrates both strong technical competence **and** cooperative behavior without serious interpersonal drawbacks, or clear documentation that B\u2019s pretentiousness leads to unsafe crew interactions.\nMETADATA_JSON:\n{\"agent\": \"agent_3\", \"vote\": \"Candidate B\"}"}
2026-05-09 00:43:09,069 - INFO - Agent turns: 5
2026-05-09 00:43:15,213 - INFO - Tokens - Input: 4257, Output: 1070, Total: 5327
2026-05-09 00:43:15,215 - INFO - Memory updates: 13
{"id": 21, "ts": 1778280195.2152507, "event": "memory_updated", "agent": "agent_3", "round": 2}
2026-05-09 00:43:16,512 - INFO - Tokens - Input: 3959, Output: 1236, Total: 5195
2026-05-09 00:43:16,514 - INFO - Memory updates: 14
{"id": 22, "ts": 1778280196.514668, "event": "memory_updated", "agent": "agent_2", "round": 2}
2026-05-09 00:43:20,349 - INFO - Tokens - Input: 4102, Output: 1520, Total: 5622
2026-05-09 00:43:20,351 - INFO - Memory updates: 15
{"id": 23, "ts": 1778280200.3513026, "event": "memory_updated", "agent": "agent_1", "round": 2}
2026-05-09 00:43:25,967 - INFO - Tokens - Input: 4051, Output: 904, Total: 4955
{"id": 24, "ts": 1778280205.969472, "event": "public_discussion_message", "round": 2, "agent": "agent_2", "message": "Current position: Candidate\u202fB\nConfidence/uncertainty: Moderate \u2013 the evidence points to a well\u2011rounded profile, but the impact of B\u2019s interpersonal flaws remains somewhat unclear.\nReasoning summary:\n- Key evidence used: B is very conscientious (reliability), handles stress very well (calmness under pressure), assesses weather accurately and has excellent computer skills (technical competence). These four attributes directly satisfy the core requirements for long\u2011distance piloting.\n- Evidence from others: Agent\u202f1 and Agent\u202f3 both highlighted B\u2019s strong reliability and stress handling, while also noting his pretentiousness, occasional wrong tone, and nasty remarks about colleagues. They also reiterated the cooperation drawbacks of the other candidates (A\u2019s \u201cshow\u2011off\u201d/closed\u2011mind attitude, C\u2019s egocentrism and communication problems, D\u2019s hot temper and know\u2011it\u2011all behavior).\n- Alternatives considered:\n  * Candidate\u202fA \u2013 superior navigation/leadership traits (danger anticipation, spatial vision, complex\u2011systems insight) but no explicit evidence of stress handling and stronger cooperation concerns (unfriendly, \u201cshow\u2011off,\u201d resistant to new ideas).\n  * Candidate\u202fC \u2013 quick decision\u2011making, calm in crisis, good technical understanding, yet serious communication deficits and egocentric attitude.\n  * Candidate\u202fD \u2013 excellent problem\u2011solving, responsibility, concentration, but marked by a hot temper, arrogance, and loner tendencies.\n- Main tradeoff: Accepting B\u2019s moderate interpersonal flaws (pretentiousness, occasional harsh tone) in exchange for proven reliability, stress resilience, and solid technical skills versus A\u2019s higher technical/leadership ability but lack of stress evidence and more pronounced cooperation issues.\n- Remaining uncertainty: How severely B\u2019s pretentiousness and nasty remarks would manifest in real cockpit interactions and whether they could undermine crew safety or morale.\n- What would change my vote: Clear, concrete evidence that another candidate (especially A, C, or D) demonstrates both strong technical competence **and** cooperative behavior without serious interpersonal drawbacks, or definitive proof that B\u2019s interpersonal issues lead to unsafe crew dynamics.\nMETADATA_JSON:\n{\"agent\": \"agent_2\", \"vote\": \"Candidate B\"}"}
2026-05-09 00:43:25,969 - INFO - Agent turns: 6
2026-05-09 00:43:36,500 - INFO - Tokens - Input: 4517, Output: 1676, Total: 6193
2026-05-09 00:43:36,502 - INFO - Memory updates: 16
{"id": 25, "ts": 1778280216.502531, "event": "memory_updated", "agent": "agent_1", "round": 2}
2026-05-09 00:43:36,817 - INFO - Tokens - Input: 4506, Output: 1409, Total: 5915
2026-05-09 00:43:36,819 - INFO - Memory updates: 17
{"id": 26, "ts": 1778280216.8196335, "event": "memory_updated", "agent": "agent_3", "round": 2}
2026-05-09 00:43:37,214 - INFO - Tokens - Input: 4302, Output: 1428, Total: 5730
2026-05-09 00:43:37,215 - INFO - Memory updates: 18
{"id": 27, "ts": 1778280217.2151241, "event": "memory_updated", "agent": "agent_2", "round": 2}
2026-05-09 00:43:37,222 - INFO - Loop 2 completed
2026-05-09 00:43:37,223 - INFO - Final Chosen Candidate: Candidate B
2026-05-09 00:43:37,223 - INFO - Final Decision Method: consensus
2026-05-09 00:43:37,223 - INFO - Final Vote Count: {'Candidate B': 3}
2026-05-09 00:43:37,223 - INFO - Correct Candidate: Candidate C
2026-05-09 00:43:37,223 - INFO - Decision Correct: 0
{"id": 28, "ts": 1778280217.6280522, "event": "context_consistency_calculated", "method": "embedding_cosine", "mean_pairwise_similarity": 0.818368, "pairwise": [{"agent_a": "agent_1", "agent_b": "agent_2", "similarity": 0.785582}, {"agent_a": "agent_1", "agent_b": "agent_3", "similarity": 0.895235}, {"agent_a": "agent_2", "agent_b": "agent_3", "similarity": 0.774288}]}
{"id": 29, "ts": 1778280217.628222, "event": "gold_standard_alignment_calculated", "method": "rule_based_binary_checks", "mean_alignment": 0.125, "by_agent": [{"agent": "agent_1", "score": 0.125, "checks": {"favorite_is_c": 0, "c_reliability": 0, "c_calmness": 0, "c_attention": 0, "c_crew_fit": 0, "a_risks": 0, "b_risks": 1, "d_risks": 0}}, {"agent": "agent_2", "score": 0.125, "checks": {"favorite_is_c": 0, "c_reliability": 0, "c_calmness": 0, "c_attention": 0, "c_crew_fit": 0, "a_risks": 0, "b_risks": 1, "d_risks": 0}}, {"agent": "agent_3", "score": 0.125, "checks": {"favorite_is_c": 0, "c_reliability": 0, "c_calmness": 0, "c_attention": 0, "c_crew_fit": 0, "a_risks": 0, "b_risks": 1, "d_risks": 0}}]}
{"id": 30, "ts": 1778280217.6283433, "event": "agent_memories_archived", "directory": "/home/lhegemann/git/bachelor_thesis/01_data/raw/simulations/high/high_treatment_20260508_195017_016/shared_mental_models", "round": 2}
{"id": 31, "ts": 1778280217.6284413, "event": "final_decision", "candidate": "Candidate B", "method": "consensus", "vote_count": {"Candidate B": 3}, "correct_candidate": "Candidate C", "decision_correct": 0, "round": 2}
2026-05-09 00:43:37,639 - INFO - ======================================================================
2026-05-09 00:43:37,639 - INFO - SIMULATION METRICS
2026-05-09 00:43:37,639 - INFO - ======================================================================
2026-05-09 00:43:37,639 - INFO - Total Loops: 2
2026-05-09 00:43:37,639 - INFO - Agent Turns (no vote checker): 6
2026-05-09 00:43:37,640 - INFO - Agent Tool Calls: 0
2026-05-09 00:43:37,640 - INFO - Agent Tool Messages: 0
2026-05-09 00:43:37,640 - INFO - Memory Updates: 18
2026-05-09 00:43:37,640 - INFO - Total Messages (no vote checker): 6
2026-05-09 00:43:37,640 - INFO - Input Tokens: 77831
2026-05-09 00:43:37,640 - INFO - Output Tokens: 31112
2026-05-09 00:43:37,640 - INFO - Total Tokens: 108943
2026-05-09 00:43:37,640 - INFO - Final Chosen Candidate: Candidate B
2026-05-09 00:43:37,640 - INFO - Final Decision Method: consensus
2026-05-09 00:43:37,640 - INFO - Final Vote Count: {'Candidate B': 3}
2026-05-09 00:43:37,640 - INFO - Correct Candidate: Candidate C
2026-05-09 00:43:37,640 - INFO - Decision Correct: 0
2026-05-09 00:43:37,640 - INFO - Runtime: 109.25s
2026-05-09 00:43:37,640 - INFO - ======================================================================
