2026-05-08 11:43:02,473 - INFO - Metrics tracker initialized
{"id": 1, "ts": 1778233382.5014725, "event": "memory_reset"}
{"id": 2, "ts": 1778233382.5057743, "event": "discussion_order", "round": 1, "order": ["agent_2", "agent_3", "agent_1"]}
2026-05-08 11:43:08,877 - INFO - Tokens - Input: 1395, Output: 602, Total: 1997
{"id": 3, "ts": 1778233388.8789692, "event": "public_discussion_message", "round": 1, "agent": "agent_2", "message": "I prefer Candidate B; however, he makes nasty remarks about his colleagues.\nMETADATA_JSON:\n{\"agent\": \"agent_2\", \"vote\": \"Candidate B\"}"}
2026-05-08 11:43:08,879 - INFO - Agent turns: 1
2026-05-08 11:43:14,331 - INFO - Tokens - Input: 1454, Output: 742, Total: 2196
{"id": 4, "ts": 1778233394.3331866, "event": "public_discussion_message", "round": 1, "agent": "agent_3", "message": "I prefer Candidate A; excellent spatial vision.\nMETADATA_JSON:\n{\"agent\": \"agent_3\", \"vote\": \"Candidate A\"}"}
2026-05-08 11:43:14,333 - INFO - Agent turns: 2
2026-05-08 11:43:17,863 - INFO - Tokens - Input: 1490, Output: 501, Total: 1991
{"id": 5, "ts": 1778233397.8645492, "event": "public_discussion_message", "round": 1, "agent": "agent_1", "message": "I prefer Candidate C; known to be 100% reliable.\nMETADATA_JSON:\n{\"agent\": \"agent_1\", \"vote\": \"Candidate C\"}"}
2026-05-08 11:43:17,864 - INFO - Agent turns: 3
2026-05-08 11:43:17,874 - INFO - Loop 1 completed
{"id": 6, "ts": 1778233397.8809776, "event": "discussion_order", "round": 2, "order": ["agent_2", "agent_3", "agent_1"]}
2026-05-08 11:43:23,516 - INFO - Tokens - Input: 1536, Output: 765, Total: 2301
{"id": 7, "ts": 1778233403.5183012, "event": "public_discussion_message", "round": 2, "agent": "agent_2", "message": "I prefer Candidate A; very good leadership qualities.\nMETADATA_JSON:\n{\"agent\": \"agent_2\", \"vote\": \"Candidate A\"}"}
2026-05-08 11:43:23,518 - INFO - Agent turns: 4
2026-05-08 11:43:29,232 - INFO - Tokens - Input: 1565, Output: 809, Total: 2374
{"id": 8, "ts": 1778233409.2342331, "event": "public_discussion_message", "round": 2, "agent": "agent_3", "message": "I prefer Candidate A; unfriendly.\nMETADATA_JSON:\n{\"agent\": \"agent_3\", \"vote\": \"Candidate A\"}"}
2026-05-08 11:43:29,234 - INFO - Agent turns: 5
2026-05-08 11:43:33,771 - INFO - Tokens - Input: 1604, Output: 712, Total: 2316
{"id": 9, "ts": 1778233413.7724147, "event": "public_discussion_message", "round": 2, "agent": "agent_1", "message": "I prefer Candidate C; known to be 100% reliable.\nMETADATA_JSON:\n{\"agent\": \"agent_1\", \"vote\": \"Candidate C\"}"}
2026-05-08 11:43:33,772 - INFO - Agent turns: 6
2026-05-08 11:43:33,782 - INFO - Loop 2 completed
{"id": 10, "ts": 1778233413.7878058, "event": "discussion_order", "round": 3, "order": ["agent_1", "agent_2", "agent_3"]}
2026-05-08 11:43:38,556 - INFO - Tokens - Input: 1641, Output: 729, Total: 2370
{"id": 11, "ts": 1778233418.557801, "event": "public_discussion_message", "round": 3, "agent": "agent_1", "message": "Candidate C; known to be 100% reliable.\nMETADATA_JSON:\n{\"agent\": \"agent_1\", \"vote\": \"Candidate C\"}"}
2026-05-08 11:43:38,567 - INFO - Agent turns: 7
2026-05-08 11:43:44,714 - INFO - Tokens - Input: 1690, Output: 840, Total: 2530
{"id": 12, "ts": 1778233424.7158647, "event": "public_discussion_message", "round": 3, "agent": "agent_2", "message": "Candidate C; known to be 100% reliable.\nMETADATA_JSON:\n{\"agent\": \"agent_2\", \"vote\": \"Candidate C\"}"}
2026-05-08 11:43:44,716 - INFO - Agent turns: 8
2026-05-08 11:43:51,762 - INFO - Tokens - Input: 1721, Output: 974, Total: 2695
{"id": 13, "ts": 1778233431.763549, "event": "public_discussion_message", "round": 3, "agent": "agent_3", "message": "Candidate D; solves problems extremely well.\nMETADATA_JSON:\n{\"agent\": \"agent_3\", \"vote\": \"Candidate D\"}"}
2026-05-08 11:43:51,763 - INFO - Agent turns: 9
2026-05-08 11:43:51,769 - INFO - Loop 3 completed
{"id": 14, "ts": 1778233431.7730792, "event": "discussion_order", "round": 4, "order": ["agent_2", "agent_1", "agent_3"]}
2026-05-08 11:43:59,790 - INFO - Tokens - Input: 1758, Output: 1005, Total: 2763
{"id": 15, "ts": 1778233439.7916145, "event": "public_discussion_message", "round": 4, "agent": "agent_2", "message": "Candidate C; difficulty communicating ideas.\nMETADATA_JSON:\n{\"agent\": \"agent_2\", \"vote\": \"Candidate C\"}"}
2026-05-08 11:43:59,791 - INFO - Agent turns: 10
2026-05-08 11:44:05,215 - INFO - Tokens - Input: 1793, Output: 843, Total: 2636
{"id": 16, "ts": 1778233445.216485, "event": "public_discussion_message", "round": 4, "agent": "agent_1", "message": "Candidate A; very good leadership qualities.\nMETADATA_JSON:\n{\"agent\": \"agent_1\", \"vote\": \"Candidate A\"}"}
2026-05-08 11:44:05,216 - INFO - Agent turns: 11
2026-05-08 11:44:15,619 - INFO - Tokens - Input: 1825, Output: 1319, Total: 3144
{"id": 17, "ts": 1778233455.6210544, "event": "public_discussion_message", "round": 4, "agent": "agent_3", "message": "Candidate C; known to be 100% reliable.\nMETADATA_JSON:\n{\"agent\": \"agent_3\", \"vote\": \"Candidate C\"}"}
2026-05-08 11:44:15,621 - INFO - Agent turns: 12
2026-05-08 11:44:15,630 - INFO - Loop 4 completed
{"id": 18, "ts": 1778233455.6370082, "event": "discussion_order", "round": 5, "order": ["agent_2", "agent_3", "agent_1"]}
2026-05-08 11:44:22,763 - INFO - Tokens - Input: 1868, Output: 1040, Total: 2908
{"id": 19, "ts": 1778233462.764829, "event": "public_discussion_message", "round": 5, "agent": "agent_2", "message": "I prefer Candidate D; solves problems extremely well.\nMETADATA_JSON:\n{\"agent\": \"agent_2\", \"vote\": \"Candidate D\"}"}
2026-05-08 11:44:22,765 - INFO - Agent turns: 13
2026-05-08 11:44:30,771 - INFO - Tokens - Input: 1904, Output: 1454, Total: 3358
{"id": 20, "ts": 1778233470.7722626, "event": "public_discussion_message", "round": 5, "agent": "agent_3", "message": "Candidate D; solves problems extremely well.\nMETADATA_JSON:\n{\"agent\": \"agent_3\", \"vote\": \"Candidate D\"}"}
2026-05-08 11:44:30,772 - INFO - Agent turns: 14
2026-05-08 11:44:37,852 - INFO - Tokens - Input: 1943, Output: 962, Total: 2905
{"id": 21, "ts": 1778233477.8541517, "event": "public_discussion_message", "round": 5, "agent": "agent_1", "message": "Candidate C; known to be 100% reliable.\nMETADATA_JSON:\n{\"agent\": \"agent_1\", \"vote\": \"Candidate C\"}"}
2026-05-08 11:44:37,854 - INFO - Agent turns: 15
2026-05-08 11:44:37,863 - INFO - Loop 5 completed
2026-05-08 11:44:37,863 - INFO - Final Chosen Candidate: Candidate D
2026-05-08 11:44:37,864 - INFO - Final Decision Method: max_round_majority_vote
2026-05-08 11:44:37,864 - INFO - Final Vote Count: {'Candidate C': 1, 'Candidate D': 2}
2026-05-08 11:44:37,864 - INFO - Correct Candidate: Candidate C
2026-05-08 11:44:37,864 - INFO - Decision Correct: 0
{"id": 22, "ts": 1778233477.8654623, "event": "context_consistency_not_applicable", "reason": "explicit_smm_memory_disabled"}
{"id": 23, "ts": 1778233477.8656018, "event": "final_decision", "candidate": "Candidate D", "method": "max_round_majority_vote", "vote_count": {"Candidate C": 1, "Candidate D": 2}, "correct_candidate": "Candidate C", "decision_correct": 0, "round": 5}
2026-05-08 11:44:37,873 - INFO - ======================================================================
2026-05-08 11:44:37,873 - INFO - SIMULATION METRICS
2026-05-08 11:44:37,873 - INFO - ======================================================================
2026-05-08 11:44:37,873 - INFO - Total Loops: 5
2026-05-08 11:44:37,873 - INFO - Agent Turns (no vote checker): 15
2026-05-08 11:44:37,874 - INFO - Agent Tool Calls: 0
2026-05-08 11:44:37,874 - INFO - Agent Tool Messages: 0
2026-05-08 11:44:37,874 - INFO - Memory Updates: 0
2026-05-08 11:44:37,874 - INFO - Total Messages (no vote checker): 15
2026-05-08 11:44:37,874 - INFO - Input Tokens: 25187
2026-05-08 11:44:37,874 - INFO - Output Tokens: 13297
2026-05-08 11:44:37,874 - INFO - Total Tokens: 38484
2026-05-08 11:44:37,874 - INFO - Final Chosen Candidate: Candidate D
2026-05-08 11:44:37,874 - INFO - Final Decision Method: max_round_majority_vote
2026-05-08 11:44:37,874 - INFO - Final Vote Count: {'Candidate C': 1, 'Candidate D': 2}
2026-05-08 11:44:37,874 - INFO - Correct Candidate: Candidate C
2026-05-08 11:44:37,875 - INFO - Decision Correct: 0
2026-05-08 11:44:37,875 - INFO - Runtime: 95.40s
2026-05-08 11:44:37,875 - INFO - ======================================================================
