2026-05-08 10:19:46,283 - INFO - Metrics tracker initialized
{"id": 1, "ts": 1778228386.310169, "event": "memory_reset"}
{"id": 2, "ts": 1778228386.3150253, "event": "discussion_order", "round": 1, "order": ["agent_2", "agent_1", "agent_3"]}
2026-05-08 10:19:52,092 - INFO - Tokens - Input: 1716, Output: 645, Total: 2361
{"id": 3, "ts": 1778228392.0938551, "event": "public_discussion_message", "round": 1, "agent": "agent_2", "message": "I\u2019m leaning toward **Candidate\u202fA**. Their ability to anticipate dangerous situations and strong spatial vision are critical for long\u2011distance navigation, and their leadership qualities support crew coordination. However, the concern is that they\u2019re seen as a show\u2011off and not open to new ideas, which could affect teamwork and adaptability.\nMETADATA_JSON:\n{\"agent\": \"agent_2\", \"vote\": \"Candidate A\"}"}
2026-05-08 10:19:52,094 - INFO - Agent turns: 1
2026-05-08 10:20:00,221 - INFO - Tokens - Input: 1294, Output: 1259, Total: 2553
2026-05-08 10:20:00,223 - INFO - Memory updates: 1
{"id": 4, "ts": 1778228400.2240272, "event": "memory_updated", "agent": "agent_3", "round": 1}
2026-05-08 10:20:01,516 - INFO - Tokens - Input: 1299, Output: 1413, Total: 2712
2026-05-08 10:20:01,518 - INFO - Memory updates: 2
{"id": 5, "ts": 1778228401.5182571, "event": "memory_updated", "agent": "agent_1", "round": 1}
2026-05-08 10:20:02,207 - INFO - Tokens - Input: 1302, Output: 1344, Total: 2646
2026-05-08 10:20:02,208 - INFO - Memory updates: 3
{"id": 6, "ts": 1778228402.2088087, "event": "memory_updated", "agent": "agent_2", "round": 1}
2026-05-08 10:20:06,627 - INFO - Tokens - Input: 2544, Output: 587, Total: 3131
{"id": 7, "ts": 1778228406.62851, "event": "public_discussion_message", "round": 1, "agent": "agent_1", "message": "I\u2019m leaning toward **Candidate\u202fC**. They are noted as 100\u202f% reliable and create a positive atmosphere with the crew, which supports the steady, cooperative environment needed on long\u2011haul flights. They also make correct decisions quickly, a key safety asset when rapid judgment is required. The main uncertainty is their difficulty communicating ideas and egocentric reputation, which could impair crew coordination despite the generally positive atmosphere.\nMETADATA_JSON:\n{\"agent\": \"agent_1\", \"vote\": \"Candidate C\"}"}
2026-05-08 10:20:06,628 - INFO - Agent turns: 2
2026-05-08 10:20:12,559 - INFO - Tokens - Input: 2001, Output: 1140, Total: 3141
2026-05-08 10:20:12,561 - INFO - Memory updates: 4
{"id": 8, "ts": 1778228412.5612853, "event": "memory_updated", "agent": "agent_3", "round": 1}
2026-05-08 10:20:13,272 - INFO - Tokens - Input: 2040, Output: 1513, Total: 3553
2026-05-08 10:20:13,275 - INFO - Memory updates: 5
{"id": 9, "ts": 1778228413.275266, "event": "memory_updated", "agent": "agent_2", "round": 1}
2026-05-08 10:20:17,773 - INFO - Tokens - Input: 2175, Output: 1615, Total: 3790
2026-05-08 10:20:17,775 - INFO - Memory updates: 6
{"id": 10, "ts": 1778228417.775494, "event": "memory_updated", "agent": "agent_1", "round": 1}
2026-05-08 10:20:22,224 - INFO - Tokens - Input: 2483, Output: 552, Total: 3035
{"id": 11, "ts": 1778228422.2256916, "event": "public_discussion_message", "round": 1, "agent": "agent_3", "message": "I\u2019m leaning toward **Candidate\u202fC**. Their 100\u202f% reliability and ability to create a positive crew atmosphere directly support the steady, cooperative environment essential for long\u2011haul flights, while their quick, correct decision\u2011making and excellent attention skills give them solid technical competence. The main uncertainty is their difficulty communicating ideas and the perception of egocentricity, which could hinder cockpit coordination despite the overall positive attitude.\nMETADATA_JSON:\n{\"agent\": \"agent_3\", \"vote\": \"Candidate C\"}"}
2026-05-08 10:20:22,225 - INFO - Agent turns: 3
2026-05-08 10:20:30,004 - INFO - Tokens - Input: 2114, Output: 1215, Total: 3329
2026-05-08 10:20:30,006 - INFO - Memory updates: 7
{"id": 12, "ts": 1778228430.0065954, "event": "memory_updated", "agent": "agent_3", "round": 1}
2026-05-08 10:20:33,895 - INFO - Tokens - Input: 2442, Output: 1679, Total: 4121
2026-05-08 10:20:33,897 - INFO - Memory updates: 8
{"id": 13, "ts": 1778228433.897571, "event": "memory_updated", "agent": "agent_2", "round": 1}
2026-05-08 10:22:02,365 - INFO - Tokens - Input: 2410, Output: 1476, Total: 3886
2026-05-08 10:22:02,370 - INFO - Memory updates: 9
{"id": 14, "ts": 1778228522.370748, "event": "memory_updated", "agent": "agent_1", "round": 1}
2026-05-08 10:22:02,385 - INFO - Loop 1 completed
{"id": 15, "ts": 1778228522.3911917, "event": "discussion_order", "round": 2, "order": ["agent_1", "agent_3", "agent_2"]}
2026-05-08 10:22:04,220 - INFO - Tokens - Input: 2939, Output: 214, Total: 3153
{"id": 16, "ts": 1778228524.221317, "event": "public_discussion_message", "round": 2, "agent": "agent_1", "message": "I continue to favor **Candidate\u202fC**. Their 100\u202f% reliability and ability to create a positive crew atmosphere are crucial for the steady, cooperative environment needed on long\u2011haul flights, and their quick, correct decision\u2011making combined with excellent attention skills support the high technical vigilance required. The main uncertainty is their difficulty communicating ideas and the perception of egocentricity, which could hinder cockpit coordination under pressure.\nMETADATA_JSON:\n{\"agent\": \"agent_1\", \"vote\": \"Candidate C\"}"}
2026-05-08 10:22:04,221 - INFO - Agent turns: 4
2026-05-08 10:22:11,802 - INFO - Tokens - Input: 2125, Output: 1137, Total: 3262
2026-05-08 10:22:11,803 - INFO - Memory updates: 10
{"id": 17, "ts": 1778228531.8039646, "event": "memory_updated", "agent": "agent_3", "round": 2}
2026-05-08 10:22:12,969 - INFO - Tokens - Input: 2440, Output: 1426, Total: 3866
2026-05-08 10:22:12,971 - INFO - Memory updates: 11
{"id": 18, "ts": 1778228532.9711416, "event": "memory_updated", "agent": "agent_2", "round": 2}
2026-05-08 10:22:13,381 - INFO - Tokens - Input: 2552, Output: 1486, Total: 4038
2026-05-08 10:22:13,383 - INFO - Memory updates: 12
{"id": 19, "ts": 1778228533.3835177, "event": "memory_updated", "agent": "agent_1", "round": 2}
2026-05-08 10:22:14,532 - INFO - Tokens - Input: 2732, Output: 151, Total: 2883
{"id": 20, "ts": 1778228534.533463, "event": "public_discussion_message", "round": 2, "agent": "agent_3", "message": "I continue to favor **Candidate\u202fC**. Their 100\u202f% reliability and ability to create a positive crew atmosphere are essential for the steady, cooperative environment required on long\u2011haul flights, and their quick, correct decision\u2011making combined with excellent attention skills support the high technical vigilance needed. The main uncertainty is whether their difficulty communicating ideas and perceived egocentricity could undermine cockpit coordination under pressure.\nMETADATA_JSON:\n{\"agent\": \"agent_3\", \"vote\": \"Candidate C\"}"}
2026-05-08 10:22:14,533 - INFO - Agent turns: 5
2026-05-08 10:22:20,834 - INFO - Tokens - Input: 2357, Output: 1214, Total: 3571
2026-05-08 10:22:20,837 - INFO - Memory updates: 13
{"id": 21, "ts": 1778228540.8371882, "event": "memory_updated", "agent": "agent_3", "round": 2}
2026-05-08 10:22:23,603 - INFO - Tokens - Input: 2575, Output: 1384, Total: 3959
2026-05-08 10:22:23,605 - INFO - Memory updates: 14
{"id": 22, "ts": 1778228543.6054418, "event": "memory_updated", "agent": "agent_2", "round": 2}
2026-05-08 10:22:26,211 - INFO - Tokens - Input: 2677, Output: 1473, Total: 4150
2026-05-08 10:22:26,212 - INFO - Memory updates: 15
{"id": 23, "ts": 1778228546.2129328, "event": "memory_updated", "agent": "agent_1", "round": 2}
2026-05-08 10:22:29,374 - INFO - Tokens - Input: 3057, Output: 525, Total: 3582
{"id": 24, "ts": 1778228549.3758423, "event": "public_discussion_message", "round": 2, "agent": "agent_2", "message": "I now favor **Candidate\u202fC**. Their 100\u202f% reliability and ability to create a positive crew atmosphere are crucial for long\u2011haul safety and teamwork, and they make correct decisions quickly while staying calm in a crisis\u2014key for handling the high workload and unexpected events of long\u2011distance flights.\n**Trade\u2011off / uncertainty:** Their difficulty communicating ideas and the perception of egocentricity could impair cockpit coordination, which remains a serious concern.\nMETADATA_JSON:\n{\"agent\": \"agent_2\", \"vote\": \"Candidate C\"}"}
2026-05-08 10:22:29,376 - INFO - Agent turns: 6
2026-05-08 10:22:34,889 - INFO - Tokens - Input: 2703, Output: 989, Total: 3692
2026-05-08 10:22:34,891 - INFO - Memory updates: 16
{"id": 25, "ts": 1778228554.891656, "event": "memory_updated", "agent": "agent_2", "round": 2}
2026-05-08 10:22:38,331 - INFO - Tokens - Input: 2499, Output: 1737, Total: 4236
2026-05-08 10:22:38,333 - INFO - Memory updates: 17
{"id": 26, "ts": 1778228558.333284, "event": "memory_updated", "agent": "agent_3", "round": 2}
2026-05-08 10:22:39,377 - INFO - Tokens - Input: 2670, Output: 1360, Total: 4030
2026-05-08 10:22:39,379 - INFO - Memory updates: 18
{"id": 27, "ts": 1778228559.3791397, "event": "memory_updated", "agent": "agent_1", "round": 2}
2026-05-08 10:22:39,387 - INFO - Loop 2 completed
2026-05-08 10:22:39,387 - INFO - Final Chosen Candidate: Candidate C
2026-05-08 10:22:39,388 - INFO - Final Decision Method: consensus
2026-05-08 10:22:39,388 - INFO - Final Vote Count: {'Candidate C': 3}
2026-05-08 10:22:39,388 - INFO - Correct Candidate: Candidate C
2026-05-08 10:22:39,388 - INFO - Decision Correct: 1
{"id": 28, "ts": 1778228559.7042146, "event": "context_consistency_calculated", "method": "embedding_cosine", "mean_pairwise_similarity": 0.921546, "pairwise": [{"agent_a": "agent_1", "agent_b": "agent_2", "similarity": 0.922542}, {"agent_a": "agent_1", "agent_b": "agent_3", "similarity": 0.921498}, {"agent_a": "agent_2", "agent_b": "agent_3", "similarity": 0.920599}]}
{"id": 29, "ts": 1778228559.7043896, "event": "agent_memories_archived", "directory": "/home/lhegemann/git/bachelor_thesis/01_data/raw/simulations/moderate/moderate_treatment_20260508_080303_025/shared_mental_models", "round": 2}
{"id": 30, "ts": 1778228559.7045002, "event": "final_decision", "candidate": "Candidate C", "method": "consensus", "vote_count": {"Candidate C": 3}, "correct_candidate": "Candidate C", "decision_correct": 1, "round": 2}
2026-05-08 10:22:39,714 - INFO - ======================================================================
2026-05-08 10:22:39,714 - INFO - SIMULATION METRICS
2026-05-08 10:22:39,714 - INFO - ======================================================================
2026-05-08 10:22:39,714 - INFO - Total Loops: 2
2026-05-08 10:22:39,714 - INFO - Agent Turns (no vote checker): 6
2026-05-08 10:22:39,714 - INFO - Agent Tool Calls: 0
2026-05-08 10:22:39,714 - INFO - Agent Tool Messages: 0
2026-05-08 10:22:39,714 - INFO - Memory Updates: 18
2026-05-08 10:22:39,714 - INFO - Total Messages (no vote checker): 6
2026-05-08 10:22:39,714 - INFO - Input Tokens: 55146
2026-05-08 10:22:39,715 - INFO - Output Tokens: 27534
2026-05-08 10:22:39,715 - INFO - Total Tokens: 82680
2026-05-08 10:22:39,715 - INFO - Final Chosen Candidate: Candidate C
2026-05-08 10:22:39,715 - INFO - Final Decision Method: consensus
2026-05-08 10:22:39,715 - INFO - Final Vote Count: {'Candidate C': 3}
2026-05-08 10:22:39,715 - INFO - Correct Candidate: Candidate C
2026-05-08 10:22:39,715 - INFO - Decision Correct: 1
2026-05-08 10:22:39,715 - INFO - Runtime: 173.43s
2026-05-08 10:22:39,715 - INFO - ======================================================================
