2026-05-01 09:41:08,265 - INFO - Metrics tracker initialized
{"id": 1, "ts": 1777621268.2793338, "event": "memory_reset"}
2026-05-01 09:41:11,389 - INFO - Tokens - Input: 839, Output: 324, Total: 1163
{"id": 2, "ts": 1777621271.391005, "event": "public_discussion_message", "round": 1, "agent": "agent_1", "message": "Eve stands out because she combines top\u2011tier technical performance with proven leadership in similar high\u2011impact roles at leading companies, offering the reliability and immediate impact needed."}
2026-05-01 09:41:11,391 - INFO - Agent turns: 1
2026-05-01 09:41:16,426 - INFO - Tokens - Input: 887, Output: 751, Total: 1638
2026-05-01 09:41:16,429 - INFO - Memory updates: 1
{"id": 3, "ts": 1777621276.429589, "event": "memory_updated", "agent": "agent_1", "round": 1}
2026-05-01 09:41:18,630 - INFO - Tokens - Input: 895, Output: 1163, Total: 2058
2026-05-01 09:41:18,632 - INFO - Memory updates: 2
{"id": 4, "ts": 1777621278.63242, "event": "memory_updated", "agent": "agent_3", "round": 1}
2026-05-01 09:41:19,599 - INFO - Tokens - Input: 891, Output: 1098, Total: 1989
2026-05-01 09:41:19,601 - INFO - Memory updates: 3
{"id": 5, "ts": 1777621279.601426, "event": "memory_updated", "agent": "agent_4", "round": 1}
2026-05-01 09:41:21,135 - INFO - Tokens - Input: 881, Output: 1391, Total: 2272
2026-05-01 09:41:21,138 - INFO - Memory updates: 4
{"id": 6, "ts": 1777621281.138221, "event": "memory_updated", "agent": "agent_2", "round": 1}
2026-05-01 09:41:24,510 - INFO - Tokens - Input: 1325, Output: 269, Total: 1594
{"id": 7, "ts": 1777621284.5114582, "event": "public_discussion_message", "round": 1, "agent": "agent_2", "message": "Eve stands out as the best fit: she delivers top\u2011tier technical performance and has proven high\u2011impact leadership in similar roles, aligning with the role\u2019s reliability and immediate impact needs."}
2026-05-01 09:41:24,511 - INFO - Agent turns: 2
2026-05-01 09:41:28,407 - INFO - Tokens - Input: 1326, Output: 645, Total: 1971
2026-05-01 09:41:28,408 - INFO - Memory updates: 5
{"id": 8, "ts": 1777621288.408536, "event": "memory_updated", "agent": "agent_3", "round": 1}
2026-05-01 09:41:29,223 - INFO - Tokens - Input: 1175, Output: 720, Total: 1895
2026-05-01 09:41:29,225 - INFO - Memory updates: 6
{"id": 9, "ts": 1777621289.2258, "event": "memory_updated", "agent": "agent_1", "round": 1}
2026-05-01 09:41:30,247 - INFO - Tokens - Input: 1222, Output: 775, Total: 1997
2026-05-01 09:41:30,248 - INFO - Memory updates: 7
{"id": 10, "ts": 1777621290.249121, "event": "memory_updated", "agent": "agent_4", "round": 1}
2026-05-01 09:41:30,863 - INFO - Tokens - Input: 1394, Output: 976, Total: 2370
2026-05-01 09:41:30,865 - INFO - Memory updates: 8
{"id": 11, "ts": 1777621290.8656561, "event": "memory_updated", "agent": "agent_2", "round": 1}
2026-05-01 09:41:32,078 - INFO - Tokens - Input: 1073, Output: 183, Total: 1256
{"id": 12, "ts": 1777621292.0802329, "event": "public_discussion_message", "round": 1, "agent": "agent_3", "message": "Eve is the best choice because her proven high\u2011impact leadership in similar roles directly satisfies our reliability and technical excellence requirements."}
2026-05-01 09:41:32,080 - INFO - Agent turns: 3
2026-05-01 09:41:35,573 - INFO - Tokens - Input: 1103, Output: 627, Total: 1730
2026-05-01 09:41:35,575 - INFO - Memory updates: 9
{"id": 13, "ts": 1777621295.575681, "event": "memory_updated", "agent": "agent_3", "round": 1}
2026-05-01 09:41:37,562 - INFO - Tokens - Input: 1220, Output: 765, Total: 1985
2026-05-01 09:41:37,564 - INFO - Memory updates: 10
{"id": 14, "ts": 1777621297.564658, "event": "memory_updated", "agent": "agent_1", "round": 1}
2026-05-01 09:41:37,850 - INFO - Tokens - Input: 1245, Output: 799, Total: 2044
2026-05-01 09:41:37,852 - INFO - Memory updates: 11
{"id": 15, "ts": 1777621297.8531368, "event": "memory_updated", "agent": "agent_4", "round": 1}
2026-05-01 09:41:38,437 - INFO - Tokens - Input: 1400, Output: 995, Total: 2395
2026-05-01 09:41:38,438 - INFO - Memory updates: 12
{"id": 16, "ts": 1777621298.438287, "event": "memory_updated", "agent": "agent_2", "round": 1}
2026-05-01 09:41:39,464 - INFO - Tokens - Input: 1254, Output: 103, Total: 1357
{"id": 17, "ts": 1777621299.465565, "event": "public_discussion_message", "round": 1, "agent": "agent_4", "message": "Eve is the clear choice; her track record of high\u2011impact leadership at top firms demonstrates the reliability, technical excellence, and immediate impact this role demands."}
2026-05-01 09:41:39,465 - INFO - Agent turns: 4
2026-05-01 09:41:44,994 - INFO - Tokens - Input: 1454, Output: 896, Total: 2350
2026-05-01 09:41:44,996 - INFO - Memory updates: 13
{"id": 18, "ts": 1777621304.9966998, "event": "memory_updated", "agent": "agent_2", "round": 1}
2026-05-01 09:41:44,999 - INFO - Tokens - Input: 1144, Output: 880, Total: 2024
2026-05-01 09:41:45,000 - INFO - Memory updates: 14
{"id": 19, "ts": 1777621305.000824, "event": "memory_updated", "agent": "agent_3", "round": 1}
2026-05-01 09:41:45,189 - INFO - Tokens - Input: 1305, Output: 772, Total: 2077
2026-05-01 09:41:45,191 - INFO - Memory updates: 15
{"id": 20, "ts": 1777621305.19166, "event": "memory_updated", "agent": "agent_4", "round": 1}
2026-05-01 09:41:46,835 - INFO - Tokens - Input: 1291, Output: 785, Total: 2076
2026-05-01 09:41:46,835 - INFO - Memory updates: 16
{"id": 21, "ts": 1777621306.835843, "event": "memory_updated", "agent": "agent_1", "round": 1}
2026-05-01 09:41:46,838 - INFO - Loop 1 completed
2026-05-01 09:41:46,838 - INFO - Final Chosen Candidate: Eve
2026-05-01 09:41:46,838 - INFO - Final Decision Method: consensus
2026-05-01 09:41:46,838 - INFO - Final Vote Count: {'Eve': 4}
2026-05-01 09:41:46,838 - INFO - Correct Candidate: Eve
2026-05-01 09:41:46,838 - INFO - Decision Correct: 1
{"id": 22, "ts": 1777621307.355175, "event": "context_consistency_calculated", "method": "embedding_cosine", "mean_pairwise_similarity": 0.918464, "pairwise": [{"agent_a": "agent_1", "agent_b": "agent_2", "similarity": 0.925596}, {"agent_a": "agent_1", "agent_b": "agent_3", "similarity": 0.912565}, {"agent_a": "agent_1", "agent_b": "agent_4", "similarity": 0.92568}, {"agent_a": "agent_2", "agent_b": "agent_3", "similarity": 0.923668}, {"agent_a": "agent_2", "agent_b": "agent_4", "similarity": 0.909866}, {"agent_a": "agent_3", "agent_b": "agent_4", "similarity": 0.913412}]}
{"id": 23, "ts": 1777621307.355242, "event": "agent_memories_archived", "directory": "/Users/leonardhegemann/Documents/Studium/Bachelor/SoSe_2026/Abschlussarbeit/bachelor_thesis/01_data/raw/simulations/low/low_20260501_093142_005/shared_mental_models", "round": 1}
{"id": 24, "ts": 1777621307.355277, "event": "final_decision", "candidate": "Eve", "method": "consensus", "vote_count": {"Eve": 4}, "correct_candidate": "Eve", "decision_correct": 1, "round": 1}
2026-05-01 09:41:47,358 - INFO - ======================================================================
2026-05-01 09:41:47,358 - INFO - SIMULATION METRICS
2026-05-01 09:41:47,358 - INFO - ======================================================================
2026-05-01 09:41:47,358 - INFO - Total Loops: 1
2026-05-01 09:41:47,358 - INFO - Agent Turns (no vote checker): 4
2026-05-01 09:41:47,358 - INFO - Agent Tool Calls: 0
2026-05-01 09:41:47,358 - INFO - Memory Updates: 16
2026-05-01 09:41:47,358 - INFO - Total Messages (no vote checker): 4
2026-05-01 09:41:47,358 - INFO - Input Tokens: 23324
2026-05-01 09:41:47,358 - INFO - Output Tokens: 14917
2026-05-01 09:41:47,358 - INFO - Total Tokens: 38241
2026-05-01 09:41:47,358 - INFO - Final Chosen Candidate: Eve
2026-05-01 09:41:47,358 - INFO - Final Decision Method: consensus
2026-05-01 09:41:47,358 - INFO - Final Vote Count: {'Eve': 4}
2026-05-01 09:41:47,358 - INFO - Correct Candidate: Eve
2026-05-01 09:41:47,358 - INFO - Decision Correct: 1
2026-05-01 09:41:47,358 - INFO - Runtime: 39.09s
2026-05-01 09:41:47,359 - INFO - ======================================================================
