2026-05-17 00:04:46,253 - INFO - Metrics tracker initialized
{"id": 1, "ts": 1778969086.281916, "event": "memory_reset"}
{"id": 2, "ts": 1778969086.2854671, "event": "discussion_order", "round": 1, "order": ["agent_3", "agent_1", "agent_2"]}
2026-05-17 00:04:52,178 - INFO - Tokens - Input: 1963, Output: 541, Total: 2504
{"id": 3, "ts": 1778969092.179326, "event": "public_discussion_message", "round": 1, "agent": "agent_3", "message": "I\u2019m leaning toward Candidate\u202fB. Their strong conscientiousness supports reliability, and they handle stress well while assessing weather conditions\u2014key for long\u2011distance flights. The main concern is their pretentious attitude and occasional wrong tone, which could undermine crew cooperation.\nMETADATA_JSON:\n{\"agent\": \"agent_3\", \"vote\": \"Candidate B\"}"}
2026-05-17 00:04:52,179 - INFO - Agent turns: 1
2026-05-17 00:05:04,609 - INFO - Tokens - Input: 1622, Output: 922, Total: 2544
2026-05-17 00:05:04,611 - INFO - Memory updates: 1
{"id": 4, "ts": 1778969104.6118007, "event": "memory_updated", "agent": "agent_2", "round": 1}
2026-05-17 00:05:05,571 - INFO - Tokens - Input: 1619, Output: 1026, Total: 2645
2026-05-17 00:05:05,573 - INFO - Memory updates: 2
{"id": 5, "ts": 1778969105.5737307, "event": "memory_updated", "agent": "agent_1", "round": 1}
2026-05-17 00:05:10,981 - INFO - Tokens - Input: 1614, Output: 1723, Total: 3337
2026-05-17 00:05:10,983 - INFO - Memory updates: 3
{"id": 6, "ts": 1778969110.9840965, "event": "memory_updated", "agent": "agent_3", "round": 1}
2026-05-17 00:05:15,720 - INFO - Tokens - Input: 2104, Output: 569, Total: 2673
{"id": 7, "ts": 1778969115.7217395, "event": "public_discussion_message", "round": 1, "agent": "agent_1", "message": "I\u2019m leaning toward **Candidate C**. They are known to be 100\u202f% reliable and create a positive atmosphere with the crew, both essential for the safety and morale on long\u2011distance flights. Additionally, they can make correct decisions quickly, which supports calm, effective handling of in\u2011flight challenges. The main uncertainty is their difficulty communicating ideas and egocentric attitude, which could hinder crew cooperation and coordination.\nMETADATA_JSON:\n{\"agent\": \"agent_1\", \"vote\": \"Candidate C\"}"}
2026-05-17 00:05:15,721 - INFO - Agent turns: 2
2026-05-17 00:05:29,727 - INFO - Tokens - Input: 2106, Output: 1027, Total: 3133
2026-05-17 00:05:29,729 - INFO - Memory updates: 4
{"id": 8, "ts": 1778969129.72973, "event": "memory_updated", "agent": "agent_3", "round": 1}
2026-05-17 00:05:38,018 - INFO - Tokens - Input: 1747, Output: 1883, Total: 3630
2026-05-17 00:05:38,021 - INFO - Memory updates: 5
{"id": 9, "ts": 1778969138.021538, "event": "memory_updated", "agent": "agent_2", "round": 1}
2026-05-17 00:05:38,497 - INFO - Tokens - Input: 1794, Output: 1945, Total: 3739
2026-05-17 00:05:38,498 - INFO - Memory updates: 6
{"id": 10, "ts": 1778969138.4985683, "event": "memory_updated", "agent": "agent_1", "round": 1}
2026-05-17 00:05:42,631 - INFO - Tokens - Input: 2450, Output: 442, Total: 2892
{"id": 11, "ts": 1778969142.6333842, "event": "public_discussion_message", "round": 1, "agent": "agent_2", "message": "I\u2019m leaning toward **Candidate\u202fC**. They are noted as 100\u202f% reliable and create a positive crew atmosphere, which is crucial for safety and teamwork on long\u2011distance flights, and they can make correct decisions quickly while staying calm in a crisis, supporting effective handling of in\u2011flight challenges. The main uncertainty is their difficulty communicating ideas and egocentric attitude, which could impede crew coordination.\nMETADATA_JSON:\n{\"agent\": \"agent_2\", \"vote\": \"Candidate C\"}"}
2026-05-17 00:05:42,633 - INFO - Agent turns: 3
2026-05-17 00:05:52,865 - INFO - Tokens - Input: 2138, Output: 731, Total: 2869
2026-05-17 00:05:52,867 - INFO - Memory updates: 7
{"id": 12, "ts": 1778969152.867886, "event": "memory_updated", "agent": "agent_2", "round": 1}
2026-05-17 00:05:54,818 - INFO - Tokens - Input: 2260, Output: 934, Total: 3194
2026-05-17 00:05:54,821 - INFO - Memory updates: 8
{"id": 13, "ts": 1778969154.8218744, "event": "memory_updated", "agent": "agent_1", "round": 1}
2026-05-17 00:05:56,710 - INFO - Tokens - Input: 2223, Output: 1169, Total: 3392
2026-05-17 00:05:56,712 - INFO - Memory updates: 9
{"id": 14, "ts": 1778969156.712841, "event": "memory_updated", "agent": "agent_3", "round": 1}
2026-05-17 00:05:56,721 - INFO - Loop 1 completed
{"id": 15, "ts": 1778969156.7273989, "event": "discussion_order", "round": 2, "order": ["agent_2", "agent_3", "agent_1"]}
2026-05-17 00:06:01,258 - INFO - Tokens - Input: 2629, Output: 499, Total: 3128
{"id": 16, "ts": 1778969161.2595983, "event": "public_discussion_message", "round": 2, "agent": "agent_2", "message": "I still prefer Candidate\u202fC because they are 100\u202f% reliable and create a positive crew atmosphere, and they make quick, correct decisions while staying calm in a crisis\u2014essential for long\u2011distance flights. The main uncertainty is their difficulty communicating ideas and egocentric attitude, which could hinder crew coordination.\nMETADATA_JSON:\n{\"agent\": \"agent_2\", \"vote\": \"Candidate C\"}"}
2026-05-17 00:06:01,259 - INFO - Agent turns: 4
2026-05-17 00:06:04,986 - INFO - Tokens - Input: 2297, Output: 231, Total: 2528
2026-05-17 00:06:04,989 - INFO - Memory updates: 10
{"id": 17, "ts": 1778969164.989732, "event": "memory_updated", "agent": "agent_2", "round": 2}
2026-05-17 00:06:06,529 - INFO - Tokens - Input: 2395, Output: 396, Total: 2791
2026-05-17 00:06:06,532 - INFO - Memory updates: 11
{"id": 18, "ts": 1778969166.5326967, "event": "memory_updated", "agent": "agent_1", "round": 2}
2026-05-17 00:06:09,511 - INFO - Tokens - Input: 2395, Output: 777, Total: 3172
2026-05-17 00:06:09,513 - INFO - Memory updates: 12
{"id": 19, "ts": 1778969169.513677, "event": "memory_updated", "agent": "agent_3", "round": 2}
2026-05-17 00:06:15,119 - INFO - Tokens - Input: 2850, Output: 650, Total: 3500
{"id": 20, "ts": 1778969175.1207242, "event": "public_discussion_message", "round": 2, "agent": "agent_3", "message": "I remain inclined toward Candidate\u202fB. Their strong conscientiousness and ability to handle stress ensure reliability on long\u2011haul flights, and their skill in assessing weather and computer proficiency support the technical demands of the route. The key uncertainty is whether their pretentious attitude and occasional wrong tone could undermine crew cooperation, which is critical for safety.\nMETADATA_JSON:\n{\"agent\": \"agent_3\", \"vote\": \"Candidate B\"}"}
2026-05-17 00:06:15,120 - INFO - Agent turns: 5
2026-05-17 00:06:23,425 - INFO - Tokens - Input: 2391, Output: 558, Total: 2949
2026-05-17 00:06:23,427 - INFO - Memory updates: 13
{"id": 21, "ts": 1778969183.4281142, "event": "memory_updated", "agent": "agent_2", "round": 2}
2026-05-17 00:06:25,982 - INFO - Tokens - Input: 2522, Output: 823, Total: 3345
2026-05-17 00:06:25,985 - INFO - Memory updates: 14
{"id": 22, "ts": 1778969185.9859753, "event": "memory_updated", "agent": "agent_3", "round": 2}
2026-05-17 00:06:31,305 - INFO - Tokens - Input: 2489, Output: 1487, Total: 3976
2026-05-17 00:06:31,308 - INFO - Memory updates: 15
{"id": 23, "ts": 1778969191.3085644, "event": "memory_updated", "agent": "agent_1", "round": 2}
2026-05-17 00:06:34,337 - INFO - Tokens - Input: 2925, Output: 303, Total: 3228
{"id": 24, "ts": 1778969194.3383284, "event": "public_discussion_message", "round": 2, "agent": "agent_1", "message": "I continue to favor **Candidate\u202fC**. Their 100\u202f% reliability and ability to create a positive crew atmosphere are vital for the safety and morale of long\u2011distance flights, and they make correct decisions quickly, which supports calm, effective handling of in\u2011flight challenges. The main uncertainty is their difficulty communicating ideas and egocentric attitude, which could hinder crew coordination and cooperation.\nMETADATA_JSON:\n{\"agent\": \"agent_1\", \"vote\": \"Candidate C\"}"}
2026-05-17 00:06:34,338 - INFO - Agent turns: 6
2026-05-17 00:06:39,626 - INFO - Tokens - Input: 2609, Output: 319, Total: 2928
2026-05-17 00:06:39,629 - INFO - Memory updates: 16
{"id": 25, "ts": 1778969199.6296427, "event": "memory_updated", "agent": "agent_1", "round": 2}
2026-05-17 00:06:39,632 - INFO - Tokens - Input: 2497, Output: 318, Total: 2815
2026-05-17 00:06:39,635 - INFO - Memory updates: 17
{"id": 26, "ts": 1778969199.6351798, "event": "memory_updated", "agent": "agent_2", "round": 2}
2026-05-17 00:06:41,572 - INFO - Tokens - Input: 2628, Output: 564, Total: 3192
2026-05-17 00:06:41,575 - INFO - Memory updates: 18
{"id": 27, "ts": 1778969201.5754044, "event": "memory_updated", "agent": "agent_3", "round": 2}
2026-05-17 00:06:41,583 - INFO - Loop 2 completed
{"id": 28, "ts": 1778969201.5894284, "event": "discussion_order", "round": 3, "order": ["agent_1", "agent_3", "agent_2"]}
2026-05-17 00:06:43,447 - INFO - Tokens - Input: 3031, Output: 159, Total: 3190
{"id": 29, "ts": 1778969203.4488797, "event": "public_discussion_message", "round": 3, "agent": "agent_1", "message": "I continue to prefer **Candidate\u202fC**. Their 100\u202f% reliability and ability to create a positive atmosphere with the crew are crucial for the safety and morale of long\u2011distance flights, and they make correct decisions quickly, supporting calm handling of in\u2011flight challenges. The main uncertainty is their difficulty communicating ideas and egocentric attitude, which could hinder crew coordination.\nMETADATA_JSON:\n{\"agent\": \"agent_1\", \"vote\": \"Candidate C\"}"}
2026-05-17 00:06:43,449 - INFO - Agent turns: 7
2026-05-17 00:06:47,369 - INFO - Tokens - Input: 2600, Output: 287, Total: 2887
2026-05-17 00:06:47,372 - INFO - Memory updates: 19
{"id": 30, "ts": 1778969207.3722606, "event": "memory_updated", "agent": "agent_2", "round": 3}
2026-05-17 00:06:50,805 - INFO - Tokens - Input: 2712, Output: 652, Total: 3364
2026-05-17 00:06:50,808 - INFO - Memory updates: 20
{"id": 31, "ts": 1778969210.8085968, "event": "memory_updated", "agent": "agent_1", "round": 3}
2026-05-17 00:06:56,266 - INFO - Tokens - Input: 2731, Output: 1339, Total: 4070
2026-05-17 00:06:56,269 - INFO - Memory updates: 21
{"id": 32, "ts": 1778969216.2696257, "event": "memory_updated", "agent": "agent_3", "round": 3}
2026-05-17 00:06:58,570 - INFO - Tokens - Input: 3192, Output: 212, Total: 3404
{"id": 33, "ts": 1778969218.5721467, "event": "public_discussion_message", "round": 3, "agent": "agent_3", "message": "I continue to favor **Candidate\u202fB**. Their strong conscientiousness supports reliability, and they handle stress well while accurately assessing weather\u2014critical for safe, long\u2011distance operations. The key uncertainty is their pretentious attitude and occasional wrong tone, which could undermine crew cooperation and morale.\nMETADATA_JSON:\n{\"agent\": \"agent_3\", \"vote\": \"Candidate B\"}"}
2026-05-17 00:06:58,572 - INFO - Agent turns: 8
2026-05-17 00:07:04,103 - INFO - Tokens - Input: 2855, Output: 342, Total: 3197
2026-05-17 00:07:04,106 - INFO - Memory updates: 22
{"id": 34, "ts": 1778969224.106599, "event": "memory_updated", "agent": "agent_3", "round": 3}
2026-05-17 00:07:04,531 - INFO - Tokens - Input: 2797, Output: 387, Total: 3184
2026-05-17 00:07:04,533 - INFO - Memory updates: 23
{"id": 35, "ts": 1778969224.533945, "event": "memory_updated", "agent": "agent_1", "round": 3}
2026-05-17 00:07:10,207 - INFO - Tokens - Input: 2685, Output: 1105, Total: 3790
2026-05-17 00:07:10,210 - INFO - Memory updates: 24
{"id": 36, "ts": 1778969230.2106576, "event": "memory_updated", "agent": "agent_2", "round": 3}
2026-05-17 00:07:12,824 - INFO - Tokens - Input: 3163, Output: 256, Total: 3419
{"id": 37, "ts": 1778969232.825651, "event": "public_discussion_message", "round": 3, "agent": "agent_2", "message": "I continue to favor **Candidate\u202fC**. Their 100\u202f% reliability and ability to create a positive crew atmosphere are essential for safety and morale on long\u2011distance flights, and they make quick, correct decisions while staying calm in a crisis, supporting effective handling of in\u2011flight challenges. The main uncertainty is their difficulty communicating ideas and egocentric attitude, which could impede crew coordination.\nMETADATA_JSON:\n{\"agent\": \"agent_2\", \"vote\": \"Candidate C\"}"}
2026-05-17 00:07:12,825 - INFO - Agent turns: 9
2026-05-17 00:07:18,445 - INFO - Tokens - Input: 2904, Output: 346, Total: 3250
2026-05-17 00:07:18,448 - INFO - Memory updates: 25
{"id": 38, "ts": 1778969238.4489949, "event": "memory_updated", "agent": "agent_1", "round": 3}
2026-05-17 00:07:21,681 - INFO - Tokens - Input: 2962, Output: 688, Total: 3650
2026-05-17 00:07:21,684 - INFO - Memory updates: 26
{"id": 39, "ts": 1778969241.684385, "event": "memory_updated", "agent": "agent_3", "round": 3}
2026-05-17 00:07:24,675 - INFO - Tokens - Input: 2848, Output: 1071, Total: 3919
2026-05-17 00:07:24,677 - INFO - Memory updates: 27
{"id": 40, "ts": 1778969244.6780488, "event": "memory_updated", "agent": "agent_2", "round": 3}
2026-05-17 00:07:24,686 - INFO - Loop 3 completed
{"id": 41, "ts": 1778969244.6922252, "event": "discussion_order", "round": 4, "order": ["agent_3", "agent_2", "agent_1"]}
2026-05-17 00:07:26,422 - INFO - Tokens - Input: 3384, Output: 148, Total: 3532
{"id": 42, "ts": 1778969246.4242911, "event": "public_discussion_message", "round": 4, "agent": "agent_3", "message": "I still favor Candidate\u202fB. Their strong conscientiousness and ability to handle stress ensure reliability on long\u2011haul flights, and their skill in assessing weather conditions is critical for safe route planning. The main uncertainty is their pretentious attitude and occasional wrong tone, which could undermine crew cooperation and morale.\nMETADATA_JSON:\n{\"agent\": \"agent_3\", \"vote\": \"Candidate B\"}"}
2026-05-17 00:07:26,424 - INFO - Agent turns: 10
2026-05-17 00:07:31,662 - INFO - Tokens - Input: 3049, Output: 328, Total: 3377
2026-05-17 00:07:31,665 - INFO - Memory updates: 28
{"id": 43, "ts": 1778969251.6657317, "event": "memory_updated", "agent": "agent_3", "round": 4}
2026-05-17 00:07:34,420 - INFO - Tokens - Input: 2991, Output: 614, Total: 3605
2026-05-17 00:07:34,422 - INFO - Memory updates: 29
{"id": 44, "ts": 1778969254.4229906, "event": "memory_updated", "agent": "agent_1", "round": 4}
2026-05-17 00:07:36,486 - INFO - Tokens - Input: 2933, Output: 870, Total: 3803
2026-05-17 00:07:36,489 - INFO - Memory updates: 30
{"id": 45, "ts": 1778969256.489624, "event": "memory_updated", "agent": "agent_2", "round": 4}
2026-05-17 00:07:38,738 - INFO - Tokens - Input: 3356, Output: 194, Total: 3550
{"id": 46, "ts": 1778969258.739971, "event": "public_discussion_message", "round": 4, "agent": "agent_2", "message": "I prefer Candidate\u202fC because they are known to be 100\u202f% reliable and create a positive crew atmosphere, and they make quick, correct decisions while staying calm in a crisis\u2014both essential for safe, long\u2011distance operations. The main uncertainty is their difficulty communicating ideas and egocentric attitude, which could impede crew coordination.\nMETADATA_JSON:\n{\"agent\": \"agent_2\", \"vote\": \"Candidate C\"}"}
2026-05-17 00:07:38,740 - INFO - Agent turns: 11
2026-05-17 00:07:44,484 - INFO - Tokens - Input: 3086, Output: 381, Total: 3467
2026-05-17 00:07:44,487 - INFO - Memory updates: 31
{"id": 47, "ts": 1778969264.487433, "event": "memory_updated", "agent": "agent_1", "round": 4}
2026-05-17 00:07:47,183 - INFO - Tokens - Input: 3029, Output: 661, Total: 3690
2026-05-17 00:07:47,185 - INFO - Memory updates: 32
{"id": 48, "ts": 1778969267.1859872, "event": "memory_updated", "agent": "agent_2", "round": 4}
2026-05-17 00:07:50,078 - INFO - Tokens - Input: 3144, Output: 1024, Total: 4168
2026-05-17 00:07:50,081 - INFO - Memory updates: 33
{"id": 49, "ts": 1778969270.0815206, "event": "memory_updated", "agent": "agent_3", "round": 4}
2026-05-17 00:07:52,059 - INFO - Tokens - Input: 3508, Output: 166, Total: 3674
{"id": 50, "ts": 1778969272.0605433, "event": "public_discussion_message", "round": 4, "agent": "agent_1", "message": "I continue to favor **Candidate\u202fC**. Their 100\u202f% reliability and ability to create a positive atmosphere with the crew are crucial for safety and morale on long\u2011distance flights, and they make correct decisions quickly, supporting calm handling of in\u2011flight challenges. The main uncertainty is their difficulty communicating ideas and egocentric attitude, which could hinder crew coordination.\nMETADATA_JSON:\n{\"agent\": \"agent_1\", \"vote\": \"Candidate C\"}"}
2026-05-17 00:07:52,060 - INFO - Agent turns: 12
2026-05-17 00:07:56,437 - INFO - Tokens - Input: 3131, Output: 263, Total: 3394
2026-05-17 00:07:56,439 - INFO - Memory updates: 34
{"id": 51, "ts": 1778969276.4400334, "event": "memory_updated", "agent": "agent_2", "round": 4}
2026-05-17 00:07:56,807 - INFO - Tokens - Input: 3247, Output: 301, Total: 3548
2026-05-17 00:07:56,810 - INFO - Memory updates: 35
{"id": 52, "ts": 1778969276.810727, "event": "memory_updated", "agent": "agent_3", "round": 4}
2026-05-17 00:07:57,449 - INFO - Tokens - Input: 3188, Output: 386, Total: 3574
2026-05-17 00:07:57,452 - INFO - Memory updates: 36
{"id": 53, "ts": 1778969277.452637, "event": "memory_updated", "agent": "agent_1", "round": 4}
2026-05-17 00:07:57,461 - INFO - Loop 4 completed
{"id": 54, "ts": 1778969277.466999, "event": "discussion_order", "round": 5, "order": ["agent_1", "agent_3", "agent_2"]}
2026-05-17 00:07:59,366 - INFO - Tokens - Input: 3610, Output: 159, Total: 3769
{"id": 55, "ts": 1778969279.3681543, "event": "public_discussion_message", "round": 5, "agent": "agent_1", "message": "I continue to prefer **Candidate\u202fC**. Their 100\u202f% reliability and ability to create a positive crew atmosphere are essential for safety and morale on long\u2011distance flights, and they make correct decisions quickly, supporting calm handling of in\u2011flight challenges. The main uncertainty is their difficulty communicating ideas and egocentric attitude, which could hinder crew coordination.\nMETADATA_JSON:\n{\"agent\": \"agent_1\", \"vote\": \"Candidate C\"}"}
2026-05-17 00:07:59,368 - INFO - Agent turns: 13
2026-05-17 00:08:05,803 - INFO - Tokens - Input: 3231, Output: 465, Total: 3696
2026-05-17 00:08:05,807 - INFO - Memory updates: 37
{"id": 56, "ts": 1778969285.8072429, "event": "memory_updated", "agent": "agent_2", "round": 5}
2026-05-17 00:08:06,128 - INFO - Tokens - Input: 3347, Output: 499, Total: 3846
2026-05-17 00:08:06,131 - INFO - Memory updates: 38
{"id": 57, "ts": 1778969286.13184, "event": "memory_updated", "agent": "agent_3", "round": 5}
2026-05-17 00:08:19,091 - INFO - Tokens - Input: 3288, Output: 2130, Total: 5418
2026-05-17 00:08:19,095 - INFO - Memory updates: 39
{"id": 58, "ts": 1778969299.0955656, "event": "memory_updated", "agent": "agent_1", "round": 5}
2026-05-17 00:08:20,728 - INFO - Tokens - Input: 3769, Output: 138, Total: 3907
{"id": 59, "ts": 1778969300.729618, "event": "public_discussion_message", "round": 5, "agent": "agent_3", "message": "I still prefer Candidate\u202fB. Their strong conscientiousness and excellent stress\u2011handling ability make them reliable for long\u2011haul flights, and their skill in assessing weather conditions is critical for safe route planning. The main uncertainty is whether their pretentious attitude and occasional wrong tone could undermine crew cooperation and morale.\nMETADATA_JSON:\n{\"agent\": \"agent_3\", \"vote\": \"Candidate B\"}"}
2026-05-17 00:08:20,729 - INFO - Agent turns: 14
2026-05-17 00:08:26,386 - INFO - Tokens - Input: 4185, Output: 325, Total: 4510
2026-05-17 00:08:26,390 - INFO - Memory updates: 40
{"id": 60, "ts": 1778969306.3904896, "event": "memory_updated", "agent": "agent_1", "round": 5}
2026-05-17 00:08:27,107 - INFO - Tokens - Input: 3435, Output: 397, Total: 3832
2026-05-17 00:08:27,110 - INFO - Memory updates: 41
{"id": 61, "ts": 1778969307.1107259, "event": "memory_updated", "agent": "agent_3", "round": 5}
2026-05-17 00:08:28,626 - INFO - Tokens - Input: 3319, Output: 591, Total: 3910
2026-05-17 00:08:28,630 - INFO - Memory updates: 42
{"id": 62, "ts": 1778969308.6303704, "event": "memory_updated", "agent": "agent_2", "round": 5}
2026-05-17 00:08:30,629 - INFO - Tokens - Input: 3741, Output: 160, Total: 3901
{"id": 63, "ts": 1778969310.630745, "event": "public_discussion_message", "round": 5, "agent": "agent_2", "message": "I continue to favor **Candidate\u202fC** because they are known to be 100\u202f% reliable and create a positive crew atmosphere\u2014both vital for safety and morale on long\u2011distance flights. Their ability to make quick, correct decisions while staying calm in a crisis supports effective handling of in\u2011flight challenges.\n**Trade\u2011off/uncertainty:** Their difficulty communicating ideas and egocentric attitude could hinder crew coordination and teamwork.\nMETADATA_JSON:\n{\"agent\": \"agent_2\", \"vote\": \"Candidate C\"}"}
2026-05-17 00:08:30,630 - INFO - Agent turns: 15
2026-05-17 00:08:35,210 - INFO - Tokens - Input: 3434, Output: 241, Total: 3675
2026-05-17 00:08:35,212 - INFO - Memory updates: 43
{"id": 64, "ts": 1778969315.2126796, "event": "memory_updated", "agent": "agent_2", "round": 5}
2026-05-17 00:08:36,051 - INFO - Tokens - Input: 4300, Output: 328, Total: 4628
2026-05-17 00:08:36,055 - INFO - Memory updates: 44
{"id": 65, "ts": 1778969316.0558774, "event": "memory_updated", "agent": "agent_1", "round": 5}
2026-05-17 00:08:42,732 - INFO - Tokens - Input: 3550, Output: 1171, Total: 4721
2026-05-17 00:08:42,735 - INFO - Memory updates: 45
{"id": 66, "ts": 1778969322.7357857, "event": "memory_updated", "agent": "agent_3", "round": 5}
2026-05-17 00:08:42,745 - INFO - Loop 5 completed
2026-05-17 00:08:42,745 - INFO - Final Chosen Candidate: Candidate C
2026-05-17 00:08:42,745 - INFO - Final Decision Method: max_round_majority_vote
2026-05-17 00:08:42,745 - INFO - Final Vote Count: {'Candidate C': 2, 'Candidate B': 1}
2026-05-17 00:08:42,746 - INFO - Correct Candidate: Candidate C
2026-05-17 00:08:42,746 - INFO - Decision Correct: 1
{"id": 67, "ts": 1778969323.4846382, "event": "context_consistency_calculated", "method": "weighted_section_embedding_cosine", "mean_pairwise_similarity": 0.827212, "pairwise": [{"agent_a": "agent_1", "agent_b": "agent_2", "similarity": 0.812191, "sections": [{"section": "task_summary", "weight": 0.02, "similarity": 0.97812}, {"section": "revealed_facts_by_source", "weight": 0.3, "similarity": 0.883196}, {"section": "candidate_evaluation", "weight": 0.35, "similarity": 0.781875}, {"section": "other_agents_positions", "weight": 0.15, "similarity": 0.939291}, {"section": "emerging_group_view", "weight": 0.13, "similarity": 0.725635}, {"section": "open_questions_next_step_focus", "weight": 0.05, "similarity": 0.375748}]}, {"agent_a": "agent_1", "agent_b": "agent_3", "similarity": 0.846732, "sections": [{"section": "task_summary", "weight": 0.02, "similarity": 0.97812}, {"section": "revealed_facts_by_source", "weight": 0.3, "similarity": 0.827711}, {"section": "candidate_evaluation", "weight": 0.35, "similarity": 0.895001}, {"section": "other_agents_positions", "weight": 0.15, "similarity": 0.925501}, {"section": "emerging_group_view", "weight": 0.13, "similarity": 0.721738}, {"section": "open_questions_next_step_focus", "weight": 0.05, "similarity": 0.65909}]}, {"agent_a": "agent_2", "agent_b": "agent_3", "similarity": 0.822712, "sections": [{"section": "task_summary", "weight": 0.02, "similarity": 1.0}, {"section": "revealed_facts_by_source", "weight": 0.3, "similarity": 0.874741}, {"section": "candidate_evaluation", "weight": 0.35, "similarity": 0.828521}, {"section": "other_agents_positions", "weight": 0.15, "similarity": 0.949618}, {"section": "emerging_group_view", "weight": 0.13, "similarity": 0.645703}, {"section": "open_questions_next_step_focus", "weight": 0.05, "similarity": 0.478468}]}]}
{"id": 68, "ts": 1778969323.4850707, "event": "gold_standard_alignment_calculated", "method": "rule_based_fact_coverage", "mean_alignment": 0.666667, "by_agent": [{"agent": "agent_1", "score": 0.65, "matched_facts": 26, "total_facts": 40, "matched_public_facts": 16, "total_public_facts": 16, "public_fact_coverage": 1.0, "matched_own_private_facts": 8, "total_own_private_facts": 8, "own_private_fact_coverage": 1.0, "matched_other_private_facts": 2, "total_other_private_facts": 16, "other_private_fact_coverage": 0.125, "checks": {"public_candidate_a_can_anticipate_dangerous_situations": 1, "public_candidate_a_is_able_to_see_complex_connections": 1, "public_candidate_a_has_excellent_spatial_vision": 1, "public_candidate_a_has_very_good_leadership_qualities": 1, "public_candidate_b_is_very_conscientious": 1, "public_candidate_b_handles_stress_very_well": 1, "public_candidate_b_is_good_at_assessing_weather_conditions": 1, "public_candidate_b_has_excellent_computer_skills": 1, "public_candidate_c_can_make_correct_decisions_quickly": 1, "public_candidate_c_has_difficulty_communicating_ideas": 1, "public_candidate_c_is_regarded_as_egocentric": 1, "public_candidate_c_is_not_very_willing_to_further_his_education": 1, "public_candidate_d_responds_to_unexpected_events_adequately": 1, "public_candidate_d_can_concentrate_very_well": 1, "public_candidate_d_solves_problems_extremely_well": 1, "public_candidate_d_takes_responsibility_seriously": 1, "agent_1_candidate_a_is_sometimes_not_good_at_taking_criticism": 1, "agent_1_candidate_a_can_be_unorganized": 1, "agent_1_candidate_b_can_be_grumpy": 1, "agent_1_candidate_b_can_be_uncooperative": 1, "agent_1_candidate_c_is_known_to_be_100_percent_reliable": 1, "agent_1_candidate_c_creates_a_positive_atmosphere_with_his_crew": 1, "agent_1_candidate_d_is_regarded_as_arrogant": 1, "agent_1_candidate_d_has_relatively_weak_leadership_skills": 1, "agent_2_candidate_a_is_regarded_as_a_show_off": 0, "agent_2_candidate_a_is_regarded_as_being_not_open_to_new_ideas": 0, "agent_2_candidate_b_has_a_relatively_weak_memory_for_numbers": 0, "agent_2_candidate_b_makes_nasty_remarks_about_his_colleagues": 0, "agent_2_candidate_c_keeps_calm_in_a_crisis": 0, "agent_2_candidate_c_understands_complicated_technology": 0, "agent_2_candidate_d_is_regarded_as_a_know_it_all": 0, "agent_2_candidate_d_has_a_hot_temper": 0, "agent_3_candidate_a_is_unfriendly": 0, "agent_3_candidate_a_eats_unhealthily": 0, "agent_3_candidate_b_is_regarded_as_pretentious": 1, "agent_3_candidate_b_sometimes_adopts_the_wrong_tone_when_communicating": 1, "agent_3_candidate_c_puts_concern_for_others_above_everything": 0, "agent_3_candidate_c_has_excellent_attention_skills": 0, "agent_3_candidate_d_is_considered_moody": 0, "agent_3_candidate_d_is_regarded_as_a_loner": 0}}, {"agent": "agent_2", "score": 0.675, "matched_facts": 27, "total_facts": 40, "matched_public_facts": 15, "total_public_facts": 16, "public_fact_coverage": 0.9375, "matched_own_private_facts": 8, "total_own_private_facts": 8, "own_private_fact_coverage": 1.0, "matched_other_private_facts": 4, "total_other_private_facts": 16, "other_private_fact_coverage": 0.25, "checks": {"public_candidate_a_can_anticipate_dangerous_situations": 1, "public_candidate_a_is_able_to_see_complex_connections": 1, "public_candidate_a_has_excellent_spatial_vision": 1, "public_candidate_a_has_very_good_leadership_qualities": 1, "public_candidate_b_is_very_conscientious": 1, "public_candidate_b_handles_stress_very_well": 1, "public_candidate_b_is_good_at_assessing_weather_conditions": 1, "public_candidate_b_has_excellent_computer_skills": 1, "public_candidate_c_can_make_correct_decisions_quickly": 1, "public_candidate_c_has_difficulty_communicating_ideas": 1, "public_candidate_c_is_regarded_as_egocentric": 1, "public_candidate_c_is_not_very_willing_to_further_his_education": 1, "public_candidate_d_responds_to_unexpected_events_adequately": 0, "public_candidate_d_can_concentrate_very_well": 1, "public_candidate_d_solves_problems_extremely_well": 1, "public_candidate_d_takes_responsibility_seriously": 1, "agent_1_candidate_a_is_sometimes_not_good_at_taking_criticism": 0, "agent_1_candidate_a_can_be_unorganized": 0, "agent_1_candidate_b_can_be_grumpy": 0, "agent_1_candidate_b_can_be_uncooperative": 0, "agent_1_candidate_c_is_known_to_be_100_percent_reliable": 1, "agent_1_candidate_c_creates_a_positive_atmosphere_with_his_crew": 1, "agent_1_candidate_d_is_regarded_as_arrogant": 0, "agent_1_candidate_d_has_relatively_weak_leadership_skills": 0, "agent_2_candidate_a_is_regarded_as_a_show_off": 1, "agent_2_candidate_a_is_regarded_as_being_not_open_to_new_ideas": 1, "agent_2_candidate_b_has_a_relatively_weak_memory_for_numbers": 1, "agent_2_candidate_b_makes_nasty_remarks_about_his_colleagues": 1, "agent_2_candidate_c_keeps_calm_in_a_crisis": 1, "agent_2_candidate_c_understands_complicated_technology": 1, "agent_2_candidate_d_is_regarded_as_a_know_it_all": 1, "agent_2_candidate_d_has_a_hot_temper": 1, "agent_3_candidate_a_is_unfriendly": 0, "agent_3_candidate_a_eats_unhealthily": 0, "agent_3_candidate_b_is_regarded_as_pretentious": 1, "agent_3_candidate_b_sometimes_adopts_the_wrong_tone_when_communicating": 1, "agent_3_candidate_c_puts_concern_for_others_above_everything": 0, "agent_3_candidate_c_has_excellent_attention_skills": 0, "agent_3_candidate_d_is_considered_moody": 0, "agent_3_candidate_d_is_regarded_as_a_loner": 0}}, {"agent": "agent_3", "score": 0.675, "matched_facts": 27, "total_facts": 40, "matched_public_facts": 16, "total_public_facts": 16, "public_fact_coverage": 1.0, "matched_own_private_facts": 8, "total_own_private_facts": 8, "own_private_fact_coverage": 1.0, "matched_other_private_facts": 3, "total_other_private_facts": 16, "other_private_fact_coverage": 0.1875, "checks": {"public_candidate_a_can_anticipate_dangerous_situations": 1, "public_candidate_a_is_able_to_see_complex_connections": 1, "public_candidate_a_has_excellent_spatial_vision": 1, "public_candidate_a_has_very_good_leadership_qualities": 1, "public_candidate_b_is_very_conscientious": 1, "public_candidate_b_handles_stress_very_well": 1, "public_candidate_b_is_good_at_assessing_weather_conditions": 1, "public_candidate_b_has_excellent_computer_skills": 1, "public_candidate_c_can_make_correct_decisions_quickly": 1, "public_candidate_c_has_difficulty_communicating_ideas": 1, "public_candidate_c_is_regarded_as_egocentric": 1, "public_candidate_c_is_not_very_willing_to_further_his_education": 1, "public_candidate_d_responds_to_unexpected_events_adequately": 1, "public_candidate_d_can_concentrate_very_well": 1, "public_candidate_d_solves_problems_extremely_well": 1, "public_candidate_d_takes_responsibility_seriously": 1, "agent_1_candidate_a_is_sometimes_not_good_at_taking_criticism": 0, "agent_1_candidate_a_can_be_unorganized": 0, "agent_1_candidate_b_can_be_grumpy": 0, "agent_1_candidate_b_can_be_uncooperative": 0, "agent_1_candidate_c_is_known_to_be_100_percent_reliable": 1, "agent_1_candidate_c_creates_a_positive_atmosphere_with_his_crew": 1, "agent_1_candidate_d_is_regarded_as_arrogant": 0, "agent_1_candidate_d_has_relatively_weak_leadership_skills": 0, "agent_2_candidate_a_is_regarded_as_a_show_off": 0, "agent_2_candidate_a_is_regarded_as_being_not_open_to_new_ideas": 0, "agent_2_candidate_b_has_a_relatively_weak_memory_for_numbers": 0, "agent_2_candidate_b_makes_nasty_remarks_about_his_colleagues": 0, "agent_2_candidate_c_keeps_calm_in_a_crisis": 1, "agent_2_candidate_c_understands_complicated_technology": 0, "agent_2_candidate_d_is_regarded_as_a_know_it_all": 0, "agent_2_candidate_d_has_a_hot_temper": 0, "agent_3_candidate_a_is_unfriendly": 1, "agent_3_candidate_a_eats_unhealthily": 1, "agent_3_candidate_b_is_regarded_as_pretentious": 1, "agent_3_candidate_b_sometimes_adopts_the_wrong_tone_when_communicating": 1, "agent_3_candidate_c_puts_concern_for_others_above_everything": 1, "agent_3_candidate_c_has_excellent_attention_skills": 1, "agent_3_candidate_d_is_considered_moody": 1, "agent_3_candidate_d_is_regarded_as_a_loner": 1}}]}
{"id": 69, "ts": 1778969323.4852273, "event": "agent_memories_archived", "directory": "/home/lhegemann/git/bachelor_thesis/01_data/raw/simulations/moderate/moderate_treatment_20260516_211353_018/shared_mental_models", "round": 5}
{"id": 70, "ts": 1778969323.485268, "event": "final_decision", "candidate": "Candidate C", "method": "max_round_majority_vote", "vote_count": {"Candidate C": 2, "Candidate B": 1}, "correct_candidate": "Candidate C", "decision_correct": 1, "round": 5}
2026-05-17 00:08:43,497 - INFO - ======================================================================
2026-05-17 00:08:43,497 - INFO - SIMULATION METRICS
2026-05-17 00:08:43,497 - INFO - ======================================================================
2026-05-17 00:08:43,497 - INFO - Total Loops: 5
2026-05-17 00:08:43,498 - INFO - Agent Turns (no vote checker): 15
2026-05-17 00:08:43,498 - INFO - Agent Tool Calls: 0
2026-05-17 00:08:43,498 - INFO - Agent Tool Messages: 0
2026-05-17 00:08:43,498 - INFO - Memory Updates: 45
2026-05-17 00:08:43,498 - INFO - Total Messages (no vote checker): 15
2026-05-17 00:08:43,498 - INFO - Input Tokens: 170002
2026-05-17 00:08:43,498 - INFO - Output Tokens: 38621
2026-05-17 00:08:43,498 - INFO - Total Tokens: 208623
2026-05-17 00:08:43,498 - INFO - Final Chosen Candidate: Candidate C
2026-05-17 00:08:43,498 - INFO - Final Decision Method: max_round_majority_vote
2026-05-17 00:08:43,498 - INFO - Final Vote Count: {'Candidate C': 2, 'Candidate B': 1}
2026-05-17 00:08:43,498 - INFO - Correct Candidate: Candidate C
2026-05-17 00:08:43,498 - INFO - Decision Correct: 1
2026-05-17 00:08:43,498 - INFO - Runtime: 237.24s
2026-05-17 00:08:43,498 - INFO - ======================================================================
