2026-05-07 22:33:06,780 - INFO - Metrics tracker initialized
{"id": 1, "ts": 1778185986.805849, "event": "memory_reset"}
{"id": 2, "ts": 1778185986.8104553, "event": "discussion_order", "round": 1, "order": ["agent_2", "agent_3", "agent_1"]}
2026-05-07 22:33:13,548 - INFO - Tokens - Input: 1422, Output: 650, Total: 2072
{"id": 3, "ts": 1778185993.5506275, "event": "public_discussion_message", "round": 1, "agent": "agent_2", "message": "I currently favor **Candidate\u202fB**. Their strong conscientiousness suggests high reliability, and their ability to handle stress well is crucial for long\u2011distance flights. However, their tendency to make nasty remarks toward colleagues raises a serious cooperation concern that could affect crew dynamics.\nMETADATA_JSON:\n{\"agent\": \"agent_2\", \"vote\": \"Candidate B\"}"}
2026-05-07 22:33:13,550 - INFO - Agent turns: 1
2026-05-07 22:33:18,605 - INFO - Tokens - Input: 1557, Output: 746, Total: 2303
{"id": 4, "ts": 1778185998.6074817, "event": "public_discussion_message", "round": 1, "agent": "agent_3", "message": "I currently favor **Candidate\u202fB**. Their very conscientious nature indicates high reliability, and their ability to handle stress well is essential for the long\u2011distance flights we operate. These traits directly support consistent, safe performance under the demanding conditions of extended routes.\n**Trade\u2011off/uncertainty:** Candidate\u202fB is regarded as pretentious and sometimes uses the wrong tone when communicating, which raises concerns about crew cooperation and cockpit harmony.\nMETADATA_JSON:\n{\"agent\": \"agent_3\", \"vote\": \"Candidate B\"}"}
2026-05-07 22:33:18,607 - INFO - Agent turns: 2
2026-05-07 22:33:25,321 - INFO - Tokens - Input: 1712, Output: 805, Total: 2517
{"id": 5, "ts": 1778186005.3228862, "event": "public_discussion_message", "round": 1, "agent": "agent_1", "message": "I currently favor **Candidate\u202fA**. Their ability to anticipate dangerous situations, see complex connections, and excellent spatial vision provide strong technical competence essential for long\u2011distance navigation, while their very good leadership qualities support crew coordination and responsibility.\n**Trade\u2011off/uncertainty:** Candidate\u202fA can be unorganized and is sometimes poor at taking criticism, which could hinder teamwork and cockpit harmony.\nMETADATA_JSON:\n{\"agent\": \"agent_1\", \"vote\": \"Candidate A\"}"}
2026-05-07 22:33:25,323 - INFO - Agent turns: 3
2026-05-07 22:33:25,332 - INFO - Loop 1 completed
{"id": 6, "ts": 1778186005.3387773, "event": "discussion_order", "round": 2, "order": ["agent_1", "agent_2", "agent_3"]}
2026-05-07 22:33:30,194 - INFO - Tokens - Input: 1735, Output: 664, Total: 2399
{"id": 7, "ts": 1778186010.1962576, "event": "public_discussion_message", "round": 2, "agent": "agent_1", "message": "I continue to favor **Candidate\u202fA**. Their strong technical competence\u2014anticipating dangerous situations, seeing complex connections, and excellent spatial vision\u2014directly supports the navigation and situational awareness needed for long\u2011distance flights. Additionally, their very good leadership qualities help ensure crew coordination and responsibility.\n**Trade\u2011off/uncertainty:** Candidate\u202fA can be unorganized and sometimes struggles with criticism, which could hinder teamwork and cockpit harmony.\nMETADATA_JSON:\n{\"agent\": \"agent_1\", \"vote\": \"Candidate A\"}"}
2026-05-07 22:33:30,196 - INFO - Agent turns: 4
2026-05-07 22:33:36,379 - INFO - Tokens - Input: 1941, Output: 984, Total: 2925
{"id": 8, "ts": 1778186016.3814378, "event": "public_discussion_message", "round": 2, "agent": "agent_2", "message": "I now favor **Candidate\u202fA**. Their ability to anticipate dangerous situations, see complex connections, and excellent spatial vision give them the strongest technical competence for long\u2011distance navigation, while their very good leadership qualities support crew coordination and responsibility.\n**Trade\u2011off/uncertainty:** Candidate\u202fA is regarded as a show\u2011off, not open to new ideas, and can be unorganized and resistant to criticism, which could hinder teamwork and cockpit harmony.\nMETADATA_JSON:\n{\"agent\": \"agent_2\", \"vote\": \"Candidate A\"}"}
2026-05-07 22:33:36,381 - INFO - Agent turns: 5
2026-05-07 22:33:43,007 - INFO - Tokens - Input: 2056, Output: 934, Total: 2990
{"id": 9, "ts": 1778186023.0086002, "event": "public_discussion_message", "round": 2, "agent": "agent_3", "message": "I continue to favor **Candidate\u202fB**. Their very conscientious nature supports high reliability, and their ability to handle stress well is essential for the long\u2011duration, high\u2011pressure environment of long\u2011distance flights. Additionally, their skill in assessing weather conditions and strong computer abilities provide solid technical competence for modern navigation tasks.\n**Trade\u2011off/uncertainty:** Candidate\u202fB is regarded as pretentious and sometimes uses the wrong tone when communicating, which could undermine crew cooperation and cockpit harmony.\nMETADATA_JSON:\n{\"agent\": \"agent_3\", \"vote\": \"Candidate B\"}"}
2026-05-07 22:33:43,008 - INFO - Agent turns: 6
2026-05-07 22:33:43,018 - INFO - Loop 2 completed
{"id": 10, "ts": 1778186023.0230927, "event": "discussion_order", "round": 3, "order": ["agent_1", "agent_2", "agent_3"]}
2026-05-07 22:33:44,167 - INFO - Tokens - Input: 2099, Output: 193, Total: 2292
{"id": 11, "ts": 1778186024.1687412, "event": "public_discussion_message", "round": 3, "agent": "agent_1", "message": "I continue to favor **Candidate\u202fA**. Their ability to anticipate dangerous situations, see complex connections, and excellent spatial vision give them the strongest technical competence for long\u2011distance navigation, while their very good leadership qualities support crew coordination and responsibility.\n**Trade\u2011off/uncertainty:** Candidate\u202fA can be unorganized and resistant to criticism, which may hinder teamwork and cockpit harmony.\nMETADATA_JSON:\n{\"agent\": \"agent_1\", \"vote\": \"Candidate A\"}"}
2026-05-07 22:33:44,168 - INFO - Agent turns: 7
2026-05-07 22:33:50,062 - INFO - Tokens - Input: 2283, Output: 899, Total: 3182
{"id": 12, "ts": 1778186030.0637305, "event": "public_discussion_message", "round": 3, "agent": "agent_2", "message": "I now favor **Candidate\u202fD**. Their exceptional problem\u2011solving ability, strong concentration, and serious sense of responsibility give them solid technical competence and reliability for long\u2011distance navigation, while their capacity to respond adequately to unexpected events supports calmness under pressure.\n**Trade\u2011off/uncertainty:** Candidate\u202fD is regarded as a know\u2011it\u2011all and has a hot temper, which could undermine crew cooperation and cockpit harmony.\nMETADATA_JSON:\n{\"agent\": \"agent_2\", \"vote\": \"Candidate D\"}"}
2026-05-07 22:33:50,063 - INFO - Agent turns: 8
2026-05-07 22:33:58,205 - INFO - Tokens - Input: 2403, Output: 997, Total: 3400
{"id": 13, "ts": 1778186038.206997, "event": "public_discussion_message", "round": 3, "agent": "agent_3", "message": "I now favor **Candidate\u202fD**. Their exceptional problem\u2011solving ability, strong concentration, and serious sense of responsibility give them solid technical competence and reliability for long\u2011distance navigation, while their capacity to respond adequately to unexpected events supports calmness under pressure.\n**Trade\u2011off/uncertainty:** Candidate\u202fD is considered moody and a loner, which could hinder crew cooperation and cockpit harmony.\nMETADATA_JSON:\n{\"agent\": \"agent_3\", \"vote\": \"Candidate D\"}"}
2026-05-07 22:33:58,207 - INFO - Agent turns: 9
2026-05-07 22:33:58,216 - INFO - Loop 3 completed
{"id": 14, "ts": 1778186038.2222798, "event": "discussion_order", "round": 4, "order": ["agent_2", "agent_3", "agent_1"]}
2026-05-07 22:34:03,600 - INFO - Tokens - Input: 2436, Output: 643, Total: 3079
{"id": 15, "ts": 1778186043.6023757, "event": "public_discussion_message", "round": 4, "agent": "agent_2", "message": "I continue to favor **Candidate\u202fD**. Their exceptional problem\u2011solving ability, strong concentration, and serious sense of responsibility give them solid technical competence and reliability for long\u2011distance navigation, while their capacity to respond adequately to unexpected events supports calmness under pressure.\n**Trade\u2011off:** Candidate\u202fD is regarded as a know\u2011it\u2011all and has a hot temper, which could undermine crew cooperation and cockpit harmony.\nMETADATA_JSON:\n{\"agent\": \"agent_2\", \"vote\": \"Candidate D\"}"}
2026-05-07 22:34:03,602 - INFO - Agent turns: 10
2026-05-07 22:34:12,003 - INFO - Tokens - Input: 2625, Output: 1089, Total: 3714
{"id": 16, "ts": 1778186052.0050638, "event": "public_discussion_message", "round": 4, "agent": "agent_3", "message": "I currently favor **Candidate\u202fB**. Their very conscientious nature supports high reliability, and their ability to handle stress well is essential for maintaining calm during long\u2011distance flights. Additionally, their skill in assessing weather conditions adds valuable technical competence for navigation.\n**Trade\u2011off:** Candidate\u202fB is regarded as pretentious and sometimes uses the wrong tone when communicating, which could undermine crew cooperation and cockpit harmony.\nMETADATA_JSON:\n{\"agent\": \"agent_3\", \"vote\": \"Candidate B\"}"}
2026-05-07 22:34:12,005 - INFO - Agent turns: 11
2026-05-07 22:34:18,167 - INFO - Tokens - Input: 2734, Output: 796, Total: 3530
{"id": 17, "ts": 1778186058.168794, "event": "public_discussion_message", "round": 4, "agent": "agent_1", "message": "I continue to favor **Candidate\u202fA**. Their ability to anticipate dangerous situations, see complex connections, and excellent spatial vision give them the strongest technical competence for long\u2011distance navigation, while their very good leadership qualities support crew coordination and responsibility.\n**Trade\u2011off:** Candidate\u202fA can be unorganized and resistant to criticism, which may hinder teamwork and cockpit harmony.\nMETADATA_JSON:\n{\"agent\": \"agent_1\", \"vote\": \"Candidate A\"}"}
2026-05-07 22:34:18,168 - INFO - Agent turns: 12
2026-05-07 22:34:18,178 - INFO - Loop 4 completed
{"id": 18, "ts": 1778186058.1844554, "event": "discussion_order", "round": 5, "order": ["agent_2", "agent_1", "agent_3"]}
2026-05-07 22:34:23,873 - INFO - Tokens - Input: 2768, Output: 577, Total: 3345
{"id": 19, "ts": 1778186063.8752875, "event": "public_discussion_message", "round": 5, "agent": "agent_2", "message": "I continue to favor **Candidate\u202fD**. Their exceptional problem\u2011solving ability, strong concentration, and serious sense of responsibility give them solid technical competence and reliability for long\u2011distance navigation, while their capacity to respond adequately to unexpected events supports calmness under pressure.\n**Trade\u2011off:** Candidate\u202fD is regarded as a know\u2011it\u2011all and has a hot temper, which could undermine crew cooperation and cockpit harmony.\nMETADATA_JSON:\n{\"agent\": \"agent_2\", \"vote\": \"Candidate D\"}"}
2026-05-07 22:34:23,875 - INFO - Agent turns: 13
2026-05-07 22:34:29,299 - INFO - Tokens - Input: 2955, Output: 712, Total: 3667
{"id": 20, "ts": 1778186069.3008473, "event": "public_discussion_message", "round": 5, "agent": "agent_1", "message": "I continue to favor **Candidate\u202fA**. Their ability to anticipate dangerous situations, see complex connections, and excellent spatial vision give them the strongest technical competence for long\u2011distance navigation, while their very good leadership qualities support crew coordination and responsibility.\n**Trade\u2011off:** Candidate\u202fA can be unorganized and is sometimes resistant to criticism, which could impede teamwork and cockpit harmony.\nMETADATA_JSON:\n{\"agent\": \"agent_1\", \"vote\": \"Candidate A\"}"}
2026-05-07 22:34:29,301 - INFO - Agent turns: 14
2026-05-07 22:34:36,615 - INFO - Tokens - Input: 3044, Output: 986, Total: 4030
{"id": 21, "ts": 1778186076.6173966, "event": "public_discussion_message", "round": 5, "agent": "agent_3", "message": "I currently favor **Candidate\u202fB**. Their very conscientious nature supports high reliability, and their ability to handle stress well is crucial for maintaining calm during long\u2011distance flights. Additionally, their skill in assessing weather conditions and strong computer abilities provide solid technical competence for modern navigation tasks.\n**Trade\u2011off:** Candidate\u202fB is regarded as pretentious and sometimes uses the wrong tone when communicating, which could undermine crew cooperation and cockpit harmony.\nMETADATA_JSON:\n{\"agent\": \"agent_3\", \"vote\": \"Candidate B\"}"}
2026-05-07 22:34:36,617 - INFO - Agent turns: 15
2026-05-07 22:34:36,650 - INFO - Loop 5 completed
2026-05-07 22:34:36,651 - INFO - Final Chosen Candidate: None
2026-05-07 22:34:36,651 - INFO - Final Decision Method: max_round_no_majority
2026-05-07 22:34:36,651 - INFO - Final Vote Count: {'Candidate A': 1, 'Candidate D': 1, 'Candidate B': 1}
2026-05-07 22:34:36,651 - INFO - Correct Candidate: Candidate C
2026-05-07 22:34:36,651 - INFO - Decision Correct: 0
{"id": 22, "ts": 1778186076.6533601, "event": "context_consistency_not_applicable", "reason": "explicit_smm_memory_disabled"}
{"id": 23, "ts": 1778186076.6535068, "event": "final_decision", "candidate": null, "method": "max_round_no_majority", "vote_count": {"Candidate A": 1, "Candidate D": 1, "Candidate B": 1}, "correct_candidate": "Candidate C", "decision_correct": 0, "round": 5}
2026-05-07 22:34:36,664 - INFO - ======================================================================
2026-05-07 22:34:36,665 - INFO - SIMULATION METRICS
2026-05-07 22:34:36,665 - INFO - ======================================================================
2026-05-07 22:34:36,665 - INFO - Total Loops: 5
2026-05-07 22:34:36,665 - INFO - Agent Turns (no vote checker): 15
2026-05-07 22:34:36,665 - INFO - Agent Tool Calls: 0
2026-05-07 22:34:36,665 - INFO - Agent Tool Messages: 0
2026-05-07 22:34:36,665 - INFO - Memory Updates: 0
2026-05-07 22:34:36,665 - INFO - Total Messages (no vote checker): 15
2026-05-07 22:34:36,665 - INFO - Input Tokens: 33770
2026-05-07 22:34:36,665 - INFO - Output Tokens: 11675
2026-05-07 22:34:36,665 - INFO - Total Tokens: 45445
2026-05-07 22:34:36,665 - INFO - Final Chosen Candidate: None
2026-05-07 22:34:36,665 - INFO - Final Decision Method: max_round_no_majority
2026-05-07 22:34:36,665 - INFO - Final Vote Count: {'Candidate A': 1, 'Candidate D': 1, 'Candidate B': 1}
2026-05-07 22:34:36,666 - INFO - Correct Candidate: Candidate C
2026-05-07 22:34:36,666 - INFO - Decision Correct: 0
2026-05-07 22:34:36,666 - INFO - Runtime: 89.88s
2026-05-07 22:34:36,666 - INFO - ======================================================================
