2026-05-09 23:25:02,944 - INFO - Metrics tracker initialized
{"id": 1, "ts": 1778361902.9692266, "event": "memory_reset"}
{"id": 2, "ts": 1778361902.9725494, "event": "discussion_order", "round": 1, "order": ["agent_1", "agent_3", "agent_2"]}
2026-05-09 23:25:10,420 - INFO - Tokens - Input: 1686, Output: 668, Total: 2354
{"id": 3, "ts": 1778361910.4219966, "event": "public_discussion_message", "round": 1, "agent": "agent_1", "message": "Candidate C \u2013 known to be 100% reliable.\nMETADATA_JSON:\n{\"agent\": \"agent_1\", \"vote\": \"Candidate C\"}"}
2026-05-09 23:25:10,422 - INFO - Agent turns: 1
2026-05-09 23:25:19,433 - INFO - Tokens - Input: 1196, Output: 1001, Total: 2197
2026-05-09 23:25:19,436 - INFO - Memory updates: 1
{"id": 4, "ts": 1778361919.4363036, "event": "memory_updated", "agent": "agent_2", "round": 1}
2026-05-09 23:25:20,247 - INFO - Tokens - Input: 1188, Output: 1260, Total: 2448
2026-05-09 23:25:20,249 - INFO - Memory updates: 2
{"id": 5, "ts": 1778361920.24972, "event": "memory_updated", "agent": "agent_3", "round": 1}
2026-05-09 23:25:21,357 - INFO - Tokens - Input: 1193, Output: 1103, Total: 2296
2026-05-09 23:25:21,359 - INFO - Memory updates: 3
{"id": 6, "ts": 1778361921.3594148, "event": "memory_updated", "agent": "agent_1", "round": 1}
2026-05-09 23:25:26,121 - INFO - Tokens - Input: 2174, Output: 536, Total: 2710
{"id": 7, "ts": 1778361926.1230047, "event": "public_discussion_message", "round": 1, "agent": "agent_3", "message": "I prefer Candidate C \u2013 known to be 100% reliable.\nMETADATA_JSON:\n{\"agent\": \"agent_3\", \"vote\": \"Candidate C\"}"}
2026-05-09 23:25:26,123 - INFO - Agent turns: 2
2026-05-09 23:25:33,900 - INFO - Tokens - Input: 1653, Output: 899, Total: 2552
2026-05-09 23:25:33,902 - INFO - Memory updates: 4
{"id": 8, "ts": 1778361933.902722, "event": "memory_updated", "agent": "agent_2", "round": 1}
2026-05-09 23:25:34,826 - INFO - Tokens - Input: 1636, Output: 919, Total: 2555
2026-05-09 23:25:34,827 - INFO - Memory updates: 5
{"id": 9, "ts": 1778361934.8279295, "event": "memory_updated", "agent": "agent_1", "round": 1}
2026-05-09 23:25:35,599 - INFO - Tokens - Input: 1690, Output: 1112, Total: 2802
2026-05-09 23:25:35,601 - INFO - Memory updates: 6
{"id": 10, "ts": 1778361935.6014872, "event": "memory_updated", "agent": "agent_3", "round": 1}
2026-05-09 23:25:39,857 - INFO - Tokens - Input: 2223, Output: 398, Total: 2621
{"id": 11, "ts": 1778361939.8590283, "event": "public_discussion_message", "round": 1, "agent": "agent_2", "message": "Candidate A \u2013 excellent spatial vision.\nMETADATA_JSON:\n{\"agent\": \"agent_2\", \"vote\": \"Candidate A\"}"}
2026-05-09 23:25:39,859 - INFO - Agent turns: 3
2026-05-09 23:25:49,591 - INFO - Tokens - Input: 1727, Output: 955, Total: 2682
2026-05-09 23:25:49,593 - INFO - Memory updates: 7
{"id": 12, "ts": 1778361949.5932674, "event": "memory_updated", "agent": "agent_2", "round": 1}
2026-05-09 23:25:50,611 - INFO - Tokens - Input: 1698, Output: 1016, Total: 2714
2026-05-09 23:25:50,613 - INFO - Memory updates: 8
{"id": 13, "ts": 1778361950.6137605, "event": "memory_updated", "agent": "agent_1", "round": 1}
2026-05-09 23:25:51,931 - INFO - Tokens - Input: 1855, Output: 1201, Total: 3056
2026-05-09 23:25:51,932 - INFO - Memory updates: 9
{"id": 14, "ts": 1778361951.9330943, "event": "memory_updated", "agent": "agent_3", "round": 1}
2026-05-09 23:25:51,941 - INFO - Loop 1 completed
{"id": 15, "ts": 1778361951.9475293, "event": "discussion_order", "round": 2, "order": ["agent_3", "agent_1", "agent_2"]}
2026-05-09 23:25:53,243 - INFO - Tokens - Input: 2415, Output: 119, Total: 2534
{"id": 16, "ts": 1778361953.2451837, "event": "public_discussion_message", "round": 2, "agent": "agent_3", "message": "I still favor Candidate C \u2013 puts concern for others above everything.\nMETADATA_JSON:\n{\"agent\": \"agent_3\", \"vote\": \"Candidate C\"}"}
2026-05-09 23:25:53,245 - INFO - Agent turns: 4
2026-05-09 23:26:03,605 - INFO - Tokens - Input: 1836, Output: 1078, Total: 2914
2026-05-09 23:26:03,607 - INFO - Memory updates: 10
{"id": 17, "ts": 1778361963.6072593, "event": "memory_updated", "agent": "agent_2", "round": 2}
2026-05-09 23:26:05,445 - INFO - Tokens - Input: 1763, Output: 1235, Total: 2998
2026-05-09 23:26:05,447 - INFO - Memory updates: 11
{"id": 18, "ts": 1778361965.4476871, "event": "memory_updated", "agent": "agent_1", "round": 2}
2026-05-09 23:26:06,947 - INFO - Tokens - Input: 1913, Output: 1581, Total: 3494
2026-05-09 23:26:06,949 - INFO - Memory updates: 12
{"id": 19, "ts": 1778361966.9494538, "event": "memory_updated", "agent": "agent_3", "round": 2}
2026-05-09 23:26:09,577 - INFO - Tokens - Input: 2443, Output: 100, Total: 2543
{"id": 20, "ts": 1778361969.578714, "event": "public_discussion_message", "round": 2, "agent": "agent_1", "message": "Candidate C \u2013 100\u202f% reliable.\nMETADATA_JSON:\n{\"agent\": \"agent_1\", \"vote\": \"Candidate C\"}"}
2026-05-09 23:26:09,578 - INFO - Agent turns: 5
2026-05-09 23:26:17,038 - INFO - Tokens - Input: 1977, Output: 928, Total: 2905
2026-05-09 23:26:17,040 - INFO - Memory updates: 13
{"id": 21, "ts": 1778361977.040285, "event": "memory_updated", "agent": "agent_3", "round": 2}
2026-05-09 23:26:17,351 - INFO - Tokens - Input: 1951, Output: 1001, Total: 2952
2026-05-09 23:26:17,355 - INFO - Memory updates: 14
{"id": 22, "ts": 1778361977.3554122, "event": "memory_updated", "agent": "agent_1", "round": 2}
2026-05-09 23:26:20,023 - INFO - Tokens - Input: 1891, Output: 1296, Total: 3187
2026-05-09 23:26:20,025 - INFO - Memory updates: 15
{"id": 23, "ts": 1778361980.0259752, "event": "memory_updated", "agent": "agent_2", "round": 2}
2026-05-09 23:26:24,313 - INFO - Tokens - Input: 2411, Output: 518, Total: 2929
{"id": 24, "ts": 1778361984.314483, "event": "public_discussion_message", "round": 2, "agent": "agent_2", "message": "Candidate C \u2013 100% reliable.\nMETADATA_JSON:\n{\"agent\": \"agent_2\", \"vote\": \"Candidate C\"}"}
2026-05-09 23:26:24,314 - INFO - Agent turns: 6
2026-05-09 23:26:31,308 - INFO - Tokens - Input: 1917, Output: 959, Total: 2876
2026-05-09 23:26:31,309 - INFO - Memory updates: 16
{"id": 25, "ts": 1778361991.3100982, "event": "memory_updated", "agent": "agent_2", "round": 2}
2026-05-09 23:26:33,735 - INFO - Tokens - Input: 1972, Output: 1070, Total: 3042
2026-05-09 23:26:33,737 - INFO - Memory updates: 17
{"id": 26, "ts": 1778361993.7372022, "event": "memory_updated", "agent": "agent_1", "round": 2}
2026-05-09 23:26:34,063 - INFO - Tokens - Input: 1626, Output: 1144, Total: 2770
2026-05-09 23:26:34,064 - INFO - Memory updates: 18
{"id": 27, "ts": 1778361994.0649762, "event": "memory_updated", "agent": "agent_3", "round": 2}
2026-05-09 23:26:34,073 - INFO - Loop 2 completed
2026-05-09 23:26:34,074 - INFO - Final Chosen Candidate: Candidate C
2026-05-09 23:26:34,074 - INFO - Final Decision Method: consensus
2026-05-09 23:26:34,074 - INFO - Final Vote Count: {'Candidate C': 3}
2026-05-09 23:26:34,074 - INFO - Correct Candidate: Candidate C
2026-05-09 23:26:34,074 - INFO - Decision Correct: 1
{"id": 28, "ts": 1778361994.4110405, "event": "context_consistency_calculated", "method": "embedding_cosine", "mean_pairwise_similarity": 0.827324, "pairwise": [{"agent_a": "agent_1", "agent_b": "agent_2", "similarity": 0.925808}, {"agent_a": "agent_1", "agent_b": "agent_3", "similarity": 0.799549}, {"agent_a": "agent_2", "agent_b": "agent_3", "similarity": 0.756614}]}
{"id": 29, "ts": 1778361994.4112144, "event": "gold_standard_alignment_calculated", "method": "rule_based_binary_checks", "mean_alignment": 0.5, "by_agent": [{"agent": "agent_1", "score": 0.375, "checks": {"favorite_is_c": 1, "c_reliability": 1, "c_calmness": 0, "c_attention": 0, "c_crew_fit": 1, "a_risks": 0, "b_risks": 0, "d_risks": 0}}, {"agent": "agent_2", "score": 0.5, "checks": {"favorite_is_c": 1, "c_reliability": 1, "c_calmness": 0, "c_attention": 1, "c_crew_fit": 1, "a_risks": 0, "b_risks": 0, "d_risks": 0}}, {"agent": "agent_3", "score": 0.625, "checks": {"favorite_is_c": 1, "c_reliability": 1, "c_calmness": 1, "c_attention": 1, "c_crew_fit": 1, "a_risks": 0, "b_risks": 0, "d_risks": 0}}]}
{"id": 30, "ts": 1778361994.4113493, "event": "agent_memories_archived", "directory": "/home/lhegemann/git/bachelor_thesis/01_data/raw/simulations/low/low_treatment_20260509_224515_011/shared_mental_models", "round": 2}
{"id": 31, "ts": 1778361994.4114501, "event": "final_decision", "candidate": "Candidate C", "method": "consensus", "vote_count": {"Candidate C": 3}, "correct_candidate": "Candidate C", "decision_correct": 1, "round": 2}
2026-05-09 23:26:34,419 - INFO - ======================================================================
2026-05-09 23:26:34,419 - INFO - SIMULATION METRICS
2026-05-09 23:26:34,420 - INFO - ======================================================================
2026-05-09 23:26:34,420 - INFO - Total Loops: 2
2026-05-09 23:26:34,420 - INFO - Agent Turns (no vote checker): 6
2026-05-09 23:26:34,420 - INFO - Agent Tool Calls: 0
2026-05-09 23:26:34,420 - INFO - Agent Tool Messages: 0
2026-05-09 23:26:34,420 - INFO - Memory Updates: 18
2026-05-09 23:26:34,420 - INFO - Total Messages (no vote checker): 6
2026-05-09 23:26:34,420 - INFO - Input Tokens: 44034
2026-05-09 23:26:34,420 - INFO - Output Tokens: 22097
2026-05-09 23:26:34,420 - INFO - Total Tokens: 66131
2026-05-09 23:26:34,420 - INFO - Final Chosen Candidate: Candidate C
2026-05-09 23:26:34,420 - INFO - Final Decision Method: consensus
2026-05-09 23:26:34,420 - INFO - Final Vote Count: {'Candidate C': 3}
2026-05-09 23:26:34,420 - INFO - Correct Candidate: Candidate C
2026-05-09 23:26:34,421 - INFO - Decision Correct: 1
2026-05-09 23:26:34,421 - INFO - Runtime: 91.48s
2026-05-09 23:26:34,421 - INFO - ======================================================================
