2026-05-17 03:07:31,061 - INFO - Metrics tracker initialized
{"id": 1, "ts": 1778980051.0926638, "event": "memory_reset"}
{"id": 2, "ts": 1778980051.0966272, "event": "discussion_order", "round": 1, "order": ["agent_1", "agent_2", "agent_3"]}
2026-05-17 03:07:35,394 - INFO - Tokens - Input: 1414, Output: 371, Total: 1785
{"id": 3, "ts": 1778980055.395282, "event": "public_discussion_message", "round": 1, "agent": "agent_1", "message": "I prefer Candidate A \u2013 excellent spatial vision.\nMETADATA_JSON:\n{\"agent\": \"agent_1\", \"vote\": \"Candidate A\"}"}
2026-05-17 03:07:35,395 - INFO - Agent turns: 1
2026-05-17 03:07:38,416 - INFO - Tokens - Input: 1448, Output: 407, Total: 1855
{"id": 4, "ts": 1778980058.4181354, "event": "public_discussion_message", "round": 1, "agent": "agent_2", "message": "I prefer Candidate D \u2013 solves problems extremely well.\nMETADATA_JSON:\n{\"agent\": \"agent_2\", \"vote\": \"Candidate D\"}"}
2026-05-17 03:07:38,418 - INFO - Agent turns: 2
2026-05-17 03:07:41,562 - INFO - Tokens - Input: 1478, Output: 410, Total: 1888
{"id": 5, "ts": 1778980061.5642054, "event": "public_discussion_message", "round": 1, "agent": "agent_3", "message": "I prefer Candidate B \u2013 handles stress very well.\nMETADATA_JSON:\n{\"agent\": \"agent_3\", \"vote\": \"Candidate B\"}"}
2026-05-17 03:07:41,564 - INFO - Agent turns: 3
2026-05-17 03:07:41,574 - INFO - Loop 1 completed
{"id": 6, "ts": 1778980061.5804646, "event": "discussion_order", "round": 2, "order": ["agent_2", "agent_1", "agent_3"]}
2026-05-17 03:07:48,051 - INFO - Tokens - Input: 1524, Output: 854, Total: 2378
{"id": 7, "ts": 1778980068.0525105, "event": "public_discussion_message", "round": 2, "agent": "agent_2", "message": "I prefer Candidate D \u2013 solves problems extremely well.\nMETADATA_JSON:\n{\"agent\": \"agent_2\", \"vote\": \"Candidate D\"}"}
2026-05-17 03:07:48,052 - INFO - Agent turns: 4
2026-05-17 03:07:50,570 - INFO - Tokens - Input: 1559, Output: 325, Total: 1884
{"id": 8, "ts": 1778980070.5719965, "event": "public_discussion_message", "round": 2, "agent": "agent_1", "message": "I prefer Candidate A \u2013 excellent spatial vision.\nMETADATA_JSON:\n{\"agent\": \"agent_1\", \"vote\": \"Candidate A\"}"}
2026-05-17 03:07:50,572 - INFO - Agent turns: 5
2026-05-17 03:07:55,233 - INFO - Tokens - Input: 1591, Output: 608, Total: 2199
{"id": 9, "ts": 1778980075.2349432, "event": "public_discussion_message", "round": 2, "agent": "agent_3", "message": "I prefer Candidate B \u2013 handles stress very well.\nMETADATA_JSON:\n{\"agent\": \"agent_3\", \"vote\": \"Candidate B\"}"}
2026-05-17 03:07:55,235 - INFO - Agent turns: 6
2026-05-17 03:07:55,243 - INFO - Loop 2 completed
{"id": 10, "ts": 1778980075.2493417, "event": "discussion_order", "round": 3, "order": ["agent_1", "agent_2", "agent_3"]}
2026-05-17 03:07:58,714 - INFO - Tokens - Input: 1634, Output: 451, Total: 2085
{"id": 11, "ts": 1778980078.7162755, "event": "public_discussion_message", "round": 3, "agent": "agent_1", "message": "I prefer Candidate A \u2013 anticipates dangerous situations.\nMETADATA_JSON:\n{\"agent\": \"agent_1\", \"vote\": \"Candidate A\"}"}
2026-05-17 03:07:58,716 - INFO - Agent turns: 7
2026-05-17 03:08:02,908 - INFO - Tokens - Input: 1675, Output: 535, Total: 2210
{"id": 12, "ts": 1778980082.9099224, "event": "public_discussion_message", "round": 3, "agent": "agent_2", "message": "I prefer Candidate D \u2013 hot temper.\nMETADATA_JSON:\n{\"agent\": \"agent_2\", \"vote\": \"Candidate D\"}"}
2026-05-17 03:08:02,910 - INFO - Agent turns: 8
2026-05-17 03:08:08,166 - INFO - Tokens - Input: 1703, Output: 684, Total: 2387
{"id": 13, "ts": 1778980088.1674776, "event": "public_discussion_message", "round": 3, "agent": "agent_3", "message": "I prefer Candidate B \u2013 handles stress very well.\nMETADATA_JSON:\n{\"agent\": \"agent_3\", \"vote\": \"Candidate B\"}"}
2026-05-17 03:08:08,167 - INFO - Agent turns: 9
2026-05-17 03:08:08,174 - INFO - Loop 3 completed
{"id": 14, "ts": 1778980088.1781125, "event": "discussion_order", "round": 4, "order": ["agent_2", "agent_3", "agent_1"]}
2026-05-17 03:08:11,484 - INFO - Tokens - Input: 1749, Output: 421, Total: 2170
{"id": 15, "ts": 1778980091.4863744, "event": "public_discussion_message", "round": 4, "agent": "agent_2", "message": "I prefer Candidate D \u2013 hot temper.\nMETADATA_JSON:\n{\"agent\": \"agent_2\", \"vote\": \"Candidate D\"}"}
2026-05-17 03:08:11,486 - INFO - Agent turns: 10
2026-05-17 03:08:15,308 - INFO - Tokens - Input: 1777, Output: 484, Total: 2261
{"id": 16, "ts": 1778980095.3101404, "event": "public_discussion_message", "round": 4, "agent": "agent_3", "message": "I prefer Candidate B \u2013 handles stress very well.\nMETADATA_JSON:\n{\"agent\": \"agent_3\", \"vote\": \"Candidate B\"}"}
2026-05-17 03:08:15,310 - INFO - Agent turns: 11
2026-05-17 03:08:21,666 - INFO - Tokens - Input: 1820, Output: 795, Total: 2615
{"id": 17, "ts": 1778980101.6679628, "event": "public_discussion_message", "round": 4, "agent": "agent_1", "message": "I prefer Candidate A \u2013 anticipates dangerous situations.\nMETADATA_JSON:\n{\"agent\": \"agent_1\", \"vote\": \"Candidate A\"}"}
2026-05-17 03:08:21,668 - INFO - Agent turns: 12
2026-05-17 03:08:21,677 - INFO - Loop 4 completed
{"id": 18, "ts": 1778980101.6838226, "event": "discussion_order", "round": 5, "order": ["agent_1", "agent_3", "agent_2"]}
2026-05-17 03:08:25,434 - INFO - Tokens - Input: 1858, Output: 466, Total: 2324
{"id": 19, "ts": 1778980105.4357991, "event": "public_discussion_message", "round": 5, "agent": "agent_1", "message": "I prefer Candidate A \u2013 anticipates dangerous situations.\nMETADATA_JSON:\n{\"agent\": \"agent_1\", \"vote\": \"Candidate A\"}"}
2026-05-17 03:08:25,435 - INFO - Agent turns: 13
2026-05-17 03:08:29,761 - INFO - Tokens - Input: 1891, Output: 542, Total: 2433
{"id": 20, "ts": 1778980109.7627134, "event": "public_discussion_message", "round": 5, "agent": "agent_3", "message": "I prefer Candidate B \u2013 handles stress very well.\nMETADATA_JSON:\n{\"agent\": \"agent_3\", \"vote\": \"Candidate B\"}"}
2026-05-17 03:08:29,762 - INFO - Agent turns: 14
2026-05-17 03:08:33,616 - INFO - Tokens - Input: 1937, Output: 488, Total: 2425
{"id": 21, "ts": 1778980113.6182947, "event": "public_discussion_message", "round": 5, "agent": "agent_2", "message": "I prefer Candidate D \u2013 hot temper.\nMETADATA_JSON:\n{\"agent\": \"agent_2\", \"vote\": \"Candidate D\"}"}
2026-05-17 03:08:33,618 - INFO - Agent turns: 15
2026-05-17 03:08:33,627 - INFO - Loop 5 completed
2026-05-17 03:08:33,627 - INFO - Final Chosen Candidate: None
2026-05-17 03:08:33,627 - INFO - Final Decision Method: max_round_no_majority
2026-05-17 03:08:33,627 - INFO - Final Vote Count: {'Candidate A': 1, 'Candidate D': 1, 'Candidate B': 1}
2026-05-17 03:08:33,628 - INFO - Correct Candidate: Candidate C
2026-05-17 03:08:33,628 - INFO - Decision Correct: 0
{"id": 22, "ts": 1778980113.6292965, "event": "context_consistency_not_applicable", "reason": "explicit_smm_memory_disabled"}
{"id": 23, "ts": 1778980113.6294336, "event": "final_decision", "candidate": null, "method": "max_round_no_majority", "vote_count": {"Candidate A": 1, "Candidate D": 1, "Candidate B": 1}, "correct_candidate": "Candidate C", "decision_correct": 0, "round": 5}
2026-05-17 03:08:33,636 - INFO - ======================================================================
2026-05-17 03:08:33,636 - INFO - SIMULATION METRICS
2026-05-17 03:08:33,636 - INFO - ======================================================================
2026-05-17 03:08:33,636 - INFO - Total Loops: 5
2026-05-17 03:08:33,637 - INFO - Agent Turns (no vote checker): 15
2026-05-17 03:08:33,637 - INFO - Agent Tool Calls: 0
2026-05-17 03:08:33,637 - INFO - Agent Tool Messages: 0
2026-05-17 03:08:33,637 - INFO - Memory Updates: 0
2026-05-17 03:08:33,637 - INFO - Total Messages (no vote checker): 15
2026-05-17 03:08:33,637 - INFO - Input Tokens: 25058
2026-05-17 03:08:33,637 - INFO - Output Tokens: 7841
2026-05-17 03:08:33,637 - INFO - Total Tokens: 32899
2026-05-17 03:08:33,637 - INFO - Final Chosen Candidate: None
2026-05-17 03:08:33,637 - INFO - Final Decision Method: max_round_no_majority
2026-05-17 03:08:33,637 - INFO - Final Vote Count: {'Candidate A': 1, 'Candidate D': 1, 'Candidate B': 1}
2026-05-17 03:08:33,637 - INFO - Correct Candidate: Candidate C
2026-05-17 03:08:33,637 - INFO - Decision Correct: 0
2026-05-17 03:08:33,638 - INFO - Runtime: 62.58s
2026-05-17 03:08:33,638 - INFO - ======================================================================
