2026-05-06 20:05:14,055 - INFO - Metrics tracker initialized
{"id": 1, "ts": 1778090714.0796359, "event": "memory_reset"}
{"id": 2, "ts": 1778090714.0832698, "event": "discussion_order", "round": 1, "order": ["agent_2", "agent_1", "agent_3"]}
2026-05-06 20:05:20,987 - INFO - Tokens - Input: 1716, Output: 648, Total: 2364
{"id": 3, "ts": 1778090720.9888592, "event": "public_discussion_message", "round": 1, "agent": "agent_2", "message": "I lean toward Candidate\u202fA. Their ability to anticipate dangerous situations, excellent spatial vision, and strong leadership are crucial for long\u2011distance flights where situational awareness and decisive guidance are vital. However, the perception that they are a show\u2011off and resistant to new ideas raises a concern about crew cooperation and adaptability.\nMETADATA_JSON:\n{\"agent\": \"agent_2\", \"vote\": \"Candidate A\"}"}
2026-05-06 20:05:20,988 - INFO - Agent turns: 1
2026-05-06 20:05:28,602 - INFO - Tokens - Input: 1300, Output: 1246, Total: 2546
2026-05-06 20:05:28,605 - INFO - Memory updates: 1
{"id": 4, "ts": 1778090728.6052825, "event": "memory_updated", "agent": "agent_2", "round": 1}
2026-05-06 20:05:29,515 - INFO - Tokens - Input: 1297, Output: 1332, Total: 2629
2026-05-06 20:05:29,517 - INFO - Memory updates: 2
{"id": 5, "ts": 1778090729.5173347, "event": "memory_updated", "agent": "agent_1", "round": 1}
2026-05-06 20:05:31,519 - INFO - Tokens - Input: 1292, Output: 1431, Total: 2723
2026-05-06 20:05:31,521 - INFO - Memory updates: 3
{"id": 6, "ts": 1778090731.5215487, "event": "memory_updated", "agent": "agent_3", "round": 1}
2026-05-06 20:05:36,416 - INFO - Tokens - Input: 2222, Output: 681, Total: 2903
{"id": 7, "ts": 1778090736.4186132, "event": "public_discussion_message", "round": 1, "agent": "agent_1", "message": "I currently favor **Candidate\u202fC**. They are noted as 100\u202f% reliable and create a positive atmosphere with the crew, and they can make correct decisions quickly\u2014both critical for the safety and efficiency of long\u2011distance flights. The main uncertainty is their difficulty communicating ideas and egocentric demeanor, which could hinder crew coordination despite the generally positive atmosphere.\nMETADATA_JSON:\n{\"agent\": \"agent_1\", \"vote\": \"Candidate C\"}"}
2026-05-06 20:05:36,418 - INFO - Agent turns: 2
2026-05-06 20:05:44,940 - INFO - Tokens - Input: 1831, Output: 1224, Total: 3055
2026-05-06 20:05:44,942 - INFO - Memory updates: 4
{"id": 8, "ts": 1778090744.943126, "event": "memory_updated", "agent": "agent_1", "round": 1}
2026-05-06 20:05:46,896 - INFO - Tokens - Input: 2073, Output: 1343, Total: 3416
2026-05-06 20:05:46,898 - INFO - Memory updates: 5
{"id": 9, "ts": 1778090746.8989472, "event": "memory_updated", "agent": "agent_3", "round": 1}
2026-05-06 20:05:47,199 - INFO - Tokens - Input: 1865, Output: 1184, Total: 3049
2026-05-06 20:05:47,201 - INFO - Memory updates: 6
{"id": 10, "ts": 1778090747.2014043, "event": "memory_updated", "agent": "agent_2", "round": 1}
2026-05-06 20:05:52,914 - INFO - Tokens - Input: 2675, Output: 619, Total: 3294
{"id": 11, "ts": 1778090752.9184098, "event": "public_discussion_message", "round": 1, "agent": "agent_3", "message": "I currently favor **Candidate C**. Their 100\u202f% reliability and ability to create a positive crew atmosphere are critical for the safety and teamwork required on long\u2011distance flights, and they make quick, correct decisions while showing strong concern for others. The main uncertainty is their difficulty communicating ideas and egocentric demeanor, which could pose challenges for crew coordination.\nMETADATA_JSON:\n{\"agent\": \"agent_3\", \"vote\": \"Candidate C\"}"}
2026-05-06 20:05:52,918 - INFO - Agent turns: 3
2026-05-06 20:05:58,867 - INFO - Tokens - Input: 1897, Output: 1050, Total: 2947
2026-05-06 20:05:58,869 - INFO - Memory updates: 7
{"id": 12, "ts": 1778090758.8697772, "event": "memory_updated", "agent": "agent_2", "round": 1}
2026-05-06 20:06:01,256 - INFO - Tokens - Input: 2056, Output: 1127, Total: 3183
2026-05-06 20:06:01,257 - INFO - Memory updates: 8
{"id": 13, "ts": 1778090761.2578232, "event": "memory_updated", "agent": "agent_1", "round": 1}
2026-05-06 20:06:02,106 - INFO - Tokens - Input: 2282, Output: 1516, Total: 3798
2026-05-06 20:06:02,107 - INFO - Memory updates: 9
{"id": 14, "ts": 1778090762.1080775, "event": "memory_updated", "agent": "agent_3", "round": 1}
2026-05-06 20:06:02,116 - INFO - Loop 1 completed
{"id": 15, "ts": 1778090762.1219072, "event": "discussion_order", "round": 2, "order": ["agent_2", "agent_3", "agent_1"]}
2026-05-06 20:06:04,520 - INFO - Tokens - Input: 2429, Output: 360, Total: 2789
{"id": 16, "ts": 1778090764.5223026, "event": "public_discussion_message", "round": 2, "agent": "agent_2", "message": "I continue to favor **Candidate\u202fA**. Their ability to anticipate dangerous situations, excellent spatial vision, and strong leadership are vital for maintaining situational awareness and decisive guidance on long\u2011haul flights. However, the concern that they are seen as a show\u2011off and resistant to new ideas raises uncertainty about how well they will cooperate with and earn the trust of the crew.\nMETADATA_JSON:\n{\"agent\": \"agent_2\", \"vote\": \"Candidate A\"}"}
2026-05-06 20:06:04,522 - INFO - Agent turns: 4
2026-05-06 20:06:10,905 - INFO - Tokens - Input: 2024, Output: 999, Total: 3023
2026-05-06 20:06:10,907 - INFO - Memory updates: 10
{"id": 17, "ts": 1778090770.9074233, "event": "memory_updated", "agent": "agent_2", "round": 2}
2026-05-06 20:06:11,373 - INFO - Tokens - Input: 2002, Output: 939, Total: 2941
2026-05-06 20:06:11,374 - INFO - Memory updates: 11
{"id": 18, "ts": 1778090771.375024, "event": "memory_updated", "agent": "agent_1", "round": 2}
2026-05-06 20:06:14,218 - INFO - Tokens - Input: 2486, Output: 1426, Total: 3912
2026-05-06 20:06:14,220 - INFO - Memory updates: 12
{"id": 19, "ts": 1778090774.2204862, "event": "memory_updated", "agent": "agent_3", "round": 2}
2026-05-06 20:06:16,079 - INFO - Tokens - Input: 2853, Output: 232, Total: 3085
{"id": 20, "ts": 1778090776.081043, "event": "public_discussion_message", "round": 2, "agent": "agent_3", "message": "I continue to favor **Candidate\u202fC**. Their 100\u202f% reliability and ability to create a positive crew atmosphere are essential for the safety and teamwork required on long\u2011distance flights. These strengths help ensure consistent performance and a cooperative environment in the cockpit. The main uncertainty is their difficulty communicating ideas and egocentric tendency, which could hinder effective crew coordination.\nMETADATA_JSON:\n{\"agent\": \"agent_3\", \"vote\": \"Candidate C\"}"}
2026-05-06 20:06:16,081 - INFO - Agent turns: 5
2026-05-06 20:06:22,102 - INFO - Tokens - Input: 2117, Output: 1114, Total: 3231
2026-05-06 20:06:22,104 - INFO - Memory updates: 13
{"id": 21, "ts": 1778090782.1045036, "event": "memory_updated", "agent": "agent_2", "round": 2}
2026-05-06 20:06:22,334 - INFO - Tokens - Input: 2061, Output: 828, Total: 2889
2026-05-06 20:06:22,335 - INFO - Memory updates: 14
{"id": 22, "ts": 1778090782.33568, "event": "memory_updated", "agent": "agent_1", "round": 2}
2026-05-06 20:06:23,761 - INFO - Tokens - Input: 2462, Output: 1147, Total: 3609
2026-05-06 20:06:23,763 - INFO - Memory updates: 15
{"id": 23, "ts": 1778090783.7638621, "event": "memory_updated", "agent": "agent_3", "round": 2}
2026-05-06 20:06:25,310 - INFO - Tokens - Input: 2532, Output: 198, Total: 2730
{"id": 24, "ts": 1778090785.3121939, "event": "public_discussion_message", "round": 2, "agent": "agent_1", "message": "I continue to favor **Candidate\u202fC**. Their 100\u202f% reliability and ability to make quick, correct decisions are vital for the safety and efficiency of long\u2011distance flights, and they consistently create a positive atmosphere with the crew, supporting strong teamwork in the cockpit. The main uncertainty is their difficulty communicating ideas and egocentric attitude, which could hinder crew coordination and cooperation.\nMETADATA_JSON:\n{\"agent\": \"agent_1\", \"vote\": \"Candidate C\"}"}
2026-05-06 20:06:25,312 - INFO - Agent turns: 6
2026-05-06 20:06:32,517 - INFO - Tokens - Input: 2149, Output: 1096, Total: 3245
2026-05-06 20:06:32,518 - INFO - Memory updates: 16
{"id": 25, "ts": 1778090792.5188713, "event": "memory_updated", "agent": "agent_1", "round": 2}
2026-05-06 20:06:35,019 - INFO - Tokens - Input: 2468, Output: 1289, Total: 3757
2026-05-06 20:06:35,021 - INFO - Memory updates: 17
{"id": 26, "ts": 1778090795.0215316, "event": "memory_updated", "agent": "agent_3", "round": 2}
2026-05-06 20:06:36,326 - INFO - Tokens - Input: 2243, Output: 1231, Total: 3474
2026-05-06 20:06:36,327 - INFO - Memory updates: 18
{"id": 27, "ts": 1778090796.3280275, "event": "memory_updated", "agent": "agent_2", "round": 2}
2026-05-06 20:06:36,336 - INFO - Loop 2 completed
{"id": 28, "ts": 1778090796.3429918, "event": "discussion_order", "round": 3, "order": ["agent_3", "agent_1", "agent_2"]}
2026-05-06 20:06:37,875 - INFO - Tokens - Input: 3014, Output: 190, Total: 3204
{"id": 29, "ts": 1778090797.877138, "event": "public_discussion_message", "round": 3, "agent": "agent_3", "message": "I continue to favor **Candidate\u202fC**. Their 100\u202f% reliability and ability to create a positive crew atmosphere are crucial for the safety and teamwork required on long\u2011distance flights. However, their difficulty communicating ideas and egocentric demeanor remain a concern for effective cockpit coordination.\nMETADATA_JSON:\n{\"agent\": \"agent_3\", \"vote\": \"Candidate C\"}"}
2026-05-06 20:06:37,877 - INFO - Agent turns: 7
2026-05-06 20:06:45,185 - INFO - Tokens - Input: 2276, Output: 885, Total: 3161
2026-05-06 20:06:45,186 - INFO - Memory updates: 19
{"id": 30, "ts": 1778090805.186993, "event": "memory_updated", "agent": "agent_1", "round": 3}
2026-05-06 20:06:45,457 - INFO - Tokens - Input: 2573, Output: 988, Total: 3561
2026-05-06 20:06:45,458 - INFO - Memory updates: 20
{"id": 31, "ts": 1778090805.4587674, "event": "memory_updated", "agent": "agent_3", "round": 3}
2026-05-06 20:06:53,154 - INFO - Tokens - Input: 2391, Output: 1276, Total: 3667
2026-05-06 20:06:53,155 - INFO - Memory updates: 21
{"id": 32, "ts": 1778090813.1553688, "event": "memory_updated", "agent": "agent_2", "round": 3}
2026-05-06 20:06:54,991 - INFO - Tokens - Input: 2721, Output: 227, Total: 2948
{"id": 33, "ts": 1778090814.9924898, "event": "public_discussion_message", "round": 3, "agent": "agent_1", "message": "I continue to favor **Candidate\u202fC**. Their 100\u202f% reliability ensures consistent performance on long\u2011haul flights, and they consistently create a positive atmosphere with the crew, which supports the teamwork and cooperation essential in the cockpit. The main uncertainty is their difficulty communicating ideas and egocentric demeanor, which could impair effective crew coordination.\nMETADATA_JSON:\n{\"agent\": \"agent_1\", \"vote\": \"Candidate C\"}"}
2026-05-06 20:06:54,992 - INFO - Agent turns: 8
2026-05-06 20:07:01,743 - INFO - Tokens - Input: 2543, Output: 946, Total: 3489
2026-05-06 20:07:01,745 - INFO - Memory updates: 22
{"id": 34, "ts": 1778090821.745402, "event": "memory_updated", "agent": "agent_2", "round": 3}
2026-05-06 20:07:02,304 - INFO - Tokens - Input: 2320, Output: 835, Total: 3155
2026-05-06 20:07:02,305 - INFO - Memory updates: 23
{"id": 35, "ts": 1778090822.3058515, "event": "memory_updated", "agent": "agent_1", "round": 3}
2026-05-06 20:07:03,501 - INFO - Tokens - Input: 2465, Output: 1172, Total: 3637
2026-05-06 20:07:03,502 - INFO - Memory updates: 24
{"id": 36, "ts": 1778090823.5031016, "event": "memory_updated", "agent": "agent_3", "round": 3}
2026-05-06 20:07:04,986 - INFO - Tokens - Input: 2844, Output: 214, Total: 3058
{"id": 37, "ts": 1778090824.987944, "event": "public_discussion_message", "round": 3, "agent": "agent_2", "message": "I continue to favor **Candidate\u202fA**. Their ability to anticipate dangerous situations and their excellent spatial vision are critical for maintaining situational awareness on long\u2011haul flights, while their strong leadership helps guide the crew through complex, high\u2011risk scenarios. The main uncertainty is their reputation as a show\u2011off and being resistant to new ideas, which could undermine crew cooperation and trust.\nMETADATA_JSON:\n{\"agent\": \"agent_2\", \"vote\": \"Candidate A\"}"}
2026-05-06 20:07:04,988 - INFO - Agent turns: 9
2026-05-06 20:07:11,952 - INFO - Tokens - Input: 2459, Output: 951, Total: 3410
2026-05-06 20:07:11,954 - INFO - Memory updates: 25
{"id": 38, "ts": 1778090831.9545076, "event": "memory_updated", "agent": "agent_2", "round": 3}
2026-05-06 20:07:13,470 - INFO - Tokens - Input: 2575, Output: 1275, Total: 3850
2026-05-06 20:07:13,471 - INFO - Memory updates: 26
{"id": 39, "ts": 1778090833.4717422, "event": "memory_updated", "agent": "agent_3", "round": 3}
2026-05-06 20:07:16,066 - INFO - Tokens - Input: 2458, Output: 1097, Total: 3555
2026-05-06 20:07:16,068 - INFO - Memory updates: 27
{"id": 40, "ts": 1778090836.0681546, "event": "memory_updated", "agent": "agent_1", "round": 3}
2026-05-06 20:07:16,076 - INFO - Loop 3 completed
{"id": 41, "ts": 1778090836.0818014, "event": "discussion_order", "round": 4, "order": ["agent_3", "agent_2", "agent_1"]}
2026-05-06 20:07:19,126 - INFO - Tokens - Input: 3101, Output: 413, Total: 3514
{"id": 42, "ts": 1778090839.1279414, "event": "public_discussion_message", "round": 4, "agent": "agent_3", "message": "I continue to favor **Candidate\u202fC**. Their 100\u202f% reliability and ability to make quick, correct decisions ensure consistent performance on long\u2011distance flights, and their strong concern for others creates a positive crew atmosphere that supports essential teamwork in the cockpit. The main uncertainty is their difficulty communicating ideas and egocentric attitude, which could hinder effective coordination with other crew members.\nMETADATA_JSON:\n{\"agent\": \"agent_3\", \"vote\": \"Candidate C\"}"}
2026-05-06 20:07:19,128 - INFO - Agent turns: 10
2026-05-06 20:07:26,371 - INFO - Tokens - Input: 2552, Output: 1046, Total: 3598
2026-05-06 20:07:26,372 - INFO - Memory updates: 28
{"id": 43, "ts": 1778090846.3730636, "event": "memory_updated", "agent": "agent_1", "round": 4}
2026-05-06 20:07:26,425 - INFO - Tokens - Input: 2698, Output: 1135, Total: 3833
2026-05-06 20:07:26,427 - INFO - Memory updates: 29
{"id": 44, "ts": 1778090846.4275022, "event": "memory_updated", "agent": "agent_3", "round": 4}
2026-05-06 20:07:27,779 - INFO - Tokens - Input: 2389, Output: 1034, Total: 3423
2026-05-06 20:07:27,781 - INFO - Memory updates: 30
{"id": 45, "ts": 1778090847.7813885, "event": "memory_updated", "agent": "agent_2", "round": 4}
2026-05-06 20:07:29,231 - INFO - Tokens - Input: 3090, Output: 198, Total: 3288
{"id": 46, "ts": 1778090849.2336059, "event": "public_discussion_message", "round": 4, "agent": "agent_2", "message": "I continue to favor **Candidate\u202fA**. Their ability to anticipate dangerous situations and their excellent spatial vision are critical for maintaining situational awareness on long\u2011haul flights, while their strong leadership helps guide the crew through complex, high\u2011risk scenarios. The main uncertainty is their reputation as a show\u2011off and resistance to new ideas, which could undermine crew trust and cooperation.\nMETADATA_JSON:\n{\"agent\": \"agent_2\", \"vote\": \"Candidate A\"}"}
2026-05-06 20:07:29,233 - INFO - Agent turns: 11
2026-05-06 20:07:37,050 - INFO - Tokens - Input: 2781, Output: 1210, Total: 3991
2026-05-06 20:07:37,052 - INFO - Memory updates: 31
{"id": 47, "ts": 1778090857.0523863, "event": "memory_updated", "agent": "agent_3", "round": 4}
2026-05-06 20:07:37,389 - INFO - Tokens - Input: 2703, Output: 1129, Total: 3832
2026-05-06 20:07:37,391 - INFO - Memory updates: 32
{"id": 48, "ts": 1778090857.3916545, "event": "memory_updated", "agent": "agent_2", "round": 4}
2026-05-06 20:07:38,930 - INFO - Tokens - Input: 2656, Output: 1155, Total: 3811
2026-05-06 20:07:38,932 - INFO - Memory updates: 33
{"id": 49, "ts": 1778090858.9327993, "event": "memory_updated", "agent": "agent_1", "round": 4}
2026-05-06 20:07:40,545 - INFO - Tokens - Input: 3176, Output: 187, Total: 3363
{"id": 50, "ts": 1778090860.5470438, "event": "public_discussion_message", "round": 4, "agent": "agent_1", "message": "I continue to favor **Candidate\u202fC**. Their 100\u202f% reliability and ability to make quick, correct decisions are vital for the safety and efficiency of long\u2011distance flights, and they consistently create a positive atmosphere with the crew, supporting the teamwork essential in the cockpit. The main uncertainty is their difficulty communicating ideas and egocentric demeanor, which could impede effective crew coordination.\nMETADATA_JSON:\n{\"agent\": \"agent_1\", \"vote\": \"Candidate C\"}"}
2026-05-06 20:07:40,547 - INFO - Agent turns: 12
2026-05-06 20:07:47,092 - INFO - Tokens - Input: 2600, Output: 788, Total: 3388
2026-05-06 20:07:47,094 - INFO - Memory updates: 34
{"id": 51, "ts": 1778090867.0947564, "event": "memory_updated", "agent": "agent_2", "round": 4}
2026-05-06 20:07:47,900 - INFO - Tokens - Input: 2793, Output: 1011, Total: 3804
2026-05-06 20:07:47,901 - INFO - Memory updates: 35
{"id": 52, "ts": 1778090867.9016836, "event": "memory_updated", "agent": "agent_1", "round": 4}
2026-05-06 20:07:48,854 - INFO - Tokens - Input: 2903, Output: 1058, Total: 3961
2026-05-06 20:07:48,856 - INFO - Memory updates: 36
{"id": 53, "ts": 1778090868.8568032, "event": "memory_updated", "agent": "agent_3", "round": 4}
2026-05-06 20:07:48,866 - INFO - Loop 4 completed
{"id": 54, "ts": 1778090868.8736036, "event": "discussion_order", "round": 5, "order": ["agent_1", "agent_3", "agent_2"]}
2026-05-06 20:07:50,864 - INFO - Tokens - Input: 3333, Output: 153, Total: 3486
{"id": 55, "ts": 1778090870.8656473, "event": "public_discussion_message", "round": 5, "agent": "agent_1", "message": "I continue to favor **Candidate\u202fC**. Their 100\u202f% reliability and ability to make quick, correct decisions are essential for safe, efficient long\u2011distance operations, and they consistently foster a positive crew atmosphere, supporting the teamwork needed in the cockpit. The main uncertainty is their difficulty communicating ideas and egocentric demeanor, which could hinder coordination with other crew members.\nMETADATA_JSON:\n{\"agent\": \"agent_1\", \"vote\": \"Candidate C\"}"}
2026-05-06 20:07:50,865 - INFO - Agent turns: 13
2026-05-06 20:07:56,593 - INFO - Tokens - Input: 2928, Output: 855, Total: 3783
2026-05-06 20:07:56,595 - INFO - Memory updates: 37
{"id": 56, "ts": 1778090876.5955482, "event": "memory_updated", "agent": "agent_1", "round": 5}
2026-05-06 20:07:59,276 - INFO - Tokens - Input: 2765, Output: 1076, Total: 3841
2026-05-06 20:07:59,278 - INFO - Memory updates: 38
{"id": 57, "ts": 1778090879.2784414, "event": "memory_updated", "agent": "agent_2", "round": 5}
2026-05-06 20:08:00,187 - INFO - Tokens - Input: 2998, Output: 1129, Total: 4127
2026-05-06 20:08:00,189 - INFO - Memory updates: 39
{"id": 58, "ts": 1778090880.1895733, "event": "memory_updated", "agent": "agent_3", "round": 5}
2026-05-06 20:08:01,928 - INFO - Tokens - Input: 3537, Output: 191, Total: 3728
{"id": 59, "ts": 1778090881.9294674, "event": "public_discussion_message", "round": 5, "agent": "agent_3", "message": "I continue to favor **Candidate\u202fC**. Their 100\u202f% reliability and ability to make quick, correct decisions ensure consistent performance on long\u2011distance flights, and their strong concern for others creates a positive crew atmosphere that supports essential teamwork in the cockpit. The main uncertainty is their difficulty communicating ideas and egocentric demeanor, which could impede effective coordination with other crew members.\nMETADATA_JSON:\n{\"agent\": \"agent_3\", \"vote\": \"Candidate C\"}"}
2026-05-06 20:08:01,929 - INFO - Agent turns: 14
2026-05-06 20:08:07,634 - INFO - Tokens - Input: 3152, Output: 1073, Total: 4225
2026-05-06 20:08:07,636 - INFO - Memory updates: 40
{"id": 60, "ts": 1778090887.6366265, "event": "memory_updated", "agent": "agent_3", "round": 5}
2026-05-06 20:08:08,970 - INFO - Tokens - Input: 2963, Output: 848, Total: 3811
2026-05-06 20:08:08,972 - INFO - Memory updates: 41
{"id": 61, "ts": 1778090888.972581, "event": "memory_updated", "agent": "agent_1", "round": 5}
2026-05-06 20:08:10,287 - INFO - Tokens - Input: 2871, Output: 1060, Total: 3931
2026-05-06 20:08:10,289 - INFO - Memory updates: 42
{"id": 62, "ts": 1778090890.2894146, "event": "memory_updated", "agent": "agent_2", "round": 5}
2026-05-06 20:08:14,324 - INFO - Tokens - Input: 3366, Output: 582, Total: 3948
{"id": 63, "ts": 1778090894.3257964, "event": "public_discussion_message", "round": 5, "agent": "agent_2", "message": "I now favor **Candidate\u202fC**. Their 100\u202f% reliability and ability to make quick, correct decisions are essential for the safety and efficiency of long\u2011distance flights, and they consistently foster a positive crew atmosphere, supporting the teamwork needed in the cockpit. The main uncertainty is their difficulty communicating ideas and egocentric demeanor, which could impede effective coordination with other crew members.\nMETADATA_JSON:\n{\"agent\": \"agent_2\", \"vote\": \"Candidate C\"}"}
2026-05-06 20:08:14,325 - INFO - Agent turns: 15
2026-05-06 20:08:21,235 - INFO - Tokens - Input: 2983, Output: 752, Total: 3735
2026-05-06 20:08:21,237 - INFO - Memory updates: 43
{"id": 64, "ts": 1778090901.237719, "event": "memory_updated", "agent": "agent_2", "round": 5}
2026-05-06 20:08:21,763 - INFO - Tokens - Input: 3019, Output: 964, Total: 3983
2026-05-06 20:08:21,765 - INFO - Memory updates: 44
{"id": 65, "ts": 1778090901.7655685, "event": "memory_updated", "agent": "agent_1", "round": 5}
2026-05-06 20:08:22,110 - INFO - Tokens - Input: 3191, Output: 980, Total: 4171
2026-05-06 20:08:22,112 - INFO - Memory updates: 45
{"id": 66, "ts": 1778090902.112465, "event": "memory_updated", "agent": "agent_3", "round": 5}
2026-05-06 20:08:22,121 - INFO - Loop 5 completed
2026-05-06 20:08:22,121 - INFO - Final Chosen Candidate: Candidate C
2026-05-06 20:08:22,121 - INFO - Final Decision Method: consensus
2026-05-06 20:08:22,121 - INFO - Final Vote Count: {'Candidate C': 3}
2026-05-06 20:08:22,121 - INFO - Correct Candidate: Candidate C
2026-05-06 20:08:22,121 - INFO - Decision Correct: 1
{"id": 67, "ts": 1778090902.500007, "event": "context_consistency_calculated", "method": "embedding_cosine", "mean_pairwise_similarity": 0.797484, "pairwise": [{"agent_a": "agent_1", "agent_b": "agent_2", "similarity": 0.744824}, {"agent_a": "agent_1", "agent_b": "agent_3", "similarity": 0.906435}, {"agent_a": "agent_2", "agent_b": "agent_3", "similarity": 0.741192}]}
{"id": 68, "ts": 1778090902.5001929, "event": "agent_memories_archived", "directory": "/home/lhegemann/git/bachelor_thesis/01_data/raw/simulations/moderate/moderate_20260506_181837_006/shared_mental_models", "round": 5}
{"id": 69, "ts": 1778090902.5002892, "event": "final_decision", "candidate": "Candidate C", "method": "consensus", "vote_count": {"Candidate C": 3}, "correct_candidate": "Candidate C", "decision_correct": 1, "round": 5}
2026-05-06 20:08:22,510 - INFO - ======================================================================
2026-05-06 20:08:22,510 - INFO - SIMULATION METRICS
2026-05-06 20:08:22,510 - INFO - ======================================================================
2026-05-06 20:08:22,510 - INFO - Total Loops: 5
2026-05-06 20:08:22,510 - INFO - Agent Turns (no vote checker): 15
2026-05-06 20:08:22,511 - INFO - Agent Tool Calls: 0
2026-05-06 20:08:22,511 - INFO - Agent Tool Messages: 0
2026-05-06 20:08:22,511 - INFO - Memory Updates: 45
2026-05-06 20:08:22,511 - INFO - Total Messages (no vote checker): 15
2026-05-06 20:08:22,511 - INFO - Input Tokens: 151519
2026-05-06 20:08:22,511 - INFO - Output Tokens: 54343
2026-05-06 20:08:22,511 - INFO - Total Tokens: 205862
2026-05-06 20:08:22,511 - INFO - Final Chosen Candidate: Candidate C
2026-05-06 20:08:22,511 - INFO - Final Decision Method: consensus
2026-05-06 20:08:22,511 - INFO - Final Vote Count: {'Candidate C': 3}
2026-05-06 20:08:22,511 - INFO - Correct Candidate: Candidate C
2026-05-06 20:08:22,511 - INFO - Decision Correct: 1
2026-05-06 20:08:22,511 - INFO - Runtime: 188.46s
2026-05-06 20:08:22,512 - INFO - ======================================================================
