2026-05-16 22:18:28,465 - INFO - Metrics tracker initialized
{"id": 1, "ts": 1778962708.4954016, "event": "memory_reset"}
{"id": 2, "ts": 1778962708.498869, "event": "discussion_order", "round": 1, "order": ["agent_1", "agent_3", "agent_2"]}
2026-05-16 22:18:34,787 - INFO - Tokens - Input: 1941, Output: 589, Total: 2530
{"id": 3, "ts": 1778962714.7908702, "event": "public_discussion_message", "round": 1, "agent": "agent_1", "message": "Candidate C \u2013 known to be 100% reliable.\nMETADATA_JSON:\n{\"agent\": \"agent_1\", \"vote\": \"Candidate C\"}"}
2026-05-16 22:18:34,791 - INFO - Agent turns: 1
2026-05-16 22:18:43,026 - INFO - Tokens - Input: 1574, Output: 614, Total: 2188
2026-05-16 22:18:43,029 - INFO - Memory updates: 1
{"id": 4, "ts": 1778962723.0298517, "event": "memory_updated", "agent": "agent_3", "round": 1}
2026-05-16 22:18:49,905 - INFO - Tokens - Input: 1582, Output: 1344, Total: 2926
2026-05-16 22:18:49,908 - INFO - Memory updates: 2
{"id": 5, "ts": 1778962729.908236, "event": "memory_updated", "agent": "agent_2", "round": 1}
2026-05-16 22:18:54,197 - INFO - Tokens - Input: 1579, Output: 1885, Total: 3464
2026-05-16 22:18:54,200 - INFO - Memory updates: 3
{"id": 6, "ts": 1778962734.20034, "event": "memory_updated", "agent": "agent_1", "round": 1}
2026-05-16 22:18:57,511 - INFO - Tokens - Input: 1937, Output: 384, Total: 2321
{"id": 7, "ts": 1778962737.512978, "event": "public_discussion_message", "round": 1, "agent": "agent_3", "message": "Candidate B \u2013 handles stress well.\nMETADATA_JSON:\n{\"agent\": \"agent_3\", \"vote\": \"Candidate B\"}"}
2026-05-16 22:18:57,513 - INFO - Agent turns: 2
2026-05-16 22:19:07,406 - INFO - Tokens - Input: 1742, Output: 720, Total: 2462
2026-05-16 22:19:07,409 - INFO - Memory updates: 4
{"id": 8, "ts": 1778962747.4091792, "event": "memory_updated", "agent": "agent_2", "round": 1}
2026-05-16 22:19:10,782 - INFO - Tokens - Input: 1577, Output: 1071, Total: 2648
2026-05-16 22:19:10,784 - INFO - Memory updates: 5
{"id": 9, "ts": 1778962750.784726, "event": "memory_updated", "agent": "agent_3", "round": 1}
2026-05-16 22:19:11,546 - INFO - Tokens - Input: 1810, Output: 1168, Total: 2978
2026-05-16 22:19:11,548 - INFO - Memory updates: 6
{"id": 10, "ts": 1778962751.5486624, "event": "memory_updated", "agent": "agent_1", "round": 1}
2026-05-16 22:19:16,413 - INFO - Tokens - Input: 2153, Output: 558, Total: 2711
{"id": 11, "ts": 1778962756.4150102, "event": "public_discussion_message", "round": 1, "agent": "agent_2", "message": "Candidate C \u2013 keeps calm in a crisis.\nMETADATA_JSON:\n{\"agent\": \"agent_2\", \"vote\": \"Candidate C\"}"}
2026-05-16 22:19:16,415 - INFO - Agent turns: 3
2026-05-16 22:19:23,917 - INFO - Tokens - Input: 1795, Output: 489, Total: 2284
2026-05-16 22:19:23,920 - INFO - Memory updates: 7
{"id": 12, "ts": 1778962763.9209573, "event": "memory_updated", "agent": "agent_2", "round": 1}
2026-05-16 22:19:27,553 - INFO - Tokens - Input: 1865, Output: 870, Total: 2735
2026-05-16 22:19:27,555 - INFO - Memory updates: 8
{"id": 13, "ts": 1778962767.5557592, "event": "memory_updated", "agent": "agent_1", "round": 1}
2026-05-16 22:19:28,588 - INFO - Tokens - Input: 1730, Output: 997, Total: 2727
2026-05-16 22:19:28,591 - INFO - Memory updates: 9
{"id": 14, "ts": 1778962768.5914536, "event": "memory_updated", "agent": "agent_3", "round": 1}
2026-05-16 22:19:28,600 - INFO - Loop 1 completed
{"id": 15, "ts": 1778962768.6062906, "event": "discussion_order", "round": 2, "order": ["agent_1", "agent_3", "agent_2"]}
2026-05-16 22:19:31,920 - INFO - Tokens - Input: 2309, Output: 363, Total: 2672
{"id": 16, "ts": 1778962771.9223757, "event": "public_discussion_message", "round": 2, "agent": "agent_1", "message": "Candidate C \u2013 known to be 100% reliable.\nMETADATA_JSON:\n{\"agent\": \"agent_1\", \"vote\": \"Candidate C\"}"}
2026-05-16 22:19:31,922 - INFO - Agent turns: 4
2026-05-16 22:19:34,745 - INFO - Tokens - Input: 1953, Output: 166, Total: 2119
2026-05-16 22:19:34,748 - INFO - Memory updates: 10
{"id": 17, "ts": 1778962774.7484348, "event": "memory_updated", "agent": "agent_1", "round": 2}
2026-05-16 22:19:36,303 - INFO - Tokens - Input: 1793, Output: 335, Total: 2128
2026-05-16 22:19:36,305 - INFO - Memory updates: 11
{"id": 18, "ts": 1778962776.3056524, "event": "memory_updated", "agent": "agent_3", "round": 2}
2026-05-16 22:19:36,363 - INFO - Tokens - Input: 1834, Output: 344, Total: 2178
2026-05-16 22:19:36,365 - INFO - Memory updates: 12
{"id": 19, "ts": 1778962776.365592, "event": "memory_updated", "agent": "agent_2", "round": 2}
2026-05-16 22:19:42,050 - INFO - Tokens - Input: 2188, Output: 683, Total: 2871
{"id": 20, "ts": 1778962782.051549, "event": "public_discussion_message", "round": 2, "agent": "agent_3", "message": "Candidate C \u2013 known to be 100% reliable.\nMETADATA_JSON:\n{\"agent\": \"agent_3\", \"vote\": \"Candidate C\"}"}
2026-05-16 22:19:42,051 - INFO - Agent turns: 5
2026-05-16 22:19:49,616 - INFO - Tokens - Input: 1832, Output: 514, Total: 2346
2026-05-16 22:19:49,618 - INFO - Memory updates: 13
{"id": 21, "ts": 1778962789.6190307, "event": "memory_updated", "agent": "agent_3", "round": 2}
2026-05-16 22:19:50,267 - INFO - Tokens - Input: 1873, Output: 583, Total: 2456
2026-05-16 22:19:50,269 - INFO - Memory updates: 14
{"id": 22, "ts": 1778962790.269798, "event": "memory_updated", "agent": "agent_2", "round": 2}
2026-05-16 22:19:55,218 - INFO - Tokens - Input: 1992, Output: 1219, Total: 3211
2026-05-16 22:19:55,221 - INFO - Memory updates: 15
{"id": 23, "ts": 1778962795.2214508, "event": "memory_updated", "agent": "agent_1", "round": 2}
2026-05-16 22:19:56,782 - INFO - Tokens - Input: 2266, Output: 161, Total: 2427
{"id": 24, "ts": 1778962796.7842832, "event": "public_discussion_message", "round": 2, "agent": "agent_2", "message": "Candidate C \u2013 difficulty communicating ideas.\nMETADATA_JSON:\n{\"agent\": \"agent_2\", \"vote\": \"Candidate C\"}"}
2026-05-16 22:19:56,784 - INFO - Agent turns: 6
2026-05-16 22:20:07,756 - INFO - Tokens - Input: 1906, Output: 795, Total: 2701
2026-05-16 22:20:07,758 - INFO - Memory updates: 16
{"id": 25, "ts": 1778962807.759016, "event": "memory_updated", "agent": "agent_2", "round": 2}
2026-05-16 22:20:09,976 - INFO - Tokens - Input: 1867, Output: 1029, Total: 2896
2026-05-16 22:20:09,979 - INFO - Memory updates: 17
{"id": 26, "ts": 1778962809.979197, "event": "memory_updated", "agent": "agent_3", "round": 2}
2026-05-16 22:20:10,689 - INFO - Tokens - Input: 2054, Output: 1122, Total: 3176
2026-05-16 22:20:10,692 - INFO - Memory updates: 18
{"id": 27, "ts": 1778962810.6924694, "event": "memory_updated", "agent": "agent_1", "round": 2}
2026-05-16 22:20:10,700 - INFO - Loop 2 completed
2026-05-16 22:20:10,700 - INFO - Final Chosen Candidate: Candidate C
2026-05-16 22:20:10,700 - INFO - Final Decision Method: consensus
2026-05-16 22:20:10,700 - INFO - Final Vote Count: {'Candidate C': 3}
2026-05-16 22:20:10,700 - INFO - Correct Candidate: Candidate C
2026-05-16 22:20:10,700 - INFO - Decision Correct: 1
{"id": 28, "ts": 1778962811.3188682, "event": "context_consistency_calculated", "method": "weighted_section_embedding_cosine", "mean_pairwise_similarity": 0.842019, "pairwise": [{"agent_a": "agent_1", "agent_b": "agent_2", "similarity": 0.855311, "sections": [{"section": "task_summary", "weight": 0.02, "similarity": 1.0}, {"section": "revealed_facts_by_source", "weight": 0.3, "similarity": 0.906709}, {"section": "candidate_evaluation", "weight": 0.35, "similarity": 0.917586}, {"section": "other_agents_positions", "weight": 0.15, "similarity": 0.953986}, {"section": "emerging_group_view", "weight": 0.13, "similarity": 0.377273}, {"section": "open_questions_next_step_focus", "weight": 0.05, "similarity": 1.0}]}, {"agent_a": "agent_1", "agent_b": "agent_3", "similarity": 0.840298, "sections": [{"section": "task_summary", "weight": 0.02, "similarity": 1.0}, {"section": "revealed_facts_by_source", "weight": 0.3, "similarity": 0.7956}, {"section": "candidate_evaluation", "weight": 0.35, "similarity": 0.835062}, {"section": "other_agents_positions", "weight": 0.15, "similarity": 0.970408}, {"section": "emerging_group_view", "weight": 0.13, "similarity": 0.721428}, {"section": "open_questions_next_step_focus", "weight": 0.05, "similarity": 1.0}]}, {"agent_a": "agent_2", "agent_b": "agent_3", "similarity": 0.830447, "sections": [{"section": "task_summary", "weight": 0.02, "similarity": 1.0}, {"section": "revealed_facts_by_source", "weight": 0.3, "similarity": 0.839205}, {"section": "candidate_evaluation", "weight": 0.35, "similarity": 0.853417}, {"section": "other_agents_positions", "weight": 0.15, "similarity": 0.94672}, {"section": "emerging_group_view", "weight": 0.13, "similarity": 0.522936}, {"section": "open_questions_next_step_focus", "weight": 0.05, "similarity": 1.0}]}]}
{"id": 29, "ts": 1778962811.3190713, "event": "gold_standard_alignment_calculated", "method": "rule_based_fact_coverage", "mean_alignment": 0.625, "by_agent": [{"agent": "agent_1", "score": 0.6, "matched_facts": 24, "total_facts": 40, "matched_public_facts": 15, "total_public_facts": 16, "public_fact_coverage": 0.9375, "matched_own_private_facts": 8, "total_own_private_facts": 8, "own_private_fact_coverage": 1.0, "matched_other_private_facts": 1, "total_other_private_facts": 16, "other_private_fact_coverage": 0.0625, "checks": {"public_candidate_a_can_anticipate_dangerous_situations": 1, "public_candidate_a_is_able_to_see_complex_connections": 1, "public_candidate_a_has_excellent_spatial_vision": 1, "public_candidate_a_has_very_good_leadership_qualities": 1, "public_candidate_b_is_very_conscientious": 1, "public_candidate_b_handles_stress_very_well": 1, "public_candidate_b_is_good_at_assessing_weather_conditions": 1, "public_candidate_b_has_excellent_computer_skills": 1, "public_candidate_c_can_make_correct_decisions_quickly": 1, "public_candidate_c_has_difficulty_communicating_ideas": 1, "public_candidate_c_is_regarded_as_egocentric": 1, "public_candidate_c_is_not_very_willing_to_further_his_education": 1, "public_candidate_d_responds_to_unexpected_events_adequately": 0, "public_candidate_d_can_concentrate_very_well": 1, "public_candidate_d_solves_problems_extremely_well": 1, "public_candidate_d_takes_responsibility_seriously": 1, "agent_1_candidate_a_is_sometimes_not_good_at_taking_criticism": 1, "agent_1_candidate_a_can_be_unorganized": 1, "agent_1_candidate_b_can_be_grumpy": 1, "agent_1_candidate_b_can_be_uncooperative": 1, "agent_1_candidate_c_is_known_to_be_100_percent_reliable": 1, "agent_1_candidate_c_creates_a_positive_atmosphere_with_his_crew": 1, "agent_1_candidate_d_is_regarded_as_arrogant": 1, "agent_1_candidate_d_has_relatively_weak_leadership_skills": 1, "agent_2_candidate_a_is_regarded_as_a_show_off": 0, "agent_2_candidate_a_is_regarded_as_being_not_open_to_new_ideas": 0, "agent_2_candidate_b_has_a_relatively_weak_memory_for_numbers": 0, "agent_2_candidate_b_makes_nasty_remarks_about_his_colleagues": 0, "agent_2_candidate_c_keeps_calm_in_a_crisis": 1, "agent_2_candidate_c_understands_complicated_technology": 0, "agent_2_candidate_d_is_regarded_as_a_know_it_all": 0, "agent_2_candidate_d_has_a_hot_temper": 0, "agent_3_candidate_a_is_unfriendly": 0, "agent_3_candidate_a_eats_unhealthily": 0, "agent_3_candidate_b_is_regarded_as_pretentious": 0, "agent_3_candidate_b_sometimes_adopts_the_wrong_tone_when_communicating": 0, "agent_3_candidate_c_puts_concern_for_others_above_everything": 0, "agent_3_candidate_c_has_excellent_attention_skills": 0, "agent_3_candidate_d_is_considered_moody": 0, "agent_3_candidate_d_is_regarded_as_a_loner": 0}}, {"agent": "agent_2", "score": 0.625, "matched_facts": 25, "total_facts": 40, "matched_public_facts": 16, "total_public_facts": 16, "public_fact_coverage": 1.0, "matched_own_private_facts": 8, "total_own_private_facts": 8, "own_private_fact_coverage": 1.0, "matched_other_private_facts": 1, "total_other_private_facts": 16, "other_private_fact_coverage": 0.0625, "checks": {"public_candidate_a_can_anticipate_dangerous_situations": 1, "public_candidate_a_is_able_to_see_complex_connections": 1, "public_candidate_a_has_excellent_spatial_vision": 1, "public_candidate_a_has_very_good_leadership_qualities": 1, "public_candidate_b_is_very_conscientious": 1, "public_candidate_b_handles_stress_very_well": 1, "public_candidate_b_is_good_at_assessing_weather_conditions": 1, "public_candidate_b_has_excellent_computer_skills": 1, "public_candidate_c_can_make_correct_decisions_quickly": 1, "public_candidate_c_has_difficulty_communicating_ideas": 1, "public_candidate_c_is_regarded_as_egocentric": 1, "public_candidate_c_is_not_very_willing_to_further_his_education": 1, "public_candidate_d_responds_to_unexpected_events_adequately": 1, "public_candidate_d_can_concentrate_very_well": 1, "public_candidate_d_solves_problems_extremely_well": 1, "public_candidate_d_takes_responsibility_seriously": 1, "agent_1_candidate_a_is_sometimes_not_good_at_taking_criticism": 0, "agent_1_candidate_a_can_be_unorganized": 0, "agent_1_candidate_b_can_be_grumpy": 0, "agent_1_candidate_b_can_be_uncooperative": 0, "agent_1_candidate_c_is_known_to_be_100_percent_reliable": 1, "agent_1_candidate_c_creates_a_positive_atmosphere_with_his_crew": 0, "agent_1_candidate_d_is_regarded_as_arrogant": 0, "agent_1_candidate_d_has_relatively_weak_leadership_skills": 0, "agent_2_candidate_a_is_regarded_as_a_show_off": 1, "agent_2_candidate_a_is_regarded_as_being_not_open_to_new_ideas": 1, "agent_2_candidate_b_has_a_relatively_weak_memory_for_numbers": 1, "agent_2_candidate_b_makes_nasty_remarks_about_his_colleagues": 1, "agent_2_candidate_c_keeps_calm_in_a_crisis": 1, "agent_2_candidate_c_understands_complicated_technology": 1, "agent_2_candidate_d_is_regarded_as_a_know_it_all": 1, "agent_2_candidate_d_has_a_hot_temper": 1, "agent_3_candidate_a_is_unfriendly": 0, "agent_3_candidate_a_eats_unhealthily": 0, "agent_3_candidate_b_is_regarded_as_pretentious": 0, "agent_3_candidate_b_sometimes_adopts_the_wrong_tone_when_communicating": 0, "agent_3_candidate_c_puts_concern_for_others_above_everything": 0, "agent_3_candidate_c_has_excellent_attention_skills": 0, "agent_3_candidate_d_is_considered_moody": 0, "agent_3_candidate_d_is_regarded_as_a_loner": 0}}, {"agent": "agent_3", "score": 0.65, "matched_facts": 26, "total_facts": 40, "matched_public_facts": 16, "total_public_facts": 16, "public_fact_coverage": 1.0, "matched_own_private_facts": 8, "total_own_private_facts": 8, "own_private_fact_coverage": 1.0, "matched_other_private_facts": 2, "total_other_private_facts": 16, "other_private_fact_coverage": 0.125, "checks": {"public_candidate_a_can_anticipate_dangerous_situations": 1, "public_candidate_a_is_able_to_see_complex_connections": 1, "public_candidate_a_has_excellent_spatial_vision": 1, "public_candidate_a_has_very_good_leadership_qualities": 1, "public_candidate_b_is_very_conscientious": 1, "public_candidate_b_handles_stress_very_well": 1, "public_candidate_b_is_good_at_assessing_weather_conditions": 1, "public_candidate_b_has_excellent_computer_skills": 1, "public_candidate_c_can_make_correct_decisions_quickly": 1, "public_candidate_c_has_difficulty_communicating_ideas": 1, "public_candidate_c_is_regarded_as_egocentric": 1, "public_candidate_c_is_not_very_willing_to_further_his_education": 1, "public_candidate_d_responds_to_unexpected_events_adequately": 1, "public_candidate_d_can_concentrate_very_well": 1, "public_candidate_d_solves_problems_extremely_well": 1, "public_candidate_d_takes_responsibility_seriously": 1, "agent_1_candidate_a_is_sometimes_not_good_at_taking_criticism": 0, "agent_1_candidate_a_can_be_unorganized": 0, "agent_1_candidate_b_can_be_grumpy": 0, "agent_1_candidate_b_can_be_uncooperative": 0, "agent_1_candidate_c_is_known_to_be_100_percent_reliable": 1, "agent_1_candidate_c_creates_a_positive_atmosphere_with_his_crew": 0, "agent_1_candidate_d_is_regarded_as_arrogant": 0, "agent_1_candidate_d_has_relatively_weak_leadership_skills": 0, "agent_2_candidate_a_is_regarded_as_a_show_off": 0, "agent_2_candidate_a_is_regarded_as_being_not_open_to_new_ideas": 0, "agent_2_candidate_b_has_a_relatively_weak_memory_for_numbers": 0, "agent_2_candidate_b_makes_nasty_remarks_about_his_colleagues": 0, "agent_2_candidate_c_keeps_calm_in_a_crisis": 1, "agent_2_candidate_c_understands_complicated_technology": 0, "agent_2_candidate_d_is_regarded_as_a_know_it_all": 0, "agent_2_candidate_d_has_a_hot_temper": 0, "agent_3_candidate_a_is_unfriendly": 1, "agent_3_candidate_a_eats_unhealthily": 1, "agent_3_candidate_b_is_regarded_as_pretentious": 1, "agent_3_candidate_b_sometimes_adopts_the_wrong_tone_when_communicating": 1, "agent_3_candidate_c_puts_concern_for_others_above_everything": 1, "agent_3_candidate_c_has_excellent_attention_skills": 1, "agent_3_candidate_d_is_considered_moody": 1, "agent_3_candidate_d_is_regarded_as_a_loner": 1}}]}
{"id": 30, "ts": 1778962811.3192222, "event": "agent_memories_archived", "directory": "/home/lhegemann/git/bachelor_thesis/01_data/raw/simulations/low/low_treatment_20260516_211353_018/shared_mental_models", "round": 2}
{"id": 31, "ts": 1778962811.3192632, "event": "final_decision", "candidate": "Candidate C", "method": "consensus", "vote_count": {"Candidate C": 3}, "correct_candidate": "Candidate C", "decision_correct": 1, "round": 2}
2026-05-16 22:20:11,332 - INFO - ======================================================================
2026-05-16 22:20:11,332 - INFO - SIMULATION METRICS
2026-05-16 22:20:11,332 - INFO - ======================================================================
2026-05-16 22:20:11,332 - INFO - Total Loops: 2
2026-05-16 22:20:11,332 - INFO - Agent Turns (no vote checker): 6
2026-05-16 22:20:11,332 - INFO - Agent Tool Calls: 0
2026-05-16 22:20:11,332 - INFO - Agent Tool Messages: 0
2026-05-16 22:20:11,332 - INFO - Memory Updates: 18
2026-05-16 22:20:11,332 - INFO - Total Messages (no vote checker): 6
2026-05-16 22:20:11,332 - INFO - Input Tokens: 45152
2026-05-16 22:20:11,332 - INFO - Output Tokens: 18003
2026-05-16 22:20:11,332 - INFO - Total Tokens: 63155
2026-05-16 22:20:11,332 - INFO - Final Chosen Candidate: Candidate C
2026-05-16 22:20:11,332 - INFO - Final Decision Method: consensus
2026-05-16 22:20:11,332 - INFO - Final Vote Count: {'Candidate C': 3}
2026-05-16 22:20:11,332 - INFO - Correct Candidate: Candidate C
2026-05-16 22:20:11,332 - INFO - Decision Correct: 1
2026-05-16 22:20:11,332 - INFO - Runtime: 102.87s
2026-05-16 22:20:11,332 - INFO - ======================================================================
