2026-05-10 03:24:11,310 - INFO - Metrics tracker initialized
{"id": 1, "ts": 1778376251.3356476, "event": "memory_reset"}
{"id": 2, "ts": 1778376251.3404164, "event": "discussion_order", "round": 1, "order": ["agent_3", "agent_2", "agent_1"]}
2026-05-10 03:24:34,310 - INFO - Tokens - Input: 1777, Output: 299, Total: 2076
2026-05-10 03:24:40,588 - INFO - Tokens - Input: 1134, Output: 746, Total: 1880
2026-05-10 03:24:40,590 - INFO - Memory updates: 1
{"id": 3, "ts": 1778376280.5902936, "event": "memory_updated", "agent": "agent_1", "round": 1}
2026-05-10 03:24:40,851 - INFO - Tokens - Input: 1129, Output: 866, Total: 1995
2026-05-10 03:24:40,853 - INFO - Memory updates: 2
{"id": 4, "ts": 1778376280.853391, "event": "memory_updated", "agent": "agent_3", "round": 1}
2026-05-10 03:24:42,120 - INFO - Tokens - Input: 1137, Output: 996, Total: 2133
2026-05-10 03:24:42,122 - INFO - Memory updates: 3
{"id": 5, "ts": 1778376282.1225417, "event": "memory_updated", "agent": "agent_2", "round": 1}
2026-05-10 03:24:53,373 - INFO - Tokens - Input: 1823, Output: 1287, Total: 3110
{"id": 6, "ts": 1778376293.3744895, "event": "public_discussion_message", "round": 1, "agent": "agent_2", "message": "Current position: Candidate D\nConfidence/uncertainty: Moderate confidence \u2013 D covers most core criteria but has notable cooperation concerns.\nReasoning summary:\n- Key evidence used: D takes responsibility seriously (reliability); solves problems extremely well and concentrates very well (technical competence); responds to unexpected events adequately (calmness under pressure). These address the primary role requirements.\n- Evidence from others: No other agents have contributed yet, so no external evidence to incorporate.\n- Alternatives considered:\n  * Candidate B \u2013 strong on conscientiousness, stress handling, weather assessment, and computer skills, but makes nasty remarks (serious cooperation flaw) and has weak numeric memory.\n  * Candidate A \u2013 excellent spatial vision, leadership, and danger anticipation, yet is seen as a show\u2011off and not open to new ideas (cooperation drawbacks) and lacks explicit reliability or stress\u2011handling evidence.\n  * Candidate C \u2013 stays calm in crises and understands complex technology, but has communication difficulties, is egocentric, and is reluctant to further education.\n- Main tradeoff: Balancing D\u2019s strong reliability, technical, and calmness strengths against his hot temper and know\u2011it\u2011all attitude, which could impair crew harmony.\n- Remaining uncertainty: How severe the hot\u2011temper and know\u2011it\u2011all traits would be in day\u2011to\u2011day cockpit interactions; whether they outweigh D\u2019s technical and responsibility advantages.\n- What would change my vote: If another candidate (e.g., B) were shown to have minimal cooperation issues while retaining comparable reliability and technical competence, or if evidence emerged that D\u2019s temperament leads to unsafe crew dynamics, I would reconsider.\nMETADATA_JSON:\n{\"agent\": \"agent_2\", \"vote\": \"Candidate D\"}"}
2026-05-10 03:24:53,374 - INFO - Agent turns: 1
2026-05-10 03:25:03,593 - INFO - Tokens - Input: 1867, Output: 1342, Total: 3209
2026-05-10 03:25:03,595 - INFO - Memory updates: 4
{"id": 7, "ts": 1778376303.5952466, "event": "memory_updated", "agent": "agent_3", "round": 1}
2026-05-10 03:25:03,750 - INFO - Tokens - Input: 1876, Output: 1314, Total: 3190
2026-05-10 03:25:03,751 - INFO - Memory updates: 5
{"id": 8, "ts": 1778376303.7519493, "event": "memory_updated", "agent": "agent_2", "round": 1}
2026-05-10 03:25:07,968 - INFO - Tokens - Input: 1878, Output: 1801, Total: 3679
2026-05-10 03:25:07,970 - INFO - Memory updates: 6
{"id": 9, "ts": 1778376307.9706748, "event": "memory_updated", "agent": "agent_1", "round": 1}
2026-05-10 03:25:16,007 - INFO - Tokens - Input: 2854, Output: 878, Total: 3732
{"id": 10, "ts": 1778376316.0094082, "event": "public_discussion_message", "round": 1, "agent": "agent_1", "message": "Current position: Candidate C\nConfidence/uncertainty: Moderate confidence \u2013 C meets most core criteria but has notable communication and growth\u2011mindset concerns.\nReasoning summary:\n- Key evidence used: 100\u202f% reliability; creates a positive atmosphere with his crew (strong cooperation); makes correct decisions quickly (calmness under pressure); quick decision\u2011making aligns with long\u2011distance crisis handling.\n- Evidence from others: Agent\u202f2 highlighted D\u2019s strong reliability and problem\u2011solving but flagged arrogance and weak leadership as serious cooperation drawbacks; no other agents have contributed yet.\n- Alternatives considered:\n  * Candidate D \u2013 excellent technical competence and responsibility, yet arrogance and weak leadership risk crew harmony.\n  * Candidate B \u2013 strong technical and stress\u2011handling skills, but grumpy and uncooperative behavior threaten cooperation.\n  * Candidate A \u2013 strong situational awareness and leadership, but unorganized and resistant to criticism may impair reliability and teamwork.\n- Main tradeoff: Balancing C\u2019s top reliability and positive crew atmosphere against his communication difficulty and egocentric attitude versus D\u2019s technical excellence but poor cooperation.\n- Remaining uncertainty: How severe C\u2019s communication difficulties and lack of willingness to further education would be in day\u2011to\u2011day long\u2011haul operations.\n- What would change my vote: Evidence that C\u2019s communication issues lead to unsafe crew interactions, or comparable evidence that another candidate (e.g., D) demonstrates strong cooperation despite current drawbacks.\nMETADATA_JSON:\n{\"agent\": \"agent_1\", \"vote\": \"Candidate C\"}"}
2026-05-10 03:25:16,009 - INFO - Agent turns: 2
2026-05-10 03:25:24,059 - INFO - Tokens - Input: 2831, Output: 954, Total: 3785
2026-05-10 03:25:24,060 - INFO - Memory updates: 7
{"id": 11, "ts": 1778376324.0609622, "event": "memory_updated", "agent": "agent_1", "round": 1}
2026-05-10 03:25:29,797 - INFO - Tokens - Input: 2595, Output: 1660, Total: 4255
2026-05-10 03:25:29,799 - INFO - Memory updates: 8
{"id": 12, "ts": 1778376329.7993524, "event": "memory_updated", "agent": "agent_2", "round": 1}
2026-05-10 03:25:29,815 - INFO - Tokens - Input: 2594, Output: 1610, Total: 4204
2026-05-10 03:25:29,817 - INFO - Memory updates: 9
{"id": 13, "ts": 1778376329.8177958, "event": "memory_updated", "agent": "agent_3", "round": 1}
2026-05-10 03:25:29,826 - INFO - Loop 1 completed
{"id": 14, "ts": 1778376329.8332, "event": "discussion_order", "round": 2, "order": ["agent_2", "agent_3", "agent_1"]}
2026-05-10 03:25:36,767 - INFO - Tokens - Input: 2983, Output: 835, Total: 3818
{"id": 15, "ts": 1778376336.768637, "event": "public_discussion_message", "round": 2, "agent": "agent_2", "message": "Current position: Candidate C\nConfidence/uncertainty: Moderate \u2013 evidence points to C as the most balanced choice, but some cooperation concerns remain.\nReasoning summary:\n- Key evidence used: C is reported to have \u201c100\u202f% reliability\u201d and to \u201ccreate a positive atmosphere with his crew\u201d (strong cooperation); he makes correct decisions quickly, stays calm in a crisis, and understands complicated technology (technical competence and calmness under pressure).\n- Evidence from others: Agent\u202f1 highlighted C\u2019s reliability and crew\u2011positive vibe, while noting his communication difficulty, egocentric attitude, and reluctance to further education. Agent\u202f1 also described D\u2019s arrogance, weak leadership, and hot temper, and B\u2019s grumpy, uncooperative behavior. No new data on A beyond the original list.\n- Alternatives considered:\n  * Candidate D \u2013 excellent problem\u2011solving, concentration, responsibility, and response to unexpected events, but hot temper, know\u2011it\u2011all/ arrogance, and weak leadership raise serious cooperation risks.\n  * Candidate B \u2013 strong conscientiousness, stress handling, weather assessment, and computer skills, yet nasty remarks, grumpiness, and weak numeric memory undermine crew harmony.\n  * Candidate A \u2013 strong situational awareness, leadership, and spatial vision, but show\u2011off attitude, resistance to new ideas, unorganized, and unresponsive to criticism suggest reliability and cooperation issues.\n- Main tradeoff: Balancing D\u2019s superior technical and responsibility profile against his pronounced interpersonal drawbacks versus C\u2019s slightly weaker technical edge but markedly better reliability and crew\u2011positive behavior.\n- Remaining uncertainty: How much C\u2019s communication difficulty and egocentric style will affect day\u2011to\u2011day cockpit coordination and decision\u2011making under long\u2011haul conditions.\n- What would change my vote: Convincing evidence that C\u2019s communication issues lead to unsafe crew interactions, or comparable evidence that another candidate (e.g., D) demonstrates strong cooperation despite the reported temperament concerns.\nMETADATA_JSON:\n{\"agent\": \"agent_2\", \"vote\": \"Candidate C\"}"}
2026-05-10 03:25:36,768 - INFO - Agent turns: 3
2026-05-10 03:25:54,996 - INFO - Tokens - Input: 3168, Output: 1653, Total: 4821
2026-05-10 03:25:54,998 - INFO - Memory updates: 10
{"id": 16, "ts": 1778376354.998548, "event": "memory_updated", "agent": "agent_3", "round": 2}
2026-05-10 03:25:55,372 - INFO - Tokens - Input: 3156, Output: 1793, Total: 4949
2026-05-10 03:25:55,374 - INFO - Memory updates: 11
{"id": 17, "ts": 1778376355.3749502, "event": "memory_updated", "agent": "agent_2", "round": 2}
2026-05-10 03:25:55,493 - INFO - Tokens - Input: 2985, Output: 1710, Total: 4695
2026-05-10 03:25:55,495 - INFO - Memory updates: 12
{"id": 18, "ts": 1778376355.495213, "event": "memory_updated", "agent": "agent_1", "round": 2}
2026-05-10 03:26:04,370 - INFO - Tokens - Input: 3293, Output: 862, Total: 4155
{"id": 19, "ts": 1778376364.3720977, "event": "public_discussion_message", "round": 2, "agent": "agent_3", "message": "Current position: Candidate C\nConfidence/uncertainty: Moderate\u2011high confidence (around 70\u202f%)\nReasoning summary:\n- Key evidence used: 100\u202f% reliability; creates a positive atmosphere with his crew; makes correct decisions quickly; stays calm in a crisis; excellent attention skills; puts concern for others above everything; understands complicated technology (technical competence).\n- Evidence from others: Agent\u202f1 and Agent\u202f2 both highlighted C\u2019s reliability, crew\u2011positive attitude, quick correct decisions, and calmness, while noting his communication difficulty, egocentric style, and reluctance to further education. Both agents also emphasized strong cooperation drawbacks for A, B, and D.\n- Alternatives considered:\n  * Candidate D \u2013 excellent problem\u2011solving, concentration, responsibility, and response to unexpected events, but marked by moody, loner, arrogant, hot\u2011tempered, and weak\u2011leadership traits that pose serious cooperation risks.\n  * Candidate B \u2013 strong conscientiousness, stress handling, weather assessment, and computer skills, yet pretentious, grumpy, and uncooperative, which undermine crew harmony.\n  * Candidate A \u2013 strong situational awareness and leadership, but unfriendly, show\u2011off attitude, resistance to criticism, and no clear reliability evidence.\n- Main tradeoff: Weighing C\u2019s slight communication and egocentric drawbacks against the much heavier cooperation deficits of the other candidates. C\u2019s overall profile remains the most balanced across reliability, technical competence, calmness, and crew cooperation.\n- Remaining uncertainty: The extent to which C\u2019s communication difficulty and egocentric attitude will affect day\u2011to\u2011day cockpit coordination on long\u2011haul flights.\n- What would change my vote: Convincing evidence that C\u2019s communication issues lead to unsafe crew interactions, or comparable evidence that another candidate (e.g., D) demonstrates strong cooperation despite current negative traits.\nMETADATA_JSON:\n{\"agent\": \"agent_3\", \"vote\": \"Candidate C\"}"}
2026-05-10 03:26:04,372 - INFO - Agent turns: 4
2026-05-10 03:26:14,489 - INFO - Tokens - Input: 3452, Output: 1053, Total: 4505
2026-05-10 03:26:14,491 - INFO - Memory updates: 13
{"id": 20, "ts": 1778376374.491785, "event": "memory_updated", "agent": "agent_3", "round": 2}
2026-05-10 03:26:18,984 - INFO - Tokens - Input: 3567, Output: 1629, Total: 5196
2026-05-10 03:26:18,986 - INFO - Memory updates: 14
{"id": 21, "ts": 1778376378.9870155, "event": "memory_updated", "agent": "agent_1", "round": 2}
2026-05-10 03:26:23,829 - INFO - Tokens - Input: 3487, Output: 1154, Total: 4641
2026-05-10 03:26:23,831 - INFO - Memory updates: 15
{"id": 22, "ts": 1778376383.8318841, "event": "memory_updated", "agent": "agent_2", "round": 2}
2026-05-10 03:26:28,560 - INFO - Tokens - Input: 3949, Output: 497, Total: 4446
{"id": 23, "ts": 1778376388.5619934, "event": "public_discussion_message", "round": 2, "agent": "agent_1", "message": "Current position: Candidate C\nConfidence/uncertainty: Moderate\u2011high (around 70\u202f%)\nReasoning summary:\n- Key evidence used: 100\u202f% reliability; creates a positive atmosphere with his crew; makes correct decisions quickly; stays calm in crises; understands complicated technology; excellent attention skills; puts concern for others above everything.\n- Evidence from others: Agent\u202f2 and Agent\u202f3 reiterated C\u2019s reliability, crew\u2011positive vibe, quick correct decisions, calmness, technical competence, and highlighted his communication difficulty, egocentric attitude, and reluctance to further education. Both also stressed the cooperation drawbacks of A, B, and D.\n- Alternatives considered: Candidate D (strong problem\u2011solving, responsibility, concentration, but arrogance, moodiness, weak leadership); Candidate B (good conscientiousness, stress handling, weather assessment, computer skills, but grumpy, pretentious, uncooperative); Candidate A (excellent situational awareness, leadership, spatial vision, but unorganized, resistant to criticism, show\u2011off attitude). All have heavier cooperation or reliability concerns than C.\n- Main tradeoff: Weighing C\u2019s slight communication and egocentric drawbacks against the much more severe cooperation deficits of the other candidates. C\u2019s overall balance across reliability, technical competence, calmness, and crew cooperation remains strongest.\n- Remaining uncertainty: How severely C\u2019s communication difficulties and egocentric style could impact day\u2011to\u2011day cockpit coordination on long\u2011haul flights.\n- What would change my vote: Concrete evidence that C\u2019s communication issues lead to unsafe crew interactions, or comparable evidence that another candidate (especially D) demonstrates strong cooperation despite current negative traits.\nMETADATA_JSON:\n{\"agent\": \"agent_1\", \"vote\": \"Candidate C\"}"}
2026-05-10 03:26:28,562 - INFO - Agent turns: 5
2026-05-10 03:26:37,460 - INFO - Tokens - Input: 3834, Output: 1027, Total: 4861
2026-05-10 03:26:37,462 - INFO - Memory updates: 16
{"id": 24, "ts": 1778376397.4626415, "event": "memory_updated", "agent": "agent_3", "round": 2}
2026-05-10 03:26:40,379 - INFO - Tokens - Input: 4019, Output: 1334, Total: 5353
2026-05-10 03:26:40,381 - INFO - Memory updates: 17
{"id": 25, "ts": 1778376400.3818753, "event": "memory_updated", "agent": "agent_1", "round": 2}
2026-05-10 03:26:41,009 - INFO - Tokens - Input: 3916, Output: 1340, Total: 5256
2026-05-10 03:26:41,011 - INFO - Memory updates: 18
{"id": 26, "ts": 1778376401.0111372, "event": "memory_updated", "agent": "agent_2", "round": 2}
2026-05-10 03:26:41,020 - INFO - Loop 2 completed
2026-05-10 03:26:41,020 - INFO - Final Chosen Candidate: Candidate C
2026-05-10 03:26:41,020 - INFO - Final Decision Method: consensus
2026-05-10 03:26:41,021 - INFO - Final Vote Count: {'Candidate C': 3}
2026-05-10 03:26:41,021 - INFO - Correct Candidate: Candidate C
2026-05-10 03:26:41,021 - INFO - Decision Correct: 1
{"id": 27, "ts": 1778376401.3775253, "event": "context_consistency_calculated", "method": "embedding_cosine", "mean_pairwise_similarity": 0.90076, "pairwise": [{"agent_a": "agent_1", "agent_b": "agent_2", "similarity": 0.943961}, {"agent_a": "agent_1", "agent_b": "agent_3", "similarity": 0.888447}, {"agent_a": "agent_2", "agent_b": "agent_3", "similarity": 0.869872}]}
{"id": 28, "ts": 1778376401.3777108, "event": "gold_standard_alignment_calculated", "method": "rule_based_binary_checks", "mean_alignment": 0.666667, "by_agent": [{"agent": "agent_1", "score": 0.625, "checks": {"favorite_is_c": 1, "c_reliability": 1, "c_calmness": 1, "c_attention": 1, "c_crew_fit": 1, "a_risks": 0, "b_risks": 0, "d_risks": 0}}, {"agent": "agent_2", "score": 0.625, "checks": {"favorite_is_c": 1, "c_reliability": 1, "c_calmness": 1, "c_attention": 1, "c_crew_fit": 1, "a_risks": 0, "b_risks": 0, "d_risks": 0}}, {"agent": "agent_3", "score": 0.75, "checks": {"favorite_is_c": 1, "c_reliability": 1, "c_calmness": 1, "c_attention": 1, "c_crew_fit": 1, "a_risks": 0, "b_risks": 0, "d_risks": 1}}]}
{"id": 29, "ts": 1778376401.377833, "event": "agent_memories_archived", "directory": "/home/lhegemann/git/bachelor_thesis/01_data/raw/simulations/high/high_treatment_20260509_224515_012/shared_mental_models", "round": 2}
{"id": 30, "ts": 1778376401.3779318, "event": "final_decision", "candidate": "Candidate C", "method": "consensus", "vote_count": {"Candidate C": 3}, "correct_candidate": "Candidate C", "decision_correct": 1, "round": 2}
2026-05-10 03:26:41,387 - INFO - ======================================================================
2026-05-10 03:26:41,387 - INFO - SIMULATION METRICS
2026-05-10 03:26:41,387 - INFO - ======================================================================
2026-05-10 03:26:41,387 - INFO - Total Loops: 2
2026-05-10 03:26:41,387 - INFO - Agent Turns (no vote checker): 5
2026-05-10 03:26:41,387 - INFO - Agent Tool Calls: 0
2026-05-10 03:26:41,387 - INFO - Agent Tool Messages: 0
2026-05-10 03:26:41,387 - INFO - Memory Updates: 18
2026-05-10 03:26:41,387 - INFO - Total Messages (no vote checker): 5
2026-05-10 03:26:41,387 - INFO - Input Tokens: 65304
2026-05-10 03:26:41,388 - INFO - Output Tokens: 28640
2026-05-10 03:26:41,388 - INFO - Total Tokens: 93944
2026-05-10 03:26:41,388 - INFO - Final Chosen Candidate: Candidate C
2026-05-10 03:26:41,388 - INFO - Final Decision Method: consensus
2026-05-10 03:26:41,388 - INFO - Final Vote Count: {'Candidate C': 3}
2026-05-10 03:26:41,388 - INFO - Correct Candidate: Candidate C
2026-05-10 03:26:41,388 - INFO - Decision Correct: 1
2026-05-10 03:26:41,388 - INFO - Runtime: 150.08s
2026-05-10 03:26:41,388 - INFO - ======================================================================
