2026-05-10 00:58:00,129 - INFO - Metrics tracker initialized
{"id": 1, "ts": 1778367480.1558328, "event": "memory_reset"}
{"id": 2, "ts": 1778367480.160538, "event": "discussion_order", "round": 1, "order": ["agent_3", "agent_1", "agent_2"]}
2026-05-10 00:58:07,700 - INFO - Tokens - Input: 1708, Output: 656, Total: 2364
{"id": 3, "ts": 1778367487.7023017, "event": "public_discussion_message", "round": 1, "agent": "agent_3", "message": "I currently favor Candidate\u202fB. He is very conscientious, handles stress well, and excels at assessing weather and using computer tools\u2014key for reliability and technical competence on long\u2011distance flights. However, his pretentious demeanor and occasional wrong tone could hinder crew cooperation, which remains an open concern.\nMETADATA_JSON:\n{\"agent\": \"agent_3\", \"vote\": \"Candidate B\"}"}
2026-05-10 00:58:07,702 - INFO - Agent turns: 1
2026-05-10 00:58:18,827 - INFO - Tokens - Input: 1292, Output: 1395, Total: 2687
2026-05-10 00:58:18,829 - INFO - Memory updates: 1
{"id": 4, "ts": 1778367498.829943, "event": "memory_updated", "agent": "agent_2", "round": 1}
2026-05-10 00:58:21,082 - INFO - Tokens - Input: 1284, Output: 1542, Total: 2826
2026-05-10 00:58:21,084 - INFO - Memory updates: 2
{"id": 5, "ts": 1778367501.0844357, "event": "memory_updated", "agent": "agent_3", "round": 1}
2026-05-10 00:58:28,161 - INFO - Tokens - Input: 1289, Output: 1413, Total: 2702
2026-05-10 00:58:28,163 - INFO - Memory updates: 3
{"id": 6, "ts": 1778367508.163313, "event": "memory_updated", "agent": "agent_1", "round": 1}
2026-05-10 00:58:35,836 - INFO - Tokens - Input: 2329, Output: 703, Total: 3032
{"id": 7, "ts": 1778367515.8375366, "event": "public_discussion_message", "round": 1, "agent": "agent_1", "message": "I currently favor **Candidate\u202fC**. He is noted as 100\u202f% reliable and creates a positive atmosphere with his crew, both essential for the safety and morale of long\u2011distance operations. He also makes correct decisions quickly, which supports the need for rapid, accurate judgment on extended flights.\n**Trade\u2011off / uncertainty:**\u202fHis difficulty communicating ideas and egocentric attitude could hinder crew coordination and adaptability, so the impact of these cooperation drawbacks remains unclear.\nMETADATA_JSON:\n{\"agent\": \"agent_1\", \"vote\": \"Candidate C\"}"}
2026-05-10 00:58:35,837 - INFO - Agent turns: 2
2026-05-10 00:58:44,104 - INFO - Tokens - Input: 2113, Output: 1042, Total: 3155
2026-05-10 00:58:44,105 - INFO - Memory updates: 4
{"id": 8, "ts": 1778367524.1060095, "event": "memory_updated", "agent": "agent_3", "round": 1}
2026-05-10 00:58:46,189 - INFO - Tokens - Input: 1981, Output: 1180, Total: 3161
2026-05-10 00:58:46,191 - INFO - Memory updates: 5
{"id": 9, "ts": 1778367526.19155, "event": "memory_updated", "agent": "agent_1", "round": 1}
2026-05-10 00:58:47,419 - INFO - Tokens - Input: 1881, Output: 1413, Total: 3294
2026-05-10 00:58:47,420 - INFO - Memory updates: 6
{"id": 10, "ts": 1778367527.4208033, "event": "memory_updated", "agent": "agent_2", "round": 1}
2026-05-10 00:58:53,369 - INFO - Tokens - Input: 2485, Output: 521, Total: 3006
{"id": 11, "ts": 1778367533.371247, "event": "public_discussion_message", "round": 1, "agent": "agent_2", "message": "I favor **Candidate\u202fC**. He is noted as 100\u202f% reliable and keeps calm in a crisis, which are crucial for the safety and steady performance of long\u2011distance flights. Additionally, he makes correct decisions quickly and understands complicated technology, supporting the technical competence needed for extended routes.\n**Trade\u2011off / uncertainty:**\u202fHis difficulty communicating ideas and egocentric attitude could hinder crew coordination and adaptability, so the impact of these cooperation drawbacks remains unclear.\nMETADATA_JSON:\n{\"agent\": \"agent_2\", \"vote\": \"Candidate C\"}"}
2026-05-10 00:58:53,371 - INFO - Agent turns: 3
2026-05-10 00:59:02,653 - INFO - Tokens - Input: 2137, Output: 1150, Total: 3287
2026-05-10 00:59:02,655 - INFO - Memory updates: 7
{"id": 12, "ts": 1778367542.6552277, "event": "memory_updated", "agent": "agent_2", "round": 1}
2026-05-10 00:59:04,367 - INFO - Tokens - Input: 2136, Output: 1349, Total: 3485
2026-05-10 00:59:04,369 - INFO - Memory updates: 8
{"id": 13, "ts": 1778367544.369854, "event": "memory_updated", "agent": "agent_1", "round": 1}
2026-05-10 00:59:06,023 - INFO - Tokens - Input: 2028, Output: 1584, Total: 3612
2026-05-10 00:59:06,025 - INFO - Memory updates: 9
{"id": 14, "ts": 1778367546.0256274, "event": "memory_updated", "agent": "agent_3", "round": 1}
2026-05-10 00:59:06,035 - INFO - Loop 1 completed
{"id": 15, "ts": 1778367546.0414598, "event": "discussion_order", "round": 2, "order": ["agent_3", "agent_1", "agent_2"]}
2026-05-10 00:59:11,337 - INFO - Tokens - Input: 2592, Output: 562, Total: 3154
{"id": 16, "ts": 1778367551.3394516, "event": "public_discussion_message", "round": 2, "agent": "agent_3", "message": "I now favor **Candidate\u202fC**. He is reported as 100\u202f% reliable, stays calm in a crisis, and creates a positive atmosphere with the crew while putting concern for others first\u2014key traits for safe, long\u2011haul operations. The main uncertainty is his difficulty communicating ideas and his egocentric attitude, which could impair cockpit coordination.\nMETADATA_JSON:\n{\"agent\": \"agent_3\", \"vote\": \"Candidate C\"}"}
2026-05-10 00:59:11,339 - INFO - Agent turns: 4
2026-05-10 00:59:24,920 - INFO - Tokens - Input: 2140, Output: 1185, Total: 3325
2026-05-10 00:59:24,922 - INFO - Memory updates: 10
{"id": 17, "ts": 1778367564.922443, "event": "memory_updated", "agent": "agent_2", "round": 2}
2026-05-10 00:59:26,313 - INFO - Tokens - Input: 2395, Output: 1287, Total: 3682
2026-05-10 00:59:26,317 - INFO - Memory updates: 11
{"id": 18, "ts": 1778367566.317419, "event": "memory_updated", "agent": "agent_1", "round": 2}
2026-05-10 00:59:27,482 - INFO - Tokens - Input: 2179, Output: 1411, Total: 3590
2026-05-10 00:59:27,484 - INFO - Memory updates: 12
{"id": 19, "ts": 1778367567.4847715, "event": "memory_updated", "agent": "agent_3", "round": 2}
2026-05-10 00:59:32,584 - INFO - Tokens - Input: 2754, Output: 170, Total: 2924
{"id": 20, "ts": 1778367572.5856545, "event": "public_discussion_message", "round": 2, "agent": "agent_1", "message": "I continue to favor **Candidate\u202fC**. He is 100\u202f% reliable and stays calm in a crisis, which are essential for the safety and consistency required on long\u2011distance flights. Additionally, he creates a positive atmosphere with the crew and shows genuine concern for others, supporting strong crew cooperation and morale.\n**Trade\u2011off / uncertainty:** His difficulty communicating ideas and egocentric attitude could still hinder effective cockpit coordination, and we lack concrete evidence on how severe that impact might be.\nMETADATA_JSON:\n{\"agent\": \"agent_1\", \"vote\": \"Candidate C\"}"}
2026-05-10 00:59:32,585 - INFO - Agent turns: 5
2026-05-10 00:59:40,799 - INFO - Tokens - Input: 2416, Output: 991, Total: 3407
2026-05-10 00:59:40,801 - INFO - Memory updates: 13
{"id": 21, "ts": 1778367580.801707, "event": "memory_updated", "agent": "agent_1", "round": 2}
2026-05-10 00:59:41,304 - INFO - Tokens - Input: 2333, Output: 1077, Total: 3410
2026-05-10 00:59:41,306 - INFO - Memory updates: 14
{"id": 22, "ts": 1778367581.3070154, "event": "memory_updated", "agent": "agent_2", "round": 2}
2026-05-10 00:59:43,038 - INFO - Tokens - Input: 2216, Output: 1107, Total: 3323
2026-05-10 00:59:43,040 - INFO - Memory updates: 15
{"id": 23, "ts": 1778367583.0402596, "event": "memory_updated", "agent": "agent_3", "round": 2}
2026-05-10 00:59:45,884 - INFO - Tokens - Input: 2531, Output: 170, Total: 2701
{"id": 24, "ts": 1778367585.8864152, "event": "public_discussion_message", "round": 2, "agent": "agent_2", "message": "I continue to favor **Candidate\u202fC**. He is consistently described as 100\u202f% reliable and stays calm in a crisis, which are vital for safety and steady performance on long\u2011distance flights. Additionally, he creates a positive crew atmosphere and shows genuine concern for others, supporting strong cooperation in the cockpit.\n**Trade\u2011off / uncertainty:** His difficulty communicating ideas and egocentric attitude could impair effective coordination and adaptability, and we lack concrete evidence on how severe that impact would be.\nMETADATA_JSON:\n{\"agent\": \"agent_2\", \"vote\": \"Candidate C\"}"}
2026-05-10 00:59:45,886 - INFO - Agent turns: 6
2026-05-10 01:00:00,166 - INFO - Tokens - Input: 2193, Output: 1070, Total: 3263
2026-05-10 01:00:00,167 - INFO - Memory updates: 16
{"id": 25, "ts": 1778367600.168052, "event": "memory_updated", "agent": "agent_2", "round": 2}
2026-05-10 01:00:00,664 - INFO - Tokens - Input: 2464, Output: 1151, Total: 3615
2026-05-10 01:00:00,665 - INFO - Memory updates: 17
{"id": 26, "ts": 1778367600.6661246, "event": "memory_updated", "agent": "agent_1", "round": 2}
2026-05-10 01:00:01,802 - INFO - Tokens - Input: 2342, Output: 1322, Total: 3664
2026-05-10 01:00:01,804 - INFO - Memory updates: 18
{"id": 27, "ts": 1778367601.8041492, "event": "memory_updated", "agent": "agent_3", "round": 2}
2026-05-10 01:00:01,813 - INFO - Loop 2 completed
2026-05-10 01:00:01,813 - INFO - Final Chosen Candidate: Candidate C
2026-05-10 01:00:01,813 - INFO - Final Decision Method: consensus
2026-05-10 01:00:01,813 - INFO - Final Vote Count: {'Candidate C': 3}
2026-05-10 01:00:01,813 - INFO - Correct Candidate: Candidate C
2026-05-10 01:00:01,813 - INFO - Decision Correct: 1
{"id": 28, "ts": 1778367602.1903198, "event": "context_consistency_calculated", "method": "embedding_cosine", "mean_pairwise_similarity": 0.892712, "pairwise": [{"agent_a": "agent_1", "agent_b": "agent_2", "similarity": 0.889597}, {"agent_a": "agent_1", "agent_b": "agent_3", "similarity": 0.916944}, {"agent_a": "agent_2", "agent_b": "agent_3", "similarity": 0.871596}]}
{"id": 29, "ts": 1778367602.190492, "event": "gold_standard_alignment_calculated", "method": "rule_based_binary_checks", "mean_alignment": 0.541667, "by_agent": [{"agent": "agent_1", "score": 0.625, "checks": {"favorite_is_c": 1, "c_reliability": 1, "c_calmness": 1, "c_attention": 1, "c_crew_fit": 1, "a_risks": 0, "b_risks": 0, "d_risks": 0}}, {"agent": "agent_2", "score": 0.375, "checks": {"favorite_is_c": 0, "c_reliability": 1, "c_calmness": 1, "c_attention": 0, "c_crew_fit": 1, "a_risks": 0, "b_risks": 0, "d_risks": 0}}, {"agent": "agent_3", "score": 0.625, "checks": {"favorite_is_c": 1, "c_reliability": 1, "c_calmness": 1, "c_attention": 1, "c_crew_fit": 1, "a_risks": 0, "b_risks": 0, "d_risks": 0}}]}
{"id": 30, "ts": 1778367602.1906316, "event": "agent_memories_archived", "directory": "/home/lhegemann/git/bachelor_thesis/01_data/raw/simulations/moderate/moderate_treatment_20260509_224515_004/shared_mental_models", "round": 2}
{"id": 31, "ts": 1778367602.1907136, "event": "final_decision", "candidate": "Candidate C", "method": "consensus", "vote_count": {"Candidate C": 3}, "correct_candidate": "Candidate C", "decision_correct": 1, "round": 2}
2026-05-10 01:00:02,201 - INFO - ======================================================================
2026-05-10 01:00:02,201 - INFO - SIMULATION METRICS
2026-05-10 01:00:02,201 - INFO - ======================================================================
2026-05-10 01:00:02,202 - INFO - Total Loops: 2
2026-05-10 01:00:02,202 - INFO - Agent Turns (no vote checker): 6
2026-05-10 01:00:02,202 - INFO - Agent Tool Calls: 0
2026-05-10 01:00:02,202 - INFO - Agent Tool Messages: 0
2026-05-10 01:00:02,202 - INFO - Memory Updates: 18
2026-05-10 01:00:02,202 - INFO - Total Messages (no vote checker): 6
2026-05-10 01:00:02,202 - INFO - Input Tokens: 51218
2026-05-10 01:00:02,202 - INFO - Output Tokens: 25451
2026-05-10 01:00:02,202 - INFO - Total Tokens: 76669
2026-05-10 01:00:02,202 - INFO - Final Chosen Candidate: Candidate C
2026-05-10 01:00:02,202 - INFO - Final Decision Method: consensus
2026-05-10 01:00:02,202 - INFO - Final Vote Count: {'Candidate C': 3}
2026-05-10 01:00:02,202 - INFO - Correct Candidate: Candidate C
2026-05-10 01:00:02,203 - INFO - Decision Correct: 1
2026-05-10 01:00:02,203 - INFO - Runtime: 122.07s
2026-05-10 01:00:02,203 - INFO - ======================================================================
