2026-05-10 05:07:49,647 - INFO - Metrics tracker initialized
{"id": 1, "ts": 1778382469.6733308, "event": "memory_reset"}
{"id": 2, "ts": 1778382469.677005, "event": "discussion_order", "round": 1, "order": ["agent_3", "agent_1", "agent_2"]}
2026-05-10 05:07:59,124 - INFO - Tokens - Input: 1387, Output: 703, Total: 2090
{"id": 3, "ts": 1778382479.1253052, "event": "public_discussion_message", "round": 1, "agent": "agent_3", "message": "I prefer Candidate A \u2013 has excellent spatial vision.\nMETADATA_JSON:\n{\"agent\": \"agent_3\", \"vote\": \"Candidate A\"}"}
2026-05-10 05:07:59,125 - INFO - Agent turns: 1
2026-05-10 05:08:38,740 - INFO - Tokens - Input: 1449, Output: 317, Total: 1766
{"id": 4, "ts": 1778382518.7420886, "event": "public_discussion_message", "round": 1, "agent": "agent_1", "message": "I prefer Candidate A \u2013 can anticipate dangerous situations.\nMETADATA_JSON:\n{\"agent\": \"agent_1\", \"vote\": \"Candidate A\"}"}
2026-05-10 05:08:38,742 - INFO - Agent turns: 2
2026-05-10 05:08:45,347 - INFO - Tokens - Input: 1490, Output: 684, Total: 2174
{"id": 5, "ts": 1778382525.3485112, "event": "public_discussion_message", "round": 1, "agent": "agent_2", "message": "I prefer Candidate A \u2013 but is regarded as a show\u2011off.\nMETADATA_JSON:\n{\"agent\": \"agent_2\", \"vote\": \"Candidate A\"}"}
2026-05-10 05:08:45,348 - INFO - Agent turns: 3
2026-05-10 05:08:45,358 - INFO - Loop 1 completed
{"id": 6, "ts": 1778382525.3649654, "event": "discussion_order", "round": 2, "order": ["agent_2", "agent_1", "agent_3"]}
2026-05-10 05:08:47,939 - INFO - Tokens - Input: 1519, Output: 282, Total: 1801
{"id": 7, "ts": 1778382527.9406993, "event": "public_discussion_message", "round": 2, "agent": "agent_2", "message": "I prefer Candidate A \u2013 but is regarded as not open to new ideas.\nMETADATA_JSON:\n{\"agent\": \"agent_2\", \"vote\": \"Candidate A\"}"}
2026-05-10 05:08:47,940 - INFO - Agent turns: 4
2026-05-10 05:08:56,247 - INFO - Tokens - Input: 1577, Output: 846, Total: 2423
{"id": 8, "ts": 1778382536.248714, "event": "public_discussion_message", "round": 2, "agent": "agent_1", "message": "I prefer Candidate A \u2013 sometimes not good at taking criticism.\nMETADATA_JSON:\n{\"agent\": \"agent_1\", \"vote\": \"Candidate A\"}"}
2026-05-10 05:08:56,248 - INFO - Agent turns: 5
2026-05-10 05:09:00,155 - INFO - Tokens - Input: 1609, Output: 560, Total: 2169
{"id": 9, "ts": 1778382540.1567087, "event": "public_discussion_message", "round": 2, "agent": "agent_3", "message": "I prefer Candidate B \u2013 handles stress very well.\nMETADATA_JSON:\n{\"agent\": \"agent_3\", \"vote\": \"Candidate B\"}"}
2026-05-10 05:09:00,156 - INFO - Agent turns: 6
2026-05-10 05:09:00,165 - INFO - Loop 2 completed
{"id": 10, "ts": 1778382540.1713235, "event": "discussion_order", "round": 3, "order": ["agent_1", "agent_3", "agent_2"]}
2026-05-10 05:09:07,094 - INFO - Tokens - Input: 1644, Output: 183, Total: 1827
{"id": 11, "ts": 1778382547.095518, "event": "public_discussion_message", "round": 3, "agent": "agent_1", "message": "I prefer Candidate A \u2013 sometimes not good at taking criticism.\nMETADATA_JSON:\n{\"agent\": \"agent_1\", \"vote\": \"Candidate A\"}"}
2026-05-10 05:09:07,095 - INFO - Agent turns: 7
2026-05-10 05:09:20,368 - INFO - Tokens - Input: 1687, Output: 928, Total: 2615
{"id": 12, "ts": 1778382560.3696785, "event": "public_discussion_message", "round": 3, "agent": "agent_3", "message": "I prefer Candidate B \u2013 handles stress very well.\nMETADATA_JSON:\n{\"agent\": \"agent_3\", \"vote\": \"Candidate B\"}"}
2026-05-10 05:09:20,369 - INFO - Agent turns: 8
2026-05-10 05:09:27,169 - INFO - Tokens - Input: 1731, Output: 761, Total: 2492
{"id": 13, "ts": 1778382567.1705647, "event": "public_discussion_message", "round": 3, "agent": "agent_2", "message": "I prefer Candidate B \u2013 handles stress very well.\nMETADATA_JSON:\n{\"agent\": \"agent_2\", \"vote\": \"Candidate B\"}"}
2026-05-10 05:09:27,170 - INFO - Agent turns: 9
2026-05-10 05:09:27,179 - INFO - Loop 3 completed
{"id": 14, "ts": 1778382567.1850183, "event": "discussion_order", "round": 4, "order": ["agent_1", "agent_3", "agent_2"]}
2026-05-10 05:09:33,887 - INFO - Tokens - Input: 1760, Output: 727, Total: 2487
{"id": 15, "ts": 1778382573.8884068, "event": "public_discussion_message", "round": 4, "agent": "agent_1", "message": "I prefer Candidate C \u2013 known to be 100% reliable.\nMETADATA_JSON:\n{\"agent\": \"agent_1\", \"vote\": \"Candidate C\"}"}
2026-05-10 05:09:33,888 - INFO - Agent turns: 10
2026-05-10 05:09:42,732 - INFO - Tokens - Input: 1805, Output: 727, Total: 2532
{"id": 16, "ts": 1778382582.733967, "event": "public_discussion_message", "round": 4, "agent": "agent_3", "message": "I prefer Candidate B \u2013 very conscientious.\nMETADATA_JSON:\n{\"agent\": \"agent_3\", \"vote\": \"Candidate B\"}"}
2026-05-10 05:09:42,734 - INFO - Agent turns: 11
2026-05-10 05:09:50,392 - INFO - Tokens - Input: 1844, Output: 788, Total: 2632
{"id": 17, "ts": 1778382590.3934374, "event": "public_discussion_message", "round": 4, "agent": "agent_2", "message": "I prefer Candidate C \u2013 keeps calm in a crisis.\nMETADATA_JSON:\n{\"agent\": \"agent_2\", \"vote\": \"Candidate C\"}"}
2026-05-10 05:09:50,393 - INFO - Agent turns: 12
2026-05-10 05:09:50,403 - INFO - Loop 4 completed
{"id": 18, "ts": 1778382590.4097466, "event": "discussion_order", "round": 5, "order": ["agent_3", "agent_2", "agent_1"]}
2026-05-10 05:09:59,016 - INFO - Tokens - Input: 1871, Output: 899, Total: 2770
{"id": 19, "ts": 1778382599.017721, "event": "public_discussion_message", "round": 5, "agent": "agent_3", "message": "I prefer Candidate C \u2013 puts concern for others above everything.\nMETADATA_JSON:\n{\"agent\": \"agent_3\", \"vote\": \"Candidate C\"}"}
2026-05-10 05:09:59,017 - INFO - Agent turns: 13
2026-05-10 05:10:10,251 - INFO - Tokens - Input: 1927, Output: 919, Total: 2846
{"id": 20, "ts": 1778382610.2532387, "event": "public_discussion_message", "round": 5, "agent": "agent_2", "message": "I prefer Candidate C \u2013 keeps calm in a crisis.\nMETADATA_JSON:\n{\"agent\": \"agent_2\", \"vote\": \"Candidate C\"}"}
2026-05-10 05:10:10,253 - INFO - Agent turns: 14
2026-05-10 05:10:19,291 - INFO - Tokens - Input: 1962, Output: 659, Total: 2621
{"id": 21, "ts": 1778382619.2929413, "event": "public_discussion_message", "round": 5, "agent": "agent_1", "message": "I prefer Candidate C \u2013 known to be 100% reliable.\nMETADATA_JSON:\n{\"agent\": \"agent_1\", \"vote\": \"Candidate C\"}"}
2026-05-10 05:10:19,293 - INFO - Agent turns: 15
2026-05-10 05:10:19,302 - INFO - Loop 5 completed
2026-05-10 05:10:19,302 - INFO - Final Chosen Candidate: Candidate C
2026-05-10 05:10:19,302 - INFO - Final Decision Method: consensus
2026-05-10 05:10:19,302 - INFO - Final Vote Count: {'Candidate C': 3}
2026-05-10 05:10:19,302 - INFO - Correct Candidate: Candidate C
2026-05-10 05:10:19,302 - INFO - Decision Correct: 1
{"id": 22, "ts": 1778382619.303807, "event": "context_consistency_not_applicable", "reason": "explicit_smm_memory_disabled"}
{"id": 23, "ts": 1778382619.3039618, "event": "final_decision", "candidate": "Candidate C", "method": "consensus", "vote_count": {"Candidate C": 3}, "correct_candidate": "Candidate C", "decision_correct": 1, "round": 5}
2026-05-10 05:10:19,312 - INFO - ======================================================================
2026-05-10 05:10:19,312 - INFO - SIMULATION METRICS
2026-05-10 05:10:19,312 - INFO - ======================================================================
2026-05-10 05:10:19,312 - INFO - Total Loops: 5
2026-05-10 05:10:19,312 - INFO - Agent Turns (no vote checker): 15
2026-05-10 05:10:19,312 - INFO - Agent Tool Calls: 0
2026-05-10 05:10:19,312 - INFO - Agent Tool Messages: 0
2026-05-10 05:10:19,312 - INFO - Memory Updates: 0
2026-05-10 05:10:19,312 - INFO - Total Messages (no vote checker): 15
2026-05-10 05:10:19,313 - INFO - Input Tokens: 25262
2026-05-10 05:10:19,313 - INFO - Output Tokens: 9983
2026-05-10 05:10:19,313 - INFO - Total Tokens: 35245
2026-05-10 05:10:19,313 - INFO - Final Chosen Candidate: Candidate C
2026-05-10 05:10:19,313 - INFO - Final Decision Method: consensus
2026-05-10 05:10:19,313 - INFO - Final Vote Count: {'Candidate C': 3}
2026-05-10 05:10:19,313 - INFO - Correct Candidate: Candidate C
2026-05-10 05:10:19,313 - INFO - Decision Correct: 1
2026-05-10 05:10:19,313 - INFO - Runtime: 149.66s
2026-05-10 05:10:19,313 - INFO - ======================================================================
