2026-05-10 04:41:44,458 - INFO - Metrics tracker initialized
{"id": 1, "ts": 1778380904.4836059, "event": "memory_reset"}
{"id": 2, "ts": 1778380904.4891443, "event": "discussion_order", "round": 1, "order": ["agent_2", "agent_3", "agent_1"]}
2026-05-10 04:41:54,036 - INFO - Tokens - Input: 1395, Output: 619, Total: 2014
{"id": 3, "ts": 1778380914.0379136, "event": "public_discussion_message", "round": 1, "agent": "agent_2", "message": "I favor Candidate B \u2013 he handles stress very well.\nMETADATA_JSON:\n{\"agent\": \"agent_2\", \"vote\": \"Candidate B\"}"}
2026-05-10 04:41:54,038 - INFO - Agent turns: 1
2026-05-10 04:42:00,257 - INFO - Tokens - Input: 1446, Output: 546, Total: 1992
{"id": 4, "ts": 1778380920.259059, "event": "public_discussion_message", "round": 1, "agent": "agent_3", "message": "I prefer Candidate B \u2013 very conscientious.\nMETADATA_JSON:\n{\"agent\": \"agent_3\", \"vote\": \"Candidate B\"}"}
2026-05-10 04:42:00,259 - INFO - Agent turns: 2
2026-05-10 04:42:03,742 - INFO - Tokens - Input: 1484, Output: 366, Total: 1850
{"id": 5, "ts": 1778380923.7432904, "event": "public_discussion_message", "round": 1, "agent": "agent_1", "message": "I prefer Candidate A \u2013 excellent spatial vision.\nMETADATA_JSON:\n{\"agent\": \"agent_1\", \"vote\": \"Candidate A\"}"}
2026-05-10 04:42:03,743 - INFO - Agent turns: 3
2026-05-10 04:42:03,750 - INFO - Loop 1 completed
{"id": 6, "ts": 1778380923.7553432, "event": "discussion_order", "round": 2, "order": ["agent_2", "agent_3", "agent_1"]}
2026-05-10 04:42:46,067 - INFO - Tokens - Input: 1520, Output: 559, Total: 2079
{"id": 7, "ts": 1778380966.0686617, "event": "public_discussion_message", "round": 2, "agent": "agent_2", "message": "I prefer Candidate A \u2013 noted as a show\u2011off.\nMETADATA_JSON:\n{\"agent\": \"agent_2\", \"vote\": \"Candidate A\"}"}
2026-05-10 04:42:46,068 - INFO - Agent turns: 4
2026-05-10 04:42:53,468 - INFO - Tokens - Input: 1560, Output: 836, Total: 2396
{"id": 8, "ts": 1778380973.4695733, "event": "public_discussion_message", "round": 2, "agent": "agent_3", "message": "I prefer Candidate B \u2013 handles stress very well.\nMETADATA_JSON:\n{\"agent\": \"agent_3\", \"vote\": \"Candidate B\"}"}
2026-05-10 04:42:53,469 - INFO - Agent turns: 5
2026-05-10 04:43:01,855 - INFO - Tokens - Input: 1601, Output: 1059, Total: 2660
{"id": 9, "ts": 1778380981.8563864, "event": "public_discussion_message", "round": 2, "agent": "agent_1", "message": "I prefer Candidate A \u2013 anticipates dangerous situations.\nMETADATA_JSON:\n{\"agent\": \"agent_1\", \"vote\": \"Candidate A\"}"}
2026-05-10 04:43:01,856 - INFO - Agent turns: 6
2026-05-10 04:43:01,865 - INFO - Loop 2 completed
{"id": 10, "ts": 1778380981.8837948, "event": "discussion_order", "round": 3, "order": ["agent_3", "agent_1", "agent_2"]}
2026-05-10 04:43:08,229 - INFO - Tokens - Input: 1628, Output: 702, Total: 2330
{"id": 11, "ts": 1778380988.2308686, "event": "public_discussion_message", "round": 3, "agent": "agent_3", "message": "I prefer Candidate B \u2013 very conscientious.\nMETADATA_JSON:\n{\"agent\": \"agent_3\", \"vote\": \"Candidate B\"}"}
2026-05-10 04:43:08,231 - INFO - Agent turns: 7
2026-05-10 04:43:13,437 - INFO - Tokens - Input: 1673, Output: 611, Total: 2284
{"id": 12, "ts": 1778380993.4392416, "event": "public_discussion_message", "round": 3, "agent": "agent_1", "message": "I prefer Candidate A \u2013 anticipates dangerous situations.\nMETADATA_JSON:\n{\"agent\": \"agent_1\", \"vote\": \"Candidate A\"}"}
2026-05-10 04:43:13,439 - INFO - Agent turns: 8
2026-05-10 04:43:20,723 - INFO - Tokens - Input: 1716, Output: 939, Total: 2655
{"id": 13, "ts": 1778381000.7244265, "event": "public_discussion_message", "round": 3, "agent": "agent_2", "message": "I prefer Candidate A \u2013 show\u2011off.\nMETADATA_JSON:\n{\"agent\": \"agent_2\", \"vote\": \"Candidate A\"}"}
2026-05-10 04:43:20,724 - INFO - Agent turns: 9
2026-05-10 04:43:20,734 - INFO - Loop 3 completed
{"id": 14, "ts": 1778381000.7403328, "event": "discussion_order", "round": 4, "order": ["agent_1", "agent_2", "agent_3"]}
2026-05-10 04:43:24,678 - INFO - Tokens - Input: 1744, Output: 447, Total: 2191
{"id": 15, "ts": 1778381004.679771, "event": "public_discussion_message", "round": 4, "agent": "agent_1", "message": "I prefer Candidate A \u2013 anticipates dangerous situations.\nMETADATA_JSON:\n{\"agent\": \"agent_1\", \"vote\": \"Candidate A\"}"}
2026-05-10 04:43:24,679 - INFO - Agent turns: 10
2026-05-10 04:43:33,127 - INFO - Tokens - Input: 1791, Output: 976, Total: 2767
{"id": 16, "ts": 1778381013.1289282, "event": "public_discussion_message", "round": 4, "agent": "agent_2", "message": "I prefer Candidate A \u2013 regarded as a show\u2011off.\nMETADATA_JSON:\n{\"agent\": \"agent_2\", \"vote\": \"Candidate A\"}"}
2026-05-10 04:43:33,129 - INFO - Agent turns: 11
2026-05-10 04:43:39,826 - INFO - Tokens - Input: 1825, Output: 601, Total: 2426
{"id": 17, "ts": 1778381019.8282483, "event": "public_discussion_message", "round": 4, "agent": "agent_3", "message": "I prefer Candidate B \u2013 handles stress well.\nMETADATA_JSON:\n{\"agent\": \"agent_3\", \"vote\": \"Candidate B\"}"}
2026-05-10 04:43:39,828 - INFO - Agent turns: 12
2026-05-10 04:43:39,837 - INFO - Loop 4 completed
{"id": 18, "ts": 1778381019.8432963, "event": "discussion_order", "round": 5, "order": ["agent_3", "agent_2", "agent_1"]}
2026-05-10 04:43:42,273 - INFO - Tokens - Input: 1854, Output: 170, Total: 2024
{"id": 19, "ts": 1778381022.275203, "event": "public_discussion_message", "round": 5, "agent": "agent_3", "message": "I prefer Candidate B \u2013 handles stress well.\nMETADATA_JSON:\n{\"agent\": \"agent_3\", \"vote\": \"Candidate B\"}"}
2026-05-10 04:43:42,275 - INFO - Agent turns: 13
2026-05-10 04:43:53,068 - INFO - Tokens - Input: 1904, Output: 1148, Total: 3052
{"id": 20, "ts": 1778381033.0704145, "event": "public_discussion_message", "round": 5, "agent": "agent_2", "message": "I prefer Candidate D \u2013 solves problems extremely well.\nMETADATA_JSON:\n{\"agent\": \"agent_2\", \"vote\": \"Candidate D\"}"}
2026-05-10 04:43:53,070 - INFO - Agent turns: 14
2026-05-10 04:43:59,879 - INFO - Tokens - Input: 1940, Output: 673, Total: 2613
{"id": 21, "ts": 1778381039.880801, "event": "public_discussion_message", "round": 5, "agent": "agent_1", "message": "I prefer Candidate A \u2013 excellent spatial vision.\nMETADATA_JSON:\n{\"agent\": \"agent_1\", \"vote\": \"Candidate A\"}"}
2026-05-10 04:43:59,880 - INFO - Agent turns: 15
2026-05-10 04:43:59,886 - INFO - Loop 5 completed
2026-05-10 04:43:59,886 - INFO - Final Chosen Candidate: None
2026-05-10 04:43:59,886 - INFO - Final Decision Method: max_round_no_majority
2026-05-10 04:43:59,886 - INFO - Final Vote Count: {'Candidate A': 1, 'Candidate D': 1, 'Candidate B': 1}
2026-05-10 04:43:59,886 - INFO - Correct Candidate: Candidate C
2026-05-10 04:43:59,886 - INFO - Decision Correct: 0
{"id": 22, "ts": 1778381039.8874345, "event": "context_consistency_not_applicable", "reason": "explicit_smm_memory_disabled"}
{"id": 23, "ts": 1778381039.8875139, "event": "final_decision", "candidate": null, "method": "max_round_no_majority", "vote_count": {"Candidate A": 1, "Candidate D": 1, "Candidate B": 1}, "correct_candidate": "Candidate C", "decision_correct": 0, "round": 5}
2026-05-10 04:43:59,893 - INFO - ======================================================================
2026-05-10 04:43:59,893 - INFO - SIMULATION METRICS
2026-05-10 04:43:59,893 - INFO - ======================================================================
2026-05-10 04:43:59,893 - INFO - Total Loops: 5
2026-05-10 04:43:59,893 - INFO - Agent Turns (no vote checker): 15
2026-05-10 04:43:59,893 - INFO - Agent Tool Calls: 0
2026-05-10 04:43:59,893 - INFO - Agent Tool Messages: 0
2026-05-10 04:43:59,893 - INFO - Memory Updates: 0
2026-05-10 04:43:59,893 - INFO - Total Messages (no vote checker): 15
2026-05-10 04:43:59,893 - INFO - Input Tokens: 25081
2026-05-10 04:43:59,893 - INFO - Output Tokens: 10252
2026-05-10 04:43:59,893 - INFO - Total Tokens: 35333
2026-05-10 04:43:59,893 - INFO - Final Chosen Candidate: None
2026-05-10 04:43:59,893 - INFO - Final Decision Method: max_round_no_majority
2026-05-10 04:43:59,893 - INFO - Final Vote Count: {'Candidate A': 1, 'Candidate D': 1, 'Candidate B': 1}
2026-05-10 04:43:59,893 - INFO - Correct Candidate: Candidate C
2026-05-10 04:43:59,893 - INFO - Decision Correct: 0
2026-05-10 04:43:59,893 - INFO - Runtime: 135.44s
2026-05-10 04:43:59,893 - INFO - ======================================================================
