2026-05-06 19:47:18,340 - INFO - Metrics tracker initialized
{"id": 1, "ts": 1778089638.3655455, "event": "memory_reset"}
{"id": 2, "ts": 1778089638.3699172, "event": "discussion_order", "round": 1, "order": ["agent_1", "agent_3", "agent_2"]}
2026-05-06 19:47:26,836 - INFO - Tokens - Input: 1713, Output: 913, Total: 2626
{"id": 3, "ts": 1778089646.8377333, "event": "public_discussion_message", "round": 1, "agent": "agent_1", "message": "I currently favor Candidate\u202fA because they can anticipate dangerous situations and have very good leadership qualities\u2014both essential for long\u2011distance flights where foresight and crew coordination are critical. The main trade\u2011off is A\u2019s tendency to be unorganized and to struggle with criticism, which could hinder teamwork and safety.\nMETADATA_JSON:\n{\"agent\": \"agent_1\", \"vote\": \"Candidate A\"}"}
2026-05-06 19:47:26,837 - INFO - Agent turns: 1
2026-05-06 19:47:37,217 - INFO - Tokens - Input: 1296, Output: 1325, Total: 2621
2026-05-06 19:47:37,219 - INFO - Memory updates: 1
{"id": 4, "ts": 1778089657.2199333, "event": "memory_updated", "agent": "agent_2", "round": 1}
2026-05-06 19:47:39,336 - INFO - Tokens - Input: 1293, Output: 1364, Total: 2657
2026-05-06 19:47:39,337 - INFO - Memory updates: 2
{"id": 5, "ts": 1778089659.3378277, "event": "memory_updated", "agent": "agent_1", "round": 1}
2026-05-06 19:47:45,068 - INFO - Tokens - Input: 1288, Output: 1234, Total: 2522
2026-05-06 19:47:45,069 - INFO - Memory updates: 3
{"id": 6, "ts": 1778089665.0699167, "event": "memory_updated", "agent": "agent_3", "round": 1}
2026-05-06 19:47:49,549 - INFO - Tokens - Input: 2279, Output: 542, Total: 2821
{"id": 7, "ts": 1778089669.551423, "event": "public_discussion_message", "round": 1, "agent": "agent_3", "message": "I currently favor **Candidate\u202fB**. Their very conscientious nature and strong stress\u2011handling ability support reliability and calmness on long\u2011haul flights, while their skill in assessing weather and excellent computer abilities give solid technical competence. The main trade\u2011off is their tendency to be perceived as pretentious and occasionally use the wrong tone, which could hinder crew cooperation.\nMETADATA_JSON:\n{\"agent\": \"agent_3\", \"vote\": \"Candidate B\"}"}
2026-05-06 19:47:49,551 - INFO - Agent turns: 2
2026-05-06 19:47:55,328 - INFO - Tokens - Input: 1980, Output: 1094, Total: 3074
2026-05-06 19:47:55,330 - INFO - Memory updates: 4
{"id": 8, "ts": 1778089675.3304682, "event": "memory_updated", "agent": "agent_2", "round": 1}
2026-05-06 19:47:56,396 - INFO - Tokens - Input: 1902, Output: 975, Total: 2877
2026-05-06 19:47:56,398 - INFO - Memory updates: 5
{"id": 9, "ts": 1778089676.3986757, "event": "memory_updated", "agent": "agent_1", "round": 1}
2026-05-06 19:47:57,416 - INFO - Tokens - Input: 1886, Output: 1276, Total: 3162
2026-05-06 19:47:57,420 - INFO - Memory updates: 6
{"id": 10, "ts": 1778089677.4204717, "event": "memory_updated", "agent": "agent_3", "round": 1}
2026-05-06 19:48:02,694 - INFO - Tokens - Input: 2413, Output: 723, Total: 3136
{"id": 11, "ts": 1778089682.695869, "event": "public_discussion_message", "round": 1, "agent": "agent_2", "message": "I am leaning toward **Candidate\u202fD**. Their strong sense of responsibility, excellent problem\u2011solving ability, high concentration, and proven capacity to respond adequately to unexpected events align well with the reliability, technical competence, and calm\u2011under\u2011pressure needs of long\u2011distance flights. The main uncertainty is their hot temper and \u201cknow\u2011it\u2011all\u201d reputation, which could undermine crew cooperation and safety if not managed.\nMETADATA_JSON:\n{\"agent\": \"agent_2\", \"vote\": \"Candidate D\"}"}
2026-05-06 19:48:02,696 - INFO - Agent turns: 3
2026-05-06 19:48:11,575 - INFO - Tokens - Input: 1952, Output: 1316, Total: 3268
2026-05-06 19:48:11,576 - INFO - Memory updates: 7
{"id": 12, "ts": 1778089691.576943, "event": "memory_updated", "agent": "agent_1", "round": 1}
2026-05-06 19:48:12,549 - INFO - Tokens - Input: 2046, Output: 1017, Total: 3063
2026-05-06 19:48:12,550 - INFO - Memory updates: 8
{"id": 13, "ts": 1778089692.5509841, "event": "memory_updated", "agent": "agent_2", "round": 1}
2026-05-06 19:48:12,840 - INFO - Tokens - Input: 2075, Output: 1466, Total: 3541
2026-05-06 19:48:12,842 - INFO - Memory updates: 9
{"id": 14, "ts": 1778089692.842495, "event": "memory_updated", "agent": "agent_3", "round": 1}
2026-05-06 19:48:12,851 - INFO - Loop 1 completed
{"id": 15, "ts": 1778089692.858749, "event": "discussion_order", "round": 2, "order": ["agent_1", "agent_2", "agent_3"]}
2026-05-06 19:48:16,656 - INFO - Tokens - Input: 2528, Output: 618, Total: 3146
{"id": 16, "ts": 1778089696.6579185, "event": "public_discussion_message", "round": 2, "agent": "agent_1", "message": "I continue to favor **Candidate\u202fA**. Their ability to anticipate dangerous situations and their very good leadership qualities are critical for long\u2011distance flights where foresight and crew coordination can prevent incidents. The main uncertainty is A\u2019s tendency to be unorganized and to struggle with criticism, which could undermine teamwork and safety if not addressed.\nMETADATA_JSON:\n{\"agent\": \"agent_1\", \"vote\": \"Candidate A\"}"}
2026-05-06 19:48:16,658 - INFO - Agent turns: 4
2026-05-06 19:48:23,727 - INFO - Tokens - Input: 1880, Output: 1089, Total: 2969
2026-05-06 19:48:23,729 - INFO - Memory updates: 10
{"id": 17, "ts": 1778089703.7300506, "event": "memory_updated", "agent": "agent_2", "round": 2}
2026-05-06 19:48:27,223 - INFO - Tokens - Input: 2098, Output: 1042, Total: 3140
2026-05-06 19:48:27,224 - INFO - Memory updates: 11
{"id": 18, "ts": 1778089707.2251115, "event": "memory_updated", "agent": "agent_1", "round": 2}
2026-05-06 19:48:27,868 - INFO - Tokens - Input: 2343, Output: 1429, Total: 3772
2026-05-06 19:48:27,870 - INFO - Memory updates: 12
{"id": 19, "ts": 1778089707.8704865, "event": "memory_updated", "agent": "agent_3", "round": 2}
2026-05-06 19:48:30,139 - INFO - Tokens - Input: 2509, Output: 303, Total: 2812
{"id": 20, "ts": 1778089710.1415164, "event": "public_discussion_message", "round": 2, "agent": "agent_2", "message": "I continue to favor **Candidate\u202fD**. Their strong sense of responsibility, excellent problem\u2011solving skills, and ability to concentrate and respond adequately to unexpected events are crucial for the reliability, technical competence, and calm\u2011under\u2011pressure demands of long\u2011distance flights. The main trade\u2011off is their hot temper and reputation as a know\u2011it\u2011all, which could jeopardize crew cooperation and safety if not properly managed.\nMETADATA_JSON:\n{\"agent\": \"agent_2\", \"vote\": \"Candidate D\"}"}
2026-05-06 19:48:30,141 - INFO - Agent turns: 5
2026-05-06 19:48:36,198 - INFO - Tokens - Input: 2146, Output: 882, Total: 3028
2026-05-06 19:48:36,200 - INFO - Memory updates: 13
{"id": 21, "ts": 1778089716.200662, "event": "memory_updated", "agent": "agent_2", "round": 2}
2026-05-06 19:48:38,574 - INFO - Tokens - Input: 2270, Output: 1136, Total: 3406
2026-05-06 19:48:38,575 - INFO - Memory updates: 14
{"id": 22, "ts": 1778089718.5756462, "event": "memory_updated", "agent": "agent_1", "round": 2}
2026-05-06 19:48:41,485 - INFO - Tokens - Input: 2535, Output: 1342, Total: 3877
2026-05-06 19:48:41,486 - INFO - Memory updates: 15
{"id": 23, "ts": 1778089721.487013, "event": "memory_updated", "agent": "agent_3", "round": 2}
2026-05-06 19:48:44,420 - INFO - Tokens - Input: 2980, Output: 218, Total: 3198
{"id": 24, "ts": 1778089724.4221444, "event": "public_discussion_message", "round": 2, "agent": "agent_3", "message": "I continue to favor **Candidate\u202fB**. Their strong conscientiousness and ability to handle stress provide reliability and calmness under the long\u2011haul pressures, while their skill in assessing weather conditions and excellent computer abilities give solid technical competence essential for long\u2011distance operations. The main trade\u2011off is their tendency to be perceived as pretentious and occasionally use the wrong tone, which could affect crew cooperation and resource management.\nMETADATA_JSON:\n{\"agent\": \"agent_3\", \"vote\": \"Candidate B\"}"}
2026-05-06 19:48:44,422 - INFO - Agent turns: 6
2026-05-06 19:48:51,965 - INFO - Tokens - Input: 2244, Output: 935, Total: 3179
2026-05-06 19:48:51,967 - INFO - Memory updates: 16
{"id": 25, "ts": 1778089731.967514, "event": "memory_updated", "agent": "agent_2", "round": 2}
2026-05-06 19:48:52,507 - INFO - Tokens - Input: 2609, Output: 1126, Total: 3735
2026-05-06 19:48:52,509 - INFO - Memory updates: 17
{"id": 26, "ts": 1778089732.5095272, "event": "memory_updated", "agent": "agent_3", "round": 2}
2026-05-06 19:48:52,998 - INFO - Tokens - Input: 2348, Output: 1170, Total: 3518
2026-05-06 19:48:53,000 - INFO - Memory updates: 18
{"id": 27, "ts": 1778089733.0003188, "event": "memory_updated", "agent": "agent_1", "round": 2}
2026-05-06 19:48:53,008 - INFO - Loop 2 completed
{"id": 28, "ts": 1778089733.0147223, "event": "discussion_order", "round": 3, "order": ["agent_3", "agent_1", "agent_2"]}
2026-05-06 19:48:54,548 - INFO - Tokens - Input: 2939, Output: 215, Total: 3154
{"id": 29, "ts": 1778089734.5503497, "event": "public_discussion_message", "round": 3, "agent": "agent_3", "message": "I continue to favor **Candidate\u202fB**. Their strong conscientiousness and ability to handle stress give the reliability and calmness needed for long\u2011haul flights, while their skill in assessing weather and excellent computer abilities provide essential technical competence. The main uncertainty is their tendency to be perceived as pretentious and occasionally use the wrong tone, which could hinder crew cooperation and resource management.\nMETADATA_JSON:\n{\"agent\": \"agent_3\", \"vote\": \"Candidate B\"}"}
2026-05-06 19:48:54,550 - INFO - Agent turns: 7
2026-05-06 19:49:00,381 - INFO - Tokens - Input: 2346, Output: 898, Total: 3244
2026-05-06 19:49:00,383 - INFO - Memory updates: 19
{"id": 30, "ts": 1778089740.3839707, "event": "memory_updated", "agent": "agent_2", "round": 3}
2026-05-06 19:49:00,768 - INFO - Tokens - Input: 2325, Output: 1040, Total: 3365
2026-05-06 19:49:00,770 - INFO - Memory updates: 20
{"id": 31, "ts": 1778089740.7707403, "event": "memory_updated", "agent": "agent_1", "round": 3}
2026-05-06 19:49:04,488 - INFO - Tokens - Input: 2527, Output: 1342, Total: 3869
2026-05-06 19:49:04,489 - INFO - Memory updates: 21
{"id": 32, "ts": 1778089744.4900517, "event": "memory_updated", "agent": "agent_3", "round": 3}
2026-05-06 19:49:09,171 - INFO - Tokens - Input: 2891, Output: 679, Total: 3570
{"id": 33, "ts": 1778089749.173107, "event": "public_discussion_message", "round": 3, "agent": "agent_1", "message": "I continue to favor **Candidate\u202fA**. Their ability to anticipate dangerous situations and their very good leadership qualities are critical for long\u2011distance flights, where foresight and crew coordination can prevent incidents and ensure safe operations. The main trade\u2011off is A\u2019s tendency to be unorganized and to struggle with criticism, which could hinder teamwork and safety if not managed.\nMETADATA_JSON:\n{\"agent\": \"agent_1\", \"vote\": \"Candidate A\"}"}
2026-05-06 19:49:09,173 - INFO - Agent turns: 8
2026-05-06 19:49:16,174 - INFO - Tokens - Input: 2445, Output: 931, Total: 3376
2026-05-06 19:49:16,176 - INFO - Memory updates: 22
{"id": 34, "ts": 1778089756.1762583, "event": "memory_updated", "agent": "agent_2", "round": 3}
2026-05-06 19:49:17,866 - INFO - Tokens - Input: 2609, Output: 1188, Total: 3797
2026-05-06 19:49:17,867 - INFO - Memory updates: 23
{"id": 35, "ts": 1778089757.868043, "event": "memory_updated", "agent": "agent_3", "round": 3}
2026-05-06 19:49:19,522 - INFO - Tokens - Input: 2500, Output: 1178, Total: 3678
2026-05-06 19:49:19,524 - INFO - Memory updates: 24
{"id": 36, "ts": 1778089759.524557, "event": "memory_updated", "agent": "agent_1", "round": 3}
2026-05-06 19:49:23,073 - INFO - Tokens - Input: 2934, Output: 451, Total: 3385
{"id": 37, "ts": 1778089763.0748582, "event": "public_discussion_message", "round": 3, "agent": "agent_2", "message": "I continue to favor **Candidate\u202fD**. Their strong sense of responsibility, excellent problem\u2011solving ability, and capacity to stay focused and respond adequately to unexpected events directly support the reliability and calm\u2011under\u2011pressure needed for long\u2011distance flights. The main trade\u2011off is their hot temper and reputation as a \u201cknow\u2011it\u2011all,\u201d which could undermine crew cooperation if not properly managed.\nMETADATA_JSON:\n{\"agent\": \"agent_2\", \"vote\": \"Candidate D\"}"}
2026-05-06 19:49:23,075 - INFO - Agent turns: 9
2026-05-06 19:49:29,016 - INFO - Tokens - Input: 2559, Output: 957, Total: 3516
2026-05-06 19:49:29,017 - INFO - Memory updates: 25
{"id": 38, "ts": 1778089769.0178587, "event": "memory_updated", "agent": "agent_2", "round": 3}
2026-05-06 19:49:31,257 - INFO - Tokens - Input: 2374, Output: 996, Total: 3370
2026-05-06 19:49:31,258 - INFO - Memory updates: 26
{"id": 39, "ts": 1778089771.2590835, "event": "memory_updated", "agent": "agent_1", "round": 3}
2026-05-06 19:49:34,402 - INFO - Tokens - Input: 2644, Output: 1424, Total: 4068
2026-05-06 19:49:34,404 - INFO - Memory updates: 27
{"id": 40, "ts": 1778089774.4048796, "event": "memory_updated", "agent": "agent_3", "round": 3}
2026-05-06 19:49:34,414 - INFO - Loop 3 completed
{"id": 41, "ts": 1778089774.4205182, "event": "discussion_order", "round": 4, "order": ["agent_2", "agent_3", "agent_1"]}
2026-05-06 19:49:39,071 - INFO - Tokens - Input: 3065, Output: 465, Total: 3530
{"id": 42, "ts": 1778089779.0731294, "event": "public_discussion_message", "round": 4, "agent": "agent_2", "message": "I continue to favor **Candidate\u202fD**. Their strong sense of responsibility, excellent problem\u2011solving ability, high concentration, and proven capacity to respond adequately to unexpected events directly support the reliability, technical competence, and calm\u2011under\u2011pressure needed for long\u2011distance flights. The main trade\u2011off is their hot temper and reputation as a \u201cknow\u2011it\u2011all,\u201d which could undermine crew cooperation and safety if not properly managed.\nMETADATA_JSON:\n{\"agent\": \"agent_2\", \"vote\": \"Candidate D\"}"}
2026-05-06 19:49:39,073 - INFO - Agent turns: 10
2026-05-06 19:49:46,228 - INFO - Tokens - Input: 2679, Output: 884, Total: 3563
2026-05-06 19:49:46,230 - INFO - Memory updates: 28
{"id": 43, "ts": 1778089786.2305007, "event": "memory_updated", "agent": "agent_2", "round": 4}
2026-05-06 19:49:46,935 - INFO - Tokens - Input: 2749, Output: 1194, Total: 3943
2026-05-06 19:49:46,937 - INFO - Memory updates: 29
{"id": 44, "ts": 1778089786.9375546, "event": "memory_updated", "agent": "agent_3", "round": 4}
2026-05-06 19:49:47,965 - INFO - Tokens - Input: 2515, Output: 1167, Total: 3682
2026-05-06 19:49:47,967 - INFO - Memory updates: 30
{"id": 45, "ts": 1778089787.9674392, "event": "memory_updated", "agent": "agent_1", "round": 4}
2026-05-06 19:49:51,603 - INFO - Tokens - Input: 3334, Output: 202, Total: 3536
{"id": 46, "ts": 1778089791.6049733, "event": "public_discussion_message", "round": 4, "agent": "agent_3", "message": "I continue to favor **Candidate\u202fB**. Their very conscientious nature and strong ability to handle stress give the reliability and calmness essential for long\u2011haul flights, while their skill in assessing weather conditions and excellent computer abilities provide the technical competence needed for complex, long\u2011distance operations. The main trade\u2011off is their tendency to be perceived as pretentious and occasionally adopt the wrong tone when communicating, which could affect crew cooperation and resource management.\nMETADATA_JSON:\n{\"agent\": \"agent_3\", \"vote\": \"Candidate B\"}"}
2026-05-06 19:49:51,605 - INFO - Agent turns: 11
2026-05-06 19:49:58,464 - INFO - Tokens - Input: 2779, Output: 844, Total: 3623
2026-05-06 19:49:58,465 - INFO - Memory updates: 31
{"id": 47, "ts": 1778089798.46587, "event": "memory_updated", "agent": "agent_2", "round": 4}
2026-05-06 19:50:00,395 - INFO - Tokens - Input: 2975, Output: 1179, Total: 4154
2026-05-06 19:50:00,397 - INFO - Memory updates: 32
{"id": 48, "ts": 1778089800.3973522, "event": "memory_updated", "agent": "agent_3", "round": 4}
2026-05-06 19:50:05,193 - INFO - Tokens - Input: 2666, Output: 1175, Total: 3841
2026-05-06 19:50:05,195 - INFO - Memory updates: 33
{"id": 49, "ts": 1778089805.1958013, "event": "memory_updated", "agent": "agent_1", "round": 4}
2026-05-06 19:50:10,681 - INFO - Tokens - Input: 3148, Output: 760, Total: 3908
{"id": 50, "ts": 1778089810.6833885, "event": "public_discussion_message", "round": 4, "agent": "agent_1", "message": "I now favor **Candidate\u202fC**. Their 100\u202f% reliability and ability to make correct decisions quickly are crucial for the safety and consistency required on long\u2011distance flights, and they are noted for creating a positive atmosphere with the crew, supporting cooperation and morale. The main uncertainty is their difficulty communicating ideas and egocentric attitude, which could hinder effective crew coordination and decision\u2011making under pressure.\nMETADATA_JSON:\n{\"agent\": \"agent_1\", \"vote\": \"Candidate C\"}"}
2026-05-06 19:50:10,683 - INFO - Agent turns: 12
2026-05-06 19:50:19,425 - INFO - Tokens - Input: 3016, Output: 1363, Total: 4379
2026-05-06 19:50:19,427 - INFO - Memory updates: 34
{"id": 51, "ts": 1778089819.4274242, "event": "memory_updated", "agent": "agent_3", "round": 4}
2026-05-06 19:50:19,911 - INFO - Tokens - Input: 2773, Output: 1028, Total: 3801
2026-05-06 19:50:19,913 - INFO - Memory updates: 35
{"id": 52, "ts": 1778089819.9136384, "event": "memory_updated", "agent": "agent_1", "round": 4}
2026-05-06 19:50:21,871 - INFO - Tokens - Input: 2802, Output: 1301, Total: 4103
2026-05-06 19:50:21,872 - INFO - Memory updates: 36
{"id": 53, "ts": 1778089821.8730147, "event": "memory_updated", "agent": "agent_2", "round": 4}
2026-05-06 19:50:21,882 - INFO - Loop 4 completed
{"id": 54, "ts": 1778089821.8890064, "event": "discussion_order", "round": 5, "order": ["agent_3", "agent_2", "agent_1"]}
2026-05-06 19:50:23,596 - INFO - Tokens - Input: 3598, Output: 202, Total: 3800
{"id": 55, "ts": 1778089823.5979033, "event": "public_discussion_message", "round": 5, "agent": "agent_3", "message": "I continue to favor **Candidate\u202fB**. Their very conscientious nature and strong ability to handle stress give the reliability and calmness essential for long\u2011haul flights, while their skill in assessing weather conditions and excellent computer abilities provide the technical competence needed for complex, long\u2011distance operations. The main trade\u2011off is their tendency to be perceived as pretentious and occasionally adopt the wrong tone when communicating, which could hinder crew cooperation and resource\u2011management.\nMETADATA_JSON:\n{\"agent\": \"agent_3\", \"vote\": \"Candidate B\"}"}
2026-05-06 19:50:23,598 - INFO - Agent turns: 13
2026-05-06 19:50:28,707 - INFO - Tokens - Input: 2772, Output: 691, Total: 3463
2026-05-06 19:50:28,709 - INFO - Memory updates: 37
{"id": 56, "ts": 1778089828.7098663, "event": "memory_updated", "agent": "agent_2", "round": 5}
2026-05-06 19:50:30,535 - INFO - Tokens - Input: 2926, Output: 924, Total: 3850
2026-05-06 19:50:30,537 - INFO - Memory updates: 38
{"id": 57, "ts": 1778089830.5374868, "event": "memory_updated", "agent": "agent_1", "round": 5}
2026-05-06 19:50:33,731 - INFO - Tokens - Input: 3216, Output: 1192, Total: 4408
2026-05-06 19:50:33,733 - INFO - Memory updates: 39
{"id": 58, "ts": 1778089833.7333548, "event": "memory_updated", "agent": "agent_3", "round": 5}
2026-05-06 19:50:36,109 - INFO - Tokens - Input: 3265, Output: 224, Total: 3489
{"id": 59, "ts": 1778089836.1105738, "event": "public_discussion_message", "round": 5, "agent": "agent_2", "message": "I continue to favor **Candidate\u202fD**. Their strong sense of responsibility, excellent problem\u2011solving ability, high concentration, and proven capacity to respond adequately to unexpected events directly support the reliability, technical competence, and calm\u2011under\u2011pressure needed for long\u2011distance flights. The main trade\u2011off is their hot temper and \u201cknow\u2011it\u2011all\u201d reputation, which could undermine crew cooperation and safety if not properly managed.\nMETADATA_JSON:\n{\"agent\": \"agent_2\", \"vote\": \"Candidate D\"}"}
2026-05-06 19:50:36,110 - INFO - Agent turns: 14
2026-05-06 19:50:43,724 - INFO - Tokens - Input: 3375, Output: 1422, Total: 4797
2026-05-06 19:50:43,726 - INFO - Memory updates: 40
{"id": 60, "ts": 1778089843.726644, "event": "memory_updated", "agent": "agent_3", "round": 5}
2026-05-06 19:50:44,278 - INFO - Tokens - Input: 3011, Output: 1063, Total: 4074
2026-05-06 19:50:44,280 - INFO - Memory updates: 41
{"id": 61, "ts": 1778089844.2804537, "event": "memory_updated", "agent": "agent_1", "round": 5}
2026-05-06 19:50:44,963 - INFO - Tokens - Input: 2902, Output: 1158, Total: 4060
2026-05-06 19:50:44,965 - INFO - Memory updates: 42
{"id": 62, "ts": 1778089844.9657865, "event": "memory_updated", "agent": "agent_2", "round": 5}
2026-05-06 19:50:50,834 - INFO - Tokens - Input: 3480, Output: 774, Total: 4254
{"id": 63, "ts": 1778089850.8359008, "event": "public_discussion_message", "round": 5, "agent": "agent_1", "message": "I continue to favor **Candidate\u202fC**. Their 100\u202f% reliability and ability to make quick, correct decisions are vital for the safety and consistency required on long\u2011distance flights, and they are noted for creating a positive atmosphere with the crew, which supports cooperation and morale. The main uncertainty is their difficulty communicating ideas and egocentric attitude, which could impede effective crew coordination and decision\u2011making under pressure.\nMETADATA_JSON:\n{\"agent\": \"agent_1\", \"vote\": \"Candidate C\"}"}
2026-05-06 19:50:50,836 - INFO - Agent turns: 15
2026-05-06 19:50:55,222 - INFO - Tokens - Input: 3111, Output: 729, Total: 3840
2026-05-06 19:50:55,224 - INFO - Memory updates: 43
{"id": 64, "ts": 1778089855.2248154, "event": "memory_updated", "agent": "agent_1", "round": 5}
2026-05-06 19:50:57,325 - INFO - Tokens - Input: 3484, Output: 1186, Total: 4670
2026-05-06 19:50:57,327 - INFO - Memory updates: 44
{"id": 65, "ts": 1778089857.3274448, "event": "memory_updated", "agent": "agent_3", "round": 5}
2026-05-06 19:51:00,509 - INFO - Tokens - Input: 3043, Output: 980, Total: 4023
2026-05-06 19:51:00,511 - INFO - Memory updates: 45
{"id": 66, "ts": 1778089860.511158, "event": "memory_updated", "agent": "agent_2", "round": 5}
2026-05-06 19:51:00,520 - INFO - Loop 5 completed
2026-05-06 19:51:00,521 - INFO - Final Chosen Candidate: None
2026-05-06 19:51:00,521 - INFO - Final Decision Method: max_round_no_majority
2026-05-06 19:51:00,521 - INFO - Final Vote Count: {'Candidate C': 1, 'Candidate D': 1, 'Candidate B': 1}
2026-05-06 19:51:00,521 - INFO - Correct Candidate: Candidate C
2026-05-06 19:51:00,521 - INFO - Decision Correct: 0
{"id": 67, "ts": 1778089860.8809335, "event": "context_consistency_calculated", "method": "embedding_cosine", "mean_pairwise_similarity": 0.861538, "pairwise": [{"agent_a": "agent_1", "agent_b": "agent_2", "similarity": 0.898078}, {"agent_a": "agent_1", "agent_b": "agent_3", "similarity": 0.854772}, {"agent_a": "agent_2", "agent_b": "agent_3", "similarity": 0.831763}]}
{"id": 68, "ts": 1778089860.881114, "event": "agent_memories_archived", "directory": "/home/lhegemann/git/bachelor_thesis/01_data/raw/simulations/moderate/moderate_20260506_181837_001/shared_mental_models", "round": 5}
{"id": 69, "ts": 1778089860.881204, "event": "final_decision", "candidate": null, "method": "max_round_no_majority", "vote_count": {"Candidate C": 1, "Candidate D": 1, "Candidate B": 1}, "correct_candidate": "Candidate C", "decision_correct": 0, "round": 5}
2026-05-06 19:51:00,891 - INFO - ======================================================================
2026-05-06 19:51:00,891 - INFO - SIMULATION METRICS
2026-05-06 19:51:00,892 - INFO - ======================================================================
2026-05-06 19:51:00,892 - INFO - Total Loops: 5
2026-05-06 19:51:00,892 - INFO - Agent Turns (no vote checker): 15
2026-05-06 19:51:00,892 - INFO - Agent Tool Calls: 0
2026-05-06 19:51:00,892 - INFO - Agent Tool Messages: 0
2026-05-06 19:51:00,892 - INFO - Memory Updates: 45
2026-05-06 19:51:00,892 - INFO - Total Messages (no vote checker): 15
2026-05-06 19:51:00,892 - INFO - Input Tokens: 154390
2026-05-06 19:51:00,892 - INFO - Output Tokens: 57941
2026-05-06 19:51:00,892 - INFO - Total Tokens: 212331
2026-05-06 19:51:00,892 - INFO - Final Chosen Candidate: None
2026-05-06 19:51:00,892 - INFO - Final Decision Method: max_round_no_majority
2026-05-06 19:51:00,893 - INFO - Final Vote Count: {'Candidate C': 1, 'Candidate D': 1, 'Candidate B': 1}
2026-05-06 19:51:00,893 - INFO - Correct Candidate: Candidate C
2026-05-06 19:51:00,893 - INFO - Decision Correct: 0
2026-05-06 19:51:00,893 - INFO - Runtime: 222.55s
2026-05-06 19:51:00,893 - INFO - ======================================================================
