2026-05-08 21:56:55,853 - INFO - Metrics tracker initialized
{"id": 1, "ts": 1778270215.8792071, "event": "memory_reset"}
{"id": 2, "ts": 1778270215.8834274, "event": "discussion_order", "round": 1, "order": ["agent_3", "agent_2", "agent_1"]}
2026-05-08 21:57:04,817 - INFO - Tokens - Input: 1681, Output: 847, Total: 2528
{"id": 3, "ts": 1778270224.8187444, "event": "public_discussion_message", "round": 1, "agent": "agent_3", "message": "I prefer Candidate B; handles stress very well.\nMETADATA_JSON:\n{\"agent\": \"agent_3\", \"vote\": \"Candidate B\"}"}
2026-05-08 21:57:04,818 - INFO - Agent turns: 1
2026-05-08 21:57:17,204 - INFO - Tokens - Input: 1191, Output: 1190, Total: 2381
2026-05-08 21:57:17,206 - INFO - Memory updates: 1
{"id": 4, "ts": 1778270237.2068675, "event": "memory_updated", "agent": "agent_1", "round": 1}
2026-05-08 21:57:18,661 - INFO - Tokens - Input: 1186, Output: 1321, Total: 2507
2026-05-08 21:57:18,663 - INFO - Memory updates: 2
{"id": 5, "ts": 1778270238.6635065, "event": "memory_updated", "agent": "agent_3", "round": 1}
2026-05-08 21:57:26,702 - INFO - Tokens - Input: 1194, Output: 1310, Total: 2504
2026-05-08 21:57:26,704 - INFO - Memory updates: 3
{"id": 6, "ts": 1778270246.7048874, "event": "memory_updated", "agent": "agent_2", "round": 1}
2026-05-08 21:57:30,539 - INFO - Tokens - Input: 2205, Output: 327, Total: 2532
{"id": 7, "ts": 1778270250.5414708, "event": "public_discussion_message", "round": 1, "agent": "agent_2", "message": "I prefer Candidate A; regarded as a show\u2011off.\nMETADATA_JSON:\n{\"agent\": \"agent_2\", \"vote\": \"Candidate A\"}"}
2026-05-08 21:57:30,541 - INFO - Agent turns: 2
2026-05-08 21:57:39,050 - INFO - Tokens - Input: 1603, Output: 1138, Total: 2741
2026-05-08 21:57:39,052 - INFO - Memory updates: 4
{"id": 8, "ts": 1778270259.0522327, "event": "memory_updated", "agent": "agent_1", "round": 1}
2026-05-08 21:57:39,979 - INFO - Tokens - Input: 1719, Output: 1171, Total: 2890
2026-05-08 21:57:39,981 - INFO - Memory updates: 5
{"id": 9, "ts": 1778270259.9819956, "event": "memory_updated", "agent": "agent_2", "round": 1}
2026-05-08 21:57:40,281 - INFO - Tokens - Input: 1719, Output: 1317, Total: 3036
2026-05-08 21:57:40,282 - INFO - Memory updates: 6
{"id": 10, "ts": 1778270260.2831347, "event": "memory_updated", "agent": "agent_3", "round": 1}
2026-05-08 21:57:45,446 - INFO - Tokens - Input: 2191, Output: 598, Total: 2789
{"id": 11, "ts": 1778270265.447747, "event": "public_discussion_message", "round": 1, "agent": "agent_1", "message": "Candidate C \u2013 creates a positive atmosphere with his crew.\nMETADATA_JSON:\n{\"agent\": \"agent_1\", \"vote\": \"Candidate C\"}"}
2026-05-08 21:57:45,447 - INFO - Agent turns: 3
2026-05-08 21:57:54,503 - INFO - Tokens - Input: 1873, Output: 1086, Total: 2959
2026-05-08 21:57:54,505 - INFO - Memory updates: 7
{"id": 12, "ts": 1778270274.505153, "event": "memory_updated", "agent": "agent_2", "round": 1}
2026-05-08 21:58:04,563 - INFO - Tokens - Input: 1703, Output: 989, Total: 2692
2026-05-08 21:58:04,565 - INFO - Memory updates: 8
{"id": 13, "ts": 1778270284.5652015, "event": "memory_updated", "agent": "agent_1", "round": 1}
2026-05-08 21:58:10,116 - INFO - Tokens - Input: 1869, Output: 1165, Total: 3034
2026-05-08 21:58:10,118 - INFO - Memory updates: 9
{"id": 14, "ts": 1778270290.1183245, "event": "memory_updated", "agent": "agent_3", "round": 1}
2026-05-08 21:58:10,127 - INFO - Loop 1 completed
{"id": 15, "ts": 1778270290.1339035, "event": "discussion_order", "round": 2, "order": ["agent_2", "agent_3", "agent_1"]}
2026-05-08 21:58:12,520 - INFO - Tokens - Input: 2354, Output: 310, Total: 2664
{"id": 16, "ts": 1778270292.5225515, "event": "public_discussion_message", "round": 2, "agent": "agent_2", "message": "Candidate A \u2013 regarded as a show\u2011off.\nMETADATA_JSON:\n{\"agent\": \"agent_2\", \"vote\": \"Candidate A\"}"}
2026-05-08 21:58:12,522 - INFO - Agent turns: 4
2026-05-08 21:58:19,215 - INFO - Tokens - Input: 1839, Output: 893, Total: 2732
2026-05-08 21:58:19,217 - INFO - Memory updates: 10
{"id": 17, "ts": 1778270299.2176723, "event": "memory_updated", "agent": "agent_2", "round": 2}
2026-05-08 21:58:20,992 - INFO - Tokens - Input: 1896, Output: 1134, Total: 3030
2026-05-08 21:58:20,994 - INFO - Memory updates: 11
{"id": 18, "ts": 1778270300.9950905, "event": "memory_updated", "agent": "agent_3", "round": 2}
2026-05-08 21:58:21,435 - INFO - Tokens - Input: 1755, Output: 1122, Total: 2877
2026-05-08 21:58:21,437 - INFO - Memory updates: 12
{"id": 19, "ts": 1778270301.4371927, "event": "memory_updated", "agent": "agent_1", "round": 2}
2026-05-08 21:58:22,432 - INFO - Tokens - Input: 2284, Output: 121, Total: 2405
{"id": 20, "ts": 1778270302.4334588, "event": "public_discussion_message", "round": 2, "agent": "agent_3", "message": "Candidate B \u2013 handles stress very well.\nMETADATA_JSON:\n{\"agent\": \"agent_3\", \"vote\": \"Candidate B\"}"}
2026-05-08 21:58:22,433 - INFO - Agent turns: 5
2026-05-08 21:58:30,548 - INFO - Tokens - Input: 1790, Output: 1094, Total: 2884
2026-05-08 21:58:30,552 - INFO - Memory updates: 13
{"id": 21, "ts": 1778270310.5526009, "event": "memory_updated", "agent": "agent_3", "round": 2}
2026-05-08 21:58:30,861 - INFO - Tokens - Input: 1817, Output: 1093, Total: 2910
2026-05-08 21:58:30,863 - INFO - Memory updates: 14
{"id": 22, "ts": 1778270310.8635778, "event": "memory_updated", "agent": "agent_1", "round": 2}
2026-05-08 21:58:31,122 - INFO - Tokens - Input: 1725, Output: 1004, Total: 2729
2026-05-08 21:58:31,123 - INFO - Memory updates: 15
{"id": 23, "ts": 1778270311.1239738, "event": "memory_updated", "agent": "agent_2", "round": 2}
2026-05-08 21:58:33,224 - INFO - Tokens - Input: 2345, Output: 137, Total: 2482
{"id": 24, "ts": 1778270313.2257144, "event": "public_discussion_message", "round": 2, "agent": "agent_1", "message": "Candidate C \u2013 creates a positive atmosphere with his crew.\nMETADATA_JSON:\n{\"agent\": \"agent_1\", \"vote\": \"Candidate C\"}"}
2026-05-08 21:58:33,225 - INFO - Agent turns: 6
2026-05-08 21:58:39,919 - INFO - Tokens - Input: 1857, Output: 907, Total: 2764
2026-05-08 21:58:39,921 - INFO - Memory updates: 16
{"id": 25, "ts": 1778270319.921417, "event": "memory_updated", "agent": "agent_1", "round": 2}
2026-05-08 21:58:40,775 - INFO - Tokens - Input: 1755, Output: 916, Total: 2671
2026-05-08 21:58:40,777 - INFO - Memory updates: 17
{"id": 26, "ts": 1778270320.777323, "event": "memory_updated", "agent": "agent_2", "round": 2}
2026-05-08 21:58:48,342 - INFO - Tokens - Input: 1832, Output: 1052, Total: 2884
2026-05-08 21:58:48,344 - INFO - Memory updates: 18
{"id": 27, "ts": 1778270328.3445823, "event": "memory_updated", "agent": "agent_3", "round": 2}
2026-05-08 21:58:48,354 - INFO - Loop 2 completed
{"id": 28, "ts": 1778270328.3606114, "event": "discussion_order", "round": 3, "order": ["agent_1", "agent_3", "agent_2"]}
2026-05-08 21:58:49,711 - INFO - Tokens - Input: 2405, Output: 100, Total: 2505
{"id": 29, "ts": 1778270329.7125041, "event": "public_discussion_message", "round": 3, "agent": "agent_1", "message": "Candidate C \u2013 creates a positive atmosphere with his crew.\nMETADATA_JSON:\n{\"agent\": \"agent_1\", \"vote\": \"Candidate C\"}"}
2026-05-08 21:58:49,712 - INFO - Agent turns: 7
2026-05-08 21:58:56,288 - INFO - Tokens - Input: 1722, Output: 835, Total: 2557
2026-05-08 21:58:56,289 - INFO - Memory updates: 19
{"id": 30, "ts": 1778270336.2896988, "event": "memory_updated", "agent": "agent_2", "round": 3}
2026-05-08 21:58:56,696 - INFO - Tokens - Input: 1892, Output: 920, Total: 2812
2026-05-08 21:58:56,697 - INFO - Memory updates: 20
{"id": 31, "ts": 1778270336.698064, "event": "memory_updated", "agent": "agent_1", "round": 3}
2026-05-08 21:58:57,695 - INFO - Tokens - Input: 1878, Output: 1073, Total: 2951
2026-05-08 21:58:57,697 - INFO - Memory updates: 21
{"id": 32, "ts": 1778270337.6973429, "event": "memory_updated", "agent": "agent_3", "round": 3}
2026-05-08 21:59:02,445 - INFO - Tokens - Input: 2405, Output: 130, Total: 2535
{"id": 33, "ts": 1778270342.4465754, "event": "public_discussion_message", "round": 3, "agent": "agent_3", "message": "Candidate B \u2013 handles stress very well.\nMETADATA_JSON:\n{\"agent\": \"agent_3\", \"vote\": \"Candidate B\"}"}
2026-05-08 21:59:02,446 - INFO - Agent turns: 8
2026-05-08 21:59:08,718 - INFO - Tokens - Input: 1925, Output: 899, Total: 2824
2026-05-08 21:59:08,720 - INFO - Memory updates: 22
{"id": 34, "ts": 1778270348.720216, "event": "memory_updated", "agent": "agent_1", "round": 3}
2026-05-08 21:59:10,322 - INFO - Tokens - Input: 1749, Output: 1050, Total: 2799
2026-05-08 21:59:10,323 - INFO - Memory updates: 23
{"id": 35, "ts": 1778270350.3239267, "event": "memory_updated", "agent": "agent_2", "round": 3}
2026-05-08 21:59:10,505 - INFO - Tokens - Input: 1911, Output: 771, Total: 2682
2026-05-08 21:59:10,507 - INFO - Memory updates: 24
{"id": 36, "ts": 1778270350.5077949, "event": "memory_updated", "agent": "agent_3", "round": 3}
2026-05-08 21:59:11,750 - INFO - Tokens - Input: 2279, Output: 143, Total: 2422
{"id": 37, "ts": 1778270351.752159, "event": "public_discussion_message", "round": 3, "agent": "agent_2", "message": "Candidate A \u2013 not open to new ideas.\nMETADATA_JSON:\n{\"agent\": \"agent_2\", \"vote\": \"Candidate A\"}"}
2026-05-08 21:59:11,752 - INFO - Agent turns: 9
2026-05-08 21:59:19,988 - INFO - Tokens - Input: 1780, Output: 1015, Total: 2795
2026-05-08 21:59:19,990 - INFO - Memory updates: 25
{"id": 38, "ts": 1778270359.9903243, "event": "memory_updated", "agent": "agent_3", "round": 3}
2026-05-08 21:59:20,069 - INFO - Tokens - Input: 1787, Output: 955, Total: 2742
2026-05-08 21:59:20,070 - INFO - Memory updates: 26
{"id": 39, "ts": 1778270360.0705884, "event": "memory_updated", "agent": "agent_2", "round": 3}
2026-05-08 21:59:20,334 - INFO - Tokens - Input: 1950, Output: 1152, Total: 3102
2026-05-08 21:59:20,336 - INFO - Memory updates: 27
{"id": 40, "ts": 1778270360.336665, "event": "memory_updated", "agent": "agent_1", "round": 3}
2026-05-08 21:59:20,346 - INFO - Loop 3 completed
{"id": 41, "ts": 1778270360.3520558, "event": "discussion_order", "round": 4, "order": ["agent_3", "agent_1", "agent_2"]}
2026-05-08 21:59:21,967 - INFO - Tokens - Input: 2402, Output: 169, Total: 2571
{"id": 42, "ts": 1778270361.968556, "event": "public_discussion_message", "round": 4, "agent": "agent_3", "message": "Candidate B \u2013 sometimes adopts the wrong tone when communicating.\nMETADATA_JSON:\n{\"agent\": \"agent_3\", \"vote\": \"Candidate B\"}"}
2026-05-08 21:59:21,968 - INFO - Agent turns: 10
2026-05-08 21:59:28,672 - INFO - Tokens - Input: 1962, Output: 932, Total: 2894
2026-05-08 21:59:28,674 - INFO - Memory updates: 28
{"id": 43, "ts": 1778270368.674151, "event": "memory_updated", "agent": "agent_1", "round": 4}
2026-05-08 21:59:29,693 - INFO - Tokens - Input: 1839, Output: 1031, Total: 2870
2026-05-08 21:59:29,695 - INFO - Memory updates: 29
{"id": 44, "ts": 1778270369.6954575, "event": "memory_updated", "agent": "agent_2", "round": 4}
2026-05-08 21:59:31,599 - INFO - Tokens - Input: 1889, Output: 1252, Total: 3141
2026-05-08 21:59:31,601 - INFO - Memory updates: 30
{"id": 45, "ts": 1778270371.6015384, "event": "memory_updated", "agent": "agent_3", "round": 4}
2026-05-08 21:59:32,826 - INFO - Tokens - Input: 2348, Output: 124, Total: 2472
{"id": 46, "ts": 1778270372.8281257, "event": "public_discussion_message", "round": 4, "agent": "agent_1", "message": "Candidate C \u2013 creates a positive atmosphere with his crew.\nMETADATA_JSON:\n{\"agent\": \"agent_1\", \"vote\": \"Candidate C\"}"}
2026-05-08 21:59:32,828 - INFO - Agent turns: 11
2026-05-08 21:59:41,796 - INFO - Tokens - Input: 1860, Output: 1255, Total: 3115
2026-05-08 21:59:41,798 - INFO - Memory updates: 31
{"id": 47, "ts": 1778270381.7982614, "event": "memory_updated", "agent": "agent_1", "round": 4}
2026-05-08 21:59:42,448 - INFO - Tokens - Input: 1890, Output: 1291, Total: 3181
2026-05-08 21:59:42,450 - INFO - Memory updates: 32
{"id": 48, "ts": 1778270382.450234, "event": "memory_updated", "agent": "agent_2", "round": 4}
2026-05-08 21:59:42,946 - INFO - Tokens - Input: 2129, Output: 1271, Total: 3400
2026-05-08 21:59:42,948 - INFO - Memory updates: 33
{"id": 49, "ts": 1778270382.9487708, "event": "memory_updated", "agent": "agent_3", "round": 4}
2026-05-08 21:59:44,849 - INFO - Tokens - Input: 2424, Output: 192, Total: 2616
{"id": 50, "ts": 1778270384.850497, "event": "public_discussion_message", "round": 4, "agent": "agent_2", "message": "Candidate A \u2013 not open to new ideas.\nMETADATA_JSON:\n{\"agent\": \"agent_2\", \"vote\": \"Candidate A\"}"}
2026-05-08 21:59:44,850 - INFO - Agent turns: 12
2026-05-08 21:59:51,804 - INFO - Tokens - Input: 1932, Output: 861, Total: 2793
2026-05-08 21:59:51,806 - INFO - Memory updates: 34
{"id": 51, "ts": 1778270391.8062565, "event": "memory_updated", "agent": "agent_2", "round": 4}
2026-05-08 21:59:53,695 - INFO - Tokens - Input: 1878, Output: 1235, Total: 3113
2026-05-08 21:59:53,697 - INFO - Memory updates: 35
{"id": 52, "ts": 1778270393.6976814, "event": "memory_updated", "agent": "agent_1", "round": 4}
2026-05-08 21:59:53,735 - INFO - Tokens - Input: 2123, Output: 1133, Total: 3256
2026-05-08 21:59:53,736 - INFO - Memory updates: 36
{"id": 53, "ts": 1778270393.7367008, "event": "memory_updated", "agent": "agent_3", "round": 4}
2026-05-08 21:59:53,745 - INFO - Loop 4 completed
{"id": 54, "ts": 1778270393.7503805, "event": "discussion_order", "round": 5, "order": ["agent_1", "agent_2", "agent_3"]}
2026-05-08 21:59:55,099 - INFO - Tokens - Input: 2490, Output: 128, Total: 2618
{"id": 55, "ts": 1778270395.1012633, "event": "public_discussion_message", "round": 5, "agent": "agent_1", "message": "Candidate C \u2013 creates a positive atmosphere with his crew.\nMETADATA_JSON:\n{\"agent\": \"agent_1\", \"vote\": \"Candidate C\"}"}
2026-05-08 21:59:55,101 - INFO - Agent turns: 13
2026-05-08 22:00:00,964 - INFO - Tokens - Input: 1977, Output: 805, Total: 2782
2026-05-08 22:00:00,966 - INFO - Memory updates: 37
{"id": 56, "ts": 1778270400.9668036, "event": "memory_updated", "agent": "agent_1", "round": 5}
2026-05-08 22:00:01,629 - INFO - Tokens - Input: 1974, Output: 858, Total: 2832
2026-05-08 22:00:01,631 - INFO - Memory updates: 38
{"id": 57, "ts": 1778270401.6313932, "event": "memory_updated", "agent": "agent_2", "round": 5}
2026-05-08 22:00:15,997 - INFO - Tokens - Input: 2173, Output: 1300, Total: 3473
2026-05-08 22:00:15,999 - INFO - Memory updates: 39
{"id": 58, "ts": 1778270415.9995718, "event": "memory_updated", "agent": "agent_3", "round": 5}
2026-05-08 22:00:16,912 - INFO - Tokens - Input: 2510, Output: 94, Total: 2604
{"id": 59, "ts": 1778270416.9138615, "event": "public_discussion_message", "round": 5, "agent": "agent_2", "message": "Candidate A \u2013 not open to new ideas.\nMETADATA_JSON:\n{\"agent\": \"agent_2\", \"vote\": \"Candidate A\"}"}
2026-05-08 22:00:16,914 - INFO - Agent turns: 14
2026-05-08 22:00:24,528 - INFO - Tokens - Input: 2025, Output: 927, Total: 2952
2026-05-08 22:00:24,530 - INFO - Memory updates: 40
{"id": 60, "ts": 1778270424.5304565, "event": "memory_updated", "agent": "agent_1", "round": 5}
2026-05-08 22:00:26,043 - INFO - Tokens - Input: 2202, Output: 1209, Total: 3411
2026-05-08 22:00:26,045 - INFO - Memory updates: 41
{"id": 61, "ts": 1778270426.0455334, "event": "memory_updated", "agent": "agent_3", "round": 5}
2026-05-08 22:00:30,686 - INFO - Tokens - Input: 2018, Output: 846, Total: 2864
2026-05-08 22:00:30,688 - INFO - Memory updates: 42
{"id": 62, "ts": 1778270430.6883323, "event": "memory_updated", "agent": "agent_2", "round": 5}
2026-05-08 22:00:31,958 - INFO - Tokens - Input: 2768, Output: 134, Total: 2902
{"id": 63, "ts": 1778270431.9597392, "event": "public_discussion_message", "round": 5, "agent": "agent_3", "message": "Candidate B \u2013 handles stress very well.\nMETADATA_JSON:\n{\"agent\": \"agent_3\", \"vote\": \"Candidate B\"}"}
2026-05-08 22:00:31,959 - INFO - Agent turns: 15
2026-05-08 22:00:39,830 - INFO - Tokens - Input: 2274, Output: 1057, Total: 3331
2026-05-08 22:00:39,831 - INFO - Memory updates: 43
{"id": 64, "ts": 1778270439.8318663, "event": "memory_updated", "agent": "agent_3", "round": 5}
2026-05-08 22:00:39,981 - INFO - Tokens - Input: 2007, Output: 949, Total: 2956
2026-05-08 22:00:39,982 - INFO - Memory updates: 44
{"id": 65, "ts": 1778270439.9827936, "event": "memory_updated", "agent": "agent_1", "round": 5}
2026-05-08 22:00:43,417 - INFO - Tokens - Input: 2060, Output: 1458, Total: 3518
2026-05-08 22:00:43,418 - INFO - Memory updates: 45
{"id": 66, "ts": 1778270443.4190717, "event": "memory_updated", "agent": "agent_2", "round": 5}
2026-05-08 22:00:43,428 - INFO - Loop 5 completed
2026-05-08 22:00:43,428 - INFO - Final Chosen Candidate: None
2026-05-08 22:00:43,428 - INFO - Final Decision Method: max_round_no_majority
2026-05-08 22:00:43,428 - INFO - Final Vote Count: {'Candidate C': 1, 'Candidate A': 1, 'Candidate B': 1}
2026-05-08 22:00:43,428 - INFO - Correct Candidate: Candidate C
2026-05-08 22:00:43,428 - INFO - Decision Correct: 0
{"id": 67, "ts": 1778270443.7736633, "event": "context_consistency_calculated", "method": "embedding_cosine", "mean_pairwise_similarity": 0.837448, "pairwise": [{"agent_a": "agent_1", "agent_b": "agent_2", "similarity": 0.912337}, {"agent_a": "agent_1", "agent_b": "agent_3", "similarity": 0.803065}, {"agent_a": "agent_2", "agent_b": "agent_3", "similarity": 0.796942}]}
{"id": 68, "ts": 1778270443.7738342, "event": "gold_standard_alignment_calculated", "method": "rule_based_binary_checks", "mean_alignment": 0.541667, "by_agent": [{"agent": "agent_1", "score": 0.875, "checks": {"favorite_is_c": 1, "c_reliability": 1, "c_calmness": 1, "c_attention": 1, "c_crew_fit": 1, "a_risks": 1, "b_risks": 1, "d_risks": 0}}, {"agent": "agent_2", "score": 0.375, "checks": {"favorite_is_c": 0, "c_reliability": 0, "c_calmness": 1, "c_attention": 0, "c_crew_fit": 1, "a_risks": 1, "b_risks": 0, "d_risks": 0}}, {"agent": "agent_3", "score": 0.375, "checks": {"favorite_is_c": 0, "c_reliability": 0, "c_calmness": 1, "c_attention": 0, "c_crew_fit": 1, "a_risks": 1, "b_risks": 0, "d_risks": 0}}]}
{"id": 69, "ts": 1778270443.7739985, "event": "agent_memories_archived", "directory": "/home/lhegemann/git/bachelor_thesis/01_data/raw/simulations/low/low_treatment_20260508_195017_024/shared_mental_models", "round": 5}
{"id": 70, "ts": 1778270443.7740843, "event": "final_decision", "candidate": null, "method": "max_round_no_majority", "vote_count": {"Candidate C": 1, "Candidate A": 1, "Candidate B": 1}, "correct_candidate": "Candidate C", "decision_correct": 0, "round": 5}
2026-05-08 22:00:43,784 - INFO - ======================================================================
2026-05-08 22:00:43,784 - INFO - SIMULATION METRICS
2026-05-08 22:00:43,784 - INFO - ======================================================================
2026-05-08 22:00:43,784 - INFO - Total Loops: 5
2026-05-08 22:00:43,784 - INFO - Agent Turns (no vote checker): 15
2026-05-08 22:00:43,785 - INFO - Agent Tool Calls: 0
2026-05-08 22:00:43,785 - INFO - Agent Tool Messages: 0
2026-05-08 22:00:43,785 - INFO - Memory Updates: 45
2026-05-08 22:00:43,785 - INFO - Total Messages (no vote checker): 15
2026-05-08 22:00:43,785 - INFO - Input Tokens: 118220
2026-05-08 22:00:43,785 - INFO - Output Tokens: 51796
2026-05-08 22:00:43,785 - INFO - Total Tokens: 170016
2026-05-08 22:00:43,785 - INFO - Final Chosen Candidate: None
2026-05-08 22:00:43,785 - INFO - Final Decision Method: max_round_no_majority
2026-05-08 22:00:43,785 - INFO - Final Vote Count: {'Candidate C': 1, 'Candidate A': 1, 'Candidate B': 1}
2026-05-08 22:00:43,785 - INFO - Correct Candidate: Candidate C
2026-05-08 22:00:43,785 - INFO - Decision Correct: 0
2026-05-08 22:00:43,785 - INFO - Runtime: 227.93s
2026-05-08 22:00:43,785 - INFO - ======================================================================
