2026-05-08 09:25:18,059 - INFO - Metrics tracker initialized
{"id": 1, "ts": 1778225118.0884604, "event": "memory_reset"}
{"id": 2, "ts": 1778225118.0926118, "event": "discussion_order", "round": 1, "order": ["agent_2", "agent_3", "agent_1"]}
2026-05-08 09:25:22,033 - INFO - Tokens - Input: 1716, Output: 271, Total: 1987
2026-05-08 09:25:25,672 - INFO - Tokens - Input: 1143, Output: 507, Total: 1650
2026-05-08 09:25:25,674 - INFO - Memory updates: 1
{"id": 3, "ts": 1778225125.6741848, "event": "memory_updated", "agent": "agent_1", "round": 1}
2026-05-08 09:25:28,202 - INFO - Tokens - Input: 1138, Output: 1182, Total: 2320
2026-05-08 09:25:28,203 - INFO - Memory updates: 2
{"id": 4, "ts": 1778225128.2037268, "event": "memory_updated", "agent": "agent_3", "round": 1}
2026-05-08 09:25:31,285 - INFO - Tokens - Input: 1146, Output: 1474, Total: 2620
2026-05-08 09:25:31,286 - INFO - Memory updates: 3
{"id": 5, "ts": 1778225131.2866971, "event": "memory_updated", "agent": "agent_2", "round": 1}
2026-05-08 09:25:33,101 - INFO - Tokens - Input: 2162, Output: 263, Total: 2425
{"id": 6, "ts": 1778225133.1028686, "event": "public_discussion_message", "round": 1, "agent": "agent_3", "message": "I am currently leaning toward **Candidate\u202fB**. Their strong conscientiousness, excellent stress handling, and solid technical abilities (weather assessment and computer skills) are crucial for the reliability and technical competence required on long\u2011distance flights. However, their pretentious attitude and occasional wrong tone raise concerns about crew cooperation and communication in the cockpit.\nMETADATA_JSON:\n{\"agent\": \"agent_3\", \"vote\": \"Candidate B\"}"}
2026-05-08 09:25:33,103 - INFO - Agent turns: 1
2026-05-08 09:25:38,296 - INFO - Tokens - Input: 1364, Output: 1300, Total: 2664
2026-05-08 09:25:38,298 - INFO - Memory updates: 4
{"id": 7, "ts": 1778225138.298603, "event": "memory_updated", "agent": "agent_1", "round": 1}
2026-05-08 09:25:38,732 - INFO - Tokens - Input: 1753, Output: 1142, Total: 2895
2026-05-08 09:25:38,733 - INFO - Memory updates: 5
{"id": 8, "ts": 1778225138.7336607, "event": "memory_updated", "agent": "agent_3", "round": 1}
2026-05-08 09:25:40,536 - INFO - Tokens - Input: 1981, Output: 1514, Total: 3495
2026-05-08 09:25:40,538 - INFO - Memory updates: 6
{"id": 9, "ts": 1778225140.538469, "event": "memory_updated", "agent": "agent_2", "round": 1}
2026-05-08 09:26:02,446 - INFO - Tokens - Input: 2300, Output: 502, Total: 2802
{"id": 10, "ts": 1778225162.4480782, "event": "public_discussion_message", "round": 1, "agent": "agent_1", "message": "I am leaning toward **Candidate C**. They are noted as 100\u202f% reliable and create a positive atmosphere with the crew, which supports both safety and teamwork, and they can make correct decisions quickly\u2014crucial for long\u2011distance flights where rapid, accurate judgments are needed. The main uncertainty is their difficulty communicating ideas and egocentric attitude, which could undermine crew cooperation despite the generally positive atmosphere.\nMETADATA_JSON:\n{\"agent\": \"agent_1\", \"vote\": \"Candidate C\"}"}
2026-05-08 09:26:02,448 - INFO - Agent turns: 2
2026-05-08 09:26:07,535 - INFO - Tokens - Input: 1929, Output: 1087, Total: 3016
2026-05-08 09:26:07,537 - INFO - Memory updates: 7
{"id": 11, "ts": 1778225167.5377796, "event": "memory_updated", "agent": "agent_1", "round": 1}
2026-05-08 09:26:09,460 - INFO - Tokens - Input: 2230, Output: 1117, Total: 3347
2026-05-08 09:26:09,461 - INFO - Memory updates: 8
{"id": 12, "ts": 1778225169.461923, "event": "memory_updated", "agent": "agent_2", "round": 1}
2026-05-08 09:26:10,390 - INFO - Tokens - Input: 1934, Output: 1397, Total: 3331
2026-05-08 09:26:10,391 - INFO - Memory updates: 9
{"id": 13, "ts": 1778225170.3920143, "event": "memory_updated", "agent": "agent_3", "round": 1}
2026-05-08 09:26:10,402 - INFO - Loop 1 completed
{"id": 14, "ts": 1778225170.409639, "event": "discussion_order", "round": 2, "order": ["agent_1", "agent_2", "agent_3"]}
2026-05-08 09:26:21,198 - INFO - Tokens - Input: 2364, Output: 532, Total: 2896
{"id": 15, "ts": 1778225181.1999166, "event": "public_discussion_message", "round": 2, "agent": "agent_1", "message": "I continue to favor **Candidate\u202fC**. Their 100\u202f% reliability and ability to create a positive crew atmosphere directly support safety and teamwork on long\u2011haul flights, and their quick, correct decision\u2011making is essential for handling the complex, time\u2011critical situations that arise on extended routes. The main uncertainty is their difficulty communicating ideas and egocentric style, which could hinder cooperation in the cockpit under stress.\nMETADATA_JSON:\n{\"agent\": \"agent_1\", \"vote\": \"Candidate C\"}"}
2026-05-08 09:26:21,200 - INFO - Agent turns: 3
2026-05-08 09:26:25,819 - INFO - Tokens - Input: 2079, Output: 1021, Total: 3100
2026-05-08 09:26:25,821 - INFO - Memory updates: 10
{"id": 16, "ts": 1778225185.8211403, "event": "memory_updated", "agent": "agent_2", "round": 2}
2026-05-08 09:26:26,303 - INFO - Tokens - Input: 1977, Output: 794, Total: 2771
2026-05-08 09:26:26,305 - INFO - Memory updates: 11
{"id": 17, "ts": 1778225186.3055162, "event": "memory_updated", "agent": "agent_1", "round": 2}
2026-05-08 09:26:26,516 - INFO - Tokens - Input: 2243, Output: 957, Total: 3200
2026-05-08 09:26:26,517 - INFO - Memory updates: 12
{"id": 18, "ts": 1778225186.517591, "event": "memory_updated", "agent": "agent_3", "round": 2}
2026-05-08 09:26:29,758 - INFO - Tokens - Input: 2546, Output: 474, Total: 3020
{"id": 19, "ts": 1778225189.760299, "event": "public_discussion_message", "round": 2, "agent": "agent_2", "message": "I currently favor **Candidate\u202fC**. Their 100\u202f% reliability and ability to create a positive crew atmosphere directly support safety and teamwork on long\u2011haul flights, and they make correct decisions quickly while staying calm in a crisis\u2014key for handling the complex, time\u2011critical situations that arise on extended routes. The main uncertainty is their difficulty communicating ideas and egocentric style, which could hinder cooperation under pressure.\nMETADATA_JSON:\n{\"agent\": \"agent_2\", \"vote\": \"Candidate C\"}"}
2026-05-08 09:26:29,760 - INFO - Agent turns: 4
2026-05-08 09:26:35,480 - INFO - Tokens - Input: 1876, Output: 881, Total: 2757
2026-05-08 09:26:35,482 - INFO - Memory updates: 13
{"id": 20, "ts": 1778225195.4822097, "event": "memory_updated", "agent": "agent_1", "round": 2}
2026-05-08 09:26:38,822 - INFO - Tokens - Input: 2177, Output: 1404, Total: 3581
2026-05-08 09:26:38,824 - INFO - Memory updates: 14
{"id": 21, "ts": 1778225198.8244734, "event": "memory_updated", "agent": "agent_2", "round": 2}
2026-05-08 09:27:14,749 - INFO - Tokens - Input: 2118, Output: 2021, Total: 4139
2026-05-08 09:27:14,751 - INFO - Memory updates: 15
{"id": 22, "ts": 1778225234.751174, "event": "memory_updated", "agent": "agent_3", "round": 2}
2026-05-08 09:27:21,744 - INFO - Tokens - Input: 2542, Output: 800, Total: 3342
{"id": 23, "ts": 1778225241.746309, "event": "public_discussion_message", "round": 2, "agent": "agent_3", "message": "I now favor **Candidate\u202fC**. Their 100\u202f% reliability and ability to create a positive crew atmosphere directly support safety and teamwork on long\u2011haul flights, and they make correct decisions quickly while staying calm in a crisis\u2014key for handling the demanding, time\u2011critical situations of long\u2011distance operations.\n**Trade\u2011off / uncertainty:** Their difficulty communicating ideas and egocentric style could undermine cockpit cooperation despite the overall positive attitude.\nMETADATA_JSON:\n{\"agent\": \"agent_3\", \"vote\": \"Candidate C\"}"}
2026-05-08 09:27:21,746 - INFO - Agent turns: 5
2026-05-08 09:27:28,667 - INFO - Tokens - Input: 2355, Output: 1247, Total: 3602
2026-05-08 09:27:28,669 - INFO - Memory updates: 16
{"id": 24, "ts": 1778225248.6694577, "event": "memory_updated", "agent": "agent_2", "round": 2}
2026-05-08 09:27:29,619 - INFO - Tokens - Input: 2184, Output: 1193, Total: 3377
2026-05-08 09:27:29,621 - INFO - Memory updates: 17
{"id": 25, "ts": 1778225249.6212714, "event": "memory_updated", "agent": "agent_3", "round": 2}
2026-05-08 09:27:30,924 - INFO - Tokens - Input: 2093, Output: 1155, Total: 3248
2026-05-08 09:27:30,926 - INFO - Memory updates: 18
{"id": 26, "ts": 1778225250.9262035, "event": "memory_updated", "agent": "agent_1", "round": 2}
2026-05-08 09:27:30,934 - INFO - Loop 2 completed
2026-05-08 09:27:30,934 - INFO - Final Chosen Candidate: Candidate C
2026-05-08 09:27:30,934 - INFO - Final Decision Method: consensus
2026-05-08 09:27:30,934 - INFO - Final Vote Count: {'Candidate C': 3}
2026-05-08 09:27:30,934 - INFO - Correct Candidate: Candidate C
2026-05-08 09:27:30,934 - INFO - Decision Correct: 1
{"id": 27, "ts": 1778225251.3240123, "event": "context_consistency_calculated", "method": "embedding_cosine", "mean_pairwise_similarity": 0.895492, "pairwise": [{"agent_a": "agent_1", "agent_b": "agent_2", "similarity": 0.880792}, {"agent_a": "agent_1", "agent_b": "agent_3", "similarity": 0.916757}, {"agent_a": "agent_2", "agent_b": "agent_3", "similarity": 0.888927}]}
{"id": 28, "ts": 1778225251.3242147, "event": "agent_memories_archived", "directory": "/home/lhegemann/git/bachelor_thesis/01_data/raw/simulations/moderate/moderate_treatment_20260508_080303_001/shared_mental_models", "round": 2}
{"id": 29, "ts": 1778225251.3243077, "event": "final_decision", "candidate": "Candidate C", "method": "consensus", "vote_count": {"Candidate C": 3}, "correct_candidate": "Candidate C", "decision_correct": 1, "round": 2}
2026-05-08 09:27:31,334 - INFO - ======================================================================
2026-05-08 09:27:31,335 - INFO - SIMULATION METRICS
2026-05-08 09:27:31,335 - INFO - ======================================================================
2026-05-08 09:27:31,335 - INFO - Total Loops: 2
2026-05-08 09:27:31,335 - INFO - Agent Turns (no vote checker): 5
2026-05-08 09:27:31,335 - INFO - Agent Tool Calls: 0
2026-05-08 09:27:31,335 - INFO - Agent Tool Messages: 0
2026-05-08 09:27:31,335 - INFO - Memory Updates: 18
2026-05-08 09:27:31,335 - INFO - Total Messages (no vote checker): 5
2026-05-08 09:27:31,335 - INFO - Input Tokens: 47350
2026-05-08 09:27:31,335 - INFO - Output Tokens: 24235
2026-05-08 09:27:31,335 - INFO - Total Tokens: 71585
2026-05-08 09:27:31,335 - INFO - Final Chosen Candidate: Candidate C
2026-05-08 09:27:31,336 - INFO - Final Decision Method: consensus
2026-05-08 09:27:31,336 - INFO - Final Vote Count: {'Candidate C': 3}
2026-05-08 09:27:31,336 - INFO - Correct Candidate: Candidate C
2026-05-08 09:27:31,336 - INFO - Decision Correct: 1
2026-05-08 09:27:31,336 - INFO - Runtime: 133.28s
2026-05-08 09:27:31,336 - INFO - ======================================================================
