2026-05-08 22:21:31,259 - INFO - Metrics tracker initialized
{"id": 1, "ts": 1778271691.2860842, "event": "memory_reset"}
{"id": 2, "ts": 1778271691.2895305, "event": "discussion_order", "round": 1, "order": ["agent_1", "agent_2", "agent_3"]}
2026-05-08 22:21:38,971 - INFO - Tokens - Input: 1713, Output: 751, Total: 2464
{"id": 3, "ts": 1778271698.9725747, "event": "public_discussion_message", "round": 1, "agent": "agent_1", "message": "I currently favor **Candidate A** because they demonstrate strong technical competence (excellent spatial vision, ability to anticipate dangerous situations, and see complex connections) and good leadership qualities, both critical for long\u2011distance flights. However, their tendency to be unorganized and difficulty accepting criticism raises concerns about teamwork and cockpit coordination.\nMETADATA_JSON:\n{\"agent\": \"agent_1\", \"vote\": \"Candidate A\"}"}
2026-05-08 22:21:38,972 - INFO - Agent turns: 1
2026-05-08 22:21:53,600 - INFO - Tokens - Input: 1298, Output: 1303, Total: 2601
2026-05-08 22:21:53,602 - INFO - Memory updates: 1
{"id": 4, "ts": 1778271713.6026921, "event": "memory_updated", "agent": "agent_2", "round": 1}
2026-05-08 22:21:53,879 - INFO - Tokens - Input: 1290, Output: 1336, Total: 2626
2026-05-08 22:21:53,880 - INFO - Memory updates: 2
{"id": 5, "ts": 1778271713.8807755, "event": "memory_updated", "agent": "agent_3", "round": 1}
2026-05-08 22:21:54,798 - INFO - Tokens - Input: 1295, Output: 1259, Total: 2554
2026-05-08 22:21:54,800 - INFO - Memory updates: 3
{"id": 6, "ts": 1778271714.8003955, "event": "memory_updated", "agent": "agent_1", "round": 1}
2026-05-08 22:22:00,138 - INFO - Tokens - Input: 2329, Output: 637, Total: 2966
{"id": 7, "ts": 1778271720.1395252, "event": "public_discussion_message", "round": 1, "agent": "agent_2", "message": "I currently favor **Candidate\u202fB**. Their strong conscientiousness and ability to handle stress support reliability and calmness under the long\u2011distance pressures, while their skill in assessing weather conditions and excellent computer abilities contribute essential technical competence. The main uncertainty is the impact of their tendency to make nasty remarks about colleagues, which could undermine crew cooperation and cockpit harmony.\nMETADATA_JSON:\n{\"agent\": \"agent_2\", \"vote\": \"Candidate B\"}"}
2026-05-08 22:22:00,139 - INFO - Agent turns: 2
2026-05-08 22:22:08,146 - INFO - Tokens - Input: 1934, Output: 1142, Total: 3076
2026-05-08 22:22:08,148 - INFO - Memory updates: 4
{"id": 8, "ts": 1778271728.1484601, "event": "memory_updated", "agent": "agent_2", "round": 1}
2026-05-08 22:22:09,317 - INFO - Tokens - Input: 2114, Output: 1191, Total: 3305
2026-05-08 22:22:09,319 - INFO - Memory updates: 5
{"id": 9, "ts": 1778271729.3194158, "event": "memory_updated", "agent": "agent_3", "round": 1}
2026-05-08 22:22:11,986 - INFO - Tokens - Input: 1905, Output: 1331, Total: 3236
2026-05-08 22:22:11,988 - INFO - Memory updates: 6
{"id": 10, "ts": 1778271731.9883592, "event": "memory_updated", "agent": "agent_1", "round": 1}
2026-05-08 22:22:17,856 - INFO - Tokens - Input: 2449, Output: 678, Total: 3127
{"id": 11, "ts": 1778271737.8582063, "event": "public_discussion_message", "round": 1, "agent": "agent_3", "message": "I currently favor **Candidate D** because they take responsibility seriously and solve problems extremely well, which are vital for the long\u2011distance flights where unexpected situations arise and decisive, reliable action is required. Their strong concentration and ability to respond adequately to unexpected events also support calmness under pressure. The main uncertainty is their moodiness and being regarded as a loner, which could hinder crew cooperation and the positive cockpit atmosphere.\nMETADATA_JSON:\n{\"agent\": \"agent_3\", \"vote\": \"Candidate D\"}"}
2026-05-08 22:22:17,858 - INFO - Agent turns: 3
2026-05-08 22:22:27,844 - INFO - Tokens - Input: 2078, Output: 1287, Total: 3365
2026-05-08 22:22:27,846 - INFO - Memory updates: 7
{"id": 12, "ts": 1778271747.8467965, "event": "memory_updated", "agent": "agent_3", "round": 1}
2026-05-08 22:22:27,860 - INFO - Tokens - Input: 2293, Output: 1317, Total: 3610
2026-05-08 22:22:27,861 - INFO - Memory updates: 8
{"id": 13, "ts": 1778271747.8618135, "event": "memory_updated", "agent": "agent_1", "round": 1}
2026-05-08 22:22:28,036 - INFO - Tokens - Input: 2031, Output: 1307, Total: 3338
2026-05-08 22:22:28,037 - INFO - Memory updates: 9
{"id": 14, "ts": 1778271748.037839, "event": "memory_updated", "agent": "agent_2", "round": 1}
2026-05-08 22:22:28,045 - INFO - Loop 1 completed
{"id": 15, "ts": 1778271748.0519118, "event": "discussion_order", "round": 2, "order": ["agent_3", "agent_1", "agent_2"]}
2026-05-08 22:22:32,188 - INFO - Tokens - Input: 2385, Output: 539, Total: 2924
{"id": 16, "ts": 1778271752.1899157, "event": "public_discussion_message", "round": 2, "agent": "agent_3", "message": "I continue to favor **Candidate D** because they take responsibility seriously and solve problems extremely well, which are essential for handling the complex, unexpected situations that arise on long\u2011distance flights. Their strong concentration and ability to respond adequately to unexpected events also support the calmness and reliability needed in the cockpit. The main uncertainty is their moodiness and reputation as a loner, which could hinder crew cooperation and the positive atmosphere required for safe operations.\nMETADATA_JSON:\n{\"agent\": \"agent_3\", \"vote\": \"Candidate D\"}"}
2026-05-08 22:22:32,190 - INFO - Agent turns: 4
2026-05-08 22:22:39,082 - INFO - Tokens - Input: 1999, Output: 906, Total: 2905
2026-05-08 22:22:39,084 - INFO - Memory updates: 10
{"id": 17, "ts": 1778271759.0847754, "event": "memory_updated", "agent": "agent_3", "round": 2}
2026-05-08 22:22:39,826 - INFO - Tokens - Input: 2297, Output: 984, Total: 3281
2026-05-08 22:22:39,827 - INFO - Memory updates: 11
{"id": 18, "ts": 1778271759.8277733, "event": "memory_updated", "agent": "agent_1", "round": 2}
2026-05-08 22:22:40,203 - INFO - Tokens - Input: 2367, Output: 1046, Total: 3413
2026-05-08 22:22:40,205 - INFO - Memory updates: 12
{"id": 19, "ts": 1778271760.2052062, "event": "memory_updated", "agent": "agent_2", "round": 2}
2026-05-08 22:22:41,856 - INFO - Tokens - Input: 2538, Output: 200, Total: 2738
{"id": 20, "ts": 1778271761.8575706, "event": "public_discussion_message", "round": 2, "agent": "agent_1", "message": "I continue to favor **Candidate\u202fA**. Their ability to anticipate dangerous situations and excellent spatial vision give them the strongest technical competence for long\u2011distance flights, and their very good leadership qualities support effective crew coordination. The main trade\u2011off is their occasional unorganization and difficulty accepting criticism, which could affect teamwork and cockpit communication.\nMETADATA_JSON:\n{\"agent\": \"agent_1\", \"vote\": \"Candidate A\"}"}
2026-05-08 22:22:41,857 - INFO - Agent turns: 5
2026-05-08 22:22:50,513 - INFO - Tokens - Input: 2153, Output: 1003, Total: 3156
2026-05-08 22:22:50,515 - INFO - Memory updates: 13
{"id": 21, "ts": 1778271770.515217, "event": "memory_updated", "agent": "agent_2", "round": 2}
2026-05-08 22:22:51,153 - INFO - Tokens - Input: 2133, Output: 1016, Total: 3149
2026-05-08 22:22:51,155 - INFO - Memory updates: 14
{"id": 22, "ts": 1778271771.155177, "event": "memory_updated", "agent": "agent_1", "round": 2}
2026-05-08 22:22:57,855 - INFO - Tokens - Input: 2072, Output: 1091, Total: 3163
2026-05-08 22:22:57,857 - INFO - Memory updates: 15
{"id": 23, "ts": 1778271777.8572598, "event": "memory_updated", "agent": "agent_3", "round": 2}
2026-05-08 22:23:01,989 - INFO - Tokens - Input: 2707, Output: 564, Total: 3271
{"id": 24, "ts": 1778271781.9916794, "event": "public_discussion_message", "round": 2, "agent": "agent_2", "message": "I continue to favor **Candidate\u202fB**. Their strong conscientiousness and ability to handle stress give them high reliability and calmness under the long\u2011distance pressures, while their skill in assessing weather conditions and excellent computer abilities provide essential technical competence for complex, long\u2011haul operations. The main uncertainty is their tendency to make nasty remarks about colleagues, which could undermine crew cooperation and cockpit harmony.\nMETADATA_JSON:\n{\"agent\": \"agent_2\", \"vote\": \"Candidate B\"}"}
2026-05-08 22:23:01,991 - INFO - Agent turns: 6
2026-05-08 22:23:09,573 - INFO - Tokens - Input: 2117, Output: 1040, Total: 3157
2026-05-08 22:23:09,575 - INFO - Memory updates: 16
{"id": 25, "ts": 1778271789.5757165, "event": "memory_updated", "agent": "agent_3", "round": 2}
2026-05-08 22:23:09,598 - INFO - Tokens - Input: 2326, Output: 1054, Total: 3380
2026-05-08 22:23:09,600 - INFO - Memory updates: 17
{"id": 26, "ts": 1778271789.6006122, "event": "memory_updated", "agent": "agent_2", "round": 2}
2026-05-08 22:23:10,497 - INFO - Tokens - Input: 2249, Output: 1140, Total: 3389
2026-05-08 22:23:10,498 - INFO - Memory updates: 18
{"id": 27, "ts": 1778271790.4990532, "event": "memory_updated", "agent": "agent_1", "round": 2}
2026-05-08 22:23:10,507 - INFO - Loop 2 completed
{"id": 28, "ts": 1778271790.5142097, "event": "discussion_order", "round": 3, "order": ["agent_3", "agent_2", "agent_1"]}
2026-05-08 22:23:12,296 - INFO - Tokens - Input: 2705, Output: 203, Total: 2908
{"id": 29, "ts": 1778271792.297825, "event": "public_discussion_message", "round": 3, "agent": "agent_3", "message": "I continue to favor **Candidate D**. Their strong sense of responsibility and exceptional problem\u2011solving ability are crucial for handling the complex, unexpected situations that arise on long\u2011distance flights, while their excellent concentration and ability to respond adequately to unexpected events support calmness and reliability in the cockpit. The main trade\u2011off is their moodiness and reputation as a loner, which could hinder crew cooperation and the positive atmosphere needed for safe, coordinated operations.\nMETADATA_JSON:\n{\"agent\": \"agent_3\", \"vote\": \"Candidate D\"}"}
2026-05-08 22:23:12,298 - INFO - Agent turns: 7
2026-05-08 22:23:18,929 - INFO - Tokens - Input: 2325, Output: 874, Total: 3199
2026-05-08 22:23:18,931 - INFO - Memory updates: 19
{"id": 30, "ts": 1778271798.9319437, "event": "memory_updated", "agent": "agent_3", "round": 3}
2026-05-08 22:23:20,408 - INFO - Tokens - Input: 2379, Output: 1134, Total: 3513
2026-05-08 22:23:20,410 - INFO - Memory updates: 20
{"id": 31, "ts": 1778271800.4107246, "event": "memory_updated", "agent": "agent_1", "round": 3}
2026-05-08 22:23:26,235 - INFO - Tokens - Input: 2365, Output: 1018, Total: 3383
2026-05-08 22:23:26,237 - INFO - Memory updates: 21
{"id": 32, "ts": 1778271806.237198, "event": "memory_updated", "agent": "agent_2", "round": 3}
2026-05-08 22:23:28,540 - INFO - Tokens - Input: 2855, Output: 210, Total: 3065
{"id": 33, "ts": 1778271808.5409024, "event": "public_discussion_message", "round": 3, "agent": "agent_2", "message": "I continue to favor **Candidate\u202fB**. Their strong conscientiousness and ability to handle stress give them high reliability and calmness under the long\u2011distance pressures, while their skill in assessing weather conditions and excellent computer abilities provide essential technical competence for complex, long\u2011haul operations. The main uncertainty is their tendency to make nasty remarks about colleagues, which could undermine crew cooperation and cockpit harmony.\nMETADATA_JSON:\n{\"agent\": \"agent_2\", \"vote\": \"Candidate B\"}"}
2026-05-08 22:23:28,540 - INFO - Agent turns: 8
2026-05-08 22:23:35,776 - INFO - Tokens - Input: 2474, Output: 904, Total: 3378
2026-05-08 22:23:35,778 - INFO - Memory updates: 22
{"id": 34, "ts": 1778271815.7790473, "event": "memory_updated", "agent": "agent_2", "round": 3}
2026-05-08 22:23:36,224 - INFO - Tokens - Input: 2405, Output: 1023, Total: 3428
2026-05-08 22:23:36,226 - INFO - Memory updates: 23
{"id": 35, "ts": 1778271816.2265522, "event": "memory_updated", "agent": "agent_3", "round": 3}
2026-05-08 22:23:37,273 - INFO - Tokens - Input: 2520, Output: 1135, Total: 3655
2026-05-08 22:23:37,275 - INFO - Memory updates: 24
{"id": 36, "ts": 1778271817.2752402, "event": "memory_updated", "agent": "agent_1", "round": 3}
2026-05-08 22:23:41,272 - INFO - Tokens - Input: 3028, Output: 233, Total: 3261
{"id": 37, "ts": 1778271821.2738583, "event": "public_discussion_message", "round": 3, "agent": "agent_1", "message": "I continue to favor **Candidate\u202fA**. Their ability to anticipate dangerous situations and excellent spatial vision give them the strongest technical competence for long\u2011distance flights, while their very good leadership qualities support effective crew coordination. The main trade\u2011off is their occasional unorganization and difficulty accepting criticism, which could affect teamwork and cockpit communication.\nMETADATA_JSON:\n{\"agent\": \"agent_1\", \"vote\": \"Candidate A\"}"}
2026-05-08 22:23:41,274 - INFO - Agent turns: 9
2026-05-08 22:23:49,609 - INFO - Tokens - Input: 2623, Output: 1008, Total: 3631
2026-05-08 22:23:49,611 - INFO - Memory updates: 25
{"id": 38, "ts": 1778271829.6111526, "event": "memory_updated", "agent": "agent_1", "round": 3}
2026-05-08 22:23:49,988 - INFO - Tokens - Input: 2521, Output: 1206, Total: 3727
2026-05-08 22:23:49,989 - INFO - Memory updates: 26
{"id": 39, "ts": 1778271829.9903183, "event": "memory_updated", "agent": "agent_3", "round": 3}
2026-05-08 22:23:50,693 - INFO - Tokens - Input: 2516, Output: 1034, Total: 3550
2026-05-08 22:23:50,694 - INFO - Memory updates: 27
{"id": 40, "ts": 1778271830.694956, "event": "memory_updated", "agent": "agent_2", "round": 3}
2026-05-08 22:23:50,704 - INFO - Loop 3 completed
{"id": 41, "ts": 1778271830.7103631, "event": "discussion_order", "round": 4, "order": ["agent_2", "agent_3", "agent_1"]}
2026-05-08 22:23:52,581 - INFO - Tokens - Input: 3000, Output: 207, Total: 3207
{"id": 42, "ts": 1778271832.5826612, "event": "public_discussion_message", "round": 4, "agent": "agent_2", "message": "I continue to favor **Candidate\u202fB**. Their strong conscientiousness and ability to handle stress give them high reliability and calmness under the long\u2011distance pressures, while their skill in assessing weather conditions and excellent computer abilities provide essential technical competence for complex, long\u2011haul operations. The main uncertainty is their tendency to make nasty remarks about colleagues, which could undermine crew cooperation and cockpit harmony.\nMETADATA_JSON:\n{\"agent\": \"agent_2\", \"vote\": \"Candidate B\"}"}
2026-05-08 22:23:52,582 - INFO - Agent turns: 10
2026-05-08 22:23:59,245 - INFO - Tokens - Input: 2594, Output: 872, Total: 3466
2026-05-08 22:23:59,247 - INFO - Memory updates: 28
{"id": 43, "ts": 1778271839.2475882, "event": "memory_updated", "agent": "agent_2", "round": 4}
2026-05-08 22:24:01,194 - INFO - Tokens - Input: 2694, Output: 1163, Total: 3857
2026-05-08 22:24:01,196 - INFO - Memory updates: 29
{"id": 44, "ts": 1778271841.1967742, "event": "memory_updated", "agent": "agent_1", "round": 4}
2026-05-08 22:24:02,635 - INFO - Tokens - Input: 2639, Output: 1280, Total: 3919
2026-05-08 22:24:02,637 - INFO - Memory updates: 30
{"id": 45, "ts": 1778271842.6371617, "event": "memory_updated", "agent": "agent_3", "round": 4}
2026-05-08 22:24:06,658 - INFO - Tokens - Input: 3224, Output: 542, Total: 3766
{"id": 46, "ts": 1778271846.659578, "event": "public_discussion_message", "round": 4, "agent": "agent_3", "message": "I currently favor **Candidate\u202fD** because they take responsibility seriously and solve problems extremely well\u2014key for handling the complex, unexpected situations on long\u2011distance flights\u2014and they concentrate strongly and respond adequately to unexpected events, supporting calmness under pressure. The main trade\u2011off is their moodiness and reputation as a loner, which could hinder crew cooperation and a positive cockpit atmosphere.\nMETADATA_JSON:\n{\"agent\": \"agent_3\", \"vote\": \"Candidate D\"}"}
2026-05-08 22:24:06,659 - INFO - Agent turns: 11
2026-05-08 22:24:14,557 - INFO - Tokens - Input: 2839, Output: 1104, Total: 3943
2026-05-08 22:24:14,559 - INFO - Memory updates: 31
{"id": 47, "ts": 1778271854.5595074, "event": "memory_updated", "agent": "agent_3", "round": 4}
2026-05-08 22:24:14,666 - INFO - Tokens - Input: 2857, Output: 1112, Total: 3969
2026-05-08 22:24:14,667 - INFO - Memory updates: 32
{"id": 48, "ts": 1778271854.667839, "event": "memory_updated", "agent": "agent_1", "round": 4}
2026-05-08 22:24:16,796 - INFO - Tokens - Input: 2693, Output: 1354, Total: 4047
2026-05-08 22:24:16,798 - INFO - Memory updates: 33
{"id": 49, "ts": 1778271856.7986002, "event": "memory_updated", "agent": "agent_2", "round": 4}
2026-05-08 22:24:18,544 - INFO - Tokens - Input: 3243, Output: 155, Total: 3398
{"id": 50, "ts": 1778271858.545607, "event": "public_discussion_message", "round": 4, "agent": "agent_1", "message": "I continue to favor **Candidate\u202fA**. Their ability to anticipate dangerous situations and excellent spatial vision give them the strongest technical competence for long\u2011distance flights, while their very good leadership qualities support effective crew coordination. The main trade\u2011off is their occasional disorganization and difficulty accepting criticism, which could affect teamwork and cockpit communication.\nMETADATA_JSON:\n{\"agent\": \"agent_1\", \"vote\": \"Candidate A\"}"}
2026-05-08 22:24:18,545 - INFO - Agent turns: 12
2026-05-08 22:24:26,097 - INFO - Tokens - Input: 2772, Output: 933, Total: 3705
2026-05-08 22:24:26,099 - INFO - Memory updates: 34
{"id": 51, "ts": 1778271866.0996158, "event": "memory_updated", "agent": "agent_2", "round": 4}
2026-05-08 22:24:27,671 - INFO - Tokens - Input: 2948, Output: 1180, Total: 4128
2026-05-08 22:24:27,673 - INFO - Memory updates: 35
{"id": 52, "ts": 1778271867.6738327, "event": "memory_updated", "agent": "agent_3", "round": 4}
2026-05-08 22:24:32,148 - INFO - Tokens - Input: 2838, Output: 830, Total: 3668
2026-05-08 22:24:32,149 - INFO - Memory updates: 36
{"id": 53, "ts": 1778271872.1501095, "event": "memory_updated", "agent": "agent_1", "round": 4}
2026-05-08 22:24:32,159 - INFO - Loop 4 completed
{"id": 54, "ts": 1778271872.1654277, "event": "discussion_order", "round": 5, "order": ["agent_3", "agent_2", "agent_1"]}
2026-05-08 22:24:34,031 - INFO - Tokens - Input: 3415, Output: 209, Total: 3624
{"id": 55, "ts": 1778271874.0332437, "event": "public_discussion_message", "round": 5, "agent": "agent_3", "message": "I continue to favor **Candidate\u202fD**. Their strong sense of responsibility and exceptional problem\u2011solving ability are crucial for handling the complex, unexpected situations that arise on long\u2011distance flights, and their excellent concentration and adequate response to unexpected events support calmness and reliability in the cockpit. The main trade\u2011off is their moodiness and reputation as a loner, which could impede crew cooperation and a positive cockpit atmosphere.\nMETADATA_JSON:\n{\"agent\": \"agent_3\", \"vote\": \"Candidate D\"}"}
2026-05-08 22:24:34,033 - INFO - Agent turns: 13
2026-05-08 22:24:41,410 - INFO - Tokens - Input: 3023, Output: 904, Total: 3927
2026-05-08 22:24:41,412 - INFO - Memory updates: 37
{"id": 56, "ts": 1778271881.4126039, "event": "memory_updated", "agent": "agent_3", "round": 5}
2026-05-08 22:24:42,513 - INFO - Tokens - Input: 2933, Output: 1198, Total: 4131
2026-05-08 22:24:42,515 - INFO - Memory updates: 38
{"id": 57, "ts": 1778271882.515299, "event": "memory_updated", "agent": "agent_2", "round": 5}
2026-05-08 22:24:51,332 - INFO - Tokens - Input: 2959, Output: 1046, Total: 4005
2026-05-08 22:24:51,334 - INFO - Memory updates: 39
{"id": 58, "ts": 1778271891.334996, "event": "memory_updated", "agent": "agent_1", "round": 5}
2026-05-08 22:24:53,405 - INFO - Tokens - Input: 3450, Output: 216, Total: 3666
{"id": 59, "ts": 1778271893.40734, "event": "public_discussion_message", "round": 5, "agent": "agent_2", "message": "I continue to favor **Candidate\u202fB**. Their strong conscientiousness and ability to handle stress give them high reliability and calmness under the long\u2011distance pressures, while their skill in assessing weather conditions and excellent computer abilities provide essential technical competence for complex, long\u2011haul operations. The main uncertainty is their tendency to make nasty remarks about colleagues, which could undermine crew cooperation and cockpit harmony.\nMETADATA_JSON:\n{\"agent\": \"agent_2\", \"vote\": \"Candidate B\"}"}
2026-05-08 22:24:53,407 - INFO - Agent turns: 14
2026-05-08 22:25:01,470 - INFO - Tokens - Input: 3085, Output: 1040, Total: 4125
2026-05-08 22:25:01,472 - INFO - Memory updates: 40
{"id": 60, "ts": 1778271901.4730105, "event": "memory_updated", "agent": "agent_1", "round": 5}
2026-05-08 22:25:02,226 - INFO - Tokens - Input: 3033, Output: 1144, Total: 4177
2026-05-08 22:25:02,228 - INFO - Memory updates: 41
{"id": 61, "ts": 1778271902.228319, "event": "memory_updated", "agent": "agent_3", "round": 5}
2026-05-08 22:25:04,358 - INFO - Tokens - Input: 3069, Output: 1315, Total: 4384
2026-05-08 22:25:04,359 - INFO - Memory updates: 42
{"id": 62, "ts": 1778271904.3601198, "event": "memory_updated", "agent": "agent_2", "round": 5}
2026-05-08 22:25:07,040 - INFO - Tokens - Input: 3572, Output: 271, Total: 3843
{"id": 63, "ts": 1778271907.0417535, "event": "public_discussion_message", "round": 5, "agent": "agent_1", "message": "I continue to favor **Candidate\u202fA**. Their ability to anticipate dangerous situations and excellent spatial vision give them the strongest technical competence for long\u2011distance flights, while their very good leadership qualities support effective crew coordination. The main trade\u2011off is their occasional disorganization and difficulty accepting criticism, which could hinder teamwork and cockpit communication.\nMETADATA_JSON:\n{\"agent\": \"agent_1\", \"vote\": \"Candidate A\"}"}
2026-05-08 22:25:07,041 - INFO - Agent turns: 15
2026-05-08 22:25:20,592 - INFO - Tokens - Input: 3167, Output: 946, Total: 4113
2026-05-08 22:25:20,594 - INFO - Memory updates: 43
{"id": 64, "ts": 1778271920.59471, "event": "memory_updated", "agent": "agent_1", "round": 5}
2026-05-08 22:25:21,061 - INFO - Tokens - Input: 3126, Output: 1013, Total: 4139
2026-05-08 22:25:21,063 - INFO - Memory updates: 44
{"id": 65, "ts": 1778271921.0635247, "event": "memory_updated", "agent": "agent_3", "round": 5}
2026-05-08 22:25:21,557 - INFO - Tokens - Input: 2919, Output: 1093, Total: 4012
2026-05-08 22:25:21,558 - INFO - Memory updates: 45
{"id": 66, "ts": 1778271921.55881, "event": "memory_updated", "agent": "agent_2", "round": 5}
2026-05-08 22:25:21,568 - INFO - Loop 5 completed
2026-05-08 22:25:21,568 - INFO - Final Chosen Candidate: None
2026-05-08 22:25:21,568 - INFO - Final Decision Method: max_round_no_majority
2026-05-08 22:25:21,569 - INFO - Final Vote Count: {'Candidate A': 1, 'Candidate B': 1, 'Candidate D': 1}
2026-05-08 22:25:21,569 - INFO - Correct Candidate: Candidate C
2026-05-08 22:25:21,569 - INFO - Decision Correct: 0
{"id": 67, "ts": 1778271921.8947003, "event": "context_consistency_calculated", "method": "embedding_cosine", "mean_pairwise_similarity": 0.768464, "pairwise": [{"agent_a": "agent_1", "agent_b": "agent_2", "similarity": 0.719204}, {"agent_a": "agent_1", "agent_b": "agent_3", "similarity": 0.901793}, {"agent_a": "agent_2", "agent_b": "agent_3", "similarity": 0.684396}]}
{"id": 68, "ts": 1778271921.89487, "event": "gold_standard_alignment_calculated", "method": "rule_based_binary_checks", "mean_alignment": 0.5, "by_agent": [{"agent": "agent_1", "score": 0.375, "checks": {"favorite_is_c": 0, "c_reliability": 0, "c_calmness": 0, "c_attention": 0, "c_crew_fit": 0, "a_risks": 1, "b_risks": 1, "d_risks": 1}}, {"agent": "agent_2", "score": 0.625, "checks": {"favorite_is_c": 0, "c_reliability": 1, "c_calmness": 1, "c_attention": 0, "c_crew_fit": 0, "a_risks": 1, "b_risks": 1, "d_risks": 1}}, {"agent": "agent_3", "score": 0.5, "checks": {"favorite_is_c": 0, "c_reliability": 0, "c_calmness": 0, "c_attention": 0, "c_crew_fit": 1, "a_risks": 1, "b_risks": 1, "d_risks": 1}}]}
{"id": 69, "ts": 1778271921.8950236, "event": "agent_memories_archived", "directory": "/home/lhegemann/git/bachelor_thesis/01_data/raw/simulations/moderate/moderate_treatment_20260508_195017_001/shared_mental_models", "round": 5}
{"id": 70, "ts": 1778271921.8951225, "event": "final_decision", "candidate": null, "method": "max_round_no_majority", "vote_count": {"Candidate A": 1, "Candidate B": 1, "Candidate D": 1}, "correct_candidate": "Candidate C", "decision_correct": 0, "round": 5}
2026-05-08 22:25:21,906 - INFO - ======================================================================
2026-05-08 22:25:21,906 - INFO - SIMULATION METRICS
2026-05-08 22:25:21,906 - INFO - ======================================================================
2026-05-08 22:25:21,906 - INFO - Total Loops: 5
2026-05-08 22:25:21,906 - INFO - Agent Turns (no vote checker): 15
2026-05-08 22:25:21,906 - INFO - Agent Tool Calls: 0
2026-05-08 22:25:21,906 - INFO - Agent Tool Messages: 0
2026-05-08 22:25:21,906 - INFO - Memory Updates: 45
2026-05-08 22:25:21,906 - INFO - Total Messages (no vote checker): 15
2026-05-08 22:25:21,906 - INFO - Input Tokens: 152880
2026-05-08 22:25:21,906 - INFO - Output Tokens: 55231
2026-05-08 22:25:21,907 - INFO - Total Tokens: 208111
2026-05-08 22:25:21,907 - INFO - Final Chosen Candidate: None
2026-05-08 22:25:21,907 - INFO - Final Decision Method: max_round_no_majority
2026-05-08 22:25:21,907 - INFO - Final Vote Count: {'Candidate A': 1, 'Candidate B': 1, 'Candidate D': 1}
2026-05-08 22:25:21,907 - INFO - Correct Candidate: Candidate C
2026-05-08 22:25:21,907 - INFO - Decision Correct: 0
2026-05-08 22:25:21,907 - INFO - Runtime: 230.65s
2026-05-08 22:25:21,907 - INFO - ======================================================================
