2026-05-06 18:43:21,481 - INFO - Metrics tracker initialized
{"id": 1, "ts": 1778085801.5090857, "event": "memory_reset"}
{"id": 2, "ts": 1778085801.5121918, "event": "discussion_order", "round": 1, "order": ["agent_1", "agent_3", "agent_2"]}
2026-05-06 18:43:29,426 - INFO - Tokens - Input: 1686, Output: 665, Total: 2351
{"id": 3, "ts": 1778085809.4280252, "event": "public_discussion_message", "round": 1, "agent": "agent_1", "message": "I prefer Candidate A \u2013 very good leadership qualities.\nMETADATA_JSON:\n{\"agent\": \"agent_1\", \"vote\": \"Candidate A\"}"}
2026-05-06 18:43:29,428 - INFO - Agent turns: 1
2026-05-06 18:43:35,678 - INFO - Tokens - Input: 1186, Output: 1010, Total: 2196
2026-05-06 18:43:35,680 - INFO - Memory updates: 1
{"id": 4, "ts": 1778085815.6805997, "event": "memory_updated", "agent": "agent_3", "round": 1}
2026-05-06 18:43:37,060 - INFO - Tokens - Input: 1194, Output: 991, Total: 2185
2026-05-06 18:43:37,062 - INFO - Memory updates: 2
{"id": 5, "ts": 1778085817.062652, "event": "memory_updated", "agent": "agent_2", "round": 1}
2026-05-06 18:43:38,285 - INFO - Tokens - Input: 1191, Output: 1085, Total: 2276
2026-05-06 18:43:38,287 - INFO - Memory updates: 3
{"id": 6, "ts": 1778085818.2876902, "event": "memory_updated", "agent": "agent_1", "round": 1}
2026-05-06 18:43:40,513 - INFO - Tokens - Input: 2109, Output: 360, Total: 2469
{"id": 7, "ts": 1778085820.514588, "event": "public_discussion_message", "round": 1, "agent": "agent_3", "message": "Candidate B \u2013 handles stress well.\nMETADATA_JSON:\n{\"agent\": \"agent_3\", \"vote\": \"Candidate B\"}"}
2026-05-06 18:43:40,514 - INFO - Agent turns: 2
2026-05-06 18:43:45,616 - INFO - Tokens - Input: 1578, Output: 878, Total: 2456
2026-05-06 18:43:45,618 - INFO - Memory updates: 4
{"id": 8, "ts": 1778085825.6187835, "event": "memory_updated", "agent": "agent_1", "round": 1}
2026-05-06 18:43:47,709 - INFO - Tokens - Input: 1762, Output: 1073, Total: 2835
2026-05-06 18:43:47,710 - INFO - Memory updates: 5
{"id": 9, "ts": 1778085827.7109618, "event": "memory_updated", "agent": "agent_2", "round": 1}
2026-05-06 18:43:48,499 - INFO - Tokens - Input: 1613, Output: 1036, Total: 2649
2026-05-06 18:43:48,500 - INFO - Memory updates: 6
{"id": 10, "ts": 1778085828.5005388, "event": "memory_updated", "agent": "agent_3", "round": 1}
2026-05-06 18:43:52,233 - INFO - Tokens - Input: 2290, Output: 436, Total: 2726
{"id": 11, "ts": 1778085832.2352095, "event": "public_discussion_message", "round": 1, "agent": "agent_2", "message": "Candidate A \u2013 excellent spatial vision.\nMETADATA_JSON:\n{\"agent\": \"agent_2\", \"vote\": \"Candidate A\"}"}
2026-05-06 18:43:52,235 - INFO - Agent turns: 3
2026-05-06 18:43:57,305 - INFO - Tokens - Input: 1628, Output: 869, Total: 2497
2026-05-06 18:43:57,307 - INFO - Memory updates: 7
{"id": 12, "ts": 1778085837.3071597, "event": "memory_updated", "agent": "agent_1", "round": 1}
2026-05-06 18:43:59,810 - INFO - Tokens - Input: 1729, Output: 1175, Total: 2904
2026-05-06 18:43:59,812 - INFO - Memory updates: 8
{"id": 13, "ts": 1778085839.812172, "event": "memory_updated", "agent": "agent_3", "round": 1}
2026-05-06 18:44:02,377 - INFO - Tokens - Input: 1794, Output: 1198, Total: 2992
2026-05-06 18:44:02,379 - INFO - Memory updates: 9
{"id": 14, "ts": 1778085842.3795714, "event": "memory_updated", "agent": "agent_2", "round": 1}
2026-05-06 18:44:02,388 - INFO - Loop 1 completed
{"id": 15, "ts": 1778085842.3932698, "event": "discussion_order", "round": 2, "order": ["agent_1", "agent_3", "agent_2"]}
2026-05-06 18:44:03,594 - INFO - Tokens - Input: 2191, Output: 154, Total: 2345
{"id": 16, "ts": 1778085843.5956454, "event": "public_discussion_message", "round": 2, "agent": "agent_1", "message": "Candidate A \u2013 very good leadership qualities.\nMETADATA_JSON:\n{\"agent\": \"agent_1\", \"vote\": \"Candidate A\"}"}
2026-05-06 18:44:03,595 - INFO - Agent turns: 4
2026-05-06 18:44:08,908 - INFO - Tokens - Input: 1910, Output: 859, Total: 2769
2026-05-06 18:44:08,910 - INFO - Memory updates: 10
{"id": 17, "ts": 1778085848.9101498, "event": "memory_updated", "agent": "agent_2", "round": 2}
2026-05-06 18:44:10,969 - INFO - Tokens - Input: 1807, Output: 936, Total: 2743
2026-05-06 18:44:10,971 - INFO - Memory updates: 11
{"id": 18, "ts": 1778085850.9711583, "event": "memory_updated", "agent": "agent_3", "round": 2}
2026-05-06 18:44:11,309 - INFO - Tokens - Input: 1679, Output: 896, Total: 2575
2026-05-06 18:44:11,311 - INFO - Memory updates: 12
{"id": 19, "ts": 1778085851.3112152, "event": "memory_updated", "agent": "agent_1", "round": 2}
2026-05-06 18:44:15,419 - INFO - Tokens - Input: 2256, Output: 466, Total: 2722
{"id": 20, "ts": 1778085855.4220085, "event": "public_discussion_message", "round": 2, "agent": "agent_3", "message": "Candidate B \u2013 handles stress well.\nMETADATA_JSON:\n{\"agent\": \"agent_3\", \"vote\": \"Candidate B\"}"}
2026-05-06 18:44:15,422 - INFO - Agent turns: 5
2026-05-06 18:44:20,683 - INFO - Tokens - Input: 1760, Output: 917, Total: 2677
2026-05-06 18:44:20,685 - INFO - Memory updates: 13
{"id": 21, "ts": 1778085860.6853163, "event": "memory_updated", "agent": "agent_3", "round": 2}
2026-05-06 18:44:22,741 - INFO - Tokens - Input: 1679, Output: 1007, Total: 2686
2026-05-06 18:44:22,743 - INFO - Memory updates: 14
{"id": 22, "ts": 1778085862.7435367, "event": "memory_updated", "agent": "agent_2", "round": 2}
2026-05-06 18:44:23,193 - INFO - Tokens - Input: 1716, Output: 922, Total: 2638
2026-05-06 18:44:23,194 - INFO - Memory updates: 15
{"id": 23, "ts": 1778085863.1950912, "event": "memory_updated", "agent": "agent_1", "round": 2}
2026-05-06 18:44:24,189 - INFO - Tokens - Input: 2373, Output: 131, Total: 2504
{"id": 24, "ts": 1778085864.1912372, "event": "public_discussion_message", "round": 2, "agent": "agent_2", "message": "Candidate A \u2013 excellent spatial vision.\nMETADATA_JSON:\n{\"agent\": \"agent_2\", \"vote\": \"Candidate A\"}"}
2026-05-06 18:44:24,191 - INFO - Agent turns: 6
2026-05-06 18:44:28,883 - INFO - Tokens - Input: 1877, Output: 680, Total: 2557
2026-05-06 18:44:28,884 - INFO - Memory updates: 16
{"id": 25, "ts": 1778085868.8850338, "event": "memory_updated", "agent": "agent_2", "round": 2}
2026-05-06 18:44:31,903 - INFO - Tokens - Input: 1751, Output: 888, Total: 2639
2026-05-06 18:44:31,905 - INFO - Memory updates: 17
{"id": 26, "ts": 1778085871.9054446, "event": "memory_updated", "agent": "agent_1", "round": 2}
2026-05-06 18:44:32,527 - INFO - Tokens - Input: 1792, Output: 1141, Total: 2933
2026-05-06 18:44:32,528 - INFO - Memory updates: 18
{"id": 27, "ts": 1778085872.5285966, "event": "memory_updated", "agent": "agent_3", "round": 2}
2026-05-06 18:44:32,536 - INFO - Loop 2 completed
{"id": 28, "ts": 1778085872.5424356, "event": "discussion_order", "round": 3, "order": ["agent_3", "agent_2", "agent_1"]}
2026-05-06 18:44:35,214 - INFO - Tokens - Input: 2342, Output: 286, Total: 2628
{"id": 29, "ts": 1778085875.2160015, "event": "public_discussion_message", "round": 3, "agent": "agent_3", "message": "Candidate B \u2013 pretentiousness may affect crew dynamics.\nMETADATA_JSON:\n{\"agent\": \"agent_3\", \"vote\": \"Candidate B\"}"}
2026-05-06 18:44:35,216 - INFO - Agent turns: 7
2026-05-06 18:44:42,832 - INFO - Tokens - Input: 1631, Output: 1019, Total: 2650
2026-05-06 18:44:42,833 - INFO - Memory updates: 19
{"id": 30, "ts": 1778085882.8340654, "event": "memory_updated", "agent": "agent_2", "round": 3}
2026-05-06 18:44:44,306 - INFO - Tokens - Input: 1836, Output: 1063, Total: 2899
2026-05-06 18:44:44,308 - INFO - Memory updates: 20
{"id": 31, "ts": 1778085884.308641, "event": "memory_updated", "agent": "agent_3", "round": 3}
2026-05-06 18:44:44,707 - INFO - Tokens - Input: 1794, Output: 1135, Total: 2929
2026-05-06 18:44:44,708 - INFO - Memory updates: 21
{"id": 32, "ts": 1778085884.7091215, "event": "memory_updated", "agent": "agent_1", "round": 3}
2026-05-06 18:44:47,648 - INFO - Tokens - Input: 2194, Output: 116, Total: 2310
{"id": 33, "ts": 1778085887.6497927, "event": "public_discussion_message", "round": 3, "agent": "agent_2", "message": "Candidate A \u2013 anticipates dangerous situations.\nMETADATA_JSON:\n{\"agent\": \"agent_2\", \"vote\": \"Candidate A\"}"}
2026-05-06 18:44:47,649 - INFO - Agent turns: 8
2026-05-06 18:44:54,435 - INFO - Tokens - Input: 1700, Output: 897, Total: 2597
2026-05-06 18:44:54,436 - INFO - Memory updates: 22
{"id": 34, "ts": 1778085894.437116, "event": "memory_updated", "agent": "agent_2", "round": 3}
2026-05-06 18:44:57,444 - INFO - Tokens - Input: 1907, Output: 1197, Total: 3104
2026-05-06 18:44:57,446 - INFO - Memory updates: 23
{"id": 35, "ts": 1778085897.446653, "event": "memory_updated", "agent": "agent_3", "round": 3}
2026-05-06 18:44:58,512 - INFO - Tokens - Input: 1907, Output: 1228, Total: 3135
2026-05-06 18:44:58,514 - INFO - Memory updates: 24
{"id": 36, "ts": 1778085898.5146346, "event": "memory_updated", "agent": "agent_1", "round": 3}
2026-05-06 18:45:01,061 - INFO - Tokens - Input: 2500, Output: 116, Total: 2616
{"id": 37, "ts": 1778085901.062644, "event": "public_discussion_message", "round": 3, "agent": "agent_1", "message": "Candidate A \u2013 very good leadership qualities\nMETADATA_JSON:\n{\"agent\": \"agent_1\", \"vote\": \"Candidate A\"}"}
2026-05-06 18:45:01,062 - INFO - Agent turns: 9
2026-05-06 18:45:08,591 - INFO - Tokens - Input: 1882, Output: 1094, Total: 2976
2026-05-06 18:45:08,593 - INFO - Memory updates: 25
{"id": 38, "ts": 1778085908.5937917, "event": "memory_updated", "agent": "agent_2", "round": 3}
2026-05-06 18:45:10,935 - INFO - Tokens - Input: 1939, Output: 1260, Total: 3199
2026-05-06 18:45:10,936 - INFO - Memory updates: 26
{"id": 39, "ts": 1778085910.9364388, "event": "memory_updated", "agent": "agent_3", "round": 3}
2026-05-06 18:45:11,180 - INFO - Tokens - Input: 2006, Output: 1366, Total: 3372
2026-05-06 18:45:11,181 - INFO - Memory updates: 27
{"id": 40, "ts": 1778085911.1817644, "event": "memory_updated", "agent": "agent_1", "round": 3}
2026-05-06 18:45:11,190 - INFO - Loop 3 completed
{"id": 41, "ts": 1778085911.1965122, "event": "discussion_order", "round": 4, "order": ["agent_2", "agent_1", "agent_3"]}
2026-05-06 18:45:12,180 - INFO - Tokens - Input: 2475, Output: 128, Total: 2603
{"id": 42, "ts": 1778085912.1820207, "event": "public_discussion_message", "round": 4, "agent": "agent_2", "message": "Candidate A \u2013 anticipates dangerous situations.\nMETADATA_JSON:\n{\"agent\": \"agent_2\", \"vote\": \"Candidate A\"}"}
2026-05-06 18:45:12,182 - INFO - Agent turns: 10
2026-05-06 18:45:19,605 - INFO - Tokens - Input: 1963, Output: 1031, Total: 2994
2026-05-06 18:45:19,606 - INFO - Memory updates: 28
{"id": 43, "ts": 1778085919.606821, "event": "memory_updated", "agent": "agent_2", "round": 4}
2026-05-06 18:45:23,634 - INFO - Tokens - Input: 1976, Output: 1367, Total: 3343
2026-05-06 18:45:23,636 - INFO - Memory updates: 29
{"id": 44, "ts": 1778085923.6363351, "event": "memory_updated", "agent": "agent_3", "round": 4}
2026-05-06 18:45:24,874 - INFO - Tokens - Input: 2014, Output: 1572, Total: 3586
2026-05-06 18:45:24,877 - INFO - Memory updates: 30
{"id": 45, "ts": 1778085924.8777316, "event": "memory_updated", "agent": "agent_1", "round": 4}
2026-05-06 18:45:26,177 - INFO - Tokens - Input: 2370, Output: 123, Total: 2493
{"id": 46, "ts": 1778085926.17887, "event": "public_discussion_message", "round": 4, "agent": "agent_1", "message": "Candidate A \u2013 excellent spatial vision.\nMETADATA_JSON:\n{\"agent\": \"agent_1\", \"vote\": \"Candidate A\"}"}
2026-05-06 18:45:26,179 - INFO - Agent turns: 11
2026-05-06 18:45:33,298 - INFO - Tokens - Input: 1997, Output: 1044, Total: 3041
2026-05-06 18:45:33,299 - INFO - Memory updates: 31
{"id": 47, "ts": 1778085933.299941, "event": "memory_updated", "agent": "agent_2", "round": 4}
2026-05-06 18:45:35,216 - INFO - Tokens - Input: 2010, Output: 1103, Total: 3113
2026-05-06 18:45:35,218 - INFO - Memory updates: 32
{"id": 48, "ts": 1778085935.2182462, "event": "memory_updated", "agent": "agent_3", "round": 4}
2026-05-06 18:45:36,635 - INFO - Tokens - Input: 1874, Output: 1374, Total: 3248
2026-05-06 18:45:36,637 - INFO - Memory updates: 33
{"id": 49, "ts": 1778085936.6374555, "event": "memory_updated", "agent": "agent_1", "round": 4}
2026-05-06 18:45:40,778 - INFO - Tokens - Input: 2557, Output: 181, Total: 2738
{"id": 50, "ts": 1778085940.780005, "event": "public_discussion_message", "round": 4, "agent": "agent_3", "message": "Candidate B \u2013 regarded as pretentious.\nMETADATA_JSON:\n{\"agent\": \"agent_3\", \"vote\": \"Candidate B\"}"}
2026-05-06 18:45:40,780 - INFO - Agent turns: 12
2026-05-06 18:45:48,613 - INFO - Tokens - Input: 1996, Output: 950, Total: 2946
2026-05-06 18:45:48,615 - INFO - Memory updates: 34
{"id": 51, "ts": 1778085948.6152081, "event": "memory_updated", "agent": "agent_2", "round": 4}
2026-05-06 18:45:48,743 - INFO - Tokens - Input: 1843, Output: 841, Total: 2684
2026-05-06 18:45:48,745 - INFO - Memory updates: 35
{"id": 52, "ts": 1778085948.7452989, "event": "memory_updated", "agent": "agent_1", "round": 4}
2026-05-06 18:45:50,191 - INFO - Tokens - Input: 2063, Output: 1155, Total: 3218
2026-05-06 18:45:50,193 - INFO - Memory updates: 36
{"id": 53, "ts": 1778085950.1938512, "event": "memory_updated", "agent": "agent_3", "round": 4}
2026-05-06 18:45:50,203 - INFO - Loop 4 completed
{"id": 54, "ts": 1778085950.209105, "event": "discussion_order", "round": 5, "order": ["agent_1", "agent_3", "agent_2"]}
2026-05-06 18:45:51,339 - INFO - Tokens - Input: 2415, Output: 118, Total: 2533
{"id": 55, "ts": 1778085951.340783, "event": "public_discussion_message", "round": 5, "agent": "agent_1", "message": "Candidate A \u2013 excellent spatial vision.\nMETADATA_JSON:\n{\"agent\": \"agent_1\", \"vote\": \"Candidate A\"}"}
2026-05-06 18:45:51,340 - INFO - Agent turns: 13
2026-05-06 18:45:58,005 - INFO - Tokens - Input: 1901, Output: 835, Total: 2736
2026-05-06 18:45:58,006 - INFO - Memory updates: 37
{"id": 56, "ts": 1778085958.0067487, "event": "memory_updated", "agent": "agent_1", "round": 5}
2026-05-06 18:45:59,212 - INFO - Tokens - Input: 2099, Output: 957, Total: 3056
2026-05-06 18:45:59,214 - INFO - Memory updates: 38
{"id": 57, "ts": 1778085959.2147481, "event": "memory_updated", "agent": "agent_3", "round": 5}
2026-05-06 18:46:00,314 - INFO - Tokens - Input: 2047, Output: 1211, Total: 3258
2026-05-06 18:46:00,316 - INFO - Memory updates: 39
{"id": 58, "ts": 1778085960.3165107, "event": "memory_updated", "agent": "agent_2", "round": 5}
2026-05-06 18:46:02,018 - INFO - Tokens - Input: 2455, Output: 136, Total: 2591
{"id": 59, "ts": 1778085962.0202458, "event": "public_discussion_message", "round": 5, "agent": "agent_3", "message": "Candidate B \u2013 pretentiousness may affect crew dynamics.\nMETADATA_JSON:\n{\"agent\": \"agent_3\", \"vote\": \"Candidate B\"}"}
2026-05-06 18:46:02,020 - INFO - Agent turns: 14
2026-05-06 18:46:07,900 - INFO - Tokens - Input: 1967, Output: 818, Total: 2785
2026-05-06 18:46:07,902 - INFO - Memory updates: 40
{"id": 60, "ts": 1778085967.9029303, "event": "memory_updated", "agent": "agent_3", "round": 5}
2026-05-06 18:46:10,160 - INFO - Tokens - Input: 1974, Output: 1020, Total: 2994
2026-05-06 18:46:10,163 - INFO - Memory updates: 41
{"id": 61, "ts": 1778085970.1638727, "event": "memory_updated", "agent": "agent_1", "round": 5}
2026-05-06 18:46:10,810 - INFO - Tokens - Input: 2089, Output: 1136, Total: 3225
2026-05-06 18:46:10,812 - INFO - Memory updates: 42
{"id": 62, "ts": 1778085970.8125823, "event": "memory_updated", "agent": "agent_2", "round": 5}
2026-05-06 18:46:12,956 - INFO - Tokens - Input: 2606, Output: 187, Total: 2793
{"id": 63, "ts": 1778085972.9577427, "event": "public_discussion_message", "round": 5, "agent": "agent_2", "message": "Candidate A \u2013 anticipates dangerous situations.\nMETADATA_JSON:\n{\"agent\": \"agent_2\", \"vote\": \"Candidate A\"}"}
2026-05-06 18:46:12,957 - INFO - Agent turns: 15
2026-05-06 18:46:18,611 - INFO - Tokens - Input: 2112, Output: 898, Total: 3010
2026-05-06 18:46:18,613 - INFO - Memory updates: 43
{"id": 64, "ts": 1778085978.614076, "event": "memory_updated", "agent": "agent_2", "round": 5}
2026-05-06 18:46:20,458 - INFO - Tokens - Input: 2015, Output: 1227, Total: 3242
2026-05-06 18:46:20,460 - INFO - Memory updates: 44
{"id": 65, "ts": 1778085980.4604747, "event": "memory_updated", "agent": "agent_1", "round": 5}
2026-05-06 18:46:22,465 - INFO - Tokens - Input: 1994, Output: 1229, Total: 3223
2026-05-06 18:46:22,466 - INFO - Memory updates: 45
{"id": 66, "ts": 1778085982.4661448, "event": "memory_updated", "agent": "agent_3", "round": 5}
2026-05-06 18:46:22,473 - INFO - Loop 5 completed
2026-05-06 18:46:22,474 - INFO - Final Chosen Candidate: Candidate A
2026-05-06 18:46:22,474 - INFO - Final Decision Method: max_round_majority_vote
2026-05-06 18:46:22,474 - INFO - Final Vote Count: {'Candidate A': 2, 'Candidate B': 1}
2026-05-06 18:46:22,474 - INFO - Correct Candidate: Candidate C
2026-05-06 18:46:22,474 - INFO - Decision Correct: 0
{"id": 67, "ts": 1778085982.8187306, "event": "context_consistency_calculated", "method": "embedding_cosine", "mean_pairwise_similarity": 0.893904, "pairwise": [{"agent_a": "agent_1", "agent_b": "agent_2", "similarity": 0.922016}, {"agent_a": "agent_1", "agent_b": "agent_3", "similarity": 0.886547}, {"agent_a": "agent_2", "agent_b": "agent_3", "similarity": 0.873149}]}
{"id": 68, "ts": 1778085982.818924, "event": "agent_memories_archived", "directory": "/home/lhegemann/git/bachelor_thesis/01_data/raw/simulations/low/low_20260506_181837_009/shared_mental_models", "round": 5}
{"id": 69, "ts": 1778085982.8190236, "event": "final_decision", "candidate": "Candidate A", "method": "max_round_majority_vote", "vote_count": {"Candidate A": 2, "Candidate B": 1}, "correct_candidate": "Candidate C", "decision_correct": 0, "round": 5}
2026-05-06 18:46:22,829 - INFO - ======================================================================
2026-05-06 18:46:22,829 - INFO - SIMULATION METRICS
2026-05-06 18:46:22,829 - INFO - ======================================================================
2026-05-06 18:46:22,829 - INFO - Total Loops: 5
2026-05-06 18:46:22,829 - INFO - Agent Turns (no vote checker): 15
2026-05-06 18:46:22,829 - INFO - Agent Tool Calls: 0
2026-05-06 18:46:22,829 - INFO - Agent Tool Messages: 0
2026-05-06 18:46:22,829 - INFO - Memory Updates: 45
2026-05-06 18:46:22,829 - INFO - Total Messages (no vote checker): 15
2026-05-06 18:46:22,830 - INFO - Input Tokens: 117001
2026-05-06 18:46:22,830 - INFO - Output Tokens: 51191
2026-05-06 18:46:22,830 - INFO - Total Tokens: 168192
2026-05-06 18:46:22,830 - INFO - Final Chosen Candidate: Candidate A
2026-05-06 18:46:22,830 - INFO - Final Decision Method: max_round_majority_vote
2026-05-06 18:46:22,830 - INFO - Final Vote Count: {'Candidate A': 2, 'Candidate B': 1}
2026-05-06 18:46:22,830 - INFO - Correct Candidate: Candidate C
2026-05-06 18:46:22,830 - INFO - Decision Correct: 0
2026-05-06 18:46:22,830 - INFO - Runtime: 181.35s
2026-05-06 18:46:22,830 - INFO - ======================================================================
