2026-05-10 05:02:35,293 - INFO - Metrics tracker initialized
{"id": 1, "ts": 1778382155.3190172, "event": "memory_reset"}
{"id": 2, "ts": 1778382155.3230116, "event": "discussion_order", "round": 1, "order": ["agent_3", "agent_1", "agent_2"]}
2026-05-10 05:02:44,088 - INFO - Tokens - Input: 1387, Output: 650, Total: 2037
{"id": 3, "ts": 1778382164.089678, "event": "public_discussion_message", "round": 1, "agent": "agent_3", "message": "I prefer Candidate B; handles stress very well.\nMETADATA_JSON:\n{\"agent\": \"agent_3\", \"vote\": \"Candidate B\"}"}
2026-05-10 05:02:44,089 - INFO - Agent turns: 1
2026-05-10 05:02:49,347 - INFO - Tokens - Input: 1449, Output: 614, Total: 2063
{"id": 4, "ts": 1778382169.348525, "event": "public_discussion_message", "round": 1, "agent": "agent_1", "message": "I prefer Candidate A; can be unorganized.\nMETADATA_JSON:\n{\"agent\": \"agent_1\", \"vote\": \"Candidate A\"}"}
2026-05-10 05:02:49,348 - INFO - Agent turns: 2
2026-05-10 05:02:54,653 - INFO - Tokens - Input: 1490, Output: 462, Total: 1952
{"id": 5, "ts": 1778382174.6551268, "event": "public_discussion_message", "round": 1, "agent": "agent_2", "message": "I prefer Candidate A; show\u2011off.\nMETADATA_JSON:\n{\"agent\": \"agent_2\", \"vote\": \"Candidate A\"}"}
2026-05-10 05:02:54,655 - INFO - Agent turns: 3
2026-05-10 05:02:54,664 - INFO - Loop 1 completed
{"id": 6, "ts": 1778382174.670087, "event": "discussion_order", "round": 2, "order": ["agent_3", "agent_2", "agent_1"]}
2026-05-10 05:03:01,236 - INFO - Tokens - Input: 1513, Output: 562, Total: 2075
{"id": 7, "ts": 1778382181.2375383, "event": "public_discussion_message", "round": 2, "agent": "agent_3", "message": "I prefer Candidate B; handles stress very well.\nMETADATA_JSON:\n{\"agent\": \"agent_3\", \"vote\": \"Candidate B\"}"}
2026-05-10 05:03:01,237 - INFO - Agent turns: 4
2026-05-10 05:03:12,091 - INFO - Tokens - Input: 1565, Output: 1005, Total: 2570
{"id": 8, "ts": 1778382192.0926356, "event": "public_discussion_message", "round": 2, "agent": "agent_2", "message": "I prefer Candidate B; very conscientious.\nMETADATA_JSON:\n{\"agent\": \"agent_2\", \"vote\": \"Candidate B\"}"}
2026-05-10 05:03:12,092 - INFO - Agent turns: 5
2026-05-10 05:03:51,589 - INFO - Tokens - Input: 1596, Output: 841, Total: 2437
{"id": 9, "ts": 1778382231.5905435, "event": "public_discussion_message", "round": 2, "agent": "agent_1", "message": "I prefer Candidate A; can be unorganized.\nMETADATA_JSON:\n{\"agent\": \"agent_1\", \"vote\": \"Candidate A\"}"}
2026-05-10 05:03:51,590 - INFO - Agent turns: 6
2026-05-10 05:03:51,599 - INFO - Loop 2 completed
{"id": 10, "ts": 1778382231.605182, "event": "discussion_order", "round": 3, "order": ["agent_2", "agent_1", "agent_3"]}
2026-05-10 05:03:56,529 - INFO - Tokens - Input: 1633, Output: 628, Total: 2261
{"id": 11, "ts": 1778382236.5313294, "event": "public_discussion_message", "round": 3, "agent": "agent_2", "message": "I prefer Candidate D; hot temper.\nMETADATA_JSON:\n{\"agent\": \"agent_2\", \"vote\": \"Candidate D\"}"}
2026-05-10 05:03:56,531 - INFO - Agent turns: 7
2026-05-10 05:04:01,523 - INFO - Tokens - Input: 1670, Output: 594, Total: 2264
{"id": 12, "ts": 1778382241.5250635, "event": "public_discussion_message", "round": 3, "agent": "agent_1", "message": "I prefer Candidate A; can be unorganized.\nMETADATA_JSON:\n{\"agent\": \"agent_1\", \"vote\": \"Candidate A\"}"}
2026-05-10 05:04:01,525 - INFO - Agent turns: 8
2026-05-10 05:04:42,390 - INFO - Tokens - Input: 1705, Output: 646, Total: 2351
{"id": 13, "ts": 1778382282.3915682, "event": "public_discussion_message", "round": 3, "agent": "agent_3", "message": "I prefer Candidate B; handles stress very well.\nMETADATA_JSON:\n{\"agent\": \"agent_3\", \"vote\": \"Candidate B\"}"}
2026-05-10 05:04:42,391 - INFO - Agent turns: 9
2026-05-10 05:04:42,400 - INFO - Loop 3 completed
{"id": 14, "ts": 1778382282.4063475, "event": "discussion_order", "round": 4, "order": ["agent_2", "agent_1", "agent_3"]}
2026-05-10 05:04:51,149 - INFO - Tokens - Input: 1752, Output: 956, Total: 2708
{"id": 15, "ts": 1778382291.150598, "event": "public_discussion_message", "round": 4, "agent": "agent_2", "message": "I prefer Candidate D; hot temper.\nMETADATA_JSON:\n{\"agent\": \"agent_2\", \"vote\": \"Candidate D\"}"}
2026-05-10 05:04:51,150 - INFO - Agent turns: 10
2026-05-10 05:04:55,724 - INFO - Tokens - Input: 1782, Output: 560, Total: 2342
{"id": 16, "ts": 1778382295.7260907, "event": "public_discussion_message", "round": 4, "agent": "agent_1", "message": "I prefer Candidate A; can be unorganized.\nMETADATA_JSON:\n{\"agent\": \"agent_1\", \"vote\": \"Candidate A\"}"}
2026-05-10 05:04:55,726 - INFO - Agent turns: 11
2026-05-10 05:05:04,490 - INFO - Tokens - Input: 1817, Output: 1008, Total: 2825
{"id": 17, "ts": 1778382304.491747, "event": "public_discussion_message", "round": 4, "agent": "agent_3", "message": "I prefer Candidate B; very conscientious.\nMETADATA_JSON:\n{\"agent\": \"agent_3\", \"vote\": \"Candidate B\"}"}
2026-05-10 05:05:04,491 - INFO - Agent turns: 12
2026-05-10 05:05:04,500 - INFO - Loop 4 completed
{"id": 18, "ts": 1778382304.5071273, "event": "discussion_order", "round": 5, "order": ["agent_3", "agent_1", "agent_2"]}
2026-05-10 05:05:11,803 - INFO - Tokens - Input: 1854, Output: 676, Total: 2530
{"id": 19, "ts": 1778382311.804516, "event": "public_discussion_message", "round": 5, "agent": "agent_3", "message": "I prefer Candidate B; handles stress very well.\nMETADATA_JSON:\n{\"agent\": \"agent_3\", \"vote\": \"Candidate B\"}"}
2026-05-10 05:05:11,804 - INFO - Agent turns: 13
2026-05-10 05:05:22,669 - INFO - Tokens - Input: 1896, Output: 1182, Total: 3078
{"id": 20, "ts": 1778382322.6707604, "event": "public_discussion_message", "round": 5, "agent": "agent_1", "message": "I prefer Candidate A; excellent spatial vision.\nMETADATA_JSON:\n{\"agent\": \"agent_1\", \"vote\": \"Candidate A\"}"}
2026-05-10 05:05:22,670 - INFO - Agent turns: 14
2026-05-10 05:05:30,023 - INFO - Tokens - Input: 1935, Output: 959, Total: 2894
{"id": 21, "ts": 1778382330.0250502, "event": "public_discussion_message", "round": 5, "agent": "agent_2", "message": "I prefer Candidate B; very conscientious.\nMETADATA_JSON:\n{\"agent\": \"agent_2\", \"vote\": \"Candidate B\"}"}
2026-05-10 05:05:30,025 - INFO - Agent turns: 15
2026-05-10 05:05:30,034 - INFO - Loop 5 completed
2026-05-10 05:05:30,034 - INFO - Final Chosen Candidate: Candidate B
2026-05-10 05:05:30,034 - INFO - Final Decision Method: max_round_majority_vote
2026-05-10 05:05:30,034 - INFO - Final Vote Count: {'Candidate A': 1, 'Candidate B': 2}
2026-05-10 05:05:30,034 - INFO - Correct Candidate: Candidate C
2026-05-10 05:05:30,034 - INFO - Decision Correct: 0
{"id": 22, "ts": 1778382330.0358021, "event": "context_consistency_not_applicable", "reason": "explicit_smm_memory_disabled"}
{"id": 23, "ts": 1778382330.0359614, "event": "final_decision", "candidate": "Candidate B", "method": "max_round_majority_vote", "vote_count": {"Candidate A": 1, "Candidate B": 2}, "correct_candidate": "Candidate C", "decision_correct": 0, "round": 5}
2026-05-10 05:05:30,043 - INFO - ======================================================================
2026-05-10 05:05:30,044 - INFO - SIMULATION METRICS
2026-05-10 05:05:30,044 - INFO - ======================================================================
2026-05-10 05:05:30,044 - INFO - Total Loops: 5
2026-05-10 05:05:30,044 - INFO - Agent Turns (no vote checker): 15
2026-05-10 05:05:30,044 - INFO - Agent Tool Calls: 0
2026-05-10 05:05:30,044 - INFO - Agent Tool Messages: 0
2026-05-10 05:05:30,044 - INFO - Memory Updates: 0
2026-05-10 05:05:30,044 - INFO - Total Messages (no vote checker): 15
2026-05-10 05:05:30,044 - INFO - Input Tokens: 25044
2026-05-10 05:05:30,044 - INFO - Output Tokens: 11343
2026-05-10 05:05:30,044 - INFO - Total Tokens: 36387
2026-05-10 05:05:30,044 - INFO - Final Chosen Candidate: Candidate B
2026-05-10 05:05:30,045 - INFO - Final Decision Method: max_round_majority_vote
2026-05-10 05:05:30,045 - INFO - Final Vote Count: {'Candidate A': 1, 'Candidate B': 2}
2026-05-10 05:05:30,045 - INFO - Correct Candidate: Candidate C
2026-05-10 05:05:30,045 - INFO - Decision Correct: 0
2026-05-10 05:05:30,045 - INFO - Runtime: 174.75s
2026-05-10 05:05:30,045 - INFO - ======================================================================
