2026-05-09 23:00:41,884 - INFO - Metrics tracker initialized
{"id": 1, "ts": 1778360441.9079769, "event": "memory_reset"}
{"id": 2, "ts": 1778360441.9130228, "event": "discussion_order", "round": 1, "order": ["agent_1", "agent_2", "agent_3"]}
2026-05-09 23:00:48,647 - INFO - Tokens - Input: 1686, Output: 555, Total: 2241
{"id": 3, "ts": 1778360448.6489415, "event": "public_discussion_message", "round": 1, "agent": "agent_1", "message": "Candidate C \u2013 known to be 100% reliable.\nMETADATA_JSON:\n{\"agent\": \"agent_1\", \"vote\": \"Candidate C\"}"}
2026-05-09 23:00:48,649 - INFO - Agent turns: 1
2026-05-09 23:00:57,066 - INFO - Tokens - Input: 1196, Output: 1063, Total: 2259
2026-05-09 23:00:57,068 - INFO - Memory updates: 1
{"id": 4, "ts": 1778360457.068882, "event": "memory_updated", "agent": "agent_2", "round": 1}
2026-05-09 23:00:58,293 - INFO - Tokens - Input: 1188, Output: 1280, Total: 2468
2026-05-09 23:00:58,295 - INFO - Memory updates: 2
{"id": 5, "ts": 1778360458.2955523, "event": "memory_updated", "agent": "agent_3", "round": 1}
2026-05-09 23:00:59,158 - INFO - Tokens - Input: 1193, Output: 1215, Total: 2408
2026-05-09 23:00:59,159 - INFO - Memory updates: 3
{"id": 6, "ts": 1778360459.1597455, "event": "memory_updated", "agent": "agent_1", "round": 1}
2026-05-09 23:01:09,738 - INFO - Tokens - Input: 2070, Output: 539, Total: 2609
{"id": 7, "ts": 1778360469.7405684, "event": "public_discussion_message", "round": 1, "agent": "agent_2", "message": "I prefer Candidate D \u2013 solves problems extremely well.\nMETADATA_JSON:\n{\"agent\": \"agent_2\", \"vote\": \"Candidate D\"}"}
2026-05-09 23:01:09,740 - INFO - Agent turns: 2
2026-05-09 23:01:18,633 - INFO - Tokens - Input: 1594, Output: 1091, Total: 2685
2026-05-09 23:01:18,635 - INFO - Memory updates: 4
{"id": 8, "ts": 1778360478.635198, "event": "memory_updated", "agent": "agent_1", "round": 1}
2026-05-09 23:01:19,291 - INFO - Tokens - Input: 1750, Output: 1061, Total: 2811
2026-05-09 23:01:19,293 - INFO - Memory updates: 5
{"id": 9, "ts": 1778360479.2932305, "event": "memory_updated", "agent": "agent_3", "round": 1}
2026-05-09 23:01:20,936 - INFO - Tokens - Input: 1580, Output: 870, Total: 2450
2026-05-09 23:01:20,937 - INFO - Memory updates: 6
{"id": 10, "ts": 1778360480.9377768, "event": "memory_updated", "agent": "agent_2", "round": 1}
2026-05-09 23:01:25,045 - INFO - Tokens - Input: 2309, Output: 509, Total: 2818
{"id": 11, "ts": 1778360485.046543, "event": "public_discussion_message", "round": 1, "agent": "agent_3", "message": "I prefer Candidate B \u2013 handles stress well.\nMETADATA_JSON:\n{\"agent\": \"agent_3\", \"vote\": \"Candidate B\"}"}
2026-05-09 23:01:25,046 - INFO - Agent turns: 3
2026-05-09 23:01:32,751 - INFO - Tokens - Input: 1611, Output: 1053, Total: 2664
2026-05-09 23:01:32,753 - INFO - Memory updates: 7
{"id": 12, "ts": 1778360492.753469, "event": "memory_updated", "agent": "agent_1", "round": 1}
2026-05-09 23:01:34,461 - INFO - Tokens - Input: 1817, Output: 1182, Total: 2999
2026-05-09 23:01:34,463 - INFO - Memory updates: 8
{"id": 13, "ts": 1778360494.463159, "event": "memory_updated", "agent": "agent_3", "round": 1}
2026-05-09 23:01:34,810 - INFO - Tokens - Input: 1671, Output: 900, Total: 2571
2026-05-09 23:01:34,812 - INFO - Memory updates: 9
{"id": 14, "ts": 1778360494.812549, "event": "memory_updated", "agent": "agent_2", "round": 1}
2026-05-09 23:01:34,820 - INFO - Loop 1 completed
{"id": 15, "ts": 1778360494.826273, "event": "discussion_order", "round": 2, "order": ["agent_2", "agent_3", "agent_1"]}
2026-05-09 23:01:40,336 - INFO - Tokens - Input: 2204, Output: 157, Total: 2361
{"id": 16, "ts": 1778360500.337345, "event": "public_discussion_message", "round": 2, "agent": "agent_2", "message": "I prefer Candidate D \u2013 solves problems extremely well.\nMETADATA_JSON:\n{\"agent\": \"agent_2\", \"vote\": \"Candidate D\"}"}
2026-05-09 23:01:40,337 - INFO - Agent turns: 4
2026-05-09 23:01:47,355 - INFO - Tokens - Input: 1689, Output: 837, Total: 2526
2026-05-09 23:01:47,357 - INFO - Memory updates: 10
{"id": 17, "ts": 1778360507.3576844, "event": "memory_updated", "agent": "agent_2", "round": 2}
2026-05-09 23:01:48,100 - INFO - Tokens - Input: 1698, Output: 879, Total: 2577
2026-05-09 23:01:48,102 - INFO - Memory updates: 11
{"id": 18, "ts": 1778360508.1026938, "event": "memory_updated", "agent": "agent_1", "round": 2}
2026-05-09 23:01:49,537 - INFO - Tokens - Input: 1884, Output: 1078, Total: 2962
2026-05-09 23:01:49,539 - INFO - Memory updates: 12
{"id": 19, "ts": 1778360509.5392103, "event": "memory_updated", "agent": "agent_3", "round": 2}
2026-05-09 23:01:51,153 - INFO - Tokens - Input: 2237, Output: 157, Total: 2394
{"id": 20, "ts": 1778360511.1548452, "event": "public_discussion_message", "round": 2, "agent": "agent_3", "message": "I prefer Candidate\u202fB \u2013 handles stress well.\nMETADATA_JSON:\n{\"agent\": \"agent_3\", \"vote\": \"Candidate B\"}"}
2026-05-09 23:01:51,155 - INFO - Agent turns: 5
2026-05-09 23:01:58,290 - INFO - Tokens - Input: 1747, Output: 899, Total: 2646
2026-05-09 23:01:58,292 - INFO - Memory updates: 13
{"id": 21, "ts": 1778360518.2924092, "event": "memory_updated", "agent": "agent_3", "round": 2}
2026-05-09 23:01:58,386 - INFO - Tokens - Input: 1710, Output: 984, Total: 2694
2026-05-09 23:01:58,388 - INFO - Memory updates: 14
{"id": 22, "ts": 1778360518.388572, "event": "memory_updated", "agent": "agent_1", "round": 2}
2026-05-09 23:02:05,889 - INFO - Tokens - Input: 1728, Output: 1588, Total: 3316
2026-05-09 23:02:05,891 - INFO - Memory updates: 15
{"id": 23, "ts": 1778360525.8913214, "event": "memory_updated", "agent": "agent_2", "round": 2}
2026-05-09 23:02:07,665 - INFO - Tokens - Input: 2245, Output: 136, Total: 2381
{"id": 24, "ts": 1778360527.6673074, "event": "public_discussion_message", "round": 2, "agent": "agent_1", "message": "Candidate C \u2013 known to be 100% reliable.\nMETADATA_JSON:\n{\"agent\": \"agent_1\", \"vote\": \"Candidate C\"}"}
2026-05-09 23:02:07,667 - INFO - Agent turns: 6
2026-05-09 23:02:14,185 - INFO - Tokens - Input: 1757, Output: 880, Total: 2637
2026-05-09 23:02:14,187 - INFO - Memory updates: 16
{"id": 25, "ts": 1778360534.1871622, "event": "memory_updated", "agent": "agent_1", "round": 2}
2026-05-09 23:02:16,224 - INFO - Tokens - Input: 1773, Output: 999, Total: 2772
2026-05-09 23:02:16,226 - INFO - Memory updates: 17
{"id": 26, "ts": 1778360536.2268505, "event": "memory_updated", "agent": "agent_2", "round": 2}
2026-05-09 23:02:16,899 - INFO - Tokens - Input: 1796, Output: 1190, Total: 2986
2026-05-09 23:02:16,900 - INFO - Memory updates: 18
{"id": 27, "ts": 1778360536.9011254, "event": "memory_updated", "agent": "agent_3", "round": 2}
2026-05-09 23:02:16,909 - INFO - Loop 2 completed
{"id": 28, "ts": 1778360536.916336, "event": "discussion_order", "round": 3, "order": ["agent_1", "agent_3", "agent_2"]}
2026-05-09 23:02:21,374 - INFO - Tokens - Input: 2309, Output: 121, Total: 2430
{"id": 29, "ts": 1778360541.376318, "event": "public_discussion_message", "round": 3, "agent": "agent_1", "message": "Candidate C \u2013 known to be 100% reliable.\nMETADATA_JSON:\n{\"agent\": \"agent_1\", \"vote\": \"Candidate C\"}"}
2026-05-09 23:02:21,376 - INFO - Agent turns: 7
2026-05-09 23:02:27,335 - INFO - Tokens - Input: 1703, Output: 806, Total: 2509
2026-05-09 23:02:27,337 - INFO - Memory updates: 19
{"id": 30, "ts": 1778360547.3371484, "event": "memory_updated", "agent": "agent_3", "round": 3}
2026-05-09 23:02:28,332 - INFO - Tokens - Input: 1796, Output: 848, Total: 2644
2026-05-09 23:02:28,333 - INFO - Memory updates: 20
{"id": 31, "ts": 1778360548.3338692, "event": "memory_updated", "agent": "agent_1", "round": 3}
2026-05-09 23:02:29,041 - INFO - Tokens - Input: 1815, Output: 983, Total: 2798
2026-05-09 23:02:29,042 - INFO - Memory updates: 21
{"id": 32, "ts": 1778360549.0429578, "event": "memory_updated", "agent": "agent_2", "round": 3}
2026-05-09 23:02:32,823 - INFO - Tokens - Input: 2226, Output: 173, Total: 2399
{"id": 33, "ts": 1778360552.8252177, "event": "public_discussion_message", "round": 3, "agent": "agent_3", "message": "I prefer Candidate\u202fB \u2013 handles stress well.\nMETADATA_JSON:\n{\"agent\": \"agent_3\", \"vote\": \"Candidate B\"}"}
2026-05-09 23:02:32,825 - INFO - Agent turns: 8
2026-05-09 23:02:39,846 - INFO - Tokens - Input: 1778, Output: 894, Total: 2672
2026-05-09 23:02:39,848 - INFO - Memory updates: 22
{"id": 34, "ts": 1778360559.8486772, "event": "memory_updated", "agent": "agent_2", "round": 3}
2026-05-09 23:02:40,658 - INFO - Tokens - Input: 1736, Output: 702, Total: 2438
2026-05-09 23:02:40,660 - INFO - Memory updates: 23
{"id": 35, "ts": 1778360560.6607242, "event": "memory_updated", "agent": "agent_3", "round": 3}
2026-05-09 23:02:42,079 - INFO - Tokens - Input: 1833, Output: 1072, Total: 2905
2026-05-09 23:02:42,081 - INFO - Memory updates: 24
{"id": 36, "ts": 1778360562.0813904, "event": "memory_updated", "agent": "agent_1", "round": 3}
2026-05-09 23:02:43,509 - INFO - Tokens - Input: 2297, Output: 163, Total: 2460
{"id": 37, "ts": 1778360563.511283, "event": "public_discussion_message", "round": 3, "agent": "agent_2", "message": "I prefer Candidate D \u2013 solves problems extremely well.\nMETADATA_JSON:\n{\"agent\": \"agent_2\", \"vote\": \"Candidate D\"}"}
2026-05-09 23:02:43,511 - INFO - Agent turns: 9
2026-05-09 23:02:50,693 - INFO - Tokens - Input: 1807, Output: 812, Total: 2619
2026-05-09 23:02:50,695 - INFO - Memory updates: 25
{"id": 38, "ts": 1778360570.69521, "event": "memory_updated", "agent": "agent_2", "round": 3}
2026-05-09 23:02:52,335 - INFO - Tokens - Input: 1723, Output: 1098, Total: 2821
2026-05-09 23:02:52,337 - INFO - Memory updates: 26
{"id": 39, "ts": 1778360572.3376875, "event": "memory_updated", "agent": "agent_3", "round": 3}
2026-05-09 23:02:58,834 - INFO - Tokens - Input: 1885, Output: 1146, Total: 3031
2026-05-09 23:02:58,836 - INFO - Memory updates: 27
{"id": 40, "ts": 1778360578.8361764, "event": "memory_updated", "agent": "agent_1", "round": 3}
2026-05-09 23:02:58,844 - INFO - Loop 3 completed
{"id": 41, "ts": 1778360578.851068, "event": "discussion_order", "round": 4, "order": ["agent_1", "agent_3", "agent_2"]}
2026-05-09 23:03:01,572 - INFO - Tokens - Input: 2403, Output: 287, Total: 2690
{"id": 42, "ts": 1778360581.5732975, "event": "public_discussion_message", "round": 4, "agent": "agent_1", "message": "Candidate C \u2013 creates a positive atmosphere with his crew.\nMETADATA_JSON:\n{\"agent\": \"agent_1\", \"vote\": \"Candidate C\"}"}
2026-05-09 23:03:01,573 - INFO - Agent turns: 10
2026-05-09 23:03:08,473 - INFO - Tokens - Input: 1742, Output: 860, Total: 2602
2026-05-09 23:03:08,474 - INFO - Memory updates: 28
{"id": 43, "ts": 1778360588.4750822, "event": "memory_updated", "agent": "agent_3", "round": 4}
2026-05-09 23:03:09,917 - INFO - Tokens - Input: 1890, Output: 1031, Total: 2921
2026-05-09 23:03:09,919 - INFO - Memory updates: 29
{"id": 44, "ts": 1778360589.9195564, "event": "memory_updated", "agent": "agent_1", "round": 4}
2026-05-09 23:03:10,120 - INFO - Tokens - Input: 1847, Output: 1060, Total: 2907
2026-05-09 23:03:10,122 - INFO - Memory updates: 30
{"id": 45, "ts": 1778360590.1224825, "event": "memory_updated", "agent": "agent_2", "round": 4}
2026-05-09 23:03:12,317 - INFO - Tokens - Input: 2280, Output: 156, Total: 2436
{"id": 46, "ts": 1778360592.3191156, "event": "public_discussion_message", "round": 4, "agent": "agent_3", "message": "I prefer Candidate B \u2013 good at assessing weather conditions.\nMETADATA_JSON:\n{\"agent\": \"agent_3\", \"vote\": \"Candidate B\"}"}
2026-05-09 23:03:12,319 - INFO - Agent turns: 11
2026-05-09 23:03:23,715 - INFO - Tokens - Input: 1792, Output: 818, Total: 2610
2026-05-09 23:03:23,717 - INFO - Memory updates: 31
{"id": 47, "ts": 1778360603.7175274, "event": "memory_updated", "agent": "agent_3", "round": 4}
2026-05-09 23:03:23,964 - INFO - Tokens - Input: 1934, Output: 1151, Total: 3085
2026-05-09 23:03:23,965 - INFO - Memory updates: 32
{"id": 48, "ts": 1778360603.966126, "event": "memory_updated", "agent": "agent_1", "round": 4}
2026-05-09 23:03:25,107 - INFO - Tokens - Input: 1921, Output: 1150, Total: 3071
2026-05-09 23:03:25,108 - INFO - Memory updates: 33
{"id": 49, "ts": 1778360605.108836, "event": "memory_updated", "agent": "agent_2", "round": 4}
2026-05-09 23:03:29,779 - INFO - Tokens - Input: 2552, Output: 138, Total: 2690
{"id": 50, "ts": 1778360609.780823, "event": "public_discussion_message", "round": 4, "agent": "agent_2", "message": "I prefer Candidate D \u2013 hot temper.\nMETADATA_JSON:\n{\"agent\": \"agent_2\", \"vote\": \"Candidate D\"}"}
2026-05-09 23:03:29,780 - INFO - Agent turns: 12
2026-05-09 23:03:36,483 - INFO - Tokens - Input: 1793, Output: 853, Total: 2646
2026-05-09 23:03:36,485 - INFO - Memory updates: 34
{"id": 51, "ts": 1778360616.4853086, "event": "memory_updated", "agent": "agent_3", "round": 4}
2026-05-09 23:03:38,635 - INFO - Tokens - Input: 2058, Output: 1017, Total: 3075
2026-05-09 23:03:38,637 - INFO - Memory updates: 35
{"id": 52, "ts": 1778360618.6371465, "event": "memory_updated", "agent": "agent_2", "round": 4}
2026-05-09 23:03:39,365 - INFO - Tokens - Input: 1999, Output: 1031, Total: 3030
2026-05-09 23:03:39,366 - INFO - Memory updates: 36
{"id": 53, "ts": 1778360619.366967, "event": "memory_updated", "agent": "agent_1", "round": 4}
2026-05-09 23:03:39,376 - INFO - Loop 4 completed
{"id": 54, "ts": 1778360619.3829336, "event": "discussion_order", "round": 5, "order": ["agent_1", "agent_2", "agent_3"]}
2026-05-09 23:03:40,919 - INFO - Tokens - Input: 2589, Output: 154, Total: 2743
{"id": 55, "ts": 1778360620.921341, "event": "public_discussion_message", "round": 5, "agent": "agent_1", "message": "Candidate C \u2013 known to be 100% reliable.\nMETADATA_JSON:\n{\"agent\": \"agent_1\", \"vote\": \"Candidate C\"}"}
2026-05-09 23:03:40,921 - INFO - Agent turns: 13
2026-05-09 23:03:48,623 - INFO - Tokens - Input: 1842, Output: 827, Total: 2669
2026-05-09 23:03:48,624 - INFO - Memory updates: 37
{"id": 56, "ts": 1778360628.6248431, "event": "memory_updated", "agent": "agent_3", "round": 5}
2026-05-09 23:03:49,829 - INFO - Tokens - Input: 2076, Output: 939, Total: 3015
2026-05-09 23:03:49,830 - INFO - Memory updates: 38
{"id": 57, "ts": 1778360629.8308663, "event": "memory_updated", "agent": "agent_1", "round": 5}
2026-05-09 23:03:49,947 - INFO - Tokens - Input: 2049, Output: 1098, Total: 3147
2026-05-09 23:03:49,949 - INFO - Memory updates: 39
{"id": 58, "ts": 1778360629.9491577, "event": "memory_updated", "agent": "agent_2", "round": 5}
2026-05-09 23:03:51,300 - INFO - Tokens - Input: 2585, Output: 126, Total: 2711
{"id": 59, "ts": 1778360631.3015819, "event": "public_discussion_message", "round": 5, "agent": "agent_2", "message": "Candidate D \u2013 hot temper.\nMETADATA_JSON:\n{\"agent\": \"agent_2\", \"vote\": \"Candidate D\"}"}
2026-05-09 23:03:51,301 - INFO - Agent turns: 14
2026-05-09 23:03:58,572 - INFO - Tokens - Input: 1905, Output: 889, Total: 2794
2026-05-09 23:03:58,574 - INFO - Memory updates: 40
{"id": 60, "ts": 1778360638.5745451, "event": "memory_updated", "agent": "agent_3", "round": 5}
2026-05-09 23:03:58,738 - INFO - Tokens - Input: 2087, Output: 779, Total: 2866
2026-05-09 23:03:58,740 - INFO - Memory updates: 41
{"id": 61, "ts": 1778360638.7403345, "event": "memory_updated", "agent": "agent_2", "round": 5}
2026-05-09 23:03:59,640 - INFO - Tokens - Input: 2103, Output: 974, Total: 3077
2026-05-09 23:03:59,641 - INFO - Memory updates: 42
{"id": 62, "ts": 1778360639.6420069, "event": "memory_updated", "agent": "agent_1", "round": 5}
2026-05-09 23:04:01,167 - INFO - Tokens - Input: 2420, Output: 158, Total: 2578
{"id": 63, "ts": 1778360641.169402, "event": "public_discussion_message", "round": 5, "agent": "agent_3", "message": "I prefer Candidate\u202fB \u2013 handles stress well.\nMETADATA_JSON:\n{\"agent\": \"agent_3\", \"vote\": \"Candidate B\"}"}
2026-05-09 23:04:01,169 - INFO - Agent turns: 15
2026-05-09 23:04:07,354 - INFO - Tokens - Input: 1930, Output: 736, Total: 2666
2026-05-09 23:04:07,355 - INFO - Memory updates: 43
{"id": 64, "ts": 1778360647.3560908, "event": "memory_updated", "agent": "agent_3", "round": 5}
2026-05-09 23:04:08,967 - INFO - Tokens - Input: 2108, Output: 927, Total: 3035
2026-05-09 23:04:08,969 - INFO - Memory updates: 44
{"id": 65, "ts": 1778360648.9696825, "event": "memory_updated", "agent": "agent_1", "round": 5}
2026-05-09 23:04:10,262 - INFO - Tokens - Input: 1983, Output: 986, Total: 2969
2026-05-09 23:04:10,264 - INFO - Memory updates: 45
{"id": 66, "ts": 1778360650.264165, "event": "memory_updated", "agent": "agent_2", "round": 5}
2026-05-09 23:04:10,273 - INFO - Loop 5 completed
2026-05-09 23:04:10,274 - INFO - Final Chosen Candidate: None
2026-05-09 23:04:10,274 - INFO - Final Decision Method: max_round_no_majority
2026-05-09 23:04:10,274 - INFO - Final Vote Count: {'Candidate C': 1, 'Candidate D': 1, 'Candidate B': 1}
2026-05-09 23:04:10,274 - INFO - Correct Candidate: Candidate C
2026-05-09 23:04:10,274 - INFO - Decision Correct: 0
{"id": 67, "ts": 1778360650.6404188, "event": "context_consistency_calculated", "method": "embedding_cosine", "mean_pairwise_similarity": 0.893317, "pairwise": [{"agent_a": "agent_1", "agent_b": "agent_2", "similarity": 0.903049}, {"agent_a": "agent_1", "agent_b": "agent_3", "similarity": 0.908407}, {"agent_a": "agent_2", "agent_b": "agent_3", "similarity": 0.868494}]}
{"id": 68, "ts": 1778360650.6405902, "event": "gold_standard_alignment_calculated", "method": "rule_based_binary_checks", "mean_alignment": 0.666667, "by_agent": [{"agent": "agent_1", "score": 0.625, "checks": {"favorite_is_c": 1, "c_reliability": 1, "c_calmness": 0, "c_attention": 1, "c_crew_fit": 1, "a_risks": 0, "b_risks": 0, "d_risks": 1}}, {"agent": "agent_2", "score": 0.5, "checks": {"favorite_is_c": 0, "c_reliability": 1, "c_calmness": 1, "c_attention": 0, "c_crew_fit": 1, "a_risks": 0, "b_risks": 0, "d_risks": 1}}, {"agent": "agent_3", "score": 0.875, "checks": {"favorite_is_c": 0, "c_reliability": 1, "c_calmness": 1, "c_attention": 1, "c_crew_fit": 1, "a_risks": 1, "b_risks": 1, "d_risks": 1}}]}
{"id": 69, "ts": 1778360650.640714, "event": "agent_memories_archived", "directory": "/home/lhegemann/git/bachelor_thesis/01_data/raw/simulations/low/low_treatment_20260509_224515_005/shared_mental_models", "round": 5}
{"id": 70, "ts": 1778360650.640795, "event": "final_decision", "candidate": null, "method": "max_round_no_majority", "vote_count": {"Candidate C": 1, "Candidate D": 1, "Candidate B": 1}, "correct_candidate": "Candidate C", "decision_correct": 0, "round": 5}
2026-05-09 23:04:10,650 - INFO - ======================================================================
2026-05-09 23:04:10,650 - INFO - SIMULATION METRICS
2026-05-09 23:04:10,651 - INFO - ======================================================================
2026-05-09 23:04:10,651 - INFO - Total Loops: 5
2026-05-09 23:04:10,651 - INFO - Agent Turns (no vote checker): 15
2026-05-09 23:04:10,651 - INFO - Agent Tool Calls: 0
2026-05-09 23:04:10,651 - INFO - Agent Tool Messages: 0
2026-05-09 23:04:10,651 - INFO - Memory Updates: 45
2026-05-09 23:04:10,651 - INFO - Total Messages (no vote checker): 15
2026-05-09 23:04:10,651 - INFO - Input Tokens: 114929
2026-05-09 23:04:10,651 - INFO - Output Tokens: 48065
2026-05-09 23:04:10,651 - INFO - Total Tokens: 162994
2026-05-09 23:04:10,651 - INFO - Final Chosen Candidate: None
2026-05-09 23:04:10,651 - INFO - Final Decision Method: max_round_no_majority
2026-05-09 23:04:10,651 - INFO - Final Vote Count: {'Candidate C': 1, 'Candidate D': 1, 'Candidate B': 1}
2026-05-09 23:04:10,651 - INFO - Correct Candidate: Candidate C
2026-05-09 23:04:10,652 - INFO - Decision Correct: 0
2026-05-09 23:04:10,652 - INFO - Runtime: 208.77s
2026-05-09 23:04:10,652 - INFO - ======================================================================
