2026-05-08 23:27:02,235 - INFO - Metrics tracker initialized
{"id": 1, "ts": 1778275622.2641842, "event": "memory_reset"}
{"id": 2, "ts": 1778275622.2676408, "event": "discussion_order", "round": 1, "order": ["agent_2", "agent_1", "agent_3"]}
2026-05-08 23:27:09,441 - INFO - Tokens - Input: 1716, Output: 714, Total: 2430
{"id": 3, "ts": 1778275629.4430165, "event": "public_discussion_message", "round": 1, "agent": "agent_2", "message": "I\u2019m leaning toward Candidate\u202fA. Their ability to anticipate dangerous situations and excellent spatial vision are crucial for long\u2011distance navigation, and their strong leadership qualities support crew coordination. The main uncertainty is their reputation as a show\u2011off and being perceived as not open to new ideas, which could strain crew dynamics.\nMETADATA_JSON:\n{\"agent\": \"agent_2\", \"vote\": \"Candidate A\"}"}
2026-05-08 23:27:09,443 - INFO - Agent turns: 1
2026-05-08 23:27:18,249 - INFO - Tokens - Input: 1298, Output: 1180, Total: 2478
2026-05-08 23:27:18,251 - INFO - Memory updates: 1
{"id": 4, "ts": 1778275638.2513022, "event": "memory_updated", "agent": "agent_2", "round": 1}
2026-05-08 23:27:21,853 - INFO - Tokens - Input: 1295, Output: 1603, Total: 2898
2026-05-08 23:27:21,855 - INFO - Memory updates: 2
{"id": 5, "ts": 1778275641.8558266, "event": "memory_updated", "agent": "agent_1", "round": 1}
2026-05-08 23:27:29,000 - INFO - Tokens - Input: 1290, Output: 1402, Total: 2692
2026-05-08 23:27:29,002 - INFO - Memory updates: 3
{"id": 6, "ts": 1778275649.0024467, "event": "memory_updated", "agent": "agent_3", "round": 1}
2026-05-08 23:27:33,874 - INFO - Tokens - Input: 2467, Output: 671, Total: 3138
{"id": 7, "ts": 1778275653.876139, "event": "public_discussion_message", "round": 1, "agent": "agent_1", "message": "I\u2019m leaning toward **Candidate C**. They are noted as 100\u202f% reliable and create a positive atmosphere with the crew, both of which are vital for the safety and morale of long\u2011distance flights. Their ability to make correct decisions quickly also supports handling the complex, time\u2011critical situations that arise on such routes.\nThe main uncertainty is their difficulty communicating ideas and being regarded as egocentric, which could hinder crew coordination and acceptance of input during extended missions.\nMETADATA_JSON:\n{\"agent\": \"agent_1\", \"vote\": \"Candidate C\"}"}
2026-05-08 23:27:33,876 - INFO - Agent turns: 2
2026-05-08 23:27:42,084 - INFO - Tokens - Input: 1929, Output: 1158, Total: 3087
2026-05-08 23:27:42,085 - INFO - Memory updates: 4
{"id": 8, "ts": 1778275662.0859375, "event": "memory_updated", "agent": "agent_3", "round": 1}
2026-05-08 23:27:44,725 - INFO - Tokens - Input: 2056, Output: 1382, Total: 3438
2026-05-08 23:27:44,727 - INFO - Memory updates: 5
{"id": 9, "ts": 1778275664.7278442, "event": "memory_updated", "agent": "agent_2", "round": 1}
2026-05-08 23:27:44,731 - INFO - Tokens - Input: 2121, Output: 1417, Total: 3538
2026-05-08 23:27:44,732 - INFO - Memory updates: 6
{"id": 10, "ts": 1778275664.7328076, "event": "memory_updated", "agent": "agent_1", "round": 1}
2026-05-08 23:27:54,886 - INFO - Tokens - Input: 2531, Output: 634, Total: 3165
{"id": 11, "ts": 1778275674.8877487, "event": "public_discussion_message", "round": 1, "agent": "agent_3", "message": "I\u2019m leaning toward **Candidate\u202fC**. Their 100\u202f% reliability and ability to create a positive crew atmosphere are critical for the long\u2011haul environment, where sustained teamwork and morale directly impact safety. Additionally, they make correct decisions quickly and have excellent attention skills, supporting the rapid, accurate judgments needed on long\u2011distance flights.\nThe main trade\u2011off is their difficulty communicating ideas and being regarded as egocentric, which could hinder effective crew coordination despite their concern for others.\nMETADATA_JSON:\n{\"agent\": \"agent_3\", \"vote\": \"Candidate C\"}"}
2026-05-08 23:27:54,887 - INFO - Agent turns: 3
2026-05-08 23:28:09,259 - INFO - Tokens - Input: 2256, Output: 1260, Total: 3516
2026-05-08 23:28:09,261 - INFO - Memory updates: 7
{"id": 12, "ts": 1778275689.261583, "event": "memory_updated", "agent": "agent_2", "round": 1}
2026-05-08 23:28:09,739 - INFO - Tokens - Input: 2352, Output: 1493, Total: 3845
2026-05-08 23:28:09,741 - INFO - Memory updates: 8
{"id": 13, "ts": 1778275689.7413368, "event": "memory_updated", "agent": "agent_1", "round": 1}
2026-05-08 23:28:22,259 - INFO - Tokens - Input: 2191, Output: 1620, Total: 3811
2026-05-08 23:28:22,261 - INFO - Memory updates: 9
{"id": 14, "ts": 1778275702.2613618, "event": "memory_updated", "agent": "agent_3", "round": 1}
2026-05-08 23:28:22,270 - INFO - Loop 1 completed
{"id": 15, "ts": 1778275702.276519, "event": "discussion_order", "round": 2, "order": ["agent_3", "agent_2", "agent_1"]}
2026-05-08 23:28:25,136 - INFO - Tokens - Input: 2956, Output: 210, Total: 3166
{"id": 16, "ts": 1778275705.1378145, "event": "public_discussion_message", "round": 2, "agent": "agent_3", "message": "I continue to favor **Candidate\u202fC**. Their 100\u202f% reliability and ability to foster a positive crew atmosphere are essential for long\u2011haul flights where sustained teamwork and morale directly impact safety. Additionally, they make correct decisions quickly and have excellent attention skills, supporting the rapid, accurate judgments needed during extended operations.\nThe main trade\u2011off is their difficulty communicating ideas and being perceived as egocentric, which could hinder effective crew coordination despite their concern for others.\nMETADATA_JSON:\n{\"agent\": \"agent_3\", \"vote\": \"Candidate C\"}"}
2026-05-08 23:28:25,137 - INFO - Agent turns: 4
2026-05-08 23:28:32,075 - INFO - Tokens - Input: 2590, Output: 879, Total: 3469
2026-05-08 23:28:32,077 - INFO - Memory updates: 10
{"id": 17, "ts": 1778275712.0777776, "event": "memory_updated", "agent": "agent_3", "round": 2}
2026-05-08 23:28:32,443 - INFO - Tokens - Input: 2138, Output: 968, Total: 3106
2026-05-08 23:28:32,445 - INFO - Memory updates: 11
{"id": 18, "ts": 1778275712.4454715, "event": "memory_updated", "agent": "agent_2", "round": 2}
2026-05-08 23:28:35,122 - INFO - Tokens - Input: 2395, Output: 1393, Total: 3788
2026-05-08 23:28:35,124 - INFO - Memory updates: 12
{"id": 19, "ts": 1778275715.1246076, "event": "memory_updated", "agent": "agent_1", "round": 2}
2026-05-08 23:28:38,247 - INFO - Tokens - Input: 2589, Output: 414, Total: 3003
{"id": 20, "ts": 1778275718.2492893, "event": "public_discussion_message", "round": 2, "agent": "agent_2", "message": "I now favor **Candidate\u202fC**. Their 100\u202f% reliability and ability to create a positive crew atmosphere are vital for the sustained teamwork required on long\u2011haul flights, and their quick, correct decision\u2011making together with strong technical understanding support safe operation under complex conditions.\nThe main trade\u2011off is their difficulty communicating ideas and being seen as egocentric, which could impair crew coordination and acceptance of input during extended missions.\nMETADATA_JSON:\n{\"agent\": \"agent_2\", \"vote\": \"Candidate C\"}"}
2026-05-08 23:28:38,249 - INFO - Agent turns: 5
2026-05-08 23:28:45,278 - INFO - Tokens - Input: 2117, Output: 960, Total: 3077
2026-05-08 23:28:45,279 - INFO - Memory updates: 13
{"id": 21, "ts": 1778275725.280023, "event": "memory_updated", "agent": "agent_3", "round": 2}
2026-05-08 23:28:47,869 - INFO - Tokens - Input: 2227, Output: 1279, Total: 3506
2026-05-08 23:28:47,872 - INFO - Memory updates: 14
{"id": 22, "ts": 1778275727.8724747, "event": "memory_updated", "agent": "agent_2", "round": 2}
2026-05-08 23:28:58,953 - INFO - Tokens - Input: 2424, Output: 1626, Total: 4050
2026-05-08 23:28:58,955 - INFO - Memory updates: 15
{"id": 23, "ts": 1778275738.9558098, "event": "memory_updated", "agent": "agent_1", "round": 2}
2026-05-08 23:29:00,314 - INFO - Tokens - Input: 3016, Output: 168, Total: 3184
{"id": 24, "ts": 1778275740.3160782, "event": "public_discussion_message", "round": 2, "agent": "agent_1", "message": "I continue to favor **Candidate\u202fC**. Their 100\u202f% reliability and ability to create a positive crew atmosphere are crucial for the safety and morale of long\u2011distance flights. These traits ensure consistent performance and strong teamwork over extended periods. The main trade\u2011off is their difficulty communicating ideas and being perceived as egocentric, which could hinder crew coordination.\nMETADATA_JSON:\n{\"agent\": \"agent_1\", \"vote\": \"Candidate C\"}"}
2026-05-08 23:29:00,316 - INFO - Agent turns: 6
2026-05-08 23:29:06,902 - INFO - Tokens - Input: 2236, Output: 804, Total: 3040
2026-05-08 23:29:06,903 - INFO - Memory updates: 16
{"id": 25, "ts": 1778275746.903976, "event": "memory_updated", "agent": "agent_3", "round": 2}
2026-05-08 23:29:07,986 - INFO - Tokens - Input: 2361, Output: 1001, Total: 3362
2026-05-08 23:29:07,988 - INFO - Memory updates: 17
{"id": 26, "ts": 1778275747.9883978, "event": "memory_updated", "agent": "agent_2", "round": 2}
2026-05-08 23:29:07,991 - INFO - Tokens - Input: 2625, Output: 1028, Total: 3653
2026-05-08 23:29:07,993 - INFO - Memory updates: 18
{"id": 27, "ts": 1778275747.993213, "event": "memory_updated", "agent": "agent_1", "round": 2}
2026-05-08 23:29:08,009 - INFO - Loop 2 completed
2026-05-08 23:29:08,010 - INFO - Final Chosen Candidate: Candidate C
2026-05-08 23:29:08,010 - INFO - Final Decision Method: consensus
2026-05-08 23:29:08,010 - INFO - Final Vote Count: {'Candidate C': 3}
2026-05-08 23:29:08,010 - INFO - Correct Candidate: Candidate C
2026-05-08 23:29:08,010 - INFO - Decision Correct: 1
{"id": 28, "ts": 1778275748.3456373, "event": "context_consistency_calculated", "method": "embedding_cosine", "mean_pairwise_similarity": 0.864068, "pairwise": [{"agent_a": "agent_1", "agent_b": "agent_2", "similarity": 0.829654}, {"agent_a": "agent_1", "agent_b": "agent_3", "similarity": 0.943016}, {"agent_a": "agent_2", "agent_b": "agent_3", "similarity": 0.819535}]}
{"id": 29, "ts": 1778275748.3458104, "event": "gold_standard_alignment_calculated", "method": "rule_based_binary_checks", "mean_alignment": 0.5, "by_agent": [{"agent": "agent_1", "score": 0.5, "checks": {"favorite_is_c": 1, "c_reliability": 1, "c_calmness": 0, "c_attention": 1, "c_crew_fit": 1, "a_risks": 0, "b_risks": 0, "d_risks": 0}}, {"agent": "agent_2", "score": 0.5, "checks": {"favorite_is_c": 1, "c_reliability": 1, "c_calmness": 0, "c_attention": 1, "c_crew_fit": 1, "a_risks": 0, "b_risks": 0, "d_risks": 0}}, {"agent": "agent_3", "score": 0.5, "checks": {"favorite_is_c": 1, "c_reliability": 1, "c_calmness": 0, "c_attention": 1, "c_crew_fit": 1, "a_risks": 0, "b_risks": 0, "d_risks": 0}}]}
{"id": 30, "ts": 1778275748.3459997, "event": "agent_memories_archived", "directory": "/home/lhegemann/git/bachelor_thesis/01_data/raw/simulations/moderate/moderate_treatment_20260508_195017_021/shared_mental_models", "round": 2}
{"id": 31, "ts": 1778275748.3460913, "event": "final_decision", "candidate": "Candidate C", "method": "consensus", "vote_count": {"Candidate C": 3}, "correct_candidate": "Candidate C", "decision_correct": 1, "round": 2}
2026-05-08 23:29:08,358 - INFO - ======================================================================
2026-05-08 23:29:08,358 - INFO - SIMULATION METRICS
2026-05-08 23:29:08,358 - INFO - ======================================================================
2026-05-08 23:29:08,358 - INFO - Total Loops: 2
2026-05-08 23:29:08,358 - INFO - Agent Turns (no vote checker): 6
2026-05-08 23:29:08,359 - INFO - Agent Tool Calls: 0
2026-05-08 23:29:08,359 - INFO - Agent Tool Messages: 0
2026-05-08 23:29:08,359 - INFO - Memory Updates: 18
2026-05-08 23:29:08,359 - INFO - Total Messages (no vote checker): 6
2026-05-08 23:29:08,359 - INFO - Input Tokens: 53176
2026-05-08 23:29:08,359 - INFO - Output Tokens: 25264
2026-05-08 23:29:08,359 - INFO - Total Tokens: 78440
2026-05-08 23:29:08,359 - INFO - Final Chosen Candidate: Candidate C
2026-05-08 23:29:08,359 - INFO - Final Decision Method: consensus
2026-05-08 23:29:08,359 - INFO - Final Vote Count: {'Candidate C': 3}
2026-05-08 23:29:08,359 - INFO - Correct Candidate: Candidate C
2026-05-08 23:29:08,359 - INFO - Decision Correct: 1
2026-05-08 23:29:08,359 - INFO - Runtime: 126.12s
2026-05-08 23:29:08,360 - INFO - ======================================================================
