2026-05-07 21:22:35,627 - INFO - Metrics tracker initialized
{"id": 1, "ts": 1778181755.6535697, "event": "memory_reset"}
{"id": 2, "ts": 1778181755.657577, "event": "discussion_order", "round": 1, "order": ["agent_2", "agent_1", "agent_3"]}
2026-05-07 21:22:42,997 - INFO - Tokens - Input: 1395, Output: 584, Total: 1979
{"id": 3, "ts": 1778181762.9992356, "event": "public_discussion_message", "round": 1, "agent": "agent_2", "message": "I prefer Candidate B; handles stress very well.\nMETADATA_JSON:\n{\"agent\": \"agent_2\", \"vote\": \"Candidate B\"}"}
2026-05-07 21:22:42,999 - INFO - Agent turns: 1
2026-05-07 21:22:46,939 - INFO - Tokens - Input: 1449, Output: 498, Total: 1947
{"id": 4, "ts": 1778181766.9412036, "event": "public_discussion_message", "round": 1, "agent": "agent_1", "message": "I prefer Candidate A; excellent spatial vision.\nMETADATA_JSON:\n{\"agent\": \"agent_1\", \"vote\": \"Candidate A\"}"}
2026-05-07 21:22:46,941 - INFO - Agent turns: 2
2026-05-07 21:22:52,438 - INFO - Tokens - Input: 1480, Output: 672, Total: 2152
{"id": 5, "ts": 1778181772.439744, "event": "public_discussion_message", "round": 1, "agent": "agent_3", "message": "I prefer Candidate B; handles stress very well.\nMETADATA_JSON:\n{\"agent\": \"agent_3\", \"vote\": \"Candidate B\"}"}
2026-05-07 21:22:52,439 - INFO - Agent turns: 3
2026-05-07 21:22:52,450 - INFO - Loop 1 completed
{"id": 6, "ts": 1778181772.457104, "event": "discussion_order", "round": 2, "order": ["agent_1", "agent_3", "agent_2"]}
2026-05-07 21:22:57,204 - INFO - Tokens - Input: 1518, Output: 619, Total: 2137
{"id": 7, "ts": 1778181777.2064226, "event": "public_discussion_message", "round": 2, "agent": "agent_1", "message": "I prefer Candidate A; very good leadership qualities.\nMETADATA_JSON:\n{\"agent\": \"agent_1\", \"vote\": \"Candidate A\"}"}
2026-05-07 21:22:57,206 - INFO - Agent turns: 4
2026-05-07 21:23:01,503 - INFO - Tokens - Input: 1557, Output: 537, Total: 2094
{"id": 8, "ts": 1778181781.5055206, "event": "public_discussion_message", "round": 2, "agent": "agent_3", "message": "I prefer Candidate B; pretentious.\nMETADATA_JSON:\n{\"agent\": \"agent_3\", \"vote\": \"Candidate B\"}"}
2026-05-07 21:23:01,505 - INFO - Agent turns: 5
2026-05-07 21:23:05,601 - INFO - Tokens - Input: 1599, Output: 523, Total: 2122
{"id": 9, "ts": 1778181785.6033266, "event": "public_discussion_message", "round": 2, "agent": "agent_2", "message": "I prefer Candidate D; hot temper.\nMETADATA_JSON:\n{\"agent\": \"agent_2\", \"vote\": \"Candidate D\"}"}
2026-05-07 21:23:05,603 - INFO - Agent turns: 6
2026-05-07 21:23:05,613 - INFO - Loop 2 completed
{"id": 10, "ts": 1778181785.6197338, "event": "discussion_order", "round": 3, "order": ["agent_1", "agent_3", "agent_2"]}
2026-05-07 21:23:11,129 - INFO - Tokens - Input: 1635, Output: 629, Total: 2264
{"id": 11, "ts": 1778181791.131493, "event": "public_discussion_message", "round": 3, "agent": "agent_1", "message": "I prefer Candidate A; very good leadership qualities.\nMETADATA_JSON:\n{\"agent\": \"agent_1\", \"vote\": \"Candidate A\"}"}
2026-05-07 21:23:11,131 - INFO - Agent turns: 7
2026-05-07 21:23:18,918 - INFO - Tokens - Input: 1667, Output: 994, Total: 2661
{"id": 12, "ts": 1778181798.9203277, "event": "public_discussion_message", "round": 3, "agent": "agent_3", "message": "I prefer Candidate B; very conscientious.\nMETADATA_JSON:\n{\"agent\": \"agent_3\", \"vote\": \"Candidate B\"}"}
2026-05-07 21:23:18,920 - INFO - Agent turns: 8
2026-05-07 21:23:25,049 - INFO - Tokens - Input: 1709, Output: 813, Total: 2522
{"id": 13, "ts": 1778181805.0511425, "event": "public_discussion_message", "round": 3, "agent": "agent_2", "message": "I prefer Candidate A; excellent spatial vision.\nMETADATA_JSON:\n{\"agent\": \"agent_2\", \"vote\": \"Candidate A\"}"}
2026-05-07 21:23:25,051 - INFO - Agent turns: 9
2026-05-07 21:23:25,061 - INFO - Loop 3 completed
{"id": 14, "ts": 1778181805.0664113, "event": "discussion_order", "round": 4, "order": ["agent_3", "agent_2", "agent_1"]}
2026-05-07 21:23:29,774 - INFO - Tokens - Input: 1734, Output: 474, Total: 2208
{"id": 15, "ts": 1778181809.7761624, "event": "public_discussion_message", "round": 4, "agent": "agent_3", "message": "I prefer Candidate B; handles stress very well.\nMETADATA_JSON:\n{\"agent\": \"agent_3\", \"vote\": \"Candidate B\"}"}
2026-05-07 21:23:29,776 - INFO - Agent turns: 10
2026-05-07 21:23:38,313 - INFO - Tokens - Input: 1786, Output: 1130, Total: 2916
{"id": 16, "ts": 1778181818.3152673, "event": "public_discussion_message", "round": 4, "agent": "agent_2", "message": "I prefer Candidate A; excellent spatial vision.\nMETADATA_JSON:\n{\"agent\": \"agent_2\", \"vote\": \"Candidate A\"}"}
2026-05-07 21:23:38,315 - INFO - Agent turns: 11
2026-05-07 21:23:42,678 - INFO - Tokens - Input: 1819, Output: 493, Total: 2312
{"id": 17, "ts": 1778181822.6819506, "event": "public_discussion_message", "round": 4, "agent": "agent_1", "message": "I prefer Candidate A; very good leadership qualities.\nMETADATA_JSON:\n{\"agent\": \"agent_1\", \"vote\": \"Candidate A\"}"}
2026-05-07 21:23:42,682 - INFO - Agent turns: 12
2026-05-07 21:23:42,695 - INFO - Loop 4 completed
{"id": 18, "ts": 1778181822.7026017, "event": "discussion_order", "round": 5, "order": ["agent_1", "agent_3", "agent_2"]}
2026-05-07 21:23:45,419 - INFO - Tokens - Input: 1852, Output: 183, Total: 2035
{"id": 19, "ts": 1778181825.4210892, "event": "public_discussion_message", "round": 5, "agent": "agent_1", "message": "I prefer Candidate A; can anticipate dangerous situations.\nMETADATA_JSON:\n{\"agent\": \"agent_1\", \"vote\": \"Candidate A\"}"}
2026-05-07 21:23:45,421 - INFO - Agent turns: 13
2026-05-07 21:23:51,352 - INFO - Tokens - Input: 1891, Output: 831, Total: 2722
{"id": 20, "ts": 1778181831.353985, "event": "public_discussion_message", "round": 5, "agent": "agent_3", "message": "I prefer Candidate A; unfriendly.\nMETADATA_JSON:\n{\"agent\": \"agent_3\", \"vote\": \"Candidate A\"}"}
2026-05-07 21:23:51,354 - INFO - Agent turns: 14
2026-05-07 21:23:56,538 - INFO - Tokens - Input: 1933, Output: 808, Total: 2741
{"id": 21, "ts": 1778181836.5401676, "event": "public_discussion_message", "round": 5, "agent": "agent_2", "message": "I prefer Candidate A; excellent spatial vision.\nMETADATA_JSON:\n{\"agent\": \"agent_2\", \"vote\": \"Candidate A\"}"}
2026-05-07 21:23:56,540 - INFO - Agent turns: 15
2026-05-07 21:23:56,549 - INFO - Loop 5 completed
2026-05-07 21:23:56,549 - INFO - Final Chosen Candidate: Candidate A
2026-05-07 21:23:56,549 - INFO - Final Decision Method: consensus
2026-05-07 21:23:56,550 - INFO - Final Vote Count: {'Candidate A': 3}
2026-05-07 21:23:56,550 - INFO - Correct Candidate: Candidate C
2026-05-07 21:23:56,550 - INFO - Decision Correct: 0
{"id": 22, "ts": 1778181836.5514057, "event": "context_consistency_not_applicable", "reason": "explicit_smm_memory_disabled"}
{"id": 23, "ts": 1778181836.551543, "event": "final_decision", "candidate": "Candidate A", "method": "consensus", "vote_count": {"Candidate A": 3}, "correct_candidate": "Candidate C", "decision_correct": 0, "round": 5}
2026-05-07 21:23:56,560 - INFO - ======================================================================
2026-05-07 21:23:56,560 - INFO - SIMULATION METRICS
2026-05-07 21:23:56,560 - INFO - ======================================================================
2026-05-07 21:23:56,560 - INFO - Total Loops: 5
2026-05-07 21:23:56,560 - INFO - Agent Turns (no vote checker): 15
2026-05-07 21:23:56,560 - INFO - Agent Tool Calls: 0
2026-05-07 21:23:56,560 - INFO - Agent Tool Messages: 0
2026-05-07 21:23:56,560 - INFO - Memory Updates: 0
2026-05-07 21:23:56,561 - INFO - Total Messages (no vote checker): 15
2026-05-07 21:23:56,561 - INFO - Input Tokens: 25024
2026-05-07 21:23:56,561 - INFO - Output Tokens: 9788
2026-05-07 21:23:56,561 - INFO - Total Tokens: 34812
2026-05-07 21:23:56,561 - INFO - Final Chosen Candidate: Candidate A
2026-05-07 21:23:56,561 - INFO - Final Decision Method: consensus
2026-05-07 21:23:56,561 - INFO - Final Vote Count: {'Candidate A': 3}
2026-05-07 21:23:56,561 - INFO - Correct Candidate: Candidate C
2026-05-07 21:23:56,561 - INFO - Decision Correct: 0
2026-05-07 21:23:56,561 - INFO - Runtime: 80.93s
2026-05-07 21:23:56,561 - INFO - ======================================================================
