2026-05-07 15:57:22,293 - INFO - Metrics tracker initialized
{"id": 1, "ts": 1778162242.323104, "event": "memory_reset"}
{"id": 2, "ts": 1778162242.3280613, "event": "discussion_order", "round": 1, "order": ["agent_1", "agent_3", "agent_2"]}
2026-05-07 15:57:29,977 - INFO - Tokens - Input: 1713, Output: 655, Total: 2368
{"id": 3, "ts": 1778162249.9793055, "event": "public_discussion_message", "round": 1, "agent": "agent_1", "message": "I tentatively favor **Candidate C** because they are noted as 100% reliable and create a positive atmosphere with the crew\u2014both crucial for long\u2011distance operations. However, their difficulty communicating ideas and egocentric attitude raise concerns about teamwork and coordination.\nMETADATA_JSON:\n{\"agent\": \"agent_1\", \"vote\": \"Candidate C\"}"}
2026-05-07 15:57:29,979 - INFO - Agent turns: 1
2026-05-07 15:57:37,758 - INFO - Tokens - Input: 1278, Output: 1030, Total: 2308
2026-05-07 15:57:37,760 - INFO - Memory updates: 1
{"id": 4, "ts": 1778162257.7610142, "event": "memory_updated", "agent": "agent_2", "round": 1}
2026-05-07 15:57:38,296 - INFO - Tokens - Input: 1270, Output: 970, Total: 2240
2026-05-07 15:57:38,298 - INFO - Memory updates: 2
{"id": 5, "ts": 1778162258.29833, "event": "memory_updated", "agent": "agent_3", "round": 1}
2026-05-07 15:57:39,476 - INFO - Tokens - Input: 1275, Output: 1028, Total: 2303
2026-05-07 15:57:39,477 - INFO - Memory updates: 3
{"id": 6, "ts": 1778162259.478123, "event": "memory_updated", "agent": "agent_1", "round": 1}
2026-05-07 15:57:44,522 - INFO - Tokens - Input: 2065, Output: 667, Total: 2732
{"id": 7, "ts": 1778162264.5241182, "event": "public_discussion_message", "round": 1, "agent": "agent_3", "message": "I currently favor **Candidate\u202fB**. Their strong conscientiousness suggests high reliability, and their ability to handle stress well is crucial for the long\u2011duration, high\u2011pressure environment of intercontinental flights. Both traits directly support safe, consistent operations. The main uncertainty is their interpersonal style\u2014being regarded as pretentious and sometimes using the wrong tone could hinder crew cohesion and communication in the cockpit.\nMETADATA_JSON:\n{\"agent\": \"agent_3\", \"vote\": \"Candidate B\"}"}
2026-05-07 15:57:44,524 - INFO - Agent turns: 2
2026-05-07 15:57:58,068 - INFO - Tokens - Input: 1805, Output: 1026, Total: 2831
2026-05-07 15:57:58,070 - INFO - Memory updates: 4
{"id": 8, "ts": 1778162278.0701945, "event": "memory_updated", "agent": "agent_1", "round": 1}
2026-05-07 15:57:58,356 - INFO - Tokens - Input: 1686, Output: 1014, Total: 2700
2026-05-07 15:57:58,357 - INFO - Memory updates: 5
{"id": 9, "ts": 1778162278.3577948, "event": "memory_updated", "agent": "agent_3", "round": 1}
2026-05-07 15:58:01,839 - INFO - Tokens - Input: 1991, Output: 1370, Total: 3361
2026-05-07 15:58:01,841 - INFO - Memory updates: 6
{"id": 10, "ts": 1778162281.8411787, "event": "memory_updated", "agent": "agent_2", "round": 1}
2026-05-07 15:58:06,847 - INFO - Tokens - Input: 2604, Output: 522, Total: 3126
{"id": 11, "ts": 1778162286.848647, "event": "public_discussion_message", "round": 1, "agent": "agent_2", "message": "I currently favor **Candidate\u202fC**. They are noted as 100\u202f% reliable and create a positive atmosphere with the crew, and they make correct decisions quickly while staying calm in a crisis\u2014key traits for long\u2011distance flights. The main uncertainty is their difficulty communicating ideas and egocentric attitude, which could impair cockpit teamwork.\nMETADATA_JSON:\n{\"agent\": \"agent_2\", \"vote\": \"Candidate C\"}"}
2026-05-07 15:58:06,848 - INFO - Agent turns: 3
2026-05-07 15:58:15,157 - INFO - Tokens - Input: 1885, Output: 1131, Total: 3016
2026-05-07 15:58:15,159 - INFO - Memory updates: 7
{"id": 12, "ts": 1778162295.159147, "event": "memory_updated", "agent": "agent_1", "round": 1}
2026-05-07 15:58:17,120 - INFO - Tokens - Input: 1950, Output: 1051, Total: 3001
2026-05-07 15:58:17,122 - INFO - Memory updates: 8
{"id": 13, "ts": 1778162297.122535, "event": "memory_updated", "agent": "agent_3", "round": 1}
2026-05-07 15:58:17,605 - INFO - Tokens - Input: 2203, Output: 1378, Total: 3581
2026-05-07 15:58:17,607 - INFO - Memory updates: 9
{"id": 14, "ts": 1778162297.6076396, "event": "memory_updated", "agent": "agent_2", "round": 1}
2026-05-07 15:58:17,616 - INFO - Loop 1 completed
{"id": 15, "ts": 1778162297.62236, "event": "discussion_order", "round": 2, "order": ["agent_3", "agent_2", "agent_1"]}
2026-05-07 15:58:23,054 - INFO - Tokens - Input: 2472, Output: 696, Total: 3168
{"id": 16, "ts": 1778162303.0561569, "event": "public_discussion_message", "round": 2, "agent": "agent_3", "message": "I now favor **Candidate\u202fC** because they are noted as 100\u202f% reliable and are praised for creating a positive crew atmosphere and putting concern for others above everything\u2014both essential for the long\u2011duration, teamwork\u2011intensive nature of intercontinental flights. Their excellent attention skills and ability to make quick, correct decisions also support the technical demands of the role.\n**Trade\u2011off / uncertainty:**\u202fC\u2019s difficulty communicating ideas and egocentric attitude could hinder cockpit coordination and crew interaction, so we must weigh whether these interpersonal drawbacks outweigh the strong reliability and morale benefits.\nMETADATA_JSON:\n{\"agent\": \"agent_3\", \"vote\": \"Candidate C\"}"}
2026-05-07 15:58:23,056 - INFO - Agent turns: 4
2026-05-07 15:58:31,927 - INFO - Tokens - Input: 2174, Output: 1010, Total: 3184
2026-05-07 15:58:31,930 - INFO - Memory updates: 10
{"id": 17, "ts": 1778162311.9304402, "event": "memory_updated", "agent": "agent_1", "round": 2}
2026-05-07 15:58:33,696 - INFO - Tokens - Input: 2150, Output: 1371, Total: 3521
2026-05-07 15:58:33,697 - INFO - Memory updates: 11
{"id": 18, "ts": 1778162313.697905, "event": "memory_updated", "agent": "agent_3", "round": 2}
2026-05-07 15:58:34,157 - INFO - Tokens - Input: 2445, Output: 1476, Total: 3921
2026-05-07 15:58:34,159 - INFO - Memory updates: 12
{"id": 19, "ts": 1778162314.159722, "event": "memory_updated", "agent": "agent_2", "round": 2}
2026-05-07 15:58:36,482 - INFO - Tokens - Input: 2701, Output: 231, Total: 2932
{"id": 20, "ts": 1778162316.483882, "event": "public_discussion_message", "round": 2, "agent": "agent_2", "message": "I continue to favor **Candidate\u202fC**. Their 100\u202f% reliability and ability to keep calm and make correct decisions quickly are critical for the safety and efficiency of long\u2011distance flights. Additionally, they create a positive crew atmosphere, which supports teamwork and morale on extended routes.\n**Trade\u2011off / uncertainty:** Their difficulty communicating ideas and egocentric attitude could impair cockpit coordination and crew interaction, so we must assess whether this interpersonal drawback can be managed.\nMETADATA_JSON:\n{\"agent\": \"agent_2\", \"vote\": \"Candidate C\"}"}
2026-05-07 15:58:36,484 - INFO - Agent turns: 5
2026-05-07 15:58:45,320 - INFO - Tokens - Input: 2351, Output: 1044, Total: 3395
2026-05-07 15:58:45,322 - INFO - Memory updates: 13
{"id": 21, "ts": 1778162325.322348, "event": "memory_updated", "agent": "agent_2", "round": 2}
2026-05-07 15:58:48,041 - INFO - Tokens - Input: 2251, Output: 1319, Total: 3570
2026-05-07 15:58:48,043 - INFO - Memory updates: 14
{"id": 22, "ts": 1778162328.0437613, "event": "memory_updated", "agent": "agent_3", "round": 2}
2026-05-07 15:58:49,023 - INFO - Tokens - Input: 2118, Output: 1002, Total: 3120
2026-05-07 15:58:49,024 - INFO - Memory updates: 15
{"id": 23, "ts": 1778162329.024865, "event": "memory_updated", "agent": "agent_1", "round": 2}
2026-05-07 15:58:51,343 - INFO - Tokens - Input: 2595, Output: 195, Total: 2790
{"id": 24, "ts": 1778162331.3451145, "event": "public_discussion_message", "round": 2, "agent": "agent_1", "message": "I continue to favor **Candidate\u202fC**. Their 100\u202f% reliability and ability to make correct decisions quickly, combined with staying calm under pressure, are essential for the safety and efficiency of long\u2011distance flights. Additionally, they create a positive atmosphere with the crew, supporting teamwork and morale on extended routes.\n**Trade\u2011off / uncertainty:** Their difficulty communicating ideas and egocentric attitude could hinder cockpit coordination and crew interaction, which may need to be mitigated.\nMETADATA_JSON:\n{\"agent\": \"agent_1\", \"vote\": \"Candidate C\"}"}
2026-05-07 15:58:51,345 - INFO - Agent turns: 6
2026-05-07 15:58:59,747 - INFO - Tokens - Input: 2249, Output: 810, Total: 3059
2026-05-07 15:58:59,748 - INFO - Memory updates: 16
{"id": 25, "ts": 1778162339.7489831, "event": "memory_updated", "agent": "agent_1", "round": 2}
2026-05-07 15:59:00,927 - INFO - Tokens - Input: 2291, Output: 949, Total: 3240
2026-05-07 15:59:00,928 - INFO - Memory updates: 17
{"id": 26, "ts": 1778162340.9289691, "event": "memory_updated", "agent": "agent_2", "round": 2}
2026-05-07 15:59:02,588 - INFO - Tokens - Input: 2622, Output: 1217, Total: 3839
2026-05-07 15:59:02,590 - INFO - Memory updates: 18
{"id": 27, "ts": 1778162342.5902317, "event": "memory_updated", "agent": "agent_3", "round": 2}
2026-05-07 15:59:02,599 - INFO - Loop 2 completed
2026-05-07 15:59:02,599 - INFO - Final Chosen Candidate: Candidate C
2026-05-07 15:59:02,600 - INFO - Final Decision Method: consensus
2026-05-07 15:59:02,600 - INFO - Final Vote Count: {'Candidate C': 3}
2026-05-07 15:59:02,600 - INFO - Correct Candidate: Candidate C
2026-05-07 15:59:02,600 - INFO - Decision Correct: 1
{"id": 28, "ts": 1778162342.9435604, "event": "context_consistency_calculated", "method": "embedding_cosine", "mean_pairwise_similarity": 0.894608, "pairwise": [{"agent_a": "agent_1", "agent_b": "agent_2", "similarity": 0.887364}, {"agent_a": "agent_1", "agent_b": "agent_3", "similarity": 0.933308}, {"agent_a": "agent_2", "agent_b": "agent_3", "similarity": 0.863152}]}
{"id": 29, "ts": 1778162342.943728, "event": "agent_memories_archived", "directory": "/home/lhegemann/git/bachelor_thesis/01_data/raw/simulations/moderate/moderate_treatment_20260507_140016_002/shared_mental_models", "round": 2}
{"id": 30, "ts": 1778162342.9438336, "event": "final_decision", "candidate": "Candidate C", "method": "consensus", "vote_count": {"Candidate C": 3}, "correct_candidate": "Candidate C", "decision_correct": 1, "round": 2}
2026-05-07 15:59:02,953 - INFO - ======================================================================
2026-05-07 15:59:02,953 - INFO - SIMULATION METRICS
2026-05-07 15:59:02,953 - INFO - ======================================================================
2026-05-07 15:59:02,953 - INFO - Total Loops: 2
2026-05-07 15:59:02,953 - INFO - Agent Turns (no vote checker): 6
2026-05-07 15:59:02,954 - INFO - Agent Tool Calls: 0
2026-05-07 15:59:02,954 - INFO - Agent Tool Messages: 0
2026-05-07 15:59:02,954 - INFO - Memory Updates: 18
2026-05-07 15:59:02,954 - INFO - Total Messages (no vote checker): 6
2026-05-07 15:59:02,954 - INFO - Input Tokens: 50144
2026-05-07 15:59:02,954 - INFO - Output Tokens: 23162
2026-05-07 15:59:02,954 - INFO - Total Tokens: 73306
2026-05-07 15:59:02,954 - INFO - Final Chosen Candidate: Candidate C
2026-05-07 15:59:02,954 - INFO - Final Decision Method: consensus
2026-05-07 15:59:02,954 - INFO - Final Vote Count: {'Candidate C': 3}
2026-05-07 15:59:02,954 - INFO - Correct Candidate: Candidate C
2026-05-07 15:59:02,954 - INFO - Decision Correct: 1
2026-05-07 15:59:02,954 - INFO - Runtime: 100.66s
2026-05-07 15:59:02,955 - INFO - ======================================================================
