2026-05-01 13:36:33,888 - INFO - Metrics tracker initialized
{"id": 1, "ts": 1777635393.907703, "event": "memory_reset"}
2026-05-01 13:36:37,245 - INFO - Tokens - Input: 919, Output: 265, Total: 1184
{"id": 2, "ts": 1777635397.24624, "event": "public_discussion_message", "round": 1, "agent": "agent_1", "message": "Considering the role\u2019s need for reliability, technical excellence, and immediate impact, Eve stands out. She brings top\u2011company experience in comparable leadership positions and the second\u2011highest technical assessment score, indicating strong technical capability while also having a proven track record of delivering results. Her background suggests she can both lead reliably and drive immediate performance."}
2026-05-01 13:36:37,246 - INFO - Agent turns: 1
2026-05-01 13:36:44,872 - INFO - Tokens - Input: 1014, Output: 950, Total: 1964
2026-05-01 13:36:44,874 - INFO - Memory updates: 1
{"id": 3, "ts": 1777635404.87454, "event": "memory_updated", "agent": "agent_4", "round": 1}
2026-05-01 13:36:46,969 - INFO - Tokens - Input: 1010, Output: 1258, Total: 2268
2026-05-01 13:36:46,971 - INFO - Memory updates: 2
{"id": 4, "ts": 1777635406.9712782, "event": "memory_updated", "agent": "agent_1", "round": 1}
2026-05-01 13:36:48,578 - INFO - Tokens - Input: 1004, Output: 892, Total: 1896
2026-05-01 13:36:48,580 - INFO - Memory updates: 3
{"id": 5, "ts": 1777635408.580836, "event": "memory_updated", "agent": "agent_2", "round": 1}
2026-05-01 13:36:49,063 - INFO - Tokens - Input: 1018, Output: 1273, Total: 2291
2026-05-01 13:36:49,064 - INFO - Memory updates: 4
{"id": 6, "ts": 1777635409.0648441, "event": "memory_updated", "agent": "agent_3", "round": 1}
2026-05-01 13:36:56,929 - INFO - Tokens - Input: 1386, Output: 555, Total: 1941
{"id": 7, "ts": 1777635416.9309702, "event": "public_discussion_message", "round": 1, "agent": "agent_2", "message": "I concur that Eve best aligns with the three core demands\u2014reliability, technical excellence, and immediate impact\u2014thanks to her top\u2011company leadership experience, the second\u2011highest technical score, and a proven delivery record. The remaining gap is her approach to underperforming team members; addressing that will solidify her fit."}
2026-05-01 13:36:56,931 - INFO - Agent turns: 2
2026-05-01 13:37:01,020 - INFO - Tokens - Input: 1483, Output: 850, Total: 2333
2026-05-01 13:37:01,022 - INFO - Memory updates: 5
{"id": 8, "ts": 1777635421.0221329, "event": "memory_updated", "agent": "agent_2", "round": 1}
2026-05-01 13:37:02,348 - INFO - Tokens - Input: 1412, Output: 796, Total: 2208
2026-05-01 13:37:02,350 - INFO - Memory updates: 6
{"id": 9, "ts": 1777635422.350755, "event": "memory_updated", "agent": "agent_4", "round": 1}
2026-05-01 13:37:02,830 - INFO - Tokens - Input: 1499, Output: 849, Total: 2348
2026-05-01 13:37:02,832 - INFO - Memory updates: 7
{"id": 10, "ts": 1777635422.832629, "event": "memory_updated", "agent": "agent_1", "round": 1}
2026-05-01 13:37:06,650 - INFO - Tokens - Input: 1498, Output: 1288, Total: 2786
2026-05-01 13:37:06,652 - INFO - Memory updates: 8
{"id": 11, "ts": 1777635426.6524968, "event": "memory_updated", "agent": "agent_3", "round": 1}
2026-05-01 13:37:15,384 - INFO - Tokens - Input: 1560, Output: 934, Total: 2494
{"id": 12, "ts": 1777635435.386237, "event": "public_discussion_message", "round": 1, "agent": "agent_3", "message": "Eve still appears to be the strongest overall fit \u2013 she combines top\u2011company leadership experience, the second\u2011highest technical assessment score, and a proven track record of delivering results, hitting all three core criteria of reliability, technical excellence, and immediate impact. The remaining concerns are her possible competing offer (raising a commitment risk) and the lack of demonstrated handling of underperforming team members. Until we clarify those points, Eve remains my preferred candidate, though we should seek her timeline and management\u2011style details soon."}
2026-05-01 13:37:15,386 - INFO - Agent turns: 3
2026-05-01 13:37:20,105 - INFO - Tokens - Input: 1587, Output: 949, Total: 2536
2026-05-01 13:37:20,107 - INFO - Memory updates: 9
{"id": 13, "ts": 1777635440.107373, "event": "memory_updated", "agent": "agent_2", "round": 1}
2026-05-01 13:37:22,097 - INFO - Tokens - Input: 1765, Output: 1099, Total: 2864
2026-05-01 13:37:22,099 - INFO - Memory updates: 10
{"id": 14, "ts": 1777635442.0994391, "event": "memory_updated", "agent": "agent_3", "round": 1}
2026-05-01 13:37:22,154 - INFO - Tokens - Input: 1505, Output: 935, Total: 2440
2026-05-01 13:37:22,155 - INFO - Memory updates: 11
{"id": 15, "ts": 1777635442.155949, "event": "memory_updated", "agent": "agent_1", "round": 1}
2026-05-01 13:37:22,943 - INFO - Tokens - Input: 1608, Output: 1126, Total: 2734
2026-05-01 13:37:22,944 - INFO - Memory updates: 12
{"id": 16, "ts": 1777635442.945015, "event": "memory_updated", "agent": "agent_4", "round": 1}
2026-05-01 13:37:24,883 - INFO - Tokens - Input: 1620, Output: 235, Total: 1855
{"id": 17, "ts": 1777635444.884754, "event": "public_discussion_message", "round": 1, "agent": "agent_4", "message": "I agree with the emerging consensus: Eve remains the strongest overall fit. Her top\u2011company leadership experience, proven delivery record, and the second\u2011highest technical assessment score align directly with our reliability, technical excellence, and immediate\u2011impact requirements. While we should still confirm her approach to underperforming team members and her start\u2011date commitment, no other candidate matches her balance of proven execution and technical depth. I therefore continue to endorse **Eve**."}
2026-05-01 13:37:24,884 - INFO - Agent turns: 4
2026-05-01 13:37:30,141 - INFO - Tokens - Input: 1791, Output: 839, Total: 2630
2026-05-01 13:37:30,144 - INFO - Memory updates: 13
{"id": 18, "ts": 1777635450.144153, "event": "memory_updated", "agent": "agent_4", "round": 1}
2026-05-01 13:37:31,146 - INFO - Tokens - Input: 1944, Output: 1110, Total: 3054
2026-05-01 13:37:31,147 - INFO - Memory updates: 14
{"id": 19, "ts": 1777635451.148041, "event": "memory_updated", "agent": "agent_3", "round": 1}
2026-05-01 13:37:31,528 - INFO - Tokens - Input: 1664, Output: 879, Total: 2543
2026-05-01 13:37:31,529 - INFO - Memory updates: 15
{"id": 20, "ts": 1777635451.529739, "event": "memory_updated", "agent": "agent_1", "round": 1}
2026-05-01 13:37:32,330 - INFO - Tokens - Input: 1683, Output: 1019, Total: 2702
2026-05-01 13:37:32,332 - INFO - Memory updates: 16
{"id": 21, "ts": 1777635452.332884, "event": "memory_updated", "agent": "agent_2", "round": 1}
2026-05-01 13:37:32,339 - INFO - Loop 1 completed
2026-05-01 13:37:32,339 - INFO - Final Chosen Candidate: Eve
2026-05-01 13:37:32,339 - INFO - Final Decision Method: consensus
2026-05-01 13:37:32,340 - INFO - Final Vote Count: {'Eve': 4}
2026-05-01 13:37:32,340 - INFO - Correct Candidate: Eve
2026-05-01 13:37:32,340 - INFO - Decision Correct: 1
{"id": 22, "ts": 1777635452.962738, "event": "context_consistency_calculated", "method": "embedding_cosine", "mean_pairwise_similarity": 0.91357, "pairwise": [{"agent_a": "agent_1", "agent_b": "agent_2", "similarity": 0.923807}, {"agent_a": "agent_1", "agent_b": "agent_3", "similarity": 0.883252}, {"agent_a": "agent_1", "agent_b": "agent_4", "similarity": 0.910253}, {"agent_a": "agent_2", "agent_b": "agent_3", "similarity": 0.916898}, {"agent_a": "agent_2", "agent_b": "agent_4", "similarity": 0.928652}, {"agent_a": "agent_3", "agent_b": "agent_4", "similarity": 0.918556}]}
{"id": 23, "ts": 1777635452.9628139, "event": "agent_memories_archived", "directory": "/Users/leonardhegemann/Documents/Studium/Bachelor/SoSe_2026/Abschlussarbeit/bachelor_thesis/01_data/raw/simulations/low/low_20260501_132619_007/shared_mental_models", "round": 1}
{"id": 24, "ts": 1777635452.9628549, "event": "final_decision", "candidate": "Eve", "method": "consensus", "vote_count": {"Eve": 4}, "correct_candidate": "Eve", "decision_correct": 1, "round": 1}
2026-05-01 13:37:32,966 - INFO - ======================================================================
2026-05-01 13:37:32,966 - INFO - SIMULATION METRICS
2026-05-01 13:37:32,966 - INFO - ======================================================================
2026-05-01 13:37:32,966 - INFO - Total Loops: 1
2026-05-01 13:37:32,966 - INFO - Agent Turns (no vote checker): 4
2026-05-01 13:37:32,966 - INFO - Agent Tool Calls: 0
2026-05-01 13:37:32,966 - INFO - Agent Tool Messages: 0
2026-05-01 13:37:32,966 - INFO - Memory Updates: 16
2026-05-01 13:37:32,966 - INFO - Total Messages (no vote checker): 4
2026-05-01 13:37:32,966 - INFO - Input Tokens: 28970
2026-05-01 13:37:32,966 - INFO - Output Tokens: 18101
2026-05-01 13:37:32,966 - INFO - Total Tokens: 47071
2026-05-01 13:37:32,966 - INFO - Final Chosen Candidate: Eve
2026-05-01 13:37:32,966 - INFO - Final Decision Method: consensus
2026-05-01 13:37:32,966 - INFO - Final Vote Count: {'Eve': 4}
2026-05-01 13:37:32,966 - INFO - Correct Candidate: Eve
2026-05-01 13:37:32,966 - INFO - Decision Correct: 1
2026-05-01 13:37:32,966 - INFO - Runtime: 59.08s
2026-05-01 13:37:32,966 - INFO - ======================================================================
