2026-05-17 00:35:59,835 - INFO - Metrics tracker initialized
{"id": 1, "ts": 1778970959.8665605, "event": "memory_reset"}
{"id": 2, "ts": 1778970959.8704123, "event": "discussion_order", "round": 1, "order": ["agent_3", "agent_2", "agent_1"]}
2026-05-17 00:36:06,899 - INFO - Tokens - Input: 1963, Output: 702, Total: 2665
{"id": 3, "ts": 1778970966.9005597, "event": "public_discussion_message", "round": 1, "agent": "agent_3", "message": "I\u2019m leaning toward **Candidate\u202fB**. Their strong conscientiousness and stress\u2011handling give high reliability and calmness under pressure, while good weather assessment and computer skills support the technical demands of long\u2011distance flights. The main uncertainty is their pretentious attitude and occasional wrong tone, which could hinder crew cooperation.\nMETADATA_JSON:\n{\"agent\": \"agent_3\", \"vote\": \"Candidate B\"}"}
2026-05-17 00:36:06,900 - INFO - Agent turns: 1
2026-05-17 00:36:19,962 - INFO - Tokens - Input: 1631, Output: 948, Total: 2579
2026-05-17 00:36:19,965 - INFO - Memory updates: 1
{"id": 4, "ts": 1778970979.9654372, "event": "memory_updated", "agent": "agent_1", "round": 1}
2026-05-17 00:36:23,594 - INFO - Tokens - Input: 1634, Output: 1332, Total: 2966
2026-05-17 00:36:23,596 - INFO - Memory updates: 2
{"id": 5, "ts": 1778970983.596561, "event": "memory_updated", "agent": "agent_2", "round": 1}
2026-05-17 00:36:25,489 - INFO - Tokens - Input: 1626, Output: 1574, Total: 3200
2026-05-17 00:36:25,492 - INFO - Memory updates: 3
{"id": 6, "ts": 1778970985.4921606, "event": "memory_updated", "agent": "agent_3", "round": 1}
2026-05-17 00:36:31,810 - INFO - Tokens - Input: 2091, Output: 767, Total: 2858
{"id": 7, "ts": 1778970991.8119442, "event": "public_discussion_message", "round": 1, "agent": "agent_2", "message": "I\u2019m leaning toward **Candidate\u202fA**. Their ability to anticipate dangerous situations and excellent spatial vision are critical for navigation safety on long\u2011distance flights, and their very good leadership qualities support effective crew coordination. The main uncertainty is that they are regarded as a show\u2011off and not open to new ideas, which could hinder crew cooperation and morale.\nMETADATA_JSON:\n{\"agent\": \"agent_2\", \"vote\": \"Candidate A\"}"}
2026-05-17 00:36:31,812 - INFO - Agent turns: 2
2026-05-17 00:36:53,848 - INFO - Tokens - Input: 2129, Output: 1620, Total: 3749
2026-05-17 00:36:53,851 - INFO - Memory updates: 4
{"id": 8, "ts": 1778971013.8515167, "event": "memory_updated", "agent": "agent_3", "round": 1}
2026-05-17 00:36:54,695 - INFO - Tokens - Input: 1767, Output: 1709, Total: 3476
2026-05-17 00:36:54,697 - INFO - Memory updates: 5
{"id": 9, "ts": 1778971014.697839, "event": "memory_updated", "agent": "agent_2", "round": 1}
2026-05-17 00:36:55,636 - INFO - Tokens - Input: 1768, Output: 1826, Total: 3594
2026-05-17 00:36:55,638 - INFO - Memory updates: 6
{"id": 10, "ts": 1778971015.6389856, "event": "memory_updated", "agent": "agent_1", "round": 1}
2026-05-17 00:37:01,369 - INFO - Tokens - Input: 2610, Output: 640, Total: 3250
{"id": 11, "ts": 1778971021.3713956, "event": "public_discussion_message", "round": 1, "agent": "agent_1", "message": "I am currently **Undecided**. Both Candidate\u202fA and Candidate\u202fB show strong safety\u2011critical and technical strengths (A\u2019s danger anticipation, spatial vision, and leadership; B\u2019s conscientiousness, stress handling, weather assessment, and computer skills), yet each has notable cooperation drawbacks (A is seen as a show\u2011off and resistant to criticism; B can be grumpy and uncooperative). The key uncertainty is which of these cooperation issues would more seriously impact crew coordination on long\u2011distance flights.\nMETADATA_JSON:\n{\"agent\": \"agent_1\", \"vote\": \"Undecided\"}"}
2026-05-17 00:37:01,371 - INFO - Agent turns: 3
2026-05-17 00:37:16,108 - INFO - Tokens - Input: 2194, Output: 1005, Total: 3199
2026-05-17 00:37:16,111 - INFO - Memory updates: 7
{"id": 12, "ts": 1778971036.1113486, "event": "memory_updated", "agent": "agent_2", "round": 1}
2026-05-17 00:37:16,547 - INFO - Tokens - Input: 2320, Output: 1050, Total: 3370
2026-05-17 00:37:16,550 - INFO - Memory updates: 8
{"id": 13, "ts": 1778971036.550247, "event": "memory_updated", "agent": "agent_1", "round": 1}
2026-05-17 00:37:21,374 - INFO - Tokens - Input: 2293, Output: 1650, Total: 3943
2026-05-17 00:37:21,377 - INFO - Memory updates: 9
{"id": 14, "ts": 1778971041.3773003, "event": "memory_updated", "agent": "agent_3", "round": 1}
2026-05-17 00:37:21,385 - INFO - Loop 1 completed
{"id": 15, "ts": 1778971041.391438, "event": "discussion_order", "round": 2, "order": ["agent_1", "agent_2", "agent_3"]}
2026-05-17 00:37:28,118 - INFO - Tokens - Input: 2754, Output: 800, Total: 3554
{"id": 16, "ts": 1778971048.1202385, "event": "public_discussion_message", "round": 2, "agent": "agent_1", "message": "I currently prefer **Candidate\u202fB**. Their strong conscientiousness and ability to handle stress give high reliability and calmness under pressure, which are essential for long\u2011distance flights, and their skill in assessing weather conditions and using computers supports the technical demands of the role. The main uncertainty is their reported grumpiness and occasional uncooperative behavior, which could hinder crew cooperation and coordination.\nMETADATA_JSON:\n{\"agent\": \"agent_1\", \"vote\": \"Candidate B\"}"}
2026-05-17 00:37:28,120 - INFO - Agent turns: 4
2026-05-17 00:37:44,656 - INFO - Tokens - Input: 2438, Output: 1141, Total: 3579
2026-05-17 00:37:44,659 - INFO - Memory updates: 10
{"id": 17, "ts": 1778971064.6592968, "event": "memory_updated", "agent": "agent_1", "round": 2}
2026-05-17 00:37:44,670 - INFO - Tokens - Input: 2446, Output: 1140, Total: 3586
2026-05-17 00:37:44,673 - INFO - Memory updates: 11
{"id": 18, "ts": 1778971064.6733148, "event": "memory_updated", "agent": "agent_3", "round": 2}
2026-05-17 00:37:45,486 - INFO - Tokens - Input: 2430, Output: 1242, Total: 3672
2026-05-17 00:37:45,489 - INFO - Memory updates: 12
{"id": 19, "ts": 1778971065.4896173, "event": "memory_updated", "agent": "agent_2", "round": 2}
2026-05-17 00:37:49,084 - INFO - Tokens - Input: 2880, Output: 392, Total: 3272
{"id": 20, "ts": 1778971069.0853448, "event": "public_discussion_message", "round": 2, "agent": "agent_2", "message": "I continue to favor **Candidate\u202fA** because their ability to anticipate dangerous situations and excellent spatial vision are vital for navigation safety on long\u2011distance routes, and their strong leadership supports effective crew coordination. The main uncertainty is whether their \u201cshow\u2011off\u201d reputation and resistance to new ideas will cause more crew friction than Candidate\u202fB\u2019s pretentious and occasionally nasty demeanor.\nMETADATA_JSON:\n{\"agent\": \"agent_2\", \"vote\": \"Candidate A\"}"}
2026-05-17 00:37:49,085 - INFO - Agent turns: 5
2026-05-17 00:37:56,495 - INFO - Tokens - Input: 2623, Output: 493, Total: 3116
2026-05-17 00:37:56,506 - INFO - Memory updates: 13
{"id": 21, "ts": 1778971076.5070357, "event": "memory_updated", "agent": "agent_1", "round": 2}
2026-05-17 00:37:57,136 - INFO - Tokens - Input: 2560, Output: 560, Total: 3120
2026-05-17 00:37:57,139 - INFO - Memory updates: 14
{"id": 22, "ts": 1778971077.1393588, "event": "memory_updated", "agent": "agent_2", "round": 2}
2026-05-17 00:37:58,599 - INFO - Tokens - Input: 2548, Output: 748, Total: 3296
2026-05-17 00:37:58,602 - INFO - Memory updates: 15
{"id": 23, "ts": 1778971078.6029122, "event": "memory_updated", "agent": "agent_3", "round": 2}
2026-05-17 00:38:01,446 - INFO - Tokens - Input: 2970, Output: 300, Total: 3270
{"id": 24, "ts": 1778971081.4473457, "event": "public_discussion_message", "round": 2, "agent": "agent_3", "message": "I continue to favor **Candidate\u202fB**. Their very conscientious nature and strong ability to handle stress give high reliability and calmness under pressure, which are essential for long\u2011distance flights, and their skill in assessing weather conditions and using computers supports the technical demands of the role. The main uncertainty is whether their pretentious attitude and occasional wrong tone will negatively impact crew cooperation and morale.\nMETADATA_JSON:\n{\"agent\": \"agent_3\", \"vote\": \"Candidate B\"}"}
2026-05-17 00:38:01,447 - INFO - Agent turns: 6
2026-05-17 00:38:08,544 - INFO - Tokens - Input: 2653, Output: 458, Total: 3111
2026-05-17 00:38:08,547 - INFO - Memory updates: 16
{"id": 25, "ts": 1778971088.5474586, "event": "memory_updated", "agent": "agent_3", "round": 2}
2026-05-17 00:38:09,142 - INFO - Tokens - Input: 2665, Output: 522, Total: 3187
2026-05-17 00:38:09,144 - INFO - Memory updates: 17
{"id": 26, "ts": 1778971089.144796, "event": "memory_updated", "agent": "agent_2", "round": 2}
2026-05-17 00:38:13,599 - INFO - Tokens - Input: 2728, Output: 1095, Total: 3823
2026-05-17 00:38:13,601 - INFO - Memory updates: 18
{"id": 27, "ts": 1778971093.6019754, "event": "memory_updated", "agent": "agent_1", "round": 2}
2026-05-17 00:38:13,610 - INFO - Loop 2 completed
{"id": 28, "ts": 1778971093.6166036, "event": "discussion_order", "round": 3, "order": ["agent_3", "agent_1", "agent_2"]}
2026-05-17 00:38:20,095 - INFO - Tokens - Input: 3075, Output: 771, Total: 3846
{"id": 29, "ts": 1778971100.096408, "event": "public_discussion_message", "round": 3, "agent": "agent_3", "message": "I continue to favor **Candidate\u202fB**. Their very conscientious nature and strong ability to handle stress give high reliability and calmness under pressure, which are essential for long\u2011distance flights, and their skill in assessing weather conditions and excellent computer abilities support the technical demands of the role. The main uncertainty is whether their pretentious, sometimes grumpy and wrong\u2011tone communication style will negatively affect crew cooperation and morale.\nMETADATA_JSON:\n{\"agent\": \"agent_3\", \"vote\": \"Candidate B\"}"}
2026-05-17 00:38:20,096 - INFO - Agent turns: 7
2026-05-17 00:38:23,494 - INFO - Tokens - Input: 2764, Output: 213, Total: 2977
2026-05-17 00:38:23,497 - INFO - Memory updates: 19
{"id": 30, "ts": 1778971103.4975185, "event": "memory_updated", "agent": "agent_3", "round": 3}
2026-05-17 00:38:27,386 - INFO - Tokens - Input: 2865, Output: 624, Total: 3489
2026-05-17 00:38:27,389 - INFO - Memory updates: 20
{"id": 31, "ts": 1778971107.3894007, "event": "memory_updated", "agent": "agent_1", "round": 3}
2026-05-17 00:38:35,392 - INFO - Tokens - Input: 2776, Output: 1645, Total: 4421
2026-05-17 00:38:35,395 - INFO - Memory updates: 21
{"id": 32, "ts": 1778971115.3953488, "event": "memory_updated", "agent": "agent_2", "round": 3}
2026-05-17 00:38:37,756 - INFO - Tokens - Input: 3287, Output: 226, Total: 3513
{"id": 33, "ts": 1778971117.7583637, "event": "public_discussion_message", "round": 3, "agent": "agent_1", "message": "I prefer **Candidate\u202fB** because their strong conscientiousness and ability to handle stress give high reliability and calmness under pressure\u2014crucial for long\u2011distance flights\u2014and their skill in assessing weather conditions and using computers supports the technical demands of the role. The main uncertainty is whether their pretentious, sometimes grumpy and wrong\u2011tone communication style could undermine crew cooperation and morale.\nMETADATA_JSON:\n{\"agent\": \"agent_1\", \"vote\": \"Candidate B\"}"}
2026-05-17 00:38:37,758 - INFO - Agent turns: 8
2026-05-17 00:38:43,693 - INFO - Tokens - Input: 2970, Output: 389, Total: 3359
2026-05-17 00:38:43,694 - INFO - Memory updates: 22
{"id": 34, "ts": 1778971123.6947567, "event": "memory_updated", "agent": "agent_1", "round": 3}
2026-05-17 00:38:45,598 - INFO - Tokens - Input: 2869, Output: 585, Total: 3454
2026-05-17 00:38:45,599 - INFO - Memory updates: 23
{"id": 35, "ts": 1778971125.599573, "event": "memory_updated", "agent": "agent_3", "round": 3}
2026-05-17 00:38:47,012 - INFO - Tokens - Input: 2907, Output: 762, Total: 3669
2026-05-17 00:38:47,015 - INFO - Memory updates: 24
{"id": 36, "ts": 1778971127.0155253, "event": "memory_updated", "agent": "agent_2", "round": 3}
2026-05-17 00:38:49,301 - INFO - Tokens - Input: 3340, Output: 206, Total: 3546
{"id": 37, "ts": 1778971129.3031225, "event": "public_discussion_message", "round": 3, "agent": "agent_2", "message": "I prefer **Candidate\u202fA** because they can anticipate dangerous situations and have excellent spatial vision\u2014key for safe navigation on long\u2011distance routes\u2014and they possess very good leadership qualities that support effective crew coordination. The main uncertainty is whether their \u201cshow\u2011off\u201d reputation and resistance to new ideas could undermine crew morale and adaptability.\nMETADATA_JSON:\n{\"agent\": \"agent_2\", \"vote\": \"Candidate A\"}"}
2026-05-17 00:38:49,303 - INFO - Agent turns: 9
2026-05-17 00:38:58,729 - INFO - Tokens - Input: 2962, Output: 624, Total: 3586
2026-05-17 00:38:58,732 - INFO - Memory updates: 25
{"id": 38, "ts": 1778971138.7326822, "event": "memory_updated", "agent": "agent_3", "round": 3}
2026-05-17 00:38:59,797 - INFO - Tokens - Input: 3063, Output: 735, Total: 3798
2026-05-17 00:38:59,800 - INFO - Memory updates: 26
{"id": 39, "ts": 1778971139.8005276, "event": "memory_updated", "agent": "agent_1", "round": 3}
2026-05-17 00:39:04,594 - INFO - Tokens - Input: 3011, Output: 1337, Total: 4348
2026-05-17 00:39:04,597 - INFO - Memory updates: 27
{"id": 40, "ts": 1778971144.597554, "event": "memory_updated", "agent": "agent_2", "round": 3}
2026-05-17 00:39:04,606 - INFO - Loop 3 completed
{"id": 41, "ts": 1778971144.6139538, "event": "discussion_order", "round": 4, "order": ["agent_2", "agent_3", "agent_1"]}
2026-05-17 00:39:06,999 - INFO - Tokens - Input: 3389, Output: 218, Total: 3607
{"id": 42, "ts": 1778971147.0013874, "event": "public_discussion_message", "round": 4, "agent": "agent_2", "message": "I continue to favor **Candidate\u202fA** because they can anticipate dangerous situations and have excellent spatial vision\u2014critical for safe navigation on long\u2011distance routes\u2014and they demonstrate very good leadership qualities, which support effective crew coordination. The main uncertainty is whether their reputation as a show\u2011off and resistance to new ideas could undermine crew morale and cooperation.\nMETADATA_JSON:\n{\"agent\": \"agent_2\", \"vote\": \"Candidate A\"}"}
2026-05-17 00:39:07,001 - INFO - Agent turns: 10
2026-05-17 00:39:14,957 - INFO - Tokens - Input: 3063, Output: 557, Total: 3620
2026-05-17 00:39:14,959 - INFO - Memory updates: 28
{"id": 43, "ts": 1778971154.9598353, "event": "memory_updated", "agent": "agent_2", "round": 4}
2026-05-17 00:39:15,405 - INFO - Tokens - Input: 3159, Output: 606, Total: 3765
2026-05-17 00:39:15,408 - INFO - Memory updates: 29
{"id": 44, "ts": 1778971155.4086838, "event": "memory_updated", "agent": "agent_1", "round": 4}
2026-05-17 00:39:15,437 - INFO - Tokens - Input: 3058, Output: 608, Total: 3666
2026-05-17 00:39:15,439 - INFO - Memory updates: 30
{"id": 45, "ts": 1778971155.4395194, "event": "memory_updated", "agent": "agent_3", "round": 4}
2026-05-17 00:39:17,690 - INFO - Tokens - Input: 3480, Output: 214, Total: 3694
{"id": 46, "ts": 1778971157.691397, "event": "public_discussion_message", "round": 4, "agent": "agent_3", "message": "I continue to favor **Candidate\u202fB**. Their very conscientious nature ensures high reliability, and their strong ability to handle stress provides the calmness needed during long\u2011haul operations. Both traits are critical for safe, consistent performance on extended flights. The main uncertainty is whether their pretentious attitude and occasional wrong\u2011tone communication could undermine crew cooperation and morale.\nMETADATA_JSON:\n{\"agent\": \"agent_3\", \"vote\": \"Candidate B\"}"}
2026-05-17 00:39:17,691 - INFO - Agent turns: 11
2026-05-17 00:39:22,729 - INFO - Tokens - Input: 3157, Output: 325, Total: 3482
2026-05-17 00:39:22,732 - INFO - Memory updates: 31
{"id": 47, "ts": 1778971162.7325227, "event": "memory_updated", "agent": "agent_3", "round": 4}
2026-05-17 00:39:24,556 - INFO - Tokens - Input: 3258, Output: 513, Total: 3771
2026-05-17 00:39:24,559 - INFO - Memory updates: 32
{"id": 48, "ts": 1778971164.5594356, "event": "memory_updated", "agent": "agent_1", "round": 4}
2026-05-17 00:39:24,869 - INFO - Tokens - Input: 3162, Output: 550, Total: 3712
2026-05-17 00:39:24,872 - INFO - Memory updates: 33
{"id": 49, "ts": 1778971164.8724558, "event": "memory_updated", "agent": "agent_2", "round": 4}
2026-05-17 00:39:26,755 - INFO - Tokens - Input: 3680, Output: 174, Total: 3854
{"id": 50, "ts": 1778971166.7573512, "event": "public_discussion_message", "round": 4, "agent": "agent_1", "message": "I continue to favor **Candidate\u202fB** because their strong conscientiousness and proven ability to handle stress provide high reliability and calmness under pressure\u2014essential for long\u2011distance flights. Their skill in assessing weather conditions and excellent computer abilities also support the technical demands of extended routes. The remaining uncertainty is whether their pretentious attitude and occasional grumpy, wrong\u2011tone communication could undermine crew cooperation and morale.\nMETADATA_JSON:\n{\"agent\": \"agent_1\", \"vote\": \"Candidate B\"}"}
2026-05-17 00:39:26,757 - INFO - Agent turns: 12
2026-05-17 00:39:31,566 - INFO - Tokens - Input: 3366, Output: 294, Total: 3660
2026-05-17 00:39:31,569 - INFO - Memory updates: 34
{"id": 51, "ts": 1778971171.5692797, "event": "memory_updated", "agent": "agent_1", "round": 4}
2026-05-17 00:39:32,719 - INFO - Tokens - Input: 3265, Output: 408, Total: 3673
2026-05-17 00:39:32,721 - INFO - Memory updates: 35
{"id": 52, "ts": 1778971172.7220597, "event": "memory_updated", "agent": "agent_3", "round": 4}
2026-05-17 00:39:39,972 - INFO - Tokens - Input: 3270, Output: 1295, Total: 4565
2026-05-17 00:39:39,975 - INFO - Memory updates: 36
{"id": 53, "ts": 1778971179.97515, "event": "memory_updated", "agent": "agent_2", "round": 4}
2026-05-17 00:39:39,984 - INFO - Loop 4 completed
{"id": 54, "ts": 1778971179.9892576, "event": "discussion_order", "round": 5, "order": ["agent_1", "agent_2", "agent_3"]}
2026-05-17 00:39:42,807 - INFO - Tokens - Input: 3788, Output: 249, Total: 4037
{"id": 55, "ts": 1778971182.8088484, "event": "public_discussion_message", "round": 5, "agent": "agent_1", "message": "I continue to prefer **Candidate\u202fB**. Their strong conscientiousness and proven ability to handle stress give high reliability and calmness under pressure\u2014essential for long\u2011distance flights\u2014while their skill in assessing weather conditions and excellent computer abilities support the technical demands of extended routes. The main uncertainty is whether their pretentious attitude and occasional wrong\u2011tone, grumpy communication could undermine crew cooperation and morale.\nMETADATA_JSON:\n{\"agent\": \"agent_1\", \"vote\": \"Candidate B\"}"}
2026-05-17 00:39:42,809 - INFO - Agent turns: 13
2026-05-17 00:39:48,938 - INFO - Tokens - Input: 3474, Output: 400, Total: 3874
2026-05-17 00:39:48,940 - INFO - Memory updates: 37
{"id": 56, "ts": 1778971188.9408355, "event": "memory_updated", "agent": "agent_1", "round": 5}
2026-05-17 00:39:50,176 - INFO - Tokens - Input: 3428, Output: 526, Total: 3954
2026-05-17 00:39:50,178 - INFO - Memory updates: 38
{"id": 57, "ts": 1778971190.1788008, "event": "memory_updated", "agent": "agent_2", "round": 5}
2026-05-17 00:39:54,108 - INFO - Tokens - Input: 3373, Output: 1021, Total: 4394
2026-05-17 00:39:54,111 - INFO - Memory updates: 39
{"id": 58, "ts": 1778971194.1113532, "event": "memory_updated", "agent": "agent_3", "round": 5}
2026-05-17 00:39:56,406 - INFO - Tokens - Input: 3850, Output: 195, Total: 4045
{"id": 59, "ts": 1778971196.407541, "event": "public_discussion_message", "round": 5, "agent": "agent_2", "message": "I continue to favor **Candidate\u202fA** because they can anticipate dangerous situations and have excellent spatial vision\u2014critical for safe navigation on long\u2011distance routes\u2014and they demonstrate very good leadership qualities that support effective crew coordination. The main uncertainty is whether their reputation as a show\u2011off and resistance to new ideas could undermine crew morale and cooperation.\nMETADATA_JSON:\n{\"agent\": \"agent_2\", \"vote\": \"Candidate A\"}"}
2026-05-17 00:39:56,407 - INFO - Agent turns: 14
2026-05-17 00:40:04,080 - INFO - Tokens - Input: 3569, Output: 500, Total: 4069
2026-05-17 00:40:04,083 - INFO - Memory updates: 40
{"id": 60, "ts": 1778971204.0837128, "event": "memory_updated", "agent": "agent_1", "round": 5}
2026-05-17 00:40:07,005 - INFO - Tokens - Input: 3469, Output: 800, Total: 4269
2026-05-17 00:40:07,007 - INFO - Memory updates: 41
{"id": 61, "ts": 1778971207.0080912, "event": "memory_updated", "agent": "agent_3", "round": 5}
2026-05-17 00:40:09,274 - INFO - Tokens - Input: 3523, Output: 1083, Total: 4606
2026-05-17 00:40:09,276 - INFO - Memory updates: 42
{"id": 62, "ts": 1778971209.2769713, "event": "memory_updated", "agent": "agent_2", "round": 5}
2026-05-17 00:40:11,693 - INFO - Tokens - Input: 3891, Output: 224, Total: 4115
{"id": 63, "ts": 1778971211.6948757, "event": "public_discussion_message", "round": 5, "agent": "agent_3", "message": "I continue to favor **Candidate\u202fB**. Their very conscientious nature and strong ability to handle stress provide high reliability and calmness under pressure\u2014essential for long\u2011haul flights\u2014while their skill in assessing weather conditions and excellent computer abilities support the technical demands of extended routes. The main uncertainty is whether their pretentious attitude and occasional wrong\u2011tone communication could undermine crew cooperation and morale.\nMETADATA_JSON:\n{\"agent\": \"agent_3\", \"vote\": \"Candidate B\"}"}
2026-05-17 00:40:11,695 - INFO - Agent turns: 15
2026-05-17 00:40:19,473 - INFO - Tokens - Input: 3628, Output: 474, Total: 4102
2026-05-17 00:40:19,476 - INFO - Memory updates: 43
{"id": 64, "ts": 1778971219.4763818, "event": "memory_updated", "agent": "agent_2", "round": 5}
2026-05-17 00:40:20,026 - INFO - Tokens - Input: 3674, Output: 532, Total: 4206
2026-05-17 00:40:20,029 - INFO - Memory updates: 44
{"id": 65, "ts": 1778971220.0294783, "event": "memory_updated", "agent": "agent_1", "round": 5}
2026-05-17 00:40:22,234 - INFO - Tokens - Input: 3574, Output: 803, Total: 4377
2026-05-17 00:40:22,237 - INFO - Memory updates: 45
{"id": 66, "ts": 1778971222.238022, "event": "memory_updated", "agent": "agent_3", "round": 5}
2026-05-17 00:40:22,246 - INFO - Loop 5 completed
2026-05-17 00:40:22,246 - INFO - Final Chosen Candidate: Candidate B
2026-05-17 00:40:22,247 - INFO - Final Decision Method: max_round_majority_vote
2026-05-17 00:40:22,247 - INFO - Final Vote Count: {'Candidate B': 2, 'Candidate A': 1}
2026-05-17 00:40:22,247 - INFO - Correct Candidate: Candidate C
2026-05-17 00:40:22,247 - INFO - Decision Correct: 0
{"id": 67, "ts": 1778971222.9487727, "event": "context_consistency_calculated", "method": "weighted_section_embedding_cosine", "mean_pairwise_similarity": 0.832204, "pairwise": [{"agent_a": "agent_1", "agent_b": "agent_2", "similarity": 0.829127, "sections": [{"section": "task_summary", "weight": 0.02, "similarity": 0.97812}, {"section": "revealed_facts_by_source", "weight": 0.3, "similarity": 0.77229}, {"section": "candidate_evaluation", "weight": 0.35, "similarity": 0.894618}, {"section": "other_agents_positions", "weight": 0.15, "similarity": 0.867867}, {"section": "emerging_group_view", "weight": 0.13, "similarity": 0.777497}, {"section": "open_questions_next_step_focus", "weight": 0.05, "similarity": 0.670135}]}, {"agent_a": "agent_1", "agent_b": "agent_3", "similarity": 0.832818, "sections": [{"section": "task_summary", "weight": 0.02, "similarity": 1.0}, {"section": "revealed_facts_by_source", "weight": 0.3, "similarity": 0.790716}, {"section": "candidate_evaluation", "weight": 0.35, "similarity": 0.905843}, {"section": "other_agents_positions", "weight": 0.15, "similarity": 0.818092}, {"section": "emerging_group_view", "weight": 0.13, "similarity": 0.81193}, {"section": "open_questions_next_step_focus", "weight": 0.05, "similarity": 0.605866}]}, {"agent_a": "agent_2", "agent_b": "agent_3", "similarity": 0.834668, "sections": [{"section": "task_summary", "weight": 0.02, "similarity": 0.97812}, {"section": "revealed_facts_by_source", "weight": 0.3, "similarity": 0.736972}, {"section": "candidate_evaluation", "weight": 0.35, "similarity": 0.93244}, {"section": "other_agents_positions", "weight": 0.15, "similarity": 0.859446}, {"section": "emerging_group_view", "weight": 0.13, "similarity": 0.835238}, {"section": "open_questions_next_step_focus", "weight": 0.05, "similarity": 0.603244}]}]}
{"id": 68, "ts": 1778971222.9489083, "event": "gold_standard_alignment_calculated", "method": "rule_based_fact_coverage", "mean_alignment": 0.658333, "by_agent": [{"agent": "agent_1", "score": 0.65, "matched_facts": 26, "total_facts": 40, "matched_public_facts": 14, "total_public_facts": 16, "public_fact_coverage": 0.875, "matched_own_private_facts": 8, "total_own_private_facts": 8, "own_private_fact_coverage": 1.0, "matched_other_private_facts": 4, "total_other_private_facts": 16, "other_private_fact_coverage": 0.25, "checks": {"public_candidate_a_can_anticipate_dangerous_situations": 1, "public_candidate_a_is_able_to_see_complex_connections": 0, "public_candidate_a_has_excellent_spatial_vision": 1, "public_candidate_a_has_very_good_leadership_qualities": 1, "public_candidate_b_is_very_conscientious": 1, "public_candidate_b_handles_stress_very_well": 1, "public_candidate_b_is_good_at_assessing_weather_conditions": 1, "public_candidate_b_has_excellent_computer_skills": 1, "public_candidate_c_can_make_correct_decisions_quickly": 1, "public_candidate_c_has_difficulty_communicating_ideas": 1, "public_candidate_c_is_regarded_as_egocentric": 1, "public_candidate_c_is_not_very_willing_to_further_his_education": 1, "public_candidate_d_responds_to_unexpected_events_adequately": 0, "public_candidate_d_can_concentrate_very_well": 1, "public_candidate_d_solves_problems_extremely_well": 1, "public_candidate_d_takes_responsibility_seriously": 1, "agent_1_candidate_a_is_sometimes_not_good_at_taking_criticism": 1, "agent_1_candidate_a_can_be_unorganized": 1, "agent_1_candidate_b_can_be_grumpy": 1, "agent_1_candidate_b_can_be_uncooperative": 1, "agent_1_candidate_c_is_known_to_be_100_percent_reliable": 1, "agent_1_candidate_c_creates_a_positive_atmosphere_with_his_crew": 1, "agent_1_candidate_d_is_regarded_as_arrogant": 1, "agent_1_candidate_d_has_relatively_weak_leadership_skills": 1, "agent_2_candidate_a_is_regarded_as_a_show_off": 1, "agent_2_candidate_a_is_regarded_as_being_not_open_to_new_ideas": 1, "agent_2_candidate_b_has_a_relatively_weak_memory_for_numbers": 0, "agent_2_candidate_b_makes_nasty_remarks_about_his_colleagues": 0, "agent_2_candidate_c_keeps_calm_in_a_crisis": 0, "agent_2_candidate_c_understands_complicated_technology": 0, "agent_2_candidate_d_is_regarded_as_a_know_it_all": 0, "agent_2_candidate_d_has_a_hot_temper": 0, "agent_3_candidate_a_is_unfriendly": 0, "agent_3_candidate_a_eats_unhealthily": 0, "agent_3_candidate_b_is_regarded_as_pretentious": 1, "agent_3_candidate_b_sometimes_adopts_the_wrong_tone_when_communicating": 1, "agent_3_candidate_c_puts_concern_for_others_above_everything": 0, "agent_3_candidate_c_has_excellent_attention_skills": 0, "agent_3_candidate_d_is_considered_moody": 0, "agent_3_candidate_d_is_regarded_as_a_loner": 0}}, {"agent": "agent_2", "score": 0.675, "matched_facts": 27, "total_facts": 40, "matched_public_facts": 16, "total_public_facts": 16, "public_fact_coverage": 1.0, "matched_own_private_facts": 8, "total_own_private_facts": 8, "own_private_fact_coverage": 1.0, "matched_other_private_facts": 3, "total_other_private_facts": 16, "other_private_fact_coverage": 0.1875, "checks": {"public_candidate_a_can_anticipate_dangerous_situations": 1, "public_candidate_a_is_able_to_see_complex_connections": 1, "public_candidate_a_has_excellent_spatial_vision": 1, "public_candidate_a_has_very_good_leadership_qualities": 1, "public_candidate_b_is_very_conscientious": 1, "public_candidate_b_handles_stress_very_well": 1, "public_candidate_b_is_good_at_assessing_weather_conditions": 1, "public_candidate_b_has_excellent_computer_skills": 1, "public_candidate_c_can_make_correct_decisions_quickly": 1, "public_candidate_c_has_difficulty_communicating_ideas": 1, "public_candidate_c_is_regarded_as_egocentric": 1, "public_candidate_c_is_not_very_willing_to_further_his_education": 1, "public_candidate_d_responds_to_unexpected_events_adequately": 1, "public_candidate_d_can_concentrate_very_well": 1, "public_candidate_d_solves_problems_extremely_well": 1, "public_candidate_d_takes_responsibility_seriously": 1, "agent_1_candidate_a_is_sometimes_not_good_at_taking_criticism": 0, "agent_1_candidate_a_can_be_unorganized": 0, "agent_1_candidate_b_can_be_grumpy": 1, "agent_1_candidate_b_can_be_uncooperative": 0, "agent_1_candidate_c_is_known_to_be_100_percent_reliable": 0, "agent_1_candidate_c_creates_a_positive_atmosphere_with_his_crew": 0, "agent_1_candidate_d_is_regarded_as_arrogant": 0, "agent_1_candidate_d_has_relatively_weak_leadership_skills": 0, "agent_2_candidate_a_is_regarded_as_a_show_off": 1, "agent_2_candidate_a_is_regarded_as_being_not_open_to_new_ideas": 1, "agent_2_candidate_b_has_a_relatively_weak_memory_for_numbers": 1, "agent_2_candidate_b_makes_nasty_remarks_about_his_colleagues": 1, "agent_2_candidate_c_keeps_calm_in_a_crisis": 1, "agent_2_candidate_c_understands_complicated_technology": 1, "agent_2_candidate_d_is_regarded_as_a_know_it_all": 1, "agent_2_candidate_d_has_a_hot_temper": 1, "agent_3_candidate_a_is_unfriendly": 0, "agent_3_candidate_a_eats_unhealthily": 0, "agent_3_candidate_b_is_regarded_as_pretentious": 1, "agent_3_candidate_b_sometimes_adopts_the_wrong_tone_when_communicating": 1, "agent_3_candidate_c_puts_concern_for_others_above_everything": 0, "agent_3_candidate_c_has_excellent_attention_skills": 0, "agent_3_candidate_d_is_considered_moody": 0, "agent_3_candidate_d_is_regarded_as_a_loner": 0}}, {"agent": "agent_3", "score": 0.65, "matched_facts": 26, "total_facts": 40, "matched_public_facts": 15, "total_public_facts": 16, "public_fact_coverage": 0.9375, "matched_own_private_facts": 8, "total_own_private_facts": 8, "own_private_fact_coverage": 1.0, "matched_other_private_facts": 3, "total_other_private_facts": 16, "other_private_fact_coverage": 0.1875, "checks": {"public_candidate_a_can_anticipate_dangerous_situations": 1, "public_candidate_a_is_able_to_see_complex_connections": 1, "public_candidate_a_has_excellent_spatial_vision": 1, "public_candidate_a_has_very_good_leadership_qualities": 1, "public_candidate_b_is_very_conscientious": 1, "public_candidate_b_handles_stress_very_well": 1, "public_candidate_b_is_good_at_assessing_weather_conditions": 1, "public_candidate_b_has_excellent_computer_skills": 1, "public_candidate_c_can_make_correct_decisions_quickly": 1, "public_candidate_c_has_difficulty_communicating_ideas": 1, "public_candidate_c_is_regarded_as_egocentric": 1, "public_candidate_c_is_not_very_willing_to_further_his_education": 1, "public_candidate_d_responds_to_unexpected_events_adequately": 0, "public_candidate_d_can_concentrate_very_well": 1, "public_candidate_d_solves_problems_extremely_well": 1, "public_candidate_d_takes_responsibility_seriously": 1, "agent_1_candidate_a_is_sometimes_not_good_at_taking_criticism": 0, "agent_1_candidate_a_can_be_unorganized": 0, "agent_1_candidate_b_can_be_grumpy": 1, "agent_1_candidate_b_can_be_uncooperative": 1, "agent_1_candidate_c_is_known_to_be_100_percent_reliable": 0, "agent_1_candidate_c_creates_a_positive_atmosphere_with_his_crew": 0, "agent_1_candidate_d_is_regarded_as_arrogant": 0, "agent_1_candidate_d_has_relatively_weak_leadership_skills": 0, "agent_2_candidate_a_is_regarded_as_a_show_off": 1, "agent_2_candidate_a_is_regarded_as_being_not_open_to_new_ideas": 0, "agent_2_candidate_b_has_a_relatively_weak_memory_for_numbers": 0, "agent_2_candidate_b_makes_nasty_remarks_about_his_colleagues": 0, "agent_2_candidate_c_keeps_calm_in_a_crisis": 0, "agent_2_candidate_c_understands_complicated_technology": 0, "agent_2_candidate_d_is_regarded_as_a_know_it_all": 0, "agent_2_candidate_d_has_a_hot_temper": 0, "agent_3_candidate_a_is_unfriendly": 1, "agent_3_candidate_a_eats_unhealthily": 1, "agent_3_candidate_b_is_regarded_as_pretentious": 1, "agent_3_candidate_b_sometimes_adopts_the_wrong_tone_when_communicating": 1, "agent_3_candidate_c_puts_concern_for_others_above_everything": 1, "agent_3_candidate_c_has_excellent_attention_skills": 1, "agent_3_candidate_d_is_considered_moody": 1, "agent_3_candidate_d_is_regarded_as_a_loner": 1}}]}
{"id": 69, "ts": 1778971222.949027, "event": "agent_memories_archived", "directory": "/home/lhegemann/git/bachelor_thesis/01_data/raw/simulations/moderate/moderate_treatment_20260516_211353_026/shared_mental_models", "round": 5}
{"id": 70, "ts": 1778971222.9490647, "event": "final_decision", "candidate": "Candidate B", "method": "max_round_majority_vote", "vote_count": {"Candidate B": 2, "Candidate A": 1}, "correct_candidate": "Candidate C", "decision_correct": 0, "round": 5}
2026-05-17 00:40:22,957 - INFO - ======================================================================
2026-05-17 00:40:22,957 - INFO - SIMULATION METRICS
2026-05-17 00:40:22,957 - INFO - ======================================================================
2026-05-17 00:40:22,957 - INFO - Total Loops: 5
2026-05-17 00:40:22,957 - INFO - Agent Turns (no vote checker): 15
2026-05-17 00:40:22,957 - INFO - Agent Tool Calls: 0
2026-05-17 00:40:22,957 - INFO - Agent Tool Messages: 0
2026-05-17 00:40:22,957 - INFO - Memory Updates: 45
2026-05-17 00:40:22,957 - INFO - Total Messages (no vote checker): 15
2026-05-17 00:40:22,957 - INFO - Input Tokens: 174158
2026-05-17 00:40:22,957 - INFO - Output Tokens: 44400
2026-05-17 00:40:22,957 - INFO - Total Tokens: 218558
2026-05-17 00:40:22,957 - INFO - Final Chosen Candidate: Candidate B
2026-05-17 00:40:22,957 - INFO - Final Decision Method: max_round_majority_vote
2026-05-17 00:40:22,958 - INFO - Final Vote Count: {'Candidate B': 2, 'Candidate A': 1}
2026-05-17 00:40:22,958 - INFO - Correct Candidate: Candidate C
2026-05-17 00:40:22,958 - INFO - Decision Correct: 0
2026-05-17 00:40:22,958 - INFO - Runtime: 263.12s
2026-05-17 00:40:22,958 - INFO - ======================================================================
