2026-05-08 09:33:48,125 - INFO - Metrics tracker initialized
{"id": 1, "ts": 1778225628.1512225, "event": "memory_reset"}
{"id": 2, "ts": 1778225628.1547854, "event": "discussion_order", "round": 1, "order": ["agent_3", "agent_2", "agent_1"]}
2026-05-08 09:33:53,883 - INFO - Tokens - Input: 1708, Output: 696, Total: 2404
{"id": 3, "ts": 1778225633.8847437, "event": "public_discussion_message", "round": 1, "agent": "agent_3", "message": "I currently favor Candidate\u202fB. Their strong conscientiousness supports reliability, and they handle stress well while accurately assessing weather\u2014key for long\u2011distance flights. These traits address both safety and technical competence. The main uncertainty is their pretentious demeanor and occasional wrong tone, which could hinder crew cooperation.\nMETADATA_JSON:\n{\"agent\": \"agent_3\", \"vote\": \"Candidate B\"}"}
2026-05-08 09:33:53,884 - INFO - Agent turns: 1
2026-05-08 09:34:00,513 - INFO - Tokens - Input: 1289, Output: 1206, Total: 2495
2026-05-08 09:34:00,515 - INFO - Memory updates: 1
{"id": 4, "ts": 1778225640.5157013, "event": "memory_updated", "agent": "agent_1", "round": 1}
2026-05-08 09:34:02,624 - INFO - Tokens - Input: 1292, Output: 1468, Total: 2760
2026-05-08 09:34:02,625 - INFO - Memory updates: 2
{"id": 5, "ts": 1778225642.6259942, "event": "memory_updated", "agent": "agent_2", "round": 1}
2026-05-08 09:34:02,769 - INFO - Tokens - Input: 1284, Output: 1651, Total: 2935
2026-05-08 09:34:02,771 - INFO - Memory updates: 3
{"id": 6, "ts": 1778225642.7713966, "event": "memory_updated", "agent": "agent_3", "round": 1}
2026-05-08 09:34:05,700 - INFO - Tokens - Input: 2297, Output: 525, Total: 2822
{"id": 7, "ts": 1778225645.7018342, "event": "public_discussion_message", "round": 1, "agent": "agent_2", "message": "I currently favor **Candidate\u202fA**. Their ability to anticipate dangerous situations, see complex connections, and excellent spatial vision give strong situational awareness, while very good leadership qualities support crew coordination on long flights. These traits are critical for safety and effective teamwork over extended routes.\n**Trade\u2011off / uncertainty:** Candidate\u202fA is regarded as a show\u2011off and not open to new ideas, which could strain crew relations and adaptability to evolving procedures.\nMETADATA_JSON:\n{\"agent\": \"agent_2\", \"vote\": \"Candidate A\"}"}
2026-05-08 09:34:05,702 - INFO - Agent turns: 2
2026-05-08 09:34:13,930 - INFO - Tokens - Input: 1941, Output: 1496, Total: 3437
2026-05-08 09:34:13,932 - INFO - Memory updates: 4
{"id": 8, "ts": 1778225653.9324527, "event": "memory_updated", "agent": "agent_2", "round": 1}
2026-05-08 09:34:14,418 - INFO - Tokens - Input: 2130, Output: 1067, Total: 3197
2026-05-08 09:34:14,420 - INFO - Memory updates: 5
{"id": 9, "ts": 1778225654.4206462, "event": "memory_updated", "agent": "agent_3", "round": 1}
2026-05-08 09:34:15,224 - INFO - Tokens - Input: 1914, Output: 1394, Total: 3308
2026-05-08 09:34:15,225 - INFO - Memory updates: 6
{"id": 10, "ts": 1778225655.2260792, "event": "memory_updated", "agent": "agent_1", "round": 1}
2026-05-08 09:34:20,937 - INFO - Tokens - Input: 2524, Output: 946, Total: 3470
{"id": 11, "ts": 1778225660.9388874, "event": "public_discussion_message", "round": 1, "agent": "agent_1", "message": "I favor **Candidate\u202fD**. Their strong problem\u2011solving ability, high concentration, and proven responsibility mean they can handle the technical and unexpected challenges of long\u2011distance flights, and they stay calm under pressure. These traits are essential for safety and reliability on extended routes.\n**Trade\u2011off / uncertainty:** Candidate\u202fD is seen as arrogant and has relatively weak leadership skills, which could affect crew cooperation and morale.\nMETADATA_JSON:\n{\"agent\": \"agent_1\", \"vote\": \"Candidate D\"}"}
2026-05-08 09:34:20,939 - INFO - Agent turns: 3
2026-05-08 09:34:27,323 - INFO - Tokens - Input: 2158, Output: 1264, Total: 3422
2026-05-08 09:34:27,325 - INFO - Memory updates: 7
{"id": 12, "ts": 1778225667.325398, "event": "memory_updated", "agent": "agent_1", "round": 1}
2026-05-08 09:34:27,754 - INFO - Tokens - Input: 2117, Output: 1103, Total: 3220
2026-05-08 09:34:27,755 - INFO - Memory updates: 8
{"id": 13, "ts": 1778225667.7557924, "event": "memory_updated", "agent": "agent_3", "round": 1}
2026-05-08 09:34:28,262 - INFO - Tokens - Input: 2336, Output: 1207, Total: 3543
2026-05-08 09:34:28,264 - INFO - Memory updates: 9
{"id": 14, "ts": 1778225668.2641666, "event": "memory_updated", "agent": "agent_2", "round": 1}
2026-05-08 09:34:28,273 - INFO - Loop 1 completed
{"id": 15, "ts": 1778225668.2944615, "event": "discussion_order", "round": 2, "order": ["agent_1", "agent_2", "agent_3"]}
2026-05-08 09:34:31,351 - INFO - Tokens - Input: 2770, Output: 402, Total: 3172
{"id": 16, "ts": 1778225671.3534703, "event": "public_discussion_message", "round": 2, "agent": "agent_1", "message": "I continue to favor **Candidate D**. Their exceptional problem\u2011solving ability, strong concentration, and calmness under pressure are critical for handling the complex, unexpected challenges of long\u2011distance flights and ensuring safety.\n**Trade\u2011off / uncertainty:** Candidate\u202fD is perceived as arrogant and has relatively weak leadership skills, which could hinder crew cooperation and morale.\nMETADATA_JSON:\n{\"agent\": \"agent_1\", \"vote\": \"Candidate D\"}"}
2026-05-08 09:34:31,353 - INFO - Agent turns: 4
2026-05-08 09:34:36,587 - INFO - Tokens - Input: 2353, Output: 986, Total: 3339
2026-05-08 09:34:36,589 - INFO - Memory updates: 10
{"id": 17, "ts": 1778225676.5898497, "event": "memory_updated", "agent": "agent_1", "round": 2}
2026-05-08 09:34:38,793 - INFO - Tokens - Input: 2181, Output: 984, Total: 3165
2026-05-08 09:34:38,795 - INFO - Memory updates: 11
{"id": 18, "ts": 1778225678.7954369, "event": "memory_updated", "agent": "agent_2", "round": 2}
2026-05-08 09:34:40,835 - INFO - Tokens - Input: 2159, Output: 1332, Total: 3491
2026-05-08 09:34:40,837 - INFO - Memory updates: 12
{"id": 19, "ts": 1778225680.8376584, "event": "memory_updated", "agent": "agent_3", "round": 2}
2026-05-08 09:34:43,876 - INFO - Tokens - Input: 2481, Output: 506, Total: 2987
{"id": 20, "ts": 1778225683.877479, "event": "public_discussion_message", "round": 2, "agent": "agent_2", "message": "I continue to favor **Candidate\u202fA**. Their ability to anticipate dangerous situations, see complex connections, and excellent spatial vision give them superior situational awareness, while very good leadership qualities support effective crew coordination on long\u2011distance flights.\n**Trade\u2011off / uncertainty:** they are regarded as a show\u2011off and not open to new ideas, which could strain crew relations and adaptability to procedural changes.\nMETADATA_JSON:\n{\"agent\": \"agent_2\", \"vote\": \"Candidate A\"}"}
2026-05-08 09:34:43,877 - INFO - Agent turns: 5
2026-05-08 09:34:47,991 - INFO - Tokens - Input: 2105, Output: 785, Total: 2890
2026-05-08 09:34:47,993 - INFO - Memory updates: 13
{"id": 21, "ts": 1778225687.9935226, "event": "memory_updated", "agent": "agent_2", "round": 2}
2026-05-08 09:34:50,328 - INFO - Tokens - Input: 2227, Output: 1020, Total: 3247
2026-05-08 09:34:50,330 - INFO - Memory updates: 14
{"id": 22, "ts": 1778225690.3309484, "event": "memory_updated", "agent": "agent_1", "round": 2}
2026-05-08 09:34:51,848 - INFO - Tokens - Input: 2280, Output: 1202, Total: 3482
2026-05-08 09:34:51,850 - INFO - Memory updates: 15
{"id": 23, "ts": 1778225691.8507378, "event": "memory_updated", "agent": "agent_3", "round": 2}
2026-05-08 09:34:54,616 - INFO - Tokens - Input: 2584, Output: 479, Total: 3063
{"id": 24, "ts": 1778225694.6176739, "event": "public_discussion_message", "round": 2, "agent": "agent_3", "message": "I continue to favor **Candidate\u202fB**. Their high conscientiousness and strong stress\u2011handling ability support reliability on long\u2011haul flights, while their skill in assessing weather and excellent computer competence address the technical demands of extended routes.\n**Trade\u2011off / uncertainty:** Their pretentious demeanor and occasional inappropriate tone could hinder crew cooperation and morale, which is critical in the cockpit.\nMETADATA_JSON:\n{\"agent\": \"agent_3\", \"vote\": \"Candidate B\"}"}
2026-05-08 09:34:54,617 - INFO - Agent turns: 6
2026-05-08 09:34:58,528 - INFO - Tokens - Input: 2081, Output: 765, Total: 2846
2026-05-08 09:34:58,530 - INFO - Memory updates: 16
{"id": 25, "ts": 1778225698.5304258, "event": "memory_updated", "agent": "agent_2", "round": 2}
2026-05-08 09:35:01,582 - INFO - Tokens - Input: 2198, Output: 901, Total: 3099
2026-05-08 09:35:01,583 - INFO - Memory updates: 17
{"id": 26, "ts": 1778225701.584096, "event": "memory_updated", "agent": "agent_3", "round": 2}
2026-05-08 09:35:03,779 - INFO - Tokens - Input: 2350, Output: 1299, Total: 3649
2026-05-08 09:35:03,781 - INFO - Memory updates: 18
{"id": 27, "ts": 1778225703.7816093, "event": "memory_updated", "agent": "agent_1", "round": 2}
2026-05-08 09:35:03,791 - INFO - Loop 2 completed
{"id": 28, "ts": 1778225703.7975757, "event": "discussion_order", "round": 3, "order": ["agent_2", "agent_3", "agent_1"]}
2026-05-08 09:35:06,283 - INFO - Tokens - Input: 2635, Output: 424, Total: 3059
{"id": 29, "ts": 1778225706.2848995, "event": "public_discussion_message", "round": 3, "agent": "agent_2", "message": "I continue to favor **Candidate\u202fA**. Their ability to anticipate dangerous situations, see complex connections, and excellent spatial vision give them superior situational awareness\u2014crucial for navigating long\u2011distance routes and detecting hazards early. Additionally, their very good leadership qualities support effective crew coordination over extended flights.\n**Trade\u2011off / uncertainty:** Candidate\u202fA is seen as a show\u2011off and not open to new ideas, which could strain crew relations and limit adaptability to procedural changes.\nMETADATA_JSON:\n{\"agent\": \"agent_2\", \"vote\": \"Candidate A\"}"}
2026-05-08 09:35:06,285 - INFO - Agent turns: 7
2026-05-08 09:35:12,027 - INFO - Tokens - Input: 2268, Output: 799, Total: 3067
2026-05-08 09:35:12,029 - INFO - Memory updates: 19
{"id": 30, "ts": 1778225712.0295558, "event": "memory_updated", "agent": "agent_2", "round": 3}
2026-05-08 09:35:13,186 - INFO - Tokens - Input: 2351, Output: 1004, Total: 3355
2026-05-08 09:35:13,188 - INFO - Memory updates: 20
{"id": 31, "ts": 1778225713.188422, "event": "memory_updated", "agent": "agent_3", "round": 3}
2026-05-08 09:35:16,872 - INFO - Tokens - Input: 2735, Output: 1521, Total: 4256
2026-05-08 09:35:16,873 - INFO - Memory updates: 21
{"id": 32, "ts": 1778225716.8739161, "event": "memory_updated", "agent": "agent_1", "round": 3}
2026-05-08 09:35:17,944 - INFO - Tokens - Input: 2851, Output: 211, Total: 3062
{"id": 33, "ts": 1778225717.9460943, "event": "public_discussion_message", "round": 3, "agent": "agent_3", "message": "I continue to favor **Candidate\u202fB**. Their high conscientiousness and strong ability to handle stress support reliability on long\u2011haul flights, while their skill in assessing weather and excellent computer competence address the technical demands of extended routes.\n**Trade\u2011off / uncertainty:** Their pretentious demeanor and occasional inappropriate tone could undermine crew cooperation and cockpit harmony, which are critical for safe operations.\nMETADATA_JSON:\n{\"agent\": \"agent_3\", \"vote\": \"Candidate B\"}"}
2026-05-08 09:35:17,946 - INFO - Agent turns: 8
2026-05-08 09:35:22,163 - INFO - Tokens - Input: 2382, Output: 825, Total: 3207
2026-05-08 09:35:22,165 - INFO - Memory updates: 22
{"id": 34, "ts": 1778225722.1656938, "event": "memory_updated", "agent": "agent_2", "round": 3}
2026-05-08 09:35:22,795 - INFO - Tokens - Input: 2467, Output: 827, Total: 3294
2026-05-08 09:35:22,796 - INFO - Memory updates: 23
{"id": 35, "ts": 1778225722.797107, "event": "memory_updated", "agent": "agent_3", "round": 3}
2026-05-08 09:35:24,183 - INFO - Tokens - Input: 2407, Output: 937, Total: 3344
2026-05-08 09:35:24,185 - INFO - Memory updates: 24
{"id": 36, "ts": 1778225724.1853962, "event": "memory_updated", "agent": "agent_1", "round": 3}
2026-05-08 09:35:28,980 - INFO - Tokens - Input: 2947, Output: 926, Total: 3873
{"id": 37, "ts": 1778225728.9822764, "event": "public_discussion_message", "round": 3, "agent": "agent_1", "message": "I favor **Candidate\u202fD**. Their outstanding problem\u2011solving ability, strong concentration, and proven calmness under unexpected events show they can handle the technical and safety challenges of ultra\u2011long flights while taking responsibility seriously.\n**Trade\u2011off / uncertainty:** D is regarded as arrogant and has relatively weak leadership skills, which may hinder crew cooperation and morale in the cockpit.\nMETADATA_JSON:\n{\"agent\": \"agent_1\", \"vote\": \"Candidate D\"}"}
2026-05-08 09:35:28,982 - INFO - Agent turns: 9
2026-05-08 09:35:34,968 - INFO - Tokens - Input: 2561, Output: 886, Total: 3447
2026-05-08 09:35:34,970 - INFO - Memory updates: 25
{"id": 38, "ts": 1778225734.970395, "event": "memory_updated", "agent": "agent_1", "round": 3}
2026-05-08 09:35:34,985 - INFO - Tokens - Input: 2514, Output: 1040, Total: 3554
2026-05-08 09:35:34,987 - INFO - Memory updates: 26
{"id": 39, "ts": 1778225734.9872644, "event": "memory_updated", "agent": "agent_3", "round": 3}
2026-05-08 09:35:36,041 - INFO - Tokens - Input: 2471, Output: 935, Total: 3406
2026-05-08 09:35:36,043 - INFO - Memory updates: 27
{"id": 40, "ts": 1778225736.0438724, "event": "memory_updated", "agent": "agent_2", "round": 3}
2026-05-08 09:35:36,052 - INFO - Loop 3 completed
{"id": 41, "ts": 1778225736.057821, "event": "discussion_order", "round": 4, "order": ["agent_2", "agent_1", "agent_3"]}
2026-05-08 09:35:38,804 - INFO - Tokens - Input: 2965, Output: 484, Total: 3449
{"id": 42, "ts": 1778225738.8061001, "event": "public_discussion_message", "round": 4, "agent": "agent_2", "message": "I continue to favor **Candidate\u202fA**. Their ability to anticipate dangerous situations, see complex connections, and excellent spatial vision give them superior situational awareness\u2014crucial for detecting hazards on long\u2011distance routes. Their very good leadership qualities also support effective crew coordination over extended flights.\n**Trade\u2011off / uncertainty:** they are regarded as a show\u2011off and not open to new ideas, which could strain crew relations and limit adaptability to evolving procedures.\nMETADATA_JSON:\n{\"agent\": \"agent_2\", \"vote\": \"Candidate A\"}"}
2026-05-08 09:35:38,806 - INFO - Agent turns: 10
2026-05-08 09:35:45,113 - INFO - Tokens - Input: 2700, Output: 974, Total: 3674
2026-05-08 09:35:45,117 - INFO - Memory updates: 28
{"id": 43, "ts": 1778225745.1179776, "event": "memory_updated", "agent": "agent_3", "round": 4}
2026-05-08 09:35:45,124 - INFO - Tokens - Input: 2588, Output: 1194, Total: 3782
2026-05-08 09:35:45,126 - INFO - Memory updates: 29
{"id": 44, "ts": 1778225745.1262646, "event": "memory_updated", "agent": "agent_2", "round": 4}
2026-05-08 09:35:48,770 - INFO - Tokens - Input: 2713, Output: 1417, Total: 4130
2026-05-08 09:35:48,772 - INFO - Memory updates: 30
{"id": 45, "ts": 1778225748.7724044, "event": "memory_updated", "agent": "agent_1", "round": 4}
2026-05-08 09:35:49,907 - INFO - Tokens - Input: 3173, Output: 203, Total: 3376
{"id": 46, "ts": 1778225749.9090314, "event": "public_discussion_message", "round": 4, "agent": "agent_1", "message": "I continue to favor **Candidate\u202fD**. Their exceptional problem\u2011solving ability, strong concentration, and proven calmness when unexpected events arise directly support the technical and safety demands of ultra\u2011long\u2011haul flights, while their serious sense of responsibility ensures reliability.\n**Trade\u2011off / uncertainty:** Candidate\u202fD is regarded as arrogant and has relatively weak leadership skills, which could hinder crew cooperation and morale in the cockpit.\nMETADATA_JSON:\n{\"agent\": \"agent_1\", \"vote\": \"Candidate D\"}"}
2026-05-08 09:35:49,909 - INFO - Agent turns: 11
2026-05-08 09:35:55,411 - INFO - Tokens - Input: 2807, Output: 976, Total: 3783
2026-05-08 09:35:55,413 - INFO - Memory updates: 31
{"id": 47, "ts": 1778225755.4132743, "event": "memory_updated", "agent": "agent_1", "round": 4}
2026-05-08 09:35:55,808 - INFO - Tokens - Input: 2797, Output: 950, Total: 3747
2026-05-08 09:35:55,810 - INFO - Memory updates: 32
{"id": 48, "ts": 1778225755.8102715, "event": "memory_updated", "agent": "agent_3", "round": 4}
2026-05-08 09:35:56,588 - INFO - Tokens - Input: 2702, Output: 1230, Total: 3932
2026-05-08 09:35:56,589 - INFO - Memory updates: 33
{"id": 49, "ts": 1778225756.5897038, "event": "memory_updated", "agent": "agent_2", "round": 4}
2026-05-08 09:35:57,838 - INFO - Tokens - Input: 3094, Output: 197, Total: 3291
{"id": 50, "ts": 1778225757.8395698, "event": "public_discussion_message", "round": 4, "agent": "agent_3", "message": "I continue to favor **Candidate\u202fB**. Their high conscientiousness and strong ability to handle stress give reliable, steady performance on ultra\u2011long\u2011haul flights, while their skill in assessing weather and excellent computer competence meet the technical demands of complex, extended routes.\n**Trade\u2011off / uncertainty:** Their pretentious demeanor and occasional inappropriate tone could undermine cockpit cooperation and crew morale, which are critical for safety.\nMETADATA_JSON:\n{\"agent\": \"agent_3\", \"vote\": \"Candidate B\"}"}
2026-05-08 09:35:57,839 - INFO - Agent turns: 12
2026-05-08 09:36:02,722 - INFO - Tokens - Input: 2722, Output: 981, Total: 3703
2026-05-08 09:36:02,724 - INFO - Memory updates: 34
{"id": 51, "ts": 1778225762.724728, "event": "memory_updated", "agent": "agent_3", "round": 4}
2026-05-08 09:36:03,935 - INFO - Tokens - Input: 2966, Output: 958, Total: 3924
2026-05-08 09:36:03,936 - INFO - Memory updates: 35
{"id": 52, "ts": 1778225763.9369352, "event": "memory_updated", "agent": "agent_1", "round": 4}
2026-05-08 09:36:05,367 - INFO - Tokens - Input: 2804, Output: 1034, Total: 3838
2026-05-08 09:36:05,369 - INFO - Memory updates: 36
{"id": 53, "ts": 1778225765.3694727, "event": "memory_updated", "agent": "agent_2", "round": 4}
2026-05-08 09:36:05,378 - INFO - Loop 4 completed
{"id": 54, "ts": 1778225765.3847184, "event": "discussion_order", "round": 5, "order": ["agent_3", "agent_1", "agent_2"]}
2026-05-08 09:36:08,072 - INFO - Tokens - Input: 3207, Output: 188, Total: 3395
{"id": 55, "ts": 1778225768.0738468, "event": "public_discussion_message", "round": 5, "agent": "agent_3", "message": "I continue to favor **Candidate\u202fB**. Their high conscientiousness and strong stress\u2011handling ability give reliable, steady performance on ultra\u2011long\u2011haul flights, while their skill in assessing weather and excellent computer competence meet the technical demands of complex, extended routes.\n**Trade\u2011off / uncertainty:** Their pretentious demeanor and occasional inappropriate tone could undermine cockpit cooperation and crew morale, which is critical for safety.\nMETADATA_JSON:\n{\"agent\": \"agent_3\", \"vote\": \"Candidate B\"}"}
2026-05-08 09:36:08,074 - INFO - Agent turns: 13
2026-05-08 09:36:12,305 - INFO - Tokens - Input: 2885, Output: 868, Total: 3753
2026-05-08 09:36:12,306 - INFO - Memory updates: 37
{"id": 56, "ts": 1778225772.3067596, "event": "memory_updated", "agent": "agent_2", "round": 5}
2026-05-08 09:36:13,281 - INFO - Tokens - Input: 2810, Output: 865, Total: 3675
2026-05-08 09:36:13,283 - INFO - Memory updates: 38
{"id": 57, "ts": 1778225773.28334, "event": "memory_updated", "agent": "agent_3", "round": 5}
2026-05-08 09:36:13,864 - INFO - Tokens - Input: 3007, Output: 968, Total: 3975
2026-05-08 09:36:13,866 - INFO - Memory updates: 39
{"id": 58, "ts": 1778225773.866942, "event": "memory_updated", "agent": "agent_1", "round": 5}
2026-05-08 09:36:14,982 - INFO - Tokens - Input: 3514, Output: 203, Total: 3717
{"id": 59, "ts": 1778225774.983817, "event": "public_discussion_message", "round": 5, "agent": "agent_1", "message": "I continue to favor **Candidate\u202fD**. Their outstanding problem\u2011solving ability, strong concentration, and proven calmness when unexpected events arise directly support the technical and safety demands of ultra\u2011long\u2011haul flights, while their serious sense of responsibility ensures reliability.\n**Trade\u2011off / uncertainty:** D is regarded as arrogant and has relatively weak leadership skills, which could hinder crew cooperation and morale in the cockpit.\nMETADATA_JSON:\n{\"agent\": \"agent_1\", \"vote\": \"Candidate D\"}"}
2026-05-08 09:36:14,984 - INFO - Agent turns: 14
2026-05-08 09:36:19,804 - INFO - Tokens - Input: 3144, Output: 850, Total: 3994
2026-05-08 09:36:19,806 - INFO - Memory updates: 40
{"id": 60, "ts": 1778225779.806653, "event": "memory_updated", "agent": "agent_1", "round": 5}
2026-05-08 09:36:21,078 - INFO - Tokens - Input: 3014, Output: 1094, Total: 4108
2026-05-08 09:36:21,080 - INFO - Memory updates: 41
{"id": 61, "ts": 1778225781.0808778, "event": "memory_updated", "agent": "agent_2", "round": 5}
2026-05-08 09:36:23,073 - INFO - Tokens - Input: 2917, Output: 867, Total: 3784
2026-05-08 09:36:23,075 - INFO - Memory updates: 42
{"id": 62, "ts": 1778225783.075708, "event": "memory_updated", "agent": "agent_3", "round": 5}
2026-05-08 09:36:24,212 - INFO - Tokens - Input: 3502, Output: 203, Total: 3705
{"id": 63, "ts": 1778225784.214366, "event": "public_discussion_message", "round": 5, "agent": "agent_2", "message": "I continue to favor **Candidate\u202fA**. Their ability to anticipate dangerous situations and excellent spatial vision give them superior situational awareness, which is vital for detecting hazards on long\u2011distance routes. Their very good leadership qualities also support effective crew coordination over extended flights.\n**Trade\u2011off / uncertainty:** Candidate\u202fA is seen as a show\u2011off and not open to new ideas, raising concerns about crew morale and adaptability to evolving procedures.\nMETADATA_JSON:\n{\"agent\": \"agent_2\", \"vote\": \"Candidate A\"}"}
2026-05-08 09:36:24,214 - INFO - Agent turns: 15
2026-05-08 09:36:28,737 - INFO - Tokens - Input: 3142, Output: 891, Total: 4033
2026-05-08 09:36:28,739 - INFO - Memory updates: 43
{"id": 64, "ts": 1778225788.7393625, "event": "memory_updated", "agent": "agent_2", "round": 5}
2026-05-08 09:36:29,083 - INFO - Tokens - Input: 3126, Output: 790, Total: 3916
2026-05-08 09:36:29,085 - INFO - Memory updates: 44
{"id": 65, "ts": 1778225789.0853577, "event": "memory_updated", "agent": "agent_3", "round": 5}
2026-05-08 09:36:31,316 - INFO - Tokens - Input: 3232, Output: 1150, Total: 4382
2026-05-08 09:36:31,317 - INFO - Memory updates: 45
{"id": 66, "ts": 1778225791.317978, "event": "memory_updated", "agent": "agent_1", "round": 5}
2026-05-08 09:36:31,327 - INFO - Loop 5 completed
2026-05-08 09:36:31,327 - INFO - Final Chosen Candidate: None
2026-05-08 09:36:31,327 - INFO - Final Decision Method: max_round_no_majority
2026-05-08 09:36:31,327 - INFO - Final Vote Count: {'Candidate D': 1, 'Candidate A': 1, 'Candidate B': 1}
2026-05-08 09:36:31,327 - INFO - Correct Candidate: Candidate C
2026-05-08 09:36:31,328 - INFO - Decision Correct: 0
{"id": 67, "ts": 1778225791.703464, "event": "context_consistency_calculated", "method": "embedding_cosine", "mean_pairwise_similarity": 0.817594, "pairwise": [{"agent_a": "agent_1", "agent_b": "agent_2", "similarity": 0.784902}, {"agent_a": "agent_1", "agent_b": "agent_3", "similarity": 0.795618}, {"agent_a": "agent_2", "agent_b": "agent_3", "similarity": 0.872261}]}
{"id": 68, "ts": 1778225791.7036593, "event": "agent_memories_archived", "directory": "/home/lhegemann/git/bachelor_thesis/01_data/raw/simulations/moderate/moderate_treatment_20260508_080303_004/shared_mental_models", "round": 5}
{"id": 69, "ts": 1778225791.7037516, "event": "final_decision", "candidate": null, "method": "max_round_no_majority", "vote_count": {"Candidate D": 1, "Candidate A": 1, "Candidate B": 1}, "correct_candidate": "Candidate C", "decision_correct": 0, "round": 5}
2026-05-08 09:36:31,717 - INFO - ======================================================================
2026-05-08 09:36:31,717 - INFO - SIMULATION METRICS
2026-05-08 09:36:31,717 - INFO - ======================================================================
2026-05-08 09:36:31,717 - INFO - Total Loops: 5
2026-05-08 09:36:31,717 - INFO - Agent Turns (no vote checker): 15
2026-05-08 09:36:31,718 - INFO - Agent Tool Calls: 0
2026-05-08 09:36:31,718 - INFO - Agent Tool Messages: 0
2026-05-08 09:36:31,718 - INFO - Memory Updates: 45
2026-05-08 09:36:31,718 - INFO - Total Messages (no vote checker): 15
2026-05-08 09:36:31,718 - INFO - Input Tokens: 152879
2026-05-08 09:36:31,718 - INFO - Output Tokens: 54554
2026-05-08 09:36:31,718 - INFO - Total Tokens: 207433
2026-05-08 09:36:31,718 - INFO - Final Chosen Candidate: None
2026-05-08 09:36:31,718 - INFO - Final Decision Method: max_round_no_majority
2026-05-08 09:36:31,718 - INFO - Final Vote Count: {'Candidate D': 1, 'Candidate A': 1, 'Candidate B': 1}
2026-05-08 09:36:31,718 - INFO - Correct Candidate: Candidate C
2026-05-08 09:36:31,718 - INFO - Decision Correct: 0
2026-05-08 09:36:31,718 - INFO - Runtime: 163.59s
2026-05-08 09:36:31,718 - INFO - ======================================================================
