2026-05-07 21:32:38,394 - INFO - Metrics tracker initialized
{"id": 1, "ts": 1778182358.423036, "event": "memory_reset"}
{"id": 2, "ts": 1778182358.4274635, "event": "discussion_order", "round": 1, "order": ["agent_3", "agent_1", "agent_2"]}
2026-05-07 21:32:43,563 - INFO - Tokens - Input: 1387, Output: 488, Total: 1875
{"id": 3, "ts": 1778182363.5645895, "event": "public_discussion_message", "round": 1, "agent": "agent_3", "message": "I prefer Candidate B; handles stress very well.\nMETADATA_JSON:\n{\"agent\": \"agent_3\", \"vote\": \"Candidate B\"}"}
2026-05-07 21:32:43,564 - INFO - Agent turns: 1
2026-05-07 21:32:47,616 - INFO - Tokens - Input: 1449, Output: 547, Total: 1996
{"id": 4, "ts": 1778182367.6174686, "event": "public_discussion_message", "round": 1, "agent": "agent_1", "message": "I prefer Candidate C; known to be 100% reliable.\nMETADATA_JSON:\n{\"agent\": \"agent_1\", \"vote\": \"Candidate C\"}"}
2026-05-07 21:32:47,617 - INFO - Agent turns: 2
2026-05-07 21:32:51,732 - INFO - Tokens - Input: 1496, Output: 549, Total: 2045
{"id": 5, "ts": 1778182371.7333965, "event": "public_discussion_message", "round": 1, "agent": "agent_2", "message": "I prefer Candidate A; excellent spatial vision.\nMETADATA_JSON:\n{\"agent\": \"agent_2\", \"vote\": \"Candidate A\"}"}
2026-05-07 21:32:51,733 - INFO - Agent turns: 3
2026-05-07 21:32:51,742 - INFO - Loop 1 completed
{"id": 6, "ts": 1778182371.748213, "event": "discussion_order", "round": 2, "order": ["agent_3", "agent_1", "agent_2"]}
2026-05-07 21:32:58,043 - INFO - Tokens - Input: 1523, Output: 676, Total: 2199
{"id": 7, "ts": 1778182378.04476, "event": "public_discussion_message", "round": 2, "agent": "agent_3", "message": "I prefer Candidate B; handles stress very well.\nMETADATA_JSON:\n{\"agent\": \"agent_3\", \"vote\": \"Candidate B\"}"}
2026-05-07 21:32:58,044 - INFO - Agent turns: 4
2026-05-07 21:33:01,514 - INFO - Tokens - Input: 1565, Output: 474, Total: 2039
{"id": 8, "ts": 1778182381.5154634, "event": "public_discussion_message", "round": 2, "agent": "agent_1", "message": "I prefer Candidate C; known to be 100% reliable.\nMETADATA_JSON:\n{\"agent\": \"agent_1\", \"vote\": \"Candidate C\"}"}
2026-05-07 21:33:01,515 - INFO - Agent turns: 5
2026-05-07 21:33:06,609 - INFO - Tokens - Input: 1612, Output: 697, Total: 2309
{"id": 9, "ts": 1778182386.6107569, "event": "public_discussion_message", "round": 2, "agent": "agent_2", "message": "I prefer Candidate B; very conscientious.\nMETADATA_JSON:\n{\"agent\": \"agent_2\", \"vote\": \"Candidate B\"}"}
2026-05-07 21:33:06,610 - INFO - Agent turns: 6
2026-05-07 21:33:06,618 - INFO - Loop 2 completed
{"id": 10, "ts": 1778182386.624387, "event": "discussion_order", "round": 3, "order": ["agent_2", "agent_1", "agent_3"]}
2026-05-07 21:33:14,939 - INFO - Tokens - Input: 1639, Output: 631, Total: 2270
{"id": 11, "ts": 1778182394.9410748, "event": "public_discussion_message", "round": 3, "agent": "agent_2", "message": "I prefer Candidate B; very conscientious.\nMETADATA_JSON:\n{\"agent\": \"agent_2\", \"vote\": \"Candidate B\"}"}
2026-05-07 21:33:14,941 - INFO - Agent turns: 7
2026-05-07 21:33:20,160 - INFO - Tokens - Input: 1676, Output: 704, Total: 2380
{"id": 12, "ts": 1778182400.1613224, "event": "public_discussion_message", "round": 3, "agent": "agent_1", "message": "I prefer Candidate C; known to be 100% reliable.\nMETADATA_JSON:\n{\"agent\": \"agent_1\", \"vote\": \"Candidate C\"}"}
2026-05-07 21:33:20,161 - INFO - Agent turns: 8
2026-05-07 21:33:25,151 - INFO - Tokens - Input: 1717, Output: 731, Total: 2448
{"id": 13, "ts": 1778182405.153114, "event": "public_discussion_message", "round": 3, "agent": "agent_3", "message": "I prefer Candidate B; handles stress very well.\nMETADATA_JSON:\n{\"agent\": \"agent_3\", \"vote\": \"Candidate B\"}"}
2026-05-07 21:33:25,153 - INFO - Agent turns: 9
2026-05-07 21:33:25,162 - INFO - Loop 3 completed
{"id": 14, "ts": 1778182405.168083, "event": "discussion_order", "round": 4, "order": ["agent_2", "agent_1", "agent_3"]}
2026-05-07 21:33:33,311 - INFO - Tokens - Input: 1754, Output: 1037, Total: 2791
{"id": 15, "ts": 1778182413.3123991, "event": "public_discussion_message", "round": 4, "agent": "agent_2", "message": "I prefer Candidate B; very conscientious.\nMETADATA_JSON:\n{\"agent\": \"agent_2\", \"vote\": \"Candidate B\"}"}
2026-05-07 21:33:33,312 - INFO - Agent turns: 10
2026-05-07 21:33:40,716 - INFO - Tokens - Input: 1791, Output: 1032, Total: 2823
{"id": 16, "ts": 1778182420.7176833, "event": "public_discussion_message", "round": 4, "agent": "agent_1", "message": "I prefer Candidate C; known to be 100% reliable.\nMETADATA_JSON:\n{\"agent\": \"agent_1\", \"vote\": \"Candidate C\"}"}
2026-05-07 21:33:40,717 - INFO - Agent turns: 11
2026-05-07 21:33:45,200 - INFO - Tokens - Input: 1832, Output: 611, Total: 2443
{"id": 17, "ts": 1778182425.2023134, "event": "public_discussion_message", "round": 4, "agent": "agent_3", "message": "I prefer Candidate B; handles stress very well.\nMETADATA_JSON:\n{\"agent\": \"agent_3\", \"vote\": \"Candidate B\"}"}
2026-05-07 21:33:45,202 - INFO - Agent turns: 12
2026-05-07 21:33:45,211 - INFO - Loop 4 completed
{"id": 18, "ts": 1778182425.2170084, "event": "discussion_order", "round": 5, "order": ["agent_2", "agent_1", "agent_3"]}
2026-05-07 21:33:50,724 - INFO - Tokens - Input: 1869, Output: 644, Total: 2513
{"id": 19, "ts": 1778182430.7258668, "event": "public_discussion_message", "round": 5, "agent": "agent_2", "message": "I still prefer Candidate B; very conscientious.\nMETADATA_JSON:\n{\"agent\": \"agent_2\", \"vote\": \"Candidate B\"}"}
2026-05-07 21:33:50,726 - INFO - Agent turns: 13
2026-05-07 21:33:55,921 - INFO - Tokens - Input: 1908, Output: 690, Total: 2598
{"id": 20, "ts": 1778182435.9223886, "event": "public_discussion_message", "round": 5, "agent": "agent_1", "message": "I prefer Candidate A; very good leadership qualities.\nMETADATA_JSON:\n{\"agent\": \"agent_1\", \"vote\": \"Candidate A\"}"}
2026-05-07 21:33:55,922 - INFO - Agent turns: 14
2026-05-07 21:34:02,752 - INFO - Tokens - Input: 1942, Output: 816, Total: 2758
{"id": 21, "ts": 1778182442.7538207, "event": "public_discussion_message", "round": 5, "agent": "agent_3", "message": "I prefer Candidate B; good at assessing weather conditions.\nMETADATA_JSON:\n{\"agent\": \"agent_3\", \"vote\": \"Candidate B\"}"}
2026-05-07 21:34:02,753 - INFO - Agent turns: 15
2026-05-07 21:34:02,762 - INFO - Loop 5 completed
2026-05-07 21:34:02,763 - INFO - Final Chosen Candidate: Candidate B
2026-05-07 21:34:02,763 - INFO - Final Decision Method: max_round_majority_vote
2026-05-07 21:34:02,763 - INFO - Final Vote Count: {'Candidate A': 1, 'Candidate B': 2}
2026-05-07 21:34:02,763 - INFO - Correct Candidate: Candidate C
2026-05-07 21:34:02,763 - INFO - Decision Correct: 0
{"id": 22, "ts": 1778182442.764567, "event": "context_consistency_not_applicable", "reason": "explicit_smm_memory_disabled"}
{"id": 23, "ts": 1778182442.7647066, "event": "final_decision", "candidate": "Candidate B", "method": "max_round_majority_vote", "vote_count": {"Candidate A": 1, "Candidate B": 2}, "correct_candidate": "Candidate C", "decision_correct": 0, "round": 5}
2026-05-07 21:34:02,772 - INFO - ======================================================================
2026-05-07 21:34:02,772 - INFO - SIMULATION METRICS
2026-05-07 21:34:02,772 - INFO - ======================================================================
2026-05-07 21:34:02,772 - INFO - Total Loops: 5
2026-05-07 21:34:02,772 - INFO - Agent Turns (no vote checker): 15
2026-05-07 21:34:02,773 - INFO - Agent Tool Calls: 0
2026-05-07 21:34:02,773 - INFO - Agent Tool Messages: 0
2026-05-07 21:34:02,773 - INFO - Memory Updates: 0
2026-05-07 21:34:02,773 - INFO - Total Messages (no vote checker): 15
2026-05-07 21:34:02,773 - INFO - Input Tokens: 25160
2026-05-07 21:34:02,773 - INFO - Output Tokens: 10327
2026-05-07 21:34:02,773 - INFO - Total Tokens: 35487
2026-05-07 21:34:02,773 - INFO - Final Chosen Candidate: Candidate B
2026-05-07 21:34:02,773 - INFO - Final Decision Method: max_round_majority_vote
2026-05-07 21:34:02,773 - INFO - Final Vote Count: {'Candidate A': 1, 'Candidate B': 2}
2026-05-07 21:34:02,773 - INFO - Correct Candidate: Candidate C
2026-05-07 21:34:02,774 - INFO - Decision Correct: 0
2026-05-07 21:34:02,774 - INFO - Runtime: 84.38s
2026-05-07 21:34:02,774 - INFO - ======================================================================
