2026-05-10 05:28:53,130 - INFO - Metrics tracker initialized
{"id": 1, "ts": 1778383733.1559386, "event": "memory_reset"}
{"id": 2, "ts": 1778383733.15907, "event": "discussion_order", "round": 1, "order": ["agent_2", "agent_1", "agent_3"]}
2026-05-10 05:29:00,517 - INFO - Tokens - Input: 1422, Output: 682, Total: 2104
{"id": 3, "ts": 1778383740.5195544, "event": "public_discussion_message", "round": 1, "agent": "agent_2", "message": "I currently favor Candidate\u202fB because his high conscientiousness and ability to handle stress support reliability and calmness under pressure, and his strong weather\u2011assessment and computer skills give solid technical competence for long\u2011distance operations. The main trade\u2011off is his tendency to make nasty remarks about colleagues, which could undermine crew cooperation and morale.\nMETADATA_JSON:\n{\"agent\": \"agent_2\", \"vote\": \"Candidate B\"}"}
2026-05-10 05:29:00,519 - INFO - Agent turns: 1
2026-05-10 05:29:07,349 - INFO - Tokens - Input: 1588, Output: 872, Total: 2460
{"id": 4, "ts": 1778383747.3514273, "event": "public_discussion_message", "round": 1, "agent": "agent_1", "message": "I currently favor Candidate\u202fA because his strong leadership, ability to anticipate dangerous situations, and excellent spatial vision give him high situational awareness and technical competence essential for long\u2011distance flights. These traits support both safety and effective decision\u2011making in complex, extended operations. The main trade\u2011off is that he can be unorganized and sometimes struggles with criticism, which could affect reliability and crew interaction.\nMETADATA_JSON:\n{\"agent\": \"agent_1\", \"vote\": \"Candidate A\"}"}
2026-05-10 05:29:07,351 - INFO - Agent turns: 2
2026-05-10 05:29:13,500 - INFO - Tokens - Input: 1703, Output: 780, Total: 2483
{"id": 5, "ts": 1778383753.5016582, "event": "public_discussion_message", "round": 1, "agent": "agent_3", "message": "I currently favor Candidate\u202fB because his very conscientious nature and strong ability to handle stress support reliability and calmness under pressure\u2014both essential for long\u2011distance flights. Additionally, his skill in assessing weather conditions and excellent computer abilities give him solid technical competence for navigating extended routes. The main trade\u2011off is his tendency to be pretentious and sometimes use the wrong tone when communicating, which could hinder crew cooperation and morale.\nMETADATA_JSON:\n{\"agent\": \"agent_3\", \"vote\": \"Candidate B\"}"}
2026-05-10 05:29:13,501 - INFO - Agent turns: 3
2026-05-10 05:29:13,511 - INFO - Loop 1 completed
{"id": 6, "ts": 1778383753.5184765, "event": "discussion_order", "round": 2, "order": ["agent_1", "agent_3", "agent_2"]}
2026-05-10 05:29:21,095 - INFO - Tokens - Input: 1745, Output: 765, Total: 2510
{"id": 7, "ts": 1778383761.0972085, "event": "public_discussion_message", "round": 2, "agent": "agent_1", "message": "I continue to favor Candidate\u202fA. His very good leadership, ability to anticipate dangerous situations, and excellent spatial vision give him strong situational awareness and technical competence crucial for long\u2011distance flights. The main trade\u2011off is his tendency to be unorganized and to struggle with criticism, which could impact reliability and crew interaction.\nMETADATA_JSON:\n{\"agent\": \"agent_1\", \"vote\": \"Candidate A\"}"}
2026-05-10 05:29:21,097 - INFO - Agent turns: 4
2026-05-10 05:29:27,522 - INFO - Tokens - Input: 1894, Output: 780, Total: 2674
{"id": 8, "ts": 1778383767.5239735, "event": "public_discussion_message", "round": 2, "agent": "agent_3", "message": "I continue to favor Candidate\u202fB. His strong conscientiousness and ability to handle stress give him high reliability and calmness under pressure, while his skill in assessing weather conditions and excellent computer abilities provide solid technical competence for long\u2011distance operations. The main trade\u2011off is his tendency to be pretentious and sometimes use the wrong tone when communicating, which could undermine crew cooperation and morale.\nMETADATA_JSON:\n{\"agent\": \"agent_3\", \"vote\": \"Candidate B\"}"}
2026-05-10 05:29:27,524 - INFO - Agent turns: 5
2026-05-10 05:29:37,977 - INFO - Tokens - Input: 2019, Output: 1305, Total: 3324
{"id": 9, "ts": 1778383777.9781814, "event": "public_discussion_message", "round": 2, "agent": "agent_2", "message": "I continue to favor Candidate\u202fB. His very conscientious nature and ability to handle stress give him high reliability and calmness under pressure, which are essential for long\u2011distance operations. In addition, his strong weather\u2011assessment ability and excellent computer skills provide solid technical competence for navigating extended routes. The main trade\u2011off is his tendency to make pretentious remarks and use an inappropriate tone with colleagues, which could undermine crew cooperation and morale.\nMETADATA_JSON:\n{\"agent\": \"agent_2\", \"vote\": \"Candidate B\"}"}
2026-05-10 05:29:37,978 - INFO - Agent turns: 6
2026-05-10 05:29:37,993 - INFO - Loop 2 completed
{"id": 10, "ts": 1778383777.9971507, "event": "discussion_order", "round": 3, "order": ["agent_3", "agent_1", "agent_2"]}
2026-05-10 05:29:51,353 - INFO - Tokens - Input: 2053, Output: 661, Total: 2714
{"id": 11, "ts": 1778383791.3559666, "event": "public_discussion_message", "round": 3, "agent": "agent_3", "message": "I continue to favor Candidate\u202fB. His very conscientious nature and strong ability to handle stress give him high reliability and calmness under pressure, which are essential for long\u2011distance flights. Additionally, his skill in assessing weather conditions and excellent computer abilities provide solid technical competence for navigating extended routes. The main trade\u2011off is his tendency to be pretentious and sometimes use the wrong tone when communicating, which could undermine crew cooperation and morale.\nMETADATA_JSON:\n{\"agent\": \"agent_3\", \"vote\": \"Candidate B\"}"}
2026-05-10 05:29:51,356 - INFO - Agent turns: 7
2026-05-10 05:30:01,536 - INFO - Tokens - Input: 2256, Output: 813, Total: 3069
{"id": 12, "ts": 1778383801.538539, "event": "public_discussion_message", "round": 3, "agent": "agent_1", "message": "I continue to favor Candidate\u202fA. His very good leadership, ability to anticipate dangerous situations, and excellent spatial vision give him strong situational awareness and technical competence essential for long\u2011distance flights. The main trade\u2011off is his tendency to be unorganized and to struggle with criticism, which could affect reliability and crew interaction.\nMETADATA_JSON:\n{\"agent\": \"agent_1\", \"vote\": \"Candidate A\"}"}
2026-05-10 05:30:01,538 - INFO - Agent turns: 8
2026-05-10 05:30:16,411 - INFO - Tokens - Input: 2330, Output: 1507, Total: 3837
{"id": 13, "ts": 1778383816.4133968, "event": "public_discussion_message", "round": 3, "agent": "agent_2", "message": "I now favor Candidate\u202fA. His strong leadership and ability to anticipate dangerous situations give him high situational awareness, while his excellent spatial vision supports the technical demands of long\u2011distance navigation. These traits are crucial for safe, efficient operations. The main trade\u2011off is his reputation as a show\u2011off and being resistant to new ideas, which could hinder crew cooperation and adaptability.\nMETADATA_JSON:\n{\"agent\": \"agent_2\", \"vote\": \"Candidate A\"}"}
2026-05-10 05:30:16,413 - INFO - Agent turns: 9
2026-05-10 05:30:16,423 - INFO - Loop 3 completed
{"id": 14, "ts": 1778383816.4297085, "event": "discussion_order", "round": 4, "order": ["agent_3", "agent_2", "agent_1"]}
2026-05-10 05:30:24,257 - INFO - Tokens - Input: 2365, Output: 908, Total: 3273
{"id": 15, "ts": 1778383824.2587225, "event": "public_discussion_message", "round": 4, "agent": "agent_3", "message": "I now favor Candidate\u202fD because his strong problem\u2011solving ability, high responsibility, and proven capacity to respond effectively to unexpected events give him solid reliability and calmness under pressure\u2014key for long\u2011distance flights. Additionally, his excellent concentration supports the sustained attention required on extended routes. The main trade\u2011off is his moody demeanor and reputation as a loner, which could hinder crew cooperation and morale.\nMETADATA_JSON:\n{\"agent\": \"agent_3\", \"vote\": \"Candidate D\"}"}
2026-05-10 05:30:24,258 - INFO - Agent turns: 10
2026-05-10 05:30:37,453 - INFO - Tokens - Input: 2563, Output: 885, Total: 3448
{"id": 16, "ts": 1778383837.4553285, "event": "public_discussion_message", "round": 4, "agent": "agent_2", "message": "I now favor Candidate\u202fD. His exceptional problem\u2011solving ability, strong sense of responsibility, and proven capacity to respond effectively to unexpected events give him high reliability and calmness under pressure\u2014key for long\u2011distance flights. His excellent concentration also supports the sustained attention required on extended routes. The main trade\u2011off is his hot temper and reputation as a loner, which could undermine crew cooperation and morale.\nMETADATA_JSON:\n{\"agent\": \"agent_2\", \"vote\": \"Candidate D\"}"}
2026-05-10 05:30:37,455 - INFO - Agent turns: 11
2026-05-10 05:30:50,809 - INFO - Tokens - Input: 2671, Output: 814, Total: 3485
{"id": 17, "ts": 1778383850.8111408, "event": "public_discussion_message", "round": 4, "agent": "agent_1", "message": "I continue to favor Candidate\u202fA. His very good leadership and ability to anticipate dangerous situations give strong situational awareness and decision\u2011making capacity, while his excellent spatial vision supports the technical demands of long\u2011distance navigation. These traits are central to safety and effective crew coordination on extended flights. The main trade\u2011off is his tendency to be unorganized and to struggle with criticism, which could impact reliability and crew interaction.\nMETADATA_JSON:\n{\"agent\": \"agent_1\", \"vote\": \"Candidate A\"}"}
2026-05-10 05:30:50,811 - INFO - Agent turns: 12
2026-05-10 05:30:50,821 - INFO - Loop 4 completed
{"id": 18, "ts": 1778383850.8279462, "event": "discussion_order", "round": 5, "order": ["agent_2", "agent_1", "agent_3"]}
2026-05-10 05:31:00,620 - INFO - Tokens - Input: 2707, Output: 697, Total: 3404
{"id": 19, "ts": 1778383860.6220212, "event": "public_discussion_message", "round": 5, "agent": "agent_2", "message": "I continue to favor Candidate\u202fD. His exceptional problem\u2011solving ability, strong sense of responsibility, and proven capacity to respond effectively to unexpected events give him high reliability and calmness under pressure\u2014crucial for long\u2011distance flights. His excellent concentration supports the sustained attention such routes demand. The main trade\u2011off is his hot temper and reputation as a loner, which could undermine crew cooperation and morale.\nMETADATA_JSON:\n{\"agent\": \"agent_2\", \"vote\": \"Candidate D\"}"}
2026-05-10 05:31:00,622 - INFO - Agent turns: 13
2026-05-10 05:31:07,248 - INFO - Tokens - Input: 2896, Output: 714, Total: 3610
{"id": 20, "ts": 1778383867.2500713, "event": "public_discussion_message", "round": 5, "agent": "agent_1", "message": "I continue to favor Candidate\u202fA. His very good leadership, ability to anticipate dangerous situations, and excellent spatial vision give him strong situational awareness and technical competence essential for long\u2011distance flights. The main trade\u2011off is his tendency to be unorganized and to struggle with criticism, which could affect reliability and crew interaction.\nMETADATA_JSON:\n{\"agent\": \"agent_1\", \"vote\": \"Candidate A\"}"}
2026-05-10 05:31:07,250 - INFO - Agent turns: 14
2026-05-10 05:31:13,775 - INFO - Tokens - Input: 2966, Output: 769, Total: 3735
{"id": 21, "ts": 1778383873.7773983, "event": "public_discussion_message", "round": 5, "agent": "agent_3", "message": "I continue to favor Candidate\u202fD. His exceptional problem\u2011solving ability, strong sense of responsibility, and proven capacity to respond effectively to unexpected events give him high reliability and calmness under pressure\u2014key for long\u2011distance flights. In addition, his excellent concentration supports the sustained attention required on extended routes. The main trade\u2011off is his moody demeanor and reputation as a loner, which could hinder crew cooperation and morale.\nMETADATA_JSON:\n{\"agent\": \"agent_3\", \"vote\": \"Candidate D\"}"}
2026-05-10 05:31:13,777 - INFO - Agent turns: 15
2026-05-10 05:31:13,787 - INFO - Loop 5 completed
2026-05-10 05:31:13,788 - INFO - Final Chosen Candidate: Candidate D
2026-05-10 05:31:13,788 - INFO - Final Decision Method: max_round_majority_vote
2026-05-10 05:31:13,788 - INFO - Final Vote Count: {'Candidate A': 1, 'Candidate D': 2}
2026-05-10 05:31:13,788 - INFO - Correct Candidate: Candidate C
2026-05-10 05:31:13,788 - INFO - Decision Correct: 0
{"id": 22, "ts": 1778383873.7900267, "event": "context_consistency_not_applicable", "reason": "explicit_smm_memory_disabled"}
{"id": 23, "ts": 1778383873.7901793, "event": "final_decision", "candidate": "Candidate D", "method": "max_round_majority_vote", "vote_count": {"Candidate A": 1, "Candidate D": 2}, "correct_candidate": "Candidate C", "decision_correct": 0, "round": 5}
2026-05-10 05:31:13,799 - INFO - ======================================================================
2026-05-10 05:31:13,799 - INFO - SIMULATION METRICS
2026-05-10 05:31:13,799 - INFO - ======================================================================
2026-05-10 05:31:13,799 - INFO - Total Loops: 5
2026-05-10 05:31:13,799 - INFO - Agent Turns (no vote checker): 15
2026-05-10 05:31:13,799 - INFO - Agent Tool Calls: 0
2026-05-10 05:31:13,799 - INFO - Agent Tool Messages: 0
2026-05-10 05:31:13,800 - INFO - Memory Updates: 0
2026-05-10 05:31:13,800 - INFO - Total Messages (no vote checker): 15
2026-05-10 05:31:13,800 - INFO - Input Tokens: 33178
2026-05-10 05:31:13,800 - INFO - Output Tokens: 12952
2026-05-10 05:31:13,800 - INFO - Total Tokens: 46130
2026-05-10 05:31:13,800 - INFO - Final Chosen Candidate: Candidate D
2026-05-10 05:31:13,800 - INFO - Final Decision Method: max_round_majority_vote
2026-05-10 05:31:13,800 - INFO - Final Vote Count: {'Candidate A': 1, 'Candidate D': 2}
2026-05-10 05:31:13,800 - INFO - Correct Candidate: Candidate C
2026-05-10 05:31:13,800 - INFO - Decision Correct: 0
2026-05-10 05:31:13,800 - INFO - Runtime: 140.67s
2026-05-10 05:31:13,800 - INFO - ======================================================================
