2026-05-17 22:57:34,248 - INFO - Metrics tracker initialized
{"id": 1, "ts": 1779051454.2786317, "event": "memory_reset"}
{"id": 2, "ts": 1779051454.2821429, "event": "discussion_order", "round": 1, "order": ["agent_2", "agent_3", "agent_1"]}
2026-05-17 22:57:41,471 - INFO - Tokens - Input: 1737, Output: 720, Total: 2457
{"id": 3, "ts": 1779051461.472653, "event": "public_discussion_message", "round": 1, "agent": "agent_2", "message": "I favor Candidate A \u2013 but is regarded as not open to new ideas.\nMETADATA_JSON:\n{\"agent\": \"agent_2\", \"vote\": \"Candidate A\"}"}
2026-05-17 22:57:41,472 - INFO - Agent turns: 1
2026-05-17 22:57:50,772 - INFO - Tokens - Input: 1475, Output: 698, Total: 2173
2026-05-17 22:57:50,775 - INFO - Memory updates: 1
{"id": 4, "ts": 1779051470.7757037, "event": "memory_updated", "agent": "agent_3", "round": 1}
2026-05-17 22:57:50,809 - INFO - Tokens - Input: 1480, Output: 703, Total: 2183
2026-05-17 22:57:50,811 - INFO - Memory updates: 2
{"id": 5, "ts": 1779051470.811429, "event": "memory_updated", "agent": "agent_1", "round": 1}
2026-05-17 22:57:51,187 - INFO - Tokens - Input: 1483, Output: 751, Total: 2234
2026-05-17 22:57:51,189 - INFO - Memory updates: 3
{"id": 6, "ts": 1779051471.1894531, "event": "memory_updated", "agent": "agent_2", "round": 1}
2026-05-17 22:57:56,023 - INFO - Tokens - Input: 1729, Output: 589, Total: 2318
{"id": 7, "ts": 1779051476.0252774, "event": "public_discussion_message", "round": 1, "agent": "agent_3", "message": "I prefer Candidate B \u2013 handles stress very well.\nMETADATA_JSON:\n{\"agent\": \"agent_3\", \"vote\": \"Candidate B\"}"}
2026-05-17 22:57:56,025 - INFO - Agent turns: 2
2026-05-17 22:58:03,078 - INFO - Tokens - Input: 1476, Output: 494, Total: 1970
2026-05-17 22:58:03,081 - INFO - Memory updates: 4
{"id": 8, "ts": 1779051483.0812411, "event": "memory_updated", "agent": "agent_3", "round": 1}
2026-05-17 22:58:04,745 - INFO - Tokens - Input: 1484, Output: 675, Total: 2159
2026-05-17 22:58:04,747 - INFO - Memory updates: 5
{"id": 9, "ts": 1779051484.7475996, "event": "memory_updated", "agent": "agent_1", "round": 1}
2026-05-17 22:58:07,605 - INFO - Tokens - Input: 1521, Output: 1043, Total: 2564
2026-05-17 22:58:07,608 - INFO - Memory updates: 6
{"id": 10, "ts": 1779051487.6082919, "event": "memory_updated", "agent": "agent_2", "round": 1}
2026-05-17 22:58:12,586 - INFO - Tokens - Input: 1808, Output: 602, Total: 2410
{"id": 11, "ts": 1779051492.588233, "event": "public_discussion_message", "round": 1, "agent": "agent_1", "message": "I favor Candidate C \u2013 known to be 100% reliable.\nMETADATA_JSON:\n{\"agent\": \"agent_1\", \"vote\": \"Candidate C\"}"}
2026-05-17 22:58:12,588 - INFO - Agent turns: 3
2026-05-17 22:58:19,288 - INFO - Tokens - Input: 1558, Output: 489, Total: 2047
2026-05-17 22:58:19,291 - INFO - Memory updates: 7
{"id": 12, "ts": 1779051499.2912166, "event": "memory_updated", "agent": "agent_1", "round": 1}
2026-05-17 22:58:26,015 - INFO - Tokens - Input: 1544, Output: 1197, Total: 2741
2026-05-17 22:58:26,017 - INFO - Memory updates: 8
{"id": 13, "ts": 1779051506.017692, "event": "memory_updated", "agent": "agent_2", "round": 1}
2026-05-17 22:58:27,931 - INFO - Tokens - Input: 1517, Output: 1436, Total: 2953
2026-05-17 22:58:27,936 - INFO - Memory updates: 9
{"id": 14, "ts": 1779051507.9363582, "event": "memory_updated", "agent": "agent_3", "round": 1}
2026-05-17 22:58:27,946 - INFO - Loop 1 completed
{"id": 15, "ts": 1779051507.952351, "event": "discussion_order", "round": 2, "order": ["agent_3", "agent_2", "agent_1"]}
2026-05-17 22:58:34,561 - INFO - Tokens - Input: 1966, Output: 805, Total: 2771
{"id": 16, "ts": 1779051514.562718, "event": "public_discussion_message", "round": 2, "agent": "agent_3", "message": "I prefer Candidate B \u2013 handles stress very well.\nMETADATA_JSON:\n{\"agent\": \"agent_3\", \"vote\": \"Candidate B\"}"}
2026-05-17 22:58:34,562 - INFO - Agent turns: 4
2026-05-17 22:58:38,729 - INFO - Tokens - Input: 1713, Output: 267, Total: 1980
2026-05-17 22:58:38,732 - INFO - Memory updates: 10
{"id": 17, "ts": 1779051518.7323456, "event": "memory_updated", "agent": "agent_3", "round": 2}
2026-05-17 22:58:39,428 - INFO - Tokens - Input: 1610, Output: 342, Total: 1952
2026-05-17 22:58:39,430 - INFO - Memory updates: 11
{"id": 18, "ts": 1779051519.4305177, "event": "memory_updated", "agent": "agent_1", "round": 2}
2026-05-17 22:58:40,307 - INFO - Tokens - Input: 1606, Output: 453, Total: 2059
2026-05-17 22:58:40,309 - INFO - Memory updates: 12
{"id": 19, "ts": 1779051520.3093503, "event": "memory_updated", "agent": "agent_2", "round": 2}
2026-05-17 22:58:47,580 - INFO - Tokens - Input: 1897, Output: 885, Total: 2782
{"id": 20, "ts": 1779051527.5822809, "event": "public_discussion_message", "round": 2, "agent": "agent_2", "message": "I prefer Candidate C \u2013 keeps calm in a crisis.\nMETADATA_JSON:\n{\"agent\": \"agent_2\", \"vote\": \"Candidate C\"}"}
2026-05-17 22:58:47,582 - INFO - Agent turns: 5
2026-05-17 22:59:06,286 - INFO - Tokens - Input: 1649, Output: 1412, Total: 3061
2026-05-17 22:59:06,288 - INFO - Memory updates: 13
{"id": 21, "ts": 1779051546.2887945, "event": "memory_updated", "agent": "agent_1", "round": 2}
2026-05-17 22:59:08,770 - INFO - Tokens - Input: 1645, Output: 1653, Total: 3298
2026-05-17 22:59:08,772 - INFO - Memory updates: 14
{"id": 22, "ts": 1779051548.7730458, "event": "memory_updated", "agent": "agent_2", "round": 2}
2026-05-17 22:59:09,026 - INFO - Tokens - Input: 1752, Output: 1684, Total: 3436
2026-05-17 22:59:09,028 - INFO - Memory updates: 15
{"id": 23, "ts": 1779051549.0282967, "event": "memory_updated", "agent": "agent_3", "round": 2}
2026-05-17 22:59:10,923 - INFO - Tokens - Input: 2098, Output: 178, Total: 2276
{"id": 24, "ts": 1779051550.9246168, "event": "public_discussion_message", "round": 2, "agent": "agent_1", "message": "I prefer Candidate C \u2013 100% reliable.\nMETADATA_JSON:\n{\"agent\": \"agent_1\", \"vote\": \"Candidate C\"}"}
2026-05-17 22:59:10,924 - INFO - Agent turns: 6
2026-05-17 22:59:15,182 - INFO - Tokens - Input: 1817, Output: 237, Total: 2054
2026-05-17 22:59:15,185 - INFO - Memory updates: 16
{"id": 25, "ts": 1779051555.185365, "event": "memory_updated", "agent": "agent_3", "round": 2}
2026-05-17 22:59:16,148 - INFO - Tokens - Input: 2021, Output: 332, Total: 2353
2026-05-17 22:59:16,151 - INFO - Memory updates: 17
{"id": 26, "ts": 1779051556.1514683, "event": "memory_updated", "agent": "agent_2", "round": 2}
2026-05-17 22:59:16,554 - INFO - Tokens - Input: 1845, Output: 384, Total: 2229
2026-05-17 22:59:16,556 - INFO - Memory updates: 18
{"id": 27, "ts": 1779051556.5568502, "event": "memory_updated", "agent": "agent_1", "round": 2}
2026-05-17 22:59:16,564 - INFO - Loop 2 completed
{"id": 28, "ts": 1779051556.5709653, "event": "discussion_order", "round": 3, "order": ["agent_3", "agent_2", "agent_1"]}
2026-05-17 22:59:21,377 - INFO - Tokens - Input: 2108, Output: 561, Total: 2669
{"id": 29, "ts": 1779051561.3785818, "event": "public_discussion_message", "round": 3, "agent": "agent_3", "message": "I prefer Candidate B \u2013 handles stress very well.\nMETADATA_JSON:\n{\"agent\": \"agent_3\", \"vote\": \"Candidate B\"}"}
2026-05-17 22:59:21,378 - INFO - Agent turns: 7
2026-05-17 22:59:26,523 - INFO - Tokens - Input: 1855, Output: 362, Total: 2217
2026-05-17 22:59:26,525 - INFO - Memory updates: 19
{"id": 30, "ts": 1779051566.5254362, "event": "memory_updated", "agent": "agent_3", "round": 3}
2026-05-17 22:59:31,719 - INFO - Tokens - Input: 2059, Output: 914, Total: 2973
2026-05-17 22:59:31,721 - INFO - Memory updates: 20
{"id": 31, "ts": 1779051571.72208, "event": "memory_updated", "agent": "agent_2", "round": 3}
2026-05-17 22:59:32,148 - INFO - Tokens - Input: 1883, Output: 971, Total: 2854
2026-05-17 22:59:32,151 - INFO - Memory updates: 21
{"id": 32, "ts": 1779051572.151254, "event": "memory_updated", "agent": "agent_1", "round": 3}
2026-05-17 22:59:34,397 - INFO - Tokens - Input: 2384, Output: 227, Total: 2611
{"id": 33, "ts": 1779051574.398813, "event": "public_discussion_message", "round": 3, "agent": "agent_2", "message": "Candidate C \u2013 keeps calm in a crisis.\nMETADATA_JSON:\n{\"agent\": \"agent_2\", \"vote\": \"Candidate C\"}"}
2026-05-17 22:59:34,399 - INFO - Agent turns: 8
2026-05-17 22:59:39,266 - INFO - Tokens - Input: 2130, Output: 313, Total: 2443
2026-05-17 22:59:39,269 - INFO - Memory updates: 22
{"id": 34, "ts": 1779051579.2695317, "event": "memory_updated", "agent": "agent_2", "round": 3}
2026-05-17 22:59:39,362 - INFO - Tokens - Input: 2014, Output: 324, Total: 2338
2026-05-17 22:59:39,365 - INFO - Memory updates: 23
{"id": 35, "ts": 1779051579.3655508, "event": "memory_updated", "agent": "agent_1", "round": 3}
2026-05-17 22:59:39,507 - INFO - Tokens - Input: 1892, Output: 341, Total: 2233
2026-05-17 22:59:39,509 - INFO - Memory updates: 24
{"id": 36, "ts": 1779051579.509903, "event": "memory_updated", "agent": "agent_3", "round": 3}
2026-05-17 22:59:41,756 - INFO - Tokens - Input: 2305, Output: 231, Total: 2536
{"id": 37, "ts": 1779051581.757727, "event": "public_discussion_message", "round": 3, "agent": "agent_1", "message": "I prefer Candidate C \u2013 100% reliable.\nMETADATA_JSON:\n{\"agent\": \"agent_1\", \"vote\": \"Candidate C\"}"}
2026-05-17 22:59:41,757 - INFO - Agent turns: 9
2026-05-17 22:59:46,369 - INFO - Tokens - Input: 2168, Output: 315, Total: 2483
2026-05-17 22:59:46,372 - INFO - Memory updates: 25
{"id": 38, "ts": 1779051586.3724334, "event": "memory_updated", "agent": "agent_2", "round": 3}
2026-05-17 22:59:46,555 - INFO - Tokens - Input: 2052, Output: 335, Total: 2387
2026-05-17 22:59:46,557 - INFO - Memory updates: 26
{"id": 39, "ts": 1779051586.5575774, "event": "memory_updated", "agent": "agent_1", "round": 3}
2026-05-17 22:59:47,056 - INFO - Tokens - Input: 1930, Output: 398, Total: 2328
2026-05-17 22:59:47,059 - INFO - Memory updates: 27
{"id": 40, "ts": 1779051587.0594597, "event": "memory_updated", "agent": "agent_3", "round": 3}
2026-05-17 22:59:47,066 - INFO - Loop 3 completed
{"id": 41, "ts": 1779051587.0725822, "event": "discussion_order", "round": 4, "order": ["agent_1", "agent_3", "agent_2"]}
2026-05-17 22:59:48,733 - INFO - Tokens - Input: 2343, Output: 149, Total: 2492
{"id": 42, "ts": 1779051588.7345972, "event": "public_discussion_message", "round": 4, "agent": "agent_1", "message": "Candidate C \u2013 100% reliable\nMETADATA_JSON:\n{\"agent\": \"agent_1\", \"vote\": \"Candidate C\"}"}
2026-05-17 22:59:48,734 - INFO - Agent turns: 10
2026-05-17 22:59:52,760 - INFO - Tokens - Input: 1966, Output: 281, Total: 2247
2026-05-17 22:59:52,762 - INFO - Memory updates: 28
{"id": 43, "ts": 1779051592.7628098, "event": "memory_updated", "agent": "agent_3", "round": 4}
2026-05-17 22:59:53,869 - INFO - Tokens - Input: 2088, Output: 398, Total: 2486
2026-05-17 22:59:53,872 - INFO - Memory updates: 29
{"id": 44, "ts": 1779051593.872174, "event": "memory_updated", "agent": "agent_1", "round": 4}
2026-05-17 22:59:57,061 - INFO - Tokens - Input: 2204, Output: 802, Total: 3006
2026-05-17 22:59:57,063 - INFO - Memory updates: 30
{"id": 45, "ts": 1779051597.0638118, "event": "memory_updated", "agent": "agent_2", "round": 4}
2026-05-17 23:00:00,625 - INFO - Tokens - Input: 2257, Output: 404, Total: 2661
{"id": 46, "ts": 1779051600.6264987, "event": "public_discussion_message", "round": 4, "agent": "agent_3", "message": "I prefer Candidate B \u2013 handles stress very well.\nMETADATA_JSON:\n{\"agent\": \"agent_3\", \"vote\": \"Candidate B\"}"}
2026-05-17 23:00:00,626 - INFO - Agent turns: 11
2026-05-17 23:00:06,371 - INFO - Tokens - Input: 2126, Output: 401, Total: 2527
2026-05-17 23:00:06,374 - INFO - Memory updates: 31
{"id": 47, "ts": 1779051606.37494, "event": "memory_updated", "agent": "agent_1", "round": 4}
2026-05-17 23:00:06,462 - INFO - Tokens - Input: 2327, Output: 409, Total: 2736
2026-05-17 23:00:06,464 - INFO - Memory updates: 32
{"id": 48, "ts": 1779051606.4646668, "event": "memory_updated", "agent": "agent_2", "round": 4}
2026-05-17 23:00:06,908 - INFO - Tokens - Input: 2004, Output: 467, Total: 2471
2026-05-17 23:00:06,911 - INFO - Memory updates: 33
{"id": 49, "ts": 1779051606.9112608, "event": "memory_updated", "agent": "agent_3", "round": 4}
2026-05-17 23:00:08,617 - INFO - Tokens - Input: 2618, Output: 156, Total: 2774
{"id": 50, "ts": 1779051608.6185467, "event": "public_discussion_message", "round": 4, "agent": "agent_2", "message": "I prefer Candidate C \u2013 keeps calm in a crisis.\nMETADATA_JSON:\n{\"agent\": \"agent_2\", \"vote\": \"Candidate C\"}"}
2026-05-17 23:00:08,618 - INFO - Agent turns: 12
2026-05-17 23:00:14,070 - INFO - Tokens - Input: 2165, Output: 379, Total: 2544
2026-05-17 23:00:14,073 - INFO - Memory updates: 34
{"id": 51, "ts": 1779051614.0737479, "event": "memory_updated", "agent": "agent_1", "round": 4}
2026-05-17 23:00:14,402 - INFO - Tokens - Input: 2042, Output: 413, Total: 2455
2026-05-17 23:00:14,404 - INFO - Memory updates: 35
{"id": 52, "ts": 1779051614.4042776, "event": "memory_updated", "agent": "agent_3", "round": 4}
2026-05-17 23:00:15,168 - INFO - Tokens - Input: 2366, Output: 513, Total: 2879
2026-05-17 23:00:15,170 - INFO - Memory updates: 36
{"id": 53, "ts": 1779051615.1702397, "event": "memory_updated", "agent": "agent_2", "round": 4}
2026-05-17 23:00:15,176 - INFO - Loop 4 completed
{"id": 54, "ts": 1779051615.1811447, "event": "discussion_order", "round": 5, "order": ["agent_2", "agent_1", "agent_3"]}
2026-05-17 23:00:16,895 - INFO - Tokens - Input: 2657, Output: 156, Total: 2813
{"id": 55, "ts": 1779051616.8972828, "event": "public_discussion_message", "round": 5, "agent": "agent_2", "message": "I prefer Candidate C \u2013 but has difficulty communicating ideas.\nMETADATA_JSON:\n{\"agent\": \"agent_2\", \"vote\": \"Candidate C\"}"}
2026-05-17 23:00:16,897 - INFO - Agent turns: 13
2026-05-17 23:00:27,474 - INFO - Tokens - Input: 2405, Output: 788, Total: 3193
2026-05-17 23:00:27,477 - INFO - Memory updates: 37
{"id": 56, "ts": 1779051627.4775708, "event": "memory_updated", "agent": "agent_2", "round": 5}
2026-05-17 23:00:28,004 - INFO - Tokens - Input: 2081, Output: 843, Total: 2924
2026-05-17 23:00:28,006 - INFO - Memory updates: 38
{"id": 57, "ts": 1779051628.0070946, "event": "memory_updated", "agent": "agent_3", "round": 5}
2026-05-17 23:00:32,456 - INFO - Tokens - Input: 2204, Output: 1401, Total: 3605
2026-05-17 23:00:32,459 - INFO - Memory updates: 39
{"id": 58, "ts": 1779051632.459231, "event": "memory_updated", "agent": "agent_1", "round": 5}
2026-05-17 23:00:34,054 - INFO - Tokens - Input: 2507, Output: 157, Total: 2664
{"id": 59, "ts": 1779051634.0552979, "event": "public_discussion_message", "round": 5, "agent": "agent_1", "message": "Candidate C \u2013 100% reliable\nMETADATA_JSON:\n{\"agent\": \"agent_1\", \"vote\": \"Candidate C\"}"}
2026-05-17 23:00:34,055 - INFO - Agent turns: 14
2026-05-17 23:00:39,672 - INFO - Tokens - Input: 2134, Output: 358, Total: 2492
2026-05-17 23:00:39,674 - INFO - Memory updates: 40
{"id": 60, "ts": 1779051639.6750464, "event": "memory_updated", "agent": "agent_3", "round": 5}
2026-05-17 23:00:40,363 - INFO - Tokens - Input: 2252, Output: 431, Total: 2683
2026-05-17 23:00:40,365 - INFO - Memory updates: 41
{"id": 61, "ts": 1779051640.365671, "event": "memory_updated", "agent": "agent_1", "round": 5}
2026-05-17 23:00:40,537 - INFO - Tokens - Input: 2450, Output: 452, Total: 2902
2026-05-17 23:00:40,539 - INFO - Memory updates: 42
{"id": 62, "ts": 1779051640.539496, "event": "memory_updated", "agent": "agent_2", "round": 5}
2026-05-17 23:00:45,462 - INFO - Tokens - Input: 2425, Output: 556, Total: 2981
{"id": 63, "ts": 1779051645.4641523, "event": "public_discussion_message", "round": 5, "agent": "agent_3", "message": "I prefer Candidate B \u2013 handles stress well.\nMETADATA_JSON:\n{\"agent\": \"agent_3\", \"vote\": \"Candidate B\"}"}
2026-05-17 23:00:45,464 - INFO - Agent turns: 15
2026-05-17 23:00:50,739 - INFO - Tokens - Input: 2285, Output: 323, Total: 2608
2026-05-17 23:00:50,741 - INFO - Memory updates: 43
{"id": 64, "ts": 1779051650.7420468, "event": "memory_updated", "agent": "agent_1", "round": 5}
2026-05-17 23:00:51,008 - INFO - Tokens - Input: 2487, Output: 350, Total: 2837
2026-05-17 23:00:51,010 - INFO - Memory updates: 44
{"id": 65, "ts": 1779051651.0105531, "event": "memory_updated", "agent": "agent_2", "round": 5}
2026-05-17 23:00:52,359 - INFO - Tokens - Input: 2171, Output: 520, Total: 2691
2026-05-17 23:00:52,364 - INFO - Memory updates: 45
{"id": 66, "ts": 1779051652.3643098, "event": "memory_updated", "agent": "agent_3", "round": 5}
2026-05-17 23:00:52,373 - INFO - Loop 5 completed
2026-05-17 23:00:52,373 - INFO - Final Chosen Candidate: Candidate C
2026-05-17 23:00:52,374 - INFO - Final Decision Method: max_round_majority_vote
2026-05-17 23:00:52,374 - INFO - Final Vote Count: {'Candidate C': 2, 'Candidate B': 1}
2026-05-17 23:00:52,374 - INFO - Correct Candidate: Candidate C
2026-05-17 23:00:52,374 - INFO - Decision Correct: 1
{"id": 67, "ts": 1779051652.9291427, "event": "context_consistency_calculated", "method": "weighted_section_embedding_cosine", "mean_pairwise_similarity": 0.850782, "pairwise": [{"agent_a": "agent_1", "agent_b": "agent_2", "similarity": 0.862521, "sections": [{"section": "task_summary", "weight": 0.02, "similarity": 0.932292}, {"section": "revealed_facts_by_source", "weight": 0.3, "similarity": 0.811532}, {"section": "candidate_evaluation", "weight": 0.35, "similarity": 0.93556}, {"section": "other_agents_positions", "weight": 0.15, "similarity": 0.947646}, {"section": "emerging_group_view", "weight": 0.13, "similarity": 0.842459}, {"section": "open_questions_next_step_focus", "weight": 0.05, "similarity": 0.426073}]}, {"agent_a": "agent_1", "agent_b": "agent_3", "similarity": 0.883286, "sections": [{"section": "task_summary", "weight": 0.02, "similarity": 1.0}, {"section": "revealed_facts_by_source", "weight": 0.3, "similarity": 0.929821}, {"section": "candidate_evaluation", "weight": 0.35, "similarity": 0.89142}, {"section": "other_agents_positions", "weight": 0.15, "similarity": 0.94451}, {"section": "emerging_group_view", "weight": 0.13, "similarity": 0.62051}, {"section": "open_questions_next_step_focus", "weight": 0.05, "similarity": 1.0}]}, {"agent_a": "agent_2", "agent_b": "agent_3", "similarity": 0.80654, "sections": [{"section": "task_summary", "weight": 0.02, "similarity": 0.932292}, {"section": "revealed_facts_by_source", "weight": 0.3, "similarity": 0.85843}, {"section": "candidate_evaluation", "weight": 0.35, "similarity": 0.851589}, {"section": "other_agents_positions", "weight": 0.15, "similarity": 0.944967}, {"section": "emerging_group_view", "weight": 0.13, "similarity": 0.532768}, {"section": "open_questions_next_step_focus", "weight": 0.05, "similarity": 0.426073}]}]}
{"id": 68, "ts": 1779051652.9292562, "event": "gold_standard_alignment_calculated", "method": "rule_based_fact_coverage", "mean_alignment": 0.65, "by_agent": [{"agent": "agent_1", "score": 0.65, "matched_facts": 26, "total_facts": 40, "matched_public_facts": 16, "total_public_facts": 16, "public_fact_coverage": 1.0, "matched_own_private_facts": 8, "total_own_private_facts": 8, "own_private_fact_coverage": 1.0, "matched_other_private_facts": 2, "total_other_private_facts": 16, "other_private_fact_coverage": 0.125, "checks": {"public_candidate_a_can_anticipate_dangerous_situations": 1, "public_candidate_a_is_able_to_see_complex_connections": 1, "public_candidate_a_has_excellent_spatial_vision": 1, "public_candidate_a_has_very_good_leadership_qualities": 1, "public_candidate_b_is_very_conscientious": 1, "public_candidate_b_handles_stress_very_well": 1, "public_candidate_b_is_good_at_assessing_weather_conditions": 1, "public_candidate_b_has_excellent_computer_skills": 1, "public_candidate_c_can_make_correct_decisions_quickly": 1, "public_candidate_c_has_difficulty_communicating_ideas": 1, "public_candidate_c_is_regarded_as_egocentric": 1, "public_candidate_c_is_not_very_willing_to_further_his_education": 1, "public_candidate_d_responds_to_unexpected_events_adequately": 1, "public_candidate_d_can_concentrate_very_well": 1, "public_candidate_d_solves_problems_extremely_well": 1, "public_candidate_d_takes_responsibility_seriously": 1, "agent_1_candidate_a_is_sometimes_not_good_at_taking_criticism": 1, "agent_1_candidate_a_can_be_unorganized": 1, "agent_1_candidate_b_can_be_grumpy": 1, "agent_1_candidate_b_can_be_uncooperative": 1, "agent_1_candidate_c_is_known_to_be_100_percent_reliable": 1, "agent_1_candidate_c_creates_a_positive_atmosphere_with_his_crew": 1, "agent_1_candidate_d_is_regarded_as_arrogant": 1, "agent_1_candidate_d_has_relatively_weak_leadership_skills": 1, "agent_2_candidate_a_is_regarded_as_a_show_off": 0, "agent_2_candidate_a_is_regarded_as_being_not_open_to_new_ideas": 1, "agent_2_candidate_b_has_a_relatively_weak_memory_for_numbers": 0, "agent_2_candidate_b_makes_nasty_remarks_about_his_colleagues": 0, "agent_2_candidate_c_keeps_calm_in_a_crisis": 1, "agent_2_candidate_c_understands_complicated_technology": 0, "agent_2_candidate_d_is_regarded_as_a_know_it_all": 0, "agent_2_candidate_d_has_a_hot_temper": 0, "agent_3_candidate_a_is_unfriendly": 0, "agent_3_candidate_a_eats_unhealthily": 0, "agent_3_candidate_b_is_regarded_as_pretentious": 0, "agent_3_candidate_b_sometimes_adopts_the_wrong_tone_when_communicating": 0, "agent_3_candidate_c_puts_concern_for_others_above_everything": 0, "agent_3_candidate_c_has_excellent_attention_skills": 0, "agent_3_candidate_d_is_considered_moody": 0, "agent_3_candidate_d_is_regarded_as_a_loner": 0}}, {"agent": "agent_2", "score": 0.625, "matched_facts": 25, "total_facts": 40, "matched_public_facts": 16, "total_public_facts": 16, "public_fact_coverage": 1.0, "matched_own_private_facts": 8, "total_own_private_facts": 8, "own_private_fact_coverage": 1.0, "matched_other_private_facts": 1, "total_other_private_facts": 16, "other_private_fact_coverage": 0.0625, "checks": {"public_candidate_a_can_anticipate_dangerous_situations": 1, "public_candidate_a_is_able_to_see_complex_connections": 1, "public_candidate_a_has_excellent_spatial_vision": 1, "public_candidate_a_has_very_good_leadership_qualities": 1, "public_candidate_b_is_very_conscientious": 1, "public_candidate_b_handles_stress_very_well": 1, "public_candidate_b_is_good_at_assessing_weather_conditions": 1, "public_candidate_b_has_excellent_computer_skills": 1, "public_candidate_c_can_make_correct_decisions_quickly": 1, "public_candidate_c_has_difficulty_communicating_ideas": 1, "public_candidate_c_is_regarded_as_egocentric": 1, "public_candidate_c_is_not_very_willing_to_further_his_education": 1, "public_candidate_d_responds_to_unexpected_events_adequately": 1, "public_candidate_d_can_concentrate_very_well": 1, "public_candidate_d_solves_problems_extremely_well": 1, "public_candidate_d_takes_responsibility_seriously": 1, "agent_1_candidate_a_is_sometimes_not_good_at_taking_criticism": 0, "agent_1_candidate_a_can_be_unorganized": 0, "agent_1_candidate_b_can_be_grumpy": 0, "agent_1_candidate_b_can_be_uncooperative": 0, "agent_1_candidate_c_is_known_to_be_100_percent_reliable": 1, "agent_1_candidate_c_creates_a_positive_atmosphere_with_his_crew": 0, "agent_1_candidate_d_is_regarded_as_arrogant": 0, "agent_1_candidate_d_has_relatively_weak_leadership_skills": 0, "agent_2_candidate_a_is_regarded_as_a_show_off": 1, "agent_2_candidate_a_is_regarded_as_being_not_open_to_new_ideas": 1, "agent_2_candidate_b_has_a_relatively_weak_memory_for_numbers": 1, "agent_2_candidate_b_makes_nasty_remarks_about_his_colleagues": 1, "agent_2_candidate_c_keeps_calm_in_a_crisis": 1, "agent_2_candidate_c_understands_complicated_technology": 1, "agent_2_candidate_d_is_regarded_as_a_know_it_all": 1, "agent_2_candidate_d_has_a_hot_temper": 1, "agent_3_candidate_a_is_unfriendly": 0, "agent_3_candidate_a_eats_unhealthily": 0, "agent_3_candidate_b_is_regarded_as_pretentious": 0, "agent_3_candidate_b_sometimes_adopts_the_wrong_tone_when_communicating": 0, "agent_3_candidate_c_puts_concern_for_others_above_everything": 0, "agent_3_candidate_c_has_excellent_attention_skills": 0, "agent_3_candidate_d_is_considered_moody": 0, "agent_3_candidate_d_is_regarded_as_a_loner": 0}}, {"agent": "agent_3", "score": 0.675, "matched_facts": 27, "total_facts": 40, "matched_public_facts": 16, "total_public_facts": 16, "public_fact_coverage": 1.0, "matched_own_private_facts": 8, "total_own_private_facts": 8, "own_private_fact_coverage": 1.0, "matched_other_private_facts": 3, "total_other_private_facts": 16, "other_private_fact_coverage": 0.1875, "checks": {"public_candidate_a_can_anticipate_dangerous_situations": 1, "public_candidate_a_is_able_to_see_complex_connections": 1, "public_candidate_a_has_excellent_spatial_vision": 1, "public_candidate_a_has_very_good_leadership_qualities": 1, "public_candidate_b_is_very_conscientious": 1, "public_candidate_b_handles_stress_very_well": 1, "public_candidate_b_is_good_at_assessing_weather_conditions": 1, "public_candidate_b_has_excellent_computer_skills": 1, "public_candidate_c_can_make_correct_decisions_quickly": 1, "public_candidate_c_has_difficulty_communicating_ideas": 1, "public_candidate_c_is_regarded_as_egocentric": 1, "public_candidate_c_is_not_very_willing_to_further_his_education": 1, "public_candidate_d_responds_to_unexpected_events_adequately": 1, "public_candidate_d_can_concentrate_very_well": 1, "public_candidate_d_solves_problems_extremely_well": 1, "public_candidate_d_takes_responsibility_seriously": 1, "agent_1_candidate_a_is_sometimes_not_good_at_taking_criticism": 0, "agent_1_candidate_a_can_be_unorganized": 0, "agent_1_candidate_b_can_be_grumpy": 0, "agent_1_candidate_b_can_be_uncooperative": 0, "agent_1_candidate_c_is_known_to_be_100_percent_reliable": 1, "agent_1_candidate_c_creates_a_positive_atmosphere_with_his_crew": 0, "agent_1_candidate_d_is_regarded_as_arrogant": 0, "agent_1_candidate_d_has_relatively_weak_leadership_skills": 0, "agent_2_candidate_a_is_regarded_as_a_show_off": 0, "agent_2_candidate_a_is_regarded_as_being_not_open_to_new_ideas": 1, "agent_2_candidate_b_has_a_relatively_weak_memory_for_numbers": 0, "agent_2_candidate_b_makes_nasty_remarks_about_his_colleagues": 0, "agent_2_candidate_c_keeps_calm_in_a_crisis": 1, "agent_2_candidate_c_understands_complicated_technology": 0, "agent_2_candidate_d_is_regarded_as_a_know_it_all": 0, "agent_2_candidate_d_has_a_hot_temper": 0, "agent_3_candidate_a_is_unfriendly": 1, "agent_3_candidate_a_eats_unhealthily": 1, "agent_3_candidate_b_is_regarded_as_pretentious": 1, "agent_3_candidate_b_sometimes_adopts_the_wrong_tone_when_communicating": 1, "agent_3_candidate_c_puts_concern_for_others_above_everything": 1, "agent_3_candidate_c_has_excellent_attention_skills": 1, "agent_3_candidate_d_is_considered_moody": 1, "agent_3_candidate_d_is_regarded_as_a_loner": 1}}]}
{"id": 69, "ts": 1779051652.9293802, "event": "agent_memories_archived", "directory": "/home/lhegemann/git/bachelor_thesis/01_data/raw/simulations/low/low_treatment_20260517_214240_020/shared_mental_models", "round": 5}
{"id": 70, "ts": 1779051652.9294205, "event": "final_decision", "candidate": "Candidate C", "method": "max_round_majority_vote", "vote_count": {"Candidate C": 2, "Candidate B": 1}, "correct_candidate": "Candidate C", "decision_correct": 1, "round": 5}
2026-05-17 23:00:52,939 - INFO - ======================================================================
2026-05-17 23:00:52,939 - INFO - SIMULATION METRICS
2026-05-17 23:00:52,939 - INFO - ======================================================================
2026-05-17 23:00:52,939 - INFO - Total Loops: 5
2026-05-17 23:00:52,939 - INFO - Agent Turns (no vote checker): 15
2026-05-17 23:00:52,939 - INFO - Agent Tool Calls: 0
2026-05-17 23:00:52,939 - INFO - Agent Tool Messages: 0
2026-05-17 23:00:52,939 - INFO - Memory Updates: 45
2026-05-17 23:00:52,939 - INFO - Total Messages (no vote checker): 15
2026-05-17 23:00:52,939 - INFO - Input Tokens: 119775
2026-05-17 23:00:52,939 - INFO - Output Tokens: 34428
2026-05-17 23:00:52,939 - INFO - Total Tokens: 154203
2026-05-17 23:00:52,939 - INFO - Final Chosen Candidate: Candidate C
2026-05-17 23:00:52,939 - INFO - Final Decision Method: max_round_majority_vote
2026-05-17 23:00:52,939 - INFO - Final Vote Count: {'Candidate C': 2, 'Candidate B': 1}
2026-05-17 23:00:52,939 - INFO - Correct Candidate: Candidate C
2026-05-17 23:00:52,939 - INFO - Decision Correct: 1
2026-05-17 23:00:52,939 - INFO - Runtime: 198.69s
2026-05-17 23:00:52,940 - INFO - ======================================================================
