2026-05-08 08:07:42,076 - INFO - Metrics tracker initialized
{"id": 1, "ts": 1778220462.1026583, "event": "memory_reset"}
{"id": 2, "ts": 1778220462.106081, "event": "discussion_order", "round": 1, "order": ["agent_3", "agent_2", "agent_1"]}
2026-05-08 08:07:47,286 - INFO - Tokens - Input: 1681, Output: 548, Total: 2229
{"id": 3, "ts": 1778220467.2885942, "event": "public_discussion_message", "round": 1, "agent": "agent_3", "message": "Candidate B \u2013 handles stress very well.\nMETADATA_JSON:\n{\"agent\": \"agent_3\", \"vote\": \"Candidate B\"}"}
2026-05-08 08:07:47,288 - INFO - Agent turns: 1
2026-05-08 08:07:52,242 - INFO - Tokens - Input: 1190, Output: 911, Total: 2101
2026-05-08 08:07:52,244 - INFO - Memory updates: 1
{"id": 4, "ts": 1778220472.2448573, "event": "memory_updated", "agent": "agent_2", "round": 1}
2026-05-08 08:07:52,793 - INFO - Tokens - Input: 1187, Output: 1018, Total: 2205
2026-05-08 08:07:52,794 - INFO - Memory updates: 2
{"id": 5, "ts": 1778220472.7950914, "event": "memory_updated", "agent": "agent_1", "round": 1}
2026-05-08 08:08:22,356 - INFO - Tokens - Input: 1182, Output: 1301, Total: 2483
2026-05-08 08:08:22,358 - INFO - Memory updates: 3
{"id": 6, "ts": 1778220502.3583987, "event": "memory_updated", "agent": "agent_3", "round": 1}
2026-05-08 08:08:29,416 - INFO - Tokens - Input: 2156, Output: 850, Total: 3006
{"id": 7, "ts": 1778220509.4178116, "event": "public_discussion_message", "round": 1, "agent": "agent_2", "message": "Candidate B \u2013 handles stress very well.\nMETADATA_JSON:\n{\"agent\": \"agent_2\", \"vote\": \"Candidate B\"}"}
2026-05-08 08:08:29,417 - INFO - Agent turns: 2
2026-05-08 08:08:34,953 - INFO - Tokens - Input: 1740, Output: 677, Total: 2417
2026-05-08 08:08:34,955 - INFO - Memory updates: 4
{"id": 8, "ts": 1778220514.9552794, "event": "memory_updated", "agent": "agent_3", "round": 1}
2026-05-08 08:08:36,876 - INFO - Tokens - Input: 1662, Output: 1028, Total: 2690
2026-05-08 08:08:36,878 - INFO - Memory updates: 5
{"id": 9, "ts": 1778220516.878952, "event": "memory_updated", "agent": "agent_2", "round": 1}
2026-05-08 08:08:38,264 - INFO - Tokens - Input: 1544, Output: 1134, Total: 2678
2026-05-08 08:08:38,266 - INFO - Memory updates: 6
{"id": 10, "ts": 1778220518.2663317, "event": "memory_updated", "agent": "agent_1", "round": 1}
2026-05-08 08:08:41,598 - INFO - Tokens - Input: 2185, Output: 490, Total: 2675
{"id": 11, "ts": 1778220521.599728, "event": "public_discussion_message", "round": 1, "agent": "agent_1", "message": "Candidate C \u2013 100% reliable\nMETADATA_JSON:\n{\"agent\": \"agent_1\", \"vote\": \"Candidate C\"}"}
2026-05-08 08:08:41,599 - INFO - Agent turns: 3
2026-05-08 08:08:47,043 - INFO - Tokens - Input: 1732, Output: 850, Total: 2582
2026-05-08 08:08:47,045 - INFO - Memory updates: 7
{"id": 12, "ts": 1778220527.0455272, "event": "memory_updated", "agent": "agent_2", "round": 1}
2026-05-08 08:08:47,417 - INFO - Tokens - Input: 1480, Output: 1049, Total: 2529
2026-05-08 08:08:47,418 - INFO - Memory updates: 8
{"id": 13, "ts": 1778220527.419117, "event": "memory_updated", "agent": "agent_3", "round": 1}
2026-05-08 08:08:48,876 - INFO - Tokens - Input: 1691, Output: 1093, Total: 2784
2026-05-08 08:08:48,877 - INFO - Memory updates: 9
{"id": 14, "ts": 1778220528.8778598, "event": "memory_updated", "agent": "agent_1", "round": 1}
2026-05-08 08:08:48,886 - INFO - Loop 1 completed
{"id": 15, "ts": 1778220528.892647, "event": "discussion_order", "round": 2, "order": ["agent_3", "agent_2", "agent_1"]}
2026-05-08 08:08:49,804 - INFO - Tokens - Input: 2113, Output: 105, Total: 2218
{"id": 16, "ts": 1778220529.8063126, "event": "public_discussion_message", "round": 2, "agent": "agent_3", "message": "Candidate B \u2013 handles stress well.\nMETADATA_JSON:\n{\"agent\": \"agent_3\", \"vote\": \"Candidate B\"}"}
2026-05-08 08:08:49,806 - INFO - Agent turns: 4
2026-05-08 08:08:53,906 - INFO - Tokens - Input: 1518, Output: 731, Total: 2249
2026-05-08 08:08:53,908 - INFO - Memory updates: 10
{"id": 17, "ts": 1778220533.9083698, "event": "memory_updated", "agent": "agent_2", "round": 2}
2026-05-08 08:08:54,112 - INFO - Tokens - Input: 1599, Output: 867, Total: 2466
2026-05-08 08:08:54,113 - INFO - Memory updates: 11
{"id": 18, "ts": 1778220534.1141086, "event": "memory_updated", "agent": "agent_3", "round": 2}
2026-05-08 08:08:55,102 - INFO - Tokens - Input: 1761, Output: 939, Total: 2700
2026-05-08 08:08:55,104 - INFO - Memory updates: 12
{"id": 19, "ts": 1778220535.1047502, "event": "memory_updated", "agent": "agent_1", "round": 2}
2026-05-08 08:08:55,811 - INFO - Tokens - Input: 2044, Output: 136, Total: 2180
{"id": 20, "ts": 1778220535.8126903, "event": "public_discussion_message", "round": 2, "agent": "agent_2", "message": "Candidate B \u2013 handles stress well.\nMETADATA_JSON:\n{\"agent\": \"agent_2\", \"vote\": \"Candidate B\"}"}
2026-05-08 08:08:55,812 - INFO - Agent turns: 5
2026-05-08 08:09:00,115 - INFO - Tokens - Input: 1548, Output: 792, Total: 2340
2026-05-08 08:09:00,117 - INFO - Memory updates: 13
{"id": 21, "ts": 1778220540.1176336, "event": "memory_updated", "agent": "agent_2", "round": 2}
2026-05-08 08:09:00,320 - INFO - Tokens - Input: 1646, Output: 908, Total: 2554
2026-05-08 08:09:00,322 - INFO - Memory updates: 14
{"id": 22, "ts": 1778220540.322437, "event": "memory_updated", "agent": "agent_3", "round": 2}
2026-05-08 08:09:01,205 - INFO - Tokens - Input: 1593, Output: 959, Total: 2552
2026-05-08 08:09:01,207 - INFO - Memory updates: 15
{"id": 23, "ts": 1778220541.2075672, "event": "memory_updated", "agent": "agent_1", "round": 2}
2026-05-08 08:09:01,846 - INFO - Tokens - Input: 2126, Output: 115, Total: 2241
{"id": 24, "ts": 1778220541.8476381, "event": "public_discussion_message", "round": 2, "agent": "agent_1", "message": "Candidate C \u2013 100% reliable\nMETADATA_JSON:\n{\"agent\": \"agent_1\", \"vote\": \"Candidate C\"}"}
2026-05-08 08:09:01,847 - INFO - Agent turns: 6
2026-05-08 08:09:05,055 - INFO - Tokens - Input: 1585, Output: 780, Total: 2365
2026-05-08 08:09:05,057 - INFO - Memory updates: 16
{"id": 25, "ts": 1778220545.0571876, "event": "memory_updated", "agent": "agent_2", "round": 2}
2026-05-08 08:09:06,045 - INFO - Tokens - Input: 1687, Output: 1025, Total: 2712
2026-05-08 08:09:06,047 - INFO - Memory updates: 17
{"id": 26, "ts": 1778220546.0476737, "event": "memory_updated", "agent": "agent_3", "round": 2}
2026-05-08 08:09:17,306 - INFO - Tokens - Input: 1632, Output: 793, Total: 2425
2026-05-08 08:09:17,308 - INFO - Memory updates: 18
{"id": 27, "ts": 1778220557.3088603, "event": "memory_updated", "agent": "agent_1", "round": 2}
2026-05-08 08:09:17,318 - INFO - Loop 2 completed
{"id": 28, "ts": 1778220557.3253498, "event": "discussion_order", "round": 3, "order": ["agent_2", "agent_3", "agent_1"]}
2026-05-08 08:09:18,593 - INFO - Tokens - Input: 2163, Output: 217, Total: 2380
{"id": 29, "ts": 1778220558.5950563, "event": "public_discussion_message", "round": 3, "agent": "agent_2", "message": "Candidate B \u2013 makes nasty remarks about colleagues.\nMETADATA_JSON:\n{\"agent\": \"agent_2\", \"vote\": \"Candidate B\"}"}
2026-05-08 08:09:18,595 - INFO - Agent turns: 7
2026-05-08 08:09:24,717 - INFO - Tokens - Input: 1671, Output: 959, Total: 2630
2026-05-08 08:09:24,719 - INFO - Memory updates: 19
{"id": 30, "ts": 1778220564.71987, "event": "memory_updated", "agent": "agent_1", "round": 3}
2026-05-08 08:09:24,876 - INFO - Tokens - Input: 1735, Output: 1029, Total: 2764
2026-05-08 08:09:24,878 - INFO - Memory updates: 20
{"id": 31, "ts": 1778220564.8783367, "event": "memory_updated", "agent": "agent_3", "round": 3}
2026-05-08 08:09:25,008 - INFO - Tokens - Input: 1653, Output: 1009, Total: 2662
2026-05-08 08:09:25,010 - INFO - Memory updates: 21
{"id": 32, "ts": 1778220565.010373, "event": "memory_updated", "agent": "agent_2", "round": 3}
2026-05-08 08:09:37,789 - INFO - Tokens - Input: 2287, Output: 619, Total: 2906
{"id": 33, "ts": 1778220577.7905414, "event": "public_discussion_message", "round": 3, "agent": "agent_3", "message": "Candidate C \u2013 puts concern for others above everything\nMETADATA_JSON:\n{\"agent\": \"agent_3\", \"vote\": \"Candidate C\"}"}
2026-05-08 08:09:37,790 - INFO - Agent turns: 8
2026-05-08 08:09:44,446 - INFO - Tokens - Input: 1797, Output: 1123, Total: 2920
2026-05-08 08:09:44,448 - INFO - Memory updates: 22
{"id": 34, "ts": 1778220584.448168, "event": "memory_updated", "agent": "agent_3", "round": 3}
2026-05-08 08:09:45,358 - INFO - Tokens - Input: 1723, Output: 1073, Total: 2796
2026-05-08 08:09:45,360 - INFO - Memory updates: 23
{"id": 35, "ts": 1778220585.3610306, "event": "memory_updated", "agent": "agent_1", "round": 3}
2026-05-08 08:09:45,368 - INFO - Tokens - Input: 1706, Output: 1172, Total: 2878
2026-05-08 08:09:45,369 - INFO - Memory updates: 24
{"id": 36, "ts": 1778220585.3697474, "event": "memory_updated", "agent": "agent_2", "round": 3}
2026-05-08 08:09:46,438 - INFO - Tokens - Input: 2287, Output: 122, Total: 2409
{"id": 37, "ts": 1778220586.4401755, "event": "public_discussion_message", "round": 3, "agent": "agent_1", "message": "Candidate C \u2013 100% reliable\nMETADATA_JSON:\n{\"agent\": \"agent_1\", \"vote\": \"Candidate C\"}"}
2026-05-08 08:09:46,440 - INFO - Agent turns: 9
2026-05-08 08:09:52,011 - INFO - Tokens - Input: 1793, Output: 824, Total: 2617
2026-05-08 08:09:52,013 - INFO - Memory updates: 25
{"id": 38, "ts": 1778220592.0134897, "event": "memory_updated", "agent": "agent_1", "round": 3}
2026-05-08 08:09:52,057 - INFO - Tokens - Input: 1785, Output: 855, Total: 2640
2026-05-08 08:09:52,058 - INFO - Memory updates: 26
{"id": 39, "ts": 1778220592.0589778, "event": "memory_updated", "agent": "agent_2", "round": 3}
2026-05-08 08:09:54,738 - INFO - Tokens - Input: 1931, Output: 1058, Total: 2989
2026-05-08 08:09:54,739 - INFO - Memory updates: 27
{"id": 40, "ts": 1778220594.7400525, "event": "memory_updated", "agent": "agent_3", "round": 3}
2026-05-08 08:09:54,749 - INFO - Loop 3 completed
{"id": 41, "ts": 1778220594.7553132, "event": "discussion_order", "round": 4, "order": ["agent_1", "agent_2", "agent_3"]}
2026-05-08 08:09:55,718 - INFO - Tokens - Input: 2337, Output: 118, Total: 2455
{"id": 42, "ts": 1778220595.720355, "event": "public_discussion_message", "round": 4, "agent": "agent_1", "message": "Candidate C \u2013 100% reliable\nMETADATA_JSON:\n{\"agent\": \"agent_1\", \"vote\": \"Candidate C\"}"}
2026-05-08 08:09:55,720 - INFO - Agent turns: 10
2026-05-08 08:10:00,056 - INFO - Tokens - Input: 1825, Output: 710, Total: 2535
2026-05-08 08:10:00,058 - INFO - Memory updates: 28
{"id": 43, "ts": 1778220600.05858, "event": "memory_updated", "agent": "agent_1", "round": 4}
2026-05-08 08:10:01,436 - INFO - Tokens - Input: 1822, Output: 876, Total: 2698
2026-05-08 08:10:01,438 - INFO - Memory updates: 29
{"id": 44, "ts": 1778220601.4385226, "event": "memory_updated", "agent": "agent_2", "round": 4}
2026-05-08 08:10:02,818 - INFO - Tokens - Input: 1792, Output: 1167, Total: 2959
2026-05-08 08:10:02,820 - INFO - Memory updates: 30
{"id": 45, "ts": 1778220602.8202176, "event": "memory_updated", "agent": "agent_3", "round": 4}
2026-05-08 08:10:03,840 - INFO - Tokens - Input: 2351, Output: 138, Total: 2489
{"id": 46, "ts": 1778220603.8417773, "event": "public_discussion_message", "round": 4, "agent": "agent_2", "message": "Candidate B \u2013 handles stress well.\nMETADATA_JSON:\n{\"agent\": \"agent_2\", \"vote\": \"Candidate B\"}"}
2026-05-08 08:10:03,841 - INFO - Agent turns: 11
2026-05-08 08:10:08,065 - INFO - Tokens - Input: 1826, Output: 927, Total: 2753
2026-05-08 08:10:08,067 - INFO - Memory updates: 31
{"id": 47, "ts": 1778220608.0672169, "event": "memory_updated", "agent": "agent_3", "round": 4}
2026-05-08 08:10:09,979 - INFO - Tokens - Input: 1855, Output: 932, Total: 2787
2026-05-08 08:10:09,981 - INFO - Memory updates: 32
{"id": 48, "ts": 1778220609.9816012, "event": "memory_updated", "agent": "agent_2", "round": 4}
2026-05-08 08:10:10,474 - INFO - Tokens - Input: 1825, Output: 1056, Total: 2881
2026-05-08 08:10:10,476 - INFO - Memory updates: 33
{"id": 49, "ts": 1778220610.4763887, "event": "memory_updated", "agent": "agent_1", "round": 4}
2026-05-08 08:10:12,365 - INFO - Tokens - Input: 2377, Output: 162, Total: 2539
{"id": 50, "ts": 1778220612.3674006, "event": "public_discussion_message", "round": 4, "agent": "agent_3", "message": "Candidate C \u2013 puts concern for others above everything\nMETADATA_JSON:\n{\"agent\": \"agent_3\", \"vote\": \"Candidate C\"}"}
2026-05-08 08:10:12,367 - INFO - Agent turns: 12
2026-05-08 08:10:17,858 - INFO - Tokens - Input: 1887, Output: 765, Total: 2652
2026-05-08 08:10:17,860 - INFO - Memory updates: 34
{"id": 51, "ts": 1778220617.8602383, "event": "memory_updated", "agent": "agent_3", "round": 4}
2026-05-08 08:10:19,297 - INFO - Tokens - Input: 1885, Output: 971, Total: 2856
2026-05-08 08:10:19,299 - INFO - Memory updates: 35
{"id": 52, "ts": 1778220619.2999237, "event": "memory_updated", "agent": "agent_2", "round": 4}
2026-05-08 08:10:20,022 - INFO - Tokens - Input: 1861, Output: 949, Total: 2810
2026-05-08 08:10:20,024 - INFO - Memory updates: 36
{"id": 53, "ts": 1778220620.0241852, "event": "memory_updated", "agent": "agent_1", "round": 4}
2026-05-08 08:10:20,033 - INFO - Loop 4 completed
{"id": 54, "ts": 1778220620.039413, "event": "discussion_order", "round": 5, "order": ["agent_2", "agent_1", "agent_3"]}
2026-05-08 08:10:21,320 - INFO - Tokens - Input: 2424, Output: 129, Total: 2553
{"id": 55, "ts": 1778220621.3216083, "event": "public_discussion_message", "round": 5, "agent": "agent_2", "message": "Candidate B \u2013 handles stress well.\nMETADATA_JSON:\n{\"agent\": \"agent_2\", \"vote\": \"Candidate B\"}"}
2026-05-08 08:10:21,321 - INFO - Agent turns: 13
2026-05-08 08:10:26,874 - INFO - Tokens - Input: 1910, Output: 844, Total: 2754
2026-05-08 08:10:26,876 - INFO - Memory updates: 37
{"id": 56, "ts": 1778220626.8768177, "event": "memory_updated", "agent": "agent_2", "round": 5}
2026-05-08 08:10:28,113 - INFO - Tokens - Input: 1912, Output: 866, Total: 2778
2026-05-08 08:10:28,115 - INFO - Memory updates: 38
{"id": 57, "ts": 1778220628.1157875, "event": "memory_updated", "agent": "agent_1", "round": 5}
2026-05-08 08:10:28,949 - INFO - Tokens - Input: 1925, Output: 1039, Total: 2964
2026-05-08 08:10:28,951 - INFO - Memory updates: 39
{"id": 58, "ts": 1778220628.9517562, "event": "memory_updated", "agent": "agent_3", "round": 5}
2026-05-08 08:10:29,641 - INFO - Tokens - Input: 2416, Output: 116, Total: 2532
{"id": 59, "ts": 1778220629.6425223, "event": "public_discussion_message", "round": 5, "agent": "agent_1", "message": "Candidate C \u2013 100% reliable\nMETADATA_JSON:\n{\"agent\": \"agent_1\", \"vote\": \"Candidate C\"}"}
2026-05-08 08:10:29,642 - INFO - Agent turns: 14
2026-05-08 08:10:34,343 - INFO - Tokens - Input: 1922, Output: 848, Total: 2770
2026-05-08 08:10:34,344 - INFO - Memory updates: 40
{"id": 60, "ts": 1778220634.3449657, "event": "memory_updated", "agent": "agent_1", "round": 5}
2026-05-08 08:10:34,637 - INFO - Tokens - Input: 1952, Output: 837, Total: 2789
2026-05-08 08:10:34,639 - INFO - Memory updates: 41
{"id": 61, "ts": 1778220634.6395047, "event": "memory_updated", "agent": "agent_2", "round": 5}
2026-05-08 08:10:36,212 - INFO - Tokens - Input: 1962, Output: 984, Total: 2946
2026-05-08 08:10:36,214 - INFO - Memory updates: 42
{"id": 62, "ts": 1778220636.214188, "event": "memory_updated", "agent": "agent_3", "round": 5}
2026-05-08 08:10:37,101 - INFO - Tokens - Input: 2386, Output: 101, Total: 2487
{"id": 63, "ts": 1778220637.1025934, "event": "public_discussion_message", "round": 5, "agent": "agent_3", "message": "Candidate C \u2013 puts concern for others above everything\nMETADATA_JSON:\n{\"agent\": \"agent_3\", \"vote\": \"Candidate C\"}"}
2026-05-08 08:10:37,102 - INFO - Agent turns: 15
2026-05-08 08:10:42,494 - INFO - Tokens - Input: 1997, Output: 952, Total: 2949
2026-05-08 08:10:42,496 - INFO - Memory updates: 43
{"id": 64, "ts": 1778220642.4965107, "event": "memory_updated", "agent": "agent_2", "round": 5}
2026-05-08 08:10:42,573 - INFO - Tokens - Input: 1946, Output: 925, Total: 2871
2026-05-08 08:10:42,574 - INFO - Memory updates: 44
{"id": 65, "ts": 1778220642.5750725, "event": "memory_updated", "agent": "agent_1", "round": 5}
2026-05-08 08:10:42,974 - INFO - Tokens - Input: 1896, Output: 770, Total: 2666
2026-05-08 08:10:42,975 - INFO - Memory updates: 45
{"id": 66, "ts": 1778220642.9757905, "event": "memory_updated", "agent": "agent_3", "round": 5}
2026-05-08 08:10:42,984 - INFO - Loop 5 completed
2026-05-08 08:10:42,984 - INFO - Final Chosen Candidate: Candidate C
2026-05-08 08:10:42,984 - INFO - Final Decision Method: max_round_majority_vote
2026-05-08 08:10:42,984 - INFO - Final Vote Count: {'Candidate C': 2, 'Candidate B': 1}
2026-05-08 08:10:42,984 - INFO - Correct Candidate: Candidate C
2026-05-08 08:10:42,984 - INFO - Decision Correct: 1
{"id": 67, "ts": 1778220643.2746947, "event": "context_consistency_calculated", "method": "embedding_cosine", "mean_pairwise_similarity": 0.788578, "pairwise": [{"agent_a": "agent_1", "agent_b": "agent_2", "similarity": 0.91801}, {"agent_a": "agent_1", "agent_b": "agent_3", "similarity": 0.730526}, {"agent_a": "agent_2", "agent_b": "agent_3", "similarity": 0.717199}]}
{"id": 68, "ts": 1778220643.2748716, "event": "agent_memories_archived", "directory": "/home/lhegemann/git/bachelor_thesis/01_data/raw/simulations/low/low_treatment_20260508_080303_003/shared_mental_models", "round": 5}
{"id": 69, "ts": 1778220643.2749922, "event": "final_decision", "candidate": "Candidate C", "method": "max_round_majority_vote", "vote_count": {"Candidate C": 2, "Candidate B": 1}, "correct_candidate": "Candidate C", "decision_correct": 1, "round": 5}
2026-05-08 08:10:43,284 - INFO - ======================================================================
2026-05-08 08:10:43,285 - INFO - SIMULATION METRICS
2026-05-08 08:10:43,285 - INFO - ======================================================================
2026-05-08 08:10:43,285 - INFO - Total Loops: 5
2026-05-08 08:10:43,285 - INFO - Agent Turns (no vote checker): 15
2026-05-08 08:10:43,285 - INFO - Agent Tool Calls: 0
2026-05-08 08:10:43,285 - INFO - Agent Tool Messages: 0
2026-05-08 08:10:43,285 - INFO - Memory Updates: 45
2026-05-08 08:10:43,285 - INFO - Total Messages (no vote checker): 15
2026-05-08 08:10:43,285 - INFO - Input Tokens: 111104
2026-05-08 08:10:43,285 - INFO - Output Tokens: 46341
2026-05-08 08:10:43,285 - INFO - Total Tokens: 157445
2026-05-08 08:10:43,285 - INFO - Final Chosen Candidate: Candidate C
2026-05-08 08:10:43,285 - INFO - Final Decision Method: max_round_majority_vote
2026-05-08 08:10:43,286 - INFO - Final Vote Count: {'Candidate C': 2, 'Candidate B': 1}
2026-05-08 08:10:43,286 - INFO - Correct Candidate: Candidate C
2026-05-08 08:10:43,286 - INFO - Decision Correct: 1
2026-05-08 08:10:43,286 - INFO - Runtime: 181.21s
2026-05-08 08:10:43,286 - INFO - ======================================================================
