2026-05-08 10:03:01,787 - INFO - Metrics tracker initialized
{"id": 1, "ts": 1778227381.81079, "event": "memory_reset"}
{"id": 2, "ts": 1778227381.8147776, "event": "discussion_order", "round": 1, "order": ["agent_1", "agent_3", "agent_2"]}
2026-05-08 10:03:09,631 - INFO - Tokens - Input: 1713, Output: 964, Total: 2677
{"id": 3, "ts": 1778227389.633401, "event": "public_discussion_message", "round": 1, "agent": "agent_1", "message": "I currently favor Candidate\u202fC because he is known to be 100\u202f% reliable and creates a positive atmosphere with his crew, both essential for long\u2011distance operations, and he can make correct decisions quickly, supporting technical competence under pressure. However, his difficulty communicating ideas and egocentric attitude raise concerns about effective cockpit cooperation.\nMETADATA_JSON:\n{\"agent\": \"agent_1\", \"vote\": \"Candidate C\"}"}
2026-05-08 10:03:09,633 - INFO - Agent turns: 1
2026-05-08 10:03:16,735 - INFO - Tokens - Input: 1298, Output: 1649, Total: 2947
2026-05-08 10:03:16,736 - INFO - Memory updates: 1
{"id": 4, "ts": 1778227396.737056, "event": "memory_updated", "agent": "agent_3", "round": 1}
2026-05-08 10:03:18,128 - INFO - Tokens - Input: 1306, Output: 1354, Total: 2660
2026-05-08 10:03:18,130 - INFO - Memory updates: 2
{"id": 5, "ts": 1778227398.1304896, "event": "memory_updated", "agent": "agent_2", "round": 1}
2026-05-08 10:03:19,278 - INFO - Tokens - Input: 1303, Output: 1585, Total: 2888
2026-05-08 10:03:19,280 - INFO - Memory updates: 3
{"id": 6, "ts": 1778227399.280437, "event": "memory_updated", "agent": "agent_1", "round": 1}
2026-05-08 10:03:22,638 - INFO - Tokens - Input: 2426, Output: 530, Total: 2956
{"id": 7, "ts": 1778227402.6399398, "event": "public_discussion_message", "round": 1, "agent": "agent_3", "message": "I currently favor **Candidate C**. He is noted as 100\u202f% reliable, makes correct decisions quickly, and puts concern for others above everything, which supports both safety and a positive crew atmosphere on long\u2011distance flights. However, his difficulty communicating ideas and egocentric attitude raise a concern about effective cockpit cooperation.\nMETADATA_JSON:\n{\"agent\": \"agent_3\", \"vote\": \"Candidate C\"}"}
2026-05-08 10:03:22,640 - INFO - Agent turns: 2
2026-05-08 10:03:28,970 - INFO - Tokens - Input: 2110, Output: 921, Total: 3031
2026-05-08 10:03:28,972 - INFO - Memory updates: 4
{"id": 8, "ts": 1778227408.9724376, "event": "memory_updated", "agent": "agent_1", "round": 1}
2026-05-08 10:03:29,882 - INFO - Tokens - Input: 2019, Output: 1434, Total: 3453
2026-05-08 10:03:29,884 - INFO - Memory updates: 5
{"id": 9, "ts": 1778227409.8845882, "event": "memory_updated", "agent": "agent_3", "round": 1}
2026-05-08 10:03:31,668 - INFO - Tokens - Input: 1891, Output: 1422, Total: 3313
2026-05-08 10:03:31,669 - INFO - Memory updates: 6
{"id": 10, "ts": 1778227411.669925, "event": "memory_updated", "agent": "agent_2", "round": 1}
2026-05-08 10:03:36,400 - INFO - Tokens - Input: 2484, Output: 731, Total: 3215
{"id": 11, "ts": 1778227416.4017863, "event": "public_discussion_message", "round": 1, "agent": "agent_2", "message": "I currently favor **Candidate\u202fC** because he is described as 100\u202f% reliable and makes correct decisions quickly, which are crucial for safety and technical competence on long\u2011distance flights, and he is noted for putting concern for others above everything, supporting a positive crew atmosphere and cooperation.\nThe main uncertainty is his difficulty communicating ideas and egocentric attitude, which could impair effective cockpit teamwork despite his other strengths.\nMETADATA_JSON:\n{\"agent\": \"agent_2\", \"vote\": \"Candidate C\"}"}
2026-05-08 10:03:36,401 - INFO - Agent turns: 3
2026-05-08 10:03:42,326 - INFO - Tokens - Input: 2158, Output: 988, Total: 3146
2026-05-08 10:03:42,328 - INFO - Memory updates: 7
{"id": 12, "ts": 1778227422.3284967, "event": "memory_updated", "agent": "agent_3", "round": 1}
2026-05-08 10:03:43,838 - INFO - Tokens - Input: 1781, Output: 964, Total: 2745
2026-05-08 10:03:43,839 - INFO - Memory updates: 8
{"id": 13, "ts": 1778227423.8400671, "event": "memory_updated", "agent": "agent_1", "round": 1}
2026-05-08 10:03:44,075 - INFO - Tokens - Input: 2114, Output: 1450, Total: 3564
2026-05-08 10:03:44,077 - INFO - Memory updates: 9
{"id": 14, "ts": 1778227424.0776155, "event": "memory_updated", "agent": "agent_2", "round": 1}
2026-05-08 10:03:44,086 - INFO - Loop 1 completed
{"id": 15, "ts": 1778227424.0922496, "event": "discussion_order", "round": 2, "order": ["agent_2", "agent_1", "agent_3"]}
2026-05-08 10:03:45,637 - INFO - Tokens - Input: 2856, Output: 231, Total: 3087
{"id": 16, "ts": 1778227425.638465, "event": "public_discussion_message", "round": 2, "agent": "agent_2", "message": "I continue to favor **Candidate\u202fC**. His 100\u202f% reliability and ability to make correct decisions quickly are critical for the safety and efficiency of long\u2011distance flights. Additionally, his strong concern for others supports a cooperative crew environment, which is essential in the cockpit. The main uncertainty is whether his difficulty communicating ideas and egocentric attitude could undermine teamwork during complex operations.\nMETADATA_JSON:\n{\"agent\": \"agent_2\", \"vote\": \"Candidate C\"}"}
2026-05-08 10:03:45,638 - INFO - Agent turns: 4
2026-05-08 10:03:51,479 - INFO - Tokens - Input: 2012, Output: 927, Total: 2939
2026-05-08 10:03:51,480 - INFO - Memory updates: 10
{"id": 17, "ts": 1778227431.480886, "event": "memory_updated", "agent": "agent_3", "round": 2}
2026-05-08 10:03:51,756 - INFO - Tokens - Input: 1924, Output: 812, Total: 2736
2026-05-08 10:03:51,758 - INFO - Memory updates: 11
{"id": 18, "ts": 1778227431.7583513, "event": "memory_updated", "agent": "agent_1", "round": 2}
2026-05-08 10:03:52,645 - INFO - Tokens - Input: 2462, Output: 978, Total: 3440
2026-05-08 10:03:52,646 - INFO - Memory updates: 12
{"id": 19, "ts": 1778227432.646637, "event": "memory_updated", "agent": "agent_2", "round": 2}
2026-05-08 10:03:55,333 - INFO - Tokens - Input: 2392, Output: 205, Total: 2597
{"id": 20, "ts": 1778227435.334386, "event": "public_discussion_message", "round": 2, "agent": "agent_1", "message": "I continue to favor **Candidate\u202fC**. He is described as 100\u202f% reliable and can make correct decisions quickly\u2014both critical for safety and effective problem\u2011solving on long\u2011distance flights. However, his difficulty communicating ideas and egocentric attitude raise a concern about cockpit teamwork and cooperation.\nMETADATA_JSON:\n{\"agent\": \"agent_1\", \"vote\": \"Candidate C\"}"}
2026-05-08 10:03:55,334 - INFO - Agent turns: 5
2026-05-08 10:03:59,668 - INFO - Tokens - Input: 2201, Output: 1001, Total: 3202
2026-05-08 10:03:59,670 - INFO - Memory updates: 13
{"id": 21, "ts": 1778227439.6702373, "event": "memory_updated", "agent": "agent_2", "round": 2}
2026-05-08 10:03:59,833 - INFO - Tokens - Input: 1963, Output: 859, Total: 2822
2026-05-08 10:03:59,834 - INFO - Memory updates: 14
{"id": 22, "ts": 1778227439.834913, "event": "memory_updated", "agent": "agent_3", "round": 2}
2026-05-08 10:04:00,166 - INFO - Tokens - Input: 1979, Output: 737, Total: 2716
2026-05-08 10:04:00,168 - INFO - Memory updates: 15
{"id": 23, "ts": 1778227440.1687012, "event": "memory_updated", "agent": "agent_1", "round": 2}
2026-05-08 10:04:01,633 - INFO - Tokens - Input: 2396, Output: 246, Total: 2642
{"id": 24, "ts": 1778227441.6350691, "event": "public_discussion_message", "round": 2, "agent": "agent_3", "message": "I continue to favor **Candidate\u202fC**. His 100\u202f% reliability and ability to make correct decisions quickly are vital for safety and technical competence on long\u2011distance flights, and his strong concern for others supports a cooperative crew atmosphere. The main trade\u2011off is his difficulty communicating ideas and egocentric attitude, which could hinder effective cockpit teamwork.\nMETADATA_JSON:\n{\"agent\": \"agent_3\", \"vote\": \"Candidate C\"}"}
2026-05-08 10:04:01,635 - INFO - Agent turns: 6
2026-05-08 10:04:05,869 - INFO - Tokens - Input: 2032, Output: 781, Total: 2813
2026-05-08 10:04:05,879 - INFO - Memory updates: 16
{"id": 25, "ts": 1778227445.879683, "event": "memory_updated", "agent": "agent_1", "round": 2}
2026-05-08 10:04:07,893 - INFO - Tokens - Input: 2001, Output: 941, Total: 2942
2026-05-08 10:04:07,896 - INFO - Memory updates: 17
{"id": 26, "ts": 1778227447.8967173, "event": "memory_updated", "agent": "agent_3", "round": 2}
2026-05-08 10:04:08,295 - INFO - Tokens - Input: 2294, Output: 1032, Total: 3326
2026-05-08 10:04:08,297 - INFO - Memory updates: 18
{"id": 27, "ts": 1778227448.2978294, "event": "memory_updated", "agent": "agent_2", "round": 2}
2026-05-08 10:04:08,307 - INFO - Loop 2 completed
2026-05-08 10:04:08,308 - INFO - Final Chosen Candidate: Candidate C
2026-05-08 10:04:08,308 - INFO - Final Decision Method: consensus
2026-05-08 10:04:08,308 - INFO - Final Vote Count: {'Candidate C': 3}
2026-05-08 10:04:08,308 - INFO - Correct Candidate: Candidate C
2026-05-08 10:04:08,308 - INFO - Decision Correct: 1
{"id": 28, "ts": 1778227448.640866, "event": "context_consistency_calculated", "method": "embedding_cosine", "mean_pairwise_similarity": 0.797832, "pairwise": [{"agent_a": "agent_1", "agent_b": "agent_2", "similarity": 0.751951}, {"agent_a": "agent_1", "agent_b": "agent_3", "similarity": 0.719594}, {"agent_a": "agent_2", "agent_b": "agent_3", "similarity": 0.921951}]}
{"id": 29, "ts": 1778227448.6410732, "event": "agent_memories_archived", "directory": "/home/lhegemann/git/bachelor_thesis/01_data/raw/simulations/moderate/moderate_treatment_20260508_080303_017/shared_mental_models", "round": 2}
{"id": 30, "ts": 1778227448.6411638, "event": "final_decision", "candidate": "Candidate C", "method": "consensus", "vote_count": {"Candidate C": 3}, "correct_candidate": "Candidate C", "decision_correct": 1, "round": 2}
2026-05-08 10:04:08,652 - INFO - ======================================================================
2026-05-08 10:04:08,652 - INFO - SIMULATION METRICS
2026-05-08 10:04:08,652 - INFO - ======================================================================
2026-05-08 10:04:08,652 - INFO - Total Loops: 2
2026-05-08 10:04:08,652 - INFO - Agent Turns (no vote checker): 6
2026-05-08 10:04:08,652 - INFO - Agent Tool Calls: 0
2026-05-08 10:04:08,652 - INFO - Agent Tool Messages: 0
2026-05-08 10:04:08,652 - INFO - Memory Updates: 18
2026-05-08 10:04:08,652 - INFO - Total Messages (no vote checker): 6
2026-05-08 10:04:08,652 - INFO - Input Tokens: 49115
2026-05-08 10:04:08,652 - INFO - Output Tokens: 22742
2026-05-08 10:04:08,652 - INFO - Total Tokens: 71857
2026-05-08 10:04:08,653 - INFO - Final Chosen Candidate: Candidate C
2026-05-08 10:04:08,653 - INFO - Final Decision Method: consensus
2026-05-08 10:04:08,653 - INFO - Final Vote Count: {'Candidate C': 3}
2026-05-08 10:04:08,653 - INFO - Correct Candidate: Candidate C
2026-05-08 10:04:08,653 - INFO - Decision Correct: 1
2026-05-08 10:04:08,653 - INFO - Runtime: 66.86s
2026-05-08 10:04:08,653 - INFO - ======================================================================
