2026-05-06 21:29:04,960 - INFO - Metrics tracker initialized
{"id": 1, "ts": 1778095744.9896593, "event": "memory_reset"}
{"id": 2, "ts": 1778095744.9936852, "event": "discussion_order", "round": 1, "order": ["agent_3", "agent_2", "agent_1"]}
2026-05-06 21:29:14,651 - INFO - Tokens - Input: 1777, Output: 1140, Total: 2917
{"id": 3, "ts": 1778095754.6525936, "event": "public_discussion_message", "round": 1, "agent": "agent_3", "message": "Current position: Candidate B\nConfidence/uncertainty: Moderate confidence \u2013 the candidate meets most core criteria but has notable cooperation concerns.\nReasoning summary:\n- Key evidence used: Candidate B is very conscientious (reliability), handles stress well (calmness under pressure), is good at assessing weather conditions and has excellent computer skills (technical competence). These align directly with the essential pilot criteria.\n- Evidence from others: No other agents have contributed yet.\n- Alternatives considered: Candidate A (strong technical vision and leadership but unfriendly and unhealthy), Candidate C (quick decision\u2011making and concern for others but poor communication and egocentric), Candidate D (high responsibility and problem\u2011solving but moody and a loner). Each alternative has stronger cooperation drawbacks or lacks reliability/stress handling.\n- Main tradeoff: Balancing Candidate B\u2019s cooperation negatives (pretentiousness, occasional wrong tone) against his strong reliability, stress resilience, and technical abilities.\n- Remaining uncertainty: How severe the pretentiousness and tone issues would be in a real cockpit crew environment and whether they could undermine safety.\n- What would change my vote: If another candidate demonstrated equally strong reliability, technical competence, and stress handling **and** substantially better cooperation (e.g., no negative interpersonal traits), I would reconsider.\nMETADATA_JSON:\n{\"agent\": \"agent_3\", \"vote\": \"Candidate B\"}"}
2026-05-06 21:29:14,652 - INFO - Agent turns: 1
2026-05-06 21:29:24,565 - INFO - Tokens - Input: 1696, Output: 1410, Total: 3106
2026-05-06 21:29:24,567 - INFO - Memory updates: 1
{"id": 4, "ts": 1778095764.5678806, "event": "memory_updated", "agent": "agent_2", "round": 1}
2026-05-06 21:29:25,640 - INFO - Tokens - Input: 1688, Output: 1443, Total: 3131
2026-05-06 21:29:25,642 - INFO - Memory updates: 2
{"id": 5, "ts": 1778095765.6423402, "event": "memory_updated", "agent": "agent_3", "round": 1}
2026-05-06 21:29:26,517 - INFO - Tokens - Input: 1693, Output: 1530, Total: 3223
2026-05-06 21:29:26,518 - INFO - Memory updates: 3
{"id": 6, "ts": 1778095766.5190222, "event": "memory_updated", "agent": "agent_1", "round": 1}
2026-05-06 21:29:37,067 - INFO - Tokens - Input: 2573, Output: 1164, Total: 3737
{"id": 7, "ts": 1778095777.0684988, "event": "public_discussion_message", "round": 1, "agent": "agent_2", "message": "Current position: Candidate B\nConfidence/uncertainty: Moderate confidence \u2013 the candidate meets most core criteria but cooperation concerns remain.\nReasoning summary:\n- Key evidence used: Candidate B is very conscientious (reliability), handles stress well (calmness under pressure), is good at assessing weather conditions and has excellent computer skills (technical competence). These align directly with the essential pilot criteria for long\u2011distance flights.\n- Evidence from others: Agent\u202f3 also favors Candidate B, citing the same strengths and noting cooperation drawbacks (pretentiousness, nasty remarks, wrong tone).\n- Alternatives considered:\n  * Candidate A \u2013 strong technical vision and leadership but regarded as a show\u2011off, not open to new ideas, and described as unfriendly, raising serious crew\u2011resource\u2011management concerns.\n  * Candidate C \u2013 quick decision\u2011making, calm in crisis, and good technical understanding, yet has communication difficulties, egocentric attitude, and low willingness to continue education.\n  * Candidate D \u2013 excellent problem\u2011solving, high responsibility, and good concentration, but is seen as a know\u2011it\u2011all and has a hot temper, both detrimental to teamwork.\n- Main tradeoff: Balancing Candidate B\u2019s cooperation negatives (pretentiousness, nasty remarks) against his strong reliability, stress resilience, and technical abilities.\n- Remaining uncertainty: How severely the cooperation issues (pretentiousness, nasty remarks, tone) would impact real cockpit crew dynamics and safety.\n- What would change my vote: Evidence of another candidate who demonstrates equally strong reliability, technical competence, and calmness under pressure **and** shows no negative interpersonal traits would lead me to reconsider.\nMETADATA_JSON:\n{\"agent\": \"agent_2\", \"vote\": \"Candidate B\"}"}
2026-05-06 21:29:37,068 - INFO - Agent turns: 2
2026-05-06 21:29:42,815 - INFO - Tokens - Input: 2636, Output: 777, Total: 3413
2026-05-06 21:29:42,817 - INFO - Memory updates: 4
{"id": 8, "ts": 1778095782.817707, "event": "memory_updated", "agent": "agent_2", "round": 1}
2026-05-06 21:29:47,636 - INFO - Tokens - Input: 2748, Output: 1401, Total: 4149
2026-05-06 21:29:47,638 - INFO - Memory updates: 5
{"id": 9, "ts": 1778095787.6385128, "event": "memory_updated", "agent": "agent_3", "round": 1}
2026-05-06 21:29:49,819 - INFO - Tokens - Input: 2719, Output: 1709, Total: 4428
2026-05-06 21:29:49,821 - INFO - Memory updates: 6
{"id": 10, "ts": 1778095789.8215833, "event": "memory_updated", "agent": "agent_1", "round": 1}
2026-05-06 21:29:56,463 - INFO - Tokens - Input: 3172, Output: 999, Total: 4171
{"id": 11, "ts": 1778095796.4648664, "event": "public_discussion_message", "round": 1, "agent": "agent_1", "message": "Current position: Candidate C\nConfidence/uncertainty: Moderate confidence \u2013 the candidate meets most core criteria but has notable communication drawbacks.\nReasoning summary:\n- Key evidence used: Candidate C is 100\u202f% reliable, makes correct decisions quickly, creates a positive atmosphere with the crew, is calm in crisis, and possesses good technical understanding. These address reliability, calmness under pressure, and crew cooperation.\n- Evidence from others: Agents\u202f2 and\u202f3 highlighted B\u2019s strong reliability and technical skills but noted serious cooperation issues (pretentiousness, grumpiness). Agent\u202f2 also described D\u2019s arrogance and weak leadership, and A\u2019s unfriendly, show\u2011off attitude. No other agent has emphasized C\u2019s positive crew atmosphere.\n- Alternatives considered:\n  * Candidate A \u2013 excellent technical vision and leadership but suffers from unorganization, poor receptiveness to criticism, and unfriendly demeanor.\n  * Candidate B \u2013 high reliability, stress resilience, and technical competence, yet has repeated cooperation negatives (grumpy, uncooperative, pretentious, nasty remarks).\n  * Candidate D \u2013 strong problem\u2011solving, responsibility, and concentration, but is regarded as arrogant with weak leadership and a hot temper.\n- Main tradeoff: Balancing C\u2019s communication difficulties and egocentric attitude against his strong reliability, calmness, quick decision\u2011making, and positive crew atmosphere.\n- Remaining uncertainty: How severely C\u2019s difficulty communicating ideas will affect safe cockpit coordination on long\u2011distance flights.\n- What would change my vote: Evidence that another candidate (e.g., B or D) demonstrates equally strong reliability, calmness, and technical competence **and** shows no significant interpersonal drawbacks would lead me to reconsider.\nMETADATA_JSON:\n{\"agent\": \"agent_1\", \"vote\": \"Candidate C\"}"}
2026-05-06 21:29:56,465 - INFO - Agent turns: 3
2026-05-06 21:30:04,035 - INFO - Tokens - Input: 3253, Output: 1198, Total: 4451
2026-05-06 21:30:04,036 - INFO - Memory updates: 7
{"id": 12, "ts": 1778095804.0370016, "event": "memory_updated", "agent": "agent_1", "round": 1}
2026-05-06 21:30:06,438 - INFO - Tokens - Input: 2751, Output: 1302, Total: 4053
2026-05-06 21:30:06,440 - INFO - Memory updates: 8
{"id": 13, "ts": 1778095806.4402938, "event": "memory_updated", "agent": "agent_2", "round": 1}
2026-05-06 21:30:08,438 - INFO - Tokens - Input: 3109, Output: 1630, Total: 4739
2026-05-06 21:30:08,440 - INFO - Memory updates: 9
{"id": 14, "ts": 1778095808.4408493, "event": "memory_updated", "agent": "agent_3", "round": 1}
2026-05-06 21:30:08,450 - INFO - Loop 1 completed
{"id": 15, "ts": 1778095808.4564624, "event": "discussion_order", "round": 2, "order": ["agent_1", "agent_3", "agent_2"]}
2026-05-06 21:30:15,555 - INFO - Tokens - Input: 3256, Output: 938, Total: 4194
{"id": 16, "ts": 1778095815.5574262, "event": "public_discussion_message", "round": 2, "agent": "agent_1", "message": "Current position: Candidate C\nConfidence/uncertainty: Moderate \u2013 I am fairly confident C is the strongest overall, but I remain uncertain about how his communication difficulties will play out in a long\u2011haul cockpit environment.\nReasoning summary:\n- Key evidence used: Candidate\u202fC is 100\u202f% reliable, makes correct decisions quickly, creates a positive atmosphere with the crew, stays calm in crisis, and possesses good technical understanding. These address reliability, calmness under pressure, cooperation, and technical competence.\n- Evidence from others: Agents\u202f2 and\u202f3 have highlighted Candidate\u202fB\u2019s strong reliability, stress resilience, and technical skills, but also stressed his repeated cooperation drawbacks (grumpy, uncooperative, pretentious, nasty remarks). They also noted negative interpersonal traits for Candidates\u202fA and\u202fD.\n- Alternatives considered:\n  * Candidate\u202fA \u2013 excellent technical vision and leadership but unorganized, poor at criticism, and unfriendly, raising serious CRM concerns.\n  * Candidate\u202fB \u2013 high reliability and technical ability, yet suffers from multiple cooperation negatives that could jeopardize safety.\n  * Candidate\u202fD \u2013 strong problem\u2011solving, responsibility, and concentration, but is regarded as arrogant with weak leadership and a hot temper.\n- Main tradeoff: Weighing C\u2019s communication difficulty and egocentric attitude against B\u2019s stronger technical profile but more pervasive cooperation issues. The positive crew atmosphere reported for C suggests his interpersonal impact may be less detrimental than B\u2019s documented grumpiness and pretentiousness.\n- Remaining uncertainty: The real\u2011world impact of C\u2019s difficulty articulating ideas on cockpit coordination and decision\u2011making during long\u2011distance flights.\n- What would change my vote: Concrete evidence (e.g., CRM performance data or incident reports) showing that Candidate\u202fB\u2019s cooperation issues are minor or that Candidate\u202fC\u2019s communication deficits lead to safety\u2011critical misunderstandings would cause me to reconsider.\nMETADATA_JSON:\n{\"agent\": \"agent_1\", \"vote\": \"Candidate C\"}"}
2026-05-06 21:30:15,557 - INFO - Agent turns: 4
2026-05-06 21:30:22,832 - INFO - Tokens - Input: 3405, Output: 953, Total: 4358
2026-05-06 21:30:22,834 - INFO - Memory updates: 10
{"id": 17, "ts": 1778095822.8344226, "event": "memory_updated", "agent": "agent_1", "round": 2}
2026-05-06 21:30:23,307 - INFO - Tokens - Input: 3354, Output: 1049, Total: 4403
2026-05-06 21:30:23,309 - INFO - Memory updates: 11
{"id": 18, "ts": 1778095823.3093848, "event": "memory_updated", "agent": "agent_2", "round": 2}
2026-05-06 21:30:27,222 - INFO - Tokens - Input: 3778, Output: 1563, Total: 5341
2026-05-06 21:30:27,224 - INFO - Memory updates: 12
{"id": 19, "ts": 1778095827.224481, "event": "memory_updated", "agent": "agent_3", "round": 2}
2026-05-06 21:30:36,367 - INFO - Tokens - Input: 4147, Output: 1235, Total: 5382
{"id": 20, "ts": 1778095836.369231, "event": "public_discussion_message", "round": 2, "agent": "agent_3", "message": "Current position: Candidate C\nConfidence/uncertainty: Moderate (around 60% confidence)\nReasoning summary:\n- Key evidence used: Candidate\u202fC is described as 100\u202f% reliable, makes correct decisions quickly, stays calm in crisis, has good technical understanding, excellent attention skills, and puts concern for others above everything, creating a positive crew atmosphere.\n- Evidence from others: Agents\u202f2 and\u202f3 highlighted Candidate\u202fB\u2019s strong reliability and technical skills but noted repeated cooperation negatives (pretentiousness, nasty remarks, wrong tone, grumpy, uncooperative). Agent\u202f1 emphasized C\u2019s positive crew atmosphere and concern for others, while also noting communication difficulty and egocentricity.\n- Alternatives considered:\n  * Candidate\u202fB \u2013 strong reliability and technical competence but multiple, repeated cooperation drawbacks that directly threaten crew\u2011resource\u2011management.\n  * Candidate\u202fA \u2013 excellent technical vision and leadership but unfriendly, unhealthy habits, and unorganized, raising serious CRM concerns.\n  * Candidate\u202fD \u2013 strong problem\u2011solving and responsibility but moody, a loner, and described as arrogant/hot\u2011tempered.\n- Main tradeoff: Weighing C\u2019s communication difficulty and egocentric attitude against B\u2019s multiple, documented cooperation failures (pretentiousness, nasty remarks, uncooperative behavior). The positive crew atmosphere and concern for others reported for C suggest his cooperation issues may be less safety\u2011critical than B\u2019s.\n- Remaining uncertainty: How severely C\u2019s difficulty articulating ideas and egocentric behavior would impact real\u2011world cockpit coordination on ultra\u2011long\u2011haul flights.\n- What would change my vote: Convincing evidence that Candidate\u202fB\u2019s cooperation negatives are minor or can be fully mitigated, or that Candidate\u202fC\u2019s communication deficits lead to safety\u2011critical misunderstandings, would cause me to reconsider.\nMETADATA_JSON:\n{\"agent\": \"agent_3\", \"vote\": \"Candidate C\"}"}
2026-05-06 21:30:36,369 - INFO - Agent turns: 5
2026-05-06 21:30:44,235 - INFO - Tokens - Input: 3758, Output: 1192, Total: 4950
2026-05-06 21:30:44,237 - INFO - Memory updates: 13
{"id": 21, "ts": 1778095844.2377892, "event": "memory_updated", "agent": "agent_2", "round": 2}
2026-05-06 21:30:48,436 - INFO - Tokens - Input: 3732, Output: 1716, Total: 5448
2026-05-06 21:30:48,438 - INFO - Memory updates: 14
{"id": 22, "ts": 1778095848.438384, "event": "memory_updated", "agent": "agent_1", "round": 2}
2026-05-06 21:30:50,626 - INFO - Tokens - Input: 4300, Output: 1995, Total: 6295
2026-05-06 21:30:50,628 - INFO - Memory updates: 15
{"id": 23, "ts": 1778095850.6286194, "event": "memory_updated", "agent": "agent_3", "round": 2}
2026-05-06 21:31:01,040 - INFO - Tokens - Input: 4086, Output: 1351, Total: 5437
{"id": 24, "ts": 1778095861.0423956, "event": "public_discussion_message", "round": 2, "agent": "agent_2", "message": "Current position: Candidate C\nConfidence/uncertainty: Moderate\nReasoning summary:\n- Key evidence used: Candidate C is 100\u202f% reliable, makes correct decisions quickly, stays calm in crisis, understands complicated technology, has excellent attention skills, and puts concern for others above everything, creating a positive crew atmosphere. These address reliability, calmness under pressure, technical competence, and cooperation.\n- Evidence from others: Agents\u202f1 and\u202f3 emphasized C\u2019s strong reliability, quick decision\u2011making, calmness, technical understanding, and especially his positive impact on crew morale. They also noted his communication difficulty and egocentric attitude as drawbacks.\n- Alternatives considered:\n  * Candidate B \u2013 very conscientious, handles stress well, good at weather assessment and computer skills (strong reliability and technical competence) but has multiple repeated cooperation negatives (pretentious, nasty remarks, wrong tone, grumpy, uncooperative).\n  * Candidate A \u2013 excellent spatial vision and leadership but regarded as a show\u2011off, not open to new ideas, and unfriendly, raising serious CRM concerns.\n  * Candidate D \u2013 excellent problem\u2011solving, responsibility, and concentration but seen as a know\u2011it\u2011all with a hot temper, also detrimental to teamwork.\n- Main tradeoff: Weighing C\u2019s communication difficulty and egocentric attitude against B\u2019s more severe and numerous cooperation negatives. C\u2019s positive crew\u2011atmosphere contribution provides a cooperation strength that B lacks.\n- Remaining uncertainty: The real\u2011world impact of C\u2019s difficulty articulating ideas on cockpit coordination and decision\u2011making during ultra\u2011long\u2011haul flights.\n- What would change my vote: Concrete evidence that C\u2019s communication deficits lead to safety\u2011critical misunderstandings, or convincing data that B\u2019s cooperation issues are minor and can be fully mitigated, would cause me to reconsider.\nMETADATA_JSON:\n{\"agent\": \"agent_2\", \"vote\": \"Candidate C\"}"}
2026-05-06 21:31:01,042 - INFO - Agent turns: 6
2026-05-06 21:31:08,229 - INFO - Tokens - Input: 4225, Output: 1106, Total: 5331
2026-05-06 21:31:08,230 - INFO - Memory updates: 16
{"id": 25, "ts": 1778095868.2310662, "event": "memory_updated", "agent": "agent_2", "round": 2}
2026-05-06 21:31:09,670 - INFO - Tokens - Input: 4499, Output: 1371, Total: 5870
2026-05-06 21:31:09,672 - INFO - Memory updates: 17
{"id": 26, "ts": 1778095869.6722496, "event": "memory_updated", "agent": "agent_1", "round": 2}
2026-05-06 21:31:10,279 - INFO - Tokens - Input: 4706, Output: 1515, Total: 6221
2026-05-06 21:31:10,281 - INFO - Memory updates: 18
{"id": 27, "ts": 1778095870.281969, "event": "memory_updated", "agent": "agent_3", "round": 2}
2026-05-06 21:31:10,290 - INFO - Loop 2 completed
2026-05-06 21:31:10,291 - INFO - Final Chosen Candidate: Candidate C
2026-05-06 21:31:10,291 - INFO - Final Decision Method: consensus
2026-05-06 21:31:10,291 - INFO - Final Vote Count: {'Candidate C': 3}
2026-05-06 21:31:10,291 - INFO - Correct Candidate: Candidate C
2026-05-06 21:31:10,291 - INFO - Decision Correct: 1
{"id": 28, "ts": 1778095870.6726942, "event": "context_consistency_calculated", "method": "embedding_cosine", "mean_pairwise_similarity": 0.90868, "pairwise": [{"agent_a": "agent_1", "agent_b": "agent_2", "similarity": 0.923051}, {"agent_a": "agent_1", "agent_b": "agent_3", "similarity": 0.899138}, {"agent_a": "agent_2", "agent_b": "agent_3", "similarity": 0.90385}]}
{"id": 29, "ts": 1778095870.6728802, "event": "agent_memories_archived", "directory": "/home/lhegemann/git/bachelor_thesis/01_data/raw/simulations/high/high_20260506_181837_002/shared_mental_models", "round": 2}
{"id": 30, "ts": 1778095870.6730013, "event": "final_decision", "candidate": "Candidate C", "method": "consensus", "vote_count": {"Candidate C": 3}, "correct_candidate": "Candidate C", "decision_correct": 1, "round": 2}
2026-05-06 21:31:10,680 - INFO - ======================================================================
2026-05-06 21:31:10,680 - INFO - SIMULATION METRICS
2026-05-06 21:31:10,681 - INFO - ======================================================================
2026-05-06 21:31:10,681 - INFO - Total Loops: 2
2026-05-06 21:31:10,681 - INFO - Agent Turns (no vote checker): 6
2026-05-06 21:31:10,681 - INFO - Agent Tool Calls: 0
2026-05-06 21:31:10,681 - INFO - Agent Tool Messages: 0
2026-05-06 21:31:10,681 - INFO - Memory Updates: 18
2026-05-06 21:31:10,681 - INFO - Total Messages (no vote checker): 6
2026-05-06 21:31:10,681 - INFO - Input Tokens: 77061
2026-05-06 21:31:10,681 - INFO - Output Tokens: 31687
2026-05-06 21:31:10,681 - INFO - Total Tokens: 108748
2026-05-06 21:31:10,681 - INFO - Final Chosen Candidate: Candidate C
2026-05-06 21:31:10,681 - INFO - Final Decision Method: consensus
2026-05-06 21:31:10,682 - INFO - Final Vote Count: {'Candidate C': 3}
2026-05-06 21:31:10,682 - INFO - Correct Candidate: Candidate C
2026-05-06 21:31:10,682 - INFO - Decision Correct: 1
2026-05-06 21:31:10,682 - INFO - Runtime: 125.72s
2026-05-06 21:31:10,682 - INFO - ======================================================================
