2026-05-17 11:07:41,254 - INFO - Metrics tracker initialized
{"id": 1, "ts": 1779008861.283048, "event": "memory_reset"}
{"id": 2, "ts": 1779008861.2871456, "event": "discussion_order", "round": 1, "order": ["agent_3", "agent_1", "agent_2"]}
2026-05-17 11:07:46,958 - INFO - Tokens - Input: 1729, Output: 514, Total: 2243
{"id": 3, "ts": 1779008866.959885, "event": "public_discussion_message", "round": 1, "agent": "agent_3", "message": "I favor Candidate B \u2013 handles stress very well.\nMETADATA_JSON:\n{\"agent\": \"agent_3\", \"vote\": \"Candidate B\"}"}
2026-05-17 11:07:46,959 - INFO - Agent turns: 1
2026-05-17 11:07:52,955 - INFO - Tokens - Input: 1478, Output: 444, Total: 1922
2026-05-17 11:07:52,958 - INFO - Memory updates: 1
{"id": 4, "ts": 1779008872.958839, "event": "memory_updated", "agent": "agent_2", "round": 1}
2026-05-17 11:07:54,071 - INFO - Tokens - Input: 1475, Output: 566, Total: 2041
2026-05-17 11:07:54,073 - INFO - Memory updates: 2
{"id": 5, "ts": 1779008874.0738277, "event": "memory_updated", "agent": "agent_1", "round": 1}
2026-05-17 11:07:55,846 - INFO - Tokens - Input: 1470, Output: 801, Total: 2271
2026-05-17 11:07:55,848 - INFO - Memory updates: 3
{"id": 6, "ts": 1779008875.8484836, "event": "memory_updated", "agent": "agent_3", "round": 1}
2026-05-17 11:07:59,952 - INFO - Tokens - Input: 1727, Output: 491, Total: 2218
{"id": 7, "ts": 1779008879.9542584, "event": "public_discussion_message", "round": 1, "agent": "agent_1", "message": "I favor Candidate C \u2013 known to be 100% reliable.\nMETADATA_JSON:\n{\"agent\": \"agent_1\", \"vote\": \"Candidate C\"}"}
2026-05-17 11:07:59,954 - INFO - Agent turns: 2
2026-05-17 11:08:07,668 - INFO - Tokens - Input: 1497, Output: 546, Total: 2043
2026-05-17 11:08:07,672 - INFO - Memory updates: 4
{"id": 8, "ts": 1779008887.6723146, "event": "memory_updated", "agent": "agent_2", "round": 1}
2026-05-17 11:08:08,204 - INFO - Tokens - Input: 1477, Output: 604, Total: 2081
2026-05-17 11:08:08,206 - INFO - Memory updates: 5
{"id": 9, "ts": 1779008888.2070043, "event": "memory_updated", "agent": "agent_1", "round": 1}
2026-05-17 11:08:13,089 - INFO - Tokens - Input: 1490, Output: 1228, Total: 2718
2026-05-17 11:08:13,091 - INFO - Memory updates: 6
{"id": 10, "ts": 1779008893.0919454, "event": "memory_updated", "agent": "agent_3", "round": 1}
2026-05-17 11:08:18,315 - INFO - Tokens - Input: 1788, Output: 635, Total: 2423
{"id": 11, "ts": 1779008898.316431, "event": "public_discussion_message", "round": 1, "agent": "agent_2", "message": "I favor Candidate C \u2013 known to be 100% reliable.\nMETADATA_JSON:\n{\"agent\": \"agent_2\", \"vote\": \"Candidate C\"}"}
2026-05-17 11:08:18,316 - INFO - Agent turns: 3
2026-05-17 11:08:24,238 - INFO - Tokens - Input: 1538, Output: 426, Total: 1964
2026-05-17 11:08:24,240 - INFO - Memory updates: 7
{"id": 12, "ts": 1779008904.2410243, "event": "memory_updated", "agent": "agent_2", "round": 1}
2026-05-17 11:08:25,301 - INFO - Tokens - Input: 1550, Output: 542, Total: 2092
2026-05-17 11:08:25,303 - INFO - Memory updates: 8
{"id": 13, "ts": 1779008905.3037775, "event": "memory_updated", "agent": "agent_3", "round": 1}
2026-05-17 11:08:28,711 - INFO - Tokens - Input: 1518, Output: 994, Total: 2512
2026-05-17 11:08:28,713 - INFO - Memory updates: 9
{"id": 14, "ts": 1779008908.7137847, "event": "memory_updated", "agent": "agent_1", "round": 1}
2026-05-17 11:08:28,722 - INFO - Loop 1 completed
{"id": 15, "ts": 1779008908.7286878, "event": "discussion_order", "round": 2, "order": ["agent_1", "agent_2", "agent_3"]}
2026-05-17 11:08:34,198 - INFO - Tokens - Input: 2008, Output: 681, Total: 2689
{"id": 16, "ts": 1779008914.2000837, "event": "public_discussion_message", "round": 2, "agent": "agent_1", "message": "Candidate C \u2013 100% reliable and creates a positive crew atmosphere.\nMETADATA_JSON:\n{\"agent\": \"agent_1\", \"vote\": \"Candidate C\"}"}
2026-05-17 11:08:34,200 - INFO - Agent turns: 4
2026-05-17 11:08:38,309 - INFO - Tokens - Input: 1759, Output: 291, Total: 2050
2026-05-17 11:08:38,312 - INFO - Memory updates: 10
{"id": 17, "ts": 1779008918.3124382, "event": "memory_updated", "agent": "agent_1", "round": 2}
2026-05-17 11:08:46,710 - INFO - Tokens - Input: 1580, Output: 1181, Total: 2761
2026-05-17 11:08:46,712 - INFO - Memory updates: 11
{"id": 18, "ts": 1779008926.7129283, "event": "memory_updated", "agent": "agent_2", "round": 2}
2026-05-17 11:08:49,470 - INFO - Tokens - Input: 1604, Output: 1527, Total: 3131
2026-05-17 11:08:49,473 - INFO - Memory updates: 12
{"id": 19, "ts": 1779008929.47321, "event": "memory_updated", "agent": "agent_3", "round": 2}
2026-05-17 11:08:54,945 - INFO - Tokens - Input: 1875, Output: 655, Total: 2530
{"id": 20, "ts": 1779008934.9470167, "event": "public_discussion_message", "round": 2, "agent": "agent_2", "message": "I prefer Candidate C \u2013 known to be 100% reliable.\nMETADATA_JSON:\n{\"agent\": \"agent_2\", \"vote\": \"Candidate C\"}"}
2026-05-17 11:08:54,947 - INFO - Agent turns: 5
2026-05-17 11:08:58,448 - INFO - Tokens - Input: 1796, Output: 215, Total: 2011
2026-05-17 11:08:58,450 - INFO - Memory updates: 13
{"id": 21, "ts": 1779008938.450455, "event": "memory_updated", "agent": "agent_1", "round": 2}
2026-05-17 11:09:00,895 - INFO - Tokens - Input: 1625, Output: 475, Total: 2100
2026-05-17 11:09:00,897 - INFO - Memory updates: 14
{"id": 22, "ts": 1779008940.8978593, "event": "memory_updated", "agent": "agent_2", "round": 2}
2026-05-17 11:09:02,107 - INFO - Tokens - Input: 1698, Output: 630, Total: 2328
2026-05-17 11:09:02,109 - INFO - Memory updates: 15
{"id": 23, "ts": 1779008942.1095717, "event": "memory_updated", "agent": "agent_3", "round": 2}
2026-05-17 11:09:07,104 - INFO - Tokens - Input: 1999, Output: 603, Total: 2602
{"id": 24, "ts": 1779008947.1059103, "event": "public_discussion_message", "round": 2, "agent": "agent_3", "message": "Candidate C \u2013 difficulty communicating ideas.\nMETADATA_JSON:\n{\"agent\": \"agent_3\", \"vote\": \"Candidate C\"}"}
2026-05-17 11:09:07,106 - INFO - Agent turns: 6
2026-05-17 11:09:17,880 - INFO - Tokens - Input: 1831, Output: 782, Total: 2613
2026-05-17 11:09:17,882 - INFO - Memory updates: 16
{"id": 25, "ts": 1779008957.8829181, "event": "memory_updated", "agent": "agent_1", "round": 2}
2026-05-17 11:09:18,729 - INFO - Tokens - Input: 1743, Output: 870, Total: 2613
2026-05-17 11:09:18,731 - INFO - Memory updates: 17
{"id": 26, "ts": 1779008958.732037, "event": "memory_updated", "agent": "agent_3", "round": 2}
2026-05-17 11:09:22,005 - INFO - Tokens - Input: 1660, Output: 1293, Total: 2953
2026-05-17 11:09:22,008 - INFO - Memory updates: 18
{"id": 27, "ts": 1779008962.008509, "event": "memory_updated", "agent": "agent_2", "round": 2}
2026-05-17 11:09:22,017 - INFO - Loop 2 completed
2026-05-17 11:09:22,018 - INFO - Final Chosen Candidate: Candidate C
2026-05-17 11:09:22,018 - INFO - Final Decision Method: consensus
2026-05-17 11:09:22,018 - INFO - Final Vote Count: {'Candidate C': 3}
2026-05-17 11:09:22,018 - INFO - Correct Candidate: Candidate C
2026-05-17 11:09:22,018 - INFO - Decision Correct: 1
{"id": 28, "ts": 1779008962.6295137, "event": "context_consistency_calculated", "method": "weighted_section_embedding_cosine", "mean_pairwise_similarity": 0.867131, "pairwise": [{"agent_a": "agent_1", "agent_b": "agent_2", "similarity": 0.897432, "sections": [{"section": "task_summary", "weight": 0.02, "similarity": 1.0}, {"section": "revealed_facts_by_source", "weight": 0.3, "similarity": 0.880313}, {"section": "candidate_evaluation", "weight": 0.35, "similarity": 0.8907}, {"section": "other_agents_positions", "weight": 0.15, "similarity": 0.911347}, {"section": "emerging_group_view", "weight": 0.13, "similarity": 0.93203}, {"section": "open_questions_next_step_focus", "weight": 0.05, "similarity": 0.874542}]}, {"agent_a": "agent_1", "agent_b": "agent_3", "similarity": 0.838676, "sections": [{"section": "task_summary", "weight": 0.02, "similarity": 1.0}, {"section": "revealed_facts_by_source", "weight": 0.3, "similarity": 0.817262}, {"section": "candidate_evaluation", "weight": 0.35, "similarity": 0.836953}, {"section": "other_agents_positions", "weight": 0.15, "similarity": 0.888977}, {"section": "emerging_group_view", "weight": 0.13, "similarity": 0.796369}, {"section": "open_questions_next_step_focus", "weight": 0.05, "similarity": 0.87378}]}, {"agent_a": "agent_2", "agent_b": "agent_3", "similarity": 0.865285, "sections": [{"section": "task_summary", "weight": 0.02, "similarity": 1.0}, {"section": "revealed_facts_by_source", "weight": 0.3, "similarity": 0.902842}, {"section": "candidate_evaluation", "weight": 0.35, "similarity": 0.816427}, {"section": "other_agents_positions", "weight": 0.15, "similarity": 0.937275}, {"section": "emerging_group_view", "weight": 0.13, "similarity": 0.780108}, {"section": "open_questions_next_step_focus", "weight": 0.05, "similarity": 0.933555}]}]}
{"id": 29, "ts": 1779008962.6297245, "event": "gold_standard_alignment_calculated", "method": "rule_based_fact_coverage", "mean_alignment": 0.225, "by_agent": [{"agent": "agent_1", "score": 0.375, "matched_facts": 15, "total_facts": 40, "matched_public_facts": 9, "total_public_facts": 16, "public_fact_coverage": 0.5625, "matched_own_private_facts": 6, "total_own_private_facts": 8, "own_private_fact_coverage": 0.75, "matched_other_private_facts": 0, "total_other_private_facts": 16, "other_private_fact_coverage": 0.0, "checks": {"public_candidate_a_can_anticipate_dangerous_situations": 0, "public_candidate_a_is_able_to_see_complex_connections": 0, "public_candidate_a_has_excellent_spatial_vision": 0, "public_candidate_a_has_very_good_leadership_qualities": 0, "public_candidate_b_is_very_conscientious": 0, "public_candidate_b_handles_stress_very_well": 1, "public_candidate_b_is_good_at_assessing_weather_conditions": 0, "public_candidate_b_has_excellent_computer_skills": 0, "public_candidate_c_can_make_correct_decisions_quickly": 1, "public_candidate_c_has_difficulty_communicating_ideas": 1, "public_candidate_c_is_regarded_as_egocentric": 1, "public_candidate_c_is_not_very_willing_to_further_his_education": 1, "public_candidate_d_responds_to_unexpected_events_adequately": 1, "public_candidate_d_can_concentrate_very_well": 1, "public_candidate_d_solves_problems_extremely_well": 1, "public_candidate_d_takes_responsibility_seriously": 1, "agent_1_candidate_a_is_sometimes_not_good_at_taking_criticism": 0, "agent_1_candidate_a_can_be_unorganized": 0, "agent_1_candidate_b_can_be_grumpy": 1, "agent_1_candidate_b_can_be_uncooperative": 1, "agent_1_candidate_c_is_known_to_be_100_percent_reliable": 1, "agent_1_candidate_c_creates_a_positive_atmosphere_with_his_crew": 1, "agent_1_candidate_d_is_regarded_as_arrogant": 1, "agent_1_candidate_d_has_relatively_weak_leadership_skills": 1, "agent_2_candidate_a_is_regarded_as_a_show_off": 0, "agent_2_candidate_a_is_regarded_as_being_not_open_to_new_ideas": 0, "agent_2_candidate_b_has_a_relatively_weak_memory_for_numbers": 0, "agent_2_candidate_b_makes_nasty_remarks_about_his_colleagues": 0, "agent_2_candidate_c_keeps_calm_in_a_crisis": 0, "agent_2_candidate_c_understands_complicated_technology": 0, "agent_2_candidate_d_is_regarded_as_a_know_it_all": 0, "agent_2_candidate_d_has_a_hot_temper": 0, "agent_3_candidate_a_is_unfriendly": 0, "agent_3_candidate_a_eats_unhealthily": 0, "agent_3_candidate_b_is_regarded_as_pretentious": 0, "agent_3_candidate_b_sometimes_adopts_the_wrong_tone_when_communicating": 0, "agent_3_candidate_c_puts_concern_for_others_above_everything": 0, "agent_3_candidate_c_has_excellent_attention_skills": 0, "agent_3_candidate_d_is_considered_moody": 0, "agent_3_candidate_d_is_regarded_as_a_loner": 0}}, {"agent": "agent_2", "score": 0.15, "matched_facts": 6, "total_facts": 40, "matched_public_facts": 4, "total_public_facts": 16, "public_fact_coverage": 0.25, "matched_own_private_facts": 0, "total_own_private_facts": 8, "own_private_fact_coverage": 0.0, "matched_other_private_facts": 2, "total_other_private_facts": 16, "other_private_fact_coverage": 0.125, "checks": {"public_candidate_a_can_anticipate_dangerous_situations": 0, "public_candidate_a_is_able_to_see_complex_connections": 0, "public_candidate_a_has_excellent_spatial_vision": 0, "public_candidate_a_has_very_good_leadership_qualities": 0, "public_candidate_b_is_very_conscientious": 0, "public_candidate_b_handles_stress_very_well": 1, "public_candidate_b_is_good_at_assessing_weather_conditions": 0, "public_candidate_b_has_excellent_computer_skills": 0, "public_candidate_c_can_make_correct_decisions_quickly": 0, "public_candidate_c_has_difficulty_communicating_ideas": 1, "public_candidate_c_is_regarded_as_egocentric": 1, "public_candidate_c_is_not_very_willing_to_further_his_education": 1, "public_candidate_d_responds_to_unexpected_events_adequately": 0, "public_candidate_d_can_concentrate_very_well": 0, "public_candidate_d_solves_problems_extremely_well": 0, "public_candidate_d_takes_responsibility_seriously": 0, "agent_1_candidate_a_is_sometimes_not_good_at_taking_criticism": 0, "agent_1_candidate_a_can_be_unorganized": 0, "agent_1_candidate_b_can_be_grumpy": 0, "agent_1_candidate_b_can_be_uncooperative": 0, "agent_1_candidate_c_is_known_to_be_100_percent_reliable": 1, "agent_1_candidate_c_creates_a_positive_atmosphere_with_his_crew": 1, "agent_1_candidate_d_is_regarded_as_arrogant": 0, "agent_1_candidate_d_has_relatively_weak_leadership_skills": 0, "agent_2_candidate_a_is_regarded_as_a_show_off": 0, "agent_2_candidate_a_is_regarded_as_being_not_open_to_new_ideas": 0, "agent_2_candidate_b_has_a_relatively_weak_memory_for_numbers": 0, "agent_2_candidate_b_makes_nasty_remarks_about_his_colleagues": 0, "agent_2_candidate_c_keeps_calm_in_a_crisis": 0, "agent_2_candidate_c_understands_complicated_technology": 0, "agent_2_candidate_d_is_regarded_as_a_know_it_all": 0, "agent_2_candidate_d_has_a_hot_temper": 0, "agent_3_candidate_a_is_unfriendly": 0, "agent_3_candidate_a_eats_unhealthily": 0, "agent_3_candidate_b_is_regarded_as_pretentious": 0, "agent_3_candidate_b_sometimes_adopts_the_wrong_tone_when_communicating": 0, "agent_3_candidate_c_puts_concern_for_others_above_everything": 0, "agent_3_candidate_c_has_excellent_attention_skills": 0, "agent_3_candidate_d_is_considered_moody": 0, "agent_3_candidate_d_is_regarded_as_a_loner": 0}}, {"agent": "agent_3", "score": 0.15, "matched_facts": 6, "total_facts": 40, "matched_public_facts": 4, "total_public_facts": 16, "public_fact_coverage": 0.25, "matched_own_private_facts": 0, "total_own_private_facts": 8, "own_private_fact_coverage": 0.0, "matched_other_private_facts": 2, "total_other_private_facts": 16, "other_private_fact_coverage": 0.125, "checks": {"public_candidate_a_can_anticipate_dangerous_situations": 0, "public_candidate_a_is_able_to_see_complex_connections": 0, "public_candidate_a_has_excellent_spatial_vision": 0, "public_candidate_a_has_very_good_leadership_qualities": 0, "public_candidate_b_is_very_conscientious": 0, "public_candidate_b_handles_stress_very_well": 1, "public_candidate_b_is_good_at_assessing_weather_conditions": 0, "public_candidate_b_has_excellent_computer_skills": 0, "public_candidate_c_can_make_correct_decisions_quickly": 0, "public_candidate_c_has_difficulty_communicating_ideas": 1, "public_candidate_c_is_regarded_as_egocentric": 1, "public_candidate_c_is_not_very_willing_to_further_his_education": 1, "public_candidate_d_responds_to_unexpected_events_adequately": 0, "public_candidate_d_can_concentrate_very_well": 0, "public_candidate_d_solves_problems_extremely_well": 0, "public_candidate_d_takes_responsibility_seriously": 0, "agent_1_candidate_a_is_sometimes_not_good_at_taking_criticism": 0, "agent_1_candidate_a_can_be_unorganized": 0, "agent_1_candidate_b_can_be_grumpy": 0, "agent_1_candidate_b_can_be_uncooperative": 0, "agent_1_candidate_c_is_known_to_be_100_percent_reliable": 1, "agent_1_candidate_c_creates_a_positive_atmosphere_with_his_crew": 1, "agent_1_candidate_d_is_regarded_as_arrogant": 0, "agent_1_candidate_d_has_relatively_weak_leadership_skills": 0, "agent_2_candidate_a_is_regarded_as_a_show_off": 0, "agent_2_candidate_a_is_regarded_as_being_not_open_to_new_ideas": 0, "agent_2_candidate_b_has_a_relatively_weak_memory_for_numbers": 0, "agent_2_candidate_b_makes_nasty_remarks_about_his_colleagues": 0, "agent_2_candidate_c_keeps_calm_in_a_crisis": 0, "agent_2_candidate_c_understands_complicated_technology": 0, "agent_2_candidate_d_is_regarded_as_a_know_it_all": 0, "agent_2_candidate_d_has_a_hot_temper": 0, "agent_3_candidate_a_is_unfriendly": 0, "agent_3_candidate_a_eats_unhealthily": 0, "agent_3_candidate_b_is_regarded_as_pretentious": 0, "agent_3_candidate_b_sometimes_adopts_the_wrong_tone_when_communicating": 0, "agent_3_candidate_c_puts_concern_for_others_above_everything": 0, "agent_3_candidate_c_has_excellent_attention_skills": 0, "agent_3_candidate_d_is_considered_moody": 0, "agent_3_candidate_d_is_regarded_as_a_loner": 0}}]}
{"id": 30, "ts": 1779008962.6298487, "event": "agent_memories_archived", "directory": "/home/lhegemann/git/bachelor_thesis/01_data/raw/simulations/low/low_treatment_20260517_100112_020/shared_mental_models", "round": 2}
{"id": 31, "ts": 1779008962.6298985, "event": "final_decision", "candidate": "Candidate C", "method": "consensus", "vote_count": {"Candidate C": 3}, "correct_candidate": "Candidate C", "decision_correct": 1, "round": 2}
2026-05-17 11:09:22,638 - INFO - ======================================================================
2026-05-17 11:09:22,638 - INFO - SIMULATION METRICS
2026-05-17 11:09:22,638 - INFO - ======================================================================
2026-05-17 11:09:22,638 - INFO - Total Loops: 2
2026-05-17 11:09:22,638 - INFO - Agent Turns (no vote checker): 6
2026-05-17 11:09:22,638 - INFO - Agent Tool Calls: 0
2026-05-17 11:09:22,638 - INFO - Agent Tool Messages: 0
2026-05-17 11:09:22,638 - INFO - Memory Updates: 18
2026-05-17 11:09:22,638 - INFO - Total Messages (no vote checker): 6
2026-05-17 11:09:22,638 - INFO - Input Tokens: 39915
2026-05-17 11:09:22,638 - INFO - Output Tokens: 16994
2026-05-17 11:09:22,638 - INFO - Total Tokens: 56909
2026-05-17 11:09:22,638 - INFO - Final Chosen Candidate: Candidate C
2026-05-17 11:09:22,638 - INFO - Final Decision Method: consensus
2026-05-17 11:09:22,638 - INFO - Final Vote Count: {'Candidate C': 3}
2026-05-17 11:09:22,638 - INFO - Correct Candidate: Candidate C
2026-05-17 11:09:22,638 - INFO - Decision Correct: 1
2026-05-17 11:09:22,638 - INFO - Runtime: 101.38s
2026-05-17 11:09:22,638 - INFO - ======================================================================
