2026-05-07 22:14:47,091 - INFO - Metrics tracker initialized
{"id": 1, "ts": 1778184887.1195788, "event": "memory_reset"}
{"id": 2, "ts": 1778184887.1247375, "event": "discussion_order", "round": 1, "order": ["agent_1", "agent_2", "agent_3"]}
2026-05-07 22:14:56,398 - INFO - Tokens - Input: 1419, Output: 736, Total: 2155
{"id": 3, "ts": 1778184896.40012, "event": "public_discussion_message", "round": 1, "agent": "agent_1", "message": "I tentatively favor **Candidate C** because they are described as 100% reliable and they create a positive atmosphere with the crew\u2014both crucial for safe, long\u2011distance operations. Their ability to make quick, correct decisions also supports handling in\u2011flight challenges. The main uncertainty is their difficulty communicating ideas and egocentric attitude, which could hinder teamwork and crew coordination.\nMETADATA_JSON:\n{\"agent\": \"agent_1\", \"vote\": \"Candidate C\"}"}
2026-05-07 22:14:56,400 - INFO - Agent turns: 1
2026-05-07 22:15:03,330 - INFO - Tokens - Input: 1609, Output: 926, Total: 2535
{"id": 4, "ts": 1778184903.331381, "event": "public_discussion_message", "round": 1, "agent": "agent_2", "message": "I currently favor **Candidate B** because they are very conscientious (supporting reliability) and handle stress well (crucial for staying calm on long\u2011distance flights). These traits directly address the core safety and endurance demands of the role. The main uncertainty is their tendency to make nasty remarks about colleagues, which could undermine crew cooperation and the positive cockpit atmosphere.\nMETADATA_JSON:\n{\"agent\": \"agent_2\", \"vote\": \"Candidate B\"}"}
2026-05-07 22:15:03,331 - INFO - Agent turns: 2
2026-05-07 22:15:09,007 - INFO - Tokens - Input: 1698, Output: 764, Total: 2462
{"id": 5, "ts": 1778184909.0083587, "event": "public_discussion_message", "round": 1, "agent": "agent_3", "message": "I currently favor **Candidate C** because they consistently put concern for others above everything (supporting crew cooperation) and can make correct decisions quickly with excellent attention skills (critical for technical competence and handling in\u2011flight challenges). These traits together address both the safety and teamwork demands of long\u2011distance flights. The main uncertainty is their difficulty communicating ideas and egocentric attitude, which could still impede effective cockpit coordination.\nMETADATA_JSON:\n{\"agent\": \"agent_3\", \"vote\": \"Candidate C\"}"}
2026-05-07 22:15:09,008 - INFO - Agent turns: 3
2026-05-07 22:15:09,017 - INFO - Loop 1 completed
{"id": 6, "ts": 1778184909.0217342, "event": "discussion_order", "round": 2, "order": ["agent_2", "agent_3", "agent_1"]}
2026-05-07 22:15:13,988 - INFO - Tokens - Input: 1748, Output: 636, Total: 2384
{"id": 7, "ts": 1778184913.9896955, "event": "public_discussion_message", "round": 2, "agent": "agent_2", "message": "I continue to favor **Candidate\u202fB** because their strong conscientiousness supports reliability and their ability to handle stress directly addresses the calm\u2011under\u2011pressure requirement of long\u2011distance flights. Their skill in assessing weather and excellent computer abilities also bolster the technical competence needed for such routes. The main uncertainty is their tendency to make nasty remarks about colleagues, which could undermine crew cooperation and the cockpit atmosphere.\nMETADATA_JSON:\n{\"agent\": \"agent_2\", \"vote\": \"Candidate B\"}"}
2026-05-07 22:15:13,989 - INFO - Agent turns: 4
2026-05-07 22:15:19,915 - INFO - Tokens - Input: 1922, Output: 675, Total: 2597
{"id": 8, "ts": 1778184919.9161956, "event": "public_discussion_message", "round": 2, "agent": "agent_3", "message": "I now favor **Candidate\u202fB** because their strong conscientiousness underpins reliability and their proven ability to handle stress directly supports the calm\u2011under\u2011pressure requirement of long\u2011distance flights. Additionally, their skill in assessing weather and excellent computer abilities bolster the technical competence needed for complex, extended routes. The main trade\u2011off is their tendency to be pretentious and sometimes adopt the wrong tone, which could impair crew cooperation and cockpit atmosphere.\nMETADATA_JSON:\n{\"agent\": \"agent_3\", \"vote\": \"Candidate B\"}"}
2026-05-07 22:15:19,916 - INFO - Agent turns: 5
2026-05-07 22:15:27,012 - INFO - Tokens - Input: 2052, Output: 931, Total: 2983
{"id": 9, "ts": 1778184927.0143833, "event": "public_discussion_message", "round": 2, "agent": "agent_1", "message": "I now favor **Candidate\u202fC** because they are described as 100% reliable and they create a positive atmosphere with the crew\u2014both essential for safe, long\u2011distance operations. Their ability to make quick, correct decisions also supports handling unexpected in\u2011flight challenges. The main trade\u2011off is their difficulty communicating ideas and egocentric attitude, which could impede effective teamwork in the cockpit.\nMETADATA_JSON:\n{\"agent\": \"agent_1\", \"vote\": \"Candidate C\"}"}
2026-05-07 22:15:27,014 - INFO - Agent turns: 6
2026-05-07 22:15:27,024 - INFO - Loop 2 completed
{"id": 10, "ts": 1778184927.030259, "event": "discussion_order", "round": 3, "order": ["agent_2", "agent_1", "agent_3"]}
2026-05-07 22:15:29,176 - INFO - Tokens - Input: 2078, Output: 253, Total: 2331
{"id": 11, "ts": 1778184929.177946, "event": "public_discussion_message", "round": 3, "agent": "agent_2", "message": "I continue to favor **Candidate\u202fB** because their strong conscientiousness supports reliability and their ability to handle stress directly addresses the calm\u2011under\u2011pressure requirement of long\u2011distance flights. Their skill in assessing weather and excellent computer abilities also bolster the technical competence needed for complex, extended routes. The main trade\u2011off is their tendency to make nasty remarks about colleagues, which could undermine crew cooperation and the cockpit atmosphere.\nMETADATA_JSON:\n{\"agent\": \"agent_2\", \"vote\": \"Candidate B\"}"}
2026-05-07 22:15:29,178 - INFO - Agent turns: 7
2026-05-07 22:15:38,095 - INFO - Tokens - Input: 2265, Output: 1116, Total: 3381
{"id": 12, "ts": 1778184938.0958278, "event": "public_discussion_message", "round": 3, "agent": "agent_1", "message": "I continue to favor **Candidate\u202fC** because they are described as 100\u202f% reliable and they create a positive atmosphere with the crew\u2014both essential for safe, long\u2011distance operations where trust and teamwork are critical. Their ability to make quick, correct decisions also supports the technical competence needed during extended flights. The main trade\u2011off is their difficulty communicating ideas and egocentric attitude, which could impede effective cockpit coordination.\nMETADATA_JSON:\n{\"agent\": \"agent_1\", \"vote\": \"Candidate C\"}"}
2026-05-07 22:15:38,095 - INFO - Agent turns: 8
2026-05-07 22:15:40,495 - INFO - Tokens - Input: 2377, Output: 225, Total: 2602
{"id": 13, "ts": 1778184940.4968207, "event": "public_discussion_message", "round": 3, "agent": "agent_3", "message": "I continue to favor **Candidate\u202fB** because their strong conscientiousness underpins reliability and their ability to handle stress directly supports the calm\u2011under\u2011pressure requirement of long\u2011distance flights. Their skill in assessing weather and excellent computer abilities further bolster the technical competence needed for complex, extended routes. The main trade\u2011off is their tendency to be pretentious and sometimes adopt the wrong tone, which could impair crew cooperation and the cockpit atmosphere.\nMETADATA_JSON:\n{\"agent\": \"agent_3\", \"vote\": \"Candidate B\"}"}
2026-05-07 22:15:40,496 - INFO - Agent turns: 9
2026-05-07 22:15:40,505 - INFO - Loop 3 completed
{"id": 14, "ts": 1778184940.51183, "event": "discussion_order", "round": 4, "order": ["agent_2", "agent_3", "agent_1"]}
2026-05-07 22:15:45,401 - INFO - Tokens - Input: 2419, Output: 642, Total: 3061
{"id": 15, "ts": 1778184945.402744, "event": "public_discussion_message", "round": 4, "agent": "agent_2", "message": "I currently favor **Candidate\u202fB** because they are very conscientious, supporting reliability, and they handle stress well, ensuring calmness under the long\u2011duration pressures of extended flights. These traits are essential for safe, consistent operation on long\u2011distance routes. The main trade\u2011off is their tendency to make nasty remarks about colleagues, which could undermine crew cooperation and cockpit atmosphere.\nMETADATA_JSON:\n{\"agent\": \"agent_2\", \"vote\": \"Candidate B\"}"}
2026-05-07 22:15:45,402 - INFO - Agent turns: 10
2026-05-07 22:15:50,785 - INFO - Tokens - Input: 2585, Output: 735, Total: 3320
{"id": 16, "ts": 1778184950.7869582, "event": "public_discussion_message", "round": 4, "agent": "agent_3", "message": "I currently favor **Candidate\u202fB** because they are very conscientious, which underpins reliability, and they handle stress well, ensuring calmness under the long\u2011duration pressures of extended flights. These traits are critical for safe, consistent long\u2011distance operations. The main trade\u2011off is their pretentious attitude and occasional wrong tone, which could undermine crew cooperation and the cockpit atmosphere.\nMETADATA_JSON:\n{\"agent\": \"agent_3\", \"vote\": \"Candidate B\"}"}
2026-05-07 22:15:50,787 - INFO - Agent turns: 11
2026-05-07 22:15:57,260 - INFO - Tokens - Input: 2695, Output: 650, Total: 3345
{"id": 17, "ts": 1778184957.2621605, "event": "public_discussion_message", "round": 4, "agent": "agent_1", "message": "I continue to favor **Candidate\u202fC** because they are described as 100\u202f% reliable and they create a positive atmosphere with the crew\u2014both essential for safe, long\u2011distance operations where trust and teamwork are critical. Their ability to make quick, correct decisions also supports handling the technical and situational challenges of extended flights. The main trade\u2011off is their difficulty communicating ideas and egocentric attitude, which could impede effective cockpit coordination.\nMETADATA_JSON:\n{\"agent\": \"agent_1\", \"vote\": \"Candidate C\"}"}
2026-05-07 22:15:57,262 - INFO - Agent turns: 12
2026-05-07 22:15:57,272 - INFO - Loop 4 completed
{"id": 18, "ts": 1778184957.2784677, "event": "discussion_order", "round": 5, "order": ["agent_3", "agent_2", "agent_1"]}
2026-05-07 22:16:00,987 - INFO - Tokens - Input: 2735, Output: 531, Total: 3266
{"id": 19, "ts": 1778184960.9893782, "event": "public_discussion_message", "round": 5, "agent": "agent_3", "message": "I continue to favor **Candidate\u202fB** because their strong conscientiousness underpins reliability and their proven ability to handle stress ensures calmness under the long\u2011duration pressures of extended flights. Both traits are essential for safe, consistent long\u2011distance operations. The main trade\u2011off is their pretentious attitude and occasional wrong tone, which could undermine crew cooperation and the cockpit atmosphere.\nMETADATA_JSON:\n{\"agent\": \"agent_3\", \"vote\": \"Candidate B\"}"}
2026-05-07 22:16:00,989 - INFO - Agent turns: 13
2026-05-07 22:16:06,540 - INFO - Tokens - Input: 2917, Output: 673, Total: 3590
{"id": 20, "ts": 1778184966.5419586, "event": "public_discussion_message", "round": 5, "agent": "agent_2", "message": "I continue to favor **Candidate\u202fB** because their strong conscientiousness underpins reliability and their ability to handle stress ensures calmness under the long\u2011duration pressures of extended flights. These traits are critical for safe, consistent long\u2011distance operations. The main trade\u2011off is their tendency to make nasty remarks about colleagues, which could undermine crew cooperation and the cockpit atmosphere.\nMETADATA_JSON:\n{\"agent\": \"agent_2\", \"vote\": \"Candidate B\"}"}
2026-05-07 22:16:06,542 - INFO - Agent turns: 14
2026-05-07 22:16:08,527 - INFO - Tokens - Input: 3015, Output: 211, Total: 3226
{"id": 21, "ts": 1778184968.528468, "event": "public_discussion_message", "round": 5, "agent": "agent_1", "message": "I continue to favor **Candidate\u202fC** because they are described as 100\u202f% reliable and they create a positive atmosphere with the crew\u2014both essential for safe, long\u2011distance operations where trust and teamwork are critical. Their ability to make quick, correct decisions also supports handling the technical and situational challenges of extended flights. The main trade\u2011off is their difficulty communicating ideas and egocentric attitude, which could hinder effective cockpit coordination.\nMETADATA_JSON:\n{\"agent\": \"agent_1\", \"vote\": \"Candidate C\"}"}
2026-05-07 22:16:08,528 - INFO - Agent turns: 15
2026-05-07 22:16:08,537 - INFO - Loop 5 completed
2026-05-07 22:16:08,537 - INFO - Final Chosen Candidate: Candidate B
2026-05-07 22:16:08,537 - INFO - Final Decision Method: max_round_majority_vote
2026-05-07 22:16:08,537 - INFO - Final Vote Count: {'Candidate C': 1, 'Candidate B': 2}
2026-05-07 22:16:08,537 - INFO - Correct Candidate: Candidate C
2026-05-07 22:16:08,538 - INFO - Decision Correct: 0
{"id": 22, "ts": 1778184968.5392823, "event": "context_consistency_not_applicable", "reason": "explicit_smm_memory_disabled"}
{"id": 23, "ts": 1778184968.5394197, "event": "final_decision", "candidate": "Candidate B", "method": "max_round_majority_vote", "vote_count": {"Candidate C": 1, "Candidate B": 2}, "correct_candidate": "Candidate C", "decision_correct": 0, "round": 5}
2026-05-07 22:16:08,547 - INFO - ======================================================================
2026-05-07 22:16:08,547 - INFO - SIMULATION METRICS
2026-05-07 22:16:08,547 - INFO - ======================================================================
2026-05-07 22:16:08,547 - INFO - Total Loops: 5
2026-05-07 22:16:08,547 - INFO - Agent Turns (no vote checker): 15
2026-05-07 22:16:08,547 - INFO - Agent Tool Calls: 0
2026-05-07 22:16:08,547 - INFO - Agent Tool Messages: 0
2026-05-07 22:16:08,548 - INFO - Memory Updates: 0
2026-05-07 22:16:08,548 - INFO - Total Messages (no vote checker): 15
2026-05-07 22:16:08,548 - INFO - Input Tokens: 33534
2026-05-07 22:16:08,548 - INFO - Output Tokens: 9704
2026-05-07 22:16:08,548 - INFO - Total Tokens: 43238
2026-05-07 22:16:08,548 - INFO - Final Chosen Candidate: Candidate B
2026-05-07 22:16:08,548 - INFO - Final Decision Method: max_round_majority_vote
2026-05-07 22:16:08,548 - INFO - Final Vote Count: {'Candidate C': 1, 'Candidate B': 2}
2026-05-07 22:16:08,548 - INFO - Correct Candidate: Candidate C
2026-05-07 22:16:08,548 - INFO - Decision Correct: 0
2026-05-07 22:16:08,548 - INFO - Runtime: 81.46s
2026-05-07 22:16:08,548 - INFO - ======================================================================
