2026-05-10 05:05:32,841 - INFO - Metrics tracker initialized
{"id": 1, "ts": 1778382332.8686635, "event": "memory_reset"}
{"id": 2, "ts": 1778382332.8741424, "event": "discussion_order", "round": 1, "order": ["agent_2", "agent_3", "agent_1"]}
2026-05-10 05:05:48,607 - INFO - Tokens - Input: 1395, Output: 615, Total: 2010
{"id": 3, "ts": 1778382348.608658, "event": "public_discussion_message", "round": 1, "agent": "agent_2", "message": "I prefer Candidate A \u2013 excellent spatial vision.\nMETADATA_JSON:\n{\"agent\": \"agent_2\", \"vote\": \"Candidate A\"}"}
2026-05-10 05:05:48,608 - INFO - Agent turns: 1
2026-05-10 05:05:53,950 - INFO - Tokens - Input: 1442, Output: 531, Total: 1973
{"id": 4, "ts": 1778382353.9518404, "event": "public_discussion_message", "round": 1, "agent": "agent_3", "message": "I prefer Candidate B \u2013 handles stress very well.\nMETADATA_JSON:\n{\"agent\": \"agent_3\", \"vote\": \"Candidate B\"}"}
2026-05-10 05:05:53,952 - INFO - Agent turns: 2
2026-05-10 05:05:58,324 - INFO - Tokens - Input: 1486, Output: 556, Total: 2042
{"id": 5, "ts": 1778382358.3257663, "event": "public_discussion_message", "round": 1, "agent": "agent_1", "message": "I prefer Candidate C \u2013 known to be 100% reliable.\nMETADATA_JSON:\n{\"agent\": \"agent_1\", \"vote\": \"Candidate C\"}"}
2026-05-10 05:05:58,325 - INFO - Agent turns: 3
2026-05-10 05:05:58,334 - INFO - Loop 1 completed
{"id": 6, "ts": 1778382358.3405533, "event": "discussion_order", "round": 2, "order": ["agent_3", "agent_2", "agent_1"]}
2026-05-10 05:06:05,945 - INFO - Tokens - Input: 1523, Output: 688, Total: 2211
{"id": 7, "ts": 1778382365.9472342, "event": "public_discussion_message", "round": 2, "agent": "agent_3", "message": "I prefer Candidate B \u2013 excellent computer skills.\nMETADATA_JSON:\n{\"agent\": \"agent_3\", \"vote\": \"Candidate B\"}"}
2026-05-10 05:06:05,947 - INFO - Agent turns: 4
2026-05-10 05:06:20,537 - INFO - Tokens - Input: 1566, Output: 1264, Total: 2830
{"id": 8, "ts": 1778382380.538835, "event": "public_discussion_message", "round": 2, "agent": "agent_2", "message": "I prefer Candidate B \u2013 makes nasty remarks about colleagues.\nMETADATA_JSON:\n{\"agent\": \"agent_2\", \"vote\": \"Candidate B\"}"}
2026-05-10 05:06:20,539 - INFO - Agent turns: 5
2026-05-10 05:06:27,231 - INFO - Tokens - Input: 1604, Output: 779, Total: 2383
{"id": 9, "ts": 1778382387.2332327, "event": "public_discussion_message", "round": 2, "agent": "agent_1", "message": "I prefer Candidate C \u2013 known to be 100% reliable.\nMETADATA_JSON:\n{\"agent\": \"agent_1\", \"vote\": \"Candidate C\"}"}
2026-05-10 05:06:27,233 - INFO - Agent turns: 6
2026-05-10 05:06:27,242 - INFO - Loop 2 completed
{"id": 10, "ts": 1778382387.2481644, "event": "discussion_order", "round": 3, "order": ["agent_1", "agent_3", "agent_2"]}
2026-05-10 05:06:35,767 - INFO - Tokens - Input: 1638, Output: 679, Total: 2317
{"id": 11, "ts": 1778382395.768703, "event": "public_discussion_message", "round": 3, "agent": "agent_1", "message": "I prefer Candidate C \u2013 known to be 100% reliable.\nMETADATA_JSON:\n{\"agent\": \"agent_1\", \"vote\": \"Candidate C\"}"}
2026-05-10 05:06:35,768 - INFO - Agent turns: 7
2026-05-10 05:06:48,423 - INFO - Tokens - Input: 1683, Output: 1190, Total: 2873
{"id": 12, "ts": 1778382408.4249136, "event": "public_discussion_message", "round": 3, "agent": "agent_3", "message": "I prefer Candidate B \u2013 handles stress very well.\nMETADATA_JSON:\n{\"agent\": \"agent_3\", \"vote\": \"Candidate B\"}"}
2026-05-10 05:06:48,425 - INFO - Agent turns: 8
2026-05-10 05:07:01,428 - INFO - Tokens - Input: 1726, Output: 746, Total: 2472
{"id": 13, "ts": 1778382421.429491, "event": "public_discussion_message", "round": 3, "agent": "agent_2", "message": "I prefer Candidate B \u2013 very conscientious.\nMETADATA_JSON:\n{\"agent\": \"agent_2\", \"vote\": \"Candidate B\"}"}
2026-05-10 05:07:01,429 - INFO - Agent turns: 9
2026-05-10 05:07:01,438 - INFO - Loop 3 completed
{"id": 14, "ts": 1778382421.4449346, "event": "discussion_order", "round": 4, "order": ["agent_3", "agent_2", "agent_1"]}
2026-05-10 05:07:08,734 - INFO - Tokens - Input: 1748, Output: 476, Total: 2224
{"id": 15, "ts": 1778382428.7363334, "event": "public_discussion_message", "round": 4, "agent": "agent_3", "message": "I prefer Candidate B \u2013 handles stress very well.\nMETADATA_JSON:\n{\"agent\": \"agent_3\", \"vote\": \"Candidate B\"}"}
2026-05-10 05:07:08,736 - INFO - Agent turns: 10
2026-05-10 05:07:15,229 - INFO - Tokens - Input: 1800, Output: 868, Total: 2668
{"id": 16, "ts": 1778382435.2310157, "event": "public_discussion_message", "round": 4, "agent": "agent_2", "message": "I prefer Candidate A \u2013 excellent spatial vision.\nMETADATA_JSON:\n{\"agent\": \"agent_2\", \"vote\": \"Candidate A\"}"}
2026-05-10 05:07:15,231 - INFO - Agent turns: 11
2026-05-10 05:07:19,865 - INFO - Tokens - Input: 1833, Output: 520, Total: 2353
{"id": 17, "ts": 1778382439.8665903, "event": "public_discussion_message", "round": 4, "agent": "agent_1", "message": "I prefer Candidate D \u2013 solves problems extremely well.\nMETADATA_JSON:\n{\"agent\": \"agent_1\", \"vote\": \"Candidate D\"}"}
2026-05-10 05:07:19,866 - INFO - Agent turns: 12
2026-05-10 05:07:19,875 - INFO - Loop 4 completed
{"id": 18, "ts": 1778382439.8813105, "event": "discussion_order", "round": 5, "order": ["agent_1", "agent_2", "agent_3"]}
2026-05-10 05:07:24,910 - INFO - Tokens - Input: 1873, Output: 525, Total: 2398
{"id": 19, "ts": 1778382444.9116652, "event": "public_discussion_message", "round": 5, "agent": "agent_1", "message": "I prefer Candidate D \u2013 solves problems extremely well.\nMETADATA_JSON:\n{\"agent\": \"agent_1\", \"vote\": \"Candidate D\"}"}
2026-05-10 05:07:24,911 - INFO - Agent turns: 13
2026-05-10 05:07:35,566 - INFO - Tokens - Input: 1913, Output: 1245, Total: 3158
{"id": 20, "ts": 1778382455.5675986, "event": "public_discussion_message", "round": 5, "agent": "agent_2", "message": "I prefer Candidate A \u2013 excellent spatial vision.\nMETADATA_JSON:\n{\"agent\": \"agent_2\", \"vote\": \"Candidate A\"}"}
2026-05-10 05:07:35,567 - INFO - Agent turns: 14
2026-05-10 05:07:46,506 - INFO - Tokens - Input: 1941, Output: 747, Total: 2688
{"id": 21, "ts": 1778382466.5073504, "event": "public_discussion_message", "round": 5, "agent": "agent_3", "message": "I prefer Candidate A \u2013 can anticipate dangerous situations.\nMETADATA_JSON:\n{\"agent\": \"agent_3\", \"vote\": \"Candidate A\"}"}
2026-05-10 05:07:46,507 - INFO - Agent turns: 15
2026-05-10 05:07:46,517 - INFO - Loop 5 completed
2026-05-10 05:07:46,517 - INFO - Final Chosen Candidate: Candidate A
2026-05-10 05:07:46,517 - INFO - Final Decision Method: max_round_majority_vote
2026-05-10 05:07:46,517 - INFO - Final Vote Count: {'Candidate D': 1, 'Candidate A': 2}
2026-05-10 05:07:46,517 - INFO - Correct Candidate: Candidate C
2026-05-10 05:07:46,517 - INFO - Decision Correct: 0
{"id": 22, "ts": 1778382466.519065, "event": "context_consistency_not_applicable", "reason": "explicit_smm_memory_disabled"}
{"id": 23, "ts": 1778382466.5192056, "event": "final_decision", "candidate": "Candidate A", "method": "max_round_majority_vote", "vote_count": {"Candidate D": 1, "Candidate A": 2}, "correct_candidate": "Candidate C", "decision_correct": 0, "round": 5}
2026-05-10 05:07:46,527 - INFO - ======================================================================
2026-05-10 05:07:46,527 - INFO - SIMULATION METRICS
2026-05-10 05:07:46,528 - INFO - ======================================================================
2026-05-10 05:07:46,528 - INFO - Total Loops: 5
2026-05-10 05:07:46,528 - INFO - Agent Turns (no vote checker): 15
2026-05-10 05:07:46,528 - INFO - Agent Tool Calls: 0
2026-05-10 05:07:46,528 - INFO - Agent Tool Messages: 0
2026-05-10 05:07:46,528 - INFO - Memory Updates: 0
2026-05-10 05:07:46,528 - INFO - Total Messages (no vote checker): 15
2026-05-10 05:07:46,528 - INFO - Input Tokens: 25171
2026-05-10 05:07:46,528 - INFO - Output Tokens: 11429
2026-05-10 05:07:46,528 - INFO - Total Tokens: 36600
2026-05-10 05:07:46,528 - INFO - Final Chosen Candidate: Candidate A
2026-05-10 05:07:46,529 - INFO - Final Decision Method: max_round_majority_vote
2026-05-10 05:07:46,529 - INFO - Final Vote Count: {'Candidate D': 1, 'Candidate A': 2}
2026-05-10 05:07:46,529 - INFO - Correct Candidate: Candidate C
2026-05-10 05:07:46,529 - INFO - Decision Correct: 0
2026-05-10 05:07:46,529 - INFO - Runtime: 133.69s
2026-05-10 05:07:46,529 - INFO - ======================================================================
