2026-05-06 18:36:57,930 - INFO - Metrics tracker initialized
{"id": 1, "ts": 1778085417.9576387, "event": "memory_reset"}
{"id": 2, "ts": 1778085417.9613774, "event": "discussion_order", "round": 1, "order": ["agent_1", "agent_2", "agent_3"]}
2026-05-06 18:37:03,642 - INFO - Tokens - Input: 1686, Output: 558, Total: 2244
{"id": 3, "ts": 1778085423.6444314, "event": "public_discussion_message", "round": 1, "agent": "agent_1", "message": "Candidate C \u2013 known to be 100% reliable.\nMETADATA_JSON:\n{\"agent\": \"agent_1\", \"vote\": \"Candidate C\"}"}
2026-05-06 18:37:03,644 - INFO - Agent turns: 1
2026-05-06 18:37:10,740 - INFO - Tokens - Input: 1196, Output: 1051, Total: 2247
2026-05-06 18:37:10,742 - INFO - Memory updates: 1
{"id": 4, "ts": 1778085430.7427082, "event": "memory_updated", "agent": "agent_2", "round": 1}
2026-05-06 18:37:11,548 - INFO - Tokens - Input: 1188, Output: 1184, Total: 2372
2026-05-06 18:37:11,550 - INFO - Memory updates: 2
{"id": 5, "ts": 1778085431.550622, "event": "memory_updated", "agent": "agent_3", "round": 1}
2026-05-06 18:37:15,041 - INFO - Tokens - Input: 1193, Output: 1439, Total: 2632
2026-05-06 18:37:15,043 - INFO - Memory updates: 3
{"id": 6, "ts": 1778085435.0431414, "event": "memory_updated", "agent": "agent_1", "round": 1}
2026-05-06 18:37:22,353 - INFO - Tokens - Input: 2212, Output: 848, Total: 3060
{"id": 7, "ts": 1778085442.3551798, "event": "public_discussion_message", "round": 1, "agent": "agent_2", "message": "Candidate A \u2013 excellent spatial vision.\nMETADATA_JSON:\n{\"agent\": \"agent_2\", \"vote\": \"Candidate A\"}"}
2026-05-06 18:37:22,355 - INFO - Agent turns: 2
2026-05-06 18:37:29,601 - INFO - Tokens - Input: 1716, Output: 1101, Total: 2817
2026-05-06 18:37:29,603 - INFO - Memory updates: 4
{"id": 8, "ts": 1778085449.6031845, "event": "memory_updated", "agent": "agent_2", "round": 1}
2026-05-06 18:37:31,035 - INFO - Tokens - Input: 1435, Output: 1076, Total: 2511
2026-05-06 18:37:31,036 - INFO - Memory updates: 5
{"id": 9, "ts": 1778085451.0369396, "event": "memory_updated", "agent": "agent_3", "round": 1}
2026-05-06 18:37:31,117 - INFO - Tokens - Input: 1756, Output: 1055, Total: 2811
2026-05-06 18:37:31,119 - INFO - Memory updates: 6
{"id": 10, "ts": 1778085451.1195214, "event": "memory_updated", "agent": "agent_1", "round": 1}
2026-05-06 18:37:35,450 - INFO - Tokens - Input: 2248, Output: 616, Total: 2864
{"id": 11, "ts": 1778085455.4520538, "event": "public_discussion_message", "round": 1, "agent": "agent_3", "message": "Candidate B \u2013 handles stress very well.\nMETADATA_JSON:\n{\"agent\": \"agent_3\", \"vote\": \"Candidate B\"}"}
2026-05-06 18:37:35,452 - INFO - Agent turns: 3
2026-05-06 18:37:43,501 - INFO - Tokens - Input: 1829, Output: 1170, Total: 2999
2026-05-06 18:37:43,502 - INFO - Memory updates: 7
{"id": 12, "ts": 1778085463.5024912, "event": "memory_updated", "agent": "agent_1", "round": 1}
2026-05-06 18:37:43,750 - INFO - Tokens - Input: 1818, Output: 1143, Total: 2961
2026-05-06 18:37:43,752 - INFO - Memory updates: 8
{"id": 13, "ts": 1778085463.7523656, "event": "memory_updated", "agent": "agent_2", "round": 1}
2026-05-06 18:37:45,679 - INFO - Tokens - Input: 1754, Output: 1286, Total: 3040
2026-05-06 18:37:45,681 - INFO - Memory updates: 9
{"id": 14, "ts": 1778085465.681195, "event": "memory_updated", "agent": "agent_3", "round": 1}
2026-05-06 18:37:45,689 - INFO - Loop 1 completed
{"id": 15, "ts": 1778085465.6950426, "event": "discussion_order", "round": 2, "order": ["agent_1", "agent_3", "agent_2"]}
2026-05-06 18:37:46,759 - INFO - Tokens - Input: 2362, Output: 128, Total: 2490
{"id": 16, "ts": 1778085466.760328, "event": "public_discussion_message", "round": 2, "agent": "agent_1", "message": "Candidate C \u2013 known to be 100% reliable.\nMETADATA_JSON:\n{\"agent\": \"agent_1\", \"vote\": \"Candidate C\"}"}
2026-05-06 18:37:46,760 - INFO - Agent turns: 4
2026-05-06 18:37:54,419 - INFO - Tokens - Input: 1811, Output: 1197, Total: 3008
2026-05-06 18:37:54,422 - INFO - Memory updates: 10
{"id": 17, "ts": 1778085474.422148, "event": "memory_updated", "agent": "agent_3", "round": 2}
2026-05-06 18:37:55,488 - INFO - Tokens - Input: 1794, Output: 1230, Total: 3024
2026-05-06 18:37:55,490 - INFO - Memory updates: 11
{"id": 18, "ts": 1778085475.490261, "event": "memory_updated", "agent": "agent_2", "round": 2}
2026-05-06 18:37:55,864 - INFO - Tokens - Input: 1849, Output: 1013, Total: 2862
2026-05-06 18:37:55,865 - INFO - Memory updates: 12
{"id": 19, "ts": 1778085475.8658864, "event": "memory_updated", "agent": "agent_1", "round": 2}
2026-05-06 18:37:57,126 - INFO - Tokens - Input: 2406, Output: 129, Total: 2535
{"id": 20, "ts": 1778085477.1277332, "event": "public_discussion_message", "round": 2, "agent": "agent_3", "message": "Candidate B \u2013 handles stress very well.\nMETADATA_JSON:\n{\"agent\": \"agent_3\", \"vote\": \"Candidate B\"}"}
2026-05-06 18:37:57,127 - INFO - Agent turns: 5
2026-05-06 18:38:02,221 - INFO - Tokens - Input: 1588, Output: 841, Total: 2429
2026-05-06 18:38:02,223 - INFO - Memory updates: 13
{"id": 21, "ts": 1778085482.2235017, "event": "memory_updated", "agent": "agent_2", "round": 2}
2026-05-06 18:38:03,066 - INFO - Tokens - Input: 1882, Output: 1130, Total: 3012
2026-05-06 18:38:03,068 - INFO - Memory updates: 14
{"id": 22, "ts": 1778085483.0682101, "event": "memory_updated", "agent": "agent_1", "round": 2}
2026-05-06 18:38:08,179 - INFO - Tokens - Input: 1912, Output: 1026, Total: 2938
2026-05-06 18:38:08,180 - INFO - Memory updates: 15
{"id": 23, "ts": 1778085488.1811323, "event": "memory_updated", "agent": "agent_3", "round": 2}
2026-05-06 18:38:09,487 - INFO - Tokens - Input: 2105, Output: 170, Total: 2275
{"id": 24, "ts": 1778085489.4890964, "event": "public_discussion_message", "round": 2, "agent": "agent_2", "message": "Candidate A \u2013 excellent spatial vision.\nMETADATA_JSON:\n{\"agent\": \"agent_2\", \"vote\": \"Candidate A\"}"}
2026-05-06 18:38:09,489 - INFO - Agent turns: 6
2026-05-06 18:38:15,217 - INFO - Tokens - Input: 1609, Output: 905, Total: 2514
2026-05-06 18:38:15,218 - INFO - Memory updates: 16
{"id": 25, "ts": 1778085495.2190619, "event": "memory_updated", "agent": "agent_2", "round": 2}
2026-05-06 18:38:17,468 - INFO - Tokens - Input: 1909, Output: 979, Total: 2888
2026-05-06 18:38:17,470 - INFO - Memory updates: 17
{"id": 26, "ts": 1778085497.4700775, "event": "memory_updated", "agent": "agent_1", "round": 2}
2026-05-06 18:38:19,342 - INFO - Tokens - Input: 1954, Output: 1353, Total: 3307
2026-05-06 18:38:19,344 - INFO - Memory updates: 18
{"id": 27, "ts": 1778085499.34447, "event": "memory_updated", "agent": "agent_3", "round": 2}
2026-05-06 18:38:19,353 - INFO - Loop 2 completed
{"id": 28, "ts": 1778085499.360032, "event": "discussion_order", "round": 3, "order": ["agent_3", "agent_2", "agent_1"]}
2026-05-06 18:38:20,999 - INFO - Tokens - Input: 2512, Output: 137, Total: 2649
{"id": 29, "ts": 1778085501.0009937, "event": "public_discussion_message", "round": 3, "agent": "agent_3", "message": "Candidate B \u2013 handles stress very well.\nMETADATA_JSON:\n{\"agent\": \"agent_3\", \"vote\": \"Candidate B\"}"}
2026-05-06 18:38:21,001 - INFO - Agent turns: 7
2026-05-06 18:38:26,997 - INFO - Tokens - Input: 1678, Output: 875, Total: 2553
2026-05-06 18:38:26,999 - INFO - Memory updates: 19
{"id": 30, "ts": 1778085506.9996333, "event": "memory_updated", "agent": "agent_2", "round": 3}
2026-05-06 18:38:27,568 - INFO - Tokens - Input: 1789, Output: 1041, Total: 2830
2026-05-06 18:38:27,569 - INFO - Memory updates: 20
{"id": 31, "ts": 1778085507.5698016, "event": "memory_updated", "agent": "agent_1", "round": 3}
2026-05-06 18:38:32,044 - INFO - Tokens - Input: 1993, Output: 1035, Total: 3028
2026-05-06 18:38:32,045 - INFO - Memory updates: 21
{"id": 32, "ts": 1778085512.045795, "event": "memory_updated", "agent": "agent_3", "round": 3}
2026-05-06 18:38:33,633 - INFO - Tokens - Input: 2206, Output: 174, Total: 2380
{"id": 33, "ts": 1778085513.6349776, "event": "public_discussion_message", "round": 3, "agent": "agent_2", "message": "Candidate A \u2013 regarded as a show\u2011off.\nMETADATA_JSON:\n{\"agent\": \"agent_2\", \"vote\": \"Candidate A\"}"}
2026-05-06 18:38:33,635 - INFO - Agent turns: 8
2026-05-06 18:38:40,502 - INFO - Tokens - Input: 1716, Output: 982, Total: 2698
2026-05-06 18:38:40,505 - INFO - Memory updates: 22
{"id": 34, "ts": 1778085520.5051548, "event": "memory_updated", "agent": "agent_2", "round": 3}
2026-05-06 18:38:43,289 - INFO - Tokens - Input: 2016, Output: 1269, Total: 3285
2026-05-06 18:38:43,291 - INFO - Memory updates: 23
{"id": 35, "ts": 1778085523.2914155, "event": "memory_updated", "agent": "agent_3", "round": 3}
2026-05-06 18:38:43,419 - INFO - Tokens - Input: 1847, Output: 1148, Total: 2995
2026-05-06 18:38:43,420 - INFO - Memory updates: 24
{"id": 36, "ts": 1778085523.4208124, "event": "memory_updated", "agent": "agent_1", "round": 3}
2026-05-06 18:38:48,782 - INFO - Tokens - Input: 2419, Output: 575, Total: 2994
{"id": 37, "ts": 1778085528.7837174, "event": "public_discussion_message", "round": 3, "agent": "agent_1", "message": "Candidate C \u2013 known to be 100% reliable.\nMETADATA_JSON:\n{\"agent\": \"agent_1\", \"vote\": \"Candidate C\"}"}
2026-05-06 18:38:48,783 - INFO - Agent turns: 9
2026-05-06 18:38:56,322 - INFO - Tokens - Input: 1766, Output: 845, Total: 2611
2026-05-06 18:38:56,323 - INFO - Memory updates: 25
{"id": 38, "ts": 1778085536.3240824, "event": "memory_updated", "agent": "agent_2", "round": 3}
2026-05-06 18:38:59,045 - INFO - Tokens - Input: 2079, Output: 1151, Total: 3230
2026-05-06 18:38:59,047 - INFO - Memory updates: 26
{"id": 39, "ts": 1778085539.047232, "event": "memory_updated", "agent": "agent_3", "round": 3}
2026-05-06 18:39:04,128 - INFO - Tokens - Input: 1931, Output: 1047, Total: 2978
2026-05-06 18:39:04,130 - INFO - Memory updates: 27
{"id": 40, "ts": 1778085544.1305835, "event": "memory_updated", "agent": "agent_1", "round": 3}
2026-05-06 18:39:04,139 - INFO - Loop 3 completed
{"id": 41, "ts": 1778085544.1458066, "event": "discussion_order", "round": 4, "order": ["agent_1", "agent_3", "agent_2"]}
2026-05-06 18:39:07,826 - INFO - Tokens - Input: 2453, Output: 389, Total: 2842
{"id": 42, "ts": 1778085547.827547, "event": "public_discussion_message", "round": 4, "agent": "agent_1", "message": "Candidate C \u2013 known to be 100% reliable.\nMETADATA_JSON:\n{\"agent\": \"agent_1\", \"vote\": \"Candidate C\"}"}
2026-05-06 18:39:07,827 - INFO - Agent turns: 10
2026-05-06 18:39:15,740 - INFO - Tokens - Input: 1940, Output: 905, Total: 2845
2026-05-06 18:39:15,741 - INFO - Memory updates: 28
{"id": 43, "ts": 1778085555.741951, "event": "memory_updated", "agent": "agent_1", "round": 4}
2026-05-06 18:39:17,976 - INFO - Tokens - Input: 2052, Output: 1290, Total: 3342
2026-05-06 18:39:17,978 - INFO - Memory updates: 29
{"id": 44, "ts": 1778085557.9785485, "event": "memory_updated", "agent": "agent_3", "round": 4}
2026-05-06 18:39:19,389 - INFO - Tokens - Input: 1701, Output: 1173, Total: 2874
2026-05-06 18:39:19,391 - INFO - Memory updates: 30
{"id": 45, "ts": 1778085559.3913093, "event": "memory_updated", "agent": "agent_2", "round": 4}
2026-05-06 18:39:21,384 - INFO - Tokens - Input: 2580, Output: 205, Total: 2785
{"id": 46, "ts": 1778085561.3855696, "event": "public_discussion_message", "round": 4, "agent": "agent_3", "message": "Candidate B \u2013 handles stress very well.\nMETADATA_JSON:\n{\"agent\": \"agent_3\", \"vote\": \"Candidate B\"}"}
2026-05-06 18:39:21,385 - INFO - Agent turns: 11
2026-05-06 18:39:26,320 - INFO - Tokens - Input: 2086, Output: 743, Total: 2829
2026-05-06 18:39:26,321 - INFO - Memory updates: 31
{"id": 47, "ts": 1778085566.321903, "event": "memory_updated", "agent": "agent_3", "round": 4}
2026-05-06 18:39:29,395 - INFO - Tokens - Input: 1755, Output: 852, Total: 2607
2026-05-06 18:39:29,397 - INFO - Memory updates: 32
{"id": 48, "ts": 1778085569.397596, "event": "memory_updated", "agent": "agent_2", "round": 4}
2026-05-06 18:39:29,485 - INFO - Tokens - Input: 1953, Output: 1048, Total: 3001
2026-05-06 18:39:29,486 - INFO - Memory updates: 33
{"id": 49, "ts": 1778085569.4870782, "event": "memory_updated", "agent": "agent_1", "round": 4}
2026-05-06 18:39:31,409 - INFO - Tokens - Input: 2282, Output: 195, Total: 2477
{"id": 50, "ts": 1778085571.4108326, "event": "public_discussion_message", "round": 4, "agent": "agent_2", "message": "Candidate A \u2013 regarded as a show\u2011off.\nMETADATA_JSON:\n{\"agent\": \"agent_2\", \"vote\": \"Candidate A\"}"}
2026-05-06 18:39:31,411 - INFO - Agent turns: 12
2026-05-06 18:39:39,058 - INFO - Tokens - Input: 2002, Output: 857, Total: 2859
2026-05-06 18:39:39,060 - INFO - Memory updates: 34
{"id": 51, "ts": 1778085579.0604746, "event": "memory_updated", "agent": "agent_1", "round": 4}
2026-05-06 18:39:39,325 - INFO - Tokens - Input: 1792, Output: 801, Total: 2593
2026-05-06 18:39:39,327 - INFO - Memory updates: 35
{"id": 52, "ts": 1778085579.3274632, "event": "memory_updated", "agent": "agent_2", "round": 4}
2026-05-06 18:39:40,100 - INFO - Tokens - Input: 1839, Output: 931, Total: 2770
2026-05-06 18:39:40,101 - INFO - Memory updates: 36
{"id": 53, "ts": 1778085580.102078, "event": "memory_updated", "agent": "agent_3", "round": 4}
2026-05-06 18:39:40,110 - INFO - Loop 4 completed
{"id": 54, "ts": 1778085580.1163461, "event": "discussion_order", "round": 5, "order": ["agent_2", "agent_1", "agent_3"]}
2026-05-06 18:39:41,568 - INFO - Tokens - Input: 2352, Output: 167, Total: 2519
{"id": 55, "ts": 1778085581.5701048, "event": "public_discussion_message", "round": 5, "agent": "agent_2", "message": "Candidate A \u2013 not open to new ideas.\nMETADATA_JSON:\n{\"agent\": \"agent_2\", \"vote\": \"Candidate A\"}"}
2026-05-06 18:39:41,570 - INFO - Agent turns: 13
2026-05-06 18:39:48,917 - INFO - Tokens - Input: 1835, Output: 853, Total: 2688
2026-05-06 18:39:48,918 - INFO - Memory updates: 37
{"id": 56, "ts": 1778085588.9191039, "event": "memory_updated", "agent": "agent_2", "round": 5}
2026-05-06 18:39:49,975 - INFO - Tokens - Input: 1919, Output: 1062, Total: 2981
2026-05-06 18:39:49,977 - INFO - Memory updates: 38
{"id": 57, "ts": 1778085589.9775238, "event": "memory_updated", "agent": "agent_1", "round": 5}
2026-05-06 18:39:53,253 - INFO - Tokens - Input: 1954, Output: 1356, Total: 3310
2026-05-06 18:39:53,255 - INFO - Memory updates: 39
{"id": 58, "ts": 1778085593.255702, "event": "memory_updated", "agent": "agent_3", "round": 5}
2026-05-06 18:39:55,971 - INFO - Tokens - Input: 2477, Output: 331, Total: 2808
{"id": 59, "ts": 1778085595.9730632, "event": "public_discussion_message", "round": 5, "agent": "agent_1", "message": "Candidate C \u2013 known to be 100% reliable.\nMETADATA_JSON:\n{\"agent\": \"agent_1\", \"vote\": \"Candidate C\"}"}
2026-05-06 18:39:55,973 - INFO - Agent turns: 14
2026-05-06 18:40:02,360 - INFO - Tokens - Input: 1967, Output: 838, Total: 2805
2026-05-06 18:40:02,362 - INFO - Memory updates: 40
{"id": 60, "ts": 1778085602.3622336, "event": "memory_updated", "agent": "agent_2", "round": 5}
2026-05-06 18:40:07,149 - INFO - Tokens - Input: 2140, Output: 1375, Total: 3515
2026-05-06 18:40:07,151 - INFO - Memory updates: 41
{"id": 61, "ts": 1778085607.1511612, "event": "memory_updated", "agent": "agent_3", "round": 5}
2026-05-06 18:40:08,604 - INFO - Tokens - Input: 1989, Output: 962, Total: 2951
2026-05-06 18:40:08,606 - INFO - Memory updates: 42
{"id": 62, "ts": 1778085608.6064591, "event": "memory_updated", "agent": "agent_1", "round": 5}
2026-05-06 18:40:09,496 - INFO - Tokens - Input: 2668, Output: 96, Total: 2764
{"id": 63, "ts": 1778085609.4979215, "event": "public_discussion_message", "round": 5, "agent": "agent_3", "message": "Candidate B \u2013 handles stress very well.\nMETADATA_JSON:\n{\"agent\": \"agent_3\", \"vote\": \"Candidate B\"}"}
2026-05-06 18:40:09,498 - INFO - Agent turns: 15
2026-05-06 18:40:18,160 - INFO - Tokens - Input: 2174, Output: 983, Total: 3157
2026-05-06 18:40:18,162 - INFO - Memory updates: 43
{"id": 64, "ts": 1778085618.162605, "event": "memory_updated", "agent": "agent_3", "round": 5}
2026-05-06 18:40:18,301 - INFO - Tokens - Input: 2031, Output: 1024, Total: 3055
2026-05-06 18:40:18,303 - INFO - Memory updates: 44
{"id": 65, "ts": 1778085618.303191, "event": "memory_updated", "agent": "agent_1", "round": 5}
2026-05-06 18:40:18,418 - INFO - Tokens - Input: 1893, Output: 869, Total: 2762
2026-05-06 18:40:18,419 - INFO - Memory updates: 45
{"id": 66, "ts": 1778085618.4200804, "event": "memory_updated", "agent": "agent_2", "round": 5}
2026-05-06 18:40:18,430 - INFO - Loop 5 completed
2026-05-06 18:40:18,430 - INFO - Final Chosen Candidate: None
2026-05-06 18:40:18,430 - INFO - Final Decision Method: max_round_no_majority
2026-05-06 18:40:18,430 - INFO - Final Vote Count: {'Candidate C': 1, 'Candidate A': 1, 'Candidate B': 1}
2026-05-06 18:40:18,430 - INFO - Correct Candidate: Candidate C
2026-05-06 18:40:18,430 - INFO - Decision Correct: 0
{"id": 67, "ts": 1778085618.790163, "event": "context_consistency_calculated", "method": "embedding_cosine", "mean_pairwise_similarity": 0.796578, "pairwise": [{"agent_a": "agent_1", "agent_b": "agent_2", "similarity": 0.85317}, {"agent_a": "agent_1", "agent_b": "agent_3", "similarity": 0.766028}, {"agent_a": "agent_2", "agent_b": "agent_3", "similarity": 0.770536}]}
{"id": 68, "ts": 1778085618.7903402, "event": "agent_memories_archived", "directory": "/home/lhegemann/git/bachelor_thesis/01_data/raw/simulations/low/low_20260506_181837_007/shared_mental_models", "round": 5}
{"id": 69, "ts": 1778085618.7904336, "event": "final_decision", "candidate": null, "method": "max_round_no_majority", "vote_count": {"Candidate C": 1, "Candidate A": 1, "Candidate B": 1}, "correct_candidate": "Candidate C", "decision_correct": 0, "round": 5}
2026-05-06 18:40:18,801 - INFO - ======================================================================
2026-05-06 18:40:18,801 - INFO - SIMULATION METRICS
2026-05-06 18:40:18,801 - INFO - ======================================================================
2026-05-06 18:40:18,801 - INFO - Total Loops: 5
2026-05-06 18:40:18,802 - INFO - Agent Turns (no vote checker): 15
2026-05-06 18:40:18,802 - INFO - Agent Tool Calls: 0
2026-05-06 18:40:18,802 - INFO - Agent Tool Messages: 0
2026-05-06 18:40:18,802 - INFO - Memory Updates: 45
2026-05-06 18:40:18,802 - INFO - Total Messages (no vote checker): 15
2026-05-06 18:40:18,802 - INFO - Input Tokens: 116998
2026-05-06 18:40:18,802 - INFO - Output Tokens: 52212
2026-05-06 18:40:18,802 - INFO - Total Tokens: 169210
2026-05-06 18:40:18,802 - INFO - Final Chosen Candidate: None
2026-05-06 18:40:18,802 - INFO - Final Decision Method: max_round_no_majority
2026-05-06 18:40:18,802 - INFO - Final Vote Count: {'Candidate C': 1, 'Candidate A': 1, 'Candidate B': 1}
2026-05-06 18:40:18,802 - INFO - Correct Candidate: Candidate C
2026-05-06 18:40:18,803 - INFO - Decision Correct: 0
2026-05-06 18:40:18,803 - INFO - Runtime: 200.87s
2026-05-06 18:40:18,803 - INFO - ======================================================================
