2026-05-07 15:42:25,358 - INFO - Metrics tracker initialized
{"id": 1, "ts": 1778161345.3848367, "event": "memory_reset"}
{"id": 2, "ts": 1778161345.389317, "event": "discussion_order", "round": 1, "order": ["agent_2", "agent_1", "agent_3"]}
2026-05-07 15:42:32,248 - INFO - Tokens - Input: 1689, Output: 482, Total: 2171
{"id": 3, "ts": 1778161352.2500203, "event": "public_discussion_message", "round": 1, "agent": "agent_2", "message": "I prefer Candidate A \u2013 excellent spatial vision.\nMETADATA_JSON:\n{\"agent\": \"agent_2\", \"vote\": \"Candidate A\"}"}
2026-05-07 15:42:32,250 - INFO - Agent turns: 1
2026-05-07 15:42:39,000 - INFO - Tokens - Input: 1189, Output: 854, Total: 2043
2026-05-07 15:42:39,002 - INFO - Memory updates: 1
{"id": 4, "ts": 1778161359.0027466, "event": "memory_updated", "agent": "agent_1", "round": 1}
2026-05-07 15:42:42,214 - INFO - Tokens - Input: 1184, Output: 1067, Total: 2251
2026-05-07 15:42:42,216 - INFO - Memory updates: 2
{"id": 5, "ts": 1778161362.2162287, "event": "memory_updated", "agent": "agent_3", "round": 1}
2026-05-07 15:42:43,165 - INFO - Tokens - Input: 1192, Output: 1321, Total: 2513
2026-05-07 15:42:43,167 - INFO - Memory updates: 3
{"id": 6, "ts": 1778161363.167435, "event": "memory_updated", "agent": "agent_2", "round": 1}
2026-05-07 15:42:48,444 - INFO - Tokens - Input: 2027, Output: 557, Total: 2584
{"id": 7, "ts": 1778161368.445444, "event": "public_discussion_message", "round": 1, "agent": "agent_1", "message": "Candidate A \u2013 can anticipate dangerous situations.\nMETADATA_JSON:\n{\"agent\": \"agent_1\", \"vote\": \"Candidate A\"}"}
2026-05-07 15:42:48,445 - INFO - Agent turns: 2
2026-05-07 15:42:55,162 - INFO - Tokens - Input: 1801, Output: 1011, Total: 2812
2026-05-07 15:42:55,163 - INFO - Memory updates: 4
{"id": 8, "ts": 1778161375.1635997, "event": "memory_updated", "agent": "agent_2", "round": 1}
2026-05-07 15:42:56,230 - INFO - Tokens - Input: 1533, Output: 999, Total: 2532
2026-05-07 15:42:56,232 - INFO - Memory updates: 5
{"id": 9, "ts": 1778161376.23243, "event": "memory_updated", "agent": "agent_1", "round": 1}
2026-05-07 15:42:56,481 - INFO - Tokens - Input: 1655, Output: 1048, Total: 2703
2026-05-07 15:42:56,483 - INFO - Memory updates: 6
{"id": 10, "ts": 1778161376.4836965, "event": "memory_updated", "agent": "agent_3", "round": 1}
2026-05-07 15:43:03,549 - INFO - Tokens - Input: 2168, Output: 325, Total: 2493
{"id": 11, "ts": 1778161383.550922, "event": "public_discussion_message", "round": 1, "agent": "agent_3", "message": "Candidate B \u2013 handles stress well\nMETADATA_JSON:\n{\"agent\": \"agent_3\", \"vote\": \"Candidate B\"}"}
2026-05-07 15:43:03,551 - INFO - Agent turns: 3
2026-05-07 15:43:18,030 - INFO - Tokens - Input: 1621, Output: 964, Total: 2585
2026-05-07 15:43:18,032 - INFO - Memory updates: 7
{"id": 12, "ts": 1778161398.032435, "event": "memory_updated", "agent": "agent_1", "round": 1}
2026-05-07 15:43:18,336 - INFO - Tokens - Input: 1672, Output: 1022, Total: 2694
2026-05-07 15:43:18,338 - INFO - Memory updates: 8
{"id": 13, "ts": 1778161398.3386338, "event": "memory_updated", "agent": "agent_3", "round": 1}
2026-05-07 15:43:19,464 - INFO - Tokens - Input: 1848, Output: 1066, Total: 2914
2026-05-07 15:43:19,465 - INFO - Memory updates: 9
{"id": 14, "ts": 1778161399.4660072, "event": "memory_updated", "agent": "agent_2", "round": 1}
2026-05-07 15:43:19,474 - INFO - Loop 1 completed
{"id": 15, "ts": 1778161399.4807155, "event": "discussion_order", "round": 2, "order": ["agent_2", "agent_3", "agent_1"]}
2026-05-07 15:43:22,898 - INFO - Tokens - Input: 2406, Output: 194, Total: 2600
{"id": 16, "ts": 1778161402.9000475, "event": "public_discussion_message", "round": 2, "agent": "agent_2", "message": "I still prefer Candidate A \u2013 excellent spatial vision.\nMETADATA_JSON:\n{\"agent\": \"agent_2\", \"vote\": \"Candidate A\"}"}
2026-05-07 15:43:22,900 - INFO - Agent turns: 4
2026-05-07 15:43:29,611 - INFO - Tokens - Input: 1898, Output: 795, Total: 2693
2026-05-07 15:43:29,612 - INFO - Memory updates: 10
{"id": 17, "ts": 1778161409.6127398, "event": "memory_updated", "agent": "agent_2", "round": 2}
2026-05-07 15:43:30,678 - INFO - Tokens - Input: 1754, Output: 967, Total: 2721
2026-05-07 15:43:30,679 - INFO - Memory updates: 11
{"id": 18, "ts": 1778161410.6791265, "event": "memory_updated", "agent": "agent_3", "round": 2}
2026-05-07 15:43:31,565 - INFO - Tokens - Input: 1800, Output: 1024, Total: 2824
2026-05-07 15:43:31,567 - INFO - Memory updates: 12
{"id": 19, "ts": 1778161411.5676622, "event": "memory_updated", "agent": "agent_1", "round": 2}
2026-05-07 15:43:32,681 - INFO - Tokens - Input: 2226, Output: 124, Total: 2350
{"id": 20, "ts": 1778161412.683217, "event": "public_discussion_message", "round": 2, "agent": "agent_3", "message": "I prefer Candidate B \u2013 handles stress well.\nMETADATA_JSON:\n{\"agent\": \"agent_3\", \"vote\": \"Candidate B\"}"}
2026-05-07 15:43:32,683 - INFO - Agent turns: 5
2026-05-07 15:43:39,743 - INFO - Tokens - Input: 1734, Output: 801, Total: 2535
2026-05-07 15:43:39,745 - INFO - Memory updates: 13
{"id": 21, "ts": 1778161419.745156, "event": "memory_updated", "agent": "agent_3", "round": 2}
2026-05-07 15:43:40,166 - INFO - Tokens - Input: 1693, Output: 897, Total: 2590
2026-05-07 15:43:40,168 - INFO - Memory updates: 14
{"id": 22, "ts": 1778161420.1682212, "event": "memory_updated", "agent": "agent_2", "round": 2}
2026-05-07 15:43:41,438 - INFO - Tokens - Input: 1843, Output: 1117, Total: 2960
2026-05-07 15:43:41,440 - INFO - Memory updates: 15
{"id": 23, "ts": 1778161421.4404848, "event": "memory_updated", "agent": "agent_1", "round": 2}
2026-05-07 15:43:42,834 - INFO - Tokens - Input: 2372, Output: 156, Total: 2528
{"id": 24, "ts": 1778161422.835739, "event": "public_discussion_message", "round": 2, "agent": "agent_1", "message": "Candidate A \u2013 sometimes not good at taking criticism.\nMETADATA_JSON:\n{\"agent\": \"agent_1\", \"vote\": \"Candidate A\"}"}
2026-05-07 15:43:42,835 - INFO - Agent turns: 6
2026-05-07 15:43:50,917 - INFO - Tokens - Input: 1641, Output: 963, Total: 2604
2026-05-07 15:43:50,918 - INFO - Memory updates: 16
{"id": 25, "ts": 1778161430.9189708, "event": "memory_updated", "agent": "agent_3", "round": 2}
2026-05-07 15:43:51,202 - INFO - Tokens - Input: 1727, Output: 1057, Total: 2784
2026-05-07 15:43:51,204 - INFO - Memory updates: 17
{"id": 26, "ts": 1778161431.2043595, "event": "memory_updated", "agent": "agent_2", "round": 2}
2026-05-07 15:43:52,617 - INFO - Tokens - Input: 1882, Output: 1137, Total: 3019
2026-05-07 15:43:52,619 - INFO - Memory updates: 18
{"id": 27, "ts": 1778161432.619347, "event": "memory_updated", "agent": "agent_1", "round": 2}
2026-05-07 15:43:52,627 - INFO - Loop 2 completed
{"id": 28, "ts": 1778161432.634071, "event": "discussion_order", "round": 3, "order": ["agent_3", "agent_1", "agent_2"]}
2026-05-07 15:43:54,274 - INFO - Tokens - Input: 2214, Output: 123, Total: 2337
{"id": 29, "ts": 1778161434.2760608, "event": "public_discussion_message", "round": 3, "agent": "agent_3", "message": "I still prefer Candidate\u202fB \u2013 handles stress well.\nMETADATA_JSON:\n{\"agent\": \"agent_3\", \"vote\": \"Candidate B\"}"}
2026-05-07 15:43:54,276 - INFO - Agent turns: 7
2026-05-07 15:44:00,149 - INFO - Tokens - Input: 1710, Output: 836, Total: 2546
2026-05-07 15:44:00,151 - INFO - Memory updates: 19
{"id": 30, "ts": 1778161440.1512196, "event": "memory_updated", "agent": "agent_2", "round": 3}
2026-05-07 15:44:00,593 - INFO - Tokens - Input: 1708, Output: 809, Total: 2517
2026-05-07 15:44:00,595 - INFO - Memory updates: 20
{"id": 31, "ts": 1778161440.5957932, "event": "memory_updated", "agent": "agent_3", "round": 3}
2026-05-07 15:44:02,659 - INFO - Tokens - Input: 1935, Output: 855, Total: 2790
2026-05-07 15:44:02,660 - INFO - Memory updates: 21
{"id": 32, "ts": 1778161442.660882, "event": "memory_updated", "agent": "agent_1", "round": 3}
2026-05-07 15:44:07,853 - INFO - Tokens - Input: 2204, Output: 455, Total: 2659
{"id": 33, "ts": 1778161447.8551328, "event": "public_discussion_message", "round": 3, "agent": "agent_1", "message": "Candidate C \u2013 known to be 100% reliable.\nMETADATA_JSON:\n{\"agent\": \"agent_1\", \"vote\": \"Candidate C\"}"}
2026-05-07 15:44:07,855 - INFO - Agent turns: 8
2026-05-07 15:44:16,634 - INFO - Tokens - Input: 1716, Output: 1043, Total: 2759
2026-05-07 15:44:16,635 - INFO - Memory updates: 22
{"id": 34, "ts": 1778161456.6358626, "event": "memory_updated", "agent": "agent_1", "round": 3}
2026-05-07 15:44:16,983 - INFO - Tokens - Input: 1751, Output: 1118, Total: 2869
2026-05-07 15:44:16,985 - INFO - Memory updates: 23
{"id": 35, "ts": 1778161456.98544, "event": "memory_updated", "agent": "agent_2", "round": 3}
2026-05-07 15:44:19,975 - INFO - Tokens - Input: 1747, Output: 1447, Total: 3194
2026-05-07 15:44:19,977 - INFO - Memory updates: 24
{"id": 36, "ts": 1778161459.9774175, "event": "memory_updated", "agent": "agent_3", "round": 3}
2026-05-07 15:44:22,893 - INFO - Tokens - Input: 2342, Output: 258, Total: 2600
{"id": 37, "ts": 1778161462.8945334, "event": "public_discussion_message", "round": 3, "agent": "agent_2", "message": "I still favor Candidate A \u2013 excellent spatial vision.\nMETADATA_JSON:\n{\"agent\": \"agent_2\", \"vote\": \"Candidate A\"}"}
2026-05-07 15:44:22,894 - INFO - Agent turns: 9
2026-05-07 15:44:29,033 - INFO - Tokens - Input: 1852, Output: 894, Total: 2746
2026-05-07 15:44:29,035 - INFO - Memory updates: 25
{"id": 38, "ts": 1778161469.0353544, "event": "memory_updated", "agent": "agent_2", "round": 3}
2026-05-07 15:44:30,594 - INFO - Tokens - Input: 1836, Output: 1068, Total: 2904
2026-05-07 15:44:30,595 - INFO - Memory updates: 26
{"id": 39, "ts": 1778161470.5956128, "event": "memory_updated", "agent": "agent_1", "round": 3}
2026-05-07 15:44:35,728 - INFO - Tokens - Input: 1801, Output: 1652, Total: 3453
2026-05-07 15:44:35,730 - INFO - Memory updates: 27
{"id": 40, "ts": 1778161475.7303526, "event": "memory_updated", "agent": "agent_3", "round": 3}
2026-05-07 15:44:35,739 - INFO - Loop 3 completed
{"id": 41, "ts": 1778161475.7460024, "event": "discussion_order", "round": 4, "order": ["agent_1", "agent_3", "agent_2"]}
2026-05-07 15:44:41,633 - INFO - Tokens - Input: 2457, Output: 545, Total: 3002
{"id": 42, "ts": 1778161481.6343963, "event": "public_discussion_message", "round": 4, "agent": "agent_1", "message": "Candidate D \u2013 solves problems extremely well.\nMETADATA_JSON:\n{\"agent\": \"agent_1\", \"vote\": \"Candidate D\"}"}
2026-05-07 15:44:41,634 - INFO - Agent turns: 10
2026-05-07 15:44:50,176 - INFO - Tokens - Input: 1939, Output: 1037, Total: 2976
2026-05-07 15:44:50,178 - INFO - Memory updates: 28
{"id": 43, "ts": 1778161490.1782365, "event": "memory_updated", "agent": "agent_2", "round": 4}
2026-05-07 15:44:50,682 - INFO - Tokens - Input: 1813, Output: 1142, Total: 2955
2026-05-07 15:44:50,684 - INFO - Memory updates: 29
{"id": 44, "ts": 1778161490.684295, "event": "memory_updated", "agent": "agent_3", "round": 4}
2026-05-07 15:44:51,784 - INFO - Tokens - Input: 1938, Output: 1138, Total: 3076
2026-05-07 15:44:51,786 - INFO - Memory updates: 30
{"id": 45, "ts": 1778161491.7862282, "event": "memory_updated", "agent": "agent_1", "round": 4}
2026-05-07 15:44:54,295 - INFO - Tokens - Input: 2466, Output: 133, Total: 2599
{"id": 46, "ts": 1778161494.2963753, "event": "public_discussion_message", "round": 4, "agent": "agent_3", "message": "Candidate B \u2013 handles stress well.\nMETADATA_JSON:\n{\"agent\": \"agent_3\", \"vote\": \"Candidate B\"}"}
2026-05-07 15:44:54,296 - INFO - Agent turns: 11
2026-05-07 15:45:03,211 - INFO - Tokens - Input: 1867, Output: 882, Total: 2749
2026-05-07 15:45:03,213 - INFO - Memory updates: 31
{"id": 47, "ts": 1778161503.2137403, "event": "memory_updated", "agent": "agent_2", "round": 4}
2026-05-07 15:45:03,737 - INFO - Tokens - Input: 1970, Output: 865, Total: 2835
2026-05-07 15:45:03,738 - INFO - Memory updates: 32
{"id": 48, "ts": 1778161503.7388637, "event": "memory_updated", "agent": "agent_3", "round": 4}
2026-05-07 15:45:05,499 - INFO - Tokens - Input: 1959, Output: 982, Total: 2941
2026-05-07 15:45:05,501 - INFO - Memory updates: 33
{"id": 49, "ts": 1778161505.5014908, "event": "memory_updated", "agent": "agent_1", "round": 4}
2026-05-07 15:45:10,359 - INFO - Tokens - Input: 2420, Output: 582, Total: 3002
{"id": 50, "ts": 1778161510.360411, "event": "public_discussion_message", "round": 4, "agent": "agent_2", "message": "I prefer Candidate A \u2013 excellent spatial vision.\nMETADATA_JSON:\n{\"agent\": \"agent_2\", \"vote\": \"Candidate A\"}"}
2026-05-07 15:45:10,360 - INFO - Agent turns: 12
2026-05-07 15:45:17,888 - INFO - Tokens - Input: 2003, Output: 871, Total: 2874
2026-05-07 15:45:17,890 - INFO - Memory updates: 34
{"id": 51, "ts": 1778161517.8903444, "event": "memory_updated", "agent": "agent_3", "round": 4}
2026-05-07 15:45:20,878 - INFO - Tokens - Input: 1928, Output: 848, Total: 2776
2026-05-07 15:45:20,879 - INFO - Memory updates: 35
{"id": 52, "ts": 1778161520.8796794, "event": "memory_updated", "agent": "agent_2", "round": 4}
2026-05-07 15:45:21,739 - INFO - Tokens - Input: 1997, Output: 1069, Total: 3066
2026-05-07 15:45:21,741 - INFO - Memory updates: 36
{"id": 53, "ts": 1778161521.7414887, "event": "memory_updated", "agent": "agent_1", "round": 4}
2026-05-07 15:45:21,750 - INFO - Loop 4 completed
{"id": 54, "ts": 1778161521.75598, "event": "discussion_order", "round": 5, "order": ["agent_2", "agent_3", "agent_1"]}
2026-05-07 15:45:23,040 - INFO - Tokens - Input: 2482, Output: 136, Total: 2618
{"id": 55, "ts": 1778161523.0417275, "event": "public_discussion_message", "round": 5, "agent": "agent_2", "message": "I prefer Candidate A \u2013 excellent spatial vision.\nMETADATA_JSON:\n{\"agent\": \"agent_2\", \"vote\": \"Candidate A\"}"}
2026-05-07 15:45:23,041 - INFO - Agent turns: 13
2026-05-07 15:45:30,956 - INFO - Tokens - Input: 1965, Output: 902, Total: 2867
2026-05-07 15:45:30,958 - INFO - Memory updates: 37
{"id": 56, "ts": 1778161530.9586957, "event": "memory_updated", "agent": "agent_2", "round": 5}
2026-05-07 15:45:31,961 - INFO - Tokens - Input: 2018, Output: 1000, Total: 3018
2026-05-07 15:45:31,962 - INFO - Memory updates: 38
{"id": 57, "ts": 1778161531.9629958, "event": "memory_updated", "agent": "agent_1", "round": 5}
2026-05-07 15:45:32,029 - INFO - Tokens - Input: 1987, Output: 1189, Total: 3176
2026-05-07 15:45:32,031 - INFO - Memory updates: 39
{"id": 58, "ts": 1778161532.0311723, "event": "memory_updated", "agent": "agent_3", "round": 5}
2026-05-07 15:45:32,936 - INFO - Tokens - Input: 2480, Output: 113, Total: 2593
{"id": 59, "ts": 1778161532.9375668, "event": "public_discussion_message", "round": 5, "agent": "agent_3", "message": "I still prefer Candidate\u202fB \u2013 handles stress well.\nMETADATA_JSON:\n{\"agent\": \"agent_3\", \"vote\": \"Candidate B\"}"}
2026-05-07 15:45:32,937 - INFO - Agent turns: 14
2026-05-07 15:45:40,351 - INFO - Tokens - Input: 2005, Output: 1118, Total: 3123
2026-05-07 15:45:40,353 - INFO - Memory updates: 40
{"id": 60, "ts": 1778161540.3535922, "event": "memory_updated", "agent": "agent_2", "round": 5}
2026-05-07 15:45:40,694 - INFO - Tokens - Input: 2070, Output: 1073, Total: 3143
2026-05-07 15:45:40,695 - INFO - Memory updates: 41
{"id": 61, "ts": 1778161540.6956236, "event": "memory_updated", "agent": "agent_1", "round": 5}
2026-05-07 15:45:41,280 - INFO - Tokens - Input: 1992, Output: 902, Total: 2894
2026-05-07 15:45:41,281 - INFO - Memory updates: 42
{"id": 62, "ts": 1778161541.2816892, "event": "memory_updated", "agent": "agent_3", "round": 5}
2026-05-07 15:45:50,436 - INFO - Tokens - Input: 2597, Output: 192, Total: 2789
{"id": 63, "ts": 1778161550.4378366, "event": "public_discussion_message", "round": 5, "agent": "agent_1", "message": "Candidate D \u2013 solves problems extremely well.\nMETADATA_JSON:\n{\"agent\": \"agent_1\", \"vote\": \"Candidate D\"}"}
2026-05-07 15:45:50,438 - INFO - Agent turns: 15
2026-05-07 15:45:58,358 - INFO - Tokens - Input: 2103, Output: 969, Total: 3072
2026-05-07 15:45:58,359 - INFO - Memory updates: 43
{"id": 64, "ts": 1778161558.359963, "event": "memory_updated", "agent": "agent_1", "round": 5}
2026-05-07 15:45:58,369 - INFO - Tokens - Input: 2025, Output: 965, Total: 2990
2026-05-07 15:45:58,371 - INFO - Memory updates: 44
{"id": 65, "ts": 1778161558.3712296, "event": "memory_updated", "agent": "agent_3", "round": 5}
2026-05-07 15:46:00,213 - INFO - Tokens - Input: 2107, Output: 1034, Total: 3141
2026-05-07 15:46:00,215 - INFO - Memory updates: 45
{"id": 66, "ts": 1778161560.2156456, "event": "memory_updated", "agent": "agent_2", "round": 5}
2026-05-07 15:46:00,224 - INFO - Loop 5 completed
2026-05-07 15:46:00,224 - INFO - Final Chosen Candidate: None
2026-05-07 15:46:00,224 - INFO - Final Decision Method: max_round_no_majority
2026-05-07 15:46:00,225 - INFO - Final Vote Count: {'Candidate D': 1, 'Candidate A': 1, 'Candidate B': 1}
2026-05-07 15:46:00,225 - INFO - Correct Candidate: Candidate C
2026-05-07 15:46:00,225 - INFO - Decision Correct: 0
{"id": 67, "ts": 1778161560.5784516, "event": "context_consistency_calculated", "method": "embedding_cosine", "mean_pairwise_similarity": 0.818597, "pairwise": [{"agent_a": "agent_1", "agent_b": "agent_2", "similarity": 0.784936}, {"agent_a": "agent_1", "agent_b": "agent_3", "similarity": 0.90813}, {"agent_a": "agent_2", "agent_b": "agent_3", "similarity": 0.762725}]}
{"id": 68, "ts": 1778161560.5786302, "event": "agent_memories_archived", "directory": "/home/lhegemann/git/bachelor_thesis/01_data/raw/simulations/low/low_treatment_20260507_140016_028/shared_mental_models", "round": 5}
{"id": 69, "ts": 1778161560.5787213, "event": "final_decision", "candidate": null, "method": "max_round_no_majority", "vote_count": {"Candidate D": 1, "Candidate A": 1, "Candidate B": 1}, "correct_candidate": "Candidate C", "decision_correct": 0, "round": 5}
2026-05-07 15:46:00,587 - INFO - ======================================================================
2026-05-07 15:46:00,587 - INFO - SIMULATION METRICS
2026-05-07 15:46:00,587 - INFO - ======================================================================
2026-05-07 15:46:00,587 - INFO - Total Loops: 5
2026-05-07 15:46:00,587 - INFO - Agent Turns (no vote checker): 15
2026-05-07 15:46:00,588 - INFO - Agent Tool Calls: 0
2026-05-07 15:46:00,588 - INFO - Agent Tool Messages: 0
2026-05-07 15:46:00,588 - INFO - Memory Updates: 45
2026-05-07 15:46:00,588 - INFO - Total Messages (no vote checker): 15
2026-05-07 15:46:00,588 - INFO - Input Tokens: 115959
2026-05-07 15:46:00,588 - INFO - Output Tokens: 50193
2026-05-07 15:46:00,588 - INFO - Total Tokens: 166152
2026-05-07 15:46:00,588 - INFO - Final Chosen Candidate: None
2026-05-07 15:46:00,588 - INFO - Final Decision Method: max_round_no_majority
2026-05-07 15:46:00,588 - INFO - Final Vote Count: {'Candidate D': 1, 'Candidate A': 1, 'Candidate B': 1}
2026-05-07 15:46:00,588 - INFO - Correct Candidate: Candidate C
2026-05-07 15:46:00,588 - INFO - Decision Correct: 0
2026-05-07 15:46:00,588 - INFO - Runtime: 215.23s
2026-05-07 15:46:00,589 - INFO - ======================================================================
