2026-05-06 19:44:13,880 - INFO - Metrics tracker initialized
{"id": 1, "ts": 1778089453.9057286, "event": "memory_reset"}
{"id": 2, "ts": 1778089453.909736, "event": "discussion_order", "round": 1, "order": ["agent_1", "agent_2", "agent_3"]}
2026-05-06 19:44:20,784 - INFO - Tokens - Input: 1686, Output: 660, Total: 2346
{"id": 3, "ts": 1778089460.7857833, "event": "public_discussion_message", "round": 1, "agent": "agent_1", "message": "Candidate A \u2013 excellent spatial vision\nMETADATA_JSON:\n{\"agent\": \"agent_1\", \"vote\": \"Candidate A\"}"}
2026-05-06 19:44:20,785 - INFO - Agent turns: 1
2026-05-06 19:44:27,713 - INFO - Tokens - Input: 1188, Output: 1093, Total: 2281
2026-05-06 19:44:27,715 - INFO - Memory updates: 1
{"id": 4, "ts": 1778089467.7155478, "event": "memory_updated", "agent": "agent_2", "round": 1}
2026-05-06 19:44:32,618 - INFO - Tokens - Input: 1185, Output: 1436, Total: 2621
2026-05-06 19:44:32,620 - INFO - Memory updates: 2
{"id": 5, "ts": 1778089472.6207542, "event": "memory_updated", "agent": "agent_1", "round": 1}
2026-05-06 19:44:35,391 - INFO - Tokens - Input: 1180, Output: 1402, Total: 2582
2026-05-06 19:44:35,393 - INFO - Memory updates: 3
{"id": 6, "ts": 1778089475.3939962, "event": "memory_updated", "agent": "agent_3", "round": 1}
2026-05-06 19:44:43,001 - INFO - Tokens - Input: 2087, Output: 759, Total: 2846
{"id": 7, "ts": 1778089483.0028646, "event": "public_discussion_message", "round": 1, "agent": "agent_2", "message": "Candidate A \u2013 regarded as a show\u2011off\nMETADATA_JSON:\n{\"agent\": \"agent_2\", \"vote\": \"Candidate A\"}"}
2026-05-06 19:44:43,003 - INFO - Agent turns: 2
2026-05-06 19:44:49,459 - INFO - Tokens - Input: 1597, Output: 1112, Total: 2709
2026-05-06 19:44:49,461 - INFO - Memory updates: 4
{"id": 8, "ts": 1778089489.4613013, "event": "memory_updated", "agent": "agent_2", "round": 1}
2026-05-06 19:44:49,657 - INFO - Tokens - Input: 1695, Output: 1214, Total: 2909
2026-05-06 19:44:49,658 - INFO - Memory updates: 5
{"id": 9, "ts": 1778089489.6587825, "event": "memory_updated", "agent": "agent_1", "round": 1}
2026-05-06 19:44:51,665 - INFO - Tokens - Input: 1809, Output: 1166, Total: 2975
2026-05-06 19:44:51,667 - INFO - Memory updates: 6
{"id": 10, "ts": 1778089491.6677046, "event": "memory_updated", "agent": "agent_3", "round": 1}
2026-05-06 19:44:56,101 - INFO - Tokens - Input: 2392, Output: 498, Total: 2890
{"id": 11, "ts": 1778089496.102394, "event": "public_discussion_message", "round": 1, "agent": "agent_3", "message": "Candidate B \u2013 handles stress very well\nMETADATA_JSON:\n{\"agent\": \"agent_3\", \"vote\": \"Candidate B\"}"}
2026-05-06 19:44:56,102 - INFO - Agent turns: 3
2026-05-06 19:45:02,685 - INFO - Tokens - Input: 1716, Output: 933, Total: 2649
2026-05-06 19:45:02,686 - INFO - Memory updates: 7
{"id": 12, "ts": 1778089502.6869547, "event": "memory_updated", "agent": "agent_2", "round": 1}
2026-05-06 19:45:03,666 - INFO - Tokens - Input: 1844, Output: 1178, Total: 3022
2026-05-06 19:45:03,668 - INFO - Memory updates: 8
{"id": 13, "ts": 1778089503.6687748, "event": "memory_updated", "agent": "agent_1", "round": 1}
2026-05-06 19:45:05,038 - INFO - Tokens - Input: 1898, Output: 1299, Total: 3197
2026-05-06 19:45:05,040 - INFO - Memory updates: 9
{"id": 14, "ts": 1778089505.0402312, "event": "memory_updated", "agent": "agent_3", "round": 1}
2026-05-06 19:45:05,049 - INFO - Loop 1 completed
{"id": 15, "ts": 1778089505.0553515, "event": "discussion_order", "round": 2, "order": ["agent_3", "agent_2", "agent_1"]}
2026-05-06 19:45:08,732 - INFO - Tokens - Input: 2396, Output: 455, Total: 2851
{"id": 16, "ts": 1778089508.7337513, "event": "public_discussion_message", "round": 2, "agent": "agent_3", "message": "Candidate B \u2013 very conscientious.\nMETADATA_JSON:\n{\"agent\": \"agent_3\", \"vote\": \"Candidate B\"}"}
2026-05-06 19:45:08,733 - INFO - Agent turns: 4
2026-05-06 19:45:15,684 - INFO - Tokens - Input: 1880, Output: 1075, Total: 2955
2026-05-06 19:45:15,685 - INFO - Memory updates: 10
{"id": 17, "ts": 1778089515.6859596, "event": "memory_updated", "agent": "agent_3", "round": 2}
2026-05-06 19:45:15,799 - INFO - Tokens - Input: 1683, Output: 857, Total: 2540
2026-05-06 19:45:15,800 - INFO - Memory updates: 11
{"id": 18, "ts": 1778089515.8005726, "event": "memory_updated", "agent": "agent_2", "round": 2}
2026-05-06 19:45:16,630 - INFO - Tokens - Input: 1901, Output: 1143, Total: 3044
2026-05-06 19:45:16,631 - INFO - Memory updates: 12
{"id": 19, "ts": 1778089516.63192, "event": "memory_updated", "agent": "agent_1", "round": 2}
2026-05-06 19:45:18,553 - INFO - Tokens - Input: 2173, Output: 196, Total: 2369
{"id": 20, "ts": 1778089518.554804, "event": "public_discussion_message", "round": 2, "agent": "agent_2", "message": "Candidate A \u2013 excellent spatial vision\nMETADATA_JSON:\n{\"agent\": \"agent_2\", \"vote\": \"Candidate A\"}"}
2026-05-06 19:45:18,554 - INFO - Agent turns: 5
2026-05-06 19:45:25,613 - INFO - Tokens - Input: 1638, Output: 977, Total: 2615
2026-05-06 19:45:25,615 - INFO - Memory updates: 13
{"id": 21, "ts": 1778089525.6153848, "event": "memory_updated", "agent": "agent_3", "round": 2}
2026-05-06 19:45:26,175 - INFO - Tokens - Input: 1677, Output: 942, Total: 2619
2026-05-06 19:45:26,177 - INFO - Memory updates: 14
{"id": 22, "ts": 1778089526.1776645, "event": "memory_updated", "agent": "agent_2", "round": 2}
2026-05-06 19:45:28,653 - INFO - Tokens - Input: 1944, Output: 1255, Total: 3199
2026-05-06 19:45:28,655 - INFO - Memory updates: 15
{"id": 23, "ts": 1778089528.6557178, "event": "memory_updated", "agent": "agent_1", "round": 2}
2026-05-06 19:45:29,549 - INFO - Tokens - Input: 2569, Output: 132, Total: 2701
{"id": 24, "ts": 1778089529.5506327, "event": "public_discussion_message", "round": 2, "agent": "agent_1", "message": "Candidate A \u2013 excellent spatial vision\nMETADATA_JSON:\n{\"agent\": \"agent_1\", \"vote\": \"Candidate A\"}"}
2026-05-06 19:45:29,550 - INFO - Agent turns: 6
2026-05-06 19:45:35,389 - INFO - Tokens - Input: 1700, Output: 979, Total: 2679
2026-05-06 19:45:35,391 - INFO - Memory updates: 16
{"id": 25, "ts": 1778089535.3914871, "event": "memory_updated", "agent": "agent_3", "round": 2}
2026-05-06 19:45:37,342 - INFO - Tokens - Input: 1720, Output: 1057, Total: 2777
2026-05-06 19:45:37,344 - INFO - Memory updates: 17
{"id": 26, "ts": 1778089537.3447645, "event": "memory_updated", "agent": "agent_2", "round": 2}
2026-05-06 19:45:37,863 - INFO - Tokens - Input: 2073, Output: 1273, Total: 3346
2026-05-06 19:45:37,865 - INFO - Memory updates: 18
{"id": 27, "ts": 1778089537.8655303, "event": "memory_updated", "agent": "agent_1", "round": 2}
2026-05-06 19:45:37,874 - INFO - Loop 2 completed
{"id": 28, "ts": 1778089537.879853, "event": "discussion_order", "round": 3, "order": ["agent_2", "agent_3", "agent_1"]}
2026-05-06 19:45:38,895 - INFO - Tokens - Input: 2388, Output: 151, Total: 2539
{"id": 29, "ts": 1778089538.8967717, "event": "public_discussion_message", "round": 3, "agent": "agent_2", "message": "Candidate A \u2013 regarded as a show\u2011off.\nMETADATA_JSON:\n{\"agent\": \"agent_2\", \"vote\": \"Candidate A\"}"}
2026-05-06 19:45:38,896 - INFO - Agent turns: 7
2026-05-06 19:45:45,840 - INFO - Tokens - Input: 1681, Output: 901, Total: 2582
2026-05-06 19:45:45,841 - INFO - Memory updates: 19
{"id": 30, "ts": 1778089545.8418527, "event": "memory_updated", "agent": "agent_3", "round": 3}
2026-05-06 19:45:47,421 - INFO - Tokens - Input: 1880, Output: 1052, Total: 2932
2026-05-06 19:45:47,422 - INFO - Memory updates: 20
{"id": 31, "ts": 1778089547.4228, "event": "memory_updated", "agent": "agent_2", "round": 3}
2026-05-06 19:45:48,740 - INFO - Tokens - Input: 2114, Output: 1365, Total: 3479
2026-05-06 19:45:48,741 - INFO - Memory updates: 21
{"id": 32, "ts": 1778089548.7419353, "event": "memory_updated", "agent": "agent_1", "round": 3}
2026-05-06 19:45:50,048 - INFO - Tokens - Input: 2202, Output: 131, Total: 2333
{"id": 33, "ts": 1778089550.0498853, "event": "public_discussion_message", "round": 3, "agent": "agent_3", "message": "Candidate B \u2013 handles stress very well.\nMETADATA_JSON:\n{\"agent\": \"agent_3\", \"vote\": \"Candidate B\"}"}
2026-05-06 19:45:50,050 - INFO - Agent turns: 8
2026-05-06 19:45:57,774 - INFO - Tokens - Input: 1708, Output: 964, Total: 2672
2026-05-06 19:45:57,775 - INFO - Memory updates: 22
{"id": 34, "ts": 1778089557.7756429, "event": "memory_updated", "agent": "agent_3", "round": 3}
2026-05-06 19:45:59,126 - INFO - Tokens - Input: 1916, Output: 1181, Total: 3097
2026-05-06 19:45:59,127 - INFO - Memory updates: 23
{"id": 35, "ts": 1778089559.1278455, "event": "memory_updated", "agent": "agent_2", "round": 3}
2026-05-06 19:45:59,278 - INFO - Tokens - Input: 2141, Output: 1339, Total: 3480
2026-05-06 19:45:59,279 - INFO - Memory updates: 24
{"id": 36, "ts": 1778089559.2799177, "event": "memory_updated", "agent": "agent_1", "round": 3}
2026-05-06 19:46:00,575 - INFO - Tokens - Input: 2668, Output: 123, Total: 2791
{"id": 37, "ts": 1778089560.5771413, "event": "public_discussion_message", "round": 3, "agent": "agent_1", "message": "Candidate A \u2013 excellent spatial vision\nMETADATA_JSON:\n{\"agent\": \"agent_1\", \"vote\": \"Candidate A\"}"}
2026-05-06 19:46:00,577 - INFO - Agent turns: 9
2026-05-06 19:46:06,660 - INFO - Tokens - Input: 1646, Output: 824, Total: 2470
2026-05-06 19:46:06,662 - INFO - Memory updates: 25
{"id": 38, "ts": 1778089566.6625652, "event": "memory_updated", "agent": "agent_2", "round": 3}
2026-05-06 19:46:07,560 - INFO - Tokens - Input: 1789, Output: 852, Total: 2641
2026-05-06 19:46:07,561 - INFO - Memory updates: 26
{"id": 39, "ts": 1778089567.5621347, "event": "memory_updated", "agent": "agent_3", "round": 3}
2026-05-06 19:46:08,977 - INFO - Tokens - Input: 2172, Output: 1180, Total: 3352
2026-05-06 19:46:08,979 - INFO - Memory updates: 27
{"id": 40, "ts": 1778089568.9794478, "event": "memory_updated", "agent": "agent_1", "round": 3}
2026-05-06 19:46:08,988 - INFO - Loop 3 completed
{"id": 41, "ts": 1778089568.994401, "event": "discussion_order", "round": 4, "order": ["agent_1", "agent_2", "agent_3"]}
2026-05-06 19:46:09,781 - INFO - Tokens - Input: 2654, Output: 110, Total: 2764
{"id": 42, "ts": 1778089569.7821982, "event": "public_discussion_message", "round": 4, "agent": "agent_1", "message": "Candidate A \u2013 can be unorganized\nMETADATA_JSON:\n{\"agent\": \"agent_1\", \"vote\": \"Candidate A\"}"}
2026-05-06 19:46:09,782 - INFO - Agent turns: 10
2026-05-06 19:46:17,167 - INFO - Tokens - Input: 1688, Output: 1317, Total: 3005
2026-05-06 19:46:17,169 - INFO - Memory updates: 28
{"id": 43, "ts": 1778089577.1692226, "event": "memory_updated", "agent": "agent_2", "round": 4}
2026-05-06 19:46:18,020 - INFO - Tokens - Input: 1828, Output: 1069, Total: 2897
2026-05-06 19:46:18,022 - INFO - Memory updates: 29
{"id": 44, "ts": 1778089578.0226824, "event": "memory_updated", "agent": "agent_3", "round": 4}
2026-05-06 19:46:20,592 - INFO - Tokens - Input: 2142, Output: 1258, Total: 3400
2026-05-06 19:46:20,593 - INFO - Memory updates: 30
{"id": 45, "ts": 1778089580.5941207, "event": "memory_updated", "agent": "agent_1", "round": 4}
2026-05-06 19:46:21,828 - INFO - Tokens - Input: 2276, Output: 180, Total: 2456
{"id": 46, "ts": 1778089581.829736, "event": "public_discussion_message", "round": 4, "agent": "agent_2", "message": "Candidate A \u2013 excellent spatial vision\nMETADATA_JSON:\n{\"agent\": \"agent_2\", \"vote\": \"Candidate A\"}"}
2026-05-06 19:46:21,829 - INFO - Agent turns: 11
2026-05-06 19:46:27,881 - INFO - Tokens - Input: 1780, Output: 844, Total: 2624
2026-05-06 19:46:27,883 - INFO - Memory updates: 31
{"id": 47, "ts": 1778089587.883736, "event": "memory_updated", "agent": "agent_2", "round": 4}
2026-05-06 19:46:29,451 - INFO - Tokens - Input: 2142, Output: 1080, Total: 3222
2026-05-06 19:46:29,453 - INFO - Memory updates: 32
{"id": 48, "ts": 1778089589.4540296, "event": "memory_updated", "agent": "agent_1", "round": 4}
2026-05-06 19:46:33,975 - INFO - Tokens - Input: 1828, Output: 1604, Total: 3432
2026-05-06 19:46:33,977 - INFO - Memory updates: 33
{"id": 49, "ts": 1778089593.9777617, "event": "memory_updated", "agent": "agent_3", "round": 4}
2026-05-06 19:46:34,744 - INFO - Tokens - Input: 2359, Output: 118, Total: 2477
{"id": 50, "ts": 1778089594.746021, "event": "public_discussion_message", "round": 4, "agent": "agent_3", "message": "Candidate B \u2013 handles stress well.\nMETADATA_JSON:\n{\"agent\": \"agent_3\", \"vote\": \"Candidate B\"}"}
2026-05-06 19:46:34,746 - INFO - Agent turns: 12
2026-05-06 19:46:40,285 - INFO - Tokens - Input: 1863, Output: 857, Total: 2720
2026-05-06 19:46:40,287 - INFO - Memory updates: 34
{"id": 51, "ts": 1778089600.288109, "event": "memory_updated", "agent": "agent_3", "round": 4}
2026-05-06 19:46:41,186 - INFO - Tokens - Input: 1814, Output: 719, Total: 2533
2026-05-06 19:46:41,188 - INFO - Memory updates: 35
{"id": 52, "ts": 1778089601.1886349, "event": "memory_updated", "agent": "agent_2", "round": 4}
2026-05-06 19:46:41,367 - INFO - Tokens - Input: 2058, Output: 1017, Total: 3075
2026-05-06 19:46:41,369 - INFO - Memory updates: 36
{"id": 53, "ts": 1778089601.369398, "event": "memory_updated", "agent": "agent_1", "round": 4}
2026-05-06 19:46:41,378 - INFO - Loop 4 completed
{"id": 54, "ts": 1778089601.385041, "event": "discussion_order", "round": 5, "order": ["agent_2", "agent_3", "agent_1"]}
2026-05-06 19:46:42,576 - INFO - Tokens - Input: 2333, Output: 158, Total: 2491
{"id": 55, "ts": 1778089602.578304, "event": "public_discussion_message", "round": 5, "agent": "agent_2", "message": "Candidate A \u2013 regarded as a show\u2011off.\nMETADATA_JSON:\n{\"agent\": \"agent_2\", \"vote\": \"Candidate A\"}"}
2026-05-06 19:46:42,578 - INFO - Agent turns: 13
2026-05-06 19:46:50,722 - INFO - Tokens - Input: 1825, Output: 1056, Total: 2881
2026-05-06 19:46:50,724 - INFO - Memory updates: 37
{"id": 56, "ts": 1778089610.7241926, "event": "memory_updated", "agent": "agent_2", "round": 5}
2026-05-06 19:46:52,505 - INFO - Tokens - Input: 2028, Output: 880, Total: 2908
2026-05-06 19:46:52,506 - INFO - Memory updates: 38
{"id": 57, "ts": 1778089612.5070634, "event": "memory_updated", "agent": "agent_1", "round": 5}
2026-05-06 19:46:53,649 - INFO - Tokens - Input: 1889, Output: 1316, Total: 3205
2026-05-06 19:46:53,651 - INFO - Memory updates: 39
{"id": 58, "ts": 1778089613.6512432, "event": "memory_updated", "agent": "agent_3", "round": 5}
2026-05-06 19:46:54,405 - INFO - Tokens - Input: 2411, Output: 104, Total: 2515
{"id": 59, "ts": 1778089614.4072196, "event": "public_discussion_message", "round": 5, "agent": "agent_3", "message": "Candidate B \u2013 very conscientious.\nMETADATA_JSON:\n{\"agent\": \"agent_3\", \"vote\": \"Candidate B\"}"}
2026-05-06 19:46:54,407 - INFO - Agent turns: 14
2026-05-06 19:46:58,595 - INFO - Tokens - Input: 1866, Output: 718, Total: 2584
2026-05-06 19:46:58,597 - INFO - Memory updates: 40
{"id": 60, "ts": 1778089618.5974116, "event": "memory_updated", "agent": "agent_2", "round": 5}
2026-05-06 19:47:00,931 - INFO - Tokens - Input: 2046, Output: 1069, Total: 3115
2026-05-06 19:47:00,933 - INFO - Memory updates: 41
{"id": 61, "ts": 1778089620.933504, "event": "memory_updated", "agent": "agent_1", "round": 5}
2026-05-06 19:47:03,926 - INFO - Tokens - Input: 1913, Output: 878, Total: 2791
2026-05-06 19:47:03,928 - INFO - Memory updates: 42
{"id": 62, "ts": 1778089623.9285262, "event": "memory_updated", "agent": "agent_3", "round": 5}
2026-05-06 19:47:05,104 - INFO - Tokens - Input: 2563, Output: 134, Total: 2697
{"id": 63, "ts": 1778089625.1055114, "event": "public_discussion_message", "round": 5, "agent": "agent_1", "message": "Candidate A \u2013 can be unorganized\nMETADATA_JSON:\n{\"agent\": \"agent_1\", \"vote\": \"Candidate A\"}"}
2026-05-06 19:47:05,105 - INFO - Agent turns: 15
2026-05-06 19:47:10,606 - INFO - Tokens - Input: 2069, Output: 800, Total: 2869
2026-05-06 19:47:10,608 - INFO - Memory updates: 43
{"id": 64, "ts": 1778089630.608634, "event": "memory_updated", "agent": "agent_1", "round": 5}
2026-05-06 19:47:12,804 - INFO - Tokens - Input: 1951, Output: 1133, Total: 3084
2026-05-06 19:47:12,806 - INFO - Memory updates: 44
{"id": 65, "ts": 1778089632.8064673, "event": "memory_updated", "agent": "agent_3", "round": 5}
2026-05-06 19:47:15,063 - INFO - Tokens - Input: 1884, Output: 980, Total: 2864
2026-05-06 19:47:15,065 - INFO - Memory updates: 45
{"id": 66, "ts": 1778089635.0654051, "event": "memory_updated", "agent": "agent_2", "round": 5}
2026-05-06 19:47:15,073 - INFO - Loop 5 completed
2026-05-06 19:47:15,074 - INFO - Final Chosen Candidate: Candidate A
2026-05-06 19:47:15,074 - INFO - Final Decision Method: max_round_majority_vote
2026-05-06 19:47:15,074 - INFO - Final Vote Count: {'Candidate A': 2, 'Candidate B': 1}
2026-05-06 19:47:15,074 - INFO - Correct Candidate: Candidate C
2026-05-06 19:47:15,074 - INFO - Decision Correct: 0
{"id": 67, "ts": 1778089635.4557881, "event": "context_consistency_calculated", "method": "embedding_cosine", "mean_pairwise_similarity": 0.809413, "pairwise": [{"agent_a": "agent_1", "agent_b": "agent_2", "similarity": 0.766939}, {"agent_a": "agent_1", "agent_b": "agent_3", "similarity": 0.899967}, {"agent_a": "agent_2", "agent_b": "agent_3", "similarity": 0.761333}]}
{"id": 68, "ts": 1778089635.4559824, "event": "agent_memories_archived", "directory": "/home/lhegemann/git/bachelor_thesis/01_data/raw/simulations/low/low_20260506_181837_030/shared_mental_models", "round": 5}
{"id": 69, "ts": 1778089635.4560764, "event": "final_decision", "candidate": "Candidate A", "method": "max_round_majority_vote", "vote_count": {"Candidate A": 2, "Candidate B": 1}, "correct_candidate": "Candidate C", "decision_correct": 0, "round": 5}
2026-05-06 19:47:15,465 - INFO - ======================================================================
2026-05-06 19:47:15,465 - INFO - SIMULATION METRICS
2026-05-06 19:47:15,465 - INFO - ======================================================================
2026-05-06 19:47:15,465 - INFO - Total Loops: 5
2026-05-06 19:47:15,465 - INFO - Agent Turns (no vote checker): 15
2026-05-06 19:47:15,465 - INFO - Agent Tool Calls: 0
2026-05-06 19:47:15,465 - INFO - Agent Tool Messages: 0
2026-05-06 19:47:15,465 - INFO - Memory Updates: 45
2026-05-06 19:47:15,465 - INFO - Total Messages (no vote checker): 15
2026-05-06 19:47:15,465 - INFO - Input Tokens: 117146
2026-05-06 19:47:15,466 - INFO - Output Tokens: 52553
2026-05-06 19:47:15,466 - INFO - Total Tokens: 169699
2026-05-06 19:47:15,466 - INFO - Final Chosen Candidate: Candidate A
2026-05-06 19:47:15,466 - INFO - Final Decision Method: max_round_majority_vote
2026-05-06 19:47:15,466 - INFO - Final Vote Count: {'Candidate A': 2, 'Candidate B': 1}
2026-05-06 19:47:15,466 - INFO - Correct Candidate: Candidate C
2026-05-06 19:47:15,466 - INFO - Decision Correct: 0
2026-05-06 19:47:15,466 - INFO - Runtime: 181.58s
2026-05-06 19:47:15,466 - INFO - ======================================================================
