2026-05-08 11:37:00,137 - INFO - Metrics tracker initialized
{"id": 1, "ts": 1778233020.1640897, "event": "memory_reset"}
{"id": 2, "ts": 1778233020.1684299, "event": "discussion_order", "round": 1, "order": ["agent_1", "agent_2", "agent_3"]}
2026-05-08 11:37:05,762 - INFO - Tokens - Input: 1392, Output: 519, Total: 1911
{"id": 3, "ts": 1778233025.7639313, "event": "public_discussion_message", "round": 1, "agent": "agent_1", "message": "I prefer Candidate C; known to be 100% reliable.\nMETADATA_JSON:\n{\"agent\": \"agent_1\", \"vote\": \"Candidate C\"}"}
2026-05-08 11:37:05,764 - INFO - Agent turns: 1
2026-05-08 11:37:12,843 - INFO - Tokens - Input: 1458, Output: 796, Total: 2254
{"id": 4, "ts": 1778233032.845425, "event": "public_discussion_message", "round": 1, "agent": "agent_2", "message": "I prefer Candidate D; takes responsibility seriously.\nMETADATA_JSON:\n{\"agent\": \"agent_2\", \"vote\": \"Candidate D\"}"}
2026-05-08 11:37:12,845 - INFO - Agent turns: 2
2026-05-08 11:37:16,865 - INFO - Tokens - Input: 1483, Output: 538, Total: 2021
{"id": 5, "ts": 1778233036.86721, "event": "public_discussion_message", "round": 1, "agent": "agent_3", "message": "I prefer Candidate B; handles stress very well.\nMETADATA_JSON:\n{\"agent\": \"agent_3\", \"vote\": \"Candidate B\"}"}
2026-05-08 11:37:16,867 - INFO - Agent turns: 3
2026-05-08 11:37:16,877 - INFO - Loop 1 completed
{"id": 6, "ts": 1778233036.8827417, "event": "discussion_order", "round": 2, "order": ["agent_1", "agent_2", "agent_3"]}
2026-05-08 11:37:20,971 - INFO - Tokens - Input: 1528, Output: 520, Total: 2048
{"id": 7, "ts": 1778233040.97472, "event": "public_discussion_message", "round": 2, "agent": "agent_1", "message": "I still prefer Candidate C; known to be 100% reliable.\nMETADATA_JSON:\n{\"agent\": \"agent_1\", \"vote\": \"Candidate C\"}"}
2026-05-08 11:37:20,974 - INFO - Agent turns: 4
2026-05-08 11:37:24,520 - INFO - Tokens - Input: 1576, Output: 638, Total: 2214
{"id": 8, "ts": 1778233044.5218432, "event": "public_discussion_message", "round": 2, "agent": "agent_2", "message": "I prefer Candidate D; takes responsibility seriously.\nMETADATA_JSON:\n{\"agent\": \"agent_2\", \"vote\": \"Candidate D\"}"}
2026-05-08 11:37:24,522 - INFO - Agent turns: 5
2026-05-08 11:37:30,477 - INFO - Tokens - Input: 1600, Output: 458, Total: 2058
{"id": 9, "ts": 1778233050.4784107, "event": "public_discussion_message", "round": 2, "agent": "agent_3", "message": "I prefer Candidate B; handles stress very well.\nMETADATA_JSON:\n{\"agent\": \"agent_3\", \"vote\": \"Candidate B\"}"}
2026-05-08 11:37:30,478 - INFO - Agent turns: 6
2026-05-08 11:37:30,488 - INFO - Loop 2 completed
{"id": 10, "ts": 1778233050.4944353, "event": "discussion_order", "round": 3, "order": ["agent_2", "agent_3", "agent_1"]}
2026-05-08 11:37:34,381 - INFO - Tokens - Input: 1648, Output: 593, Total: 2241
{"id": 11, "ts": 1778233054.3831134, "event": "public_discussion_message", "round": 3, "agent": "agent_2", "message": "I prefer Candidate A; has excellent spatial vision.\nMETADATA_JSON:\n{\"agent\": \"agent_2\", \"vote\": \"Candidate A\"}"}
2026-05-08 11:37:34,383 - INFO - Agent turns: 7
2026-05-08 11:37:36,949 - INFO - Tokens - Input: 1677, Output: 608, Total: 2285
{"id": 12, "ts": 1778233056.950779, "event": "public_discussion_message", "round": 3, "agent": "agent_3", "message": "I prefer Candidate B; handles stress very well.\nMETADATA_JSON:\n{\"agent\": \"agent_3\", \"vote\": \"Candidate B\"}"}
2026-05-08 11:37:36,950 - INFO - Agent turns: 8
2026-05-08 11:37:41,890 - INFO - Tokens - Input: 1720, Output: 584, Total: 2304
{"id": 13, "ts": 1778233061.8919106, "event": "public_discussion_message", "round": 3, "agent": "agent_1", "message": "I prefer Candidate A; excellent spatial vision.\nMETADATA_JSON:\n{\"agent\": \"agent_1\", \"vote\": \"Candidate A\"}"}
2026-05-08 11:37:41,892 - INFO - Agent turns: 9
2026-05-08 11:37:41,900 - INFO - Loop 3 completed
{"id": 14, "ts": 1778233061.9070983, "event": "discussion_order", "round": 4, "order": ["agent_1", "agent_3", "agent_2"]}
2026-05-08 11:37:47,071 - INFO - Tokens - Input: 1751, Output: 682, Total: 2433
{"id": 15, "ts": 1778233067.0732126, "event": "public_discussion_message", "round": 4, "agent": "agent_1", "message": "I prefer Candidate A; excellent spatial vision.\nMETADATA_JSON:\n{\"agent\": \"agent_1\", \"vote\": \"Candidate A\"}"}
2026-05-08 11:37:47,073 - INFO - Agent turns: 10
2026-05-08 11:37:50,757 - INFO - Tokens - Input: 1788, Output: 460, Total: 2248
{"id": 16, "ts": 1778233070.758905, "event": "public_discussion_message", "round": 4, "agent": "agent_3", "message": "I prefer Candidate B; handles stress very well.\nMETADATA_JSON:\n{\"agent\": \"agent_3\", \"vote\": \"Candidate B\"}"}
2026-05-08 11:37:50,759 - INFO - Agent turns: 11
2026-05-08 11:37:54,416 - INFO - Tokens - Input: 1835, Output: 634, Total: 2469
{"id": 17, "ts": 1778233074.4180274, "event": "public_discussion_message", "round": 4, "agent": "agent_2", "message": "I prefer Candidate B; very conscientious.\nMETADATA_JSON:\n{\"agent\": \"agent_2\", \"vote\": \"Candidate B\"}"}
2026-05-08 11:37:54,418 - INFO - Agent turns: 12
2026-05-08 11:37:54,427 - INFO - Loop 4 completed
{"id": 18, "ts": 1778233074.4336562, "event": "discussion_order", "round": 5, "order": ["agent_3", "agent_2", "agent_1"]}
2026-05-08 11:38:03,756 - INFO - Tokens - Input: 1857, Output: 1109, Total: 2966
{"id": 19, "ts": 1778233083.75737, "event": "public_discussion_message", "round": 5, "agent": "agent_3", "message": "I prefer Candidate A; excellent spatial vision.\nMETADATA_JSON:\n{\"agent\": \"agent_3\", \"vote\": \"Candidate A\"}"}
2026-05-08 11:38:03,757 - INFO - Agent turns: 13
2026-05-08 11:38:09,462 - INFO - Tokens - Input: 1907, Output: 844, Total: 2751
{"id": 20, "ts": 1778233089.464089, "event": "public_discussion_message", "round": 5, "agent": "agent_2", "message": "I prefer Candidate B; handles stress well.\nMETADATA_JSON:\n{\"agent\": \"agent_2\", \"vote\": \"Candidate B\"}"}
2026-05-08 11:38:09,464 - INFO - Agent turns: 14
2026-05-08 11:38:14,961 - INFO - Tokens - Input: 1941, Output: 743, Total: 2684
{"id": 21, "ts": 1778233094.9629173, "event": "public_discussion_message", "round": 5, "agent": "agent_1", "message": "I prefer Candidate A; excellent spatial vision.\nMETADATA_JSON:\n{\"agent\": \"agent_1\", \"vote\": \"Candidate A\"}"}
2026-05-08 11:38:14,963 - INFO - Agent turns: 15
2026-05-08 11:38:14,972 - INFO - Loop 5 completed
2026-05-08 11:38:14,972 - INFO - Final Chosen Candidate: Candidate A
2026-05-08 11:38:14,972 - INFO - Final Decision Method: max_round_majority_vote
2026-05-08 11:38:14,972 - INFO - Final Vote Count: {'Candidate A': 2, 'Candidate B': 1}
2026-05-08 11:38:14,972 - INFO - Correct Candidate: Candidate C
2026-05-08 11:38:14,972 - INFO - Decision Correct: 0
{"id": 22, "ts": 1778233094.9740462, "event": "context_consistency_not_applicable", "reason": "explicit_smm_memory_disabled"}
{"id": 23, "ts": 1778233094.9741883, "event": "final_decision", "candidate": "Candidate A", "method": "max_round_majority_vote", "vote_count": {"Candidate A": 2, "Candidate B": 1}, "correct_candidate": "Candidate C", "decision_correct": 0, "round": 5}
2026-05-08 11:38:14,983 - INFO - ======================================================================
2026-05-08 11:38:14,983 - INFO - SIMULATION METRICS
2026-05-08 11:38:14,984 - INFO - ======================================================================
2026-05-08 11:38:14,984 - INFO - Total Loops: 5
2026-05-08 11:38:14,984 - INFO - Agent Turns (no vote checker): 15
2026-05-08 11:38:14,984 - INFO - Agent Tool Calls: 0
2026-05-08 11:38:14,984 - INFO - Agent Tool Messages: 0
2026-05-08 11:38:14,984 - INFO - Memory Updates: 0
2026-05-08 11:38:14,984 - INFO - Total Messages (no vote checker): 15
2026-05-08 11:38:14,984 - INFO - Input Tokens: 25161
2026-05-08 11:38:14,984 - INFO - Output Tokens: 9726
2026-05-08 11:38:14,984 - INFO - Total Tokens: 34887
2026-05-08 11:38:14,984 - INFO - Final Chosen Candidate: Candidate A
2026-05-08 11:38:14,984 - INFO - Final Decision Method: max_round_majority_vote
2026-05-08 11:38:14,984 - INFO - Final Vote Count: {'Candidate A': 2, 'Candidate B': 1}
2026-05-08 11:38:14,985 - INFO - Correct Candidate: Candidate C
2026-05-08 11:38:14,985 - INFO - Decision Correct: 0
2026-05-08 11:38:14,985 - INFO - Runtime: 74.85s
2026-05-08 11:38:14,985 - INFO - ======================================================================
