2026-05-10 06:26:35,485 - INFO - Metrics tracker initialized
{"id": 1, "ts": 1778387195.5101423, "event": "memory_reset"}
{"id": 2, "ts": 1778387195.5141244, "event": "discussion_order", "round": 1, "order": ["agent_2", "agent_3", "agent_1"]}
2026-05-10 06:26:42,981 - INFO - Tokens - Input: 1422, Output: 798, Total: 2220
{"id": 3, "ts": 1778387202.9827106, "event": "public_discussion_message", "round": 1, "agent": "agent_2", "message": "I tentatively favor **Candidate\u202fB**. Their strong conscientiousness and stress\u2011handling ability support reliability and calmness under pressure, while their skill in assessing weather and excellent computer abilities are key technical competencies for long\u2011distance flights. The main uncertainty is their tendency to make nasty remarks toward colleagues and a relatively weak memory for numbers, which could undermine crew cooperation and accuracy in calculations.\nMETADATA_JSON:\n{\"agent\": \"agent_2\", \"vote\": \"Candidate B\"}"}
2026-05-10 06:26:42,982 - INFO - Agent turns: 1
2026-05-10 06:26:55,232 - INFO - Tokens - Input: 1605, Output: 992, Total: 2597
{"id": 4, "ts": 1778387215.2342138, "event": "public_discussion_message", "round": 1, "agent": "agent_3", "message": "I tentatively favor **Candidate\u202fB**. Their very conscientious nature and strong stress\u2011handling ability support reliability and calmness under pressure\u2014key for long\u2011distance flights. Additionally, their skill in assessing weather and excellent computer abilities give them solid technical competence for complex, long\u2011haul operations.\nThe main trade\u2011off is their tendency to adopt a pretentious tone and sometimes make remarks that could strain crew cooperation, which is critical for cockpit teamwork.\nMETADATA_JSON:\n{\"agent\": \"agent_3\", \"vote\": \"Candidate B\"}"}
2026-05-10 06:26:55,234 - INFO - Agent turns: 2
2026-05-10 06:27:03,067 - INFO - Tokens - Input: 1742, Output: 766, Total: 2508
{"id": 5, "ts": 1778387223.068796, "event": "public_discussion_message", "round": 1, "agent": "agent_1", "message": "I tentatively favor **Candidate\u202fB**. Their very conscientious nature and strong stress\u2011handling ability give them high reliability and calmness under pressure, which are essential for long\u2011distance flights. Their skill in assessing weather and excellent computer abilities also provide solid technical competence for complex, long\u2011haul operations.\nThe main trade\u2011off is their tendency to be grumpy and uncooperative, which could undermine crew cooperation in the cockpit.\nMETADATA_JSON:\n{\"agent\": \"agent_1\", \"vote\": \"Candidate B\"}"}
2026-05-10 06:27:03,068 - INFO - Agent turns: 3
2026-05-10 06:27:03,077 - INFO - Loop 1 completed
{"id": 6, "ts": 1778387223.0827594, "event": "discussion_order", "round": 2, "order": ["agent_2", "agent_3", "agent_1"]}
2026-05-10 06:27:09,385 - INFO - Tokens - Input: 1766, Output: 735, Total: 2501
{"id": 7, "ts": 1778387229.3865333, "event": "public_discussion_message", "round": 2, "agent": "agent_2", "message": "I continue to favor **Candidate\u202fB**. Their strong conscientiousness and ability to handle stress give them high reliability and calmness under pressure, while their skill in assessing weather and excellent computer abilities provide essential technical competence for long\u2011distance operations. The main trade\u2011off is their tendency to make nasty remarks toward colleagues and a relatively weak memory for numbers, which could undermine crew cooperation and accuracy in calculations.\nMETADATA_JSON:\n{\"agent\": \"agent_2\", \"vote\": \"Candidate B\"}"}
2026-05-10 06:27:09,386 - INFO - Agent turns: 4
2026-05-10 06:27:17,466 - INFO - Tokens - Input: 1951, Output: 843, Total: 2794
{"id": 8, "ts": 1778387237.4681683, "event": "public_discussion_message", "round": 2, "agent": "agent_3", "message": "I now favor **Candidate\u202fD**. Their strong problem\u2011solving ability, high concentration, and serious sense of responsibility indicate solid technical competence and reliability for long\u2011distance flights, while their capacity to respond adequately to unexpected events suggests good calmness under pressure. The main trade\u2011off is that they are considered moody and a loner, which could hinder crew cooperation and the positive cockpit atmosphere.\nMETADATA_JSON:\n{\"agent\": \"agent_3\", \"vote\": \"Candidate D\"}"}
2026-05-10 06:27:17,468 - INFO - Agent turns: 5
2026-05-10 06:27:24,808 - INFO - Tokens - Input: 2065, Output: 941, Total: 3006
{"id": 9, "ts": 1778387244.8092933, "event": "public_discussion_message", "round": 2, "agent": "agent_1", "message": "I now favor **Candidate\u202fC**. Their proven 100\u202f% reliability and ability to create a positive atmosphere with the crew support the essential reliability and cooperation needed for long\u2011distance operations, while their capacity to make correct decisions quickly contributes to technical competence and calmness under pressure. The main trade\u2011off is their difficulty communicating ideas and egocentric attitude, which could impede effective teamwork and crew coordination.\nMETADATA_JSON:\n{\"agent\": \"agent_1\", \"vote\": \"Candidate C\"}"}
2026-05-10 06:27:24,809 - INFO - Agent turns: 6
2026-05-10 06:27:24,818 - INFO - Loop 2 completed
{"id": 10, "ts": 1778387244.824113, "event": "discussion_order", "round": 3, "order": ["agent_3", "agent_2", "agent_1"]}
2026-05-10 06:27:34,365 - INFO - Tokens - Input: 2100, Output: 891, Total: 2991
{"id": 11, "ts": 1778387254.3664286, "event": "public_discussion_message", "round": 3, "agent": "agent_3", "message": "I now favor **Candidate\u202fC**. Their ability to make correct decisions quickly and their excellent attention skills give strong technical competence and support calm, accurate performance on long\u2011distance flights. Additionally, they put concern for others above everything, which is valuable for crew cooperation and a positive cockpit atmosphere. The main trade\u2011off is their difficulty communicating ideas and egocentric attitude, which could hinder teamwork and crew coordination.\nMETADATA_JSON:\n{\"agent\": \"agent_3\", \"vote\": \"Candidate C\"}"}
2026-05-10 06:27:34,366 - INFO - Agent turns: 7
2026-05-10 06:27:47,372 - INFO - Tokens - Input: 2291, Output: 1319, Total: 3610
{"id": 12, "ts": 1778387267.3735807, "event": "public_discussion_message", "round": 3, "agent": "agent_2", "message": "I continue to favor **Candidate\u202fB**. Their strong conscientiousness and ability to handle stress give them high reliability and calmness under pressure, which are essential for long\u2011distance flights. In addition, their skill in assessing weather and excellent computer abilities provide key technical competence for complex, long\u2011haul operations. The main trade\u2011off is their tendency to make nasty remarks toward colleagues and a relatively weak memory for numbers, which could undermine crew cooperation and accuracy in calculations.\nMETADATA_JSON:\n{\"agent\": \"agent_2\", \"vote\": \"Candidate B\"}"}
2026-05-10 06:27:47,373 - INFO - Agent turns: 8
2026-05-10 06:27:53,467 - INFO - Tokens - Input: 2421, Output: 656, Total: 3077
{"id": 13, "ts": 1778387273.4686062, "event": "public_discussion_message", "round": 3, "agent": "agent_1", "message": "I prefer **Candidate\u202fC**. Their proven 100\u202f% reliability and ability to create a positive crew atmosphere give strong assurance of consistent performance and good teamwork, while their capacity to make correct decisions quickly supports technical competence and calmness under pressure on long\u2011distance flights. The main trade\u2011off is their difficulty communicating ideas and egocentric attitude, which could hinder effective cockpit coordination.\nMETADATA_JSON:\n{\"agent\": \"agent_1\", \"vote\": \"Candidate C\"}"}
2026-05-10 06:27:53,468 - INFO - Agent turns: 9
2026-05-10 06:27:53,477 - INFO - Loop 3 completed
{"id": 14, "ts": 1778387273.4834032, "event": "discussion_order", "round": 4, "order": ["agent_2", "agent_1", "agent_3"]}
2026-05-10 06:28:01,291 - INFO - Tokens - Input: 2440, Output: 891, Total: 3331
{"id": 15, "ts": 1778387281.2932465, "event": "public_discussion_message", "round": 4, "agent": "agent_2", "message": "I continue to favor **Candidate\u202fB**. Their strong conscientiousness and ability to handle stress give them high reliability and calmness under pressure, which are essential for long\u2011distance flights. In addition, their skill in assessing weather and excellent computer abilities provide key technical competence for complex, long\u2011haul operations. The main trade\u2011off is their tendency to make nasty remarks toward colleagues and a relatively weak memory for numbers, which could undermine crew cooperation and accuracy in critical calculations.\nMETADATA_JSON:\n{\"agent\": \"agent_2\", \"vote\": \"Candidate B\"}"}
2026-05-10 06:28:01,293 - INFO - Agent turns: 10
2026-05-10 06:28:09,074 - INFO - Tokens - Input: 2651, Output: 909, Total: 3560
{"id": 16, "ts": 1778387289.0753615, "event": "public_discussion_message", "round": 4, "agent": "agent_1", "message": "I currently favor **Candidate\u202fC**. Their proven 100\u202f% reliability and ability to create a positive atmosphere with the crew give strong assurance of consistent performance and good teamwork on long\u2011haul flights, while their capacity to make correct decisions quickly supports calm, accurate handling of complex situations. The main trade\u2011off is their difficulty communicating ideas and egocentric attitude, which could impede effective cockpit coordination.\nMETADATA_JSON:\n{\"agent\": \"agent_1\", \"vote\": \"Candidate C\"}"}
2026-05-10 06:28:09,075 - INFO - Agent turns: 11
2026-05-10 06:28:19,127 - INFO - Tokens - Input: 2741, Output: 1225, Total: 3966
{"id": 17, "ts": 1778387299.1286232, "event": "public_discussion_message", "round": 4, "agent": "agent_3", "message": "I currently favor **Candidate\u202fB**. Their strong conscientiousness and ability to handle stress give high reliability and calmness under pressure\u2014essential for long\u2011distance flights. Additionally, their skill in assessing weather and excellent computer abilities provide solid technical competence for complex, long\u2011haul operations. The main trade\u2011off is their pretentious tone and occasional inappropriate remarks, which could undermine crew cooperation and the cockpit atmosphere.\nMETADATA_JSON:\n{\"agent\": \"agent_3\", \"vote\": \"Candidate B\"}"}
2026-05-10 06:28:19,128 - INFO - Agent turns: 12
2026-05-10 06:28:19,137 - INFO - Loop 4 completed
{"id": 18, "ts": 1778387299.1427119, "event": "discussion_order", "round": 5, "order": ["agent_2", "agent_3", "agent_1"]}
2026-05-10 06:28:26,753 - INFO - Tokens - Input: 2782, Output: 257, Total: 3039
{"id": 19, "ts": 1778387306.7545264, "event": "public_discussion_message", "round": 5, "agent": "agent_2", "message": "I continue to favor **Candidate\u202fB**. Their strong conscientiousness and ability to handle stress give high reliability and calmness under pressure\u2014crucial for long\u2011distance flights. Additionally, their skill in assessing weather and excellent computer abilities provide essential technical competence for complex, long\u2011haul operations. The main trade\u2011off is their tendency to make nasty remarks toward colleagues and a relatively weak memory for numbers, which could undermine crew cooperation and accuracy in critical calculations.\nMETADATA_JSON:\n{\"agent\": \"agent_2\", \"vote\": \"Candidate B\"}"}
2026-05-10 06:28:26,754 - INFO - Agent turns: 13
2026-05-10 06:28:39,609 - INFO - Tokens - Input: 2984, Output: 1418, Total: 4402
{"id": 20, "ts": 1778387319.610634, "event": "public_discussion_message", "round": 5, "agent": "agent_3", "message": "I prefer **Candidate\u202fB**. Their very conscientious nature and strong stress\u2011handling ability give high reliability and calmness under pressure, which are essential for long\u2011distance flights. Their skill in assessing weather and excellent computer abilities provide solid technical competence for complex, long\u2011haul operations. The main trade\u2011off is their pretentious tone and occasional inappropriate remarks, which could undermine crew cooperation and the cockpit atmosphere.\nMETADATA_JSON:\n{\"agent\": \"agent_3\", \"vote\": \"Candidate B\"}"}
2026-05-10 06:28:39,610 - INFO - Agent turns: 14
2026-05-10 06:28:48,902 - INFO - Tokens - Input: 3088, Output: 422, Total: 3510
{"id": 21, "ts": 1778387328.9033666, "event": "public_discussion_message", "round": 5, "agent": "agent_1", "message": "I currently favor **Candidate\u202fC**. Their proven 100\u202f% reliability and ability to create a positive atmosphere with the crew give strong assurance of consistent performance and good teamwork on long\u2011haul flights, while their capacity to make correct decisions quickly supports technical competence and calmness under pressure. The main trade\u2011off is their difficulty communicating ideas and egocentric attitude, which could hinder effective cockpit coordination and crew cooperation.\nMETADATA_JSON:\n{\"agent\": \"agent_1\", \"vote\": \"Candidate C\"}"}
2026-05-10 06:28:48,903 - INFO - Agent turns: 15
2026-05-10 06:28:48,911 - INFO - Loop 5 completed
2026-05-10 06:28:48,912 - INFO - Final Chosen Candidate: Candidate B
2026-05-10 06:28:48,912 - INFO - Final Decision Method: max_round_majority_vote
2026-05-10 06:28:48,912 - INFO - Final Vote Count: {'Candidate C': 1, 'Candidate B': 2}
2026-05-10 06:28:48,912 - INFO - Correct Candidate: Candidate C
2026-05-10 06:28:48,912 - INFO - Decision Correct: 0
{"id": 22, "ts": 1778387328.9137583, "event": "context_consistency_not_applicable", "reason": "explicit_smm_memory_disabled"}
{"id": 23, "ts": 1778387328.913916, "event": "final_decision", "candidate": "Candidate B", "method": "max_round_majority_vote", "vote_count": {"Candidate C": 1, "Candidate B": 2}, "correct_candidate": "Candidate C", "decision_correct": 0, "round": 5}
2026-05-10 06:28:48,921 - INFO - ======================================================================
2026-05-10 06:28:48,922 - INFO - SIMULATION METRICS
2026-05-10 06:28:48,922 - INFO - ======================================================================
2026-05-10 06:28:48,922 - INFO - Total Loops: 5
2026-05-10 06:28:48,922 - INFO - Agent Turns (no vote checker): 15
2026-05-10 06:28:48,922 - INFO - Agent Tool Calls: 0
2026-05-10 06:28:48,922 - INFO - Agent Tool Messages: 0
2026-05-10 06:28:48,922 - INFO - Memory Updates: 0
2026-05-10 06:28:48,922 - INFO - Total Messages (no vote checker): 15
2026-05-10 06:28:48,922 - INFO - Input Tokens: 34049
2026-05-10 06:28:48,922 - INFO - Output Tokens: 13063
2026-05-10 06:28:48,922 - INFO - Total Tokens: 47112
2026-05-10 06:28:48,922 - INFO - Final Chosen Candidate: Candidate B
2026-05-10 06:28:48,923 - INFO - Final Decision Method: max_round_majority_vote
2026-05-10 06:28:48,923 - INFO - Final Vote Count: {'Candidate C': 1, 'Candidate B': 2}
2026-05-10 06:28:48,923 - INFO - Correct Candidate: Candidate C
2026-05-10 06:28:48,923 - INFO - Decision Correct: 0
2026-05-10 06:28:48,923 - INFO - Runtime: 133.44s
2026-05-10 06:28:48,923 - INFO - ======================================================================
