2026-05-17 03:31:45,459 - INFO - Metrics tracker initialized
{"id": 1, "ts": 1778981505.4892492, "event": "memory_reset"}
{"id": 2, "ts": 1778981505.4925425, "event": "discussion_order", "round": 1, "order": ["agent_3", "agent_2", "agent_1"]}
2026-05-17 03:31:51,403 - INFO - Tokens - Input: 1436, Output: 598, Total: 2034
{"id": 3, "ts": 1778981511.4048793, "event": "public_discussion_message", "round": 1, "agent": "agent_3", "message": "I tentatively favor **Candidate\u202fB** because they are very conscientious (supporting reliability) and handle stress well (crucial for long\u2011distance flights). These traits directly address the need for dependable, calm performance under pressure. The main uncertainty is their tendency to be pretentious and sometimes use the wrong tone, which could undermine crew cooperation and atmosphere.\nMETADATA_JSON:\n{\"agent\": \"agent_3\", \"vote\": \"Candidate B\"}"}
2026-05-17 03:31:51,405 - INFO - Agent turns: 1
2026-05-17 03:31:56,376 - INFO - Tokens - Input: 1538, Output: 671, Total: 2209
{"id": 4, "ts": 1778981516.3782165, "event": "public_discussion_message", "round": 1, "agent": "agent_2", "message": "I currently favor **Candidate\u202fB**. Their very conscientious nature supports reliability, and they handle stress well\u2014both crucial for long\u2011distance flights where consistent, calm performance is essential. Additionally, their skill in assessing weather conditions and strong computer abilities enhance technical competence for complex route planning. The main uncertainty is their tendency to make nasty remarks about colleagues, which could undermine crew cooperation and morale.\nMETADATA_JSON:\n{\"agent\": \"agent_2\", \"vote\": \"Candidate B\"}"}
2026-05-17 03:31:56,378 - INFO - Agent turns: 2
2026-05-17 03:32:02,036 - INFO - Tokens - Input: 1641, Output: 748, Total: 2389
{"id": 5, "ts": 1778981522.0376835, "event": "public_discussion_message", "round": 1, "agent": "agent_1", "message": "I currently favor **Candidate\u202fC** because they are known to be 100\u202f% reliable and they create a positive atmosphere with the crew, both of which are essential for safe, long\u2011distance operations. Additionally, they can make correct decisions quickly, supporting the need for rapid, accurate judgments in flight. The main uncertainty is their difficulty communicating ideas and egocentric attitude, which could impair crew cooperation and willingness to pursue further training.\nMETADATA_JSON:\n{\"agent\": \"agent_1\", \"vote\": \"Candidate C\"}"}
2026-05-17 03:32:02,037 - INFO - Agent turns: 3
2026-05-17 03:32:02,047 - INFO - Loop 1 completed
{"id": 6, "ts": 1778981522.054309, "event": "discussion_order", "round": 2, "order": ["agent_2", "agent_3", "agent_1"]}
2026-05-17 03:32:09,074 - INFO - Tokens - Input: 1760, Output: 919, Total: 2679
{"id": 7, "ts": 1778981529.0756876, "event": "public_discussion_message", "round": 2, "agent": "agent_2", "message": "I continue to favor **Candidate\u202fB**. Their very conscientious nature supports reliability, and they handle stress well while also excelling at weather assessment and computer\u2011based route planning\u2014key technical skills for long\u2011distance flights. The main uncertainty is their tendency to make nasty remarks about colleagues, which could undermine crew cooperation and morale.\nMETADATA_JSON:\n{\"agent\": \"agent_2\", \"vote\": \"Candidate B\"}"}
2026-05-17 03:32:09,075 - INFO - Agent turns: 4
2026-05-17 03:32:14,379 - INFO - Tokens - Input: 1846, Output: 677, Total: 2523
{"id": 8, "ts": 1778981534.3808324, "event": "public_discussion_message", "round": 2, "agent": "agent_3", "message": "I continue to favor **Candidate\u202fB** because their very conscientious nature supports reliability and they handle stress well, which are essential for calm, dependable performance on long\u2011distance flights. Their strong weather\u2011assessment and computer skills also boost technical competence for complex route planning. The main uncertainty is their pretentious attitude and occasional wrong tone, which could undermine crew cooperation and morale.\nMETADATA_JSON:\n{\"agent\": \"agent_3\", \"vote\": \"Candidate B\"}"}
2026-05-17 03:32:14,381 - INFO - Agent turns: 5
2026-05-17 03:32:18,389 - INFO - Tokens - Input: 1953, Output: 516, Total: 2469
{"id": 9, "ts": 1778981538.3911126, "event": "public_discussion_message", "round": 2, "agent": "agent_1", "message": "I continue to favor **Candidate\u202fC** because they are known to be 100\u202f% reliable and they create a positive atmosphere with the crew, both vital for safe, long\u2011distance operations. Their ability to make correct decisions quickly also supports the need for rapid, accurate judgment in flight. The main uncertainty is their difficulty communicating ideas and egocentric attitude, which could hinder crew cooperation and willingness to pursue further training.\nMETADATA_JSON:\n{\"agent\": \"agent_1\", \"vote\": \"Candidate C\"}"}
2026-05-17 03:32:18,391 - INFO - Agent turns: 6
2026-05-17 03:32:18,400 - INFO - Loop 2 completed
{"id": 10, "ts": 1778981538.406834, "event": "discussion_order", "round": 3, "order": ["agent_1", "agent_3", "agent_2"]}
2026-05-17 03:32:23,743 - INFO - Tokens - Input: 2066, Output: 660, Total: 2726
{"id": 11, "ts": 1778981543.7453187, "event": "public_discussion_message", "round": 3, "agent": "agent_1", "message": "I continue to favor **Candidate\u202fC** because they are known to be 100\u202f% reliable and they create a positive atmosphere with the crew\u2014both critical for safe, long\u2011distance operations. Their ability to make correct decisions quickly also supports the need for rapid, accurate judgment in flight. The main uncertainty is their difficulty communicating ideas and lack of willingness to pursue further education, which could limit technical growth and crew coordination.\nMETADATA_JSON:\n{\"agent\": \"agent_1\", \"vote\": \"Candidate C\"}"}
2026-05-17 03:32:23,745 - INFO - Agent turns: 7
2026-05-17 03:32:28,555 - INFO - Tokens - Input: 2174, Output: 599, Total: 2773
{"id": 12, "ts": 1778981548.556712, "event": "public_discussion_message", "round": 3, "agent": "agent_3", "message": "I continue to favor **Candidate\u202fB**. Their very conscientious nature supports reliability, and they handle stress well, which are essential for calm, dependable performance on long\u2011distance flights. In addition, their strong weather\u2011assessment ability and excellent computer skills boost the technical competence needed for complex route planning. The main trade\u2011off is their pretentious attitude and occasional wrong tone, which could undermine crew cooperation and morale.\nMETADATA_JSON:\n{\"agent\": \"agent_3\", \"vote\": \"Candidate B\"}"}
2026-05-17 03:32:28,556 - INFO - Agent turns: 8
2026-05-17 03:32:33,021 - INFO - Tokens - Input: 2293, Output: 552, Total: 2845
{"id": 13, "ts": 1778981553.0233982, "event": "public_discussion_message", "round": 3, "agent": "agent_2", "message": "I currently favor **Candidate\u202fB** because they are very conscientious (supporting reliability) and handle stress well (ensuring calm performance on long\u2011distance flights), and they also have strong weather\u2011assessment and computer skills that boost technical competence. The main trade\u2011off is their tendency to make nasty remarks and a pretentious attitude, which could undermine crew cooperation and morale.\nMETADATA_JSON:\n{\"agent\": \"agent_2\", \"vote\": \"Candidate B\"}"}
2026-05-17 03:32:33,023 - INFO - Agent turns: 9
2026-05-17 03:32:33,033 - INFO - Loop 3 completed
{"id": 14, "ts": 1778981553.0390382, "event": "discussion_order", "round": 4, "order": ["agent_3", "agent_2", "agent_1"]}
2026-05-17 03:32:34,954 - INFO - Tokens - Input: 2388, Output: 190, Total: 2578
{"id": 15, "ts": 1778981554.9565713, "event": "public_discussion_message", "round": 4, "agent": "agent_3", "message": "I continue to favor **Candidate\u202fB** because their very conscientious nature supports reliability and they handle stress well, both essential for calm, dependable performance on long\u2011distance flights. The main trade\u2011off is their pretentious attitude and occasional wrong tone, which could undermine crew cooperation and morale.\nMETADATA_JSON:\n{\"agent\": \"agent_3\", \"vote\": \"Candidate B\"}"}
2026-05-17 03:32:34,956 - INFO - Agent turns: 10
2026-05-17 03:32:40,875 - INFO - Tokens - Input: 2482, Output: 724, Total: 3206
{"id": 16, "ts": 1778981560.877318, "event": "public_discussion_message", "round": 4, "agent": "agent_2", "message": "I continue to favor **Candidate\u202fB** because their very conscientious nature supports reliability and their ability to handle stress ensures calm performance on long\u2011distance flights\u2014both essential for safe, consistent operations. The main trade\u2011off is their tendency to make nasty remarks about colleagues, which could undermine crew cooperation and morale.\nMETADATA_JSON:\n{\"agent\": \"agent_2\", \"vote\": \"Candidate B\"}"}
2026-05-17 03:32:40,877 - INFO - Agent turns: 11
2026-05-17 03:32:46,660 - INFO - Tokens - Input: 2569, Output: 703, Total: 3272
{"id": 17, "ts": 1778981566.6618228, "event": "public_discussion_message", "round": 4, "agent": "agent_1", "message": "I continue to favor **Candidate\u202fC** because they are known to be 100\u202f% reliable and they create a positive atmosphere with the crew\u2014both essential for safe, long\u2011distance operations. Their ability to make correct decisions quickly also supports the need for rapid, accurate judgment in flight. The main trade\u2011off is their difficulty communicating ideas and egocentric attitude, which could impair crew cooperation and willingness to pursue further training.\nMETADATA_JSON:\n{\"agent\": \"agent_1\", \"vote\": \"Candidate C\"}"}
2026-05-17 03:32:46,661 - INFO - Agent turns: 12
2026-05-17 03:32:46,671 - INFO - Loop 4 completed
{"id": 18, "ts": 1778981566.6778545, "event": "discussion_order", "round": 5, "order": ["agent_2", "agent_3", "agent_1"]}
2026-05-17 03:32:53,550 - INFO - Tokens - Input: 2687, Output: 824, Total: 3511
{"id": 19, "ts": 1778981573.5520947, "event": "public_discussion_message", "round": 5, "agent": "agent_2", "message": "I continue to favor **Candidate\u202fB**. Their very conscientious nature supports reliability, and they handle stress well, ensuring calm performance on long\u2011distance flights. Additionally, their strong weather\u2011assessment ability and excellent computer skills boost the technical competence needed for complex route planning. The main trade\u2011off is their tendency to make nasty remarks about colleagues, which could harm crew cooperation and morale.\nMETADATA_JSON:\n{\"agent\": \"agent_2\", \"vote\": \"Candidate B\"}"}
2026-05-17 03:32:53,552 - INFO - Agent turns: 13
2026-05-17 03:32:57,614 - INFO - Tokens - Input: 2784, Output: 464, Total: 3248
{"id": 20, "ts": 1778981577.6163766, "event": "public_discussion_message", "round": 5, "agent": "agent_3", "message": "I continue to favor **Candidate\u202fB** because their strong conscientiousness supports reliability and their ability to handle stress ensures calm performance on long\u2011distance flights\u2014both essential for safety and consistency. Their skill in assessing weather and excellent computer abilities also boost the technical competence needed for complex route planning. The main trade\u2011off is their pretentious attitude and occasional wrong tone, which could undermine crew cooperation and morale.\nMETADATA_JSON:\n{\"agent\": \"agent_3\", \"vote\": \"Candidate B\"}"}
2026-05-17 03:32:57,616 - INFO - Agent turns: 14
2026-05-17 03:33:05,567 - INFO - Tokens - Input: 2898, Output: 985, Total: 3883
{"id": 21, "ts": 1778981585.5690346, "event": "public_discussion_message", "round": 5, "agent": "agent_1", "message": "I continue to favor **Candidate\u202fC** because they are known to be 100\u202f% reliable and they create a positive atmosphere with the crew\u2014both essential for safe, long\u2011distance operations. Their ability to make correct decisions quickly also supports the need for rapid, accurate judgment in flight. The main trade\u2011off is their difficulty communicating ideas and egocentric attitude, which could hinder crew cooperation and willingness to pursue further training.\nMETADATA_JSON:\n{\"agent\": \"agent_1\", \"vote\": \"Candidate C\"}"}
2026-05-17 03:33:05,569 - INFO - Agent turns: 15
2026-05-17 03:33:05,579 - INFO - Loop 5 completed
2026-05-17 03:33:05,579 - INFO - Final Chosen Candidate: Candidate B
2026-05-17 03:33:05,579 - INFO - Final Decision Method: max_round_majority_vote
2026-05-17 03:33:05,579 - INFO - Final Vote Count: {'Candidate C': 1, 'Candidate B': 2}
2026-05-17 03:33:05,579 - INFO - Correct Candidate: Candidate C
2026-05-17 03:33:05,580 - INFO - Decision Correct: 0
{"id": 22, "ts": 1778981585.5811958, "event": "context_consistency_not_applicable", "reason": "explicit_smm_memory_disabled"}
{"id": 23, "ts": 1778981585.5813334, "event": "final_decision", "candidate": "Candidate B", "method": "max_round_majority_vote", "vote_count": {"Candidate C": 1, "Candidate B": 2}, "correct_candidate": "Candidate C", "decision_correct": 0, "round": 5}
2026-05-17 03:33:05,589 - INFO - ======================================================================
2026-05-17 03:33:05,589 - INFO - SIMULATION METRICS
2026-05-17 03:33:05,590 - INFO - ======================================================================
2026-05-17 03:33:05,590 - INFO - Total Loops: 5
2026-05-17 03:33:05,590 - INFO - Agent Turns (no vote checker): 15
2026-05-17 03:33:05,590 - INFO - Agent Tool Calls: 0
2026-05-17 03:33:05,590 - INFO - Agent Tool Messages: 0
2026-05-17 03:33:05,590 - INFO - Memory Updates: 0
2026-05-17 03:33:05,590 - INFO - Total Messages (no vote checker): 15
2026-05-17 03:33:05,590 - INFO - Input Tokens: 32515
2026-05-17 03:33:05,590 - INFO - Output Tokens: 9830
2026-05-17 03:33:05,590 - INFO - Total Tokens: 42345
2026-05-17 03:33:05,590 - INFO - Final Chosen Candidate: Candidate B
2026-05-17 03:33:05,590 - INFO - Final Decision Method: max_round_majority_vote
2026-05-17 03:33:05,590 - INFO - Final Vote Count: {'Candidate C': 1, 'Candidate B': 2}
2026-05-17 03:33:05,591 - INFO - Correct Candidate: Candidate C
2026-05-17 03:33:05,591 - INFO - Decision Correct: 0
2026-05-17 03:33:05,591 - INFO - Runtime: 80.13s
2026-05-17 03:33:05,591 - INFO - ======================================================================
