2026-05-09 01:19:03,584 - INFO - Metrics tracker initialized
{"id": 1, "ts": 1778282343.6107874, "event": "memory_reset"}
{"id": 2, "ts": 1778282343.6145692, "event": "discussion_order", "round": 1, "order": ["agent_1", "agent_2", "agent_3"]}
2026-05-09 01:19:08,462 - INFO - Tokens - Input: 1392, Output: 397, Total: 1789
{"id": 3, "ts": 1778282348.463678, "event": "public_discussion_message", "round": 1, "agent": "agent_1", "message": "I prefer Candidate A \u2013 excellent spatial vision.\nMETADATA_JSON:\n{\"agent\": \"agent_1\", \"vote\": \"Candidate A\"}"}
2026-05-09 01:19:08,463 - INFO - Agent turns: 1
2026-05-09 01:19:14,433 - INFO - Tokens - Input: 1450, Output: 724, Total: 2174
{"id": 4, "ts": 1778282354.4348571, "event": "public_discussion_message", "round": 1, "agent": "agent_2", "message": "I prefer Candidate A \u2013 regarded as a show\u2011off.\nMETADATA_JSON:\n{\"agent\": \"agent_2\", \"vote\": \"Candidate A\"}"}
2026-05-09 01:19:14,435 - INFO - Agent turns: 2
2026-05-09 01:19:17,639 - INFO - Tokens - Input: 1485, Output: 420, Total: 1905
{"id": 5, "ts": 1778282357.640286, "event": "public_discussion_message", "round": 1, "agent": "agent_3", "message": "I prefer Candidate B \u2013 handles stress very well.\nMETADATA_JSON:\n{\"agent\": \"agent_3\", \"vote\": \"Candidate B\"}"}
2026-05-09 01:19:17,640 - INFO - Agent turns: 3
2026-05-09 01:19:17,648 - INFO - Loop 1 completed
{"id": 6, "ts": 1778282357.6545646, "event": "discussion_order", "round": 2, "order": ["agent_2", "agent_1", "agent_3"]}
2026-05-09 01:19:23,214 - INFO - Tokens - Input: 1523, Output: 694, Total: 2217
{"id": 7, "ts": 1778282363.2153249, "event": "public_discussion_message", "round": 2, "agent": "agent_2", "message": "I prefer Candidate D \u2013 hot temper.\nMETADATA_JSON:\n{\"agent\": \"agent_2\", \"vote\": \"Candidate D\"}"}
2026-05-09 01:19:23,215 - INFO - Agent turns: 4
2026-05-09 01:19:26,946 - INFO - Tokens - Input: 1560, Output: 500, Total: 2060
{"id": 8, "ts": 1778282366.947523, "event": "public_discussion_message", "round": 2, "agent": "agent_1", "message": "I prefer Candidate A \u2013 excellent spatial vision.\nMETADATA_JSON:\n{\"agent\": \"agent_1\", \"vote\": \"Candidate A\"}"}
2026-05-09 01:19:26,947 - INFO - Agent turns: 5
2026-05-09 01:19:34,367 - INFO - Tokens - Input: 1593, Output: 983, Total: 2576
{"id": 9, "ts": 1778282374.3684282, "event": "public_discussion_message", "round": 2, "agent": "agent_3", "message": "I prefer Candidate D \u2013 takes responsibility seriously.\nMETADATA_JSON:\n{\"agent\": \"agent_3\", \"vote\": \"Candidate D\"}"}
2026-05-09 01:19:34,368 - INFO - Agent turns: 6
2026-05-09 01:19:34,377 - INFO - Loop 2 completed
{"id": 10, "ts": 1778282374.3821468, "event": "discussion_order", "round": 3, "order": ["agent_2", "agent_3", "agent_1"]}
2026-05-09 01:19:40,549 - INFO - Tokens - Input: 1633, Output: 512, Total: 2145
{"id": 11, "ts": 1778282380.5502741, "event": "public_discussion_message", "round": 3, "agent": "agent_2", "message": "I prefer Candidate B \u2013 handles stress very well.\nMETADATA_JSON:\n{\"agent\": \"agent_2\", \"vote\": \"Candidate B\"}"}
2026-05-09 01:19:40,550 - INFO - Agent turns: 7
2026-05-09 01:19:49,419 - INFO - Tokens - Input: 1669, Output: 1067, Total: 2736
{"id": 12, "ts": 1778282389.4203281, "event": "public_discussion_message", "round": 3, "agent": "agent_3", "message": "I prefer Candidate A \u2013 excellent spatial vision.\nMETADATA_JSON:\n{\"agent\": \"agent_3\", \"vote\": \"Candidate A\"}"}
2026-05-09 01:19:49,420 - INFO - Agent turns: 8
2026-05-09 01:19:54,674 - INFO - Tokens - Input: 1710, Output: 710, Total: 2420
{"id": 13, "ts": 1778282394.6757793, "event": "public_discussion_message", "round": 3, "agent": "agent_1", "message": "I prefer Candidate A \u2013 can anticipate dangerous situations.\nMETADATA_JSON:\n{\"agent\": \"agent_1\", \"vote\": \"Candidate A\"}"}
2026-05-09 01:19:54,675 - INFO - Agent turns: 9
2026-05-09 01:19:54,685 - INFO - Loop 3 completed
{"id": 14, "ts": 1778282394.691721, "event": "discussion_order", "round": 4, "order": ["agent_3", "agent_2", "agent_1"]}
2026-05-09 01:20:00,021 - INFO - Tokens - Input: 1738, Output: 687, Total: 2425
{"id": 15, "ts": 1778282400.0228415, "event": "public_discussion_message", "round": 4, "agent": "agent_3", "message": "I prefer Candidate B \u2013 handles stress very well.\nMETADATA_JSON:\n{\"agent\": \"agent_3\", \"vote\": \"Candidate B\"}"}
2026-05-09 01:20:00,023 - INFO - Agent turns: 10
2026-05-09 01:20:05,021 - INFO - Tokens - Input: 1790, Output: 654, Total: 2444
{"id": 16, "ts": 1778282405.0226755, "event": "public_discussion_message", "round": 4, "agent": "agent_2", "message": "I prefer Candidate B \u2013 handles stress very well.\nMETADATA_JSON:\n{\"agent\": \"agent_2\", \"vote\": \"Candidate B\"}"}
2026-05-09 01:20:05,022 - INFO - Agent turns: 11
2026-05-09 01:20:09,527 - INFO - Tokens - Input: 1825, Output: 519, Total: 2344
{"id": 17, "ts": 1778282409.5283306, "event": "public_discussion_message", "round": 4, "agent": "agent_1", "message": "I prefer Candidate A \u2013 can anticipate dangerous situations.\nMETADATA_JSON:\n{\"agent\": \"agent_1\", \"vote\": \"Candidate A\"}"}
2026-05-09 01:20:09,528 - INFO - Agent turns: 12
2026-05-09 01:20:09,537 - INFO - Loop 4 completed
{"id": 18, "ts": 1778282409.542901, "event": "discussion_order", "round": 5, "order": ["agent_3", "agent_2", "agent_1"]}
2026-05-09 01:20:17,610 - INFO - Tokens - Input: 1852, Output: 910, Total: 2762
{"id": 19, "ts": 1778282417.6117659, "event": "public_discussion_message", "round": 5, "agent": "agent_3", "message": "I prefer Candidate B \u2013 handles stress very well.\nMETADATA_JSON:\n{\"agent\": \"agent_3\", \"vote\": \"Candidate B\"}"}
2026-05-09 01:20:17,611 - INFO - Agent turns: 13
2026-05-09 01:20:26,045 - INFO - Tokens - Input: 1904, Output: 956, Total: 2860
{"id": 20, "ts": 1778282426.0463026, "event": "public_discussion_message", "round": 5, "agent": "agent_2", "message": "I prefer Candidate A \u2013 very good leadership qualities.\nMETADATA_JSON:\n{\"agent\": \"agent_2\", \"vote\": \"Candidate A\"}"}
2026-05-09 01:20:26,046 - INFO - Agent turns: 14
2026-05-09 01:20:31,824 - INFO - Tokens - Input: 1939, Output: 732, Total: 2671
{"id": 21, "ts": 1778282431.8261807, "event": "public_discussion_message", "round": 5, "agent": "agent_1", "message": "I prefer Candidate C \u2013 known to be 100% reliable.\nMETADATA_JSON:\n{\"agent\": \"agent_1\", \"vote\": \"Candidate C\"}"}
2026-05-09 01:20:31,826 - INFO - Agent turns: 15
2026-05-09 01:20:31,835 - INFO - Loop 5 completed
2026-05-09 01:20:31,835 - INFO - Final Chosen Candidate: None
2026-05-09 01:20:31,835 - INFO - Final Decision Method: max_round_no_majority
2026-05-09 01:20:31,835 - INFO - Final Vote Count: {'Candidate C': 1, 'Candidate A': 1, 'Candidate B': 1}
2026-05-09 01:20:31,835 - INFO - Correct Candidate: Candidate C
2026-05-09 01:20:31,836 - INFO - Decision Correct: 0
{"id": 22, "ts": 1778282431.836944, "event": "context_consistency_not_applicable", "reason": "explicit_smm_memory_disabled"}
{"id": 23, "ts": 1778282431.8370283, "event": "final_decision", "candidate": null, "method": "max_round_no_majority", "vote_count": {"Candidate C": 1, "Candidate A": 1, "Candidate B": 1}, "correct_candidate": "Candidate C", "decision_correct": 0, "round": 5}
2026-05-09 01:20:31,844 - INFO - ======================================================================
2026-05-09 01:20:31,844 - INFO - SIMULATION METRICS
2026-05-09 01:20:31,844 - INFO - ======================================================================
2026-05-09 01:20:31,844 - INFO - Total Loops: 5
2026-05-09 01:20:31,844 - INFO - Agent Turns (no vote checker): 15
2026-05-09 01:20:31,844 - INFO - Agent Tool Calls: 0
2026-05-09 01:20:31,844 - INFO - Agent Tool Messages: 0
2026-05-09 01:20:31,844 - INFO - Memory Updates: 0
2026-05-09 01:20:31,844 - INFO - Total Messages (no vote checker): 15
2026-05-09 01:20:31,844 - INFO - Input Tokens: 25063
2026-05-09 01:20:31,844 - INFO - Output Tokens: 10465
2026-05-09 01:20:31,844 - INFO - Total Tokens: 35528
2026-05-09 01:20:31,844 - INFO - Final Chosen Candidate: None
2026-05-09 01:20:31,844 - INFO - Final Decision Method: max_round_no_majority
2026-05-09 01:20:31,844 - INFO - Final Vote Count: {'Candidate C': 1, 'Candidate A': 1, 'Candidate B': 1}
2026-05-09 01:20:31,844 - INFO - Correct Candidate: Candidate C
2026-05-09 01:20:31,845 - INFO - Decision Correct: 0
2026-05-09 01:20:31,845 - INFO - Runtime: 88.26s
2026-05-09 01:20:31,845 - INFO - ======================================================================
