2026-05-10 04:07:01,858 - INFO - Metrics tracker initialized
{"id": 1, "ts": 1778378821.8848188, "event": "memory_reset"}
{"id": 2, "ts": 1778378821.8881767, "event": "discussion_order", "round": 1, "order": ["agent_1", "agent_3", "agent_2"]}
2026-05-10 04:07:14,990 - INFO - Tokens - Input: 1782, Output: 1357, Total: 3139
{"id": 3, "ts": 1778378834.9916894, "event": "public_discussion_message", "round": 1, "agent": "agent_1", "message": "Current position: Candidate D\nConfidence/uncertainty: Moderate confidence; candidate appears balanced but has notable negatives.\nReasoning summary:\n- Key evidence used: Candidate D responds adequately to unexpected events, concentrates well, solves problems extremely well, and takes responsibility seriously \u2013 covering calmness under pressure, technical competence, and high\u2011responsibility criteria. These strengths are strong for long\u2011distance operations.\n- Evidence from others: (none yet; this is the first contribution)\n- Alternatives considered: Candidate A (leadership and anticipation but unorganized and poor at criticism); Candidate B (technical and stress handling but grumpy and uncooperative, a serious safety concern); Candidate C (100\u202f% reliable and creates positive crew atmosphere but has communication difficulties, egocentric attitude, and low willingness to further education). Each alternative has a critical cooperation or organizational drawback.\n- Main tradeoff: Balancing technical and responsibility strengths against cooperation/leadership weaknesses. D\u2019s arrogance and weak leadership are negatives, but they are less directly safety\u2011critical than B\u2019s uncooperativeness or C\u2019s communication issues.\n- Remaining uncertainty: How severe the arrogance and weak leadership will be in real cockpit interactions; whether they could be mitigated through training or crew dynamics.\n- What would change my vote: Strong evidence that another candidate\u2019s cooperation drawbacks are minor or can be mitigated, or that D\u2019s leadership weaknesses are shown to critically impair crew coordination.\nMETADATA_JSON:\n{\"agent\": \"agent_1\", \"vote\": \"Candidate D\"}"}
2026-05-10 04:07:14,991 - INFO - Agent turns: 1
2026-05-10 04:07:25,504 - INFO - Tokens - Input: 1742, Output: 1134, Total: 2876
2026-05-10 04:07:25,507 - INFO - Memory updates: 1
{"id": 4, "ts": 1778378845.5074878, "event": "memory_updated", "agent": "agent_3", "round": 1}
2026-05-10 04:07:25,577 - INFO - Tokens - Input: 1750, Output: 1229, Total: 2979
2026-05-10 04:07:25,579 - INFO - Memory updates: 2
{"id": 5, "ts": 1778378845.5796063, "event": "memory_updated", "agent": "agent_2", "round": 1}
2026-05-10 04:07:26,859 - INFO - Tokens - Input: 1747, Output: 1499, Total: 3246
2026-05-10 04:07:26,860 - INFO - Memory updates: 3
{"id": 6, "ts": 1778378846.8610048, "event": "memory_updated", "agent": "agent_1", "round": 1}
2026-05-10 04:07:37,885 - INFO - Tokens - Input: 2607, Output: 912, Total: 3519
{"id": 7, "ts": 1778378857.8872564, "event": "public_discussion_message", "round": 1, "agent": "agent_3", "message": "Current position: Candidate D\nConfidence/uncertainty: Moderate confidence \u2013 strengths are strong, but interpersonal negatives remain a concern\nReasoning summary:\n- Key evidence used: D responds adequately to unexpected events (calmness under pressure), concentrates very well (focus on long flights), solves problems extremely well (technical competence), and takes responsibility seriously (high reliability). These cover the core criteria for long\u2011distance piloting.\n- Evidence from others: Agent\u202f1 also favors D, citing the same strengths and noting the moody, loner perception as the main drawback.\n- Alternatives considered:\n  * A \u2013 excellent situational awareness and leadership, but unfriendly demeanor and unhealthy eating could impair crew cohesion and endurance.\n  * B \u2013 very conscientious, handles stress, strong weather and computer skills, yet pretentious attitude and wrong tone risk crew friction.\n  * C \u2013 quick decision\u2011making, strong concern for others and attention, but communication difficulty, egocentric attitude, and low willingness to further education limit teamwork and growth.\n- Main tradeoff: Balancing D\u2019s strong technical, responsibility, and adaptability profile against the interpersonal concerns of moodiness and being a loner, which may affect crew dynamics but are less overtly disruptive than the active negative communication styles of A, B, or C.\n- Remaining uncertainty: How severely D\u2019s moodiness and loner tendency will manifest in a multi\u2011crew environment and whether they could undermine safety-critical coordination.\n- What would change my vote: Convincing evidence that another candidate\u2019s interpersonal drawbacks are minor or can be mitigated (e.g., proven crew\u2011resource\u2011management success) while showing that D\u2019s moodiness directly leads to unsafe crew interactions.\nMETADATA_JSON:\n{\"agent\": \"agent_3\", \"vote\": \"Candidate D\"}"}
2026-05-10 04:07:37,887 - INFO - Agent turns: 2
2026-05-10 04:07:46,732 - INFO - Tokens - Input: 2688, Output: 937, Total: 3625
2026-05-10 04:07:46,734 - INFO - Memory updates: 4
{"id": 8, "ts": 1778378866.7345865, "event": "memory_updated", "agent": "agent_3", "round": 1}
2026-05-10 04:07:49,286 - INFO - Tokens - Input: 2665, Output: 1235, Total: 3900
2026-05-10 04:07:49,300 - INFO - Memory updates: 5
{"id": 9, "ts": 1778378869.3010905, "event": "memory_updated", "agent": "agent_1", "round": 1}
2026-05-10 04:07:50,528 - INFO - Tokens - Input: 2724, Output: 1608, Total: 4332
2026-05-10 04:07:50,530 - INFO - Memory updates: 6
{"id": 10, "ts": 1778378870.531099, "event": "memory_updated", "agent": "agent_2", "round": 1}
2026-05-10 04:07:57,171 - INFO - Tokens - Input: 3164, Output: 719, Total: 3883
{"id": 11, "ts": 1778378877.173464, "event": "public_discussion_message", "round": 1, "agent": "agent_2", "message": "Current position: Candidate D\nConfidence/uncertainty: Moderate confidence \u2013 D meets most core criteria, but interpersonal negatives remain a concern\nReasoning summary:\n- Key evidence used: D responds adequately to unexpected events (calmness under pressure), concentrates very well (focus for long\u2011haul flights), solves problems extremely well (technical competence), and takes responsibility seriously (high reliability).\n- Evidence from others: Both Agent\u202f1 and Agent\u202f3 have already highlighted D\u2019s strengths in calmness, concentration, problem\u2011solving and responsibility, and note the same interpersonal drawbacks (know\u2011it\u2011all attitude, hot temper, \u201cmoody/loner\u201d perception).\n- Alternatives considered:\n  * Candidate A \u2013 excellent situational awareness, leadership and spatial vision, but regarded as a show\u2011off, not open to new ideas, and perceived as unfriendly, which could erode crew cohesion.\n  * Candidate B \u2013 very conscientious, handles stress well, strong weather assessment and computer skills, yet has a weak memory for numbers and makes nasty remarks about colleagues, a direct threat to crew cooperation.\n  * Candidate C \u2013 makes quick correct decisions, stays calm in crises, understands complex technology, but struggles to communicate ideas, is seen as egocentric, and is not eager to continue education, all of which hinder teamwork and growth.\n- Main tradeoff: D\u2019s interpersonal issues (arrogance, hot temper, possible loneliness) versus the more overtly disruptive behaviours of A, B, and C (show\u2011off attitude, nasty remarks, poor communication). The former are less clearly safety\u2011critical, while the latter could directly impair crew coordination.\n- Remaining uncertainty: How severely D\u2019s hot temper and \u201cmoody/loner\u201d traits would manifest in a multi\u2011crew environment and whether they would lead to unsafe crew interactions.\n- What would change my vote: Concrete evidence that another candidate\u2019s cooperation drawbacks are minor or can be mitigated (e.g., proven CRM success) combined with clear proof that D\u2019s temperament results in unsafe crew dynamics.\nMETADATA_JSON:\n{\"agent\": \"agent_2\", \"vote\": \"Candidate D\"}"}
2026-05-10 04:07:57,173 - INFO - Agent turns: 3
2026-05-10 04:08:08,992 - INFO - Tokens - Input: 3382, Output: 1312, Total: 4694
2026-05-10 04:08:08,994 - INFO - Memory updates: 7
{"id": 12, "ts": 1778378888.994933, "event": "memory_updated", "agent": "agent_2", "round": 1}
2026-05-10 04:08:09,144 - INFO - Tokens - Input: 3079, Output: 1558, Total: 4637
2026-05-10 04:08:09,146 - INFO - Memory updates: 8
{"id": 13, "ts": 1778378889.1469855, "event": "memory_updated", "agent": "agent_3", "round": 1}
2026-05-10 04:08:09,664 - INFO - Tokens - Input: 3131, Output: 1479, Total: 4610
2026-05-10 04:08:09,665 - INFO - Memory updates: 9
{"id": 14, "ts": 1778378889.6659946, "event": "memory_updated", "agent": "agent_1", "round": 1}
2026-05-10 04:08:09,675 - INFO - Loop 1 completed
{"id": 15, "ts": 1778378889.6818159, "event": "discussion_order", "round": 2, "order": ["agent_1", "agent_3", "agent_2"]}
2026-05-10 04:08:19,181 - INFO - Tokens - Input: 3618, Output: 638, Total: 4256
{"id": 16, "ts": 1778378899.1827204, "event": "public_discussion_message", "round": 2, "agent": "agent_1", "message": "Current position: Candidate D\nConfidence/uncertainty: Moderate (around 60\u202f%)\nReasoning summary:\n- Key evidence used: D responds adequately to unexpected events (calmness under pressure), concentrates very well (focus for long\u2011haul missions), solves problems extremely well (technical competence), and takes responsibility seriously (high reliability). These four pillars directly match the core criteria for a long\u2011distance pilot.\n- Evidence from others: Agents\u202f2 and\u202f3 have echoed the same strengths for D and have added further negatives \u2013 arrogance, relatively weak leadership, a \u201cmoody/loner\u201d perception, hot temper, and a know\u2011it\u2011all attitude. No new positive evidence for other candidates has been introduced.\n- Alternatives considered:\n  * Candidate\u202fA \u2013 strong situational awareness, leadership, and spatial vision, but is sometimes unorganized, poorly receives criticism, and is perceived as unfriendly/show\u2011off, which could harm crew cohesion.\n  * Candidate\u202fB \u2013 very conscientious, handles stress, good weather assessment and computer skills, yet is grumpy, uncooperative, makes nasty remarks, and has a weak memory for numbers \u2013 direct threats to crew cooperation.\n  * Candidate\u202fC \u2013 100\u202f% reliable, creates a positive crew atmosphere, makes quick correct decisions, but struggles to communicate ideas, is egocentric, and is not eager to continue education, limiting teamwork and growth.\n- Main tradeoff: Whether D\u2019s interpersonal drawbacks (arrogance, weak leadership, moodiness, hot temper) are less safety\u2011critical than the overt uncooperativeness and communication failures of A, B, and C. The balance currently leans toward D because his core technical and responsibility traits are strongest, and his cooperation issues, while concerning, are less clearly disruptive.\n- Remaining uncertainty: The real\u2011world impact of D\u2019s arrogance, weak leadership, and hot temper on multi\u2011crew coordination during long flights. Could these traits lead to unsafe crew\u2011resource\u2011management breakdowns?\n- What would change my vote: Convincing, concrete evidence that D\u2019s interpersonal issues directly cause unsafe crew interactions (e.g., documented incidents of conflict or poor decision\u2011making in the cockpit) **and** comparable evidence that another candidate (especially C) can mitigate their communication or egocentric drawbacks through proven CRM success, making them overall safer.\nMETADATA_JSON:\n{\"agent\": \"agent_1\", \"vote\": \"Candidate D\"}"}
2026-05-10 04:08:19,182 - INFO - Agent turns: 4
2026-05-10 04:08:27,730 - INFO - Tokens - Input: 3960, Output: 979, Total: 4939
2026-05-10 04:08:27,731 - INFO - Memory updates: 10
{"id": 17, "ts": 1778378907.7320962, "event": "memory_updated", "agent": "agent_1", "round": 2}
2026-05-10 04:08:28,417 - INFO - Tokens - Input: 3932, Output: 1228, Total: 5160
2026-05-10 04:08:28,419 - INFO - Memory updates: 11
{"id": 18, "ts": 1778378908.419356, "event": "memory_updated", "agent": "agent_2", "round": 2}
2026-05-10 04:08:32,732 - INFO - Tokens - Input: 4009, Output: 1270, Total: 5279
2026-05-10 04:08:32,734 - INFO - Memory updates: 12
{"id": 19, "ts": 1778378912.7349641, "event": "memory_updated", "agent": "agent_3", "round": 2}
2026-05-10 04:08:37,379 - INFO - Tokens - Input: 3797, Output: 588, Total: 4385
{"id": 20, "ts": 1778378917.3808074, "event": "public_discussion_message", "round": 2, "agent": "agent_3", "message": "Current position: Candidate D\nConfidence/uncertainty: Moderate (around 60\u202f%)\nReasoning summary:\n- Key evidence used: D responds adequately to unexpected events (calmness under pressure), concentrates very well (focus for long\u2011haul missions), solves problems extremely well (technical competence), and takes responsibility seriously (high reliability). These four pillars directly match the core criteria for a long\u2011distance pilot.\n- Evidence from others: Agents\u202f1 and\u202f2 have echoed the same strengths for D and have added further negatives \u2013 arrogance, relatively weak leadership, a \u201cmoody/loner\u201d perception, hot temper, and a know\u2011it\u2011all attitude. No new positive evidence for other candidates has been introduced.\n- Alternatives considered:\n  * Candidate\u202fA \u2013 strong situational awareness, leadership, and spatial vision, but unfriendly, show\u2011off attitude, and unhealthy habits could harm crew cohesion.\n  * Candidate\u202fB \u2013 very conscientious, handles stress, good weather assessment and computer skills, yet pretentious, sometimes uses the wrong tone, and makes nasty remarks, posing a direct threat to crew cooperation.\n  * Candidate\u202fC \u2013 quick correct decisions, strong concern for others, excellent attention, but difficulty communicating ideas, egocentric perception, and low willingness to further education limit teamwork and growth.\n- Main tradeoff: Whether D\u2019s interpersonal drawbacks (arrogance, weak leadership, moodiness, hot temper) are less safety\u2011critical than the overt uncooperative or communication\u2011failure behaviours of A, B, and C. The balance currently leans toward D because his core technical, reliability, and calm\u2011under\u2011pressure traits are strongest, while his cooperation issues, though concerning, are less clearly disruptive.\n- Remaining uncertainty: The real\u2011world impact of D\u2019s arrogance, weak leadership, and hot temper on multi\u2011crew coordination during long flights. Could these traits lead to unsafe crew\u2011resource\u2011management breakdowns?\n- What would change my vote: Concrete evidence that D\u2019s interpersonal issues directly cause unsafe crew interactions (e.g., documented incidents of conflict or poor decision\u2011making in the cockpit) **and** comparable evidence that another candidate (especially C) can mitigate their communication or egocentric drawbacks through proven CRM success, making them overall safer.\nMETADATA_JSON:\n{\"agent\": \"agent_3\", \"vote\": \"Candidate D\"}"}
2026-05-10 04:08:37,380 - INFO - Agent turns: 5
2026-05-10 04:08:45,578 - INFO - Tokens - Input: 4109, Output: 872, Total: 4981
2026-05-10 04:08:45,580 - INFO - Memory updates: 13
{"id": 21, "ts": 1778378925.5804298, "event": "memory_updated", "agent": "agent_3", "round": 2}
2026-05-10 04:08:51,050 - INFO - Tokens - Input: 4137, Output: 1480, Total: 5617
2026-05-10 04:08:51,052 - INFO - Memory updates: 14
{"id": 22, "ts": 1778378931.0526593, "event": "memory_updated", "agent": "agent_1", "round": 2}
2026-05-10 04:08:52,545 - INFO - Tokens - Input: 4248, Output: 1679, Total: 5927
2026-05-10 04:08:52,547 - INFO - Memory updates: 15
{"id": 23, "ts": 1778378932.5475817, "event": "memory_updated", "agent": "agent_2", "round": 2}
2026-05-10 04:08:58,039 - INFO - Tokens - Input: 4218, Output: 630, Total: 4848
{"id": 24, "ts": 1778378938.0413957, "event": "public_discussion_message", "round": 2, "agent": "agent_2", "message": "Current position: Candidate D\nConfidence/uncertainty: Moderate (\u2248\u202f60\u202f%)\nReasoning summary:\n- Key evidence used: D responds adequately to unexpected events (calmness under pressure), concentrates very well (focus for long\u2011haul missions), solves problems extremely well (technical competence), and takes responsibility seriously (high reliability). These four pillars directly align with the core criteria for a long\u2011distance pilot.\n- Evidence from others: Agents\u202f1 and\u202f3 have highlighted the same strengths for D and have added the same interpersonal drawbacks \u2013 arrogance/know\u2011it\u2011all attitude, hot temper, and a \u201cmoody/loner\u201d perception. No new positive evidence for other candidates has been introduced.\n- Alternatives considered:\n  * Candidate\u202fA \u2013 strong situational awareness, leadership, and spatial vision, but perceived as a show\u2011off, not open to new ideas, and unfriendly, which could harm crew cohesion.\n  * Candidate\u202fB \u2013 very conscientious, handles stress well, good weather assessment and computer skills, yet makes nasty remarks about colleagues and has a weak memory for numbers, posing a direct threat to crew cooperation.\n  * Candidate\u202fC \u2013 makes quick correct decisions, stays calm in crises, understands complex technology, but struggles to communicate ideas, is seen as egocentric, and is not eager to pursue further education, limiting teamwork and growth.\n- Main tradeoff: Whether D\u2019s interpersonal drawbacks (arrogance, weak leadership, hot temper, moody/loner perception) are less safety\u2011critical than the overt uncooperative or communication\u2011failure behaviours of A, B, and C. The balance currently leans toward D because his core technical, reliability, and calm\u2011under\u2011pressure traits are strongest, while his cooperation issues, though concerning, are less clearly disruptive.\n- Remaining uncertainty: The real\u2011world impact of D\u2019s arrogance, weak leadership, and hot temper on multi\u2011crew coordination during long\u2011haul flights. Could these traits lead to unsafe crew\u2011resource\u2011management breakdowns?\n- What would change my vote: Concrete evidence that D\u2019s interpersonal issues directly cause unsafe crew interactions (e.g., documented conflicts or poor decision\u2011making in the cockpit) combined with comparable evidence that another candidate (especially C) can mitigate their communication or egocentric drawbacks through proven CRM success, making them overall safer.\nMETADATA_JSON:\n{\"agent\": \"agent_2\", \"vote\": \"Candidate D\"}"}
2026-05-10 04:08:58,041 - INFO - Agent turns: 6
2026-05-10 04:09:05,633 - INFO - Tokens - Input: 4563, Output: 885, Total: 5448
2026-05-10 04:09:05,635 - INFO - Memory updates: 16
{"id": 25, "ts": 1778378945.635625, "event": "memory_updated", "agent": "agent_2", "round": 2}
2026-05-10 04:09:08,263 - INFO - Tokens - Input: 4879, Output: 1221, Total: 6100
2026-05-10 04:09:08,265 - INFO - Memory updates: 17
{"id": 26, "ts": 1778378948.265219, "event": "memory_updated", "agent": "agent_1", "round": 2}
2026-05-10 04:09:09,141 - INFO - Tokens - Input: 4548, Output: 1420, Total: 5968
2026-05-10 04:09:09,142 - INFO - Memory updates: 18
{"id": 27, "ts": 1778378949.1433072, "event": "memory_updated", "agent": "agent_3", "round": 2}
2026-05-10 04:09:09,151 - INFO - Loop 2 completed
2026-05-10 04:09:09,152 - INFO - Final Chosen Candidate: Candidate D
2026-05-10 04:09:09,152 - INFO - Final Decision Method: consensus
2026-05-10 04:09:09,152 - INFO - Final Vote Count: {'Candidate D': 3}
2026-05-10 04:09:09,152 - INFO - Correct Candidate: Candidate C
2026-05-10 04:09:09,152 - INFO - Decision Correct: 0
{"id": 28, "ts": 1778378949.5162416, "event": "context_consistency_calculated", "method": "embedding_cosine", "mean_pairwise_similarity": 0.868172, "pairwise": [{"agent_a": "agent_1", "agent_b": "agent_2", "similarity": 0.857419}, {"agent_a": "agent_1", "agent_b": "agent_3", "similarity": 0.841776}, {"agent_a": "agent_2", "agent_b": "agent_3", "similarity": 0.905322}]}
{"id": 29, "ts": 1778378949.516432, "event": "gold_standard_alignment_calculated", "method": "rule_based_binary_checks", "mean_alignment": 0.291667, "by_agent": [{"agent": "agent_1", "score": 0.125, "checks": {"favorite_is_c": 0, "c_reliability": 0, "c_calmness": 0, "c_attention": 0, "c_crew_fit": 0, "a_risks": 0, "b_risks": 0, "d_risks": 1}}, {"agent": "agent_2", "score": 0.625, "checks": {"favorite_is_c": 0, "c_reliability": 1, "c_calmness": 1, "c_attention": 0, "c_crew_fit": 1, "a_risks": 1, "b_risks": 1, "d_risks": 0}}, {"agent": "agent_3", "score": 0.125, "checks": {"favorite_is_c": 0, "c_reliability": 0, "c_calmness": 0, "c_attention": 0, "c_crew_fit": 0, "a_risks": 0, "b_risks": 0, "d_risks": 1}}]}
{"id": 30, "ts": 1778378949.5165634, "event": "agent_memories_archived", "directory": "/home/lhegemann/git/bachelor_thesis/01_data/raw/simulations/high/high_treatment_20260509_224515_026/shared_mental_models", "round": 2}
{"id": 31, "ts": 1778378949.5166435, "event": "final_decision", "candidate": "Candidate D", "method": "consensus", "vote_count": {"Candidate D": 3}, "correct_candidate": "Candidate C", "decision_correct": 0, "round": 2}
2026-05-10 04:09:09,526 - INFO - ======================================================================
2026-05-10 04:09:09,527 - INFO - SIMULATION METRICS
2026-05-10 04:09:09,527 - INFO - ======================================================================
2026-05-10 04:09:09,527 - INFO - Total Loops: 2
2026-05-10 04:09:09,527 - INFO - Agent Turns (no vote checker): 6
2026-05-10 04:09:09,527 - INFO - Agent Tool Calls: 0
2026-05-10 04:09:09,527 - INFO - Agent Tool Messages: 0
2026-05-10 04:09:09,527 - INFO - Memory Updates: 18
2026-05-10 04:09:09,527 - INFO - Total Messages (no vote checker): 6
2026-05-10 04:09:09,527 - INFO - Input Tokens: 80479
2026-05-10 04:09:09,527 - INFO - Output Tokens: 27869
2026-05-10 04:09:09,527 - INFO - Total Tokens: 108348
2026-05-10 04:09:09,527 - INFO - Final Chosen Candidate: Candidate D
2026-05-10 04:09:09,528 - INFO - Final Decision Method: consensus
2026-05-10 04:09:09,528 - INFO - Final Vote Count: {'Candidate D': 3}
2026-05-10 04:09:09,528 - INFO - Correct Candidate: Candidate C
2026-05-10 04:09:09,528 - INFO - Decision Correct: 0
2026-05-10 04:09:09,528 - INFO - Runtime: 127.67s
2026-05-10 04:09:09,528 - INFO - ======================================================================
