2026-05-10 05:33:30,644 - INFO - Metrics tracker initialized
{"id": 1, "ts": 1778384010.670802, "event": "memory_reset"}
{"id": 2, "ts": 1778384010.6748261, "event": "discussion_order", "round": 1, "order": ["agent_3", "agent_2", "agent_1"]}
2026-05-10 05:33:39,331 - INFO - Tokens - Input: 1414, Output: 781, Total: 2195
{"id": 3, "ts": 1778384019.3327754, "event": "public_discussion_message", "round": 1, "agent": "agent_3", "message": "I currently favor Candidate\u202fA. Their strong leadership, ability to anticipate dangerous situations, and excellent spatial vision suggest high reliability and technical competence for long\u2011distance flights. These traits are crucial for safety and navigation. The main uncertainty is their unfriendly attitude, which could hinder crew cooperation and morale.\nMETADATA_JSON:\n{\"agent\": \"agent_3\", \"vote\": \"Candidate A\"}"}
2026-05-10 05:33:39,332 - INFO - Agent turns: 1
2026-05-10 05:33:52,104 - INFO - Tokens - Input: 1577, Output: 1174, Total: 2751
{"id": 4, "ts": 1778384032.105742, "event": "public_discussion_message", "round": 1, "agent": "agent_2", "message": "I currently favor Candidate\u202fB. Their very conscientious nature and strong ability to handle stress support reliability and calmness under the long\u2011duration pressures of intercontinental flights, while their skill in assessing weather conditions and excellent computer abilities are key technical competencies for route planning and navigation. The main trade\u2011off is their tendency to make nasty remarks toward colleagues and a relatively weak memory for numbers, which could undermine crew morale and affect precise numerical tasks.\nMETADATA_JSON:\n{\"agent\": \"agent_2\", \"vote\": \"Candidate B\"}"}
2026-05-10 05:33:52,105 - INFO - Agent turns: 2
2026-05-10 05:34:03,753 - INFO - Tokens - Input: 1717, Output: 1051, Total: 2768
{"id": 5, "ts": 1778384043.7545056, "event": "public_discussion_message", "round": 1, "agent": "agent_1", "message": "I currently favor Candidate\u202fB. Their very conscientious nature and strong ability to handle stress support reliability and calmness under the long\u2011duration pressures of intercontinental flights, while their skill in assessing weather conditions and excellent computer abilities provide essential technical competence for route planning and navigation. The main trade\u2011off is their tendency to be grumpy and uncooperative, which could undermine crew cooperation and morale.\nMETADATA_JSON:\n{\"agent\": \"agent_1\", \"vote\": \"Candidate B\"}"}
2026-05-10 05:34:03,754 - INFO - Agent turns: 3
2026-05-10 05:34:03,763 - INFO - Loop 1 completed
{"id": 6, "ts": 1778384043.7687125, "event": "discussion_order", "round": 2, "order": ["agent_3", "agent_1", "agent_2"]}
2026-05-10 05:34:09,306 - INFO - Tokens - Input: 1736, Output: 491, Total: 2227
{"id": 7, "ts": 1778384049.3078055, "event": "public_discussion_message", "round": 2, "agent": "agent_3", "message": "I now favor Candidate\u202fB. Their very conscientious nature supports reliability, and their strong ability to handle stress together with excellent weather\u2011assessment and computer skills give the technical competence and calmness needed for long\u2011distance flights. The main concern is their pretentious attitude and occasional wrong tone, which could undermine crew cooperation and morale.\nMETADATA_JSON:\n{\"agent\": \"agent_3\", \"vote\": \"Candidate B\"}"}
2026-05-10 05:34:09,307 - INFO - Agent turns: 4
2026-05-10 05:34:16,246 - INFO - Tokens - Input: 1895, Output: 837, Total: 2732
{"id": 8, "ts": 1778384056.2477252, "event": "public_discussion_message", "round": 2, "agent": "agent_1", "message": "I currently favor Candidate\u202fC. Their record of being 100\u202f% reliable and their ability to create a positive atmosphere with the crew are strong indicators of dependable performance and good teamwork on long\u2011distance flights. Additionally, they can make correct decisions quickly, which is vital for handling unexpected situations in the cockpit. The main uncertainty is their difficulty communicating ideas and egocentric attitude, which could impair cooperation and crew coordination.\nMETADATA_JSON:\n{\"agent\": \"agent_1\", \"vote\": \"Candidate C\"}"}
2026-05-10 05:34:16,247 - INFO - Agent turns: 5
2026-05-10 05:34:26,192 - INFO - Tokens - Input: 2029, Output: 1293, Total: 3322
{"id": 9, "ts": 1778384066.194235, "event": "public_discussion_message", "round": 2, "agent": "agent_2", "message": "I currently favor Candidate\u202fC. Their ability to stay calm in a crisis and make correct decisions quickly supports the reliability and composure needed for long\u2011distance flights, while their understanding of complicated technology adds to the technical competence required for modern navigation and systems management. The main uncertainty is their difficulty communicating ideas and egocentric attitude, which could hinder effective crew cooperation and coordination.\nMETADATA_JSON:\n{\"agent\": \"agent_2\", \"vote\": \"Candidate C\"}"}
2026-05-10 05:34:26,194 - INFO - Agent turns: 6
2026-05-10 05:34:26,203 - INFO - Loop 2 completed
{"id": 10, "ts": 1778384066.209407, "event": "discussion_order", "round": 3, "order": ["agent_3", "agent_2", "agent_1"]}
2026-05-10 05:34:33,341 - INFO - Tokens - Input: 2044, Output: 656, Total: 2700
{"id": 11, "ts": 1778384073.3426619, "event": "public_discussion_message", "round": 3, "agent": "agent_3", "message": "I currently favor **Candidate\u202fB**. Their very conscientious nature gives strong reliability, and their ability to handle stress together with excellent weather\u2011assessment and computer skills provides the technical competence and calmness needed for long\u2011distance flights. The main uncertainty is their pretentious attitude and occasional wrong tone, which could undermine crew cooperation and morale.\nMETADATA_JSON:\n{\"agent\": \"agent_3\", \"vote\": \"Candidate B\"}"}
2026-05-10 05:34:33,342 - INFO - Agent turns: 7
2026-05-10 05:34:44,345 - INFO - Tokens - Input: 2210, Output: 1282, Total: 3492
{"id": 12, "ts": 1778384084.3466375, "event": "public_discussion_message", "round": 3, "agent": "agent_2", "message": "I now favor **Candidate\u202fB**. Their very conscientious nature gives strong reliability, and their ability to handle stress together with excellent weather\u2011assessment and computer skills provides the technical competence and calmness needed for long\u2011distance flights. The main trade\u2011off is their pretentious attitude and tendency to make nasty remarks toward colleagues, which could undermine crew cooperation and morale, plus a relatively weak memory for numbers that may affect precise calculations.\nMETADATA_JSON:\n{\"agent\": \"agent_2\", \"vote\": \"Candidate B\"}"}
2026-05-10 05:34:44,346 - INFO - Agent turns: 8
2026-05-10 05:34:52,459 - INFO - Tokens - Input: 2340, Output: 971, Total: 3311
{"id": 13, "ts": 1778384092.4607809, "event": "public_discussion_message", "round": 3, "agent": "agent_1", "message": "I now favor **Candidate\u202fC**. Their record of being 100\u202f% reliable and their ability to create a positive atmosphere with the crew indicate strong dependability and teamwork, while their capacity to make correct decisions quickly is vital for handling the fast\u2011paced demands of long\u2011distance flights. The main uncertainty is their difficulty communicating ideas and egocentric attitude, which could impair crew coordination and cooperation.\nMETADATA_JSON:\n{\"agent\": \"agent_1\", \"vote\": \"Candidate C\"}"}
2026-05-10 05:34:52,460 - INFO - Agent turns: 9
2026-05-10 05:34:52,468 - INFO - Loop 3 completed
{"id": 14, "ts": 1778384092.4740994, "event": "discussion_order", "round": 4, "order": ["agent_2", "agent_1", "agent_3"]}
2026-05-10 05:34:58,993 - INFO - Tokens - Input: 2370, Output: 846, Total: 3216
{"id": 15, "ts": 1778384098.9950733, "event": "public_discussion_message", "round": 4, "agent": "agent_2", "message": "I continue to favor **Candidate\u202fB**. Their very conscientious nature gives strong reliability, and their ability to handle stress together with excellent weather\u2011assessment and computer skills provides the technical competence and calmness needed for long\u2011distance flights. The main trade\u2011off is their pretentious attitude and tendency to make nasty remarks toward colleagues, plus a relatively weak memory for numbers, which could undermine crew cooperation and precise calculations.\nMETADATA_JSON:\n{\"agent\": \"agent_2\", \"vote\": \"Candidate B\"}"}
2026-05-10 05:34:58,995 - INFO - Agent turns: 10
2026-05-10 05:35:49,621 - INFO - Tokens - Input: 2557, Output: 1056, Total: 3613
{"id": 16, "ts": 1778384149.6226313, "event": "public_discussion_message", "round": 4, "agent": "agent_1", "message": "I currently favor **Candidate\u202fC**. Their record of being 100\u202f% reliable and their ability to create a positive atmosphere with the crew indicate strong dependability and teamwork, while their capacity to make correct decisions quickly is vital for handling the fast\u2011paced demands of long\u2011distance flights. The main uncertainty is their difficulty communicating ideas and egocentric attitude, which could impair crew coordination and cooperation.\nMETADATA_JSON:\n{\"agent\": \"agent_1\", \"vote\": \"Candidate C\"}"}
2026-05-10 05:35:49,622 - INFO - Agent turns: 11
2026-05-10 05:35:58,188 - INFO - Tokens - Input: 2659, Output: 1086, Total: 3745
{"id": 17, "ts": 1778384158.1897852, "event": "public_discussion_message", "round": 4, "agent": "agent_3", "message": "I now favor **Candidate\u202fC**. Their ability to make correct decisions quickly and their excellent attention skills are vital for handling the complex, time\u2011critical situations of long\u2011distance flights, and their strong concern for others supports a positive crew atmosphere. The main uncertainty is their difficulty communicating ideas and egocentric attitude, which could hinder effective coordination with the cockpit crew.\nMETADATA_JSON:\n{\"agent\": \"agent_3\", \"vote\": \"Candidate C\"}"}
2026-05-10 05:35:58,189 - INFO - Agent turns: 12
2026-05-10 05:35:58,200 - INFO - Loop 4 completed
{"id": 18, "ts": 1778384158.2055402, "event": "discussion_order", "round": 5, "order": ["agent_2", "agent_1", "agent_3"]}
2026-05-10 05:36:12,587 - INFO - Tokens - Input: 2692, Output: 1240, Total: 3932
{"id": 19, "ts": 1778384172.589281, "event": "public_discussion_message", "round": 5, "agent": "agent_2", "message": "I now favor **Candidate\u202fC**. Their ability to stay calm in a crisis and make correct decisions quickly supports the composure and rapid judgment needed on long\u2011distance flights, while their understanding of complicated technology adds to the technical competence required for modern navigation. The main uncertainty is their difficulty communicating ideas and egocentric attitude, which could impede effective crew coordination and cooperation.\nMETADATA_JSON:\n{\"agent\": \"agent_2\", \"vote\": \"Candidate C\"}"}
2026-05-10 05:36:12,589 - INFO - Agent turns: 13
2026-05-10 05:36:21,998 - INFO - Tokens - Input: 2863, Output: 955, Total: 3818
{"id": 20, "ts": 1778384182.0002756, "event": "public_discussion_message", "round": 5, "agent": "agent_1", "message": "I now favor **Candidate\u202fC**. Their 100\u202f% reliability and ability to create a positive atmosphere with the crew give strong assurance of dependable performance and good teamwork on long\u2011distance flights, while their knack for making correct decisions quickly supports the rapid judgment needed in critical moments. The main uncertainty is their difficulty communicating ideas and egocentric attitude, which could hinder effective coordination with the cockpit crew.\nMETADATA_JSON:\n{\"agent\": \"agent_1\", \"vote\": \"Candidate C\"}"}
2026-05-10 05:36:22,000 - INFO - Agent turns: 14
2026-05-10 05:36:30,478 - INFO - Tokens - Input: 2974, Output: 895, Total: 3869
{"id": 21, "ts": 1778384190.479651, "event": "public_discussion_message", "round": 5, "agent": "agent_3", "message": "I continue to favor **Candidate\u202fC**. Their ability to make correct decisions quickly and their excellent attention skills are vital for handling the fast\u2011paced, high\u2011stakes situations of long\u2011distance flights, while their strong concern for others supports a positive crew atmosphere and cooperation. The main uncertainty is their difficulty communicating ideas and egocentric attitude, which could impede effective coordination with the cockpit crew.\nMETADATA_JSON:\n{\"agent\": \"agent_3\", \"vote\": \"Candidate C\"}"}
2026-05-10 05:36:30,479 - INFO - Agent turns: 15
2026-05-10 05:36:30,490 - INFO - Loop 5 completed
2026-05-10 05:36:30,490 - INFO - Final Chosen Candidate: Candidate C
2026-05-10 05:36:30,491 - INFO - Final Decision Method: consensus
2026-05-10 05:36:30,491 - INFO - Final Vote Count: {'Candidate C': 3}
2026-05-10 05:36:30,491 - INFO - Correct Candidate: Candidate C
2026-05-10 05:36:30,491 - INFO - Decision Correct: 1
{"id": 22, "ts": 1778384190.4923673, "event": "context_consistency_not_applicable", "reason": "explicit_smm_memory_disabled"}
{"id": 23, "ts": 1778384190.4924967, "event": "final_decision", "candidate": "Candidate C", "method": "consensus", "vote_count": {"Candidate C": 3}, "correct_candidate": "Candidate C", "decision_correct": 1, "round": 5}
2026-05-10 05:36:30,500 - INFO - ======================================================================
2026-05-10 05:36:30,501 - INFO - SIMULATION METRICS
2026-05-10 05:36:30,501 - INFO - ======================================================================
2026-05-10 05:36:30,501 - INFO - Total Loops: 5
2026-05-10 05:36:30,501 - INFO - Agent Turns (no vote checker): 15
2026-05-10 05:36:30,501 - INFO - Agent Tool Calls: 0
2026-05-10 05:36:30,501 - INFO - Agent Tool Messages: 0
2026-05-10 05:36:30,501 - INFO - Memory Updates: 0
2026-05-10 05:36:30,501 - INFO - Total Messages (no vote checker): 15
2026-05-10 05:36:30,501 - INFO - Input Tokens: 33077
2026-05-10 05:36:30,501 - INFO - Output Tokens: 14614
2026-05-10 05:36:30,501 - INFO - Total Tokens: 47691
2026-05-10 05:36:30,501 - INFO - Final Chosen Candidate: Candidate C
2026-05-10 05:36:30,501 - INFO - Final Decision Method: consensus
2026-05-10 05:36:30,502 - INFO - Final Vote Count: {'Candidate C': 3}
2026-05-10 05:36:30,502 - INFO - Correct Candidate: Candidate C
2026-05-10 05:36:30,502 - INFO - Decision Correct: 1
2026-05-10 05:36:30,502 - INFO - Runtime: 179.86s
2026-05-10 05:36:30,502 - INFO - ======================================================================
