2026-05-09 02:13:55,585 - INFO - Metrics tracker initialized
{"id": 1, "ts": 1778285635.6130407, "event": "memory_reset"}
{"id": 2, "ts": 1778285635.6172986, "event": "discussion_order", "round": 1, "order": ["agent_2", "agent_1", "agent_3"]}
2026-05-09 02:14:02,541 - INFO - Tokens - Input: 1422, Output: 555, Total: 1977
{"id": 3, "ts": 1778285642.542926, "event": "public_discussion_message", "round": 1, "agent": "agent_2", "message": "I tentatively favor **Candidate\u202fB** because they are very conscientious (reliability) and handle stress well, plus they excel at weather assessment and computer skills\u2014key technical abilities for long\u2011distance flights. The main uncertainty is their tendency to make nasty remarks about colleagues, which could undermine crew cooperation.\nMETADATA_JSON:\n{\"agent\": \"agent_2\", \"vote\": \"Candidate B\"}"}
2026-05-09 02:14:02,543 - INFO - Agent turns: 1
2026-05-09 02:14:08,679 - INFO - Tokens - Input: 1580, Output: 800, Total: 2380
{"id": 4, "ts": 1778285648.6806557, "event": "public_discussion_message", "round": 1, "agent": "agent_1", "message": "I currently lean toward **Candidate\u202fD** because they demonstrate excellent problem\u2011solving ability and take responsibility seriously, which are crucial for handling the complex, long\u2011duration challenges of intercontinental flights. Their strong concentration and adequate response to unexpected events also support calmness under pressure.\nThe main uncertainty is their reported arrogance and relatively weak leadership, which could impair crew cooperation and the collaborative atmosphere needed in the cockpit.\nMETADATA_JSON:\n{\"agent\": \"agent_1\", \"vote\": \"Candidate D\"}"}
2026-05-09 02:14:08,680 - INFO - Agent turns: 2
2026-05-09 02:14:14,622 - INFO - Tokens - Input: 1706, Output: 698, Total: 2404
{"id": 5, "ts": 1778285654.6234853, "event": "public_discussion_message", "round": 1, "agent": "agent_3", "message": "I currently favor **Candidate\u202fB** because they are very conscientious (supporting reliability) and handle stress well while also excelling at weather assessment and computer skills (key technical competencies for long\u2011distance flights). These traits directly support safe, consistent operation and effective decision\u2011making under pressure.\nThe main uncertainty is their tendency to be pretentious and sometimes use the wrong tone when communicating, which could undermine crew cooperation and the collaborative cockpit environment.\nMETADATA_JSON:\n{\"agent\": \"agent_3\", \"vote\": \"Candidate B\"}"}
2026-05-09 02:14:14,623 - INFO - Agent turns: 3
2026-05-09 02:14:14,632 - INFO - Loop 1 completed
{"id": 6, "ts": 1778285654.6380057, "event": "discussion_order", "round": 2, "order": ["agent_3", "agent_1", "agent_2"]}
2026-05-09 02:14:21,366 - INFO - Tokens - Input: 1743, Output: 883, Total: 2626
{"id": 7, "ts": 1778285661.3675737, "event": "public_discussion_message", "round": 2, "agent": "agent_3", "message": "I continue to favor **Candidate\u202fB**. Their strong conscientiousness and stress\u2011handling give high reliability and calmness under pressure, while their expertise in weather assessment and computer skills provide essential technical competence for long\u2011distance flights. The key uncertainty is their pretentious attitude and occasional inappropriate tone, which could hinder crew cooperation and the collaborative cockpit environment.\nMETADATA_JSON:\n{\"agent\": \"agent_3\", \"vote\": \"Candidate B\"}"}
2026-05-09 02:14:21,367 - INFO - Agent turns: 4
2026-05-09 02:14:27,591 - INFO - Tokens - Input: 1912, Output: 732, Total: 2644
{"id": 8, "ts": 1778285667.5932145, "event": "public_discussion_message", "round": 2, "agent": "agent_1", "message": "I now favor **Candidate\u202fA** because they demonstrate strong technical competence\u2014anticipating dangerous situations, seeing complex connections, and excellent spatial vision\u2014and they have very good leadership qualities, both crucial for safe, long\u2011distance operations. The main uncertainty is their tendency to be unorganized and to struggle with taking criticism, which could affect flight planning and crew interaction.\nMETADATA_JSON:\n{\"agent\": \"agent_1\", \"vote\": \"Candidate A\"}"}
2026-05-09 02:14:27,593 - INFO - Agent turns: 5
2026-05-09 02:14:40,117 - INFO - Tokens - Input: 2017, Output: 969, Total: 2986
{"id": 9, "ts": 1778285680.1189625, "event": "public_discussion_message", "round": 2, "agent": "agent_2", "message": "I continue to favor **Candidate\u202fB** because their strong conscientiousness and ability to handle stress give high reliability and calmness under pressure, while their expertise in weather assessment and computer skills provide essential technical competence for long\u2011distance flights. The main uncertainty is their tendency to make nasty remarks and adopt a pretentious tone, which could undermine crew cooperation and the collaborative cockpit environment.\nMETADATA_JSON:\n{\"agent\": \"agent_2\", \"vote\": \"Candidate B\"}"}
2026-05-09 02:14:40,119 - INFO - Agent turns: 6
2026-05-09 02:14:40,128 - INFO - Loop 2 completed
{"id": 10, "ts": 1778285680.1338081, "event": "discussion_order", "round": 3, "order": ["agent_3", "agent_1", "agent_2"]}
2026-05-09 02:14:45,926 - INFO - Tokens - Input: 2044, Output: 624, Total: 2668
{"id": 11, "ts": 1778285685.9281209, "event": "public_discussion_message", "round": 3, "agent": "agent_3", "message": "I continue to favor **Candidate\u202fB**. Their strong conscientiousness and ability to handle stress give high reliability and calmness under pressure, while their expertise in weather assessment and computer skills provide essential technical competence for long\u2011distance flights. The main trade\u2011off is their pretentious attitude and occasional inappropriate tone, which could undermine crew cooperation and the collaborative cockpit environment.\nMETADATA_JSON:\n{\"agent\": \"agent_3\", \"vote\": \"Candidate B\"}"}
2026-05-09 02:14:45,928 - INFO - Agent turns: 7
2026-05-09 02:14:52,147 - INFO - Tokens - Input: 2219, Output: 818, Total: 3037
{"id": 12, "ts": 1778285692.1484153, "event": "public_discussion_message", "round": 3, "agent": "agent_1", "message": "I currently favor **Candidate\u202fD** because they excel in problem\u2011solving, have strong concentration, and respond adequately to unexpected events\u2014key for handling the complex, long\u2011duration challenges of intercontinental flights and maintaining calm under pressure. Their serious sense of responsibility also supports reliability and high\u2011stakes decision\u2011making. The main trade\u2011off is their reported arrogance and relatively weak leadership, which could impair crew cooperation and the collaborative cockpit environment.\nMETADATA_JSON:\n{\"agent\": \"agent_1\", \"vote\": \"Candidate D\"}"}
2026-05-09 02:14:52,148 - INFO - Agent turns: 8
2026-05-09 02:14:57,567 - INFO - Tokens - Input: 2355, Output: 738, Total: 3093
{"id": 13, "ts": 1778285697.5690353, "event": "public_discussion_message", "round": 3, "agent": "agent_2", "message": "I continue to favor **Candidate\u202fB** because their strong conscientiousness supports reliability, they handle stress well which aids calmness under pressure, and their expertise in weather assessment and computer skills provides essential technical competence for long\u2011distance flights. The main trade\u2011off is their tendency to make nasty remarks and adopt a pretentious tone, which could undermine crew cooperation and the collaborative cockpit environment.\nMETADATA_JSON:\n{\"agent\": \"agent_2\", \"vote\": \"Candidate B\"}"}
2026-05-09 02:14:57,569 - INFO - Agent turns: 9
2026-05-09 02:14:57,577 - INFO - Loop 3 completed
{"id": 14, "ts": 1778285697.583118, "event": "discussion_order", "round": 4, "order": ["agent_3", "agent_2", "agent_1"]}
2026-05-09 02:15:06,560 - INFO - Tokens - Input: 2367, Output: 1189, Total: 3556
{"id": 15, "ts": 1778285706.561663, "event": "public_discussion_message", "round": 4, "agent": "agent_3", "message": "I now favor **Candidate\u202fD** because they demonstrate excellent problem\u2011solving ability, strong concentration, and take responsibility seriously\u2014key for reliable, high\u2011stakes decision\u2011making on long\u2011distance flights. Their ability to respond adequately to unexpected events also supports calmness under pressure.\nThe main uncertainty is their reported moodiness and being regarded as a loner, which could hinder crew cooperation and the collaborative cockpit atmosphere.\nMETADATA_JSON:\n{\"agent\": \"agent_3\", \"vote\": \"Candidate D\"}"}
2026-05-09 02:15:06,561 - INFO - Agent turns: 10
2026-05-09 02:15:14,513 - INFO - Tokens - Input: 2568, Output: 1039, Total: 3607
{"id": 16, "ts": 1778285714.5152104, "event": "public_discussion_message", "round": 4, "agent": "agent_2", "message": "I continue to favor **Candidate\u202fB** because their strong conscientiousness supports reliability, and their ability to handle stress ensures calmness under pressure; additionally, their skill in weather assessment and computer use provides essential technical competence for long\u2011distance operations. The main trade\u2011off is their tendency to make nasty remarks and adopt a pretentious tone, which could undermine crew cooperation and the collaborative cockpit environment.\nMETADATA_JSON:\n{\"agent\": \"agent_2\", \"vote\": \"Candidate B\"}"}
2026-05-09 02:15:14,515 - INFO - Agent turns: 11
2026-05-09 02:15:22,552 - INFO - Tokens - Input: 2666, Output: 909, Total: 3575
{"id": 17, "ts": 1778285722.5540051, "event": "public_discussion_message", "round": 4, "agent": "agent_1", "message": "I currently favor **Candidate\u202fD** because they excel in problem\u2011solving, have strong concentration, and take responsibility seriously\u2014key for reliable decision\u2011making on long\u2011distance flights\u2014and they respond adequately to unexpected events, supporting calmness under pressure. The main trade\u2011off is their reported arrogance and relatively weak leadership, which could hinder crew cooperation and the collaborative cockpit environment.\nMETADATA_JSON:\n{\"agent\": \"agent_1\", \"vote\": \"Candidate D\"}"}
2026-05-09 02:15:22,554 - INFO - Agent turns: 12
2026-05-09 02:15:22,563 - INFO - Loop 4 completed
{"id": 18, "ts": 1778285722.5690432, "event": "discussion_order", "round": 5, "order": ["agent_2", "agent_1", "agent_3"]}
2026-05-09 02:15:29,550 - INFO - Tokens - Input: 2698, Output: 858, Total: 3556
{"id": 19, "ts": 1778285729.5518448, "event": "public_discussion_message", "round": 5, "agent": "agent_2", "message": "I continue to favor **Candidate\u202fB** because their strong conscientiousness supports reliability and their ability to handle stress ensures calmness under pressure\u2014both essential for long\u2011distance operations. Their skill in weather assessment and computer use also provides key technical competence for complex flight planning. The main trade\u2011off is their tendency to make nasty remarks and adopt a pretentious tone, which could undermine crew cooperation.\nMETADATA_JSON:\n{\"agent\": \"agent_2\", \"vote\": \"Candidate B\"}"}
2026-05-09 02:15:29,552 - INFO - Agent turns: 13
2026-05-09 02:15:39,178 - INFO - Tokens - Input: 2877, Output: 1060, Total: 3937
{"id": 20, "ts": 1778285739.1801252, "event": "public_discussion_message", "round": 5, "agent": "agent_1", "message": "I continue to favor **Candidate\u202fD** because they excel in problem\u2011solving, maintain strong concentration, and take responsibility seriously\u2014key for reliable decision\u2011making on long\u2011distance flights\u2014and they respond adequately to unexpected events, supporting calmness under pressure. The main trade\u2011off is their reported arrogance and relatively weak leadership, which could undermine crew cooperation and the collaborative cockpit environment.\nMETADATA_JSON:\n{\"agent\": \"agent_1\", \"vote\": \"Candidate D\"}"}
2026-05-09 02:15:39,180 - INFO - Agent turns: 14
2026-05-09 02:15:49,418 - INFO - Tokens - Input: 2975, Output: 1151, Total: 4126
{"id": 21, "ts": 1778285749.419861, "event": "public_discussion_message", "round": 5, "agent": "agent_3", "message": "I now favor **Candidate\u202fB** because their strong conscientiousness supports reliability and their ability to handle stress ensures calmness under pressure\u2014both vital for long\u2011distance operations. Additionally, their expertise in weather assessment and computer skills provides essential technical competence for complex flight planning. The main trade\u2011off is their pretentious attitude and occasional inappropriate tone, which could undermine crew cooperation and the collaborative cockpit environment.\nMETADATA_JSON:\n{\"agent\": \"agent_3\", \"vote\": \"Candidate B\"}"}
2026-05-09 02:15:49,420 - INFO - Agent turns: 15
2026-05-09 02:15:49,429 - INFO - Loop 5 completed
2026-05-09 02:15:49,430 - INFO - Final Chosen Candidate: Candidate B
2026-05-09 02:15:49,430 - INFO - Final Decision Method: max_round_majority_vote
2026-05-09 02:15:49,430 - INFO - Final Vote Count: {'Candidate D': 1, 'Candidate B': 2}
2026-05-09 02:15:49,430 - INFO - Correct Candidate: Candidate C
2026-05-09 02:15:49,430 - INFO - Decision Correct: 0
{"id": 22, "ts": 1778285749.4313967, "event": "context_consistency_not_applicable", "reason": "explicit_smm_memory_disabled"}
{"id": 23, "ts": 1778285749.431527, "event": "final_decision", "candidate": "Candidate B", "method": "max_round_majority_vote", "vote_count": {"Candidate D": 1, "Candidate B": 2}, "correct_candidate": "Candidate C", "decision_correct": 0, "round": 5}
2026-05-09 02:15:49,439 - INFO - ======================================================================
2026-05-09 02:15:49,439 - INFO - SIMULATION METRICS
2026-05-09 02:15:49,439 - INFO - ======================================================================
2026-05-09 02:15:49,439 - INFO - Total Loops: 5
2026-05-09 02:15:49,440 - INFO - Agent Turns (no vote checker): 15
2026-05-09 02:15:49,440 - INFO - Agent Tool Calls: 0
2026-05-09 02:15:49,440 - INFO - Agent Tool Messages: 0
2026-05-09 02:15:49,440 - INFO - Memory Updates: 0
2026-05-09 02:15:49,440 - INFO - Total Messages (no vote checker): 15
2026-05-09 02:15:49,440 - INFO - Input Tokens: 33149
2026-05-09 02:15:49,440 - INFO - Output Tokens: 13023
2026-05-09 02:15:49,440 - INFO - Total Tokens: 46172
2026-05-09 02:15:49,440 - INFO - Final Chosen Candidate: Candidate B
2026-05-09 02:15:49,440 - INFO - Final Decision Method: max_round_majority_vote
2026-05-09 02:15:49,440 - INFO - Final Vote Count: {'Candidate D': 1, 'Candidate B': 2}
2026-05-09 02:15:49,440 - INFO - Correct Candidate: Candidate C
2026-05-09 02:15:49,440 - INFO - Decision Correct: 0
2026-05-09 02:15:49,441 - INFO - Runtime: 113.85s
2026-05-09 02:15:49,441 - INFO - ======================================================================
