2026-05-08 22:28:53,086 - INFO - Metrics tracker initialized
{"id": 1, "ts": 1778272133.1119401, "event": "memory_reset"}
{"id": 2, "ts": 1778272133.1155689, "event": "discussion_order", "round": 1, "order": ["agent_1", "agent_3", "agent_2"]}
2026-05-08 22:29:03,635 - INFO - Tokens - Input: 1713, Output: 894, Total: 2607
{"id": 3, "ts": 1778272143.6364388, "event": "public_discussion_message", "round": 1, "agent": "agent_1", "message": "I tentatively favor **Candidate C**. He is known to be 100% reliable and creates a positive atmosphere with his crew, which supports both safety and teamwork\u2014key for long\u2011distance operations. He also makes correct decisions quickly, an important trait for handling the dynamic situations encountered on long flights. The main uncertainty is his difficulty communicating ideas and his egocentric attitude, which could hinder coordination in the cockpit.\nMETADATA_JSON:\n{\"agent\": \"agent_1\", \"vote\": \"Candidate C\"}"}
2026-05-08 22:29:03,636 - INFO - Agent turns: 1
2026-05-08 22:29:15,047 - INFO - Tokens - Input: 1339, Output: 1168, Total: 2507
2026-05-08 22:29:15,049 - INFO - Memory updates: 1
{"id": 4, "ts": 1778272155.0493364, "event": "memory_updated", "agent": "agent_1", "round": 1}
2026-05-08 22:29:17,408 - INFO - Tokens - Input: 1334, Output: 1278, Total: 2612
2026-05-08 22:29:17,409 - INFO - Memory updates: 2
{"id": 5, "ts": 1778272157.4099371, "event": "memory_updated", "agent": "agent_3", "round": 1}
2026-05-08 22:29:19,425 - INFO - Tokens - Input: 1342, Output: 1710, Total: 3052
2026-05-08 22:29:19,427 - INFO - Memory updates: 3
{"id": 6, "ts": 1778272159.4275358, "event": "memory_updated", "agent": "agent_2", "round": 1}
2026-05-08 22:29:23,020 - INFO - Tokens - Input: 2345, Output: 441, Total: 2786
{"id": 7, "ts": 1778272163.0223267, "event": "public_discussion_message", "round": 1, "agent": "agent_3", "message": "I currently favor **Candidate C**. He makes correct decisions quickly, which is vital for reliable, timely responses on long\u2011haul flights, and he puts concern for others above everything, supporting a cooperative crew atmosphere essential for safety. The main uncertainty is his difficulty communicating ideas and his egocentric attitude, which could impair cockpit coordination despite his other strengths.\nMETADATA_JSON:\n{\"agent\": \"agent_3\", \"vote\": \"Candidate C\"}"}
2026-05-08 22:29:23,022 - INFO - Agent turns: 2
2026-05-08 22:29:31,922 - INFO - Tokens - Input: 1969, Output: 1197, Total: 3166
2026-05-08 22:29:31,924 - INFO - Memory updates: 4
{"id": 8, "ts": 1778272171.9241316, "event": "memory_updated", "agent": "agent_2", "round": 1}
2026-05-08 22:29:32,201 - INFO - Tokens - Input: 1863, Output: 1283, Total: 3146
2026-05-08 22:29:32,202 - INFO - Memory updates: 5
{"id": 9, "ts": 1778272172.2025132, "event": "memory_updated", "agent": "agent_1", "round": 1}
2026-05-08 22:29:33,059 - INFO - Tokens - Input: 1950, Output: 1262, Total: 3212
2026-05-08 22:29:33,061 - INFO - Memory updates: 6
{"id": 10, "ts": 1778272173.0616643, "event": "memory_updated", "agent": "agent_3", "round": 1}
2026-05-08 22:29:37,750 - INFO - Tokens - Input: 2527, Output: 532, Total: 3059
{"id": 11, "ts": 1778272177.7515852, "event": "public_discussion_message", "round": 1, "agent": "agent_2", "message": "I currently favor **Candidate C**. He makes correct decisions quickly and stays calm in a crisis, which are crucial for handling the dynamic, high\u2011stress situations of long\u2011haul flights. Additionally, reports highlight that he creates a positive crew atmosphere and puts concern for others first, supporting the cooperation essential in the cockpit.\nThe main uncertainty is his difficulty communicating ideas and his egocentric attitude, which could hinder coordination despite his other strengths.\nMETADATA_JSON:\n{\"agent\": \"agent_2\", \"vote\": \"Candidate C\"}"}
2026-05-08 22:29:37,751 - INFO - Agent turns: 3
2026-05-08 22:29:47,115 - INFO - Tokens - Input: 2167, Output: 1227, Total: 3394
2026-05-08 22:29:47,116 - INFO - Memory updates: 7
{"id": 12, "ts": 1778272187.1168087, "event": "memory_updated", "agent": "agent_2", "round": 1}
2026-05-08 22:29:47,219 - INFO - Tokens - Input: 2077, Output: 1189, Total: 3266
2026-05-08 22:29:47,221 - INFO - Memory updates: 8
{"id": 13, "ts": 1778272187.2213688, "event": "memory_updated", "agent": "agent_1", "round": 1}
2026-05-08 22:29:50,016 - INFO - Tokens - Input: 2198, Output: 1624, Total: 3822
2026-05-08 22:29:50,017 - INFO - Memory updates: 9
{"id": 14, "ts": 1778272190.0180266, "event": "memory_updated", "agent": "agent_3", "round": 1}
2026-05-08 22:29:50,027 - INFO - Loop 1 completed
{"id": 15, "ts": 1778272190.0333388, "event": "discussion_order", "round": 2, "order": ["agent_3", "agent_1", "agent_2"]}
2026-05-08 22:29:51,721 - INFO - Tokens - Input: 2716, Output: 189, Total: 2905
{"id": 16, "ts": 1778272191.7233799, "event": "public_discussion_message", "round": 2, "agent": "agent_3", "message": "I continue to favor **Candidate C**. He makes correct decisions quickly, which is vital for timely, safe responses on long\u2011haul flights, and he puts concern for others above everything, fostering the cooperative crew atmosphere needed in the cockpit. The main uncertainty is his difficulty communicating ideas and his egocentric attitude, which could undermine coordination despite his other strengths.\nMETADATA_JSON:\n{\"agent\": \"agent_3\", \"vote\": \"Candidate C\"}"}
2026-05-08 22:29:51,723 - INFO - Agent turns: 4
2026-05-08 22:30:00,610 - INFO - Tokens - Input: 2312, Output: 1005, Total: 3317
2026-05-08 22:30:00,612 - INFO - Memory updates: 10
{"id": 17, "ts": 1778272200.6125002, "event": "memory_updated", "agent": "agent_3", "round": 2}
2026-05-08 22:30:02,811 - INFO - Tokens - Input: 2286, Output: 1010, Total: 3296
2026-05-08 22:30:02,813 - INFO - Memory updates: 11
{"id": 18, "ts": 1778272202.8140497, "event": "memory_updated", "agent": "agent_2", "round": 2}
2026-05-08 22:30:02,904 - INFO - Tokens - Input: 2139, Output: 1002, Total: 3141
2026-05-08 22:30:02,905 - INFO - Memory updates: 12
{"id": 19, "ts": 1778272202.906042, "event": "memory_updated", "agent": "agent_1", "round": 2}
2026-05-08 22:30:04,589 - INFO - Tokens - Input: 2568, Output: 202, Total: 2770
{"id": 20, "ts": 1778272204.5901494, "event": "public_discussion_message", "round": 2, "agent": "agent_1", "message": "I continue to favor **Candidate\u202fC**. He is 100\u202f% reliable, makes correct decisions quickly, and stays calm in a crisis\u2014key for safety and timely problem\u2011solving on long\u2011haul flights. He also puts concern for others above everything, fostering a positive crew atmosphere essential for cockpit cooperation. The main uncertainty is his difficulty communicating ideas and his egocentric attitude, which could impair coordination during critical moments.\nMETADATA_JSON:\n{\"agent\": \"agent_1\", \"vote\": \"Candidate C\"}"}
2026-05-08 22:30:04,590 - INFO - Agent turns: 5
2026-05-08 22:30:11,723 - INFO - Tokens - Input: 2273, Output: 941, Total: 3214
2026-05-08 22:30:11,725 - INFO - Memory updates: 13
{"id": 21, "ts": 1778272211.7254472, "event": "memory_updated", "agent": "agent_2", "round": 2}
2026-05-08 22:30:13,264 - INFO - Tokens - Input: 2153, Output: 1090, Total: 3243
2026-05-08 22:30:13,266 - INFO - Memory updates: 14
{"id": 22, "ts": 1778272213.2669747, "event": "memory_updated", "agent": "agent_3", "round": 2}
2026-05-08 22:30:13,534 - INFO - Tokens - Input: 2205, Output: 1090, Total: 3295
2026-05-08 22:30:13,535 - INFO - Memory updates: 15
{"id": 23, "ts": 1778272213.5359235, "event": "memory_updated", "agent": "agent_1", "round": 2}
2026-05-08 22:30:15,482 - INFO - Tokens - Input: 2572, Output: 220, Total: 2792
{"id": 24, "ts": 1778272215.4835079, "event": "public_discussion_message", "round": 2, "agent": "agent_2", "message": "I continue to favor **Candidate C**. He makes correct decisions quickly and stays calm in a crisis, which are vital for handling the dynamic, high\u2011stress situations of long\u2011haul flights. Additionally, he is reported to put concern for others first and foster a positive crew atmosphere, supporting the cooperation essential in the cockpit. The main uncertainty is his difficulty communicating ideas and his egocentric attitude, which could undermine coordination during critical moments.\nMETADATA_JSON:\n{\"agent\": \"agent_2\", \"vote\": \"Candidate C\"}"}
2026-05-08 22:30:15,483 - INFO - Agent turns: 6
2026-05-08 22:30:20,770 - INFO - Tokens - Input: 2211, Output: 657, Total: 2868
2026-05-08 22:30:20,772 - INFO - Memory updates: 16
{"id": 25, "ts": 1778272220.7724102, "event": "memory_updated", "agent": "agent_2", "round": 2}
2026-05-08 22:30:23,575 - INFO - Tokens - Input: 2298, Output: 1148, Total: 3446
2026-05-08 22:30:23,576 - INFO - Memory updates: 17
{"id": 26, "ts": 1778272223.5768864, "event": "memory_updated", "agent": "agent_3", "round": 2}
2026-05-08 22:30:25,643 - INFO - Tokens - Input: 2323, Output: 1339, Total: 3662
2026-05-08 22:30:25,645 - INFO - Memory updates: 18
{"id": 27, "ts": 1778272225.645656, "event": "memory_updated", "agent": "agent_1", "round": 2}
2026-05-08 22:30:25,654 - INFO - Loop 2 completed
2026-05-08 22:30:25,655 - INFO - Final Chosen Candidate: Candidate C
2026-05-08 22:30:25,655 - INFO - Final Decision Method: consensus
2026-05-08 22:30:25,655 - INFO - Final Vote Count: {'Candidate C': 3}
2026-05-08 22:30:25,655 - INFO - Correct Candidate: Candidate C
2026-05-08 22:30:25,655 - INFO - Decision Correct: 1
{"id": 28, "ts": 1778272225.9972825, "event": "context_consistency_calculated", "method": "embedding_cosine", "mean_pairwise_similarity": 0.848846, "pairwise": [{"agent_a": "agent_1", "agent_b": "agent_2", "similarity": 0.825282}, {"agent_a": "agent_1", "agent_b": "agent_3", "similarity": 0.906243}, {"agent_a": "agent_2", "agent_b": "agent_3", "similarity": 0.815013}]}
{"id": 29, "ts": 1778272225.9974692, "event": "gold_standard_alignment_calculated", "method": "rule_based_binary_checks", "mean_alignment": 0.583333, "by_agent": [{"agent": "agent_1", "score": 0.625, "checks": {"favorite_is_c": 1, "c_reliability": 1, "c_calmness": 1, "c_attention": 1, "c_crew_fit": 1, "a_risks": 0, "b_risks": 0, "d_risks": 0}}, {"agent": "agent_2", "score": 0.625, "checks": {"favorite_is_c": 1, "c_reliability": 1, "c_calmness": 1, "c_attention": 1, "c_crew_fit": 1, "a_risks": 0, "b_risks": 0, "d_risks": 0}}, {"agent": "agent_3", "score": 0.5, "checks": {"favorite_is_c": 1, "c_reliability": 1, "c_calmness": 1, "c_attention": 0, "c_crew_fit": 1, "a_risks": 0, "b_risks": 0, "d_risks": 0}}]}
{"id": 30, "ts": 1778272225.9976242, "event": "agent_memories_archived", "directory": "/home/lhegemann/git/bachelor_thesis/01_data/raw/simulations/moderate/moderate_treatment_20260508_195017_004/shared_mental_models", "round": 2}
{"id": 31, "ts": 1778272225.9977076, "event": "final_decision", "candidate": "Candidate C", "method": "consensus", "vote_count": {"Candidate C": 3}, "correct_candidate": "Candidate C", "decision_correct": 1, "round": 2}
2026-05-08 22:30:26,007 - INFO - ======================================================================
2026-05-08 22:30:26,007 - INFO - SIMULATION METRICS
2026-05-08 22:30:26,007 - INFO - ======================================================================
2026-05-08 22:30:26,007 - INFO - Total Loops: 2
2026-05-08 22:30:26,007 - INFO - Agent Turns (no vote checker): 6
2026-05-08 22:30:26,007 - INFO - Agent Tool Calls: 0
2026-05-08 22:30:26,007 - INFO - Agent Tool Messages: 0
2026-05-08 22:30:26,007 - INFO - Memory Updates: 18
2026-05-08 22:30:26,007 - INFO - Total Messages (no vote checker): 6
2026-05-08 22:30:26,007 - INFO - Input Tokens: 50880
2026-05-08 22:30:26,007 - INFO - Output Tokens: 23698
2026-05-08 22:30:26,007 - INFO - Total Tokens: 74578
2026-05-08 22:30:26,007 - INFO - Final Chosen Candidate: Candidate C
2026-05-08 22:30:26,007 - INFO - Final Decision Method: consensus
2026-05-08 22:30:26,007 - INFO - Final Vote Count: {'Candidate C': 3}
2026-05-08 22:30:26,008 - INFO - Correct Candidate: Candidate C
2026-05-08 22:30:26,008 - INFO - Decision Correct: 1
2026-05-08 22:30:26,008 - INFO - Runtime: 92.92s
2026-05-08 22:30:26,008 - INFO - ======================================================================
