2026-05-08 12:49:49,637 - INFO - Metrics tracker initialized
{"id": 1, "ts": 1778237389.6624877, "event": "memory_reset"}
{"id": 2, "ts": 1778237389.6673434, "event": "discussion_order", "round": 1, "order": ["agent_1", "agent_3", "agent_2"]}
2026-05-08 12:49:56,413 - INFO - Tokens - Input: 1419, Output: 696, Total: 2115
{"id": 3, "ts": 1778237396.4152672, "event": "public_discussion_message", "round": 1, "agent": "agent_1", "message": "I tentatively favor **Candidate D** because they demonstrate strong problem\u2011solving ability, high concentration, and take responsibility seriously, and they respond adequately to unexpected events\u2014key for long\u2011distance flights where technical competence and calmness under pressure are vital.\nThe main uncertainty is their reported arrogance and relatively weak leadership, which could hinder crew cooperation and morale.\nMETADATA_JSON:\n{\"agent\": \"agent_1\", \"vote\": \"Candidate D\"}"}
2026-05-08 12:49:56,415 - INFO - Agent turns: 1
2026-05-08 12:50:03,447 - INFO - Tokens - Input: 1594, Output: 875, Total: 2469
{"id": 4, "ts": 1778237403.4477777, "event": "public_discussion_message", "round": 1, "agent": "agent_3", "message": "I tentatively favor **Candidate\u202fB** because they are very conscientious (supporting reliability) and handle stress well (crucial for staying calm on long\u2011distance flights), and they also have strong weather\u2011assessment and computer skills that aid technical decision\u2011making.\nThe main uncertainty is their tendency to be pretentious and sometimes adopt the wrong tone, which could undermine crew cooperation and morale.\nMETADATA_JSON:\n{\"agent\": \"agent_3\", \"vote\": \"Candidate B\"}"}
2026-05-08 12:50:03,447 - INFO - Agent turns: 2
2026-05-08 12:50:11,393 - INFO - Tokens - Input: 1717, Output: 726, Total: 2443
{"id": 5, "ts": 1778237411.3943279, "event": "public_discussion_message", "round": 1, "agent": "agent_2", "message": "I tentatively favor **Candidate\u202fA** because they demonstrate very good leadership qualities and strong technical abilities (excellent spatial vision and the ability to anticipate dangerous situations), both crucial for long\u2011distance flights where decisive, well\u2011informed command is needed.\nThe main trade\u2011off is that A is regarded as a show\u2011off and not open to new ideas, which could hinder crew cooperation and morale.\nMETADATA_JSON:\n{\"agent\": \"agent_2\", \"vote\": \"Candidate A\"}"}
2026-05-08 12:50:11,394 - INFO - Agent turns: 3
2026-05-08 12:50:11,403 - INFO - Loop 1 completed
{"id": 6, "ts": 1778237411.4094996, "event": "discussion_order", "round": 2, "order": ["agent_3", "agent_1", "agent_2"]}
2026-05-08 12:50:16,671 - INFO - Tokens - Input: 1748, Output: 647, Total: 2395
{"id": 7, "ts": 1778237416.673236, "event": "public_discussion_message", "round": 2, "agent": "agent_3", "message": "I continue to favor **Candidate\u202fB** because they are very conscientious (supporting reliability) and handle stress well (ensuring calmness under pressure), while also possessing strong weather\u2011assessment and computer skills that boost technical competence. The main uncertainty is whether their pretentious demeanor and occasional wrong tone could undermine crew cooperation and morale.\nMETADATA_JSON:\n{\"agent\": \"agent_3\", \"vote\": \"Candidate B\"}"}
2026-05-08 12:50:16,673 - INFO - Agent turns: 4
2026-05-08 12:50:23,928 - INFO - Tokens - Input: 1902, Output: 954, Total: 2856
{"id": 8, "ts": 1778237423.9294477, "event": "public_discussion_message", "round": 2, "agent": "agent_1", "message": "I continue to favor **Candidate\u202fD** because they demonstrate exceptional problem\u2011solving ability and strong concentration, which support the technical competence needed for long\u2011distance flights, and they take responsibility seriously, reinforcing reliability and accountability. The main uncertainty is their reported arrogance and relatively weak leadership, which could impair crew cooperation and morale.\nMETADATA_JSON:\n{\"agent\": \"agent_1\", \"vote\": \"Candidate D\"}"}
2026-05-08 12:50:23,929 - INFO - Agent turns: 5
2026-05-08 12:50:29,781 - INFO - Tokens - Input: 1997, Output: 778, Total: 2775
{"id": 9, "ts": 1778237429.782404, "event": "public_discussion_message", "round": 2, "agent": "agent_2", "message": "I now favor **Candidate\u202fB** because they are very conscientious, supporting reliability, and they handle stress well, which is essential for staying calm on long\u2011distance flights; additionally, their strong weather\u2011assessment and computer skills boost technical competence. The main uncertainty is their tendency to make nasty remarks about colleagues, which could undermine crew cooperation and morale.\nMETADATA_JSON:\n{\"agent\": \"agent_2\", \"vote\": \"Candidate B\"}"}
2026-05-08 12:50:29,782 - INFO - Agent turns: 6
2026-05-08 12:50:29,791 - INFO - Loop 2 completed
{"id": 10, "ts": 1778237429.7971046, "event": "discussion_order", "round": 3, "order": ["agent_3", "agent_1", "agent_2"]}
2026-05-08 12:50:36,025 - INFO - Tokens - Input: 2026, Output: 596, Total: 2622
{"id": 11, "ts": 1778237436.0266035, "event": "public_discussion_message", "round": 3, "agent": "agent_3", "message": "I continue to favor **Candidate\u202fB** because they are very conscientious (supporting reliability) and handle stress well (ensuring calmness under pressure), and they also have strong weather\u2011assessment and computer skills that boost technical competence. The main trade\u2011off is their pretentious demeanor and occasional wrong tone, which could undermine crew cooperation and morale.\nMETADATA_JSON:\n{\"agent\": \"agent_3\", \"vote\": \"Candidate B\"}"}
2026-05-08 12:50:36,026 - INFO - Agent turns: 7
2026-05-08 12:50:44,770 - INFO - Tokens - Input: 2195, Output: 1083, Total: 3278
{"id": 12, "ts": 1778237444.7710922, "event": "public_discussion_message", "round": 3, "agent": "agent_1", "message": "I continue to favor **Candidate\u202fD** because they excel at problem\u2011solving, maintain strong concentration, and take responsibility seriously, while also responding adequately to unexpected events\u2014key traits for the technical competence, reliability, and calmness required on long\u2011distance flights. The main trade\u2011off is their reported arrogance and relatively weak leadership, which could undermine crew cooperation and morale.\nMETADATA_JSON:\n{\"agent\": \"agent_1\", \"vote\": \"Candidate D\"}"}
2026-05-08 12:50:44,771 - INFO - Agent turns: 8
2026-05-08 12:50:50,742 - INFO - Tokens - Input: 2308, Output: 785, Total: 3093
{"id": 13, "ts": 1778237450.744231, "event": "public_discussion_message", "round": 3, "agent": "agent_2", "message": "I continue to favor **Candidate\u202fB** because they are very conscientious (supporting reliability) and handle stress well (ensuring calmness under pressure), and they also have strong weather\u2011assessment and computer skills that boost technical competence for long\u2011distance flights. The main trade\u2011off is their tendency to make nasty remarks about colleagues and a relatively weak memory for numbers, which could undermine crew cooperation and affect some technical tasks.\nMETADATA_JSON:\n{\"agent\": \"agent_2\", \"vote\": \"Candidate B\"}"}
2026-05-08 12:50:50,744 - INFO - Agent turns: 9
2026-05-08 12:50:50,753 - INFO - Loop 3 completed
{"id": 14, "ts": 1778237450.7590148, "event": "discussion_order", "round": 4, "order": ["agent_3", "agent_1", "agent_2"]}
2026-05-08 12:50:54,321 - INFO - Tokens - Input: 2341, Output: 484, Total: 2825
{"id": 15, "ts": 1778237454.3231988, "event": "public_discussion_message", "round": 4, "agent": "agent_3", "message": "I continue to favor **Candidate\u202fB** because they are very conscientious (supporting reliability) and handle stress well (ensuring calmness under pressure), and their strong weather\u2011assessment and computer skills boost technical competence for long\u2011distance flights. The main trade\u2011off is their pretentious demeanor and occasional wrong tone, which could undermine crew cooperation and morale.\nMETADATA_JSON:\n{\"agent\": \"agent_3\", \"vote\": \"Candidate B\"}"}
2026-05-08 12:50:54,323 - INFO - Agent turns: 10
2026-05-08 12:50:55,928 - INFO - Tokens - Input: 2514, Output: 202, Total: 2716
{"id": 16, "ts": 1778237455.9301832, "event": "public_discussion_message", "round": 4, "agent": "agent_1", "message": "I continue to favor **Candidate\u202fD** because they excel at problem\u2011solving and maintain strong concentration, which are essential for the technical competence required on long\u2011distance flights, and they take responsibility seriously, reinforcing reliability and accountability. The main trade\u2011off is their reported arrogance and relatively weak leadership, which could hinder crew cooperation and morale.\nMETADATA_JSON:\n{\"agent\": \"agent_1\", \"vote\": \"Candidate D\"}"}
2026-05-08 12:50:55,930 - INFO - Agent turns: 11
2026-05-08 12:50:57,757 - INFO - Tokens - Input: 2611, Output: 227, Total: 2838
{"id": 17, "ts": 1778237457.758549, "event": "public_discussion_message", "round": 4, "agent": "agent_2", "message": "I continue to favor **Candidate\u202fB** because they are very conscientious, supporting reliability, and they handle stress well, ensuring calmness under pressure\u2014both critical for long\u2011distance flights. Their strong weather\u2011assessment and computer skills further boost technical competence for complex route planning. The main trade\u2011off is their tendency to make nasty remarks about colleagues, which could undermine crew cooperation and morale.\nMETADATA_JSON:\n{\"agent\": \"agent_2\", \"vote\": \"Candidate B\"}"}
2026-05-08 12:50:57,758 - INFO - Agent turns: 12
2026-05-08 12:50:57,767 - INFO - Loop 4 completed
{"id": 18, "ts": 1778237457.7734864, "event": "discussion_order", "round": 5, "order": ["agent_3", "agent_1", "agent_2"]}
2026-05-08 12:50:59,831 - INFO - Tokens - Input: 2644, Output: 227, Total: 2871
{"id": 19, "ts": 1778237459.8328612, "event": "public_discussion_message", "round": 5, "agent": "agent_3", "message": "I continue to favor **Candidate\u202fB** because they are very conscientious, supporting reliability, and they handle stress well, ensuring calmness under pressure\u2014both essential for long\u2011distance flights. Their strong weather\u2011assessment and computer skills also boost technical competence for complex route planning. The main trade\u2011off is their pretentious demeanor and occasional wrong tone, which could undermine crew cooperation and morale.\nMETADATA_JSON:\n{\"agent\": \"agent_3\", \"vote\": \"Candidate B\"}"}
2026-05-08 12:50:59,833 - INFO - Agent turns: 13
2026-05-08 12:51:07,426 - INFO - Tokens - Input: 2829, Output: 994, Total: 3823
{"id": 20, "ts": 1778237467.42753, "event": "public_discussion_message", "round": 5, "agent": "agent_1", "message": "I continue to favor **Candidate\u202fD** because they excel at problem\u2011solving, maintain strong concentration, and take responsibility seriously\u2014key for the technical competence, reliability, and accountability required on long\u2011distance flights. They also respond adequately to unexpected events, supporting calmness under pressure. The main trade\u2011off is their reported arrogance and relatively weak leadership, which could undermine crew cooperation and morale.\nMETADATA_JSON:\n{\"agent\": \"agent_1\", \"vote\": \"Candidate D\"}"}
2026-05-08 12:51:07,427 - INFO - Agent turns: 14
2026-05-08 12:51:09,228 - INFO - Tokens - Input: 2942, Output: 241, Total: 3183
{"id": 21, "ts": 1778237469.2291934, "event": "public_discussion_message", "round": 5, "agent": "agent_2", "message": "I continue to favor **Candidate\u202fB** because they are very conscientious, which underpins reliability, and they handle stress well, ensuring calmness under pressure\u2014both essential for long\u2011distance flights. Their strong weather\u2011assessment and computer skills also boost technical competence for complex route planning. The main trade\u2011off is their tendency to make nasty remarks about colleagues, which could harm crew cooperation and morale.\nMETADATA_JSON:\n{\"agent\": \"agent_2\", \"vote\": \"Candidate B\"}"}
2026-05-08 12:51:09,229 - INFO - Agent turns: 15
2026-05-08 12:51:09,240 - INFO - Loop 5 completed
2026-05-08 12:51:09,240 - INFO - Final Chosen Candidate: Candidate B
2026-05-08 12:51:09,240 - INFO - Final Decision Method: max_round_majority_vote
2026-05-08 12:51:09,240 - INFO - Final Vote Count: {'Candidate D': 1, 'Candidate B': 2}
2026-05-08 12:51:09,241 - INFO - Correct Candidate: Candidate C
2026-05-08 12:51:09,241 - INFO - Decision Correct: 0
{"id": 22, "ts": 1778237469.2423635, "event": "context_consistency_not_applicable", "reason": "explicit_smm_memory_disabled"}
{"id": 23, "ts": 1778237469.2424994, "event": "final_decision", "candidate": "Candidate B", "method": "max_round_majority_vote", "vote_count": {"Candidate D": 1, "Candidate B": 2}, "correct_candidate": "Candidate C", "decision_correct": 0, "round": 5}
2026-05-08 12:51:09,250 - INFO - ======================================================================
2026-05-08 12:51:09,250 - INFO - SIMULATION METRICS
2026-05-08 12:51:09,250 - INFO - ======================================================================
2026-05-08 12:51:09,250 - INFO - Total Loops: 5
2026-05-08 12:51:09,250 - INFO - Agent Turns (no vote checker): 15
2026-05-08 12:51:09,250 - INFO - Agent Tool Calls: 0
2026-05-08 12:51:09,250 - INFO - Agent Tool Messages: 0
2026-05-08 12:51:09,251 - INFO - Memory Updates: 0
2026-05-08 12:51:09,251 - INFO - Total Messages (no vote checker): 15
2026-05-08 12:51:09,251 - INFO - Input Tokens: 32787
2026-05-08 12:51:09,251 - INFO - Output Tokens: 9515
2026-05-08 12:51:09,251 - INFO - Total Tokens: 42302
2026-05-08 12:51:09,251 - INFO - Final Chosen Candidate: Candidate B
2026-05-08 12:51:09,251 - INFO - Final Decision Method: max_round_majority_vote
2026-05-08 12:51:09,251 - INFO - Final Vote Count: {'Candidate D': 1, 'Candidate B': 2}
2026-05-08 12:51:09,251 - INFO - Correct Candidate: Candidate C
2026-05-08 12:51:09,251 - INFO - Decision Correct: 0
2026-05-08 12:51:09,251 - INFO - Runtime: 79.61s
2026-05-08 12:51:09,251 - INFO - ======================================================================
