2026-05-09 02:42:56,277 - INFO - Metrics tracker initialized
{"id": 1, "ts": 1778287376.3039284, "event": "memory_reset"}
{"id": 2, "ts": 1778287376.3072033, "event": "discussion_order", "round": 1, "order": ["agent_3", "agent_2", "agent_1"]}
2026-05-09 02:43:03,766 - INFO - Tokens - Input: 1414, Output: 710, Total: 2124
{"id": 3, "ts": 1778287383.7676601, "event": "public_discussion_message", "round": 1, "agent": "agent_3", "message": "I tentatively favor **Candidate\u202fB**. Their very conscientious nature and strong stress\u2011handling ability suggest high reliability and calmness under pressure, while their skill in assessing weather and excellent computer abilities support the technical competence needed for long\u2011distance flights. The main uncertainty is their tendency to be perceived as pretentious and sometimes use the wrong tone, which could hinder crew cooperation.\nMETADATA_JSON:\n{\"agent\": \"agent_3\", \"vote\": \"Candidate B\"}"}
2026-05-09 02:43:03,767 - INFO - Agent turns: 1
2026-05-09 02:43:11,055 - INFO - Tokens - Input: 1609, Output: 927, Total: 2536
{"id": 4, "ts": 1778287391.0572164, "event": "public_discussion_message", "round": 1, "agent": "agent_2", "message": "I tentatively favor **Candidate\u202fA**. Their strong leadership qualities and ability to anticipate dangerous situations, combined with excellent spatial vision and the capacity to see complex connections, are critical for safe, long\u2011distance operations. The main trade\u2011off is their reputation as a show\u2011off and being not open to new ideas, which could impair crew cooperation.\nMETADATA_JSON:\n{\"agent\": \"agent_2\", \"vote\": \"Candidate A\"}"}
2026-05-09 02:43:11,057 - INFO - Agent turns: 2
2026-05-09 02:43:17,470 - INFO - Tokens - Input: 1701, Output: 708, Total: 2409
{"id": 5, "ts": 1778287397.4720645, "event": "public_discussion_message", "round": 1, "agent": "agent_1", "message": "I tentatively favor **Candidate\u202fC**. Their proven 100\u202f% reliability and ability to make correct decisions quickly are crucial for the safety and efficiency of long\u2011distance flights, and they are noted for creating a positive atmosphere with the crew, supporting good cooperation. The main uncertainty is their difficulty communicating ideas and egocentric attitude, which could hinder teamwork and crew coordination.\nMETADATA_JSON:\n{\"agent\": \"agent_1\", \"vote\": \"Candidate C\"}"}
2026-05-09 02:43:17,472 - INFO - Agent turns: 3
2026-05-09 02:43:17,481 - INFO - Loop 1 completed
{"id": 6, "ts": 1778287397.4862916, "event": "discussion_order", "round": 2, "order": ["agent_3", "agent_2", "agent_1"]}
2026-05-09 02:43:24,280 - INFO - Tokens - Input: 1740, Output: 875, Total: 2615
{"id": 7, "ts": 1778287404.2819989, "event": "public_discussion_message", "round": 2, "agent": "agent_3", "message": "I continue to favor **Candidate\u202fB**. Their conscientious nature and strong stress\u2011handling ability give high reliability and calmness under pressure, while their skill in assessing weather and excellent computer abilities support the technical competence needed for long\u2011distance flights. The main trade\u2011off is their tendency to be perceived as pretentious and sometimes use the wrong tone, which could undermine crew cooperation.\nMETADATA_JSON:\n{\"agent\": \"agent_3\", \"vote\": \"Candidate B\"}"}
2026-05-09 02:43:24,282 - INFO - Agent turns: 4
2026-05-09 02:43:32,161 - INFO - Tokens - Input: 1917, Output: 1011, Total: 2928
{"id": 8, "ts": 1778287412.1623476, "event": "public_discussion_message", "round": 2, "agent": "agent_2", "message": "I now favor **Candidate\u202fD**. Their strong sense of responsibility, excellent problem\u2011solving ability, and high concentration support reliable, technically competent performance on long\u2011distance flights, while their capacity to respond adequately to unexpected events indicates calmness under pressure. The main trade\u2011off is their hot temper and reputation as a know\u2011it\u2011all, which could hinder crew cooperation.\nMETADATA_JSON:\n{\"agent\": \"agent_2\", \"vote\": \"Candidate D\"}"}
2026-05-09 02:43:32,162 - INFO - Agent turns: 5
2026-05-09 02:43:37,351 - INFO - Tokens - Input: 2020, Output: 646, Total: 2666
{"id": 9, "ts": 1778287417.353284, "event": "public_discussion_message", "round": 2, "agent": "agent_1", "message": "I continue to favor **Candidate\u202fC**. Their proven 100\u202f% reliability and ability to create a positive atmosphere with the crew give strong assurance of safe, cooperative long\u2011distance operations, and their knack for making correct decisions quickly supports the technical and situational demands of the role. The main uncertainty is their difficulty communicating ideas and egocentric attitude, which could impair crew coordination and teamwork.\nMETADATA_JSON:\n{\"agent\": \"agent_1\", \"vote\": \"Candidate C\"}"}
2026-05-09 02:43:37,353 - INFO - Agent turns: 6
2026-05-09 02:43:37,364 - INFO - Loop 2 completed
{"id": 10, "ts": 1778287417.370554, "event": "discussion_order", "round": 3, "order": ["agent_2", "agent_3", "agent_1"]}
2026-05-09 02:43:42,568 - INFO - Tokens - Input: 2065, Output: 705, Total: 2770
{"id": 11, "ts": 1778287422.5698872, "event": "public_discussion_message", "round": 3, "agent": "agent_2", "message": "I currently favor **Candidate\u202fD**. Their strong sense of responsibility, excellent problem\u2011solving ability, and high concentration support reliable, technically competent performance on long\u2011distance flights, while their capacity to respond adequately to unexpected events shows calmness under pressure. The main trade\u2011off is their hot temper and reputation as a know\u2011it\u2011all, which could undermine crew cooperation.\nMETADATA_JSON:\n{\"agent\": \"agent_2\", \"vote\": \"Candidate D\"}"}
2026-05-09 02:43:42,570 - INFO - Agent turns: 7
2026-05-09 02:43:49,598 - INFO - Tokens - Input: 2228, Output: 960, Total: 3188
{"id": 12, "ts": 1778287429.6000311, "event": "public_discussion_message", "round": 3, "agent": "agent_3", "message": "I currently favor **Candidate\u202fD**. Their strong sense of responsibility, excellent problem\u2011solving ability, and high concentration support reliable, technically competent performance on long\u2011distance flights, while their ability to respond adequately to unexpected events indicates calmness under pressure. The main trade\u2011off is their moody demeanor and reputation as a loner, which could undermine crew cooperation and a positive cockpit atmosphere.\nMETADATA_JSON:\n{\"agent\": \"agent_3\", \"vote\": \"Candidate D\"}"}
2026-05-09 02:43:49,600 - INFO - Agent turns: 8
2026-05-09 02:43:57,394 - INFO - Tokens - Input: 2344, Output: 1021, Total: 3365
{"id": 13, "ts": 1778287437.3963091, "event": "public_discussion_message", "round": 3, "agent": "agent_1", "message": "I continue to favor **Candidate\u202fC**. Their proven 100\u202f% reliability and ability to create a positive atmosphere with the crew give strong assurance of safe, cooperative long\u2011distance operations, while their knack for making correct decisions quickly supports the technical and situational demands of the role. The main uncertainty is their difficulty communicating ideas and egocentric attitude, which could impede effective teamwork and crew coordination.\nMETADATA_JSON:\n{\"agent\": \"agent_1\", \"vote\": \"Candidate C\"}"}
2026-05-09 02:43:57,396 - INFO - Agent turns: 9
2026-05-09 02:43:57,406 - INFO - Loop 3 completed
{"id": 14, "ts": 1778287437.4118676, "event": "discussion_order", "round": 4, "order": ["agent_2", "agent_3", "agent_1"]}
2026-05-09 02:44:02,233 - INFO - Tokens - Input: 2380, Output: 499, Total: 2879
{"id": 15, "ts": 1778287442.2348027, "event": "public_discussion_message", "round": 4, "agent": "agent_2", "message": "I continue to favor **Candidate\u202fD**. Their strong sense of responsibility, excellent problem\u2011solving ability, and high concentration give reliable, technically competent performance, while their ability to respond adequately to unexpected events shows calmness under pressure\u2014key for long\u2011distance flights. The main trade\u2011off is their hot temper and reputation as a know\u2011it\u2011all, which could undermine crew cooperation and cockpit atmosphere.\nMETADATA_JSON:\n{\"agent\": \"agent_2\", \"vote\": \"Candidate D\"}"}
2026-05-09 02:44:02,234 - INFO - Agent turns: 10
2026-05-09 02:44:10,872 - INFO - Tokens - Input: 2562, Output: 1080, Total: 3642
{"id": 16, "ts": 1778287450.8735788, "event": "public_discussion_message", "round": 4, "agent": "agent_3", "message": "I continue to favor **Candidate\u202fD**. Their strong sense of responsibility, excellent problem\u2011solving ability, and high concentration give the reliability and technical competence essential for long\u2011distance flights, while their capacity to respond adequately to unexpected events shows the calmness needed under pressure. The main trade\u2011off is their moody demeanor and tendency to work as a loner, which could undermine crew cooperation and cockpit atmosphere.\nMETADATA_JSON:\n{\"agent\": \"agent_3\", \"vote\": \"Candidate D\"}"}
2026-05-09 02:44:10,873 - INFO - Agent turns: 11
2026-05-09 02:44:20,216 - INFO - Tokens - Input: 2680, Output: 687, Total: 3367
{"id": 17, "ts": 1778287460.2178235, "event": "public_discussion_message", "round": 4, "agent": "agent_1", "message": "I continue to favor **Candidate\u202fC**. Their proven 100\u202f% reliability and ability to create a positive atmosphere with the crew give strong assurance of safe, cooperative long\u2011distance operations, while their knack for making correct decisions quickly supports the technical and situational demands of the role. The main trade\u2011off is their difficulty communicating ideas and egocentric attitude, which could hinder teamwork and crew coordination.\nMETADATA_JSON:\n{\"agent\": \"agent_1\", \"vote\": \"Candidate C\"}"}
2026-05-09 02:44:20,217 - INFO - Agent turns: 12
2026-05-09 02:44:20,227 - INFO - Loop 4 completed
{"id": 18, "ts": 1778287460.2327607, "event": "discussion_order", "round": 5, "order": ["agent_2", "agent_1", "agent_3"]}
2026-05-09 02:44:21,774 - INFO - Tokens - Input: 2713, Output: 199, Total: 2912
{"id": 19, "ts": 1778287461.7754126, "event": "public_discussion_message", "round": 5, "agent": "agent_2", "message": "I continue to favor **Candidate\u202fD**. Their strong sense of responsibility, excellent problem\u2011solving ability, and high concentration give reliable, technically competent performance, while their ability to respond adequately to unexpected events shows the calmness needed under pressure\u2014key for long\u2011distance flights. The main trade\u2011off is their hot temper and reputation as a know\u2011it\u2011all, which could undermine crew cooperation and cockpit atmosphere.\nMETADATA_JSON:\n{\"agent\": \"agent_2\", \"vote\": \"Candidate D\"}"}
2026-05-09 02:44:21,775 - INFO - Agent turns: 13
2026-05-09 02:44:25,323 - INFO - Tokens - Input: 2904, Output: 459, Total: 3363
{"id": 20, "ts": 1778287465.3244805, "event": "public_discussion_message", "round": 5, "agent": "agent_1", "message": "I continue to favor **Candidate\u202fC**. Their proven 100\u202f% reliability and the positive atmosphere they create with the crew give strong assurance of safe, cooperative long\u2011distance operations, and their ability to make correct decisions quickly supports the technical and situational demands of the role. The main uncertainty is their difficulty communicating ideas and egocentric attitude, which could impede effective teamwork and crew coordination.\nMETADATA_JSON:\n{\"agent\": \"agent_1\", \"vote\": \"Candidate C\"}"}
2026-05-09 02:44:25,324 - INFO - Agent turns: 14
2026-05-09 02:44:30,897 - INFO - Tokens - Input: 3002, Output: 727, Total: 3729
{"id": 21, "ts": 1778287470.898495, "event": "public_discussion_message", "round": 5, "agent": "agent_3", "message": "I now favor **Candidate\u202fC**. Their 100\u202f% reliability and the fact that they put concern for others above everything create a strong, cooperative cockpit environment essential for long\u2011distance flights, and their excellent attention skills support the technical demands of the role. The main uncertainty is their difficulty communicating ideas and egocentric attitude, which could impede effective teamwork.\nMETADATA_JSON:\n{\"agent\": \"agent_3\", \"vote\": \"Candidate C\"}"}
2026-05-09 02:44:30,898 - INFO - Agent turns: 15
2026-05-09 02:44:30,907 - INFO - Loop 5 completed
2026-05-09 02:44:30,908 - INFO - Final Chosen Candidate: Candidate C
2026-05-09 02:44:30,908 - INFO - Final Decision Method: max_round_majority_vote
2026-05-09 02:44:30,908 - INFO - Final Vote Count: {'Candidate C': 2, 'Candidate D': 1}
2026-05-09 02:44:30,908 - INFO - Correct Candidate: Candidate C
2026-05-09 02:44:30,908 - INFO - Decision Correct: 1
{"id": 22, "ts": 1778287470.909635, "event": "context_consistency_not_applicable", "reason": "explicit_smm_memory_disabled"}
{"id": 23, "ts": 1778287470.9097672, "event": "final_decision", "candidate": "Candidate C", "method": "max_round_majority_vote", "vote_count": {"Candidate C": 2, "Candidate D": 1}, "correct_candidate": "Candidate C", "decision_correct": 1, "round": 5}
2026-05-09 02:44:30,917 - INFO - ======================================================================
2026-05-09 02:44:30,917 - INFO - SIMULATION METRICS
2026-05-09 02:44:30,918 - INFO - ======================================================================
2026-05-09 02:44:30,918 - INFO - Total Loops: 5
2026-05-09 02:44:30,918 - INFO - Agent Turns (no vote checker): 15
2026-05-09 02:44:30,918 - INFO - Agent Tool Calls: 0
2026-05-09 02:44:30,918 - INFO - Agent Tool Messages: 0
2026-05-09 02:44:30,918 - INFO - Memory Updates: 0
2026-05-09 02:44:30,918 - INFO - Total Messages (no vote checker): 15
2026-05-09 02:44:30,918 - INFO - Input Tokens: 33279
2026-05-09 02:44:30,918 - INFO - Output Tokens: 11214
2026-05-09 02:44:30,918 - INFO - Total Tokens: 44493
2026-05-09 02:44:30,918 - INFO - Final Chosen Candidate: Candidate C
2026-05-09 02:44:30,918 - INFO - Final Decision Method: max_round_majority_vote
2026-05-09 02:44:30,918 - INFO - Final Vote Count: {'Candidate C': 2, 'Candidate D': 1}
2026-05-09 02:44:30,918 - INFO - Correct Candidate: Candidate C
2026-05-09 02:44:30,919 - INFO - Decision Correct: 1
2026-05-09 02:44:30,919 - INFO - Runtime: 94.64s
2026-05-09 02:44:30,919 - INFO - ======================================================================
