2026-05-12 10:34:13,990 - INFO - Metrics tracker initialized
{"id": 1, "ts": 1778574854.0180252, "event": "memory_reset"}
{"id": 2, "ts": 1778574854.022395, "event": "discussion_order", "round": 1, "order": ["agent_1", "agent_2", "agent_3"]}
2026-05-12 10:34:19,772 - INFO - Tokens - Input: 1588, Output: 528, Total: 2116
{"id": 3, "ts": 1778574859.7735493, "event": "public_discussion_message", "round": 1, "agent": "agent_1", "message": "Candidate A \u2013 sometimes not good at taking criticism.\nMETADATA_JSON:\n{\"agent\": \"agent_1\", \"vote\": \"Candidate A\"}"}
2026-05-12 10:34:19,773 - INFO - Agent turns: 1
2026-05-12 10:34:36,675 - INFO - Tokens - Input: 1232, Output: 1313, Total: 2545
2026-05-12 10:34:36,677 - INFO - Memory updates: 1
{"id": 4, "ts": 1778574876.6775765, "event": "memory_updated", "agent": "agent_1", "round": 1}
2026-05-12 10:34:38,606 - INFO - Tokens - Input: 1235, Output: 1518, Total: 2753
2026-05-12 10:34:38,608 - INFO - Memory updates: 2
{"id": 5, "ts": 1778574878.6086745, "event": "memory_updated", "agent": "agent_2", "round": 1}
2026-05-12 10:34:42,411 - INFO - Tokens - Input: 1227, Output: 2000, Total: 3227
2026-05-12 10:34:42,413 - INFO - Memory updates: 3
{"id": 6, "ts": 1778574882.4134576, "event": "memory_updated", "agent": "agent_3", "round": 1}
2026-05-12 10:34:46,178 - INFO - Tokens - Input: 2489, Output: 432, Total: 2921
{"id": 7, "ts": 1778574886.1798313, "event": "public_discussion_message", "round": 1, "agent": "agent_2", "message": "Candidate B \u2013 handles stress very well.\nMETADATA_JSON:\n{\"agent\": \"agent_2\", \"vote\": \"Candidate B\"}"}
2026-05-12 10:34:46,179 - INFO - Agent turns: 2
2026-05-12 10:34:59,145 - INFO - Tokens - Input: 1633, Output: 942, Total: 2575
2026-05-12 10:34:59,147 - INFO - Memory updates: 4
{"id": 8, "ts": 1778574899.1476262, "event": "memory_updated", "agent": "agent_1", "round": 1}
2026-05-12 10:35:02,269 - INFO - Tokens - Input: 2056, Output: 1269, Total: 3325
2026-05-12 10:35:02,271 - INFO - Memory updates: 5
{"id": 9, "ts": 1778574902.2715364, "event": "memory_updated", "agent": "agent_3", "round": 1}
2026-05-12 10:35:02,848 - INFO - Tokens - Input: 2134, Output: 1343, Total: 3477
2026-05-12 10:35:02,850 - INFO - Memory updates: 6
{"id": 10, "ts": 1778574902.850885, "event": "memory_updated", "agent": "agent_2", "round": 1}
2026-05-12 10:35:05,664 - INFO - Tokens - Input: 2303, Output: 318, Total: 2621
{"id": 11, "ts": 1778574905.6658242, "event": "public_discussion_message", "round": 1, "agent": "agent_3", "message": "Candidate B \u2013 handles stress very well.\nMETADATA_JSON:\n{\"agent\": \"agent_3\", \"vote\": \"Candidate B\"}"}
2026-05-12 10:35:05,665 - INFO - Agent turns: 3
2026-05-12 10:35:20,000 - INFO - Tokens - Input: 1624, Output: 1037, Total: 2661
2026-05-12 10:35:20,002 - INFO - Memory updates: 7
{"id": 12, "ts": 1778574920.002952, "event": "memory_updated", "agent": "agent_1", "round": 1}
2026-05-12 10:35:21,734 - INFO - Tokens - Input: 1948, Output: 1215, Total: 3163
2026-05-12 10:35:21,736 - INFO - Memory updates: 8
{"id": 13, "ts": 1778574921.7366285, "event": "memory_updated", "agent": "agent_3", "round": 1}
2026-05-12 10:35:23,061 - INFO - Tokens - Input: 2146, Output: 1383, Total: 3529
2026-05-12 10:35:23,064 - INFO - Memory updates: 9
{"id": 14, "ts": 1778574923.0641696, "event": "memory_updated", "agent": "agent_2", "round": 1}
2026-05-12 10:35:23,073 - INFO - Loop 1 completed
{"id": 15, "ts": 1778574923.0793693, "event": "discussion_order", "round": 2, "order": ["agent_1", "agent_3", "agent_2"]}
2026-05-12 10:35:24,419 - INFO - Tokens - Input: 2122, Output: 146, Total: 2268
{"id": 16, "ts": 1778574924.4212525, "event": "public_discussion_message", "round": 2, "agent": "agent_1", "message": "Candidate A \u2013 sometimes not good at taking criticism.\nMETADATA_JSON:\n{\"agent\": \"agent_1\", \"vote\": \"Candidate A\"}"}
2026-05-12 10:35:24,421 - INFO - Agent turns: 4
2026-05-12 10:35:38,559 - INFO - Tokens - Input: 1753, Output: 1034, Total: 2787
2026-05-12 10:35:38,561 - INFO - Memory updates: 10
{"id": 17, "ts": 1778574938.5618308, "event": "memory_updated", "agent": "agent_1", "round": 2}
2026-05-12 10:35:38,849 - INFO - Tokens - Input: 1981, Output: 1064, Total: 3045
2026-05-12 10:35:38,851 - INFO - Memory updates: 11
{"id": 18, "ts": 1778574938.851463, "event": "memory_updated", "agent": "agent_3", "round": 2}
2026-05-12 10:35:42,068 - INFO - Tokens - Input: 2195, Output: 1477, Total: 3672
2026-05-12 10:35:42,070 - INFO - Memory updates: 12
{"id": 19, "ts": 1778574942.07088, "event": "memory_updated", "agent": "agent_2", "round": 2}
2026-05-12 10:35:43,221 - INFO - Tokens - Input: 1868, Output: 112, Total: 1980
{"id": 20, "ts": 1778574943.2240198, "event": "public_discussion_message", "round": 2, "agent": "agent_3", "message": "Candidate B \u2013 handles stress well.\nMETADATA_JSON:\n{\"agent\": \"agent_3\", \"vote\": \"Candidate B\"}"}
2026-05-12 10:35:43,224 - INFO - Agent turns: 5
2026-05-12 10:35:53,421 - INFO - Tokens - Input: 1511, Output: 697, Total: 2208
2026-05-12 10:35:53,423 - INFO - Memory updates: 13
{"id": 21, "ts": 1778574953.4236643, "event": "memory_updated", "agent": "agent_3", "round": 2}
2026-05-12 10:35:54,830 - INFO - Tokens - Input: 2223, Output: 843, Total: 3066
2026-05-12 10:35:54,831 - INFO - Memory updates: 14
{"id": 22, "ts": 1778574954.8319025, "event": "memory_updated", "agent": "agent_2", "round": 2}
2026-05-12 10:35:57,502 - INFO - Tokens - Input: 1902, Output: 1179, Total: 3081
2026-05-12 10:35:57,504 - INFO - Memory updates: 15
{"id": 23, "ts": 1778574957.5041456, "event": "memory_updated", "agent": "agent_1", "round": 2}
2026-05-12 10:35:58,646 - INFO - Tokens - Input: 2004, Output: 117, Total: 2121
{"id": 24, "ts": 1778574958.6480024, "event": "public_discussion_message", "round": 2, "agent": "agent_2", "message": "Candidate B \u2013 handles stress very well.\nMETADATA_JSON:\n{\"agent\": \"agent_2\", \"vote\": \"Candidate B\"}"}
2026-05-12 10:35:58,648 - INFO - Agent turns: 6
2026-05-12 10:36:09,799 - INFO - Tokens - Input: 1649, Output: 808, Total: 2457
2026-05-12 10:36:09,801 - INFO - Memory updates: 16
{"id": 25, "ts": 1778574969.801717, "event": "memory_updated", "agent": "agent_2", "round": 2}
2026-05-12 10:36:10,193 - INFO - Tokens - Input: 1549, Output: 849, Total: 2398
2026-05-12 10:36:10,195 - INFO - Memory updates: 17
{"id": 26, "ts": 1778574970.1956258, "event": "memory_updated", "agent": "agent_3", "round": 2}
2026-05-12 10:36:12,079 - INFO - Tokens - Input: 1927, Output: 1090, Total: 3017
2026-05-12 10:36:12,081 - INFO - Memory updates: 18
{"id": 27, "ts": 1778574972.081505, "event": "memory_updated", "agent": "agent_1", "round": 2}
2026-05-12 10:36:12,090 - INFO - Loop 2 completed
{"id": 28, "ts": 1778574972.0970824, "event": "discussion_order", "round": 3, "order": ["agent_1", "agent_3", "agent_2"]}
2026-05-12 10:36:13,555 - INFO - Tokens - Input: 2335, Output: 131, Total: 2466
{"id": 29, "ts": 1778574973.556665, "event": "public_discussion_message", "round": 3, "agent": "agent_1", "message": "Candidate A \u2013 excellent spatial vision.\nMETADATA_JSON:\n{\"agent\": \"agent_1\", \"vote\": \"Candidate A\"}"}
2026-05-12 10:36:13,556 - INFO - Agent turns: 7
2026-05-12 10:36:26,287 - INFO - Tokens - Input: 1572, Output: 942, Total: 2514
2026-05-12 10:36:26,289 - INFO - Memory updates: 19
{"id": 30, "ts": 1778574986.289547, "event": "memory_updated", "agent": "agent_3", "round": 3}
2026-05-12 10:36:26,412 - INFO - Tokens - Input: 1678, Output: 957, Total: 2635
2026-05-12 10:36:26,414 - INFO - Memory updates: 20
{"id": 31, "ts": 1778574986.4141912, "event": "memory_updated", "agent": "agent_2", "round": 3}
2026-05-12 10:36:31,023 - INFO - Tokens - Input: 1960, Output: 1553, Total: 3513
2026-05-12 10:36:31,025 - INFO - Memory updates: 21
{"id": 32, "ts": 1778574991.0253203, "event": "memory_updated", "agent": "agent_1", "round": 3}
2026-05-12 10:36:32,272 - INFO - Tokens - Input: 2019, Output: 115, Total: 2134
{"id": 33, "ts": 1778574992.2736368, "event": "public_discussion_message", "round": 3, "agent": "agent_3", "message": "Candidate B \u2013 handles stress well.\nMETADATA_JSON:\n{\"agent\": \"agent_3\", \"vote\": \"Candidate B\"}"}
2026-05-12 10:36:32,273 - INFO - Agent turns: 8
2026-05-12 10:36:42,746 - INFO - Tokens - Input: 1662, Output: 750, Total: 2412
2026-05-12 10:36:42,748 - INFO - Memory updates: 22
{"id": 34, "ts": 1778575002.748381, "event": "memory_updated", "agent": "agent_3", "round": 3}
2026-05-12 10:36:42,978 - INFO - Tokens - Input: 2396, Output: 777, Total: 3173
2026-05-12 10:36:42,979 - INFO - Memory updates: 23
{"id": 35, "ts": 1778575002.979932, "event": "memory_updated", "agent": "agent_1", "round": 3}
2026-05-12 10:36:44,044 - INFO - Tokens - Input: 1811, Output: 914, Total: 2725
2026-05-12 10:36:44,046 - INFO - Memory updates: 24
{"id": 36, "ts": 1778575004.0464973, "event": "memory_updated", "agent": "agent_2", "round": 3}
2026-05-12 10:36:45,443 - INFO - Tokens - Input: 2179, Output: 122, Total: 2301
{"id": 37, "ts": 1778575005.4453783, "event": "public_discussion_message", "round": 3, "agent": "agent_2", "message": "Candidate B \u2013 weak numeric memory.\nMETADATA_JSON:\n{\"agent\": \"agent_2\", \"vote\": \"Candidate B\"}"}
2026-05-12 10:36:45,445 - INFO - Agent turns: 9
2026-05-12 10:36:56,662 - INFO - Tokens - Input: 1822, Output: 826, Total: 2648
2026-05-12 10:36:56,664 - INFO - Memory updates: 25
{"id": 38, "ts": 1778575016.6646075, "event": "memory_updated", "agent": "agent_2", "round": 3}
2026-05-12 10:36:56,861 - INFO - Tokens - Input: 1667, Output: 848, Total: 2515
2026-05-12 10:36:56,862 - INFO - Memory updates: 26
{"id": 39, "ts": 1778575016.8628473, "event": "memory_updated", "agent": "agent_1", "round": 3}
2026-05-12 10:36:59,709 - INFO - Tokens - Input: 1716, Output: 1209, Total: 2925
2026-05-12 10:36:59,711 - INFO - Memory updates: 27
{"id": 40, "ts": 1778575019.7118208, "event": "memory_updated", "agent": "agent_3", "round": 3}
2026-05-12 10:36:59,720 - INFO - Loop 3 completed
{"id": 41, "ts": 1778575019.7270358, "event": "discussion_order", "round": 4, "order": ["agent_2", "agent_1", "agent_3"]}
2026-05-12 10:37:01,564 - INFO - Tokens - Input: 2225, Output: 191, Total: 2416
{"id": 42, "ts": 1778575021.5656343, "event": "public_discussion_message", "round": 4, "agent": "agent_2", "message": "Candidate B \u2013 makes nasty remarks about colleagues.\nMETADATA_JSON:\n{\"agent\": \"agent_2\", \"vote\": \"Candidate B\"}"}
2026-05-12 10:37:01,565 - INFO - Agent turns: 10
2026-05-12 10:37:13,508 - INFO - Tokens - Input: 1741, Output: 844, Total: 2585
2026-05-12 10:37:13,510 - INFO - Memory updates: 28
{"id": 43, "ts": 1778575033.5107346, "event": "memory_updated", "agent": "agent_1", "round": 4}
2026-05-12 10:37:13,874 - INFO - Tokens - Input: 1782, Output: 880, Total: 2662
2026-05-12 10:37:13,876 - INFO - Memory updates: 29
{"id": 44, "ts": 1778575033.8765435, "event": "memory_updated", "agent": "agent_3", "round": 4}
2026-05-12 10:37:14,174 - INFO - Tokens - Input: 1854, Output: 917, Total: 2771
2026-05-12 10:37:14,176 - INFO - Memory updates: 30
{"id": 45, "ts": 1778575034.176158, "event": "memory_updated", "agent": "agent_2", "round": 4}
2026-05-12 10:37:15,698 - INFO - Tokens - Input: 2176, Output: 134, Total: 2310
{"id": 46, "ts": 1778575035.7001145, "event": "public_discussion_message", "round": 4, "agent": "agent_1", "message": "Candidate A \u2013 excellent spatial vision.\nMETADATA_JSON:\n{\"agent\": \"agent_1\", \"vote\": \"Candidate A\"}"}
2026-05-12 10:37:15,700 - INFO - Agent turns: 11
2026-05-12 10:37:26,891 - INFO - Tokens - Input: 1819, Output: 779, Total: 2598
2026-05-12 10:37:26,893 - INFO - Memory updates: 31
{"id": 47, "ts": 1778575046.8932464, "event": "memory_updated", "agent": "agent_1", "round": 4}
2026-05-12 10:37:27,886 - INFO - Tokens - Input: 1912, Output: 881, Total: 2793
2026-05-12 10:37:27,888 - INFO - Memory updates: 32
{"id": 48, "ts": 1778575047.8881414, "event": "memory_updated", "agent": "agent_3", "round": 4}
2026-05-12 10:37:28,558 - INFO - Tokens - Input: 1890, Output: 966, Total: 2856
2026-05-12 10:37:28,559 - INFO - Memory updates: 33
{"id": 49, "ts": 1778575048.5600066, "event": "memory_updated", "agent": "agent_2", "round": 4}
2026-05-12 10:37:29,975 - INFO - Tokens - Input: 2232, Output: 130, Total: 2362
{"id": 50, "ts": 1778575049.9771779, "event": "public_discussion_message", "round": 4, "agent": "agent_3", "message": "Candidate B \u2013 handles stress well.\nMETADATA_JSON:\n{\"agent\": \"agent_3\", \"vote\": \"Candidate B\"}"}
2026-05-12 10:37:29,977 - INFO - Agent turns: 12
2026-05-12 10:37:41,340 - INFO - Tokens - Input: 1875, Output: 829, Total: 2704
2026-05-12 10:37:41,342 - INFO - Memory updates: 34
{"id": 51, "ts": 1778575061.3428583, "event": "memory_updated", "agent": "agent_3", "round": 4}
2026-05-12 10:37:41,543 - INFO - Tokens - Input: 1850, Output: 852, Total: 2702
2026-05-12 10:37:41,545 - INFO - Memory updates: 35
{"id": 52, "ts": 1778575061.5455718, "event": "memory_updated", "agent": "agent_1", "round": 4}
2026-05-12 10:37:42,763 - INFO - Tokens - Input: 1924, Output: 1007, Total: 2931
2026-05-12 10:37:42,764 - INFO - Memory updates: 36
{"id": 53, "ts": 1778575062.7648637, "event": "memory_updated", "agent": "agent_2", "round": 4}
2026-05-12 10:37:42,774 - INFO - Loop 4 completed
{"id": 54, "ts": 1778575062.7804399, "event": "discussion_order", "round": 5, "order": ["agent_3", "agent_1", "agent_2"]}
2026-05-12 10:37:43,863 - INFO - Tokens - Input: 2284, Output: 107, Total: 2391
{"id": 55, "ts": 1778575063.864692, "event": "public_discussion_message", "round": 5, "agent": "agent_3", "message": "Candidate B \u2013 handles stress well.\nMETADATA_JSON:\n{\"agent\": \"agent_3\", \"vote\": \"Candidate B\"}"}
2026-05-12 10:37:43,864 - INFO - Agent turns: 13
2026-05-12 10:37:54,519 - INFO - Tokens - Input: 1767, Output: 775, Total: 2542
2026-05-12 10:37:54,520 - INFO - Memory updates: 37
{"id": 56, "ts": 1778575074.521082, "event": "memory_updated", "agent": "agent_2", "round": 5}
2026-05-12 10:37:54,812 - INFO - Tokens - Input: 1883, Output: 807, Total: 2690
2026-05-12 10:37:54,813 - INFO - Memory updates: 38
{"id": 57, "ts": 1778575074.8140016, "event": "memory_updated", "agent": "agent_1", "round": 5}
2026-05-12 10:37:54,858 - INFO - Tokens - Input: 1909, Output: 811, Total: 2720
2026-05-12 10:37:54,860 - INFO - Memory updates: 39
{"id": 58, "ts": 1778575074.860179, "event": "memory_updated", "agent": "agent_3", "round": 5}
2026-05-12 10:37:56,003 - INFO - Tokens - Input: 2260, Output: 115, Total: 2375
{"id": 59, "ts": 1778575076.0048697, "event": "public_discussion_message", "round": 5, "agent": "agent_1", "message": "Candidate A \u2013 excellent spatial vision.\nMETADATA_JSON:\n{\"agent\": \"agent_1\", \"vote\": \"Candidate A\"}"}
2026-05-12 10:37:56,005 - INFO - Agent turns: 14
2026-05-12 10:38:08,550 - INFO - Tokens - Input: 1903, Output: 887, Total: 2790
2026-05-12 10:38:08,551 - INFO - Memory updates: 40
{"id": 60, "ts": 1778575088.5518806, "event": "memory_updated", "agent": "agent_1", "round": 5}
2026-05-12 10:38:08,555 - INFO - Tokens - Input: 1944, Output: 885, Total: 2829
2026-05-12 10:38:08,556 - INFO - Memory updates: 41
{"id": 61, "ts": 1778575088.5565825, "event": "memory_updated", "agent": "agent_3", "round": 5}
2026-05-12 10:38:08,563 - INFO - Tokens - Input: 1789, Output: 889, Total: 2678
2026-05-12 10:38:08,564 - INFO - Memory updates: 42
{"id": 62, "ts": 1778575088.564774, "event": "memory_updated", "agent": "agent_2", "round": 5}
2026-05-12 10:38:09,721 - INFO - Tokens - Input: 2318, Output: 110, Total: 2428
{"id": 63, "ts": 1778575089.7234302, "event": "public_discussion_message", "round": 5, "agent": "agent_2", "message": "Candidate B \u2013 weak numeric memory.\nMETADATA_JSON:\n{\"agent\": \"agent_2\", \"vote\": \"Candidate B\"}"}
2026-05-12 10:38:09,723 - INFO - Agent turns: 15
2026-05-12 10:38:20,722 - INFO - Tokens - Input: 1961, Output: 767, Total: 2728
2026-05-12 10:38:20,724 - INFO - Memory updates: 43
{"id": 64, "ts": 1778575100.7244308, "event": "memory_updated", "agent": "agent_2", "round": 5}
2026-05-12 10:38:21,866 - INFO - Tokens - Input: 1979, Output: 885, Total: 2864
2026-05-12 10:38:21,868 - INFO - Memory updates: 44
{"id": 65, "ts": 1778575101.8687968, "event": "memory_updated", "agent": "agent_3", "round": 5}
2026-05-12 10:38:23,074 - INFO - Tokens - Input: 1937, Output: 1038, Total: 2975
2026-05-12 10:38:23,076 - INFO - Memory updates: 45
{"id": 66, "ts": 1778575103.0766063, "event": "memory_updated", "agent": "agent_1", "round": 5}
2026-05-12 10:38:23,086 - INFO - Loop 5 completed
2026-05-12 10:38:23,086 - INFO - Final Chosen Candidate: Candidate B
2026-05-12 10:38:23,086 - INFO - Final Decision Method: max_round_majority_vote
2026-05-12 10:38:23,086 - INFO - Final Vote Count: {'Candidate A': 1, 'Candidate B': 2}
2026-05-12 10:38:23,087 - INFO - Correct Candidate: Candidate C
2026-05-12 10:38:23,087 - INFO - Decision Correct: 0
{"id": 67, "ts": 1778575103.5256596, "event": "context_consistency_calculated", "method": "embedding_cosine", "mean_pairwise_similarity": 0.818897, "pairwise": [{"agent_a": "agent_1", "agent_b": "agent_2", "similarity": 0.776891}, {"agent_a": "agent_1", "agent_b": "agent_3", "similarity": 0.903771}, {"agent_a": "agent_2", "agent_b": "agent_3", "similarity": 0.776029}]}
{"id": 68, "ts": 1778575103.5257497, "event": "gold_standard_alignment_calculated", "method": "rule_based_fact_coverage", "mean_alignment": 0.608333, "by_agent": [{"agent": "agent_1", "score": 0.625, "matched_facts": 25, "total_facts": 40, "matched_public_facts": 15, "total_public_facts": 16, "public_fact_coverage": 0.9375, "matched_own_private_facts": 8, "total_own_private_facts": 8, "own_private_fact_coverage": 1.0, "matched_other_private_facts": 2, "total_other_private_facts": 16, "other_private_fact_coverage": 0.125, "checks": {"public_candidate_a_can_anticipate_dangerous_situations": 1, "public_candidate_a_is_able_to_see_complex_connections": 1, "public_candidate_a_has_excellent_spatial_vision": 1, "public_candidate_a_has_very_good_leadership_qualities": 1, "public_candidate_b_is_very_conscientious": 1, "public_candidate_b_handles_stress_very_well": 1, "public_candidate_b_is_good_at_assessing_weather_conditions": 1, "public_candidate_b_has_excellent_computer_skills": 1, "public_candidate_c_can_make_correct_decisions_quickly": 1, "public_candidate_c_has_difficulty_communicating_ideas": 1, "public_candidate_c_is_regarded_as_egocentric": 1, "public_candidate_c_is_not_very_willing_to_further_his_education": 1, "public_candidate_d_responds_to_unexpected_events_adequately": 0, "public_candidate_d_can_concentrate_very_well": 1, "public_candidate_d_solves_problems_extremely_well": 1, "public_candidate_d_takes_responsibility_seriously": 1, "agent_1_candidate_a_is_sometimes_not_good_at_taking_criticism": 1, "agent_1_candidate_a_can_be_unorganized": 1, "agent_1_candidate_b_can_be_grumpy": 1, "agent_1_candidate_b_can_be_uncooperative": 1, "agent_1_candidate_c_is_known_to_be_100_percent_reliable": 1, "agent_1_candidate_c_creates_a_positive_atmosphere_with_his_crew": 1, "agent_1_candidate_d_is_regarded_as_arrogant": 1, "agent_1_candidate_d_has_relatively_weak_leadership_skills": 1, "agent_2_candidate_a_is_regarded_as_a_show_off": 0, "agent_2_candidate_a_is_regarded_as_being_not_open_to_new_ideas": 0, "agent_2_candidate_b_has_a_relatively_weak_memory_for_numbers": 1, "agent_2_candidate_b_makes_nasty_remarks_about_his_colleagues": 1, "agent_2_candidate_c_keeps_calm_in_a_crisis": 0, "agent_2_candidate_c_understands_complicated_technology": 0, "agent_2_candidate_d_is_regarded_as_a_know_it_all": 0, "agent_2_candidate_d_has_a_hot_temper": 0, "agent_3_candidate_a_is_unfriendly": 0, "agent_3_candidate_a_eats_unhealthily": 0, "agent_3_candidate_b_is_regarded_as_pretentious": 0, "agent_3_candidate_b_sometimes_adopts_the_wrong_tone_when_communicating": 0, "agent_3_candidate_c_puts_concern_for_others_above_everything": 0, "agent_3_candidate_c_has_excellent_attention_skills": 0, "agent_3_candidate_d_is_considered_moody": 0, "agent_3_candidate_d_is_regarded_as_a_loner": 0}}, {"agent": "agent_2", "score": 0.525, "matched_facts": 21, "total_facts": 40, "matched_public_facts": 12, "total_public_facts": 16, "public_fact_coverage": 0.75, "matched_own_private_facts": 8, "total_own_private_facts": 8, "own_private_fact_coverage": 1.0, "matched_other_private_facts": 1, "total_other_private_facts": 16, "other_private_fact_coverage": 0.0625, "checks": {"public_candidate_a_can_anticipate_dangerous_situations": 1, "public_candidate_a_is_able_to_see_complex_connections": 1, "public_candidate_a_has_excellent_spatial_vision": 1, "public_candidate_a_has_very_good_leadership_qualities": 1, "public_candidate_b_is_very_conscientious": 1, "public_candidate_b_handles_stress_very_well": 1, "public_candidate_b_is_good_at_assessing_weather_conditions": 1, "public_candidate_b_has_excellent_computer_skills": 1, "public_candidate_c_can_make_correct_decisions_quickly": 1, "public_candidate_c_has_difficulty_communicating_ideas": 0, "public_candidate_c_is_regarded_as_egocentric": 1, "public_candidate_c_is_not_very_willing_to_further_his_education": 0, "public_candidate_d_responds_to_unexpected_events_adequately": 0, "public_candidate_d_can_concentrate_very_well": 1, "public_candidate_d_solves_problems_extremely_well": 0, "public_candidate_d_takes_responsibility_seriously": 1, "agent_1_candidate_a_is_sometimes_not_good_at_taking_criticism": 1, "agent_1_candidate_a_can_be_unorganized": 0, "agent_1_candidate_b_can_be_grumpy": 0, "agent_1_candidate_b_can_be_uncooperative": 0, "agent_1_candidate_c_is_known_to_be_100_percent_reliable": 0, "agent_1_candidate_c_creates_a_positive_atmosphere_with_his_crew": 0, "agent_1_candidate_d_is_regarded_as_arrogant": 0, "agent_1_candidate_d_has_relatively_weak_leadership_skills": 0, "agent_2_candidate_a_is_regarded_as_a_show_off": 1, "agent_2_candidate_a_is_regarded_as_being_not_open_to_new_ideas": 1, "agent_2_candidate_b_has_a_relatively_weak_memory_for_numbers": 1, "agent_2_candidate_b_makes_nasty_remarks_about_his_colleagues": 1, "agent_2_candidate_c_keeps_calm_in_a_crisis": 1, "agent_2_candidate_c_understands_complicated_technology": 1, "agent_2_candidate_d_is_regarded_as_a_know_it_all": 1, "agent_2_candidate_d_has_a_hot_temper": 1, "agent_3_candidate_a_is_unfriendly": 0, "agent_3_candidate_a_eats_unhealthily": 0, "agent_3_candidate_b_is_regarded_as_pretentious": 0, "agent_3_candidate_b_sometimes_adopts_the_wrong_tone_when_communicating": 0, "agent_3_candidate_c_puts_concern_for_others_above_everything": 0, "agent_3_candidate_c_has_excellent_attention_skills": 0, "agent_3_candidate_d_is_considered_moody": 0, "agent_3_candidate_d_is_regarded_as_a_loner": 0}}, {"agent": "agent_3", "score": 0.675, "matched_facts": 27, "total_facts": 40, "matched_public_facts": 16, "total_public_facts": 16, "public_fact_coverage": 1.0, "matched_own_private_facts": 8, "total_own_private_facts": 8, "own_private_fact_coverage": 1.0, "matched_other_private_facts": 3, "total_other_private_facts": 16, "other_private_fact_coverage": 0.1875, "checks": {"public_candidate_a_can_anticipate_dangerous_situations": 1, "public_candidate_a_is_able_to_see_complex_connections": 1, "public_candidate_a_has_excellent_spatial_vision": 1, "public_candidate_a_has_very_good_leadership_qualities": 1, "public_candidate_b_is_very_conscientious": 1, "public_candidate_b_handles_stress_very_well": 1, "public_candidate_b_is_good_at_assessing_weather_conditions": 1, "public_candidate_b_has_excellent_computer_skills": 1, "public_candidate_c_can_make_correct_decisions_quickly": 1, "public_candidate_c_has_difficulty_communicating_ideas": 1, "public_candidate_c_is_regarded_as_egocentric": 1, "public_candidate_c_is_not_very_willing_to_further_his_education": 1, "public_candidate_d_responds_to_unexpected_events_adequately": 1, "public_candidate_d_can_concentrate_very_well": 1, "public_candidate_d_solves_problems_extremely_well": 1, "public_candidate_d_takes_responsibility_seriously": 1, "agent_1_candidate_a_is_sometimes_not_good_at_taking_criticism": 1, "agent_1_candidate_a_can_be_unorganized": 0, "agent_1_candidate_b_can_be_grumpy": 0, "agent_1_candidate_b_can_be_uncooperative": 0, "agent_1_candidate_c_is_known_to_be_100_percent_reliable": 0, "agent_1_candidate_c_creates_a_positive_atmosphere_with_his_crew": 0, "agent_1_candidate_d_is_regarded_as_arrogant": 0, "agent_1_candidate_d_has_relatively_weak_leadership_skills": 0, "agent_2_candidate_a_is_regarded_as_a_show_off": 0, "agent_2_candidate_a_is_regarded_as_being_not_open_to_new_ideas": 0, "agent_2_candidate_b_has_a_relatively_weak_memory_for_numbers": 1, "agent_2_candidate_b_makes_nasty_remarks_about_his_colleagues": 1, "agent_2_candidate_c_keeps_calm_in_a_crisis": 0, "agent_2_candidate_c_understands_complicated_technology": 0, "agent_2_candidate_d_is_regarded_as_a_know_it_all": 0, "agent_2_candidate_d_has_a_hot_temper": 0, "agent_3_candidate_a_is_unfriendly": 1, "agent_3_candidate_a_eats_unhealthily": 1, "agent_3_candidate_b_is_regarded_as_pretentious": 1, "agent_3_candidate_b_sometimes_adopts_the_wrong_tone_when_communicating": 1, "agent_3_candidate_c_puts_concern_for_others_above_everything": 1, "agent_3_candidate_c_has_excellent_attention_skills": 1, "agent_3_candidate_d_is_considered_moody": 1, "agent_3_candidate_d_is_regarded_as_a_loner": 1}}]}
{"id": 69, "ts": 1778575103.525861, "event": "agent_memories_archived", "directory": "/home/lhegemann/git/bachelor_thesis/01_data/raw/simulations/low/low_treatment_20260512_094218_014/shared_mental_models", "round": 5}
{"id": 70, "ts": 1778575103.5259109, "event": "final_decision", "candidate": "Candidate B", "method": "max_round_majority_vote", "vote_count": {"Candidate A": 1, "Candidate B": 2}, "correct_candidate": "Candidate C", "decision_correct": 0, "round": 5}
2026-05-12 10:38:23,535 - INFO - ======================================================================
2026-05-12 10:38:23,535 - INFO - SIMULATION METRICS
2026-05-12 10:38:23,535 - INFO - ======================================================================
2026-05-12 10:38:23,535 - INFO - Total Loops: 5
2026-05-12 10:38:23,535 - INFO - Agent Turns (no vote checker): 15
2026-05-12 10:38:23,535 - INFO - Agent Tool Calls: 0
2026-05-12 10:38:23,535 - INFO - Agent Tool Messages: 0
2026-05-12 10:38:23,535 - INFO - Memory Updates: 45
2026-05-12 10:38:23,535 - INFO - Total Messages (no vote checker): 15
2026-05-12 10:38:23,535 - INFO - Input Tokens: 114330
2026-05-12 10:38:23,535 - INFO - Output Tokens: 48344
2026-05-12 10:38:23,535 - INFO - Total Tokens: 162674
2026-05-12 10:38:23,535 - INFO - Final Chosen Candidate: Candidate B
2026-05-12 10:38:23,535 - INFO - Final Decision Method: max_round_majority_vote
2026-05-12 10:38:23,535 - INFO - Final Vote Count: {'Candidate A': 1, 'Candidate B': 2}
2026-05-12 10:38:23,535 - INFO - Correct Candidate: Candidate C
2026-05-12 10:38:23,535 - INFO - Decision Correct: 0
2026-05-12 10:38:23,535 - INFO - Runtime: 249.55s
2026-05-12 10:38:23,535 - INFO - ======================================================================
