2026-05-09 01:44:51,176 - INFO - Metrics tracker initialized
{"id": 1, "ts": 1778283891.2024157, "event": "memory_reset"}
{"id": 2, "ts": 1778283891.2073913, "event": "discussion_order", "round": 1, "order": ["agent_1", "agent_3", "agent_2"]}
2026-05-09 01:44:56,891 - INFO - Tokens - Input: 1392, Output: 518, Total: 1910
{"id": 3, "ts": 1778283896.8934116, "event": "public_discussion_message", "round": 1, "agent": "agent_1", "message": "I prefer Candidate C \u2013 known to be 100% reliable.\nMETADATA_JSON:\n{\"agent\": \"agent_1\", \"vote\": \"Candidate C\"}"}
2026-05-09 01:44:56,893 - INFO - Agent turns: 1
2026-05-09 01:45:03,232 - INFO - Tokens - Input: 1450, Output: 672, Total: 2122
{"id": 4, "ts": 1778283903.2337904, "event": "public_discussion_message", "round": 1, "agent": "agent_3", "message": "I prefer Candidate B \u2013 handles stress very well.\nMETADATA_JSON:\n{\"agent\": \"agent_3\", \"vote\": \"Candidate B\"}"}
2026-05-09 01:45:03,233 - INFO - Agent turns: 2
2026-05-09 01:45:06,635 - INFO - Tokens - Input: 1493, Output: 444, Total: 1937
{"id": 5, "ts": 1778283906.6372743, "event": "public_discussion_message", "round": 1, "agent": "agent_2", "message": "I prefer Candidate A \u2013 noted as a show\u2011off.\nMETADATA_JSON:\n{\"agent\": \"agent_2\", \"vote\": \"Candidate A\"}"}
2026-05-09 01:45:06,637 - INFO - Agent turns: 3
2026-05-09 01:45:06,646 - INFO - Loop 1 completed
{"id": 6, "ts": 1778283906.6536489, "event": "discussion_order", "round": 2, "order": ["agent_2", "agent_1", "agent_3"]}
2026-05-09 01:45:13,081 - INFO - Tokens - Input: 1534, Output: 926, Total: 2460
{"id": 7, "ts": 1778283913.082827, "event": "public_discussion_message", "round": 2, "agent": "agent_2", "message": "I prefer Candidate B \u2013 handles stress very well.\nMETADATA_JSON:\n{\"agent\": \"agent_2\", \"vote\": \"Candidate B\"}"}
2026-05-09 01:45:13,082 - INFO - Agent turns: 4
2026-05-09 01:45:17,029 - INFO - Tokens - Input: 1568, Output: 601, Total: 2169
{"id": 8, "ts": 1778283917.0311644, "event": "public_discussion_message", "round": 2, "agent": "agent_1", "message": "I prefer Candidate A \u2013 excellent spatial vision.\nMETADATA_JSON:\n{\"agent\": \"agent_1\", \"vote\": \"Candidate A\"}"}
2026-05-09 01:45:17,031 - INFO - Agent turns: 5
2026-05-09 01:45:23,034 - INFO - Tokens - Input: 1599, Output: 846, Total: 2445
{"id": 9, "ts": 1778283923.035327, "event": "public_discussion_message", "round": 2, "agent": "agent_3", "message": "I prefer Candidate B \u2013 handles stress very well.\nMETADATA_JSON:\n{\"agent\": \"agent_3\", \"vote\": \"Candidate B\"}"}
2026-05-09 01:45:23,035 - INFO - Agent turns: 6
2026-05-09 01:45:23,042 - INFO - Loop 2 completed
{"id": 10, "ts": 1778283923.0486083, "event": "discussion_order", "round": 3, "order": ["agent_2", "agent_1", "agent_3"]}
2026-05-09 01:45:26,990 - INFO - Tokens - Input: 1640, Output: 479, Total: 2119
{"id": 11, "ts": 1778283926.991648, "event": "public_discussion_message", "round": 3, "agent": "agent_2", "message": "I prefer Candidate A \u2013 show\u2011off.\nMETADATA_JSON:\n{\"agent\": \"agent_2\", \"vote\": \"Candidate A\"}"}
2026-05-09 01:45:26,991 - INFO - Agent turns: 7
2026-05-09 01:45:34,746 - INFO - Tokens - Input: 1679, Output: 1020, Total: 2699
{"id": 12, "ts": 1778283934.7477162, "event": "public_discussion_message", "round": 3, "agent": "agent_1", "message": "I prefer Candidate A \u2013 anticipates dangerous situations.\nMETADATA_JSON:\n{\"agent\": \"agent_1\", \"vote\": \"Candidate A\"}"}
2026-05-09 01:45:34,747 - INFO - Agent turns: 8
2026-05-09 01:45:41,229 - INFO - Tokens - Input: 1713, Output: 749, Total: 2462
{"id": 13, "ts": 1778283941.2304633, "event": "public_discussion_message", "round": 3, "agent": "agent_3", "message": "I prefer Candidate B \u2013 handles stress well.\nMETADATA_JSON:\n{\"agent\": \"agent_3\", \"vote\": \"Candidate B\"}"}
2026-05-09 01:45:41,230 - INFO - Agent turns: 9
2026-05-09 01:45:41,238 - INFO - Loop 3 completed
{"id": 14, "ts": 1778283941.2437878, "event": "discussion_order", "round": 4, "order": ["agent_3", "agent_2", "agent_1"]}
2026-05-09 01:45:46,897 - INFO - Tokens - Input: 1744, Output: 703, Total: 2447
{"id": 15, "ts": 1778283946.8984005, "event": "public_discussion_message", "round": 4, "agent": "agent_3", "message": "I prefer Candidate B \u2013 very conscientious.\nMETADATA_JSON:\n{\"agent\": \"agent_3\", \"vote\": \"Candidate B\"}"}
2026-05-09 01:45:46,898 - INFO - Agent turns: 10
2026-05-09 01:45:53,504 - INFO - Tokens - Input: 1792, Output: 633, Total: 2425
{"id": 16, "ts": 1778283953.5058641, "event": "public_discussion_message", "round": 4, "agent": "agent_2", "message": "I prefer Candidate A \u2013 regarded as a show\u2011off.\nMETADATA_JSON:\n{\"agent\": \"agent_2\", \"vote\": \"Candidate A\"}"}
2026-05-09 01:45:53,506 - INFO - Agent turns: 11
2026-05-09 01:45:56,918 - INFO - Tokens - Input: 1833, Output: 468, Total: 2301
{"id": 17, "ts": 1778283956.9199014, "event": "public_discussion_message", "round": 4, "agent": "agent_1", "message": "I prefer Candidate A \u2013 anticipates dangerous situations.\nMETADATA_JSON:\n{\"agent\": \"agent_1\", \"vote\": \"Candidate A\"}"}
2026-05-09 01:45:56,920 - INFO - Agent turns: 12
2026-05-09 01:45:56,928 - INFO - Loop 4 completed
{"id": 18, "ts": 1778283956.9336994, "event": "discussion_order", "round": 5, "order": ["agent_2", "agent_1", "agent_3"]}
2026-05-09 01:46:04,204 - INFO - Tokens - Input: 1866, Output: 720, Total: 2586
{"id": 19, "ts": 1778283964.2061555, "event": "public_discussion_message", "round": 5, "agent": "agent_2", "message": "I prefer Candidate D \u2013 takes responsibility seriously.\nMETADATA_JSON:\n{\"agent\": \"agent_2\", \"vote\": \"Candidate D\"}"}
2026-05-09 01:46:04,206 - INFO - Agent turns: 13
2026-05-09 01:46:09,670 - INFO - Tokens - Input: 1905, Output: 663, Total: 2568
{"id": 20, "ts": 1778283969.6714044, "event": "public_discussion_message", "round": 5, "agent": "agent_1", "message": "I prefer Candidate A \u2013 anticipates dangerous situations.\nMETADATA_JSON:\n{\"agent\": \"agent_1\", \"vote\": \"Candidate A\"}"}
2026-05-09 01:46:09,671 - INFO - Agent turns: 14
2026-05-09 01:46:18,053 - INFO - Tokens - Input: 1939, Output: 983, Total: 2922
{"id": 21, "ts": 1778283978.0544815, "event": "public_discussion_message", "round": 5, "agent": "agent_3", "message": "I prefer Candidate B \u2013 very conscientious.\nMETADATA_JSON:\n{\"agent\": \"agent_3\", \"vote\": \"Candidate B\"}"}
2026-05-09 01:46:18,054 - INFO - Agent turns: 15
2026-05-09 01:46:18,062 - INFO - Loop 5 completed
2026-05-09 01:46:18,063 - INFO - Final Chosen Candidate: None
2026-05-09 01:46:18,063 - INFO - Final Decision Method: max_round_no_majority
2026-05-09 01:46:18,063 - INFO - Final Vote Count: {'Candidate A': 1, 'Candidate D': 1, 'Candidate B': 1}
2026-05-09 01:46:18,063 - INFO - Correct Candidate: Candidate C
2026-05-09 01:46:18,063 - INFO - Decision Correct: 0
{"id": 22, "ts": 1778283978.0648153, "event": "context_consistency_not_applicable", "reason": "explicit_smm_memory_disabled"}
{"id": 23, "ts": 1778283978.064976, "event": "final_decision", "candidate": null, "method": "max_round_no_majority", "vote_count": {"Candidate A": 1, "Candidate D": 1, "Candidate B": 1}, "correct_candidate": "Candidate C", "decision_correct": 0, "round": 5}
2026-05-09 01:46:18,073 - INFO - ======================================================================
2026-05-09 01:46:18,073 - INFO - SIMULATION METRICS
2026-05-09 01:46:18,073 - INFO - ======================================================================
2026-05-09 01:46:18,073 - INFO - Total Loops: 5
2026-05-09 01:46:18,073 - INFO - Agent Turns (no vote checker): 15
2026-05-09 01:46:18,073 - INFO - Agent Tool Calls: 0
2026-05-09 01:46:18,073 - INFO - Agent Tool Messages: 0
2026-05-09 01:46:18,073 - INFO - Memory Updates: 0
2026-05-09 01:46:18,073 - INFO - Total Messages (no vote checker): 15
2026-05-09 01:46:18,073 - INFO - Input Tokens: 25147
2026-05-09 01:46:18,074 - INFO - Output Tokens: 10425
2026-05-09 01:46:18,074 - INFO - Total Tokens: 35572
2026-05-09 01:46:18,074 - INFO - Final Chosen Candidate: None
2026-05-09 01:46:18,074 - INFO - Final Decision Method: max_round_no_majority
2026-05-09 01:46:18,074 - INFO - Final Vote Count: {'Candidate A': 1, 'Candidate D': 1, 'Candidate B': 1}
2026-05-09 01:46:18,074 - INFO - Correct Candidate: Candidate C
2026-05-09 01:46:18,074 - INFO - Decision Correct: 0
2026-05-09 01:46:18,074 - INFO - Runtime: 86.90s
2026-05-09 01:46:18,074 - INFO - ======================================================================
