2026-05-07 21:51:51,820 - INFO - Metrics tracker initialized
{"id": 1, "ts": 1778183511.8483138, "event": "memory_reset"}
{"id": 2, "ts": 1778183511.851443, "event": "discussion_order", "round": 1, "order": ["agent_2", "agent_3", "agent_1"]}
2026-05-07 21:51:59,352 - INFO - Tokens - Input: 1422, Output: 778, Total: 2200
{"id": 3, "ts": 1778183519.3539693, "event": "public_discussion_message", "round": 1, "agent": "agent_2", "message": "I tentatively favor **Candidate D**. Their strong problem\u2011solving ability, high concentration, and serious sense of responsibility suggest they can handle the complex technical and safety demands of long\u2011distance flights, and they respond adequately to unexpected events, which is crucial for in\u2011flight emergencies. The main uncertainty is their hot temper and reputation as a know\u2011it\u2011all, which could undermine crew cooperation and cockpit harmony.\nMETADATA_JSON:\n{\"agent\": \"agent_2\", \"vote\": \"Candidate D\"}"}
2026-05-07 21:51:59,354 - INFO - Agent turns: 1
2026-05-07 21:52:04,795 - INFO - Tokens - Input: 1619, Output: 719, Total: 2338
{"id": 4, "ts": 1778183524.7971673, "event": "public_discussion_message", "round": 1, "agent": "agent_3", "message": "I tentatively favor **Candidate B**. Their strong conscientiousness and ability to handle stress indicate high reliability and calmness under pressure, while their expertise in weather assessment and computer skills support the technical competence needed for long\u2011distance flights. The main trade\u2011off is their tendency to be pretentious and sometimes use the wrong tone, which could hinder crew cooperation and cockpit harmony.\nMETADATA_JSON:\n{\"agent\": \"agent_3\", \"vote\": \"Candidate B\"}"}
2026-05-07 21:52:04,797 - INFO - Agent turns: 2
2026-05-07 21:52:10,775 - INFO - Tokens - Input: 1718, Output: 793, Total: 2511
{"id": 5, "ts": 1778183530.7762976, "event": "public_discussion_message", "round": 1, "agent": "agent_1", "message": "I tentatively favor **Candidate A**. Their ability to anticipate dangerous situations, excellent spatial vision, and very good leadership qualities are crucial for navigating long\u2011distance routes and ensuring safety. However, their tendency to be unorganized and difficulty accepting criticism could hinder crew coordination and decision\u2011making under pressure.\nMETADATA_JSON:\n{\"agent\": \"agent_1\", \"vote\": \"Candidate A\"}"}
2026-05-07 21:52:10,776 - INFO - Agent turns: 3
2026-05-07 21:52:10,785 - INFO - Loop 1 completed
{"id": 6, "ts": 1778183530.791714, "event": "discussion_order", "round": 2, "order": ["agent_3", "agent_2", "agent_1"]}
2026-05-07 21:52:16,991 - INFO - Tokens - Input: 1737, Output: 787, Total: 2524
{"id": 7, "ts": 1778183536.9932086, "event": "public_discussion_message", "round": 2, "agent": "agent_3", "message": "I continue to favor **Candidate\u202fB**. Their very conscientious nature and strong ability to handle stress give them high reliability and calmness under pressure, while their expertise in weather assessment and computer skills provide solid technical competence for long\u2011distance operations. The main uncertainty is their pretentious demeanor and occasional wrong tone, which could undermine crew cooperation and cockpit harmony.\nMETADATA_JSON:\n{\"agent\": \"agent_3\", \"vote\": \"Candidate B\"}"}
2026-05-07 21:52:16,993 - INFO - Agent turns: 4
2026-05-07 21:52:25,771 - INFO - Tokens - Input: 1904, Output: 1168, Total: 3072
{"id": 8, "ts": 1778183545.7728858, "event": "public_discussion_message", "round": 2, "agent": "agent_2", "message": "I now favor **Candidate\u202fB**. Their very conscientious nature and strong ability to handle stress give them high reliability and calmness under pressure, while their skill in assessing weather conditions and excellent computer abilities provide solid technical competence for long\u2011distance operations. The main uncertainty is their tendency to make nasty remarks about colleagues, which could harm crew cooperation and cockpit harmony.\nMETADATA_JSON:\n{\"agent\": \"agent_2\", \"vote\": \"Candidate B\"}"}
2026-05-07 21:52:25,773 - INFO - Agent turns: 5
2026-05-07 21:52:36,729 - INFO - Tokens - Input: 2002, Output: 1309, Total: 3311
{"id": 9, "ts": 1778183556.731076, "event": "public_discussion_message", "round": 2, "agent": "agent_1", "message": "I now favor **Candidate\u202fC**. Their proven 100\u202f% reliability and ability to create a positive atmosphere with the crew support the essential reliability and cooperation needed for long\u2011distance flights, and their knack for making correct decisions quickly is vital for handling in\u2011flight challenges. The main uncertainty is their difficulty communicating ideas and egocentric attitude, which could hinder crew coordination despite the generally positive atmosphere.\nMETADATA_JSON:\n{\"agent\": \"agent_1\", \"vote\": \"Candidate C\"}"}
2026-05-07 21:52:36,731 - INFO - Agent turns: 6
2026-05-07 21:52:36,740 - INFO - Loop 2 completed
{"id": 10, "ts": 1778183556.7465825, "event": "discussion_order", "round": 3, "order": ["agent_3", "agent_1", "agent_2"]}
2026-05-07 21:52:41,801 - INFO - Tokens - Input: 2038, Output: 669, Total: 2707
{"id": 11, "ts": 1778183561.8026772, "event": "public_discussion_message", "round": 3, "agent": "agent_3", "message": "I continue to favor **Candidate\u202fB**. Their very conscientious nature and strong ability to handle stress give them high reliability and calmness under pressure, while their expertise in weather assessment and excellent computer skills provide solid technical competence for long\u2011distance operations. The main trade\u2011off is their pretentious demeanor and occasional use of the wrong tone, which could undermine crew cooperation and cockpit harmony.\nMETADATA_JSON:\n{\"agent\": \"agent_3\", \"vote\": \"Candidate B\"}"}
2026-05-07 21:52:41,802 - INFO - Agent turns: 7
2026-05-07 21:52:49,242 - INFO - Tokens - Input: 2221, Output: 909, Total: 3130
{"id": 12, "ts": 1778183569.2442088, "event": "public_discussion_message", "round": 3, "agent": "agent_1", "message": "I currently favor **Candidate\u202fC**. Their proven 100\u202f% reliability and ability to create a positive atmosphere with the crew support the essential reliability and cooperation needed for long\u2011distance flights, and their knack for making correct decisions quickly is vital for handling in\u2011flight challenges. The main uncertainty is their difficulty communicating ideas and egocentric attitude, which could hinder crew coordination despite the generally positive atmosphere.\nMETADATA_JSON:\n{\"agent\": \"agent_1\", \"vote\": \"Candidate C\"}"}
2026-05-07 21:52:49,244 - INFO - Agent turns: 8
2026-05-07 21:52:55,131 - INFO - Tokens - Input: 2337, Output: 767, Total: 3104
{"id": 13, "ts": 1778183575.1323895, "event": "public_discussion_message", "round": 3, "agent": "agent_2", "message": "I continue to favor **Candidate\u202fB**. Their very conscientious nature and strong ability to handle stress give them high reliability and calmness under pressure, while their skill in assessing weather conditions and excellent computer abilities provide solid technical competence for long\u2011distance operations. The main trade\u2011off is their tendency to make nasty remarks about colleagues and a pretentious demeanor, which could undermine crew cooperation and cockpit harmony.\nMETADATA_JSON:\n{\"agent\": \"agent_2\", \"vote\": \"Candidate B\"}"}
2026-05-07 21:52:55,132 - INFO - Agent turns: 9
2026-05-07 21:52:55,141 - INFO - Loop 3 completed
{"id": 14, "ts": 1778183575.1472566, "event": "discussion_order", "round": 4, "order": ["agent_1", "agent_3", "agent_2"]}
2026-05-07 21:52:59,555 - INFO - Tokens - Input: 2365, Output: 554, Total: 2919
{"id": 15, "ts": 1778183579.5569453, "event": "public_discussion_message", "round": 4, "agent": "agent_1", "message": "I continue to favor **Candidate\u202fC**. Their 100\u202f% reliability and ability to create a positive crew atmosphere give strong assurance of consistent, safe operations, while their knack for making correct decisions quickly is vital for handling the unexpected challenges of long\u2011distance flights. The main uncertainty is their difficulty communicating ideas and egocentric attitude, which could impede crew coordination despite the generally positive atmosphere.\nMETADATA_JSON:\n{\"agent\": \"agent_1\", \"vote\": \"Candidate C\"}"}
2026-05-07 21:52:59,557 - INFO - Agent turns: 10
2026-05-07 21:53:06,154 - INFO - Tokens - Input: 2542, Output: 878, Total: 3420
{"id": 16, "ts": 1778183586.1562977, "event": "public_discussion_message", "round": 4, "agent": "agent_3", "message": "I continue to favor **Candidate\u202fB**. Their very conscientious nature and strong ability to handle stress give them high reliability and calmness under pressure, while their expertise in assessing weather conditions and excellent computer skills provide solid technical competence for long\u2011distance operations. The main trade\u2011off is their pretentious demeanor and occasional use of the wrong tone, which could pose challenges for crew cooperation and cockpit harmony.\nMETADATA_JSON:\n{\"agent\": \"agent_3\", \"vote\": \"Candidate B\"}"}
2026-05-07 21:53:06,156 - INFO - Agent turns: 11
2026-05-07 21:53:18,019 - INFO - Tokens - Input: 2659, Output: 927, Total: 3586
{"id": 17, "ts": 1778183598.0206754, "event": "public_discussion_message", "round": 4, "agent": "agent_2", "message": "I continue to favor **Candidate\u202fB**. Their very conscientious nature and strong ability to handle stress give them high reliability and calmness under pressure, while their skill in assessing weather conditions and excellent computer abilities provide solid technical competence for long\u2011distance operations. The main trade\u2011off is their tendency to make nasty remarks and adopt a pretentious tone, which could undermine crew cooperation and cockpit harmony.\nMETADATA_JSON:\n{\"agent\": \"agent_2\", \"vote\": \"Candidate B\"}"}
2026-05-07 21:53:18,020 - INFO - Agent turns: 12
2026-05-07 21:53:18,030 - INFO - Loop 4 completed
{"id": 18, "ts": 1778183598.0360003, "event": "discussion_order", "round": 5, "order": ["agent_2", "agent_3", "agent_1"]}
2026-05-07 21:53:23,706 - INFO - Tokens - Input: 2690, Output: 443, Total: 3133
{"id": 19, "ts": 1778183603.7075846, "event": "public_discussion_message", "round": 5, "agent": "agent_2", "message": "I continue to favor **Candidate\u202fB**. Their strong conscientiousness and ability to handle stress give them high reliability and calmness under pressure, while their skill in assessing weather conditions and excellent computer abilities provide solid technical competence for long\u2011distance operations. The main trade\u2011off is their tendency to make nasty remarks and adopt a pretentious tone, which could undermine crew cooperation and cockpit harmony.\nMETADATA_JSON:\n{\"agent\": \"agent_2\", \"vote\": \"Candidate B\"}"}
2026-05-07 21:53:23,707 - INFO - Agent turns: 13
2026-05-07 21:53:25,831 - INFO - Tokens - Input: 2862, Output: 232, Total: 3094
{"id": 20, "ts": 1778183605.8326392, "event": "public_discussion_message", "round": 5, "agent": "agent_3", "message": "I continue to favor **Candidate\u202fB**. Their very conscientious nature and strong ability to handle stress give them high reliability and calmness under pressure\u2014essential for long\u2011distance flights where sustained focus and composure are critical. Additionally, their skill in assessing weather conditions and excellent computer abilities provide solid technical competence for navigating complex routes and managing modern avionics. The main trade\u2011off is their pretentious demeanor and occasional use of the wrong tone, which could jeopardize crew cooperation and cockpit harmony.\nMETADATA_JSON:\n{\"agent\": \"agent_3\", \"vote\": \"Candidate B\"}"}
2026-05-07 21:53:25,832 - INFO - Agent turns: 14
2026-05-07 21:53:33,964 - INFO - Tokens - Input: 3015, Output: 818, Total: 3833
{"id": 21, "ts": 1778183613.9659967, "event": "public_discussion_message", "round": 5, "agent": "agent_1", "message": "I now favor **Candidate\u202fB**. Their very conscientious nature and strong ability to handle stress give them high reliability and calmness under pressure, which are essential for long\u2011distance flights. Their skill in assessing weather conditions and excellent computer abilities provide solid technical competence for navigating complex routes and managing modern avionics. The main trade\u2011off is their pretentious demeanor and occasional nasty remarks, which could undermine crew cooperation and cockpit harmony.\nMETADATA_JSON:\n{\"agent\": \"agent_1\", \"vote\": \"Candidate B\"}"}
2026-05-07 21:53:33,966 - INFO - Agent turns: 15
2026-05-07 21:53:33,975 - INFO - Loop 5 completed
2026-05-07 21:53:33,976 - INFO - Final Chosen Candidate: Candidate B
2026-05-07 21:53:33,976 - INFO - Final Decision Method: consensus
2026-05-07 21:53:33,976 - INFO - Final Vote Count: {'Candidate B': 3}
2026-05-07 21:53:33,976 - INFO - Correct Candidate: Candidate C
2026-05-07 21:53:33,976 - INFO - Decision Correct: 0
{"id": 22, "ts": 1778183613.9778585, "event": "context_consistency_not_applicable", "reason": "explicit_smm_memory_disabled"}
{"id": 23, "ts": 1778183613.9780219, "event": "final_decision", "candidate": "Candidate B", "method": "consensus", "vote_count": {"Candidate B": 3}, "correct_candidate": "Candidate C", "decision_correct": 0, "round": 5}
2026-05-07 21:53:33,985 - INFO - ======================================================================
2026-05-07 21:53:33,985 - INFO - SIMULATION METRICS
2026-05-07 21:53:33,985 - INFO - ======================================================================
2026-05-07 21:53:33,986 - INFO - Total Loops: 5
2026-05-07 21:53:33,986 - INFO - Agent Turns (no vote checker): 15
2026-05-07 21:53:33,986 - INFO - Agent Tool Calls: 0
2026-05-07 21:53:33,986 - INFO - Agent Tool Messages: 0
2026-05-07 21:53:33,986 - INFO - Memory Updates: 0
2026-05-07 21:53:33,986 - INFO - Total Messages (no vote checker): 15
2026-05-07 21:53:33,986 - INFO - Input Tokens: 33131
2026-05-07 21:53:33,986 - INFO - Output Tokens: 11751
2026-05-07 21:53:33,986 - INFO - Total Tokens: 44882
2026-05-07 21:53:33,986 - INFO - Final Chosen Candidate: Candidate B
2026-05-07 21:53:33,986 - INFO - Final Decision Method: consensus
2026-05-07 21:53:33,986 - INFO - Final Vote Count: {'Candidate B': 3}
2026-05-07 21:53:33,986 - INFO - Correct Candidate: Candidate C
2026-05-07 21:53:33,987 - INFO - Decision Correct: 0
2026-05-07 21:53:33,987 - INFO - Runtime: 102.16s
2026-05-07 21:53:33,987 - INFO - ======================================================================
