2026-05-08 08:06:21,743 - INFO - Metrics tracker initialized
{"id": 1, "ts": 1778220381.772389, "event": "memory_reset"}
{"id": 2, "ts": 1778220381.7757535, "event": "discussion_order", "round": 1, "order": ["agent_2", "agent_1", "agent_3"]}
2026-05-08 08:06:29,140 - INFO - Tokens - Input: 1689, Output: 720, Total: 2409
{"id": 3, "ts": 1778220389.142586, "event": "public_discussion_message", "round": 1, "agent": "agent_2", "message": "Candidate A \u2013 excellent spatial vision.\nMETADATA_JSON:\n{\"agent\": \"agent_2\", \"vote\": \"Candidate A\"}"}
2026-05-08 08:06:29,142 - INFO - Agent turns: 1
2026-05-08 08:06:35,231 - INFO - Tokens - Input: 1180, Output: 891, Total: 2071
2026-05-08 08:06:35,234 - INFO - Memory updates: 1
{"id": 4, "ts": 1778220395.2341728, "event": "memory_updated", "agent": "agent_3", "round": 1}
2026-05-08 08:06:36,606 - INFO - Tokens - Input: 1185, Output: 949, Total: 2134
2026-05-08 08:06:36,607 - INFO - Memory updates: 2
{"id": 5, "ts": 1778220396.6081052, "event": "memory_updated", "agent": "agent_1", "round": 1}
2026-05-08 08:06:37,965 - INFO - Tokens - Input: 1188, Output: 1455, Total: 2643
2026-05-08 08:06:37,966 - INFO - Memory updates: 3
{"id": 6, "ts": 1778220397.9668422, "event": "memory_updated", "agent": "agent_2", "round": 1}
2026-05-08 08:06:41,454 - INFO - Tokens - Input: 2079, Output: 497, Total: 2576
{"id": 7, "ts": 1778220401.456307, "event": "public_discussion_message", "round": 1, "agent": "agent_1", "message": "Candidate A \u2013 can anticipate dangerous situations\nMETADATA_JSON:\n{\"agent\": \"agent_1\", \"vote\": \"Candidate A\"}"}
2026-05-08 08:06:41,456 - INFO - Agent turns: 2
2026-05-08 08:06:46,667 - INFO - Tokens - Input: 1426, Output: 733, Total: 2159
2026-05-08 08:06:46,668 - INFO - Memory updates: 4
{"id": 8, "ts": 1778220406.6690462, "event": "memory_updated", "agent": "agent_3", "round": 1}
2026-05-08 08:06:49,230 - INFO - Tokens - Input: 1838, Output: 993, Total: 2831
2026-05-08 08:06:49,235 - INFO - Memory updates: 5
{"id": 9, "ts": 1778220409.2357621, "event": "memory_updated", "agent": "agent_2", "round": 1}
2026-05-08 08:06:49,438 - INFO - Tokens - Input: 1585, Output: 983, Total: 2568
2026-05-08 08:06:49,440 - INFO - Memory updates: 6
{"id": 10, "ts": 1778220409.4406059, "event": "memory_updated", "agent": "agent_1", "round": 1}
2026-05-08 08:06:52,948 - INFO - Tokens - Input: 1990, Output: 471, Total: 2461
{"id": 11, "ts": 1778220412.9496534, "event": "public_discussion_message", "round": 1, "agent": "agent_3", "message": "Candidate A \u2013 can anticipate dangerous situations.\nMETADATA_JSON:\n{\"agent\": \"agent_3\", \"vote\": \"Candidate A\"}"}
2026-05-08 08:06:52,949 - INFO - Agent turns: 3
2026-05-08 08:06:58,296 - INFO - Tokens - Input: 1496, Output: 920, Total: 2416
2026-05-08 08:06:58,298 - INFO - Memory updates: 7
{"id": 12, "ts": 1778220418.2989225, "event": "memory_updated", "agent": "agent_3", "round": 1}
2026-05-08 08:06:58,994 - INFO - Tokens - Input: 1658, Output: 916, Total: 2574
2026-05-08 08:06:58,996 - INFO - Memory updates: 8
{"id": 13, "ts": 1778220418.9962702, "event": "memory_updated", "agent": "agent_2", "round": 1}
2026-05-08 08:07:00,637 - INFO - Tokens - Input: 1700, Output: 932, Total: 2632
2026-05-08 08:07:00,639 - INFO - Memory updates: 9
{"id": 14, "ts": 1778220420.639543, "event": "memory_updated", "agent": "agent_1", "round": 1}
2026-05-08 08:07:00,648 - INFO - Loop 1 completed
{"id": 15, "ts": 1778220420.655494, "event": "discussion_order", "round": 2, "order": ["agent_1", "agent_2", "agent_3"]}
2026-05-08 08:07:01,543 - INFO - Tokens - Input: 2268, Output: 129, Total: 2397
{"id": 16, "ts": 1778220421.545268, "event": "public_discussion_message", "round": 2, "agent": "agent_1", "message": "Candidate A \u2013 can anticipate dangerous situations\nMETADATA_JSON:\n{\"agent\": \"agent_1\", \"vote\": \"Candidate A\"}"}
2026-05-08 08:07:01,545 - INFO - Agent turns: 4
2026-05-08 08:07:06,373 - INFO - Tokens - Input: 1699, Output: 943, Total: 2642
2026-05-08 08:07:06,374 - INFO - Memory updates: 10
{"id": 17, "ts": 1778220426.3746145, "event": "memory_updated", "agent": "agent_2", "round": 2}
2026-05-08 08:07:06,756 - INFO - Tokens - Input: 1630, Output: 817, Total: 2447
2026-05-08 08:07:06,758 - INFO - Memory updates: 11
{"id": 18, "ts": 1778220426.7585387, "event": "memory_updated", "agent": "agent_3", "round": 2}
2026-05-08 08:07:07,465 - INFO - Tokens - Input: 1763, Output: 976, Total: 2739
2026-05-08 08:07:07,467 - INFO - Memory updates: 12
{"id": 19, "ts": 1778220427.4672809, "event": "memory_updated", "agent": "agent_1", "round": 2}
2026-05-08 08:07:08,430 - INFO - Tokens - Input: 2220, Output: 183, Total: 2403
{"id": 20, "ts": 1778220428.4318516, "event": "public_discussion_message", "round": 2, "agent": "agent_2", "message": "Candidate A \u2013 excellent spatial vision.\nMETADATA_JSON:\n{\"agent\": \"agent_2\", \"vote\": \"Candidate A\"}"}
2026-05-08 08:07:08,432 - INFO - Agent turns: 5
2026-05-08 08:07:12,388 - INFO - Tokens - Input: 1798, Output: 941, Total: 2739
2026-05-08 08:07:12,390 - INFO - Memory updates: 13
{"id": 21, "ts": 1778220432.3906608, "event": "memory_updated", "agent": "agent_1", "round": 2}
2026-05-08 08:07:14,309 - INFO - Tokens - Input: 1676, Output: 1068, Total: 2744
2026-05-08 08:07:14,311 - INFO - Memory updates: 14
{"id": 22, "ts": 1778220434.3118422, "event": "memory_updated", "agent": "agent_3", "round": 2}
2026-05-08 08:07:29,453 - INFO - Tokens - Input: 1724, Output: 822, Total: 2546
2026-05-08 08:07:29,455 - INFO - Memory updates: 15
{"id": 23, "ts": 1778220449.455665, "event": "memory_updated", "agent": "agent_2", "round": 2}
2026-05-08 08:07:30,794 - INFO - Tokens - Input: 2201, Output: 154, Total: 2355
{"id": 24, "ts": 1778220450.7953749, "event": "public_discussion_message", "round": 2, "agent": "agent_3", "message": "Candidate A \u2013 unfriendly\nMETADATA_JSON:\n{\"agent\": \"agent_3\", \"vote\": \"Candidate A\"}"}
2026-05-08 08:07:30,795 - INFO - Agent turns: 6
2026-05-08 08:07:36,581 - INFO - Tokens - Input: 1787, Output: 1039, Total: 2826
2026-05-08 08:07:36,583 - INFO - Memory updates: 16
{"id": 25, "ts": 1778220456.5831475, "event": "memory_updated", "agent": "agent_2", "round": 2}
2026-05-08 08:07:37,818 - INFO - Tokens - Input: 1766, Output: 1169, Total: 2935
2026-05-08 08:07:37,819 - INFO - Memory updates: 17
{"id": 26, "ts": 1778220457.8199193, "event": "memory_updated", "agent": "agent_1", "round": 2}
2026-05-08 08:07:38,405 - INFO - Tokens - Input: 1703, Output: 1111, Total: 2814
2026-05-08 08:07:38,407 - INFO - Memory updates: 18
{"id": 27, "ts": 1778220458.4078467, "event": "memory_updated", "agent": "agent_3", "round": 2}
2026-05-08 08:07:38,416 - INFO - Loop 2 completed
2026-05-08 08:07:38,416 - INFO - Final Chosen Candidate: Candidate A
2026-05-08 08:07:38,416 - INFO - Final Decision Method: consensus
2026-05-08 08:07:38,416 - INFO - Final Vote Count: {'Candidate A': 3}
2026-05-08 08:07:38,416 - INFO - Correct Candidate: Candidate C
2026-05-08 08:07:38,416 - INFO - Decision Correct: 0
{"id": 28, "ts": 1778220458.7316456, "event": "context_consistency_calculated", "method": "embedding_cosine", "mean_pairwise_similarity": 0.893204, "pairwise": [{"agent_a": "agent_1", "agent_b": "agent_2", "similarity": 0.907205}, {"agent_a": "agent_1", "agent_b": "agent_3", "similarity": 0.87094}, {"agent_a": "agent_2", "agent_b": "agent_3", "similarity": 0.901468}]}
{"id": 29, "ts": 1778220458.7318356, "event": "agent_memories_archived", "directory": "/home/lhegemann/git/bachelor_thesis/01_data/raw/simulations/low/low_treatment_20260508_080303_002/shared_mental_models", "round": 2}
{"id": 30, "ts": 1778220458.731952, "event": "final_decision", "candidate": "Candidate A", "method": "consensus", "vote_count": {"Candidate A": 3}, "correct_candidate": "Candidate C", "decision_correct": 0, "round": 2}
2026-05-08 08:07:38,740 - INFO - ======================================================================
2026-05-08 08:07:38,741 - INFO - SIMULATION METRICS
2026-05-08 08:07:38,741 - INFO - ======================================================================
2026-05-08 08:07:38,741 - INFO - Total Loops: 2
2026-05-08 08:07:38,741 - INFO - Agent Turns (no vote checker): 6
2026-05-08 08:07:38,741 - INFO - Agent Tool Calls: 0
2026-05-08 08:07:38,741 - INFO - Agent Tool Messages: 0
2026-05-08 08:07:38,741 - INFO - Memory Updates: 18
2026-05-08 08:07:38,741 - INFO - Total Messages (no vote checker): 6
2026-05-08 08:07:38,741 - INFO - Input Tokens: 41249
2026-05-08 08:07:38,741 - INFO - Output Tokens: 19812
2026-05-08 08:07:38,741 - INFO - Total Tokens: 61061
2026-05-08 08:07:38,742 - INFO - Final Chosen Candidate: Candidate A
2026-05-08 08:07:38,742 - INFO - Final Decision Method: consensus
2026-05-08 08:07:38,742 - INFO - Final Vote Count: {'Candidate A': 3}
2026-05-08 08:07:38,742 - INFO - Correct Candidate: Candidate C
2026-05-08 08:07:38,742 - INFO - Decision Correct: 0
2026-05-08 08:07:38,742 - INFO - Runtime: 77.00s
2026-05-08 08:07:38,742 - INFO - ======================================================================
