2026-05-05 16:42:38,635 - INFO - Metrics tracker initialized
{"id": 1, "ts": 1777992158.656193, "event": "memory_reset"}
{"id": 2, "ts": 1777992158.658082, "event": "discussion_order", "round": 1, "order": ["agent_1", "agent_2", "agent_3"]}
2026-05-05 16:42:46,072 - INFO - Tokens - Input: 1148, Output: 852, Total: 2000
{"id": 3, "ts": 1777992166.073817, "event": "public_discussion_message", "round": 1, "agent": "agent_1", "message": "I currently support **Candidate\u202fB** for the long\u2011distance pilot position. The most compelling evidence in favor of B is the combination of absolute reliability (\u201c100% reliable\u201d), calmness in a crisis, and strong technical abilities (good at assessing weather conditions and excellent computer skills). These attributes directly match the key requirements of reliability, technical competence, and staying calm under pressure for high\u2011responsibility international flights.\nThe only drawbacks noted are that B can be grumpy and occasionally uncooperative. While these traits could affect crew dynamics, the critical nature of reliability and crisis composure makes B the strongest overall candidate at this stage.\nNo other candidate demonstrates the same level of reliability and calmness under pressure, and the concerns about cooperation for B can potentially be mitigated through crew training and management. I see no remaining blockers that would prevent the group from reaching a unanimous decision on Candidate\u202fB, provided the team agrees that the benefits outweigh the noted interpersonal issues."}
2026-05-05 16:42:46,073 - INFO - Agent turns: 1
2026-05-05 16:42:55,570 - INFO - Tokens - Input: 1532, Output: 1421, Total: 2953
2026-05-05 16:42:55,572 - INFO - Memory updates: 1
{"id": 4, "ts": 1777992175.572959, "event": "memory_updated", "agent": "agent_3", "round": 1}
2026-05-05 16:42:56,491 - INFO - Tokens - Input: 1538, Output: 1302, Total: 2840
2026-05-05 16:42:56,493 - INFO - Memory updates: 2
{"id": 5, "ts": 1777992176.4934552, "event": "memory_updated", "agent": "agent_2", "round": 1}
2026-05-05 16:43:06,326 - INFO - Tokens - Input: 1533, Output: 1122, Total: 2655
2026-05-05 16:43:06,328 - INFO - Memory updates: 3
{"id": 6, "ts": 1777992186.328659, "event": "memory_updated", "agent": "agent_1", "round": 1}
2026-05-05 16:43:13,797 - INFO - Tokens - Input: 1723, Output: 829, Total: 2552
{"id": 7, "ts": 1777992193.799357, "event": "public_discussion_message", "round": 1, "agent": "agent_2", "message": "I also support **Candidate\u202fB** for the long\u2011distance pilot position. The strongest evidence in favor of B is the combination of **100\u202f% reliability**, the ability to **keep calm in a crisis**, solid **weather\u2011assessment skills**, and **excellent computer abilities**\u2014all core requirements for high\u2011responsibility international flights.\nThe main drawbacks are B\u2019s **relatively weak memory for numbers** and the tendency to **make nasty remarks about colleagues**, which could affect crew cohesion. However, the numeric\u2011memory issue is mitigated in modern long\u2011haul aircraft by advanced avionics, and the interpersonal concern can be addressed through crew\u2011resource\u2011management training and clear professional expectations.\nGiven that the other candidates each have more serious teamwork or attitude problems (e.g., communication difficulties, egocentric or hot\u2011tempered behavior) and lack the explicit reliability and crisis\u2011calmness that B demonstrates, I see no remaining blocker to a unanimous decision **provided the group agrees that B\u2019s interpersonal issues can be managed**."}
2026-05-05 16:43:13,799 - INFO - Agent turns: 2
2026-05-05 16:43:22,810 - INFO - Tokens - Input: 2145, Output: 990, Total: 3135
2026-05-05 16:43:22,812 - INFO - Memory updates: 4
{"id": 8, "ts": 1777992202.81304, "event": "memory_updated", "agent": "agent_2", "round": 1}
2026-05-05 16:43:23,010 - INFO - Tokens - Input: 2054, Output: 1014, Total: 3068
2026-05-05 16:43:23,012 - INFO - Memory updates: 5
{"id": 9, "ts": 1777992203.012377, "event": "memory_updated", "agent": "agent_1", "round": 1}
2026-05-05 16:43:43,699 - INFO - Tokens - Input: 2135, Output: 1166, Total: 3301
2026-05-05 16:43:43,701 - INFO - Memory updates: 6
{"id": 10, "ts": 1777992223.701472, "event": "memory_updated", "agent": "agent_3", "round": 1}
2026-05-05 16:44:57,016 - INFO - Tokens - Input: 2001, Output: 339, Total: 2340
{"id": 11, "ts": 1777992297.017577, "event": "public_discussion_message", "round": 1, "agent": "agent_3", "message": "I support **Candidate\u202fB** for the long\u2011distance pilot position. The decisive evidence in favor of B is the combination of **100\u202f% reliability**, the ability to **keep calm in a crisis**, strong **weather\u2011assessment skills**, and **excellent computer abilities**\u2014all core requirements for high\u2011responsibility international flights. While B is regarded as pretentious, sometimes adopts the wrong tone, and has been noted to have a relatively weak memory for numbers and occasional nasty remarks, these interpersonal drawbacks are less critical than the essential reliability and composure under pressure. Moreover, modern long\u2011haul aircraft provide extensive avionics support that mitigates numeric\u2011memory concerns, and crew\u2011resource\u2011management training can address tone and collegiality issues. Compared with the other candidates, who each have more serious teamwork or attitude problems (e.g., communication difficulties, egocentricity, moodiness, or lack of willingness to further education), B remains the best overall fit. No remaining blocker prevents a unanimous decision, provided the group agrees that B\u2019s interpersonal issues can be managed through training and clear professional standards."}
2026-05-05 16:44:57,017 - INFO - Agent turns: 3
2026-05-05 16:45:06,851 - INFO - Tokens - Input: 2449, Output: 1247, Total: 3696
2026-05-05 16:45:06,853 - INFO - Memory updates: 7
{"id": 12, "ts": 1777992306.854031, "event": "memory_updated", "agent": "agent_3", "round": 1}
2026-05-05 16:45:07,155 - INFO - Tokens - Input: 2465, Output: 1247, Total: 3712
2026-05-05 16:45:07,158 - INFO - Memory updates: 8
{"id": 13, "ts": 1777992307.158313, "event": "memory_updated", "agent": "agent_2", "round": 1}
2026-05-05 16:45:15,346 - INFO - Tokens - Input: 2321, Output: 1025, Total: 3346
2026-05-05 16:45:15,348 - INFO - Memory updates: 9
{"id": 14, "ts": 1777992315.3487449, "event": "memory_updated", "agent": "agent_1", "round": 1}
2026-05-05 16:45:15,354 - INFO - Loop 1 completed
2026-05-05 16:45:15,354 - INFO - Final Chosen Candidate: Candidate B
2026-05-05 16:45:15,355 - INFO - Final Decision Method: consensus
2026-05-05 16:45:15,355 - INFO - Final Vote Count: {'Candidate B': 3}
2026-05-05 16:45:15,355 - INFO - Correct Candidate: Candidate C
2026-05-05 16:45:15,355 - INFO - Decision Correct: 0
{"id": 15, "ts": 1777992315.765621, "event": "context_consistency_calculated", "method": "embedding_cosine", "mean_pairwise_similarity": 0.931681, "pairwise": [{"agent_a": "agent_1", "agent_b": "agent_2", "similarity": 0.945048}, {"agent_a": "agent_1", "agent_b": "agent_3", "similarity": 0.918699}, {"agent_a": "agent_2", "agent_b": "agent_3", "similarity": 0.931296}]}
{"id": 16, "ts": 1777992315.765711, "event": "agent_memories_archived", "directory": "/Users/leonardhegemann/Documents/Studium/Bachelor/SoSe_2026/Abschlussarbeit/bachelor_thesis/01_data/raw/simulations/low/low_20260505_163223_002/shared_mental_models", "round": 1}
{"id": 17, "ts": 1777992315.7657542, "event": "final_decision", "candidate": "Candidate B", "method": "consensus", "vote_count": {"Candidate B": 3}, "correct_candidate": "Candidate C", "decision_correct": 0, "round": 1}
2026-05-05 16:45:15,769 - INFO - ======================================================================
2026-05-05 16:45:15,770 - INFO - SIMULATION METRICS
2026-05-05 16:45:15,770 - INFO - ======================================================================
2026-05-05 16:45:15,770 - INFO - Total Loops: 1
2026-05-05 16:45:15,770 - INFO - Agent Turns (no vote checker): 3
2026-05-05 16:45:15,770 - INFO - Agent Tool Calls: 0
2026-05-05 16:45:15,770 - INFO - Agent Tool Messages: 0
2026-05-05 16:45:15,770 - INFO - Memory Updates: 9
2026-05-05 16:45:15,770 - INFO - Total Messages (no vote checker): 3
2026-05-05 16:45:15,770 - INFO - Input Tokens: 23044
2026-05-05 16:45:15,770 - INFO - Output Tokens: 12554
2026-05-05 16:45:15,770 - INFO - Total Tokens: 35598
2026-05-05 16:45:15,770 - INFO - Final Chosen Candidate: Candidate B
2026-05-05 16:45:15,770 - INFO - Final Decision Method: consensus
2026-05-05 16:45:15,770 - INFO - Final Vote Count: {'Candidate B': 3}
2026-05-05 16:45:15,770 - INFO - Correct Candidate: Candidate C
2026-05-05 16:45:15,770 - INFO - Decision Correct: 0
2026-05-05 16:45:15,770 - INFO - Runtime: 157.13s
2026-05-05 16:45:15,770 - INFO - ======================================================================
