2026-05-07 19:10:16,695 - INFO - Metrics tracker initialized
{"id": 1, "ts": 1778173816.7201047, "event": "memory_reset"}
{"id": 2, "ts": 1778173816.7257018, "event": "discussion_order", "round": 1, "order": ["agent_2", "agent_3", "agent_1"]}
2026-05-07 19:10:28,047 - INFO - Tokens - Input: 1785, Output: 1239, Total: 3024
{"id": 3, "ts": 1778173828.048882, "event": "public_discussion_message", "round": 1, "agent": "agent_2", "message": "Current position: Candidate A\nConfidence/uncertainty: Moderate confidence; some uncertainty due to cooperation concerns\nReasoning summary:\n- Key evidence used: Candidate A can anticipate dangerous situations, sees complex connections, has excellent spatial vision, and possesses very good leadership qualities \u2013 all critical for long\u2011distance flight safety and crew coordination. Negative points are that A is regarded as a show\u2011off and not open to new ideas, which affect crew atmosphere but are less directly safety\u2011critical than outright hostility.\n- Evidence from others: None yet.\n- Alternatives considered: Candidate B (strong technical and stress handling but makes nasty remarks); Candidate C (calm and technically adept but egocentric and poor communicator); Candidate D (high responsibility and problem\u2011solving but hot\u2011tempered and know\u2011it\u2011all). Each alternative has a serious cooperation drawback that outweighs their strengths.\n- Main tradeoff: Balancing A\u2019s strong anticipatory and leadership abilities against the cooperation drawbacks (show\u2011off, resistance to new ideas) versus the more severe interpersonal issues of the other candidates.\n- Remaining uncertainty: The actual impact of A\u2019s show\u2011off attitude and closed\u2011to\u2011new\u2011ideas stance on crew cohesion during long\u2011haul operations.\n- What would change my vote: Evidence that another candidate has comparable technical and reliability strengths with substantially fewer or milder cooperation negatives, or new information showing A\u2019s cooperation issues are more detrimental than currently understood.\nMETADATA_JSON:\n{\"agent\": \"agent_2\", \"vote\": \"Candidate A\"}"}
2026-05-07 19:10:28,049 - INFO - Agent turns: 1
2026-05-07 19:10:39,838 - INFO - Tokens - Input: 1744, Output: 1508, Total: 3252
2026-05-07 19:10:39,840 - INFO - Memory updates: 1
{"id": 4, "ts": 1778173839.8409672, "event": "memory_updated", "agent": "agent_3", "round": 1}
2026-05-07 19:10:40,226 - INFO - Tokens - Input: 1749, Output: 1465, Total: 3214
2026-05-07 19:10:40,227 - INFO - Memory updates: 2
{"id": 5, "ts": 1778173840.227787, "event": "memory_updated", "agent": "agent_1", "round": 1}
2026-05-07 19:10:40,323 - INFO - Tokens - Input: 1752, Output: 1820, Total: 3572
2026-05-07 19:10:40,324 - INFO - Memory updates: 3
{"id": 6, "ts": 1778173840.3248177, "event": "memory_updated", "agent": "agent_2", "round": 1}
2026-05-07 19:10:47,398 - INFO - Tokens - Input: 2771, Output: 964, Total: 3735
{"id": 7, "ts": 1778173847.399718, "event": "public_discussion_message", "round": 1, "agent": "agent_3", "message": "Current position: Candidate B\nConfidence/uncertainty: Moderate confidence \u2013 the candidate meets most core criteria with fewer severe cooperation drawbacks than the others.\nReasoning summary:\n- Key evidence used: Candidate B is very conscientious, handles stress very well, is good at assessing weather conditions, and has excellent computer skills \u2013 all directly supporting reliability, calmness under pressure, and technical competence for long\u2011distance flights.\n- Evidence from others: Agent\u202f2 has advocated for Candidate\u202fA, highlighting strong anticipatory and leadership abilities but also noting A\u2019s \u201cshow\u2011off\u201d attitude and unfriendly demeanor. No other agents have contributed yet.\n- Alternatives considered: Candidate\u202fA \u2013 excellent technical and leadership traits but notable unfriendly and show\u2011off behavior; Candidate\u202fC \u2013 quick decision\u2011making and concern for others but egocentric, poor communication, and unwillingness to further education; Candidate\u202fD \u2013 strong problem\u2011solving, responsibility, and concentration but described as moody and a loner. Each alternative presents cooperation issues that appear at least as serious as B\u2019s pretentiousness and occasional wrong tone.\n- Main tradeoff: Balancing B\u2019s solid reliability, stress handling, and technical skills against its interpersonal drawbacks (pretentiousness, tone) versus A\u2019s superior technical/leadership strengths but stronger unfriendly and closed\u2011to\u2011new\u2011ideas traits. I judge B\u2019s cooperation negatives to be less likely to impair crew cohesion than the others.\n- Remaining uncertainty: The real\u2011world impact of B\u2019s pretentiousness and tone issues on long\u2011haul crew dynamics; whether A\u2019s leadership and anticipatory abilities could outweigh its interpersonal flaws in practice.\n- What would change my vote: Convincing evidence that another candidate (especially A) demonstrates comparable reliability and technical competence while having markedly milder or no cooperation drawbacks, or data showing B\u2019s interpersonal issues lead to significant crew conflict.\nMETADATA_JSON:\n{\"agent\": \"agent_3\", \"vote\": \"Candidate B\"}"}
2026-05-07 19:10:47,399 - INFO - Agent turns: 2
2026-05-07 19:10:55,454 - INFO - Tokens - Input: 2949, Output: 1233, Total: 4182
2026-05-07 19:10:55,455 - INFO - Memory updates: 4
{"id": 8, "ts": 1778173855.4554145, "event": "memory_updated", "agent": "agent_2", "round": 1}
2026-05-07 19:10:56,190 - INFO - Tokens - Input: 2933, Output: 1329, Total: 4262
2026-05-07 19:10:56,192 - INFO - Memory updates: 5
{"id": 9, "ts": 1778173856.1927338, "event": "memory_updated", "agent": "agent_3", "round": 1}
2026-05-07 19:10:57,755 - INFO - Tokens - Input: 2656, Output: 1388, Total: 4044
2026-05-07 19:10:57,756 - INFO - Memory updates: 6
{"id": 10, "ts": 1778173857.7563443, "event": "memory_updated", "agent": "agent_1", "round": 1}
2026-05-07 19:11:06,390 - INFO - Tokens - Input: 3237, Output: 1109, Total: 4346
{"id": 11, "ts": 1778173866.39179, "event": "public_discussion_message", "round": 1, "agent": "agent_1", "message": "Current position: Candidate A\nConfidence/uncertainty: Moderate confidence; some uncertainty about the impact of cooperation drawbacks.\nReasoning summary:\n- Key evidence used: Anticipates dangerous situations; sees complex connections; excellent spatial vision; very good leadership qualities. These directly support technical competence, situational awareness, and high\u2011responsibility leadership needed for long\u2011distance flights.\n- Evidence from others: Agent\u202f2 also favors A, citing the same strengths and noting \u201cshow\u2011off\u201d/resistance to new ideas as a cooperation concern. Agent\u202f3 favors B, highlighting B\u2019s conscientiousness, stress handling, weather assessment, and computer skills, but also noting pretentiousness and tone issues.\n- Alternatives considered: Candidate\u202fB (strong reliability and stress handling but notable uncooperative/pretentious behavior); Candidate\u202fC (100\u202f% reliable and creates positive crew atmosphere but has communication difficulties and egocentric attitude); Candidate\u202fD (excellent problem\u2011solving and responsibility but arrogant and weak leadership). Each alternative shows a serious cooperation drawback that could outweigh their technical strengths.\n- Main tradeoff: Balancing A\u2019s superior anticipatory ability and leadership (critical for safety and crew coordination) against its cooperation negatives (show\u2011off attitude, resistance to criticism) versus B\u2019s solid technical/reliability profile but comparable cooperation issues.\n- Remaining uncertainty: How much A\u2019s \u201cshow\u2011off\u201d and difficulty taking criticism would actually impair crew cohesion on long\u2011haul flights.\n- What would change my vote: Convincing evidence that another candidate (especially B, C, or D) matches A\u2019s anticipatory and leadership strengths while exhibiting markedly milder or no cooperation drawbacks, or data showing A\u2019s cooperation issues lead to significant safety\u2011critical crew conflict.\nMETADATA_JSON:\n{\"agent\": \"agent_1\", \"vote\": \"Candidate A\"}"}
2026-05-07 19:11:06,391 - INFO - Agent turns: 3
2026-05-07 19:11:16,507 - INFO - Tokens - Input: 3282, Output: 1186, Total: 4468
2026-05-07 19:11:16,509 - INFO - Memory updates: 7
{"id": 12, "ts": 1778173876.5096421, "event": "memory_updated", "agent": "agent_3", "round": 1}
2026-05-07 19:11:17,741 - INFO - Tokens - Input: 3339, Output: 1438, Total: 4777
2026-05-07 19:11:17,743 - INFO - Memory updates: 8
{"id": 13, "ts": 1778173877.7433124, "event": "memory_updated", "agent": "agent_1", "round": 1}
2026-05-07 19:11:19,809 - INFO - Tokens - Input: 3094, Output: 1506, Total: 4600
2026-05-07 19:11:19,811 - INFO - Memory updates: 9
{"id": 14, "ts": 1778173879.81133, "event": "memory_updated", "agent": "agent_2", "round": 1}
2026-05-07 19:11:19,819 - INFO - Loop 1 completed
{"id": 15, "ts": 1778173879.826256, "event": "discussion_order", "round": 2, "order": ["agent_3", "agent_1", "agent_2"]}
2026-05-07 19:11:27,012 - INFO - Tokens - Input: 3512, Output: 678, Total: 4190
{"id": 16, "ts": 1778173887.0142362, "event": "public_discussion_message", "round": 2, "agent": "agent_3", "message": "Current position: Candidate B\nConfidence/uncertainty: Moderate confidence \u2013 the evidence leans toward B but the group\u2019s split vote leaves some doubt.\nReasoning summary:\n- Key evidence used: Candidate\u202fB is very conscientious, handles stress well, assesses weather conditions accurately, and has excellent computer skills. These directly support reliability, calmness under pressure, and technical competence for long\u2011distance flights.\n- Evidence from others: Agents\u202f1 and\u202f2 have advocated for Candidate\u202fA, highlighting A\u2019s anticipatory ability, complex\u2011connection vision, spatial vision, and leadership, while also noting A\u2019s unfriendly, \u201cshow\u2011off\u201d attitude and resistance to new ideas. No new facts about B have been introduced.\n- Alternatives considered:\n  * Candidate\u202fA \u2013 superior anticipatory and leadership traits but stronger cooperation negatives (unfriendly, show\u2011off, resistant to criticism).\n  * Candidate\u202fC \u2013 quick decision\u2011making and strong concern for others, but egocentric, poor communicator, and unwilling to further education.\n  * Candidate\u202fD \u2013 excellent problem\u2011solving, responsibility, and concentration, but described as moody and a loner.\n- Main tradeoff: Balancing B\u2019s solid, well\u2011rounded reliability and technical profile against its milder cooperation drawback (pretentiousness, occasional wrong tone) versus A\u2019s higher technical/leadership strength but harsher interpersonal issues.\n- Remaining uncertainty: How much B\u2019s pretentiousness and tone issues would actually impair crew cohesion and safety on long\u2011haul flights.\n- What would change my vote: Convincing evidence that Candidate\u202fA\u2019s cooperation drawbacks are manageable and that A matches B\u2019s reliability/technical strengths, or concrete examples showing Candidate\u202fB\u2019s interpersonal style leads to serious crew conflict.\nMETADATA_JSON:\n{\"agent\": \"agent_3\", \"vote\": \"Candidate B\"}"}
2026-05-07 19:11:27,014 - INFO - Agent turns: 4
2026-05-07 19:11:34,926 - INFO - Tokens - Input: 3611, Output: 1035, Total: 4646
2026-05-07 19:11:34,928 - INFO - Memory updates: 10
{"id": 17, "ts": 1778173894.92856, "event": "memory_updated", "agent": "agent_3", "round": 2}
2026-05-07 19:11:36,530 - INFO - Tokens - Input: 3594, Output: 1246, Total: 4840
2026-05-07 19:11:36,531 - INFO - Memory updates: 11
{"id": 18, "ts": 1778173896.5317833, "event": "memory_updated", "agent": "agent_2", "round": 2}
2026-05-07 19:11:37,673 - INFO - Tokens - Input: 3735, Output: 1398, Total: 5133
2026-05-07 19:11:37,675 - INFO - Memory updates: 12
{"id": 19, "ts": 1778173897.6755102, "event": "memory_updated", "agent": "agent_1", "round": 2}
2026-05-07 19:11:41,776 - INFO - Tokens - Input: 3917, Output: 569, Total: 4486
{"id": 20, "ts": 1778173901.7780838, "event": "public_discussion_message", "round": 2, "agent": "agent_1", "message": "Current position: Candidate A\nConfidence/uncertainty: Moderate confidence (around 65\u202f%)\nReasoning summary:\n- Key evidence used: Anticipates dangerous situations; sees complex connections; excellent spatial vision; very good leadership qualities \u2013 all directly support the safety\u2011critical, situational\u2011awareness, and coordination demands of long\u2011distance flights.\n- Evidence from others: Agent\u202f2 also backs Candidate\u202fA, noting the same strengths and adding the \u201cshow\u2011off\u201d / resistance\u2011to\u2011new\u2011ideas concern. Agent\u202f3 favors Candidate\u202fB, emphasizing B\u2019s conscientiousness, stress handling, weather assessment, and computer skills, and describing B\u2019s pretentiousness as a milder cooperation issue.\n- Alternatives considered:\n  * Candidate\u202fB \u2013 strong reliability and technical skills but has pretentiousness/uncooperative tone; lacks the anticipatory and leadership depth of A.\n  * Candidate\u202fC \u2013 100\u202f% reliable and creates a positive crew atmosphere, yet communication difficulties, egocentricity, and low willingness to learn reduce safety and adaptability.\n  * Candidate\u202fD \u2013 excellent problem\u2011solving, responsibility, and concentration, but is seen as arrogant, has weak leadership, and is described as moody and a loner, raising crew\u2011cohesion concerns.\n- Main tradeoff: Weighing A\u2019s superior anticipatory ability and leadership (critical for long\u2011haul safety) against its cooperation drawbacks (show\u2011off attitude, resistance to criticism) versus B\u2019s solid reliability and milder interpersonal issues.\n- Remaining uncertainty: How much A\u2019s \u201cshow\u2011off\u201d behavior and difficulty accepting criticism would actually impair crew cohesion and decision\u2011making on extended flights.\n- What would change my vote: Concrete evidence that another candidate (especially B, C, or D) matches A\u2019s anticipatory and leadership strengths while exhibiting substantially fewer or no cooperation drawbacks, or clear data showing A\u2019s interpersonal issues lead to serious safety\u2011critical crew conflict.\nMETADATA_JSON:\n{\"agent\": \"agent_1\", \"vote\": \"Candidate A\"}"}
2026-05-07 19:11:41,778 - INFO - Agent turns: 5
2026-05-07 19:11:47,923 - INFO - Tokens - Input: 4110, Output: 1051, Total: 5161
2026-05-07 19:11:47,926 - INFO - Memory updates: 13
{"id": 21, "ts": 1778173907.9262989, "event": "memory_updated", "agent": "agent_1", "round": 2}
2026-05-07 19:11:53,665 - INFO - Tokens - Input: 3993, Output: 1606, Total: 5599
2026-05-07 19:11:53,667 - INFO - Memory updates: 14
{"id": 22, "ts": 1778173913.6673105, "event": "memory_updated", "agent": "agent_3", "round": 2}
2026-05-07 19:11:54,508 - INFO - Tokens - Input: 4056, Output: 1286, Total: 5342
2026-05-07 19:11:54,510 - INFO - Memory updates: 15
{"id": 23, "ts": 1778173914.5109782, "event": "memory_updated", "agent": "agent_2", "round": 2}
2026-05-07 19:12:01,514 - INFO - Tokens - Input: 4283, Output: 827, Total: 5110
{"id": 24, "ts": 1778173921.516455, "event": "public_discussion_message", "round": 2, "agent": "agent_2", "message": "Current position: Candidate A\nConfidence/uncertainty: Moderate (around 55\u202f%)\nReasoning summary:\n- Key evidence used: Candidate\u202fA can anticipate dangerous situations, sees complex connections, has excellent spatial vision, and possesses very good leadership qualities \u2013 all directly supporting the safety\u2011critical, situational\u2011awareness, and crew\u2011coordination demands of long\u2011distance flights.\n- Evidence from others: Agents\u202f1 and\u202f3 have highlighted the same strengths for A and have also noted the cooperation drawbacks of each candidate. Agent\u202f3 emphasized B\u2019s conscientiousness and stress handling but also repeated B\u2019s pretentiousness and nasty remarks. No new facts have been introduced since the previous round.\n- Alternatives considered:\n  * Candidate\u202fB \u2013 strong reliability, stress handling, weather assessment, and computer skills, but suffers from a weak memory for numbers and makes nasty remarks, which are clear cooperation risks.\n  * Candidate\u202fC \u2013 quick decision\u2011making and calmness in crisis, yet egocentric, poor communicator, and unwilling to further his education.\n  * Candidate\u202fD \u2013 excellent problem\u2011solving, responsibility, and concentration, but is viewed as a know\u2011it\u2011all, has a hot temper, and is described as moody and a loner.\n  All alternatives present serious cooperation or technical deficits that outweigh their strengths.\n- Main tradeoff: Balancing A\u2019s superior anticipatory ability and leadership (critical for safety and crew coordination) against its interpersonal negatives (show\u2011off attitude, resistance to new ideas). Compared with B, A\u2019s cooperation issues are more about attitude than overt hostility, while B\u2019s \u201cnasty remarks\u201d and weak numeric memory pose a clearer safety\u2011critical risk.\n- Remaining uncertainty: The real\u2011world impact of A\u2019s \u201cshow\u2011off\u201d behavior and reluctance to accept new ideas on crew cohesion and decision\u2011making during extended flights.\n- What would change my vote: Convincing evidence that another candidate (especially B, C, or D) matches A\u2019s anticipatory and leadership strengths while exhibiting substantially milder or no cooperation drawbacks, or concrete examples showing that A\u2019s interpersonal issues have led to serious crew conflict or safety incidents.\nMETADATA_JSON:\n{\"agent\": \"agent_2\", \"vote\": \"Candidate A\"}"}
2026-05-07 19:12:01,516 - INFO - Agent turns: 6
2026-05-07 19:12:09,822 - INFO - Tokens - Input: 4565, Output: 1085, Total: 5650
2026-05-07 19:12:09,824 - INFO - Memory updates: 16
{"id": 25, "ts": 1778173929.8242314, "event": "memory_updated", "agent": "agent_2", "round": 2}
2026-05-07 19:12:10,049 - INFO - Tokens - Input: 4450, Output: 1384, Total: 5834
2026-05-07 19:12:10,051 - INFO - Memory updates: 17
{"id": 26, "ts": 1778173930.0519073, "event": "memory_updated", "agent": "agent_1", "round": 2}
2026-05-07 19:12:14,589 - INFO - Tokens - Input: 4682, Output: 1742, Total: 6424
2026-05-07 19:12:14,591 - INFO - Memory updates: 18
{"id": 27, "ts": 1778173934.5918176, "event": "memory_updated", "agent": "agent_3", "round": 2}
2026-05-07 19:12:14,600 - INFO - Loop 2 completed
{"id": 28, "ts": 1778173934.6069658, "event": "discussion_order", "round": 3, "order": ["agent_1", "agent_3", "agent_2"]}
2026-05-07 19:12:19,233 - INFO - Tokens - Input: 4711, Output: 542, Total: 5253
{"id": 29, "ts": 1778173939.2352476, "event": "public_discussion_message", "round": 3, "agent": "agent_1", "message": "Current position: Candidate A\nConfidence/uncertainty: Moderate (around 65\u202f%)\nReasoning summary:\n- Key evidence used: Candidate\u202fA can anticipate dangerous situations, sees complex connections, has excellent spatial vision, and possesses very good leadership qualities \u2013 all directly supporting situational awareness, technical competence, and crew coordination needed for long\u2011distance flights.\n- Evidence from others: Agents\u202f2 and\u202f3 have highlighted the same strengths for A and have noted cooperation drawbacks for all candidates. Agent\u202f2 reiterated A\u2019s \u201cshow\u2011off\u201d attitude and resistance to new ideas; Agent\u202f3 emphasized B\u2019s conscientiousness and stress handling but also mentioned B\u2019s pretentiousness and occasional nasty remarks.\n- Alternatives considered:\n  * Candidate\u202fB \u2013 strong reliability, stress handling, weather assessment, and computer skills, but suffers from weak numeric memory, pretentiousness, and occasional nasty remarks, which are safety\u2011critical cooperation issues.\n  * Candidate\u202fC \u2013 100\u202f% reliable and creates a positive crew atmosphere, yet has poor communication, egocentric attitude, and reluctance to further education, limiting adaptability.\n  * Candidate\u202fD \u2013 excellent problem\u2011solving, responsibility, and concentration, but is viewed as arrogant, a know\u2011it\u2011all, hot\u2011tempered, and a loner, raising serious crew\u2011cohesion concerns.\n- Main tradeoff: Weighing A\u2019s superior anticipatory ability and leadership (critical for safety and long\u2011haul decision\u2011making) against its cooperation drawbacks (show\u2011off behavior, resistance to criticism) versus B\u2019s solid reliability and milder interpersonal issues but notable memory weakness and hostile remarks.\n- Remaining uncertainty: The real\u2011world impact of A\u2019s \u201cshow\u2011off\u201d attitude and difficulty accepting criticism on crew cohesion and decision\u2011making during extended flights.\n- What would change my vote: Concrete evidence that another candidate (especially B, C, or D) matches A\u2019s anticipatory and leadership strengths while exhibiting substantially fewer or no cooperation drawbacks, or clear data showing A\u2019s interpersonal issues lead to serious safety\u2011critical crew conflict.\nMETADATA_JSON:\n{\"agent\": \"agent_1\", \"vote\": \"Candidate A\"}"}
2026-05-07 19:12:19,235 - INFO - Agent turns: 7
2026-05-07 19:12:27,594 - INFO - Tokens - Input: 4934, Output: 1069, Total: 6003
2026-05-07 19:12:27,596 - INFO - Memory updates: 19
{"id": 30, "ts": 1778173947.5969784, "event": "memory_updated", "agent": "agent_1", "round": 3}
2026-05-07 19:12:27,981 - INFO - Tokens - Input: 4905, Output: 1130, Total: 6035
2026-05-07 19:12:27,982 - INFO - Memory updates: 20
{"id": 31, "ts": 1778173947.9827874, "event": "memory_updated", "agent": "agent_2", "round": 3}
2026-05-07 19:12:32,736 - INFO - Tokens - Input: 5305, Output: 1732, Total: 7037
2026-05-07 19:12:32,738 - INFO - Memory updates: 21
{"id": 32, "ts": 1778173952.7388031, "event": "memory_updated", "agent": "agent_3", "round": 3}
2026-05-07 19:12:40,997 - INFO - Tokens - Input: 5466, Output: 1038, Total: 6504
{"id": 33, "ts": 1778173960.9988017, "event": "public_discussion_message", "round": 3, "agent": "agent_3", "message": "Current position: Candidate B\nConfidence/uncertainty: Moderate \u2013 I am reasonably confident that B\u2019s overall reliability, stress handling, and technical competence outweigh the cooperation drawbacks, though some uncertainty remains about the real\u2011world impact of the \u201cnasty remarks\u201d and weak numeric memory.\nReasoning summary:\n- Key evidence used: Candidate\u202fB is very conscientious (reliability), handles stress well (calm under pressure), assesses weather accurately (flight planning), and has excellent computer skills (modern avionics). These directly satisfy the core criteria for long\u2011distance pilots.\n- Evidence from others: Agents\u202f1 and\u202f2 have presented Candidate\u202fA\u2019s strong anticipatory ability, complex\u2011systems vision, excellent spatial vision, and very good leadership, but they also note A\u2019s unfriendly, \u201cshow\u2011off\u201d attitude and resistance to new ideas. Both also repeat that B has pretentiousness, occasional wrong tone, and \u201cnasty remarks,\u201d plus a weak numeric memory.\n- Alternatives considered:\n  * Candidate\u202fA \u2013 superior situational awareness and leadership, yet the unfriendly, show\u2011off behavior could erode crew cohesion.\n  * Candidate\u202fC \u2013 quick decision\u2011making and strong concern for others, but communication difficulties, egocentrism, and reluctance to further education limit teamwork.\n  * Candidate\u202fD \u2013 excellent problem\u2011solving and responsibility, but moody, loner, arrogant, and hot\u2011tempered traits pose serious crew\u2011morale risks.\n- Main tradeoff: Balancing B\u2019s solid, well\u2011rounded reliability and technical profile against its cooperation issues (pretentiousness, occasional harsh tone, weak numeric memory) versus A\u2019s higher technical/leadership strengths but harsher interpersonal attitude (unfriendly, show\u2011off). I judge that the concrete safety risk of weak numeric memory is less severe than the broader leadership advantage A provides, while B\u2019s interpersonal flaws are milder than A\u2019s.\n- Remaining uncertainty: How much B\u2019s weak numeric memory and occasional \u201cnasty remarks\u201d will actually affect safety and crew dynamics on long\u2011haul missions.\n- What would change my vote: Convincing evidence that Candidate\u202fA\u2019s cooperation drawbacks are manageable (e.g., proven crew\u2011feedback showing no conflict) and that A\u2019s leadership and anticipatory abilities translate into measurable safety improvements, or any data showing Candidate\u202fB\u2019s numeric\u2011memory weakness leads to critical errors in practice.\nMETADATA_JSON:\n{\"agent\": \"agent_3\", \"vote\": \"Candidate B\"}"}
2026-05-07 19:12:40,998 - INFO - Agent turns: 8
2026-05-07 19:12:49,837 - INFO - Tokens - Input: 5848, Output: 1131, Total: 6979
2026-05-07 19:12:49,839 - INFO - Memory updates: 22
{"id": 34, "ts": 1778173969.8399599, "event": "memory_updated", "agent": "agent_3", "round": 3}
2026-05-07 19:12:50,677 - INFO - Tokens - Input: 5499, Output: 1260, Total: 6759
2026-05-07 19:12:50,679 - INFO - Memory updates: 23
{"id": 35, "ts": 1778173970.6794631, "event": "memory_updated", "agent": "agent_1", "round": 3}
2026-05-07 19:12:52,254 - INFO - Tokens - Input: 5389, Output: 1451, Total: 6840
2026-05-07 19:12:52,256 - INFO - Memory updates: 24
{"id": 36, "ts": 1778173972.256549, "event": "memory_updated", "agent": "agent_2", "round": 3}
2026-05-07 19:12:58,853 - INFO - Tokens - Input: 5404, Output: 708, Total: 6112
{"id": 37, "ts": 1778173978.8553853, "event": "public_discussion_message", "round": 3, "agent": "agent_2", "message": "Current position: Candidate A\nConfidence/uncertainty: Moderate (\u224855\u202f% confidence)\nReasoning summary:\n- Key evidence used: Candidate\u202fA can anticipate dangerous situations, sees complex connections, has excellent spatial vision, and possesses very good leadership qualities \u2013 all essential for long\u2011distance flight safety, situational awareness, and crew coordination.\n- Evidence from others: Agents\u202f1 and\u202f3 have highlighted the same strengths for A and have also noted cooperation drawbacks for all candidates. Agent\u202f3 emphasized B\u2019s conscientiousness and stress handling but repeated B\u2019s weak numeric memory and nasty remarks. No new facts have been introduced since the previous round.\n- Alternatives considered:\n  * Candidate\u202fB \u2013 strong reliability, stress handling, weather assessment, and computer skills, but suffers from weak numeric memory and makes nasty remarks, which are direct cooperation/ safety risks.\n  * Candidate\u202fC \u2013 quick decision\u2011making and calmness, yet egocentric, poor communicator, and unwilling to further education, limiting teamwork.\n  * Candidate\u202fD \u2013 excellent problem\u2011solving and responsibility, but is a know\u2011it\u2011all, hot\u2011tempered, and described as a loner, posing serious crew\u2011cohesion concerns.\n- Main tradeoff: Weighing A\u2019s superior anticipatory and leadership abilities against its \u201cshow\u2011off\u201d attitude and resistance to new ideas versus B\u2019s solid reliability but more overt hostile behavior (nasty remarks) and a numeric\u2011memory weakness.\n- Remaining uncertainty: The real\u2011world impact of A\u2019s show\u2011off behavior and closed\u2011to\u2011new\u2011ideas stance on crew cohesion during extended flights.\n- What would change my vote: Concrete evidence that Candidate\u202fA\u2019s cooperation drawbacks lead to serious crew conflict or safety incidents, or evidence that another candidate (especially B, C, or D) matches A\u2019s anticipatory and leadership strengths while exhibiting markedly fewer or milder cooperation negatives.\nMETADATA_JSON:\n{\"agent\": \"agent_2\", \"vote\": \"Candidate A\"}"}
2026-05-07 19:12:58,855 - INFO - Agent turns: 9
2026-05-07 19:13:04,293 - INFO - Tokens - Input: 5577, Output: 648, Total: 6225
2026-05-07 19:13:04,295 - INFO - Memory updates: 25
{"id": 38, "ts": 1778173984.2956738, "event": "memory_updated", "agent": "agent_2", "round": 3}
2026-05-07 19:13:09,163 - INFO - Tokens - Input: 5895, Output: 1349, Total: 7244
2026-05-07 19:13:09,165 - INFO - Memory updates: 26
{"id": 39, "ts": 1778173989.1656702, "event": "memory_updated", "agent": "agent_3", "round": 3}
2026-05-07 19:13:09,960 - INFO - Tokens - Input: 5726, Output: 1502, Total: 7228
2026-05-07 19:13:09,962 - INFO - Memory updates: 27
{"id": 40, "ts": 1778173989.9626167, "event": "memory_updated", "agent": "agent_1", "round": 3}
2026-05-07 19:13:09,971 - INFO - Loop 3 completed
{"id": 41, "ts": 1778173989.977603, "event": "discussion_order", "round": 4, "order": ["agent_3", "agent_2", "agent_1"]}
2026-05-07 19:13:15,682 - INFO - Tokens - Input: 6226, Output: 652, Total: 6878
{"id": 42, "ts": 1778173995.6843615, "event": "public_discussion_message", "round": 4, "agent": "agent_3", "message": "Current position: Candidate B\nConfidence/uncertainty: Moderate \u2013 I am reasonably confident that B\u2019s reliability, stress handling, and technical competence outweigh the cooperation drawbacks, but I remain aware of the uncertainty around the practical impact of the \u201cnasty remarks\u201d and weak numeric memory.\nReasoning summary:\n- **Key evidence used:** Candidate\u202fB is very conscientious (reliability), handles stress well (calm under pressure), assesses weather accurately (flight\u2011planning safety), and has excellent computer skills (modern avionics competence). These map directly to the core criteria for long\u2011distance pilots.\n- **Evidence from others:** Agents\u202f1 and\u202f2 have highlighted Candidate\u202fA\u2019s strong anticipatory ability, complex\u2011systems vision, excellent spatial vision, and very good leadership, but also note A\u2019s unfriendly, \u201cshow\u2011off\u201d attitude and resistance to new ideas. Both also repeat B\u2019s pretentiousness, occasional wrong tone, \u201cnasty remarks,\u201d and weak numeric memory.\n- **Alternatives considered:**\n  * **Candidate\u202fA** \u2013 superior situational awareness and leadership, yet the unfriendly, show\u2011off behavior could erode crew cohesion.\n  * **Candidate\u202fC** \u2013 quick decision\u2011making and strong concern for others, but communication difficulties, egocentricity, and unwillingness to further education limit teamwork.\n  * **Candidate\u202fD** \u2013 excellent problem\u2011solving, responsibility, and concentration, but moody, loner, and hot\u2011tempered traits pose serious crew\u2011morale risks.\n- **Main tradeoff:** Balancing B\u2019s solid, well\u2011rounded reliability and technical profile against its cooperation issues (pretentiousness, occasional harsh tone, weak numeric memory) versus A\u2019s higher technical/leadership strengths but harsher interpersonal attitude (unfriendly, show\u2011off). I judge that B\u2019s drawbacks are milder and more manageable than A\u2019s.\n- **Remaining uncertainty:** How much B\u2019s weak numeric memory and occasional \u201cnasty remarks\u201d will actually affect safety and crew dynamics on long\u2011haul missions.\n- **What would change my vote:** Concrete evidence that Candidate\u202fA\u2019s cooperation drawbacks are effectively mitigated (e.g., proven crew\u2011feedback showing no conflict) and that A\u2019s anticipatory and leadership abilities translate into measurable safety improvements, or data showing Candidate\u202fB\u2019s numeric\u2011memory weakness leads to critical errors in practice.\nMETADATA_JSON:\n{\"agent\": \"agent_3\", \"vote\": \"Candidate B\"}"}
2026-05-07 19:13:15,684 - INFO - Agent turns: 10
2026-05-07 19:13:21,510 - INFO - Tokens - Input: 6052, Output: 832, Total: 6884
2026-05-07 19:13:21,511 - INFO - Memory updates: 28
{"id": 43, "ts": 1778174001.5119112, "event": "memory_updated", "agent": "agent_2", "round": 4}
2026-05-07 19:13:22,169 - INFO - Tokens - Input: 6361, Output: 867, Total: 7228
2026-05-07 19:13:22,171 - INFO - Memory updates: 29
{"id": 44, "ts": 1778174002.1716623, "event": "memory_updated", "agent": "agent_1", "round": 4}
2026-05-07 19:13:25,716 - INFO - Tokens - Input: 6575, Output: 1297, Total: 7872
2026-05-07 19:13:25,718 - INFO - Memory updates: 30
{"id": 45, "ts": 1778174005.7191174, "event": "memory_updated", "agent": "agent_3", "round": 4}
2026-05-07 19:13:32,930 - INFO - Tokens - Input: 6286, Output: 930, Total: 7216
{"id": 46, "ts": 1778174012.9324977, "event": "public_discussion_message", "round": 4, "agent": "agent_2", "message": "Current position: Candidate A\nConfidence/uncertainty: Moderate (\u224855\u202f% confidence)\nReasoning summary:\n- Key evidence used: Candidate\u202fA can anticipate dangerous situations, sees complex connections, has excellent spatial vision, and possesses very good leadership qualities. These traits directly support the situational\u2011awareness, technical competence, and crew\u2011coordination required for long\u2011distance flights.\n- Evidence from others: Agents\u202f1 and\u202f3 have confirmed the same strengths for A and have highlighted B\u2019s conscientiousness, stress handling, weather\u2011assessment ability, and computer skills. All agents have also reported cooperation drawbacks for each candidate. For A the drawbacks are \u201cshow\u2011off\u201d behavior, resistance to new ideas, and an unfriendly attitude. For B the drawbacks are a weak memory for numbers, pretentiousness, and making nasty remarks toward colleagues.\n- Alternatives considered:\n  * Candidate\u202fB \u2013 strong reliability and stress handling, but the combination of weak numeric memory (a safety\u2011critical task) and overt hostile remarks presents a clear cooperation risk.\n  * Candidate\u202fC \u2013 quick decision\u2011making and calmness, yet egocentric, poor communicator, and unwilling to further education limit teamwork.\n  * Candidate\u202fD \u2013 excellent problem\u2011solving and responsibility, but a hot temper, know\u2011it\u2011all attitude, and loner behavior raise serious crew\u2011cohesion concerns.\n- Main tradeoff: Weighing A\u2019s superior anticipatory and leadership abilities against its attitude\u2011related cooperation issues versus B\u2019s well\u2011rounded reliability but more overt hostility (nasty remarks) and a concrete numeric\u2011memory weakness that could affect navigation or fuel planning.\n- Remaining uncertainty: The real\u2011world impact of A\u2019s \u201cshow\u2011off\u201d attitude and resistance to new ideas on crew cohesion during extended flights.\n- What would change my vote: Concrete evidence that A\u2019s cooperation drawbacks lead to serious crew conflict or safety incidents, or evidence that another candidate (especially B) matches A\u2019s anticipatory and leadership strengths while exhibiting markedly fewer or milder cooperation negatives.\nMETADATA_JSON:\n{\"agent\": \"agent_2\", \"vote\": \"Candidate A\"}"}
2026-05-07 19:13:32,932 - INFO - Agent turns: 11
2026-05-07 19:13:40,733 - INFO - Tokens - Input: 6680, Output: 1028, Total: 7708
2026-05-07 19:13:40,735 - INFO - Memory updates: 31
{"id": 47, "ts": 1778174020.7356496, "event": "memory_updated", "agent": "agent_1", "round": 4}
2026-05-07 19:13:40,984 - INFO - Tokens - Input: 6515, Output: 1060, Total: 7575
2026-05-07 19:13:40,986 - INFO - Memory updates: 32
{"id": 48, "ts": 1778174020.9869177, "event": "memory_updated", "agent": "agent_2", "round": 4}
2026-05-07 19:13:43,156 - INFO - Tokens - Input: 6965, Output: 1346, Total: 8311
2026-05-07 19:13:43,158 - INFO - Memory updates: 33
{"id": 49, "ts": 1778174023.1585333, "event": "memory_updated", "agent": "agent_3", "round": 4}
2026-05-07 19:13:52,637 - INFO - Tokens - Input: 7048, Output: 1130, Total: 8178
{"id": 50, "ts": 1778174032.6394603, "event": "public_discussion_message", "round": 4, "agent": "agent_1", "message": "Current position: Candidate A\nConfidence/uncertainty: Moderate (around 60\u202f% confidence)\nReasoning summary:\n- Key evidence used: Candidate\u202fA anticipates dangerous situations, sees complex connections, has excellent spatial vision, and possesses very good leadership qualities \u2013 all directly supporting situational awareness, technical competence, and high\u2011responsibility coordination needed for long\u2011distance flights.\n- Evidence from others: Agents\u202f2 and\u202f3 have confirmed the same strengths for A and have highlighted B\u2019s conscientiousness, stress handling, weather assessment, and computer skills, as well as B\u2019s weak numeric memory and pretentious/nasty\u2011remark behavior. All agents agree that each candidate has notable cooperation drawbacks.\n- Alternatives considered:\n  * Candidate\u202fB \u2013 strong reliability and stress handling, but the combination of a weak numeric memory (a safety\u2011critical task for navigation/fuel planning) and overt hostile remarks presents a clearer immediate safety risk than A\u2019s attitude issues.\n  * Candidate\u202fC \u2013 100\u202f% reliable and creates a positive crew atmosphere, yet poor communication, egocentricity, and unwillingness to further education limit teamwork and adaptability.\n  * Candidate\u202fD \u2013 excellent problem\u2011solving, responsibility, and concentration, but arrogance, weak leadership, and a hot\u2011tempered, loner demeanor raise serious crew\u2011cohesion concerns.\n- Main tradeoff: Balancing A\u2019s superior anticipatory ability and leadership (critical for preventing and managing emergencies) against its \u201cshow\u2011off\u201d attitude, resistance to criticism, and occasional disorganization versus B\u2019s solid reliability but concrete numeric\u2011memory weakness and more overt hostility.\n- Remaining uncertainty: The real\u2011world impact of A\u2019s \u201cshow\u2011off\u201d behavior and resistance to new ideas on crew cohesion and decision\u2011making during extended flights.\n- What would change my vote: Concrete evidence that A\u2019s cooperation drawbacks lead to serious crew conflict or safety incidents, or evidence that another candidate (especially B) matches A\u2019s anticipatory and leadership strengths while exhibiting markedly fewer or milder cooperation negatives.\nMETADATA_JSON:\n{\"agent\": \"agent_1\", \"vote\": \"Candidate A\"}"}
2026-05-07 19:13:52,639 - INFO - Agent turns: 12
2026-05-07 19:14:00,905 - INFO - Tokens - Input: 7064, Output: 955, Total: 8019
2026-05-07 19:14:00,907 - INFO - Memory updates: 34
{"id": 51, "ts": 1778174040.9074662, "event": "memory_updated", "agent": "agent_2", "round": 4}
2026-05-07 19:14:02,831 - INFO - Tokens - Input: 7268, Output: 1296, Total: 8564
2026-05-07 19:14:02,833 - INFO - Memory updates: 35
{"id": 52, "ts": 1778174042.8337383, "event": "memory_updated", "agent": "agent_1", "round": 4}
2026-05-07 19:14:04,503 - INFO - Tokens - Input: 7372, Output: 1579, Total: 8951
2026-05-07 19:14:04,505 - INFO - Memory updates: 36
{"id": 53, "ts": 1778174044.505993, "event": "memory_updated", "agent": "agent_3", "round": 4}
2026-05-07 19:14:04,516 - INFO - Loop 4 completed
{"id": 54, "ts": 1778174044.522797, "event": "discussion_order", "round": 5, "order": ["agent_2", "agent_1", "agent_3"]}
2026-05-07 19:14:07,691 - INFO - Tokens - Input: 7336, Output: 487, Total: 7823
{"id": 55, "ts": 1778174047.6936524, "event": "public_discussion_message", "round": 5, "agent": "agent_2", "message": "Current position: Candidate A\nConfidence/uncertainty: Moderate (\u224855\u202f% confidence)\nReasoning summary:\n- Key evidence used: Candidate\u202fA anticipates dangerous situations, sees complex connections, has excellent spatial vision, and demonstrates very good leadership \u2013 all critical for situational awareness, technical competence, and crew coordination on long\u2011distance flights.\n- Evidence from others: Agents\u202f1 and\u202f3 have confirmed the same strengths for A and have highlighted B\u2019s conscientiousness, stress handling, weather assessment, and computer skills, while also noting B\u2019s weak numeric memory and nasty remarks. All agents agree each candidate has notable cooperation drawbacks.\n- Alternatives considered:\n  * Candidate\u202fB \u2013 strong reliability and stress handling, but the combination of weak numeric memory (a safety\u2011critical task) and overt hostile remarks poses a clearer immediate safety risk than A\u2019s attitude issues.\n  * Candidate\u202fC \u2013 quick decision\u2011making and calmness, yet egocentric, poor communicator, and unwilling to further education limit teamwork.\n  * Candidate\u202fD \u2013 excellent problem\u2011solving and responsibility, but hot temper, know\u2011it\u2011all attitude, and loner behavior raise serious crew\u2011cohesion concerns.\n- Main tradeoff: Balancing A\u2019s superior anticipatory and leadership abilities against its \u201cshow\u2011off\u201d attitude and resistance to new ideas versus B\u2019s solid reliability but concrete numeric\u2011memory weakness and hostile remarks. The leadership and situational\u2011awareness advantages of A are judged to outweigh its milder cooperation drawbacks.\n- Remaining uncertainty: The real\u2011world impact of A\u2019s \u201cshow\u2011off\u201d behavior and reluctance to accept new ideas on crew cohesion during extended flights.\n- What would change my vote: Concrete evidence that A\u2019s cooperation drawbacks lead to serious crew conflict or safety incidents, or evidence that another candidate (especially B) matches A\u2019s anticipatory and leadership strengths while exhibiting markedly fewer or milder cooperation negatives.\nMETADATA_JSON:\n{\"agent\": \"agent_2\", \"vote\": \"Candidate A\"}"}
2026-05-07 19:14:07,693 - INFO - Agent turns: 13
2026-05-07 19:14:14,538 - INFO - Tokens - Input: 7491, Output: 941, Total: 8432
2026-05-07 19:14:14,540 - INFO - Memory updates: 37
{"id": 56, "ts": 1778174054.540416, "event": "memory_updated", "agent": "agent_2", "round": 5}
2026-05-07 19:14:17,169 - INFO - Tokens - Input: 7884, Output: 1179, Total: 9063
2026-05-07 19:14:17,170 - INFO - Memory updates: 38
{"id": 57, "ts": 1778174057.1701772, "event": "memory_updated", "agent": "agent_3", "round": 5}
2026-05-07 19:14:20,107 - INFO - Tokens - Input: 7652, Output: 1517, Total: 9169
2026-05-07 19:14:20,109 - INFO - Memory updates: 39
{"id": 58, "ts": 1778174060.1098478, "event": "memory_updated", "agent": "agent_1", "round": 5}
2026-05-07 19:14:25,561 - INFO - Tokens - Input: 7877, Output: 617, Total: 8494
{"id": 59, "ts": 1778174065.562916, "event": "public_discussion_message", "round": 5, "agent": "agent_1", "message": "Current position: Candidate A\nConfidence/uncertainty: Moderate (around 60\u202f% confidence)\nReasoning summary:\n- Key evidence used: Candidate\u202fA can anticipate dangerous situations, sees complex connections, has excellent spatial vision, and possesses very good leadership qualities \u2013 all directly supporting situational awareness, technical competence, and high\u2011responsibility crew coordination needed for long\u2011distance flights.\n- Evidence from others: Agents\u202f2 and\u202f3 have repeatedly confirmed A\u2019s anticipatory ability, complex\u2011systems vision, spatial vision, and leadership, while also noting the cooperation drawbacks of each candidate (A\u2019s \u201cshow\u2011off\u201d attitude and resistance to criticism; B\u2019s weak numeric memory and hostile remarks; C\u2019s communication issues and egocentrism; D\u2019s arrogance and weak leadership).\n- Alternatives considered:\n  * Candidate\u202fB \u2013 strong reliability, stress handling, weather assessment, and computer skills, but the combination of a safety\u2011critical numeric\u2011memory weakness and overt hostile remarks presents a clearer immediate risk than A\u2019s attitude issues.\n  * Candidate\u202fC \u2013 100\u202f% reliable and creates a positive crew atmosphere, yet poor communication, egocentricity, and unwillingness to further education limit teamwork and adaptability.\n  * Candidate\u202fD \u2013 excellent problem\u2011solving, responsibility, and concentration, but arrogance, weak leadership, and hot\u2011tempered, loner behavior raise serious crew\u2011cohesion concerns.\n- Main tradeoff: Weighing A\u2019s superior anticipatory and leadership abilities (critical for preventing and managing emergencies) against its \u201cshow\u2011off\u201d attitude and resistance to criticism versus B\u2019s solid reliability but concrete numeric\u2011memory weakness and more overt hostility.\n- Remaining uncertainty: The real\u2011world impact of A\u2019s \u201cshow\u2011off\u201d behavior and reluctance to accept new ideas on crew cohesion and decision\u2011making during extended flights.\n- What would change my vote: Credible evidence that A\u2019s cooperation drawbacks have led to serious crew conflict or safety\u2011critical incidents, or evidence that another candidate (especially B) matches A\u2019s anticipatory and leadership strengths while exhibiting markedly milder or no cooperation negatives.\nMETADATA_JSON:\n{\"agent\": \"agent_1\", \"vote\": \"Candidate A\"}"}
2026-05-07 19:14:25,563 - INFO - Agent turns: 14
2026-05-07 19:14:32,726 - INFO - Tokens - Input: 8130, Output: 1156, Total: 9286
2026-05-07 19:14:32,729 - INFO - Memory updates: 40
{"id": 60, "ts": 1778174072.7292385, "event": "memory_updated", "agent": "agent_1", "round": 5}
2026-05-07 19:14:33,289 - INFO - Tokens - Input: 8133, Output: 1111, Total: 9244
2026-05-07 19:14:33,291 - INFO - Memory updates: 41
{"id": 61, "ts": 1778174073.292115, "event": "memory_updated", "agent": "agent_3", "round": 5}
2026-05-07 19:14:39,495 - INFO - Tokens - Input: 8006, Output: 1566, Total: 9572
2026-05-07 19:14:39,497 - INFO - Memory updates: 42
{"id": 62, "ts": 1778174079.4977431, "event": "memory_updated", "agent": "agent_2", "round": 5}
2026-05-07 19:14:48,168 - INFO - Tokens - Input: 8322, Output: 1062, Total: 9384
{"id": 63, "ts": 1778174088.170226, "event": "public_discussion_message", "round": 5, "agent": "agent_3", "message": "Current position: Candidate A\nConfidence/uncertainty: Moderate \u2013 the evidence now leans toward A as the most balanced choice, though some uncertainty remains about the impact of his \u201cshow\u2011off\u201d attitude on crew cohesion.\nReasoning summary:\n- Key evidence used: Candidate\u202fA anticipates dangerous situations, sees complex system connections, has excellent spatial vision, and demonstrates very good leadership \u2013 all directly support situational awareness, technical competence, and high\u2011responsibility coordination essential for long\u2011distance flights.\n- Evidence from others: Agents\u202f1 and\u202f2 have repeatedly highlighted these strengths for A and noted his cooperation drawbacks (unfriendly, \u201cshow\u2011off\u201d attitude, resistance to new ideas). Agents\u202f3 and\u202f4 have pointed out B\u2019s weak numeric memory and overt hostile remarks, which constitute a concrete safety\u2011critical risk, as well as C\u2019s and D\u2019s serious communication and temperament issues.\n- Alternatives considered:\n  * Candidate\u202fB \u2013 strong reliability and stress handling, but the combination of a weak numeric memory (critical for navigation/fuel planning) and \u201cnasty remarks\u201d presents a clearer immediate safety and crew\u2011cohesion risk than A\u2019s attitude issues.\n  * Candidate\u202fC \u2013 quick decision\u2011making and strong concern for others, yet poor communication, egocentrism, and unwillingness to further education limit teamwork.\n  * Candidate\u202fD \u2013 excellent problem\u2011solving and responsibility, but moody, loner, and arrogant traits raise serious crew\u2011morale concerns.\n- Main tradeoff: Balancing A\u2019s superior anticipatory and leadership abilities against his \u201cshow\u2011off\u201d/unfriendly demeanor versus B\u2019s solid reliability but concrete numeric\u2011memory weakness and overt hostility. The tradeoff favors A because his cooperation drawbacks are less likely to cause safety\u2011critical conflicts than B\u2019s.\n- Remaining uncertainty: The real\u2011world impact of A\u2019s \u201cshow\u2011off\u201d attitude and resistance to new ideas on long\u2011haul crew cohesion and decision\u2011making.\n- What would change my vote: Credible evidence that A\u2019s interpersonal issues have led to serious crew conflict or safety incidents, or evidence that another candidate matches A\u2019s technical and leadership strengths while exhibiting markedly milder cooperation drawbacks.\nMETADATA_JSON:\n{\"agent\": \"agent_3\", \"vote\": \"Candidate A\"}"}
2026-05-07 19:14:48,170 - INFO - Agent turns: 15
2026-05-07 19:14:56,985 - INFO - Tokens - Input: 8583, Output: 1093, Total: 9676
2026-05-07 19:14:56,987 - INFO - Memory updates: 43
{"id": 64, "ts": 1778174096.9877698, "event": "memory_updated", "agent": "agent_1", "round": 5}
2026-05-07 19:14:57,237 - INFO - Tokens - Input: 8437, Output: 1198, Total: 9635
2026-05-07 19:14:57,239 - INFO - Memory updates: 44
{"id": 65, "ts": 1778174097.2398624, "event": "memory_updated", "agent": "agent_2", "round": 5}
2026-05-07 19:14:59,530 - INFO - Tokens - Input: 8611, Output: 1563, Total: 10174
2026-05-07 19:14:59,532 - INFO - Memory updates: 45
{"id": 66, "ts": 1778174099.5324411, "event": "memory_updated", "agent": "agent_3", "round": 5}
2026-05-07 19:14:59,541 - INFO - Loop 5 completed
2026-05-07 19:14:59,542 - INFO - Final Chosen Candidate: Candidate A
2026-05-07 19:14:59,542 - INFO - Final Decision Method: consensus
2026-05-07 19:14:59,542 - INFO - Final Vote Count: {'Candidate A': 3}
2026-05-07 19:14:59,542 - INFO - Correct Candidate: Candidate C
2026-05-07 19:14:59,542 - INFO - Decision Correct: 0
{"id": 67, "ts": 1778174146.5506568, "event": "context_consistency_calculated", "method": "embedding_cosine", "mean_pairwise_similarity": 0.905631, "pairwise": [{"agent_a": "agent_1", "agent_b": "agent_2", "similarity": 0.909095}, {"agent_a": "agent_1", "agent_b": "agent_3", "similarity": 0.897172}, {"agent_a": "agent_2", "agent_b": "agent_3", "similarity": 0.910625}]}
{"id": 68, "ts": 1778174146.5508523, "event": "agent_memories_archived", "directory": "/home/lhegemann/git/bachelor_thesis/01_data/raw/simulations/high/high_treatment_20260507_140016_001/shared_mental_models", "round": 5}
{"id": 69, "ts": 1778174146.550973, "event": "final_decision", "candidate": "Candidate A", "method": "consensus", "vote_count": {"Candidate A": 3}, "correct_candidate": "Candidate C", "decision_correct": 0, "round": 5}
2026-05-07 19:15:46,562 - INFO - ======================================================================
2026-05-07 19:15:46,562 - INFO - SIMULATION METRICS
2026-05-07 19:15:46,562 - INFO - ======================================================================
2026-05-07 19:15:46,562 - INFO - Total Loops: 5
2026-05-07 19:15:46,562 - INFO - Agent Turns (no vote checker): 15
2026-05-07 19:15:46,562 - INFO - Agent Tool Calls: 0
2026-05-07 19:15:46,562 - INFO - Agent Tool Messages: 0
2026-05-07 19:15:46,562 - INFO - Memory Updates: 45
2026-05-07 19:15:46,563 - INFO - Total Messages (no vote checker): 15
2026-05-07 19:15:46,563 - INFO - Input Tokens: 321332
2026-05-07 19:15:46,563 - INFO - Output Tokens: 70114
2026-05-07 19:15:46,563 - INFO - Total Tokens: 391446
2026-05-07 19:15:46,563 - INFO - Final Chosen Candidate: Candidate A
2026-05-07 19:15:46,563 - INFO - Final Decision Method: consensus
2026-05-07 19:15:46,563 - INFO - Final Vote Count: {'Candidate A': 3}
2026-05-07 19:15:46,563 - INFO - Correct Candidate: Candidate C
2026-05-07 19:15:46,563 - INFO - Decision Correct: 0
2026-05-07 19:15:46,563 - INFO - Runtime: 329.87s
2026-05-07 19:15:46,563 - INFO - ======================================================================
