2026-05-07 14:55:11,789 - INFO - Metrics tracker initialized
{"id": 1, "ts": 1778158511.8137467, "event": "memory_reset"}
{"id": 2, "ts": 1778158511.8166873, "event": "discussion_order", "round": 1, "order": ["agent_1", "agent_2", "agent_3"]}
2026-05-07 14:55:18,930 - INFO - Tokens - Input: 1686, Output: 709, Total: 2395
{"id": 3, "ts": 1778158518.931531, "event": "public_discussion_message", "round": 1, "agent": "agent_1", "message": "Candidate C \u2013 known to be 100% reliable.\nMETADATA_JSON:\n{\"agent\": \"agent_1\", \"vote\": \"Candidate C\"}"}
2026-05-07 14:55:18,931 - INFO - Agent turns: 1
2026-05-07 14:55:28,288 - INFO - Tokens - Input: 1196, Output: 1149, Total: 2345
2026-05-07 14:55:28,290 - INFO - Memory updates: 1
{"id": 4, "ts": 1778158528.2905655, "event": "memory_updated", "agent": "agent_2", "round": 1}
2026-05-07 14:55:28,902 - INFO - Tokens - Input: 1193, Output: 1242, Total: 2435
2026-05-07 14:55:28,904 - INFO - Memory updates: 2
{"id": 5, "ts": 1778158528.904765, "event": "memory_updated", "agent": "agent_1", "round": 1}
2026-05-07 14:55:28,958 - INFO - Tokens - Input: 1188, Output: 1221, Total: 2409
2026-05-07 14:55:28,959 - INFO - Memory updates: 3
{"id": 6, "ts": 1778158528.9596503, "event": "memory_updated", "agent": "agent_3", "round": 1}
2026-05-07 14:55:34,654 - INFO - Tokens - Input: 2201, Output: 444, Total: 2645
{"id": 7, "ts": 1778158534.6555328, "event": "public_discussion_message", "round": 1, "agent": "agent_2", "message": "Candidate D \u2013 has a hot temper.\nMETADATA_JSON:\n{\"agent\": \"agent_2\", \"vote\": \"Candidate D\"}"}
2026-05-07 14:55:34,655 - INFO - Agent turns: 2
2026-05-07 14:55:48,032 - INFO - Tokens - Input: 1707, Output: 1208, Total: 2915
2026-05-07 14:55:48,034 - INFO - Memory updates: 4
{"id": 8, "ts": 1778158548.0344424, "event": "memory_updated", "agent": "agent_1", "round": 1}
2026-05-07 14:55:51,240 - INFO - Tokens - Input: 1707, Output: 1130, Total: 2837
2026-05-07 14:55:51,242 - INFO - Memory updates: 5
{"id": 9, "ts": 1778158551.2423193, "event": "memory_updated", "agent": "agent_2", "round": 1}
2026-05-07 14:55:51,884 - INFO - Tokens - Input: 1657, Output: 1144, Total: 2801
2026-05-07 14:55:51,886 - INFO - Memory updates: 6
{"id": 10, "ts": 1778158551.886524, "event": "memory_updated", "agent": "agent_3", "round": 1}
2026-05-07 14:55:54,997 - INFO - Tokens - Input: 2202, Output: 334, Total: 2536
{"id": 11, "ts": 1778158554.9988084, "event": "public_discussion_message", "round": 1, "agent": "agent_3", "message": "Candidate B \u2013 handles stress well.\nMETADATA_JSON:\n{\"agent\": \"agent_3\", \"vote\": \"Candidate B\"}"}
2026-05-07 14:55:54,998 - INFO - Agent turns: 3
2026-05-07 14:56:04,267 - INFO - Tokens - Input: 1706, Output: 1181, Total: 2887
2026-05-07 14:56:04,269 - INFO - Memory updates: 7
{"id": 12, "ts": 1778158564.2698698, "event": "memory_updated", "agent": "agent_3", "round": 1}
2026-05-07 14:56:05,099 - INFO - Tokens - Input: 1846, Output: 1107, Total: 2953
2026-05-07 14:56:05,101 - INFO - Memory updates: 8
{"id": 13, "ts": 1778158565.1011674, "event": "memory_updated", "agent": "agent_2", "round": 1}
2026-05-07 14:56:11,698 - INFO - Tokens - Input: 1845, Output: 1135, Total: 2980
2026-05-07 14:56:11,700 - INFO - Memory updates: 9
{"id": 14, "ts": 1778158571.7005663, "event": "memory_updated", "agent": "agent_1", "round": 1}
2026-05-07 14:56:11,719 - INFO - Loop 1 completed
{"id": 15, "ts": 1778158571.7256024, "event": "discussion_order", "round": 2, "order": ["agent_2", "agent_1", "agent_3"]}
2026-05-07 14:56:13,582 - INFO - Tokens - Input: 2287, Output: 175, Total: 2462
{"id": 16, "ts": 1778158573.58358, "event": "public_discussion_message", "round": 2, "agent": "agent_2", "message": "Candidate D \u2013 has a hot temper.\nMETADATA_JSON:\n{\"agent\": \"agent_2\", \"vote\": \"Candidate D\"}"}
2026-05-07 14:56:13,583 - INFO - Agent turns: 4
2026-05-07 14:56:20,392 - INFO - Tokens - Input: 1768, Output: 927, Total: 2695
2026-05-07 14:56:20,394 - INFO - Memory updates: 10
{"id": 17, "ts": 1778158580.394187, "event": "memory_updated", "agent": "agent_2", "round": 2}
2026-05-07 14:56:21,279 - INFO - Tokens - Input: 1746, Output: 1046, Total: 2792
2026-05-07 14:56:21,281 - INFO - Memory updates: 11
{"id": 18, "ts": 1778158581.281224, "event": "memory_updated", "agent": "agent_3", "round": 2}
2026-05-07 14:56:21,599 - INFO - Tokens - Input: 1774, Output: 1006, Total: 2780
2026-05-07 14:56:21,601 - INFO - Memory updates: 12
{"id": 19, "ts": 1778158581.6013758, "event": "memory_updated", "agent": "agent_1", "round": 2}
2026-05-07 14:56:23,745 - INFO - Tokens - Input: 2308, Output: 251, Total: 2559
{"id": 20, "ts": 1778158583.7467225, "event": "public_discussion_message", "round": 2, "agent": "agent_1", "message": "Candidate C \u2013 100% reliable.\nMETADATA_JSON:\n{\"agent\": \"agent_1\", \"vote\": \"Candidate C\"}"}
2026-05-07 14:56:23,746 - INFO - Agent turns: 5
2026-05-07 14:56:31,578 - INFO - Tokens - Input: 1814, Output: 974, Total: 2788
2026-05-07 14:56:31,580 - INFO - Memory updates: 13
{"id": 21, "ts": 1778158591.5806806, "event": "memory_updated", "agent": "agent_1", "round": 2}
2026-05-07 14:56:32,105 - INFO - Tokens - Input: 1761, Output: 904, Total: 2665
2026-05-07 14:56:32,106 - INFO - Memory updates: 14
{"id": 22, "ts": 1778158592.106987, "event": "memory_updated", "agent": "agent_2", "round": 2}
2026-05-07 14:56:33,308 - INFO - Tokens - Input: 1781, Output: 1161, Total: 2942
2026-05-07 14:56:33,309 - INFO - Memory updates: 15
{"id": 23, "ts": 1778158593.3100107, "event": "memory_updated", "agent": "agent_3", "round": 2}
2026-05-07 14:56:34,805 - INFO - Tokens - Input: 2306, Output: 177, Total: 2483
{"id": 24, "ts": 1778158594.8072834, "event": "public_discussion_message", "round": 2, "agent": "agent_3", "message": "I prefer Candidate B \u2013 handles stress well.\nMETADATA_JSON:\n{\"agent\": \"agent_3\", \"vote\": \"Candidate B\"}"}
2026-05-07 14:56:34,807 - INFO - Agent turns: 6
2026-05-07 14:56:48,508 - INFO - Tokens - Input: 1862, Output: 884, Total: 2746
2026-05-07 14:56:48,509 - INFO - Memory updates: 16
{"id": 25, "ts": 1778158608.509958, "event": "memory_updated", "agent": "agent_1", "round": 2}
2026-05-07 14:56:48,930 - INFO - Tokens - Input: 1814, Output: 954, Total: 2768
2026-05-07 14:56:48,932 - INFO - Memory updates: 17
{"id": 26, "ts": 1778158608.9326112, "event": "memory_updated", "agent": "agent_3", "round": 2}
2026-05-07 14:56:57,401 - INFO - Tokens - Input: 1737, Output: 1020, Total: 2757
2026-05-07 14:56:57,402 - INFO - Memory updates: 18
{"id": 27, "ts": 1778158617.4028847, "event": "memory_updated", "agent": "agent_2", "round": 2}
2026-05-07 14:56:57,412 - INFO - Loop 2 completed
{"id": 28, "ts": 1778158617.4183946, "event": "discussion_order", "round": 3, "order": ["agent_2", "agent_1", "agent_3"]}
2026-05-07 14:56:59,742 - INFO - Tokens - Input: 2251, Output: 177, Total: 2428
{"id": 29, "ts": 1778158619.7440574, "event": "public_discussion_message", "round": 3, "agent": "agent_2", "message": "Candidate D \u2013 has a hot temper.\nMETADATA_JSON:\n{\"agent\": \"agent_2\", \"vote\": \"Candidate D\"}"}
2026-05-07 14:56:59,744 - INFO - Agent turns: 7
2026-05-07 14:57:06,575 - INFO - Tokens - Input: 1732, Output: 803, Total: 2535
2026-05-07 14:57:06,577 - INFO - Memory updates: 19
{"id": 30, "ts": 1778158626.5776114, "event": "memory_updated", "agent": "agent_2", "round": 3}
2026-05-07 14:57:07,314 - INFO - Tokens - Input: 1769, Output: 984, Total: 2753
2026-05-07 14:57:07,316 - INFO - Memory updates: 20
{"id": 31, "ts": 1778158627.3162324, "event": "memory_updated", "agent": "agent_1", "round": 3}
2026-05-07 14:57:07,710 - INFO - Tokens - Input: 1820, Output: 948, Total: 2768
2026-05-07 14:57:07,711 - INFO - Memory updates: 21
{"id": 32, "ts": 1778158627.7119403, "event": "memory_updated", "agent": "agent_3", "round": 3}
2026-05-07 14:57:09,851 - INFO - Tokens - Input: 2298, Output: 136, Total: 2434
{"id": 33, "ts": 1778158629.8523777, "event": "public_discussion_message", "round": 3, "agent": "agent_1", "message": "Candidate C \u2013 100% reliable.\nMETADATA_JSON:\n{\"agent\": \"agent_1\", \"vote\": \"Candidate C\"}"}
2026-05-07 14:57:09,852 - INFO - Agent turns: 8
2026-05-07 14:57:15,782 - INFO - Tokens - Input: 1804, Output: 837, Total: 2641
2026-05-07 14:57:15,784 - INFO - Memory updates: 22
{"id": 34, "ts": 1778158635.7846892, "event": "memory_updated", "agent": "agent_1", "round": 3}
2026-05-07 14:57:17,500 - INFO - Tokens - Input: 1717, Output: 1079, Total: 2796
2026-05-07 14:57:17,501 - INFO - Memory updates: 23
{"id": 35, "ts": 1778158637.502082, "event": "memory_updated", "agent": "agent_3", "round": 3}
2026-05-07 14:57:18,223 - INFO - Tokens - Input: 1744, Output: 976, Total: 2720
2026-05-07 14:57:18,225 - INFO - Memory updates: 24
{"id": 36, "ts": 1778158638.2255023, "event": "memory_updated", "agent": "agent_2", "round": 3}
2026-05-07 14:57:19,397 - INFO - Tokens - Input: 2374, Output: 134, Total: 2508
{"id": 37, "ts": 1778158639.3990395, "event": "public_discussion_message", "round": 3, "agent": "agent_3", "message": "Candidate B \u2013 very conscientious.\nMETADATA_JSON:\n{\"agent\": \"agent_3\", \"vote\": \"Candidate B\"}"}
2026-05-07 14:57:19,399 - INFO - Agent turns: 9
2026-05-07 14:57:26,737 - INFO - Tokens - Input: 1847, Output: 917, Total: 2764
2026-05-07 14:57:26,738 - INFO - Memory updates: 25
{"id": 38, "ts": 1778158646.7391202, "event": "memory_updated", "agent": "agent_1", "round": 3}
2026-05-07 14:57:27,439 - INFO - Tokens - Input: 1876, Output: 928, Total: 2804
2026-05-07 14:57:27,440 - INFO - Memory updates: 26
{"id": 39, "ts": 1778158647.4406903, "event": "memory_updated", "agent": "agent_3", "round": 3}
2026-05-07 14:57:28,234 - INFO - Tokens - Input: 1693, Output: 1057, Total: 2750
2026-05-07 14:57:28,236 - INFO - Memory updates: 27
{"id": 40, "ts": 1778158648.2363164, "event": "memory_updated", "agent": "agent_2", "round": 3}
2026-05-07 14:57:28,244 - INFO - Loop 3 completed
{"id": 41, "ts": 1778158648.2509067, "event": "discussion_order", "round": 4, "order": ["agent_3", "agent_1", "agent_2"]}
2026-05-07 14:57:30,128 - INFO - Tokens - Input: 2407, Output: 141, Total: 2548
{"id": 42, "ts": 1778158650.129597, "event": "public_discussion_message", "round": 4, "agent": "agent_3", "message": "I prefer Candidate B \u2013 handles stress well.\nMETADATA_JSON:\n{\"agent\": \"agent_3\", \"vote\": \"Candidate B\"}"}
2026-05-07 14:57:30,129 - INFO - Agent turns: 10
2026-05-07 14:57:36,461 - INFO - Tokens - Input: 1759, Output: 879, Total: 2638
2026-05-07 14:57:36,463 - INFO - Memory updates: 28
{"id": 43, "ts": 1778158656.46378, "event": "memory_updated", "agent": "agent_2", "round": 4}
2026-05-07 14:57:36,989 - INFO - Tokens - Input: 1894, Output: 917, Total: 2811
2026-05-07 14:57:36,991 - INFO - Memory updates: 29
{"id": 44, "ts": 1778158656.9913633, "event": "memory_updated", "agent": "agent_1", "round": 4}
2026-05-07 14:57:38,013 - INFO - Tokens - Input: 1890, Output: 1028, Total: 2918
2026-05-07 14:57:38,014 - INFO - Memory updates: 30
{"id": 45, "ts": 1778158658.014861, "event": "memory_updated", "agent": "agent_3", "round": 4}
2026-05-07 14:57:41,765 - INFO - Tokens - Input: 2452, Output: 149, Total: 2601
{"id": 46, "ts": 1778158661.7668743, "event": "public_discussion_message", "round": 4, "agent": "agent_1", "message": "Candidate C \u2013 100% reliable.\nMETADATA_JSON:\n{\"agent\": \"agent_1\", \"vote\": \"Candidate C\"}"}
2026-05-07 14:57:41,767 - INFO - Agent turns: 11
2026-05-07 14:57:48,472 - INFO - Tokens - Input: 1819, Output: 810, Total: 2629
2026-05-07 14:57:48,474 - INFO - Memory updates: 31
{"id": 47, "ts": 1778158668.4748747, "event": "memory_updated", "agent": "agent_2", "round": 4}
2026-05-07 14:57:48,858 - INFO - Tokens - Input: 1958, Output: 910, Total: 2868
2026-05-07 14:57:48,860 - INFO - Memory updates: 32
{"id": 48, "ts": 1778158668.8605316, "event": "memory_updated", "agent": "agent_1", "round": 4}
2026-05-07 14:57:50,407 - INFO - Tokens - Input: 1899, Output: 1109, Total: 3008
2026-05-07 14:57:50,408 - INFO - Memory updates: 33
{"id": 49, "ts": 1778158670.4089773, "event": "memory_updated", "agent": "agent_3", "round": 4}
2026-05-07 14:57:52,305 - INFO - Tokens - Input: 2268, Output: 118, Total: 2386
{"id": 50, "ts": 1778158672.3063097, "event": "public_discussion_message", "round": 4, "agent": "agent_2", "message": "Candidate D \u2013 hot temper.\nMETADATA_JSON:\n{\"agent\": \"agent_2\", \"vote\": \"Candidate D\"}"}
2026-05-07 14:57:52,306 - INFO - Agent turns: 12
2026-05-07 14:57:58,710 - INFO - Tokens - Input: 1770, Output: 743, Total: 2513
2026-05-07 14:57:58,712 - INFO - Memory updates: 34
{"id": 51, "ts": 1778158678.7126014, "event": "memory_updated", "agent": "agent_2", "round": 4}
2026-05-07 14:58:00,369 - INFO - Tokens - Input: 2015, Output: 1022, Total: 3037
2026-05-07 14:58:00,370 - INFO - Memory updates: 35
{"id": 52, "ts": 1778158680.3710876, "event": "memory_updated", "agent": "agent_1", "round": 4}
2026-05-07 14:58:11,985 - INFO - Tokens - Input: 1932, Output: 1092, Total: 3024
2026-05-07 14:58:11,987 - INFO - Memory updates: 36
{"id": 53, "ts": 1778158691.9872131, "event": "memory_updated", "agent": "agent_3", "round": 4}
2026-05-07 14:58:11,997 - INFO - Loop 4 completed
{"id": 54, "ts": 1778158692.0035713, "event": "discussion_order", "round": 5, "order": ["agent_1", "agent_3", "agent_2"]}
2026-05-07 14:58:16,024 - INFO - Tokens - Input: 2535, Output: 117, Total: 2652
{"id": 55, "ts": 1778158696.026355, "event": "public_discussion_message", "round": 5, "agent": "agent_1", "message": "Candidate C \u2013 100% reliable.\nMETADATA_JSON:\n{\"agent\": \"agent_1\", \"vote\": \"Candidate C\"}"}
2026-05-07 14:58:16,026 - INFO - Agent turns: 13
2026-05-07 14:58:23,941 - INFO - Tokens - Input: 1970, Output: 989, Total: 2959
2026-05-07 14:58:23,943 - INFO - Memory updates: 37
{"id": 56, "ts": 1778158703.9436846, "event": "memory_updated", "agent": "agent_3", "round": 5}
2026-05-07 14:58:24,948 - INFO - Tokens - Input: 1816, Output: 784, Total: 2600
2026-05-07 14:58:24,949 - INFO - Memory updates: 38
{"id": 57, "ts": 1778158704.9500892, "event": "memory_updated", "agent": "agent_2", "round": 5}
2026-05-07 14:58:32,799 - INFO - Tokens - Input: 2016, Output: 914, Total: 2930
2026-05-07 14:58:32,800 - INFO - Memory updates: 39
{"id": 58, "ts": 1778158712.8009837, "event": "memory_updated", "agent": "agent_1", "round": 5}
2026-05-07 14:58:34,962 - INFO - Tokens - Input: 2496, Output: 146, Total: 2642
{"id": 59, "ts": 1778158714.964247, "event": "public_discussion_message", "round": 5, "agent": "agent_3", "message": "I prefer Candidate B \u2013 handles stress well.\nMETADATA_JSON:\n{\"agent\": \"agent_3\", \"vote\": \"Candidate B\"}"}
2026-05-07 14:58:34,964 - INFO - Agent turns: 14
2026-05-07 14:58:43,581 - INFO - Tokens - Input: 1849, Output: 993, Total: 2842
2026-05-07 14:58:43,583 - INFO - Memory updates: 40
{"id": 60, "ts": 1778158723.5834253, "event": "memory_updated", "agent": "agent_2", "round": 5}
2026-05-07 14:58:43,609 - INFO - Tokens - Input: 2052, Output: 954, Total: 3006
2026-05-07 14:58:43,610 - INFO - Memory updates: 41
{"id": 61, "ts": 1778158723.6109467, "event": "memory_updated", "agent": "agent_1", "round": 5}
2026-05-07 14:58:47,335 - INFO - Tokens - Input: 2004, Output: 1196, Total: 3200
2026-05-07 14:58:47,337 - INFO - Memory updates: 42
{"id": 62, "ts": 1778158727.3377903, "event": "memory_updated", "agent": "agent_3", "round": 5}
2026-05-07 14:58:49,669 - INFO - Tokens - Input: 2307, Output: 115, Total: 2422
{"id": 63, "ts": 1778158729.6710105, "event": "public_discussion_message", "round": 5, "agent": "agent_2", "message": "Candidate D \u2013 hot temper.\nMETADATA_JSON:\n{\"agent\": \"agent_2\", \"vote\": \"Candidate D\"}"}
2026-05-07 14:58:49,671 - INFO - Agent turns: 15
2026-05-07 14:58:56,857 - INFO - Tokens - Input: 2070, Output: 979, Total: 3049
2026-05-07 14:58:56,859 - INFO - Memory updates: 43
{"id": 64, "ts": 1778158736.8592649, "event": "memory_updated", "agent": "agent_1", "round": 5}
2026-05-07 14:59:05,212 - INFO - Tokens - Input: 1809, Output: 854, Total: 2663
2026-05-07 14:59:05,214 - INFO - Memory updates: 44
{"id": 65, "ts": 1778158745.2145786, "event": "memory_updated", "agent": "agent_2", "round": 5}
2026-05-07 14:59:05,574 - INFO - Tokens - Input: 2035, Output: 880, Total: 2915
2026-05-07 14:59:05,576 - INFO - Memory updates: 45
{"id": 66, "ts": 1778158745.5765834, "event": "memory_updated", "agent": "agent_3", "round": 5}
2026-05-07 14:59:05,584 - INFO - Loop 5 completed
2026-05-07 14:59:05,585 - INFO - Final Chosen Candidate: None
2026-05-07 14:59:05,585 - INFO - Final Decision Method: max_round_no_majority
2026-05-07 14:59:05,585 - INFO - Final Vote Count: {'Candidate C': 1, 'Candidate D': 1, 'Candidate B': 1}
2026-05-07 14:59:05,585 - INFO - Correct Candidate: Candidate C
2026-05-07 14:59:05,585 - INFO - Decision Correct: 0
{"id": 67, "ts": 1778158745.9489243, "event": "context_consistency_calculated", "method": "embedding_cosine", "mean_pairwise_similarity": 0.756202, "pairwise": [{"agent_a": "agent_1", "agent_b": "agent_2", "similarity": 0.770894}, {"agent_a": "agent_1", "agent_b": "agent_3", "similarity": 0.721302}, {"agent_a": "agent_2", "agent_b": "agent_3", "similarity": 0.77641}]}
{"id": 68, "ts": 1778158745.9490955, "event": "agent_memories_archived", "directory": "/home/lhegemann/git/bachelor_thesis/01_data/raw/simulations/low/low_treatment_20260507_140016_014/shared_mental_models", "round": 5}
{"id": 69, "ts": 1778158745.949186, "event": "final_decision", "candidate": null, "method": "max_round_no_majority", "vote_count": {"Candidate C": 1, "Candidate D": 1, "Candidate B": 1}, "correct_candidate": "Candidate C", "decision_correct": 0, "round": 5}
2026-05-07 14:59:05,958 - INFO - ======================================================================
2026-05-07 14:59:05,958 - INFO - SIMULATION METRICS
2026-05-07 14:59:05,958 - INFO - ======================================================================
2026-05-07 14:59:05,959 - INFO - Total Loops: 5
2026-05-07 14:59:05,959 - INFO - Agent Turns (no vote checker): 15
2026-05-07 14:59:05,959 - INFO - Agent Tool Calls: 0
2026-05-07 14:59:05,959 - INFO - Agent Tool Messages: 0
2026-05-07 14:59:05,959 - INFO - Memory Updates: 45
2026-05-07 14:59:05,959 - INFO - Total Messages (no vote checker): 15
2026-05-07 14:59:05,959 - INFO - Input Tokens: 115039
2026-05-07 14:59:05,959 - INFO - Output Tokens: 48298
2026-05-07 14:59:05,959 - INFO - Total Tokens: 163337
2026-05-07 14:59:05,959 - INFO - Final Chosen Candidate: None
2026-05-07 14:59:05,959 - INFO - Final Decision Method: max_round_no_majority
2026-05-07 14:59:05,959 - INFO - Final Vote Count: {'Candidate C': 1, 'Candidate D': 1, 'Candidate B': 1}
2026-05-07 14:59:05,959 - INFO - Correct Candidate: Candidate C
2026-05-07 14:59:05,960 - INFO - Decision Correct: 0
2026-05-07 14:59:05,960 - INFO - Runtime: 234.17s
2026-05-07 14:59:05,960 - INFO - ======================================================================
