2026-05-09 02:25:39,200 - INFO - Metrics tracker initialized
{"id": 1, "ts": 1778286339.2258508, "event": "memory_reset"}
{"id": 2, "ts": 1778286339.230051, "event": "discussion_order", "round": 1, "order": ["agent_2", "agent_1", "agent_3"]}
2026-05-09 02:25:46,624 - INFO - Tokens - Input: 1422, Output: 742, Total: 2164
{"id": 3, "ts": 1778286346.6263418, "event": "public_discussion_message", "round": 1, "agent": "agent_2", "message": "I am provisionally leaning toward **Candidate\u202fD**. Their strong problem\u2011solving ability, high concentration, and serious sense of responsibility suggest they can manage the complex, long\u2011duration flights reliably. Additionally, they respond adequately to unexpected events, which is vital for handling in\u2011flight anomalies. The main uncertainty is their hot temper and reputation as a know\u2011it\u2011all, which could undermine crew cooperation and cockpit harmony.\nMETADATA_JSON:\n{\"agent\": \"agent_2\", \"vote\": \"Candidate D\"}"}
2026-05-09 02:25:46,626 - INFO - Agent turns: 1
2026-05-09 02:25:54,122 - INFO - Tokens - Input: 1628, Output: 840, Total: 2468
{"id": 4, "ts": 1778286354.123696, "event": "public_discussion_message", "round": 1, "agent": "agent_1", "message": "I am provisionally leaning toward **Candidate\u202fA**. Their ability to anticipate dangerous situations, see complex connections, and excellent spatial vision give them strong technical competence essential for long\u2011distance flights, and their very good leadership qualities support high\u2011responsibility decision\u2011making. The main trade\u2011off is that they can be unorganized and sometimes struggle with criticism, which raises uncertainty about how well they will cooperate with the crew under stress.\nMETADATA_JSON:\n{\"agent\": \"agent_1\", \"vote\": \"Candidate A\"}"}
2026-05-09 02:25:54,123 - INFO - Agent turns: 2
2026-05-09 02:26:04,233 - INFO - Tokens - Input: 1739, Output: 1011, Total: 2750
{"id": 5, "ts": 1778286364.2351491, "event": "public_discussion_message", "round": 1, "agent": "agent_3", "message": "I am provisionally leaning toward **Candidate\u202fB**. Their very conscientious nature and strong stress\u2011handling ability give them high reliability and calmness under pressure, while good weather\u2011assessment and computer skills provide solid technical competence for long\u2011distance flights. The main uncertainty is their tendency to be pretentious and sometimes adopt the wrong tone when communicating, which could undermine crew cooperation and cockpit harmony.\nMETADATA_JSON:\n{\"agent\": \"agent_3\", \"vote\": \"Candidate B\"}"}
2026-05-09 02:26:04,235 - INFO - Agent turns: 3
2026-05-09 02:26:04,244 - INFO - Loop 1 completed
{"id": 6, "ts": 1778286364.2505703, "event": "discussion_order", "round": 2, "order": ["agent_1", "agent_2", "agent_3"]}
2026-05-09 02:26:09,984 - INFO - Tokens - Input: 1774, Output: 745, Total: 2519
{"id": 7, "ts": 1778286369.985431, "event": "public_discussion_message", "round": 2, "agent": "agent_1", "message": "I remain provisionally leaning toward **Candidate\u202fA**. Their ability to anticipate dangerous situations, see complex connections, and excellent spatial vision give them top\u2011tier technical competence for long\u2011distance navigation, while their very good leadership supports high\u2011responsibility decision\u2011making. The main uncertainty is their tendency to be unorganized and to struggle with criticism, which could hinder effective crew cooperation under stress.\nMETADATA_JSON:\n{\"agent\": \"agent_1\", \"vote\": \"Candidate A\"}"}
2026-05-09 02:26:09,985 - INFO - Agent turns: 4
2026-05-09 02:26:16,946 - INFO - Tokens - Input: 1952, Output: 898, Total: 2850
{"id": 8, "ts": 1778286376.9479146, "event": "public_discussion_message", "round": 2, "agent": "agent_2", "message": "I continue to lean toward **Candidate\u202fD**. Their exceptional problem\u2011solving ability, strong concentration, and serious sense of responsibility indicate they can manage the complex, long\u2011duration flights reliably and take ownership of safety\u2011critical decisions. Additionally, they respond adequately to unexpected events, which is crucial for handling in\u2011flight anomalies. The main uncertainty is their hot temper and reputation as a know\u2011it\u2011all, which could undermine crew cooperation and cockpit harmony.\nMETADATA_JSON:\n{\"agent\": \"agent_2\", \"vote\": \"Candidate D\"}"}
2026-05-09 02:26:16,948 - INFO - Agent turns: 5
2026-05-09 02:26:21,603 - INFO - Tokens - Input: 2079, Output: 662, Total: 2741
{"id": 9, "ts": 1778286381.6044137, "event": "public_discussion_message", "round": 2, "agent": "agent_3", "message": "I continue to favor **Candidate\u202fB**. Their conscientious nature and strong stress\u2011handling ability give them high reliability and calmness under pressure, while their skill in assessing weather and excellent computer abilities provide solid technical competence for long\u2011distance flights. The main uncertainty is their pretentious attitude and occasional wrong tone, which could pose challenges for crew cooperation and cockpit harmony.\nMETADATA_JSON:\n{\"agent\": \"agent_3\", \"vote\": \"Candidate B\"}"}
2026-05-09 02:26:21,604 - INFO - Agent turns: 6
2026-05-09 02:26:21,613 - INFO - Loop 2 completed
{"id": 10, "ts": 1778286381.619677, "event": "discussion_order", "round": 3, "order": ["agent_3", "agent_2", "agent_1"]}
2026-05-09 02:26:24,930 - INFO - Tokens - Input: 2098, Output: 466, Total: 2564
{"id": 11, "ts": 1778286384.931545, "event": "public_discussion_message", "round": 3, "agent": "agent_3", "message": "I continue to favor **Candidate\u202fB**. Their very conscientious nature and strong stress\u2011handling ability give them high reliability and calmness under pressure, while their skill in assessing weather and excellent computer abilities provide solid technical competence for long\u2011distance flights. The main uncertainty is their pretentious attitude and occasional wrong tone, which could hinder crew cooperation and cockpit harmony.\nMETADATA_JSON:\n{\"agent\": \"agent_3\", \"vote\": \"Candidate B\"}"}
2026-05-09 02:26:24,931 - INFO - Agent turns: 7
2026-05-09 02:26:31,433 - INFO - Tokens - Input: 2267, Output: 775, Total: 3042
{"id": 12, "ts": 1778286391.4345837, "event": "public_discussion_message", "round": 3, "agent": "agent_2", "message": "I now favor **Candidate\u202fA**. Their ability to anticipate dangerous situations and excellent spatial vision give them top\u2011tier technical competence for long\u2011distance navigation, and their very good leadership qualities support high\u2011responsibility decision\u2011making. The main trade\u2011off is that they are regarded as a show\u2011off and not open to new ideas, which could hinder smooth crew cooperation.\nMETADATA_JSON:\n{\"agent\": \"agent_2\", \"vote\": \"Candidate A\"}"}
2026-05-09 02:26:31,434 - INFO - Agent turns: 8
2026-05-09 02:26:44,976 - INFO - Tokens - Input: 2372, Output: 1467, Total: 3839
{"id": 13, "ts": 1778286404.9781008, "event": "public_discussion_message", "round": 3, "agent": "agent_1", "message": "I continue to favor **Candidate\u202fA**. Their ability to anticipate dangerous situations, see complex connections, and excellent spatial vision give them top\u2011tier technical competence essential for long\u2011distance navigation, while their very good leadership qualities support high\u2011responsibility decision\u2011making. The main trade\u2011off is their tendency to be a show\u2011off and resistant to criticism, which could impede smooth crew cooperation.\nMETADATA_JSON:\n{\"agent\": \"agent_1\", \"vote\": \"Candidate A\"}"}
2026-05-09 02:26:44,978 - INFO - Agent turns: 9
2026-05-09 02:26:44,988 - INFO - Loop 3 completed
{"id": 14, "ts": 1778286404.9946282, "event": "discussion_order", "round": 4, "order": ["agent_1", "agent_3", "agent_2"]}
2026-05-09 02:26:46,332 - INFO - Tokens - Input: 2408, Output: 163, Total: 2571
{"id": 15, "ts": 1778286406.333798, "event": "public_discussion_message", "round": 4, "agent": "agent_1", "message": "I continue to favor **Candidate\u202fA**. Their ability to anticipate dangerous situations and excellent spatial vision provide top\u2011level technical competence for long\u2011distance navigation, and their very good leadership supports high\u2011responsibility decision\u2011making. The main trade\u2011off is their tendency to be a show\u2011off and resistant to criticism, which could hinder smooth crew cooperation.\nMETADATA_JSON:\n{\"agent\": \"agent_1\", \"vote\": \"Candidate A\"}"}
2026-05-09 02:26:46,333 - INFO - Agent turns: 10
2026-05-09 02:26:55,230 - INFO - Tokens - Input: 2571, Output: 904, Total: 3475
{"id": 16, "ts": 1778286415.231962, "event": "public_discussion_message", "round": 4, "agent": "agent_3", "message": "I continue to favor **Candidate\u202fB**. Their very conscientious nature and strong stress\u2011handling ability give them high reliability and calmness under pressure, which are essential for long\u2011distance flights, and their skill in assessing weather and excellent computer abilities provide solid technical competence. The main trade\u2011off is their pretentious attitude and occasional wrong tone, which could pose challenges for crew cooperation and cockpit harmony.\nMETADATA_JSON:\n{\"agent\": \"agent_3\", \"vote\": \"Candidate B\"}"}
2026-05-09 02:26:55,232 - INFO - Agent turns: 11
2026-05-09 02:27:01,373 - INFO - Tokens - Input: 2695, Output: 760, Total: 3455
{"id": 17, "ts": 1778286421.3749301, "event": "public_discussion_message", "round": 4, "agent": "agent_2", "message": "I continue to favor **Candidate\u202fA**. Their ability to anticipate dangerous situations and excellent spatial vision give them top\u2011level technical competence for long\u2011distance navigation, and their very good leadership qualities support high\u2011responsibility decision\u2011making. The main trade\u2011off is that they are regarded as a show\u2011off and not open to new ideas, which could hinder smooth crew cooperation.\nMETADATA_JSON:\n{\"agent\": \"agent_2\", \"vote\": \"Candidate A\"}"}
2026-05-09 02:27:01,375 - INFO - Agent turns: 12
2026-05-09 02:27:01,385 - INFO - Loop 4 completed
{"id": 18, "ts": 1778286421.3919437, "event": "discussion_order", "round": 5, "order": ["agent_1", "agent_2", "agent_3"]}
2026-05-09 02:27:02,878 - INFO - Tokens - Input: 2721, Output: 191, Total: 2912
{"id": 19, "ts": 1778286422.879485, "event": "public_discussion_message", "round": 5, "agent": "agent_1", "message": "I continue to favor **Candidate\u202fA**. Their ability to anticipate dangerous situations and excellent spatial vision give them top\u2011level technical competence for long\u2011distance navigation, while their very good leadership qualities support high\u2011responsibility decision\u2011making. The main trade\u2011off is their tendency to be a show\u2011off and resistant to criticism, which could impede smooth crew cooperation.\nMETADATA_JSON:\n{\"agent\": \"agent_1\", \"vote\": \"Candidate A\"}"}
2026-05-09 02:27:02,879 - INFO - Agent turns: 13
2026-05-09 02:27:08,272 - INFO - Tokens - Input: 2896, Output: 652, Total: 3548
{"id": 20, "ts": 1778286428.2734065, "event": "public_discussion_message", "round": 5, "agent": "agent_2", "message": "I continue to favor **Candidate\u202fA**. Their ability to anticipate dangerous situations, see complex connections, and excellent spatial vision give them top\u2011level technical competence for long\u2011distance navigation, while their very good leadership qualities support high\u2011responsibility decision\u2011making. The main trade\u2011off is that they are regarded as a show\u2011off and not open to new ideas, which could hinder smooth crew cooperation.\nMETADATA_JSON:\n{\"agent\": \"agent_2\", \"vote\": \"Candidate A\"}"}
2026-05-09 02:27:08,273 - INFO - Agent turns: 14
2026-05-09 02:27:14,443 - INFO - Tokens - Input: 3006, Output: 793, Total: 3799
{"id": 21, "ts": 1778286434.445211, "event": "public_discussion_message", "round": 5, "agent": "agent_3", "message": "I continue to favor **Candidate\u202fB**. Their very conscientious nature gives them high reliability, and their strong ability to handle stress ensures calmness under pressure\u2014both essential for long\u2011distance flights. The main uncertainty is their pretentious attitude and occasional wrong tone, which could hinder smooth crew cooperation.\nMETADATA_JSON:\n{\"agent\": \"agent_3\", \"vote\": \"Candidate B\"}"}
2026-05-09 02:27:14,445 - INFO - Agent turns: 15
2026-05-09 02:27:14,454 - INFO - Loop 5 completed
2026-05-09 02:27:14,454 - INFO - Final Chosen Candidate: Candidate A
2026-05-09 02:27:14,454 - INFO - Final Decision Method: max_round_majority_vote
2026-05-09 02:27:14,455 - INFO - Final Vote Count: {'Candidate A': 2, 'Candidate B': 1}
2026-05-09 02:27:14,455 - INFO - Correct Candidate: Candidate C
2026-05-09 02:27:14,455 - INFO - Decision Correct: 0
{"id": 22, "ts": 1778286434.4563332, "event": "context_consistency_not_applicable", "reason": "explicit_smm_memory_disabled"}
{"id": 23, "ts": 1778286434.4564703, "event": "final_decision", "candidate": "Candidate A", "method": "max_round_majority_vote", "vote_count": {"Candidate A": 2, "Candidate B": 1}, "correct_candidate": "Candidate C", "decision_correct": 0, "round": 5}
2026-05-09 02:27:14,465 - INFO - ======================================================================
2026-05-09 02:27:14,466 - INFO - SIMULATION METRICS
2026-05-09 02:27:14,466 - INFO - ======================================================================
2026-05-09 02:27:14,466 - INFO - Total Loops: 5
2026-05-09 02:27:14,466 - INFO - Agent Turns (no vote checker): 15
2026-05-09 02:27:14,466 - INFO - Agent Tool Calls: 0
2026-05-09 02:27:14,466 - INFO - Agent Tool Messages: 0
2026-05-09 02:27:14,466 - INFO - Memory Updates: 0
2026-05-09 02:27:14,466 - INFO - Total Messages (no vote checker): 15
2026-05-09 02:27:14,466 - INFO - Input Tokens: 33628
2026-05-09 02:27:14,466 - INFO - Output Tokens: 11069
2026-05-09 02:27:14,466 - INFO - Total Tokens: 44697
2026-05-09 02:27:14,466 - INFO - Final Chosen Candidate: Candidate A
2026-05-09 02:27:14,466 - INFO - Final Decision Method: max_round_majority_vote
2026-05-09 02:27:14,466 - INFO - Final Vote Count: {'Candidate A': 2, 'Candidate B': 1}
2026-05-09 02:27:14,467 - INFO - Correct Candidate: Candidate C
2026-05-09 02:27:14,467 - INFO - Decision Correct: 0
2026-05-09 02:27:14,467 - INFO - Runtime: 95.27s
2026-05-09 02:27:14,467 - INFO - ======================================================================
