2026-05-08 08:45:13,714 - INFO - Metrics tracker initialized
{"id": 1, "ts": 1778222713.7420888, "event": "memory_reset"}
{"id": 2, "ts": 1778222713.7475524, "event": "discussion_order", "round": 1, "order": ["agent_1", "agent_3", "agent_2"]}
2026-05-08 08:45:28,446 - INFO - Tokens - Input: 1686, Output: 830, Total: 2516
{"id": 3, "ts": 1778222728.4476652, "event": "public_discussion_message", "round": 1, "agent": "agent_1", "message": "Candidate C \u2013 known to be 100% reliable.\nMETADATA_JSON:\n{\"agent\": \"agent_1\", \"vote\": \"Candidate C\"}"}
2026-05-08 08:45:28,447 - INFO - Agent turns: 1
2026-05-08 08:45:34,238 - INFO - Tokens - Input: 1193, Output: 1215, Total: 2408
2026-05-08 08:45:34,241 - INFO - Memory updates: 1
{"id": 4, "ts": 1778222734.241295, "event": "memory_updated", "agent": "agent_1", "round": 1}
2026-05-08 08:45:35,028 - INFO - Tokens - Input: 1196, Output: 989, Total: 2185
2026-05-08 08:45:35,030 - INFO - Memory updates: 2
{"id": 5, "ts": 1778222735.03028, "event": "memory_updated", "agent": "agent_2", "round": 1}
2026-05-08 08:45:36,276 - INFO - Tokens - Input: 1188, Output: 1295, Total: 2483
2026-05-08 08:45:36,278 - INFO - Memory updates: 3
{"id": 6, "ts": 1778222736.2781518, "event": "memory_updated", "agent": "agent_3", "round": 1}
2026-05-08 08:45:39,455 - INFO - Tokens - Input: 2225, Output: 511, Total: 2736
{"id": 7, "ts": 1778222739.4566634, "event": "public_discussion_message", "round": 1, "agent": "agent_3", "message": "Candidate C \u2013 puts concern for others above everything.\nMETADATA_JSON:\n{\"agent\": \"agent_3\", \"vote\": \"Candidate C\"}"}
2026-05-08 08:45:39,456 - INFO - Agent turns: 2
2026-05-08 08:45:44,405 - INFO - Tokens - Input: 1711, Output: 989, Total: 2700
2026-05-08 08:45:44,407 - INFO - Memory updates: 4
{"id": 8, "ts": 1778222744.4075234, "event": "memory_updated", "agent": "agent_1", "round": 1}
2026-05-08 08:45:44,452 - INFO - Tokens - Input: 1735, Output: 977, Total: 2712
2026-05-08 08:45:44,454 - INFO - Memory updates: 5
{"id": 9, "ts": 1778222744.454364, "event": "memory_updated", "agent": "agent_3", "round": 1}
2026-05-08 08:45:45,765 - INFO - Tokens - Input: 1386, Output: 1122, Total: 2508
2026-05-08 08:45:45,767 - INFO - Memory updates: 6
{"id": 10, "ts": 1778222745.767197, "event": "memory_updated", "agent": "agent_2", "round": 1}
2026-05-08 08:45:47,768 - INFO - Tokens - Input: 2053, Output: 306, Total: 2359
{"id": 11, "ts": 1778222747.7703152, "event": "public_discussion_message", "round": 1, "agent": "agent_2", "message": "Candidate C \u2013 difficulty communicating ideas.\nMETADATA_JSON:\n{\"agent\": \"agent_2\", \"vote\": \"Candidate C\"}"}
2026-05-08 08:45:47,770 - INFO - Agent turns: 3
2026-05-08 08:45:51,754 - INFO - Tokens - Input: 1557, Output: 772, Total: 2329
2026-05-08 08:45:51,758 - INFO - Memory updates: 7
{"id": 12, "ts": 1778222751.7590427, "event": "memory_updated", "agent": "agent_2", "round": 1}
2026-05-08 08:45:54,392 - INFO - Tokens - Input: 1778, Output: 1072, Total: 2850
2026-05-08 08:45:54,394 - INFO - Memory updates: 8
{"id": 13, "ts": 1778222754.3948412, "event": "memory_updated", "agent": "agent_1", "round": 1}
2026-05-08 08:45:56,866 - INFO - Tokens - Input: 1804, Output: 1233, Total: 3037
2026-05-08 08:45:56,868 - INFO - Memory updates: 9
{"id": 14, "ts": 1778222756.8684528, "event": "memory_updated", "agent": "agent_3", "round": 1}
2026-05-08 08:45:56,878 - INFO - Loop 1 completed
{"id": 15, "ts": 1778222756.8857026, "event": "discussion_order", "round": 2, "order": ["agent_1", "agent_3", "agent_2"]}
2026-05-08 08:45:57,764 - INFO - Tokens - Input: 2276, Output: 99, Total: 2375
{"id": 16, "ts": 1778222757.7659404, "event": "public_discussion_message", "round": 2, "agent": "agent_1", "message": "Candidate C \u2013 known to be 100% reliable.\nMETADATA_JSON:\n{\"agent\": \"agent_1\", \"vote\": \"Candidate C\"}"}
2026-05-08 08:45:57,766 - INFO - Agent turns: 4
2026-05-08 08:46:04,547 - INFO - Tokens - Input: 1911, Output: 1118, Total: 3029
2026-05-08 08:46:04,549 - INFO - Memory updates: 10
{"id": 17, "ts": 1778222764.5495596, "event": "memory_updated", "agent": "agent_3", "round": 2}
2026-05-08 08:46:05,202 - INFO - Tokens - Input: 1613, Output: 1091, Total: 2704
2026-05-08 08:46:05,203 - INFO - Memory updates: 11
{"id": 18, "ts": 1778222765.2040105, "event": "memory_updated", "agent": "agent_2", "round": 2}
2026-05-08 08:46:05,599 - INFO - Tokens - Input: 1777, Output: 1012, Total: 2789
2026-05-08 08:46:05,601 - INFO - Memory updates: 12
{"id": 19, "ts": 1778222765.601379, "event": "memory_updated", "agent": "agent_1", "round": 2}
2026-05-08 08:46:06,957 - INFO - Tokens - Input: 2433, Output: 163, Total: 2596
{"id": 20, "ts": 1778222766.9590569, "event": "public_discussion_message", "round": 2, "agent": "agent_3", "message": "Candidate C \u2013 has excellent attention skills.\nMETADATA_JSON:\n{\"agent\": \"agent_3\", \"vote\": \"Candidate C\"}"}
2026-05-08 08:46:06,959 - INFO - Agent turns: 5
2026-05-08 08:46:13,220 - INFO - Tokens - Input: 1824, Output: 1103, Total: 2927
2026-05-08 08:46:13,222 - INFO - Memory updates: 13
{"id": 21, "ts": 1778222773.2222373, "event": "memory_updated", "agent": "agent_1", "round": 2}
2026-05-08 08:46:15,652 - INFO - Tokens - Input: 1939, Output: 1161, Total: 3100
2026-05-08 08:46:15,654 - INFO - Memory updates: 14
{"id": 22, "ts": 1778222775.654507, "event": "memory_updated", "agent": "agent_3", "round": 2}
2026-05-08 08:46:16,592 - INFO - Tokens - Input: 1860, Output: 1307, Total: 3167
2026-05-08 08:46:16,594 - INFO - Memory updates: 15
{"id": 23, "ts": 1778222776.5948691, "event": "memory_updated", "agent": "agent_2", "round": 2}
2026-05-08 08:46:19,064 - INFO - Tokens - Input: 2408, Output: 132, Total: 2540
{"id": 24, "ts": 1778222779.0660667, "event": "public_discussion_message", "round": 2, "agent": "agent_2", "message": "Candidate C \u2013 makes correct decisions quickly.\nMETADATA_JSON:\n{\"agent\": \"agent_2\", \"vote\": \"Candidate C\"}"}
2026-05-08 08:46:19,066 - INFO - Agent turns: 6
2026-05-08 08:46:23,495 - INFO - Tokens - Input: 1876, Output: 905, Total: 2781
2026-05-08 08:46:23,497 - INFO - Memory updates: 16
{"id": 25, "ts": 1778222783.4976296, "event": "memory_updated", "agent": "agent_1", "round": 2}
2026-05-08 08:46:26,537 - INFO - Tokens - Input: 1914, Output: 1026, Total: 2940
2026-05-08 08:46:26,539 - INFO - Memory updates: 17
{"id": 26, "ts": 1778222786.539388, "event": "memory_updated", "agent": "agent_2", "round": 2}
2026-05-08 08:46:27,076 - INFO - Tokens - Input: 1971, Output: 1353, Total: 3324
2026-05-08 08:46:27,078 - INFO - Memory updates: 18
{"id": 27, "ts": 1778222787.0788865, "event": "memory_updated", "agent": "agent_3", "round": 2}
2026-05-08 08:46:27,088 - INFO - Loop 2 completed
2026-05-08 08:46:27,088 - INFO - Final Chosen Candidate: Candidate C
2026-05-08 08:46:27,089 - INFO - Final Decision Method: consensus
2026-05-08 08:46:27,089 - INFO - Final Vote Count: {'Candidate C': 3}
2026-05-08 08:46:27,089 - INFO - Correct Candidate: Candidate C
2026-05-08 08:46:27,089 - INFO - Decision Correct: 1
{"id": 28, "ts": 1778222787.4562721, "event": "context_consistency_calculated", "method": "embedding_cosine", "mean_pairwise_similarity": 0.910325, "pairwise": [{"agent_a": "agent_1", "agent_b": "agent_2", "similarity": 0.924782}, {"agent_a": "agent_1", "agent_b": "agent_3", "similarity": 0.897313}, {"agent_a": "agent_2", "agent_b": "agent_3", "similarity": 0.90888}]}
{"id": 29, "ts": 1778222787.4564378, "event": "agent_memories_archived", "directory": "/home/lhegemann/git/bachelor_thesis/01_data/raw/simulations/low/low_treatment_20260508_080303_017/shared_mental_models", "round": 2}
{"id": 30, "ts": 1778222787.4565287, "event": "final_decision", "candidate": "Candidate C", "method": "consensus", "vote_count": {"Candidate C": 3}, "correct_candidate": "Candidate C", "decision_correct": 1, "round": 2}
2026-05-08 08:46:27,467 - INFO - ======================================================================
2026-05-08 08:46:27,467 - INFO - SIMULATION METRICS
2026-05-08 08:46:27,467 - INFO - ======================================================================
2026-05-08 08:46:27,467 - INFO - Total Loops: 2
2026-05-08 08:46:27,467 - INFO - Agent Turns (no vote checker): 6
2026-05-08 08:46:27,467 - INFO - Agent Tool Calls: 0
2026-05-08 08:46:27,467 - INFO - Agent Tool Messages: 0
2026-05-08 08:46:27,467 - INFO - Memory Updates: 18
2026-05-08 08:46:27,467 - INFO - Total Messages (no vote checker): 6
2026-05-08 08:46:27,467 - INFO - Input Tokens: 43314
2026-05-08 08:46:27,468 - INFO - Output Tokens: 21781
2026-05-08 08:46:27,468 - INFO - Total Tokens: 65095
2026-05-08 08:46:27,468 - INFO - Final Chosen Candidate: Candidate C
2026-05-08 08:46:27,468 - INFO - Final Decision Method: consensus
2026-05-08 08:46:27,468 - INFO - Final Vote Count: {'Candidate C': 3}
2026-05-08 08:46:27,468 - INFO - Correct Candidate: Candidate C
2026-05-08 08:46:27,468 - INFO - Decision Correct: 1
2026-05-08 08:46:27,468 - INFO - Runtime: 73.75s
2026-05-08 08:46:27,468 - INFO - ======================================================================
