2026-05-06 20:45:40,038 - INFO - Metrics tracker initialized
{"id": 1, "ts": 1778093140.0632522, "event": "memory_reset"}
{"id": 2, "ts": 1778093140.0665612, "event": "discussion_order", "round": 1, "order": ["agent_3", "agent_1", "agent_2"]}
2026-05-06 20:45:46,351 - INFO - Tokens - Input: 1708, Output: 591, Total: 2299
{"id": 3, "ts": 1778093146.3531747, "event": "public_discussion_message", "round": 1, "agent": "agent_3", "message": "I tentatively favor **Candidate\u202fB**. Their strong conscientiousness and stress\u2011handling indicate high reliability and calmness under pressure, while their skill in assessing weather and excellent computer abilities support the technical competence needed for long\u2011distance flights. The main uncertainty is their pretentious demeanor and occasional wrong tone, which could undermine crew cooperation and the cockpit atmosphere.\nMETADATA_JSON:\n{\"agent\": \"agent_3\", \"vote\": \"Candidate B\"}"}
2026-05-06 20:45:46,353 - INFO - Agent turns: 1
2026-05-06 20:45:56,903 - INFO - Tokens - Input: 1308, Output: 1413, Total: 2721
2026-05-06 20:45:56,905 - INFO - Memory updates: 1
{"id": 4, "ts": 1778093156.9056346, "event": "memory_updated", "agent": "agent_3", "round": 1}
2026-05-06 20:45:58,749 - INFO - Tokens - Input: 1313, Output: 1629, Total: 2942
2026-05-06 20:45:58,750 - INFO - Memory updates: 2
{"id": 5, "ts": 1778093158.750869, "event": "memory_updated", "agent": "agent_1", "round": 1}
2026-05-06 20:46:02,953 - INFO - Tokens - Input: 1316, Output: 2041, Total: 3357
2026-05-06 20:46:02,955 - INFO - Memory updates: 3
{"id": 6, "ts": 1778093162.9552693, "event": "memory_updated", "agent": "agent_2", "round": 1}
2026-05-06 20:46:07,616 - INFO - Tokens - Input: 2532, Output: 687, Total: 3219
{"id": 7, "ts": 1778093167.6174667, "event": "public_discussion_message", "round": 1, "agent": "agent_1", "message": "I currently favor **Candidate\u202fA**. Their ability to anticipate dangerous situations, see complex connections, and possess excellent spatial vision directly supports the technical competence and safety awareness needed for long\u2011distance flights. Additionally, their very good leadership qualities promote effective crew cooperation and decision\u2011making. The main uncertainty is A\u2019s tendency to be unorganized and difficulty accepting criticism, which could impact consistency and crew dynamics on extended missions.\nMETADATA_JSON:\n{\"agent\": \"agent_1\", \"vote\": \"Candidate A\"}"}
2026-05-06 20:46:07,617 - INFO - Agent turns: 2
2026-05-06 20:46:15,980 - INFO - Tokens - Input: 2161, Output: 1218, Total: 3379
2026-05-06 20:46:15,982 - INFO - Memory updates: 4
{"id": 8, "ts": 1778093175.9825194, "event": "memory_updated", "agent": "agent_1", "round": 1}
2026-05-06 20:46:17,039 - INFO - Tokens - Input: 2102, Output: 1360, Total: 3462
2026-05-06 20:46:17,040 - INFO - Memory updates: 5
{"id": 9, "ts": 1778093177.0410914, "event": "memory_updated", "agent": "agent_2", "round": 1}
2026-05-06 20:46:19,568 - INFO - Tokens - Input: 2060, Output: 1764, Total: 3824
2026-05-06 20:46:19,569 - INFO - Memory updates: 6
{"id": 10, "ts": 1778093179.5699537, "event": "memory_updated", "agent": "agent_3", "round": 1}
2026-05-06 20:46:23,659 - INFO - Tokens - Input: 2714, Output: 612, Total: 3326
{"id": 11, "ts": 1778093183.660945, "event": "public_discussion_message", "round": 1, "agent": "agent_2", "message": "I currently favor **Candidate\u202fA**. Their ability to anticipate dangerous situations, see complex connections, and excellent spatial vision directly support the safety, situational awareness, and navigation demands of long\u2011distance flights. Additionally, their very good leadership qualities can help maintain crew coordination and decision\u2011making in the cockpit. The main trade\u2011off is A\u2019s tendency to be a show\u2011off, resistance to new ideas, and difficulty accepting criticism, which could hinder crew cooperation and adaptability on extended missions.\nMETADATA_JSON:\n{\"agent\": \"agent_2\", \"vote\": \"Candidate A\"}"}
2026-05-06 20:46:23,661 - INFO - Agent turns: 3
2026-05-06 20:46:31,012 - INFO - Tokens - Input: 2375, Output: 1185, Total: 3560
2026-05-06 20:46:31,014 - INFO - Memory updates: 7
{"id": 12, "ts": 1778093191.0143397, "event": "memory_updated", "agent": "agent_2", "round": 1}
2026-05-06 20:46:34,366 - INFO - Tokens - Input: 2133, Output: 1572, Total: 3705
2026-05-06 20:46:34,368 - INFO - Memory updates: 8
{"id": 13, "ts": 1778093194.3685522, "event": "memory_updated", "agent": "agent_1", "round": 1}
2026-05-06 20:46:39,128 - INFO - Tokens - Input: 2463, Output: 1955, Total: 4418
2026-05-06 20:46:39,130 - INFO - Memory updates: 9
{"id": 14, "ts": 1778093199.1304333, "event": "memory_updated", "agent": "agent_3", "round": 1}
2026-05-06 20:46:39,139 - INFO - Loop 1 completed
{"id": 15, "ts": 1778093199.1452794, "event": "discussion_order", "round": 2, "order": ["agent_1", "agent_3", "agent_2"]}
2026-05-06 20:46:41,400 - INFO - Tokens - Input: 2728, Output: 338, Total: 3066
{"id": 16, "ts": 1778093201.4016163, "event": "public_discussion_message", "round": 2, "agent": "agent_1", "message": "I continue to favor **Candidate\u202fA**. Their ability to anticipate dangerous situations and excellent spatial vision give strong situational awareness and navigation safety for long\u2011haul flights, while their very good leadership supports effective crew coordination. The main trade\u2011off is A\u2019s occasional unorganized approach and difficulty accepting criticism, which could undermine consistency and crew dynamics over extended missions.\nMETADATA_JSON:\n{\"agent\": \"agent_1\", \"vote\": \"Candidate A\"}"}
2026-05-06 20:46:41,401 - INFO - Agent turns: 4
2026-05-06 20:46:48,326 - INFO - Tokens - Input: 2317, Output: 948, Total: 3265
2026-05-06 20:46:48,327 - INFO - Memory updates: 10
{"id": 17, "ts": 1778093208.3279405, "event": "memory_updated", "agent": "agent_1", "round": 2}
2026-05-06 20:46:50,305 - INFO - Tokens - Input: 2368, Output: 1116, Total: 3484
2026-05-06 20:46:50,306 - INFO - Memory updates: 11
{"id": 18, "ts": 1778093210.3069868, "event": "memory_updated", "agent": "agent_2", "round": 2}
2026-05-06 20:46:51,311 - INFO - Tokens - Input: 2695, Output: 1466, Total: 4161
2026-05-06 20:46:51,313 - INFO - Memory updates: 12
{"id": 19, "ts": 1778093211.3136237, "event": "memory_updated", "agent": "agent_3", "round": 2}
2026-05-06 20:46:54,695 - INFO - Tokens - Input: 2959, Output: 355, Total: 3314
{"id": 20, "ts": 1778093214.697177, "event": "public_discussion_message", "round": 2, "agent": "agent_3", "message": "I continue to favor **Candidate\u202fB**. Their strong conscientiousness and ability to handle stress indicate high reliability and calmness under pressure, while their skill in assessing weather and excellent computer abilities support the technical competence needed for long\u2011distance flights. The main uncertainty is whether their pretentious demeanor and occasional wrong tone could undermine crew cooperation and cockpit atmosphere.\nMETADATA_JSON:\n{\"agent\": \"agent_3\", \"vote\": \"Candidate B\"}"}
2026-05-06 20:46:54,697 - INFO - Agent turns: 5
2026-05-06 20:47:00,920 - INFO - Tokens - Input: 2205, Output: 1075, Total: 3280
2026-05-06 20:47:00,922 - INFO - Memory updates: 13
{"id": 21, "ts": 1778093220.9222496, "event": "memory_updated", "agent": "agent_1", "round": 2}
2026-05-06 20:47:02,124 - INFO - Tokens - Input: 2193, Output: 1186, Total: 3379
2026-05-06 20:47:02,126 - INFO - Memory updates: 14
{"id": 22, "ts": 1778093222.1266887, "event": "memory_updated", "agent": "agent_2", "round": 2}
2026-05-06 20:47:02,885 - INFO - Tokens - Input: 2562, Output: 1118, Total: 3680
2026-05-06 20:47:02,887 - INFO - Memory updates: 15
{"id": 23, "ts": 1778093222.8877559, "event": "memory_updated", "agent": "agent_3", "round": 2}
2026-05-06 20:47:04,295 - INFO - Tokens - Input: 2722, Output: 191, Total: 2913
{"id": 24, "ts": 1778093224.296646, "event": "public_discussion_message", "round": 2, "agent": "agent_2", "message": "I continue to favor **Candidate\u202fA**. Their ability to anticipate dangerous situations and excellent spatial vision give strong situational awareness and navigation safety for long\u2011haul flights, while their very good leadership qualities support effective crew coordination. The main trade\u2011off is A\u2019s tendency to be a show\u2011off, resistance to new ideas, and difficulty accepting criticism, which could hinder crew cooperation and adaptability on extended missions.\nMETADATA_JSON:\n{\"agent\": \"agent_2\", \"vote\": \"Candidate A\"}"}
2026-05-06 20:47:04,296 - INFO - Agent turns: 6
2026-05-06 20:47:10,115 - INFO - Tokens - Input: 2349, Output: 938, Total: 3287
2026-05-06 20:47:10,116 - INFO - Memory updates: 16
{"id": 25, "ts": 1778093230.1170197, "event": "memory_updated", "agent": "agent_2", "round": 2}
2026-05-06 20:47:11,786 - INFO - Tokens - Input: 2317, Output: 1009, Total: 3326
2026-05-06 20:47:11,787 - INFO - Memory updates: 17
{"id": 26, "ts": 1778093231.787887, "event": "memory_updated", "agent": "agent_1", "round": 2}
2026-05-06 20:47:13,408 - INFO - Tokens - Input: 2436, Output: 1562, Total: 3998
2026-05-06 20:47:13,409 - INFO - Memory updates: 18
{"id": 27, "ts": 1778093233.4099689, "event": "memory_updated", "agent": "agent_3", "round": 2}
2026-05-06 20:47:13,418 - INFO - Loop 2 completed
{"id": 28, "ts": 1778093233.4253447, "event": "discussion_order", "round": 3, "order": ["agent_1", "agent_3", "agent_2"]}
2026-05-06 20:47:16,253 - INFO - Tokens - Input: 2810, Output: 198, Total: 3008
{"id": 29, "ts": 1778093236.2550113, "event": "public_discussion_message", "round": 3, "agent": "agent_1", "message": "I continue to favor **Candidate\u202fA**. Their ability to anticipate dangerous situations and excellent spatial vision give strong situational awareness and navigation safety\u2014critical for long\u2011distance flights. Their very good leadership supports effective crew coordination and decision\u2011making in the cockpit. The main trade\u2011off is their occasional disorganization and difficulty accepting criticism, which could affect consistency and crew dynamics over extended missions.\nMETADATA_JSON:\n{\"agent\": \"agent_1\", \"vote\": \"Candidate A\"}"}
2026-05-06 20:47:16,255 - INFO - Agent turns: 7
2026-05-06 20:47:21,269 - INFO - Tokens - Input: 2411, Output: 787, Total: 3198
2026-05-06 20:47:21,271 - INFO - Memory updates: 19
{"id": 30, "ts": 1778093241.2716794, "event": "memory_updated", "agent": "agent_1", "round": 3}
2026-05-06 20:47:22,557 - INFO - Tokens - Input: 2411, Output: 1082, Total: 3493
2026-05-06 20:47:22,559 - INFO - Memory updates: 20
{"id": 31, "ts": 1778093242.5597548, "event": "memory_updated", "agent": "agent_2", "round": 3}
2026-05-06 20:47:26,738 - INFO - Tokens - Input: 2702, Output: 1331, Total: 4033
2026-05-06 20:47:26,739 - INFO - Memory updates: 21
{"id": 32, "ts": 1778093246.7401066, "event": "memory_updated", "agent": "agent_3", "round": 3}
2026-05-06 20:47:30,335 - INFO - Tokens - Input: 3222, Output: 372, Total: 3594
{"id": 33, "ts": 1778093250.33726, "event": "public_discussion_message", "round": 3, "agent": "agent_3", "message": "I continue to favor **Candidate\u202fB**. Their strong conscientiousness and ability to handle stress give high reliability and calmness under pressure, while their skill in assessing weather conditions and excellent computer abilities provide the technical competence essential for long\u2011distance flights. The main trade\u2011off is their pretentious demeanor and occasional wrong tone, which could undermine crew cooperation and cockpit atmosphere.\nMETADATA_JSON:\n{\"agent\": \"agent_3\", \"vote\": \"Candidate B\"}"}
2026-05-06 20:47:30,337 - INFO - Agent turns: 8
2026-05-06 20:47:35,979 - INFO - Tokens - Input: 2392, Output: 945, Total: 3337
2026-05-06 20:47:35,981 - INFO - Memory updates: 22
{"id": 34, "ts": 1778093255.981546, "event": "memory_updated", "agent": "agent_2", "round": 3}
2026-05-06 20:47:37,908 - INFO - Tokens - Input: 2833, Output: 1245, Total: 4078
2026-05-06 20:47:37,910 - INFO - Memory updates: 23
{"id": 35, "ts": 1778093257.9103725, "event": "memory_updated", "agent": "agent_3", "round": 3}
2026-05-06 20:47:39,288 - INFO - Tokens - Input: 2324, Output: 1284, Total: 3608
2026-05-06 20:47:39,289 - INFO - Memory updates: 24
{"id": 36, "ts": 1778093259.2899163, "event": "memory_updated", "agent": "agent_1", "round": 3}
2026-05-06 20:47:40,774 - INFO - Tokens - Input: 2812, Output: 200, Total: 3012
{"id": 37, "ts": 1778093260.7758834, "event": "public_discussion_message", "round": 3, "agent": "agent_2", "message": "I continue to favor **Candidate\u202fA**. Their ability to anticipate dangerous situations and their excellent spatial vision give strong situational awareness and navigation safety\u2014critical for long\u2011distance flights. Their very good leadership supports effective crew coordination and decision\u2011making in the cockpit. The main trade\u2011off is A\u2019s show\u2011off attitude, resistance to new ideas, and difficulty accepting criticism, which could hinder crew cooperation and adaptability on extended missions.\nMETADATA_JSON:\n{\"agent\": \"agent_2\", \"vote\": \"Candidate A\"}"}
2026-05-06 20:47:40,776 - INFO - Agent turns: 9
2026-05-06 20:47:47,812 - INFO - Tokens - Input: 2734, Output: 1052, Total: 3786
2026-05-06 20:47:47,814 - INFO - Memory updates: 25
{"id": 38, "ts": 1778093267.8146057, "event": "memory_updated", "agent": "agent_1", "round": 3}
2026-05-06 20:47:47,885 - INFO - Tokens - Input: 2449, Output: 906, Total: 3355
2026-05-06 20:47:47,886 - INFO - Memory updates: 26
{"id": 39, "ts": 1778093267.8869271, "event": "memory_updated", "agent": "agent_2", "round": 3}
2026-05-06 20:47:55,306 - INFO - Tokens - Input: 2830, Output: 1427, Total: 4257
2026-05-06 20:47:55,309 - INFO - Memory updates: 27
{"id": 40, "ts": 1778093275.3094373, "event": "memory_updated", "agent": "agent_3", "round": 3}
2026-05-06 20:47:55,318 - INFO - Loop 3 completed
{"id": 41, "ts": 1778093275.3250177, "event": "discussion_order", "round": 4, "order": ["agent_1", "agent_2", "agent_3"]}
2026-05-06 20:47:57,140 - INFO - Tokens - Input: 3175, Output: 233, Total: 3408
{"id": 42, "ts": 1778093277.1420784, "event": "public_discussion_message", "round": 4, "agent": "agent_1", "message": "I continue to favor **Candidate\u202fA**. Their ability to anticipate dangerous situations and their excellent spatial vision give the highest level of situational awareness and navigation safety essential for long\u2011distance flights, while their very good leadership supports effective crew coordination. The main trade\u2011off is A\u2019s occasional disorganization and difficulty accepting criticism, which could undermine consistency and crew dynamics over extended missions.\nMETADATA_JSON:\n{\"agent\": \"agent_1\", \"vote\": \"Candidate A\"}"}
2026-05-06 20:47:57,142 - INFO - Agent turns: 10
2026-05-06 20:48:03,204 - INFO - Tokens - Input: 2772, Output: 976, Total: 3748
2026-05-06 20:48:03,205 - INFO - Memory updates: 28
{"id": 43, "ts": 1778093283.2056909, "event": "memory_updated", "agent": "agent_1", "round": 4}
2026-05-06 20:48:03,396 - INFO - Tokens - Input: 2625, Output: 803, Total: 3428
2026-05-06 20:48:03,398 - INFO - Memory updates: 29
{"id": 44, "ts": 1778093283.3982975, "event": "memory_updated", "agent": "agent_2", "round": 4}
2026-05-06 20:48:03,899 - INFO - Tokens - Input: 2808, Output: 1014, Total: 3822
2026-05-06 20:48:03,900 - INFO - Memory updates: 30
{"id": 45, "ts": 1778093283.9010599, "event": "memory_updated", "agent": "agent_3", "round": 4}
2026-05-06 20:48:05,530 - INFO - Tokens - Input: 2822, Output: 240, Total: 3062
{"id": 46, "ts": 1778093285.5324454, "event": "public_discussion_message", "round": 4, "agent": "agent_2", "message": "I continue to favor **Candidate\u202fA**. Their ability to anticipate dangerous situations and their excellent spatial vision give the strongest situational awareness and navigation safety needed for long\u2011distance flights, and their very good leadership supports effective crew coordination. The main trade\u2011off is A\u2019s show\u2011off attitude, resistance to new ideas, and difficulty accepting criticism, which could undermine crew cooperation and adaptability on extended missions.\nMETADATA_JSON:\n{\"agent\": \"agent_2\", \"vote\": \"Candidate A\"}"}
2026-05-06 20:48:05,532 - INFO - Agent turns: 11
2026-05-06 20:48:12,079 - INFO - Tokens - Input: 2866, Output: 1006, Total: 3872
2026-05-06 20:48:12,081 - INFO - Memory updates: 31
{"id": 47, "ts": 1778093292.0816855, "event": "memory_updated", "agent": "agent_1", "round": 4}
2026-05-06 20:48:13,183 - INFO - Tokens - Input: 2447, Output: 1301, Total: 3748
2026-05-06 20:48:13,185 - INFO - Memory updates: 32
{"id": 48, "ts": 1778093293.185337, "event": "memory_updated", "agent": "agent_2", "round": 4}
2026-05-06 20:48:13,330 - INFO - Tokens - Input: 2826, Output: 1154, Total: 3980
2026-05-06 20:48:13,332 - INFO - Memory updates: 33
{"id": 49, "ts": 1778093293.332507, "event": "memory_updated", "agent": "agent_3", "round": 4}
2026-05-06 20:48:14,903 - INFO - Tokens - Input: 3363, Output: 195, Total: 3558
{"id": 50, "ts": 1778093294.9051814, "event": "public_discussion_message", "round": 4, "agent": "agent_3", "message": "I continue to favor **Candidate\u202fB**. Their strong conscientiousness and ability to handle stress give high reliability and calmness under pressure\u2014essential for long\u2011distance flights. Additionally, their skill in assessing weather conditions and excellent computer abilities provide the technical competence needed for complex, long\u2011haul operations. The main uncertainty is whether B\u2019s pretentious demeanor and occasional wrong tone could undermine crew cooperation and cockpit atmosphere over extended missions.\nMETADATA_JSON:\n{\"agent\": \"agent_3\", \"vote\": \"Candidate B\"}"}
2026-05-06 20:48:14,905 - INFO - Agent turns: 12
2026-05-06 20:48:21,182 - INFO - Tokens - Input: 2886, Output: 926, Total: 3812
2026-05-06 20:48:21,184 - INFO - Memory updates: 34
{"id": 51, "ts": 1778093301.1842947, "event": "memory_updated", "agent": "agent_2", "round": 4}
2026-05-06 20:48:21,214 - INFO - Tokens - Input: 2996, Output: 1007, Total: 4003
2026-05-06 20:48:21,215 - INFO - Memory updates: 35
{"id": 52, "ts": 1778093301.215588, "event": "memory_updated", "agent": "agent_3", "round": 4}
2026-05-06 20:48:22,708 - INFO - Tokens - Input: 3020, Output: 1003, Total: 4023
2026-05-06 20:48:22,710 - INFO - Memory updates: 36
{"id": 53, "ts": 1778093302.7105284, "event": "memory_updated", "agent": "agent_1", "round": 4}
2026-05-06 20:48:22,718 - INFO - Loop 4 completed
{"id": 54, "ts": 1778093302.7249296, "event": "discussion_order", "round": 5, "order": ["agent_2", "agent_3", "agent_1"]}
2026-05-06 20:48:24,086 - INFO - Tokens - Input: 3136, Output: 208, Total: 3344
{"id": 55, "ts": 1778093304.0878732, "event": "public_discussion_message", "round": 5, "agent": "agent_2", "message": "I continue to favor **Candidate\u202fA**. Their ability to anticipate dangerous situations and their excellent spatial vision give the strongest situational awareness and navigation safety needed for long\u2011distance flights, while their very good leadership supports effective crew coordination. The main trade\u2011off is their show\u2011off attitude and resistance to new ideas, which could undermine crew cooperation and adaptability in the cockpit.\nMETADATA_JSON:\n{\"agent\": \"agent_2\", \"vote\": \"Candidate A\"}"}
2026-05-06 20:48:24,088 - INFO - Agent turns: 13
2026-05-06 20:48:29,537 - INFO - Tokens - Input: 2731, Output: 665, Total: 3396
2026-05-06 20:48:29,538 - INFO - Memory updates: 37
{"id": 56, "ts": 1778093309.538883, "event": "memory_updated", "agent": "agent_2", "round": 5}
2026-05-06 20:48:30,400 - INFO - Tokens - Input: 2975, Output: 951, Total: 3926
2026-05-06 20:48:30,402 - INFO - Memory updates: 38
{"id": 57, "ts": 1778093310.4021914, "event": "memory_updated", "agent": "agent_1", "round": 5}
2026-05-06 20:48:32,694 - INFO - Tokens - Input: 3109, Output: 1200, Total: 4309
2026-05-06 20:48:32,696 - INFO - Memory updates: 39
{"id": 58, "ts": 1778093312.6963198, "event": "memory_updated", "agent": "agent_3", "round": 5}
2026-05-06 20:48:33,836 - INFO - Tokens - Input: 3624, Output: 152, Total: 3776
{"id": 59, "ts": 1778093313.8377876, "event": "public_discussion_message", "round": 5, "agent": "agent_3", "message": "I continue to favor **Candidate\u202fB**. Their strong conscientiousness and ability to handle stress give high reliability and calmness under pressure\u2014critical for long\u2011haul flights. Additionally, their skill in assessing weather conditions and excellent computer abilities provide the technical competence needed for complex, extended operations. The main uncertainty is whether B\u2019s pretentious demeanor and occasional wrong tone could undermine crew cooperation and cockpit atmosphere over multi\u2011day missions.\nMETADATA_JSON:\n{\"agent\": \"agent_3\", \"vote\": \"Candidate B\"}"}
2026-05-06 20:48:33,837 - INFO - Agent turns: 14
2026-05-06 20:48:39,510 - INFO - Tokens - Input: 2895, Output: 732, Total: 3627
2026-05-06 20:48:39,512 - INFO - Memory updates: 40
{"id": 60, "ts": 1778093319.5130744, "event": "memory_updated", "agent": "agent_2", "round": 5}
2026-05-06 20:48:43,299 - INFO - Tokens - Input: 3257, Output: 1074, Total: 4331
2026-05-06 20:48:43,301 - INFO - Memory updates: 41
{"id": 61, "ts": 1778093323.30149, "event": "memory_updated", "agent": "agent_3", "round": 5}
2026-05-06 20:48:44,275 - INFO - Tokens - Input: 3137, Output: 1126, Total: 4263
2026-05-06 20:48:44,277 - INFO - Memory updates: 42
{"id": 62, "ts": 1778093324.2776241, "event": "memory_updated", "agent": "agent_1", "round": 5}
2026-05-06 20:48:45,747 - INFO - Tokens - Input: 3610, Output: 194, Total: 3804
{"id": 63, "ts": 1778093325.7492425, "event": "public_discussion_message", "round": 5, "agent": "agent_1", "message": "I continue to favor **Candidate\u202fA**. Their ability to anticipate dangerous situations and their excellent spatial vision give the highest level of situational awareness and navigation safety essential for long\u2011distance flights, and their very good leadership supports effective crew coordination. The main trade\u2011off is their occasional disorganization and difficulty accepting criticism, which could undermine consistency and crew cooperation on extended missions.\nMETADATA_JSON:\n{\"agent\": \"agent_1\", \"vote\": \"Candidate A\"}"}
2026-05-06 20:48:45,749 - INFO - Agent turns: 15
2026-05-06 20:48:50,700 - INFO - Tokens - Input: 2993, Output: 734, Total: 3727
2026-05-06 20:48:50,702 - INFO - Memory updates: 43
{"id": 64, "ts": 1778093330.702388, "event": "memory_updated", "agent": "agent_2", "round": 5}
2026-05-06 20:48:52,224 - INFO - Tokens - Input: 3305, Output: 1092, Total: 4397
2026-05-06 20:48:52,225 - INFO - Memory updates: 44
{"id": 65, "ts": 1778093332.2261028, "event": "memory_updated", "agent": "agent_3", "round": 5}
2026-05-06 20:48:52,336 - INFO - Tokens - Input: 3223, Output: 888, Total: 4111
2026-05-06 20:48:52,338 - INFO - Memory updates: 45
{"id": 66, "ts": 1778093332.338132, "event": "memory_updated", "agent": "agent_1", "round": 5}
2026-05-06 20:48:52,349 - INFO - Loop 5 completed
2026-05-06 20:48:52,350 - INFO - Final Chosen Candidate: Candidate A
2026-05-06 20:48:52,350 - INFO - Final Decision Method: max_round_majority_vote
2026-05-06 20:48:52,350 - INFO - Final Vote Count: {'Candidate A': 2, 'Candidate B': 1}
2026-05-06 20:48:52,350 - INFO - Correct Candidate: Candidate C
2026-05-06 20:48:52,350 - INFO - Decision Correct: 0
{"id": 67, "ts": 1778093332.721778, "event": "context_consistency_calculated", "method": "embedding_cosine", "mean_pairwise_similarity": 0.80324, "pairwise": [{"agent_a": "agent_1", "agent_b": "agent_2", "similarity": 0.876738}, {"agent_a": "agent_1", "agent_b": "agent_3", "similarity": 0.790426}, {"agent_a": "agent_2", "agent_b": "agent_3", "similarity": 0.742557}]}
{"id": 68, "ts": 1778093332.721976, "event": "agent_memories_archived", "directory": "/home/lhegemann/git/bachelor_thesis/01_data/raw/simulations/moderate/moderate_20260506_181837_020/shared_mental_models", "round": 5}
{"id": 69, "ts": 1778093332.7220721, "event": "final_decision", "candidate": "Candidate A", "method": "max_round_majority_vote", "vote_count": {"Candidate A": 2, "Candidate B": 1}, "correct_candidate": "Candidate C", "decision_correct": 0, "round": 5}
2026-05-06 20:48:52,734 - INFO - ======================================================================
2026-05-06 20:48:52,734 - INFO - SIMULATION METRICS
2026-05-06 20:48:52,734 - INFO - ======================================================================
2026-05-06 20:48:52,734 - INFO - Total Loops: 5
2026-05-06 20:48:52,734 - INFO - Agent Turns (no vote checker): 15
2026-05-06 20:48:52,734 - INFO - Agent Tool Calls: 0
2026-05-06 20:48:52,735 - INFO - Agent Tool Messages: 0
2026-05-06 20:48:52,735 - INFO - Memory Updates: 45
2026-05-06 20:48:52,735 - INFO - Total Messages (no vote checker): 15
2026-05-06 20:48:52,735 - INFO - Input Tokens: 158567
2026-05-06 20:48:52,735 - INFO - Output Tokens: 57032
2026-05-06 20:48:52,735 - INFO - Total Tokens: 215599
2026-05-06 20:48:52,735 - INFO - Final Chosen Candidate: Candidate A
2026-05-06 20:48:52,735 - INFO - Final Decision Method: max_round_majority_vote
2026-05-06 20:48:52,735 - INFO - Final Vote Count: {'Candidate A': 2, 'Candidate B': 1}
2026-05-06 20:48:52,735 - INFO - Correct Candidate: Candidate C
2026-05-06 20:48:52,735 - INFO - Decision Correct: 0
2026-05-06 20:48:52,735 - INFO - Runtime: 192.70s
2026-05-06 20:48:52,736 - INFO - ======================================================================
