2026-05-06 19:05:48,224 - INFO - Metrics tracker initialized
{"id": 1, "ts": 1778087148.2511096, "event": "memory_reset"}
{"id": 2, "ts": 1778087148.2553716, "event": "discussion_order", "round": 1, "order": ["agent_2", "agent_3", "agent_1"]}
2026-05-06 19:05:52,865 - INFO - Tokens - Input: 1689, Output: 465, Total: 2154
{"id": 3, "ts": 1778087152.867323, "event": "public_discussion_message", "round": 1, "agent": "agent_2", "message": "Candidate B \u2013 handles stress very well\nMETADATA_JSON:\n{\"agent\": \"agent_2\", \"vote\": \"Candidate B\"}"}
2026-05-06 19:05:52,867 - INFO - Agent turns: 1
2026-05-06 19:05:59,656 - INFO - Tokens - Input: 1187, Output: 1063, Total: 2250
2026-05-06 19:05:59,658 - INFO - Memory updates: 1
{"id": 4, "ts": 1778087159.6587422, "event": "memory_updated", "agent": "agent_1", "round": 1}
2026-05-06 19:06:02,614 - INFO - Tokens - Input: 1190, Output: 1379, Total: 2569
2026-05-06 19:06:02,616 - INFO - Memory updates: 2
{"id": 5, "ts": 1778087162.6167593, "event": "memory_updated", "agent": "agent_2", "round": 1}
2026-05-06 19:06:03,577 - INFO - Tokens - Input: 1182, Output: 1718, Total: 2900
2026-05-06 19:06:03,579 - INFO - Memory updates: 3
{"id": 6, "ts": 1778087163.579187, "event": "memory_updated", "agent": "agent_3", "round": 1}
2026-05-06 19:06:05,098 - INFO - Tokens - Input: 2249, Output: 205, Total: 2454
{"id": 7, "ts": 1778087165.099864, "event": "public_discussion_message", "round": 1, "agent": "agent_3", "message": "Candidate B \u2013 handles stress very well.\nMETADATA_JSON:\n{\"agent\": \"agent_3\", \"vote\": \"Candidate B\"}"}
2026-05-06 19:06:05,100 - INFO - Agent turns: 2
2026-05-06 19:06:11,445 - INFO - Tokens - Input: 1666, Output: 985, Total: 2651
2026-05-06 19:06:11,447 - INFO - Memory updates: 4
{"id": 8, "ts": 1778087171.4479115, "event": "memory_updated", "agent": "agent_2", "round": 1}
2026-05-06 19:06:11,763 - INFO - Tokens - Input: 1551, Output: 836, Total: 2387
2026-05-06 19:06:11,765 - INFO - Memory updates: 5
{"id": 9, "ts": 1778087171.7659628, "event": "memory_updated", "agent": "agent_1", "round": 1}
2026-05-06 19:06:15,791 - INFO - Tokens - Input: 1755, Output: 1079, Total: 2834
2026-05-06 19:06:15,793 - INFO - Memory updates: 6
{"id": 10, "ts": 1778087175.7941027, "event": "memory_updated", "agent": "agent_3", "round": 1}
2026-05-06 19:06:18,459 - INFO - Tokens - Input: 2098, Output: 285, Total: 2383
{"id": 11, "ts": 1778087178.4613414, "event": "public_discussion_message", "round": 1, "agent": "agent_1", "message": "Candidate B \u2013 handles stress very well\nMETADATA_JSON:\n{\"agent\": \"agent_1\", \"vote\": \"Candidate B\"}"}
2026-05-06 19:06:18,461 - INFO - Agent turns: 3
2026-05-06 19:06:25,873 - INFO - Tokens - Input: 1804, Output: 1187, Total: 2991
2026-05-06 19:06:25,875 - INFO - Memory updates: 7
{"id": 12, "ts": 1778087185.875588, "event": "memory_updated", "agent": "agent_3", "round": 1}
2026-05-06 19:06:26,383 - INFO - Tokens - Input: 1701, Output: 1022, Total: 2723
2026-05-06 19:06:26,384 - INFO - Memory updates: 8
{"id": 13, "ts": 1778087186.3847294, "event": "memory_updated", "agent": "agent_2", "round": 1}
2026-05-06 19:06:27,276 - INFO - Tokens - Input: 1604, Output: 1100, Total: 2704
2026-05-06 19:06:27,278 - INFO - Memory updates: 9
{"id": 14, "ts": 1778087187.2785668, "event": "memory_updated", "agent": "agent_1", "round": 1}
2026-05-06 19:06:27,287 - INFO - Loop 1 completed
{"id": 15, "ts": 1778087187.2941713, "event": "discussion_order", "round": 2, "order": ["agent_3", "agent_1", "agent_2"]}
2026-05-06 19:06:28,572 - INFO - Tokens - Input: 2357, Output: 138, Total: 2495
{"id": 16, "ts": 1778087188.5738716, "event": "public_discussion_message", "round": 2, "agent": "agent_3", "message": "Candidate B \u2013 sometimes adopts the wrong tone when communicating.\nMETADATA_JSON:\n{\"agent\": \"agent_3\", \"vote\": \"Candidate B\"}"}
2026-05-06 19:06:28,574 - INFO - Agent turns: 4
2026-05-06 19:06:35,512 - INFO - Tokens - Input: 1750, Output: 971, Total: 2721
2026-05-06 19:06:35,514 - INFO - Memory updates: 10
{"id": 17, "ts": 1778087195.5147026, "event": "memory_updated", "agent": "agent_2", "round": 2}
2026-05-06 19:06:36,074 - INFO - Tokens - Input: 1688, Output: 925, Total: 2613
2026-05-06 19:06:36,075 - INFO - Memory updates: 11
{"id": 18, "ts": 1778087196.075957, "event": "memory_updated", "agent": "agent_1", "round": 2}
2026-05-06 19:06:38,085 - INFO - Tokens - Input: 1858, Output: 1241, Total: 3099
2026-05-06 19:06:38,087 - INFO - Memory updates: 12
{"id": 19, "ts": 1778087198.0876615, "event": "memory_updated", "agent": "agent_3", "round": 2}
2026-05-06 19:06:39,962 - INFO - Tokens - Input: 2047, Output: 241, Total: 2288
{"id": 20, "ts": 1778087199.963666, "event": "public_discussion_message", "round": 2, "agent": "agent_1", "message": "Candidate B \u2013 handles stress very well\nMETADATA_JSON:\n{\"agent\": \"agent_1\", \"vote\": \"Candidate B\"}"}
2026-05-06 19:06:39,963 - INFO - Agent turns: 5
2026-05-06 19:06:46,058 - INFO - Tokens - Input: 1553, Output: 717, Total: 2270
2026-05-06 19:06:46,060 - INFO - Memory updates: 13
{"id": 21, "ts": 1778087206.0609078, "event": "memory_updated", "agent": "agent_1", "round": 2}
2026-05-06 19:06:47,201 - INFO - Tokens - Input: 1733, Output: 1005, Total: 2738
2026-05-06 19:06:47,203 - INFO - Memory updates: 14
{"id": 22, "ts": 1778087207.2038293, "event": "memory_updated", "agent": "agent_2", "round": 2}
2026-05-06 19:06:48,345 - INFO - Tokens - Input: 1921, Output: 1191, Total: 3112
2026-05-06 19:06:48,347 - INFO - Memory updates: 15
{"id": 23, "ts": 1778087208.3473222, "event": "memory_updated", "agent": "agent_3", "round": 2}
2026-05-06 19:06:50,082 - INFO - Tokens - Input: 2265, Output: 264, Total: 2529
{"id": 24, "ts": 1778087210.0842645, "event": "public_discussion_message", "round": 2, "agent": "agent_2", "message": "Candidate B \u2013 handles stress very well\nMETADATA_JSON:\n{\"agent\": \"agent_2\", \"vote\": \"Candidate B\"}"}
2026-05-06 19:06:50,084 - INFO - Agent turns: 6
2026-05-06 19:06:55,597 - INFO - Tokens - Input: 1589, Output: 803, Total: 2392
2026-05-06 19:06:55,599 - INFO - Memory updates: 16
{"id": 25, "ts": 1778087215.600031, "event": "memory_updated", "agent": "agent_1", "round": 2}
2026-05-06 19:06:58,914 - INFO - Tokens - Input: 1964, Output: 1267, Total: 3231
2026-05-06 19:06:58,916 - INFO - Memory updates: 17
{"id": 26, "ts": 1778087218.916563, "event": "memory_updated", "agent": "agent_3", "round": 2}
2026-05-06 19:07:00,549 - INFO - Tokens - Input: 1771, Output: 979, Total: 2750
2026-05-06 19:07:00,551 - INFO - Memory updates: 18
{"id": 27, "ts": 1778087220.5517063, "event": "memory_updated", "agent": "agent_2", "round": 2}
2026-05-06 19:07:00,560 - INFO - Loop 2 completed
2026-05-06 19:07:00,560 - INFO - Final Chosen Candidate: Candidate B
2026-05-06 19:07:00,560 - INFO - Final Decision Method: consensus
2026-05-06 19:07:00,560 - INFO - Final Vote Count: {'Candidate B': 3}
2026-05-06 19:07:00,561 - INFO - Correct Candidate: Candidate C
2026-05-06 19:07:00,561 - INFO - Decision Correct: 0
{"id": 28, "ts": 1778087220.8593698, "event": "context_consistency_calculated", "method": "embedding_cosine", "mean_pairwise_similarity": 0.826383, "pairwise": [{"agent_a": "agent_1", "agent_b": "agent_2", "similarity": 0.77753}, {"agent_a": "agent_1", "agent_b": "agent_3", "similarity": 0.78255}, {"agent_a": "agent_2", "agent_b": "agent_3", "similarity": 0.919069}]}
{"id": 29, "ts": 1778087220.859537, "event": "agent_memories_archived", "directory": "/home/lhegemann/git/bachelor_thesis/01_data/raw/simulations/low/low_20260506_181837_016/shared_mental_models", "round": 2}
{"id": 30, "ts": 1778087220.859625, "event": "final_decision", "candidate": "Candidate B", "method": "consensus", "vote_count": {"Candidate B": 3}, "correct_candidate": "Candidate C", "decision_correct": 0, "round": 2}
2026-05-06 19:07:00,868 - INFO - ======================================================================
2026-05-06 19:07:00,868 - INFO - SIMULATION METRICS
2026-05-06 19:07:00,868 - INFO - ======================================================================
2026-05-06 19:07:00,869 - INFO - Total Loops: 2
2026-05-06 19:07:00,869 - INFO - Agent Turns (no vote checker): 6
2026-05-06 19:07:00,869 - INFO - Agent Tool Calls: 0
2026-05-06 19:07:00,869 - INFO - Agent Tool Messages: 0
2026-05-06 19:07:00,869 - INFO - Memory Updates: 18
2026-05-06 19:07:00,869 - INFO - Total Messages (no vote checker): 6
2026-05-06 19:07:00,869 - INFO - Input Tokens: 42172
2026-05-06 19:07:00,869 - INFO - Output Tokens: 21066
2026-05-06 19:07:00,869 - INFO - Total Tokens: 63238
2026-05-06 19:07:00,869 - INFO - Final Chosen Candidate: Candidate B
2026-05-06 19:07:00,869 - INFO - Final Decision Method: consensus
2026-05-06 19:07:00,869 - INFO - Final Vote Count: {'Candidate B': 3}
2026-05-06 19:07:00,869 - INFO - Correct Candidate: Candidate C
2026-05-06 19:07:00,869 - INFO - Decision Correct: 0
2026-05-06 19:07:00,870 - INFO - Runtime: 72.64s
2026-05-06 19:07:00,870 - INFO - ======================================================================
