2026-05-09 00:59:07,102 - INFO - Metrics tracker initialized
{"id": 1, "ts": 1778281147.1291602, "event": "memory_reset"}
{"id": 2, "ts": 1778281147.1332645, "event": "discussion_order", "round": 1, "order": ["agent_3", "agent_1", "agent_2"]}
2026-05-09 00:59:15,751 - INFO - Tokens - Input: 1777, Output: 981, Total: 2758
{"id": 3, "ts": 1778281155.7529707, "event": "public_discussion_message", "round": 1, "agent": "agent_3", "message": "Current position: Candidate B\nConfidence/uncertainty: Moderate confidence \u2013 candidate fits most criteria but has notable cooperation concerns.\nReasoning summary:\n- Key evidence used: Candidate B is very conscientious (reliability), handles stress well (calmness under pressure), good at assessing weather and has excellent computer skills (technical competence). These strengths cover three of the five essential criteria strongly.\n- Evidence from others: No other agents have contributed yet; I am basing this on the full attribute list provided.\n- Alternatives considered: Candidate A (leadership & spatial vision) is undermined by being unfriendly; Candidate C (quick decision\u2011making, concern for others) is offset by egocentricity and poor communication; Candidate D (problem solving, responsibility) is offset by being moody and a loner. Each alternative has a stronger cooperation drawback than Candidate B\u2019s pretentiousness and occasional wrong tone.\n- Main tradeoff: Balancing strong technical/reliability traits of Candidate B against its cooperation negatives (pretentiousness, tone). The negatives are serious but appear less likely to impair crew interaction than the more severe social deficits of the other candidates.\n- Remaining uncertainty: How severe the pretentiousness and tone issues are in practice \u2013 whether they would materially affect cockpit teamwork.\n- What would change my vote: Evidence that Candidate B\u2019s communication style leads to repeated crew conflict or safety\u2011critical misunderstandings, or comparable evidence showing that another candidate\u2019s cooperation drawbacks are less severe than currently described.\nMETADATA_JSON:\n{\"agent\": \"agent_3\", \"vote\": \"Candidate B\"}"}
2026-05-09 00:59:15,753 - INFO - Agent turns: 1
2026-05-09 00:59:26,448 - INFO - Tokens - Input: 1778, Output: 1406, Total: 3184
2026-05-09 00:59:26,450 - INFO - Memory updates: 1
{"id": 4, "ts": 1778281166.4504836, "event": "memory_updated", "agent": "agent_2", "round": 1}
2026-05-09 00:59:27,360 - INFO - Tokens - Input: 1770, Output: 1547, Total: 3317
2026-05-09 00:59:27,362 - INFO - Memory updates: 2
{"id": 5, "ts": 1778281167.362598, "event": "memory_updated", "agent": "agent_3", "round": 1}
2026-05-09 00:59:27,758 - INFO - Tokens - Input: 1775, Output: 1602, Total: 3377
2026-05-09 00:59:27,759 - INFO - Memory updates: 3
{"id": 6, "ts": 1778281167.7596257, "event": "memory_updated", "agent": "agent_1", "round": 1}
2026-05-09 00:59:37,750 - INFO - Tokens - Input: 2759, Output: 1257, Total: 4016
{"id": 7, "ts": 1778281177.75229, "event": "public_discussion_message", "round": 1, "agent": "agent_1", "message": "Current position: Candidate C\nConfidence/uncertainty: Moderate confidence \u2013 candidate meets most essential criteria but has notable communication drawbacks.\nReasoning summary:\n- Key evidence used: Candidate C is known to be 100\u202f% reliable, makes correct decisions quickly, and creates a positive atmosphere with his crew (cooperation). These address reliability, calm decision\u2011making, and crew teamwork, which are critical for long\u2011distance operations.\n- Evidence from others: Agent\u202f3 highlighted Candidate B\u2019s strong technical and reliability traits but warned of multiple cooperation issues (grumpy, uncooperative, pretentious). Agent\u202f3\u2019s assessment underscores the weight of repeated cooperation negatives.\n- Alternatives considered:\n  * Candidate A \u2013 strong situational awareness and leadership but suffers from being unfriendly, unorganized, and poor at taking criticism (cooperation/organization concerns).\n  * Candidate B \u2013 excellent technical competence and stress handling yet has three distinct cooperation drawbacks (grumpy, uncooperative, pretentious).\n  * Candidate D \u2013 excellent problem\u2011solving, responsibility, and concentration but is arrogant, has weak leadership, and is described as moody/loner (cooperation concerns).\n- Main tradeoff: Balancing Candidate C\u2019s high reliability and positive crew atmosphere against his difficulty communicating ideas and egocentric attitude versus Candidate B\u2019s superior technical profile but heavier cooperation penalties.\n- Remaining uncertainty: How severe Candidate C\u2019s communication difficulty and egocentricity are in practice \u2013 whether they could impair safety\u2011critical cockpit communication.\n- What would change my vote: Concrete evidence that Candidate C\u2019s communication problems lead to crew conflict or safety\u2011critical errors, or comparable evidence showing that another candidate\u2019s cooperation drawbacks are less impactful than currently described.\nMETADATA_JSON:\n{\"agent\": \"agent_1\", \"vote\": \"Candidate C\"}"}
2026-05-09 00:59:37,752 - INFO - Agent turns: 2
2026-05-09 00:59:45,514 - INFO - Tokens - Input: 2792, Output: 1122, Total: 3914
2026-05-09 00:59:45,515 - INFO - Memory updates: 4
{"id": 8, "ts": 1778281185.516051, "event": "memory_updated", "agent": "agent_2", "round": 1}
2026-05-09 00:59:46,131 - INFO - Tokens - Input: 2844, Output: 1087, Total: 3931
2026-05-09 00:59:46,132 - INFO - Memory updates: 5
{"id": 9, "ts": 1778281186.1330543, "event": "memory_updated", "agent": "agent_1", "round": 1}
2026-05-09 00:59:52,833 - INFO - Tokens - Input: 2720, Output: 1937, Total: 4657
2026-05-09 00:59:52,835 - INFO - Memory updates: 6
{"id": 10, "ts": 1778281192.8360658, "event": "memory_updated", "agent": "agent_3", "round": 1}
2026-05-09 01:00:11,092 - INFO - Tokens - Input: 2913, Output: 1063, Total: 3976
{"id": 11, "ts": 1778281211.094364, "event": "public_discussion_message", "round": 1, "agent": "agent_2", "message": "Current position: Candidate C\nConfidence/uncertainty: Moderate confidence \u2013 candidate meets most essential criteria, but cooperation drawbacks remain a concern\nReasoning summary:\n- Key evidence used: Candidate C is 100\u202f% reliable, makes correct decisions quickly, keeps calm in a crisis, and understands complicated technology \u2013 covering reliability, calmness under pressure, and technical competence. Additionally, a positive crew atmosphere indicates good cooperation.\n- Evidence from others: Agent\u202f3 highlighted Candidate B\u2019s strong technical and reliability traits but noted multiple cooperation issues (grumpy, uncooperative, pretentious). Agent\u202f1 advocated for Candidate C, emphasizing the same reliability and crew\u2011atmosphere strengths while acknowledging communication difficulty and egocentricity.\n- Alternatives considered:\n  * Candidate A \u2013 strong situational awareness and leadership but suffers from unfriendly, show\u2011off behavior and resistance to new ideas, which are serious cooperation deficits.\n  * Candidate B \u2013 excellent technical skills and stress handling, yet has weak memory for numbers and repeated negative interpersonal traits (nasty remarks, pretentiousness).\n  * Candidate D \u2013 outstanding problem\u2011solving and responsibility, but is described as a know\u2011it\u2011all with a hot temper and weak leadership, posing significant teamwork risks.\n- Main tradeoff: Balancing Candidate C\u2019s high reliability, quick correct decision\u2011making, and generally positive crew interaction against his communication difficulty and egocentric attitude, which could impair cockpit communication.\n- Remaining uncertainty: How severely Candidate C\u2019s communication difficulty and egocentricity would affect safety\u2011critical interactions in the cockpit.\n- What would change my vote: Concrete evidence that Candidate C\u2019s communication problems lead to repeated crew conflict or safety\u2011critical errors, or comparable evidence showing that another candidate\u2019s cooperation drawbacks are less impactful than currently described.\nMETADATA_JSON:\n{\"agent\": \"agent_2\", \"vote\": \"Candidate C\"}"}
2026-05-09 01:00:11,094 - INFO - Agent turns: 3
2026-05-09 01:00:22,247 - INFO - Tokens - Input: 3466, Output: 1517, Total: 4983
2026-05-09 01:00:22,248 - INFO - Memory updates: 7
{"id": 12, "ts": 1778281222.248956, "event": "memory_updated", "agent": "agent_3", "round": 1}
2026-05-09 01:00:22,690 - INFO - Tokens - Input: 3185, Output: 1404, Total: 4589
2026-05-09 01:00:22,691 - INFO - Memory updates: 8
{"id": 13, "ts": 1778281222.6920505, "event": "memory_updated", "agent": "agent_1", "round": 1}
2026-05-09 01:00:27,750 - INFO - Tokens - Input: 3030, Output: 993, Total: 4023
2026-05-09 01:00:27,752 - INFO - Memory updates: 9
{"id": 14, "ts": 1778281227.7521555, "event": "memory_updated", "agent": "agent_2", "round": 1}
2026-05-09 01:00:27,761 - INFO - Loop 1 completed
{"id": 15, "ts": 1778281227.767828, "event": "discussion_order", "round": 2, "order": ["agent_1", "agent_2", "agent_3"]}
2026-05-09 01:00:32,006 - INFO - Tokens - Input: 3404, Output: 481, Total: 3885
{"id": 16, "ts": 1778281232.0078819, "event": "public_discussion_message", "round": 2, "agent": "agent_1", "message": "Current position: Candidate C\nConfidence/uncertainty: Moderate confidence \u2013 the candidate meets most essential criteria but has notable cooperation concerns.\nReasoning summary:\n- Key evidence used: Candidate\u202fC is 100\u202f% reliable, makes correct decisions quickly, creates a positive atmosphere with his crew, and (from my own material) is calm in a crisis and understands complicated technology. These address reliability, calmness under pressure, technical competence, and cooperation.\n- Evidence from others: Agent\u202f2 also supports Candidate\u202fC citing the same reliability and crew\u2011atmosphere strengths. Agent\u202f3 favors Candidate\u202fB for technical strengths but highlights B\u2019s repeated cooperation negatives (grumpy, uncooperative, pretentious). Both agents acknowledge that cooperation drawbacks are critical.\n- Alternatives considered:\n  * Candidate\u202fB \u2013 strong technical competence and stress handling, but multiple cooperation issues and a weak memory for numbers.\n  * Candidate\u202fA \u2013 excellent situational awareness and leadership, yet unorganized, poor at taking criticism, and unfriendly.\n  * Candidate\u202fD \u2013 superb problem\u2011solving and responsibility, but arrogant, weak leadership, and a \u201cknow\u2011it\u2011all\u201d attitude.\n  All alternatives have cooperation or organizational drawbacks that appear at least as serious as those of Candidate\u202fC.\n- Main tradeoff: Balancing Candidate\u202fC\u2019s high reliability, quick correct decision\u2011making, and positive crew atmosphere against his difficulty communicating ideas and egocentric attitude, which could affect cockpit communication.\n- Remaining uncertainty: How severely Candidate\u202fC\u2019s communication difficulty and egocentricity would impact safety\u2011critical interactions in the cockpit.\n- What would change my vote: Concrete evidence that Candidate\u202fC\u2019s communication problems lead to repeated crew conflict or safety\u2011critical errors, or evidence showing that another candidate\u2019s cooperation drawbacks are demonstrably less severe.\nMETADATA_JSON:\n{\"agent\": \"agent_1\", \"vote\": \"Candidate C\"}"}
2026-05-09 01:00:32,008 - INFO - Agent turns: 4
2026-05-09 01:00:39,338 - INFO - Tokens - Input: 3369, Output: 866, Total: 4235
2026-05-09 01:00:39,339 - INFO - Memory updates: 10
{"id": 17, "ts": 1778281239.33984, "event": "memory_updated", "agent": "agent_2", "round": 2}
2026-05-09 01:00:42,738 - INFO - Tokens - Input: 3522, Output: 1237, Total: 4759
2026-05-09 01:00:42,739 - INFO - Memory updates: 11
{"id": 18, "ts": 1778281242.7400997, "event": "memory_updated", "agent": "agent_1", "round": 2}
2026-05-09 01:00:46,302 - INFO - Tokens - Input: 3935, Output: 1699, Total: 5634
2026-05-09 01:00:46,304 - INFO - Memory updates: 12
{"id": 19, "ts": 1778281246.304605, "event": "memory_updated", "agent": "agent_3", "round": 2}
2026-05-09 01:00:51,056 - INFO - Tokens - Input: 3507, Output: 643, Total: 4150
{"id": 20, "ts": 1778281251.0584862, "event": "public_discussion_message", "round": 2, "agent": "agent_2", "message": "Current position: Candidate C\nConfidence/uncertainty: Moderate confidence \u2013 the candidate meets most core criteria but cooperation drawbacks remain a concern\nReasoning summary:\n- Key evidence used: Candidate\u202fC is 100\u202f% reliable, makes correct decisions quickly, stays calm in a crisis, understands complicated technology, and creates a positive crew atmosphere. These address reliability, calmness under pressure, technical competence, and cooperation.\n- Evidence from others: Agent\u202f1 also supports Candidate\u202fC, emphasizing the same reliability and crew\u2011atmosphere strengths while noting communication difficulty and egocentricity. Agent\u202f3 favors Candidate\u202fB for technical strengths but points out B\u2019s multiple cooperation negatives (grumpy, uncooperative, pretentious) and weak numeric memory.\n- Alternatives considered:\n  * Candidate\u202fB \u2013 strong technical competence (conscientious, stress\u2011handling, weather assessment, computer skills) but suffers from weak numeric memory and repeated cooperation issues.\n  * Candidate\u202fA \u2013 excellent situational awareness, spatial vision, and leadership, yet is seen as a show\u2011off, resistant to new ideas, and unfriendly.\n  * Candidate\u202fD \u2013 outstanding problem\u2011solving, concentration, and responsibility, but is a know\u2011it\u2011all with a hot temper and perceived arrogance.\n  All alternatives have cooperation or interpersonal drawbacks at least as serious as those of Candidate\u202fC.\n- Main tradeoff: Balancing Candidate\u202fC\u2019s high reliability, rapid correct decision\u2011making, calmness, and generally positive crew interaction against his difficulty communicating ideas and egocentric attitude, which could impair safety\u2011critical cockpit communication.\n- Remaining uncertainty: How severely Candidate\u202fC\u2019s communication difficulty and egocentricity would affect real\u2011world cockpit teamwork and safety.\n- What would change my vote: Concrete evidence that Candidate\u202fC\u2019s communication problems lead to repeated crew conflict or safety\u2011critical errors, or comparable evidence showing that another candidate\u2019s cooperation drawbacks are demonstrably less severe.\nMETADATA_JSON:\n{\"agent\": \"agent_2\", \"vote\": \"Candidate C\"}"}
2026-05-09 01:00:51,058 - INFO - Agent turns: 5
2026-05-09 01:00:59,115 - INFO - Tokens - Input: 3699, Output: 1035, Total: 4734
2026-05-09 01:00:59,118 - INFO - Memory updates: 13
{"id": 21, "ts": 1778281259.1182668, "event": "memory_updated", "agent": "agent_2", "round": 2}
2026-05-09 01:01:01,153 - INFO - Tokens - Input: 4022, Output: 1072, Total: 5094
2026-05-09 01:01:01,154 - INFO - Memory updates: 14
{"id": 22, "ts": 1778281261.1550403, "event": "memory_updated", "agent": "agent_1", "round": 2}
2026-05-09 01:01:05,579 - INFO - Tokens - Input: 4284, Output: 1934, Total: 6218
2026-05-09 01:01:05,581 - INFO - Memory updates: 15
{"id": 23, "ts": 1778281265.5812309, "event": "memory_updated", "agent": "agent_3", "round": 2}
2026-05-09 01:01:12,749 - INFO - Tokens - Input: 4531, Output: 975, Total: 5506
{"id": 24, "ts": 1778281272.7514677, "event": "public_discussion_message", "round": 2, "agent": "agent_3", "message": "Current position: Candidate C\nConfidence/uncertainty: Moderate confidence \u2013 the evidence leans toward C, but some uncertainty remains about his communication drawbacks.\nReasoning summary:\n- Key evidence used: Candidate C is described as 100\u202f% reliable, makes correct decisions quickly, stays calm in a crisis, understands complicated technology, has excellent attention skills, puts concern for others above everything, and creates a positive crew atmosphere. These attributes cover reliability, calmness under pressure, technical competence, and cooperation.\n- Evidence from others: Agents\u202f1 and\u202f2 both strongly support Candidate\u202fC, emphasizing the same reliability, quick decision\u2011making, calmness, technical understanding, and positive crew atmosphere, while noting his communication difficulty and egocentricity.\n- Alternatives considered:\n  * Candidate\u202fB \u2013 strong technical competence (weather assessment, computer skills) and stress handling, but shows multiple cooperation negatives (pretentiousness, wrong tone, grumpy/uncooperative) and weak numeric memory.\n  * Candidate\u202fA \u2013 excellent situational awareness and leadership, yet is unfriendly, a \u201cshow\u2011off,\u201d and resistant to new ideas.\n  * Candidate\u202fD \u2013 excellent problem\u2011solving and responsibility, but is moody, a loner, and perceived as arrogant with a hot temper.\n  All alternatives present cooperation or interpersonal drawbacks at least as serious as those of Candidate\u202fC, while lacking the same breadth of positive reliability and technical evidence.\n- Main tradeoff: Balancing Candidate\u202fC\u2019s strong, well\u2011rounded profile (reliability, calmness, technical skill, crew\u2011positive attitude) against his communication difficulty and egocentricity versus Candidate\u202fB\u2019s technical strengths but multiple, distinct cooperation negatives and weak numeric memory.\n- Remaining uncertainty: How severely Candidate\u202fC\u2019s difficulty communicating ideas and egocentric attitude would affect safety\u2011critical cockpit interactions in practice.\n- What would change my vote: Concrete evidence that Candidate\u202fC\u2019s communication problems lead to repeated crew conflict or safety\u2011critical errors, or evidence showing that Candidate\u202fB\u2019s cooperation issues are less severe than currently described.\nMETADATA_JSON:\n{\"agent\": \"agent_3\", \"vote\": \"Candidate C\"}"}
2026-05-09 01:01:12,751 - INFO - Agent turns: 6
2026-05-09 01:01:20,860 - INFO - Tokens - Input: 4395, Output: 973, Total: 5368
2026-05-09 01:01:20,862 - INFO - Memory updates: 16
{"id": 25, "ts": 1778281280.8623757, "event": "memory_updated", "agent": "agent_1", "round": 2}
2026-05-09 01:01:23,609 - INFO - Tokens - Input: 4777, Output: 1375, Total: 6152
2026-05-09 01:01:23,611 - INFO - Memory updates: 17
{"id": 26, "ts": 1778281283.6111634, "event": "memory_updated", "agent": "agent_3", "round": 2}
2026-05-09 01:01:31,612 - INFO - Tokens - Input: 4483, Output: 1496, Total: 5979
2026-05-09 01:01:31,614 - INFO - Memory updates: 18
{"id": 27, "ts": 1778281291.614225, "event": "memory_updated", "agent": "agent_2", "round": 2}
2026-05-09 01:01:31,623 - INFO - Loop 2 completed
2026-05-09 01:01:31,624 - INFO - Final Chosen Candidate: Candidate C
2026-05-09 01:01:31,624 - INFO - Final Decision Method: consensus
2026-05-09 01:01:31,624 - INFO - Final Vote Count: {'Candidate C': 3}
2026-05-09 01:01:31,624 - INFO - Correct Candidate: Candidate C
2026-05-09 01:01:31,624 - INFO - Decision Correct: 1
{"id": 28, "ts": 1778281291.9992857, "event": "context_consistency_calculated", "method": "embedding_cosine", "mean_pairwise_similarity": 0.871139, "pairwise": [{"agent_a": "agent_1", "agent_b": "agent_2", "similarity": 0.900004}, {"agent_a": "agent_1", "agent_b": "agent_3", "similarity": 0.882014}, {"agent_a": "agent_2", "agent_b": "agent_3", "similarity": 0.831399}]}
{"id": 29, "ts": 1778281291.9994507, "event": "gold_standard_alignment_calculated", "method": "rule_based_binary_checks", "mean_alignment": 0.583333, "by_agent": [{"agent": "agent_1", "score": 0.5, "checks": {"favorite_is_c": 0, "c_reliability": 1, "c_calmness": 1, "c_attention": 1, "c_crew_fit": 1, "a_risks": 0, "b_risks": 0, "d_risks": 0}}, {"agent": "agent_2", "score": 0.625, "checks": {"favorite_is_c": 1, "c_reliability": 1, "c_calmness": 1, "c_attention": 1, "c_crew_fit": 1, "a_risks": 0, "b_risks": 0, "d_risks": 0}}, {"agent": "agent_3", "score": 0.625, "checks": {"favorite_is_c": 1, "c_reliability": 1, "c_calmness": 1, "c_attention": 1, "c_crew_fit": 1, "a_risks": 0, "b_risks": 0, "d_risks": 0}}]}
{"id": 30, "ts": 1778281291.9995875, "event": "agent_memories_archived", "directory": "/home/lhegemann/git/bachelor_thesis/01_data/raw/simulations/high/high_treatment_20260508_195017_023/shared_mental_models", "round": 2}
{"id": 31, "ts": 1778281291.9996676, "event": "final_decision", "candidate": "Candidate C", "method": "consensus", "vote_count": {"Candidate C": 3}, "correct_candidate": "Candidate C", "decision_correct": 1, "round": 2}
2026-05-09 01:01:32,008 - INFO - ======================================================================
2026-05-09 01:01:32,008 - INFO - SIMULATION METRICS
2026-05-09 01:01:32,008 - INFO - ======================================================================
2026-05-09 01:01:32,009 - INFO - Total Loops: 2
2026-05-09 01:01:32,009 - INFO - Agent Turns (no vote checker): 6
2026-05-09 01:01:32,009 - INFO - Agent Tool Calls: 0
2026-05-09 01:01:32,009 - INFO - Agent Tool Messages: 0
2026-05-09 01:01:32,009 - INFO - Memory Updates: 18
2026-05-09 01:01:32,009 - INFO - Total Messages (no vote checker): 6
2026-05-09 01:01:32,009 - INFO - Input Tokens: 78737
2026-05-09 01:01:32,009 - INFO - Output Tokens: 29702
2026-05-09 01:01:32,009 - INFO - Total Tokens: 108439
2026-05-09 01:01:32,009 - INFO - Final Chosen Candidate: Candidate C
2026-05-09 01:01:32,009 - INFO - Final Decision Method: consensus
2026-05-09 01:01:32,009 - INFO - Final Vote Count: {'Candidate C': 3}
2026-05-09 01:01:32,009 - INFO - Correct Candidate: Candidate C
2026-05-09 01:01:32,010 - INFO - Decision Correct: 1
2026-05-09 01:01:32,010 - INFO - Runtime: 144.91s
2026-05-09 01:01:32,010 - INFO - ======================================================================
