2026-05-17 03:06:08,488 - INFO - Metrics tracker initialized
{"id": 1, "ts": 1778979968.518829, "event": "memory_reset"}
{"id": 2, "ts": 1778979968.5227523, "event": "discussion_order", "round": 1, "order": ["agent_2", "agent_3", "agent_1"]}
2026-05-17 03:06:13,812 - INFO - Tokens - Input: 1417, Output: 495, Total: 1912
{"id": 3, "ts": 1778979973.8135524, "event": "public_discussion_message", "round": 1, "agent": "agent_2", "message": "I prefer Candidate A \u2013 has excellent spatial vision.\nMETADATA_JSON:\n{\"agent\": \"agent_2\", \"vote\": \"Candidate A\"}"}
2026-05-17 03:06:13,813 - INFO - Agent turns: 1
2026-05-17 03:06:16,551 - INFO - Tokens - Input: 1441, Output: 376, Total: 1817
{"id": 4, "ts": 1778979976.5534132, "event": "public_discussion_message", "round": 1, "agent": "agent_3", "message": "I prefer Candidate B \u2013 handles stress very well.\nMETADATA_JSON:\n{\"agent\": \"agent_3\", \"vote\": \"Candidate B\"}"}
2026-05-17 03:06:16,553 - INFO - Agent turns: 2
2026-05-17 03:06:19,644 - INFO - Tokens - Input: 1484, Output: 417, Total: 1901
{"id": 5, "ts": 1778979979.6456409, "event": "public_discussion_message", "round": 1, "agent": "agent_1", "message": "I prefer Candidate C \u2013 known to be 100% reliable.\nMETADATA_JSON:\n{\"agent\": \"agent_1\", \"vote\": \"Candidate C\"}"}
2026-05-17 03:06:19,645 - INFO - Agent turns: 3
2026-05-17 03:06:19,654 - INFO - Loop 1 completed
{"id": 6, "ts": 1778979979.6611216, "event": "discussion_order", "round": 2, "order": ["agent_3", "agent_2", "agent_1"]}
2026-05-17 03:06:24,641 - INFO - Tokens - Input: 1520, Output: 665, Total: 2185
{"id": 7, "ts": 1778979984.6431842, "event": "public_discussion_message", "round": 2, "agent": "agent_3", "message": "I prefer Candidate B \u2013 very conscientious.\nMETADATA_JSON:\n{\"agent\": \"agent_3\", \"vote\": \"Candidate B\"}"}
2026-05-17 03:06:24,643 - INFO - Agent turns: 4
2026-05-17 03:06:29,428 - INFO - Tokens - Input: 1564, Output: 634, Total: 2198
{"id": 8, "ts": 1778979989.4296348, "event": "public_discussion_message", "round": 2, "agent": "agent_2", "message": "I prefer Candidate B \u2013 handles stress very well.\nMETADATA_JSON:\n{\"agent\": \"agent_2\", \"vote\": \"Candidate B\"}"}
2026-05-17 03:06:29,429 - INFO - Agent turns: 5
2026-05-17 03:06:38,225 - INFO - Tokens - Input: 1599, Output: 1119, Total: 2718
{"id": 9, "ts": 1778979998.2263386, "event": "public_discussion_message", "round": 2, "agent": "agent_1", "message": "I prefer Candidate A \u2013 excellent spatial vision.\nMETADATA_JSON:\n{\"agent\": \"agent_1\", \"vote\": \"Candidate A\"}"}
2026-05-17 03:06:38,226 - INFO - Agent turns: 6
2026-05-17 03:06:38,236 - INFO - Loop 2 completed
{"id": 10, "ts": 1778979998.242666, "event": "discussion_order", "round": 3, "order": ["agent_3", "agent_1", "agent_2"]}
2026-05-17 03:06:42,227 - INFO - Tokens - Input: 1631, Output: 506, Total: 2137
{"id": 11, "ts": 1778980002.2289612, "event": "public_discussion_message", "round": 3, "agent": "agent_3", "message": "Candidate B \u2013 regarded as pretentious.\nMETADATA_JSON:\n{\"agent\": \"agent_3\", \"vote\": \"Candidate B\"}"}
2026-05-17 03:06:42,229 - INFO - Agent turns: 7
2026-05-17 03:06:47,063 - INFO - Tokens - Input: 1672, Output: 619, Total: 2291
{"id": 12, "ts": 1778980007.0647404, "event": "public_discussion_message", "round": 3, "agent": "agent_1", "message": "Candidate A \u2013 excellent spatial vision.\nMETADATA_JSON:\n{\"agent\": \"agent_1\", \"vote\": \"Candidate A\"}"}
2026-05-17 03:06:47,064 - INFO - Agent turns: 8
2026-05-17 03:06:53,809 - INFO - Tokens - Input: 1710, Output: 874, Total: 2584
{"id": 13, "ts": 1778980013.8113651, "event": "public_discussion_message", "round": 3, "agent": "agent_2", "message": "Candidate D \u2013 takes responsibility seriously.\nMETADATA_JSON:\n{\"agent\": \"agent_2\", \"vote\": \"Candidate D\"}"}
2026-05-17 03:06:53,811 - INFO - Agent turns: 9
2026-05-17 03:06:53,820 - INFO - Loop 3 completed
{"id": 14, "ts": 1778980013.8268497, "event": "discussion_order", "round": 4, "order": ["agent_2", "agent_1", "agent_3"]}
2026-05-17 03:06:57,722 - INFO - Tokens - Input: 1745, Output: 506, Total: 2251
{"id": 15, "ts": 1778980017.7236881, "event": "public_discussion_message", "round": 4, "agent": "agent_2", "message": "Candidate A \u2013 excellent spatial vision.\nMETADATA_JSON:\n{\"agent\": \"agent_2\", \"vote\": \"Candidate A\"}"}
2026-05-17 03:06:57,723 - INFO - Agent turns: 10
2026-05-17 03:07:03,242 - INFO - Tokens - Input: 1777, Output: 721, Total: 2498
{"id": 16, "ts": 1778980023.244121, "event": "public_discussion_message", "round": 4, "agent": "agent_1", "message": "Candidate A \u2013 excellent spatial vision.\nMETADATA_JSON:\n{\"agent\": \"agent_1\", \"vote\": \"Candidate A\"}"}
2026-05-17 03:07:03,244 - INFO - Agent turns: 11
2026-05-17 03:07:07,653 - INFO - Tokens - Input: 1807, Output: 575, Total: 2382
{"id": 17, "ts": 1778980027.655353, "event": "public_discussion_message", "round": 4, "agent": "agent_3", "message": "Candidate B \u2013 regarded as pretentious.\nMETADATA_JSON:\n{\"agent\": \"agent_3\", \"vote\": \"Candidate B\"}"}
2026-05-17 03:07:07,655 - INFO - Agent turns: 12
2026-05-17 03:07:07,663 - INFO - Loop 4 completed
{"id": 18, "ts": 1778980027.6704261, "event": "discussion_order", "round": 5, "order": ["agent_2", "agent_1", "agent_3"]}
2026-05-17 03:07:13,200 - INFO - Tokens - Input: 1851, Output: 715, Total: 2566
{"id": 19, "ts": 1778980033.2020109, "event": "public_discussion_message", "round": 5, "agent": "agent_2", "message": "Candidate D \u2013 takes responsibility seriously.\nMETADATA_JSON:\n{\"agent\": \"agent_2\", \"vote\": \"Candidate D\"}"}
2026-05-17 03:07:13,202 - INFO - Agent turns: 13
2026-05-17 03:07:21,506 - INFO - Tokens - Input: 1883, Output: 1078, Total: 2961
{"id": 20, "ts": 1778980041.5077288, "event": "public_discussion_message", "round": 5, "agent": "agent_1", "message": "Candidate C \u2013 known to be 100% reliable.\nMETADATA_JSON:\n{\"agent\": \"agent_1\", \"vote\": \"Candidate C\"}"}
2026-05-17 03:07:21,507 - INFO - Agent turns: 14
2026-05-17 03:07:28,016 - INFO - Tokens - Input: 1917, Output: 842, Total: 2759
{"id": 21, "ts": 1778980048.0182936, "event": "public_discussion_message", "round": 5, "agent": "agent_3", "message": "Candidate B \u2013 very conscientious.\nMETADATA_JSON:\n{\"agent\": \"agent_3\", \"vote\": \"Candidate B\"}"}
2026-05-17 03:07:28,018 - INFO - Agent turns: 15
2026-05-17 03:07:28,026 - INFO - Loop 5 completed
2026-05-17 03:07:28,026 - INFO - Final Chosen Candidate: None
2026-05-17 03:07:28,026 - INFO - Final Decision Method: max_round_no_majority
2026-05-17 03:07:28,026 - INFO - Final Vote Count: {'Candidate C': 1, 'Candidate D': 1, 'Candidate B': 1}
2026-05-17 03:07:28,026 - INFO - Correct Candidate: Candidate C
2026-05-17 03:07:28,026 - INFO - Decision Correct: 0
{"id": 22, "ts": 1778980048.0279016, "event": "context_consistency_not_applicable", "reason": "explicit_smm_memory_disabled"}
{"id": 23, "ts": 1778980048.0280132, "event": "final_decision", "candidate": null, "method": "max_round_no_majority", "vote_count": {"Candidate C": 1, "Candidate D": 1, "Candidate B": 1}, "correct_candidate": "Candidate C", "decision_correct": 0, "round": 5}
2026-05-17 03:07:28,035 - INFO - ======================================================================
2026-05-17 03:07:28,035 - INFO - SIMULATION METRICS
2026-05-17 03:07:28,036 - INFO - ======================================================================
2026-05-17 03:07:28,036 - INFO - Total Loops: 5
2026-05-17 03:07:28,036 - INFO - Agent Turns (no vote checker): 15
2026-05-17 03:07:28,036 - INFO - Agent Tool Calls: 0
2026-05-17 03:07:28,036 - INFO - Agent Tool Messages: 0
2026-05-17 03:07:28,036 - INFO - Memory Updates: 0
2026-05-17 03:07:28,036 - INFO - Total Messages (no vote checker): 15
2026-05-17 03:07:28,036 - INFO - Input Tokens: 25018
2026-05-17 03:07:28,036 - INFO - Output Tokens: 10142
2026-05-17 03:07:28,036 - INFO - Total Tokens: 35160
2026-05-17 03:07:28,036 - INFO - Final Chosen Candidate: None
2026-05-17 03:07:28,036 - INFO - Final Decision Method: max_round_no_majority
2026-05-17 03:07:28,036 - INFO - Final Vote Count: {'Candidate C': 1, 'Candidate D': 1, 'Candidate B': 1}
2026-05-17 03:07:28,036 - INFO - Correct Candidate: Candidate C
2026-05-17 03:07:28,036 - INFO - Decision Correct: 0
2026-05-17 03:07:28,036 - INFO - Runtime: 79.55s
2026-05-17 03:07:28,037 - INFO - ======================================================================
