2026-05-10 00:09:36,462 - INFO - Metrics tracker initialized
{"id": 1, "ts": 1778364576.488312, "event": "memory_reset"}
{"id": 2, "ts": 1778364576.4917126, "event": "discussion_order", "round": 1, "order": ["agent_2", "agent_3", "agent_1"]}
2026-05-10 00:09:43,963 - INFO - Tokens - Input: 1689, Output: 665, Total: 2354
{"id": 3, "ts": 1778364583.9649599, "event": "public_discussion_message", "round": 1, "agent": "agent_2", "message": "Candidate A \u2013 excellent spatial vision.\nMETADATA_JSON:\n{\"agent\": \"agent_2\", \"vote\": \"Candidate A\"}"}
2026-05-10 00:09:43,965 - INFO - Agent turns: 1
2026-05-10 00:09:55,332 - INFO - Tokens - Input: 1185, Output: 1160, Total: 2345
2026-05-10 00:09:55,334 - INFO - Memory updates: 1
{"id": 4, "ts": 1778364595.3342395, "event": "memory_updated", "agent": "agent_1", "round": 1}
2026-05-10 00:09:56,413 - INFO - Tokens - Input: 1180, Output: 1322, Total: 2502
2026-05-10 00:09:56,415 - INFO - Memory updates: 2
{"id": 5, "ts": 1778364596.4151943, "event": "memory_updated", "agent": "agent_3", "round": 1}
2026-05-10 00:09:58,202 - INFO - Tokens - Input: 1188, Output: 1329, Total: 2517
2026-05-10 00:09:58,204 - INFO - Memory updates: 3
{"id": 6, "ts": 1778364598.2044866, "event": "memory_updated", "agent": "agent_2", "round": 1}
2026-05-10 00:10:02,135 - INFO - Tokens - Input: 2162, Output: 531, Total: 2693
{"id": 7, "ts": 1778364602.1369827, "event": "public_discussion_message", "round": 1, "agent": "agent_3", "message": "Candidate B \u2013 handles stress very well.\nMETADATA_JSON:\n{\"agent\": \"agent_3\", \"vote\": \"Candidate B\"}"}
2026-05-10 00:10:02,137 - INFO - Agent turns: 2
2026-05-10 00:10:10,414 - INFO - Tokens - Input: 1691, Output: 1030, Total: 2721
2026-05-10 00:10:10,416 - INFO - Memory updates: 4
{"id": 8, "ts": 1778364610.4170866, "event": "memory_updated", "agent": "agent_1", "round": 1}
2026-05-10 00:10:10,905 - INFO - Tokens - Input: 1668, Output: 1042, Total: 2710
2026-05-10 00:10:10,907 - INFO - Memory updates: 5
{"id": 9, "ts": 1778364610.907506, "event": "memory_updated", "agent": "agent_3", "round": 1}
2026-05-10 00:10:11,744 - INFO - Tokens - Input: 1746, Output: 1076, Total: 2822
2026-05-10 00:10:11,746 - INFO - Memory updates: 6
{"id": 10, "ts": 1778364611.7463036, "event": "memory_updated", "agent": "agent_2", "round": 1}
2026-05-10 00:10:15,621 - INFO - Tokens - Input: 2269, Output: 415, Total: 2684
{"id": 11, "ts": 1778364615.625475, "event": "public_discussion_message", "round": 1, "agent": "agent_1", "message": "Candidate A \u2013 can anticipate dangerous situations.\nMETADATA_JSON:\n{\"agent\": \"agent_1\", \"vote\": \"Candidate A\"}"}
2026-05-10 00:10:15,625 - INFO - Agent turns: 3
2026-05-10 00:10:24,646 - INFO - Tokens - Input: 1775, Output: 1139, Total: 2914
2026-05-10 00:10:24,648 - INFO - Memory updates: 7
{"id": 12, "ts": 1778364624.6484208, "event": "memory_updated", "agent": "agent_1", "round": 1}
2026-05-10 00:10:25,971 - INFO - Tokens - Input: 1815, Output: 1231, Total: 3046
2026-05-10 00:10:25,973 - INFO - Memory updates: 8
{"id": 13, "ts": 1778364625.9738302, "event": "memory_updated", "agent": "agent_2", "round": 1}
2026-05-10 00:10:27,026 - INFO - Tokens - Input: 1730, Output: 1125, Total: 2855
2026-05-10 00:10:27,027 - INFO - Memory updates: 9
{"id": 14, "ts": 1778364627.0280604, "event": "memory_updated", "agent": "agent_3", "round": 1}
2026-05-10 00:10:27,036 - INFO - Loop 1 completed
{"id": 15, "ts": 1778364627.0434663, "event": "discussion_order", "round": 2, "order": ["agent_3", "agent_2", "agent_1"]}
2026-05-10 00:10:35,844 - INFO - Tokens - Input: 2319, Output: 317, Total: 2636
{"id": 16, "ts": 1778364635.8462312, "event": "public_discussion_message", "round": 2, "agent": "agent_3", "message": "I still prefer Candidate B \u2013 handles stress very well.\nMETADATA_JSON:\n{\"agent\": \"agent_3\", \"vote\": \"Candidate B\"}"}
2026-05-10 00:10:35,846 - INFO - Agent turns: 4
2026-05-10 00:10:44,137 - INFO - Tokens - Input: 1813, Output: 1048, Total: 2861
2026-05-10 00:10:44,139 - INFO - Memory updates: 10
{"id": 17, "ts": 1778364644.1394498, "event": "memory_updated", "agent": "agent_3", "round": 2}
2026-05-10 00:10:46,206 - INFO - Tokens - Input: 1963, Output: 1317, Total: 3280
2026-05-10 00:10:46,207 - INFO - Memory updates: 11
{"id": 18, "ts": 1778364646.207979, "event": "memory_updated", "agent": "agent_1", "round": 2}
2026-05-10 00:10:58,444 - INFO - Tokens - Input: 1900, Output: 1551, Total: 3451
2026-05-10 00:10:58,446 - INFO - Memory updates: 12
{"id": 19, "ts": 1778364658.4465308, "event": "memory_updated", "agent": "agent_2", "round": 2}
2026-05-10 00:10:59,918 - INFO - Tokens - Input: 2525, Output: 130, Total: 2655
{"id": 20, "ts": 1778364659.9198375, "event": "public_discussion_message", "round": 2, "agent": "agent_2", "message": "Candidate A \u2013 excellent spatial vision.\nMETADATA_JSON:\n{\"agent\": \"agent_2\", \"vote\": \"Candidate A\"}"}
2026-05-10 00:10:59,920 - INFO - Agent turns: 5
2026-05-10 00:11:08,885 - INFO - Tokens - Input: 2029, Output: 952, Total: 2981
2026-05-10 00:11:08,886 - INFO - Memory updates: 13
{"id": 21, "ts": 1778364668.8870258, "event": "memory_updated", "agent": "agent_2", "round": 2}
2026-05-10 00:11:09,246 - INFO - Tokens - Input: 1864, Output: 1137, Total: 3001
2026-05-10 00:11:09,247 - INFO - Memory updates: 14
{"id": 22, "ts": 1778364669.247669, "event": "memory_updated", "agent": "agent_3", "round": 2}
2026-05-10 00:11:10,231 - INFO - Tokens - Input: 2036, Output: 1171, Total: 3207
2026-05-10 00:11:10,233 - INFO - Memory updates: 15
{"id": 23, "ts": 1778364670.2338574, "event": "memory_updated", "agent": "agent_1", "round": 2}
2026-05-10 00:11:14,128 - INFO - Tokens - Input: 2522, Output: 132, Total: 2654
{"id": 24, "ts": 1778364674.1303666, "event": "public_discussion_message", "round": 2, "agent": "agent_1", "message": "I still prefer Candidate A \u2013 can anticipate dangerous situations.\nMETADATA_JSON:\n{\"agent\": \"agent_1\", \"vote\": \"Candidate A\"}"}
2026-05-10 00:11:14,130 - INFO - Agent turns: 6
2026-05-10 00:11:22,730 - INFO - Tokens - Input: 1903, Output: 1059, Total: 2962
2026-05-10 00:11:22,731 - INFO - Memory updates: 16
{"id": 25, "ts": 1778364682.7319372, "event": "memory_updated", "agent": "agent_3", "round": 2}
2026-05-10 00:11:22,745 - INFO - Tokens - Input: 1839, Output: 1004, Total: 2843
2026-05-10 00:11:22,747 - INFO - Memory updates: 17
{"id": 26, "ts": 1778364682.7473361, "event": "memory_updated", "agent": "agent_2", "round": 2}
2026-05-10 00:11:23,249 - INFO - Tokens - Input: 2034, Output: 1000, Total: 3034
2026-05-10 00:11:23,251 - INFO - Memory updates: 18
{"id": 27, "ts": 1778364683.2514813, "event": "memory_updated", "agent": "agent_1", "round": 2}
2026-05-10 00:11:23,260 - INFO - Loop 2 completed
{"id": 28, "ts": 1778364683.2665396, "event": "discussion_order", "round": 3, "order": ["agent_2", "agent_1", "agent_3"]}
2026-05-10 00:11:24,697 - INFO - Tokens - Input: 2367, Output: 143, Total: 2510
{"id": 29, "ts": 1778364684.6992428, "event": "public_discussion_message", "round": 3, "agent": "agent_2", "message": "Candidate A \u2013 excellent spatial vision.\nMETADATA_JSON:\n{\"agent\": \"agent_2\", \"vote\": \"Candidate A\"}"}
2026-05-10 00:11:24,699 - INFO - Agent turns: 7
2026-05-10 00:11:32,575 - INFO - Tokens - Input: 1853, Output: 1084, Total: 2937
2026-05-10 00:11:32,577 - INFO - Memory updates: 19
{"id": 30, "ts": 1778364692.5774121, "event": "memory_updated", "agent": "agent_2", "round": 3}
2026-05-10 00:11:33,181 - INFO - Tokens - Input: 1939, Output: 1090, Total: 3029
2026-05-10 00:11:33,183 - INFO - Memory updates: 20
{"id": 31, "ts": 1778364693.183769, "event": "memory_updated", "agent": "agent_3", "round": 3}
2026-05-10 00:11:34,074 - INFO - Tokens - Input: 1927, Output: 1112, Total: 3039
2026-05-10 00:11:34,076 - INFO - Memory updates: 21
{"id": 32, "ts": 1778364694.0767543, "event": "memory_updated", "agent": "agent_1", "round": 3}
2026-05-10 00:11:36,616 - INFO - Tokens - Input: 2473, Output: 153, Total: 2626
{"id": 33, "ts": 1778364696.6177876, "event": "public_discussion_message", "round": 3, "agent": "agent_1", "message": "Candidate A \u2013 anticipates dangerous situations.\nMETADATA_JSON:\n{\"agent\": \"agent_1\", \"vote\": \"Candidate A\"}"}
2026-05-10 00:11:36,617 - INFO - Agent turns: 8
2026-05-10 00:11:44,418 - INFO - Tokens - Input: 1979, Output: 1035, Total: 3014
2026-05-10 00:11:44,420 - INFO - Memory updates: 22
{"id": 34, "ts": 1778364704.4201837, "event": "memory_updated", "agent": "agent_1", "round": 3}
2026-05-10 00:11:45,303 - INFO - Tokens - Input: 1917, Output: 1121, Total: 3038
2026-05-10 00:11:45,305 - INFO - Memory updates: 23
{"id": 35, "ts": 1778364705.3058052, "event": "memory_updated", "agent": "agent_3", "round": 3}
2026-05-10 00:11:45,426 - INFO - Tokens - Input: 1888, Output: 1078, Total: 2966
2026-05-10 00:11:45,428 - INFO - Memory updates: 24
{"id": 36, "ts": 1778364705.4283285, "event": "memory_updated", "agent": "agent_2", "round": 3}
2026-05-10 00:11:49,372 - INFO - Tokens - Input: 2439, Output: 462, Total: 2901
{"id": 37, "ts": 1778364709.373945, "event": "public_discussion_message", "round": 3, "agent": "agent_3", "message": "I still prefer Candidate B \u2013 handles stress very well.\nMETADATA_JSON:\n{\"agent\": \"agent_3\", \"vote\": \"Candidate B\"}"}
2026-05-10 00:11:49,374 - INFO - Agent turns: 9
2026-05-10 00:11:57,795 - INFO - Tokens - Input: 1730, Output: 1018, Total: 2748
2026-05-10 00:11:57,796 - INFO - Memory updates: 25
{"id": 38, "ts": 1778364717.796798, "event": "memory_updated", "agent": "agent_2", "round": 3}
2026-05-10 00:11:57,901 - INFO - Tokens - Input: 1951, Output: 1036, Total: 2987
2026-05-10 00:11:57,903 - INFO - Memory updates: 26
{"id": 39, "ts": 1778364717.9030871, "event": "memory_updated", "agent": "agent_3", "round": 3}
2026-05-10 00:11:58,423 - INFO - Tokens - Input: 2016, Output: 1146, Total: 3162
2026-05-10 00:11:58,425 - INFO - Memory updates: 27
{"id": 40, "ts": 1778364718.4259262, "event": "memory_updated", "agent": "agent_1", "round": 3}
2026-05-10 00:11:58,435 - INFO - Loop 3 completed
{"id": 41, "ts": 1778364718.4417431, "event": "discussion_order", "round": 4, "order": ["agent_3", "agent_2", "agent_1"]}
2026-05-10 00:12:02,202 - INFO - Tokens - Input: 2588, Output: 131, Total: 2719
{"id": 42, "ts": 1778364722.2038803, "event": "public_discussion_message", "round": 4, "agent": "agent_3", "message": "I still prefer Candidate B \u2013 handles stress very well.\nMETADATA_JSON:\n{\"agent\": \"agent_3\", \"vote\": \"Candidate B\"}"}
2026-05-10 00:12:02,204 - INFO - Agent turns: 10
2026-05-10 00:12:08,802 - INFO - Tokens - Input: 1681, Output: 829, Total: 2510
2026-05-10 00:12:08,804 - INFO - Memory updates: 28
{"id": 43, "ts": 1778364728.804183, "event": "memory_updated", "agent": "agent_2", "round": 4}
2026-05-10 00:12:10,041 - INFO - Tokens - Input: 2082, Output: 992, Total: 3074
2026-05-10 00:12:10,042 - INFO - Memory updates: 29
{"id": 44, "ts": 1778364730.042958, "event": "memory_updated", "agent": "agent_3", "round": 4}
2026-05-10 00:12:11,406 - INFO - Tokens - Input: 1992, Output: 1028, Total: 3020
2026-05-10 00:12:11,407 - INFO - Memory updates: 30
{"id": 45, "ts": 1778364731.4080715, "event": "memory_updated", "agent": "agent_1", "round": 4}
2026-05-10 00:12:12,887 - INFO - Tokens - Input: 2200, Output: 147, Total: 2347
{"id": 46, "ts": 1778364732.8889432, "event": "public_discussion_message", "round": 4, "agent": "agent_2", "message": "Candidate A \u2013 anticipates dangerous situations.\nMETADATA_JSON:\n{\"agent\": \"agent_2\", \"vote\": \"Candidate A\"}"}
2026-05-10 00:12:12,889 - INFO - Agent turns: 11
2026-05-10 00:12:19,574 - INFO - Tokens - Input: 1843, Output: 844, Total: 2687
2026-05-10 00:12:19,575 - INFO - Memory updates: 31
{"id": 47, "ts": 1778364739.5759706, "event": "memory_updated", "agent": "agent_1", "round": 4}
2026-05-10 00:12:20,028 - INFO - Tokens - Input: 1706, Output: 939, Total: 2645
2026-05-10 00:12:20,030 - INFO - Memory updates: 32
{"id": 48, "ts": 1778364740.030424, "event": "memory_updated", "agent": "agent_2", "round": 4}
2026-05-10 00:12:21,884 - INFO - Tokens - Input: 2021, Output: 1061, Total: 3082
2026-05-10 00:12:21,886 - INFO - Memory updates: 33
{"id": 49, "ts": 1778364741.8866935, "event": "memory_updated", "agent": "agent_3", "round": 4}
2026-05-10 00:12:22,766 - INFO - Tokens - Input: 2357, Output: 89, Total: 2446
{"id": 50, "ts": 1778364742.7676995, "event": "public_discussion_message", "round": 4, "agent": "agent_1", "message": "Candidate A \u2013 sometimes unorganized.\nMETADATA_JSON:\n{\"agent\": \"agent_1\", \"vote\": \"Candidate A\"}"}
2026-05-10 00:12:22,767 - INFO - Agent turns: 12
2026-05-10 00:12:29,953 - INFO - Tokens - Input: 1744, Output: 893, Total: 2637
2026-05-10 00:12:29,955 - INFO - Memory updates: 34
{"id": 51, "ts": 1778364749.9556932, "event": "memory_updated", "agent": "agent_2", "round": 4}
2026-05-10 00:12:32,002 - INFO - Tokens - Input: 2088, Output: 1128, Total: 3216
2026-05-10 00:12:32,004 - INFO - Memory updates: 35
{"id": 52, "ts": 1778364752.004193, "event": "memory_updated", "agent": "agent_3", "round": 4}
2026-05-10 00:12:32,389 - INFO - Tokens - Input: 1861, Output: 1197, Total: 3058
2026-05-10 00:12:32,390 - INFO - Memory updates: 36
{"id": 53, "ts": 1778364752.3909812, "event": "memory_updated", "agent": "agent_1", "round": 4}
2026-05-10 00:12:32,399 - INFO - Loop 4 completed
{"id": 54, "ts": 1778364752.406366, "event": "discussion_order", "round": 5, "order": ["agent_1", "agent_3", "agent_2"]}
2026-05-10 00:12:34,856 - INFO - Tokens - Input: 2421, Output: 128, Total: 2549
{"id": 55, "ts": 1778364754.8584714, "event": "public_discussion_message", "round": 5, "agent": "agent_1", "message": "Candidate A \u2013 anticipates dangerous situations.\nMETADATA_JSON:\n{\"agent\": \"agent_1\", \"vote\": \"Candidate A\"}"}
2026-05-10 00:12:34,858 - INFO - Agent turns: 13
2026-05-10 00:12:41,995 - INFO - Tokens - Input: 1803, Output: 823, Total: 2626
2026-05-10 00:12:41,997 - INFO - Memory updates: 37
{"id": 56, "ts": 1778364761.9976206, "event": "memory_updated", "agent": "agent_2", "round": 5}
2026-05-10 00:12:42,213 - INFO - Tokens - Input: 1909, Output: 942, Total: 2851
2026-05-10 00:12:42,215 - INFO - Memory updates: 38
{"id": 57, "ts": 1778364762.2155895, "event": "memory_updated", "agent": "agent_1", "round": 5}
2026-05-10 00:12:45,369 - INFO - Tokens - Input: 2152, Output: 1256, Total: 3408
2026-05-10 00:12:45,371 - INFO - Memory updates: 39
{"id": 58, "ts": 1778364765.3714507, "event": "memory_updated", "agent": "agent_3", "round": 5}
2026-05-10 00:12:48,208 - INFO - Tokens - Input: 2640, Output: 123, Total: 2763
{"id": 59, "ts": 1778364768.2095785, "event": "public_discussion_message", "round": 5, "agent": "agent_3", "message": "I still prefer Candidate B \u2013 handles stress very well.\nMETADATA_JSON:\n{\"agent\": \"agent_3\", \"vote\": \"Candidate B\"}"}
2026-05-10 00:12:48,209 - INFO - Agent turns: 14
2026-05-10 00:12:55,568 - INFO - Tokens - Input: 1673, Output: 796, Total: 2469
2026-05-10 00:12:55,570 - INFO - Memory updates: 40
{"id": 60, "ts": 1778364775.5706306, "event": "memory_updated", "agent": "agent_2", "round": 5}
2026-05-10 00:12:56,132 - INFO - Tokens - Input: 2152, Output: 955, Total: 3107
2026-05-10 00:12:56,134 - INFO - Memory updates: 41
{"id": 61, "ts": 1778364776.1346269, "event": "memory_updated", "agent": "agent_3", "round": 5}
2026-05-10 00:12:59,609 - INFO - Tokens - Input: 1940, Output: 1021, Total: 2961
2026-05-10 00:12:59,611 - INFO - Memory updates: 42
{"id": 62, "ts": 1778364779.6112502, "event": "memory_updated", "agent": "agent_1", "round": 5}
2026-05-10 00:13:03,083 - INFO - Tokens - Input: 2331, Output: 132, Total: 2463
{"id": 63, "ts": 1778364783.0846672, "event": "public_discussion_message", "round": 5, "agent": "agent_2", "message": "Candidate A \u2013 regarded as a show\u2011off.\nMETADATA_JSON:\n{\"agent\": \"agent_2\", \"vote\": \"Candidate A\"}"}
2026-05-10 00:13:03,084 - INFO - Agent turns: 15
2026-05-10 00:13:11,428 - INFO - Tokens - Input: 1982, Output: 992, Total: 2974
2026-05-10 00:13:11,430 - INFO - Memory updates: 43
{"id": 64, "ts": 1778364791.4304945, "event": "memory_updated", "agent": "agent_1", "round": 5}
2026-05-10 00:13:17,814 - INFO - Tokens - Input: 2095, Output: 1016, Total: 3111
2026-05-10 00:13:17,816 - INFO - Memory updates: 44
{"id": 65, "ts": 1778364797.8163874, "event": "memory_updated", "agent": "agent_3", "round": 5}
2026-05-10 00:13:18,681 - INFO - Tokens - Input: 1841, Output: 816, Total: 2657
2026-05-10 00:13:18,683 - INFO - Memory updates: 45
{"id": 66, "ts": 1778364798.6836557, "event": "memory_updated", "agent": "agent_2", "round": 5}
2026-05-10 00:13:18,692 - INFO - Loop 5 completed
2026-05-10 00:13:18,692 - INFO - Final Chosen Candidate: Candidate A
2026-05-10 00:13:18,693 - INFO - Final Decision Method: max_round_majority_vote
2026-05-10 00:13:18,693 - INFO - Final Vote Count: {'Candidate A': 2, 'Candidate B': 1}
2026-05-10 00:13:18,693 - INFO - Correct Candidate: Candidate C
2026-05-10 00:13:18,693 - INFO - Decision Correct: 0
{"id": 67, "ts": 1778364799.0233605, "event": "context_consistency_calculated", "method": "embedding_cosine", "mean_pairwise_similarity": 0.77818, "pairwise": [{"agent_a": "agent_1", "agent_b": "agent_2", "similarity": 0.719523}, {"agent_a": "agent_1", "agent_b": "agent_3", "similarity": 0.800608}, {"agent_a": "agent_2", "agent_b": "agent_3", "similarity": 0.81441}]}
{"id": 68, "ts": 1778364799.0235372, "event": "gold_standard_alignment_calculated", "method": "rule_based_binary_checks", "mean_alignment": 0.25, "by_agent": [{"agent": "agent_1", "score": 0.125, "checks": {"favorite_is_c": 0, "c_reliability": 0, "c_calmness": 0, "c_attention": 0, "c_crew_fit": 0, "a_risks": 1, "b_risks": 0, "d_risks": 0}}, {"agent": "agent_2", "score": 0.625, "checks": {"favorite_is_c": 0, "c_reliability": 1, "c_calmness": 1, "c_attention": 0, "c_crew_fit": 0, "a_risks": 1, "b_risks": 1, "d_risks": 1}}, {"agent": "agent_3", "score": 0.0, "checks": {"favorite_is_c": 0, "c_reliability": 0, "c_calmness": 0, "c_attention": 0, "c_crew_fit": 0, "a_risks": 0, "b_risks": 0, "d_risks": 0}}]}
{"id": 69, "ts": 1778364799.0236614, "event": "agent_memories_archived", "directory": "/home/lhegemann/git/bachelor_thesis/01_data/raw/simulations/low/low_treatment_20260509_224515_024/shared_mental_models", "round": 5}
{"id": 70, "ts": 1778364799.0237408, "event": "final_decision", "candidate": "Candidate A", "method": "max_round_majority_vote", "vote_count": {"Candidate A": 2, "Candidate B": 1}, "correct_candidate": "Candidate C", "decision_correct": 0, "round": 5}
2026-05-10 00:13:19,034 - INFO - ======================================================================
2026-05-10 00:13:19,034 - INFO - SIMULATION METRICS
2026-05-10 00:13:19,034 - INFO - ======================================================================
2026-05-10 00:13:19,034 - INFO - Total Loops: 5
2026-05-10 00:13:19,034 - INFO - Agent Turns (no vote checker): 15
2026-05-10 00:13:19,034 - INFO - Agent Tool Calls: 0
2026-05-10 00:13:19,034 - INFO - Agent Tool Messages: 0
2026-05-10 00:13:19,034 - INFO - Memory Updates: 45
2026-05-10 00:13:19,034 - INFO - Total Messages (no vote checker): 15
2026-05-10 00:13:19,035 - INFO - Input Tokens: 118426
2026-05-10 00:13:19,035 - INFO - Output Tokens: 51639
2026-05-10 00:13:19,035 - INFO - Total Tokens: 170065
2026-05-10 00:13:19,035 - INFO - Final Chosen Candidate: Candidate A
2026-05-10 00:13:19,035 - INFO - Final Decision Method: max_round_majority_vote
2026-05-10 00:13:19,035 - INFO - Final Vote Count: {'Candidate A': 2, 'Candidate B': 1}
2026-05-10 00:13:19,035 - INFO - Correct Candidate: Candidate C
2026-05-10 00:13:19,035 - INFO - Decision Correct: 0
2026-05-10 00:13:19,035 - INFO - Runtime: 222.57s
2026-05-10 00:13:19,035 - INFO - ======================================================================
