2026-05-08 12:53:16,658 - INFO - Metrics tracker initialized
{"id": 1, "ts": 1778237596.6845107, "event": "memory_reset"}
{"id": 2, "ts": 1778237596.6881635, "event": "discussion_order", "round": 1, "order": ["agent_3", "agent_1", "agent_2"]}
2026-05-08 12:53:23,334 - INFO - Tokens - Input: 1414, Output: 632, Total: 2046
{"id": 3, "ts": 1778237603.3358252, "event": "public_discussion_message", "round": 1, "agent": "agent_3", "message": "I tentatively favor **Candidate\u202fB**. Their conscientiousness, strong stress handling, and solid technical abilities (weather assessment and computer skills) align well with the reliability, calmness under pressure, and technical competence needed for long\u2011distance flights. However, their pretentious demeanor and occasional wrong tone raise concerns about crew cooperation and cockpit atmosphere.\nMETADATA_JSON:\n{\"agent\": \"agent_3\", \"vote\": \"Candidate B\"}"}
2026-05-08 12:53:23,335 - INFO - Agent turns: 1
2026-05-08 12:53:37,769 - INFO - Tokens - Input: 1594, Output: 936, Total: 2530
{"id": 4, "ts": 1778237617.7708058, "event": "public_discussion_message", "round": 1, "agent": "agent_1", "message": "I currently favor **Candidate\u202fC**. Their proven 100\u202f% reliability and ability to create a positive crew atmosphere directly support the safety and teamwork essential for long\u2011distance flights, while their quick decision\u2011making aligns with the need for timely actions in complex situations. The main uncertainty is their difficulty communicating ideas and egocentric attitude, which could impair cockpit cooperation despite the generally positive atmosphere.\nMETADATA_JSON:\n{\"agent\": \"agent_1\", \"vote\": \"Candidate C\"}"}
2026-05-08 12:53:37,771 - INFO - Agent turns: 2
2026-05-08 12:53:46,779 - INFO - Tokens - Input: 1714, Output: 745, Total: 2459
{"id": 5, "ts": 1778237626.780473, "event": "public_discussion_message", "round": 1, "agent": "agent_2", "message": "I currently favor **Candidate\u202fA**. Their ability to anticipate dangerous situations, excellent spatial vision, and skill at seeing complex connections provide strong technical competence and safety awareness crucial for long\u2011distance flights. Additionally, their very good leadership qualities support taking responsibility and guiding the crew. The main uncertainty is their reputation as a show\u2011off and being not open to new ideas, which could hinder crew cooperation and adaptability.\nMETADATA_JSON:\n{\"agent\": \"agent_2\", \"vote\": \"Candidate A\"}"}
2026-05-08 12:53:46,780 - INFO - Agent turns: 3
2026-05-08 12:53:46,789 - INFO - Loop 1 completed
{"id": 6, "ts": 1778237626.7948291, "event": "discussion_order", "round": 2, "order": ["agent_2", "agent_1", "agent_3"]}
2026-05-08 12:53:54,258 - INFO - Tokens - Input: 1756, Output: 1071, Total: 2827
{"id": 7, "ts": 1778237634.2593782, "event": "public_discussion_message", "round": 2, "agent": "agent_2", "message": "I continue to favor **Candidate\u202fB**. Their conscientiousness and strong stress\u2011handling give solid reliability and calmness under pressure, while their ability to assess weather and excellent computer skills provide key technical competence for long\u2011distance flights. The main uncertainty is their cooperation risk \u2013 they make nasty remarks about colleagues and can come across as pretentious, which could undermine crew harmony.\nMETADATA_JSON:\n{\"agent\": \"agent_2\", \"vote\": \"Candidate B\"}"}
2026-05-08 12:53:54,259 - INFO - Agent turns: 4
2026-05-08 12:54:05,151 - INFO - Tokens - Input: 1920, Output: 1317, Total: 3237
{"id": 8, "ts": 1778237645.1533484, "event": "public_discussion_message", "round": 2, "agent": "agent_1", "message": "I now favor **Candidate\u202fD**. Their strong problem\u2011solving ability, high concentration, and proven capacity to respond adequately to unexpected events give the technical competence and calmness under pressure essential for long\u2011distance flights, while taking responsibility seriously supports reliability. The main uncertainty is their arrogance and relatively weak leadership, which could hinder crew cooperation.\nMETADATA_JSON:\n{\"agent\": \"agent_1\", \"vote\": \"Candidate D\"}"}
2026-05-08 12:54:05,153 - INFO - Agent turns: 5
2026-05-08 12:54:43,522 - INFO - Tokens - Input: 2006, Output: 815, Total: 2821
{"id": 9, "ts": 1778237683.5235069, "event": "public_discussion_message", "round": 2, "agent": "agent_3", "message": "I continue to favor **Candidate\u202fB**. Their strong conscientiousness and stress\u2011handling give high reliability and calmness under pressure, while their ability to assess weather and excellent computer skills provide essential technical competence for long\u2011distance flights. The main uncertainty is their cooperation risk \u2013 being perceived as pretentious and sometimes using the wrong tone could undermine crew harmony.\nMETADATA_JSON:\n{\"agent\": \"agent_3\", \"vote\": \"Candidate B\"}"}
2026-05-08 12:54:43,523 - INFO - Agent turns: 6
2026-05-08 12:54:43,533 - INFO - Loop 2 completed
{"id": 10, "ts": 1778237683.5393536, "event": "discussion_order", "round": 3, "order": ["agent_3", "agent_1", "agent_2"]}
2026-05-08 12:54:48,525 - INFO - Tokens - Input: 2040, Output: 630, Total: 2670
{"id": 11, "ts": 1778237688.5267632, "event": "public_discussion_message", "round": 3, "agent": "agent_3", "message": "I continue to favor **Candidate\u202fB**. Their conscientiousness and strong stress\u2011handling give high reliability and calmness under pressure, while their ability to assess weather and excellent computer skills provide essential technical competence for long\u2011distance flights. The main trade\u2011off is their cooperation risk \u2013 being perceived as pretentious and sometimes using the wrong tone could undermine crew harmony.\nMETADATA_JSON:\n{\"agent\": \"agent_3\", \"vote\": \"Candidate B\"}"}
2026-05-08 12:54:48,526 - INFO - Agent turns: 7
2026-05-08 12:54:55,176 - INFO - Tokens - Input: 2215, Output: 878, Total: 3093
{"id": 12, "ts": 1778237695.177849, "event": "public_discussion_message", "round": 3, "agent": "agent_1", "message": "I now favor **Candidate\u202fB**. Their conscientiousness supports high reliability, and their strong stress\u2011handling gives the calmness under pressure essential for long\u2011distance flights; together with solid weather\u2011assessment and computer skills they provide the technical competence needed for complex routes. The main trade\u2011off is their cooperation risk \u2013 being grumpy and uncooperative could undermine crew harmony in the cockpit.\nMETADATA_JSON:\n{\"agent\": \"agent_1\", \"vote\": \"Candidate B\"}"}
2026-05-08 12:54:55,178 - INFO - Agent turns: 8
2026-05-08 12:55:01,710 - INFO - Tokens - Input: 2331, Output: 805, Total: 3136
{"id": 13, "ts": 1778237701.7116082, "event": "public_discussion_message", "round": 3, "agent": "agent_2", "message": "I continue to favor **Candidate\u202fB**. Their conscientiousness gives high reliability, and their strong stress\u2011handling ensures calmness under pressure; together with solid weather\u2011assessment and excellent computer skills they cover the key technical competence needed for long\u2011distance flights. The main trade\u2011off is their cooperation risk \u2013 making nasty remarks and being perceived as pretentious could undermine crew harmony.\nMETADATA_JSON:\n{\"agent\": \"agent_2\", \"vote\": \"Candidate B\"}"}
2026-05-08 12:55:01,711 - INFO - Agent turns: 9
2026-05-08 12:55:01,720 - INFO - Loop 3 completed
2026-05-08 12:55:01,721 - INFO - Final Chosen Candidate: Candidate B
2026-05-08 12:55:01,721 - INFO - Final Decision Method: consensus
2026-05-08 12:55:01,721 - INFO - Final Vote Count: {'Candidate B': 3}
2026-05-08 12:55:01,721 - INFO - Correct Candidate: Candidate C
2026-05-08 12:55:01,721 - INFO - Decision Correct: 0
{"id": 14, "ts": 1778237701.7227893, "event": "context_consistency_not_applicable", "reason": "explicit_smm_memory_disabled"}
{"id": 15, "ts": 1778237701.7229524, "event": "final_decision", "candidate": "Candidate B", "method": "consensus", "vote_count": {"Candidate B": 3}, "correct_candidate": "Candidate C", "decision_correct": 0, "round": 3}
2026-05-08 12:55:01,730 - INFO - ======================================================================
2026-05-08 12:55:01,730 - INFO - SIMULATION METRICS
2026-05-08 12:55:01,730 - INFO - ======================================================================
2026-05-08 12:55:01,730 - INFO - Total Loops: 3
2026-05-08 12:55:01,730 - INFO - Agent Turns (no vote checker): 9
2026-05-08 12:55:01,730 - INFO - Agent Tool Calls: 0
2026-05-08 12:55:01,730 - INFO - Agent Tool Messages: 0
2026-05-08 12:55:01,730 - INFO - Memory Updates: 0
2026-05-08 12:55:01,730 - INFO - Total Messages (no vote checker): 9
2026-05-08 12:55:01,731 - INFO - Input Tokens: 16990
2026-05-08 12:55:01,731 - INFO - Output Tokens: 7829
2026-05-08 12:55:01,731 - INFO - Total Tokens: 24819
2026-05-08 12:55:01,731 - INFO - Final Chosen Candidate: Candidate B
2026-05-08 12:55:01,731 - INFO - Final Decision Method: consensus
2026-05-08 12:55:01,731 - INFO - Final Vote Count: {'Candidate B': 3}
2026-05-08 12:55:01,731 - INFO - Correct Candidate: Candidate C
2026-05-08 12:55:01,731 - INFO - Decision Correct: 0
2026-05-08 12:55:01,731 - INFO - Runtime: 105.07s
2026-05-08 12:55:01,731 - INFO - ======================================================================
