2026-05-06 12:25:55,940 - INFO - Metrics tracker initialized
{"id": 1, "ts": 1778063155.957061, "event": "memory_reset"}
{"id": 2, "ts": 1778063155.9588091, "event": "discussion_order", "round": 1, "order": ["agent_3", "agent_2", "agent_1"]}
2026-05-06 12:26:05,974 - INFO - Tokens - Input: 1708, Output: 1039, Total: 2747
{"id": 3, "ts": 1778063165.9749591, "event": "public_discussion_message", "round": 1, "agent": "agent_3", "message": "I tentatively favor **Candidate\u202fB**. Their strong conscientiousness and stress\u2011handling suggest high reliability and calmness under pressure, while their weather\u2011assessment ability and excellent computer skills are key technical assets for long\u2011haul flights. The main uncertainty is their reported pretentiousness and occasional wrong tone, which could hinder crew cooperation.\nMETADATA_JSON:\n{\"agent\": \"agent_3\", \"vote\": \"Candidate B\"}"}
2026-05-06 12:26:05,975 - INFO - Agent turns: 1
2026-05-06 12:26:14,408 - INFO - Tokens - Input: 1308, Output: 1138, Total: 2446
2026-05-06 12:26:14,411 - INFO - Memory updates: 1
{"id": 4, "ts": 1778063174.411956, "event": "memory_updated", "agent": "agent_2", "round": 1}
2026-05-06 12:26:17,580 - INFO - Tokens - Input: 1305, Output: 1410, Total: 2715
2026-05-06 12:26:17,582 - INFO - Memory updates: 2
{"id": 5, "ts": 1778063177.582794, "event": "memory_updated", "agent": "agent_1", "round": 1}
2026-05-06 12:26:24,906 - INFO - Tokens - Input: 1300, Output: 1799, Total: 3099
2026-05-06 12:26:24,908 - INFO - Memory updates: 3
{"id": 6, "ts": 1778063184.908818, "event": "memory_updated", "agent": "agent_3", "round": 1}
2026-05-06 12:26:28,330 - INFO - Tokens - Input: 2187, Output: 509, Total: 2696
{"id": 7, "ts": 1778063188.3322508, "event": "public_discussion_message", "round": 1, "agent": "agent_2", "message": "I currently favor **Candidate\u202fB**. Their conscientiousness and strong stress\u2011handling indicate high reliability and calmness under pressure, while their ability to assess weather and excellent computer skills are key technical assets for long\u2011haul operations. The main uncertainty is their tendency to make nasty remarks and a relatively weak memory for numbers, which could undermine crew cooperation and navigation accuracy.\nMETADATA_JSON:\n{\"agent\": \"agent_2\", \"vote\": \"Candidate B\"}"}
2026-05-06 12:26:28,332 - INFO - Agent turns: 2
2026-05-06 12:26:35,095 - INFO - Tokens - Input: 1972, Output: 1225, Total: 3197
2026-05-06 12:26:35,097 - INFO - Memory updates: 4
{"id": 8, "ts": 1778063195.097742, "event": "memory_updated", "agent": "agent_3", "round": 1}
2026-05-06 12:26:36,013 - INFO - Tokens - Input: 1796, Output: 1137, Total: 2933
2026-05-06 12:26:36,014 - INFO - Memory updates: 5
{"id": 9, "ts": 1778063196.014903, "event": "memory_updated", "agent": "agent_2", "round": 1}
2026-05-06 12:26:38,162 - INFO - Tokens - Input: 1994, Output: 1414, Total: 3408
2026-05-06 12:26:38,164 - INFO - Memory updates: 6
{"id": 10, "ts": 1778063198.1641269, "event": "memory_updated", "agent": "agent_1", "round": 1}
2026-05-06 12:26:44,002 - INFO - Tokens - Input: 2669, Output: 821, Total: 3490
{"id": 11, "ts": 1778063204.0047622, "event": "public_discussion_message", "round": 1, "agent": "agent_1", "message": "I currently favor **Candidate\u202fC**. Their 100\u202f% reliability and ability to make correct decisions quickly are crucial for safe, long\u2011haul operations, and they create a positive atmosphere with the crew, supporting cooperation on extended flights. The main uncertainty is their difficulty communicating ideas and egocentric attitude, which could undermine teamwork despite the positive atmosphere.\nMETADATA_JSON:\n{\"agent\": \"agent_1\", \"vote\": \"Candidate C\"}"}
2026-05-06 12:26:44,004 - INFO - Agent turns: 3
2026-05-06 12:26:52,805 - INFO - Tokens - Input: 2274, Output: 1442, Total: 3716
2026-05-06 12:26:52,808 - INFO - Memory updates: 7
{"id": 12, "ts": 1778063212.808243, "event": "memory_updated", "agent": "agent_1", "round": 1}
2026-05-06 12:26:54,959 - INFO - Tokens - Input: 1915, Output: 1338, Total: 3253
2026-05-06 12:26:54,961 - INFO - Memory updates: 8
{"id": 13, "ts": 1778063214.96194, "event": "memory_updated", "agent": "agent_2", "round": 1}
2026-05-06 12:26:55,980 - INFO - Tokens - Input: 2072, Output: 1638, Total: 3710
2026-05-06 12:26:55,982 - INFO - Memory updates: 9
{"id": 14, "ts": 1778063215.9822662, "event": "memory_updated", "agent": "agent_3", "round": 1}
2026-05-06 12:26:55,987 - INFO - Loop 1 completed
{"id": 15, "ts": 1778063215.990479, "event": "discussion_order", "round": 2, "order": ["agent_2", "agent_1", "agent_3"]}
2026-05-06 12:26:57,517 - INFO - Tokens - Input: 2586, Output: 207, Total: 2793
{"id": 16, "ts": 1778063217.5191958, "event": "public_discussion_message", "round": 2, "agent": "agent_2", "message": "I continue to favor **Candidate\u202fB**. Their strong conscientiousness and ability to handle stress suggest high reliability and calmness under pressure, while their skill in assessing weather and excellent computer abilities are critical technical competencies for long\u2011distance flights. The main uncertainty is their tendency to make nasty remarks toward colleagues and a relatively weak memory for numbers, which could undermine crew cooperation and navigation accuracy.\nMETADATA_JSON:\n{\"agent\": \"agent_2\", \"vote\": \"Candidate B\"}"}
2026-05-06 12:26:57,519 - INFO - Agent turns: 4
2026-05-06 12:27:04,379 - INFO - Tokens - Input: 2185, Output: 930, Total: 3115
2026-05-06 12:27:04,381 - INFO - Memory updates: 10
{"id": 17, "ts": 1778063224.38137, "event": "memory_updated", "agent": "agent_2", "round": 2}
2026-05-06 12:27:06,937 - INFO - Tokens - Input: 2401, Output: 1255, Total: 3656
2026-05-06 12:27:06,940 - INFO - Memory updates: 11
{"id": 18, "ts": 1778063226.940195, "event": "memory_updated", "agent": "agent_1", "round": 2}
2026-05-06 12:27:07,858 - INFO - Tokens - Input: 2319, Output: 1299, Total: 3618
2026-05-06 12:27:07,860 - INFO - Memory updates: 12
{"id": 19, "ts": 1778063227.860512, "event": "memory_updated", "agent": "agent_3", "round": 2}
2026-05-06 12:27:12,876 - INFO - Tokens - Input: 2654, Output: 673, Total: 3327
{"id": 20, "ts": 1778063232.878474, "event": "public_discussion_message", "round": 2, "agent": "agent_1", "message": "I continue to favor **Candidate\u202fC**. Their 100\u202f% reliability and ability to make quick, correct decisions are essential for safety on long\u2011haul flights, and they foster a positive crew atmosphere, supporting cooperation over extended periods. The main trade\u2011off is their difficulty communicating ideas and egocentric attitude, which could hinder teamwork despite the generally positive vibe.\nMETADATA_JSON:\n{\"agent\": \"agent_1\", \"vote\": \"Candidate C\"}"}
2026-05-06 12:27:12,878 - INFO - Agent turns: 5
2026-05-06 12:27:19,634 - INFO - Tokens - Input: 2408, Output: 1001, Total: 3409
2026-05-06 12:27:19,636 - INFO - Memory updates: 13
{"id": 21, "ts": 1778063239.636904, "event": "memory_updated", "agent": "agent_3", "round": 2}
2026-05-06 12:27:20,145 - INFO - Tokens - Input: 2265, Output: 1118, Total: 3383
2026-05-06 12:27:20,147 - INFO - Memory updates: 14
{"id": 22, "ts": 1778063240.148095, "event": "memory_updated", "agent": "agent_1", "round": 2}
2026-05-06 12:27:20,757 - INFO - Tokens - Input: 2161, Output: 1119, Total: 3280
2026-05-06 12:27:20,758 - INFO - Memory updates: 15
{"id": 23, "ts": 1778063240.7582972, "event": "memory_updated", "agent": "agent_2", "round": 2}
2026-05-06 12:27:24,162 - INFO - Tokens - Input: 2568, Output: 512, Total: 3080
{"id": 24, "ts": 1778063244.163861, "event": "public_discussion_message", "round": 2, "agent": "agent_3", "message": "I continue to favor **Candidate\u202fB**. Their strong conscientiousness and ability to handle stress give high reliability and calmness under pressure, while their skill in assessing weather and excellent computer abilities are critical technical competencies for long\u2011haul flights. The main trade\u2011off is their pretentious attitude and occasional wrong tone, which could undermine crew cooperation and communication.\nMETADATA_JSON:\n{\"agent\": \"agent_3\", \"vote\": \"Candidate B\"}"}
2026-05-06 12:27:24,164 - INFO - Agent turns: 6
2026-05-06 12:27:31,512 - INFO - Tokens - Input: 2173, Output: 1019, Total: 3192
2026-05-06 12:27:31,514 - INFO - Memory updates: 16
{"id": 25, "ts": 1778063251.514945, "event": "memory_updated", "agent": "agent_3", "round": 2}
2026-05-06 12:27:32,026 - INFO - Tokens - Input: 2246, Output: 1336, Total: 3582
2026-05-06 12:27:32,028 - INFO - Memory updates: 17
{"id": 26, "ts": 1778063252.028189, "event": "memory_updated", "agent": "agent_2", "round": 2}
2026-05-06 12:27:33,048 - INFO - Tokens - Input: 2322, Output: 1231, Total: 3553
2026-05-06 12:27:33,050 - INFO - Memory updates: 18
{"id": 27, "ts": 1778063253.050686, "event": "memory_updated", "agent": "agent_1", "round": 2}
2026-05-06 12:27:33,056 - INFO - Loop 2 completed
{"id": 28, "ts": 1778063253.059005, "event": "discussion_order", "round": 3, "order": ["agent_2", "agent_1", "agent_3"]}
2026-05-06 12:27:35,403 - INFO - Tokens - Input: 2946, Output: 322, Total: 3268
{"id": 29, "ts": 1778063255.40489, "event": "public_discussion_message", "round": 3, "agent": "agent_2", "message": "I continue to favor **Candidate\u202fB**. Their strong conscientiousness and ability to handle stress give high reliability and calmness under pressure, while their skill in assessing weather and excellent computer abilities are critical technical competencies for long\u2011distance flights. The main trade\u2011off is their tendency to make nasty remarks toward colleagues (and a relatively weak memory for numbers), which could undermine crew cooperation and navigation accuracy.\nMETADATA_JSON:\n{\"agent\": \"agent_2\", \"vote\": \"Candidate B\"}"}
2026-05-06 12:27:35,405 - INFO - Agent turns: 7
2026-05-06 12:27:43,070 - INFO - Tokens - Input: 2551, Output: 1117, Total: 3668
2026-05-06 12:27:43,072 - INFO - Memory updates: 19
{"id": 30, "ts": 1778063263.0721128, "event": "memory_updated", "agent": "agent_2", "round": 3}
2026-05-06 12:27:43,700 - INFO - Tokens - Input: 2319, Output: 1187, Total: 3506
2026-05-06 12:27:43,702 - INFO - Memory updates: 20
{"id": 31, "ts": 1778063263.702233, "event": "memory_updated", "agent": "agent_3", "round": 3}
2026-05-06 12:27:43,704 - INFO - Tokens - Input: 2468, Output: 1106, Total: 3574
2026-05-06 12:27:43,705 - INFO - Memory updates: 21
{"id": 32, "ts": 1778063263.70596, "event": "memory_updated", "agent": "agent_1", "round": 3}
2026-05-06 12:27:45,645 - INFO - Tokens - Input: 2731, Output: 233, Total: 2964
{"id": 33, "ts": 1778063265.647466, "event": "public_discussion_message", "round": 3, "agent": "agent_1", "message": "I continue to favor **Candidate\u202fC**. Their 100\u202f% reliability and ability to make quick, correct decisions are vital for safety on long\u2011haul flights, and they create a positive crew atmosphere, supporting sustained cooperation. The main uncertainty is their difficulty communicating ideas and egocentric attitude, which could hinder teamwork despite the generally positive vibe.\nMETADATA_JSON:\n{\"agent\": \"agent_1\", \"vote\": \"Candidate C\"}"}
2026-05-06 12:27:45,647 - INFO - Agent turns: 8
2026-05-06 12:27:50,664 - INFO - Tokens - Input: 2334, Output: 751, Total: 3085
2026-05-06 12:27:50,666 - INFO - Memory updates: 22
{"id": 34, "ts": 1778063270.666139, "event": "memory_updated", "agent": "agent_1", "round": 3}
2026-05-06 12:27:54,352 - INFO - Tokens - Input: 2459, Output: 1043, Total: 3502
2026-05-06 12:27:54,354 - INFO - Memory updates: 23
{"id": 35, "ts": 1778063274.354456, "event": "memory_updated", "agent": "agent_3", "round": 3}
2026-05-06 12:27:54,760 - INFO - Tokens - Input: 2608, Output: 1149, Total: 3757
2026-05-06 12:27:54,762 - INFO - Memory updates: 24
{"id": 36, "ts": 1778063274.762453, "event": "memory_updated", "agent": "agent_2", "round": 3}
2026-05-06 12:27:56,603 - INFO - Tokens - Input: 2919, Output: 217, Total: 3136
{"id": 37, "ts": 1778063276.605022, "event": "public_discussion_message", "round": 3, "agent": "agent_3", "message": "I continue to favor **Candidate\u202fB**. Their strong conscientiousness and ability to handle stress give high reliability and calmness under pressure, while their skill in assessing weather and excellent computer abilities are critical technical competencies for long\u2011distance flights. The main trade\u2011off is their pretentious attitude and occasional wrong tone (plus a relatively weak memory for numbers), which could pose challenges for crew cooperation and navigation accuracy.\nMETADATA_JSON:\n{\"agent\": \"agent_3\", \"vote\": \"Candidate B\"}"}
2026-05-06 12:27:56,605 - INFO - Agent turns: 9
2026-05-06 12:28:04,592 - INFO - Tokens - Input: 2699, Output: 1124, Total: 3823
2026-05-06 12:28:04,594 - INFO - Memory updates: 25
{"id": 38, "ts": 1778063284.59449, "event": "memory_updated", "agent": "agent_2", "round": 3}
2026-05-06 12:28:05,002 - INFO - Tokens - Input: 2349, Output: 1001, Total: 3350
2026-05-06 12:28:05,004 - INFO - Memory updates: 26
{"id": 39, "ts": 1778063285.004276, "event": "memory_updated", "agent": "agent_1", "round": 3}
2026-05-06 12:28:06,024 - INFO - Tokens - Input: 2546, Output: 1085, Total: 3631
2026-05-06 12:28:06,026 - INFO - Memory updates: 27
{"id": 40, "ts": 1778063286.0262349, "event": "memory_updated", "agent": "agent_3", "round": 3}
2026-05-06 12:28:06,032 - INFO - Loop 3 completed
{"id": 41, "ts": 1778063286.034569, "event": "discussion_order", "round": 4, "order": ["agent_2", "agent_1", "agent_3"]}
2026-05-06 12:28:08,175 - INFO - Tokens - Input: 3245, Output: 327, Total: 3572
{"id": 42, "ts": 1778063288.177372, "event": "public_discussion_message", "round": 4, "agent": "agent_2", "message": "I continue to favor **Candidate\u202fB**. Their strong conscientiousness, excellent stress handling, and solid weather\u2011assessment plus computer skills give high reliability and technical competence essential for long\u2011distance flights. The main trade\u2011off is their interpersonal drawback\u2014making nasty remarks and a pretentious tone\u2014which could undermine crew cohesion and safety over extended missions.\nMETADATA_JSON:\n{\"agent\": \"agent_2\", \"vote\": \"Candidate B\"}"}
2026-05-06 12:28:08,177 - INFO - Agent turns: 10
2026-05-06 12:28:15,548 - INFO - Tokens - Input: 2667, Output: 1050, Total: 3717
2026-05-06 12:28:15,551 - INFO - Memory updates: 28
{"id": 43, "ts": 1778063295.5514922, "event": "memory_updated", "agent": "agent_3", "round": 4}
2026-05-06 12:28:16,065 - INFO - Tokens - Input: 2456, Output: 952, Total: 3408
2026-05-06 12:28:16,066 - INFO - Memory updates: 29
{"id": 44, "ts": 1778063296.0669792, "event": "memory_updated", "agent": "agent_1", "round": 4}
2026-05-06 12:28:17,590 - INFO - Tokens - Input: 2828, Output: 1153, Total: 3981
2026-05-06 12:28:17,591 - INFO - Memory updates: 30
{"id": 45, "ts": 1778063297.5920022, "event": "memory_updated", "agent": "agent_2", "round": 4}
2026-05-06 12:28:21,075 - INFO - Tokens - Input: 2943, Output: 232, Total: 3175
{"id": 46, "ts": 1778063301.077589, "event": "public_discussion_message", "round": 4, "agent": "agent_1", "message": "I currently favor **Candidate\u202fC**. Their 100\u202f% reliability and ability to make quick, correct decisions are critical for safety on long\u2011distance flights, and they create a positive atmosphere with the crew, supporting sustained cooperation. The main uncertainty is their difficulty communicating ideas and egocentric attitude, which could impede teamwork despite the generally positive vibe.\nMETADATA_JSON:\n{\"agent\": \"agent_1\", \"vote\": \"Candidate C\"}"}
2026-05-06 12:28:21,077 - INFO - Agent turns: 11
2026-05-06 12:28:26,125 - INFO - Tokens - Input: 2548, Output: 713, Total: 3261
2026-05-06 12:28:26,127 - INFO - Memory updates: 31
{"id": 47, "ts": 1778063306.127519, "event": "memory_updated", "agent": "agent_1", "round": 4}
2026-05-06 12:28:27,938 - INFO - Tokens - Input: 2887, Output: 1104, Total: 3991
2026-05-06 12:28:27,940 - INFO - Memory updates: 32
{"id": 48, "ts": 1778063307.940188, "event": "memory_updated", "agent": "agent_2", "round": 4}
2026-05-06 12:28:28,654 - INFO - Tokens - Input: 2622, Output: 1059, Total: 3681
2026-05-06 12:28:28,656 - INFO - Memory updates: 33
{"id": 49, "ts": 1778063308.6569989, "event": "memory_updated", "agent": "agent_3", "round": 4}
2026-05-06 12:28:31,290 - INFO - Tokens - Input: 3183, Output: 265, Total: 3448
{"id": 50, "ts": 1778063311.292502, "event": "public_discussion_message", "round": 4, "agent": "agent_3", "message": "I continue to favor **Candidate\u202fB**. Their strong conscientiousness and excellent stress\u2011handling give high reliability and calmness under pressure, while their ability to assess weather and superior computer skills are critical technical competencies for long\u2011distance flights. The main uncertainty is their pretentious attitude and occasional wrong tone, which could undermine crew cooperation and cohesion.\nMETADATA_JSON:\n{\"agent\": \"agent_3\", \"vote\": \"Candidate B\"}"}
2026-05-06 12:28:31,292 - INFO - Agent turns: 12
2026-05-06 12:28:38,589 - INFO - Tokens - Input: 2784, Output: 945, Total: 3729
2026-05-06 12:28:38,591 - INFO - Memory updates: 34
{"id": 51, "ts": 1778063318.591386, "event": "memory_updated", "agent": "agent_3", "round": 4}
2026-05-06 12:28:38,593 - INFO - Tokens - Input: 2901, Output: 1083, Total: 3984
2026-05-06 12:28:38,594 - INFO - Memory updates: 35
{"id": 52, "ts": 1778063318.5945961, "event": "memory_updated", "agent": "agent_2", "round": 4}
2026-05-06 12:28:39,285 - INFO - Tokens - Input: 2668, Output: 776, Total: 3444
2026-05-06 12:28:39,287 - INFO - Memory updates: 36
{"id": 53, "ts": 1778063319.287157, "event": "memory_updated", "agent": "agent_1", "round": 4}
2026-05-06 12:28:39,293 - INFO - Loop 4 completed
{"id": 54, "ts": 1778063319.296457, "event": "discussion_order", "round": 5, "order": ["agent_3", "agent_2", "agent_1"]}
2026-05-06 12:28:40,836 - INFO - Tokens - Input: 3391, Output: 161, Total: 3552
{"id": 55, "ts": 1778063320.8379352, "event": "public_discussion_message", "round": 5, "agent": "agent_3", "message": "I still favor **Candidate\u202fB**. Their strong conscientiousness and excellent stress\u2011handling give high reliability and calmness under pressure\u2014crucial for long\u2011haul safety. Additionally, their ability to assess weather and superior computer skills provide essential technical competence for complex, long\u2011distance operations. The main trade\u2011off is their pretentious attitude and occasional wrong tone, which could undermine crew cooperation and cohesion.\nMETADATA_JSON:\n{\"agent\": \"agent_3\", \"vote\": \"Candidate B\"}"}
2026-05-06 12:28:40,838 - INFO - Agent turns: 13
2026-05-06 12:28:46,573 - INFO - Tokens - Input: 3009, Output: 1062, Total: 4071
2026-05-06 12:28:46,575 - INFO - Memory updates: 37
{"id": 56, "ts": 1778063326.575906, "event": "memory_updated", "agent": "agent_2", "round": 5}
2026-05-06 12:28:46,982 - INFO - Tokens - Input: 3000, Output: 936, Total: 3936
2026-05-06 12:28:46,984 - INFO - Memory updates: 38
{"id": 57, "ts": 1778063326.984534, "event": "memory_updated", "agent": "agent_3", "round": 5}
2026-05-06 12:28:48,722 - INFO - Tokens - Input: 2813, Output: 1211, Total: 4024
2026-05-06 12:28:48,724 - INFO - Memory updates: 39
{"id": 58, "ts": 1778063328.7249548, "event": "memory_updated", "agent": "agent_1", "round": 5}
2026-05-06 12:28:50,462 - INFO - Tokens - Input: 3503, Output: 241, Total: 3744
{"id": 59, "ts": 1778063330.46347, "event": "public_discussion_message", "round": 5, "agent": "agent_2", "message": "I continue to favor **Candidate\u202fB**. Their strong conscientiousness and excellent stress\u2011handling give high reliability and calmness under pressure\u2014essential for ultra\u2011long\u2011haul flights. Additionally, their ability to assess weather accurately and superior computer skills provide critical technical competence for complex, long\u2011distance operations. The main trade\u2011off is their interpersonal drawback: making nasty remarks and a pretentious tone, which could undermine crew cohesion and safety.\nMETADATA_JSON:\n{\"agent\": \"agent_2\", \"vote\": \"Candidate B\"}"}
2026-05-06 12:28:50,463 - INFO - Agent turns: 14
2026-05-06 12:28:58,044 - INFO - Tokens - Input: 3054, Output: 1050, Total: 4104
2026-05-06 12:28:58,046 - INFO - Memory updates: 40
{"id": 60, "ts": 1778063338.046646, "event": "memory_updated", "agent": "agent_3", "round": 5}
2026-05-06 12:28:58,348 - INFO - Tokens - Input: 2905, Output: 998, Total: 3903
2026-05-06 12:28:58,349 - INFO - Memory updates: 41
{"id": 61, "ts": 1778063338.349837, "event": "memory_updated", "agent": "agent_1", "round": 5}
2026-05-06 12:28:59,269 - INFO - Tokens - Input: 3142, Output: 1088, Total: 4230
2026-05-06 12:28:59,271 - INFO - Memory updates: 42
{"id": 62, "ts": 1778063339.27213, "event": "memory_updated", "agent": "agent_2", "round": 5}
2026-05-06 12:29:07,877 - INFO - Tokens - Input: 3450, Output: 1300, Total: 4750
{"id": 63, "ts": 1778063347.879646, "event": "public_discussion_message", "round": 5, "agent": "agent_1", "message": "I continue to favor **Candidate\u202fC**. Their 100\u202f% reliability and ability to make quick, correct decisions are vital for safety on ultra\u2011long\u2011haul flights, and they create a positive atmosphere with the crew, supporting sustained cooperation during extended missions. The main uncertainty is the lack of documented technical strengths (e.g., weather assessment, computer skills) and their difficulty communicating ideas, which could affect performance in technically demanding situations.\nMETADATA_JSON:\n{\"agent\": \"agent_1\", \"vote\": \"Candidate C\"}"}
2026-05-06 12:29:07,879 - INFO - Agent turns: 15
2026-05-06 12:29:14,699 - INFO - Tokens - Input: 3089, Output: 1044, Total: 4133
2026-05-06 12:29:14,702 - INFO - Memory updates: 43
{"id": 64, "ts": 1778063354.7027788, "event": "memory_updated", "agent": "agent_1", "round": 5}
2026-05-06 12:29:16,823 - INFO - Tokens - Input: 3153, Output: 1020, Total: 4173
2026-05-06 12:29:16,825 - INFO - Memory updates: 44
{"id": 65, "ts": 1778063356.825987, "event": "memory_updated", "agent": "agent_3", "round": 5}
2026-05-06 12:29:19,444 - INFO - Tokens - Input: 3236, Output: 1386, Total: 4622
2026-05-06 12:29:19,446 - INFO - Memory updates: 45
{"id": 66, "ts": 1778063359.4462662, "event": "memory_updated", "agent": "agent_2", "round": 5}
2026-05-06 12:29:19,453 - INFO - Loop 5 completed
2026-05-06 12:29:19,453 - INFO - Final Chosen Candidate: Candidate B
2026-05-06 12:29:19,453 - INFO - Final Decision Method: max_round_majority_vote
2026-05-06 12:29:19,453 - INFO - Final Vote Count: {'Candidate C': 1, 'Candidate B': 2}
2026-05-06 12:29:19,453 - INFO - Correct Candidate: Candidate C
2026-05-06 12:29:19,454 - INFO - Decision Correct: 0
{"id": 67, "ts": 1778063359.9575849, "event": "context_consistency_calculated", "method": "embedding_cosine", "mean_pairwise_similarity": 0.859177, "pairwise": [{"agent_a": "agent_1", "agent_b": "agent_2", "similarity": 0.846052}, {"agent_a": "agent_1", "agent_b": "agent_3", "similarity": 0.822966}, {"agent_a": "agent_2", "agent_b": "agent_3", "similarity": 0.908512}]}
{"id": 68, "ts": 1778063359.957653, "event": "agent_memories_archived", "directory": "/Users/leonardhegemann/Documents/Studium/Bachelor/SoSe_2026/Abschlussarbeit/bachelor_thesis/01_data/raw/simulations/moderate/moderate_20260506_121340_003/shared_mental_models", "round": 5}
{"id": 69, "ts": 1778063359.957688, "event": "final_decision", "candidate": "Candidate B", "method": "max_round_majority_vote", "vote_count": {"Candidate C": 1, "Candidate B": 2}, "correct_candidate": "Candidate C", "decision_correct": 0, "round": 5}
2026-05-06 12:29:19,960 - INFO - ======================================================================
2026-05-06 12:29:19,960 - INFO - SIMULATION METRICS
2026-05-06 12:29:19,960 - INFO - ======================================================================
2026-05-06 12:29:19,960 - INFO - Total Loops: 5
2026-05-06 12:29:19,961 - INFO - Agent Turns (no vote checker): 15
2026-05-06 12:29:19,961 - INFO - Agent Tool Calls: 0
2026-05-06 12:29:19,961 - INFO - Agent Tool Messages: 0
2026-05-06 12:29:19,961 - INFO - Memory Updates: 45
2026-05-06 12:29:19,961 - INFO - Total Messages (no vote checker): 15
2026-05-06 12:29:19,961 - INFO - Input Tokens: 153194
2026-05-06 12:29:19,961 - INFO - Output Tokens: 58101
2026-05-06 12:29:19,961 - INFO - Total Tokens: 211295
2026-05-06 12:29:19,961 - INFO - Final Chosen Candidate: Candidate B
2026-05-06 12:29:19,961 - INFO - Final Decision Method: max_round_majority_vote
2026-05-06 12:29:19,961 - INFO - Final Vote Count: {'Candidate C': 1, 'Candidate B': 2}
2026-05-06 12:29:19,961 - INFO - Correct Candidate: Candidate C
2026-05-06 12:29:19,961 - INFO - Decision Correct: 0
2026-05-06 12:29:19,961 - INFO - Runtime: 204.02s
2026-05-06 12:29:19,961 - INFO - ======================================================================
