2026-05-10 05:21:31,651 - INFO - Metrics tracker initialized
{"id": 1, "ts": 1778383291.6771705, "event": "memory_reset"}
{"id": 2, "ts": 1778383291.6801167, "event": "discussion_order", "round": 1, "order": ["agent_1", "agent_2", "agent_3"]}
2026-05-10 05:21:40,130 - INFO - Tokens - Input: 1419, Output: 869, Total: 2288
{"id": 3, "ts": 1778383300.1315815, "event": "public_discussion_message", "round": 1, "agent": "agent_1", "message": "I tentatively favor **Candidate C** because he is explicitly described as \u201c100% reliable\u201d and \u201ccreates a positive atmosphere with his crew,\u201d both key for long\u2011distance operations where trust and crew cohesion are vital. His ability to make correct decisions quickly also supports handling the high workload of long flights.\nA major uncertainty is his difficulty communicating ideas and his egocentric attitude, which could impair teamwork and coordination in the cockpit.\nMETADATA_JSON:\n{\"agent\": \"agent_1\", \"vote\": \"Candidate C\"}"}
2026-05-10 05:21:40,131 - INFO - Agent turns: 1
2026-05-10 05:21:47,971 - INFO - Tokens - Input: 1632, Output: 932, Total: 2564
{"id": 4, "ts": 1778383307.9732375, "event": "public_discussion_message", "round": 1, "agent": "agent_2", "message": "I currently favor **Candidate A** because his excellent spatial vision and ability to anticipate dangerous situations give strong technical safety advantages, and his very good leadership qualities support effective crew coordination on long flights.\nA key uncertainty is his reputation as a show\u2011off and being not open to new ideas, which could hinder cooperation and adaptability in the cockpit.\nMETADATA_JSON:\n{\"agent\": \"agent_2\", \"vote\": \"Candidate A\"}"}
2026-05-10 05:21:47,973 - INFO - Agent turns: 2
2026-05-10 05:22:27,145 - INFO - Tokens - Input: 1700, Output: 896, Total: 2596
{"id": 5, "ts": 1778383347.146422, "event": "public_discussion_message", "round": 1, "agent": "agent_3", "message": "I currently favor **Candidate B** because his very conscientious nature and strong stress\u2011handling ability give solid reliability for long\u2011haul flights, and his excellent weather\u2011assessment and computer skills provide the technical competence needed for complex, long\u2011distance operations.\nA key trade\u2011off is his pretentious demeanor and occasional inappropriate tone, which could undermine crew cooperation and cockpit harmony.\nMETADATA_JSON:\n{\"agent\": \"agent_3\", \"vote\": \"Candidate B\"}"}
2026-05-10 05:22:27,146 - INFO - Agent turns: 3
2026-05-10 05:22:27,155 - INFO - Loop 1 completed
{"id": 6, "ts": 1778383347.1604068, "event": "discussion_order", "round": 2, "order": ["agent_3", "agent_1", "agent_2"]}
2026-05-10 05:22:37,394 - INFO - Tokens - Input: 1744, Output: 1054, Total: 2798
{"id": 7, "ts": 1778383357.395467, "event": "public_discussion_message", "round": 2, "agent": "agent_3", "message": "I continue to favor **Candidate\u202fB**. His very conscientious nature and strong ability to handle stress give the reliability and calmness needed for long\u2011haul flights, while his excellent weather\u2011assessment and computer skills provide the technical competence essential for complex, long\u2011distance operations. The main uncertainty is his pretentious demeanor and occasional inappropriate tone, which could undermine crew cooperation and cockpit harmony.\nMETADATA_JSON:\n{\"agent\": \"agent_3\", \"vote\": \"Candidate B\"}"}
2026-05-10 05:22:37,395 - INFO - Agent turns: 4
2026-05-10 05:22:48,330 - INFO - Tokens - Input: 1920, Output: 861, Total: 2781
{"id": 8, "ts": 1778383368.331665, "event": "public_discussion_message", "round": 2, "agent": "agent_1", "message": "I now favor **Candidate\u202fA**. His excellent spatial vision and ability to anticipate dangerous situations give strong technical safety advantages, while his very good leadership qualities support effective crew coordination on long\u2011haul flights. The main trade\u2011off is that he can be unorganized and not receptive to criticism, which may hinder teamwork and adaptability in the cockpit.\nMETADATA_JSON:\n{\"agent\": \"agent_1\", \"vote\": \"Candidate A\"}"}
2026-05-10 05:22:48,331 - INFO - Agent turns: 5
2026-05-10 05:23:00,119 - INFO - Tokens - Input: 2012, Output: 1134, Total: 3146
{"id": 9, "ts": 1778383380.120814, "event": "public_discussion_message", "round": 2, "agent": "agent_2", "message": "I now favor **Candidate\u202fB** because his very conscientious nature and strong ability to handle stress give solid reliability and calmness for long\u2011haul flights, and his excellent weather\u2011assessment and computer skills provide the technical competence needed for complex, long\u2011distance operations. The main trade\u2011off is his tendency to make nasty remarks about colleagues, which could undermine crew cooperation and cockpit harmony.\nMETADATA_JSON:\n{\"agent\": \"agent_2\", \"vote\": \"Candidate B\"}"}
2026-05-10 05:23:00,120 - INFO - Agent turns: 6
2026-05-10 05:23:00,129 - INFO - Loop 2 completed
{"id": 10, "ts": 1778383380.1357515, "event": "discussion_order", "round": 3, "order": ["agent_2", "agent_1", "agent_3"]}
2026-05-10 05:23:07,544 - INFO - Tokens - Input: 2052, Output: 864, Total: 2916
{"id": 11, "ts": 1778383387.5458503, "event": "public_discussion_message", "round": 3, "agent": "agent_2", "message": "I continue to favor **Candidate\u202fB** because his very conscientious nature and strong ability to handle stress give the reliability and calmness essential for long\u2011haul flights, and his excellent weather\u2011assessment and computer skills provide key technical competence for complex, long\u2011distance operations. The main trade\u2011off is his tendency to make nasty remarks about colleagues and a pretentious demeanor, which could undermine crew cooperation and cockpit harmony.\nMETADATA_JSON:\n{\"agent\": \"agent_2\", \"vote\": \"Candidate B\"}"}
2026-05-10 05:23:07,546 - INFO - Agent turns: 7
2026-05-10 05:23:14,002 - INFO - Tokens - Input: 2239, Output: 759, Total: 2998
{"id": 12, "ts": 1778383394.0033152, "event": "public_discussion_message", "round": 3, "agent": "agent_1", "message": "I currently favor **Candidate\u202fA**. His excellent spatial vision and ability to anticipate dangerous situations give strong technical safety advantages crucial for long\u2011distance flights, and his very good leadership qualities support effective crew coordination on extended routes. The main trade\u2011off is that he can be unorganized and not receptive to criticism, which could hinder teamwork and adaptability in the cockpit.\nMETADATA_JSON:\n{\"agent\": \"agent_1\", \"vote\": \"Candidate A\"}"}
2026-05-10 05:23:14,003 - INFO - Agent turns: 8
2026-05-10 05:23:24,357 - INFO - Tokens - Input: 2325, Output: 816, Total: 3141
{"id": 13, "ts": 1778383404.359274, "event": "public_discussion_message", "round": 3, "agent": "agent_3", "message": "I continue to favor **Candidate\u202fB** because his very conscientious nature gives strong reliability, and his ability to handle stress provides the calmness needed for long\u2011haul flights. Additionally, his excellent weather\u2011assessment and computer skills supply the technical competence essential for complex, long\u2011distance operations. The main trade\u2011off is his pretentious demeanor and occasional inappropriate tone, which could undermine crew cooperation and cockpit harmony.\nMETADATA_JSON:\n{\"agent\": \"agent_3\", \"vote\": \"Candidate B\"}"}
2026-05-10 05:23:24,359 - INFO - Agent turns: 9
2026-05-10 05:23:24,368 - INFO - Loop 3 completed
{"id": 14, "ts": 1778383404.3743021, "event": "discussion_order", "round": 4, "order": ["agent_3", "agent_1", "agent_2"]}
2026-05-10 05:23:33,817 - INFO - Tokens - Input: 2366, Output: 1122, Total: 3488
{"id": 15, "ts": 1778383413.818537, "event": "public_discussion_message", "round": 4, "agent": "agent_3", "message": "I continue to favor **Candidate\u202fB**. His very conscientious nature gives strong reliability, and his ability to handle stress provides the calmness needed for long\u2011haul flights. Additionally, his excellent weather\u2011assessment and computer skills supply key technical competence for complex, long\u2011distance operations. The main trade\u2011off is his pretentious demeanor and occasional inappropriate tone, which could undermine crew cooperation and cockpit harmony.\nMETADATA_JSON:\n{\"agent\": \"agent_3\", \"vote\": \"Candidate B\"}"}
2026-05-10 05:23:33,818 - INFO - Agent turns: 10
2026-05-10 05:23:41,356 - INFO - Tokens - Input: 2557, Output: 846, Total: 3403
{"id": 16, "ts": 1778383421.3576226, "event": "public_discussion_message", "round": 4, "agent": "agent_1", "message": "I currently favor **Candidate\u202fA**. His excellent spatial vision and ability to anticipate dangerous situations give strong technical safety advantages essential for long\u2011distance flights, and his very good leadership qualities support effective crew coordination on extended routes. The main trade\u2011off is his tendency to be unorganized and not receptive to criticism, which could hinder teamwork and adaptability in the cockpit.\nMETADATA_JSON:\n{\"agent\": \"agent_1\", \"vote\": \"Candidate A\"}"}
2026-05-10 05:23:41,357 - INFO - Agent turns: 11
2026-05-10 05:23:46,648 - INFO - Tokens - Input: 2653, Output: 622, Total: 3275
{"id": 17, "ts": 1778383426.6494272, "event": "public_discussion_message", "round": 4, "agent": "agent_2", "message": "I continue to favor **Candidate\u202fB** because his very conscientious nature and strong ability to handle stress give the reliability and calmness essential for long\u2011haul flights, and his excellent weather\u2011assessment and computer skills provide key technical competence for complex, long\u2011distance operations. The main trade\u2011off is his tendency to make nasty remarks and display a pretentious demeanor, which could undermine crew cooperation and cockpit harmony.\nMETADATA_JSON:\n{\"agent\": \"agent_2\", \"vote\": \"Candidate B\"}"}
2026-05-10 05:23:46,649 - INFO - Agent turns: 12
2026-05-10 05:23:46,658 - INFO - Loop 4 completed
{"id": 18, "ts": 1778383426.6639862, "event": "discussion_order", "round": 5, "order": ["agent_1", "agent_2", "agent_3"]}
2026-05-10 05:23:55,104 - INFO - Tokens - Input: 2691, Output: 941, Total: 3632
{"id": 19, "ts": 1778383435.1056883, "event": "public_discussion_message", "round": 5, "agent": "agent_1", "message": "I continue to favor **Candidate\u202fA**. His excellent spatial vision and ability to anticipate dangerous situations give strong technical safety advantages for long\u2011distance flights, and his very good leadership qualities support effective crew coordination on extended routes. The main trade\u2011off is his tendency to be unorganized and not receptive to criticism, which could hinder teamwork and adaptability in the cockpit.\nMETADATA_JSON:\n{\"agent\": \"agent_1\", \"vote\": \"Candidate A\"}"}
2026-05-10 05:23:55,105 - INFO - Agent turns: 13
2026-05-10 05:24:09,535 - INFO - Tokens - Input: 2864, Output: 1416, Total: 4280
{"id": 20, "ts": 1778383449.5370328, "event": "public_discussion_message", "round": 5, "agent": "agent_2", "message": "I continue to favor **Candidate\u202fB** because his very conscientious nature gives strong reliability for long\u2011haul operations, and his excellent weather\u2011assessment and computer skills provide the technical competence essential for complex, long\u2011distance flights. The main trade\u2011off is his tendency to make nasty remarks about colleagues and his pretentious demeanor, which could undermine crew cooperation and cockpit harmony.\nMETADATA_JSON:\n{\"agent\": \"agent_2\", \"vote\": \"Candidate B\"}"}
2026-05-10 05:24:09,537 - INFO - Agent turns: 14
2026-05-10 05:24:18,697 - INFO - Tokens - Input: 2959, Output: 1068, Total: 4027
{"id": 21, "ts": 1778383458.6992018, "event": "public_discussion_message", "round": 5, "agent": "agent_3", "message": "I continue to favor **Candidate\u202fB** because his very conscientious nature provides strong reliability for long\u2011haul flights, and his ability to handle stress ensures calmness under pressure; additionally, his excellent weather\u2011assessment and computer skills give the technical competence needed for complex, long\u2011distance operations. The main trade\u2011off is his pretentious demeanor and occasional inappropriate tone, which could undermine crew cooperation and cockpit harmony.\nMETADATA_JSON:\n{\"agent\": \"agent_3\", \"vote\": \"Candidate B\"}"}
2026-05-10 05:24:18,699 - INFO - Agent turns: 15
2026-05-10 05:24:18,708 - INFO - Loop 5 completed
2026-05-10 05:24:18,708 - INFO - Final Chosen Candidate: Candidate B
2026-05-10 05:24:18,709 - INFO - Final Decision Method: max_round_majority_vote
2026-05-10 05:24:18,709 - INFO - Final Vote Count: {'Candidate A': 1, 'Candidate B': 2}
2026-05-10 05:24:18,709 - INFO - Correct Candidate: Candidate C
2026-05-10 05:24:18,709 - INFO - Decision Correct: 0
{"id": 22, "ts": 1778383458.710373, "event": "context_consistency_not_applicable", "reason": "explicit_smm_memory_disabled"}
{"id": 23, "ts": 1778383458.7104998, "event": "final_decision", "candidate": "Candidate B", "method": "max_round_majority_vote", "vote_count": {"Candidate A": 1, "Candidate B": 2}, "correct_candidate": "Candidate C", "decision_correct": 0, "round": 5}
2026-05-10 05:24:18,718 - INFO - ======================================================================
2026-05-10 05:24:18,718 - INFO - SIMULATION METRICS
2026-05-10 05:24:18,718 - INFO - ======================================================================
2026-05-10 05:24:18,718 - INFO - Total Loops: 5
2026-05-10 05:24:18,718 - INFO - Agent Turns (no vote checker): 15
2026-05-10 05:24:18,718 - INFO - Agent Tool Calls: 0
2026-05-10 05:24:18,718 - INFO - Agent Tool Messages: 0
2026-05-10 05:24:18,718 - INFO - Memory Updates: 0
2026-05-10 05:24:18,718 - INFO - Total Messages (no vote checker): 15
2026-05-10 05:24:18,718 - INFO - Input Tokens: 33133
2026-05-10 05:24:18,718 - INFO - Output Tokens: 14200
2026-05-10 05:24:18,718 - INFO - Total Tokens: 47333
2026-05-10 05:24:18,719 - INFO - Final Chosen Candidate: Candidate B
2026-05-10 05:24:18,719 - INFO - Final Decision Method: max_round_majority_vote
2026-05-10 05:24:18,719 - INFO - Final Vote Count: {'Candidate A': 1, 'Candidate B': 2}
2026-05-10 05:24:18,719 - INFO - Correct Candidate: Candidate C
2026-05-10 05:24:18,719 - INFO - Decision Correct: 0
2026-05-10 05:24:18,719 - INFO - Runtime: 167.07s
2026-05-10 05:24:18,719 - INFO - ======================================================================
