2026-05-10 01:15:26,994 - INFO - Metrics tracker initialized
{"id": 1, "ts": 1778368527.0209208, "event": "memory_reset"}
{"id": 2, "ts": 1778368527.0247884, "event": "discussion_order", "round": 1, "order": ["agent_1", "agent_3", "agent_2"]}
2026-05-10 01:15:37,497 - INFO - Tokens - Input: 1713, Output: 824, Total: 2537
{"id": 3, "ts": 1778368537.498757, "event": "public_discussion_message", "round": 1, "agent": "agent_1", "message": "I currently favor Candidate\u202fB because they are very conscientious, indicating high reliability, and they handle stress well, which is crucial for long\u2011distance flights. However, their tendency to be grumpy and uncooperative could undermine crew cooperation, a key safety factor.\nMETADATA_JSON:\n{\"agent\": \"agent_1\", \"vote\": \"Candidate B\"}"}
2026-05-10 01:15:37,498 - INFO - Agent turns: 1
2026-05-10 01:15:46,485 - INFO - Tokens - Input: 1277, Output: 1031, Total: 2308
2026-05-10 01:15:46,488 - INFO - Memory updates: 1
{"id": 4, "ts": 1778368546.4882176, "event": "memory_updated", "agent": "agent_1", "round": 1}
2026-05-10 01:15:49,658 - INFO - Tokens - Input: 1272, Output: 1509, Total: 2781
2026-05-10 01:15:49,662 - INFO - Memory updates: 2
{"id": 5, "ts": 1778368549.6623654, "event": "memory_updated", "agent": "agent_3", "round": 1}
2026-05-10 01:15:51,612 - INFO - Tokens - Input: 1280, Output: 1686, Total: 2966
2026-05-10 01:15:51,614 - INFO - Memory updates: 3
{"id": 6, "ts": 1778368551.6145175, "event": "memory_updated", "agent": "agent_2", "round": 1}
2026-05-10 01:16:01,532 - INFO - Tokens - Input: 2311, Output: 763, Total: 3074
{"id": 7, "ts": 1778368561.5335228, "event": "public_discussion_message", "round": 1, "agent": "agent_3", "message": "I currently favor **Candidate\u202fD** because they demonstrate strong problem\u2011solving ability and take responsibility seriously, which supports technical competence and reliability, and they respond adequately to unexpected events, indicating calmness under pressure. The main trade\u2011off is their moodiness and reputation as a loner, which could hinder crew cooperation on long\u2011haul flights; we need to assess how much this interpersonal drawback might impact overall safety.\nMETADATA_JSON:\n{\"agent\": \"agent_3\", \"vote\": \"Candidate D\"}"}
2026-05-10 01:16:01,533 - INFO - Agent turns: 2
2026-05-10 01:16:12,210 - INFO - Tokens - Input: 1809, Output: 1187, Total: 2996
2026-05-10 01:16:12,211 - INFO - Memory updates: 4
{"id": 8, "ts": 1778368572.2117417, "event": "memory_updated", "agent": "agent_1", "round": 1}
2026-05-10 01:16:12,742 - INFO - Tokens - Input: 1907, Output: 1323, Total: 3230
2026-05-10 01:16:12,744 - INFO - Memory updates: 5
{"id": 9, "ts": 1778368572.7445316, "event": "memory_updated", "agent": "agent_2", "round": 1}
2026-05-10 01:16:14,194 - INFO - Tokens - Input: 1942, Output: 1174, Total: 3116
2026-05-10 01:16:14,196 - INFO - Memory updates: 6
{"id": 10, "ts": 1778368574.1961582, "event": "memory_updated", "agent": "agent_3", "round": 1}
2026-05-10 01:16:27,075 - INFO - Tokens - Input: 2353, Output: 759, Total: 3112
{"id": 11, "ts": 1778368587.0773432, "event": "public_discussion_message", "round": 1, "agent": "agent_2", "message": "I currently favor **Candidate\u202fD** because they demonstrate strong problem\u2011solving ability, high concentration, and take responsibility seriously, which together support technical competence and reliability on long\u2011haul flights. They also respond adequately to unexpected events, indicating calmness under pressure\u2014essential for long\u2011distance operations.\nThe main trade\u2011off is their hot temper and reputation as a know\u2011it\u2011all/loner, which could undermine crew cooperation and crew\u2011cabin atmosphere.\nMETADATA_JSON:\n{\"agent\": \"agent_2\", \"vote\": \"Candidate D\"}"}
2026-05-10 01:16:27,077 - INFO - Agent turns: 3
2026-05-10 01:16:35,905 - INFO - Tokens - Input: 2003, Output: 904, Total: 2907
2026-05-10 01:16:35,907 - INFO - Memory updates: 7
{"id": 12, "ts": 1778368595.9077218, "event": "memory_updated", "agent": "agent_2", "round": 1}
2026-05-10 01:16:36,122 - INFO - Tokens - Input: 2125, Output: 1073, Total: 3198
2026-05-10 01:16:36,124 - INFO - Memory updates: 8
{"id": 13, "ts": 1778368596.1243725, "event": "memory_updated", "agent": "agent_3", "round": 1}
2026-05-10 01:16:39,114 - INFO - Tokens - Input: 2115, Output: 1379, Total: 3494
2026-05-10 01:16:39,116 - INFO - Memory updates: 9
{"id": 14, "ts": 1778368599.1163242, "event": "memory_updated", "agent": "agent_1", "round": 1}
2026-05-10 01:16:39,124 - INFO - Loop 1 completed
{"id": 15, "ts": 1778368599.1309988, "event": "discussion_order", "round": 2, "order": ["agent_3", "agent_1", "agent_2"]}
2026-05-10 01:16:40,937 - INFO - Tokens - Input: 2398, Output: 182, Total: 2580
{"id": 16, "ts": 1778368600.939031, "event": "public_discussion_message", "round": 2, "agent": "agent_3", "message": "I continue to favor **Candidate\u202fD** because they excel at problem\u2011solving and take responsibility seriously, which are vital for the technical and reliability demands of long\u2011distance flights, and they respond adequately to unexpected events, indicating calmness under pressure. The main trade\u2011off is their moodiness and reputation as a loner, which could hinder crew cooperation and the cockpit atmosphere.\nMETADATA_JSON:\n{\"agent\": \"agent_3\", \"vote\": \"Candidate D\"}"}
2026-05-10 01:16:40,939 - INFO - Agent turns: 4
2026-05-10 01:16:47,547 - INFO - Tokens - Input: 2064, Output: 831, Total: 2895
2026-05-10 01:16:47,549 - INFO - Memory updates: 10
{"id": 17, "ts": 1778368607.5493748, "event": "memory_updated", "agent": "agent_2", "round": 2}
2026-05-10 01:16:50,398 - INFO - Tokens - Input: 1997, Output: 1071, Total: 3068
2026-05-10 01:16:50,400 - INFO - Memory updates: 11
{"id": 18, "ts": 1778368610.400587, "event": "memory_updated", "agent": "agent_3", "round": 2}
2026-05-10 01:16:51,800 - INFO - Tokens - Input: 2366, Output: 1379, Total: 3745
2026-05-10 01:16:51,802 - INFO - Memory updates: 12
{"id": 19, "ts": 1778368611.8023348, "event": "memory_updated", "agent": "agent_1", "round": 2}
2026-05-10 01:16:56,365 - INFO - Tokens - Input: 2886, Output: 217, Total: 3103
{"id": 20, "ts": 1778368616.3673258, "event": "public_discussion_message", "round": 2, "agent": "agent_1", "message": "I continue to favor **Candidate\u202fB**. Their strong conscientiousness suggests high reliability, and they handle stress well\u2014both essential for the long\u2011distance, high\u2011pressure environment of our flights. The main uncertainty is their tendency to be grumpy and uncooperative, which could impair crew interaction and cockpit harmony.\nMETADATA_JSON:\n{\"agent\": \"agent_1\", \"vote\": \"Candidate B\"}"}
2026-05-10 01:16:56,367 - INFO - Agent turns: 5
2026-05-10 01:17:04,627 - INFO - Tokens - Input: 2023, Output: 1145, Total: 3168
2026-05-10 01:17:04,629 - INFO - Memory updates: 13
{"id": 21, "ts": 1778368624.6296294, "event": "memory_updated", "agent": "agent_2", "round": 2}
2026-05-10 01:17:05,112 - INFO - Tokens - Input: 2477, Output: 1089, Total: 3566
2026-05-10 01:17:05,114 - INFO - Memory updates: 14
{"id": 22, "ts": 1778368625.1145866, "event": "memory_updated", "agent": "agent_1", "round": 2}
2026-05-10 01:17:06,348 - INFO - Tokens - Input: 2136, Output: 1324, Total: 3460
2026-05-10 01:17:06,350 - INFO - Memory updates: 15
{"id": 23, "ts": 1778368626.350378, "event": "memory_updated", "agent": "agent_3", "round": 2}
2026-05-10 01:17:12,241 - INFO - Tokens - Input: 2655, Output: 231, Total: 2886
{"id": 24, "ts": 1778368632.2432585, "event": "public_discussion_message", "round": 2, "agent": "agent_2", "message": "I continue to favor **Candidate\u202fD**. Their excellent problem\u2011solving ability, high concentration, and serious sense of responsibility give them strong technical competence and reliability, while their adequate response to unexpected events shows calmness under pressure\u2014key for long\u2011distance flights. The main trade\u2011off is their hot temper and reputation as a know\u2011it\u2011all/loner, which could hinder crew cooperation and cockpit atmosphere.\nMETADATA_JSON:\n{\"agent\": \"agent_2\", \"vote\": \"Candidate D\"}"}
2026-05-10 01:17:12,243 - INFO - Agent turns: 6
2026-05-10 01:17:21,043 - INFO - Tokens - Input: 2269, Output: 1081, Total: 3350
2026-05-10 01:17:21,044 - INFO - Memory updates: 16
{"id": 25, "ts": 1778368641.0449834, "event": "memory_updated", "agent": "agent_3", "round": 2}
2026-05-10 01:17:21,717 - INFO - Tokens - Input: 2286, Output: 1020, Total: 3306
2026-05-10 01:17:21,719 - INFO - Memory updates: 17
{"id": 26, "ts": 1778368641.7196748, "event": "memory_updated", "agent": "agent_2", "round": 2}
2026-05-10 01:17:22,433 - INFO - Tokens - Input: 2258, Output: 1230, Total: 3488
2026-05-10 01:17:22,434 - INFO - Memory updates: 18
{"id": 27, "ts": 1778368642.4350839, "event": "memory_updated", "agent": "agent_1", "round": 2}
2026-05-10 01:17:22,443 - INFO - Loop 2 completed
{"id": 28, "ts": 1778368642.449677, "event": "discussion_order", "round": 3, "order": ["agent_1", "agent_3", "agent_2"]}
2026-05-10 01:17:29,033 - INFO - Tokens - Input: 2795, Output: 788, Total: 3583
{"id": 29, "ts": 1778368649.0352323, "event": "public_discussion_message", "round": 3, "agent": "agent_1", "message": "I continue to favor **Candidate\u202fB**. Their very conscientious nature gives strong reliability, and they handle stress well, which are crucial for long\u2011distance flights where calmness under pressure is essential. The main uncertainty is their tendency to be grumpy and uncooperative, which could undermine crew cooperation and cockpit harmony.\nMETADATA_JSON:\n{\"agent\": \"agent_1\", \"vote\": \"Candidate B\"}"}
2026-05-10 01:17:29,035 - INFO - Agent turns: 7
2026-05-10 01:17:35,322 - INFO - Tokens - Input: 2368, Output: 807, Total: 3175
2026-05-10 01:17:35,324 - INFO - Memory updates: 19
{"id": 30, "ts": 1778368655.3246975, "event": "memory_updated", "agent": "agent_1", "round": 3}
2026-05-10 01:17:36,941 - INFO - Tokens - Input: 2306, Output: 961, Total: 3267
2026-05-10 01:17:36,943 - INFO - Memory updates: 20
{"id": 31, "ts": 1778368656.9435868, "event": "memory_updated", "agent": "agent_3", "round": 3}
2026-05-10 01:17:38,554 - INFO - Tokens - Input: 2396, Output: 971, Total: 3367
2026-05-10 01:17:38,556 - INFO - Memory updates: 21
{"id": 32, "ts": 1778368658.556157, "event": "memory_updated", "agent": "agent_2", "round": 3}
2026-05-10 01:17:42,135 - INFO - Tokens - Input: 2797, Output: 215, Total: 3012
{"id": 33, "ts": 1778368662.1371539, "event": "public_discussion_message", "round": 3, "agent": "agent_3", "message": "I continue to favor **Candidate\u202fD** because they demonstrate strong problem\u2011solving ability and take responsibility seriously, which are crucial for the technical competence and reliability required on long\u2011distance flights. Their ability to respond adequately to unexpected events also shows the calmness under pressure needed for extended operations. The main trade\u2011off is their moodiness and reputation as a loner, which could hinder crew cooperation and cockpit atmosphere.\nMETADATA_JSON:\n{\"agent\": \"agent_3\", \"vote\": \"Candidate D\"}"}
2026-05-10 01:17:42,137 - INFO - Agent turns: 8
2026-05-10 01:17:49,899 - INFO - Tokens - Input: 2311, Output: 795, Total: 3106
2026-05-10 01:17:49,901 - INFO - Memory updates: 22
{"id": 34, "ts": 1778368669.9012382, "event": "memory_updated", "agent": "agent_1", "round": 3}
2026-05-10 01:17:51,448 - INFO - Tokens - Input: 2530, Output: 1084, Total: 3614
2026-05-10 01:17:51,450 - INFO - Memory updates: 23
{"id": 35, "ts": 1778368671.450625, "event": "memory_updated", "agent": "agent_2", "round": 3}
2026-05-10 01:17:57,022 - INFO - Tokens - Input: 2428, Output: 988, Total: 3416
2026-05-10 01:17:57,024 - INFO - Memory updates: 24
{"id": 36, "ts": 1778368677.0245402, "event": "memory_updated", "agent": "agent_3", "round": 3}
2026-05-10 01:18:01,043 - INFO - Tokens - Input: 3101, Output: 217, Total: 3318
{"id": 37, "ts": 1778368681.0455322, "event": "public_discussion_message", "round": 3, "agent": "agent_2", "message": "I continue to favor **Candidate\u202fD**. Their strong problem\u2011solving ability, high concentration, and serious sense of responsibility give them the technical competence and reliability essential for long\u2011distance flights, while their adequate response to unexpected events shows the calmness under pressure we need. The main trade\u2011off is their hot temper and reputation as a know\u2011it\u2011all/loner, which could undermine crew cooperation and cockpit atmosphere.\nMETADATA_JSON:\n{\"agent\": \"agent_2\", \"vote\": \"Candidate D\"}"}
2026-05-10 01:18:01,045 - INFO - Agent turns: 9
2026-05-10 01:18:08,639 - INFO - Tokens - Input: 2438, Output: 1001, Total: 3439
2026-05-10 01:18:08,641 - INFO - Memory updates: 25
{"id": 38, "ts": 1778368688.6416912, "event": "memory_updated", "agent": "agent_1", "round": 3}
2026-05-10 01:18:08,891 - INFO - Tokens - Input: 2515, Output: 1031, Total: 3546
2026-05-10 01:18:08,903 - INFO - Memory updates: 26
{"id": 39, "ts": 1778368688.9041126, "event": "memory_updated", "agent": "agent_3", "round": 3}
2026-05-10 01:18:09,927 - INFO - Tokens - Input: 2736, Output: 1078, Total: 3814
2026-05-10 01:18:09,931 - INFO - Memory updates: 27
{"id": 40, "ts": 1778368689.9312308, "event": "memory_updated", "agent": "agent_2", "round": 3}
2026-05-10 01:18:09,941 - INFO - Loop 3 completed
{"id": 41, "ts": 1778368689.948305, "event": "discussion_order", "round": 4, "order": ["agent_2", "agent_1", "agent_3"]}
2026-05-10 01:18:14,715 - INFO - Tokens - Input: 3172, Output: 159, Total: 3331
{"id": 42, "ts": 1778368694.7173226, "event": "public_discussion_message", "round": 4, "agent": "agent_2", "message": "I continue to favor **Candidate\u202fD** because their strong problem\u2011solving ability and serious sense of responsibility give the technical competence and reliability essential for long\u2011distance flights, and they respond adequately to unexpected events, indicating the calmness needed under pressure. The main trade\u2011off is their hot temper and reputation as a know\u2011it\u2011all/loner, which could hinder crew cooperation and cockpit atmosphere.\nMETADATA_JSON:\n{\"agent\": \"agent_2\", \"vote\": \"Candidate D\"}"}
2026-05-10 01:18:14,717 - INFO - Agent turns: 10
2026-05-10 01:18:21,362 - INFO - Tokens - Input: 2681, Output: 852, Total: 3533
2026-05-10 01:18:21,363 - INFO - Memory updates: 28
{"id": 43, "ts": 1778368701.3640895, "event": "memory_updated", "agent": "agent_1", "round": 4}
2026-05-10 01:18:21,563 - INFO - Tokens - Input: 2679, Output: 875, Total: 3554
2026-05-10 01:18:21,565 - INFO - Memory updates: 29
{"id": 44, "ts": 1778368701.5654025, "event": "memory_updated", "agent": "agent_3", "round": 4}
2026-05-10 01:18:22,358 - INFO - Tokens - Input: 2779, Output: 901, Total: 3680
2026-05-10 01:18:22,359 - INFO - Memory updates: 30
{"id": 45, "ts": 1778368702.360118, "event": "memory_updated", "agent": "agent_2", "round": 4}
2026-05-10 01:18:24,056 - INFO - Tokens - Input: 3098, Output: 193, Total: 3291
{"id": 46, "ts": 1778368704.0583644, "event": "public_discussion_message", "round": 4, "agent": "agent_1", "message": "I continue to favor **Candidate\u202fB**. Their very conscientious nature signals strong reliability, and their ability to handle stress well demonstrates the calmness under pressure essential for long\u2011distance flights. The main trade\u2011off is their tendency to be grumpy and uncooperative, which could undermine crew cooperation and cockpit harmony.\nMETADATA_JSON:\n{\"agent\": \"agent_1\", \"vote\": \"Candidate B\"}"}
2026-05-10 01:18:24,058 - INFO - Agent turns: 11
2026-05-10 01:18:30,614 - INFO - Tokens - Input: 2689, Output: 942, Total: 3631
2026-05-10 01:18:30,616 - INFO - Memory updates: 31
{"id": 47, "ts": 1778368710.6165156, "event": "memory_updated", "agent": "agent_1", "round": 4}
2026-05-10 01:18:32,385 - INFO - Tokens - Input: 2721, Output: 927, Total: 3648
2026-05-10 01:18:32,387 - INFO - Memory updates: 32
{"id": 48, "ts": 1778368712.387848, "event": "memory_updated", "agent": "agent_2", "round": 4}
2026-05-10 01:18:33,962 - INFO - Tokens - Input: 2590, Output: 1076, Total: 3666
2026-05-10 01:18:33,964 - INFO - Memory updates: 33
{"id": 49, "ts": 1778368713.9641705, "event": "memory_updated", "agent": "agent_3", "round": 4}
2026-05-10 01:18:36,905 - INFO - Tokens - Input: 3188, Output: 195, Total: 3383
{"id": 50, "ts": 1778368716.9073918, "event": "public_discussion_message", "round": 4, "agent": "agent_3", "message": "I continue to favor **Candidate\u202fD** because they excel at problem\u2011solving and take responsibility seriously, which are essential for the technical competence and reliability required on long\u2011distance flights, and they respond adequately to unexpected events, demonstrating calmness under pressure. The main trade\u2011off is their moodiness and reputation as a loner, which could hinder crew cooperation and cockpit atmosphere.\nMETADATA_JSON:\n{\"agent\": \"agent_3\", \"vote\": \"Candidate D\"}"}
2026-05-10 01:18:36,907 - INFO - Agent turns: 12
2026-05-10 01:18:44,607 - INFO - Tokens - Input: 2867, Output: 938, Total: 3805
2026-05-10 01:18:44,609 - INFO - Memory updates: 34
{"id": 51, "ts": 1778368724.609519, "event": "memory_updated", "agent": "agent_2", "round": 4}
2026-05-10 01:18:44,871 - INFO - Tokens - Input: 2812, Output: 1025, Total: 3837
2026-05-10 01:18:44,873 - INFO - Memory updates: 35
{"id": 52, "ts": 1778368724.873527, "event": "memory_updated", "agent": "agent_1", "round": 4}
2026-05-10 01:18:45,456 - INFO - Tokens - Input: 2805, Output: 907, Total: 3712
2026-05-10 01:18:45,458 - INFO - Memory updates: 36
{"id": 53, "ts": 1778368725.4581738, "event": "memory_updated", "agent": "agent_3", "round": 4}
2026-05-10 01:18:45,467 - INFO - Loop 4 completed
{"id": 54, "ts": 1778368725.4733238, "event": "discussion_order", "round": 5, "order": ["agent_1", "agent_2", "agent_3"]}
2026-05-10 01:18:47,948 - INFO - Tokens - Input: 3326, Output: 184, Total: 3510
{"id": 55, "ts": 1778368727.949913, "event": "public_discussion_message", "round": 5, "agent": "agent_1", "message": "I continue to favor **Candidate\u202fB**. Their very conscientious nature gives strong reliability, and their ability to handle stress well shows the calmness under pressure needed for long\u2011distance flights. The main trade\u2011off is their tendency to be grumpy and uncooperative, which could undermine crew cooperation and cockpit harmony.\nMETADATA_JSON:\n{\"agent\": \"agent_1\", \"vote\": \"Candidate B\"}"}
2026-05-10 01:18:47,950 - INFO - Agent turns: 13
2026-05-10 01:18:54,550 - INFO - Tokens - Input: 2899, Output: 774, Total: 3673
2026-05-10 01:18:54,552 - INFO - Memory updates: 37
{"id": 56, "ts": 1778368734.552755, "event": "memory_updated", "agent": "agent_1", "round": 5}
2026-05-10 01:18:56,590 - INFO - Tokens - Input: 2881, Output: 881, Total: 3762
2026-05-10 01:18:56,592 - INFO - Memory updates: 38
{"id": 57, "ts": 1778368736.592262, "event": "memory_updated", "agent": "agent_3", "round": 5}
2026-05-10 01:18:59,925 - INFO - Tokens - Input: 2959, Output: 1198, Total: 4157
2026-05-10 01:18:59,927 - INFO - Memory updates: 39
{"id": 58, "ts": 1778368739.927878, "event": "memory_updated", "agent": "agent_2", "round": 5}
2026-05-10 01:19:03,340 - INFO - Tokens - Input: 3453, Output: 235, Total: 3688
{"id": 59, "ts": 1778368743.3417623, "event": "public_discussion_message", "round": 5, "agent": "agent_2", "message": "I continue to favor **Candidate\u202fD**. Their strong problem\u2011solving ability, high concentration, and serious sense of responsibility give the technical competence and reliability essential for long\u2011distance flights, while their adequate response to unexpected events shows the calmness needed under pressure. The main trade\u2011off is their hot temper and reputation as a know\u2011it\u2011all/loner, which could undermine crew cooperation and cockpit atmosphere.\nMETADATA_JSON:\n{\"agent\": \"agent_2\", \"vote\": \"Candidate D\"}"}
2026-05-10 01:19:03,341 - INFO - Agent turns: 14
2026-05-10 01:19:15,429 - INFO - Tokens - Input: 3084, Output: 890, Total: 3974
2026-05-10 01:19:15,431 - INFO - Memory updates: 40
{"id": 60, "ts": 1778368755.431605, "event": "memory_updated", "agent": "agent_2", "round": 5}
2026-05-10 01:19:20,269 - INFO - Tokens - Input: 2934, Output: 1045, Total: 3979
2026-05-10 01:19:20,270 - INFO - Memory updates: 41
{"id": 61, "ts": 1778368760.2707965, "event": "memory_updated", "agent": "agent_3", "round": 5}
2026-05-10 01:19:20,882 - INFO - Tokens - Input: 2957, Output: 1085, Total: 4042
2026-05-10 01:19:20,884 - INFO - Memory updates: 42
{"id": 62, "ts": 1778368760.8844595, "event": "memory_updated", "agent": "agent_1", "round": 5}
2026-05-10 01:19:22,908 - INFO - Tokens - Input: 3348, Output: 207, Total: 3555
{"id": 63, "ts": 1778368762.9097269, "event": "public_discussion_message", "round": 5, "agent": "agent_3", "message": "I continue to favor **Candidate\u202fD** because they excel at problem\u2011solving and take responsibility seriously, which are crucial for the technical competence and reliability required on long\u2011distance flights, and they respond adequately to unexpected events, indicating the calmness needed under pressure. The main trade\u2011off is their moodiness and reputation as a loner/know\u2011it\u2011all, which could undermine crew cooperation and cockpit atmosphere.\nMETADATA_JSON:\n{\"agent\": \"agent_3\", \"vote\": \"Candidate D\"}"}
2026-05-10 01:19:22,909 - INFO - Agent turns: 15
2026-05-10 01:19:28,995 - INFO - Tokens - Input: 2981, Output: 809, Total: 3790
2026-05-10 01:19:28,996 - INFO - Memory updates: 43
{"id": 64, "ts": 1778368768.9969788, "event": "memory_updated", "agent": "agent_3", "round": 5}
2026-05-10 01:19:30,223 - INFO - Tokens - Input: 3006, Output: 882, Total: 3888
2026-05-10 01:19:30,224 - INFO - Memory updates: 44
{"id": 65, "ts": 1778368770.2248373, "event": "memory_updated", "agent": "agent_2", "round": 5}
2026-05-10 01:19:39,506 - INFO - Tokens - Input: 3247, Output: 1002, Total: 4249
2026-05-10 01:19:39,508 - INFO - Memory updates: 45
{"id": 66, "ts": 1778368779.5084195, "event": "memory_updated", "agent": "agent_1", "round": 5}
2026-05-10 01:19:39,516 - INFO - Loop 5 completed
2026-05-10 01:19:39,517 - INFO - Final Chosen Candidate: Candidate D
2026-05-10 01:19:39,517 - INFO - Final Decision Method: max_round_majority_vote
2026-05-10 01:19:39,517 - INFO - Final Vote Count: {'Candidate B': 1, 'Candidate D': 2}
2026-05-10 01:19:39,517 - INFO - Correct Candidate: Candidate C
2026-05-10 01:19:39,517 - INFO - Decision Correct: 0
{"id": 67, "ts": 1778368779.894953, "event": "context_consistency_calculated", "method": "embedding_cosine", "mean_pairwise_similarity": 0.83715, "pairwise": [{"agent_a": "agent_1", "agent_b": "agent_2", "similarity": 0.841345}, {"agent_a": "agent_1", "agent_b": "agent_3", "similarity": 0.822123}, {"agent_a": "agent_2", "agent_b": "agent_3", "similarity": 0.847981}]}
{"id": 68, "ts": 1778368779.8951237, "event": "gold_standard_alignment_calculated", "method": "rule_based_binary_checks", "mean_alignment": 0.25, "by_agent": [{"agent": "agent_1", "score": 0.25, "checks": {"favorite_is_c": 0, "c_reliability": 0, "c_calmness": 0, "c_attention": 0, "c_crew_fit": 0, "a_risks": 0, "b_risks": 1, "d_risks": 1}}, {"agent": "agent_2", "score": 0.25, "checks": {"favorite_is_c": 0, "c_reliability": 0, "c_calmness": 0, "c_attention": 0, "c_crew_fit": 0, "a_risks": 0, "b_risks": 1, "d_risks": 1}}, {"agent": "agent_3", "score": 0.25, "checks": {"favorite_is_c": 0, "c_reliability": 0, "c_calmness": 0, "c_attention": 0, "c_crew_fit": 0, "a_risks": 0, "b_risks": 1, "d_risks": 1}}]}
{"id": 69, "ts": 1778368779.8952942, "event": "agent_memories_archived", "directory": "/home/lhegemann/git/bachelor_thesis/01_data/raw/simulations/moderate/moderate_treatment_20260509_224515_008/shared_mental_models", "round": 5}
{"id": 70, "ts": 1778368779.8953826, "event": "final_decision", "candidate": "Candidate D", "method": "max_round_majority_vote", "vote_count": {"Candidate B": 1, "Candidate D": 2}, "correct_candidate": "Candidate C", "decision_correct": 0, "round": 5}
2026-05-10 01:19:39,909 - INFO - ======================================================================
2026-05-10 01:19:39,909 - INFO - SIMULATION METRICS
2026-05-10 01:19:39,909 - INFO - ======================================================================
2026-05-10 01:19:39,909 - INFO - Total Loops: 5
2026-05-10 01:19:39,909 - INFO - Agent Turns (no vote checker): 15
2026-05-10 01:19:39,909 - INFO - Agent Tool Calls: 0
2026-05-10 01:19:39,909 - INFO - Agent Tool Messages: 0
2026-05-10 01:19:39,909 - INFO - Memory Updates: 45
2026-05-10 01:19:39,909 - INFO - Total Messages (no vote checker): 15
2026-05-10 01:19:39,909 - INFO - Input Tokens: 151799
2026-05-10 01:19:39,909 - INFO - Output Tokens: 52530
2026-05-10 01:19:39,909 - INFO - Total Tokens: 204329
2026-05-10 01:19:39,910 - INFO - Final Chosen Candidate: Candidate D
2026-05-10 01:19:39,910 - INFO - Final Decision Method: max_round_majority_vote
2026-05-10 01:19:39,910 - INFO - Final Vote Count: {'Candidate B': 1, 'Candidate D': 2}
2026-05-10 01:19:39,910 - INFO - Correct Candidate: Candidate C
2026-05-10 01:19:39,910 - INFO - Decision Correct: 0
2026-05-10 01:19:39,910 - INFO - Runtime: 252.91s
2026-05-10 01:19:39,910 - INFO - ======================================================================
