2026-05-09 01:03:27,352 - INFO - Metrics tracker initialized
{"id": 1, "ts": 1778281407.3813324, "event": "memory_reset"}
{"id": 2, "ts": 1778281407.3862936, "event": "discussion_order", "round": 1, "order": ["agent_3", "agent_2", "agent_1"]}
2026-05-09 01:03:38,608 - INFO - Tokens - Input: 1777, Output: 1294, Total: 3071
{"id": 3, "ts": 1778281418.6100125, "event": "public_discussion_message", "round": 1, "agent": "agent_3", "message": "Current position: Candidate B\nConfidence/uncertainty: Moderate (around 65% confidence)\nReasoning summary:\n- Key evidence used: Candidate B is very conscientious (reliability), handles stress well (calmness under pressure), is good at assessing weather conditions and has excellent computer skills (technical competence).\n- Evidence from others: None yet (no other agents have contributed).\n- Alternatives considered:\n  * Candidate A \u2013 strong spatial vision and leadership but unfriendly and unhealthy, raising cooperation and health concerns.\n  * Candidate C \u2013 puts concern for others above everything and has excellent attention, yet difficulty communicating, egocentric, and reluctant to further education.\n  * Candidate D \u2013 takes responsibility seriously and solves problems extremely well, but is moody and regarded as a loner, indicating significant cooperation drawbacks.\n- Main tradeoff: Balancing B\u2019s solid reliability, stress handling, and technical skills against its cooperation negatives (pretentiousness, occasional wrong tone). Compared to other candidates, B\u2019s cooperation issues are fewer and less severe than the multiple drawbacks of C and D, and its strengths outweigh A\u2019s health and unfriendly concerns.\n- Remaining uncertainty: How severe the pretentiousness and tone issues would be in a cockpit crew environment; whether they could be mitigated through training or crew pairing.\n- What would change my vote: Strong evidence that B\u2019s cooperation negatives lead to crew conflict or safety risks, or compelling evidence that another candidate (e.g., A) has mitigated health or cooperation issues and offers a more balanced profile.\nMETADATA_JSON:\n{\"agent\": \"agent_3\", \"vote\": \"Candidate B\"}"}
2026-05-09 01:03:38,610 - INFO - Agent turns: 1
2026-05-09 01:03:50,183 - INFO - Tokens - Input: 1791, Output: 1553, Total: 3344
2026-05-09 01:03:50,185 - INFO - Memory updates: 1
{"id": 4, "ts": 1778281430.1857176, "event": "memory_updated", "agent": "agent_3", "round": 1}
2026-05-09 01:03:50,515 - INFO - Tokens - Input: 1799, Output: 1550, Total: 3349
2026-05-09 01:03:50,517 - INFO - Memory updates: 2
{"id": 5, "ts": 1778281430.5175793, "event": "memory_updated", "agent": "agent_2", "round": 1}
2026-05-09 01:03:51,243 - INFO - Tokens - Input: 1796, Output: 1720, Total: 3516
2026-05-09 01:03:51,244 - INFO - Memory updates: 3
{"id": 6, "ts": 1778281431.2449303, "event": "memory_updated", "agent": "agent_1", "round": 1}
2026-05-09 01:03:59,117 - INFO - Tokens - Input: 2687, Output: 1028, Total: 3715
{"id": 7, "ts": 1778281439.1189644, "event": "public_discussion_message", "round": 1, "agent": "agent_2", "message": "Current position: Candidate B\nConfidence/uncertainty: Moderate (around 70% confidence)\nReasoning summary:\n- Key evidence used: Very conscientious (reliability), handles stress well (calmness under pressure), good at assessing weather conditions and excellent computer skills (technical competence). Takes responsibility seriously through conscientiousness.\n- Evidence from others: Agent\u202f3 also favors Candidate\u202fB, citing the same strengths and noting the cooperation drawbacks (pretentiousness, occasional wrong tone) as less severe than other candidates\u2019 issues.\n- Alternatives considered: Candidate\u202fA \u2013 strong situational awareness and leadership but marked as a show\u2011off, not open to new ideas, and perceived as unfriendly, raising cooperation concerns. Candidate\u202fC \u2013 quick decision\u2011making and calmness, but has communication difficulties, egocentric attitude, and low willingness to continue education. Candidate\u202fD \u2013 excellent problem\u2011solving and responsibility, yet viewed as a know\u2011it\u2011all, has a hot temper and is considered a loner, which are serious cooperation risks.\n- Main tradeoff: Balancing B\u2019s solid reliability, stress handling, and technical skills against its interpersonal negatives (nasty remarks, pretentiousness). Compared to the other candidates, B\u2019s cooperation issues appear fewer and less likely to jeopardize crew safety than the multiple, more severe drawbacks of A, C, and D.\n- Remaining uncertainty: How severe B\u2019s nasty remarks and pretentiousness would be in a real cockpit crew environment and whether they could lead to crew conflict or safety risks.\n- What would change my vote: Convincing evidence that B\u2019s interpersonal behavior consistently leads to crew tension or safety\u2011critical incidents, or strong evidence that another candidate (e.g., A) has mitigated their cooperation drawbacks and offers a more balanced profile.\nMETADATA_JSON:\n{\"agent\": \"agent_2\", \"vote\": \"Candidate B\"}"}
2026-05-09 01:03:59,119 - INFO - Agent turns: 2
2026-05-09 01:04:06,966 - INFO - Tokens - Input: 2852, Output: 1125, Total: 3977
2026-05-09 01:04:06,969 - INFO - Memory updates: 4
{"id": 8, "ts": 1778281446.969211, "event": "memory_updated", "agent": "agent_1", "round": 1}
2026-05-09 01:04:08,819 - INFO - Tokens - Input: 2878, Output: 1347, Total: 4225
2026-05-09 01:04:08,820 - INFO - Memory updates: 5
{"id": 9, "ts": 1778281448.8208199, "event": "memory_updated", "agent": "agent_3", "round": 1}
2026-05-09 01:04:13,843 - INFO - Tokens - Input: 2811, Output: 1960, Total: 4771
2026-05-09 01:04:13,845 - INFO - Memory updates: 6
{"id": 10, "ts": 1778281453.8451996, "event": "memory_updated", "agent": "agent_2", "round": 1}
2026-05-09 01:04:22,540 - INFO - Tokens - Input: 3115, Output: 1141, Total: 4256
{"id": 11, "ts": 1778281462.542503, "event": "public_discussion_message", "round": 1, "agent": "agent_1", "message": "Current position: Candidate B\nConfidence/uncertainty: Moderate (around 65% confidence)\nReasoning summary:\n- Key evidence used: Very conscientious (reliability), handles stress well (calmness under pressure), good at assessing weather conditions and excellent computer skills (technical competence), takes responsibility seriously (accountability).\n- Evidence from others: Agents\u202f2 and\u202f3 also favor Candidate\u202fB, citing the same core strengths and noting the cooperation drawbacks (grumpy, uncooperative, pretentiousness, occasional wrong tone) as less severe than the cooperation issues of the other candidates.\n- Alternatives considered:\n  * Candidate\u202fA \u2013 strong situational awareness, complex\u2011systems thinking, excellent spatial vision, and good leadership, but also unorganized, poor at taking criticism, and described as unfriendly/show\u2011off, raising cooperation and reliability concerns.\n  * Candidate\u202fC \u2013 100\u202f% reliable and creates a positive crew atmosphere, yet has communication difficulties, is egocentric, and is not eager to continue education, limiting teamwork and development.\n  * Candidate\u202fD \u2013 excellent problem\u2011solving, concentration, and adaptability, but is seen as arrogant, has weak leadership, and exhibits several cooperation negatives (know\u2011it\u2011all, hot temper, loner).\n- Main tradeoff: Balancing B\u2019s solid reliability, stress management, and technical competence against its multiple cooperation negatives; compared with the other candidates, B\u2019s cooperation issues are comparable in number but its core strengths are more directly aligned with long\u2011distance flight safety and performance.\n- Remaining uncertainty: How likely B\u2019s grumpiness, uncooperativeness, and pretentious tone are to manifest as safety\u2011critical crew conflict during extended flights.\n- What would change my vote: Convincing evidence that B\u2019s interpersonal behavior consistently leads to crew tension or safety incidents, or strong evidence that another candidate (e.g., A) has mitigated their cooperation drawbacks and offers a more balanced profile across reliability, technical competence, calmness, and teamwork.\nMETADATA_JSON:\n{\"agent\": \"agent_1\", \"vote\": \"Candidate B\"}"}
2026-05-09 01:04:22,542 - INFO - Agent turns: 3
2026-05-09 01:04:32,589 - INFO - Tokens - Input: 3470, Output: 1547, Total: 5017
2026-05-09 01:04:32,591 - INFO - Memory updates: 7
{"id": 12, "ts": 1778281472.5913906, "event": "memory_updated", "agent": "agent_3", "round": 1}
2026-05-09 01:04:32,808 - INFO - Tokens - Input: 3335, Output: 1294, Total: 4629
2026-05-09 01:04:32,810 - INFO - Memory updates: 8
{"id": 13, "ts": 1778281472.8110325, "event": "memory_updated", "agent": "agent_1", "round": 1}
2026-05-09 01:04:35,520 - INFO - Tokens - Input: 3353, Output: 1816, Total: 5169
2026-05-09 01:04:35,522 - INFO - Memory updates: 9
{"id": 14, "ts": 1778281475.5226269, "event": "memory_updated", "agent": "agent_2", "round": 1}
2026-05-09 01:04:35,532 - INFO - Loop 1 completed
{"id": 15, "ts": 1778281475.5385592, "event": "discussion_order", "round": 2, "order": ["agent_2", "agent_1", "agent_3"]}
2026-05-09 01:04:41,209 - INFO - Tokens - Input: 3734, Output: 531, Total: 4265
{"id": 16, "ts": 1778281481.210463, "event": "public_discussion_message", "round": 2, "agent": "agent_2", "message": "Current position: Candidate B\nConfidence/uncertainty: Moderate (around 70% confidence)\nReasoning summary:\n- Key evidence used: Candidate B is very conscientious (reliability), handles stress well (calmness under pressure), is good at assessing weather conditions and has excellent computer skills (technical competence). These traits map directly to the core demands of long\u2011distance flight operations.\n- Evidence from others: Agents\u202f1 and\u202f3 also support Candidate\u202fB, citing the same strengths and noting cooperation negatives (nasty remarks, pretentious tone, occasional wrong tone) but judging them less severe than the multiple drawbacks of the other candidates.\n- Alternatives considered:\n  * Candidate\u202fA \u2013 strong situational awareness, complex\u2011systems thinking, excellent spatial vision, and leadership, but is seen as a show\u2011off, not open to new ideas, and unfriendly, raising serious cooperation concerns.\n  * Candidate\u202fC \u2013 quick decision\u2011making, calm in crisis, understands technology, and reportedly creates a positive crew atmosphere, yet has communication difficulties, is egocentric, and lacks willingness for further education, which could impair teamwork.\n  * Candidate\u202fD \u2013 excellent problem\u2011solving, concentration, and responsibility, but is regarded as a know\u2011it\u2011all, has a hot temper, and is seen as a loner, indicating strong cooperation risks.\n- Main tradeoff: Balancing B\u2019s solid reliability, stress resilience, and technical competence against its interpersonal negatives. Compared with the other candidates, B\u2019s cooperation drawbacks are fewer in number and, in our view, less likely to jeopardize crew safety than the multiple, more severe drawbacks of A, C, and D.\n- Remaining uncertainty: The actual impact of B\u2019s nasty remarks and pretentious tone on crew dynamics during extended flights\u2014whether they could evolve into safety\u2011critical conflicts.\n- What would change my vote: Credible evidence that B\u2019s interpersonal behavior consistently leads to crew tension or safety incidents, or strong evidence that another candidate (e.g., C) demonstrates comparable technical and reliability strengths while mitigating their cooperation drawbacks.\nMETADATA_JSON:\n{\"agent\": \"agent_2\", \"vote\": \"Candidate B\"}"}
2026-05-09 01:04:41,210 - INFO - Agent turns: 4
2026-05-09 01:04:49,053 - INFO - Tokens - Input: 3964, Output: 1054, Total: 5018
2026-05-09 01:04:49,056 - INFO - Memory updates: 10
{"id": 17, "ts": 1778281489.0562475, "event": "memory_updated", "agent": "agent_2", "round": 2}
2026-05-09 01:04:51,350 - INFO - Tokens - Input: 3827, Output: 1384, Total: 5211
2026-05-09 01:04:51,352 - INFO - Memory updates: 11
{"id": 18, "ts": 1778281491.3522253, "event": "memory_updated", "agent": "agent_1", "round": 2}
2026-05-09 01:04:51,583 - INFO - Tokens - Input: 4073, Output: 1351, Total: 5424
2026-05-09 01:04:51,584 - INFO - Memory updates: 12
{"id": 19, "ts": 1778281491.5850573, "event": "memory_updated", "agent": "agent_3", "round": 2}
2026-05-09 01:05:00,070 - INFO - Tokens - Input: 3915, Output: 1133, Total: 5048
{"id": 20, "ts": 1778281500.0723765, "event": "public_discussion_message", "round": 2, "agent": "agent_1", "message": "Current position: Candidate B\nConfidence/uncertainty: Moderate (around 65% confidence)\nReasoning summary:\n- Key evidence used: Candidate\u202fB is very conscientious (reliability), handles stress well (calmness under pressure), assesses weather conditions accurately and has excellent computer skills (technical competence), and takes responsibility seriously (accountability).\n- Evidence from others: Agents\u202f2 and\u202f3 also favor Candidate\u202fB, citing the same strengths and noting the cooperation negatives (grumpy, uncooperative, nasty remarks, pretentious tone) but judging them less severe than the cooperation issues of the other candidates.\n- Alternatives considered:\n  * Candidate\u202fA \u2013 strong situational awareness, complex\u2011systems thinking, excellent spatial vision, and good leadership, but is unorganized, poor at taking criticism, and described as unfriendly/show\u2011off (cooperation risk).\n  * Candidate\u202fC \u2013 100\u202f% reliable and creates a positive crew atmosphere, yet has difficulty communicating ideas, is egocentric, and is not eager to pursue further education (cooperation and development concerns).\n  * Candidate\u202fD \u2013 excellent problem\u2011solving, concentration, and adaptability, but is regarded as arrogant, has weak leadership, and shows loner/know\u2011it\u2011all traits (cooperation risk).\n- Main tradeoff: Balancing B\u2019s solid reliability, stress resilience, and technical competence against its interpersonal drawbacks. Compared with the other candidates, B\u2019s cooperation issues are fewer in number and, in our view, less likely to jeopardize crew safety than the multiple, more severe drawbacks of A, C, and D.\n- Remaining uncertainty: The actual impact of B\u2019s grumpiness, uncooperativeness, and pretentious tone on crew dynamics during long\u2011duration flights\u2014whether they could evolve into safety\u2011critical conflicts.\n- What would change my vote: Credible evidence that B\u2019s interpersonal behavior consistently leads to crew tension or safety incidents, or strong evidence that another candidate (e.g., C) demonstrates comparable technical and reliability strengths while mitigating their cooperation drawbacks.\nMETADATA_JSON:\n{\"agent\": \"agent_1\", \"vote\": \"Candidate B\"}"}
2026-05-09 01:05:00,072 - INFO - Agent turns: 5
2026-05-09 01:05:07,533 - INFO - Tokens - Input: 4152, Output: 971, Total: 5123
2026-05-09 01:05:07,537 - INFO - Memory updates: 13
{"id": 21, "ts": 1778281507.5381293, "event": "memory_updated", "agent": "agent_1", "round": 2}
2026-05-09 01:05:10,377 - INFO - Tokens - Input: 4160, Output: 1383, Total: 5543
2026-05-09 01:05:10,379 - INFO - Memory updates: 14
{"id": 22, "ts": 1778281510.3795147, "event": "memory_updated", "agent": "agent_2", "round": 2}
2026-05-09 01:05:13,777 - INFO - Tokens - Input: 4265, Output: 1644, Total: 5909
2026-05-09 01:05:13,779 - INFO - Memory updates: 15
{"id": 23, "ts": 1778281513.7795877, "event": "memory_updated", "agent": "agent_3", "round": 2}
2026-05-09 01:05:18,907 - INFO - Tokens - Input: 4613, Output: 629, Total: 5242
{"id": 24, "ts": 1778281518.9095507, "event": "public_discussion_message", "round": 2, "agent": "agent_3", "message": "Current position: Candidate B\nConfidence/uncertainty: moderate (~65\u202f% confidence)\nReasoning summary:\n- Key evidence used: Candidate\u202fB is very conscientious (reliability), handles stress very well (calmness under pressure), assesses weather conditions accurately and has excellent computer skills (technical competence), and takes responsibility seriously (accountability). These traits map directly to the core demands of long\u2011distance flight operations.\n- Evidence from others: Agents\u202f1 and\u202f2 also support Candidate\u202fB, highlighting the same strengths and noting cooperation negatives (pretentiousness, occasional wrong tone, grumpy/uncooperative remarks) but judging them less severe than the multiple cooperation drawbacks of the other candidates.\n- Alternatives considered:\n  * Candidate\u202fA \u2013 strong situational awareness, complex\u2011systems thinking, excellent spatial vision, and good leadership, but unfriendly, unhealthy eating habits, and unorganized, raising significant cooperation and reliability concerns.\n  * Candidate\u202fC \u2013 quick decision\u2011making, strong concern for others, excellent attention, and reported reliability, yet difficulty communicating ideas, egocentric attitude, and low willingness for further education, which could impair teamwork.\n  * Candidate\u202fD \u2013 excellent problem\u2011solving, concentration, and adaptability, but moody, regarded as a loner, and displays arrogant/know\u2011it\u2011all behavior, posing serious crew\u2011integration risks.\n- Main tradeoff: Balancing B\u2019s solid reliability, stress resilience, and technical skills against its interpersonal negatives. Compared with the other candidates, B\u2019s cooperation issues are fewer and appear less likely to jeopardize crew safety, while its strengths align closely with long\u2011haul operational needs.\n- Remaining uncertainty: How likely B\u2019s pretentiousness, grumpy demeanor, and occasional wrong tone are to evolve into safety\u2011critical crew conflict during extended flights.\n- What would change my vote: Credible evidence that B\u2019s interpersonal behavior consistently leads to crew tension or safety incidents, or strong evidence that another candidate (e.g., C) demonstrates comparable technical and reliability strengths while having its cooperation drawbacks effectively mitigated.\nMETADATA_JSON:\n{\"agent\": \"agent_3\", \"vote\": \"Candidate B\"}"}
2026-05-09 01:05:18,909 - INFO - Agent turns: 6
2026-05-09 01:05:26,711 - INFO - Tokens - Input: 4850, Output: 850, Total: 5700
2026-05-09 01:05:26,713 - INFO - Memory updates: 16
{"id": 25, "ts": 1778281526.7137978, "event": "memory_updated", "agent": "agent_3", "round": 2}
2026-05-09 01:05:29,363 - INFO - Tokens - Input: 4558, Output: 1368, Total: 5926
2026-05-09 01:05:29,365 - INFO - Memory updates: 17
{"id": 26, "ts": 1778281529.365679, "event": "memory_updated", "agent": "agent_1", "round": 2}
2026-05-09 01:05:32,229 - INFO - Tokens - Input: 4851, Output: 1623, Total: 6474
2026-05-09 01:05:32,231 - INFO - Memory updates: 18
{"id": 27, "ts": 1778281532.2312, "event": "memory_updated", "agent": "agent_2", "round": 2}
2026-05-09 01:05:32,240 - INFO - Loop 2 completed
2026-05-09 01:05:32,241 - INFO - Final Chosen Candidate: Candidate B
2026-05-09 01:05:32,241 - INFO - Final Decision Method: consensus
2026-05-09 01:05:32,241 - INFO - Final Vote Count: {'Candidate B': 3}
2026-05-09 01:05:32,241 - INFO - Correct Candidate: Candidate C
2026-05-09 01:05:32,241 - INFO - Decision Correct: 0
{"id": 28, "ts": 1778281532.5994925, "event": "context_consistency_calculated", "method": "embedding_cosine", "mean_pairwise_similarity": 0.792881, "pairwise": [{"agent_a": "agent_1", "agent_b": "agent_2", "similarity": 0.83117}, {"agent_a": "agent_1", "agent_b": "agent_3", "similarity": 0.735838}, {"agent_a": "agent_2", "agent_b": "agent_3", "similarity": 0.811635}]}
{"id": 29, "ts": 1778281532.5996313, "event": "gold_standard_alignment_calculated", "method": "rule_based_binary_checks", "mean_alignment": 0.125, "by_agent": [{"agent": "agent_1", "score": 0.125, "checks": {"favorite_is_c": 0, "c_reliability": 0, "c_calmness": 0, "c_attention": 0, "c_crew_fit": 0, "a_risks": 0, "b_risks": 1, "d_risks": 0}}, {"agent": "agent_2", "score": 0.125, "checks": {"favorite_is_c": 0, "c_reliability": 0, "c_calmness": 0, "c_attention": 0, "c_crew_fit": 0, "a_risks": 0, "b_risks": 1, "d_risks": 0}}, {"agent": "agent_3", "score": 0.125, "checks": {"favorite_is_c": 0, "c_reliability": 0, "c_calmness": 0, "c_attention": 0, "c_crew_fit": 0, "a_risks": 0, "b_risks": 1, "d_risks": 0}}]}
{"id": 30, "ts": 1778281532.5997367, "event": "agent_memories_archived", "directory": "/home/lhegemann/git/bachelor_thesis/01_data/raw/simulations/high/high_treatment_20260508_195017_025/shared_mental_models", "round": 2}
{"id": 31, "ts": 1778281532.5997992, "event": "final_decision", "candidate": "Candidate B", "method": "consensus", "vote_count": {"Candidate B": 3}, "correct_candidate": "Candidate C", "decision_correct": 0, "round": 2}
2026-05-09 01:05:32,610 - INFO - ======================================================================
2026-05-09 01:05:32,610 - INFO - SIMULATION METRICS
2026-05-09 01:05:32,610 - INFO - ======================================================================
2026-05-09 01:05:32,610 - INFO - Total Loops: 2
2026-05-09 01:05:32,610 - INFO - Agent Turns (no vote checker): 6
2026-05-09 01:05:32,610 - INFO - Agent Tool Calls: 0
2026-05-09 01:05:32,610 - INFO - Agent Tool Messages: 0
2026-05-09 01:05:32,610 - INFO - Memory Updates: 18
2026-05-09 01:05:32,610 - INFO - Total Messages (no vote checker): 6
2026-05-09 01:05:32,610 - INFO - Input Tokens: 82626
2026-05-09 01:05:32,611 - INFO - Output Tokens: 31296
2026-05-09 01:05:32,611 - INFO - Total Tokens: 113922
2026-05-09 01:05:32,611 - INFO - Final Chosen Candidate: Candidate B
2026-05-09 01:05:32,611 - INFO - Final Decision Method: consensus
2026-05-09 01:05:32,611 - INFO - Final Vote Count: {'Candidate B': 3}
2026-05-09 01:05:32,611 - INFO - Correct Candidate: Candidate C
2026-05-09 01:05:32,611 - INFO - Decision Correct: 0
2026-05-09 01:05:32,611 - INFO - Runtime: 125.26s
2026-05-09 01:05:32,611 - INFO - ======================================================================
