2026-05-08 10:29:28,146 - INFO - Metrics tracker initialized
{"id": 1, "ts": 1778228968.1718183, "event": "memory_reset"}
{"id": 2, "ts": 1778228968.174791, "event": "discussion_order", "round": 1, "order": ["agent_3", "agent_2", "agent_1"]}
2026-05-08 10:29:34,683 - INFO - Tokens - Input: 1708, Output: 649, Total: 2357
{"id": 3, "ts": 1778228974.6846662, "event": "public_discussion_message", "round": 1, "agent": "agent_3", "message": "I currently favor Candidate\u202fB. He is very conscientious, handles stress well, and has strong technical abilities in weather assessment and computer use\u2014key for reliable, long\u2011distance operations. The main uncertainty is his pretentious demeanor and occasional wrong tone, which could affect crew cooperation.\nMETADATA_JSON:\n{\"agent\": \"agent_3\", \"vote\": \"Candidate B\"}"}
2026-05-08 10:29:34,684 - INFO - Agent turns: 1
2026-05-08 10:29:41,589 - INFO - Tokens - Input: 1278, Output: 1295, Total: 2573
2026-05-08 10:29:41,590 - INFO - Memory updates: 1
{"id": 4, "ts": 1778228981.5905662, "event": "memory_updated", "agent": "agent_3", "round": 1}
2026-05-08 10:29:45,579 - INFO - Tokens - Input: 1283, Output: 1570, Total: 2853
2026-05-08 10:29:45,580 - INFO - Memory updates: 2
{"id": 5, "ts": 1778228985.5807583, "event": "memory_updated", "agent": "agent_1", "round": 1}
2026-05-08 10:29:45,949 - INFO - Tokens - Input: 1286, Output: 1833, Total: 3119
2026-05-08 10:29:45,951 - INFO - Memory updates: 3
{"id": 6, "ts": 1778228985.9511783, "event": "memory_updated", "agent": "agent_2", "round": 1}
2026-05-08 10:29:51,881 - INFO - Tokens - Input: 2394, Output: 805, Total: 3199
{"id": 7, "ts": 1778228991.8829088, "event": "public_discussion_message", "round": 1, "agent": "agent_2", "message": "I currently favor **Candidate\u202fD**. He demonstrates strong problem\u2011solving ability, high concentration, and takes responsibility seriously, which are vital for the complex, long\u2011range operations of our airline. He also responds adequately to unexpected events, supporting calmness under pressure. The main trade\u2011off is his reputation as a know\u2011it\u2011all and a hot temper, which could undermine crew cooperation and cockpit harmony.\nMETADATA_JSON:\n{\"agent\": \"agent_2\", \"vote\": \"Candidate D\"}"}
2026-05-08 10:29:51,883 - INFO - Agent turns: 2
2026-05-08 10:29:58,670 - INFO - Tokens - Input: 1975, Output: 1076, Total: 3051
2026-05-08 10:29:58,672 - INFO - Memory updates: 4
{"id": 8, "ts": 1778228998.6726937, "event": "memory_updated", "agent": "agent_3", "round": 1}
2026-05-08 10:30:00,374 - INFO - Tokens - Input: 1955, Output: 1312, Total: 3267
2026-05-08 10:30:00,375 - INFO - Memory updates: 5
{"id": 9, "ts": 1778229000.3759775, "event": "memory_updated", "agent": "agent_1", "round": 1}
2026-05-08 10:30:00,472 - INFO - Tokens - Input: 2025, Output: 1383, Total: 3408
2026-05-08 10:30:00,474 - INFO - Memory updates: 6
{"id": 10, "ts": 1778229000.4746947, "event": "memory_updated", "agent": "agent_2", "round": 1}
2026-05-08 10:30:05,592 - INFO - Tokens - Input: 2631, Output: 748, Total: 3379
{"id": 11, "ts": 1778229005.5940545, "event": "public_discussion_message", "round": 1, "agent": "agent_1", "message": "I currently favor **Candidate A**. He anticipates dangerous situations and has excellent spatial vision, which are vital for navigating long\u2011distance routes safely. He also shows very good leadership qualities, supporting crew coordination and responsibility. The main trade\u2011off is his tendency to be unorganized and his difficulty accepting criticism, which could affect procedural compliance and crew interaction.\nMETADATA_JSON:\n{\"agent\": \"agent_1\", \"vote\": \"Candidate A\"}"}
2026-05-08 10:30:05,594 - INFO - Agent turns: 3
2026-05-08 10:30:13,324 - INFO - Tokens - Input: 2236, Output: 1257, Total: 3493
2026-05-08 10:30:13,326 - INFO - Memory updates: 7
{"id": 12, "ts": 1778229013.3266144, "event": "memory_updated", "agent": "agent_1", "round": 1}
2026-05-08 10:30:13,604 - INFO - Tokens - Input: 2037, Output: 1427, Total: 3464
2026-05-08 10:30:13,606 - INFO - Memory updates: 8
{"id": 13, "ts": 1778229013.6063414, "event": "memory_updated", "agent": "agent_3", "round": 1}
2026-05-08 10:30:16,404 - INFO - Tokens - Input: 2271, Output: 1611, Total: 3882
2026-05-08 10:30:16,405 - INFO - Memory updates: 9
{"id": 14, "ts": 1778229016.406077, "event": "memory_updated", "agent": "agent_2", "round": 1}
2026-05-08 10:30:16,414 - INFO - Loop 1 completed
{"id": 15, "ts": 1778229016.420953, "event": "discussion_order", "round": 2, "order": ["agent_2", "agent_1", "agent_3"]}
2026-05-08 10:30:18,378 - INFO - Tokens - Input: 2985, Output: 319, Total: 3304
{"id": 16, "ts": 1778229018.3794055, "event": "public_discussion_message", "round": 2, "agent": "agent_2", "message": "I continue to favor **Candidate\u202fD**. His exceptional problem\u2011solving ability and strong sense of responsibility are critical for the complex, long\u2011range missions we fly, ensuring safe navigation and decisive action when unexpected events arise. The main trade\u2011off is his reputation as a know\u2011it\u2011all and a hot temper, which could undermine crew cooperation and cockpit harmony.\nMETADATA_JSON:\n{\"agent\": \"agent_2\", \"vote\": \"Candidate D\"}"}
2026-05-08 10:30:18,379 - INFO - Agent turns: 4
2026-05-08 10:30:24,968 - INFO - Tokens - Input: 2573, Output: 1191, Total: 3764
2026-05-08 10:30:24,970 - INFO - Memory updates: 10
{"id": 17, "ts": 1778229024.9704373, "event": "memory_updated", "agent": "agent_2", "round": 2}
2026-05-08 10:30:26,008 - INFO - Tokens - Input: 2189, Output: 1270, Total: 3459
2026-05-08 10:30:26,010 - INFO - Memory updates: 11
{"id": 18, "ts": 1778229026.0101686, "event": "memory_updated", "agent": "agent_3", "round": 2}
2026-05-08 10:30:28,418 - INFO - Tokens - Input: 2394, Output: 1556, Total: 3950
2026-05-08 10:30:28,419 - INFO - Memory updates: 12
{"id": 19, "ts": 1778229028.4199467, "event": "memory_updated", "agent": "agent_1", "round": 2}
2026-05-08 10:30:31,664 - INFO - Tokens - Input: 2732, Output: 718, Total: 3450
{"id": 20, "ts": 1778229031.6657712, "event": "public_discussion_message", "round": 2, "agent": "agent_1", "message": "I continue to favor **Candidate\u202fA**. His ability to anticipate dangerous situations and his excellent spatial vision are crucial for safe navigation on long\u2011distance routes, and his very good leadership qualities support effective crew coordination. The main uncertainty is his tendency to be unorganized and his difficulty accepting criticism, which could affect procedural compliance and crew interaction.\nMETADATA_JSON:\n{\"agent\": \"agent_1\", \"vote\": \"Candidate A\"}"}
2026-05-08 10:30:31,665 - INFO - Agent turns: 5
2026-05-08 10:30:38,179 - INFO - Tokens - Input: 2331, Output: 1014, Total: 3345
2026-05-08 10:30:38,181 - INFO - Memory updates: 13
{"id": 21, "ts": 1778229038.1818023, "event": "memory_updated", "agent": "agent_1", "round": 2}
2026-05-08 10:30:40,730 - INFO - Tokens - Input: 2400, Output: 1504, Total: 3904
2026-05-08 10:30:40,732 - INFO - Memory updates: 14
{"id": 22, "ts": 1778229040.7330341, "event": "memory_updated", "agent": "agent_2", "round": 2}
2026-05-08 10:30:41,005 - INFO - Tokens - Input: 2322, Output: 1036, Total: 3358
2026-05-08 10:30:41,006 - INFO - Memory updates: 15
{"id": 23, "ts": 1778229041.0070908, "event": "memory_updated", "agent": "agent_3", "round": 2}
2026-05-08 10:30:44,037 - INFO - Tokens - Input: 2567, Output: 476, Total: 3043
{"id": 24, "ts": 1778229044.0385518, "event": "public_discussion_message", "round": 2, "agent": "agent_3", "message": "I continue to favor **Candidate\u202fB**. His high conscientiousness supports reliability, and his ability to handle stress ensures calmness under pressure\u2014both essential for long\u2011distance operations. Additionally, his strong technical skills in weather assessment and computer use directly contribute to the technical competence required for complex, long\u2011haul flights. The main trade\u2011off is his pretentious demeanor and occasional wrong tone, which could undermine crew cooperation and cockpit harmony.\nMETADATA_JSON:\n{\"agent\": \"agent_3\", \"vote\": \"Candidate B\"}"}
2026-05-08 10:30:44,038 - INFO - Agent turns: 6
2026-05-08 10:30:49,671 - INFO - Tokens - Input: 2206, Output: 938, Total: 3144
2026-05-08 10:30:49,672 - INFO - Memory updates: 16
{"id": 25, "ts": 1778229049.673053, "event": "memory_updated", "agent": "agent_3", "round": 2}
2026-05-08 10:30:51,845 - INFO - Tokens - Input: 2349, Output: 1125, Total: 3474
2026-05-08 10:30:51,847 - INFO - Memory updates: 17
{"id": 26, "ts": 1778229051.8475053, "event": "memory_updated", "agent": "agent_1", "round": 2}
2026-05-08 10:30:53,395 - INFO - Tokens - Input: 2594, Output: 1398, Total: 3992
2026-05-08 10:30:53,397 - INFO - Memory updates: 18
{"id": 27, "ts": 1778229053.3973532, "event": "memory_updated", "agent": "agent_2", "round": 2}
2026-05-08 10:30:53,406 - INFO - Loop 2 completed
{"id": 28, "ts": 1778229053.4117286, "event": "discussion_order", "round": 3, "order": ["agent_2", "agent_3", "agent_1"]}
2026-05-08 10:30:54,789 - INFO - Tokens - Input: 3134, Output: 158, Total: 3292
{"id": 29, "ts": 1778229054.7907774, "event": "public_discussion_message", "round": 3, "agent": "agent_2", "message": "I continue to favor **Candidate\u202fD**. His exceptional problem\u2011solving ability and strong concentration are crucial for handling the complex navigation and decision\u2011making required on long\u2011distance flights, while his serious sense of responsibility ensures reliable execution of procedures. The main trade\u2011off is his reputation as a know\u2011it\u2011all and a hot temper, which could jeopardize crew cooperation and cockpit harmony.\nMETADATA_JSON:\n{\"agent\": \"agent_2\", \"vote\": \"Candidate D\"}"}
2026-05-08 10:30:54,791 - INFO - Agent turns: 7
2026-05-08 10:31:01,030 - INFO - Tokens - Input: 2328, Output: 907, Total: 3235
2026-05-08 10:31:01,032 - INFO - Memory updates: 19
{"id": 30, "ts": 1778229061.0322266, "event": "memory_updated", "agent": "agent_1", "round": 3}
2026-05-08 10:31:02,687 - INFO - Tokens - Input: 2297, Output: 1241, Total: 3538
2026-05-08 10:31:02,689 - INFO - Memory updates: 20
{"id": 31, "ts": 1778229062.689579, "event": "memory_updated", "agent": "agent_3", "round": 3}
2026-05-08 10:31:04,997 - INFO - Tokens - Input: 2732, Output: 1403, Total: 4135
2026-05-08 10:31:04,998 - INFO - Memory updates: 21
{"id": 32, "ts": 1778229064.998813, "event": "memory_updated", "agent": "agent_2", "round": 3}
2026-05-08 10:31:06,400 - INFO - Tokens - Input: 2917, Output: 183, Total: 3100
{"id": 33, "ts": 1778229066.4020536, "event": "public_discussion_message", "round": 3, "agent": "agent_3", "message": "I continue to favor **Candidate\u202fB**. His very conscientious nature supports reliability, and his ability to handle stress ensures calmness under pressure\u2014both critical for long\u2011distance operations. Additionally, his strong weather\u2011assessment and computer skills give him solid technical competence for complex, ultra\u2011long\u2011haul flights. The main trade\u2011off is his pretentious demeanor and occasional wrong tone, which could hinder crew cooperation and cockpit harmony.\nMETADATA_JSON:\n{\"agent\": \"agent_3\", \"vote\": \"Candidate B\"}"}
2026-05-08 10:31:06,402 - INFO - Agent turns: 8
2026-05-08 10:31:13,067 - INFO - Tokens - Input: 2552, Output: 822, Total: 3374
2026-05-08 10:31:13,069 - INFO - Memory updates: 22
{"id": 34, "ts": 1778229073.069603, "event": "memory_updated", "agent": "agent_3", "round": 3}
2026-05-08 10:31:13,698 - INFO - Tokens - Input: 2384, Output: 939, Total: 3323
2026-05-08 10:31:13,700 - INFO - Memory updates: 23
{"id": 35, "ts": 1778229073.7004478, "event": "memory_updated", "agent": "agent_1", "round": 3}
2026-05-08 10:31:15,836 - INFO - Tokens - Input: 2845, Output: 1615, Total: 4460
2026-05-08 10:31:15,838 - INFO - Memory updates: 24
{"id": 36, "ts": 1778229075.838855, "event": "memory_updated", "agent": "agent_2", "round": 3}
2026-05-08 10:31:16,950 - INFO - Tokens - Input: 2941, Output: 159, Total: 3100
{"id": 37, "ts": 1778229076.9520202, "event": "public_discussion_message", "round": 3, "agent": "agent_1", "message": "I continue to favor **Candidate\u202fA**. His ability to anticipate dangerous situations and his excellent spatial vision are critical for safe navigation on long\u2011distance routes, and his very good leadership qualities support effective crew coordination. The main trade\u2011off is his tendency to be unorganized and difficulty accepting criticism, which could affect procedural compliance and crew interaction.\nMETADATA_JSON:\n{\"agent\": \"agent_1\", \"vote\": \"Candidate A\"}"}
2026-05-08 10:31:16,952 - INFO - Agent turns: 9
2026-05-08 10:31:21,589 - INFO - Tokens - Input: 2542, Output: 851, Total: 3393
2026-05-08 10:31:21,590 - INFO - Memory updates: 25
{"id": 38, "ts": 1778229081.5909753, "event": "memory_updated", "agent": "agent_1", "round": 3}
2026-05-08 10:31:21,629 - INFO - Tokens - Input: 2380, Output: 888, Total: 3268
2026-05-08 10:31:21,631 - INFO - Memory updates: 26
{"id": 39, "ts": 1778229081.6315448, "event": "memory_updated", "agent": "agent_3", "round": 3}
2026-05-08 10:31:24,763 - INFO - Tokens - Input: 2800, Output: 1393, Total: 4193
2026-05-08 10:31:24,766 - INFO - Memory updates: 27
{"id": 40, "ts": 1778229084.7662473, "event": "memory_updated", "agent": "agent_2", "round": 3}
2026-05-08 10:31:24,775 - INFO - Loop 3 completed
{"id": 41, "ts": 1778229084.7824035, "event": "discussion_order", "round": 4, "order": ["agent_2", "agent_3", "agent_1"]}
2026-05-08 10:31:26,833 - INFO - Tokens - Input: 3372, Output: 419, Total: 3791
{"id": 42, "ts": 1778229086.8352158, "event": "public_discussion_message", "round": 4, "agent": "agent_2", "message": "I continue to favor **Candidate\u202fD**. His outstanding problem\u2011solving ability and strong concentration directly support the complex navigation and decisive actions required on ultra\u2011long\u2011haul flights, while his serious sense of responsibility ensures reliable execution of procedures. The main uncertainty is his reputation as a know\u2011it\u2011all and a hot temper, which could undermine crew\u2011resource\u2011management and cockpit harmony.\nMETADATA_JSON:\n{\"agent\": \"agent_2\", \"vote\": \"Candidate D\"}"}
2026-05-08 10:31:26,835 - INFO - Agent turns: 10
2026-05-08 10:31:32,309 - INFO - Tokens - Input: 2539, Output: 905, Total: 3444
2026-05-08 10:31:32,311 - INFO - Memory updates: 28
{"id": 43, "ts": 1778229092.311397, "event": "memory_updated", "agent": "agent_1", "round": 4}
2026-05-08 10:31:32,654 - INFO - Tokens - Input: 2580, Output: 1011, Total: 3591
2026-05-08 10:31:32,656 - INFO - Memory updates: 29
{"id": 44, "ts": 1778229092.656138, "event": "memory_updated", "agent": "agent_3", "round": 4}
2026-05-08 10:31:34,192 - INFO - Tokens - Input: 2968, Output: 1276, Total: 4244
2026-05-08 10:31:34,194 - INFO - Memory updates: 30
{"id": 45, "ts": 1778229094.1946547, "event": "memory_updated", "agent": "agent_2", "round": 4}
2026-05-08 10:31:39,904 - INFO - Tokens - Input: 3046, Output: 304, Total: 3350
{"id": 46, "ts": 1778229099.916162, "event": "public_discussion_message", "round": 4, "agent": "agent_3", "message": "I continue to favor **Candidate\u202fB**. His very conscientious nature ensures high reliability, and his ability to handle stress keeps him calm during ultra\u2011long\u2011haul flights. Additionally, his strong weather\u2011assessment skill and excellent computer abilities give him solid technical competence for complex navigation. The main trade\u2011off is his pretentious demeanor and occasional wrong tone, which could pose challenges for crew\u2011resource\u2011management and cockpit harmony.\nMETADATA_JSON:\n{\"agent\": \"agent_3\", \"vote\": \"Candidate B\"}"}
2026-05-08 10:31:39,917 - INFO - Agent turns: 11
2026-05-08 10:31:44,823 - INFO - Tokens - Input: 2723, Output: 913, Total: 3636
2026-05-08 10:31:44,825 - INFO - Memory updates: 31
{"id": 47, "ts": 1778229104.825821, "event": "memory_updated", "agent": "agent_1", "round": 4}
2026-05-08 10:31:44,888 - INFO - Tokens - Input: 2679, Output: 842, Total: 3521
2026-05-08 10:31:44,890 - INFO - Memory updates: 32
{"id": 48, "ts": 1778229104.8903525, "event": "memory_updated", "agent": "agent_3", "round": 4}
2026-05-08 10:31:46,759 - INFO - Tokens - Input: 2963, Output: 1111, Total: 4074
2026-05-08 10:31:46,761 - INFO - Memory updates: 33
{"id": 49, "ts": 1778229106.7619615, "event": "memory_updated", "agent": "agent_2", "round": 4}
2026-05-08 10:31:48,183 - INFO - Tokens - Input: 3165, Output: 199, Total: 3364
{"id": 50, "ts": 1778229108.185031, "event": "public_discussion_message", "round": 4, "agent": "agent_1", "message": "I continue to favor **Candidate\u202fA**. His ability to anticipate dangerous situations and his excellent spatial vision are critical for safe navigation on ultra\u2011long\u2011haul routes, while his very good leadership qualities support effective crew coordination and responsibility. The main trade\u2011off is his tendency to be unorganized and his difficulty accepting criticism, which could affect procedural compliance and crew interaction.\nMETADATA_JSON:\n{\"agent\": \"agent_1\", \"vote\": \"Candidate A\"}"}
2026-05-08 10:31:48,185 - INFO - Agent turns: 12
2026-05-08 10:31:53,322 - INFO - Tokens - Input: 2776, Output: 809, Total: 3585
2026-05-08 10:31:53,324 - INFO - Memory updates: 34
{"id": 51, "ts": 1778229113.3245382, "event": "memory_updated", "agent": "agent_1", "round": 4}
2026-05-08 10:31:53,338 - INFO - Tokens - Input: 2747, Output: 909, Total: 3656
2026-05-08 10:31:53,339 - INFO - Memory updates: 35
{"id": 52, "ts": 1778229113.3400328, "event": "memory_updated", "agent": "agent_3", "round": 4}
2026-05-08 10:31:56,696 - INFO - Tokens - Input: 3032, Output: 1292, Total: 4324
2026-05-08 10:31:56,698 - INFO - Memory updates: 36
{"id": 53, "ts": 1778229116.6990843, "event": "memory_updated", "agent": "agent_2", "round": 4}
2026-05-08 10:31:56,708 - INFO - Loop 4 completed
{"id": 54, "ts": 1778229116.7141619, "event": "discussion_order", "round": 5, "order": ["agent_1", "agent_3", "agent_2"]}
2026-05-08 10:32:02,795 - INFO - Tokens - Input: 3290, Output: 679, Total: 3969
{"id": 55, "ts": 1778229122.7969532, "event": "public_discussion_message", "round": 5, "agent": "agent_1", "message": "I continue to favor **Candidate\u202fA**. His ability to anticipate dangerous situations and his excellent spatial vision are vital for safe navigation on ultra\u2011long\u2011haul routes, and his very good leadership qualities support effective crew coordination and responsibility. The main trade\u2011off is his tendency to be unorganized and his difficulty accepting criticism, which could impact procedural compliance and crew interaction.\nMETADATA_JSON:\n{\"agent\": \"agent_1\", \"vote\": \"Candidate A\"}"}
2026-05-08 10:32:02,797 - INFO - Agent turns: 13
2026-05-08 10:32:08,099 - INFO - Tokens - Input: 2876, Output: 832, Total: 3708
2026-05-08 10:32:08,100 - INFO - Memory updates: 37
{"id": 56, "ts": 1778229128.1008852, "event": "memory_updated", "agent": "agent_1", "round": 5}
2026-05-08 10:32:09,488 - INFO - Tokens - Input: 2824, Output: 969, Total: 3793
2026-05-08 10:32:09,489 - INFO - Memory updates: 38
{"id": 57, "ts": 1778229129.4901137, "event": "memory_updated", "agent": "agent_3", "round": 5}
2026-05-08 10:32:10,395 - INFO - Tokens - Input: 3302, Output: 1227, Total: 4529
2026-05-08 10:32:10,399 - INFO - Memory updates: 39
{"id": 58, "ts": 1778229130.3997738, "event": "memory_updated", "agent": "agent_2", "round": 5}
2026-05-08 10:32:12,380 - INFO - Tokens - Input: 3317, Output: 285, Total: 3602
{"id": 59, "ts": 1778229132.3818362, "event": "public_discussion_message", "round": 5, "agent": "agent_3", "message": "I continue to favor **Candidate\u202fB**. His very conscientious nature ensures high reliability, and his ability to handle stress keeps him calm during ultra\u2011long\u2011haul flights\u2014both essential for safe, consistent operations. Additionally, his strong weather\u2011assessment skill and excellent computer abilities give him solid technical competence for complex navigation tasks. The main trade\u2011off is his pretentious demeanor and occasional wrong tone, which could pose challenges for crew\u2011resource\u2011management and cockpit harmony.\nMETADATA_JSON:\n{\"agent\": \"agent_3\", \"vote\": \"Candidate B\"}"}
2026-05-08 10:32:12,382 - INFO - Agent turns: 14
2026-05-08 10:32:17,859 - INFO - Tokens - Input: 2968, Output: 837, Total: 3805
2026-05-08 10:32:17,861 - INFO - Memory updates: 40
{"id": 60, "ts": 1778229137.8616743, "event": "memory_updated", "agent": "agent_3", "round": 5}
2026-05-08 10:32:18,687 - INFO - Tokens - Input: 3283, Output: 1199, Total: 4482
2026-05-08 10:32:18,689 - INFO - Memory updates: 41
{"id": 61, "ts": 1778229138.6891918, "event": "memory_updated", "agent": "agent_2", "round": 5}
2026-05-08 10:32:18,697 - INFO - Tokens - Input: 3018, Output: 961, Total: 3979
2026-05-08 10:32:18,699 - INFO - Memory updates: 42
{"id": 62, "ts": 1778229138.6995316, "event": "memory_updated", "agent": "agent_1", "round": 5}
2026-05-08 10:32:20,566 - INFO - Tokens - Input: 3769, Output: 292, Total: 4061
{"id": 63, "ts": 1778229140.5679245, "event": "public_discussion_message", "round": 5, "agent": "agent_2", "message": "I continue to favor **Candidate\u202fD**. His exceptional problem\u2011solving ability and strong concentration directly support the complex navigation and decisive actions required on ultra\u2011long\u2011haul flights, while his serious sense of responsibility ensures reliable execution of procedures. The main trade\u2011off is his reputation as a know\u2011it\u2011all and a hot temper, which could jeopardize crew\u2011resource\u2011management and cockpit harmony.\nMETADATA_JSON:\n{\"agent\": \"agent_2\", \"vote\": \"Candidate D\"}"}
2026-05-08 10:32:20,568 - INFO - Agent turns: 15
2026-05-08 10:32:26,506 - INFO - Tokens - Input: 3143, Output: 857, Total: 4000
2026-05-08 10:32:26,508 - INFO - Memory updates: 43
{"id": 64, "ts": 1778229146.508397, "event": "memory_updated", "agent": "agent_1", "round": 5}
2026-05-08 10:32:28,677 - INFO - Tokens - Input: 3396, Output: 1141, Total: 4537
2026-05-08 10:32:28,679 - INFO - Memory updates: 44
{"id": 65, "ts": 1778229148.679232, "event": "memory_updated", "agent": "agent_2", "round": 5}
2026-05-08 10:32:29,425 - INFO - Tokens - Input: 3117, Output: 947, Total: 4064
2026-05-08 10:32:29,427 - INFO - Memory updates: 45
{"id": 66, "ts": 1778229149.4275389, "event": "memory_updated", "agent": "agent_3", "round": 5}
2026-05-08 10:32:29,436 - INFO - Loop 5 completed
2026-05-08 10:32:29,436 - INFO - Final Chosen Candidate: None
2026-05-08 10:32:29,436 - INFO - Final Decision Method: max_round_no_majority
2026-05-08 10:32:29,436 - INFO - Final Vote Count: {'Candidate A': 1, 'Candidate D': 1, 'Candidate B': 1}
2026-05-08 10:32:29,436 - INFO - Correct Candidate: Candidate C
2026-05-08 10:32:29,436 - INFO - Decision Correct: 0
{"id": 67, "ts": 1778229149.7689703, "event": "context_consistency_calculated", "method": "embedding_cosine", "mean_pairwise_similarity": 0.796199, "pairwise": [{"agent_a": "agent_1", "agent_b": "agent_2", "similarity": 0.856442}, {"agent_a": "agent_1", "agent_b": "agent_3", "similarity": 0.7438}, {"agent_a": "agent_2", "agent_b": "agent_3", "similarity": 0.788356}]}
{"id": 68, "ts": 1778229149.7691674, "event": "agent_memories_archived", "directory": "/home/lhegemann/git/bachelor_thesis/01_data/raw/simulations/moderate/moderate_treatment_20260508_080303_030/shared_mental_models", "round": 5}
{"id": 69, "ts": 1778229149.7692623, "event": "final_decision", "candidate": null, "method": "max_round_no_majority", "vote_count": {"Candidate A": 1, "Candidate D": 1, "Candidate B": 1}, "correct_candidate": "Candidate C", "decision_correct": 0, "round": 5}
2026-05-08 10:32:29,778 - INFO - ======================================================================
2026-05-08 10:32:29,779 - INFO - SIMULATION METRICS
2026-05-08 10:32:29,779 - INFO - ======================================================================
2026-05-08 10:32:29,779 - INFO - Total Loops: 5
2026-05-08 10:32:29,779 - INFO - Agent Turns (no vote checker): 15
2026-05-08 10:32:29,779 - INFO - Agent Tool Calls: 0
2026-05-08 10:32:29,779 - INFO - Agent Tool Messages: 0
2026-05-08 10:32:29,779 - INFO - Memory Updates: 45
2026-05-08 10:32:29,779 - INFO - Total Messages (no vote checker): 15
2026-05-08 10:32:29,779 - INFO - Input Tokens: 157466
2026-05-08 10:32:29,779 - INFO - Output Tokens: 58286
2026-05-08 10:32:29,779 - INFO - Total Tokens: 215752
2026-05-08 10:32:29,779 - INFO - Final Chosen Candidate: None
2026-05-08 10:32:29,779 - INFO - Final Decision Method: max_round_no_majority
2026-05-08 10:32:29,780 - INFO - Final Vote Count: {'Candidate A': 1, 'Candidate D': 1, 'Candidate B': 1}
2026-05-08 10:32:29,780 - INFO - Correct Candidate: Candidate C
2026-05-08 10:32:29,780 - INFO - Decision Correct: 0
2026-05-08 10:32:29,780 - INFO - Runtime: 181.63s
2026-05-08 10:32:29,780 - INFO - ======================================================================
