2026-05-05 17:01:02,219 - INFO - Metrics tracker initialized
{"id": 1, "ts": 1777993262.2370849, "event": "memory_reset"}
{"id": 2, "ts": 1777993262.2384892, "event": "discussion_order", "round": 1, "order": ["agent_3", "agent_2", "agent_1"]}
2026-05-05 17:01:10,843 - INFO - Tokens - Input: 1147, Output: 886, Total: 2033
{"id": 3, "ts": 1777993270.845338, "event": "public_discussion_message", "round": 1, "agent": "agent_3", "message": "I currently support **Candidate B** for the long\u2011distance pilot position. The most compelling evidence in favor of B is the combination of key attributes that align with the role\u2019s requirements: B \u201ckeeps calm in a crisis,\u201d is \u201c100% reliable,\u201d and possesses strong technical skills such as \u201cgood at assessing weather conditions\u201d and \u201cexcellent computer skills.\u201d These qualities directly address the need for calmness under pressure, reliability, and technical competence on international flights.\nThe main concerns are B\u2019s being \u201cregarded as pretentious\u201d and sometimes \u201cadopting the wrong tone when communicating.\u201d While these are potential teamwork issues, they appear less critical than the lack of reliability or calmness exhibited by the other candidates.\nNo other agent has contributed yet, so there is no conflicting information to address. At this point, the only remaining barrier to a unanimous decision is the lack of additional input from the other agents that might highlight unseen strengths or weaknesses of the candidates. If they raise new evidence\u2014especially regarding teamwork or health concerns\u2014I will reassess, but based on the current facts, Candidate\u202fB is the strongest fit."}
2026-05-05 17:01:10,845 - INFO - Agent turns: 1
2026-05-05 17:01:20,788 - INFO - Tokens - Input: 1599, Output: 1412, Total: 3011
2026-05-05 17:01:20,791 - INFO - Memory updates: 1
{"id": 4, "ts": 1777993280.791473, "event": "memory_updated", "agent": "agent_1", "round": 1}
2026-05-05 17:01:21,617 - INFO - Tokens - Input: 1598, Output: 1317, Total: 2915
2026-05-05 17:01:21,619 - INFO - Memory updates: 2
{"id": 5, "ts": 1777993281.619662, "event": "memory_updated", "agent": "agent_3", "round": 1}
2026-05-05 17:11:40,145 - INFO - Tokens - Input: 1604, Output: 1576, Total: 3180
2026-05-05 17:11:40,147 - INFO - Memory updates: 3
{"id": 6, "ts": 1777993900.147775, "event": "memory_updated", "agent": "agent_2", "round": 1}
2026-05-05 17:11:43,657 - INFO - Tokens - Input: 1895, Output: 460, Total: 2355
{"id": 7, "ts": 1777993903.659699, "event": "public_discussion_message", "round": 1, "agent": "agent_2", "message": "I also support **Candidate B** for the long\u2011distance pilot position. The decisive strengths are that B **keeps calm in a crisis**, is **100\u202f% reliable**, can **assess weather conditions well**, and has **excellent computer skills**\u2014all core to safe, technical, and high\u2011responsibility international flights. The noted drawbacks (a relatively weak memory for numbers, making nasty remarks about colleagues, and being perceived as pretentious or using the wrong tone) are important teamwork concerns, but they do not outweigh the safety\u2011critical attributes of calmness, reliability, and technical competence. I acknowledge Agent\u202f3\u2019s endorsement of B and share the same view that the interpersonal issues, while worth monitoring, are secondary to the primary safety and performance requirements.\nAt this stage, unanimity is not yet possible because we have only one vote recorded; we need input from the remaining committee members before a consensus can be reached."}
2026-05-05 17:11:43,660 - INFO - Agent turns: 2
2026-05-05 17:11:52,771 - INFO - Tokens - Input: 2173, Output: 1423, Total: 3596
2026-05-05 17:11:52,772 - INFO - Memory updates: 4
{"id": 8, "ts": 1777993912.773108, "event": "memory_updated", "agent": "agent_1", "round": 1}
2026-05-05 17:12:19,965 - INFO - Tokens - Input: 2273, Output: 868, Total: 3141
2026-05-05 17:12:19,966 - INFO - Memory updates: 5
{"id": 9, "ts": 1777993939.967066, "event": "memory_updated", "agent": "agent_2", "round": 1}
2026-05-05 17:21:54,470 - INFO - Tokens - Input: 2172, Output: 1293, Total: 3465
2026-05-05 17:21:54,471 - INFO - Memory updates: 6
{"id": 10, "ts": 1777994514.471405, "event": "memory_updated", "agent": "agent_3", "round": 1}
2026-05-05 17:22:04,306 - INFO - Tokens - Input: 2165, Output: 745, Total: 2910
{"id": 11, "ts": 1777994524.307979, "event": "public_discussion_message", "round": 1, "agent": "agent_1", "message": "I also support **Candidate B** for the long\u2011distance pilot position. The decisive factors are that B **keeps calm in a crisis**, is **100\u202f% reliable**, and possesses strong technical abilities \u2013 **good at assessing weather conditions** and **excellent computer skills**. These attributes directly satisfy the core requirements of reliability, technical competence, and calmness under pressure for international flights.\nThe noted drawbacks (being grumpy, occasionally uncooperative, perceived as pretentious, occasional tone issues, weaker memory for numbers, and making nasty remarks) are important teamwork concerns, but they do not outweigh the safety\u2011critical strengths that B brings. No additional evidence has emerged that would elevate the other candidates above B, and the existing strengths of Candidates\u202fA,\u202fC, and\u202fD do not match B\u2019s combination of reliability and calmness.\nSince both Agent\u202f2 and Agent\u202f3 have already endorsed Candidate\u202fB and I now share that view, there is no remaining obstacle to a unanimous decision."}
2026-05-05 17:22:04,308 - INFO - Agent turns: 3
2026-05-05 17:22:12,072 - INFO - Tokens - Input: 2400, Output: 1004, Total: 3404
2026-05-05 17:22:12,075 - INFO - Memory updates: 7
{"id": 12, "ts": 1777994532.0760179, "event": "memory_updated", "agent": "agent_2", "round": 1}
2026-05-05 17:22:13,964 - INFO - Tokens - Input: 2575, Output: 1234, Total: 3809
2026-05-05 17:22:13,966 - INFO - Memory updates: 8
{"id": 13, "ts": 1777994533.966429, "event": "memory_updated", "agent": "agent_1", "round": 1}
2026-05-05 17:22:14,358 - INFO - Tokens - Input: 2487, Output: 1367, Total: 3854
2026-05-05 17:22:14,359 - INFO - Memory updates: 9
{"id": 14, "ts": 1777994534.359745, "event": "memory_updated", "agent": "agent_3", "round": 1}
2026-05-05 17:22:14,363 - INFO - Loop 1 completed
2026-05-05 17:22:14,364 - INFO - Final Chosen Candidate: Candidate B
2026-05-05 17:22:14,364 - INFO - Final Decision Method: consensus
2026-05-05 17:22:14,364 - INFO - Final Vote Count: {'Candidate B': 3}
2026-05-05 17:22:14,364 - INFO - Correct Candidate: Candidate C
2026-05-05 17:22:14,364 - INFO - Decision Correct: 0
{"id": 15, "ts": 1777994534.809349, "event": "context_consistency_calculated", "method": "embedding_cosine", "mean_pairwise_similarity": 0.923514, "pairwise": [{"agent_a": "agent_1", "agent_b": "agent_2", "similarity": 0.921971}, {"agent_a": "agent_1", "agent_b": "agent_3", "similarity": 0.914037}, {"agent_a": "agent_2", "agent_b": "agent_3", "similarity": 0.934535}]}
{"id": 16, "ts": 1777994534.8094158, "event": "agent_memories_archived", "directory": "/Users/leonardhegemann/Documents/Studium/Bachelor/SoSe_2026/Abschlussarbeit/bachelor_thesis/01_data/raw/simulations/low/low_20260505_163223_009/shared_mental_models", "round": 1}
{"id": 17, "ts": 1777994534.809452, "event": "final_decision", "candidate": "Candidate B", "method": "consensus", "vote_count": {"Candidate B": 3}, "correct_candidate": "Candidate C", "decision_correct": 0, "round": 1}
2026-05-05 17:22:14,813 - INFO - ======================================================================
2026-05-05 17:22:14,813 - INFO - SIMULATION METRICS
2026-05-05 17:22:14,813 - INFO - ======================================================================
2026-05-05 17:22:14,813 - INFO - Total Loops: 1
2026-05-05 17:22:14,813 - INFO - Agent Turns (no vote checker): 3
2026-05-05 17:22:14,813 - INFO - Agent Tool Calls: 0
2026-05-05 17:22:14,813 - INFO - Agent Tool Messages: 0
2026-05-05 17:22:14,813 - INFO - Memory Updates: 9
2026-05-05 17:22:14,813 - INFO - Total Messages (no vote checker): 3
2026-05-05 17:22:14,813 - INFO - Input Tokens: 24088
2026-05-05 17:22:14,813 - INFO - Output Tokens: 13585
2026-05-05 17:22:14,813 - INFO - Total Tokens: 37673
2026-05-05 17:22:14,813 - INFO - Final Chosen Candidate: Candidate B
2026-05-05 17:22:14,813 - INFO - Final Decision Method: consensus
2026-05-05 17:22:14,813 - INFO - Final Vote Count: {'Candidate B': 3}
2026-05-05 17:22:14,813 - INFO - Correct Candidate: Candidate C
2026-05-05 17:22:14,814 - INFO - Decision Correct: 0
2026-05-05 17:22:14,814 - INFO - Runtime: 1272.59s
2026-05-05 17:22:14,814 - INFO - ======================================================================
