2026-05-09 02:49:27,113 - INFO - Metrics tracker initialized
{"id": 1, "ts": 1778287767.1377807, "event": "memory_reset"}
{"id": 2, "ts": 1778287767.1423168, "event": "discussion_order", "round": 1, "order": ["agent_1", "agent_2", "agent_3"]}
2026-05-09 02:49:34,323 - INFO - Tokens - Input: 1419, Output: 930, Total: 2349
{"id": 3, "ts": 1778287774.3245442, "event": "public_discussion_message", "round": 1, "agent": "agent_1", "message": "I tentatively favor **Candidate\u202fC**.\u202fHe is known to be 100\u202f% reliable and creates a positive atmosphere with his crew, which are key for long\u2011distance operations where trust and morale are essential.\u202fThese strengths support both reliability and cooperation, core requirements for safe, sustained flights.\u202fA remaining concern is his difficulty communicating ideas and egocentric attitude, which could impair teamwork and decision sharing in the cockpit.\nMETADATA_JSON:\n{\"agent\": \"agent_1\", \"vote\": \"Candidate C\"}"}
2026-05-09 02:49:34,324 - INFO - Agent turns: 1
2026-05-09 02:49:42,261 - INFO - Tokens - Input: 1635, Output: 924, Total: 2559
{"id": 4, "ts": 1778287782.2631152, "event": "public_discussion_message", "round": 1, "agent": "agent_2", "message": "I tentatively favor **Candidate\u202fB**.\u202fHis very conscientious nature gives strong reliability, and he handles stress well while accurately assessing weather\u2014key for long\u2011distance flights where sustained focus and sound technical judgment are essential.\u202fA remaining concern is his tendency to make nasty remarks about colleagues and his relatively weak memory for numbers, which could undermine crew cooperation and some operational tasks.\nMETADATA_JSON:\n{\"agent\": \"agent_2\", \"vote\": \"Candidate B\"}"}
2026-05-09 02:49:42,263 - INFO - Agent turns: 2
2026-05-09 02:49:48,595 - INFO - Tokens - Input: 1719, Output: 1063, Total: 2782
{"id": 5, "ts": 1778287788.5964892, "event": "public_discussion_message", "round": 1, "agent": "agent_3", "message": "I tentatively favor **Candidate\u202fC**.\u202fHis strong concern for others supports a cooperative crew atmosphere, and his ability to make correct decisions quickly together with excellent attention skills underpins technical competence and reliability on long flights.\u202fA key uncertainty is his difficulty communicating ideas and egocentric attitude, which could still impair teamwork in the cockpit.\nMETADATA_JSON:\n{\"agent\": \"agent_3\", \"vote\": \"Candidate C\"}"}
2026-05-09 02:49:48,596 - INFO - Agent turns: 3
2026-05-09 02:49:48,605 - INFO - Loop 1 completed
{"id": 6, "ts": 1778287788.6121676, "event": "discussion_order", "round": 2, "order": ["agent_3", "agent_1", "agent_2"]}
2026-05-09 02:49:53,838 - INFO - Tokens - Input: 1744, Output: 704, Total: 2448
{"id": 7, "ts": 1778287793.8394828, "event": "public_discussion_message", "round": 2, "agent": "agent_3", "message": "I now lean toward **Candidate\u202fB**.\u202fHis very conscientious nature gives strong reliability, and his ability to handle stress while accurately assessing weather provides essential calmness and technical competence for long\u2011distance flights.\u202fA key trade\u2011off is his pretentious attitude and occasional wrong tone, which could undermine crew cooperation and the positive cockpit atmosphere.\nMETADATA_JSON:\n{\"agent\": \"agent_3\", \"vote\": \"Candidate B\"}"}
2026-05-09 02:49:53,839 - INFO - Agent turns: 4
2026-05-09 02:49:59,287 - INFO - Tokens - Input: 1911, Output: 722, Total: 2633
{"id": 8, "ts": 1778287799.288484, "event": "public_discussion_message", "round": 2, "agent": "agent_1", "message": "I currently favor **Candidate\u202fC**.\u202fHe is known to be 100\u202f% reliable and creates a positive atmosphere with his crew, which are essential for long\u2011distance flights where sustained trust and teamwork are critical.\u202fHe also makes correct decisions quickly, supporting the technical competence needed for complex, extended operations.\u202fA key uncertainty is his difficulty communicating ideas and egocentric attitude, which could hinder effective cockpit collaboration.\nMETADATA_JSON:\n{\"agent\": \"agent_1\", \"vote\": \"Candidate C\"}"}
2026-05-09 02:49:59,288 - INFO - Agent turns: 5
2026-05-09 02:50:08,256 - INFO - Tokens - Input: 2045, Output: 1294, Total: 3339
{"id": 9, "ts": 1778287808.2580879, "event": "public_discussion_message", "round": 2, "agent": "agent_2", "message": "I currently favor **Candidate\u202fD**.\u202fHe takes responsibility seriously, solves problems extremely well, and can concentrate very well, which together support the high\u2011responsibility, technical competence, and sustained focus needed on long\u2011distance flights.\u202fHe also responds adequately to unexpected events, a key calm\u2011under\u2011pressure trait for extended operations.\u202fA remaining concern is his hot temper and reputation as a know\u2011it\u2011all, which could undermine crew cooperation and cockpit atmosphere.\nMETADATA_JSON:\n{\"agent\": \"agent_2\", \"vote\": \"Candidate D\"}"}
2026-05-09 02:50:08,258 - INFO - Agent turns: 6
2026-05-09 02:50:08,267 - INFO - Loop 2 completed
{"id": 10, "ts": 1778287808.2733214, "event": "discussion_order", "round": 3, "order": ["agent_3", "agent_1", "agent_2"]}
2026-05-09 02:50:15,984 - INFO - Tokens - Input: 2086, Output: 592, Total: 2678
{"id": 11, "ts": 1778287815.9858158, "event": "public_discussion_message", "round": 3, "agent": "agent_3", "message": "I currently favor **Candidate\u202fB**.\u202fHis very conscientious nature gives strong reliability, and his ability to handle stress while accurately assessing weather provides essential calmness and technical competence for long\u2011distance flights.\u202fA key trade\u2011off is his pretentious attitude and occasional wrong tone, which could undermine crew cooperation and the cockpit atmosphere.\nMETADATA_JSON:\n{\"agent\": \"agent_3\", \"vote\": \"Candidate B\"}"}
2026-05-09 02:50:15,986 - INFO - Agent turns: 7
2026-05-09 02:50:24,099 - INFO - Tokens - Input: 2242, Output: 859, Total: 3101
{"id": 12, "ts": 1778287824.100506, "event": "public_discussion_message", "round": 3, "agent": "agent_1", "message": "I currently favor **Candidate\u202fD**.\u202fHe takes responsibility seriously, solves problems extremely well, and can concentrate very well, which together support the high\u2011responsibility, technical competence, and sustained focus needed for long\u2011distance flights.\u202fHe also responds adequately to unexpected events, a key calm\u2011under\u2011pressure trait.\u202fA main trade\u2011off is his reputation for arrogance and relatively weak leadership, which could undermine crew cooperation and the cockpit atmosphere.\nMETADATA_JSON:\n{\"agent\": \"agent_1\", \"vote\": \"Candidate D\"}"}
2026-05-09 02:50:24,100 - INFO - Agent turns: 8
2026-05-09 02:50:31,317 - INFO - Tokens - Input: 2390, Output: 806, Total: 3196
{"id": 13, "ts": 1778287831.3193033, "event": "public_discussion_message", "round": 3, "agent": "agent_2", "message": "I currently favor **Candidate\u202fD**.\u202fHis strong sense of responsibility, excellent problem\u2011solving ability, and high concentration support the reliability and technical competence needed for long\u2011distance flights, while his proven capacity to respond adequately to unexpected events adds crucial calmness under pressure.\u202fA key trade\u2011off is his hot temper and reputation as a know\u2011it\u2011all, which could undermine crew cooperation and the cockpit atmosphere.\nMETADATA_JSON:\n{\"agent\": \"agent_2\", \"vote\": \"Candidate D\"}"}
2026-05-09 02:50:31,319 - INFO - Agent turns: 9
2026-05-09 02:50:31,328 - INFO - Loop 3 completed
{"id": 14, "ts": 1778287831.3345768, "event": "discussion_order", "round": 4, "order": ["agent_1", "agent_3", "agent_2"]}
2026-05-09 02:50:37,442 - INFO - Tokens - Input: 2413, Output: 483, Total: 2896
{"id": 15, "ts": 1778287837.4439747, "event": "public_discussion_message", "round": 4, "agent": "agent_1", "message": "I currently favor **Candidate\u202fD**.\u202fHe takes responsibility seriously, solves problems extremely well, and can concentrate very well, which together support the high\u2011responsibility and technical competence needed for long\u2011distance flights.\u202fHe also responds adequately to unexpected events, a key calm\u2011under\u2011pressure trait.\u202fA main trade\u2011off is his reputation for arrogance and relatively weak leadership, which could undermine crew cooperation and the cockpit atmosphere.\nMETADATA_JSON:\n{\"agent\": \"agent_1\", \"vote\": \"Candidate D\"}"}
2026-05-09 02:50:37,444 - INFO - Agent turns: 10
2026-05-09 02:50:45,754 - INFO - Tokens - Input: 2608, Output: 1062, Total: 3670
{"id": 16, "ts": 1778287845.7560582, "event": "public_discussion_message", "round": 4, "agent": "agent_3", "message": "I currently favor **Candidate\u202fD**.\u202fHis strong sense of responsibility, excellent problem\u2011solving ability, and high concentration support the reliability, technical competence, and sustained focus essential for long\u2011distance flights, while his proven capacity to respond adequately to unexpected events adds crucial calmness under pressure.\u202fA key trade\u2011off is his moody demeanor and reputation as a loner, which could hinder crew cooperation and the cockpit atmosphere.\nMETADATA_JSON:\n{\"agent\": \"agent_3\", \"vote\": \"Candidate D\"}"}
2026-05-09 02:50:45,756 - INFO - Agent turns: 11
2026-05-09 02:50:51,210 - INFO - Tokens - Input: 2732, Output: 712, Total: 3444
{"id": 17, "ts": 1778287851.2114217, "event": "public_discussion_message", "round": 4, "agent": "agent_2", "message": "I continue to favor **Candidate\u202fD**.\u202fHis strong sense of responsibility, excellent problem\u2011solving ability, and high concentration give the reliability, technical competence, and sustained focus essential for long\u2011distance flights, while his proven capacity to respond adequately to unexpected events adds crucial calmness under pressure.\u202fA key trade\u2011off is his hot temper and reputation as a know\u2011it\u2011all/loner, which could undermine crew cooperation and the cockpit atmosphere.\nMETADATA_JSON:\n{\"agent\": \"agent_2\", \"vote\": \"Candidate D\"}"}
2026-05-09 02:50:51,211 - INFO - Agent turns: 12
2026-05-09 02:50:51,220 - INFO - Loop 4 completed
2026-05-09 02:50:51,221 - INFO - Final Chosen Candidate: Candidate D
2026-05-09 02:50:51,221 - INFO - Final Decision Method: consensus
2026-05-09 02:50:51,221 - INFO - Final Vote Count: {'Candidate D': 3}
2026-05-09 02:50:51,221 - INFO - Correct Candidate: Candidate C
2026-05-09 02:50:51,221 - INFO - Decision Correct: 0
{"id": 18, "ts": 1778287851.2224736, "event": "context_consistency_not_applicable", "reason": "explicit_smm_memory_disabled"}
{"id": 19, "ts": 1778287851.2226071, "event": "final_decision", "candidate": "Candidate D", "method": "consensus", "vote_count": {"Candidate D": 3}, "correct_candidate": "Candidate C", "decision_correct": 0, "round": 4}
2026-05-09 02:50:51,229 - INFO - ======================================================================
2026-05-09 02:50:51,229 - INFO - SIMULATION METRICS
2026-05-09 02:50:51,229 - INFO - ======================================================================
2026-05-09 02:50:51,229 - INFO - Total Loops: 4
2026-05-09 02:50:51,229 - INFO - Agent Turns (no vote checker): 12
2026-05-09 02:50:51,229 - INFO - Agent Tool Calls: 0
2026-05-09 02:50:51,229 - INFO - Agent Tool Messages: 0
2026-05-09 02:50:51,230 - INFO - Memory Updates: 0
2026-05-09 02:50:51,230 - INFO - Total Messages (no vote checker): 12
2026-05-09 02:50:51,230 - INFO - Input Tokens: 24944
2026-05-09 02:50:51,230 - INFO - Output Tokens: 10151
2026-05-09 02:50:51,230 - INFO - Total Tokens: 35095
2026-05-09 02:50:51,230 - INFO - Final Chosen Candidate: Candidate D
2026-05-09 02:50:51,230 - INFO - Final Decision Method: consensus
2026-05-09 02:50:51,230 - INFO - Final Vote Count: {'Candidate D': 3}
2026-05-09 02:50:51,230 - INFO - Correct Candidate: Candidate C
2026-05-09 02:50:51,230 - INFO - Decision Correct: 0
2026-05-09 02:50:51,230 - INFO - Runtime: 84.12s
2026-05-09 02:50:51,230 - INFO - ======================================================================
