2026-05-05 08:43:15,727 - INFO - Metrics tracker initialized
{"id": 1, "ts": 1777963395.743277, "event": "memory_reset"}
{"id": 2, "ts": 1777963395.744621, "event": "discussion_order", "round": 1, "order": ["agent_4", "agent_2", "agent_1", "agent_3"]}
2026-05-05 08:43:23,794 - INFO - Tokens - Input: 1351, Output: 560, Total: 1911
{"id": 3, "ts": 1777963403.795987, "event": "public_discussion_message", "round": 1, "agent": "agent_4", "message": "Given the need for immediate, reliable leadership, Eve stands out: no conflicts, can start in two weeks, and has proven experience running a reliability\u2011critical program through outages and audits. The other candidates each have notable risks\u2014Bob\u2019s conflict, Alice\u2019s missed milestones, Dave\u2019s limited budget/headcount experience, and Carol\u2019s lack of demonstrated leadership at scale. I vote for Eve.\nMETADATA_JSON:\n{\"agent\": \"agent_4\", \"vote\": \"Eve\"}"}
2026-05-05 08:43:23,796 - INFO - Agent turns: 1
2026-05-05 08:43:34,934 - INFO - Tokens - Input: 1434, Output: 1665, Total: 3099
2026-05-05 08:43:34,937 - INFO - Memory updates: 1
{"id": 4, "ts": 1777963414.93738, "event": "memory_updated", "agent": "agent_4", "round": 1}
2026-05-05 08:43:35,339 - INFO - Tokens - Input: 1458, Output: 1734, Total: 3192
2026-05-05 08:43:35,341 - INFO - Memory updates: 2
{"id": 5, "ts": 1777963415.341401, "event": "memory_updated", "agent": "agent_1", "round": 1}
2026-05-05 08:43:35,593 - INFO - Tokens - Input: 1412, Output: 1605, Total: 3017
2026-05-05 08:43:35,596 - INFO - Memory updates: 3
{"id": 6, "ts": 1777963415.596141, "event": "memory_updated", "agent": "agent_2", "round": 1}
2026-05-05 08:43:36,669 - INFO - Tokens - Input: 1402, Output: 1465, Total: 2867
2026-05-05 08:43:36,672 - INFO - Memory updates: 4
{"id": 7, "ts": 1777963416.6725419, "event": "memory_updated", "agent": "agent_3", "round": 1}
2026-05-05 08:43:41,587 - INFO - Tokens - Input: 1961, Output: 344, Total: 2305
{"id": 8, "ts": 1777963421.588332, "event": "public_discussion_message", "round": 1, "agent": "agent_2", "message": "Alice demonstrates the strongest execution record: she rescued a troubled platform program and delivered it six weeks ahead of schedule, providing clear evidence of deadline performance, launch stability, and immediate impact. While Eve can start quickly, her recent launch slipped by a quarter, and Bob and Carol lack concrete delivery evidence. Dave\u2019s stable launch was limited in scope. Therefore, I vote for Alice.\nMETADATA_JSON:\n{\"agent\": \"agent_2\", \"vote\": \"Alice\"}"}
2026-05-05 08:43:41,588 - INFO - Agent turns: 2
{"id": 9, "ts": 1777963431.05698, "event": "agent_memories_archive_failed", "error": "cannot schedule new futures after interpreter shutdown"}
2026-05-05 08:43:51,057 - INFO - ======================================================================
2026-05-05 08:43:51,057 - INFO - SIMULATION METRICS
2026-05-05 08:43:51,057 - INFO - ======================================================================
2026-05-05 08:43:51,057 - INFO - Total Loops: 0
2026-05-05 08:43:51,057 - INFO - Agent Turns (no vote checker): 2
2026-05-05 08:43:51,057 - INFO - Agent Tool Calls: 0
2026-05-05 08:43:51,057 - INFO - Agent Tool Messages: 0
2026-05-05 08:43:51,057 - INFO - Memory Updates: 4
2026-05-05 08:43:51,057 - INFO - Total Messages (no vote checker): 2
2026-05-05 08:43:51,057 - INFO - Input Tokens: 9018
2026-05-05 08:43:51,057 - INFO - Output Tokens: 7373
2026-05-05 08:43:51,057 - INFO - Total Tokens: 16391
2026-05-05 08:43:51,057 - INFO - Final Chosen Candidate: (not recorded)
2026-05-05 08:43:51,057 - INFO - Runtime: 35.33s
2026-05-05 08:43:51,057 - INFO - ======================================================================
