2026-05-08 23:04:06,070 - INFO - Metrics tracker initialized
{"id": 1, "ts": 1778274246.0962484, "event": "memory_reset"}
{"id": 2, "ts": 1778274246.1011, "event": "discussion_order", "round": 1, "order": ["agent_3", "agent_1", "agent_2"]}
2026-05-08 23:04:15,315 - INFO - Tokens - Input: 1708, Output: 902, Total: 2610
{"id": 3, "ts": 1778274255.318916, "event": "public_discussion_message", "round": 1, "agent": "agent_3", "message": "I currently favor Candidate\u202fB. He is very conscientious and handles stress well, supporting reliability and calmness under pressure, and he also has strong technical abilities in weather assessment and computer skills. These traits are crucial for long\u2011distance flights where accurate planning and steady performance are essential. The main uncertainty is his pretentious demeanor and occasional wrong tone, which could hinder crew cooperation and the cockpit atmosphere.\nMETADATA_JSON:\n{\"agent\": \"agent_3\", \"vote\": \"Candidate B\"}"}
2026-05-08 23:04:15,319 - INFO - Agent turns: 1
2026-05-08 23:04:26,691 - INFO - Tokens - Input: 1332, Output: 1607, Total: 2939
2026-05-08 23:04:26,693 - INFO - Memory updates: 1
{"id": 4, "ts": 1778274266.6937964, "event": "memory_updated", "agent": "agent_2", "round": 1}
2026-05-08 23:04:26,775 - INFO - Tokens - Input: 1329, Output: 1599, Total: 2928
2026-05-08 23:04:26,776 - INFO - Memory updates: 2
{"id": 5, "ts": 1778274266.777125, "event": "memory_updated", "agent": "agent_1", "round": 1}
2026-05-08 23:04:38,676 - INFO - Tokens - Input: 1324, Output: 1434, Total: 2758
2026-05-08 23:04:38,678 - INFO - Memory updates: 3
{"id": 6, "ts": 1778274278.6783724, "event": "memory_updated", "agent": "agent_3", "round": 1}
2026-05-08 23:04:46,574 - INFO - Tokens - Input: 2371, Output: 842, Total: 3213
{"id": 7, "ts": 1778274286.575469, "event": "public_discussion_message", "round": 1, "agent": "agent_1", "message": "I currently favor **Candidate\u202fA**. Their ability to anticipate dangerous situations and excellent spatial vision are critical for safety and navigation on long\u2011haul routes, and their very good leadership qualities support effective crew coordination. The main trade\u2011off is that A can be unorganized and sometimes struggles with criticism, which could affect consistency and teamwork on extended flights.\nMETADATA_JSON:\n{\"agent\": \"agent_1\", \"vote\": \"Candidate A\"}"}
2026-05-08 23:04:46,575 - INFO - Agent turns: 2
2026-05-08 23:04:56,971 - INFO - Tokens - Input: 1974, Output: 1213, Total: 3187
2026-05-08 23:04:56,972 - INFO - Memory updates: 4
{"id": 8, "ts": 1778274296.9730442, "event": "memory_updated", "agent": "agent_1", "round": 1}
2026-05-08 23:04:57,356 - INFO - Tokens - Input: 1957, Output: 1397, Total: 3354
2026-05-08 23:04:57,357 - INFO - Memory updates: 5
{"id": 9, "ts": 1778274297.3577425, "event": "memory_updated", "agent": "agent_3", "round": 1}
2026-05-08 23:04:58,166 - INFO - Tokens - Input: 1954, Output: 1276, Total: 3230
2026-05-08 23:04:58,167 - INFO - Memory updates: 6
{"id": 10, "ts": 1778274298.1680672, "event": "memory_updated", "agent": "agent_2", "round": 1}
2026-05-08 23:05:02,919 - INFO - Tokens - Input: 2655, Output: 679, Total: 3334
{"id": 11, "ts": 1778274302.9210672, "event": "public_discussion_message", "round": 1, "agent": "agent_2", "message": "I currently favor **Candidate\u202fB**. Their very conscientious nature and ability to handle stress provide strong reliability and calmness under pressure, which are essential for long\u2011distance flights. Additionally, their skill in assessing weather conditions and excellent computer abilities support the technical competence needed for complex route planning and navigation. The main uncertainty is their interpersonal drawback\u2014making nasty remarks about colleagues and a pretentious demeanor\u2014which could jeopardize crew cooperation and cockpit harmony.\nMETADATA_JSON:\n{\"agent\": \"agent_2\", \"vote\": \"Candidate B\"}"}
2026-05-08 23:05:02,921 - INFO - Agent turns: 3
2026-05-08 23:05:11,844 - INFO - Tokens - Input: 2294, Output: 1456, Total: 3750
2026-05-08 23:05:11,846 - INFO - Memory updates: 7
{"id": 12, "ts": 1778274311.8462696, "event": "memory_updated", "agent": "agent_2", "round": 1}
2026-05-08 23:05:12,938 - INFO - Tokens - Input: 2178, Output: 1378, Total: 3556
2026-05-08 23:05:12,940 - INFO - Memory updates: 8
{"id": 13, "ts": 1778274312.9403596, "event": "memory_updated", "agent": "agent_3", "round": 1}
2026-05-08 23:05:14,760 - INFO - Tokens - Input: 2287, Output: 1446, Total: 3733
2026-05-08 23:05:14,762 - INFO - Memory updates: 9
{"id": 14, "ts": 1778274314.7625797, "event": "memory_updated", "agent": "agent_1", "round": 1}
2026-05-08 23:05:14,770 - INFO - Loop 1 completed
{"id": 15, "ts": 1778274314.776665, "event": "discussion_order", "round": 2, "order": ["agent_3", "agent_1", "agent_2"]}
2026-05-08 23:05:16,723 - INFO - Tokens - Input: 2737, Output: 234, Total: 2971
{"id": 16, "ts": 1778274316.725048, "event": "public_discussion_message", "round": 2, "agent": "agent_3", "message": "I continue to favor **Candidate\u202fB**. His very conscientious nature and strong stress tolerance give the reliability and calmness under pressure essential for long\u2011distance flights, while his skill in assessing weather conditions and excellent computer abilities support the technical competence needed for complex route planning. The main uncertainty is his interpersonal drawback\u2014pretentious demeanor and occasional nasty remarks\u2014which could undermine cockpit cooperation and crew morale.\nMETADATA_JSON:\n{\"agent\": \"agent_3\", \"vote\": \"Candidate B\"}"}
2026-05-08 23:05:16,725 - INFO - Agent turns: 4
2026-05-08 23:05:24,269 - INFO - Tokens - Input: 2338, Output: 970, Total: 3308
2026-05-08 23:05:24,271 - INFO - Memory updates: 10
{"id": 17, "ts": 1778274324.2719378, "event": "memory_updated", "agent": "agent_3", "round": 2}
2026-05-08 23:05:25,981 - INFO - Tokens - Input: 2462, Output: 1285, Total: 3747
2026-05-08 23:05:25,983 - INFO - Memory updates: 11
{"id": 18, "ts": 1778274325.9836566, "event": "memory_updated", "agent": "agent_1", "round": 2}
2026-05-08 23:05:27,098 - INFO - Tokens - Input: 2460, Output: 1447, Total: 3907
2026-05-08 23:05:27,100 - INFO - Memory updates: 12
{"id": 19, "ts": 1778274327.1006153, "event": "memory_updated", "agent": "agent_2", "round": 2}
2026-05-08 23:05:31,346 - INFO - Tokens - Input: 2844, Output: 557, Total: 3401
{"id": 20, "ts": 1778274331.3480902, "event": "public_discussion_message", "round": 2, "agent": "agent_1", "message": "I continue to favor **Candidate\u202fA**. Their ability to anticipate dangerous situations and excellent spatial vision directly support safety and navigation on long\u2011haul routes, and their very good leadership qualities help maintain crew coordination over many hours. The main trade\u2011off is A\u2019s tendency to be unorganized and to struggle with criticism, which could affect procedural consistency and teamwork, especially compared with Candidate\u202fB\u2019s strong technical and reliability profile but notable interpersonal drawbacks.\nMETADATA_JSON:\n{\"agent\": \"agent_1\", \"vote\": \"Candidate A\"}"}
2026-05-08 23:05:31,348 - INFO - Agent turns: 5
2026-05-08 23:05:39,092 - INFO - Tokens - Input: 2494, Output: 1112, Total: 3606
2026-05-08 23:05:39,094 - INFO - Memory updates: 13
{"id": 21, "ts": 1778274339.0950522, "event": "memory_updated", "agent": "agent_2", "round": 2}
2026-05-08 23:05:40,201 - INFO - Tokens - Input: 2191, Output: 1142, Total: 3333
2026-05-08 23:05:40,203 - INFO - Memory updates: 14
{"id": 22, "ts": 1778274340.203577, "event": "memory_updated", "agent": "agent_3", "round": 2}
2026-05-08 23:05:40,620 - INFO - Tokens - Input: 2485, Output: 1297, Total: 3782
2026-05-08 23:05:40,621 - INFO - Memory updates: 15
{"id": 23, "ts": 1778274340.622116, "event": "memory_updated", "agent": "agent_1", "round": 2}
2026-05-08 23:05:42,512 - INFO - Tokens - Input: 2783, Output: 213, Total: 2996
{"id": 24, "ts": 1778274342.514162, "event": "public_discussion_message", "round": 2, "agent": "agent_2", "message": "I continue to favor **Candidate\u202fB**. His very conscientious nature and strong stress\u2011handling ability give the reliability and calmness under pressure essential for long\u2011distance flights, while his skill in assessing weather conditions and excellent computer abilities support the technical competence needed for complex route planning. The main uncertainty is his interpersonal drawback\u2014making nasty remarks about colleagues and a pretentious tone\u2014which could undermine crew cooperation and cockpit harmony.\nMETADATA_JSON:\n{\"agent\": \"agent_2\", \"vote\": \"Candidate B\"}"}
2026-05-08 23:05:42,514 - INFO - Agent turns: 6
2026-05-08 23:05:49,332 - INFO - Tokens - Input: 2333, Output: 904, Total: 3237
2026-05-08 23:05:49,334 - INFO - Memory updates: 16
{"id": 25, "ts": 1778274349.3343074, "event": "memory_updated", "agent": "agent_3", "round": 2}
2026-05-08 23:05:50,126 - INFO - Tokens - Input: 2412, Output: 1077, Total: 3489
2026-05-08 23:05:50,128 - INFO - Memory updates: 17
{"id": 26, "ts": 1778274350.1283193, "event": "memory_updated", "agent": "agent_2", "round": 2}
2026-05-08 23:05:52,010 - INFO - Tokens - Input: 2588, Output: 1362, Total: 3950
2026-05-08 23:05:52,012 - INFO - Memory updates: 18
{"id": 27, "ts": 1778274352.0127282, "event": "memory_updated", "agent": "agent_1", "round": 2}
2026-05-08 23:05:52,021 - INFO - Loop 2 completed
{"id": 28, "ts": 1778274352.0276906, "event": "discussion_order", "round": 3, "order": ["agent_1", "agent_2", "agent_3"]}
2026-05-08 23:05:53,508 - INFO - Tokens - Input: 3091, Output: 171, Total: 3262
{"id": 29, "ts": 1778274353.510122, "event": "public_discussion_message", "round": 3, "agent": "agent_1", "message": "I continue to favor **Candidate\u202fA**. Their ability to anticipate dangerous situations and excellent spatial vision are critical safety assets for long\u2011haul flights, and their very good leadership qualities support effective crew coordination over many hours. The main trade\u2011off is A\u2019s tendency to be unorganized and difficulty handling criticism, which could affect procedural consistency and teamwork.\nMETADATA_JSON:\n{\"agent\": \"agent_1\", \"vote\": \"Candidate A\"}"}
2026-05-08 23:05:53,510 - INFO - Agent turns: 7
2026-05-08 23:06:00,567 - INFO - Tokens - Input: 2676, Output: 991, Total: 3667
2026-05-08 23:06:00,569 - INFO - Memory updates: 19
{"id": 30, "ts": 1778274360.5695076, "event": "memory_updated", "agent": "agent_1", "round": 3}
2026-05-08 23:06:00,942 - INFO - Tokens - Input: 2390, Output: 1058, Total: 3448
2026-05-08 23:06:00,943 - INFO - Memory updates: 20
{"id": 31, "ts": 1778274360.9439492, "event": "memory_updated", "agent": "agent_2", "round": 3}
2026-05-08 23:06:01,554 - INFO - Tokens - Input: 2412, Output: 1017, Total: 3429
2026-05-08 23:06:01,555 - INFO - Memory updates: 21
{"id": 32, "ts": 1778274361.5557249, "event": "memory_updated", "agent": "agent_3", "round": 3}
2026-05-08 23:06:03,369 - INFO - Tokens - Input: 2891, Output: 226, Total: 3117
{"id": 33, "ts": 1778274363.3712034, "event": "public_discussion_message", "round": 3, "agent": "agent_2", "message": "I continue to favor **Candidate\u202fB**. His very conscientious nature and strong ability to handle stress give high reliability and calmness under pressure\u2014key for long\u2011distance flights. Additionally, his skill in assessing weather conditions and excellent computer abilities support the technical competence needed for complex route planning and navigation. The main trade\u2011off is his interpersonal drawback: making nasty remarks about colleagues and a pretentious tone, which could undermine crew cooperation and cockpit harmony.\nMETADATA_JSON:\n{\"agent\": \"agent_2\", \"vote\": \"Candidate B\"}"}
2026-05-08 23:06:03,371 - INFO - Agent turns: 8
2026-05-08 23:06:11,521 - INFO - Tokens - Input: 2585, Output: 1138, Total: 3723
2026-05-08 23:06:11,523 - INFO - Memory updates: 22
{"id": 34, "ts": 1778274371.5231516, "event": "memory_updated", "agent": "agent_1", "round": 3}
2026-05-08 23:06:12,127 - INFO - Tokens - Input: 2534, Output: 1080, Total: 3614
2026-05-08 23:06:12,128 - INFO - Memory updates: 23
{"id": 35, "ts": 1778274372.1288216, "event": "memory_updated", "agent": "agent_2", "round": 3}
2026-05-08 23:06:14,950 - INFO - Tokens - Input: 2561, Output: 1011, Total: 3572
2026-05-08 23:06:14,952 - INFO - Memory updates: 24
{"id": 36, "ts": 1778274374.9527402, "event": "memory_updated", "agent": "agent_3", "round": 3}
2026-05-08 23:06:16,411 - INFO - Tokens - Input: 3007, Output: 175, Total: 3182
{"id": 37, "ts": 1778274376.4134135, "event": "public_discussion_message", "round": 3, "agent": "agent_3", "message": "I continue to favor **Candidate\u202fB**. His very conscientious nature and strong stress\u2011handling ability give the reliability and calmness under pressure essential for long\u2011distance flights, while his skill in assessing weather conditions and excellent computer abilities support the technical competence needed for complex route planning and navigation. The main trade\u2011off is his interpersonal drawback\u2014making pretentious remarks and occasionally using the wrong tone\u2014which could affect cockpit cooperation and crew morale.\nMETADATA_JSON:\n{\"agent\": \"agent_3\", \"vote\": \"Candidate B\"}"}
2026-05-08 23:06:16,413 - INFO - Agent turns: 9
2026-05-08 23:06:23,893 - INFO - Tokens - Input: 2687, Output: 1187, Total: 3874
2026-05-08 23:06:23,895 - INFO - Memory updates: 25
{"id": 38, "ts": 1778274383.89545, "event": "memory_updated", "agent": "agent_1", "round": 3}
2026-05-08 23:06:24,063 - INFO - Tokens - Input: 2685, Output: 1063, Total: 3748
2026-05-08 23:06:24,064 - INFO - Memory updates: 26
{"id": 39, "ts": 1778274384.0651147, "event": "memory_updated", "agent": "agent_2", "round": 3}
2026-05-08 23:06:24,590 - INFO - Tokens - Input: 2644, Output: 1128, Total: 3772
2026-05-08 23:06:24,592 - INFO - Memory updates: 27
{"id": 40, "ts": 1778274384.5929797, "event": "memory_updated", "agent": "agent_3", "round": 3}
2026-05-08 23:06:24,602 - INFO - Loop 3 completed
{"id": 41, "ts": 1778274384.607802, "event": "discussion_order", "round": 4, "order": ["agent_2", "agent_1", "agent_3"]}
2026-05-08 23:06:26,371 - INFO - Tokens - Input: 3163, Output: 209, Total: 3372
{"id": 42, "ts": 1778274386.3726327, "event": "public_discussion_message", "round": 4, "agent": "agent_2", "message": "I continue to favor **Candidate\u202fB**. His very conscientious nature and strong ability to handle stress give high reliability and calmness under pressure\u2014key for long\u2011distance flights. Additionally, his skill in assessing weather conditions and excellent computer abilities support the technical competence needed for complex route planning and navigation. The main trade\u2011off is his interpersonal drawback: he makes nasty, pretentious remarks and can use the wrong tone with colleagues, which could undermine cockpit cooperation and crew morale.\nMETADATA_JSON:\n{\"agent\": \"agent_2\", \"vote\": \"Candidate B\"}"}
2026-05-08 23:06:26,372 - INFO - Agent turns: 10
2026-05-08 23:06:33,887 - INFO - Tokens - Input: 2798, Output: 1086, Total: 3884
2026-05-08 23:06:33,889 - INFO - Memory updates: 28
{"id": 43, "ts": 1778274393.8898387, "event": "memory_updated", "agent": "agent_2", "round": 4}
2026-05-08 23:06:35,309 - INFO - Tokens - Input: 2881, Output: 1220, Total: 4101
2026-05-08 23:06:35,311 - INFO - Memory updates: 29
{"id": 44, "ts": 1778274395.3114774, "event": "memory_updated", "agent": "agent_1", "round": 4}
2026-05-08 23:06:36,011 - INFO - Tokens - Input: 2832, Output: 1277, Total: 4109
2026-05-08 23:06:36,013 - INFO - Memory updates: 30
{"id": 45, "ts": 1778274396.013421, "event": "memory_updated", "agent": "agent_3", "round": 4}
2026-05-08 23:06:37,850 - INFO - Tokens - Input: 3474, Output: 208, Total: 3682
{"id": 46, "ts": 1778274397.8521137, "event": "public_discussion_message", "round": 4, "agent": "agent_1", "message": "I continue to favor **Candidate\u202fA**. Their ability to anticipate dangerous situations and excellent spatial vision are vital for safety and navigation on long\u2011haul routes, and their very good leadership qualities support effective crew coordination over many hours. The main trade\u2011off is that A can be unorganized and struggles with criticism, which could undermine procedural consistency and teamwork on extended flights.\nMETADATA_JSON:\n{\"agent\": \"agent_1\", \"vote\": \"Candidate A\"}"}
2026-05-08 23:06:37,852 - INFO - Agent turns: 11
2026-05-08 23:06:44,763 - INFO - Tokens - Input: 2868, Output: 1050, Total: 3918
2026-05-08 23:06:44,765 - INFO - Memory updates: 31
{"id": 47, "ts": 1778274404.7656503, "event": "memory_updated", "agent": "agent_3", "round": 4}
2026-05-08 23:06:45,415 - INFO - Tokens - Input: 3085, Output: 1095, Total: 4180
2026-05-08 23:06:45,417 - INFO - Memory updates: 32
{"id": 48, "ts": 1778274405.417588, "event": "memory_updated", "agent": "agent_1", "round": 4}
2026-05-08 23:06:45,869 - INFO - Tokens - Input: 2866, Output: 1229, Total: 4095
2026-05-08 23:06:45,871 - INFO - Memory updates: 33
{"id": 49, "ts": 1778274405.871268, "event": "memory_updated", "agent": "agent_2", "round": 4}
2026-05-08 23:06:48,245 - INFO - Tokens - Input: 3357, Output: 283, Total: 3640
{"id": 50, "ts": 1778274408.2467494, "event": "public_discussion_message", "round": 4, "agent": "agent_3", "message": "I continue to favor **Candidate\u202fB**. His very conscientious nature and strong ability to handle stress provide the reliability and calmness under pressure essential for long\u2011distance flights, while his skill in assessing weather conditions and excellent computer abilities support the technical competence needed for complex route planning and navigation. The main trade\u2011off is his interpersonal drawback\u2014being pretentious and sometimes using the wrong tone\u2014which could undermine cockpit cooperation and crew morale.\nMETADATA_JSON:\n{\"agent\": \"agent_3\", \"vote\": \"Candidate B\"}"}
2026-05-08 23:06:48,246 - INFO - Agent turns: 12
2026-05-08 23:06:56,205 - INFO - Tokens - Input: 2992, Output: 1085, Total: 4077
2026-05-08 23:06:56,206 - INFO - Memory updates: 34
{"id": 51, "ts": 1778274416.2067676, "event": "memory_updated", "agent": "agent_3", "round": 4}
2026-05-08 23:06:57,047 - INFO - Tokens - Input: 3179, Output: 1189, Total: 4368
2026-05-08 23:06:57,049 - INFO - Memory updates: 35
{"id": 52, "ts": 1778274417.0492938, "event": "memory_updated", "agent": "agent_2", "round": 4}
2026-05-08 23:06:57,546 - INFO - Tokens - Input: 3198, Output: 1301, Total: 4499
2026-05-08 23:06:57,548 - INFO - Memory updates: 36
{"id": 53, "ts": 1778274417.548952, "event": "memory_updated", "agent": "agent_1", "round": 4}
2026-05-08 23:06:57,557 - INFO - Loop 4 completed
{"id": 54, "ts": 1778274417.5628586, "event": "discussion_order", "round": 5, "order": ["agent_2", "agent_3", "agent_1"]}
2026-05-08 23:06:59,203 - INFO - Tokens - Input: 3542, Output: 211, Total: 3753
{"id": 55, "ts": 1778274419.2046096, "event": "public_discussion_message", "round": 5, "agent": "agent_2", "message": "I continue to favor **Candidate\u202fB**. His very conscientious nature and strong ability to handle stress give high reliability and calmness under pressure\u2014essential for long\u2011distance flights. Additionally, his skill in assessing weather conditions and excellent computer abilities support the technical competence needed for complex route planning and navigation. The main trade\u2011off is his interpersonal drawback: he makes nasty, pretentious remarks and can use the wrong tone with colleagues, which could undermine cockpit cooperation and crew morale.\nMETADATA_JSON:\n{\"agent\": \"agent_2\", \"vote\": \"Candidate B\"}"}
2026-05-08 23:06:59,204 - INFO - Agent turns: 13
2026-05-08 23:07:06,833 - INFO - Tokens - Input: 3170, Output: 1163, Total: 4333
2026-05-08 23:07:06,835 - INFO - Memory updates: 37
{"id": 56, "ts": 1778274426.8359234, "event": "memory_updated", "agent": "agent_3", "round": 5}
2026-05-08 23:07:07,936 - INFO - Tokens - Input: 3177, Output: 1230, Total: 4407
2026-05-08 23:07:07,937 - INFO - Memory updates: 38
{"id": 57, "ts": 1778274427.9378443, "event": "memory_updated", "agent": "agent_2", "round": 5}
2026-05-08 23:07:10,027 - INFO - Tokens - Input: 3369, Output: 1423, Total: 4792
2026-05-08 23:07:10,029 - INFO - Memory updates: 39
{"id": 58, "ts": 1778274430.0293326, "event": "memory_updated", "agent": "agent_1", "round": 5}
2026-05-08 23:07:12,213 - INFO - Tokens - Input: 3647, Output: 277, Total: 3924
{"id": 59, "ts": 1778274432.2150083, "event": "public_discussion_message", "round": 5, "agent": "agent_3", "message": "I continue to favor **Candidate\u202fB**. His very conscientious nature and strong ability to handle stress give the reliability and calmness under pressure essential for long\u2011distance flights, while his skill in assessing weather conditions and excellent computer abilities support the technical competence needed for complex route planning and navigation. The main trade\u2011off is his interpersonal drawback\u2014being pretentious and sometimes using the wrong tone\u2014which could undermine cockpit cooperation and crew morale.\nMETADATA_JSON:\n{\"agent\": \"agent_3\", \"vote\": \"Candidate B\"}"}
2026-05-08 23:07:12,215 - INFO - Agent turns: 14
2026-05-08 23:07:18,560 - INFO - Tokens - Input: 3119, Output: 860, Total: 3979
2026-05-08 23:07:18,562 - INFO - Memory updates: 40
{"id": 60, "ts": 1778274438.5621858, "event": "memory_updated", "agent": "agent_2", "round": 5}
2026-05-08 23:07:19,251 - INFO - Tokens - Input: 3282, Output: 994, Total: 4276
2026-05-08 23:07:19,253 - INFO - Memory updates: 41
{"id": 61, "ts": 1778274439.2538357, "event": "memory_updated", "agent": "agent_3", "round": 5}
2026-05-08 23:07:20,916 - INFO - Tokens - Input: 3416, Output: 1220, Total: 4636
2026-05-08 23:07:20,917 - INFO - Memory updates: 42
{"id": 62, "ts": 1778274440.9181426, "event": "memory_updated", "agent": "agent_1", "round": 5}
2026-05-08 23:07:22,781 - INFO - Tokens - Input: 3890, Output: 193, Total: 4083
{"id": 63, "ts": 1778274442.7832372, "event": "public_discussion_message", "round": 5, "agent": "agent_1", "message": "I continue to favor **Candidate\u202fA**. Their ability to anticipate dangerous situations and excellent spatial vision are critical safety assets for long\u2011distance flights, and their very good leadership qualities support effective crew coordination over many hours. The main trade\u2011off is that A can be unorganized and sometimes struggles with criticism, which could undermine procedural consistency and teamwork on extended missions.\nMETADATA_JSON:\n{\"agent\": \"agent_1\", \"vote\": \"Candidate A\"}"}
2026-05-08 23:07:22,783 - INFO - Agent turns: 15
2026-05-08 23:07:28,621 - INFO - Tokens - Input: 3209, Output: 837, Total: 4046
2026-05-08 23:07:28,623 - INFO - Memory updates: 43
{"id": 64, "ts": 1778274448.6234593, "event": "memory_updated", "agent": "agent_2", "round": 5}
2026-05-08 23:07:31,310 - INFO - Tokens - Input: 3499, Output: 1238, Total: 4737
2026-05-08 23:07:31,312 - INFO - Memory updates: 44
{"id": 65, "ts": 1778274451.3125048, "event": "memory_updated", "agent": "agent_1", "round": 5}
2026-05-08 23:07:34,036 - INFO - Tokens - Input: 3373, Output: 1561, Total: 4934
2026-05-08 23:07:34,038 - INFO - Memory updates: 45
{"id": 66, "ts": 1778274454.0383074, "event": "memory_updated", "agent": "agent_3", "round": 5}
2026-05-08 23:07:34,048 - INFO - Loop 5 completed
2026-05-08 23:07:34,049 - INFO - Final Chosen Candidate: Candidate B
2026-05-08 23:07:34,049 - INFO - Final Decision Method: max_round_majority_vote
2026-05-08 23:07:34,049 - INFO - Final Vote Count: {'Candidate A': 1, 'Candidate B': 2}
2026-05-08 23:07:34,049 - INFO - Correct Candidate: Candidate C
2026-05-08 23:07:34,049 - INFO - Decision Correct: 0
{"id": 67, "ts": 1778274454.3894444, "event": "context_consistency_calculated", "method": "embedding_cosine", "mean_pairwise_similarity": 0.805904, "pairwise": [{"agent_a": "agent_1", "agent_b": "agent_2", "similarity": 0.76577}, {"agent_a": "agent_1", "agent_b": "agent_3", "similarity": 0.890864}, {"agent_a": "agent_2", "agent_b": "agent_3", "similarity": 0.761078}]}
{"id": 68, "ts": 1778274454.3895738, "event": "gold_standard_alignment_calculated", "method": "rule_based_binary_checks", "mean_alignment": 0.25, "by_agent": [{"agent": "agent_1", "score": 0.25, "checks": {"favorite_is_c": 0, "c_reliability": 0, "c_calmness": 0, "c_attention": 0, "c_crew_fit": 0, "a_risks": 1, "b_risks": 1, "d_risks": 0}}, {"agent": "agent_2", "score": 0.25, "checks": {"favorite_is_c": 0, "c_reliability": 0, "c_calmness": 0, "c_attention": 0, "c_crew_fit": 0, "a_risks": 1, "b_risks": 1, "d_risks": 0}}, {"agent": "agent_3", "score": 0.25, "checks": {"favorite_is_c": 0, "c_reliability": 0, "c_calmness": 0, "c_attention": 0, "c_crew_fit": 0, "a_risks": 1, "b_risks": 1, "d_risks": 0}}]}
{"id": 69, "ts": 1778274454.3896782, "event": "agent_memories_archived", "directory": "/home/lhegemann/git/bachelor_thesis/01_data/raw/simulations/moderate/moderate_treatment_20260508_195017_014/shared_mental_models", "round": 5}
{"id": 70, "ts": 1778274454.3897371, "event": "final_decision", "candidate": "Candidate B", "method": "max_round_majority_vote", "vote_count": {"Candidate A": 1, "Candidate B": 2}, "correct_candidate": "Candidate C", "decision_correct": 0, "round": 5}
2026-05-08 23:07:34,400 - INFO - ======================================================================
2026-05-08 23:07:34,400 - INFO - SIMULATION METRICS
2026-05-08 23:07:34,400 - INFO - ======================================================================
2026-05-08 23:07:34,400 - INFO - Total Loops: 5
2026-05-08 23:07:34,400 - INFO - Agent Turns (no vote checker): 15
2026-05-08 23:07:34,400 - INFO - Agent Tool Calls: 0
2026-05-08 23:07:34,401 - INFO - Agent Tool Messages: 0
2026-05-08 23:07:34,401 - INFO - Memory Updates: 45
2026-05-08 23:07:34,401 - INFO - Total Messages (no vote checker): 15
2026-05-08 23:07:34,401 - INFO - Input Tokens: 163039
2026-05-08 23:07:34,401 - INFO - Output Tokens: 59513
2026-05-08 23:07:34,401 - INFO - Total Tokens: 222552
2026-05-08 23:07:34,401 - INFO - Final Chosen Candidate: Candidate B
2026-05-08 23:07:34,401 - INFO - Final Decision Method: max_round_majority_vote
2026-05-08 23:07:34,401 - INFO - Final Vote Count: {'Candidate A': 1, 'Candidate B': 2}
2026-05-08 23:07:34,401 - INFO - Correct Candidate: Candidate C
2026-05-08 23:07:34,401 - INFO - Decision Correct: 0
2026-05-08 23:07:34,401 - INFO - Runtime: 208.33s
2026-05-08 23:07:34,401 - INFO - ======================================================================
