2026-05-07 21:53:36,921 - INFO - Metrics tracker initialized
{"id": 1, "ts": 1778183616.95122, "event": "memory_reset"}
{"id": 2, "ts": 1778183616.955652, "event": "discussion_order", "round": 1, "order": ["agent_2", "agent_1", "agent_3"]}
2026-05-07 21:53:44,461 - INFO - Tokens - Input: 1422, Output: 723, Total: 2145
{"id": 3, "ts": 1778183624.4626563, "event": "public_discussion_message", "round": 1, "agent": "agent_2", "message": "I tentatively favor **Candidate\u202fB** because they are very conscientious (supporting reliability) and handle stress well (crucial for long\u2011distance flights). These traits directly aid safe, consistent operation under demanding conditions. However, Candidate\u202fB also makes nasty remarks about colleagues, raising concerns about crew cooperation and morale.\nMETADATA_JSON:\n{\"agent\": \"agent_2\", \"vote\": \"Candidate B\"}"}
2026-05-07 21:53:44,462 - INFO - Agent turns: 1
2026-05-07 21:53:51,543 - INFO - Tokens - Input: 1586, Output: 968, Total: 2554
{"id": 4, "ts": 1778183631.544804, "event": "public_discussion_message", "round": 1, "agent": "agent_1", "message": "I tentatively favor **Candidate\u202fC** because they are known to be 100\u202f% reliable and they create a positive atmosphere with the crew, both of which are essential for safe, consistent long\u2011distance operations. Reliability ensures adherence to procedures, while a positive crew atmosphere supports the cooperation needed in the cockpit.\nA remaining concern is that Candidate\u202fC has difficulty communicating ideas and is regarded as egocentric, which could hinder effective teamwork during complex situations.\nMETADATA_JSON:\n{\"agent\": \"agent_1\", \"vote\": \"Candidate C\"}"}
2026-05-07 21:53:51,544 - INFO - Agent turns: 2
2026-05-07 21:53:59,367 - INFO - Tokens - Input: 1729, Output: 1017, Total: 2746
{"id": 5, "ts": 1778183639.3690495, "event": "public_discussion_message", "round": 1, "agent": "agent_3", "message": "I tentatively favor **Candidate\u202fD** because they take responsibility seriously and solve problems extremely well, which supports both reliability and technical competence, and they respond adequately to unexpected events, indicating calmness under pressure. The main trade\u2011off is that Candidate\u202fD is considered moody and a loner, which could hinder crew cooperation and morale.\nMETADATA_JSON:\n{\"agent\": \"agent_3\", \"vote\": \"Candidate D\"}"}
2026-05-07 21:53:59,369 - INFO - Agent turns: 3
2026-05-07 21:53:59,378 - INFO - Loop 1 completed
{"id": 6, "ts": 1778183639.3844044, "event": "discussion_order", "round": 2, "order": ["agent_3", "agent_1", "agent_2"]}
2026-05-07 21:54:09,538 - INFO - Tokens - Input: 1744, Output: 792, Total: 2536
{"id": 7, "ts": 1778183649.5392866, "event": "public_discussion_message", "round": 2, "agent": "agent_3", "message": "I currently favor **Candidate\u202fB** because they are very conscientious (supporting reliability) and handle stress well (crucial for calmness under pressure), plus they have strong technical abilities in weather assessment and computer skills. These traits are essential for safe, consistent long\u2011distance operations. The main trade\u2011off is their pretentious demeanor and occasional wrong tone, which could hinder crew cooperation.\nMETADATA_JSON:\n{\"agent\": \"agent_3\", \"vote\": \"Candidate B\"}"}
2026-05-07 21:54:09,539 - INFO - Agent turns: 4
2026-05-07 21:54:15,902 - INFO - Tokens - Input: 1924, Output: 799, Total: 2723
{"id": 8, "ts": 1778183655.903357, "event": "public_discussion_message", "round": 2, "agent": "agent_1", "message": "I currently favor **Candidate\u202fC** because they are known to be 100\u202f% reliable and they create a positive atmosphere with the crew, both of which are crucial for safe, consistent long\u2011distance operations and effective teamwork. Additionally, they can make correct decisions quickly, supporting the rapid judgment needed in complex flight situations. The main trade\u2011off is their difficulty communicating ideas and egocentric attitude, which could hinder cooperation in the cockpit.\nMETADATA_JSON:\n{\"agent\": \"agent_1\", \"vote\": \"Candidate C\"}"}
2026-05-07 21:54:15,903 - INFO - Agent turns: 5
2026-05-07 21:54:23,984 - INFO - Tokens - Input: 2054, Output: 1006, Total: 3060
{"id": 9, "ts": 1778183663.9862602, "event": "public_discussion_message", "round": 2, "agent": "agent_2", "message": "I currently favor **Candidate\u202fB** because they are very conscientious (supporting reliability) and handle stress well (crucial for calmness under pressure), and they also have strong technical abilities in weather assessment and computer use, which are important for long\u2011distance flight operations. The main trade\u2011off is their tendency to make nasty remarks about colleagues, raising concerns about crew cooperation and morale.\nMETADATA_JSON:\n{\"agent\": \"agent_2\", \"vote\": \"Candidate B\"}"}
2026-05-07 21:54:23,986 - INFO - Agent turns: 6
2026-05-07 21:54:23,996 - INFO - Loop 2 completed
{"id": 10, "ts": 1778183664.001815, "event": "discussion_order", "round": 3, "order": ["agent_3", "agent_2", "agent_1"]}
2026-05-07 21:54:30,949 - INFO - Tokens - Input: 2068, Output: 841, Total: 2909
{"id": 11, "ts": 1778183670.9506435, "event": "public_discussion_message", "round": 3, "agent": "agent_3", "message": "I currently favor **Candidate\u202fC** because they are regarded as 100\u202f% reliable and they put concern for others above everything, which supports both dependable performance and a positive crew atmosphere\u2014key for long\u2011distance operations. The main trade\u2011off is their difficulty communicating ideas and egocentric attitude, which could impede effective teamwork in the cockpit.\nMETADATA_JSON:\n{\"agent\": \"agent_3\", \"vote\": \"Candidate C\"}"}
2026-05-07 21:54:30,950 - INFO - Agent turns: 7
2026-05-07 21:54:38,830 - INFO - Tokens - Input: 2240, Output: 1032, Total: 3272
{"id": 12, "ts": 1778183678.8313932, "event": "public_discussion_message", "round": 3, "agent": "agent_2", "message": "I continue to favor **Candidate\u202fB** because they are very conscientious (supporting reliability) and handle stress well (ensuring calmness under the long\u2011duration pressures of intercontinental flights). Their strong technical abilities in weather assessment and computer use also directly aid navigation and flight\u2011deck decision\u2011making. The main trade\u2011off is their tendency to make nasty remarks about colleagues, which raises concerns about crew cooperation and morale.\nMETADATA_JSON:\n{\"agent\": \"agent_2\", \"vote\": \"Candidate B\"}"}
2026-05-07 21:54:38,831 - INFO - Agent turns: 8
2026-05-07 21:54:44,731 - INFO - Tokens - Input: 2365, Output: 765, Total: 3130
{"id": 13, "ts": 1778183684.7331164, "event": "public_discussion_message", "round": 3, "agent": "agent_1", "message": "I currently favor **Candidate\u202fC** because they are known to be 100\u202f% reliable and they create a positive atmosphere with the crew, both of which are essential for safe, consistent long\u2011distance operations and effective teamwork. Their ability to make correct decisions quickly also supports the rapid judgment needed in complex flight situations. The main trade\u2011off is their difficulty communicating ideas and egocentric attitude, which could impede smooth cooperation in the cockpit.\nMETADATA_JSON:\n{\"agent\": \"agent_1\", \"vote\": \"Candidate C\"}"}
2026-05-07 21:54:44,733 - INFO - Agent turns: 9
2026-05-07 21:54:44,742 - INFO - Loop 3 completed
{"id": 14, "ts": 1778183684.7494369, "event": "discussion_order", "round": 4, "order": ["agent_2", "agent_3", "agent_1"]}
2026-05-07 21:54:50,739 - INFO - Tokens - Input: 2404, Output: 749, Total: 3153
{"id": 15, "ts": 1778183690.7409532, "event": "public_discussion_message", "round": 4, "agent": "agent_2", "message": "I now favor **Candidate\u202fD** because they take responsibility seriously and solve problems extremely well, which supports reliability and technical competence, and they respond adequately to unexpected events, indicating calmness under pressure\u2014key for long\u2011distance flights. The main trade\u2011off is their hot temper and know\u2011it\u2011all attitude, which could undermine crew cooperation and morale.\nMETADATA_JSON:\n{\"agent\": \"agent_2\", \"vote\": \"Candidate D\"}"}
2026-05-07 21:54:50,741 - INFO - Agent turns: 10
2026-05-07 21:54:57,697 - INFO - Tokens - Input: 2564, Output: 903, Total: 3467
{"id": 16, "ts": 1778183697.6984317, "event": "public_discussion_message", "round": 4, "agent": "agent_3", "message": "I currently favor **Candidate\u202fC** because they are regarded as 100\u202f% reliable and they put concern for others above everything, which supports dependable performance and a positive crew atmosphere\u2014both essential for long\u2011distance flights. The main trade\u2011off is their difficulty communicating ideas and egocentric attitude, which could impede smooth teamwork in the cockpit.\nMETADATA_JSON:\n{\"agent\": \"agent_3\", \"vote\": \"Candidate C\"}"}
2026-05-07 21:54:57,698 - INFO - Agent turns: 11
2026-05-07 21:55:05,270 - INFO - Tokens - Input: 2665, Output: 758, Total: 3423
{"id": 17, "ts": 1778183705.2721322, "event": "public_discussion_message", "round": 4, "agent": "agent_1", "message": "I continue to favor **Candidate\u202fC** because they are known to be 100\u202f% reliable and they create a positive atmosphere with the crew, both of which are essential for safe, consistent long\u2011distance operations and effective teamwork. Their ability to make correct decisions quickly also supports the rapid judgment needed in complex flight situations. The main trade\u2011off is their difficulty communicating ideas and egocentric attitude, which could impede smooth cooperation in the cockpit.\nMETADATA_JSON:\n{\"agent\": \"agent_1\", \"vote\": \"Candidate C\"}"}
2026-05-07 21:55:05,272 - INFO - Agent turns: 12
2026-05-07 21:55:05,281 - INFO - Loop 4 completed
{"id": 18, "ts": 1778183705.2879558, "event": "discussion_order", "round": 5, "order": ["agent_2", "agent_1", "agent_3"]}
2026-05-07 21:55:22,133 - INFO - Tokens - Input: 2720, Output: 960, Total: 3680
{"id": 19, "ts": 1778183722.1347013, "event": "public_discussion_message", "round": 5, "agent": "agent_2", "message": "I currently favor **Candidate\u202fB** because their strong conscientiousness supports reliability and their ability to handle stress ensures calmness on long\u2011distance flights. Additionally, their skill in assessing weather and using computer systems provides essential technical competence for intercontinental operations. The main trade\u2011off is their tendency to make nasty remarks about colleagues, which raises concerns about crew cooperation and morale.\nMETADATA_JSON:\n{\"agent\": \"agent_2\", \"vote\": \"Candidate B\"}"}
2026-05-07 21:55:22,134 - INFO - Agent turns: 13
2026-05-07 21:55:28,076 - INFO - Tokens - Input: 2889, Output: 744, Total: 3633
{"id": 20, "ts": 1778183728.0775797, "event": "public_discussion_message", "round": 5, "agent": "agent_1", "message": "I continue to favor **Candidate\u202fC** because they are known to be 100\u202f% reliable and they create a positive atmosphere with the crew, both essential for safe, consistent long\u2011distance operations and effective teamwork. Their ability to make correct decisions quickly also supports rapid judgment in complex flight situations.\nThe main trade\u2011off is their difficulty communicating ideas and egocentric attitude, which could impede smooth cooperation in the cockpit.\nMETADATA_JSON:\n{\"agent\": \"agent_1\", \"vote\": \"Candidate C\"}"}
2026-05-07 21:55:28,077 - INFO - Agent turns: 14
2026-05-07 21:55:36,856 - INFO - Tokens - Input: 3009, Output: 1187, Total: 4196
{"id": 21, "ts": 1778183736.8580077, "event": "public_discussion_message", "round": 5, "agent": "agent_3", "message": "I currently favor **Candidate\u202fD** because they take responsibility seriously and solve problems extremely well, supporting both reliability and technical competence, and they respond adequately to unexpected events, indicating calmness under pressure\u2014key for long\u2011distance flights.\nThe main trade\u2011off is that they are considered moody and a loner, which could hinder crew cooperation and morale.\nMETADATA_JSON:\n{\"agent\": \"agent_3\", \"vote\": \"Candidate D\"}"}
2026-05-07 21:55:36,858 - INFO - Agent turns: 15
2026-05-07 21:55:36,867 - INFO - Loop 5 completed
2026-05-07 21:55:36,868 - INFO - Final Chosen Candidate: None
2026-05-07 21:55:36,868 - INFO - Final Decision Method: max_round_no_majority
2026-05-07 21:55:36,868 - INFO - Final Vote Count: {'Candidate C': 1, 'Candidate B': 1, 'Candidate D': 1}
2026-05-07 21:55:36,868 - INFO - Correct Candidate: Candidate C
2026-05-07 21:55:36,868 - INFO - Decision Correct: 0
{"id": 22, "ts": 1778183736.8697047, "event": "context_consistency_not_applicable", "reason": "explicit_smm_memory_disabled"}
{"id": 23, "ts": 1778183736.8698392, "event": "final_decision", "candidate": null, "method": "max_round_no_majority", "vote_count": {"Candidate C": 1, "Candidate B": 1, "Candidate D": 1}, "correct_candidate": "Candidate C", "decision_correct": 0, "round": 5}
2026-05-07 21:55:36,877 - INFO - ======================================================================
2026-05-07 21:55:36,877 - INFO - SIMULATION METRICS
2026-05-07 21:55:36,878 - INFO - ======================================================================
2026-05-07 21:55:36,878 - INFO - Total Loops: 5
2026-05-07 21:55:36,878 - INFO - Agent Turns (no vote checker): 15
2026-05-07 21:55:36,878 - INFO - Agent Tool Calls: 0
2026-05-07 21:55:36,878 - INFO - Agent Tool Messages: 0
2026-05-07 21:55:36,878 - INFO - Memory Updates: 0
2026-05-07 21:55:36,878 - INFO - Total Messages (no vote checker): 15
2026-05-07 21:55:36,878 - INFO - Input Tokens: 33383
2026-05-07 21:55:36,878 - INFO - Output Tokens: 13244
2026-05-07 21:55:36,878 - INFO - Total Tokens: 46627
2026-05-07 21:55:36,878 - INFO - Final Chosen Candidate: None
2026-05-07 21:55:36,878 - INFO - Final Decision Method: max_round_no_majority
2026-05-07 21:55:36,878 - INFO - Final Vote Count: {'Candidate C': 1, 'Candidate B': 1, 'Candidate D': 1}
2026-05-07 21:55:36,878 - INFO - Correct Candidate: Candidate C
2026-05-07 21:55:36,879 - INFO - Decision Correct: 0
2026-05-07 21:55:36,879 - INFO - Runtime: 119.96s
2026-05-07 21:55:36,879 - INFO - ======================================================================
