2026-05-08 21:01:12,903 - INFO - Metrics tracker initialized
{"id": 1, "ts": 1778266872.9301708, "event": "memory_reset"}
{"id": 2, "ts": 1778266872.9372368, "event": "discussion_order", "round": 1, "order": ["agent_2", "agent_3", "agent_1"]}
2026-05-08 21:01:25,002 - INFO - Tokens - Input: 1689, Output: 753, Total: 2442
{"id": 3, "ts": 1778266885.003928, "event": "public_discussion_message", "round": 1, "agent": "agent_2", "message": "Candidate A \u2013 excellent spatial vision.\nMETADATA_JSON:\n{\"agent\": \"agent_2\", \"vote\": \"Candidate A\"}"}
2026-05-08 21:01:25,004 - INFO - Agent turns: 1
2026-05-08 21:01:35,551 - INFO - Tokens - Input: 1185, Output: 941, Total: 2126
2026-05-08 21:01:35,553 - INFO - Memory updates: 1
{"id": 4, "ts": 1778266895.5539236, "event": "memory_updated", "agent": "agent_1", "round": 1}
2026-05-08 21:01:35,566 - INFO - Tokens - Input: 1180, Output: 962, Total: 2142
2026-05-08 21:01:35,567 - INFO - Memory updates: 2
{"id": 5, "ts": 1778266895.5680394, "event": "memory_updated", "agent": "agent_3", "round": 1}
2026-05-08 21:01:38,512 - INFO - Tokens - Input: 1188, Output: 1392, Total: 2580
2026-05-08 21:01:38,513 - INFO - Memory updates: 3
{"id": 6, "ts": 1778266898.5139723, "event": "memory_updated", "agent": "agent_2", "round": 1}
2026-05-08 21:01:42,339 - INFO - Tokens - Input: 2003, Output: 486, Total: 2489
{"id": 7, "ts": 1778266902.340949, "event": "public_discussion_message", "round": 1, "agent": "agent_3", "message": "Candidate B \u2013 handles stress well.\nMETADATA_JSON:\n{\"agent\": \"agent_3\", \"vote\": \"Candidate B\"}"}
2026-05-08 21:01:42,341 - INFO - Agent turns: 2
2026-05-08 21:01:49,017 - INFO - Tokens - Input: 1507, Output: 880, Total: 2387
2026-05-08 21:01:49,019 - INFO - Memory updates: 4
{"id": 8, "ts": 1778266909.0191765, "event": "memory_updated", "agent": "agent_3", "round": 1}
2026-05-08 21:01:49,764 - INFO - Tokens - Input: 1748, Output: 1021, Total: 2769
2026-05-08 21:01:49,766 - INFO - Memory updates: 5
{"id": 9, "ts": 1778266909.7665684, "event": "memory_updated", "agent": "agent_2", "round": 1}
2026-05-08 21:01:51,353 - INFO - Tokens - Input: 1487, Output: 1184, Total: 2671
2026-05-08 21:01:51,355 - INFO - Memory updates: 6
{"id": 10, "ts": 1778266911.3552597, "event": "memory_updated", "agent": "agent_1", "round": 1}
2026-05-08 21:01:55,292 - INFO - Tokens - Input: 2212, Output: 471, Total: 2683
{"id": 11, "ts": 1778266915.293654, "event": "public_discussion_message", "round": 1, "agent": "agent_1", "message": "Candidate A \u2013 excellent spatial vision.\nMETADATA_JSON:\n{\"agent\": \"agent_1\", \"vote\": \"Candidate A\"}"}
2026-05-08 21:01:55,293 - INFO - Agent turns: 3
2026-05-08 21:02:02,191 - INFO - Tokens - Input: 1609, Output: 879, Total: 2488
2026-05-08 21:02:02,194 - INFO - Memory updates: 7
{"id": 12, "ts": 1778266922.1946106, "event": "memory_updated", "agent": "agent_3", "round": 1}
2026-05-08 21:02:02,861 - INFO - Tokens - Input: 1716, Output: 1016, Total: 2732
2026-05-08 21:02:02,863 - INFO - Memory updates: 8
{"id": 13, "ts": 1778266922.863583, "event": "memory_updated", "agent": "agent_1", "round": 1}
2026-05-08 21:02:03,567 - INFO - Tokens - Input: 1774, Output: 1090, Total: 2864
2026-05-08 21:02:03,569 - INFO - Memory updates: 9
{"id": 14, "ts": 1778266923.5693123, "event": "memory_updated", "agent": "agent_2", "round": 1}
2026-05-08 21:02:03,578 - INFO - Loop 1 completed
{"id": 15, "ts": 1778266923.5843627, "event": "discussion_order", "round": 2, "order": ["agent_3", "agent_2", "agent_1"]}
2026-05-08 21:02:06,748 - INFO - Tokens - Input: 2138, Output: 317, Total: 2455
{"id": 16, "ts": 1778266926.7497072, "event": "public_discussion_message", "round": 2, "agent": "agent_3", "message": "Candidate A \u2013 anticipates dangerous situations.\nMETADATA_JSON:\n{\"agent\": \"agent_3\", \"vote\": \"Candidate A\"}"}
2026-05-08 21:02:06,749 - INFO - Agent turns: 4
2026-05-08 21:02:19,403 - INFO - Tokens - Input: 1854, Output: 1143, Total: 2997
2026-05-08 21:02:19,404 - INFO - Memory updates: 10
{"id": 17, "ts": 1778266939.405064, "event": "memory_updated", "agent": "agent_2", "round": 2}
2026-05-08 21:02:19,586 - INFO - Tokens - Input: 1769, Output: 1092, Total: 2861
2026-05-08 21:02:19,588 - INFO - Memory updates: 11
{"id": 18, "ts": 1778266939.5884352, "event": "memory_updated", "agent": "agent_1", "round": 2}
2026-05-08 21:02:20,147 - INFO - Tokens - Input: 1626, Output: 1121, Total: 2747
2026-05-08 21:02:20,149 - INFO - Memory updates: 12
{"id": 19, "ts": 1778266940.1495948, "event": "memory_updated", "agent": "agent_3", "round": 2}
2026-05-08 21:02:25,843 - INFO - Tokens - Input: 2275, Output: 119, Total: 2394
{"id": 20, "ts": 1778266945.8453333, "event": "public_discussion_message", "round": 2, "agent": "agent_2", "message": "Candidate A \u2013 excellent spatial vision\nMETADATA_JSON:\n{\"agent\": \"agent_2\", \"vote\": \"Candidate A\"}"}
2026-05-08 21:02:25,845 - INFO - Agent turns: 5
2026-05-08 21:02:37,407 - INFO - Tokens - Input: 1664, Output: 866, Total: 2530
2026-05-08 21:02:37,408 - INFO - Memory updates: 13
{"id": 21, "ts": 1778266957.4088593, "event": "memory_updated", "agent": "agent_3", "round": 2}
2026-05-08 21:02:37,945 - INFO - Tokens - Input: 1779, Output: 924, Total: 2703
2026-05-08 21:02:37,947 - INFO - Memory updates: 14
{"id": 22, "ts": 1778266957.947317, "event": "memory_updated", "agent": "agent_2", "round": 2}
2026-05-08 21:02:38,783 - INFO - Tokens - Input: 1815, Output: 1077, Total: 2892
2026-05-08 21:02:38,785 - INFO - Memory updates: 15
{"id": 23, "ts": 1778266958.7856083, "event": "memory_updated", "agent": "agent_1", "round": 2}
2026-05-08 21:02:39,996 - INFO - Tokens - Input: 2345, Output: 125, Total: 2470
{"id": 24, "ts": 1778266959.9981663, "event": "public_discussion_message", "round": 2, "agent": "agent_1", "message": "Candidate A \u2013 excellent spatial vision\nMETADATA_JSON:\n{\"agent\": \"agent_1\", \"vote\": \"Candidate A\"}"}
2026-05-08 21:02:39,998 - INFO - Agent turns: 6
2026-05-08 21:02:46,923 - INFO - Tokens - Input: 1774, Output: 954, Total: 2728
2026-05-08 21:02:46,925 - INFO - Memory updates: 16
{"id": 25, "ts": 1778266966.9258175, "event": "memory_updated", "agent": "agent_2", "round": 2}
2026-05-08 21:02:47,446 - INFO - Tokens - Input: 1849, Output: 951, Total: 2800
2026-05-08 21:02:47,448 - INFO - Memory updates: 17
{"id": 26, "ts": 1778266967.4486802, "event": "memory_updated", "agent": "agent_1", "round": 2}
2026-05-08 21:02:47,635 - INFO - Tokens - Input: 1709, Output: 912, Total: 2621
2026-05-08 21:02:47,636 - INFO - Memory updates: 18
{"id": 27, "ts": 1778266967.6366003, "event": "memory_updated", "agent": "agent_3", "round": 2}
2026-05-08 21:02:47,645 - INFO - Loop 2 completed
2026-05-08 21:02:47,645 - INFO - Final Chosen Candidate: Candidate A
2026-05-08 21:02:47,645 - INFO - Final Decision Method: consensus
2026-05-08 21:02:47,645 - INFO - Final Vote Count: {'Candidate A': 3}
2026-05-08 21:02:47,645 - INFO - Correct Candidate: Candidate C
2026-05-08 21:02:47,645 - INFO - Decision Correct: 0
{"id": 28, "ts": 1778266968.0585093, "event": "context_consistency_calculated", "method": "embedding_cosine", "mean_pairwise_similarity": 0.933111, "pairwise": [{"agent_a": "agent_1", "agent_b": "agent_2", "similarity": 0.934036}, {"agent_a": "agent_1", "agent_b": "agent_3", "similarity": 0.943501}, {"agent_a": "agent_2", "agent_b": "agent_3", "similarity": 0.921797}]}
{"id": 29, "ts": 1778266968.058675, "event": "gold_standard_alignment_calculated", "method": "rule_based_binary_checks", "mean_alignment": 0.458333, "by_agent": [{"agent": "agent_1", "score": 0.75, "checks": {"favorite_is_c": 0, "c_reliability": 1, "c_calmness": 1, "c_attention": 0, "c_crew_fit": 1, "a_risks": 1, "b_risks": 1, "d_risks": 1}}, {"agent": "agent_2", "score": 0.625, "checks": {"favorite_is_c": 0, "c_reliability": 0, "c_calmness": 1, "c_attention": 0, "c_crew_fit": 1, "a_risks": 1, "b_risks": 1, "d_risks": 1}}, {"agent": "agent_3", "score": 0.0, "checks": {"favorite_is_c": 0, "c_reliability": 0, "c_calmness": 0, "c_attention": 0, "c_crew_fit": 0, "a_risks": 0, "b_risks": 0, "d_risks": 0}}]}
{"id": 30, "ts": 1778266968.0588162, "event": "agent_memories_archived", "directory": "/home/lhegemann/git/bachelor_thesis/01_data/raw/simulations/low/low_treatment_20260508_195017_005/shared_mental_models", "round": 2}
{"id": 31, "ts": 1778266968.0589354, "event": "final_decision", "candidate": "Candidate A", "method": "consensus", "vote_count": {"Candidate A": 3}, "correct_candidate": "Candidate C", "decision_correct": 0, "round": 2}
2026-05-08 21:02:48,069 - INFO - ======================================================================
2026-05-08 21:02:48,069 - INFO - SIMULATION METRICS
2026-05-08 21:02:48,069 - INFO - ======================================================================
2026-05-08 21:02:48,069 - INFO - Total Loops: 2
2026-05-08 21:02:48,069 - INFO - Agent Turns (no vote checker): 6
2026-05-08 21:02:48,069 - INFO - Agent Tool Calls: 0
2026-05-08 21:02:48,070 - INFO - Agent Tool Messages: 0
2026-05-08 21:02:48,070 - INFO - Memory Updates: 18
2026-05-08 21:02:48,070 - INFO - Total Messages (no vote checker): 6
2026-05-08 21:02:48,070 - INFO - Input Tokens: 41895
2026-05-08 21:02:48,070 - INFO - Output Tokens: 20676
2026-05-08 21:02:48,070 - INFO - Total Tokens: 62571
2026-05-08 21:02:48,070 - INFO - Final Chosen Candidate: Candidate A
2026-05-08 21:02:48,070 - INFO - Final Decision Method: consensus
2026-05-08 21:02:48,070 - INFO - Final Vote Count: {'Candidate A': 3}
2026-05-08 21:02:48,070 - INFO - Correct Candidate: Candidate C
2026-05-08 21:02:48,070 - INFO - Decision Correct: 0
2026-05-08 21:02:48,070 - INFO - Runtime: 95.17s
2026-05-08 21:02:48,070 - INFO - ======================================================================
