2026-05-17 23:33:34,934 - INFO - Metrics tracker initialized
{"id": 1, "ts": 1779053614.9630432, "event": "memory_reset"}
{"id": 2, "ts": 1779053614.9667602, "event": "discussion_order", "round": 1, "order": ["agent_1", "agent_2", "agent_3"]}
2026-05-17 23:33:41,728 - INFO - Tokens - Input: 1734, Output: 660, Total: 2394
{"id": 3, "ts": 1779053621.730235, "event": "public_discussion_message", "round": 1, "agent": "agent_1", "message": "I favor Candidate C \u2013 known to be 100% reliable.\nMETADATA_JSON:\n{\"agent\": \"agent_1\", \"vote\": \"Candidate C\"}"}
2026-05-17 23:33:41,730 - INFO - Agent turns: 1
2026-05-17 23:33:50,496 - INFO - Tokens - Input: 1478, Output: 651, Total: 2129
2026-05-17 23:33:50,499 - INFO - Memory updates: 1
{"id": 4, "ts": 1779053630.4991426, "event": "memory_updated", "agent": "agent_1", "round": 1}
2026-05-17 23:33:52,001 - INFO - Tokens - Input: 1481, Output: 814, Total: 2295
2026-05-17 23:33:52,003 - INFO - Memory updates: 2
{"id": 5, "ts": 1779053632.0034704, "event": "memory_updated", "agent": "agent_2", "round": 1}
2026-05-17 23:33:52,082 - INFO - Tokens - Input: 1473, Output: 824, Total: 2297
2026-05-17 23:33:52,083 - INFO - Memory updates: 3
{"id": 6, "ts": 1779053632.0838559, "event": "memory_updated", "agent": "agent_3", "round": 1}
2026-05-17 23:33:56,470 - INFO - Tokens - Input: 1736, Output: 528, Total: 2264
{"id": 7, "ts": 1779053636.4721453, "event": "public_discussion_message", "round": 1, "agent": "agent_2", "message": "I prefer Candidate C \u2013 keeps calm in a crisis.\nMETADATA_JSON:\n{\"agent\": \"agent_2\", \"vote\": \"Candidate C\"}"}
2026-05-17 23:33:56,472 - INFO - Agent turns: 2
2026-05-17 23:34:02,509 - INFO - Tokens - Input: 1451, Output: 430, Total: 1881
2026-05-17 23:34:02,511 - INFO - Memory updates: 4
{"id": 8, "ts": 1779053642.5119557, "event": "memory_updated", "agent": "agent_3", "round": 1}
2026-05-17 23:34:10,137 - INFO - Tokens - Input: 1517, Output: 1248, Total: 2765
2026-05-17 23:34:10,140 - INFO - Memory updates: 5
{"id": 9, "ts": 1779053650.1402404, "event": "memory_updated", "agent": "agent_1", "round": 1}
2026-05-17 23:34:15,603 - INFO - Tokens - Input: 1484, Output: 1933, Total: 3417
2026-05-17 23:34:15,606 - INFO - Memory updates: 6
{"id": 10, "ts": 1779053655.6065214, "event": "memory_updated", "agent": "agent_2", "round": 1}
2026-05-17 23:34:19,307 - INFO - Tokens - Input: 1761, Output: 429, Total: 2190
{"id": 11, "ts": 1779053659.3093944, "event": "public_discussion_message", "round": 1, "agent": "agent_3", "message": "I favor Candidate C \u2013 known to be 100% reliable.\nMETADATA_JSON:\n{\"agent\": \"agent_3\", \"vote\": \"Candidate C\"}"}
2026-05-17 23:34:19,309 - INFO - Agent turns: 3
2026-05-17 23:34:25,752 - INFO - Tokens - Input: 1622, Output: 433, Total: 2055
2026-05-17 23:34:25,755 - INFO - Memory updates: 7
{"id": 12, "ts": 1779053665.7558506, "event": "memory_updated", "agent": "agent_1", "round": 1}
2026-05-17 23:34:31,433 - INFO - Tokens - Input: 1511, Output: 1032, Total: 2543
2026-05-17 23:34:31,435 - INFO - Memory updates: 8
{"id": 13, "ts": 1779053671.4357321, "event": "memory_updated", "agent": "agent_3", "round": 1}
2026-05-17 23:34:35,266 - INFO - Tokens - Input: 2164, Output: 1518, Total: 3682
2026-05-17 23:34:35,269 - INFO - Memory updates: 9
{"id": 14, "ts": 1779053675.26962, "event": "memory_updated", "agent": "agent_2", "round": 1}
2026-05-17 23:34:35,278 - INFO - Loop 1 completed
{"id": 15, "ts": 1779053675.285009, "event": "discussion_order", "round": 2, "order": ["agent_3", "agent_2", "agent_1"]}
2026-05-17 23:34:40,534 - INFO - Tokens - Input: 1829, Output: 634, Total: 2463
{"id": 16, "ts": 1779053680.53534, "event": "public_discussion_message", "round": 2, "agent": "agent_3", "message": "I prefer Candidate C \u2013 known to be 100% reliable.\nMETADATA_JSON:\n{\"agent\": \"agent_3\", \"vote\": \"Candidate C\"}"}
2026-05-17 23:34:40,535 - INFO - Agent turns: 4
2026-05-17 23:34:45,144 - INFO - Tokens - Input: 2230, Output: 305, Total: 2535
2026-05-17 23:34:45,147 - INFO - Memory updates: 10
{"id": 17, "ts": 1779053685.1476083, "event": "memory_updated", "agent": "agent_2", "round": 2}
2026-05-17 23:34:45,213 - INFO - Tokens - Input: 1683, Output: 313, Total: 1996
2026-05-17 23:34:45,215 - INFO - Memory updates: 11
{"id": 18, "ts": 1779053685.2156594, "event": "memory_updated", "agent": "agent_1", "round": 2}
2026-05-17 23:34:47,135 - INFO - Tokens - Input: 1579, Output: 562, Total: 2141
2026-05-17 23:34:47,137 - INFO - Memory updates: 12
{"id": 19, "ts": 1779053687.1376479, "event": "memory_updated", "agent": "agent_3", "round": 2}
2026-05-17 23:34:49,352 - INFO - Tokens - Input: 2517, Output: 222, Total: 2739
{"id": 20, "ts": 1779053689.3540182, "event": "public_discussion_message", "round": 2, "agent": "agent_2", "message": "I prefer Candidate C \u2013 keeps calm in crisis.\nMETADATA_JSON:\n{\"agent\": \"agent_2\", \"vote\": \"Candidate C\"}"}
2026-05-17 23:34:49,354 - INFO - Agent turns: 5
2026-05-17 23:34:53,215 - INFO - Tokens - Input: 2264, Output: 250, Total: 2514
2026-05-17 23:34:53,218 - INFO - Memory updates: 13
{"id": 21, "ts": 1779053693.2186036, "event": "memory_updated", "agent": "agent_2", "round": 2}
2026-05-17 23:34:53,757 - INFO - Tokens - Input: 1721, Output: 309, Total: 2030
2026-05-17 23:34:53,759 - INFO - Memory updates: 14
{"id": 22, "ts": 1779053693.760049, "event": "memory_updated", "agent": "agent_1", "round": 2}
2026-05-17 23:35:00,252 - INFO - Tokens - Input: 1617, Output: 1158, Total: 2775
2026-05-17 23:35:00,254 - INFO - Memory updates: 15
{"id": 23, "ts": 1779053700.2546682, "event": "memory_updated", "agent": "agent_3", "round": 2}
2026-05-17 23:35:01,845 - INFO - Tokens - Input: 2012, Output: 167, Total: 2179
{"id": 24, "ts": 1779053701.8472378, "event": "public_discussion_message", "round": 2, "agent": "agent_1", "message": "I prefer Candidate C \u2013 100% reliable.\nMETADATA_JSON:\n{\"agent\": \"agent_1\", \"vote\": \"Candidate C\"}"}
2026-05-17 23:35:01,847 - INFO - Agent turns: 6
2026-05-17 23:35:05,445 - INFO - Tokens - Input: 1759, Output: 227, Total: 1986
2026-05-17 23:35:05,447 - INFO - Memory updates: 16
{"id": 25, "ts": 1779053705.4478197, "event": "memory_updated", "agent": "agent_1", "round": 2}
2026-05-17 23:35:05,592 - INFO - Tokens - Input: 2302, Output: 241, Total: 2543
2026-05-17 23:35:05,595 - INFO - Memory updates: 17
{"id": 26, "ts": 1779053705.595971, "event": "memory_updated", "agent": "agent_2", "round": 2}
2026-05-17 23:35:06,292 - INFO - Tokens - Input: 1705, Output: 333, Total: 2038
2026-05-17 23:35:06,294 - INFO - Memory updates: 18
{"id": 27, "ts": 1779053706.295087, "event": "memory_updated", "agent": "agent_3", "round": 2}
2026-05-17 23:35:06,303 - INFO - Loop 2 completed
2026-05-17 23:35:06,304 - INFO - Final Chosen Candidate: Candidate C
2026-05-17 23:35:06,304 - INFO - Final Decision Method: consensus
2026-05-17 23:35:06,304 - INFO - Final Vote Count: {'Candidate C': 3}
2026-05-17 23:35:06,304 - INFO - Correct Candidate: Candidate C
2026-05-17 23:35:06,304 - INFO - Decision Correct: 1
{"id": 28, "ts": 1779053706.9396293, "event": "context_consistency_calculated", "method": "weighted_section_embedding_cosine", "mean_pairwise_similarity": 0.760096, "pairwise": [{"agent_a": "agent_1", "agent_b": "agent_2", "similarity": 0.792324, "sections": [{"section": "task_summary", "weight": 0.02, "similarity": 1.0}, {"section": "revealed_facts_by_source", "weight": 0.3, "similarity": 0.668597}, {"section": "candidate_evaluation", "weight": 0.35, "similarity": 0.915732}, {"section": "other_agents_positions", "weight": 0.15, "similarity": 0.940966}, {"section": "emerging_group_view", "weight": 0.13, "similarity": 0.740274}, {"section": "open_questions_next_step_focus", "weight": 0.05, "similarity": 0.277161}]}, {"agent_a": "agent_1", "agent_b": "agent_3", "similarity": 0.811027, "sections": [{"section": "task_summary", "weight": 0.02, "similarity": 1.0}, {"section": "revealed_facts_by_source", "weight": 0.3, "similarity": 0.935025}, {"section": "candidate_evaluation", "weight": 0.35, "similarity": 0.704576}, {"section": "other_agents_positions", "weight": 0.15, "similarity": 0.960331}, {"section": "emerging_group_view", "weight": 0.13, "similarity": 0.537451}, {"section": "open_questions_next_step_focus", "weight": 0.05, "similarity": 1.0}]}, {"agent_a": "agent_2", "agent_b": "agent_3", "similarity": 0.676936, "sections": [{"section": "task_summary", "weight": 0.02, "similarity": 1.0}, {"section": "revealed_facts_by_source", "weight": 0.3, "similarity": 0.724179}, {"section": "candidate_evaluation", "weight": 0.35, "similarity": 0.64759}, {"section": "other_agents_positions", "weight": 0.15, "similarity": 0.91739}, {"section": "emerging_group_view", "weight": 0.13, "similarity": 0.473531}, {"section": "open_questions_next_step_focus", "weight": 0.05, "similarity": 0.277161}]}]}
{"id": 29, "ts": 1779053706.939769, "event": "gold_standard_alignment_calculated", "method": "rule_based_fact_coverage", "mean_alignment": 0.433333, "by_agent": [{"agent": "agent_1", "score": 0.625, "matched_facts": 25, "total_facts": 40, "matched_public_facts": 16, "total_public_facts": 16, "public_fact_coverage": 1.0, "matched_own_private_facts": 8, "total_own_private_facts": 8, "own_private_fact_coverage": 1.0, "matched_other_private_facts": 1, "total_other_private_facts": 16, "other_private_fact_coverage": 0.0625, "checks": {"public_candidate_a_can_anticipate_dangerous_situations": 1, "public_candidate_a_is_able_to_see_complex_connections": 1, "public_candidate_a_has_excellent_spatial_vision": 1, "public_candidate_a_has_very_good_leadership_qualities": 1, "public_candidate_b_is_very_conscientious": 1, "public_candidate_b_handles_stress_very_well": 1, "public_candidate_b_is_good_at_assessing_weather_conditions": 1, "public_candidate_b_has_excellent_computer_skills": 1, "public_candidate_c_can_make_correct_decisions_quickly": 1, "public_candidate_c_has_difficulty_communicating_ideas": 1, "public_candidate_c_is_regarded_as_egocentric": 1, "public_candidate_c_is_not_very_willing_to_further_his_education": 1, "public_candidate_d_responds_to_unexpected_events_adequately": 1, "public_candidate_d_can_concentrate_very_well": 1, "public_candidate_d_solves_problems_extremely_well": 1, "public_candidate_d_takes_responsibility_seriously": 1, "agent_1_candidate_a_is_sometimes_not_good_at_taking_criticism": 1, "agent_1_candidate_a_can_be_unorganized": 1, "agent_1_candidate_b_can_be_grumpy": 1, "agent_1_candidate_b_can_be_uncooperative": 1, "agent_1_candidate_c_is_known_to_be_100_percent_reliable": 1, "agent_1_candidate_c_creates_a_positive_atmosphere_with_his_crew": 1, "agent_1_candidate_d_is_regarded_as_arrogant": 1, "agent_1_candidate_d_has_relatively_weak_leadership_skills": 1, "agent_2_candidate_a_is_regarded_as_a_show_off": 0, "agent_2_candidate_a_is_regarded_as_being_not_open_to_new_ideas": 0, "agent_2_candidate_b_has_a_relatively_weak_memory_for_numbers": 0, "agent_2_candidate_b_makes_nasty_remarks_about_his_colleagues": 0, "agent_2_candidate_c_keeps_calm_in_a_crisis": 1, "agent_2_candidate_c_understands_complicated_technology": 0, "agent_2_candidate_d_is_regarded_as_a_know_it_all": 0, "agent_2_candidate_d_has_a_hot_temper": 0, "agent_3_candidate_a_is_unfriendly": 0, "agent_3_candidate_a_eats_unhealthily": 0, "agent_3_candidate_b_is_regarded_as_pretentious": 0, "agent_3_candidate_b_sometimes_adopts_the_wrong_tone_when_communicating": 0, "agent_3_candidate_c_puts_concern_for_others_above_everything": 0, "agent_3_candidate_c_has_excellent_attention_skills": 0, "agent_3_candidate_d_is_considered_moody": 0, "agent_3_candidate_d_is_regarded_as_a_loner": 0}}, {"agent": "agent_2", "score": 0.625, "matched_facts": 25, "total_facts": 40, "matched_public_facts": 16, "total_public_facts": 16, "public_fact_coverage": 1.0, "matched_own_private_facts": 8, "total_own_private_facts": 8, "own_private_fact_coverage": 1.0, "matched_other_private_facts": 1, "total_other_private_facts": 16, "other_private_fact_coverage": 0.0625, "checks": {"public_candidate_a_can_anticipate_dangerous_situations": 1, "public_candidate_a_is_able_to_see_complex_connections": 1, "public_candidate_a_has_excellent_spatial_vision": 1, "public_candidate_a_has_very_good_leadership_qualities": 1, "public_candidate_b_is_very_conscientious": 1, "public_candidate_b_handles_stress_very_well": 1, "public_candidate_b_is_good_at_assessing_weather_conditions": 1, "public_candidate_b_has_excellent_computer_skills": 1, "public_candidate_c_can_make_correct_decisions_quickly": 1, "public_candidate_c_has_difficulty_communicating_ideas": 1, "public_candidate_c_is_regarded_as_egocentric": 1, "public_candidate_c_is_not_very_willing_to_further_his_education": 1, "public_candidate_d_responds_to_unexpected_events_adequately": 1, "public_candidate_d_can_concentrate_very_well": 1, "public_candidate_d_solves_problems_extremely_well": 1, "public_candidate_d_takes_responsibility_seriously": 1, "agent_1_candidate_a_is_sometimes_not_good_at_taking_criticism": 0, "agent_1_candidate_a_can_be_unorganized": 0, "agent_1_candidate_b_can_be_grumpy": 0, "agent_1_candidate_b_can_be_uncooperative": 0, "agent_1_candidate_c_is_known_to_be_100_percent_reliable": 1, "agent_1_candidate_c_creates_a_positive_atmosphere_with_his_crew": 0, "agent_1_candidate_d_is_regarded_as_arrogant": 0, "agent_1_candidate_d_has_relatively_weak_leadership_skills": 0, "agent_2_candidate_a_is_regarded_as_a_show_off": 1, "agent_2_candidate_a_is_regarded_as_being_not_open_to_new_ideas": 1, "agent_2_candidate_b_has_a_relatively_weak_memory_for_numbers": 1, "agent_2_candidate_b_makes_nasty_remarks_about_his_colleagues": 1, "agent_2_candidate_c_keeps_calm_in_a_crisis": 1, "agent_2_candidate_c_understands_complicated_technology": 1, "agent_2_candidate_d_is_regarded_as_a_know_it_all": 1, "agent_2_candidate_d_has_a_hot_temper": 1, "agent_3_candidate_a_is_unfriendly": 0, "agent_3_candidate_a_eats_unhealthily": 0, "agent_3_candidate_b_is_regarded_as_pretentious": 0, "agent_3_candidate_b_sometimes_adopts_the_wrong_tone_when_communicating": 0, "agent_3_candidate_c_puts_concern_for_others_above_everything": 0, "agent_3_candidate_c_has_excellent_attention_skills": 0, "agent_3_candidate_d_is_considered_moody": 0, "agent_3_candidate_d_is_regarded_as_a_loner": 0}}, {"agent": "agent_3", "score": 0.05, "matched_facts": 2, "total_facts": 40, "matched_public_facts": 0, "total_public_facts": 16, "public_fact_coverage": 0.0, "matched_own_private_facts": 0, "total_own_private_facts": 8, "own_private_fact_coverage": 0.0, "matched_other_private_facts": 2, "total_other_private_facts": 16, "other_private_fact_coverage": 0.125, "checks": {"public_candidate_a_can_anticipate_dangerous_situations": 0, "public_candidate_a_is_able_to_see_complex_connections": 0, "public_candidate_a_has_excellent_spatial_vision": 0, "public_candidate_a_has_very_good_leadership_qualities": 0, "public_candidate_b_is_very_conscientious": 0, "public_candidate_b_handles_stress_very_well": 0, "public_candidate_b_is_good_at_assessing_weather_conditions": 0, "public_candidate_b_has_excellent_computer_skills": 0, "public_candidate_c_can_make_correct_decisions_quickly": 0, "public_candidate_c_has_difficulty_communicating_ideas": 0, "public_candidate_c_is_regarded_as_egocentric": 0, "public_candidate_c_is_not_very_willing_to_further_his_education": 0, "public_candidate_d_responds_to_unexpected_events_adequately": 0, "public_candidate_d_can_concentrate_very_well": 0, "public_candidate_d_solves_problems_extremely_well": 0, "public_candidate_d_takes_responsibility_seriously": 0, "agent_1_candidate_a_is_sometimes_not_good_at_taking_criticism": 0, "agent_1_candidate_a_can_be_unorganized": 0, "agent_1_candidate_b_can_be_grumpy": 0, "agent_1_candidate_b_can_be_uncooperative": 0, "agent_1_candidate_c_is_known_to_be_100_percent_reliable": 1, "agent_1_candidate_c_creates_a_positive_atmosphere_with_his_crew": 0, "agent_1_candidate_d_is_regarded_as_arrogant": 0, "agent_1_candidate_d_has_relatively_weak_leadership_skills": 0, "agent_2_candidate_a_is_regarded_as_a_show_off": 0, "agent_2_candidate_a_is_regarded_as_being_not_open_to_new_ideas": 0, "agent_2_candidate_b_has_a_relatively_weak_memory_for_numbers": 0, "agent_2_candidate_b_makes_nasty_remarks_about_his_colleagues": 0, "agent_2_candidate_c_keeps_calm_in_a_crisis": 1, "agent_2_candidate_c_understands_complicated_technology": 0, "agent_2_candidate_d_is_regarded_as_a_know_it_all": 0, "agent_2_candidate_d_has_a_hot_temper": 0, "agent_3_candidate_a_is_unfriendly": 0, "agent_3_candidate_a_eats_unhealthily": 0, "agent_3_candidate_b_is_regarded_as_pretentious": 0, "agent_3_candidate_b_sometimes_adopts_the_wrong_tone_when_communicating": 0, "agent_3_candidate_c_puts_concern_for_others_above_everything": 0, "agent_3_candidate_c_has_excellent_attention_skills": 0, "agent_3_candidate_d_is_considered_moody": 0, "agent_3_candidate_d_is_regarded_as_a_loner": 0}}]}
{"id": 30, "ts": 1779053706.939884, "event": "agent_memories_archived", "directory": "/home/lhegemann/git/bachelor_thesis/01_data/raw/simulations/low/low_treatment_20260517_214240_030/shared_mental_models", "round": 2}
{"id": 31, "ts": 1779053706.9399378, "event": "final_decision", "candidate": "Candidate C", "method": "consensus", "vote_count": {"Candidate C": 3}, "correct_candidate": "Candidate C", "decision_correct": 1, "round": 2}
2026-05-17 23:35:06,947 - INFO - ======================================================================
2026-05-17 23:35:06,947 - INFO - SIMULATION METRICS
2026-05-17 23:35:06,947 - INFO - ======================================================================
2026-05-17 23:35:06,947 - INFO - Total Loops: 2
2026-05-17 23:35:06,947 - INFO - Agent Turns (no vote checker): 6
2026-05-17 23:35:06,947 - INFO - Agent Tool Calls: 0
2026-05-17 23:35:06,947 - INFO - Agent Tool Messages: 0
2026-05-17 23:35:06,948 - INFO - Memory Updates: 18
2026-05-17 23:35:06,948 - INFO - Total Messages (no vote checker): 6
2026-05-17 23:35:06,948 - INFO - Input Tokens: 42630
2026-05-17 23:35:06,948 - INFO - Output Tokens: 15221
2026-05-17 23:35:06,948 - INFO - Total Tokens: 57851
2026-05-17 23:35:06,948 - INFO - Final Chosen Candidate: Candidate C
2026-05-17 23:35:06,948 - INFO - Final Decision Method: consensus
2026-05-17 23:35:06,948 - INFO - Final Vote Count: {'Candidate C': 3}
2026-05-17 23:35:06,948 - INFO - Correct Candidate: Candidate C
2026-05-17 23:35:06,948 - INFO - Decision Correct: 1
2026-05-17 23:35:06,948 - INFO - Runtime: 92.01s
2026-05-17 23:35:06,948 - INFO - ======================================================================
