2026-05-06 19:38:38,087 - INFO - Metrics tracker initialized
{"id": 1, "ts": 1778089118.112563, "event": "memory_reset"}
{"id": 2, "ts": 1778089118.1177313, "event": "discussion_order", "round": 1, "order": ["agent_1", "agent_3", "agent_2"]}
2026-05-06 19:38:45,631 - INFO - Tokens - Input: 1686, Output: 832, Total: 2518
{"id": 3, "ts": 1778089125.632493, "event": "public_discussion_message", "round": 1, "agent": "agent_1", "message": "I prefer Candidate A \u2013 excellent spatial vision.\nMETADATA_JSON:\n{\"agent\": \"agent_1\", \"vote\": \"Candidate A\"}"}
2026-05-06 19:38:45,632 - INFO - Agent turns: 1
2026-05-06 19:38:53,855 - INFO - Tokens - Input: 1192, Output: 1047, Total: 2239
2026-05-06 19:38:53,857 - INFO - Memory updates: 1
{"id": 4, "ts": 1778089133.8576512, "event": "memory_updated", "agent": "agent_2", "round": 1}
2026-05-06 19:38:55,223 - INFO - Tokens - Input: 1189, Output: 1306, Total: 2495
2026-05-06 19:38:55,225 - INFO - Memory updates: 2
{"id": 5, "ts": 1778089135.2251787, "event": "memory_updated", "agent": "agent_1", "round": 1}
2026-05-06 19:38:55,469 - INFO - Tokens - Input: 1184, Output: 1162, Total: 2346
2026-05-06 19:38:55,470 - INFO - Memory updates: 3
{"id": 6, "ts": 1778089135.470869, "event": "memory_updated", "agent": "agent_3", "round": 1}
2026-05-06 19:38:58,251 - INFO - Tokens - Input: 2176, Output: 379, Total: 2555
{"id": 7, "ts": 1778089138.252879, "event": "public_discussion_message", "round": 1, "agent": "agent_3", "message": "Candidate B \u2013 handles stress very well.\nMETADATA_JSON:\n{\"agent\": \"agent_3\", \"vote\": \"Candidate B\"}"}
2026-05-06 19:38:58,253 - INFO - Agent turns: 2
2026-05-06 19:39:04,777 - INFO - Tokens - Input: 1727, Output: 953, Total: 2680
2026-05-06 19:39:04,778 - INFO - Memory updates: 4
{"id": 8, "ts": 1778089144.7789986, "event": "memory_updated", "agent": "agent_2", "round": 1}
2026-05-06 19:39:05,445 - INFO - Tokens - Input: 1683, Output: 1067, Total: 2750
2026-05-06 19:39:05,447 - INFO - Memory updates: 5
{"id": 9, "ts": 1778089145.4472837, "event": "memory_updated", "agent": "agent_1", "round": 1}
2026-05-06 19:39:06,151 - INFO - Tokens - Input: 1682, Output: 1059, Total: 2741
2026-05-06 19:39:06,153 - INFO - Memory updates: 6
{"id": 10, "ts": 1778089146.153147, "event": "memory_updated", "agent": "agent_3", "round": 1}
2026-05-06 19:39:11,442 - INFO - Tokens - Input: 2284, Output: 569, Total: 2853
{"id": 11, "ts": 1778089151.4439478, "event": "public_discussion_message", "round": 1, "agent": "agent_2", "message": "Candidate A \u2013 excellent spatial vision.\nMETADATA_JSON:\n{\"agent\": \"agent_2\", \"vote\": \"Candidate A\"}"}
2026-05-06 19:39:11,444 - INFO - Agent turns: 3
2026-05-06 19:39:18,085 - INFO - Tokens - Input: 1705, Output: 894, Total: 2599
2026-05-06 19:39:18,086 - INFO - Memory updates: 7
{"id": 12, "ts": 1778089158.0870602, "event": "memory_updated", "agent": "agent_1", "round": 1}
2026-05-06 19:39:19,307 - INFO - Tokens - Input: 1766, Output: 1183, Total: 2949
2026-05-06 19:39:19,308 - INFO - Memory updates: 8
{"id": 13, "ts": 1778089159.3087487, "event": "memory_updated", "agent": "agent_3", "round": 1}
2026-05-06 19:39:19,465 - INFO - Tokens - Input: 1788, Output: 1019, Total: 2807
2026-05-06 19:39:19,466 - INFO - Memory updates: 9
{"id": 14, "ts": 1778089159.4668803, "event": "memory_updated", "agent": "agent_2", "round": 1}
2026-05-06 19:39:19,475 - INFO - Loop 1 completed
{"id": 15, "ts": 1778089159.4802897, "event": "discussion_order", "round": 2, "order": ["agent_3", "agent_1", "agent_2"]}
2026-05-06 19:39:20,712 - INFO - Tokens - Input: 2327, Output: 133, Total: 2460
{"id": 16, "ts": 1778089160.713681, "event": "public_discussion_message", "round": 2, "agent": "agent_3", "message": "Candidate B \u2013 handles stress very well.\nMETADATA_JSON:\n{\"agent\": \"agent_3\", \"vote\": \"Candidate B\"}"}
2026-05-06 19:39:20,713 - INFO - Agent turns: 4
2026-05-06 19:39:27,842 - INFO - Tokens - Input: 1833, Output: 939, Total: 2772
2026-05-06 19:39:27,844 - INFO - Memory updates: 10
{"id": 17, "ts": 1778089167.8447661, "event": "memory_updated", "agent": "agent_2", "round": 2}
2026-05-06 19:39:28,141 - INFO - Tokens - Input: 1450, Output: 825, Total: 2275
2026-05-06 19:39:28,144 - INFO - Memory updates: 11
{"id": 18, "ts": 1778089168.144309, "event": "memory_updated", "agent": "agent_1", "round": 2}
2026-05-06 19:39:28,561 - INFO - Tokens - Input: 1815, Output: 989, Total: 2804
2026-05-06 19:39:28,563 - INFO - Memory updates: 12
{"id": 19, "ts": 1778089168.5635705, "event": "memory_updated", "agent": "agent_3", "round": 2}
2026-05-06 19:39:32,473 - INFO - Tokens - Input: 2047, Output: 516, Total: 2563
{"id": 20, "ts": 1778089172.474681, "event": "public_discussion_message", "round": 2, "agent": "agent_1", "message": "Candidate C \u2013 100% reliable\nMETADATA_JSON:\n{\"agent\": \"agent_1\", \"vote\": \"Candidate C\"}"}
2026-05-06 19:39:32,474 - INFO - Agent turns: 5
2026-05-06 19:39:40,162 - INFO - Tokens - Input: 1553, Output: 1013, Total: 2566
2026-05-06 19:39:40,164 - INFO - Memory updates: 13
{"id": 21, "ts": 1778089180.1645675, "event": "memory_updated", "agent": "agent_1", "round": 2}
2026-05-06 19:39:41,986 - INFO - Tokens - Input: 1622, Output: 1230, Total: 2852
2026-05-06 19:39:41,988 - INFO - Memory updates: 14
{"id": 22, "ts": 1778089181.9887688, "event": "memory_updated", "agent": "agent_2", "round": 2}
2026-05-06 19:39:42,436 - INFO - Tokens - Input: 1852, Output: 1485, Total: 3337
2026-05-06 19:39:42,438 - INFO - Memory updates: 15
{"id": 23, "ts": 1778089182.4381738, "event": "memory_updated", "agent": "agent_3", "round": 2}
2026-05-06 19:39:43,391 - INFO - Tokens - Input: 2142, Output: 126, Total: 2268
{"id": 24, "ts": 1778089183.3928006, "event": "public_discussion_message", "round": 2, "agent": "agent_2", "message": "Candidate A \u2013 very good leadership qualities.\nMETADATA_JSON:\n{\"agent\": \"agent_2\", \"vote\": \"Candidate A\"}"}
2026-05-06 19:39:43,392 - INFO - Agent turns: 6
2026-05-06 19:39:49,127 - INFO - Tokens - Input: 1648, Output: 733, Total: 2381
2026-05-06 19:39:49,128 - INFO - Memory updates: 16
{"id": 25, "ts": 1778089189.1290517, "event": "memory_updated", "agent": "agent_2", "round": 2}
2026-05-06 19:39:52,298 - INFO - Tokens - Input: 1913, Output: 1132, Total: 3045
2026-05-06 19:39:52,300 - INFO - Memory updates: 17
{"id": 26, "ts": 1778089192.300579, "event": "memory_updated", "agent": "agent_3", "round": 2}
2026-05-06 19:39:53,044 - INFO - Tokens - Input: 1601, Output: 762, Total: 2363
2026-05-06 19:39:53,046 - INFO - Memory updates: 18
{"id": 27, "ts": 1778089193.0462406, "event": "memory_updated", "agent": "agent_1", "round": 2}
2026-05-06 19:39:53,055 - INFO - Loop 2 completed
{"id": 28, "ts": 1778089193.0609055, "event": "discussion_order", "round": 3, "order": ["agent_2", "agent_1", "agent_3"]}
2026-05-06 19:39:54,188 - INFO - Tokens - Input: 2190, Output: 133, Total: 2323
{"id": 29, "ts": 1778089194.1899247, "event": "public_discussion_message", "round": 3, "agent": "agent_2", "message": "Candidate A \u2013 very good leadership qualities.\nMETADATA_JSON:\n{\"agent\": \"agent_2\", \"vote\": \"Candidate A\"}"}
2026-05-06 19:39:54,190 - INFO - Agent turns: 7
2026-05-06 19:39:57,985 - INFO - Tokens - Input: 1671, Output: 711, Total: 2382
2026-05-06 19:39:57,986 - INFO - Memory updates: 19
{"id": 30, "ts": 1778089197.9870415, "event": "memory_updated", "agent": "agent_2", "round": 3}
2026-05-06 19:40:01,788 - INFO - Tokens - Input: 1508, Output: 828, Total: 2336
2026-05-06 19:40:01,790 - INFO - Memory updates: 20
{"id": 31, "ts": 1778089201.7907383, "event": "memory_updated", "agent": "agent_1", "round": 3}
2026-05-06 19:40:03,240 - INFO - Tokens - Input: 1819, Output: 1138, Total: 2957
2026-05-06 19:40:03,241 - INFO - Memory updates: 21
{"id": 32, "ts": 1778089203.241706, "event": "memory_updated", "agent": "agent_3", "round": 3}
2026-05-06 19:40:05,395 - INFO - Tokens - Input: 2049, Output: 157, Total: 2206
{"id": 33, "ts": 1778089205.3971143, "event": "public_discussion_message", "round": 3, "agent": "agent_1", "message": "Candidate C \u2013 100% reliable\nMETADATA_JSON:\n{\"agent\": \"agent_1\", \"vote\": \"Candidate C\"}"}
2026-05-06 19:40:05,397 - INFO - Agent turns: 8
2026-05-06 19:40:10,533 - INFO - Tokens - Input: 1707, Output: 821, Total: 2528
2026-05-06 19:40:10,535 - INFO - Memory updates: 22
{"id": 34, "ts": 1778089210.5355546, "event": "memory_updated", "agent": "agent_2", "round": 3}
2026-05-06 19:40:12,897 - INFO - Tokens - Input: 1725, Output: 1026, Total: 2751
2026-05-06 19:40:12,899 - INFO - Memory updates: 23
{"id": 35, "ts": 1778089212.8997579, "event": "memory_updated", "agent": "agent_3", "round": 3}
2026-05-06 19:40:13,797 - INFO - Tokens - Input: 1555, Output: 1080, Total: 2635
2026-05-06 19:40:13,798 - INFO - Memory updates: 24
{"id": 36, "ts": 1778089213.7990942, "event": "memory_updated", "agent": "agent_1", "round": 3}
2026-05-06 19:40:18,740 - INFO - Tokens - Input: 2255, Output: 794, Total: 3049
{"id": 37, "ts": 1778089218.7421794, "event": "public_discussion_message", "round": 3, "agent": "agent_3", "message": "Candidate B \u2013 handles stress very well\nMETADATA_JSON:\n{\"agent\": \"agent_3\", \"vote\": \"Candidate B\"}"}
2026-05-06 19:40:18,742 - INFO - Agent turns: 9
2026-05-06 19:40:26,148 - INFO - Tokens - Input: 1565, Output: 968, Total: 2533
2026-05-06 19:40:26,150 - INFO - Memory updates: 25
{"id": 38, "ts": 1778089226.1504474, "event": "memory_updated", "agent": "agent_1", "round": 3}
2026-05-06 19:40:26,674 - INFO - Tokens - Input: 1761, Output: 1051, Total: 2812
2026-05-06 19:40:26,675 - INFO - Memory updates: 26
{"id": 39, "ts": 1778089226.6756954, "event": "memory_updated", "agent": "agent_3", "round": 3}
2026-05-06 19:40:27,445 - INFO - Tokens - Input: 1708, Output: 1026, Total: 2734
2026-05-06 19:40:27,446 - INFO - Memory updates: 27
{"id": 40, "ts": 1778089227.4469974, "event": "memory_updated", "agent": "agent_2", "round": 3}
2026-05-06 19:40:27,456 - INFO - Loop 3 completed
{"id": 41, "ts": 1778089227.4625776, "event": "discussion_order", "round": 4, "order": ["agent_1", "agent_2", "agent_3"]}
2026-05-06 19:40:31,089 - INFO - Tokens - Input: 2129, Output: 417, Total: 2546
{"id": 42, "ts": 1778089231.0904753, "event": "public_discussion_message", "round": 4, "agent": "agent_1", "message": "Candidate C \u2013 100% reliable.\nMETADATA_JSON:\n{\"agent\": \"agent_1\", \"vote\": \"Candidate C\"}"}
2026-05-06 19:40:31,090 - INFO - Agent turns: 10
2026-05-06 19:40:35,274 - INFO - Tokens - Input: 1610, Output: 837, Total: 2447
2026-05-06 19:40:35,276 - INFO - Memory updates: 28
{"id": 43, "ts": 1778089235.2763846, "event": "memory_updated", "agent": "agent_1", "round": 4}
2026-05-06 19:40:38,368 - INFO - Tokens - Input: 1657, Output: 955, Total: 2612
2026-05-06 19:40:38,369 - INFO - Memory updates: 29
{"id": 44, "ts": 1778089238.3697526, "event": "memory_updated", "agent": "agent_2", "round": 4}
2026-05-06 19:40:38,899 - INFO - Tokens - Input: 1798, Output: 1075, Total: 2873
2026-05-06 19:40:38,900 - INFO - Memory updates: 30
{"id": 45, "ts": 1778089238.9008553, "event": "memory_updated", "agent": "agent_3", "round": 4}
2026-05-06 19:40:40,150 - INFO - Tokens - Input: 2179, Output: 136, Total: 2315
{"id": 46, "ts": 1778089240.1513062, "event": "public_discussion_message", "round": 4, "agent": "agent_2", "message": "Candidate A \u2013 very good leadership qualities.\nMETADATA_JSON:\n{\"agent\": \"agent_2\", \"vote\": \"Candidate A\"}"}
2026-05-06 19:40:40,151 - INFO - Agent turns: 11
2026-05-06 19:40:43,848 - INFO - Tokens - Input: 1685, Output: 743, Total: 2428
2026-05-06 19:40:43,850 - INFO - Memory updates: 31
{"id": 47, "ts": 1778089243.8504126, "event": "memory_updated", "agent": "agent_2", "round": 4}
2026-05-06 19:40:46,340 - INFO - Tokens - Input: 1834, Output: 853, Total: 2687
2026-05-06 19:40:46,342 - INFO - Memory updates: 32
{"id": 48, "ts": 1778089246.3425155, "event": "memory_updated", "agent": "agent_3", "round": 4}
2026-05-06 19:40:46,367 - INFO - Tokens - Input: 1646, Output: 929, Total: 2575
2026-05-06 19:40:46,369 - INFO - Memory updates: 33
{"id": 49, "ts": 1778089246.369594, "event": "memory_updated", "agent": "agent_1", "round": 4}
2026-05-06 19:40:47,007 - INFO - Tokens - Input: 2364, Output: 89, Total: 2453
{"id": 50, "ts": 1778089247.0085688, "event": "public_discussion_message", "round": 4, "agent": "agent_3", "message": "Candidate B \u2013 handles stress very well.\nMETADATA_JSON:\n{\"agent\": \"agent_3\", \"vote\": \"Candidate B\"}"}
2026-05-06 19:40:47,008 - INFO - Agent turns: 12
2026-05-06 19:40:53,453 - INFO - Tokens - Input: 1870, Output: 735, Total: 2605
2026-05-06 19:40:53,454 - INFO - Memory updates: 34
{"id": 51, "ts": 1778089253.4548237, "event": "memory_updated", "agent": "agent_3", "round": 4}
2026-05-06 19:40:56,748 - INFO - Tokens - Input: 1682, Output: 1302, Total: 2984
2026-05-06 19:40:56,749 - INFO - Memory updates: 35
{"id": 52, "ts": 1778089256.749824, "event": "memory_updated", "agent": "agent_1", "round": 4}
2026-05-06 19:41:00,591 - INFO - Tokens - Input: 1719, Output: 1008, Total: 2727
2026-05-06 19:41:00,592 - INFO - Memory updates: 36
{"id": 53, "ts": 1778089260.5931187, "event": "memory_updated", "agent": "agent_2", "round": 4}
2026-05-06 19:41:00,601 - INFO - Loop 4 completed
{"id": 54, "ts": 1778089260.6074035, "event": "discussion_order", "round": 5, "order": ["agent_1", "agent_3", "agent_2"]}
2026-05-06 19:41:01,798 - INFO - Tokens - Input: 2237, Output: 140, Total: 2377
{"id": 55, "ts": 1778089261.7996407, "event": "public_discussion_message", "round": 5, "agent": "agent_1", "message": "Candidate C \u2013 100\u202f% reliable.\nMETADATA_JSON:\n{\"agent\": \"agent_1\", \"vote\": \"Candidate C\"}"}
2026-05-06 19:41:01,799 - INFO - Agent turns: 13
2026-05-06 19:41:07,015 - INFO - Tokens - Input: 1720, Output: 663, Total: 2383
2026-05-06 19:41:07,017 - INFO - Memory updates: 37
{"id": 56, "ts": 1778089267.017253, "event": "memory_updated", "agent": "agent_1", "round": 5}
2026-05-06 19:41:09,940 - INFO - Tokens - Input: 1923, Output: 834, Total: 2757
2026-05-06 19:41:09,942 - INFO - Memory updates: 38
{"id": 57, "ts": 1778089269.942175, "event": "memory_updated", "agent": "agent_3", "round": 5}
2026-05-06 19:41:10,123 - INFO - Tokens - Input: 1719, Output: 1060, Total: 2779
2026-05-06 19:41:10,124 - INFO - Memory updates: 39
{"id": 58, "ts": 1778089270.1250112, "event": "memory_updated", "agent": "agent_2", "round": 5}
2026-05-06 19:41:11,785 - INFO - Tokens - Input: 2450, Output: 144, Total: 2594
{"id": 59, "ts": 1778089271.7872794, "event": "public_discussion_message", "round": 5, "agent": "agent_3", "message": "Candidate B \u2013 handles stress very well.\nMETADATA_JSON:\n{\"agent\": \"agent_3\", \"vote\": \"Candidate B\"}"}
2026-05-06 19:41:11,787 - INFO - Agent turns: 14
2026-05-06 19:41:17,724 - INFO - Tokens - Input: 1956, Output: 892, Total: 2848
2026-05-06 19:41:17,725 - INFO - Memory updates: 40
{"id": 60, "ts": 1778089277.7260313, "event": "memory_updated", "agent": "agent_3", "round": 5}
2026-05-06 19:41:18,456 - INFO - Tokens - Input: 1755, Output: 960, Total: 2715
2026-05-06 19:41:18,458 - INFO - Memory updates: 41
{"id": 61, "ts": 1778089278.4584482, "event": "memory_updated", "agent": "agent_1", "round": 5}
2026-05-06 19:41:20,818 - INFO - Tokens - Input: 1746, Output: 796, Total: 2542
2026-05-06 19:41:20,820 - INFO - Memory updates: 42
{"id": 62, "ts": 1778089280.8203466, "event": "memory_updated", "agent": "agent_2", "round": 5}
2026-05-06 19:41:22,021 - INFO - Tokens - Input: 2306, Output: 133, Total: 2439
{"id": 63, "ts": 1778089282.0232089, "event": "public_discussion_message", "round": 5, "agent": "agent_2", "message": "Candidate A \u2013 very good leadership qualities.\nMETADATA_JSON:\n{\"agent\": \"agent_2\", \"vote\": \"Candidate A\"}"}
2026-05-06 19:41:22,023 - INFO - Agent turns: 15
2026-05-06 19:41:28,058 - INFO - Tokens - Input: 1992, Output: 815, Total: 2807
2026-05-06 19:41:28,060 - INFO - Memory updates: 43
{"id": 64, "ts": 1778089288.0606976, "event": "memory_updated", "agent": "agent_3", "round": 5}
2026-05-06 19:41:28,399 - INFO - Tokens - Input: 1941, Output: 934, Total: 2875
2026-05-06 19:41:28,401 - INFO - Memory updates: 44
{"id": 65, "ts": 1778089288.4014316, "event": "memory_updated", "agent": "agent_1", "round": 5}
2026-05-06 19:41:30,479 - INFO - Tokens - Input: 1812, Output: 962, Total: 2774
2026-05-06 19:41:30,481 - INFO - Memory updates: 45
{"id": 66, "ts": 1778089290.4816327, "event": "memory_updated", "agent": "agent_2", "round": 5}
2026-05-06 19:41:30,490 - INFO - Loop 5 completed
2026-05-06 19:41:30,490 - INFO - Final Chosen Candidate: None
2026-05-06 19:41:30,490 - INFO - Final Decision Method: max_round_no_majority
2026-05-06 19:41:30,490 - INFO - Final Vote Count: {'Candidate C': 1, 'Candidate A': 1, 'Candidate B': 1}
2026-05-06 19:41:30,490 - INFO - Correct Candidate: Candidate C
2026-05-06 19:41:30,490 - INFO - Decision Correct: 0
{"id": 67, "ts": 1778089290.8700774, "event": "context_consistency_calculated", "method": "embedding_cosine", "mean_pairwise_similarity": 0.792591, "pairwise": [{"agent_a": "agent_1", "agent_b": "agent_2", "similarity": 0.822826}, {"agent_a": "agent_1", "agent_b": "agent_3", "similarity": 0.763665}, {"agent_a": "agent_2", "agent_b": "agent_3", "similarity": 0.791282}]}
{"id": 68, "ts": 1778089290.8702474, "event": "agent_memories_archived", "directory": "/home/lhegemann/git/bachelor_thesis/01_data/raw/simulations/low/low_20260506_181837_028/shared_mental_models", "round": 5}
{"id": 69, "ts": 1778089290.8703375, "event": "final_decision", "candidate": null, "method": "max_round_no_majority", "vote_count": {"Candidate C": 1, "Candidate A": 1, "Candidate B": 1}, "correct_candidate": "Candidate C", "decision_correct": 0, "round": 5}
2026-05-06 19:41:30,879 - INFO - ======================================================================
2026-05-06 19:41:30,879 - INFO - SIMULATION METRICS
2026-05-06 19:41:30,879 - INFO - ======================================================================
2026-05-06 19:41:30,880 - INFO - Total Loops: 5
2026-05-06 19:41:30,880 - INFO - Agent Turns (no vote checker): 15
2026-05-06 19:41:30,880 - INFO - Agent Tool Calls: 0
2026-05-06 19:41:30,880 - INFO - Agent Tool Messages: 0
2026-05-06 19:41:30,880 - INFO - Memory Updates: 45
2026-05-06 19:41:30,880 - INFO - Total Messages (no vote checker): 15
2026-05-06 19:41:30,880 - INFO - Input Tokens: 109108
2026-05-06 19:41:30,880 - INFO - Output Tokens: 48498
2026-05-06 19:41:30,880 - INFO - Total Tokens: 157606
2026-05-06 19:41:30,880 - INFO - Final Chosen Candidate: None
2026-05-06 19:41:30,880 - INFO - Final Decision Method: max_round_no_majority
2026-05-06 19:41:30,880 - INFO - Final Vote Count: {'Candidate C': 1, 'Candidate A': 1, 'Candidate B': 1}
2026-05-06 19:41:30,881 - INFO - Correct Candidate: Candidate C
2026-05-06 19:41:30,881 - INFO - Decision Correct: 0
2026-05-06 19:41:30,881 - INFO - Runtime: 172.79s
2026-05-06 19:41:30,881 - INFO - ======================================================================
