2026-05-16 23:25:20,492 - INFO - Metrics tracker initialized
{"id": 1, "ts": 1778966720.5273948, "event": "memory_reset"}
{"id": 2, "ts": 1778966720.5323038, "event": "discussion_order", "round": 1, "order": ["agent_1", "agent_2", "agent_3"]}
2026-05-16 23:25:27,321 - INFO - Tokens - Input: 1968, Output: 670, Total: 2638
{"id": 3, "ts": 1778966727.3226223, "event": "public_discussion_message", "round": 1, "agent": "agent_1", "message": "I\u2019m leaning toward **Candidate C**. He is described as 100\u202f% reliable and creates a positive atmosphere with his crew, both crucial for long\u2011distance operations where trust and teamwork are essential. However, his difficulty communicating ideas and egocentric attitude raise concerns about how well he will cooperate with co\u2011pilots and crew in complex situations.\nMETADATA_JSON:\n{\"agent\": \"agent_1\", \"vote\": \"Candidate C\"}"}
2026-05-16 23:25:27,322 - INFO - Agent turns: 1
2026-05-16 23:25:36,199 - INFO - Tokens - Input: 1634, Output: 642, Total: 2276
2026-05-16 23:25:36,201 - INFO - Memory updates: 1
{"id": 4, "ts": 1778966736.2017884, "event": "memory_updated", "agent": "agent_3", "round": 1}
2026-05-16 23:25:41,096 - INFO - Tokens - Input: 1639, Output: 1169, Total: 2808
2026-05-16 23:25:41,099 - INFO - Memory updates: 2
{"id": 5, "ts": 1778966741.0992634, "event": "memory_updated", "agent": "agent_1", "round": 1}
2026-05-16 23:25:41,619 - INFO - Tokens - Input: 1642, Output: 1235, Total: 2877
2026-05-16 23:25:41,621 - INFO - Memory updates: 3
{"id": 6, "ts": 1778966741.6215541, "event": "memory_updated", "agent": "agent_2", "round": 1}
2026-05-16 23:25:46,689 - INFO - Tokens - Input: 2184, Output: 603, Total: 2787
{"id": 7, "ts": 1778966746.6910295, "event": "public_discussion_message", "round": 1, "agent": "agent_2", "message": "I\u2019m leaning toward **Candidate C**. He is described as 100\u202f% reliable and creates a positive atmosphere with his crew, and he stays calm in a crisis while understanding complicated technology\u2014key for long\u2011distance flights where trust, teamwork, and technical competence are vital. The main uncertainty is his difficulty communicating ideas and egocentric attitude, which could undermine cooperation with co\u2011pilots and crew.\nMETADATA_JSON:\n{\"agent\": \"agent_2\", \"vote\": \"Candidate C\"}"}
2026-05-16 23:25:46,691 - INFO - Agent turns: 2
2026-05-16 23:26:03,173 - INFO - Tokens - Input: 1872, Output: 1196, Total: 3068
2026-05-16 23:26:03,175 - INFO - Memory updates: 4
{"id": 8, "ts": 1778966763.1759777, "event": "memory_updated", "agent": "agent_2", "round": 1}
2026-05-16 23:26:08,387 - INFO - Tokens - Input: 1798, Output: 1732, Total: 3530
2026-05-16 23:26:08,390 - INFO - Memory updates: 5
{"id": 9, "ts": 1778966768.390401, "event": "memory_updated", "agent": "agent_3", "round": 1}
2026-05-16 23:26:09,475 - INFO - Tokens - Input: 2058, Output: 1867, Total: 3925
2026-05-16 23:26:09,477 - INFO - Memory updates: 6
{"id": 10, "ts": 1778966769.478116, "event": "memory_updated", "agent": "agent_1", "round": 1}
2026-05-16 23:26:18,041 - INFO - Tokens - Input: 2452, Output: 998, Total: 3450
{"id": 11, "ts": 1778966778.0430355, "event": "public_discussion_message", "round": 1, "agent": "agent_3", "message": "I\u2019m currently favoring **Candidate C** because the information highlights his 100\u202f% reliability and calmness in a crisis, both essential for long\u2011distance flights, and he also shows strong technical competence and a concern for others that can foster a positive crew atmosphere. The main uncertainty is his difficulty communicating ideas and egocentric attitude, which could undermine cooperation with co\u2011pilots and crew.\nMETADATA_JSON:\n{\"agent\": \"agent_3\", \"vote\": \"Candidate C\"}"}
2026-05-16 23:26:18,043 - INFO - Agent turns: 3
2026-05-16 23:26:27,002 - INFO - Tokens - Input: 2077, Output: 617, Total: 2694
2026-05-16 23:26:27,005 - INFO - Memory updates: 7
{"id": 12, "ts": 1778966787.0057495, "event": "memory_updated", "agent": "agent_2", "round": 1}
2026-05-16 23:26:28,788 - INFO - Tokens - Input: 2219, Output: 807, Total: 3026
2026-05-16 23:26:28,791 - INFO - Memory updates: 8
{"id": 13, "ts": 1778966788.7911856, "event": "memory_updated", "agent": "agent_1", "round": 1}
2026-05-16 23:26:35,696 - INFO - Tokens - Input: 2138, Output: 1688, Total: 3826
2026-05-16 23:26:35,699 - INFO - Memory updates: 9
{"id": 14, "ts": 1778966795.6999729, "event": "memory_updated", "agent": "agent_3", "round": 1}
2026-05-16 23:26:35,709 - INFO - Loop 1 completed
{"id": 15, "ts": 1778966795.7159078, "event": "discussion_order", "round": 2, "order": ["agent_1", "agent_3", "agent_2"]}
2026-05-16 23:26:37,793 - INFO - Tokens - Input: 2662, Output: 198, Total: 2860
{"id": 16, "ts": 1778966797.7946658, "event": "public_discussion_message", "round": 2, "agent": "agent_1", "message": "I continue to favor **Candidate C**. He is described as 100\u202f% reliable and creates a positive atmosphere with his crew, both vital for the safety and teamwork required on long\u2011distance flights. Additionally, he stays calm in a crisis and understands complicated technology, supporting the calmness and technical competence needed for extended operations. The main uncertainty is his difficulty communicating ideas and egocentric attitude, which could hinder cooperation with co\u2011pilots and crew in high\u2011stress situations.\nMETADATA_JSON:\n{\"agent\": \"agent_1\", \"vote\": \"Candidate C\"}"}
2026-05-16 23:26:37,794 - INFO - Agent turns: 4
2026-05-16 23:26:43,783 - INFO - Tokens - Input: 2392, Output: 383, Total: 2775
2026-05-16 23:26:43,787 - INFO - Memory updates: 10
{"id": 17, "ts": 1778966803.7879486, "event": "memory_updated", "agent": "agent_3", "round": 2}
2026-05-16 23:26:48,749 - INFO - Tokens - Input: 2365, Output: 907, Total: 3272
2026-05-16 23:26:48,752 - INFO - Memory updates: 11
{"id": 18, "ts": 1778966808.7523406, "event": "memory_updated", "agent": "agent_1", "round": 2}
2026-05-16 23:26:52,368 - INFO - Tokens - Input: 2240, Output: 1368, Total: 3608
2026-05-16 23:26:52,370 - INFO - Memory updates: 12
{"id": 19, "ts": 1778966812.3707533, "event": "memory_updated", "agent": "agent_2", "round": 2}
2026-05-16 23:26:54,769 - INFO - Tokens - Input: 2814, Output: 237, Total: 3051
{"id": 20, "ts": 1778966814.7704477, "event": "public_discussion_message", "round": 2, "agent": "agent_3", "message": "I still prefer Candidate\u202fC because he is 100\u202f% reliable and stays calm in a crisis\u2014key for safety on long\u2011distance flights\u2014and he demonstrates strong technical competence and a genuine concern for others, supporting both performance and crew morale. The main trade\u2011off is his difficulty communicating ideas and egocentric attitude, which could undermine cooperation with co\u2011pilots and crew.\nMETADATA_JSON:\n{\"agent\": \"agent_3\", \"vote\": \"Candidate C\"}"}
2026-05-16 23:26:54,770 - INFO - Agent turns: 5
2026-05-16 23:27:01,388 - INFO - Tokens - Input: 2479, Output: 427, Total: 2906
2026-05-16 23:27:01,390 - INFO - Memory updates: 13
{"id": 21, "ts": 1778966821.3910527, "event": "memory_updated", "agent": "agent_1", "round": 2}
2026-05-16 23:27:02,620 - INFO - Tokens - Input: 2497, Output: 554, Total: 3051
2026-05-16 23:27:02,622 - INFO - Memory updates: 14
{"id": 22, "ts": 1778966822.6231077, "event": "memory_updated", "agent": "agent_3", "round": 2}
2026-05-16 23:27:03,865 - INFO - Tokens - Input: 2421, Output: 714, Total: 3135
2026-05-16 23:27:03,867 - INFO - Memory updates: 15
{"id": 23, "ts": 1778966823.867786, "event": "memory_updated", "agent": "agent_2", "round": 2}
2026-05-16 23:27:06,282 - INFO - Tokens - Input: 2843, Output: 246, Total: 3089
{"id": 24, "ts": 1778966826.2837145, "event": "public_discussion_message", "round": 2, "agent": "agent_2", "message": "I prefer **Candidate C**. He is described as 100\u202f% reliable and stays calm in a crisis, which are essential for the safety and endurance required on long\u2011distance flights, and he also understands complicated technology, supporting the technical competence needed for modern aircraft. The main uncertainty is his difficulty communicating ideas and egocentric attitude, which could undermine crew cooperation and coordination.\nMETADATA_JSON:\n{\"agent\": \"agent_2\", \"vote\": \"Candidate C\"}"}
2026-05-16 23:27:06,283 - INFO - Agent turns: 6
2026-05-16 23:27:13,502 - INFO - Tokens - Input: 2583, Output: 454, Total: 3037
2026-05-16 23:27:13,505 - INFO - Memory updates: 16
{"id": 25, "ts": 1778966833.505357, "event": "memory_updated", "agent": "agent_1", "round": 2}
2026-05-16 23:27:14,150 - INFO - Tokens - Input: 2610, Output: 519, Total: 3129
2026-05-16 23:27:14,153 - INFO - Memory updates: 17
{"id": 26, "ts": 1778966834.1535125, "event": "memory_updated", "agent": "agent_3", "round": 2}
2026-05-16 23:27:14,182 - INFO - Tokens - Input: 2525, Output: 524, Total: 3049
2026-05-16 23:27:14,184 - INFO - Memory updates: 18
{"id": 27, "ts": 1778966834.1843832, "event": "memory_updated", "agent": "agent_2", "round": 2}
2026-05-16 23:27:14,192 - INFO - Loop 2 completed
2026-05-16 23:27:14,193 - INFO - Final Chosen Candidate: Candidate C
2026-05-16 23:27:14,193 - INFO - Final Decision Method: consensus
2026-05-16 23:27:14,193 - INFO - Final Vote Count: {'Candidate C': 3}
2026-05-16 23:27:14,193 - INFO - Correct Candidate: Candidate C
2026-05-16 23:27:14,193 - INFO - Decision Correct: 1
{"id": 28, "ts": 1778966834.8847413, "event": "context_consistency_calculated", "method": "weighted_section_embedding_cosine", "mean_pairwise_similarity": 0.810612, "pairwise": [{"agent_a": "agent_1", "agent_b": "agent_2", "similarity": 0.764244, "sections": [{"section": "task_summary", "weight": 0.02, "similarity": 0.935152}, {"section": "revealed_facts_by_source", "weight": 0.3, "similarity": 0.850661}, {"section": "candidate_evaluation", "weight": 0.35, "similarity": 0.597312}, {"section": "other_agents_positions", "weight": 0.15, "similarity": 0.93683}, {"section": "emerging_group_view", "weight": 0.13, "similarity": 0.828465}, {"section": "open_questions_next_step_focus", "weight": 0.05, "similarity": 0.661162}]}, {"agent_a": "agent_1", "agent_b": "agent_3", "similarity": 0.870835, "sections": [{"section": "task_summary", "weight": 0.02, "similarity": 0.935152}, {"section": "revealed_facts_by_source", "weight": 0.3, "similarity": 0.951894}, {"section": "candidate_evaluation", "weight": 0.35, "similarity": 0.861702}, {"section": "other_agents_positions", "weight": 0.15, "similarity": 0.906199}, {"section": "emerging_group_view", "weight": 0.13, "similarity": 0.874741}, {"section": "open_questions_next_step_focus", "weight": 0.05, "similarity": 0.306437}]}, {"agent_a": "agent_2", "agent_b": "agent_3", "similarity": 0.796758, "sections": [{"section": "task_summary", "weight": 0.02, "similarity": 1.0}, {"section": "revealed_facts_by_source", "weight": 0.3, "similarity": 0.856654}, {"section": "candidate_evaluation", "weight": 0.35, "similarity": 0.713941}, {"section": "other_agents_positions", "weight": 0.15, "similarity": 0.922188}, {"section": "emerging_group_view", "weight": 0.13, "similarity": 0.849531}, {"section": "open_questions_next_step_focus", "weight": 0.05, "similarity": 0.422307}]}]}
{"id": 29, "ts": 1778966834.884879, "event": "gold_standard_alignment_calculated", "method": "rule_based_fact_coverage", "mean_alignment": 0.308333, "by_agent": [{"agent": "agent_1", "score": 0.6, "matched_facts": 24, "total_facts": 40, "matched_public_facts": 14, "total_public_facts": 16, "public_fact_coverage": 0.875, "matched_own_private_facts": 8, "total_own_private_facts": 8, "own_private_fact_coverage": 1.0, "matched_other_private_facts": 2, "total_other_private_facts": 16, "other_private_fact_coverage": 0.125, "checks": {"public_candidate_a_can_anticipate_dangerous_situations": 1, "public_candidate_a_is_able_to_see_complex_connections": 1, "public_candidate_a_has_excellent_spatial_vision": 1, "public_candidate_a_has_very_good_leadership_qualities": 1, "public_candidate_b_is_very_conscientious": 1, "public_candidate_b_handles_stress_very_well": 1, "public_candidate_b_is_good_at_assessing_weather_conditions": 1, "public_candidate_b_has_excellent_computer_skills": 1, "public_candidate_c_can_make_correct_decisions_quickly": 0, "public_candidate_c_has_difficulty_communicating_ideas": 1, "public_candidate_c_is_regarded_as_egocentric": 1, "public_candidate_c_is_not_very_willing_to_further_his_education": 0, "public_candidate_d_responds_to_unexpected_events_adequately": 1, "public_candidate_d_can_concentrate_very_well": 1, "public_candidate_d_solves_problems_extremely_well": 1, "public_candidate_d_takes_responsibility_seriously": 1, "agent_1_candidate_a_is_sometimes_not_good_at_taking_criticism": 1, "agent_1_candidate_a_can_be_unorganized": 1, "agent_1_candidate_b_can_be_grumpy": 1, "agent_1_candidate_b_can_be_uncooperative": 1, "agent_1_candidate_c_is_known_to_be_100_percent_reliable": 1, "agent_1_candidate_c_creates_a_positive_atmosphere_with_his_crew": 1, "agent_1_candidate_d_is_regarded_as_arrogant": 1, "agent_1_candidate_d_has_relatively_weak_leadership_skills": 1, "agent_2_candidate_a_is_regarded_as_a_show_off": 0, "agent_2_candidate_a_is_regarded_as_being_not_open_to_new_ideas": 0, "agent_2_candidate_b_has_a_relatively_weak_memory_for_numbers": 0, "agent_2_candidate_b_makes_nasty_remarks_about_his_colleagues": 0, "agent_2_candidate_c_keeps_calm_in_a_crisis": 1, "agent_2_candidate_c_understands_complicated_technology": 1, "agent_2_candidate_d_is_regarded_as_a_know_it_all": 0, "agent_2_candidate_d_has_a_hot_temper": 0, "agent_3_candidate_a_is_unfriendly": 0, "agent_3_candidate_a_eats_unhealthily": 0, "agent_3_candidate_b_is_regarded_as_pretentious": 0, "agent_3_candidate_b_sometimes_adopts_the_wrong_tone_when_communicating": 0, "agent_3_candidate_c_puts_concern_for_others_above_everything": 0, "agent_3_candidate_c_has_excellent_attention_skills": 0, "agent_3_candidate_d_is_considered_moody": 0, "agent_3_candidate_d_is_regarded_as_a_loner": 0}}, {"agent": "agent_2", "score": 0.15, "matched_facts": 6, "total_facts": 40, "matched_public_facts": 2, "total_public_facts": 16, "public_fact_coverage": 0.125, "matched_own_private_facts": 2, "total_own_private_facts": 8, "own_private_fact_coverage": 0.25, "matched_other_private_facts": 2, "total_other_private_facts": 16, "other_private_fact_coverage": 0.125, "checks": {"public_candidate_a_can_anticipate_dangerous_situations": 0, "public_candidate_a_is_able_to_see_complex_connections": 0, "public_candidate_a_has_excellent_spatial_vision": 0, "public_candidate_a_has_very_good_leadership_qualities": 0, "public_candidate_b_is_very_conscientious": 0, "public_candidate_b_handles_stress_very_well": 0, "public_candidate_b_is_good_at_assessing_weather_conditions": 0, "public_candidate_b_has_excellent_computer_skills": 0, "public_candidate_c_can_make_correct_decisions_quickly": 0, "public_candidate_c_has_difficulty_communicating_ideas": 1, "public_candidate_c_is_regarded_as_egocentric": 1, "public_candidate_c_is_not_very_willing_to_further_his_education": 0, "public_candidate_d_responds_to_unexpected_events_adequately": 0, "public_candidate_d_can_concentrate_very_well": 0, "public_candidate_d_solves_problems_extremely_well": 0, "public_candidate_d_takes_responsibility_seriously": 0, "agent_1_candidate_a_is_sometimes_not_good_at_taking_criticism": 0, "agent_1_candidate_a_can_be_unorganized": 0, "agent_1_candidate_b_can_be_grumpy": 0, "agent_1_candidate_b_can_be_uncooperative": 0, "agent_1_candidate_c_is_known_to_be_100_percent_reliable": 1, "agent_1_candidate_c_creates_a_positive_atmosphere_with_his_crew": 1, "agent_1_candidate_d_is_regarded_as_arrogant": 0, "agent_1_candidate_d_has_relatively_weak_leadership_skills": 0, "agent_2_candidate_a_is_regarded_as_a_show_off": 0, "agent_2_candidate_a_is_regarded_as_being_not_open_to_new_ideas": 0, "agent_2_candidate_b_has_a_relatively_weak_memory_for_numbers": 0, "agent_2_candidate_b_makes_nasty_remarks_about_his_colleagues": 0, "agent_2_candidate_c_keeps_calm_in_a_crisis": 1, "agent_2_candidate_c_understands_complicated_technology": 1, "agent_2_candidate_d_is_regarded_as_a_know_it_all": 0, "agent_2_candidate_d_has_a_hot_temper": 0, "agent_3_candidate_a_is_unfriendly": 0, "agent_3_candidate_a_eats_unhealthily": 0, "agent_3_candidate_b_is_regarded_as_pretentious": 0, "agent_3_candidate_b_sometimes_adopts_the_wrong_tone_when_communicating": 0, "agent_3_candidate_c_puts_concern_for_others_above_everything": 0, "agent_3_candidate_c_has_excellent_attention_skills": 0, "agent_3_candidate_d_is_considered_moody": 0, "agent_3_candidate_d_is_regarded_as_a_loner": 0}}, {"agent": "agent_3", "score": 0.175, "matched_facts": 7, "total_facts": 40, "matched_public_facts": 2, "total_public_facts": 16, "public_fact_coverage": 0.125, "matched_own_private_facts": 1, "total_own_private_facts": 8, "own_private_fact_coverage": 0.125, "matched_other_private_facts": 4, "total_other_private_facts": 16, "other_private_fact_coverage": 0.25, "checks": {"public_candidate_a_can_anticipate_dangerous_situations": 0, "public_candidate_a_is_able_to_see_complex_connections": 0, "public_candidate_a_has_excellent_spatial_vision": 0, "public_candidate_a_has_very_good_leadership_qualities": 0, "public_candidate_b_is_very_conscientious": 0, "public_candidate_b_handles_stress_very_well": 0, "public_candidate_b_is_good_at_assessing_weather_conditions": 0, "public_candidate_b_has_excellent_computer_skills": 0, "public_candidate_c_can_make_correct_decisions_quickly": 0, "public_candidate_c_has_difficulty_communicating_ideas": 1, "public_candidate_c_is_regarded_as_egocentric": 1, "public_candidate_c_is_not_very_willing_to_further_his_education": 0, "public_candidate_d_responds_to_unexpected_events_adequately": 0, "public_candidate_d_can_concentrate_very_well": 0, "public_candidate_d_solves_problems_extremely_well": 0, "public_candidate_d_takes_responsibility_seriously": 0, "agent_1_candidate_a_is_sometimes_not_good_at_taking_criticism": 0, "agent_1_candidate_a_can_be_unorganized": 0, "agent_1_candidate_b_can_be_grumpy": 0, "agent_1_candidate_b_can_be_uncooperative": 0, "agent_1_candidate_c_is_known_to_be_100_percent_reliable": 1, "agent_1_candidate_c_creates_a_positive_atmosphere_with_his_crew": 1, "agent_1_candidate_d_is_regarded_as_arrogant": 0, "agent_1_candidate_d_has_relatively_weak_leadership_skills": 0, "agent_2_candidate_a_is_regarded_as_a_show_off": 0, "agent_2_candidate_a_is_regarded_as_being_not_open_to_new_ideas": 0, "agent_2_candidate_b_has_a_relatively_weak_memory_for_numbers": 0, "agent_2_candidate_b_makes_nasty_remarks_about_his_colleagues": 0, "agent_2_candidate_c_keeps_calm_in_a_crisis": 1, "agent_2_candidate_c_understands_complicated_technology": 1, "agent_2_candidate_d_is_regarded_as_a_know_it_all": 0, "agent_2_candidate_d_has_a_hot_temper": 0, "agent_3_candidate_a_is_unfriendly": 0, "agent_3_candidate_a_eats_unhealthily": 0, "agent_3_candidate_b_is_regarded_as_pretentious": 0, "agent_3_candidate_b_sometimes_adopts_the_wrong_tone_when_communicating": 0, "agent_3_candidate_c_puts_concern_for_others_above_everything": 1, "agent_3_candidate_c_has_excellent_attention_skills": 0, "agent_3_candidate_d_is_considered_moody": 0, "agent_3_candidate_d_is_regarded_as_a_loner": 0}}]}
{"id": 30, "ts": 1778966834.8850088, "event": "agent_memories_archived", "directory": "/home/lhegemann/git/bachelor_thesis/01_data/raw/simulations/moderate/moderate_treatment_20260516_211353_007/shared_mental_models", "round": 2}
{"id": 31, "ts": 1778966834.885047, "event": "final_decision", "candidate": "Candidate C", "method": "consensus", "vote_count": {"Candidate C": 3}, "correct_candidate": "Candidate C", "decision_correct": 1, "round": 2}
2026-05-16 23:27:14,893 - INFO - ======================================================================
2026-05-16 23:27:14,893 - INFO - SIMULATION METRICS
2026-05-16 23:27:14,893 - INFO - ======================================================================
2026-05-16 23:27:14,893 - INFO - Total Loops: 2
2026-05-16 23:27:14,893 - INFO - Agent Turns (no vote checker): 6
2026-05-16 23:27:14,893 - INFO - Agent Tool Calls: 0
2026-05-16 23:27:14,893 - INFO - Agent Tool Messages: 0
2026-05-16 23:27:14,893 - INFO - Memory Updates: 18
2026-05-16 23:27:14,893 - INFO - Total Messages (no vote checker): 6
2026-05-16 23:27:14,893 - INFO - Input Tokens: 54112
2026-05-16 23:27:14,894 - INFO - Output Tokens: 19755
2026-05-16 23:27:14,894 - INFO - Total Tokens: 73867
2026-05-16 23:27:14,894 - INFO - Final Chosen Candidate: Candidate C
2026-05-16 23:27:14,894 - INFO - Final Decision Method: consensus
2026-05-16 23:27:14,894 - INFO - Final Vote Count: {'Candidate C': 3}
2026-05-16 23:27:14,894 - INFO - Correct Candidate: Candidate C
2026-05-16 23:27:14,894 - INFO - Decision Correct: 1
2026-05-16 23:27:14,894 - INFO - Runtime: 114.40s
2026-05-16 23:27:14,894 - INFO - ======================================================================
