2026-05-08 11:24:07,684 - INFO - Metrics tracker initialized
{"id": 1, "ts": 1778232247.712568, "event": "memory_reset"}
{"id": 2, "ts": 1778232247.7162333, "event": "discussion_order", "round": 1, "order": ["agent_1", "agent_2", "agent_3"]}
2026-05-08 11:24:19,963 - INFO - Tokens - Input: 1782, Output: 1525, Total: 3307
{"id": 3, "ts": 1778232259.9647934, "event": "public_discussion_message", "round": 1, "agent": "agent_1", "message": "Current position: Candidate A\nConfidence/uncertainty: Moderate\nReasoning summary:\n- Key evidence used: Candidate A can anticipate dangerous situations, sees complex connections, has excellent spatial vision, and possesses very good leadership qualities \u2013 all critical for long\u2011distance flight safety and technical performance. Negative points are occasional difficulty taking criticism and a tendency to be unorganized, but these are less severe than outright uncooperative or arrogant behavior.\n- Evidence from others: No other agents have contributed yet.\n- Alternatives considered: Candidate B (strong stress handling and technical skills but noted as grumpy and uncooperative); Candidate C (100\u202f% reliable and creates a positive crew atmosphere but has communication difficulties and is egocentric); Candidate D (excellent problem\u2011solving and responsibility but regarded as arrogant with weak leadership). Each alternative carries cooperation drawbacks comparable to or greater than A\u2019s.\n- Main tradeoff: Balancing high technical and leadership capability (A) against cooperation\u2011related negatives. A\u2019s negatives are milder (criticism, unorganized) than the more severe uncooperativeness or arrogance seen in B, C, and D.\n- Remaining uncertainty: How A\u2019s difficulty with criticism and lack of organization will affect day\u2011to\u2011day crew interaction and flight safety over long routes.\n- What would change my vote: Convincing evidence that another candidate demonstrates markedly better cooperation (no criticism issues, no uncooperativeness) while matching or exceeding A\u2019s technical and safety\u2011related strengths.\nMETADATA_JSON:\n{\"agent\": \"agent_1\", \"vote\": \"Candidate A\"}"}
2026-05-08 11:24:19,964 - INFO - Agent turns: 1
2026-05-08 11:24:28,863 - INFO - Tokens - Input: 1777, Output: 1298, Total: 3075
2026-05-08 11:24:28,865 - INFO - Memory updates: 1
{"id": 4, "ts": 1778232268.8657224, "event": "memory_updated", "agent": "agent_1", "round": 1}
2026-05-08 11:24:32,519 - INFO - Tokens - Input: 1772, Output: 1495, Total: 3267
2026-05-08 11:24:32,521 - INFO - Memory updates: 2
{"id": 5, "ts": 1778232272.5213695, "event": "memory_updated", "agent": "agent_3", "round": 1}
2026-05-08 11:24:32,620 - INFO - Tokens - Input: 1780, Output: 1348, Total: 3128
2026-05-08 11:24:32,622 - INFO - Memory updates: 3
{"id": 6, "ts": 1778232272.6224992, "event": "memory_updated", "agent": "agent_2", "round": 1}
2026-05-08 11:24:38,396 - INFO - Tokens - Input: 2589, Output: 771, Total: 3360
{"id": 7, "ts": 1778232278.3976989, "event": "public_discussion_message", "round": 1, "agent": "agent_2", "message": "Current position: Candidate A\nConfidence/uncertainty: Moderate\nReasoning summary:\n- Key evidence used: Candidate A anticipates dangerous situations, sees complex connections, has excellent spatial vision, and possesses very good leadership qualities \u2013 all critical for long\u2011distance flight safety and technical performance. Negative traits noted are being regarded as a show\u2011off, not open to new ideas, and difficulty taking criticism, which are cooperation concerns but appear less severe than outright uncooperative behavior.\n- Evidence from others: Agent\u202f1 has also supported Candidate A, emphasizing the same safety\u2011critical strengths and judging the cooperation drawbacks as milder than those of other candidates.\n- Alternatives considered: Candidate B (strong stress handling and technical skills but makes nasty remarks about colleagues); Candidate C (quick decision\u2011making and calmness but poor communication, egocentric, unwilling to further education); Candidate D (excellent problem\u2011solving and responsibility but known as a know\u2011it\u2011all with a hot temper). Each alternative presents cooperation issues that are more severe than A\u2019s.\n- Main tradeoff: Balancing A\u2019s superior technical and leadership profile against its moderate cooperation drawbacks versus the stronger cooperation negatives of B, C, and D.\n- Remaining uncertainty: How A\u2019s difficulty with criticism and resistance to new ideas will affect day\u2011to\u2011day crew interaction on long routes.\n- What would change my vote: Convincing evidence that another candidate matches or exceeds A\u2019s technical and leadership strengths while demonstrating markedly better cooperation (no criticism issues, no arrogance or hostility) would shift my preference.\nMETADATA_JSON:\n{\"agent\": \"agent_2\", \"vote\": \"Candidate A\"}"}
2026-05-08 11:24:38,397 - INFO - Agent turns: 2
2026-05-08 11:24:45,151 - INFO - Tokens - Input: 2611, Output: 908, Total: 3519
2026-05-08 11:24:45,153 - INFO - Memory updates: 4
{"id": 8, "ts": 1778232285.153395, "event": "memory_updated", "agent": "agent_2", "round": 1}
2026-05-08 11:24:45,694 - INFO - Tokens - Input: 2611, Output: 1080, Total: 3691
2026-05-08 11:24:45,695 - INFO - Memory updates: 5
{"id": 9, "ts": 1778232285.6958148, "event": "memory_updated", "agent": "agent_1", "round": 1}
2026-05-08 11:24:47,868 - INFO - Tokens - Input: 2735, Output: 1315, Total: 4050
2026-05-08 11:24:47,870 - INFO - Memory updates: 6
{"id": 10, "ts": 1778232287.8702497, "event": "memory_updated", "agent": "agent_3", "round": 1}
2026-05-08 11:24:58,210 - INFO - Tokens - Input: 3066, Output: 1543, Total: 4609
{"id": 11, "ts": 1778232298.211867, "event": "public_discussion_message", "round": 1, "agent": "agent_3", "message": "Current position: Candidate D\nConfidence/uncertainty: Moderate\nReasoning summary:\n- Key evidence used: Candidate D responds adequately to unexpected events, concentrates very well, solves problems extremely well, and takes responsibility seriously \u2013 covering calmness under pressure, technical competence, and high responsibility. These traits are essential for long\u2011distance flights where unexpected situations and sustained focus are common.\n- Evidence from others: Agents\u202f1 and\u202f2 highlighted cooperation drawbacks for all candidates. For D they noted \u201cconsidered moody,\u201d \u201cregarded as a loner,\u201d and \u201cknown as a \u2018know\u2011it\u2011all\u2019 with a hot temper.\u201d Compared with the other candidates, D\u2019s negatives are mood\u2011related and social isolation rather than overt hostility (e.g., pretentiousness, nasty remarks, or unfriendly/show\u2011off behavior) that could directly disrupt crew interaction.\n- Alternatives considered:\n  * Candidate A \u2013 strongest technical and leadership profile but multiple cooperation negatives (unfriendly, show\u2011off, resistant to new ideas) that could erode crew harmony.\n  * Candidate B \u2013 good stress handling and technical skills but pretentiousness, wrong tone, and nasty remarks present clear interpersonal risks.\n  * Candidate C \u2013 quick decision\u2011making, concern for others, and calmness, yet communication difficulty, egocentric attitude, and lack of willingness to further education raise concerns about teamwork and adaptability.\n- Main tradeoff: Balancing D\u2019s excellent problem\u2011solving, responsibility, and calmness against its moodiness and loner perception. The tradeoff favors D because its cooperation issues are less overtly antagonistic than the direct hostility or unfriendliness seen in the other candidates.\n- Remaining uncertainty: How D\u2019s moodiness and loner tendency will manifest over many hours in a confined cockpit and whether it will affect crew morale or communication during prolonged flights.\n- What would change my vote: Convincing evidence that another candidate matches D\u2019s technical and responsibility strengths while demonstrating clearly superior, conflict\u2011free cooperation (e.g., no moodiness, no isolation, and strong interpersonal communication) would shift my preference.\nMETADATA_JSON:\n{\"agent\": \"agent_3\", \"vote\": \"Candidate D\"}"}
2026-05-08 11:24:58,212 - INFO - Agent turns: 3
2026-05-08 11:25:07,572 - INFO - Tokens - Input: 3145, Output: 1329, Total: 4474
2026-05-08 11:25:07,574 - INFO - Memory updates: 7
{"id": 12, "ts": 1778232307.5747263, "event": "memory_updated", "agent": "agent_1", "round": 1}
2026-05-08 11:25:07,763 - INFO - Tokens - Input: 3030, Output: 1197, Total: 4227
2026-05-08 11:25:07,765 - INFO - Memory updates: 8
{"id": 13, "ts": 1778232307.7651374, "event": "memory_updated", "agent": "agent_2", "round": 1}
2026-05-08 11:25:08,301 - INFO - Tokens - Input: 3311, Output: 1347, Total: 4658
2026-05-08 11:25:08,302 - INFO - Memory updates: 9
{"id": 14, "ts": 1778232308.303079, "event": "memory_updated", "agent": "agent_3", "round": 1}
2026-05-08 11:25:08,311 - INFO - Loop 1 completed
{"id": 15, "ts": 1778232308.3181722, "event": "discussion_order", "round": 2, "order": ["agent_3", "agent_1", "agent_2"]}
2026-05-08 11:25:14,442 - INFO - Tokens - Input: 3526, Output: 956, Total: 4482
{"id": 16, "ts": 1778232314.4442453, "event": "public_discussion_message", "round": 2, "agent": "agent_3", "message": "Current position: Candidate A\nConfidence/uncertainty: Moderate \u2013 leaning toward A but still aware of cooperation concerns\nReasoning summary:\n- Key evidence used: Candidate\u202fA anticipates dangerous situations, sees complex connections, has excellent spatial vision, and possesses very good leadership qualities \u2013 all core technical and command attributes for long\u2011distance flights.\n- Evidence from others: Both Agent\u202f1 and Agent\u202f2 have already endorsed Candidate\u202fA, emphasizing the same safety\u2011critical strengths and judging the cooperation drawbacks (unfriendly, show\u2011off, not open to new ideas) as less severe than the outright hostility reported for other candidates.\n- Alternatives considered:\n  * Candidate\u202fB \u2013 strong stress handling and technical skills but pretentiousness, wrong tone, and nasty remarks present clear interpersonal risks.\n  * Candidate\u202fC \u2013 quick decision\u2011making and concern for others, yet communication difficulty, egocentric attitude, and lack of willingness to further education undermine teamwork.\n  * Candidate\u202fD \u2013 excellent problem\u2011solving, concentration, and responsibility, but moodiness, loner tendency, and a hot\u2011temper \u201cknow\u2011it\u2011all\u201d attitude raise serious crew\u2011cooperation concerns and it lacks demonstrated leadership.\n- Main tradeoff: Balancing A\u2019s superior technical and leadership profile against its cooperation negatives (unfriendly, show\u2011off, resistance to new ideas) versus D\u2019s strong problem\u2011solving and responsibility but moodiness and social isolation. The leadership edge of A is judged to outweigh its moderate cooperation issues.\n- Remaining uncertainty: How Candidate\u202fA\u2019s unfriendly and show\u2011off behavior will manifest over many hours in a confined cockpit and whether it will erode crew morale or impede effective communication.\n- What would change my vote: Credible evidence that Candidate\u202fA\u2019s cooperation deficits lead to concrete safety\u2011critical conflicts, or convincing evidence that Candidate\u202fD\u2019s moodiness and loner tendencies result in even greater crew\u2011interaction failures while matching or exceeding A\u2019s technical and leadership strengths.\nMETADATA_JSON:\n{\"agent\": \"agent_3\", \"vote\": \"Candidate A\"}"}
2026-05-08 11:25:14,444 - INFO - Agent turns: 4
2026-05-08 11:25:21,735 - INFO - Tokens - Input: 3709, Output: 1194, Total: 4903
2026-05-08 11:25:21,737 - INFO - Memory updates: 10
{"id": 17, "ts": 1778232321.7375798, "event": "memory_updated", "agent": "agent_3", "round": 2}
2026-05-08 11:25:22,502 - INFO - Tokens - Input: 3571, Output: 1587, Total: 5158
2026-05-08 11:25:22,503 - INFO - Memory updates: 11
{"id": 18, "ts": 1778232322.5035987, "event": "memory_updated", "agent": "agent_2", "round": 2}
2026-05-08 11:25:22,795 - INFO - Tokens - Input: 3612, Output: 1318, Total: 4930
2026-05-08 11:25:22,796 - INFO - Memory updates: 12
{"id": 19, "ts": 1778232322.7969863, "event": "memory_updated", "agent": "agent_1", "round": 2}
2026-05-08 11:25:26,273 - INFO - Tokens - Input: 3921, Output: 460, Total: 4381
{"id": 20, "ts": 1778232326.274815, "event": "public_discussion_message", "round": 2, "agent": "agent_1", "message": "Current position: Candidate A\nConfidence/uncertainty: Moderate (around 60\u202f%)\nReasoning summary:\n- Key evidence used: Candidate\u202fA anticipates dangerous situations, sees complex connections, has excellent spatial vision, and possesses very good leadership qualities \u2013 core technical and command attributes for long\u2011distance flights.\n- Evidence from others: Agents\u202f2 and\u202f3 have also highlighted A\u2019s safety\u2011critical strengths and judged the cooperation drawbacks (unfriendly, show\u2011off, resistance to new ideas, difficulty taking criticism, occasional disorganization) as less severe than the outright hostility or arrogance reported for the other candidates.\n- Alternatives considered:\n  * Candidate\u202fB \u2013 strong stress handling, weather assessment, and computer skills, but noted as grumpy, uncooperative, and making nasty remarks, which are serious cooperation risks.\n  * Candidate\u202fC \u2013 100\u202f% reliable and creates a positive crew atmosphere, yet has communication difficulties, is egocentric, and is not eager to continue education, limiting teamwork and adaptability.\n  * Candidate\u202fD \u2013 excellent problem\u2011solving, concentration, and responsibility, but regarded as arrogant, has weak leadership, and is described as moody, loner, and hot\u2011tempered, posing significant crew\u2011interaction concerns.\n- Main tradeoff: Balancing A\u2019s superior technical and leadership profile against its moderate cooperation drawbacks versus the stronger cooperation negatives of B, C, and D. The leadership edge and safety\u2011critical abilities of A outweigh its milder interpersonal issues.\n- Remaining uncertainty: How A\u2019s unfriendly/show\u2011off attitude and difficulty with criticism will manifest over long flights and affect crew morale and communication in practice.\n- What would change my vote: Convincing evidence that another candidate matches or exceeds A\u2019s technical and leadership strengths while demonstrating clearly superior, conflict\u2011free cooperation (no hostility, arrogance, or moodiness) would shift my preference.\nMETADATA_JSON:\n{\"agent\": \"agent_1\", \"vote\": \"Candidate A\"}"}
2026-05-08 11:25:26,274 - INFO - Agent turns: 5
2026-05-08 11:25:35,144 - INFO - Tokens - Input: 4082, Output: 1088, Total: 5170
2026-05-08 11:25:35,146 - INFO - Memory updates: 13
{"id": 21, "ts": 1778232335.1468487, "event": "memory_updated", "agent": "agent_1", "round": 2}
2026-05-08 11:25:38,930 - INFO - Tokens - Input: 4178, Output: 2016, Total: 6194
2026-05-08 11:25:38,932 - INFO - Memory updates: 14
{"id": 22, "ts": 1778232338.932659, "event": "memory_updated", "agent": "agent_2", "round": 2}
2026-05-08 11:25:40,165 - INFO - Tokens - Input: 4035, Output: 1742, Total: 5777
2026-05-08 11:25:40,166 - INFO - Memory updates: 15
{"id": 23, "ts": 1778232340.1670754, "event": "memory_updated", "agent": "agent_3", "round": 2}
2026-05-08 11:25:44,978 - INFO - Tokens - Input: 4409, Output: 592, Total: 5001
{"id": 24, "ts": 1778232344.9804869, "event": "public_discussion_message", "round": 2, "agent": "agent_2", "message": "Current position: Candidate A\nConfidence/uncertainty: Moderate (\u224860\u202f%)\nReasoning summary:\n- Key evidence used: Candidate\u202fA anticipates dangerous situations, sees complex connections, has excellent spatial vision, and demonstrates very good leadership qualities \u2013 all essential for long\u2011distance flight safety and command. Additional positive note from my own material: 100\u202f% reliability in past missions.\n- Evidence from others: Agents\u202f1 and\u202f3 have also highlighted A\u2019s technical and leadership strengths and judged the cooperation drawbacks (show\u2011off attitude, not open to new ideas, difficulty taking criticism, occasional disorganization) as milder than the outright hostility or arrogance reported for the other candidates.\n- Alternatives considered:\n  * Candidate\u202fB \u2013 strong stress handling, weather assessment, and computer skills, but makes nasty remarks, is grumpy and uncooperative.\n  * Candidate\u202fC \u2013 quick decision\u2011making, calm in crisis, 100\u202f% reliable and creates a positive crew atmosphere, yet has poor communication, is egocentric, and lacks willingness to continue education.\n  * Candidate\u202fD \u2013 excellent problem\u2011solving, concentration, and responsibility, but is seen as a know\u2011it\u2011all, has a hot temper, moodiness, and weak leadership.\n- Main tradeoff: Balancing A\u2019s superior technical and leadership profile against its moderate cooperation issues versus the stronger interpersonal risks (hostility, egocentrism, moodiness) of the other candidates.\n- Remaining uncertainty: How A\u2019s show\u2011off behavior, resistance to new ideas, and occasional disorganization will actually affect crew coordination and morale on multi\u2011hour flights.\n- What would change my vote: Credible evidence that A\u2019s cooperation deficits lead to concrete safety\u2011critical conflicts, or evidence that another candidate matches or exceeds A\u2019s technical and leadership strengths while demonstrating clearly superior, conflict\u2011free cooperation.\nMETADATA_JSON:\n{\"agent\": \"agent_2\", \"vote\": \"Candidate A\"}"}
2026-05-08 11:25:44,980 - INFO - Agent turns: 6
2026-05-08 11:25:50,909 - INFO - Tokens - Input: 4564, Output: 1049, Total: 5613
2026-05-08 11:25:50,911 - INFO - Memory updates: 16
{"id": 25, "ts": 1778232350.911548, "event": "memory_updated", "agent": "agent_2", "round": 2}
2026-05-08 11:25:53,961 - INFO - Tokens - Input: 4618, Output: 1334, Total: 5952
2026-05-08 11:25:53,963 - INFO - Memory updates: 17
{"id": 26, "ts": 1778232353.9635963, "event": "memory_updated", "agent": "agent_3", "round": 2}
2026-05-08 11:26:04,304 - INFO - Tokens - Input: 4450, Output: 2111, Total: 6561
2026-05-08 11:26:04,306 - INFO - Memory updates: 18
{"id": 27, "ts": 1778232364.3067365, "event": "memory_updated", "agent": "agent_1", "round": 2}
2026-05-08 11:26:04,317 - INFO - Loop 2 completed
2026-05-08 11:26:04,317 - INFO - Final Chosen Candidate: Candidate A
2026-05-08 11:26:04,317 - INFO - Final Decision Method: consensus
2026-05-08 11:26:04,317 - INFO - Final Vote Count: {'Candidate A': 3}
2026-05-08 11:26:04,317 - INFO - Correct Candidate: Candidate C
2026-05-08 11:26:04,318 - INFO - Decision Correct: 0
{"id": 28, "ts": 1778232364.6326537, "event": "context_consistency_calculated", "method": "embedding_cosine", "mean_pairwise_similarity": 0.826324, "pairwise": [{"agent_a": "agent_1", "agent_b": "agent_2", "similarity": 0.857664}, {"agent_a": "agent_1", "agent_b": "agent_3", "similarity": 0.789179}, {"agent_a": "agent_2", "agent_b": "agent_3", "similarity": 0.83213}]}
{"id": 29, "ts": 1778232364.632834, "event": "agent_memories_archived", "directory": "/home/lhegemann/git/bachelor_thesis/01_data/raw/simulations/high/high_treatment_20260508_080303_028/shared_mental_models", "round": 2}
{"id": 30, "ts": 1778232364.6329548, "event": "final_decision", "candidate": "Candidate A", "method": "consensus", "vote_count": {"Candidate A": 3}, "correct_candidate": "Candidate C", "decision_correct": 0, "round": 2}
2026-05-08 11:26:04,642 - INFO - ======================================================================
2026-05-08 11:26:04,642 - INFO - SIMULATION METRICS
2026-05-08 11:26:04,642 - INFO - ======================================================================
2026-05-08 11:26:04,642 - INFO - Total Loops: 2
2026-05-08 11:26:04,642 - INFO - Agent Turns (no vote checker): 6
2026-05-08 11:26:04,642 - INFO - Agent Tool Calls: 0
2026-05-08 11:26:04,642 - INFO - Agent Tool Messages: 0
2026-05-08 11:26:04,643 - INFO - Memory Updates: 18
2026-05-08 11:26:04,643 - INFO - Total Messages (no vote checker): 6
2026-05-08 11:26:04,643 - INFO - Input Tokens: 78884
2026-05-08 11:26:04,643 - INFO - Output Tokens: 30603
2026-05-08 11:26:04,643 - INFO - Total Tokens: 109487
2026-05-08 11:26:04,643 - INFO - Final Chosen Candidate: Candidate A
2026-05-08 11:26:04,643 - INFO - Final Decision Method: consensus
2026-05-08 11:26:04,643 - INFO - Final Vote Count: {'Candidate A': 3}
2026-05-08 11:26:04,643 - INFO - Correct Candidate: Candidate C
2026-05-08 11:26:04,643 - INFO - Decision Correct: 0
2026-05-08 11:26:04,643 - INFO - Runtime: 116.96s
2026-05-08 11:26:04,643 - INFO - ======================================================================
