2026-05-06 19:30:19,541 - INFO - Metrics tracker initialized
{"id": 1, "ts": 1778088619.565765, "event": "memory_reset"}
{"id": 2, "ts": 1778088619.5691512, "event": "discussion_order", "round": 1, "order": ["agent_3", "agent_2", "agent_1"]}
2026-05-06 19:30:25,305 - INFO - Tokens - Input: 1681, Output: 515, Total: 2196
{"id": 3, "ts": 1778088625.3067083, "event": "public_discussion_message", "round": 1, "agent": "agent_3", "message": "I prefer Candidate B; handles stress very well.\nMETADATA_JSON:\n{\"agent\": \"agent_3\", \"vote\": \"Candidate B\"}"}
2026-05-06 19:30:25,306 - INFO - Agent turns: 1
2026-05-06 19:30:34,486 - INFO - Tokens - Input: 1186, Output: 1216, Total: 2402
2026-05-06 19:30:34,488 - INFO - Memory updates: 1
{"id": 4, "ts": 1778088634.4885232, "event": "memory_updated", "agent": "agent_3", "round": 1}
2026-05-06 19:30:34,580 - INFO - Tokens - Input: 1194, Output: 1314, Total: 2508
2026-05-06 19:30:34,582 - INFO - Memory updates: 2
{"id": 5, "ts": 1778088634.5823202, "event": "memory_updated", "agent": "agent_2", "round": 1}
2026-05-06 19:30:34,881 - INFO - Tokens - Input: 1191, Output: 1153, Total: 2344
2026-05-06 19:30:34,883 - INFO - Memory updates: 3
{"id": 6, "ts": 1778088634.8833761, "event": "memory_updated", "agent": "agent_1", "round": 1}
2026-05-06 19:30:38,076 - INFO - Tokens - Input: 2228, Output: 429, Total: 2657
{"id": 7, "ts": 1778088638.0781105, "event": "public_discussion_message", "round": 1, "agent": "agent_2", "message": "Candidate A \u2013 excellent spatial vision.\nMETADATA_JSON:\n{\"agent\": \"agent_2\", \"vote\": \"Candidate A\"}"}
2026-05-06 19:30:38,078 - INFO - Agent turns: 2
2026-05-06 19:30:44,461 - INFO - Tokens - Input: 1724, Output: 1038, Total: 2762
2026-05-06 19:30:44,463 - INFO - Memory updates: 4
{"id": 8, "ts": 1778088644.4635203, "event": "memory_updated", "agent": "agent_3", "round": 1}
2026-05-06 19:30:44,620 - INFO - Tokens - Input: 1732, Output: 979, Total: 2711
2026-05-06 19:30:44,621 - INFO - Memory updates: 5
{"id": 9, "ts": 1778088644.6219804, "event": "memory_updated", "agent": "agent_2", "round": 1}
2026-05-06 19:30:45,906 - INFO - Tokens - Input: 1643, Output: 1009, Total: 2652
2026-05-06 19:30:45,908 - INFO - Memory updates: 6
{"id": 10, "ts": 1778088645.9085371, "event": "memory_updated", "agent": "agent_1", "round": 1}
2026-05-06 19:30:51,303 - INFO - Tokens - Input: 2159, Output: 585, Total: 2744
{"id": 11, "ts": 1778088651.304763, "event": "public_discussion_message", "round": 1, "agent": "agent_1", "message": "I prefer Candidate A; very good leadership qualities.\nMETADATA_JSON:\n{\"agent\": \"agent_1\", \"vote\": \"Candidate A\"}"}
2026-05-06 19:30:51,304 - INFO - Agent turns: 3
2026-05-06 19:30:57,717 - INFO - Tokens - Input: 1765, Output: 1172, Total: 2937
2026-05-06 19:30:57,718 - INFO - Memory updates: 7
{"id": 12, "ts": 1778088657.7190645, "event": "memory_updated", "agent": "agent_3", "round": 1}
2026-05-06 19:30:59,818 - INFO - Tokens - Input: 1669, Output: 1086, Total: 2755
2026-05-06 19:30:59,819 - INFO - Memory updates: 8
{"id": 13, "ts": 1778088659.8201332, "event": "memory_updated", "agent": "agent_1", "round": 1}
2026-05-06 19:31:04,029 - INFO - Tokens - Input: 1795, Output: 1649, Total: 3444
2026-05-06 19:31:04,031 - INFO - Memory updates: 9
{"id": 14, "ts": 1778088664.0314767, "event": "memory_updated", "agent": "agent_2", "round": 1}
2026-05-06 19:31:04,040 - INFO - Loop 1 completed
{"id": 15, "ts": 1778088664.046676, "event": "discussion_order", "round": 2, "order": ["agent_1", "agent_3", "agent_2"]}
2026-05-06 19:31:04,918 - INFO - Tokens - Input: 2406, Output: 133, Total: 2539
{"id": 16, "ts": 1778088664.9195282, "event": "public_discussion_message", "round": 2, "agent": "agent_1", "message": "Candidate A; very good leadership qualities.\nMETADATA_JSON:\n{\"agent\": \"agent_1\", \"vote\": \"Candidate A\"}"}
2026-05-06 19:31:04,919 - INFO - Agent turns: 4
2026-05-06 19:31:10,440 - INFO - Tokens - Input: 1800, Output: 1069, Total: 2869
2026-05-06 19:31:10,442 - INFO - Memory updates: 10
{"id": 17, "ts": 1778088670.4425406, "event": "memory_updated", "agent": "agent_3", "round": 2}
2026-05-06 19:31:13,647 - INFO - Tokens - Input: 1894, Output: 1078, Total: 2972
2026-05-06 19:31:13,648 - INFO - Memory updates: 11
{"id": 18, "ts": 1778088673.64893, "event": "memory_updated", "agent": "agent_1", "round": 2}
2026-05-06 19:31:14,374 - INFO - Tokens - Input: 1942, Output: 1251, Total: 3193
2026-05-06 19:31:14,375 - INFO - Memory updates: 12
{"id": 19, "ts": 1778088674.3759701, "event": "memory_updated", "agent": "agent_2", "round": 2}
2026-05-06 19:31:15,390 - INFO - Tokens - Input: 2336, Output: 100, Total: 2436
{"id": 20, "ts": 1778088675.3918042, "event": "public_discussion_message", "round": 2, "agent": "agent_3", "message": "Candidate B; handles stress very well.\nMETADATA_JSON:\n{\"agent\": \"agent_3\", \"vote\": \"Candidate B\"}"}
2026-05-06 19:31:15,391 - INFO - Agent turns: 5
2026-05-06 19:31:20,130 - INFO - Tokens - Input: 2014, Output: 767, Total: 2781
2026-05-06 19:31:20,133 - INFO - Memory updates: 13
{"id": 21, "ts": 1778088680.1332357, "event": "memory_updated", "agent": "agent_2", "round": 2}
2026-05-06 19:31:20,826 - INFO - Tokens - Input: 1842, Output: 951, Total: 2793
2026-05-06 19:31:20,828 - INFO - Memory updates: 14
{"id": 22, "ts": 1778088680.8285594, "event": "memory_updated", "agent": "agent_3", "round": 2}
2026-05-06 19:31:21,215 - INFO - Tokens - Input: 1938, Output: 790, Total: 2728
2026-05-06 19:31:21,217 - INFO - Memory updates: 15
{"id": 23, "ts": 1778088681.2177548, "event": "memory_updated", "agent": "agent_1", "round": 2}
2026-05-06 19:31:22,369 - INFO - Tokens - Input: 2065, Output: 145, Total: 2210
{"id": 24, "ts": 1778088682.3707223, "event": "public_discussion_message", "round": 2, "agent": "agent_2", "message": "Candidate A \u2013 excellent spatial vision.\nMETADATA_JSON:\n{\"agent\": \"agent_2\", \"vote\": \"Candidate A\"}"}
2026-05-06 19:31:22,370 - INFO - Agent turns: 6
2026-05-06 19:31:26,663 - INFO - Tokens - Input: 1556, Output: 758, Total: 2314
2026-05-06 19:31:26,665 - INFO - Memory updates: 16
{"id": 25, "ts": 1778088686.665258, "event": "memory_updated", "agent": "agent_1", "round": 2}
2026-05-06 19:31:27,480 - INFO - Tokens - Input: 1569, Output: 694, Total: 2263
2026-05-06 19:31:27,481 - INFO - Memory updates: 17
{"id": 26, "ts": 1778088687.4819245, "event": "memory_updated", "agent": "agent_2", "round": 2}
2026-05-06 19:31:29,647 - INFO - Tokens - Input: 1888, Output: 1181, Total: 3069
2026-05-06 19:31:29,649 - INFO - Memory updates: 18
{"id": 27, "ts": 1778088689.6496243, "event": "memory_updated", "agent": "agent_3", "round": 2}
2026-05-06 19:31:29,658 - INFO - Loop 2 completed
{"id": 28, "ts": 1778088689.6649067, "event": "discussion_order", "round": 3, "order": ["agent_1", "agent_2", "agent_3"]}
2026-05-06 19:31:30,452 - INFO - Tokens - Input: 2126, Output: 107, Total: 2233
{"id": 29, "ts": 1778088690.453867, "event": "public_discussion_message", "round": 3, "agent": "agent_1", "message": "Candidate A; very good leadership qualities.\nMETADATA_JSON:\n{\"agent\": \"agent_1\", \"vote\": \"Candidate A\"}"}
2026-05-06 19:31:30,454 - INFO - Agent turns: 7
2026-05-06 19:31:33,901 - INFO - Tokens - Input: 1614, Output: 610, Total: 2224
2026-05-06 19:31:33,902 - INFO - Memory updates: 19
{"id": 30, "ts": 1778088693.902874, "event": "memory_updated", "agent": "agent_1", "round": 3}
2026-05-06 19:31:37,121 - INFO - Tokens - Input: 1606, Output: 1035, Total: 2641
2026-05-06 19:31:37,122 - INFO - Memory updates: 20
{"id": 31, "ts": 1778088697.122796, "event": "memory_updated", "agent": "agent_2", "round": 3}
2026-05-06 19:31:37,909 - INFO - Tokens - Input: 1919, Output: 1021, Total: 2940
2026-05-06 19:31:37,911 - INFO - Memory updates: 21
{"id": 32, "ts": 1778088697.9114125, "event": "memory_updated", "agent": "agent_3", "round": 3}
2026-05-06 19:31:38,851 - INFO - Tokens - Input: 2175, Output: 125, Total: 2300
{"id": 33, "ts": 1778088698.853136, "event": "public_discussion_message", "round": 3, "agent": "agent_2", "message": "Candidate A \u2013 excellent spatial vision.\nMETADATA_JSON:\n{\"agent\": \"agent_2\", \"vote\": \"Candidate A\"}"}
2026-05-06 19:31:38,853 - INFO - Agent turns: 8
2026-05-06 19:31:44,115 - INFO - Tokens - Input: 1616, Output: 673, Total: 2289
2026-05-06 19:31:44,116 - INFO - Memory updates: 22
{"id": 34, "ts": 1778088704.1169918, "event": "memory_updated", "agent": "agent_1", "round": 3}
2026-05-06 19:31:45,317 - INFO - Tokens - Input: 1679, Output: 820, Total: 2499
2026-05-06 19:31:45,319 - INFO - Memory updates: 23
{"id": 35, "ts": 1778088705.3194442, "event": "memory_updated", "agent": "agent_2", "round": 3}
2026-05-06 19:31:47,661 - INFO - Tokens - Input: 1953, Output: 1176, Total: 3129
2026-05-06 19:31:47,663 - INFO - Memory updates: 24
{"id": 36, "ts": 1778088707.6638453, "event": "memory_updated", "agent": "agent_3", "round": 3}
2026-05-06 19:31:49,001 - INFO - Tokens - Input: 2485, Output: 125, Total: 2610
{"id": 37, "ts": 1778088709.0026162, "event": "public_discussion_message", "round": 3, "agent": "agent_3", "message": "Candidate B; handles stress very well.\nMETADATA_JSON:\n{\"agent\": \"agent_3\", \"vote\": \"Candidate B\"}"}
2026-05-06 19:31:49,002 - INFO - Agent turns: 9
2026-05-06 19:31:55,531 - INFO - Tokens - Input: 1657, Output: 880, Total: 2537
2026-05-06 19:31:55,533 - INFO - Memory updates: 25
{"id": 38, "ts": 1778088715.5335836, "event": "memory_updated", "agent": "agent_1", "round": 3}
2026-05-06 19:31:55,740 - INFO - Tokens - Input: 1716, Output: 907, Total: 2623
2026-05-06 19:31:55,741 - INFO - Memory updates: 26
{"id": 39, "ts": 1778088715.7416894, "event": "memory_updated", "agent": "agent_2", "round": 3}
2026-05-06 19:31:56,006 - INFO - Tokens - Input: 1991, Output: 979, Total: 2970
2026-05-06 19:31:56,007 - INFO - Memory updates: 27
{"id": 40, "ts": 1778088716.0080667, "event": "memory_updated", "agent": "agent_3", "round": 3}
2026-05-06 19:31:56,016 - INFO - Loop 3 completed
{"id": 41, "ts": 1778088716.0219357, "event": "discussion_order", "round": 4, "order": ["agent_3", "agent_2", "agent_1"]}
2026-05-06 19:31:57,081 - INFO - Tokens - Input: 2493, Output: 150, Total: 2643
{"id": 42, "ts": 1778088717.0821753, "event": "public_discussion_message", "round": 4, "agent": "agent_3", "message": "Candidate B; handles stress very well.\nMETADATA_JSON:\n{\"agent\": \"agent_3\", \"vote\": \"Candidate B\"}"}
2026-05-06 19:31:57,082 - INFO - Agent turns: 10
2026-05-06 19:32:03,200 - INFO - Tokens - Input: 1752, Output: 873, Total: 2625
2026-05-06 19:32:03,202 - INFO - Memory updates: 28
{"id": 43, "ts": 1778088723.2041316, "event": "memory_updated", "agent": "agent_2", "round": 4}
2026-05-06 19:32:03,581 - INFO - Tokens - Input: 1705, Output: 1048, Total: 2753
2026-05-06 19:32:03,583 - INFO - Memory updates: 29
{"id": 44, "ts": 1778088723.5832162, "event": "memory_updated", "agent": "agent_1", "round": 4}
2026-05-06 19:32:04,493 - INFO - Tokens - Input: 1981, Output: 1021, Total: 3002
2026-05-06 19:32:04,495 - INFO - Memory updates: 30
{"id": 45, "ts": 1778088724.4952354, "event": "memory_updated", "agent": "agent_3", "round": 4}
2026-05-06 19:32:05,647 - INFO - Tokens - Input: 2298, Output: 130, Total: 2428
{"id": 46, "ts": 1778088725.648886, "event": "public_discussion_message", "round": 4, "agent": "agent_2", "message": "Candidate A \u2013 excellent spatial vision.\nMETADATA_JSON:\n{\"agent\": \"agent_2\", \"vote\": \"Candidate A\"}"}
2026-05-06 19:32:05,649 - INFO - Agent turns: 11
2026-05-06 19:32:12,936 - INFO - Tokens - Input: 1802, Output: 1119, Total: 2921
2026-05-06 19:32:12,937 - INFO - Memory updates: 31
{"id": 47, "ts": 1778088732.9380255, "event": "memory_updated", "agent": "agent_2", "round": 4}
2026-05-06 19:32:13,744 - INFO - Tokens - Input: 2015, Output: 1482, Total: 3497
2026-05-06 19:32:13,745 - INFO - Memory updates: 32
{"id": 48, "ts": 1778088733.745925, "event": "memory_updated", "agent": "agent_3", "round": 4}
2026-05-06 19:32:13,822 - INFO - Tokens - Input: 1742, Output: 1036, Total: 2778
2026-05-06 19:32:13,823 - INFO - Memory updates: 33
{"id": 49, "ts": 1778088733.8233762, "event": "memory_updated", "agent": "agent_1", "round": 4}
2026-05-06 19:32:15,011 - INFO - Tokens - Input: 2254, Output: 125, Total: 2379
{"id": 50, "ts": 1778088735.0124242, "event": "public_discussion_message", "round": 4, "agent": "agent_1", "message": "Candidate A; very good leadership qualities.\nMETADATA_JSON:\n{\"agent\": \"agent_1\", \"vote\": \"Candidate A\"}"}
2026-05-06 19:32:15,012 - INFO - Agent turns: 12
2026-05-06 19:32:20,950 - INFO - Tokens - Input: 1760, Output: 653, Total: 2413
2026-05-06 19:32:20,951 - INFO - Memory updates: 34
{"id": 51, "ts": 1778088740.9518704, "event": "memory_updated", "agent": "agent_1", "round": 4}
2026-05-06 19:32:21,838 - INFO - Tokens - Input: 2064, Output: 955, Total: 3019
2026-05-06 19:32:21,840 - INFO - Memory updates: 35
{"id": 52, "ts": 1778088741.8403847, "event": "memory_updated", "agent": "agent_3", "round": 4}
2026-05-06 19:32:22,890 - INFO - Tokens - Input: 1859, Output: 990, Total: 2849
2026-05-06 19:32:22,891 - INFO - Memory updates: 36
{"id": 53, "ts": 1778088742.8915412, "event": "memory_updated", "agent": "agent_2", "round": 4}
2026-05-06 19:32:22,908 - INFO - Loop 4 completed
{"id": 54, "ts": 1778088742.9149024, "event": "discussion_order", "round": 5, "order": ["agent_2", "agent_3", "agent_1"]}
2026-05-06 19:32:24,290 - INFO - Tokens - Input: 2410, Output: 184, Total: 2594
{"id": 55, "ts": 1778088744.2916775, "event": "public_discussion_message", "round": 5, "agent": "agent_2", "message": "Candidate A \u2013 excellent spatial vision.\nMETADATA_JSON:\n{\"agent\": \"agent_2\", \"vote\": \"Candidate A\"}"}
2026-05-06 19:32:24,291 - INFO - Agent turns: 13
2026-05-06 19:32:31,698 - INFO - Tokens - Input: 1896, Output: 787, Total: 2683
2026-05-06 19:32:31,700 - INFO - Memory updates: 37
{"id": 56, "ts": 1778088751.7003353, "event": "memory_updated", "agent": "agent_2", "round": 5}
2026-05-06 19:32:32,479 - INFO - Tokens - Input: 1973, Output: 1165, Total: 3138
2026-05-06 19:32:32,481 - INFO - Memory updates: 38
{"id": 57, "ts": 1778088752.481569, "event": "memory_updated", "agent": "agent_3", "round": 5}
2026-05-06 19:32:32,996 - INFO - Tokens - Input: 1794, Output: 1019, Total: 2813
2026-05-06 19:32:32,998 - INFO - Memory updates: 39
{"id": 58, "ts": 1778088752.9984357, "event": "memory_updated", "agent": "agent_1", "round": 5}
2026-05-06 19:32:34,183 - INFO - Tokens - Input: 2509, Output: 145, Total: 2654
{"id": 59, "ts": 1778088754.1852298, "event": "public_discussion_message", "round": 5, "agent": "agent_3", "message": "I prefer Candidate B; handles stress very well.\nMETADATA_JSON:\n{\"agent\": \"agent_3\", \"vote\": \"Candidate B\"}"}
2026-05-06 19:32:34,185 - INFO - Agent turns: 14
2026-05-06 19:32:39,377 - INFO - Tokens - Input: 1877, Output: 761, Total: 2638
2026-05-06 19:32:39,378 - INFO - Memory updates: 40
{"id": 60, "ts": 1778088759.3787026, "event": "memory_updated", "agent": "agent_1", "round": 5}
2026-05-06 19:32:39,772 - INFO - Tokens - Input: 2019, Output: 968, Total: 2987
2026-05-06 19:32:39,773 - INFO - Memory updates: 41
{"id": 61, "ts": 1778088759.7739522, "event": "memory_updated", "agent": "agent_3", "round": 5}
2026-05-06 19:32:41,835 - INFO - Tokens - Input: 1903, Output: 1097, Total: 3000
2026-05-06 19:32:41,837 - INFO - Memory updates: 42
{"id": 62, "ts": 1778088761.8380237, "event": "memory_updated", "agent": "agent_2", "round": 5}
2026-05-06 19:32:43,021 - INFO - Tokens - Input: 2378, Output: 110, Total: 2488
{"id": 63, "ts": 1778088763.0226367, "event": "public_discussion_message", "round": 5, "agent": "agent_1", "message": "Candidate A; very good leadership qualities.\nMETADATA_JSON:\n{\"agent\": \"agent_1\", \"vote\": \"Candidate A\"}"}
2026-05-06 19:32:43,022 - INFO - Agent turns: 15
2026-05-06 19:32:49,136 - INFO - Tokens - Input: 1953, Output: 933, Total: 2886
2026-05-06 19:32:49,137 - INFO - Memory updates: 43
{"id": 64, "ts": 1778088769.1381106, "event": "memory_updated", "agent": "agent_2", "round": 5}
2026-05-06 19:32:49,865 - INFO - Tokens - Input: 1884, Output: 656, Total: 2540
2026-05-06 19:32:49,867 - INFO - Memory updates: 44
{"id": 65, "ts": 1778088769.8674462, "event": "memory_updated", "agent": "agent_1", "round": 5}
2026-05-06 19:32:51,428 - INFO - Tokens - Input: 2013, Output: 892, Total: 2905
2026-05-06 19:32:51,430 - INFO - Memory updates: 45
{"id": 66, "ts": 1778088771.4307268, "event": "memory_updated", "agent": "agent_3", "round": 5}
2026-05-06 19:32:51,439 - INFO - Loop 5 completed
2026-05-06 19:32:51,439 - INFO - Final Chosen Candidate: Candidate A
2026-05-06 19:32:51,439 - INFO - Final Decision Method: max_round_majority_vote
2026-05-06 19:32:51,439 - INFO - Final Vote Count: {'Candidate A': 2, 'Candidate B': 1}
2026-05-06 19:32:51,439 - INFO - Correct Candidate: Candidate C
2026-05-06 19:32:51,439 - INFO - Decision Correct: 0
{"id": 67, "ts": 1778088771.7189794, "event": "context_consistency_calculated", "method": "embedding_cosine", "mean_pairwise_similarity": 0.886288, "pairwise": [{"agent_a": "agent_1", "agent_b": "agent_2", "similarity": 0.906425}, {"agent_a": "agent_1", "agent_b": "agent_3", "similarity": 0.908317}, {"agent_a": "agent_2", "agent_b": "agent_3", "similarity": 0.844121}]}
{"id": 68, "ts": 1778088771.7190914, "event": "agent_memories_archived", "directory": "/home/lhegemann/git/bachelor_thesis/01_data/raw/simulations/low/low_20260506_181837_025/shared_mental_models", "round": 5}
{"id": 69, "ts": 1778088771.719135, "event": "final_decision", "candidate": "Candidate A", "method": "max_round_majority_vote", "vote_count": {"Candidate A": 2, "Candidate B": 1}, "correct_candidate": "Candidate C", "decision_correct": 0, "round": 5}
2026-05-06 19:32:51,730 - INFO - ======================================================================
2026-05-06 19:32:51,730 - INFO - SIMULATION METRICS
2026-05-06 19:32:51,730 - INFO - ======================================================================
2026-05-06 19:32:51,730 - INFO - Total Loops: 5
2026-05-06 19:32:51,730 - INFO - Agent Turns (no vote checker): 15
2026-05-06 19:32:51,731 - INFO - Agent Tool Calls: 0
2026-05-06 19:32:51,731 - INFO - Agent Tool Messages: 0
2026-05-06 19:32:51,731 - INFO - Memory Updates: 45
2026-05-06 19:32:51,731 - INFO - Total Messages (no vote checker): 15
2026-05-06 19:32:51,731 - INFO - Input Tokens: 114088
2026-05-06 19:32:51,731 - INFO - Output Tokens: 47819
2026-05-06 19:32:51,731 - INFO - Total Tokens: 161907
2026-05-06 19:32:51,731 - INFO - Final Chosen Candidate: Candidate A
2026-05-06 19:32:51,731 - INFO - Final Decision Method: max_round_majority_vote
2026-05-06 19:32:51,731 - INFO - Final Vote Count: {'Candidate A': 2, 'Candidate B': 1}
2026-05-06 19:32:51,731 - INFO - Correct Candidate: Candidate C
2026-05-06 19:32:51,731 - INFO - Decision Correct: 0
2026-05-06 19:32:51,731 - INFO - Runtime: 152.19s
2026-05-06 19:32:51,732 - INFO - ======================================================================
