2026-05-12 10:40:26,753 - INFO - Metrics tracker initialized
{"id": 1, "ts": 1778575226.782769, "event": "memory_reset"}
{"id": 2, "ts": 1778575226.7869272, "event": "discussion_order", "round": 1, "order": ["agent_1", "agent_3", "agent_2"]}
2026-05-12 10:40:33,331 - INFO - Tokens - Input: 1588, Output: 671, Total: 2259
{"id": 3, "ts": 1778575233.3342865, "event": "public_discussion_message", "round": 1, "agent": "agent_1", "message": "Candidate C \u2013 known to be 100% reliable.\nMETADATA_JSON:\n{\"agent\": \"agent_1\", \"vote\": \"Candidate C\"}"}
2026-05-12 10:40:33,334 - INFO - Agent turns: 1
2026-05-12 10:40:49,867 - INFO - Tokens - Input: 1237, Output: 1281, Total: 2518
2026-05-12 10:40:49,869 - INFO - Memory updates: 1
{"id": 4, "ts": 1778575249.8696177, "event": "memory_updated", "agent": "agent_2", "round": 1}
2026-05-12 10:40:55,800 - INFO - Tokens - Input: 1229, Output: 1897, Total: 3126
2026-05-12 10:40:55,802 - INFO - Memory updates: 2
{"id": 5, "ts": 1778575255.802553, "event": "memory_updated", "agent": "agent_3", "round": 1}
2026-05-12 10:40:55,828 - INFO - Tokens - Input: 1234, Output: 1899, Total: 3133
2026-05-12 10:40:55,830 - INFO - Memory updates: 3
{"id": 6, "ts": 1778575255.8309891, "event": "memory_updated", "agent": "agent_1", "round": 1}
2026-05-12 10:41:00,402 - INFO - Tokens - Input: 2490, Output: 521, Total: 3011
{"id": 7, "ts": 1778575260.4037426, "event": "public_discussion_message", "round": 1, "agent": "agent_3", "message": "Candidate B \u2013 handles stress very well.\nMETADATA_JSON:\n{\"agent\": \"agent_3\", \"vote\": \"Candidate B\"}"}
2026-05-12 10:41:00,403 - INFO - Agent turns: 2
2026-05-12 10:41:15,879 - INFO - Tokens - Input: 1977, Output: 1148, Total: 3125
2026-05-12 10:41:15,881 - INFO - Memory updates: 4
{"id": 8, "ts": 1778575275.8818762, "event": "memory_updated", "agent": "agent_2", "round": 1}
2026-05-12 10:41:17,583 - INFO - Tokens - Input: 1992, Output: 1325, Total: 3317
2026-05-12 10:41:17,585 - INFO - Memory updates: 5
{"id": 9, "ts": 1778575277.5855334, "event": "memory_updated", "agent": "agent_1", "round": 1}
2026-05-12 10:41:19,831 - INFO - Tokens - Input: 2135, Output: 1603, Total: 3738
2026-05-12 10:41:19,833 - INFO - Memory updates: 6
{"id": 10, "ts": 1778575279.8336663, "event": "memory_updated", "agent": "agent_3", "round": 1}
2026-05-12 10:41:24,639 - INFO - Tokens - Input: 2038, Output: 584, Total: 2622
{"id": 11, "ts": 1778575284.6408734, "event": "public_discussion_message", "round": 1, "agent": "agent_2", "message": "I prefer Candidate B \u2013 handles stress very well.\nMETADATA_JSON:\n{\"agent\": \"agent_2\", \"vote\": \"Candidate B\"}"}
2026-05-12 10:41:24,641 - INFO - Agent turns: 3
2026-05-12 10:41:36,289 - INFO - Tokens - Input: 2262, Output: 817, Total: 3079
2026-05-12 10:41:36,290 - INFO - Memory updates: 7
{"id": 12, "ts": 1778575296.291009, "event": "memory_updated", "agent": "agent_3", "round": 1}
2026-05-12 10:41:38,017 - INFO - Tokens - Input: 1687, Output: 1000, Total: 2687
2026-05-12 10:41:38,018 - INFO - Memory updates: 8
{"id": 13, "ts": 1778575298.0187576, "event": "memory_updated", "agent": "agent_2", "round": 1}
2026-05-12 10:41:40,342 - INFO - Tokens - Input: 1978, Output: 1295, Total: 3273
2026-05-12 10:41:40,344 - INFO - Memory updates: 9
{"id": 14, "ts": 1778575300.344783, "event": "memory_updated", "agent": "agent_1", "round": 1}
2026-05-12 10:41:40,354 - INFO - Loop 1 completed
{"id": 15, "ts": 1778575300.3609545, "event": "discussion_order", "round": 2, "order": ["agent_2", "agent_3", "agent_1"]}
2026-05-12 10:41:41,923 - INFO - Tokens - Input: 2113, Output: 169, Total: 2282
{"id": 16, "ts": 1778575301.9249542, "event": "public_discussion_message", "round": 2, "agent": "agent_2", "message": "I still favor Candidate\u202fB \u2013 weak numeric memory may affect navigation.\nMETADATA_JSON:\n{\"agent\": \"agent_2\", \"vote\": \"Candidate B\"}"}
2026-05-12 10:41:41,925 - INFO - Agent turns: 4
2026-05-12 10:41:55,654 - INFO - Tokens - Input: 1752, Output: 999, Total: 2751
2026-05-12 10:41:55,656 - INFO - Memory updates: 10
{"id": 17, "ts": 1778575315.656778, "event": "memory_updated", "agent": "agent_2", "round": 2}
2026-05-12 10:41:56,317 - INFO - Tokens - Input: 1628, Output: 1067, Total: 2695
2026-05-12 10:41:56,319 - INFO - Memory updates: 11
{"id": 18, "ts": 1778575316.3196473, "event": "memory_updated", "agent": "agent_3", "round": 2}
2026-05-12 10:41:57,272 - INFO - Tokens - Input: 1838, Output: 1190, Total: 3028
2026-05-12 10:41:57,273 - INFO - Memory updates: 12
{"id": 19, "ts": 1778575317.2740033, "event": "memory_updated", "agent": "agent_1", "round": 2}
2026-05-12 10:41:58,614 - INFO - Tokens - Input: 2062, Output: 140, Total: 2202
{"id": 20, "ts": 1778575318.6160977, "event": "public_discussion_message", "round": 2, "agent": "agent_3", "message": "I still favor Candidate\u202fB \u2013 weak numeric memory.\nMETADATA_JSON:\n{\"agent\": \"agent_3\", \"vote\": \"Candidate B\"}"}
2026-05-12 10:41:58,616 - INFO - Agent turns: 5
2026-05-12 10:42:08,143 - INFO - Tokens - Input: 1794, Output: 680, Total: 2474
2026-05-12 10:42:08,145 - INFO - Memory updates: 13
{"id": 21, "ts": 1778575328.145451, "event": "memory_updated", "agent": "agent_2", "round": 2}
2026-05-12 10:42:11,988 - INFO - Tokens - Input: 1713, Output: 1087, Total: 2800
2026-05-12 10:42:11,989 - INFO - Memory updates: 14
{"id": 22, "ts": 1778575331.9895809, "event": "memory_updated", "agent": "agent_3", "round": 2}
2026-05-12 10:42:13,888 - INFO - Tokens - Input: 1936, Output: 1333, Total: 3269
2026-05-12 10:42:13,890 - INFO - Memory updates: 15
{"id": 23, "ts": 1778575333.8903818, "event": "memory_updated", "agent": "agent_1", "round": 2}
2026-05-12 10:42:17,258 - INFO - Tokens - Input: 2365, Output: 390, Total: 2755
{"id": 24, "ts": 1778575337.259679, "event": "public_discussion_message", "round": 2, "agent": "agent_1", "message": "Candidate C \u2013 100% reliable.\nMETADATA_JSON:\n{\"agent\": \"agent_1\", \"vote\": \"Candidate C\"}"}
2026-05-12 10:42:17,259 - INFO - Agent turns: 6
2026-05-12 10:42:29,889 - INFO - Tokens - Input: 1560, Output: 920, Total: 2480
2026-05-12 10:42:29,891 - INFO - Memory updates: 16
{"id": 25, "ts": 1778575349.8912659, "event": "memory_updated", "agent": "agent_2", "round": 2}
2026-05-12 10:42:30,400 - INFO - Tokens - Input: 1749, Output: 973, Total: 2722
2026-05-12 10:42:30,402 - INFO - Memory updates: 17
{"id": 26, "ts": 1778575350.4022374, "event": "memory_updated", "agent": "agent_3", "round": 2}
2026-05-12 10:42:31,920 - INFO - Tokens - Input: 2010, Output: 1167, Total: 3177
2026-05-12 10:42:31,922 - INFO - Memory updates: 18
{"id": 27, "ts": 1778575351.9222426, "event": "memory_updated", "agent": "agent_1", "round": 2}
2026-05-12 10:42:31,931 - INFO - Loop 2 completed
{"id": 28, "ts": 1778575351.9377968, "event": "discussion_order", "round": 3, "order": ["agent_2", "agent_3", "agent_1"]}
2026-05-12 10:42:37,483 - INFO - Tokens - Input: 2001, Output: 679, Total: 2680
{"id": 29, "ts": 1778575357.4844356, "event": "public_discussion_message", "round": 3, "agent": "agent_2", "message": "I still favor Candidate B \u2013 weak numeric memory.\nMETADATA_JSON:\n{\"agent\": \"agent_2\", \"vote\": \"Candidate B\"}"}
2026-05-12 10:42:37,484 - INFO - Agent turns: 7
2026-05-12 10:42:49,175 - INFO - Tokens - Input: 1632, Output: 869, Total: 2501
2026-05-12 10:42:49,177 - INFO - Memory updates: 19
{"id": 30, "ts": 1778575369.177135, "event": "memory_updated", "agent": "agent_2", "round": 3}
2026-05-12 10:42:49,965 - INFO - Tokens - Input: 1790, Output: 952, Total: 2742
2026-05-12 10:42:49,966 - INFO - Memory updates: 20
{"id": 31, "ts": 1778575369.9667027, "event": "memory_updated", "agent": "agent_3", "round": 3}
2026-05-12 10:42:51,465 - INFO - Tokens - Input: 1986, Output: 1146, Total: 3132
2026-05-12 10:42:51,466 - INFO - Memory updates: 21
{"id": 32, "ts": 1778575371.467015, "event": "memory_updated", "agent": "agent_1", "round": 3}
2026-05-12 10:42:52,559 - INFO - Tokens - Input: 2181, Output: 92, Total: 2273
{"id": 33, "ts": 1778575372.5609887, "event": "public_discussion_message", "round": 3, "agent": "agent_3", "message": "Candidate B \u2013 weak numeric memory.\nMETADATA_JSON:\n{\"agent\": \"agent_3\", \"vote\": \"Candidate B\"}"}
2026-05-12 10:42:52,561 - INFO - Agent turns: 8
2026-05-12 10:43:02,473 - INFO - Tokens - Input: 1720, Output: 705, Total: 2425
2026-05-12 10:43:02,475 - INFO - Memory updates: 22
{"id": 34, "ts": 1778575382.4760497, "event": "memory_updated", "agent": "agent_2", "round": 3}
2026-05-12 10:43:04,409 - INFO - Tokens - Input: 1824, Output: 909, Total: 2733
2026-05-12 10:43:04,410 - INFO - Memory updates: 23
{"id": 35, "ts": 1778575384.4108336, "event": "memory_updated", "agent": "agent_3", "round": 3}
2026-05-12 10:43:06,259 - INFO - Tokens - Input: 2016, Output: 1147, Total: 3163
2026-05-12 10:43:06,261 - INFO - Memory updates: 24
{"id": 36, "ts": 1778575386.2613194, "event": "memory_updated", "agent": "agent_1", "round": 3}
2026-05-12 10:43:07,674 - INFO - Tokens - Input: 2402, Output: 117, Total: 2519
{"id": 37, "ts": 1778575387.6761162, "event": "public_discussion_message", "round": 3, "agent": "agent_1", "message": "Candidate C \u2013 100% reliable.\nMETADATA_JSON:\n{\"agent\": \"agent_1\", \"vote\": \"Candidate C\"}"}
2026-05-12 10:43:07,676 - INFO - Agent turns: 9
2026-05-12 10:43:19,932 - INFO - Tokens - Input: 1868, Output: 875, Total: 2743
2026-05-12 10:43:19,935 - INFO - Memory updates: 25
{"id": 38, "ts": 1778575399.935829, "event": "memory_updated", "agent": "agent_3", "round": 3}
2026-05-12 10:43:20,642 - INFO - Tokens - Input: 1618, Output: 951, Total: 2569
2026-05-12 10:43:20,643 - INFO - Memory updates: 26
{"id": 39, "ts": 1778575400.643936, "event": "memory_updated", "agent": "agent_2", "round": 3}
2026-05-12 10:43:21,232 - INFO - Tokens - Input: 2047, Output: 1027, Total: 3074
2026-05-12 10:43:21,233 - INFO - Memory updates: 27
{"id": 40, "ts": 1778575401.2339463, "event": "memory_updated", "agent": "agent_1", "round": 3}
2026-05-12 10:43:21,242 - INFO - Loop 3 completed
{"id": 41, "ts": 1778575401.2465932, "event": "discussion_order", "round": 4, "order": ["agent_3", "agent_2", "agent_1"]}
2026-05-12 10:43:22,369 - INFO - Tokens - Input: 2202, Output: 95, Total: 2297
{"id": 42, "ts": 1778575402.3716414, "event": "public_discussion_message", "round": 4, "agent": "agent_3", "message": "Candidate B \u2013 weak numeric memory.\nMETADATA_JSON:\n{\"agent\": \"agent_3\", \"vote\": \"Candidate B\"}"}
2026-05-12 10:43:22,371 - INFO - Agent turns: 10
2026-05-12 10:43:33,081 - INFO - Tokens - Input: 1695, Output: 763, Total: 2458
2026-05-12 10:43:33,083 - INFO - Memory updates: 28
{"id": 43, "ts": 1778575413.0837178, "event": "memory_updated", "agent": "agent_2", "round": 4}
2026-05-12 10:43:34,027 - INFO - Tokens - Input: 1827, Output: 860, Total: 2687
2026-05-12 10:43:34,029 - INFO - Memory updates: 29
{"id": 44, "ts": 1778575414.0293663, "event": "memory_updated", "agent": "agent_3", "round": 4}
2026-05-12 10:43:37,416 - INFO - Tokens - Input: 2083, Output: 1290, Total: 3373
2026-05-12 10:43:37,417 - INFO - Memory updates: 30
{"id": 45, "ts": 1778575417.418079, "event": "memory_updated", "agent": "agent_1", "round": 4}
2026-05-12 10:43:38,754 - INFO - Tokens - Input: 2089, Output: 120, Total: 2209
{"id": 46, "ts": 1778575418.7562423, "event": "public_discussion_message", "round": 4, "agent": "agent_2", "message": "I still favor Candidate\u202fB \u2013 weak numeric memory.\nMETADATA_JSON:\n{\"agent\": \"agent_2\", \"vote\": \"Candidate B\"}"}
2026-05-12 10:43:38,756 - INFO - Agent turns: 11
2026-05-12 10:43:48,697 - INFO - Tokens - Input: 1740, Output: 715, Total: 2455
2026-05-12 10:43:48,698 - INFO - Memory updates: 31
{"id": 47, "ts": 1778575428.6987484, "event": "memory_updated", "agent": "agent_2", "round": 4}
2026-05-12 10:43:51,394 - INFO - Tokens - Input: 1877, Output: 1001, Total: 2878
2026-05-12 10:43:51,395 - INFO - Memory updates: 32
{"id": 48, "ts": 1778575431.3961084, "event": "memory_updated", "agent": "agent_3", "round": 4}
2026-05-12 10:43:52,829 - INFO - Tokens - Input: 2121, Output: 1186, Total: 3307
2026-05-12 10:43:52,831 - INFO - Memory updates: 33
{"id": 49, "ts": 1778575432.831591, "event": "memory_updated", "agent": "agent_1", "round": 4}
2026-05-12 10:43:54,136 - INFO - Tokens - Input: 2551, Output: 117, Total: 2668
{"id": 50, "ts": 1778575434.137723, "event": "public_discussion_message", "round": 4, "agent": "agent_1", "message": "Candidate C \u2013 100% reliable.\nMETADATA_JSON:\n{\"agent\": \"agent_1\", \"vote\": \"Candidate C\"}"}
2026-05-12 10:43:54,137 - INFO - Agent turns: 12
2026-05-12 10:44:05,423 - INFO - Tokens - Input: 1764, Output: 792, Total: 2556
2026-05-12 10:44:05,425 - INFO - Memory updates: 34
{"id": 51, "ts": 1778575445.4256272, "event": "memory_updated", "agent": "agent_2", "round": 4}
2026-05-12 10:44:07,313 - INFO - Tokens - Input: 1902, Output: 988, Total: 2890
2026-05-12 10:44:07,314 - INFO - Memory updates: 35
{"id": 52, "ts": 1778575447.3150547, "event": "memory_updated", "agent": "agent_3", "round": 4}
2026-05-12 10:44:09,289 - INFO - Tokens - Input: 2196, Output: 1235, Total: 3431
2026-05-12 10:44:09,291 - INFO - Memory updates: 36
{"id": 53, "ts": 1778575449.2911966, "event": "memory_updated", "agent": "agent_1", "round": 4}
2026-05-12 10:44:09,300 - INFO - Loop 4 completed
{"id": 54, "ts": 1778575449.3054745, "event": "discussion_order", "round": 5, "order": ["agent_3", "agent_2", "agent_1"]}
2026-05-12 10:44:10,537 - INFO - Tokens - Input: 2315, Output: 95, Total: 2410
{"id": 55, "ts": 1778575450.5391877, "event": "public_discussion_message", "round": 5, "agent": "agent_3", "message": "Candidate B \u2013 weak numeric memory.\nMETADATA_JSON:\n{\"agent\": \"agent_3\", \"vote\": \"Candidate B\"}"}
2026-05-12 10:44:10,539 - INFO - Agent turns: 13
2026-05-12 10:44:21,567 - INFO - Tokens - Input: 1817, Output: 784, Total: 2601
2026-05-12 10:44:21,569 - INFO - Memory updates: 37
{"id": 56, "ts": 1778575461.5694551, "event": "memory_updated", "agent": "agent_2", "round": 5}
2026-05-12 10:44:23,206 - INFO - Tokens - Input: 1940, Output: 955, Total: 2895
2026-05-12 10:44:23,208 - INFO - Memory updates: 38
{"id": 57, "ts": 1778575463.2084134, "event": "memory_updated", "agent": "agent_3", "round": 5}
2026-05-12 10:44:24,810 - INFO - Tokens - Input: 2186, Output: 1158, Total: 3344
2026-05-12 10:44:24,812 - INFO - Memory updates: 39
{"id": 58, "ts": 1778575464.8122404, "event": "memory_updated", "agent": "agent_1", "round": 5}
2026-05-12 10:44:26,468 - INFO - Tokens - Input: 2167, Output: 190, Total: 2357
{"id": 59, "ts": 1778575466.4699526, "event": "public_discussion_message", "round": 5, "agent": "agent_2", "message": "Candidate\u202fB \u2013 handles stress well.\nMETADATA_JSON:\n{\"agent\": \"agent_2\", \"vote\": \"Candidate B\"}"}
2026-05-12 10:44:26,470 - INFO - Agent turns: 14
2026-05-12 10:44:38,384 - INFO - Tokens - Input: 1978, Output: 864, Total: 2842
2026-05-12 10:44:38,386 - INFO - Memory updates: 40
{"id": 60, "ts": 1778575478.3862321, "event": "memory_updated", "agent": "agent_3", "round": 5}
2026-05-12 10:44:38,946 - INFO - Tokens - Input: 1812, Output: 924, Total: 2736
2026-05-12 10:44:38,948 - INFO - Memory updates: 41
{"id": 61, "ts": 1778575478.9484143, "event": "memory_updated", "agent": "agent_2", "round": 5}
2026-05-12 10:44:40,776 - INFO - Tokens - Input: 2226, Output: 1157, Total: 3383
2026-05-12 10:44:40,778 - INFO - Memory updates: 42
{"id": 62, "ts": 1778575480.7782018, "event": "memory_updated", "agent": "agent_1", "round": 5}
2026-05-12 10:44:42,000 - INFO - Tokens - Input: 2563, Output: 109, Total: 2672
{"id": 63, "ts": 1778575482.0016763, "event": "public_discussion_message", "round": 5, "agent": "agent_1", "message": "Candidate C \u2013 100% reliable.\nMETADATA_JSON:\n{\"agent\": \"agent_1\", \"vote\": \"Candidate C\"}"}
2026-05-12 10:44:42,001 - INFO - Agent turns: 15
2026-05-12 10:44:52,042 - INFO - Tokens - Input: 1856, Output: 723, Total: 2579
2026-05-12 10:44:52,044 - INFO - Memory updates: 43
{"id": 64, "ts": 1778575492.0445018, "event": "memory_updated", "agent": "agent_2", "round": 5}
2026-05-12 10:44:53,436 - INFO - Tokens - Input: 1963, Output: 867, Total: 2830
2026-05-12 10:44:53,438 - INFO - Memory updates: 44
{"id": 65, "ts": 1778575493.4382844, "event": "memory_updated", "agent": "agent_3", "round": 5}
2026-05-12 10:44:54,151 - INFO - Tokens - Input: 2208, Output: 959, Total: 3167
2026-05-12 10:44:54,153 - INFO - Memory updates: 45
{"id": 66, "ts": 1778575494.1531541, "event": "memory_updated", "agent": "agent_1", "round": 5}
2026-05-12 10:44:54,160 - INFO - Loop 5 completed
2026-05-12 10:44:54,161 - INFO - Final Chosen Candidate: Candidate B
2026-05-12 10:44:54,161 - INFO - Final Decision Method: max_round_majority_vote
2026-05-12 10:44:54,161 - INFO - Final Vote Count: {'Candidate C': 1, 'Candidate B': 2}
2026-05-12 10:44:54,161 - INFO - Correct Candidate: Candidate C
2026-05-12 10:44:54,161 - INFO - Decision Correct: 0
{"id": 67, "ts": 1778575494.6069312, "event": "context_consistency_calculated", "method": "embedding_cosine", "mean_pairwise_similarity": 0.776634, "pairwise": [{"agent_a": "agent_1", "agent_b": "agent_2", "similarity": 0.691019}, {"agent_a": "agent_1", "agent_b": "agent_3", "similarity": 0.904985}, {"agent_a": "agent_2", "agent_b": "agent_3", "similarity": 0.733897}]}
{"id": 68, "ts": 1778575494.607014, "event": "gold_standard_alignment_calculated", "method": "rule_based_fact_coverage", "mean_alignment": 0.575, "by_agent": [{"agent": "agent_1", "score": 0.6, "matched_facts": 24, "total_facts": 40, "matched_public_facts": 15, "total_public_facts": 16, "public_fact_coverage": 0.9375, "matched_own_private_facts": 8, "total_own_private_facts": 8, "own_private_fact_coverage": 1.0, "matched_other_private_facts": 1, "total_other_private_facts": 16, "other_private_fact_coverage": 0.0625, "checks": {"public_candidate_a_can_anticipate_dangerous_situations": 1, "public_candidate_a_is_able_to_see_complex_connections": 1, "public_candidate_a_has_excellent_spatial_vision": 1, "public_candidate_a_has_very_good_leadership_qualities": 1, "public_candidate_b_is_very_conscientious": 1, "public_candidate_b_handles_stress_very_well": 1, "public_candidate_b_is_good_at_assessing_weather_conditions": 1, "public_candidate_b_has_excellent_computer_skills": 1, "public_candidate_c_can_make_correct_decisions_quickly": 1, "public_candidate_c_has_difficulty_communicating_ideas": 1, "public_candidate_c_is_regarded_as_egocentric": 1, "public_candidate_c_is_not_very_willing_to_further_his_education": 1, "public_candidate_d_responds_to_unexpected_events_adequately": 0, "public_candidate_d_can_concentrate_very_well": 1, "public_candidate_d_solves_problems_extremely_well": 1, "public_candidate_d_takes_responsibility_seriously": 1, "agent_1_candidate_a_is_sometimes_not_good_at_taking_criticism": 1, "agent_1_candidate_a_can_be_unorganized": 1, "agent_1_candidate_b_can_be_grumpy": 1, "agent_1_candidate_b_can_be_uncooperative": 1, "agent_1_candidate_c_is_known_to_be_100_percent_reliable": 1, "agent_1_candidate_c_creates_a_positive_atmosphere_with_his_crew": 1, "agent_1_candidate_d_is_regarded_as_arrogant": 1, "agent_1_candidate_d_has_relatively_weak_leadership_skills": 1, "agent_2_candidate_a_is_regarded_as_a_show_off": 0, "agent_2_candidate_a_is_regarded_as_being_not_open_to_new_ideas": 0, "agent_2_candidate_b_has_a_relatively_weak_memory_for_numbers": 1, "agent_2_candidate_b_makes_nasty_remarks_about_his_colleagues": 0, "agent_2_candidate_c_keeps_calm_in_a_crisis": 0, "agent_2_candidate_c_understands_complicated_technology": 0, "agent_2_candidate_d_is_regarded_as_a_know_it_all": 0, "agent_2_candidate_d_has_a_hot_temper": 0, "agent_3_candidate_a_is_unfriendly": 0, "agent_3_candidate_a_eats_unhealthily": 0, "agent_3_candidate_b_is_regarded_as_pretentious": 0, "agent_3_candidate_b_sometimes_adopts_the_wrong_tone_when_communicating": 0, "agent_3_candidate_c_puts_concern_for_others_above_everything": 0, "agent_3_candidate_c_has_excellent_attention_skills": 0, "agent_3_candidate_d_is_considered_moody": 0, "agent_3_candidate_d_is_regarded_as_a_loner": 0}}, {"agent": "agent_2", "score": 0.5, "matched_facts": 20, "total_facts": 40, "matched_public_facts": 12, "total_public_facts": 16, "public_fact_coverage": 0.75, "matched_own_private_facts": 7, "total_own_private_facts": 8, "own_private_fact_coverage": 0.875, "matched_other_private_facts": 1, "total_other_private_facts": 16, "other_private_fact_coverage": 0.0625, "checks": {"public_candidate_a_can_anticipate_dangerous_situations": 1, "public_candidate_a_is_able_to_see_complex_connections": 1, "public_candidate_a_has_excellent_spatial_vision": 1, "public_candidate_a_has_very_good_leadership_qualities": 1, "public_candidate_b_is_very_conscientious": 1, "public_candidate_b_handles_stress_very_well": 1, "public_candidate_b_is_good_at_assessing_weather_conditions": 1, "public_candidate_b_has_excellent_computer_skills": 1, "public_candidate_c_can_make_correct_decisions_quickly": 1, "public_candidate_c_has_difficulty_communicating_ideas": 0, "public_candidate_c_is_regarded_as_egocentric": 1, "public_candidate_c_is_not_very_willing_to_further_his_education": 0, "public_candidate_d_responds_to_unexpected_events_adequately": 0, "public_candidate_d_can_concentrate_very_well": 1, "public_candidate_d_solves_problems_extremely_well": 0, "public_candidate_d_takes_responsibility_seriously": 1, "agent_1_candidate_a_is_sometimes_not_good_at_taking_criticism": 0, "agent_1_candidate_a_can_be_unorganized": 0, "agent_1_candidate_b_can_be_grumpy": 0, "agent_1_candidate_b_can_be_uncooperative": 0, "agent_1_candidate_c_is_known_to_be_100_percent_reliable": 1, "agent_1_candidate_c_creates_a_positive_atmosphere_with_his_crew": 0, "agent_1_candidate_d_is_regarded_as_arrogant": 0, "agent_1_candidate_d_has_relatively_weak_leadership_skills": 0, "agent_2_candidate_a_is_regarded_as_a_show_off": 1, "agent_2_candidate_a_is_regarded_as_being_not_open_to_new_ideas": 1, "agent_2_candidate_b_has_a_relatively_weak_memory_for_numbers": 1, "agent_2_candidate_b_makes_nasty_remarks_about_his_colleagues": 1, "agent_2_candidate_c_keeps_calm_in_a_crisis": 0, "agent_2_candidate_c_understands_complicated_technology": 1, "agent_2_candidate_d_is_regarded_as_a_know_it_all": 1, "agent_2_candidate_d_has_a_hot_temper": 1, "agent_3_candidate_a_is_unfriendly": 0, "agent_3_candidate_a_eats_unhealthily": 0, "agent_3_candidate_b_is_regarded_as_pretentious": 0, "agent_3_candidate_b_sometimes_adopts_the_wrong_tone_when_communicating": 0, "agent_3_candidate_c_puts_concern_for_others_above_everything": 0, "agent_3_candidate_c_has_excellent_attention_skills": 0, "agent_3_candidate_d_is_considered_moody": 0, "agent_3_candidate_d_is_regarded_as_a_loner": 0}}, {"agent": "agent_3", "score": 0.625, "matched_facts": 25, "total_facts": 40, "matched_public_facts": 15, "total_public_facts": 16, "public_fact_coverage": 0.9375, "matched_own_private_facts": 8, "total_own_private_facts": 8, "own_private_fact_coverage": 1.0, "matched_other_private_facts": 2, "total_other_private_facts": 16, "other_private_fact_coverage": 0.125, "checks": {"public_candidate_a_can_anticipate_dangerous_situations": 1, "public_candidate_a_is_able_to_see_complex_connections": 1, "public_candidate_a_has_excellent_spatial_vision": 1, "public_candidate_a_has_very_good_leadership_qualities": 1, "public_candidate_b_is_very_conscientious": 1, "public_candidate_b_handles_stress_very_well": 1, "public_candidate_b_is_good_at_assessing_weather_conditions": 1, "public_candidate_b_has_excellent_computer_skills": 1, "public_candidate_c_can_make_correct_decisions_quickly": 1, "public_candidate_c_has_difficulty_communicating_ideas": 1, "public_candidate_c_is_regarded_as_egocentric": 1, "public_candidate_c_is_not_very_willing_to_further_his_education": 1, "public_candidate_d_responds_to_unexpected_events_adequately": 0, "public_candidate_d_can_concentrate_very_well": 1, "public_candidate_d_solves_problems_extremely_well": 1, "public_candidate_d_takes_responsibility_seriously": 1, "agent_1_candidate_a_is_sometimes_not_good_at_taking_criticism": 0, "agent_1_candidate_a_can_be_unorganized": 0, "agent_1_candidate_b_can_be_grumpy": 0, "agent_1_candidate_b_can_be_uncooperative": 0, "agent_1_candidate_c_is_known_to_be_100_percent_reliable": 1, "agent_1_candidate_c_creates_a_positive_atmosphere_with_his_crew": 0, "agent_1_candidate_d_is_regarded_as_arrogant": 0, "agent_1_candidate_d_has_relatively_weak_leadership_skills": 0, "agent_2_candidate_a_is_regarded_as_a_show_off": 0, "agent_2_candidate_a_is_regarded_as_being_not_open_to_new_ideas": 0, "agent_2_candidate_b_has_a_relatively_weak_memory_for_numbers": 1, "agent_2_candidate_b_makes_nasty_remarks_about_his_colleagues": 0, "agent_2_candidate_c_keeps_calm_in_a_crisis": 0, "agent_2_candidate_c_understands_complicated_technology": 0, "agent_2_candidate_d_is_regarded_as_a_know_it_all": 0, "agent_2_candidate_d_has_a_hot_temper": 0, "agent_3_candidate_a_is_unfriendly": 1, "agent_3_candidate_a_eats_unhealthily": 1, "agent_3_candidate_b_is_regarded_as_pretentious": 1, "agent_3_candidate_b_sometimes_adopts_the_wrong_tone_when_communicating": 1, "agent_3_candidate_c_puts_concern_for_others_above_everything": 1, "agent_3_candidate_c_has_excellent_attention_skills": 1, "agent_3_candidate_d_is_considered_moody": 1, "agent_3_candidate_d_is_regarded_as_a_loner": 1}}]}
{"id": 69, "ts": 1778575494.6071262, "event": "agent_memories_archived", "directory": "/home/lhegemann/git/bachelor_thesis/01_data/raw/simulations/low/low_treatment_20260512_094218_016/shared_mental_models", "round": 5}
{"id": 70, "ts": 1778575494.607163, "event": "final_decision", "candidate": "Candidate B", "method": "max_round_majority_vote", "vote_count": {"Candidate C": 1, "Candidate B": 2}, "correct_candidate": "Candidate C", "decision_correct": 0, "round": 5}
2026-05-12 10:44:54,616 - INFO - ======================================================================
2026-05-12 10:44:54,616 - INFO - SIMULATION METRICS
2026-05-12 10:44:54,616 - INFO - ======================================================================
2026-05-12 10:44:54,616 - INFO - Total Loops: 5
2026-05-12 10:44:54,616 - INFO - Agent Turns (no vote checker): 15
2026-05-12 10:44:54,616 - INFO - Agent Tool Calls: 0
2026-05-12 10:44:54,616 - INFO - Agent Tool Messages: 0
2026-05-12 10:44:54,616 - INFO - Memory Updates: 45
2026-05-12 10:44:54,616 - INFO - Total Messages (no vote checker): 15
2026-05-12 10:44:54,616 - INFO - Input Tokens: 116530
2026-05-12 10:44:54,616 - INFO - Output Tokens: 51572
2026-05-12 10:44:54,616 - INFO - Total Tokens: 168102
2026-05-12 10:44:54,617 - INFO - Final Chosen Candidate: Candidate B
2026-05-12 10:44:54,617 - INFO - Final Decision Method: max_round_majority_vote
2026-05-12 10:44:54,617 - INFO - Final Vote Count: {'Candidate C': 1, 'Candidate B': 2}
2026-05-12 10:44:54,617 - INFO - Correct Candidate: Candidate C
2026-05-12 10:44:54,617 - INFO - Decision Correct: 0
2026-05-12 10:44:54,617 - INFO - Runtime: 267.86s
2026-05-12 10:44:54,617 - INFO - ======================================================================
