2026-05-08 21:11:38,636 - INFO - Metrics tracker initialized
{"id": 1, "ts": 1778267498.6628714, "event": "memory_reset"}
{"id": 2, "ts": 1778267498.666259, "event": "discussion_order", "round": 1, "order": ["agent_2", "agent_3", "agent_1"]}
2026-05-08 21:11:45,830 - INFO - Tokens - Input: 1689, Output: 665, Total: 2354
{"id": 3, "ts": 1778267505.8316922, "event": "public_discussion_message", "round": 1, "agent": "agent_2", "message": "I prefer Candidate A \u2013 excellent spatial vision.\nMETADATA_JSON:\n{\"agent\": \"agent_2\", \"vote\": \"Candidate A\"}"}
2026-05-08 21:11:45,831 - INFO - Agent turns: 1
2026-05-08 21:11:54,081 - INFO - Tokens - Input: 1189, Output: 1148, Total: 2337
2026-05-08 21:11:54,083 - INFO - Memory updates: 1
{"id": 4, "ts": 1778267514.0839596, "event": "memory_updated", "agent": "agent_1", "round": 1}
2026-05-08 21:11:55,544 - INFO - Tokens - Input: 1184, Output: 1231, Total: 2415
2026-05-08 21:11:55,546 - INFO - Memory updates: 2
{"id": 5, "ts": 1778267515.546126, "event": "memory_updated", "agent": "agent_3", "round": 1}
2026-05-08 21:11:56,972 - INFO - Tokens - Input: 1192, Output: 1384, Total: 2576
2026-05-08 21:11:56,973 - INFO - Memory updates: 3
{"id": 6, "ts": 1778267516.9739413, "event": "memory_updated", "agent": "agent_2", "round": 1}
2026-05-08 21:11:59,787 - INFO - Tokens - Input: 2147, Output: 320, Total: 2467
{"id": 7, "ts": 1778267519.7890193, "event": "public_discussion_message", "round": 1, "agent": "agent_3", "message": "I prefer Candidate B \u2013 handles stress very well.\nMETADATA_JSON:\n{\"agent\": \"agent_3\", \"vote\": \"Candidate B\"}"}
2026-05-08 21:11:59,789 - INFO - Agent turns: 2
2026-05-08 21:12:07,002 - INFO - Tokens - Input: 1657, Output: 998, Total: 2655
2026-05-08 21:12:07,003 - INFO - Memory updates: 4
{"id": 8, "ts": 1778267527.0040092, "event": "memory_updated", "agent": "agent_3", "round": 1}
2026-05-08 21:12:07,350 - INFO - Tokens - Input: 1667, Output: 1009, Total: 2676
2026-05-08 21:12:07,352 - INFO - Memory updates: 5
{"id": 9, "ts": 1778267527.352212, "event": "memory_updated", "agent": "agent_2", "round": 1}
2026-05-08 21:12:07,786 - INFO - Tokens - Input: 1588, Output: 1156, Total: 2744
2026-05-08 21:12:07,787 - INFO - Memory updates: 6
{"id": 10, "ts": 1778267527.7875667, "event": "memory_updated", "agent": "agent_1", "round": 1}
2026-05-08 21:12:14,295 - INFO - Tokens - Input: 2193, Output: 544, Total: 2737
{"id": 11, "ts": 1778267534.2972686, "event": "public_discussion_message", "round": 1, "agent": "agent_1", "message": "I prefer Candidate A \u2013 very good leadership qualities.\nMETADATA_JSON:\n{\"agent\": \"agent_1\", \"vote\": \"Candidate A\"}"}
2026-05-08 21:12:14,297 - INFO - Agent turns: 3
2026-05-08 21:12:22,151 - INFO - Tokens - Input: 1733, Output: 985, Total: 2718
2026-05-08 21:12:22,152 - INFO - Memory updates: 7
{"id": 12, "ts": 1778267542.153055, "event": "memory_updated", "agent": "agent_3", "round": 1}
2026-05-08 21:12:24,070 - INFO - Tokens - Input: 1703, Output: 1220, Total: 2923
2026-05-08 21:12:24,075 - INFO - Memory updates: 8
{"id": 13, "ts": 1778267544.0755455, "event": "memory_updated", "agent": "agent_1", "round": 1}
2026-05-08 21:12:25,313 - INFO - Tokens - Input: 1717, Output: 1015, Total: 2732
2026-05-08 21:12:25,315 - INFO - Memory updates: 9
{"id": 14, "ts": 1778267545.3154736, "event": "memory_updated", "agent": "agent_2", "round": 1}
2026-05-08 21:12:25,324 - INFO - Loop 1 completed
{"id": 15, "ts": 1778267545.330171, "event": "discussion_order", "round": 2, "order": ["agent_1", "agent_2", "agent_3"]}
2026-05-08 21:12:26,562 - INFO - Tokens - Input: 2288, Output: 105, Total: 2393
{"id": 16, "ts": 1778267546.5639553, "event": "public_discussion_message", "round": 2, "agent": "agent_1", "message": "I still favor Candidate A \u2013 very good leadership qualities.\nMETADATA_JSON:\n{\"agent\": \"agent_1\", \"vote\": \"Candidate A\"}"}
2026-05-08 21:12:26,564 - INFO - Agent turns: 4
2026-05-08 21:12:33,510 - INFO - Tokens - Input: 1782, Output: 939, Total: 2721
2026-05-08 21:12:33,512 - INFO - Memory updates: 10
{"id": 17, "ts": 1778267553.5130343, "event": "memory_updated", "agent": "agent_1", "round": 2}
2026-05-08 21:12:33,614 - INFO - Tokens - Input: 1780, Output: 981, Total: 2761
2026-05-08 21:12:33,616 - INFO - Memory updates: 11
{"id": 18, "ts": 1778267553.6163142, "event": "memory_updated", "agent": "agent_2", "round": 2}
2026-05-08 21:12:35,435 - INFO - Tokens - Input: 1669, Output: 1147, Total: 2816
2026-05-08 21:12:35,436 - INFO - Memory updates: 12
{"id": 19, "ts": 1778267555.4370043, "event": "memory_updated", "agent": "agent_3", "round": 2}
2026-05-08 21:12:37,358 - INFO - Tokens - Input: 2270, Output: 153, Total: 2423
{"id": 20, "ts": 1778267557.359876, "event": "public_discussion_message", "round": 2, "agent": "agent_2", "message": "Candidate A \u2013 excellent spatial vision.\nMETADATA_JSON:\n{\"agent\": \"agent_2\", \"vote\": \"Candidate A\"}"}
2026-05-08 21:12:37,360 - INFO - Agent turns: 5
2026-05-08 21:12:44,449 - INFO - Tokens - Input: 1805, Output: 985, Total: 2790
2026-05-08 21:12:44,451 - INFO - Memory updates: 13
{"id": 21, "ts": 1778267564.451259, "event": "memory_updated", "agent": "agent_1", "round": 2}
2026-05-08 21:12:46,295 - INFO - Tokens - Input: 1685, Output: 1013, Total: 2698
2026-05-08 21:12:46,297 - INFO - Memory updates: 14
{"id": 22, "ts": 1778267566.2977061, "event": "memory_updated", "agent": "agent_3", "round": 2}
2026-05-08 21:12:46,824 - INFO - Tokens - Input: 1774, Output: 602, Total: 2376
2026-05-08 21:12:46,826 - INFO - Memory updates: 15
{"id": 23, "ts": 1778267566.8265522, "event": "memory_updated", "agent": "agent_2", "round": 2}
2026-05-08 21:12:52,857 - INFO - Tokens - Input: 2287, Output: 143, Total: 2430
{"id": 24, "ts": 1778267572.8593524, "event": "public_discussion_message", "round": 2, "agent": "agent_3", "message": "I prefer Candidate B \u2013 handles stress very well.\nMETADATA_JSON:\n{\"agent\": \"agent_3\", \"vote\": \"Candidate B\"}"}
2026-05-08 21:12:52,859 - INFO - Agent turns: 6
2026-05-08 21:12:59,657 - INFO - Tokens - Input: 1797, Output: 813, Total: 2610
2026-05-08 21:12:59,659 - INFO - Memory updates: 16
{"id": 25, "ts": 1778267579.6594176, "event": "memory_updated", "agent": "agent_3", "round": 2}
2026-05-08 21:13:00,085 - INFO - Tokens - Input: 1387, Output: 985, Total: 2372
2026-05-08 21:13:00,086 - INFO - Memory updates: 17
{"id": 26, "ts": 1778267580.087096, "event": "memory_updated", "agent": "agent_2", "round": 2}
2026-05-08 21:13:00,168 - INFO - Tokens - Input: 1846, Output: 934, Total: 2780
2026-05-08 21:13:00,169 - INFO - Memory updates: 18
{"id": 27, "ts": 1778267580.1698298, "event": "memory_updated", "agent": "agent_1", "round": 2}
2026-05-08 21:13:00,178 - INFO - Loop 2 completed
{"id": 28, "ts": 1778267580.1844687, "event": "discussion_order", "round": 3, "order": ["agent_3", "agent_2", "agent_1"]}
2026-05-08 21:13:02,172 - INFO - Tokens - Input: 2256, Output: 140, Total: 2396
{"id": 29, "ts": 1778267582.17351, "event": "public_discussion_message", "round": 3, "agent": "agent_3", "message": "I prefer Candidate\u202fB \u2013 handles stress very well.\nMETADATA_JSON:\n{\"agent\": \"agent_3\", \"vote\": \"Candidate B\"}"}
2026-05-08 21:13:02,173 - INFO - Agent turns: 7
2026-05-08 21:13:08,759 - INFO - Tokens - Input: 1572, Output: 781, Total: 2353
2026-05-08 21:13:08,761 - INFO - Memory updates: 19
{"id": 30, "ts": 1778267588.7618387, "event": "memory_updated", "agent": "agent_2", "round": 3}
2026-05-08 21:13:09,889 - INFO - Tokens - Input: 1750, Output: 799, Total: 2549
2026-05-08 21:13:09,891 - INFO - Memory updates: 20
{"id": 31, "ts": 1778267589.8914745, "event": "memory_updated", "agent": "agent_3", "round": 3}
2026-05-08 21:13:11,934 - INFO - Tokens - Input: 1689, Output: 1109, Total: 2798
2026-05-08 21:13:11,936 - INFO - Memory updates: 21
{"id": 32, "ts": 1778267591.9361753, "event": "memory_updated", "agent": "agent_1", "round": 3}
2026-05-08 21:13:14,871 - INFO - Tokens - Input: 2079, Output: 253, Total: 2332
{"id": 33, "ts": 1778267594.872631, "event": "public_discussion_message", "round": 3, "agent": "agent_2", "message": "Candidate A \u2013 excellent spatial vision.\nMETADATA_JSON:\n{\"agent\": \"agent_2\", \"vote\": \"Candidate A\"}"}
2026-05-08 21:13:14,872 - INFO - Agent turns: 8
2026-05-08 21:13:24,626 - INFO - Tokens - Input: 1722, Output: 859, Total: 2581
2026-05-08 21:13:24,628 - INFO - Memory updates: 22
{"id": 34, "ts": 1778267604.628359, "event": "memory_updated", "agent": "agent_1", "round": 3}
2026-05-08 21:13:25,118 - INFO - Tokens - Input: 1583, Output: 787, Total: 2370
2026-05-08 21:13:25,120 - INFO - Memory updates: 23
{"id": 35, "ts": 1778267605.120376, "event": "memory_updated", "agent": "agent_2", "round": 3}
2026-05-08 21:13:25,756 - INFO - Tokens - Input: 1791, Output: 968, Total: 2759
2026-05-08 21:13:25,758 - INFO - Memory updates: 24
{"id": 36, "ts": 1778267605.7583663, "event": "memory_updated", "agent": "agent_3", "round": 3}
2026-05-08 21:13:29,570 - INFO - Tokens - Input: 2268, Output: 457, Total: 2725
{"id": 37, "ts": 1778267609.5715287, "event": "public_discussion_message", "round": 3, "agent": "agent_1", "message": "Candidate A \u2013 very good leadership qualities.\nMETADATA_JSON:\n{\"agent\": \"agent_1\", \"vote\": \"Candidate A\"}"}
2026-05-08 21:13:29,571 - INFO - Agent turns: 9
2026-05-08 21:13:35,645 - INFO - Tokens - Input: 1774, Output: 789, Total: 2563
2026-05-08 21:13:35,647 - INFO - Memory updates: 25
{"id": 38, "ts": 1778267615.6479757, "event": "memory_updated", "agent": "agent_1", "round": 3}
2026-05-08 21:13:36,106 - INFO - Tokens - Input: 1650, Output: 905, Total: 2555
2026-05-08 21:13:36,108 - INFO - Memory updates: 26
{"id": 39, "ts": 1778267616.1088264, "event": "memory_updated", "agent": "agent_2", "round": 3}
2026-05-08 21:13:37,963 - INFO - Tokens - Input: 1818, Output: 1114, Total: 2932
2026-05-08 21:13:37,965 - INFO - Memory updates: 27
{"id": 40, "ts": 1778267617.9655945, "event": "memory_updated", "agent": "agent_3", "round": 3}
2026-05-08 21:13:37,972 - INFO - Loop 3 completed
{"id": 41, "ts": 1778267617.9776943, "event": "discussion_order", "round": 4, "order": ["agent_1", "agent_2", "agent_3"]}
2026-05-08 21:13:39,129 - INFO - Tokens - Input: 2313, Output: 133, Total: 2446
{"id": 42, "ts": 1778267619.1312437, "event": "public_discussion_message", "round": 4, "agent": "agent_1", "message": "Candidate A \u2013 very good leadership qualities.\nMETADATA_JSON:\n{\"agent\": \"agent_1\", \"vote\": \"Candidate A\"}"}
2026-05-08 21:13:39,131 - INFO - Agent turns: 10
2026-05-08 21:13:45,454 - INFO - Tokens - Input: 1801, Output: 818, Total: 2619
2026-05-08 21:13:45,455 - INFO - Memory updates: 28
{"id": 43, "ts": 1778267625.4559827, "event": "memory_updated", "agent": "agent_1", "round": 4}
2026-05-08 21:13:46,847 - INFO - Tokens - Input: 1863, Output: 984, Total: 2847
2026-05-08 21:13:46,848 - INFO - Memory updates: 29
{"id": 44, "ts": 1778267626.8490841, "event": "memory_updated", "agent": "agent_3", "round": 4}
2026-05-08 21:13:47,113 - INFO - Tokens - Input: 1687, Output: 1085, Total: 2772
2026-05-08 21:13:47,115 - INFO - Memory updates: 30
{"id": 45, "ts": 1778267627.115715, "event": "memory_updated", "agent": "agent_2", "round": 4}
2026-05-08 21:13:48,777 - INFO - Tokens - Input: 2291, Output: 143, Total: 2434
{"id": 46, "ts": 1778267628.7788644, "event": "public_discussion_message", "round": 4, "agent": "agent_2", "message": "Candidate A \u2013 very good leadership qualities.\nMETADATA_JSON:\n{\"agent\": \"agent_2\", \"vote\": \"Candidate A\"}"}
2026-05-08 21:13:48,779 - INFO - Agent turns: 11
2026-05-08 21:13:55,835 - INFO - Tokens - Input: 1837, Output: 964, Total: 2801
2026-05-08 21:13:55,841 - INFO - Memory updates: 31
{"id": 47, "ts": 1778267635.8414953, "event": "memory_updated", "agent": "agent_1", "round": 4}
2026-05-08 21:13:57,363 - INFO - Tokens - Input: 1797, Output: 1019, Total: 2816
2026-05-08 21:13:57,364 - INFO - Memory updates: 32
{"id": 48, "ts": 1778267637.3647895, "event": "memory_updated", "agent": "agent_2", "round": 4}
2026-05-08 21:13:57,970 - INFO - Tokens - Input: 1899, Output: 1159, Total: 3058
2026-05-08 21:13:57,972 - INFO - Memory updates: 33
{"id": 49, "ts": 1778267637.972216, "event": "memory_updated", "agent": "agent_3", "round": 4}
2026-05-08 21:13:59,876 - INFO - Tokens - Input: 2426, Output: 127, Total: 2553
{"id": 50, "ts": 1778267639.8786578, "event": "public_discussion_message", "round": 4, "agent": "agent_3", "message": "I prefer Candidate\u202fB \u2013 handles stress very well.\nMETADATA_JSON:\n{\"agent\": \"agent_3\", \"vote\": \"Candidate B\"}"}
2026-05-08 21:13:59,878 - INFO - Agent turns: 12
2026-05-08 21:14:06,121 - INFO - Tokens - Input: 1938, Output: 798, Total: 2736
2026-05-08 21:14:06,123 - INFO - Memory updates: 34
{"id": 51, "ts": 1778267646.123165, "event": "memory_updated", "agent": "agent_3", "round": 4}
2026-05-08 21:14:08,830 - INFO - Tokens - Input: 1892, Output: 1190, Total: 3082
2026-05-08 21:14:08,832 - INFO - Memory updates: 35
{"id": 52, "ts": 1778267648.8328261, "event": "memory_updated", "agent": "agent_2", "round": 4}
2026-05-08 21:14:10,514 - INFO - Tokens - Input: 1911, Output: 1395, Total: 3306
2026-05-08 21:14:10,515 - INFO - Memory updates: 36
{"id": 53, "ts": 1778267650.5160174, "event": "memory_updated", "agent": "agent_1", "round": 4}
2026-05-08 21:14:10,525 - INFO - Loop 4 completed
{"id": 54, "ts": 1778267650.5328217, "event": "discussion_order", "round": 5, "order": ["agent_1", "agent_2", "agent_3"]}
2026-05-08 21:14:12,739 - INFO - Tokens - Input: 2587, Output: 158, Total: 2745
{"id": 55, "ts": 1778267652.7414029, "event": "public_discussion_message", "round": 5, "agent": "agent_1", "message": "Candidate A \u2013 sometimes not good at taking criticism.\nMETADATA_JSON:\n{\"agent\": \"agent_1\", \"vote\": \"Candidate A\"}"}
2026-05-08 21:14:12,741 - INFO - Agent turns: 13
2026-05-08 21:14:19,021 - INFO - Tokens - Input: 1895, Output: 784, Total: 2679
2026-05-08 21:14:19,023 - INFO - Memory updates: 37
{"id": 56, "ts": 1778267659.0233455, "event": "memory_updated", "agent": "agent_3", "round": 5}
2026-05-08 21:14:20,053 - INFO - Tokens - Input: 2079, Output: 921, Total: 3000
2026-05-08 21:14:20,055 - INFO - Memory updates: 38
{"id": 57, "ts": 1778267660.055505, "event": "memory_updated", "agent": "agent_1", "round": 5}
2026-05-08 21:14:20,545 - INFO - Tokens - Input: 1910, Output: 1105, Total: 3015
2026-05-08 21:14:20,547 - INFO - Memory updates: 39
{"id": 58, "ts": 1778267660.5472891, "event": "memory_updated", "agent": "agent_2", "round": 5}
2026-05-08 21:14:22,839 - INFO - Tokens - Input: 2532, Output: 271, Total: 2803
{"id": 59, "ts": 1778267662.8405676, "event": "public_discussion_message", "round": 5, "agent": "agent_2", "message": "Candidate A \u2013 not open to new ideas.\nMETADATA_JSON:\n{\"agent\": \"agent_2\", \"vote\": \"Candidate A\"}"}
2026-05-08 21:14:22,840 - INFO - Agent turns: 14
2026-05-08 21:14:29,253 - INFO - Tokens - Input: 2101, Output: 745, Total: 2846
2026-05-08 21:14:29,254 - INFO - Memory updates: 40
{"id": 60, "ts": 1778267669.2547865, "event": "memory_updated", "agent": "agent_1", "round": 5}
2026-05-08 21:14:31,358 - INFO - Tokens - Input: 1920, Output: 1051, Total: 2971
2026-05-08 21:14:31,360 - INFO - Memory updates: 41
{"id": 61, "ts": 1778267671.3602047, "event": "memory_updated", "agent": "agent_3", "round": 5}
2026-05-08 21:14:31,562 - INFO - Tokens - Input: 2040, Output: 1028, Total: 3068
2026-05-08 21:14:31,563 - INFO - Memory updates: 42
{"id": 62, "ts": 1778267671.5638163, "event": "memory_updated", "agent": "agent_2", "round": 5}
2026-05-08 21:14:32,984 - INFO - Tokens - Input: 2466, Output: 140, Total: 2606
{"id": 63, "ts": 1778267672.9855056, "event": "public_discussion_message", "round": 5, "agent": "agent_3", "message": "I prefer Candidate\u202fB \u2013 handles stress very well.\nMETADATA_JSON:\n{\"agent\": \"agent_3\", \"vote\": \"Candidate B\"}"}
2026-05-08 21:14:32,985 - INFO - Agent turns: 15
2026-05-08 21:14:39,113 - INFO - Tokens - Input: 1978, Output: 769, Total: 2747
2026-05-08 21:14:39,114 - INFO - Memory updates: 43
{"id": 64, "ts": 1778267679.1150312, "event": "memory_updated", "agent": "agent_3", "round": 5}
2026-05-08 21:14:39,791 - INFO - Tokens - Input: 1944, Output: 932, Total: 2876
2026-05-08 21:14:39,792 - INFO - Memory updates: 44
{"id": 65, "ts": 1778267679.7931242, "event": "memory_updated", "agent": "agent_1", "round": 5}
2026-05-08 21:14:40,296 - INFO - Tokens - Input: 2058, Output: 922, Total: 2980
2026-05-08 21:14:40,297 - INFO - Memory updates: 45
{"id": 66, "ts": 1778267680.2984245, "event": "memory_updated", "agent": "agent_2", "round": 5}
2026-05-08 21:14:40,307 - INFO - Loop 5 completed
2026-05-08 21:14:40,307 - INFO - Final Chosen Candidate: Candidate A
2026-05-08 21:14:40,307 - INFO - Final Decision Method: max_round_majority_vote
2026-05-08 21:14:40,307 - INFO - Final Vote Count: {'Candidate A': 2, 'Candidate B': 1}
2026-05-08 21:14:40,308 - INFO - Correct Candidate: Candidate C
2026-05-08 21:14:40,308 - INFO - Decision Correct: 0
{"id": 67, "ts": 1778267680.6716526, "event": "context_consistency_calculated", "method": "embedding_cosine", "mean_pairwise_similarity": 0.838402, "pairwise": [{"agent_a": "agent_1", "agent_b": "agent_2", "similarity": 0.811571}, {"agent_a": "agent_1", "agent_b": "agent_3", "similarity": 0.91673}, {"agent_a": "agent_2", "agent_b": "agent_3", "similarity": 0.786906}]}
{"id": 68, "ts": 1778267680.6718462, "event": "gold_standard_alignment_calculated", "method": "rule_based_binary_checks", "mean_alignment": 0.333333, "by_agent": [{"agent": "agent_1", "score": 0.125, "checks": {"favorite_is_c": 0, "c_reliability": 0, "c_calmness": 0, "c_attention": 0, "c_crew_fit": 0, "a_risks": 1, "b_risks": 0, "d_risks": 0}}, {"agent": "agent_2", "score": 0.625, "checks": {"favorite_is_c": 0, "c_reliability": 1, "c_calmness": 1, "c_attention": 0, "c_crew_fit": 0, "a_risks": 1, "b_risks": 1, "d_risks": 1}}, {"agent": "agent_3", "score": 0.25, "checks": {"favorite_is_c": 0, "c_reliability": 0, "c_calmness": 0, "c_attention": 0, "c_crew_fit": 0, "a_risks": 1, "b_risks": 1, "d_risks": 0}}]}
{"id": 69, "ts": 1778267680.6721768, "event": "agent_memories_archived", "directory": "/home/lhegemann/git/bachelor_thesis/01_data/raw/simulations/low/low_treatment_20260508_195017_009/shared_mental_models", "round": 5}
{"id": 70, "ts": 1778267680.6722674, "event": "final_decision", "candidate": "Candidate A", "method": "max_round_majority_vote", "vote_count": {"Candidate A": 2, "Candidate B": 1}, "correct_candidate": "Candidate C", "decision_correct": 0, "round": 5}
2026-05-08 21:14:40,684 - INFO - ======================================================================
2026-05-08 21:14:40,685 - INFO - SIMULATION METRICS
2026-05-08 21:14:40,685 - INFO - ======================================================================
2026-05-08 21:14:40,685 - INFO - Total Loops: 5
2026-05-08 21:14:40,685 - INFO - Agent Turns (no vote checker): 15
2026-05-08 21:14:40,685 - INFO - Agent Tool Calls: 0
2026-05-08 21:14:40,685 - INFO - Agent Tool Messages: 0
2026-05-08 21:14:40,685 - INFO - Memory Updates: 45
2026-05-08 21:14:40,685 - INFO - Total Messages (no vote checker): 15
2026-05-08 21:14:40,685 - INFO - Input Tokens: 113146
2026-05-08 21:14:40,685 - INFO - Output Tokens: 48077
2026-05-08 21:14:40,685 - INFO - Total Tokens: 161223
2026-05-08 21:14:40,686 - INFO - Final Chosen Candidate: Candidate A
2026-05-08 21:14:40,686 - INFO - Final Decision Method: max_round_majority_vote
2026-05-08 21:14:40,686 - INFO - Final Vote Count: {'Candidate A': 2, 'Candidate B': 1}
2026-05-08 21:14:40,686 - INFO - Correct Candidate: Candidate C
2026-05-08 21:14:40,686 - INFO - Decision Correct: 0
2026-05-08 21:14:40,686 - INFO - Runtime: 182.05s
2026-05-08 21:14:40,686 - INFO - ======================================================================
