2026-05-17 03:09:59,982 - INFO - Metrics tracker initialized
{"id": 1, "ts": 1778980200.0128205, "event": "memory_reset"}
{"id": 2, "ts": 1778980200.017805, "event": "discussion_order", "round": 1, "order": ["agent_3", "agent_1", "agent_2"]}
2026-05-17 03:10:05,523 - INFO - Tokens - Input: 1409, Output: 544, Total: 1953
{"id": 3, "ts": 1778980205.5245106, "event": "public_discussion_message", "round": 1, "agent": "agent_3", "message": "I prefer Candidate B \u2013 handles stress very well.\nMETADATA_JSON:\n{\"agent\": \"agent_3\", \"vote\": \"Candidate B\"}"}
2026-05-17 03:10:05,524 - INFO - Agent turns: 1
2026-05-17 03:10:09,608 - INFO - Tokens - Input: 1446, Output: 548, Total: 1994
{"id": 4, "ts": 1778980209.6092706, "event": "public_discussion_message", "round": 1, "agent": "agent_1", "message": "I prefer Candidate C \u2013 known to be 100% reliable.\nMETADATA_JSON:\n{\"agent\": \"agent_1\", \"vote\": \"Candidate C\"}"}
2026-05-17 03:10:09,609 - INFO - Agent turns: 2
2026-05-17 03:10:14,696 - INFO - Tokens - Input: 1490, Output: 661, Total: 2151
{"id": 5, "ts": 1778980214.6975665, "event": "public_discussion_message", "round": 1, "agent": "agent_2", "message": "I prefer Candidate B \u2013 good at assessing weather conditions.\nMETADATA_JSON:\n{\"agent\": \"agent_2\", \"vote\": \"Candidate B\"}"}
2026-05-17 03:10:14,697 - INFO - Agent turns: 3
2026-05-17 03:10:14,705 - INFO - Loop 1 completed
{"id": 6, "ts": 1778980214.71009, "event": "discussion_order", "round": 2, "order": ["agent_2", "agent_1", "agent_3"]}
2026-05-17 03:10:19,158 - INFO - Tokens - Input: 1529, Output: 581, Total: 2110
{"id": 7, "ts": 1778980219.1598427, "event": "public_discussion_message", "round": 2, "agent": "agent_2", "message": "I prefer Candidate D \u2013 solves problems extremely well.\nMETADATA_JSON:\n{\"agent\": \"agent_2\", \"vote\": \"Candidate D\"}"}
2026-05-17 03:10:19,160 - INFO - Agent turns: 4
2026-05-17 03:10:23,664 - INFO - Tokens - Input: 1564, Output: 593, Total: 2157
{"id": 8, "ts": 1778980223.6652167, "event": "public_discussion_message", "round": 2, "agent": "agent_1", "message": "Candidate A \u2013 excellent spatial vision.\nMETADATA_JSON:\n{\"agent\": \"agent_1\", \"vote\": \"Candidate A\"}"}
2026-05-17 03:10:23,665 - INFO - Agent turns: 5
2026-05-17 03:10:28,088 - INFO - Tokens - Input: 1594, Output: 581, Total: 2175
{"id": 9, "ts": 1778980228.0898206, "event": "public_discussion_message", "round": 2, "agent": "agent_3", "message": "Candidate B \u2013 handles stress very well.\nMETADATA_JSON:\n{\"agent\": \"agent_3\", \"vote\": \"Candidate B\"}"}
2026-05-17 03:10:28,089 - INFO - Agent turns: 6
2026-05-17 03:10:28,098 - INFO - Loop 2 completed
{"id": 10, "ts": 1778980228.1040006, "event": "discussion_order", "round": 3, "order": ["agent_2", "agent_3", "agent_1"]}
2026-05-17 03:10:32,995 - INFO - Tokens - Input: 1638, Output: 634, Total: 2272
{"id": 11, "ts": 1778980232.996421, "event": "public_discussion_message", "round": 3, "agent": "agent_2", "message": "I prefer Candidate A \u2013 very good leadership qualities.\nMETADATA_JSON:\n{\"agent\": \"agent_2\", \"vote\": \"Candidate A\"}"}
2026-05-17 03:10:32,996 - INFO - Agent turns: 7
2026-05-17 03:10:37,689 - INFO - Tokens - Input: 1668, Output: 603, Total: 2271
{"id": 12, "ts": 1778980237.6903362, "event": "public_discussion_message", "round": 3, "agent": "agent_3", "message": "Candidate B \u2013 handles stress very well.\nMETADATA_JSON:\n{\"agent\": \"agent_3\", \"vote\": \"Candidate B\"}"}
2026-05-17 03:10:37,690 - INFO - Agent turns: 8
2026-05-17 03:10:42,520 - INFO - Tokens - Input: 1709, Output: 623, Total: 2332
{"id": 13, "ts": 1778980242.521199, "event": "public_discussion_message", "round": 3, "agent": "agent_1", "message": "Candidate D \u2013 solves problems extremely well.\nMETADATA_JSON:\n{\"agent\": \"agent_1\", \"vote\": \"Candidate D\"}"}
2026-05-17 03:10:42,521 - INFO - Agent turns: 9
2026-05-17 03:10:42,530 - INFO - Loop 3 completed
{"id": 14, "ts": 1778980242.5359907, "event": "discussion_order", "round": 4, "order": ["agent_2", "agent_3", "agent_1"]}
2026-05-17 03:10:50,412 - INFO - Tokens - Input: 1748, Output: 1018, Total: 2766
{"id": 15, "ts": 1778980250.413561, "event": "public_discussion_message", "round": 4, "agent": "agent_2", "message": "Candidate B \u2013 handles stress very well.\nMETADATA_JSON:\n{\"agent\": \"agent_2\", \"vote\": \"Candidate B\"}"}
2026-05-17 03:10:50,413 - INFO - Agent turns: 10
2026-05-17 03:10:53,098 - INFO - Tokens - Input: 1776, Output: 331, Total: 2107
{"id": 16, "ts": 1778980253.0993629, "event": "public_discussion_message", "round": 4, "agent": "agent_3", "message": "Candidate B \u2013 handles stress very well.\nMETADATA_JSON:\n{\"agent\": \"agent_3\", \"vote\": \"Candidate B\"}"}
2026-05-17 03:10:53,099 - INFO - Agent turns: 11
2026-05-17 03:10:59,984 - INFO - Tokens - Input: 1817, Output: 902, Total: 2719
{"id": 17, "ts": 1778980259.9859812, "event": "public_discussion_message", "round": 4, "agent": "agent_1", "message": "Candidate A \u2013 very good leadership qualities.\nMETADATA_JSON:\n{\"agent\": \"agent_1\", \"vote\": \"Candidate A\"}"}
2026-05-17 03:10:59,986 - INFO - Agent turns: 12
2026-05-17 03:10:59,995 - INFO - Loop 4 completed
{"id": 18, "ts": 1778980260.001375, "event": "discussion_order", "round": 5, "order": ["agent_1", "agent_3", "agent_2"]}
2026-05-17 03:11:05,626 - INFO - Tokens - Input: 1853, Output: 730, Total: 2583
{"id": 19, "ts": 1778980265.627355, "event": "public_discussion_message", "round": 5, "agent": "agent_1", "message": "Candidate C \u2013 known to be 100% reliable.\nMETADATA_JSON:\n{\"agent\": \"agent_1\", \"vote\": \"Candidate C\"}"}
2026-05-17 03:11:05,627 - INFO - Agent turns: 13
2026-05-17 03:11:10,603 - INFO - Tokens - Input: 1887, Output: 636, Total: 2523
{"id": 20, "ts": 1778980270.604416, "event": "public_discussion_message", "round": 5, "agent": "agent_3", "message": "Candidate B \u2013 handles stress very well.\nMETADATA_JSON:\n{\"agent\": \"agent_3\", \"vote\": \"Candidate B\"}"}
2026-05-17 03:11:10,604 - INFO - Agent turns: 14
2026-05-17 03:11:16,300 - INFO - Tokens - Input: 1931, Output: 723, Total: 2654
{"id": 21, "ts": 1778980276.3022485, "event": "public_discussion_message", "round": 5, "agent": "agent_2", "message": "Candidate B \u2013 good at assessing weather conditions.\nMETADATA_JSON:\n{\"agent\": \"agent_2\", \"vote\": \"Candidate B\"}"}
2026-05-17 03:11:16,302 - INFO - Agent turns: 15
2026-05-17 03:11:16,310 - INFO - Loop 5 completed
2026-05-17 03:11:16,311 - INFO - Final Chosen Candidate: Candidate B
2026-05-17 03:11:16,311 - INFO - Final Decision Method: max_round_majority_vote
2026-05-17 03:11:16,311 - INFO - Final Vote Count: {'Candidate C': 1, 'Candidate B': 2}
2026-05-17 03:11:16,311 - INFO - Correct Candidate: Candidate C
2026-05-17 03:11:16,311 - INFO - Decision Correct: 0
{"id": 22, "ts": 1778980276.3127832, "event": "context_consistency_not_applicable", "reason": "explicit_smm_memory_disabled"}
{"id": 23, "ts": 1778980276.3129401, "event": "final_decision", "candidate": "Candidate B", "method": "max_round_majority_vote", "vote_count": {"Candidate C": 1, "Candidate B": 2}, "correct_candidate": "Candidate C", "decision_correct": 0, "round": 5}
2026-05-17 03:11:16,320 - INFO - ======================================================================
2026-05-17 03:11:16,321 - INFO - SIMULATION METRICS
2026-05-17 03:11:16,321 - INFO - ======================================================================
2026-05-17 03:11:16,321 - INFO - Total Loops: 5
2026-05-17 03:11:16,321 - INFO - Agent Turns (no vote checker): 15
2026-05-17 03:11:16,321 - INFO - Agent Tool Calls: 0
2026-05-17 03:11:16,321 - INFO - Agent Tool Messages: 0
2026-05-17 03:11:16,321 - INFO - Memory Updates: 0
2026-05-17 03:11:16,321 - INFO - Total Messages (no vote checker): 15
2026-05-17 03:11:16,321 - INFO - Input Tokens: 25059
2026-05-17 03:11:16,322 - INFO - Output Tokens: 9708
2026-05-17 03:11:16,322 - INFO - Total Tokens: 34767
2026-05-17 03:11:16,322 - INFO - Final Chosen Candidate: Candidate B
2026-05-17 03:11:16,322 - INFO - Final Decision Method: max_round_majority_vote
2026-05-17 03:11:16,322 - INFO - Final Vote Count: {'Candidate C': 1, 'Candidate B': 2}
2026-05-17 03:11:16,322 - INFO - Correct Candidate: Candidate C
2026-05-17 03:11:16,322 - INFO - Decision Correct: 0
2026-05-17 03:11:16,322 - INFO - Runtime: 76.34s
2026-05-17 03:11:16,322 - INFO - ======================================================================
