2026-05-08 23:18:33,779 - INFO - Metrics tracker initialized
{"id": 1, "ts": 1778275113.8034086, "event": "memory_reset"}
{"id": 2, "ts": 1778275113.806767, "event": "discussion_order", "round": 1, "order": ["agent_3", "agent_1", "agent_2"]}
2026-05-08 23:18:40,487 - INFO - Tokens - Input: 1708, Output: 702, Total: 2410
{"id": 3, "ts": 1778275120.4891663, "event": "public_discussion_message", "round": 1, "agent": "agent_3", "message": "I tentatively favor **Candidate\u202fB**. Their strong conscientiousness, excellent stress handling, and solid technical abilities (weather assessment and computer skills) align well with the reliability and calm\u2011under\u2011pressure needs of long\u2011distance flights. The main concern is their pretentious demeanor and occasional wrong tone, which could hinder crew cooperation.\nMETADATA_JSON:\n{\"agent\": \"agent_3\", \"vote\": \"Candidate B\"}"}
2026-05-08 23:18:40,489 - INFO - Agent turns: 1
2026-05-08 23:18:50,770 - INFO - Tokens - Input: 1300, Output: 1341, Total: 2641
2026-05-08 23:18:50,772 - INFO - Memory updates: 1
{"id": 4, "ts": 1778275130.77217, "event": "memory_updated", "agent": "agent_3", "round": 1}
2026-05-08 23:18:51,558 - INFO - Tokens - Input: 1305, Output: 1467, Total: 2772
2026-05-08 23:18:51,560 - INFO - Memory updates: 2
{"id": 5, "ts": 1778275131.5605242, "event": "memory_updated", "agent": "agent_1", "round": 1}
2026-05-08 23:18:52,003 - INFO - Tokens - Input: 1308, Output: 1638, Total: 2946
2026-05-08 23:18:52,004 - INFO - Memory updates: 3
{"id": 6, "ts": 1778275132.004569, "event": "memory_updated", "agent": "agent_2", "round": 1}
2026-05-08 23:18:57,833 - INFO - Tokens - Input: 2432, Output: 744, Total: 3176
{"id": 7, "ts": 1778275137.8345869, "event": "public_discussion_message", "round": 1, "agent": "agent_1", "message": "I currently favor **Candidate\u202fC**. Their 100\u202f% reliability and ability to create a positive atmosphere with the crew are strong indicators of dependable performance and good morale on long\u2011haul flights. These traits matter because reliability and crew cohesion are essential for safety and endurance over extended routes.\nA key uncertainty is their difficulty communicating ideas, which could impair critical information exchange in the cockpit.\nMETADATA_JSON:\n{\"agent\": \"agent_1\", \"vote\": \"Candidate C\"}"}
2026-05-08 23:18:57,834 - INFO - Agent turns: 2
2026-05-08 23:19:05,895 - INFO - Tokens - Input: 2178, Output: 978, Total: 3156
2026-05-08 23:19:05,897 - INFO - Memory updates: 4
{"id": 8, "ts": 1778275145.8976784, "event": "memory_updated", "agent": "agent_2", "round": 1}
2026-05-08 23:19:06,490 - INFO - Tokens - Input: 1821, Output: 1097, Total: 2918
2026-05-08 23:19:06,491 - INFO - Memory updates: 5
{"id": 9, "ts": 1778275146.4920394, "event": "memory_updated", "agent": "agent_3", "round": 1}
2026-05-08 23:19:07,911 - INFO - Tokens - Input: 2050, Output: 1342, Total: 3392
2026-05-08 23:19:07,912 - INFO - Memory updates: 6
{"id": 10, "ts": 1778275147.9130766, "event": "memory_updated", "agent": "agent_1", "round": 1}
2026-05-08 23:19:16,047 - INFO - Tokens - Input: 2284, Output: 557, Total: 2841
{"id": 11, "ts": 1778275156.0487974, "event": "public_discussion_message", "round": 1, "agent": "agent_2", "message": "I currently favor **Candidate\u202fB**. Their strong conscientiousness, excellent stress handling, and solid technical abilities (weather assessment and computer skills) are crucial for the reliability and calm\u2011under\u2011pressure demands of long\u2011distance flights. The main trade\u2011off is their weak numeric memory and tendency to make nasty remarks toward colleagues, which could undermine crew cooperation and navigation accuracy.\nMETADATA_JSON:\n{\"agent\": \"agent_2\", \"vote\": \"Candidate B\"}"}
2026-05-08 23:19:16,048 - INFO - Agent turns: 3
2026-05-08 23:19:24,802 - INFO - Tokens - Input: 1897, Output: 1119, Total: 3016
2026-05-08 23:19:24,804 - INFO - Memory updates: 7
{"id": 12, "ts": 1778275164.8047493, "event": "memory_updated", "agent": "agent_2", "round": 1}
2026-05-08 23:19:25,558 - INFO - Tokens - Input: 2048, Output: 1296, Total: 3344
2026-05-08 23:19:25,560 - INFO - Memory updates: 8
{"id": 13, "ts": 1778275165.560567, "event": "memory_updated", "agent": "agent_3", "round": 1}
2026-05-08 23:19:27,138 - INFO - Tokens - Input: 2266, Output: 1507, Total: 3773
2026-05-08 23:19:27,140 - INFO - Memory updates: 9
{"id": 14, "ts": 1778275167.140243, "event": "memory_updated", "agent": "agent_1", "round": 1}
2026-05-08 23:19:27,149 - INFO - Loop 1 completed
{"id": 15, "ts": 1778275167.1549973, "event": "discussion_order", "round": 2, "order": ["agent_2", "agent_3", "agent_1"]}
2026-05-08 23:19:31,350 - INFO - Tokens - Input: 2386, Output: 233, Total: 2619
{"id": 16, "ts": 1778275171.3521802, "event": "public_discussion_message", "round": 2, "agent": "agent_2", "message": "I continue to favor **Candidate\u202fB**. Their strong conscientiousness and excellent stress\u2011handling ability are crucial for the reliability and calmness required on long\u2011haul flights, and their solid technical skills (weather assessment and computer proficiency) support safe navigation and decision\u2011making. The main uncertainty is their weak numeric memory combined with a tendency to make nasty remarks toward colleagues, which could impair precise navigation calculations and crew cooperation.\nMETADATA_JSON:\n{\"agent\": \"agent_2\", \"vote\": \"Candidate B\"}"}
2026-05-08 23:19:31,352 - INFO - Agent turns: 4
2026-05-08 23:19:38,157 - INFO - Tokens - Input: 1999, Output: 898, Total: 2897
2026-05-08 23:19:38,159 - INFO - Memory updates: 10
{"id": 17, "ts": 1778275178.1594896, "event": "memory_updated", "agent": "agent_2", "round": 2}
2026-05-08 23:19:39,358 - INFO - Tokens - Input: 2240, Output: 1142, Total: 3382
2026-05-08 23:19:39,360 - INFO - Memory updates: 11
{"id": 18, "ts": 1778275179.360555, "event": "memory_updated", "agent": "agent_3", "round": 2}
2026-05-08 23:19:39,770 - INFO - Tokens - Input: 2538, Output: 1139, Total: 3677
2026-05-08 23:19:39,771 - INFO - Memory updates: 12
{"id": 19, "ts": 1778275179.7716436, "event": "memory_updated", "agent": "agent_1", "round": 2}
2026-05-08 23:19:43,401 - INFO - Tokens - Input: 2605, Output: 279, Total: 2884
{"id": 20, "ts": 1778275183.4025745, "event": "public_discussion_message", "round": 2, "agent": "agent_3", "message": "I continue to favor **Candidate\u202fB**. Their strong conscientiousness and excellent stress\u2011handling ability are vital for the reliability and calmness required on long\u2011distance flights. The main uncertainty is B\u2019s weak numeric memory and occasional hostile remarks, which could impair precise navigation calculations and crew cooperation.\nMETADATA_JSON:\n{\"agent\": \"agent_3\", \"vote\": \"Candidate B\"}"}
2026-05-08 23:19:43,402 - INFO - Agent turns: 5
2026-05-08 23:19:50,372 - INFO - Tokens - Input: 2201, Output: 980, Total: 3181
2026-05-08 23:19:50,374 - INFO - Memory updates: 13
{"id": 21, "ts": 1778275190.3743649, "event": "memory_updated", "agent": "agent_1", "round": 2}
2026-05-08 23:19:50,952 - INFO - Tokens - Input: 2186, Output: 1010, Total: 3196
2026-05-08 23:19:50,954 - INFO - Memory updates: 14
{"id": 22, "ts": 1778275190.9549613, "event": "memory_updated", "agent": "agent_3", "round": 2}
2026-05-08 23:20:03,879 - INFO - Tokens - Input: 2031, Output: 1280, Total: 3311
2026-05-08 23:20:03,881 - INFO - Memory updates: 15
{"id": 23, "ts": 1778275203.8817968, "event": "memory_updated", "agent": "agent_2", "round": 2}
2026-05-08 23:20:10,989 - INFO - Tokens - Input: 2704, Output: 334, Total: 3038
{"id": 24, "ts": 1778275210.9916165, "event": "public_discussion_message", "round": 2, "agent": "agent_1", "message": "I continue to favor **Candidate\u202fC**. Their 100\u202f% reliability and ability to create a positive atmosphere with the crew are crucial for long\u2011distance operations where consistent performance and morale directly affect safety and endurance. These traits matter because a reliable pilot who keeps the crew cohesive helps maintain steady decision\u2011making over extended flights.\n**Trade\u2011off / uncertainty:** Candidate\u202fC has difficulty communicating ideas and is seen as egocentric, which could impede critical information exchange in the cockpit and affect teamwork on long routes.\nMETADATA_JSON:\n{\"agent\": \"agent_1\", \"vote\": \"Candidate C\"}"}
2026-05-08 23:20:10,991 - INFO - Agent turns: 6
2026-05-08 23:20:23,794 - INFO - Tokens - Input: 2273, Output: 846, Total: 3119
2026-05-08 23:20:23,795 - INFO - Memory updates: 16
{"id": 25, "ts": 1778275223.795742, "event": "memory_updated", "agent": "agent_2", "round": 2}
2026-05-08 23:20:24,945 - INFO - Tokens - Input: 2376, Output: 1076, Total: 3452
2026-05-08 23:20:24,946 - INFO - Memory updates: 17
{"id": 26, "ts": 1778275224.9470713, "event": "memory_updated", "agent": "agent_1", "round": 2}
2026-05-08 23:20:33,384 - INFO - Tokens - Input: 2367, Output: 1057, Total: 3424
2026-05-08 23:20:33,385 - INFO - Memory updates: 18
{"id": 27, "ts": 1778275233.385849, "event": "memory_updated", "agent": "agent_3", "round": 2}
2026-05-08 23:20:33,394 - INFO - Loop 2 completed
{"id": 28, "ts": 1778275233.4010649, "event": "discussion_order", "round": 3, "order": ["agent_2", "agent_3", "agent_1"]}
2026-05-08 23:20:45,710 - INFO - Tokens - Input: 2572, Output: 336, Total: 2908
{"id": 29, "ts": 1778275245.7120903, "event": "public_discussion_message", "round": 3, "agent": "agent_2", "message": "I continue to favor **Candidate\u202fB**. Their strong conscientiousness and excellent stress\u2011handling ability are vital for reliable, calm performance on long\u2011distance flights, and their skill in assessing weather and using computer systems supports safe navigation and decision\u2011making. The main uncertainty is whether B\u2019s weak numeric memory and tendency to make hostile remarks could undermine precise navigation calculations and crew cooperation during extended missions.\nMETADATA_JSON:\n{\"agent\": \"agent_2\", \"vote\": \"Candidate B\"}"}
2026-05-08 23:20:45,712 - INFO - Agent turns: 7
2026-05-08 23:20:58,051 - INFO - Tokens - Input: 2175, Output: 704, Total: 2879
2026-05-08 23:20:58,053 - INFO - Memory updates: 19
{"id": 30, "ts": 1778275258.0534413, "event": "memory_updated", "agent": "agent_2", "round": 3}
2026-05-08 23:21:01,518 - INFO - Tokens - Input: 2448, Output: 989, Total: 3437
2026-05-08 23:21:01,520 - INFO - Memory updates: 20
{"id": 31, "ts": 1778275261.520238, "event": "memory_updated", "agent": "agent_1", "round": 3}
2026-05-08 23:21:01,543 - INFO - Tokens - Input: 2485, Output: 1016, Total: 3501
2026-05-08 23:21:01,545 - INFO - Memory updates: 21
{"id": 32, "ts": 1778275261.545413, "event": "memory_updated", "agent": "agent_3", "round": 3}
2026-05-08 23:21:07,848 - INFO - Tokens - Input: 2973, Output: 221, Total: 3194
{"id": 33, "ts": 1778275267.8494577, "event": "public_discussion_message", "round": 3, "agent": "agent_3", "message": "I continue to favor **Candidate\u202fB**. Their strong conscientiousness and excellent stress\u2011handling ability are crucial for the reliability and calmness required on long\u2011distance flights, and their solid technical skills\u2014particularly weather assessment and computer proficiency\u2014support safe navigation and decision\u2011making. The main uncertainty is B\u2019s weak numeric memory combined with occasional hostile remarks, which could impair precise navigation calculations and crew cooperation in the cockpit.\nMETADATA_JSON:\n{\"agent\": \"agent_3\", \"vote\": \"Candidate B\"}"}
2026-05-08 23:21:07,849 - INFO - Agent turns: 8
2026-05-08 23:21:16,376 - INFO - Tokens - Input: 2435, Output: 1080, Total: 3515
2026-05-08 23:21:16,378 - INFO - Memory updates: 22
{"id": 34, "ts": 1778275276.378713, "event": "memory_updated", "agent": "agent_1", "round": 3}
2026-05-08 23:21:16,941 - INFO - Tokens - Input: 2301, Output: 812, Total: 3113
2026-05-08 23:21:16,942 - INFO - Memory updates: 23
{"id": 35, "ts": 1778275276.9430742, "event": "memory_updated", "agent": "agent_2", "round": 3}
2026-05-08 23:21:29,642 - INFO - Tokens - Input: 2604, Output: 1291, Total: 3895
2026-05-08 23:21:29,643 - INFO - Memory updates: 24
{"id": 36, "ts": 1778275289.6441069, "event": "memory_updated", "agent": "agent_3", "round": 3}
2026-05-08 23:21:31,318 - INFO - Tokens - Input: 2922, Output: 196, Total: 3118
{"id": 37, "ts": 1778275291.319677, "event": "public_discussion_message", "round": 3, "agent": "agent_1", "message": "I continue to favor **Candidate\u202fC**. Their 100\u202f% reliability and ability to create a positive crew atmosphere are vital for long\u2011distance flights, where consistent performance and morale directly impact safety and endurance.\n**Trade\u2011off / uncertainty:** C\u2019s difficulty communicating ideas and perceived egocentric attitude could hinder critical information exchange and teamwork in the cockpit.\nMETADATA_JSON:\n{\"agent\": \"agent_1\", \"vote\": \"Candidate C\"}"}
2026-05-08 23:21:31,319 - INFO - Agent turns: 9
2026-05-08 23:21:37,897 - INFO - Tokens - Input: 2530, Output: 912, Total: 3442
2026-05-08 23:21:37,898 - INFO - Memory updates: 25
{"id": 38, "ts": 1778275297.8990119, "event": "memory_updated", "agent": "agent_1", "round": 3}
2026-05-08 23:21:38,109 - INFO - Tokens - Input: 2330, Output: 868, Total: 3198
2026-05-08 23:21:38,110 - INFO - Memory updates: 26
{"id": 39, "ts": 1778275298.1110888, "event": "memory_updated", "agent": "agent_2", "round": 3}
2026-05-08 23:21:38,987 - INFO - Tokens - Input: 2750, Output: 1080, Total: 3830
2026-05-08 23:21:38,989 - INFO - Memory updates: 27
{"id": 40, "ts": 1778275298.9893587, "event": "memory_updated", "agent": "agent_3", "round": 3}
2026-05-08 23:21:38,996 - INFO - Loop 3 completed
{"id": 41, "ts": 1778275299.0015886, "event": "discussion_order", "round": 4, "order": ["agent_1", "agent_2", "agent_3"]}
2026-05-08 23:21:43,622 - INFO - Tokens - Input: 3038, Output: 150, Total: 3188
{"id": 42, "ts": 1778275303.6237934, "event": "public_discussion_message", "round": 4, "agent": "agent_1", "message": "I continue to favor **Candidate\u202fC**. Their 100\u202f% reliability and ability to create a positive crew atmosphere are essential for long\u2011distance flights, where consistent performance and morale directly affect safety and endurance.\n**Trade\u2011off / uncertainty:** Their difficulty communicating ideas and egocentric attitude could hinder critical information exchange and teamwork in the cockpit.\nMETADATA_JSON:\n{\"agent\": \"agent_1\", \"vote\": \"Candidate C\"}"}
2026-05-08 23:21:43,623 - INFO - Agent turns: 10
2026-05-08 23:21:48,731 - INFO - Tokens - Input: 2578, Output: 804, Total: 3382
2026-05-08 23:21:48,733 - INFO - Memory updates: 28
{"id": 43, "ts": 1778275308.7334166, "event": "memory_updated", "agent": "agent_3", "round": 4}
2026-05-08 23:21:48,926 - INFO - Tokens - Input: 2429, Output: 731, Total: 3160
2026-05-08 23:21:48,927 - INFO - Memory updates: 29
{"id": 44, "ts": 1778275308.9278057, "event": "memory_updated", "agent": "agent_2", "round": 4}
2026-05-08 23:21:50,199 - INFO - Tokens - Input: 2624, Output: 892, Total: 3516
2026-05-08 23:21:50,201 - INFO - Memory updates: 30
{"id": 45, "ts": 1778275310.2013543, "event": "memory_updated", "agent": "agent_1", "round": 4}
2026-05-08 23:21:51,807 - INFO - Tokens - Input: 2970, Output: 204, Total: 3174
{"id": 46, "ts": 1778275311.808565, "event": "public_discussion_message", "round": 4, "agent": "agent_2", "message": "I continue to favor **Candidate\u202fB**. Their very conscientious nature and strong stress\u2011handling ability are crucial for reliable, calm performance on long\u2011distance flights, and their expertise in weather assessment and computer systems supports safe navigation and decision\u2011making. The main uncertainty is their weak memory for numbers combined with a tendency to make nasty remarks toward colleagues, which could impair precise navigation calculations and crew cooperation.\nMETADATA_JSON:\n{\"agent\": \"agent_2\", \"vote\": \"Candidate B\"}"}
2026-05-08 23:21:51,808 - INFO - Agent turns: 11
2026-05-08 23:21:57,853 - INFO - Tokens - Input: 2593, Output: 880, Total: 3473
2026-05-08 23:21:57,855 - INFO - Memory updates: 31
{"id": 47, "ts": 1778275317.855709, "event": "memory_updated", "agent": "agent_2", "round": 4}
2026-05-08 23:21:58,354 - INFO - Tokens - Input: 2657, Output: 1018, Total: 3675
2026-05-08 23:21:58,355 - INFO - Memory updates: 32
{"id": 48, "ts": 1778275318.3558068, "event": "memory_updated", "agent": "agent_3", "round": 4}
2026-05-08 23:21:59,506 - INFO - Tokens - Input: 2737, Output: 1015, Total: 3752
2026-05-08 23:21:59,507 - INFO - Memory updates: 33
{"id": 49, "ts": 1778275319.507981, "event": "memory_updated", "agent": "agent_1", "round": 4}
2026-05-08 23:22:01,956 - INFO - Tokens - Input: 3179, Output: 220, Total: 3399
{"id": 50, "ts": 1778275321.9577985, "event": "public_discussion_message", "round": 4, "agent": "agent_3", "message": "I continue to favor **Candidate\u202fB**. Their very conscientious nature and excellent stress\u2011handling ability give them high reliability and calmness under pressure, while their strong weather\u2011assessment and computer\u2011system skills support the technical demands of long\u2011distance navigation. The main uncertainty is B\u2019s weak numeric memory combined with occasional hostile remarks, which could impair precise navigation calculations and crew cooperation in the cockpit.\nMETADATA_JSON:\n{\"agent\": \"agent_3\", \"vote\": \"Candidate B\"}"}
2026-05-08 23:22:01,957 - INFO - Agent turns: 12
2026-05-08 23:22:07,920 - INFO - Tokens - Input: 2685, Output: 803, Total: 3488
2026-05-08 23:22:07,922 - INFO - Memory updates: 34
{"id": 51, "ts": 1778275327.9221845, "event": "memory_updated", "agent": "agent_2", "round": 4}
2026-05-08 23:22:09,582 - INFO - Tokens - Input: 2800, Output: 1072, Total: 3872
2026-05-08 23:22:09,583 - INFO - Memory updates: 35
{"id": 52, "ts": 1778275329.5840216, "event": "memory_updated", "agent": "agent_3", "round": 4}
2026-05-08 23:22:14,957 - INFO - Tokens - Input: 2869, Output: 1744, Total: 4613
2026-05-08 23:22:14,959 - INFO - Memory updates: 36
{"id": 53, "ts": 1778275334.9594944, "event": "memory_updated", "agent": "agent_1", "round": 4}
2026-05-08 23:22:14,969 - INFO - Loop 4 completed
{"id": 54, "ts": 1778275334.9755583, "event": "discussion_order", "round": 5, "order": ["agent_2", "agent_1", "agent_3"]}
2026-05-08 23:22:19,555 - INFO - Tokens - Input: 3218, Output: 620, Total: 3838
{"id": 55, "ts": 1778275339.556576, "event": "public_discussion_message", "round": 5, "agent": "agent_2", "message": "I continue to favor **Candidate\u202fB**. Their very conscientious nature and excellent stress\u2011handling ability give them high reliability and calmness under pressure, while their strong weather\u2011assessment skill and computer\u2011system proficiency support the technical demands of long\u2011distance navigation. The main uncertainty is whether B\u2019s weak memory for numbers and tendency to make nasty remarks toward colleagues could impair precise navigation calculations and crew cooperation during extended flights.\nMETADATA_JSON:\n{\"agent\": \"agent_2\", \"vote\": \"Candidate B\"}"}
2026-05-08 23:22:19,556 - INFO - Agent turns: 13
2026-05-08 23:22:27,231 - INFO - Tokens - Input: 2989, Output: 1039, Total: 4028
2026-05-08 23:22:27,233 - INFO - Memory updates: 37
{"id": 56, "ts": 1778275347.2335093, "event": "memory_updated", "agent": "agent_1", "round": 5}
2026-05-08 23:22:27,847 - INFO - Tokens - Input: 3117, Output: 997, Total: 4114
2026-05-08 23:22:27,849 - INFO - Memory updates: 38
{"id": 57, "ts": 1778275347.8496833, "event": "memory_updated", "agent": "agent_3", "round": 5}
2026-05-08 23:22:28,464 - INFO - Tokens - Input: 2829, Output: 1179, Total: 4008
2026-05-08 23:22:28,466 - INFO - Memory updates: 39
{"id": 58, "ts": 1778275348.4668071, "event": "memory_updated", "agent": "agent_2", "round": 5}
2026-05-08 23:22:30,170 - INFO - Tokens - Input: 3515, Output: 212, Total: 3727
{"id": 59, "ts": 1778275350.1723588, "event": "public_discussion_message", "round": 5, "agent": "agent_1", "message": "I continue to favor **Candidate\u202fC**. Their 100\u202f% reliability ensures consistent performance on long\u2011haul flights, and their ability to create a positive atmosphere with the crew supports morale and teamwork over extended periods\u2014both critical for safety and endurance.\n**Trade\u2011off / uncertainty:** C\u2019s difficulty communicating ideas and egocentric attitude could impede clear information exchange and collaborative decision\u2011making in the cockpit.\nMETADATA_JSON:\n{\"agent\": \"agent_1\", \"vote\": \"Candidate C\"}"}
2026-05-08 23:22:30,172 - INFO - Agent turns: 14
2026-05-08 23:22:38,026 - INFO - Tokens - Input: 2988, Output: 1088, Total: 4076
2026-05-08 23:22:38,028 - INFO - Memory updates: 40
{"id": 60, "ts": 1778275358.028301, "event": "memory_updated", "agent": "agent_2", "round": 5}
2026-05-08 23:22:38,309 - INFO - Tokens - Input: 3143, Output: 1047, Total: 4190
2026-05-08 23:22:38,311 - INFO - Memory updates: 41
{"id": 61, "ts": 1778275358.3117082, "event": "memory_updated", "agent": "agent_1", "round": 5}
2026-05-08 23:22:41,270 - INFO - Tokens - Input: 3120, Output: 1459, Total: 4579
2026-05-08 23:22:41,272 - INFO - Memory updates: 42
{"id": 62, "ts": 1778275361.2728403, "event": "memory_updated", "agent": "agent_3", "round": 5}
2026-05-08 23:22:43,644 - INFO - Tokens - Input: 3480, Output: 283, Total: 3763
{"id": 63, "ts": 1778275363.6462343, "event": "public_discussion_message", "round": 5, "agent": "agent_3", "message": "I continue to favor **Candidate\u202fB**. Their very conscientious nature and excellent stress\u2011handling ability give them high reliability and calmness under pressure, while their strong weather\u2011assessment and computer\u2011system skills support the technical demands of long\u2011distance navigation.\n**Trade\u2011off / uncertainty:** B\u2019s weak numeric memory and occasional hostile or pretentious remarks could impair precise navigation calculations and crew cooperation.\nMETADATA_JSON:\n{\"agent\": \"agent_3\", \"vote\": \"Candidate B\"}"}
2026-05-08 23:22:43,646 - INFO - Agent turns: 15
2026-05-08 23:22:50,562 - INFO - Tokens - Input: 3102, Output: 874, Total: 3976
2026-05-08 23:22:50,563 - INFO - Memory updates: 43
{"id": 64, "ts": 1778275370.5638816, "event": "memory_updated", "agent": "agent_3", "round": 5}
2026-05-08 23:22:52,508 - INFO - Tokens - Input: 3259, Output: 1177, Total: 4436
2026-05-08 23:22:52,510 - INFO - Memory updates: 44
{"id": 65, "ts": 1778275372.5105531, "event": "memory_updated", "agent": "agent_1", "round": 5}
2026-05-08 23:22:57,426 - INFO - Tokens - Input: 2868, Output: 1104, Total: 3972
2026-05-08 23:22:57,427 - INFO - Memory updates: 45
{"id": 66, "ts": 1778275377.4280355, "event": "memory_updated", "agent": "agent_2", "round": 5}
2026-05-08 23:22:57,437 - INFO - Loop 5 completed
2026-05-08 23:22:57,437 - INFO - Final Chosen Candidate: Candidate B
2026-05-08 23:22:57,437 - INFO - Final Decision Method: max_round_majority_vote
2026-05-08 23:22:57,437 - INFO - Final Vote Count: {'Candidate C': 1, 'Candidate B': 2}
2026-05-08 23:22:57,437 - INFO - Correct Candidate: Candidate C
2026-05-08 23:22:57,437 - INFO - Decision Correct: 0
{"id": 67, "ts": 1778275377.781513, "event": "context_consistency_calculated", "method": "embedding_cosine", "mean_pairwise_similarity": 0.802281, "pairwise": [{"agent_a": "agent_1", "agent_b": "agent_2", "similarity": 0.821775}, {"agent_a": "agent_1", "agent_b": "agent_3", "similarity": 0.778246}, {"agent_a": "agent_2", "agent_b": "agent_3", "similarity": 0.806822}]}
{"id": 68, "ts": 1778275377.7816799, "event": "gold_standard_alignment_calculated", "method": "rule_based_binary_checks", "mean_alignment": 0.708333, "by_agent": [{"agent": "agent_1", "score": 0.75, "checks": {"favorite_is_c": 1, "c_reliability": 1, "c_calmness": 1, "c_attention": 1, "c_crew_fit": 1, "a_risks": 0, "b_risks": 1, "d_risks": 0}}, {"agent": "agent_2", "score": 0.5, "checks": {"favorite_is_c": 0, "c_reliability": 1, "c_calmness": 1, "c_attention": 0, "c_crew_fit": 1, "a_risks": 0, "b_risks": 1, "d_risks": 0}}, {"agent": "agent_3", "score": 0.875, "checks": {"favorite_is_c": 0, "c_reliability": 1, "c_calmness": 1, "c_attention": 1, "c_crew_fit": 1, "a_risks": 1, "b_risks": 1, "d_risks": 1}}]}
{"id": 69, "ts": 1778275377.7818174, "event": "agent_memories_archived", "directory": "/home/lhegemann/git/bachelor_thesis/01_data/raw/simulations/moderate/moderate_treatment_20260508_195017_019/shared_mental_models", "round": 5}
{"id": 70, "ts": 1778275377.78191, "event": "final_decision", "candidate": "Candidate B", "method": "max_round_majority_vote", "vote_count": {"Candidate C": 1, "Candidate B": 2}, "correct_candidate": "Candidate C", "decision_correct": 0, "round": 5}
2026-05-08 23:22:57,792 - INFO - ======================================================================
2026-05-08 23:22:57,792 - INFO - SIMULATION METRICS
2026-05-08 23:22:57,792 - INFO - ======================================================================
2026-05-08 23:22:57,792 - INFO - Total Loops: 5
2026-05-08 23:22:57,792 - INFO - Agent Turns (no vote checker): 15
2026-05-08 23:22:57,793 - INFO - Agent Tool Calls: 0
2026-05-08 23:22:57,793 - INFO - Agent Tool Messages: 0
2026-05-08 23:22:57,793 - INFO - Memory Updates: 45
2026-05-08 23:22:57,793 - INFO - Total Messages (no vote checker): 15
2026-05-08 23:22:57,793 - INFO - Input Tokens: 151815
2026-05-08 23:22:57,793 - INFO - Output Tokens: 54179
2026-05-08 23:22:57,793 - INFO - Total Tokens: 205994
2026-05-08 23:22:57,793 - INFO - Final Chosen Candidate: Candidate B
2026-05-08 23:22:57,793 - INFO - Final Decision Method: max_round_majority_vote
2026-05-08 23:22:57,793 - INFO - Final Vote Count: {'Candidate C': 1, 'Candidate B': 2}
2026-05-08 23:22:57,793 - INFO - Correct Candidate: Candidate C
2026-05-08 23:22:57,793 - INFO - Decision Correct: 0
2026-05-08 23:22:57,793 - INFO - Runtime: 264.01s
2026-05-08 23:22:57,793 - INFO - ======================================================================
