2026-05-17 04:01:07,987 - INFO - Metrics tracker initialized
{"id": 1, "ts": 1778983268.0193508, "event": "memory_reset"}
{"id": 2, "ts": 1778983268.0243206, "event": "discussion_order", "round": 1, "order": ["agent_2", "agent_3", "agent_1"]}
2026-05-17 04:01:16,324 - INFO - Tokens - Input: 1444, Output: 916, Total: 2360
{"id": 3, "ts": 1778983276.3266644, "event": "public_discussion_message", "round": 1, "agent": "agent_2", "message": "I currently prefer Candidate\u202fB. Their very conscientious nature and strong stress\u2011handling ability suggest high reliability and calmness under pressure, while their skill in assessing weather and excellent computer abilities are key technical competencies for long\u2011distance flights. The main uncertainty is their tendency to make nasty remarks about colleagues and a relatively weak memory for numbers, which could undermine crew cooperation and navigation accuracy.\nMETADATA_JSON:\n{\"agent\": \"agent_2\", \"vote\": \"Candidate B\"}"}
2026-05-17 04:01:16,326 - INFO - Agent turns: 1
2026-05-17 04:01:22,006 - INFO - Tokens - Input: 1533, Output: 772, Total: 2305
{"id": 4, "ts": 1778983282.0076756, "event": "public_discussion_message", "round": 1, "agent": "agent_3", "message": "I currently favor **Candidate\u202fB**. Their very conscientious nature and strong stress\u2011handling ability point to high reliability and calmness under pressure, while their skill in assessing weather and excellent computer abilities are key technical competencies for long\u2011distance operations. The main uncertainty is their tendency to be pretentious and sometimes adopt the wrong tone, which could undermine crew cooperation and the cockpit atmosphere.\nMETADATA_JSON:\n{\"agent\": \"agent_3\", \"vote\": \"Candidate B\"}"}
2026-05-17 04:01:22,007 - INFO - Agent turns: 2
2026-05-17 04:01:28,179 - INFO - Tokens - Input: 1642, Output: 823, Total: 2465
{"id": 5, "ts": 1778983288.180936, "event": "public_discussion_message", "round": 1, "agent": "agent_1", "message": "I currently prefer **Candidate\u202fA**. Their excellent spatial vision and ability to anticipate dangerous situations give strong technical competence and safety awareness, while their very good leadership qualities support effective crew cooperation. The main uncertainty is their difficulty accepting criticism and occasional disorganization, which could impact crew dynamics and flight planning.\nMETADATA_JSON:\n{\"agent\": \"agent_1\", \"vote\": \"Candidate A\"}"}
2026-05-17 04:01:28,181 - INFO - Agent turns: 3
2026-05-17 04:01:28,190 - INFO - Loop 1 completed
{"id": 6, "ts": 1778983288.196603, "event": "discussion_order", "round": 2, "order": ["agent_2", "agent_3", "agent_1"]}
2026-05-17 04:01:35,302 - INFO - Tokens - Input: 1733, Output: 945, Total: 2678
{"id": 7, "ts": 1778983295.303724, "event": "public_discussion_message", "round": 2, "agent": "agent_2", "message": "I now favor **Candidate\u202fD**. Their excellent problem\u2011solving ability, strong concentration, and serious sense of responsibility give them high technical competence and reliability, while their capacity to respond adequately to unexpected events supports calmness under pressure\u2014key for long\u2011distance flights. The main uncertainty is their hot temper and reputation as a know\u2011it\u2011all, which could undermine crew cooperation and cockpit atmosphere.\nMETADATA_JSON:\n{\"agent\": \"agent_2\", \"vote\": \"Candidate D\"}"}
2026-05-17 04:01:35,303 - INFO - Agent turns: 4
2026-05-17 04:01:42,025 - INFO - Tokens - Input: 1834, Output: 881, Total: 2715
{"id": 8, "ts": 1778983302.0272384, "event": "public_discussion_message", "round": 2, "agent": "agent_3", "message": "I continue to favor **Candidate\u202fB**. Their very conscientious nature and strong stress\u2011handling ability give high reliability and calmness under pressure, while their skill in assessing weather and excellent computer abilities provide solid technical competence for long\u2011distance operations. The main uncertainty is their pretentious attitude and occasional wrong tone, which could harm crew cooperation and cockpit atmosphere.\nMETADATA_JSON:\n{\"agent\": \"agent_3\", \"vote\": \"Candidate B\"}"}
2026-05-17 04:01:42,027 - INFO - Agent turns: 5
2026-05-17 04:01:47,539 - INFO - Tokens - Input: 1938, Output: 699, Total: 2637
{"id": 9, "ts": 1778983307.5408392, "event": "public_discussion_message", "round": 2, "agent": "agent_1", "message": "I continue to prefer **Candidate\u202fA**. Their excellent spatial vision, ability to anticipate dangerous situations, and strong leadership provide solid technical competence and crew coordination essential for long\u2011distance flights. The main uncertainty is their difficulty accepting criticism and occasional disorganization, which could affect crew dynamics and flight planning.\nMETADATA_JSON:\n{\"agent\": \"agent_1\", \"vote\": \"Candidate A\"}"}
2026-05-17 04:01:47,541 - INFO - Agent turns: 6
2026-05-17 04:01:47,550 - INFO - Loop 2 completed
{"id": 10, "ts": 1778983307.5573716, "event": "discussion_order", "round": 3, "order": ["agent_2", "agent_1", "agent_3"]}
2026-05-17 04:01:54,102 - INFO - Tokens - Input: 2029, Output: 839, Total: 2868
{"id": 11, "ts": 1778983314.1040394, "event": "public_discussion_message", "round": 3, "agent": "agent_2", "message": "I currently prefer **Candidate\u202fD**. Their exceptional problem\u2011solving ability, strong concentration, and serious sense of responsibility give them high technical competence and reliability, while their capacity to respond adequately to unexpected events supports calmness under pressure\u2014key for long\u2011distance flights. The main trade\u2011off is their hot temper and reputation as a know\u2011it\u2011all, which could undermine crew cooperation and cockpit atmosphere.\nMETADATA_JSON:\n{\"agent\": \"agent_2\", \"vote\": \"Candidate D\"}"}
2026-05-17 04:01:54,104 - INFO - Agent turns: 7
2026-05-17 04:02:00,245 - INFO - Tokens - Input: 2137, Output: 781, Total: 2918
{"id": 12, "ts": 1778983320.2476368, "event": "public_discussion_message", "round": 3, "agent": "agent_1", "message": "I continue to prefer **Candidate\u202fA**. Their excellent spatial vision and ability to anticipate dangerous situations give strong technical competence and safety awareness, while their very good leadership qualities support effective crew coordination. The main trade\u2011off is their difficulty accepting criticism and occasional disorganization, which could hinder crew dynamics and flight planning.\nMETADATA_JSON:\n{\"agent\": \"agent_1\", \"vote\": \"Candidate A\"}"}
2026-05-17 04:02:00,247 - INFO - Agent turns: 8
2026-05-17 04:02:06,168 - INFO - Tokens - Input: 2223, Output: 745, Total: 2968
{"id": 13, "ts": 1778983326.169622, "event": "public_discussion_message", "round": 3, "agent": "agent_3", "message": "I continue to favor **Candidate\u202fB**. Their very conscientious nature and strong ability to handle stress give high reliability and calmness under pressure, while their skill in assessing weather and excellent computer abilities provide solid technical competence for long\u2011distance operations. The main trade\u2011off is their pretentious attitude and occasional wrong tone, which could undermine crew cooperation and cockpit atmosphere.\nMETADATA_JSON:\n{\"agent\": \"agent_3\", \"vote\": \"Candidate B\"}"}
2026-05-17 04:02:06,169 - INFO - Agent turns: 9
2026-05-17 04:02:06,179 - INFO - Loop 3 completed
{"id": 14, "ts": 1778983326.1853921, "event": "discussion_order", "round": 4, "order": ["agent_2", "agent_1", "agent_3"]}
2026-05-17 04:02:11,935 - INFO - Tokens - Input: 2332, Output: 720, Total: 3052
{"id": 15, "ts": 1778983331.937114, "event": "public_discussion_message", "round": 4, "agent": "agent_2", "message": "I continue to prefer **Candidate\u202fD**. Their exceptional problem\u2011solving ability, strong concentration, and serious sense of responsibility give high technical competence and reliability, while their capacity to respond adequately to unexpected events supports calmness under pressure\u2014key for long\u2011distance flights. The main trade\u2011off is their hot temper and reputation as a know\u2011it\u2011all, which could undermine crew cooperation and cockpit atmosphere.\nMETADATA_JSON:\n{\"agent\": \"agent_2\", \"vote\": \"Candidate D\"}"}
2026-05-17 04:02:11,937 - INFO - Agent turns: 10
2026-05-17 04:02:19,464 - INFO - Tokens - Input: 2440, Output: 947, Total: 3387
{"id": 16, "ts": 1778983339.4656098, "event": "public_discussion_message", "round": 4, "agent": "agent_1", "message": "I continue to prefer **Candidate\u202fA**. Their excellent spatial vision and ability to anticipate dangerous situations give strong technical competence and safety awareness, while their very good leadership qualities support effective crew coordination on long\u2011distance flights. The main trade\u2011off is their difficulty accepting criticism and occasional disorganization, which could hinder crew dynamics and flight planning.\nMETADATA_JSON:\n{\"agent\": \"agent_1\", \"vote\": \"Candidate A\"}"}
2026-05-17 04:02:19,465 - INFO - Agent turns: 11
2026-05-17 04:02:26,028 - INFO - Tokens - Input: 2531, Output: 820, Total: 3351
{"id": 17, "ts": 1778983346.0299795, "event": "public_discussion_message", "round": 4, "agent": "agent_3", "message": "I continue to prefer **Candidate\u202fB**. Their very conscientious nature and strong ability to handle stress give high reliability and calmness under pressure, while their skill in assessing weather and excellent computer abilities provide solid technical competence for long\u2011distance operations. The main trade\u2011off is their pretentious attitude and occasional wrong tone, which could undermine crew cooperation and the cockpit atmosphere.\nMETADATA_JSON:\n{\"agent\": \"agent_3\", \"vote\": \"Candidate B\"}"}
2026-05-17 04:02:26,030 - INFO - Agent turns: 12
2026-05-17 04:02:26,039 - INFO - Loop 4 completed
{"id": 18, "ts": 1778983346.0458827, "event": "discussion_order", "round": 5, "order": ["agent_3", "agent_1", "agent_2"]}
2026-05-17 04:02:29,460 - INFO - Tokens - Input: 2633, Output: 412, Total: 3045
{"id": 19, "ts": 1778983349.462242, "event": "public_discussion_message", "round": 5, "agent": "agent_3", "message": "I continue to favor **Candidate\u202fB**. Their very conscientious nature and strong ability to handle stress give high reliability and calmness under pressure\u2014essential for long\u2011distance flights. In addition, their skill in assessing weather and excellent computer abilities provide solid technical competence for navigating complex routes. The main trade\u2011off is their pretentious attitude and occasional wrong tone, which could undermine crew cooperation and the cockpit atmosphere.\nMETADATA_JSON:\n{\"agent\": \"agent_3\", \"vote\": \"Candidate B\"}"}
2026-05-17 04:02:29,462 - INFO - Agent turns: 13
2026-05-17 04:02:35,327 - INFO - Tokens - Input: 2748, Output: 739, Total: 3487
{"id": 20, "ts": 1778983355.3291733, "event": "public_discussion_message", "round": 5, "agent": "agent_1", "message": "I continue to prefer **Candidate\u202fA**. Their excellent spatial vision and ability to anticipate dangerous situations give strong technical competence and safety awareness essential for long\u2011distance flights, and their very good leadership qualities support effective crew coordination. The main trade\u2011off is their difficulty accepting criticism and occasional disorganization, which could hinder crew dynamics and flight planning.\nMETADATA_JSON:\n{\"agent\": \"agent_1\", \"vote\": \"Candidate A\"}"}
2026-05-17 04:02:35,329 - INFO - Agent turns: 14
2026-05-17 04:02:45,944 - INFO - Tokens - Input: 2848, Output: 1359, Total: 4207
{"id": 21, "ts": 1778983365.9456708, "event": "public_discussion_message", "round": 5, "agent": "agent_2", "message": "I continue to prefer **Candidate\u202fD**. Their exceptional problem\u2011solving ability, strong concentration, and serious sense of responsibility give them high technical competence and reliability, while their capacity to respond adequately to unexpected events supports calmness under pressure\u2014key for long\u2011distance flights. The main trade\u2011off is their hot temper and reputation as a know\u2011it\u2011all, which could jeopardize crew cooperation and cockpit atmosphere.\nMETADATA_JSON:\n{\"agent\": \"agent_2\", \"vote\": \"Candidate D\"}"}
2026-05-17 04:02:45,945 - INFO - Agent turns: 15
2026-05-17 04:02:45,955 - INFO - Loop 5 completed
2026-05-17 04:02:45,955 - INFO - Final Chosen Candidate: None
2026-05-17 04:02:45,956 - INFO - Final Decision Method: max_round_no_majority
2026-05-17 04:02:45,956 - INFO - Final Vote Count: {'Candidate A': 1, 'Candidate D': 1, 'Candidate B': 1}
2026-05-17 04:02:45,956 - INFO - Correct Candidate: Candidate C
2026-05-17 04:02:45,956 - INFO - Decision Correct: 0
{"id": 22, "ts": 1778983365.9578576, "event": "context_consistency_not_applicable", "reason": "explicit_smm_memory_disabled"}
{"id": 23, "ts": 1778983365.9580193, "event": "final_decision", "candidate": null, "method": "max_round_no_majority", "vote_count": {"Candidate A": 1, "Candidate D": 1, "Candidate B": 1}, "correct_candidate": "Candidate C", "decision_correct": 0, "round": 5}
2026-05-17 04:02:45,965 - INFO - ======================================================================
2026-05-17 04:02:45,966 - INFO - SIMULATION METRICS
2026-05-17 04:02:45,966 - INFO - ======================================================================
2026-05-17 04:02:45,966 - INFO - Total Loops: 5
2026-05-17 04:02:45,966 - INFO - Agent Turns (no vote checker): 15
2026-05-17 04:02:45,966 - INFO - Agent Tool Calls: 0
2026-05-17 04:02:45,966 - INFO - Agent Tool Messages: 0
2026-05-17 04:02:45,966 - INFO - Memory Updates: 0
2026-05-17 04:02:45,966 - INFO - Total Messages (no vote checker): 15
2026-05-17 04:02:45,966 - INFO - Input Tokens: 32045
2026-05-17 04:02:45,966 - INFO - Output Tokens: 12398
2026-05-17 04:02:45,966 - INFO - Total Tokens: 44443
2026-05-17 04:02:45,966 - INFO - Final Chosen Candidate: None
2026-05-17 04:02:45,966 - INFO - Final Decision Method: max_round_no_majority
2026-05-17 04:02:45,967 - INFO - Final Vote Count: {'Candidate A': 1, 'Candidate D': 1, 'Candidate B': 1}
2026-05-17 04:02:45,967 - INFO - Correct Candidate: Candidate C
2026-05-17 04:02:45,967 - INFO - Decision Correct: 0
2026-05-17 04:02:45,967 - INFO - Runtime: 97.98s
2026-05-17 04:02:45,967 - INFO - ======================================================================
